<testsuite errors="0" failures="0" tests="5" skipped="0" name="org.elasticsearch.indices.store.IndicesStoreIntegrationIT" hostname="nohost.nodomain" time="24.625" timestamp="2016-03-30T23:01:57">
   <properties class="java.util.ArrayList">
      <property name="awt.toolkit" value="sun.lwawt.macosx.LWCToolkit"/>
      <property name="es.logger.level" value="WARN"/>
      <property name="file.encoding" value="UTF-8"/>
      <property name="file.encoding.pkg" value="sun.io"/>
      <property name="file.separator" value="/"/>
      <property name="ftp.nonProxyHosts" value="local|*.local|169.254/16|*.169.254/16"/>
      <property name="gopherProxySet" value="false"/>
      <property name="http.nonProxyHosts" value="local|*.local|169.254/16|*.169.254/16"/>
      <property name="java.awt.graphicsenv" value="sun.awt.CGraphicsEnvironment"/>
      <property name="java.awt.headless" value="true"/>
      <property name="java.awt.printerjob" value="sun.lwawt.macosx.CPrinterJob"/>
      <property name="java.class.path" value="/Users/brijeshs/Documents/elasticsearch_sort_netbeans/elasticsearch/core/build/classes/test:/Users/brijeshs/Documents/elasticsearch_sort_netbeans/elasticsearch/core/build/resources/test:/Users/brijeshs/Documents/elasticsearch_sort_netbeans/elasticsearch/core/build/classes/main:/Users/brijeshs/Documents/elasticsearch_sort_netbeans/elasticsearch/core/build/resources/main:/Users/brijeshs/.gradle/caches/modules-2/files-2.1/org.apache.lucene/lucene-core/5.4.0-snapshot-1715952/84685d37a34b4d87e2928566ed266a7f005ca67d/lucene-core-5.4.0-snapshot-1715952.jar:/Users/brijeshs/.gradle/caches/modules-2/files-2.1/org.apache.lucene/lucene-analyzers-common/5.4.0-snapshot-1715952/feaf885ed4155fb7202c1f90ac2eb40503961efc/lucene-analyzers-common-5.4.0-snapshot-1715952.jar:/Users/brijeshs/.gradle/caches/modules-2/files-2.1/org.apache.lucene/lucene-backward-codecs/5.4.0-snapshot-1715952/5b5b5c950b4fcac38cf48fab911f75da61e780fa/lucene-backward-codecs-5.4.0-snapshot-1715952.jar:/Users/brijeshs/.gradle/caches/modules-2/files-2.1/org.apache.lucene/lucene-grouping/5.4.0-snapshot-1715952/ff92011208ed5c28f041acc37bd77728a89fc6a5/lucene-grouping-5.4.0-snapshot-1715952.jar:/Users/brijeshs/.gradle/caches/modules-2/files-2.1/org.apache.lucene/lucene-highlighter/5.4.0-snapshot-1715952/5d46f26a6cb36aede89b8728b6fcbc427d4f9416/lucene-highlighter-5.4.0-snapshot-1715952.jar:/Users/brijeshs/.gradle/caches/modules-2/files-2.1/org.apache.lucene/lucene-join/5.4.0-snapshot-1715952/726ea07bbfdfbfbee80522353496fc6667dc33c9/lucene-join-5.4.0-snapshot-1715952.jar:/Users/brijeshs/.gradle/caches/modules-2/files-2.1/org.apache.lucene/lucene-memory/5.4.0-snapshot-1715952/d8d7a7b573a4cfc54745a126e905ccfd523b7a24/lucene-memory-5.4.0-snapshot-1715952.jar:/Users/brijeshs/.gradle/caches/modules-2/files-2.1/org.apache.lucene/lucene-misc/5.4.0-snapshot-1715952/cd9d4fb4492bd2680cea2f038a051311329f6443/lucene-misc-5.4.0-snapshot-1715952.jar:/Users/brijeshs/.gradle/caches/modules-2/files-2.1/org.apache.lucene/lucene-queries/5.4.0-snapshot-1715952/a1a04d191443e51f992ed3dd02d0e14fd48493c9/lucene-queries-5.4.0-snapshot-1715952.jar:/Users/brijeshs/.gradle/caches/modules-2/files-2.1/org.apache.lucene/lucene-queryparser/5.4.0-snapshot-1715952/c4d34b29b8b14ad3deb300a6d699e9d8965a3c2c/lucene-queryparser-5.4.0-snapshot-1715952.jar:/Users/brijeshs/.gradle/caches/modules-2/files-2.1/org.apache.lucene/lucene-sandbox/5.4.0-snapshot-1715952/bf45dbd653d66ce9d2c3f19b69997b8098d8b416/lucene-sandbox-5.4.0-snapshot-1715952.jar:/Users/brijeshs/.gradle/caches/modules-2/files-2.1/org.apache.lucene/lucene-spatial/5.4.0-snapshot-1715952/2bddfda70f5c657064d12860b03c2cd8a5029bfc/lucene-spatial-5.4.0-snapshot-1715952.jar:/Users/brijeshs/.gradle/caches/modules-2/files-2.1/org.apache.lucene/lucene-spatial3d/5.4.0-snapshot-1715952/881b8cd571fb3ccdcc69f1316468d816812513fb/lucene-spatial3d-5.4.0-snapshot-1715952.jar:/Users/brijeshs/.gradle/caches/modules-2/files-2.1/org.apache.lucene/lucene-suggest/5.4.0-snapshot-1715952/466e2bc02f45f04cbf516e5df78b9c2ebd99e944/lucene-suggest-5.4.0-snapshot-1715952.jar:/Users/brijeshs/.gradle/caches/modules-2/files-2.1/org.elasticsearch/securesm/1.0/c0c6cf986ba0057390bfcc80c366a0e3157f944b/securesm-1.0.jar:/Users/brijeshs/.gradle/caches/modules-2/files-2.1/commons-cli/commons-cli/1.3.1/1303efbc4b181e5a58bf2e967dc156a3132b97c0/commons-cli-1.3.1.jar:/Users/brijeshs/.gradle/caches/modules-2/files-2.1/com.carrotsearch/hppc/0.7.1/8b5057f74ea378c0150a1860874a3ebdcb713767/hppc-0.7.1.jar:/Users/brijeshs/.gradle/caches/modules-2/files-2.1/joda-time/joda-time/2.8.2/d27c24204c5e507b16fec01006b3d0f1ec42aed4/joda-time-2.8.2.jar:/Users/brijeshs/.gradle/caches/modules-2/files-2.1/org.joda/joda-convert/1.2/35ec554f0cd00c956cc69051514d9488b1374dec/joda-convert-1.2.jar:/Users/brijeshs/.gradle/caches/modules-2/files-2.1/com.fasterxml.jackson.core/jackson-core/2.6.2/123f29333b2c6b3516b14252b6e93226bfcd6e37/jackson-core-2.6.2.jar:/Users/brijeshs/.gradle/caches/modules-2/files-2.1/com.fasterxml.jackson.dataformat/jackson-dataformat-smile/2.6.2/395d18c1a1dd730b8026ee59c4067e5d2b45ba6e/jackson-dataformat-smile-2.6.2.jar:/Users/brijeshs/.gradle/caches/modules-2/files-2.1/com.fasterxml.jackson.dataformat/jackson-dataformat-yaml/2.6.2/4ae23088dd3fae47c66843f2e4251d7255ee140e/jackson-dataformat-yaml-2.6.2.jar:/Users/brijeshs/.gradle/caches/modules-2/files-2.1/com.fasterxml.jackson.dataformat/jackson-dataformat-cbor/2.6.2/1e13c575f914c83761bb8e2aca7dfd9e4c647579/jackson-dataformat-cbor-2.6.2.jar:/Users/brijeshs/.gradle/caches/modules-2/files-2.1/io.netty/netty/3.10.5.Final/9ca7d55d246092bddd29b867706e2f6c7db701a0/netty-3.10.5.Final.jar:/Users/brijeshs/.gradle/caches/modules-2/files-2.1/com.tdunning/t-digest/3.0/84ccf145ac2215e6bfa63baa3101c0af41017cfc/t-digest-3.0.jar:/Users/brijeshs/.gradle/caches/modules-2/files-2.1/org.hdrhistogram/HdrHistogram/2.1.6/7495feb7f71ee124bd2a7e7d83590e296d71d80e/HdrHistogram-2.1.6.jar:/Users/brijeshs/.gradle/caches/modules-2/files-2.1/com.spatial4j/spatial4j/0.5/6e16edaf6b1ba76db7f08c2f3723fce3b358ecc3/spatial4j-0.5.jar:/Users/brijeshs/.gradle/caches/modules-2/files-2.1/com.vividsolutions/jts/1.13/3ccfb9b60f04d71add996a666ceb8902904fd805/jts-1.13.jar:/Users/brijeshs/.gradle/caches/modules-2/files-2.1/log4j/log4j/1.2.17/5af35056b4d257e4b64b9e8069c0746e8b08629f/log4j-1.2.17.jar:/Users/brijeshs/.gradle/caches/modules-2/files-2.1/log4j/apache-log4j-extras/1.2.17/85863614d82185d7e51fe21c00aa9117a523a8b6/apache-log4j-extras-1.2.17.jar:/Users/brijeshs/.gradle/caches/modules-2/files-2.1/org.slf4j/slf4j-api/1.6.2/8619e95939167fb37245b5670135e4feb0ec7d50/slf4j-api-1.6.2.jar:/Users/brijeshs/.gradle/caches/modules-2/files-2.1/net.java.dev.jna/jna/4.1.0/1c12d070e602efd8021891cdd7fd18bc129372d4/jna-4.1.0.jar:/Users/brijeshs/Documents/elasticsearch_sort_netbeans/elasticsearch/test-framework/build/libs/test-framework-3.0.0-SNAPSHOT.jar:/Users/brijeshs/.gradle/caches/modules-2/files-2.1/com.carrotsearch.randomizedtesting/randomizedtesting-runner/2.2.0/60de504132241be049564a3a34fd7dcc296e2ef0/randomizedtesting-runner-2.2.0.jar:/Users/brijeshs/.gradle/caches/modules-2/files-2.1/junit/junit/4.11/4e031bb61df09069aeb2bffb4019e7a5034a4ee0/junit-4.11.jar:/Users/brijeshs/.gradle/caches/modules-2/files-2.1/org.hamcrest/hamcrest-all/1.3/63a21ebc981131004ad02e0434e799fd7f3a8d5a/hamcrest-all-1.3.jar:/Users/brijeshs/.gradle/caches/modules-2/files-2.1/org.apache.lucene/lucene-test-framework/5.4.0-snapshot-1715952/ae3156d5a2526b1b48ca821765cf7cd53faecef5/lucene-test-framework-5.4.0-snapshot-1715952.jar:/Users/brijeshs/.gradle/caches/modules-2/files-2.1/org.apache.lucene/lucene-codecs/5.4.0-snapshot-1715952/7b94152f1c9fd7ecb384fc9602318f74a4463a65/lucene-codecs-5.4.0-snapshot-1715952.jar:/Users/brijeshs/.gradle/caches/modules-2/files-2.1/org.apache.httpcomponents/httpclient/4.3.6/4c47155e3e6c9a41a28db36680b828ced53b8af4/httpclient-4.3.6.jar:/Users/brijeshs/.gradle/caches/modules-2/files-2.1/org.apache.httpcomponents/httpcore/4.3.3/f91b7a4aadc5cf486df6e4634748d7dd7a73f06d/httpcore-4.3.3.jar:/Users/brijeshs/.gradle/caches/modules-2/files-2.1/commons-logging/commons-logging/1.1.3/f6f66e966c70a83ffbdb6f17a0919eaf7c8aca7f/commons-logging-1.1.3.jar:/Users/brijeshs/.gradle/caches/modules-2/files-2.1/commons-codec/commons-codec/1.10/4b95f4897fa13f2cd904aee711aeafc0c5295cd8/commons-codec-1.10.jar:/Users/brijeshs/.gradle/caches/modules-2/files-2.1/com.carrotsearch.randomizedtesting/junit4-ant/2.2.0/d401c9c729deccd5db8a5df3102eb18793c2224/junit4-ant-2.2.0.jar"/>
      <property name="java.class.version" value="52.0"/>
      <property name="java.endorsed.dirs" value="/Library/Java/JavaVirtualMachines/jdk1.8.0_40.jdk/Contents/Home/jre/lib/endorsed"/>
      <property name="java.ext.dirs" value="/Users/brijeshs/Library/Java/Extensions:/Library/Java/JavaVirtualMachines/jdk1.8.0_40.jdk/Contents/Home/jre/lib/ext:/Library/Java/Extensions:/Network/Library/Java/Extensions:/System/Library/Java/Extensions:/usr/lib/java"/>
      <property name="java.home" value="/Library/Java/JavaVirtualMachines/jdk1.8.0_40.jdk/Contents/Home/jre"/>
      <property name="java.io.tmpdir" value="./temp"/>
      <property name="java.library.path" value="/Applications/NetBeans/NetBeans 8.1.app/Contents/Resources/NetBeans/webcommon/bin::/Users/brijeshs/Library/Java/Extensions:/Library/Java/Extensions:/Network/Library/Java/Extensions:/System/Library/Java/Extensions:/usr/lib/java:."/>
      <property name="java.runtime.name" value="Java(TM) SE Runtime Environment"/>
      <property name="java.runtime.version" value="1.8.0_40-b25"/>
      <property name="java.specification.name" value="Java Platform API Specification"/>
      <property name="java.specification.vendor" value="Oracle Corporation"/>
      <property name="java.specification.version" value="1.8"/>
      <property name="java.vendor" value="Oracle Corporation"/>
      <property name="java.vendor.url" value="http://java.oracle.com/"/>
      <property name="java.vendor.url.bug" value="http://bugreport.sun.com/bugreport/"/>
      <property name="java.version" value="1.8.0_40"/>
      <property name="java.vm.info" value="mixed mode"/>
      <property name="java.vm.name" value="Java HotSpot(TM) 64-Bit Server VM"/>
      <property name="java.vm.specification.name" value="Java Virtual Machine Specification"/>
      <property name="java.vm.specification.vendor" value="Oracle Corporation"/>
      <property name="java.vm.specification.version" value="1.8"/>
      <property name="java.vm.vendor" value="Oracle Corporation"/>
      <property name="java.vm.version" value="25.40-b25"/>
      <property name="junit4.childvm.count" value="4"/>
      <property name="junit4.childvm.cwd" value="/Users/brijeshs/Documents/elasticsearch_sort_netbeans/elasticsearch/core/build/testrun/integTest/J3"/>
      <property name="junit4.childvm.id" value="3"/>
      <property name="junit4.memory.total" value="514850816"/>
      <property name="junit4.pidString" value="3329@BrijeshS-2.fios-router.home"/>
      <property name="junit4.processors" value="8"/>
      <property name="line.separator" value="
"/>
      <property name="os.arch" value="x86_64"/>
      <property name="os.name" value="Mac OS X"/>
      <property name="os.version" value="10.10.5"/>
      <property name="path.separator" value=":"/>
      <property name="socksNonProxyHosts" value="local|*.local|169.254/16|*.169.254/16"/>
      <property name="sun.arch.data.model" value="64"/>
      <property name="sun.boot.class.path" value="/Library/Java/JavaVirtualMachines/jdk1.8.0_40.jdk/Contents/Home/jre/lib/resources.jar:/Library/Java/JavaVirtualMachines/jdk1.8.0_40.jdk/Contents/Home/jre/lib/rt.jar:/Library/Java/JavaVirtualMachines/jdk1.8.0_40.jdk/Contents/Home/jre/lib/sunrsasign.jar:/Library/Java/JavaVirtualMachines/jdk1.8.0_40.jdk/Contents/Home/jre/lib/jsse.jar:/Library/Java/JavaVirtualMachines/jdk1.8.0_40.jdk/Contents/Home/jre/lib/jce.jar:/Library/Java/JavaVirtualMachines/jdk1.8.0_40.jdk/Contents/Home/jre/lib/charsets.jar:/Library/Java/JavaVirtualMachines/jdk1.8.0_40.jdk/Contents/Home/jre/lib/jfr.jar:/Library/Java/JavaVirtualMachines/jdk1.8.0_40.jdk/Contents/Home/jre/classes"/>
      <property name="sun.boot.library.path" value="/Library/Java/JavaVirtualMachines/jdk1.8.0_40.jdk/Contents/Home/jre/lib"/>
      <property name="sun.cpu.endian" value="little"/>
      <property name="sun.cpu.isalist" value=""/>
      <property name="sun.io.unicode.encoding" value="UnicodeBig"/>
      <property name="sun.java.command" value="com.carrotsearch.ant.tasks.junit4.slave.SlaveMainSafe -eventsfile /Users/brijeshs/Documents/elasticsearch_sort_netbeans/elasticsearch/core/build/testrun/integTest/temp/junit4-J3-20160330_225751_012.events @/Users/brijeshs/Documents/elasticsearch_sort_netbeans/elasticsearch/core/build/testrun/integTest/temp/junit4-J3-20160330_225751_012.suites -stdin"/>
      <property name="sun.java.launcher" value="SUN_STANDARD"/>
      <property name="sun.jnu.encoding" value="UTF-8"/>
      <property name="sun.management.compiler" value="HotSpot 64-Bit Tiered Compilers"/>
      <property name="sun.os.patch.level" value="unknown"/>
      <property name="tests.artifact" value="core"/>
      <property name="tests.ifNoTests" value="fail"/>
      <property name="tests.maven" value="true"/>
      <property name="tests.prefix" value="tests"/>
      <property name="tests.security.manager" value="true"/>
      <property name="tests.seed" value="9744F55C17012246"/>
      <property name="tests.task" value=":core:integTest"/>
      <property name="user.country" value="US"/>
      <property name="user.dir" value="/Users/brijeshs/Documents/elasticsearch_sort_netbeans/elasticsearch/core/build/testrun/integTest/J3"/>
      <property name="user.home" value="/Users/brijeshs"/>
      <property name="user.language" value="en"/>
      <property name="user.name" value="brijeshs"/>
      <property name="user.timezone" value="America/Los_Angeles"/>
   </properties>
   <testcase classname="org.elasticsearch.indices.store.IndicesStoreIntegrationIT" name="testShardsCleanup" time="0.634"/>
   <testcase classname="org.elasticsearch.indices.store.IndicesStoreIntegrationIT" name="testShardActiveElsewhereDoesNotDeleteAnother" time="1.769"/>
   <testcase classname="org.elasticsearch.indices.store.IndicesStoreIntegrationIT" name="testIndexCleanup" time="0.762"/>
   <testcase classname="org.elasticsearch.indices.store.IndicesStoreIntegrationIT" name="testShardCleanupIfShardDeletionAfterRelocationFailedAndIndexDeleted" time="0.475"/>
   <testcase classname="org.elasticsearch.indices.store.IndicesStoreIntegrationIT" name="testShardActiveElseWhere" time="20.823"/>
   <system-out><![CDATA[[2016-03-30 23:01:58,266][TRACE][org.elasticsearch.cluster.service] [node_t0] will process [local-disco-initial_connect(master)]
[2016-03-30 23:01:58,266][DEBUG][org.elasticsearch.cluster.service] [node_t0] processing [local-disco-initial_connect(master)]: execute
[2016-03-30 23:01:58,267][TRACE][org.elasticsearch.cluster.service] [node_t0] cluster state updated, source [local-disco-initial_connect(master)]
version: 1
state uuid: ToNSSSgCRpOV72L0-7wNGw
from_diff: false
meta data version: 0
blocks: 
   _global_:
      1,state not recovered / initialized, blocks READ,WRITE,METADATA_READ,METADATA_WRITE
nodes: 
   {node_t0}{UjOsuvjjTaSUJkafxhPFgQ}{local}{local[220]}[master=>true, mode=>local, data=>false], local, master
routing_table (version 0):
routing_nodes:
---- unassigned

[2016-03-30 23:01:58,267][INFO ][org.elasticsearch.cluster.service] [node_t0] new_master {node_t0}{UjOsuvjjTaSUJkafxhPFgQ}{local}{local[220]}[master=>true, mode=>local, data=>false], reason: local-disco-initial_connect(master)
[2016-03-30 23:01:58,267][DEBUG][org.elasticsearch.cluster.service] [node_t0] publishing cluster state version [1]
[2016-03-30 23:01:58,267][DEBUG][org.elasticsearch.cluster.service] [node_t0] set local cluster state to version 1
[2016-03-30 23:01:58,267][DEBUG][org.elasticsearch.cluster.service] [node_t0] processing [local-disco-initial_connect(master)]: took 1ms done applying updated cluster_state (version: 1, uuid: ToNSSSgCRpOV72L0-7wNGw)
[2016-03-30 23:01:58,268][TRACE][org.elasticsearch.cluster.service] [node_t0] will process [gateway_initial_state_recovery]
[2016-03-30 23:01:58,268][DEBUG][org.elasticsearch.cluster.service] [node_t0] processing [gateway_initial_state_recovery]: execute
[2016-03-30 23:01:58,268][DEBUG][org.elasticsearch.cluster.service] [node_t0] processing [gateway_initial_state_recovery]: took 0s no change in cluster_state
[2016-03-30 23:01:58,269][TRACE][org.elasticsearch.cluster.service] [node_t0] will process [local-gateway-elected-state]
[2016-03-30 23:01:58,269][DEBUG][org.elasticsearch.cluster.service] [node_t0] processing [local-gateway-elected-state]: execute
[2016-03-30 23:01:58,269][TRACE][org.elasticsearch.cluster.service] [node_t0] cluster state updated, source [local-gateway-elected-state]
version: 2
state uuid: o0L-n0NDQwGzW-6toVQInQ
from_diff: false
meta data version: 1
nodes: 
   {node_t0}{UjOsuvjjTaSUJkafxhPFgQ}{local}{local[220]}[master=>true, mode=>local, data=>false], local, master
routing_table (version 1):
routing_nodes:
---- unassigned

[2016-03-30 23:01:58,270][DEBUG][org.elasticsearch.cluster.service] [node_t0] publishing cluster state version [2]
[2016-03-30 23:01:58,270][DEBUG][org.elasticsearch.cluster.service] [node_t0] set local cluster state to version 2
[2016-03-30 23:01:58,275][DEBUG][org.elasticsearch.cluster.service] [node_t0] processing [local-gateway-elected-state]: took 5ms done applying updated cluster_state (version: 2, uuid: o0L-n0NDQwGzW-6toVQInQ)
[2016-03-30 23:01:58,323][TRACE][org.elasticsearch.cluster.service] [node_t0] will process [local-disco-receive(from node[{node_t1}{ABvR8raGRuS_s0xvV8c6Dg}{local}{local[221]}[master=>false, mode=>local]])]
[2016-03-30 23:01:58,323][TRACE][org.elasticsearch.cluster.service] [node_t1] will process [local-disco(detected_master)]
[2016-03-30 23:01:58,323][DEBUG][org.elasticsearch.cluster.service] [node_t0] processing [local-disco-receive(from node[{node_t1}{ABvR8raGRuS_s0xvV8c6Dg}{local}{local[221]}[master=>false, mode=>local]])]: execute
[2016-03-30 23:01:58,324][DEBUG][org.elasticsearch.cluster.service] [node_t1] processing [local-disco(detected_master)]: execute
[2016-03-30 23:01:58,324][TRACE][org.elasticsearch.cluster.service] [node_t1] cluster state updated, source [local-disco(detected_master)]
version: 0
state uuid: Y9qdm3-qTTyI6Dl1lmvnvQ
from_diff: false
meta data version: 1
blocks: 
   _global_:
      1,state not recovered / initialized, blocks READ,WRITE,METADATA_READ,METADATA_WRITE      2,no master, blocks WRITE,METADATA_WRITE
nodes: 
   {node_t1}{ABvR8raGRuS_s0xvV8c6Dg}{local}{local[221]}[master=>false, mode=>local], local
routing_table (version 0):
routing_nodes:
-----node_id[ABvR8raGRuS_s0xvV8c6Dg][V]
---- unassigned

[2016-03-30 23:01:58,324][TRACE][org.elasticsearch.cluster.service] [node_t0] cluster state updated, source [local-disco-receive(from node[{node_t1}{ABvR8raGRuS_s0xvV8c6Dg}{local}{local[221]}[master=>false, mode=>local]])]
version: 3
state uuid: 4aZ7fDvVTP6kBAR9RYQ-gA
from_diff: false
meta data version: 1
nodes: 
   {node_t0}{UjOsuvjjTaSUJkafxhPFgQ}{local}{local[220]}[master=>true, mode=>local, data=>false], local, master
   {node_t1}{ABvR8raGRuS_s0xvV8c6Dg}{local}{local[221]}[master=>false, mode=>local]
routing_table (version 1):
routing_nodes:
-----node_id[ABvR8raGRuS_s0xvV8c6Dg][V]
---- unassigned

[2016-03-30 23:01:58,324][DEBUG][org.elasticsearch.cluster.service] [node_t1] set local cluster state to version 0
[2016-03-30 23:01:58,325][INFO ][org.elasticsearch.cluster.service] [node_t0] added {{node_t1}{ABvR8raGRuS_s0xvV8c6Dg}{local}{local[221]}[master=>false, mode=>local],}, reason: local-disco-receive(from node[{node_t1}{ABvR8raGRuS_s0xvV8c6Dg}{local}{local[221]}[master=>false, mode=>local]])
[2016-03-30 23:01:58,325][DEBUG][org.elasticsearch.cluster.service] [node_t1] processing [local-disco(detected_master)]: took 0s done applying updated cluster_state (version: 0, uuid: Y9qdm3-qTTyI6Dl1lmvnvQ)
[2016-03-30 23:01:58,325][DEBUG][org.elasticsearch.cluster.service] [node_t0] publishing cluster state version [3]
[2016-03-30 23:01:58,326][TRACE][org.elasticsearch.cluster.service] [node_t1] will process [local-disco-receive(from master)]
[2016-03-30 23:01:58,326][DEBUG][org.elasticsearch.cluster.service] [node_t1] processing [local-disco-receive(from master)]: execute
[2016-03-30 23:01:58,326][TRACE][org.elasticsearch.cluster.service] [node_t1] cluster state updated, source [local-disco-receive(from master)]
version: 3
state uuid: 4aZ7fDvVTP6kBAR9RYQ-gA
from_diff: false
meta data version: 1
nodes: 
   {node_t0}{UjOsuvjjTaSUJkafxhPFgQ}{local}{local[220]}[mode=>local, master=>true, data=>false], master
   {node_t1}{ABvR8raGRuS_s0xvV8c6Dg}{local}{local[221]}[master=>false, mode=>local], local
routing_table (version 1):
routing_nodes:
-----node_id[ABvR8raGRuS_s0xvV8c6Dg][V]
---- unassigned

[2016-03-30 23:01:58,326][INFO ][org.elasticsearch.cluster.service] [node_t1] detected_master {node_t0}{UjOsuvjjTaSUJkafxhPFgQ}{local}{local[220]}[mode=>local, master=>true, data=>false], added {{node_t0}{UjOsuvjjTaSUJkafxhPFgQ}{local}{local[220]}[mode=>local, master=>true, data=>false],}, reason: local-disco-receive(from master)
[2016-03-30 23:01:58,327][DEBUG][org.elasticsearch.cluster.service] [node_t1] set local cluster state to version 3
[2016-03-30 23:01:58,333][DEBUG][org.elasticsearch.cluster.service] [node_t1] processing [local-disco-receive(from master)]: took 6ms done applying updated cluster_state (version: 3, uuid: 4aZ7fDvVTP6kBAR9RYQ-gA)
[2016-03-30 23:01:58,333][DEBUG][org.elasticsearch.cluster.service] [node_t0] set local cluster state to version 3
[2016-03-30 23:01:58,334][DEBUG][org.elasticsearch.cluster.service] [node_t0] processing [local-disco-receive(from node[{node_t1}{ABvR8raGRuS_s0xvV8c6Dg}{local}{local[221]}[master=>false, mode=>local]])]: took 9ms done applying updated cluster_state (version: 3, uuid: 4aZ7fDvVTP6kBAR9RYQ-gA)
[2016-03-30 23:01:58,334][TRACE][org.elasticsearch.cluster.service] [node_t0] will process [cluster_reroute(post_node_add)]
[2016-03-30 23:01:58,334][DEBUG][org.elasticsearch.cluster.service] [node_t0] processing [cluster_reroute(post_node_add)]: execute
[2016-03-30 23:01:58,334][DEBUG][org.elasticsearch.cluster.service] [node_t0] processing [cluster_reroute(post_node_add)]: took 0s no change in cluster_state
[2016-03-30 23:01:58,334][TRACE][org.elasticsearch.cluster.service] [node_t1] will process [gateway_initial_state_recovery]
[2016-03-30 23:01:58,334][DEBUG][org.elasticsearch.cluster.service] [node_t1] processing [gateway_initial_state_recovery]: execute
[2016-03-30 23:01:58,335][DEBUG][org.elasticsearch.cluster.service] [node_t1] processing [gateway_initial_state_recovery]: took 0s no change in cluster_state
[2016-03-30 23:01:58,390][TRACE][org.elasticsearch.cluster.service] [node_t0] will process [local-disco-receive(from node[{node_t2}{MtrhcOgYRbSrDs6bCp85_Q}{local}{local[222]}[master=>false, mode=>local]])]
[2016-03-30 23:01:58,390][TRACE][org.elasticsearch.cluster.service] [node_t2] will process [local-disco(detected_master)]
[2016-03-30 23:01:58,390][DEBUG][org.elasticsearch.cluster.service] [node_t0] processing [local-disco-receive(from node[{node_t2}{MtrhcOgYRbSrDs6bCp85_Q}{local}{local[222]}[master=>false, mode=>local]])]: execute
[2016-03-30 23:01:58,390][DEBUG][org.elasticsearch.cluster.service] [node_t2] processing [local-disco(detected_master)]: execute
[2016-03-30 23:01:58,390][TRACE][org.elasticsearch.cluster.service] [node_t0] cluster state updated, source [local-disco-receive(from node[{node_t2}{MtrhcOgYRbSrDs6bCp85_Q}{local}{local[222]}[master=>false, mode=>local]])]
version: 4
state uuid: 4AinOLwLQjuBQB83rqKFsA
from_diff: false
meta data version: 1
nodes: 
   {node_t0}{UjOsuvjjTaSUJkafxhPFgQ}{local}{local[220]}[master=>true, mode=>local, data=>false], local, master
   {node_t1}{ABvR8raGRuS_s0xvV8c6Dg}{local}{local[221]}[master=>false, mode=>local]
   {node_t2}{MtrhcOgYRbSrDs6bCp85_Q}{local}{local[222]}[master=>false, mode=>local]
routing_table (version 1):
routing_nodes:
-----node_id[ABvR8raGRuS_s0xvV8c6Dg][V]
-----node_id[MtrhcOgYRbSrDs6bCp85_Q][V]
---- unassigned

[2016-03-30 23:01:58,390][TRACE][org.elasticsearch.cluster.service] [node_t2] cluster state updated, source [local-disco(detected_master)]
version: 0
state uuid: o4aX8XB_Qc6LCWhMsWRlDg
from_diff: false
meta data version: 1
blocks: 
   _global_:
      1,state not recovered / initialized, blocks READ,WRITE,METADATA_READ,METADATA_WRITE      2,no master, blocks WRITE,METADATA_WRITE
nodes: 
   {node_t2}{MtrhcOgYRbSrDs6bCp85_Q}{local}{local[222]}[master=>false, mode=>local], local
routing_table (version 0):
routing_nodes:
-----node_id[MtrhcOgYRbSrDs6bCp85_Q][V]
---- unassigned

[2016-03-30 23:01:58,391][INFO ][org.elasticsearch.cluster.service] [node_t0] added {{node_t2}{MtrhcOgYRbSrDs6bCp85_Q}{local}{local[222]}[master=>false, mode=>local],}, reason: local-disco-receive(from node[{node_t2}{MtrhcOgYRbSrDs6bCp85_Q}{local}{local[222]}[master=>false, mode=>local]])
[2016-03-30 23:01:58,391][DEBUG][org.elasticsearch.cluster.service] [node_t2] set local cluster state to version 0
[2016-03-30 23:01:58,392][DEBUG][org.elasticsearch.cluster.service] [node_t0] publishing cluster state version [4]
[2016-03-30 23:01:58,392][DEBUG][org.elasticsearch.cluster.service] [node_t2] processing [local-disco(detected_master)]: took 1ms done applying updated cluster_state (version: 0, uuid: o4aX8XB_Qc6LCWhMsWRlDg)
[2016-03-30 23:01:58,392][TRACE][org.elasticsearch.cluster.service] [node_t1] will process [local-disco-receive(from master)]
[2016-03-30 23:01:58,392][DEBUG][org.elasticsearch.cluster.service] [node_t1] processing [local-disco-receive(from master)]: execute
[2016-03-30 23:01:58,392][TRACE][org.elasticsearch.cluster.service] [node_t2] will process [local-disco-receive(from master)]
[2016-03-30 23:01:58,392][DEBUG][org.elasticsearch.cluster.service] [node_t2] processing [local-disco-receive(from master)]: execute
[2016-03-30 23:01:58,392][TRACE][org.elasticsearch.cluster.service] [node_t1] cluster state updated, source [local-disco-receive(from master)]
version: 4
state uuid: 4AinOLwLQjuBQB83rqKFsA
from_diff: false
meta data version: 1
nodes: 
   {node_t0}{UjOsuvjjTaSUJkafxhPFgQ}{local}{local[220]}[mode=>local, data=>false, master=>true], master
   {node_t1}{ABvR8raGRuS_s0xvV8c6Dg}{local}{local[221]}[master=>false, mode=>local], local
   {node_t2}{MtrhcOgYRbSrDs6bCp85_Q}{local}{local[222]}[mode=>local, master=>false]
routing_table (version 1):
routing_nodes:
-----node_id[ABvR8raGRuS_s0xvV8c6Dg][V]
-----node_id[MtrhcOgYRbSrDs6bCp85_Q][V]
---- unassigned

[2016-03-30 23:01:58,392][TRACE][org.elasticsearch.cluster.service] [node_t2] cluster state updated, source [local-disco-receive(from master)]
version: 4
state uuid: 4AinOLwLQjuBQB83rqKFsA
from_diff: false
meta data version: 1
nodes: 
   {node_t0}{UjOsuvjjTaSUJkafxhPFgQ}{local}{local[220]}[mode=>local, data=>false, master=>true], master
   {node_t1}{ABvR8raGRuS_s0xvV8c6Dg}{local}{local[221]}[mode=>local, master=>false]
   {node_t2}{MtrhcOgYRbSrDs6bCp85_Q}{local}{local[222]}[master=>false, mode=>local], local
routing_table (version 1):
routing_nodes:
-----node_id[ABvR8raGRuS_s0xvV8c6Dg][V]
-----node_id[MtrhcOgYRbSrDs6bCp85_Q][V]
---- unassigned

[2016-03-30 23:01:58,392][INFO ][org.elasticsearch.cluster.service] [node_t1] added {{node_t2}{MtrhcOgYRbSrDs6bCp85_Q}{local}{local[222]}[mode=>local, master=>false],}, reason: local-disco-receive(from master)
[2016-03-30 23:01:58,393][INFO ][org.elasticsearch.cluster.service] [node_t2] detected_master {node_t0}{UjOsuvjjTaSUJkafxhPFgQ}{local}{local[220]}[mode=>local, data=>false, master=>true], added {{node_t0}{UjOsuvjjTaSUJkafxhPFgQ}{local}{local[220]}[mode=>local, data=>false, master=>true],{node_t1}{ABvR8raGRuS_s0xvV8c6Dg}{local}{local[221]}[mode=>local, master=>false],}, reason: local-disco-receive(from master)
[2016-03-30 23:01:58,393][DEBUG][org.elasticsearch.cluster.service] [node_t1] set local cluster state to version 4
[2016-03-30 23:01:58,394][DEBUG][org.elasticsearch.cluster.service] [node_t2] set local cluster state to version 4
[2016-03-30 23:01:58,394][DEBUG][org.elasticsearch.cluster.service] [node_t1] processing [local-disco-receive(from master)]: took 1ms done applying updated cluster_state (version: 4, uuid: 4AinOLwLQjuBQB83rqKFsA)
[2016-03-30 23:01:58,399][DEBUG][org.elasticsearch.cluster.service] [node_t2] processing [local-disco-receive(from master)]: took 6ms done applying updated cluster_state (version: 4, uuid: 4AinOLwLQjuBQB83rqKFsA)
[2016-03-30 23:01:58,399][DEBUG][org.elasticsearch.cluster.service] [node_t0] set local cluster state to version 4
[2016-03-30 23:01:58,399][DEBUG][org.elasticsearch.cluster.service] [node_t0] processing [local-disco-receive(from node[{node_t2}{MtrhcOgYRbSrDs6bCp85_Q}{local}{local[222]}[master=>false, mode=>local]])]: took 9ms done applying updated cluster_state (version: 4, uuid: 4AinOLwLQjuBQB83rqKFsA)
[2016-03-30 23:01:58,399][TRACE][org.elasticsearch.cluster.service] [node_t2] will process [gateway_initial_state_recovery]
[2016-03-30 23:01:58,399][TRACE][org.elasticsearch.cluster.service] [node_t0] will process [cluster_reroute(post_node_add)]
[2016-03-30 23:01:58,399][DEBUG][org.elasticsearch.cluster.service] [node_t2] processing [gateway_initial_state_recovery]: execute
[2016-03-30 23:01:58,400][DEBUG][org.elasticsearch.cluster.service] [node_t0] processing [cluster_reroute(post_node_add)]: execute
[2016-03-30 23:01:58,400][DEBUG][org.elasticsearch.cluster.service] [node_t2] processing [gateway_initial_state_recovery]: took 0s no change in cluster_state
[2016-03-30 23:01:58,400][DEBUG][org.elasticsearch.cluster.service] [node_t0] processing [cluster_reroute(post_node_add)]: took 0s no change in cluster_state
[2016-03-30 23:01:58,457][TRACE][org.elasticsearch.cluster.service] [node_t0] will process [local-disco-receive(from node[{node_t3}{6YQpKcdoR4yWXY-BPqVSzQ}{local}{local[223]}[master=>false, mode=>local]])]
[2016-03-30 23:01:58,457][TRACE][org.elasticsearch.cluster.service] [node_t3] will process [local-disco(detected_master)]
[2016-03-30 23:01:58,458][DEBUG][org.elasticsearch.cluster.service] [node_t0] processing [local-disco-receive(from node[{node_t3}{6YQpKcdoR4yWXY-BPqVSzQ}{local}{local[223]}[master=>false, mode=>local]])]: execute
[2016-03-30 23:01:58,458][DEBUG][org.elasticsearch.cluster.service] [node_t3] processing [local-disco(detected_master)]: execute
[2016-03-30 23:01:58,458][TRACE][org.elasticsearch.cluster.service] [node_t0] cluster state updated, source [local-disco-receive(from node[{node_t3}{6YQpKcdoR4yWXY-BPqVSzQ}{local}{local[223]}[master=>false, mode=>local]])]
version: 5
state uuid: oBhz1F4TS2GPrHe9oBn1_Q
from_diff: false
meta data version: 1
nodes: 
   {node_t3}{6YQpKcdoR4yWXY-BPqVSzQ}{local}{local[223]}[master=>false, mode=>local]
   {node_t0}{UjOsuvjjTaSUJkafxhPFgQ}{local}{local[220]}[master=>true, mode=>local, data=>false], local, master
   {node_t1}{ABvR8raGRuS_s0xvV8c6Dg}{local}{local[221]}[master=>false, mode=>local]
   {node_t2}{MtrhcOgYRbSrDs6bCp85_Q}{local}{local[222]}[master=>false, mode=>local]
routing_table (version 1):
routing_nodes:
-----node_id[6YQpKcdoR4yWXY-BPqVSzQ][V]
-----node_id[ABvR8raGRuS_s0xvV8c6Dg][V]
-----node_id[MtrhcOgYRbSrDs6bCp85_Q][V]
---- unassigned

[2016-03-30 23:01:58,458][TRACE][org.elasticsearch.cluster.service] [node_t3] cluster state updated, source [local-disco(detected_master)]
version: 0
state uuid: k8tnFDQDT12G9lv_IcyRsg
from_diff: false
meta data version: 1
blocks: 
   _global_:
      1,state not recovered / initialized, blocks READ,WRITE,METADATA_READ,METADATA_WRITE      2,no master, blocks WRITE,METADATA_WRITE
nodes: 
   {node_t3}{6YQpKcdoR4yWXY-BPqVSzQ}{local}{local[223]}[master=>false, mode=>local], local
routing_table (version 0):
routing_nodes:
-----node_id[6YQpKcdoR4yWXY-BPqVSzQ][V]
---- unassigned

[2016-03-30 23:01:58,458][INFO ][org.elasticsearch.cluster.service] [node_t0] added {{node_t3}{6YQpKcdoR4yWXY-BPqVSzQ}{local}{local[223]}[master=>false, mode=>local],}, reason: local-disco-receive(from node[{node_t3}{6YQpKcdoR4yWXY-BPqVSzQ}{local}{local[223]}[master=>false, mode=>local]])
[2016-03-30 23:01:58,458][DEBUG][org.elasticsearch.cluster.service] [node_t3] set local cluster state to version 0
[2016-03-30 23:01:58,459][DEBUG][org.elasticsearch.cluster.service] [node_t0] publishing cluster state version [5]
[2016-03-30 23:01:58,459][DEBUG][org.elasticsearch.cluster.service] [node_t3] processing [local-disco(detected_master)]: took 1ms done applying updated cluster_state (version: 0, uuid: k8tnFDQDT12G9lv_IcyRsg)
[2016-03-30 23:01:58,459][TRACE][org.elasticsearch.cluster.service] [node_t1] will process [local-disco-receive(from master)]
[2016-03-30 23:01:58,459][DEBUG][org.elasticsearch.cluster.service] [node_t1] processing [local-disco-receive(from master)]: execute
[2016-03-30 23:01:58,459][TRACE][org.elasticsearch.cluster.service] [node_t2] will process [local-disco-receive(from master)]
[2016-03-30 23:01:58,460][TRACE][org.elasticsearch.cluster.service] [node_t3] will process [local-disco-receive(from master)]
[2016-03-30 23:01:58,460][TRACE][org.elasticsearch.cluster.service] [node_t1] cluster state updated, source [local-disco-receive(from master)]
version: 5
state uuid: oBhz1F4TS2GPrHe9oBn1_Q
from_diff: false
meta data version: 1
nodes: 
   {node_t3}{6YQpKcdoR4yWXY-BPqVSzQ}{local}{local[223]}[master=>false, mode=>local]
   {node_t0}{UjOsuvjjTaSUJkafxhPFgQ}{local}{local[220]}[data=>false, master=>true, mode=>local], master
   {node_t1}{ABvR8raGRuS_s0xvV8c6Dg}{local}{local[221]}[master=>false, mode=>local], local
   {node_t2}{MtrhcOgYRbSrDs6bCp85_Q}{local}{local[222]}[mode=>local, master=>false]
routing_table (version 1):
routing_nodes:
-----node_id[6YQpKcdoR4yWXY-BPqVSzQ][V]
-----node_id[ABvR8raGRuS_s0xvV8c6Dg][V]
-----node_id[MtrhcOgYRbSrDs6bCp85_Q][V]
---- unassigned

[2016-03-30 23:01:58,460][DEBUG][org.elasticsearch.cluster.service] [node_t2] processing [local-disco-receive(from master)]: execute
[2016-03-30 23:01:58,460][INFO ][org.elasticsearch.cluster.service] [node_t1] added {{node_t3}{6YQpKcdoR4yWXY-BPqVSzQ}{local}{local[223]}[master=>false, mode=>local],}, reason: local-disco-receive(from master)
[2016-03-30 23:01:58,460][DEBUG][org.elasticsearch.cluster.service] [node_t3] processing [local-disco-receive(from master)]: execute
[2016-03-30 23:01:58,460][DEBUG][org.elasticsearch.cluster.service] [node_t1] set local cluster state to version 5
[2016-03-30 23:01:58,461][TRACE][org.elasticsearch.cluster.service] [node_t3] cluster state updated, source [local-disco-receive(from master)]
version: 5
state uuid: oBhz1F4TS2GPrHe9oBn1_Q
from_diff: false
meta data version: 1
nodes: 
   {node_t3}{6YQpKcdoR4yWXY-BPqVSzQ}{local}{local[223]}[master=>false, mode=>local], local
   {node_t0}{UjOsuvjjTaSUJkafxhPFgQ}{local}{local[220]}[mode=>local, master=>true, data=>false], master
   {node_t1}{ABvR8raGRuS_s0xvV8c6Dg}{local}{local[221]}[master=>false, mode=>local]
   {node_t2}{MtrhcOgYRbSrDs6bCp85_Q}{local}{local[222]}[mode=>local, master=>false]
routing_table (version 1):
routing_nodes:
-----node_id[6YQpKcdoR4yWXY-BPqVSzQ][V]
-----node_id[ABvR8raGRuS_s0xvV8c6Dg][V]
-----node_id[MtrhcOgYRbSrDs6bCp85_Q][V]
---- unassigned

[2016-03-30 23:01:58,460][TRACE][org.elasticsearch.cluster.service] [node_t2] cluster state updated, source [local-disco-receive(from master)]
version: 5
state uuid: oBhz1F4TS2GPrHe9oBn1_Q
from_diff: false
meta data version: 1
nodes: 
   {node_t3}{6YQpKcdoR4yWXY-BPqVSzQ}{local}{local[223]}[master=>false, mode=>local]
   {node_t0}{UjOsuvjjTaSUJkafxhPFgQ}{local}{local[220]}[mode=>local, master=>true, data=>false], master
   {node_t1}{ABvR8raGRuS_s0xvV8c6Dg}{local}{local[221]}[mode=>local, master=>false]
   {node_t2}{MtrhcOgYRbSrDs6bCp85_Q}{local}{local[222]}[master=>false, mode=>local], local
routing_table (version 1):
routing_nodes:
-----node_id[6YQpKcdoR4yWXY-BPqVSzQ][V]
-----node_id[ABvR8raGRuS_s0xvV8c6Dg][V]
-----node_id[MtrhcOgYRbSrDs6bCp85_Q][V]
---- unassigned

[2016-03-30 23:01:58,461][DEBUG][org.elasticsearch.cluster.service] [node_t1] processing [local-disco-receive(from master)]: took 1ms done applying updated cluster_state (version: 5, uuid: oBhz1F4TS2GPrHe9oBn1_Q)
[2016-03-30 23:01:58,461][INFO ][org.elasticsearch.cluster.service] [node_t2] added {{node_t3}{6YQpKcdoR4yWXY-BPqVSzQ}{local}{local[223]}[master=>false, mode=>local],}, reason: local-disco-receive(from master)
[2016-03-30 23:01:58,461][INFO ][org.elasticsearch.cluster.service] [node_t3] detected_master {node_t0}{UjOsuvjjTaSUJkafxhPFgQ}{local}{local[220]}[mode=>local, master=>true, data=>false], added {{node_t0}{UjOsuvjjTaSUJkafxhPFgQ}{local}{local[220]}[mode=>local, master=>true, data=>false],{node_t1}{ABvR8raGRuS_s0xvV8c6Dg}{local}{local[221]}[master=>false, mode=>local],{node_t2}{MtrhcOgYRbSrDs6bCp85_Q}{local}{local[222]}[mode=>local, master=>false],}, reason: local-disco-receive(from master)
[2016-03-30 23:01:58,462][DEBUG][org.elasticsearch.cluster.service] [node_t2] set local cluster state to version 5
[2016-03-30 23:01:58,462][DEBUG][org.elasticsearch.cluster.service] [node_t2] processing [local-disco-receive(from master)]: took 2ms done applying updated cluster_state (version: 5, uuid: oBhz1F4TS2GPrHe9oBn1_Q)
[2016-03-30 23:01:58,462][DEBUG][org.elasticsearch.cluster.service] [node_t3] set local cluster state to version 5
[2016-03-30 23:01:58,469][DEBUG][org.elasticsearch.cluster.service] [node_t3] processing [local-disco-receive(from master)]: took 8ms done applying updated cluster_state (version: 5, uuid: oBhz1F4TS2GPrHe9oBn1_Q)
[2016-03-30 23:01:58,469][DEBUG][org.elasticsearch.cluster.service] [node_t0] set local cluster state to version 5
[2016-03-30 23:01:58,470][DEBUG][org.elasticsearch.cluster.service] [node_t0] processing [local-disco-receive(from node[{node_t3}{6YQpKcdoR4yWXY-BPqVSzQ}{local}{local[223]}[master=>false, mode=>local]])]: took 12ms done applying updated cluster_state (version: 5, uuid: oBhz1F4TS2GPrHe9oBn1_Q)
[2016-03-30 23:01:58,470][TRACE][org.elasticsearch.cluster.service] [node_t3] will process [gateway_initial_state_recovery]
[2016-03-30 23:01:58,470][TRACE][org.elasticsearch.cluster.service] [node_t0] will process [cluster_reroute(post_node_add)]
[2016-03-30 23:01:58,470][DEBUG][org.elasticsearch.cluster.service] [node_t3] processing [gateway_initial_state_recovery]: execute
[2016-03-30 23:01:58,470][DEBUG][org.elasticsearch.cluster.service] [node_t0] processing [cluster_reroute(post_node_add)]: execute
[2016-03-30 23:01:58,470][DEBUG][org.elasticsearch.cluster.service] [node_t3] processing [gateway_initial_state_recovery]: took 0s no change in cluster_state
[2016-03-30 23:01:58,470][DEBUG][org.elasticsearch.cluster.service] [node_t0] processing [cluster_reroute(post_node_add)]: took 0s no change in cluster_state
[2016-03-30 23:01:58,550][TRACE][org.elasticsearch.cluster.service] [node_t0] will process [local-disco-receive(from node[{node_t4}{H5KBmc8nTJKmZS9czP_n_Q}{local}{local[224]}[master=>false, mode=>local]])]
[2016-03-30 23:01:58,550][TRACE][org.elasticsearch.cluster.service] [node_t4] will process [local-disco(detected_master)]
[2016-03-30 23:01:58,550][DEBUG][org.elasticsearch.cluster.service] [node_t0] processing [local-disco-receive(from node[{node_t4}{H5KBmc8nTJKmZS9czP_n_Q}{local}{local[224]}[master=>false, mode=>local]])]: execute
[2016-03-30 23:01:58,550][DEBUG][org.elasticsearch.cluster.service] [node_t4] processing [local-disco(detected_master)]: execute
[2016-03-30 23:01:58,550][TRACE][org.elasticsearch.cluster.service] [node_t0] cluster state updated, source [local-disco-receive(from node[{node_t4}{H5KBmc8nTJKmZS9czP_n_Q}{local}{local[224]}[master=>false, mode=>local]])]
version: 6
state uuid: vGUoZbP8TISuIrpGghw4SQ
from_diff: false
meta data version: 1
nodes: 
   {node_t3}{6YQpKcdoR4yWXY-BPqVSzQ}{local}{local[223]}[master=>false, mode=>local]
   {node_t4}{H5KBmc8nTJKmZS9czP_n_Q}{local}{local[224]}[master=>false, mode=>local]
   {node_t0}{UjOsuvjjTaSUJkafxhPFgQ}{local}{local[220]}[master=>true, mode=>local, data=>false], local, master
   {node_t1}{ABvR8raGRuS_s0xvV8c6Dg}{local}{local[221]}[master=>false, mode=>local]
   {node_t2}{MtrhcOgYRbSrDs6bCp85_Q}{local}{local[222]}[master=>false, mode=>local]
routing_table (version 1):
routing_nodes:
-----node_id[6YQpKcdoR4yWXY-BPqVSzQ][V]
-----node_id[ABvR8raGRuS_s0xvV8c6Dg][V]
-----node_id[H5KBmc8nTJKmZS9czP_n_Q][V]
-----node_id[MtrhcOgYRbSrDs6bCp85_Q][V]
---- unassigned

[2016-03-30 23:01:58,550][INFO ][org.elasticsearch.cluster.service] [node_t0] added {{node_t4}{H5KBmc8nTJKmZS9czP_n_Q}{local}{local[224]}[master=>false, mode=>local],}, reason: local-disco-receive(from node[{node_t4}{H5KBmc8nTJKmZS9czP_n_Q}{local}{local[224]}[master=>false, mode=>local]])
[2016-03-30 23:01:58,550][TRACE][org.elasticsearch.cluster.service] [node_t4] cluster state updated, source [local-disco(detected_master)]
version: 0
state uuid: XwTkpKtaQ3OUswHED8DICQ
from_diff: false
meta data version: 1
blocks: 
   _global_:
      1,state not recovered / initialized, blocks READ,WRITE,METADATA_READ,METADATA_WRITE      2,no master, blocks WRITE,METADATA_WRITE
nodes: 
   {node_t4}{H5KBmc8nTJKmZS9czP_n_Q}{local}{local[224]}[master=>false, mode=>local], local
routing_table (version 0):
routing_nodes:
-----node_id[H5KBmc8nTJKmZS9czP_n_Q][V]
---- unassigned

[2016-03-30 23:01:58,550][DEBUG][org.elasticsearch.cluster.service] [node_t0] publishing cluster state version [6]
[2016-03-30 23:01:58,552][DEBUG][org.elasticsearch.cluster.service] [node_t4] set local cluster state to version 0
[2016-03-30 23:01:58,552][DEBUG][org.elasticsearch.cluster.service] [node_t4] processing [local-disco(detected_master)]: took 2ms done applying updated cluster_state (version: 0, uuid: XwTkpKtaQ3OUswHED8DICQ)
[2016-03-30 23:01:58,552][TRACE][org.elasticsearch.cluster.service] [node_t1] will process [local-disco-receive(from master)]
[2016-03-30 23:01:58,553][TRACE][org.elasticsearch.cluster.service] [node_t4] will process [local-disco-receive(from master)]
[2016-03-30 23:01:58,553][TRACE][org.elasticsearch.cluster.service] [node_t3] will process [local-disco-receive(from master)]
[2016-03-30 23:01:58,553][TRACE][org.elasticsearch.cluster.service] [node_t2] will process [local-disco-receive(from master)]
[2016-03-30 23:01:58,553][DEBUG][org.elasticsearch.cluster.service] [node_t3] processing [local-disco-receive(from master)]: execute
[2016-03-30 23:01:58,553][DEBUG][org.elasticsearch.cluster.service] [node_t4] processing [local-disco-receive(from master)]: execute
[2016-03-30 23:01:58,553][TRACE][org.elasticsearch.cluster.service] [node_t3] cluster state updated, source [local-disco-receive(from master)]
version: 6
state uuid: vGUoZbP8TISuIrpGghw4SQ
from_diff: false
meta data version: 1
nodes: 
   {node_t3}{6YQpKcdoR4yWXY-BPqVSzQ}{local}{local[223]}[master=>false, mode=>local], local
   {node_t4}{H5KBmc8nTJKmZS9czP_n_Q}{local}{local[224]}[mode=>local, master=>false]
   {node_t0}{UjOsuvjjTaSUJkafxhPFgQ}{local}{local[220]}[mode=>local, data=>false, master=>true], master
   {node_t1}{ABvR8raGRuS_s0xvV8c6Dg}{local}{local[221]}[mode=>local, master=>false]
   {node_t2}{MtrhcOgYRbSrDs6bCp85_Q}{local}{local[222]}[master=>false, mode=>local]
routing_table (version 1):
routing_nodes:
-----node_id[6YQpKcdoR4yWXY-BPqVSzQ][V]
-----node_id[ABvR8raGRuS_s0xvV8c6Dg][V]
-----node_id[H5KBmc8nTJKmZS9czP_n_Q][V]
-----node_id[MtrhcOgYRbSrDs6bCp85_Q][V]
---- unassigned

[2016-03-30 23:01:58,553][DEBUG][org.elasticsearch.cluster.service] [node_t1] processing [local-disco-receive(from master)]: execute
[2016-03-30 23:01:58,554][INFO ][org.elasticsearch.cluster.service] [node_t3] added {{node_t4}{H5KBmc8nTJKmZS9czP_n_Q}{local}{local[224]}[mode=>local, master=>false],}, reason: local-disco-receive(from master)
[2016-03-30 23:01:58,554][TRACE][org.elasticsearch.cluster.service] [node_t1] cluster state updated, source [local-disco-receive(from master)]
version: 6
state uuid: vGUoZbP8TISuIrpGghw4SQ
from_diff: false
meta data version: 1
nodes: 
   {node_t3}{6YQpKcdoR4yWXY-BPqVSzQ}{local}{local[223]}[mode=>local, master=>false]
   {node_t4}{H5KBmc8nTJKmZS9czP_n_Q}{local}{local[224]}[mode=>local, master=>false]
   {node_t0}{UjOsuvjjTaSUJkafxhPFgQ}{local}{local[220]}[master=>true, mode=>local, data=>false], master
   {node_t1}{ABvR8raGRuS_s0xvV8c6Dg}{local}{local[221]}[master=>false, mode=>local], local
   {node_t2}{MtrhcOgYRbSrDs6bCp85_Q}{local}{local[222]}[master=>false, mode=>local]
routing_table (version 1):
routing_nodes:
-----node_id[6YQpKcdoR4yWXY-BPqVSzQ][V]
-----node_id[ABvR8raGRuS_s0xvV8c6Dg][V]
-----node_id[H5KBmc8nTJKmZS9czP_n_Q][V]
-----node_id[MtrhcOgYRbSrDs6bCp85_Q][V]
---- unassigned

[2016-03-30 23:01:58,553][TRACE][org.elasticsearch.cluster.service] [node_t4] cluster state updated, source [local-disco-receive(from master)]
version: 6
state uuid: vGUoZbP8TISuIrpGghw4SQ
from_diff: false
meta data version: 1
nodes: 
   {node_t3}{6YQpKcdoR4yWXY-BPqVSzQ}{local}{local[223]}[mode=>local, master=>false]
   {node_t4}{H5KBmc8nTJKmZS9czP_n_Q}{local}{local[224]}[master=>false, mode=>local], local
   {node_t0}{UjOsuvjjTaSUJkafxhPFgQ}{local}{local[220]}[master=>true, data=>false, mode=>local], master
   {node_t1}{ABvR8raGRuS_s0xvV8c6Dg}{local}{local[221]}[master=>false, mode=>local]
   {node_t2}{MtrhcOgYRbSrDs6bCp85_Q}{local}{local[222]}[master=>false, mode=>local]
routing_table (version 1):
routing_nodes:
-----node_id[6YQpKcdoR4yWXY-BPqVSzQ][V]
-----node_id[ABvR8raGRuS_s0xvV8c6Dg][V]
-----node_id[H5KBmc8nTJKmZS9czP_n_Q][V]
-----node_id[MtrhcOgYRbSrDs6bCp85_Q][V]
---- unassigned

[2016-03-30 23:01:58,553][DEBUG][org.elasticsearch.cluster.service] [node_t2] processing [local-disco-receive(from master)]: execute
[2016-03-30 23:01:58,555][INFO ][org.elasticsearch.cluster.service] [node_t4] detected_master {node_t0}{UjOsuvjjTaSUJkafxhPFgQ}{local}{local[220]}[master=>true, data=>false, mode=>local], added {{node_t3}{6YQpKcdoR4yWXY-BPqVSzQ}{local}{local[223]}[mode=>local, master=>false],{node_t0}{UjOsuvjjTaSUJkafxhPFgQ}{local}{local[220]}[master=>true, data=>false, mode=>local],{node_t1}{ABvR8raGRuS_s0xvV8c6Dg}{local}{local[221]}[master=>false, mode=>local],{node_t2}{MtrhcOgYRbSrDs6bCp85_Q}{local}{local[222]}[master=>false, mode=>local],}, reason: local-disco-receive(from master)
[2016-03-30 23:01:58,555][TRACE][org.elasticsearch.cluster.service] [node_t2] cluster state updated, source [local-disco-receive(from master)]
version: 6
state uuid: vGUoZbP8TISuIrpGghw4SQ
from_diff: false
meta data version: 1
nodes: 
   {node_t3}{6YQpKcdoR4yWXY-BPqVSzQ}{local}{local[223]}[master=>false, mode=>local]
   {node_t4}{H5KBmc8nTJKmZS9czP_n_Q}{local}{local[224]}[master=>false, mode=>local]
   {node_t0}{UjOsuvjjTaSUJkafxhPFgQ}{local}{local[220]}[data=>false, master=>true, mode=>local], master
   {node_t1}{ABvR8raGRuS_s0xvV8c6Dg}{local}{local[221]}[master=>false, mode=>local]
   {node_t2}{MtrhcOgYRbSrDs6bCp85_Q}{local}{local[222]}[master=>false, mode=>local], local
routing_table (version 1):
routing_nodes:
-----node_id[6YQpKcdoR4yWXY-BPqVSzQ][V]
-----node_id[ABvR8raGRuS_s0xvV8c6Dg][V]
-----node_id[H5KBmc8nTJKmZS9czP_n_Q][V]
-----node_id[MtrhcOgYRbSrDs6bCp85_Q][V]
---- unassigned

[2016-03-30 23:01:58,554][INFO ][org.elasticsearch.cluster.service] [node_t1] added {{node_t4}{H5KBmc8nTJKmZS9czP_n_Q}{local}{local[224]}[mode=>local, master=>false],}, reason: local-disco-receive(from master)
[2016-03-30 23:01:58,554][DEBUG][org.elasticsearch.cluster.service] [node_t3] set local cluster state to version 6
[2016-03-30 23:01:58,557][DEBUG][org.elasticsearch.cluster.service] [node_t4] set local cluster state to version 6
[2016-03-30 23:01:58,557][DEBUG][org.elasticsearch.cluster.service] [node_t1] set local cluster state to version 6
[2016-03-30 23:01:58,556][INFO ][org.elasticsearch.cluster.service] [node_t2] added {{node_t4}{H5KBmc8nTJKmZS9czP_n_Q}{local}{local[224]}[master=>false, mode=>local],}, reason: local-disco-receive(from master)
[2016-03-30 23:01:58,557][DEBUG][org.elasticsearch.cluster.service] [node_t2] set local cluster state to version 6
[2016-03-30 23:01:58,557][DEBUG][org.elasticsearch.cluster.service] [node_t3] processing [local-disco-receive(from master)]: took 4ms done applying updated cluster_state (version: 6, uuid: vGUoZbP8TISuIrpGghw4SQ)
[2016-03-30 23:01:58,558][DEBUG][org.elasticsearch.cluster.service] [node_t1] processing [local-disco-receive(from master)]: took 3ms done applying updated cluster_state (version: 6, uuid: vGUoZbP8TISuIrpGghw4SQ)
[2016-03-30 23:01:58,558][DEBUG][org.elasticsearch.cluster.service] [node_t2] processing [local-disco-receive(from master)]: took 2ms done applying updated cluster_state (version: 6, uuid: vGUoZbP8TISuIrpGghw4SQ)
[2016-03-30 23:01:58,563][DEBUG][org.elasticsearch.cluster.service] [node_t0] set local cluster state to version 6
[2016-03-30 23:01:58,563][DEBUG][org.elasticsearch.cluster.service] [node_t4] processing [local-disco-receive(from master)]: took 9ms done applying updated cluster_state (version: 6, uuid: vGUoZbP8TISuIrpGghw4SQ)
[2016-03-30 23:01:58,563][DEBUG][org.elasticsearch.cluster.service] [node_t0] processing [local-disco-receive(from node[{node_t4}{H5KBmc8nTJKmZS9czP_n_Q}{local}{local[224]}[master=>false, mode=>local]])]: took 13ms done applying updated cluster_state (version: 6, uuid: vGUoZbP8TISuIrpGghw4SQ)
[2016-03-30 23:01:58,563][TRACE][org.elasticsearch.cluster.service] [node_t4] will process [gateway_initial_state_recovery]
[2016-03-30 23:01:58,563][TRACE][org.elasticsearch.cluster.service] [node_t0] will process [cluster_reroute(post_node_add)]
[2016-03-30 23:01:58,564][DEBUG][org.elasticsearch.cluster.service] [node_t0] processing [cluster_reroute(post_node_add)]: execute
[2016-03-30 23:01:58,564][DEBUG][org.elasticsearch.cluster.service] [node_t4] processing [gateway_initial_state_recovery]: execute
[2016-03-30 23:01:58,564][DEBUG][org.elasticsearch.cluster.service] [node_t0] processing [cluster_reroute(post_node_add)]: took 0s no change in cluster_state
[2016-03-30 23:01:58,564][DEBUG][org.elasticsearch.cluster.service] [node_t4] processing [gateway_initial_state_recovery]: took 0s no change in cluster_state
[2016-03-30 23:01:58,582][TRACE][org.elasticsearch.cluster.service] [node_t0] will process [create-index [test], cause [api]]
[2016-03-30 23:01:58,583][DEBUG][org.elasticsearch.cluster.service] [node_t0] processing [create-index [test], cause [api]]: execute
[2016-03-30 23:01:58,585][TRACE][org.elasticsearch.cluster.service] expecting 5 acknowledgements for cluster_state update (version: 7)
[2016-03-30 23:01:58,590][TRACE][org.elasticsearch.cluster.service] [node_t0] cluster state updated, source [create-index [test], cause [api]]
version: 7
state uuid: UQj4cankRBOcthih30eOSg
from_diff: false
meta data version: 2
nodes: 
   {node_t3}{6YQpKcdoR4yWXY-BPqVSzQ}{local}{local[223]}[master=>false, mode=>local]
   {node_t4}{H5KBmc8nTJKmZS9czP_n_Q}{local}{local[224]}[master=>false, mode=>local]
   {node_t0}{UjOsuvjjTaSUJkafxhPFgQ}{local}{local[220]}[master=>true, mode=>local, data=>false], local, master
   {node_t1}{ABvR8raGRuS_s0xvV8c6Dg}{local}{local[221]}[master=>false, mode=>local]
   {node_t2}{MtrhcOgYRbSrDs6bCp85_Q}{local}{local[222]}[master=>false, mode=>local]
routing_table (version 2):
-- index [test]
----shard_id [test][0]
--------[test][0], node[6YQpKcdoR4yWXY-BPqVSzQ], [P], v[1], s[INITIALIZING], a[id=e03NOnYWS0asbwreVqEZHw], unassigned_info[[reason=INDEX_CREATED], at[2016-03-31T06:01:58.584Z]]
--------[test][0], node[null], [R], v[1], s[UNASSIGNED], unassigned_info[[reason=INDEX_CREATED], at[2016-03-31T06:01:58.584Z]]
----shard_id [test][1]
--------[test][1], node[ABvR8raGRuS_s0xvV8c6Dg], [P], v[1], s[INITIALIZING], a[id=tMHQ55iaT0OxhkdaiDd9Fg], unassigned_info[[reason=INDEX_CREATED], at[2016-03-31T06:01:58.584Z]]
--------[test][1], node[null], [R], v[1], s[UNASSIGNED], unassigned_info[[reason=INDEX_CREATED], at[2016-03-31T06:01:58.584Z]]
----shard_id [test][2]
--------[test][2], node[MtrhcOgYRbSrDs6bCp85_Q], [P], v[1], s[INITIALIZING], a[id=ZKPbmfnPSXKh9799IPT3IQ], unassigned_info[[reason=INDEX_CREATED], at[2016-03-31T06:01:58.584Z]]
--------[test][2], node[null], [R], v[1], s[UNASSIGNED], unassigned_info[[reason=INDEX_CREATED], at[2016-03-31T06:01:58.584Z]]

routing_nodes:
-----node_id[6YQpKcdoR4yWXY-BPqVSzQ][V]
--------[test][0], node[6YQpKcdoR4yWXY-BPqVSzQ], [P], v[1], s[INITIALIZING], a[id=e03NOnYWS0asbwreVqEZHw], unassigned_info[[reason=INDEX_CREATED], at[2016-03-31T06:01:58.584Z]]
-----node_id[ABvR8raGRuS_s0xvV8c6Dg][V]
--------[test][1], node[ABvR8raGRuS_s0xvV8c6Dg], [P], v[1], s[INITIALIZING], a[id=tMHQ55iaT0OxhkdaiDd9Fg], unassigned_info[[reason=INDEX_CREATED], at[2016-03-31T06:01:58.584Z]]
-----node_id[H5KBmc8nTJKmZS9czP_n_Q][V]
-----node_id[MtrhcOgYRbSrDs6bCp85_Q][V]
--------[test][2], node[MtrhcOgYRbSrDs6bCp85_Q], [P], v[1], s[INITIALIZING], a[id=ZKPbmfnPSXKh9799IPT3IQ], unassigned_info[[reason=INDEX_CREATED], at[2016-03-31T06:01:58.584Z]]
---- unassigned
--------[test][1], node[null], [R], v[1], s[UNASSIGNED], unassigned_info[[reason=INDEX_CREATED], at[2016-03-31T06:01:58.584Z]]
--------[test][2], node[null], [R], v[1], s[UNASSIGNED], unassigned_info[[reason=INDEX_CREATED], at[2016-03-31T06:01:58.584Z]]
--------[test][0], node[null], [R], v[1], s[UNASSIGNED], unassigned_info[[reason=INDEX_CREATED], at[2016-03-31T06:01:58.584Z]]

[2016-03-30 23:01:58,590][DEBUG][org.elasticsearch.cluster.service] [node_t0] publishing cluster state version [7]
[2016-03-30 23:01:58,591][TRACE][org.elasticsearch.cluster.service] [node_t1] will process [local-disco-receive(from master)]
[2016-03-30 23:01:58,592][DEBUG][org.elasticsearch.cluster.service] [node_t1] processing [local-disco-receive(from master)]: execute
[2016-03-30 23:01:58,592][TRACE][org.elasticsearch.cluster.service] [node_t2] will process [local-disco-receive(from master)]
[2016-03-30 23:01:58,592][DEBUG][org.elasticsearch.cluster.service] [node_t2] processing [local-disco-receive(from master)]: execute
[2016-03-30 23:01:58,592][TRACE][org.elasticsearch.cluster.service] [node_t3] will process [local-disco-receive(from master)]
[2016-03-30 23:01:58,592][TRACE][org.elasticsearch.cluster.service] [node_t4] will process [local-disco-receive(from master)]
[2016-03-30 23:01:58,592][DEBUG][org.elasticsearch.cluster.service] [node_t3] processing [local-disco-receive(from master)]: execute
[2016-03-30 23:01:58,592][TRACE][org.elasticsearch.cluster.service] [node_t2] cluster state updated, source [local-disco-receive(from master)]
version: 7
state uuid: UQj4cankRBOcthih30eOSg
from_diff: false
meta data version: 2
nodes: 
   {node_t3}{6YQpKcdoR4yWXY-BPqVSzQ}{local}{local[223]}[master=>false, mode=>local]
   {node_t4}{H5KBmc8nTJKmZS9czP_n_Q}{local}{local[224]}[master=>false, mode=>local]
   {node_t0}{UjOsuvjjTaSUJkafxhPFgQ}{local}{local[220]}[data=>false, master=>true, mode=>local], master
   {node_t1}{ABvR8raGRuS_s0xvV8c6Dg}{local}{local[221]}[master=>false, mode=>local]
   {node_t2}{MtrhcOgYRbSrDs6bCp85_Q}{local}{local[222]}[master=>false, mode=>local], local
routing_table (version 2):
-- index [test]
----shard_id [test][0]
--------[test][0], node[6YQpKcdoR4yWXY-BPqVSzQ], [P], v[1], s[INITIALIZING], a[id=e03NOnYWS0asbwreVqEZHw], unassigned_info[[reason=INDEX_CREATED], at[2016-03-31T06:01:58.584Z]]
--------[test][0], node[null], [R], v[1], s[UNASSIGNED], unassigned_info[[reason=INDEX_CREATED], at[2016-03-31T06:01:58.584Z]]
----shard_id [test][1]
--------[test][1], node[ABvR8raGRuS_s0xvV8c6Dg], [P], v[1], s[INITIALIZING], a[id=tMHQ55iaT0OxhkdaiDd9Fg], unassigned_info[[reason=INDEX_CREATED], at[2016-03-31T06:01:58.584Z]]
--------[test][1], node[null], [R], v[1], s[UNASSIGNED], unassigned_info[[reason=INDEX_CREATED], at[2016-03-31T06:01:58.584Z]]
----shard_id [test][2]
--------[test][2], node[MtrhcOgYRbSrDs6bCp85_Q], [P], v[1], s[INITIALIZING], a[id=ZKPbmfnPSXKh9799IPT3IQ], unassigned_info[[reason=INDEX_CREATED], at[2016-03-31T06:01:58.584Z]]
--------[test][2], node[null], [R], v[1], s[UNASSIGNED], unassigned_info[[reason=INDEX_CREATED], at[2016-03-31T06:01:58.584Z]]

routing_nodes:
-----node_id[6YQpKcdoR4yWXY-BPqVSzQ][V]
--------[test][0], node[6YQpKcdoR4yWXY-BPqVSzQ], [P], v[1], s[INITIALIZING], a[id=e03NOnYWS0asbwreVqEZHw], unassigned_info[[reason=INDEX_CREATED], at[2016-03-31T06:01:58.584Z]]
-----node_id[ABvR8raGRuS_s0xvV8c6Dg][V]
--------[test][1], node[ABvR8raGRuS_s0xvV8c6Dg], [P], v[1], s[INITIALIZING], a[id=tMHQ55iaT0OxhkdaiDd9Fg], unassigned_info[[reason=INDEX_CREATED], at[2016-03-31T06:01:58.584Z]]
-----node_id[H5KBmc8nTJKmZS9czP_n_Q][V]
-----node_id[MtrhcOgYRbSrDs6bCp85_Q][V]
--------[test][2], node[MtrhcOgYRbSrDs6bCp85_Q], [P], v[1], s[INITIALIZING], a[id=ZKPbmfnPSXKh9799IPT3IQ], unassigned_info[[reason=INDEX_CREATED], at[2016-03-31T06:01:58.584Z]]
---- unassigned
--------[test][1], node[null], [R], v[1], s[UNASSIGNED], unassigned_info[[reason=INDEX_CREATED], at[2016-03-31T06:01:58.584Z]]
--------[test][2], node[null], [R], v[1], s[UNASSIGNED], unassigned_info[[reason=INDEX_CREATED], at[2016-03-31T06:01:58.584Z]]
--------[test][0], node[null], [R], v[1], s[UNASSIGNED], unassigned_info[[reason=INDEX_CREATED], at[2016-03-31T06:01:58.584Z]]

[2016-03-30 23:01:58,592][TRACE][org.elasticsearch.cluster.service] [node_t1] cluster state updated, source [local-disco-receive(from master)]
version: 7
state uuid: UQj4cankRBOcthih30eOSg
from_diff: false
meta data version: 2
nodes: 
   {node_t3}{6YQpKcdoR4yWXY-BPqVSzQ}{local}{local[223]}[mode=>local, master=>false]
   {node_t4}{H5KBmc8nTJKmZS9czP_n_Q}{local}{local[224]}[mode=>local, master=>false]
   {node_t0}{UjOsuvjjTaSUJkafxhPFgQ}{local}{local[220]}[master=>true, mode=>local, data=>false], master
   {node_t1}{ABvR8raGRuS_s0xvV8c6Dg}{local}{local[221]}[master=>false, mode=>local], local
   {node_t2}{MtrhcOgYRbSrDs6bCp85_Q}{local}{local[222]}[master=>false, mode=>local]
routing_table (version 2):
-- index [test]
----shard_id [test][0]
--------[test][0], node[6YQpKcdoR4yWXY-BPqVSzQ], [P], v[1], s[INITIALIZING], a[id=e03NOnYWS0asbwreVqEZHw], unassigned_info[[reason=INDEX_CREATED], at[2016-03-31T06:01:58.584Z]]
--------[test][0], node[null], [R], v[1], s[UNASSIGNED], unassigned_info[[reason=INDEX_CREATED], at[2016-03-31T06:01:58.584Z]]
----shard_id [test][1]
--------[test][1], node[ABvR8raGRuS_s0xvV8c6Dg], [P], v[1], s[INITIALIZING], a[id=tMHQ55iaT0OxhkdaiDd9Fg], unassigned_info[[reason=INDEX_CREATED], at[2016-03-31T06:01:58.584Z]]
--------[test][1], node[null], [R], v[1], s[UNASSIGNED], unassigned_info[[reason=INDEX_CREATED], at[2016-03-31T06:01:58.584Z]]
----shard_id [test][2]
--------[test][2], node[MtrhcOgYRbSrDs6bCp85_Q], [P], v[1], s[INITIALIZING], a[id=ZKPbmfnPSXKh9799IPT3IQ], unassigned_info[[reason=INDEX_CREATED], at[2016-03-31T06:01:58.584Z]]
--------[test][2], node[null], [R], v[1], s[UNASSIGNED], unassigned_info[[reason=INDEX_CREATED], at[2016-03-31T06:01:58.584Z]]

routing_nodes:
-----node_id[6YQpKcdoR4yWXY-BPqVSzQ][V]
--------[test][0], node[6YQpKcdoR4yWXY-BPqVSzQ], [P], v[1], s[INITIALIZING], a[id=e03NOnYWS0asbwreVqEZHw], unassigned_info[[reason=INDEX_CREATED], at[2016-03-31T06:01:58.584Z]]
-----node_id[ABvR8raGRuS_s0xvV8c6Dg][V]
--------[test][1], node[ABvR8raGRuS_s0xvV8c6Dg], [P], v[1], s[INITIALIZING], a[id=tMHQ55iaT0OxhkdaiDd9Fg], unassigned_info[[reason=INDEX_CREATED], at[2016-03-31T06:01:58.584Z]]
-----node_id[H5KBmc8nTJKmZS9czP_n_Q][V]
-----node_id[MtrhcOgYRbSrDs6bCp85_Q][V]
--------[test][2], node[MtrhcOgYRbSrDs6bCp85_Q], [P], v[1], s[INITIALIZING], a[id=ZKPbmfnPSXKh9799IPT3IQ], unassigned_info[[reason=INDEX_CREATED], at[2016-03-31T06:01:58.584Z]]
---- unassigned
--------[test][1], node[null], [R], v[1], s[UNASSIGNED], unassigned_info[[reason=INDEX_CREATED], at[2016-03-31T06:01:58.584Z]]
--------[test][2], node[null], [R], v[1], s[UNASSIGNED], unassigned_info[[reason=INDEX_CREATED], at[2016-03-31T06:01:58.584Z]]
--------[test][0], node[null], [R], v[1], s[UNASSIGNED], unassigned_info[[reason=INDEX_CREATED], at[2016-03-31T06:01:58.584Z]]

[2016-03-30 23:01:58,593][DEBUG][org.elasticsearch.cluster.service] [node_t1] set local cluster state to version 7
[2016-03-30 23:01:58,592][DEBUG][org.elasticsearch.cluster.service] [node_t4] processing [local-disco-receive(from master)]: execute
[2016-03-30 23:01:58,593][DEBUG][org.elasticsearch.cluster.service] [node_t2] set local cluster state to version 7
[2016-03-30 23:01:58,592][TRACE][org.elasticsearch.cluster.service] [node_t3] cluster state updated, source [local-disco-receive(from master)]
version: 7
state uuid: UQj4cankRBOcthih30eOSg
from_diff: false
meta data version: 2
nodes: 
   {node_t3}{6YQpKcdoR4yWXY-BPqVSzQ}{local}{local[223]}[master=>false, mode=>local], local
   {node_t4}{H5KBmc8nTJKmZS9czP_n_Q}{local}{local[224]}[mode=>local, master=>false]
   {node_t0}{UjOsuvjjTaSUJkafxhPFgQ}{local}{local[220]}[mode=>local, data=>false, master=>true], master
   {node_t1}{ABvR8raGRuS_s0xvV8c6Dg}{local}{local[221]}[mode=>local, master=>false]
   {node_t2}{MtrhcOgYRbSrDs6bCp85_Q}{local}{local[222]}[master=>false, mode=>local]
routing_table (version 2):
-- index [test]
----shard_id [test][0]
--------[test][0], node[6YQpKcdoR4yWXY-BPqVSzQ], [P], v[1], s[INITIALIZING], a[id=e03NOnYWS0asbwreVqEZHw], unassigned_info[[reason=INDEX_CREATED], at[2016-03-31T06:01:58.584Z]]
--------[test][0], node[null], [R], v[1], s[UNASSIGNED], unassigned_info[[reason=INDEX_CREATED], at[2016-03-31T06:01:58.584Z]]
----shard_id [test][1]
--------[test][1], node[ABvR8raGRuS_s0xvV8c6Dg], [P], v[1], s[INITIALIZING], a[id=tMHQ55iaT0OxhkdaiDd9Fg], unassigned_info[[reason=INDEX_CREATED], at[2016-03-31T06:01:58.584Z]]
--------[test][1], node[null], [R], v[1], s[UNASSIGNED], unassigned_info[[reason=INDEX_CREATED], at[2016-03-31T06:01:58.584Z]]
----shard_id [test][2]
--------[test][2], node[MtrhcOgYRbSrDs6bCp85_Q], [P], v[1], s[INITIALIZING], a[id=ZKPbmfnPSXKh9799IPT3IQ], unassigned_info[[reason=INDEX_CREATED], at[2016-03-31T06:01:58.584Z]]
--------[test][2], node[null], [R], v[1], s[UNASSIGNED], unassigned_info[[reason=INDEX_CREATED], at[2016-03-31T06:01:58.584Z]]

routing_nodes:
-----node_id[6YQpKcdoR4yWXY-BPqVSzQ][V]
--------[test][0], node[6YQpKcdoR4yWXY-BPqVSzQ], [P], v[1], s[INITIALIZING], a[id=e03NOnYWS0asbwreVqEZHw], unassigned_info[[reason=INDEX_CREATED], at[2016-03-31T06:01:58.584Z]]
-----node_id[ABvR8raGRuS_s0xvV8c6Dg][V]
--------[test][1], node[ABvR8raGRuS_s0xvV8c6Dg], [P], v[1], s[INITIALIZING], a[id=tMHQ55iaT0OxhkdaiDd9Fg], unassigned_info[[reason=INDEX_CREATED], at[2016-03-31T06:01:58.584Z]]
-----node_id[H5KBmc8nTJKmZS9czP_n_Q][V]
-----node_id[MtrhcOgYRbSrDs6bCp85_Q][V]
--------[test][2], node[MtrhcOgYRbSrDs6bCp85_Q], [P], v[1], s[INITIALIZING], a[id=ZKPbmfnPSXKh9799IPT3IQ], unassigned_info[[reason=INDEX_CREATED], at[2016-03-31T06:01:58.584Z]]
---- unassigned
--------[test][1], node[null], [R], v[1], s[UNASSIGNED], unassigned_info[[reason=INDEX_CREATED], at[2016-03-31T06:01:58.584Z]]
--------[test][2], node[null], [R], v[1], s[UNASSIGNED], unassigned_info[[reason=INDEX_CREATED], at[2016-03-31T06:01:58.584Z]]
--------[test][0], node[null], [R], v[1], s[UNASSIGNED], unassigned_info[[reason=INDEX_CREATED], at[2016-03-31T06:01:58.584Z]]

[2016-03-30 23:01:58,594][TRACE][org.elasticsearch.cluster.service] [node_t4] cluster state updated, source [local-disco-receive(from master)]
version: 7
state uuid: UQj4cankRBOcthih30eOSg
from_diff: false
meta data version: 2
nodes: 
   {node_t3}{6YQpKcdoR4yWXY-BPqVSzQ}{local}{local[223]}[mode=>local, master=>false]
   {node_t4}{H5KBmc8nTJKmZS9czP_n_Q}{local}{local[224]}[master=>false, mode=>local], local
   {node_t0}{UjOsuvjjTaSUJkafxhPFgQ}{local}{local[220]}[master=>true, data=>false, mode=>local], master
   {node_t1}{ABvR8raGRuS_s0xvV8c6Dg}{local}{local[221]}[master=>false, mode=>local]
   {node_t2}{MtrhcOgYRbSrDs6bCp85_Q}{local}{local[222]}[master=>false, mode=>local]
routing_table (version 2):
-- index [test]
----shard_id [test][0]
--------[test][0], node[6YQpKcdoR4yWXY-BPqVSzQ], [P], v[1], s[INITIALIZING], a[id=e03NOnYWS0asbwreVqEZHw], unassigned_info[[reason=INDEX_CREATED], at[2016-03-31T06:01:58.584Z]]
--------[test][0], node[null], [R], v[1], s[UNASSIGNED], unassigned_info[[reason=INDEX_CREATED], at[2016-03-31T06:01:58.584Z]]
----shard_id [test][1]
--------[test][1], node[ABvR8raGRuS_s0xvV8c6Dg], [P], v[1], s[INITIALIZING], a[id=tMHQ55iaT0OxhkdaiDd9Fg], unassigned_info[[reason=INDEX_CREATED], at[2016-03-31T06:01:58.584Z]]
--------[test][1], node[null], [R], v[1], s[UNASSIGNED], unassigned_info[[reason=INDEX_CREATED], at[2016-03-31T06:01:58.584Z]]
----shard_id [test][2]
--------[test][2], node[MtrhcOgYRbSrDs6bCp85_Q], [P], v[1], s[INITIALIZING], a[id=ZKPbmfnPSXKh9799IPT3IQ], unassigned_info[[reason=INDEX_CREATED], at[2016-03-31T06:01:58.584Z]]
--------[test][2], node[null], [R], v[1], s[UNASSIGNED], unassigned_info[[reason=INDEX_CREATED], at[2016-03-31T06:01:58.584Z]]

routing_nodes:
-----node_id[6YQpKcdoR4yWXY-BPqVSzQ][V]
--------[test][0], node[6YQpKcdoR4yWXY-BPqVSzQ], [P], v[1], s[INITIALIZING], a[id=e03NOnYWS0asbwreVqEZHw], unassigned_info[[reason=INDEX_CREATED], at[2016-03-31T06:01:58.584Z]]
-----node_id[ABvR8raGRuS_s0xvV8c6Dg][V]
--------[test][1], node[ABvR8raGRuS_s0xvV8c6Dg], [P], v[1], s[INITIALIZING], a[id=tMHQ55iaT0OxhkdaiDd9Fg], unassigned_info[[reason=INDEX_CREATED], at[2016-03-31T06:01:58.584Z]]
-----node_id[H5KBmc8nTJKmZS9czP_n_Q][V]
-----node_id[MtrhcOgYRbSrDs6bCp85_Q][V]
--------[test][2], node[MtrhcOgYRbSrDs6bCp85_Q], [P], v[1], s[INITIALIZING], a[id=ZKPbmfnPSXKh9799IPT3IQ], unassigned_info[[reason=INDEX_CREATED], at[2016-03-31T06:01:58.584Z]]
---- unassigned
--------[test][1], node[null], [R], v[1], s[UNASSIGNED], unassigned_info[[reason=INDEX_CREATED], at[2016-03-31T06:01:58.584Z]]
--------[test][2], node[null], [R], v[1], s[UNASSIGNED], unassigned_info[[reason=INDEX_CREATED], at[2016-03-31T06:01:58.584Z]]
--------[test][0], node[null], [R], v[1], s[UNASSIGNED], unassigned_info[[reason=INDEX_CREATED], at[2016-03-31T06:01:58.584Z]]

[2016-03-30 23:01:58,594][DEBUG][org.elasticsearch.cluster.service] [node_t3] set local cluster state to version 7
[2016-03-30 23:01:58,595][DEBUG][org.elasticsearch.cluster.service] [node_t4] set local cluster state to version 7
[2016-03-30 23:01:58,597][TRACE][org.elasticsearch.cluster.service] ack received from node [{node_t4}{H5KBmc8nTJKmZS9czP_n_Q}{local}{local[224]}[master=>false, mode=>local]], cluster_state update (version: 7)
[2016-03-30 23:01:58,597][DEBUG][org.elasticsearch.cluster.service] [node_t4] processing [local-disco-receive(from master)]: took 3ms done applying updated cluster_state (version: 7, uuid: UQj4cankRBOcthih30eOSg)
[2016-03-30 23:01:58,623][TRACE][org.elasticsearch.cluster.service] ack received from node [{node_t1}{ABvR8raGRuS_s0xvV8c6Dg}{local}{local[221]}[master=>false, mode=>local]], cluster_state update (version: 7)
[2016-03-30 23:01:58,623][TRACE][org.elasticsearch.cluster.service] ack received from node [{node_t2}{MtrhcOgYRbSrDs6bCp85_Q}{local}{local[222]}[master=>false, mode=>local]], cluster_state update (version: 7)
[2016-03-30 23:01:58,623][DEBUG][org.elasticsearch.cluster.service] [node_t0] set local cluster state to version 7
[2016-03-30 23:01:58,623][DEBUG][org.elasticsearch.cluster.service] [node_t1] processing [local-disco-receive(from master)]: took 31ms done applying updated cluster_state (version: 7, uuid: UQj4cankRBOcthih30eOSg)
[2016-03-30 23:01:58,623][TRACE][org.elasticsearch.cluster.service] ack received from node [{node_t3}{6YQpKcdoR4yWXY-BPqVSzQ}{local}{local[223]}[master=>false, mode=>local]], cluster_state update (version: 7)
[2016-03-30 23:01:58,623][DEBUG][org.elasticsearch.cluster.service] [node_t2] processing [local-disco-receive(from master)]: took 31ms done applying updated cluster_state (version: 7, uuid: UQj4cankRBOcthih30eOSg)
[2016-03-30 23:01:58,624][DEBUG][org.elasticsearch.cluster.service] [node_t3] processing [local-disco-receive(from master)]: took 31ms done applying updated cluster_state (version: 7, uuid: UQj4cankRBOcthih30eOSg)
[2016-03-30 23:01:58,637][TRACE][org.elasticsearch.cluster.service] ack received from node [{node_t0}{UjOsuvjjTaSUJkafxhPFgQ}{local}{local[220]}[master=>true, mode=>local, data=>false]], cluster_state update (version: 7)
[2016-03-30 23:01:58,637][TRACE][org.elasticsearch.cluster.service] all expected nodes acknowledged cluster_state update (version: 7)
[2016-03-30 23:01:58,637][DEBUG][org.elasticsearch.cluster.service] [node_t0] processing [create-index [test], cause [api]]: took 54ms done applying updated cluster_state (version: 7, uuid: UQj4cankRBOcthih30eOSg)
[2016-03-30 23:01:58,703][TRACE][org.elasticsearch.cluster.service] [node_t0] will process [shard-started ([test][1], node[ABvR8raGRuS_s0xvV8c6Dg], [P], v[1], s[INITIALIZING], a[id=tMHQ55iaT0OxhkdaiDd9Fg], unassigned_info[[reason=INDEX_CREATED], at[2016-03-31T06:01:58.584Z]]), reason [after recovery from store]]
[2016-03-30 23:01:58,703][DEBUG][org.elasticsearch.cluster.service] [node_t0] processing [shard-started ([test][1], node[ABvR8raGRuS_s0xvV8c6Dg], [P], v[1], s[INITIALIZING], a[id=tMHQ55iaT0OxhkdaiDd9Fg], unassigned_info[[reason=INDEX_CREATED], at[2016-03-31T06:01:58.584Z]]), reason [after recovery from store]]: execute
[2016-03-30 23:01:58,704][TRACE][org.elasticsearch.cluster.service] [node_t0] cluster state updated, source [shard-started ([test][1], node[ABvR8raGRuS_s0xvV8c6Dg], [P], v[1], s[INITIALIZING], a[id=tMHQ55iaT0OxhkdaiDd9Fg], unassigned_info[[reason=INDEX_CREATED], at[2016-03-31T06:01:58.584Z]]), reason [after recovery from store]]
version: 8
state uuid: Ow1FnlV6TlS06iZ4Xsg1Gw
from_diff: false
meta data version: 3
nodes: 
   {node_t3}{6YQpKcdoR4yWXY-BPqVSzQ}{local}{local[223]}[master=>false, mode=>local]
   {node_t4}{H5KBmc8nTJKmZS9czP_n_Q}{local}{local[224]}[master=>false, mode=>local]
   {node_t0}{UjOsuvjjTaSUJkafxhPFgQ}{local}{local[220]}[master=>true, mode=>local, data=>false], local, master
   {node_t1}{ABvR8raGRuS_s0xvV8c6Dg}{local}{local[221]}[master=>false, mode=>local]
   {node_t2}{MtrhcOgYRbSrDs6bCp85_Q}{local}{local[222]}[master=>false, mode=>local]
routing_table (version 3):
-- index [test]
----shard_id [test][0]
--------[test][0], node[6YQpKcdoR4yWXY-BPqVSzQ], [P], v[1], s[INITIALIZING], a[id=e03NOnYWS0asbwreVqEZHw], unassigned_info[[reason=INDEX_CREATED], at[2016-03-31T06:01:58.584Z]]
--------[test][0], node[null], [R], v[1], s[UNASSIGNED], unassigned_info[[reason=INDEX_CREATED], at[2016-03-31T06:01:58.584Z]]
----shard_id [test][1]
--------[test][1], node[ABvR8raGRuS_s0xvV8c6Dg], [P], v[2], s[STARTED], a[id=tMHQ55iaT0OxhkdaiDd9Fg]
--------[test][1], node[MtrhcOgYRbSrDs6bCp85_Q], [R], v[2], s[INITIALIZING], a[id=KqWuuR1bQCmle38qu9o-bA], unassigned_info[[reason=INDEX_CREATED], at[2016-03-31T06:01:58.584Z]]
----shard_id [test][2]
--------[test][2], node[MtrhcOgYRbSrDs6bCp85_Q], [P], v[1], s[INITIALIZING], a[id=ZKPbmfnPSXKh9799IPT3IQ], unassigned_info[[reason=INDEX_CREATED], at[2016-03-31T06:01:58.584Z]]
--------[test][2], node[null], [R], v[1], s[UNASSIGNED], unassigned_info[[reason=INDEX_CREATED], at[2016-03-31T06:01:58.584Z]]

routing_nodes:
-----node_id[6YQpKcdoR4yWXY-BPqVSzQ][V]
--------[test][0], node[6YQpKcdoR4yWXY-BPqVSzQ], [P], v[1], s[INITIALIZING], a[id=e03NOnYWS0asbwreVqEZHw], unassigned_info[[reason=INDEX_CREATED], at[2016-03-31T06:01:58.584Z]]
-----node_id[ABvR8raGRuS_s0xvV8c6Dg][V]
--------[test][1], node[ABvR8raGRuS_s0xvV8c6Dg], [P], v[2], s[STARTED], a[id=tMHQ55iaT0OxhkdaiDd9Fg]
-----node_id[H5KBmc8nTJKmZS9czP_n_Q][V]
-----node_id[MtrhcOgYRbSrDs6bCp85_Q][V]
--------[test][1], node[MtrhcOgYRbSrDs6bCp85_Q], [R], v[2], s[INITIALIZING], a[id=KqWuuR1bQCmle38qu9o-bA], unassigned_info[[reason=INDEX_CREATED], at[2016-03-31T06:01:58.584Z]]
--------[test][2], node[MtrhcOgYRbSrDs6bCp85_Q], [P], v[1], s[INITIALIZING], a[id=ZKPbmfnPSXKh9799IPT3IQ], unassigned_info[[reason=INDEX_CREATED], at[2016-03-31T06:01:58.584Z]]
---- unassigned
--------[test][2], node[null], [R], v[1], s[UNASSIGNED], unassigned_info[[reason=INDEX_CREATED], at[2016-03-31T06:01:58.584Z]]
--------[test][0], node[null], [R], v[1], s[UNASSIGNED], unassigned_info[[reason=INDEX_CREATED], at[2016-03-31T06:01:58.584Z]]

[2016-03-30 23:01:58,705][DEBUG][org.elasticsearch.cluster.service] [node_t0] publishing cluster state version [8]
[2016-03-30 23:01:58,705][TRACE][org.elasticsearch.cluster.service] [node_t1] will process [local-disco-receive(from master)]
[2016-03-30 23:01:58,706][TRACE][org.elasticsearch.cluster.service] [node_t2] will process [local-disco-receive(from master)]
[2016-03-30 23:01:58,706][DEBUG][org.elasticsearch.cluster.service] [node_t1] processing [local-disco-receive(from master)]: execute
[2016-03-30 23:01:58,706][TRACE][org.elasticsearch.cluster.service] [node_t3] will process [local-disco-receive(from master)]
[2016-03-30 23:01:58,706][TRACE][org.elasticsearch.cluster.service] [node_t4] will process [local-disco-receive(from master)]
[2016-03-30 23:01:58,706][DEBUG][org.elasticsearch.cluster.service] [node_t2] processing [local-disco-receive(from master)]: execute
[2016-03-30 23:01:58,706][DEBUG][org.elasticsearch.cluster.service] [node_t4] processing [local-disco-receive(from master)]: execute
[2016-03-30 23:01:58,706][DEBUG][org.elasticsearch.cluster.service] [node_t3] processing [local-disco-receive(from master)]: execute
[2016-03-30 23:01:58,706][TRACE][org.elasticsearch.cluster.service] [node_t1] cluster state updated, source [local-disco-receive(from master)]
version: 8
state uuid: Ow1FnlV6TlS06iZ4Xsg1Gw
from_diff: false
meta data version: 3
nodes: 
   {node_t3}{6YQpKcdoR4yWXY-BPqVSzQ}{local}{local[223]}[mode=>local, master=>false]
   {node_t4}{H5KBmc8nTJKmZS9czP_n_Q}{local}{local[224]}[mode=>local, master=>false]
   {node_t0}{UjOsuvjjTaSUJkafxhPFgQ}{local}{local[220]}[master=>true, mode=>local, data=>false], master
   {node_t1}{ABvR8raGRuS_s0xvV8c6Dg}{local}{local[221]}[master=>false, mode=>local], local
   {node_t2}{MtrhcOgYRbSrDs6bCp85_Q}{local}{local[222]}[master=>false, mode=>local]
routing_table (version 3):
-- index [test]
----shard_id [test][0]
--------[test][0], node[6YQpKcdoR4yWXY-BPqVSzQ], [P], v[1], s[INITIALIZING], a[id=e03NOnYWS0asbwreVqEZHw], unassigned_info[[reason=INDEX_CREATED], at[2016-03-31T06:01:58.584Z]]
--------[test][0], node[null], [R], v[1], s[UNASSIGNED], unassigned_info[[reason=INDEX_CREATED], at[2016-03-31T06:01:58.584Z]]
----shard_id [test][1]
--------[test][1], node[ABvR8raGRuS_s0xvV8c6Dg], [P], v[2], s[STARTED], a[id=tMHQ55iaT0OxhkdaiDd9Fg]
--------[test][1], node[MtrhcOgYRbSrDs6bCp85_Q], [R], v[2], s[INITIALIZING], a[id=KqWuuR1bQCmle38qu9o-bA], unassigned_info[[reason=INDEX_CREATED], at[2016-03-31T06:01:58.584Z]]
----shard_id [test][2]
--------[test][2], node[MtrhcOgYRbSrDs6bCp85_Q], [P], v[1], s[INITIALIZING], a[id=ZKPbmfnPSXKh9799IPT3IQ], unassigned_info[[reason=INDEX_CREATED], at[2016-03-31T06:01:58.584Z]]
--------[test][2], node[null], [R], v[1], s[UNASSIGNED], unassigned_info[[reason=INDEX_CREATED], at[2016-03-31T06:01:58.584Z]]

routing_nodes:
-----node_id[6YQpKcdoR4yWXY-BPqVSzQ][V]
--------[test][0], node[6YQpKcdoR4yWXY-BPqVSzQ], [P], v[1], s[INITIALIZING], a[id=e03NOnYWS0asbwreVqEZHw], unassigned_info[[reason=INDEX_CREATED], at[2016-03-31T06:01:58.584Z]]
-----node_id[ABvR8raGRuS_s0xvV8c6Dg][V]
--------[test][1], node[ABvR8raGRuS_s0xvV8c6Dg], [P], v[2], s[STARTED], a[id=tMHQ55iaT0OxhkdaiDd9Fg]
-----node_id[H5KBmc8nTJKmZS9czP_n_Q][V]
-----node_id[MtrhcOgYRbSrDs6bCp85_Q][V]
--------[test][1], node[MtrhcOgYRbSrDs6bCp85_Q], [R], v[2], s[INITIALIZING], a[id=KqWuuR1bQCmle38qu9o-bA], unassigned_info[[reason=INDEX_CREATED], at[2016-03-31T06:01:58.584Z]]
--------[test][2], node[MtrhcOgYRbSrDs6bCp85_Q], [P], v[1], s[INITIALIZING], a[id=ZKPbmfnPSXKh9799IPT3IQ], unassigned_info[[reason=INDEX_CREATED], at[2016-03-31T06:01:58.584Z]]
---- unassigned
--------[test][2], node[null], [R], v[1], s[UNASSIGNED], unassigned_info[[reason=INDEX_CREATED], at[2016-03-31T06:01:58.584Z]]
--------[test][0], node[null], [R], v[1], s[UNASSIGNED], unassigned_info[[reason=INDEX_CREATED], at[2016-03-31T06:01:58.584Z]]

[2016-03-30 23:01:58,707][DEBUG][org.elasticsearch.cluster.service] [node_t1] set local cluster state to version 8
[2016-03-30 23:01:58,707][TRACE][org.elasticsearch.cluster.service] [node_t3] cluster state updated, source [local-disco-receive(from master)]
version: 8
state uuid: Ow1FnlV6TlS06iZ4Xsg1Gw
from_diff: false
meta data version: 3
nodes: 
   {node_t3}{6YQpKcdoR4yWXY-BPqVSzQ}{local}{local[223]}[master=>false, mode=>local], local
   {node_t4}{H5KBmc8nTJKmZS9czP_n_Q}{local}{local[224]}[mode=>local, master=>false]
   {node_t0}{UjOsuvjjTaSUJkafxhPFgQ}{local}{local[220]}[mode=>local, data=>false, master=>true], master
   {node_t1}{ABvR8raGRuS_s0xvV8c6Dg}{local}{local[221]}[mode=>local, master=>false]
   {node_t2}{MtrhcOgYRbSrDs6bCp85_Q}{local}{local[222]}[master=>false, mode=>local]
routing_table (version 3):
-- index [test]
----shard_id [test][0]
--------[test][0], node[6YQpKcdoR4yWXY-BPqVSzQ], [P], v[1], s[INITIALIZING], a[id=e03NOnYWS0asbwreVqEZHw], unassigned_info[[reason=INDEX_CREATED], at[2016-03-31T06:01:58.584Z]]
--------[test][0], node[null], [R], v[1], s[UNASSIGNED], unassigned_info[[reason=INDEX_CREATED], at[2016-03-31T06:01:58.584Z]]
----shard_id [test][1]
--------[test][1], node[ABvR8raGRuS_s0xvV8c6Dg], [P], v[2], s[STARTED], a[id=tMHQ55iaT0OxhkdaiDd9Fg]
--------[test][1], node[MtrhcOgYRbSrDs6bCp85_Q], [R], v[2], s[INITIALIZING], a[id=KqWuuR1bQCmle38qu9o-bA], unassigned_info[[reason=INDEX_CREATED], at[2016-03-31T06:01:58.584Z]]
----shard_id [test][2]
--------[test][2], node[MtrhcOgYRbSrDs6bCp85_Q], [P], v[1], s[INITIALIZING], a[id=ZKPbmfnPSXKh9799IPT3IQ], unassigned_info[[reason=INDEX_CREATED], at[2016-03-31T06:01:58.584Z]]
--------[test][2], node[null], [R], v[1], s[UNASSIGNED], unassigned_info[[reason=INDEX_CREATED], at[2016-03-31T06:01:58.584Z]]

routing_nodes:
-----node_id[6YQpKcdoR4yWXY-BPqVSzQ][V]
--------[test][0], node[6YQpKcdoR4yWXY-BPqVSzQ], [P], v[1], s[INITIALIZING], a[id=e03NOnYWS0asbwreVqEZHw], unassigned_info[[reason=INDEX_CREATED], at[2016-03-31T06:01:58.584Z]]
-----node_id[ABvR8raGRuS_s0xvV8c6Dg][V]
--------[test][1], node[ABvR8raGRuS_s0xvV8c6Dg], [P], v[2], s[STARTED], a[id=tMHQ55iaT0OxhkdaiDd9Fg]
-----node_id[H5KBmc8nTJKmZS9czP_n_Q][V]
-----node_id[MtrhcOgYRbSrDs6bCp85_Q][V]
--------[test][1], node[MtrhcOgYRbSrDs6bCp85_Q], [R], v[2], s[INITIALIZING], a[id=KqWuuR1bQCmle38qu9o-bA], unassigned_info[[reason=INDEX_CREATED], at[2016-03-31T06:01:58.584Z]]
--------[test][2], node[MtrhcOgYRbSrDs6bCp85_Q], [P], v[1], s[INITIALIZING], a[id=ZKPbmfnPSXKh9799IPT3IQ], unassigned_info[[reason=INDEX_CREATED], at[2016-03-31T06:01:58.584Z]]
---- unassigned
--------[test][2], node[null], [R], v[1], s[UNASSIGNED], unassigned_info[[reason=INDEX_CREATED], at[2016-03-31T06:01:58.584Z]]
--------[test][0], node[null], [R], v[1], s[UNASSIGNED], unassigned_info[[reason=INDEX_CREATED], at[2016-03-31T06:01:58.584Z]]

[2016-03-30 23:01:58,707][TRACE][org.elasticsearch.cluster.service] [node_t4] cluster state updated, source [local-disco-receive(from master)]
version: 8
state uuid: Ow1FnlV6TlS06iZ4Xsg1Gw
from_diff: false
meta data version: 3
nodes: 
   {node_t3}{6YQpKcdoR4yWXY-BPqVSzQ}{local}{local[223]}[mode=>local, master=>false]
   {node_t4}{H5KBmc8nTJKmZS9czP_n_Q}{local}{local[224]}[master=>false, mode=>local], local
   {node_t0}{UjOsuvjjTaSUJkafxhPFgQ}{local}{local[220]}[master=>true, data=>false, mode=>local], master
   {node_t1}{ABvR8raGRuS_s0xvV8c6Dg}{local}{local[221]}[master=>false, mode=>local]
   {node_t2}{MtrhcOgYRbSrDs6bCp85_Q}{local}{local[222]}[master=>false, mode=>local]
routing_table (version 3):
-- index [test]
----shard_id [test][0]
--------[test][0], node[6YQpKcdoR4yWXY-BPqVSzQ], [P], v[1], s[INITIALIZING], a[id=e03NOnYWS0asbwreVqEZHw], unassigned_info[[reason=INDEX_CREATED], at[2016-03-31T06:01:58.584Z]]
--------[test][0], node[null], [R], v[1], s[UNASSIGNED], unassigned_info[[reason=INDEX_CREATED], at[2016-03-31T06:01:58.584Z]]
----shard_id [test][1]
--------[test][1], node[ABvR8raGRuS_s0xvV8c6Dg], [P], v[2], s[STARTED], a[id=tMHQ55iaT0OxhkdaiDd9Fg]
--------[test][1], node[MtrhcOgYRbSrDs6bCp85_Q], [R], v[2], s[INITIALIZING], a[id=KqWuuR1bQCmle38qu9o-bA], unassigned_info[[reason=INDEX_CREATED], at[2016-03-31T06:01:58.584Z]]
----shard_id [test][2]
--------[test][2], node[MtrhcOgYRbSrDs6bCp85_Q], [P], v[1], s[INITIALIZING], a[id=ZKPbmfnPSXKh9799IPT3IQ], unassigned_info[[reason=INDEX_CREATED], at[2016-03-31T06:01:58.584Z]]
--------[test][2], node[null], [R], v[1], s[UNASSIGNED], unassigned_info[[reason=INDEX_CREATED], at[2016-03-31T06:01:58.584Z]]

routing_nodes:
-----node_id[6YQpKcdoR4yWXY-BPqVSzQ][V]
--------[test][0], node[6YQpKcdoR4yWXY-BPqVSzQ], [P], v[1], s[INITIALIZING], a[id=e03NOnYWS0asbwreVqEZHw], unassigned_info[[reason=INDEX_CREATED], at[2016-03-31T06:01:58.584Z]]
-----node_id[ABvR8raGRuS_s0xvV8c6Dg][V]
--------[test][1], node[ABvR8raGRuS_s0xvV8c6Dg], [P], v[2], s[STARTED], a[id=tMHQ55iaT0OxhkdaiDd9Fg]
-----node_id[H5KBmc8nTJKmZS9czP_n_Q][V]
-----node_id[MtrhcOgYRbSrDs6bCp85_Q][V]
--------[test][1], node[MtrhcOgYRbSrDs6bCp85_Q], [R], v[2], s[INITIALIZING], a[id=KqWuuR1bQCmle38qu9o-bA], unassigned_info[[reason=INDEX_CREATED], at[2016-03-31T06:01:58.584Z]]
--------[test][2], node[MtrhcOgYRbSrDs6bCp85_Q], [P], v[1], s[INITIALIZING], a[id=ZKPbmfnPSXKh9799IPT3IQ], unassigned_info[[reason=INDEX_CREATED], at[2016-03-31T06:01:58.584Z]]
---- unassigned
--------[test][2], node[null], [R], v[1], s[UNASSIGNED], unassigned_info[[reason=INDEX_CREATED], at[2016-03-31T06:01:58.584Z]]
--------[test][0], node[null], [R], v[1], s[UNASSIGNED], unassigned_info[[reason=INDEX_CREATED], at[2016-03-31T06:01:58.584Z]]

[2016-03-30 23:01:58,707][TRACE][org.elasticsearch.cluster.service] [node_t2] cluster state updated, source [local-disco-receive(from master)]
version: 8
state uuid: Ow1FnlV6TlS06iZ4Xsg1Gw
from_diff: false
meta data version: 3
nodes: 
   {node_t3}{6YQpKcdoR4yWXY-BPqVSzQ}{local}{local[223]}[master=>false, mode=>local]
   {node_t4}{H5KBmc8nTJKmZS9czP_n_Q}{local}{local[224]}[master=>false, mode=>local]
   {node_t0}{UjOsuvjjTaSUJkafxhPFgQ}{local}{local[220]}[data=>false, master=>true, mode=>local], master
   {node_t1}{ABvR8raGRuS_s0xvV8c6Dg}{local}{local[221]}[master=>false, mode=>local]
   {node_t2}{MtrhcOgYRbSrDs6bCp85_Q}{local}{local[222]}[master=>false, mode=>local], local
routing_table (version 3):
-- index [test]
----shard_id [test][0]
--------[test][0], node[6YQpKcdoR4yWXY-BPqVSzQ], [P], v[1], s[INITIALIZING], a[id=e03NOnYWS0asbwreVqEZHw], unassigned_info[[reason=INDEX_CREATED], at[2016-03-31T06:01:58.584Z]]
--------[test][0], node[null], [R], v[1], s[UNASSIGNED], unassigned_info[[reason=INDEX_CREATED], at[2016-03-31T06:01:58.584Z]]
----shard_id [test][1]
--------[test][1], node[ABvR8raGRuS_s0xvV8c6Dg], [P], v[2], s[STARTED], a[id=tMHQ55iaT0OxhkdaiDd9Fg]
--------[test][1], node[MtrhcOgYRbSrDs6bCp85_Q], [R], v[2], s[INITIALIZING], a[id=KqWuuR1bQCmle38qu9o-bA], unassigned_info[[reason=INDEX_CREATED], at[2016-03-31T06:01:58.584Z]]
----shard_id [test][2]
--------[test][2], node[MtrhcOgYRbSrDs6bCp85_Q], [P], v[1], s[INITIALIZING], a[id=ZKPbmfnPSXKh9799IPT3IQ], unassigned_info[[reason=INDEX_CREATED], at[2016-03-31T06:01:58.584Z]]
--------[test][2], node[null], [R], v[1], s[UNASSIGNED], unassigned_info[[reason=INDEX_CREATED], at[2016-03-31T06:01:58.584Z]]

routing_nodes:
-----node_id[6YQpKcdoR4yWXY-BPqVSzQ][V]
--------[test][0], node[6YQpKcdoR4yWXY-BPqVSzQ], [P], v[1], s[INITIALIZING], a[id=e03NOnYWS0asbwreVqEZHw], unassigned_info[[reason=INDEX_CREATED], at[2016-03-31T06:01:58.584Z]]
-----node_id[ABvR8raGRuS_s0xvV8c6Dg][V]
--------[test][1], node[ABvR8raGRuS_s0xvV8c6Dg], [P], v[2], s[STARTED], a[id=tMHQ55iaT0OxhkdaiDd9Fg]
-----node_id[H5KBmc8nTJKmZS9czP_n_Q][V]
-----node_id[MtrhcOgYRbSrDs6bCp85_Q][V]
--------[test][1], node[MtrhcOgYRbSrDs6bCp85_Q], [R], v[2], s[INITIALIZING], a[id=KqWuuR1bQCmle38qu9o-bA], unassigned_info[[reason=INDEX_CREATED], at[2016-03-31T06:01:58.584Z]]
--------[test][2], node[MtrhcOgYRbSrDs6bCp85_Q], [P], v[1], s[INITIALIZING], a[id=ZKPbmfnPSXKh9799IPT3IQ], unassigned_info[[reason=INDEX_CREATED], at[2016-03-31T06:01:58.584Z]]
---- unassigned
--------[test][2], node[null], [R], v[1], s[UNASSIGNED], unassigned_info[[reason=INDEX_CREATED], at[2016-03-31T06:01:58.584Z]]
--------[test][0], node[null], [R], v[1], s[UNASSIGNED], unassigned_info[[reason=INDEX_CREATED], at[2016-03-31T06:01:58.584Z]]

[2016-03-30 23:01:58,709][DEBUG][org.elasticsearch.cluster.service] [node_t4] set local cluster state to version 8
[2016-03-30 23:01:58,708][DEBUG][org.elasticsearch.cluster.service] [node_t3] set local cluster state to version 8
[2016-03-30 23:01:58,710][DEBUG][org.elasticsearch.cluster.service] [node_t2] set local cluster state to version 8
[2016-03-30 23:01:58,711][DEBUG][org.elasticsearch.cluster.service] [node_t4] processing [local-disco-receive(from master)]: took 4ms done applying updated cluster_state (version: 8, uuid: Ow1FnlV6TlS06iZ4Xsg1Gw)
[2016-03-30 23:01:58,718][DEBUG][org.elasticsearch.cluster.service] [node_t3] processing [local-disco-receive(from master)]: took 11ms done applying updated cluster_state (version: 8, uuid: Ow1FnlV6TlS06iZ4Xsg1Gw)
[2016-03-30 23:01:58,722][DEBUG][org.elasticsearch.cluster.service] [node_t1] processing [local-disco-receive(from master)]: took 15ms done applying updated cluster_state (version: 8, uuid: Ow1FnlV6TlS06iZ4Xsg1Gw)
[2016-03-30 23:01:58,739][DEBUG][org.elasticsearch.cluster.service] [node_t2] processing [local-disco-receive(from master)]: took 32ms done applying updated cluster_state (version: 8, uuid: Ow1FnlV6TlS06iZ4Xsg1Gw)
[2016-03-30 23:01:58,739][DEBUG][org.elasticsearch.cluster.service] [node_t0] set local cluster state to version 8
[2016-03-30 23:01:58,746][DEBUG][org.elasticsearch.cluster.service] [node_t0] processing [shard-started ([test][1], node[ABvR8raGRuS_s0xvV8c6Dg], [P], v[1], s[INITIALIZING], a[id=tMHQ55iaT0OxhkdaiDd9Fg], unassigned_info[[reason=INDEX_CREATED], at[2016-03-31T06:01:58.584Z]]), reason [after recovery from store]]: took 42ms done applying updated cluster_state (version: 8, uuid: Ow1FnlV6TlS06iZ4Xsg1Gw)
[2016-03-30 23:01:58,746][TRACE][org.elasticsearch.cluster.service] [node_t0] will process [shard-started ([test][2], node[MtrhcOgYRbSrDs6bCp85_Q], [P], v[1], s[INITIALIZING], a[id=ZKPbmfnPSXKh9799IPT3IQ], unassigned_info[[reason=INDEX_CREATED], at[2016-03-31T06:01:58.584Z]]), reason [after recovery from store]]
[2016-03-30 23:01:58,746][TRACE][org.elasticsearch.cluster.service] [node_t0] will process [shard-started ([test][0], node[6YQpKcdoR4yWXY-BPqVSzQ], [P], v[1], s[INITIALIZING], a[id=e03NOnYWS0asbwreVqEZHw], unassigned_info[[reason=INDEX_CREATED], at[2016-03-31T06:01:58.584Z]]), reason [after recovery from store]]
[2016-03-30 23:01:58,746][TRACE][org.elasticsearch.cluster.service] [node_t0] will process [shard-started ([test][0], node[6YQpKcdoR4yWXY-BPqVSzQ], [P], v[1], s[INITIALIZING], a[id=e03NOnYWS0asbwreVqEZHw], unassigned_info[[reason=INDEX_CREATED], at[2016-03-31T06:01:58.584Z]]), reason [master {node_t0}{UjOsuvjjTaSUJkafxhPFgQ}{local}{local[220]}[mode=>local, data=>false, master=>true] marked shard as initializing, but shard state is [POST_RECOVERY], mark shard as started]]
[2016-03-30 23:01:58,746][TRACE][org.elasticsearch.cluster.service] [node_t0] will process [shard-started ([test][2], node[MtrhcOgYRbSrDs6bCp85_Q], [P], v[1], s[INITIALIZING], a[id=ZKPbmfnPSXKh9799IPT3IQ], unassigned_info[[reason=INDEX_CREATED], at[2016-03-31T06:01:58.584Z]]), reason [master {node_t0}{UjOsuvjjTaSUJkafxhPFgQ}{local}{local[220]}[data=>false, master=>true, mode=>local] marked shard as initializing, but shard state is [POST_RECOVERY], mark shard as started]]
[2016-03-30 23:01:58,746][DEBUG][org.elasticsearch.cluster.service] [node_t0] processing [shard-started ([test][2], node[MtrhcOgYRbSrDs6bCp85_Q], [P], v[1], s[INITIALIZING], a[id=ZKPbmfnPSXKh9799IPT3IQ], unassigned_info[[reason=INDEX_CREATED], at[2016-03-31T06:01:58.584Z]]), reason [after recovery from store],shard-started ([test][0], node[6YQpKcdoR4yWXY-BPqVSzQ], [P], v[1], s[INITIALIZING], a[id=e03NOnYWS0asbwreVqEZHw], unassigned_info[[reason=INDEX_CREATED], at[2016-03-31T06:01:58.584Z]]), reason [after recovery from store],shard-started ([test][0], node[6YQpKcdoR4yWXY-BPqVSzQ], [P], v[1], s[INITIALIZING], a[id=e03NOnYWS0asbwreVqEZHw], unassigned_info[[reason=INDEX_CREATED], at[2016-03-31T06:01:58.584Z]]), reason [master {node_t0}{UjOsuvjjTaSUJkafxhPFgQ}{local}{local[220]}[mode=>local, data=>false, master=>true] marked shard as initializing, but shard state is [POST_RECOVERY], mark shard as started],shard-started ([test][2], node[MtrhcOgYRbSrDs6bCp85_Q], [P], v[1], s[INITIALIZING], a[id=ZKPbmfnPSXKh9799IPT3IQ], unassigned_info[[reason=INDEX_CREATED], at[2016-03-31T06:01:58.584Z]]), reason [master {node_t0}{UjOsuvjjTaSUJkafxhPFgQ}{local}{local[220]}[data=>false, master=>true, mode=>local] marked shard as initializing, but shard state is [POST_RECOVERY], mark shard as started]]: execute
[2016-03-30 23:01:58,748][TRACE][org.elasticsearch.cluster.service] [node_t0] cluster state updated, source [shard-started ([test][2], node[MtrhcOgYRbSrDs6bCp85_Q], [P], v[1], s[INITIALIZING], a[id=ZKPbmfnPSXKh9799IPT3IQ], unassigned_info[[reason=INDEX_CREATED], at[2016-03-31T06:01:58.584Z]]), reason [after recovery from store],shard-started ([test][0], node[6YQpKcdoR4yWXY-BPqVSzQ], [P], v[1], s[INITIALIZING], a[id=e03NOnYWS0asbwreVqEZHw], unassigned_info[[reason=INDEX_CREATED], at[2016-03-31T06:01:58.584Z]]), reason [after recovery from store],shard-started ([test][0], node[6YQpKcdoR4yWXY-BPqVSzQ], [P], v[1], s[INITIALIZING], a[id=e03NOnYWS0asbwreVqEZHw], unassigned_info[[reason=INDEX_CREATED], at[2016-03-31T06:01:58.584Z]]), reason [master {node_t0}{UjOsuvjjTaSUJkafxhPFgQ}{local}{local[220]}[mode=>local, data=>false, master=>true] marked shard as initializing, but shard state is [POST_RECOVERY], mark shard as started],shard-started ([test][2], node[MtrhcOgYRbSrDs6bCp85_Q], [P], v[1], s[INITIALIZING], a[id=ZKPbmfnPSXKh9799IPT3IQ], unassigned_info[[reason=INDEX_CREATED], at[2016-03-31T06:01:58.584Z]]), reason [master {node_t0}{UjOsuvjjTaSUJkafxhPFgQ}{local}{local[220]}[data=>false, master=>true, mode=>local] marked shard as initializing, but shard state is [POST_RECOVERY], mark shard as started]]
version: 9
state uuid: o9ndIrmWShisoqvco05f4Q
from_diff: false
meta data version: 4
nodes: 
   {node_t3}{6YQpKcdoR4yWXY-BPqVSzQ}{local}{local[223]}[master=>false, mode=>local]
   {node_t4}{H5KBmc8nTJKmZS9czP_n_Q}{local}{local[224]}[master=>false, mode=>local]
   {node_t0}{UjOsuvjjTaSUJkafxhPFgQ}{local}{local[220]}[master=>true, mode=>local, data=>false], local, master
   {node_t1}{ABvR8raGRuS_s0xvV8c6Dg}{local}{local[221]}[master=>false, mode=>local]
   {node_t2}{MtrhcOgYRbSrDs6bCp85_Q}{local}{local[222]}[master=>false, mode=>local]
routing_table (version 4):
-- index [test]
----shard_id [test][0]
--------[test][0], node[6YQpKcdoR4yWXY-BPqVSzQ], [P], v[2], s[STARTED], a[id=e03NOnYWS0asbwreVqEZHw]
--------[test][0], node[ABvR8raGRuS_s0xvV8c6Dg], [R], v[2], s[INITIALIZING], a[id=Bcio5yOhTKehG4xDOqsIAQ], unassigned_info[[reason=INDEX_CREATED], at[2016-03-31T06:01:58.584Z]]
----shard_id [test][1]
--------[test][1], node[ABvR8raGRuS_s0xvV8c6Dg], [P], v[2], s[STARTED], a[id=tMHQ55iaT0OxhkdaiDd9Fg]
--------[test][1], node[MtrhcOgYRbSrDs6bCp85_Q], [R], v[2], s[INITIALIZING], a[id=KqWuuR1bQCmle38qu9o-bA], unassigned_info[[reason=INDEX_CREATED], at[2016-03-31T06:01:58.584Z]]
----shard_id [test][2]
--------[test][2], node[6YQpKcdoR4yWXY-BPqVSzQ], [R], v[2], s[INITIALIZING], a[id=QzbKn-zsQyKhr78FS65yww], unassigned_info[[reason=INDEX_CREATED], at[2016-03-31T06:01:58.584Z]]
--------[test][2], node[MtrhcOgYRbSrDs6bCp85_Q], [P], v[2], s[STARTED], a[id=ZKPbmfnPSXKh9799IPT3IQ]

routing_nodes:
-----node_id[6YQpKcdoR4yWXY-BPqVSzQ][V]
--------[test][2], node[6YQpKcdoR4yWXY-BPqVSzQ], [R], v[2], s[INITIALIZING], a[id=QzbKn-zsQyKhr78FS65yww], unassigned_info[[reason=INDEX_CREATED], at[2016-03-31T06:01:58.584Z]]
--------[test][0], node[6YQpKcdoR4yWXY-BPqVSzQ], [P], v[2], s[STARTED], a[id=e03NOnYWS0asbwreVqEZHw]
-----node_id[ABvR8raGRuS_s0xvV8c6Dg][V]
--------[test][1], node[ABvR8raGRuS_s0xvV8c6Dg], [P], v[2], s[STARTED], a[id=tMHQ55iaT0OxhkdaiDd9Fg]
--------[test][0], node[ABvR8raGRuS_s0xvV8c6Dg], [R], v[2], s[INITIALIZING], a[id=Bcio5yOhTKehG4xDOqsIAQ], unassigned_info[[reason=INDEX_CREATED], at[2016-03-31T06:01:58.584Z]]
-----node_id[H5KBmc8nTJKmZS9czP_n_Q][V]
-----node_id[MtrhcOgYRbSrDs6bCp85_Q][V]
--------[test][1], node[MtrhcOgYRbSrDs6bCp85_Q], [R], v[2], s[INITIALIZING], a[id=KqWuuR1bQCmle38qu9o-bA], unassigned_info[[reason=INDEX_CREATED], at[2016-03-31T06:01:58.584Z]]
--------[test][2], node[MtrhcOgYRbSrDs6bCp85_Q], [P], v[2], s[STARTED], a[id=ZKPbmfnPSXKh9799IPT3IQ]
---- unassigned

[2016-03-30 23:01:58,748][DEBUG][org.elasticsearch.cluster.service] [node_t0] publishing cluster state version [9]
[2016-03-30 23:01:58,749][TRACE][org.elasticsearch.cluster.service] [node_t1] will process [local-disco-receive(from master)]
[2016-03-30 23:01:58,750][DEBUG][org.elasticsearch.cluster.service] [node_t1] processing [local-disco-receive(from master)]: execute
[2016-03-30 23:01:58,750][TRACE][org.elasticsearch.cluster.service] [node_t4] will process [local-disco-receive(from master)]
[2016-03-30 23:01:58,750][DEBUG][org.elasticsearch.cluster.service] [node_t4] processing [local-disco-receive(from master)]: execute
[2016-03-30 23:01:58,751][TRACE][org.elasticsearch.cluster.service] [node_t4] cluster state updated, source [local-disco-receive(from master)]
version: 9
state uuid: o9ndIrmWShisoqvco05f4Q
from_diff: false
meta data version: 4
nodes: 
   {node_t3}{6YQpKcdoR4yWXY-BPqVSzQ}{local}{local[223]}[mode=>local, master=>false]
   {node_t4}{H5KBmc8nTJKmZS9czP_n_Q}{local}{local[224]}[master=>false, mode=>local], local
   {node_t0}{UjOsuvjjTaSUJkafxhPFgQ}{local}{local[220]}[master=>true, data=>false, mode=>local], master
   {node_t1}{ABvR8raGRuS_s0xvV8c6Dg}{local}{local[221]}[master=>false, mode=>local]
   {node_t2}{MtrhcOgYRbSrDs6bCp85_Q}{local}{local[222]}[master=>false, mode=>local]
routing_table (version 4):
-- index [test]
----shard_id [test][0]
--------[test][0], node[6YQpKcdoR4yWXY-BPqVSzQ], [P], v[2], s[STARTED], a[id=e03NOnYWS0asbwreVqEZHw]
--------[test][0], node[ABvR8raGRuS_s0xvV8c6Dg], [R], v[2], s[INITIALIZING], a[id=Bcio5yOhTKehG4xDOqsIAQ], unassigned_info[[reason=INDEX_CREATED], at[2016-03-31T06:01:58.584Z]]
----shard_id [test][1]
--------[test][1], node[ABvR8raGRuS_s0xvV8c6Dg], [P], v[2], s[STARTED], a[id=tMHQ55iaT0OxhkdaiDd9Fg]
--------[test][1], node[MtrhcOgYRbSrDs6bCp85_Q], [R], v[2], s[INITIALIZING], a[id=KqWuuR1bQCmle38qu9o-bA], unassigned_info[[reason=INDEX_CREATED], at[2016-03-31T06:01:58.584Z]]
----shard_id [test][2]
--------[test][2], node[6YQpKcdoR4yWXY-BPqVSzQ], [R], v[2], s[INITIALIZING], a[id=QzbKn-zsQyKhr78FS65yww], unassigned_info[[reason=INDEX_CREATED], at[2016-03-31T06:01:58.584Z]]
--------[test][2], node[MtrhcOgYRbSrDs6bCp85_Q], [P], v[2], s[STARTED], a[id=ZKPbmfnPSXKh9799IPT3IQ]

routing_nodes:
-----node_id[6YQpKcdoR4yWXY-BPqVSzQ][V]
--------[test][2], node[6YQpKcdoR4yWXY-BPqVSzQ], [R], v[2], s[INITIALIZING], a[id=QzbKn-zsQyKhr78FS65yww], unassigned_info[[reason=INDEX_CREATED], at[2016-03-31T06:01:58.584Z]]
--------[test][0], node[6YQpKcdoR4yWXY-BPqVSzQ], [P], v[2], s[STARTED], a[id=e03NOnYWS0asbwreVqEZHw]
-----node_id[ABvR8raGRuS_s0xvV8c6Dg][V]
--------[test][1], node[ABvR8raGRuS_s0xvV8c6Dg], [P], v[2], s[STARTED], a[id=tMHQ55iaT0OxhkdaiDd9Fg]
--------[test][0], node[ABvR8raGRuS_s0xvV8c6Dg], [R], v[2], s[INITIALIZING], a[id=Bcio5yOhTKehG4xDOqsIAQ], unassigned_info[[reason=INDEX_CREATED], at[2016-03-31T06:01:58.584Z]]
-----node_id[H5KBmc8nTJKmZS9czP_n_Q][V]
-----node_id[MtrhcOgYRbSrDs6bCp85_Q][V]
--------[test][1], node[MtrhcOgYRbSrDs6bCp85_Q], [R], v[2], s[INITIALIZING], a[id=KqWuuR1bQCmle38qu9o-bA], unassigned_info[[reason=INDEX_CREATED], at[2016-03-31T06:01:58.584Z]]
--------[test][2], node[MtrhcOgYRbSrDs6bCp85_Q], [P], v[2], s[STARTED], a[id=ZKPbmfnPSXKh9799IPT3IQ]
---- unassigned

[2016-03-30 23:01:58,751][DEBUG][org.elasticsearch.cluster.service] [node_t4] set local cluster state to version 9
[2016-03-30 23:01:58,752][TRACE][org.elasticsearch.cluster.service] [node_t3] will process [local-disco-receive(from master)]
[2016-03-30 23:01:58,750][TRACE][org.elasticsearch.cluster.service] [node_t2] will process [local-disco-receive(from master)]
[2016-03-30 23:01:58,761][DEBUG][org.elasticsearch.cluster.service] [node_t2] processing [local-disco-receive(from master)]: execute
[2016-03-30 23:01:58,761][DEBUG][org.elasticsearch.cluster.service] [node_t4] processing [local-disco-receive(from master)]: took 10ms done applying updated cluster_state (version: 9, uuid: o9ndIrmWShisoqvco05f4Q)
[2016-03-30 23:01:58,761][DEBUG][org.elasticsearch.cluster.service] [node_t3] processing [local-disco-receive(from master)]: execute
[2016-03-30 23:01:58,762][TRACE][org.elasticsearch.cluster.service] [node_t2] cluster state updated, source [local-disco-receive(from master)]
version: 9
state uuid: o9ndIrmWShisoqvco05f4Q
from_diff: false
meta data version: 4
nodes: 
   {node_t3}{6YQpKcdoR4yWXY-BPqVSzQ}{local}{local[223]}[master=>false, mode=>local]
   {node_t4}{H5KBmc8nTJKmZS9czP_n_Q}{local}{local[224]}[master=>false, mode=>local]
   {node_t0}{UjOsuvjjTaSUJkafxhPFgQ}{local}{local[220]}[data=>false, master=>true, mode=>local], master
   {node_t1}{ABvR8raGRuS_s0xvV8c6Dg}{local}{local[221]}[master=>false, mode=>local]
   {node_t2}{MtrhcOgYRbSrDs6bCp85_Q}{local}{local[222]}[master=>false, mode=>local], local
routing_table (version 4):
-- index [test]
----shard_id [test][0]
--------[test][0], node[6YQpKcdoR4yWXY-BPqVSzQ], [P], v[2], s[STARTED], a[id=e03NOnYWS0asbwreVqEZHw]
--------[test][0], node[ABvR8raGRuS_s0xvV8c6Dg], [R], v[2], s[INITIALIZING], a[id=Bcio5yOhTKehG4xDOqsIAQ], unassigned_info[[reason=INDEX_CREATED], at[2016-03-31T06:01:58.584Z]]
----shard_id [test][1]
--------[test][1], node[ABvR8raGRuS_s0xvV8c6Dg], [P], v[2], s[STARTED], a[id=tMHQ55iaT0OxhkdaiDd9Fg]
--------[test][1], node[MtrhcOgYRbSrDs6bCp85_Q], [R], v[2], s[INITIALIZING], a[id=KqWuuR1bQCmle38qu9o-bA], unassigned_info[[reason=INDEX_CREATED], at[2016-03-31T06:01:58.584Z]]
----shard_id [test][2]
--------[test][2], node[6YQpKcdoR4yWXY-BPqVSzQ], [R], v[2], s[INITIALIZING], a[id=QzbKn-zsQyKhr78FS65yww], unassigned_info[[reason=INDEX_CREATED], at[2016-03-31T06:01:58.584Z]]
--------[test][2], node[MtrhcOgYRbSrDs6bCp85_Q], [P], v[2], s[STARTED], a[id=ZKPbmfnPSXKh9799IPT3IQ]

routing_nodes:
-----node_id[6YQpKcdoR4yWXY-BPqVSzQ][V]
--------[test][2], node[6YQpKcdoR4yWXY-BPqVSzQ], [R], v[2], s[INITIALIZING], a[id=QzbKn-zsQyKhr78FS65yww], unassigned_info[[reason=INDEX_CREATED], at[2016-03-31T06:01:58.584Z]]
--------[test][0], node[6YQpKcdoR4yWXY-BPqVSzQ], [P], v[2], s[STARTED], a[id=e03NOnYWS0asbwreVqEZHw]
-----node_id[ABvR8raGRuS_s0xvV8c6Dg][V]
--------[test][1], node[ABvR8raGRuS_s0xvV8c6Dg], [P], v[2], s[STARTED], a[id=tMHQ55iaT0OxhkdaiDd9Fg]
--------[test][0], node[ABvR8raGRuS_s0xvV8c6Dg], [R], v[2], s[INITIALIZING], a[id=Bcio5yOhTKehG4xDOqsIAQ], unassigned_info[[reason=INDEX_CREATED], at[2016-03-31T06:01:58.584Z]]
-----node_id[H5KBmc8nTJKmZS9czP_n_Q][V]
-----node_id[MtrhcOgYRbSrDs6bCp85_Q][V]
--------[test][1], node[MtrhcOgYRbSrDs6bCp85_Q], [R], v[2], s[INITIALIZING], a[id=KqWuuR1bQCmle38qu9o-bA], unassigned_info[[reason=INDEX_CREATED], at[2016-03-31T06:01:58.584Z]]
--------[test][2], node[MtrhcOgYRbSrDs6bCp85_Q], [P], v[2], s[STARTED], a[id=ZKPbmfnPSXKh9799IPT3IQ]
---- unassigned

[2016-03-30 23:01:58,762][DEBUG][org.elasticsearch.cluster.service] [node_t2] set local cluster state to version 9
[2016-03-30 23:01:58,752][TRACE][org.elasticsearch.cluster.service] [node_t1] cluster state updated, source [local-disco-receive(from master)]
version: 9
state uuid: o9ndIrmWShisoqvco05f4Q
from_diff: false
meta data version: 4
nodes: 
   {node_t3}{6YQpKcdoR4yWXY-BPqVSzQ}{local}{local[223]}[mode=>local, master=>false]
   {node_t4}{H5KBmc8nTJKmZS9czP_n_Q}{local}{local[224]}[mode=>local, master=>false]
   {node_t0}{UjOsuvjjTaSUJkafxhPFgQ}{local}{local[220]}[master=>true, mode=>local, data=>false], master
   {node_t1}{ABvR8raGRuS_s0xvV8c6Dg}{local}{local[221]}[master=>false, mode=>local], local
   {node_t2}{MtrhcOgYRbSrDs6bCp85_Q}{local}{local[222]}[master=>false, mode=>local]
routing_table (version 4):
-- index [test]
----shard_id [test][0]
--------[test][0], node[6YQpKcdoR4yWXY-BPqVSzQ], [P], v[2], s[STARTED], a[id=e03NOnYWS0asbwreVqEZHw]
--------[test][0], node[ABvR8raGRuS_s0xvV8c6Dg], [R], v[2], s[INITIALIZING], a[id=Bcio5yOhTKehG4xDOqsIAQ], unassigned_info[[reason=INDEX_CREATED], at[2016-03-31T06:01:58.584Z]]
----shard_id [test][1]
--------[test][1], node[ABvR8raGRuS_s0xvV8c6Dg], [P], v[2], s[STARTED], a[id=tMHQ55iaT0OxhkdaiDd9Fg]
--------[test][1], node[MtrhcOgYRbSrDs6bCp85_Q], [R], v[2], s[INITIALIZING], a[id=KqWuuR1bQCmle38qu9o-bA], unassigned_info[[reason=INDEX_CREATED], at[2016-03-31T06:01:58.584Z]]
----shard_id [test][2]
--------[test][2], node[6YQpKcdoR4yWXY-BPqVSzQ], [R], v[2], s[INITIALIZING], a[id=QzbKn-zsQyKhr78FS65yww], unassigned_info[[reason=INDEX_CREATED], at[2016-03-31T06:01:58.584Z]]
--------[test][2], node[MtrhcOgYRbSrDs6bCp85_Q], [P], v[2], s[STARTED], a[id=ZKPbmfnPSXKh9799IPT3IQ]

routing_nodes:
-----node_id[6YQpKcdoR4yWXY-BPqVSzQ][V]
--------[test][2], node[6YQpKcdoR4yWXY-BPqVSzQ], [R], v[2], s[INITIALIZING], a[id=QzbKn-zsQyKhr78FS65yww], unassigned_info[[reason=INDEX_CREATED], at[2016-03-31T06:01:58.584Z]]
--------[test][0], node[6YQpKcdoR4yWXY-BPqVSzQ], [P], v[2], s[STARTED], a[id=e03NOnYWS0asbwreVqEZHw]
-----node_id[ABvR8raGRuS_s0xvV8c6Dg][V]
--------[test][1], node[ABvR8raGRuS_s0xvV8c6Dg], [P], v[2], s[STARTED], a[id=tMHQ55iaT0OxhkdaiDd9Fg]
--------[test][0], node[ABvR8raGRuS_s0xvV8c6Dg], [R], v[2], s[INITIALIZING], a[id=Bcio5yOhTKehG4xDOqsIAQ], unassigned_info[[reason=INDEX_CREATED], at[2016-03-31T06:01:58.584Z]]
-----node_id[H5KBmc8nTJKmZS9czP_n_Q][V]
-----node_id[MtrhcOgYRbSrDs6bCp85_Q][V]
--------[test][1], node[MtrhcOgYRbSrDs6bCp85_Q], [R], v[2], s[INITIALIZING], a[id=KqWuuR1bQCmle38qu9o-bA], unassigned_info[[reason=INDEX_CREATED], at[2016-03-31T06:01:58.584Z]]
--------[test][2], node[MtrhcOgYRbSrDs6bCp85_Q], [P], v[2], s[STARTED], a[id=ZKPbmfnPSXKh9799IPT3IQ]
---- unassigned

[2016-03-30 23:01:58,766][DEBUG][org.elasticsearch.cluster.service] [node_t1] set local cluster state to version 9
[2016-03-30 23:01:58,762][TRACE][org.elasticsearch.cluster.service] [node_t3] cluster state updated, source [local-disco-receive(from master)]
version: 9
state uuid: o9ndIrmWShisoqvco05f4Q
from_diff: false
meta data version: 4
nodes: 
   {node_t3}{6YQpKcdoR4yWXY-BPqVSzQ}{local}{local[223]}[master=>false, mode=>local], local
   {node_t4}{H5KBmc8nTJKmZS9czP_n_Q}{local}{local[224]}[mode=>local, master=>false]
   {node_t0}{UjOsuvjjTaSUJkafxhPFgQ}{local}{local[220]}[mode=>local, data=>false, master=>true], master
   {node_t1}{ABvR8raGRuS_s0xvV8c6Dg}{local}{local[221]}[mode=>local, master=>false]
   {node_t2}{MtrhcOgYRbSrDs6bCp85_Q}{local}{local[222]}[master=>false, mode=>local]
routing_table (version 4):
-- index [test]
----shard_id [test][0]
--------[test][0], node[6YQpKcdoR4yWXY-BPqVSzQ], [P], v[2], s[STARTED], a[id=e03NOnYWS0asbwreVqEZHw]
--------[test][0], node[ABvR8raGRuS_s0xvV8c6Dg], [R], v[2], s[INITIALIZING], a[id=Bcio5yOhTKehG4xDOqsIAQ], unassigned_info[[reason=INDEX_CREATED], at[2016-03-31T06:01:58.584Z]]
----shard_id [test][1]
--------[test][1], node[ABvR8raGRuS_s0xvV8c6Dg], [P], v[2], s[STARTED], a[id=tMHQ55iaT0OxhkdaiDd9Fg]
--------[test][1], node[MtrhcOgYRbSrDs6bCp85_Q], [R], v[2], s[INITIALIZING], a[id=KqWuuR1bQCmle38qu9o-bA], unassigned_info[[reason=INDEX_CREATED], at[2016-03-31T06:01:58.584Z]]
----shard_id [test][2]
--------[test][2], node[6YQpKcdoR4yWXY-BPqVSzQ], [R], v[2], s[INITIALIZING], a[id=QzbKn-zsQyKhr78FS65yww], unassigned_info[[reason=INDEX_CREATED], at[2016-03-31T06:01:58.584Z]]
--------[test][2], node[MtrhcOgYRbSrDs6bCp85_Q], [P], v[2], s[STARTED], a[id=ZKPbmfnPSXKh9799IPT3IQ]

routing_nodes:
-----node_id[6YQpKcdoR4yWXY-BPqVSzQ][V]
--------[test][2], node[6YQpKcdoR4yWXY-BPqVSzQ], [R], v[2], s[INITIALIZING], a[id=QzbKn-zsQyKhr78FS65yww], unassigned_info[[reason=INDEX_CREATED], at[2016-03-31T06:01:58.584Z]]
--------[test][0], node[6YQpKcdoR4yWXY-BPqVSzQ], [P], v[2], s[STARTED], a[id=e03NOnYWS0asbwreVqEZHw]
-----node_id[ABvR8raGRuS_s0xvV8c6Dg][V]
--------[test][1], node[ABvR8raGRuS_s0xvV8c6Dg], [P], v[2], s[STARTED], a[id=tMHQ55iaT0OxhkdaiDd9Fg]
--------[test][0], node[ABvR8raGRuS_s0xvV8c6Dg], [R], v[2], s[INITIALIZING], a[id=Bcio5yOhTKehG4xDOqsIAQ], unassigned_info[[reason=INDEX_CREATED], at[2016-03-31T06:01:58.584Z]]
-----node_id[H5KBmc8nTJKmZS9czP_n_Q][V]
-----node_id[MtrhcOgYRbSrDs6bCp85_Q][V]
--------[test][1], node[MtrhcOgYRbSrDs6bCp85_Q], [R], v[2], s[INITIALIZING], a[id=KqWuuR1bQCmle38qu9o-bA], unassigned_info[[reason=INDEX_CREATED], at[2016-03-31T06:01:58.584Z]]
--------[test][2], node[MtrhcOgYRbSrDs6bCp85_Q], [P], v[2], s[STARTED], a[id=ZKPbmfnPSXKh9799IPT3IQ]
---- unassigned

[2016-03-30 23:01:58,768][DEBUG][org.elasticsearch.cluster.service] [node_t3] set local cluster state to version 9
[2016-03-30 23:01:58,782][DEBUG][org.elasticsearch.cluster.service] [node_t2] processing [local-disco-receive(from master)]: took 20ms done applying updated cluster_state (version: 9, uuid: o9ndIrmWShisoqvco05f4Q)
[2016-03-30 23:01:58,800][DEBUG][org.elasticsearch.cluster.service] [node_t1] processing [local-disco-receive(from master)]: took 49ms done applying updated cluster_state (version: 9, uuid: o9ndIrmWShisoqvco05f4Q)
[2016-03-30 23:01:58,804][DEBUG][org.elasticsearch.cluster.service] [node_t3] processing [local-disco-receive(from master)]: took 42ms done applying updated cluster_state (version: 9, uuid: o9ndIrmWShisoqvco05f4Q)
[2016-03-30 23:01:58,804][DEBUG][org.elasticsearch.cluster.service] [node_t0] set local cluster state to version 9
[2016-03-30 23:01:58,811][DEBUG][org.elasticsearch.cluster.service] [node_t0] processing [shard-started ([test][2], node[MtrhcOgYRbSrDs6bCp85_Q], [P], v[1], s[INITIALIZING], a[id=ZKPbmfnPSXKh9799IPT3IQ], unassigned_info[[reason=INDEX_CREATED], at[2016-03-31T06:01:58.584Z]]), reason [after recovery from store],shard-started ([test][0], node[6YQpKcdoR4yWXY-BPqVSzQ], [P], v[1], s[INITIALIZING], a[id=e03NOnYWS0asbwreVqEZHw], unassigned_info[[reason=INDEX_CREATED], at[2016-03-31T06:01:58.584Z]]), reason [after recovery from store],shard-started ([test][0], node[6YQpKcdoR4yWXY-BPqVSzQ], [P], v[1], s[INITIALIZING], a[id=e03NOnYWS0asbwreVqEZHw], unassigned_info[[reason=INDEX_CREATED], at[2016-03-31T06:01:58.584Z]]), reason [master {node_t0}{UjOsuvjjTaSUJkafxhPFgQ}{local}{local[220]}[mode=>local, data=>false, master=>true] marked shard as initializing, but shard state is [POST_RECOVERY], mark shard as started],shard-started ([test][2], node[MtrhcOgYRbSrDs6bCp85_Q], [P], v[1], s[INITIALIZING], a[id=ZKPbmfnPSXKh9799IPT3IQ], unassigned_info[[reason=INDEX_CREATED], at[2016-03-31T06:01:58.584Z]]), reason [master {node_t0}{UjOsuvjjTaSUJkafxhPFgQ}{local}{local[220]}[data=>false, master=>true, mode=>local] marked shard as initializing, but shard state is [POST_RECOVERY], mark shard as started]]: took 64ms done applying updated cluster_state (version: 9, uuid: o9ndIrmWShisoqvco05f4Q)
[2016-03-30 23:01:58,881][TRACE][org.elasticsearch.cluster.service] [node_t0] will process [shard-started ([test][1], node[MtrhcOgYRbSrDs6bCp85_Q], [R], v[2], s[INITIALIZING], a[id=KqWuuR1bQCmle38qu9o-bA], unassigned_info[[reason=INDEX_CREATED], at[2016-03-31T06:01:58.584Z]]), reason [after recovery (replica) from node [{node_t1}{ABvR8raGRuS_s0xvV8c6Dg}{local}{local[221]}[master=>false, mode=>local]]]]
[2016-03-30 23:01:58,882][DEBUG][org.elasticsearch.cluster.service] [node_t0] processing [shard-started ([test][1], node[MtrhcOgYRbSrDs6bCp85_Q], [R], v[2], s[INITIALIZING], a[id=KqWuuR1bQCmle38qu9o-bA], unassigned_info[[reason=INDEX_CREATED], at[2016-03-31T06:01:58.584Z]]), reason [after recovery (replica) from node [{node_t1}{ABvR8raGRuS_s0xvV8c6Dg}{local}{local[221]}[master=>false, mode=>local]]]]: execute
[2016-03-30 23:01:58,883][TRACE][org.elasticsearch.cluster.service] [node_t0] cluster state updated, source [shard-started ([test][1], node[MtrhcOgYRbSrDs6bCp85_Q], [R], v[2], s[INITIALIZING], a[id=KqWuuR1bQCmle38qu9o-bA], unassigned_info[[reason=INDEX_CREATED], at[2016-03-31T06:01:58.584Z]]), reason [after recovery (replica) from node [{node_t1}{ABvR8raGRuS_s0xvV8c6Dg}{local}{local[221]}[master=>false, mode=>local]]]]
version: 10
state uuid: kavT3nAxQKKVmvTV3S2YjA
from_diff: false
meta data version: 5
nodes: 
   {node_t3}{6YQpKcdoR4yWXY-BPqVSzQ}{local}{local[223]}[master=>false, mode=>local]
   {node_t4}{H5KBmc8nTJKmZS9czP_n_Q}{local}{local[224]}[master=>false, mode=>local]
   {node_t0}{UjOsuvjjTaSUJkafxhPFgQ}{local}{local[220]}[master=>true, mode=>local, data=>false], local, master
   {node_t1}{ABvR8raGRuS_s0xvV8c6Dg}{local}{local[221]}[master=>false, mode=>local]
   {node_t2}{MtrhcOgYRbSrDs6bCp85_Q}{local}{local[222]}[master=>false, mode=>local]
routing_table (version 5):
-- index [test]
----shard_id [test][0]
--------[test][0], node[6YQpKcdoR4yWXY-BPqVSzQ], [P], v[2], s[STARTED], a[id=e03NOnYWS0asbwreVqEZHw]
--------[test][0], node[ABvR8raGRuS_s0xvV8c6Dg], [R], v[2], s[INITIALIZING], a[id=Bcio5yOhTKehG4xDOqsIAQ], unassigned_info[[reason=INDEX_CREATED], at[2016-03-31T06:01:58.584Z]]
----shard_id [test][1]
--------[test][1], node[ABvR8raGRuS_s0xvV8c6Dg], [P], v[3], s[STARTED], a[id=tMHQ55iaT0OxhkdaiDd9Fg]
--------[test][1], node[MtrhcOgYRbSrDs6bCp85_Q], [R], v[3], s[STARTED], a[id=KqWuuR1bQCmle38qu9o-bA]
----shard_id [test][2]
--------[test][2], node[6YQpKcdoR4yWXY-BPqVSzQ], [R], v[2], s[INITIALIZING], a[id=QzbKn-zsQyKhr78FS65yww], unassigned_info[[reason=INDEX_CREATED], at[2016-03-31T06:01:58.584Z]]
--------[test][2], node[MtrhcOgYRbSrDs6bCp85_Q], [P], v[2], s[STARTED], a[id=ZKPbmfnPSXKh9799IPT3IQ]

routing_nodes:
-----node_id[6YQpKcdoR4yWXY-BPqVSzQ][V]
--------[test][2], node[6YQpKcdoR4yWXY-BPqVSzQ], [R], v[2], s[INITIALIZING], a[id=QzbKn-zsQyKhr78FS65yww], unassigned_info[[reason=INDEX_CREATED], at[2016-03-31T06:01:58.584Z]]
--------[test][0], node[6YQpKcdoR4yWXY-BPqVSzQ], [P], v[2], s[STARTED], a[id=e03NOnYWS0asbwreVqEZHw]
-----node_id[ABvR8raGRuS_s0xvV8c6Dg][V]
--------[test][1], node[ABvR8raGRuS_s0xvV8c6Dg], [P], v[3], s[STARTED], a[id=tMHQ55iaT0OxhkdaiDd9Fg]
--------[test][0], node[ABvR8raGRuS_s0xvV8c6Dg], [R], v[2], s[INITIALIZING], a[id=Bcio5yOhTKehG4xDOqsIAQ], unassigned_info[[reason=INDEX_CREATED], at[2016-03-31T06:01:58.584Z]]
-----node_id[H5KBmc8nTJKmZS9czP_n_Q][V]
-----node_id[MtrhcOgYRbSrDs6bCp85_Q][V]
--------[test][1], node[MtrhcOgYRbSrDs6bCp85_Q], [R], v[3], s[STARTED], a[id=KqWuuR1bQCmle38qu9o-bA]
--------[test][2], node[MtrhcOgYRbSrDs6bCp85_Q], [P], v[2], s[STARTED], a[id=ZKPbmfnPSXKh9799IPT3IQ]
---- unassigned

[2016-03-30 23:01:58,883][DEBUG][org.elasticsearch.cluster.service] [node_t0] publishing cluster state version [10]
[2016-03-30 23:01:58,884][TRACE][org.elasticsearch.cluster.service] [node_t1] will process [local-disco-receive(from master)]
[2016-03-30 23:01:58,885][DEBUG][org.elasticsearch.cluster.service] [node_t1] processing [local-disco-receive(from master)]: execute
[2016-03-30 23:01:58,885][TRACE][org.elasticsearch.cluster.service] [node_t1] cluster state updated, source [local-disco-receive(from master)]
version: 10
state uuid: kavT3nAxQKKVmvTV3S2YjA
from_diff: false
meta data version: 5
nodes: 
   {node_t3}{6YQpKcdoR4yWXY-BPqVSzQ}{local}{local[223]}[mode=>local, master=>false]
   {node_t4}{H5KBmc8nTJKmZS9czP_n_Q}{local}{local[224]}[mode=>local, master=>false]
   {node_t0}{UjOsuvjjTaSUJkafxhPFgQ}{local}{local[220]}[master=>true, mode=>local, data=>false], master
   {node_t1}{ABvR8raGRuS_s0xvV8c6Dg}{local}{local[221]}[master=>false, mode=>local], local
   {node_t2}{MtrhcOgYRbSrDs6bCp85_Q}{local}{local[222]}[master=>false, mode=>local]
routing_table (version 5):
-- index [test]
----shard_id [test][0]
--------[test][0], node[6YQpKcdoR4yWXY-BPqVSzQ], [P], v[2], s[STARTED], a[id=e03NOnYWS0asbwreVqEZHw]
--------[test][0], node[ABvR8raGRuS_s0xvV8c6Dg], [R], v[2], s[INITIALIZING], a[id=Bcio5yOhTKehG4xDOqsIAQ], unassigned_info[[reason=INDEX_CREATED], at[2016-03-31T06:01:58.584Z]]
----shard_id [test][1]
--------[test][1], node[ABvR8raGRuS_s0xvV8c6Dg], [P], v[3], s[STARTED], a[id=tMHQ55iaT0OxhkdaiDd9Fg]
--------[test][1], node[MtrhcOgYRbSrDs6bCp85_Q], [R], v[3], s[STARTED], a[id=KqWuuR1bQCmle38qu9o-bA]
----shard_id [test][2]
--------[test][2], node[6YQpKcdoR4yWXY-BPqVSzQ], [R], v[2], s[INITIALIZING], a[id=QzbKn-zsQyKhr78FS65yww], unassigned_info[[reason=INDEX_CREATED], at[2016-03-31T06:01:58.584Z]]
--------[test][2], node[MtrhcOgYRbSrDs6bCp85_Q], [P], v[2], s[STARTED], a[id=ZKPbmfnPSXKh9799IPT3IQ]

routing_nodes:
-----node_id[6YQpKcdoR4yWXY-BPqVSzQ][V]
--------[test][2], node[6YQpKcdoR4yWXY-BPqVSzQ], [R], v[2], s[INITIALIZING], a[id=QzbKn-zsQyKhr78FS65yww], unassigned_info[[reason=INDEX_CREATED], at[2016-03-31T06:01:58.584Z]]
--------[test][0], node[6YQpKcdoR4yWXY-BPqVSzQ], [P], v[2], s[STARTED], a[id=e03NOnYWS0asbwreVqEZHw]
-----node_id[ABvR8raGRuS_s0xvV8c6Dg][V]
--------[test][1], node[ABvR8raGRuS_s0xvV8c6Dg], [P], v[3], s[STARTED], a[id=tMHQ55iaT0OxhkdaiDd9Fg]
--------[test][0], node[ABvR8raGRuS_s0xvV8c6Dg], [R], v[2], s[INITIALIZING], a[id=Bcio5yOhTKehG4xDOqsIAQ], unassigned_info[[reason=INDEX_CREATED], at[2016-03-31T06:01:58.584Z]]
-----node_id[H5KBmc8nTJKmZS9czP_n_Q][V]
-----node_id[MtrhcOgYRbSrDs6bCp85_Q][V]
--------[test][1], node[MtrhcOgYRbSrDs6bCp85_Q], [R], v[3], s[STARTED], a[id=KqWuuR1bQCmle38qu9o-bA]
--------[test][2], node[MtrhcOgYRbSrDs6bCp85_Q], [P], v[2], s[STARTED], a[id=ZKPbmfnPSXKh9799IPT3IQ]
---- unassigned

[2016-03-30 23:01:58,886][DEBUG][org.elasticsearch.cluster.service] [node_t1] set local cluster state to version 10
[2016-03-30 23:01:58,886][TRACE][org.elasticsearch.cluster.service] [node_t4] will process [local-disco-receive(from master)]
[2016-03-30 23:01:58,887][DEBUG][org.elasticsearch.cluster.service] [node_t4] processing [local-disco-receive(from master)]: execute
[2016-03-30 23:01:58,887][TRACE][org.elasticsearch.cluster.service] [node_t4] cluster state updated, source [local-disco-receive(from master)]
version: 10
state uuid: kavT3nAxQKKVmvTV3S2YjA
from_diff: false
meta data version: 5
nodes: 
   {node_t3}{6YQpKcdoR4yWXY-BPqVSzQ}{local}{local[223]}[mode=>local, master=>false]
   {node_t4}{H5KBmc8nTJKmZS9czP_n_Q}{local}{local[224]}[master=>false, mode=>local], local
   {node_t0}{UjOsuvjjTaSUJkafxhPFgQ}{local}{local[220]}[master=>true, data=>false, mode=>local], master
   {node_t1}{ABvR8raGRuS_s0xvV8c6Dg}{local}{local[221]}[master=>false, mode=>local]
   {node_t2}{MtrhcOgYRbSrDs6bCp85_Q}{local}{local[222]}[master=>false, mode=>local]
routing_table (version 5):
-- index [test]
----shard_id [test][0]
--------[test][0], node[6YQpKcdoR4yWXY-BPqVSzQ], [P], v[2], s[STARTED], a[id=e03NOnYWS0asbwreVqEZHw]
--------[test][0], node[ABvR8raGRuS_s0xvV8c6Dg], [R], v[2], s[INITIALIZING], a[id=Bcio5yOhTKehG4xDOqsIAQ], unassigned_info[[reason=INDEX_CREATED], at[2016-03-31T06:01:58.584Z]]
----shard_id [test][1]
--------[test][1], node[ABvR8raGRuS_s0xvV8c6Dg], [P], v[3], s[STARTED], a[id=tMHQ55iaT0OxhkdaiDd9Fg]
--------[test][1], node[MtrhcOgYRbSrDs6bCp85_Q], [R], v[3], s[STARTED], a[id=KqWuuR1bQCmle38qu9o-bA]
----shard_id [test][2]
--------[test][2], node[6YQpKcdoR4yWXY-BPqVSzQ], [R], v[2], s[INITIALIZING], a[id=QzbKn-zsQyKhr78FS65yww], unassigned_info[[reason=INDEX_CREATED], at[2016-03-31T06:01:58.584Z]]
--------[test][2], node[MtrhcOgYRbSrDs6bCp85_Q], [P], v[2], s[STARTED], a[id=ZKPbmfnPSXKh9799IPT3IQ]

routing_nodes:
-----node_id[6YQpKcdoR4yWXY-BPqVSzQ][V]
--------[test][2], node[6YQpKcdoR4yWXY-BPqVSzQ], [R], v[2], s[INITIALIZING], a[id=QzbKn-zsQyKhr78FS65yww], unassigned_info[[reason=INDEX_CREATED], at[2016-03-31T06:01:58.584Z]]
--------[test][0], node[6YQpKcdoR4yWXY-BPqVSzQ], [P], v[2], s[STARTED], a[id=e03NOnYWS0asbwreVqEZHw]
-----node_id[ABvR8raGRuS_s0xvV8c6Dg][V]
--------[test][1], node[ABvR8raGRuS_s0xvV8c6Dg], [P], v[3], s[STARTED], a[id=tMHQ55iaT0OxhkdaiDd9Fg]
--------[test][0], node[ABvR8raGRuS_s0xvV8c6Dg], [R], v[2], s[INITIALIZING], a[id=Bcio5yOhTKehG4xDOqsIAQ], unassigned_info[[reason=INDEX_CREATED], at[2016-03-31T06:01:58.584Z]]
-----node_id[H5KBmc8nTJKmZS9czP_n_Q][V]
-----node_id[MtrhcOgYRbSrDs6bCp85_Q][V]
--------[test][1], node[MtrhcOgYRbSrDs6bCp85_Q], [R], v[3], s[STARTED], a[id=KqWuuR1bQCmle38qu9o-bA]
--------[test][2], node[MtrhcOgYRbSrDs6bCp85_Q], [P], v[2], s[STARTED], a[id=ZKPbmfnPSXKh9799IPT3IQ]
---- unassigned

[2016-03-30 23:01:58,888][DEBUG][org.elasticsearch.cluster.service] [node_t4] set local cluster state to version 10
[2016-03-30 23:01:58,886][TRACE][org.elasticsearch.cluster.service] [node_t3] will process [local-disco-receive(from master)]
[2016-03-30 23:01:58,889][DEBUG][org.elasticsearch.cluster.service] [node_t3] processing [local-disco-receive(from master)]: execute
[2016-03-30 23:01:58,889][TRACE][org.elasticsearch.cluster.service] [node_t3] cluster state updated, source [local-disco-receive(from master)]
version: 10
state uuid: kavT3nAxQKKVmvTV3S2YjA
from_diff: false
meta data version: 5
nodes: 
   {node_t3}{6YQpKcdoR4yWXY-BPqVSzQ}{local}{local[223]}[master=>false, mode=>local], local
   {node_t4}{H5KBmc8nTJKmZS9czP_n_Q}{local}{local[224]}[mode=>local, master=>false]
   {node_t0}{UjOsuvjjTaSUJkafxhPFgQ}{local}{local[220]}[mode=>local, data=>false, master=>true], master
   {node_t1}{ABvR8raGRuS_s0xvV8c6Dg}{local}{local[221]}[mode=>local, master=>false]
   {node_t2}{MtrhcOgYRbSrDs6bCp85_Q}{local}{local[222]}[master=>false, mode=>local]
routing_table (version 5):
-- index [test]
----shard_id [test][0]
--------[test][0], node[6YQpKcdoR4yWXY-BPqVSzQ], [P], v[2], s[STARTED], a[id=e03NOnYWS0asbwreVqEZHw]
--------[test][0], node[ABvR8raGRuS_s0xvV8c6Dg], [R], v[2], s[INITIALIZING], a[id=Bcio5yOhTKehG4xDOqsIAQ], unassigned_info[[reason=INDEX_CREATED], at[2016-03-31T06:01:58.584Z]]
----shard_id [test][1]
--------[test][1], node[ABvR8raGRuS_s0xvV8c6Dg], [P], v[3], s[STARTED], a[id=tMHQ55iaT0OxhkdaiDd9Fg]
--------[test][1], node[MtrhcOgYRbSrDs6bCp85_Q], [R], v[3], s[STARTED], a[id=KqWuuR1bQCmle38qu9o-bA]
----shard_id [test][2]
--------[test][2], node[6YQpKcdoR4yWXY-BPqVSzQ], [R], v[2], s[INITIALIZING], a[id=QzbKn-zsQyKhr78FS65yww], unassigned_info[[reason=INDEX_CREATED], at[2016-03-31T06:01:58.584Z]]
--------[test][2], node[MtrhcOgYRbSrDs6bCp85_Q], [P], v[2], s[STARTED], a[id=ZKPbmfnPSXKh9799IPT3IQ]

routing_nodes:
-----node_id[6YQpKcdoR4yWXY-BPqVSzQ][V]
--------[test][2], node[6YQpKcdoR4yWXY-BPqVSzQ], [R], v[2], s[INITIALIZING], a[id=QzbKn-zsQyKhr78FS65yww], unassigned_info[[reason=INDEX_CREATED], at[2016-03-31T06:01:58.584Z]]
--------[test][0], node[6YQpKcdoR4yWXY-BPqVSzQ], [P], v[2], s[STARTED], a[id=e03NOnYWS0asbwreVqEZHw]
-----node_id[ABvR8raGRuS_s0xvV8c6Dg][V]
--------[test][1], node[ABvR8raGRuS_s0xvV8c6Dg], [P], v[3], s[STARTED], a[id=tMHQ55iaT0OxhkdaiDd9Fg]
--------[test][0], node[ABvR8raGRuS_s0xvV8c6Dg], [R], v[2], s[INITIALIZING], a[id=Bcio5yOhTKehG4xDOqsIAQ], unassigned_info[[reason=INDEX_CREATED], at[2016-03-31T06:01:58.584Z]]
-----node_id[H5KBmc8nTJKmZS9czP_n_Q][V]
-----node_id[MtrhcOgYRbSrDs6bCp85_Q][V]
--------[test][1], node[MtrhcOgYRbSrDs6bCp85_Q], [R], v[3], s[STARTED], a[id=KqWuuR1bQCmle38qu9o-bA]
--------[test][2], node[MtrhcOgYRbSrDs6bCp85_Q], [P], v[2], s[STARTED], a[id=ZKPbmfnPSXKh9799IPT3IQ]
---- unassigned

[2016-03-30 23:01:58,889][DEBUG][org.elasticsearch.cluster.service] [node_t3] set local cluster state to version 10
[2016-03-30 23:01:58,892][DEBUG][org.elasticsearch.cluster.service] [node_t4] processing [local-disco-receive(from master)]: took 4ms done applying updated cluster_state (version: 10, uuid: kavT3nAxQKKVmvTV3S2YjA)
[2016-03-30 23:01:58,886][TRACE][org.elasticsearch.cluster.service] [node_t2] will process [local-disco-receive(from master)]
[2016-03-30 23:01:58,901][DEBUG][org.elasticsearch.cluster.service] [node_t2] processing [local-disco-receive(from master)]: execute
[2016-03-30 23:01:58,902][TRACE][org.elasticsearch.cluster.service] [node_t2] cluster state updated, source [local-disco-receive(from master)]
version: 10
state uuid: kavT3nAxQKKVmvTV3S2YjA
from_diff: false
meta data version: 5
nodes: 
   {node_t3}{6YQpKcdoR4yWXY-BPqVSzQ}{local}{local[223]}[master=>false, mode=>local]
   {node_t4}{H5KBmc8nTJKmZS9czP_n_Q}{local}{local[224]}[master=>false, mode=>local]
   {node_t0}{UjOsuvjjTaSUJkafxhPFgQ}{local}{local[220]}[data=>false, master=>true, mode=>local], master
   {node_t1}{ABvR8raGRuS_s0xvV8c6Dg}{local}{local[221]}[master=>false, mode=>local]
   {node_t2}{MtrhcOgYRbSrDs6bCp85_Q}{local}{local[222]}[master=>false, mode=>local], local
routing_table (version 5):
-- index [test]
----shard_id [test][0]
--------[test][0], node[6YQpKcdoR4yWXY-BPqVSzQ], [P], v[2], s[STARTED], a[id=e03NOnYWS0asbwreVqEZHw]
--------[test][0], node[ABvR8raGRuS_s0xvV8c6Dg], [R], v[2], s[INITIALIZING], a[id=Bcio5yOhTKehG4xDOqsIAQ], unassigned_info[[reason=INDEX_CREATED], at[2016-03-31T06:01:58.584Z]]
----shard_id [test][1]
--------[test][1], node[ABvR8raGRuS_s0xvV8c6Dg], [P], v[3], s[STARTED], a[id=tMHQ55iaT0OxhkdaiDd9Fg]
--------[test][1], node[MtrhcOgYRbSrDs6bCp85_Q], [R], v[3], s[STARTED], a[id=KqWuuR1bQCmle38qu9o-bA]
----shard_id [test][2]
--------[test][2], node[6YQpKcdoR4yWXY-BPqVSzQ], [R], v[2], s[INITIALIZING], a[id=QzbKn-zsQyKhr78FS65yww], unassigned_info[[reason=INDEX_CREATED], at[2016-03-31T06:01:58.584Z]]
--------[test][2], node[MtrhcOgYRbSrDs6bCp85_Q], [P], v[2], s[STARTED], a[id=ZKPbmfnPSXKh9799IPT3IQ]

routing_nodes:
-----node_id[6YQpKcdoR4yWXY-BPqVSzQ][V]
--------[test][2], node[6YQpKcdoR4yWXY-BPqVSzQ], [R], v[2], s[INITIALIZING], a[id=QzbKn-zsQyKhr78FS65yww], unassigned_info[[reason=INDEX_CREATED], at[2016-03-31T06:01:58.584Z]]
--------[test][0], node[6YQpKcdoR4yWXY-BPqVSzQ], [P], v[2], s[STARTED], a[id=e03NOnYWS0asbwreVqEZHw]
-----node_id[ABvR8raGRuS_s0xvV8c6Dg][V]
--------[test][1], node[ABvR8raGRuS_s0xvV8c6Dg], [P], v[3], s[STARTED], a[id=tMHQ55iaT0OxhkdaiDd9Fg]
--------[test][0], node[ABvR8raGRuS_s0xvV8c6Dg], [R], v[2], s[INITIALIZING], a[id=Bcio5yOhTKehG4xDOqsIAQ], unassigned_info[[reason=INDEX_CREATED], at[2016-03-31T06:01:58.584Z]]
-----node_id[H5KBmc8nTJKmZS9czP_n_Q][V]
-----node_id[MtrhcOgYRbSrDs6bCp85_Q][V]
--------[test][1], node[MtrhcOgYRbSrDs6bCp85_Q], [R], v[3], s[STARTED], a[id=KqWuuR1bQCmle38qu9o-bA]
--------[test][2], node[MtrhcOgYRbSrDs6bCp85_Q], [P], v[2], s[STARTED], a[id=ZKPbmfnPSXKh9799IPT3IQ]
---- unassigned

[2016-03-30 23:01:58,902][DEBUG][org.elasticsearch.cluster.service] [node_t2] set local cluster state to version 10
[2016-03-30 23:01:58,917][DEBUG][org.elasticsearch.cluster.service] [node_t2] processing [local-disco-receive(from master)]: took 15ms done applying updated cluster_state (version: 10, uuid: kavT3nAxQKKVmvTV3S2YjA)
[2016-03-30 23:01:58,926][DEBUG][org.elasticsearch.cluster.service] [node_t1] processing [local-disco-receive(from master)]: took 40ms done applying updated cluster_state (version: 10, uuid: kavT3nAxQKKVmvTV3S2YjA)
[2016-03-30 23:01:58,928][DEBUG][org.elasticsearch.cluster.service] [node_t0] set local cluster state to version 10
[2016-03-30 23:01:58,928][DEBUG][org.elasticsearch.cluster.service] [node_t3] processing [local-disco-receive(from master)]: took 39ms done applying updated cluster_state (version: 10, uuid: kavT3nAxQKKVmvTV3S2YjA)
[2016-03-30 23:01:58,929][TRACE][org.elasticsearch.cluster.service] [node_t3] will process [indices_store ([[test][1]] active fully on other nodes)]
[2016-03-30 23:01:58,929][DEBUG][org.elasticsearch.cluster.service] [node_t3] processing [indices_store ([[test][1]] active fully on other nodes)]: execute
[2016-03-30 23:01:58,939][DEBUG][org.elasticsearch.cluster.service] [node_t0] processing [shard-started ([test][1], node[MtrhcOgYRbSrDs6bCp85_Q], [R], v[2], s[INITIALIZING], a[id=KqWuuR1bQCmle38qu9o-bA], unassigned_info[[reason=INDEX_CREATED], at[2016-03-31T06:01:58.584Z]]), reason [after recovery (replica) from node [{node_t1}{ABvR8raGRuS_s0xvV8c6Dg}{local}{local[221]}[master=>false, mode=>local]]]]: took 57ms done applying updated cluster_state (version: 10, uuid: kavT3nAxQKKVmvTV3S2YjA)
[2016-03-30 23:01:58,939][TRACE][org.elasticsearch.cluster.service] [node_t0] will process [shard-started ([test][2], node[6YQpKcdoR4yWXY-BPqVSzQ], [R], v[2], s[INITIALIZING], a[id=QzbKn-zsQyKhr78FS65yww], unassigned_info[[reason=INDEX_CREATED], at[2016-03-31T06:01:58.584Z]]), reason [after recovery (replica) from node [{node_t2}{MtrhcOgYRbSrDs6bCp85_Q}{local}{local[222]}[master=>false, mode=>local]]]]
[2016-03-30 23:01:58,939][TRACE][org.elasticsearch.cluster.service] [node_t0] will process [shard-started ([test][0], node[ABvR8raGRuS_s0xvV8c6Dg], [R], v[2], s[INITIALIZING], a[id=Bcio5yOhTKehG4xDOqsIAQ], unassigned_info[[reason=INDEX_CREATED], at[2016-03-31T06:01:58.584Z]]), reason [after recovery (replica) from node [{node_t3}{6YQpKcdoR4yWXY-BPqVSzQ}{local}{local[223]}[mode=>local, master=>false]]]]
[2016-03-30 23:01:58,939][DEBUG][org.elasticsearch.cluster.service] [node_t0] processing [shard-started ([test][2], node[6YQpKcdoR4yWXY-BPqVSzQ], [R], v[2], s[INITIALIZING], a[id=QzbKn-zsQyKhr78FS65yww], unassigned_info[[reason=INDEX_CREATED], at[2016-03-31T06:01:58.584Z]]), reason [after recovery (replica) from node [{node_t2}{MtrhcOgYRbSrDs6bCp85_Q}{local}{local[222]}[master=>false, mode=>local]]],shard-started ([test][0], node[ABvR8raGRuS_s0xvV8c6Dg], [R], v[2], s[INITIALIZING], a[id=Bcio5yOhTKehG4xDOqsIAQ], unassigned_info[[reason=INDEX_CREATED], at[2016-03-31T06:01:58.584Z]]), reason [after recovery (replica) from node [{node_t3}{6YQpKcdoR4yWXY-BPqVSzQ}{local}{local[223]}[mode=>local, master=>false]]]]: execute
[2016-03-30 23:01:58,941][TRACE][org.elasticsearch.cluster.service] [node_t0] cluster state updated, source [shard-started ([test][2], node[6YQpKcdoR4yWXY-BPqVSzQ], [R], v[2], s[INITIALIZING], a[id=QzbKn-zsQyKhr78FS65yww], unassigned_info[[reason=INDEX_CREATED], at[2016-03-31T06:01:58.584Z]]), reason [after recovery (replica) from node [{node_t2}{MtrhcOgYRbSrDs6bCp85_Q}{local}{local[222]}[master=>false, mode=>local]]],shard-started ([test][0], node[ABvR8raGRuS_s0xvV8c6Dg], [R], v[2], s[INITIALIZING], a[id=Bcio5yOhTKehG4xDOqsIAQ], unassigned_info[[reason=INDEX_CREATED], at[2016-03-31T06:01:58.584Z]]), reason [after recovery (replica) from node [{node_t3}{6YQpKcdoR4yWXY-BPqVSzQ}{local}{local[223]}[mode=>local, master=>false]]]]
version: 11
state uuid: s6iZGfJwSjq1fI4E5Fe7KA
from_diff: false
meta data version: 6
nodes: 
   {node_t3}{6YQpKcdoR4yWXY-BPqVSzQ}{local}{local[223]}[master=>false, mode=>local]
   {node_t4}{H5KBmc8nTJKmZS9czP_n_Q}{local}{local[224]}[master=>false, mode=>local]
   {node_t0}{UjOsuvjjTaSUJkafxhPFgQ}{local}{local[220]}[master=>true, mode=>local, data=>false], local, master
   {node_t1}{ABvR8raGRuS_s0xvV8c6Dg}{local}{local[221]}[master=>false, mode=>local]
   {node_t2}{MtrhcOgYRbSrDs6bCp85_Q}{local}{local[222]}[master=>false, mode=>local]
routing_table (version 6):
-- index [test]
----shard_id [test][0]
--------[test][0], node[6YQpKcdoR4yWXY-BPqVSzQ], [P], v[3], s[STARTED], a[id=e03NOnYWS0asbwreVqEZHw]
--------[test][0], node[ABvR8raGRuS_s0xvV8c6Dg], [R], v[3], s[STARTED], a[id=Bcio5yOhTKehG4xDOqsIAQ]
----shard_id [test][1]
--------[test][1], node[ABvR8raGRuS_s0xvV8c6Dg], [P], v[3], s[STARTED], a[id=tMHQ55iaT0OxhkdaiDd9Fg]
--------[test][1], node[MtrhcOgYRbSrDs6bCp85_Q], [R], v[3], s[STARTED], a[id=KqWuuR1bQCmle38qu9o-bA]
----shard_id [test][2]
--------[test][2], node[6YQpKcdoR4yWXY-BPqVSzQ], [R], v[3], s[STARTED], a[id=QzbKn-zsQyKhr78FS65yww]
--------[test][2], node[MtrhcOgYRbSrDs6bCp85_Q], [P], v[3], s[STARTED], a[id=ZKPbmfnPSXKh9799IPT3IQ]

routing_nodes:
-----node_id[6YQpKcdoR4yWXY-BPqVSzQ][V]
--------[test][2], node[6YQpKcdoR4yWXY-BPqVSzQ], [R], v[3], s[STARTED], a[id=QzbKn-zsQyKhr78FS65yww]
--------[test][0], node[6YQpKcdoR4yWXY-BPqVSzQ], [P], v[3], s[STARTED], a[id=e03NOnYWS0asbwreVqEZHw]
-----node_id[ABvR8raGRuS_s0xvV8c6Dg][V]
--------[test][1], node[ABvR8raGRuS_s0xvV8c6Dg], [P], v[3], s[STARTED], a[id=tMHQ55iaT0OxhkdaiDd9Fg]
--------[test][0], node[ABvR8raGRuS_s0xvV8c6Dg], [R], v[3], s[STARTED], a[id=Bcio5yOhTKehG4xDOqsIAQ]
-----node_id[H5KBmc8nTJKmZS9czP_n_Q][V]
-----node_id[MtrhcOgYRbSrDs6bCp85_Q][V]
--------[test][1], node[MtrhcOgYRbSrDs6bCp85_Q], [R], v[3], s[STARTED], a[id=KqWuuR1bQCmle38qu9o-bA]
--------[test][2], node[MtrhcOgYRbSrDs6bCp85_Q], [P], v[3], s[STARTED], a[id=ZKPbmfnPSXKh9799IPT3IQ]
---- unassigned

[2016-03-30 23:01:58,941][DEBUG][org.elasticsearch.cluster.service] [node_t0] publishing cluster state version [11]
[2016-03-30 23:01:58,941][TRACE][org.elasticsearch.cluster.service] [node_t1] will process [local-disco-receive(from master)]
[2016-03-30 23:01:58,942][DEBUG][org.elasticsearch.cluster.service] [node_t1] processing [local-disco-receive(from master)]: execute
[2016-03-30 23:01:58,942][TRACE][org.elasticsearch.cluster.service] [node_t1] cluster state updated, source [local-disco-receive(from master)]
version: 11
state uuid: s6iZGfJwSjq1fI4E5Fe7KA
from_diff: false
meta data version: 6
nodes: 
   {node_t3}{6YQpKcdoR4yWXY-BPqVSzQ}{local}{local[223]}[mode=>local, master=>false]
   {node_t4}{H5KBmc8nTJKmZS9czP_n_Q}{local}{local[224]}[mode=>local, master=>false]
   {node_t0}{UjOsuvjjTaSUJkafxhPFgQ}{local}{local[220]}[master=>true, mode=>local, data=>false], master
   {node_t1}{ABvR8raGRuS_s0xvV8c6Dg}{local}{local[221]}[master=>false, mode=>local], local
   {node_t2}{MtrhcOgYRbSrDs6bCp85_Q}{local}{local[222]}[master=>false, mode=>local]
routing_table (version 6):
-- index [test]
----shard_id [test][0]
--------[test][0], node[6YQpKcdoR4yWXY-BPqVSzQ], [P], v[3], s[STARTED], a[id=e03NOnYWS0asbwreVqEZHw]
--------[test][0], node[ABvR8raGRuS_s0xvV8c6Dg], [R], v[3], s[STARTED], a[id=Bcio5yOhTKehG4xDOqsIAQ]
----shard_id [test][1]
--------[test][1], node[ABvR8raGRuS_s0xvV8c6Dg], [P], v[3], s[STARTED], a[id=tMHQ55iaT0OxhkdaiDd9Fg]
--------[test][1], node[MtrhcOgYRbSrDs6bCp85_Q], [R], v[3], s[STARTED], a[id=KqWuuR1bQCmle38qu9o-bA]
----shard_id [test][2]
--------[test][2], node[6YQpKcdoR4yWXY-BPqVSzQ], [R], v[3], s[STARTED], a[id=QzbKn-zsQyKhr78FS65yww]
--------[test][2], node[MtrhcOgYRbSrDs6bCp85_Q], [P], v[3], s[STARTED], a[id=ZKPbmfnPSXKh9799IPT3IQ]

routing_nodes:
-----node_id[6YQpKcdoR4yWXY-BPqVSzQ][V]
--------[test][2], node[6YQpKcdoR4yWXY-BPqVSzQ], [R], v[3], s[STARTED], a[id=QzbKn-zsQyKhr78FS65yww]
--------[test][0], node[6YQpKcdoR4yWXY-BPqVSzQ], [P], v[3], s[STARTED], a[id=e03NOnYWS0asbwreVqEZHw]
-----node_id[ABvR8raGRuS_s0xvV8c6Dg][V]
--------[test][1], node[ABvR8raGRuS_s0xvV8c6Dg], [P], v[3], s[STARTED], a[id=tMHQ55iaT0OxhkdaiDd9Fg]
--------[test][0], node[ABvR8raGRuS_s0xvV8c6Dg], [R], v[3], s[STARTED], a[id=Bcio5yOhTKehG4xDOqsIAQ]
-----node_id[H5KBmc8nTJKmZS9czP_n_Q][V]
-----node_id[MtrhcOgYRbSrDs6bCp85_Q][V]
--------[test][1], node[MtrhcOgYRbSrDs6bCp85_Q], [R], v[3], s[STARTED], a[id=KqWuuR1bQCmle38qu9o-bA]
--------[test][2], node[MtrhcOgYRbSrDs6bCp85_Q], [P], v[3], s[STARTED], a[id=ZKPbmfnPSXKh9799IPT3IQ]
---- unassigned

[2016-03-30 23:01:58,942][DEBUG][org.elasticsearch.cluster.service] [node_t1] set local cluster state to version 11
[2016-03-30 23:01:58,942][TRACE][org.elasticsearch.cluster.service] [node_t2] will process [local-disco-receive(from master)]
[2016-03-30 23:01:58,942][DEBUG][org.elasticsearch.cluster.service] [node_t2] processing [local-disco-receive(from master)]: execute
[2016-03-30 23:01:58,942][TRACE][org.elasticsearch.cluster.service] [node_t4] will process [local-disco-receive(from master)]
[2016-03-30 23:01:58,943][DEBUG][org.elasticsearch.cluster.service] [node_t4] processing [local-disco-receive(from master)]: execute
[2016-03-30 23:01:58,943][TRACE][org.elasticsearch.cluster.service] [node_t4] cluster state updated, source [local-disco-receive(from master)]
version: 11
state uuid: s6iZGfJwSjq1fI4E5Fe7KA
from_diff: false
meta data version: 6
nodes: 
   {node_t3}{6YQpKcdoR4yWXY-BPqVSzQ}{local}{local[223]}[mode=>local, master=>false]
   {node_t4}{H5KBmc8nTJKmZS9czP_n_Q}{local}{local[224]}[master=>false, mode=>local], local
   {node_t0}{UjOsuvjjTaSUJkafxhPFgQ}{local}{local[220]}[master=>true, data=>false, mode=>local], master
   {node_t1}{ABvR8raGRuS_s0xvV8c6Dg}{local}{local[221]}[master=>false, mode=>local]
   {node_t2}{MtrhcOgYRbSrDs6bCp85_Q}{local}{local[222]}[master=>false, mode=>local]
routing_table (version 6):
-- index [test]
----shard_id [test][0]
--------[test][0], node[6YQpKcdoR4yWXY-BPqVSzQ], [P], v[3], s[STARTED], a[id=e03NOnYWS0asbwreVqEZHw]
--------[test][0], node[ABvR8raGRuS_s0xvV8c6Dg], [R], v[3], s[STARTED], a[id=Bcio5yOhTKehG4xDOqsIAQ]
----shard_id [test][1]
--------[test][1], node[ABvR8raGRuS_s0xvV8c6Dg], [P], v[3], s[STARTED], a[id=tMHQ55iaT0OxhkdaiDd9Fg]
--------[test][1], node[MtrhcOgYRbSrDs6bCp85_Q], [R], v[3], s[STARTED], a[id=KqWuuR1bQCmle38qu9o-bA]
----shard_id [test][2]
--------[test][2], node[6YQpKcdoR4yWXY-BPqVSzQ], [R], v[3], s[STARTED], a[id=QzbKn-zsQyKhr78FS65yww]
--------[test][2], node[MtrhcOgYRbSrDs6bCp85_Q], [P], v[3], s[STARTED], a[id=ZKPbmfnPSXKh9799IPT3IQ]

routing_nodes:
-----node_id[6YQpKcdoR4yWXY-BPqVSzQ][V]
--------[test][2], node[6YQpKcdoR4yWXY-BPqVSzQ], [R], v[3], s[STARTED], a[id=QzbKn-zsQyKhr78FS65yww]
--------[test][0], node[6YQpKcdoR4yWXY-BPqVSzQ], [P], v[3], s[STARTED], a[id=e03NOnYWS0asbwreVqEZHw]
-----node_id[ABvR8raGRuS_s0xvV8c6Dg][V]
--------[test][1], node[ABvR8raGRuS_s0xvV8c6Dg], [P], v[3], s[STARTED], a[id=tMHQ55iaT0OxhkdaiDd9Fg]
--------[test][0], node[ABvR8raGRuS_s0xvV8c6Dg], [R], v[3], s[STARTED], a[id=Bcio5yOhTKehG4xDOqsIAQ]
-----node_id[H5KBmc8nTJKmZS9czP_n_Q][V]
-----node_id[MtrhcOgYRbSrDs6bCp85_Q][V]
--------[test][1], node[MtrhcOgYRbSrDs6bCp85_Q], [R], v[3], s[STARTED], a[id=KqWuuR1bQCmle38qu9o-bA]
--------[test][2], node[MtrhcOgYRbSrDs6bCp85_Q], [P], v[3], s[STARTED], a[id=ZKPbmfnPSXKh9799IPT3IQ]
---- unassigned

[2016-03-30 23:01:58,943][DEBUG][org.elasticsearch.cluster.service] [node_t4] set local cluster state to version 11
[2016-03-30 23:01:58,943][TRACE][org.elasticsearch.cluster.service] [node_t2] cluster state updated, source [local-disco-receive(from master)]
version: 11
state uuid: s6iZGfJwSjq1fI4E5Fe7KA
from_diff: false
meta data version: 6
nodes: 
   {node_t3}{6YQpKcdoR4yWXY-BPqVSzQ}{local}{local[223]}[master=>false, mode=>local]
   {node_t4}{H5KBmc8nTJKmZS9czP_n_Q}{local}{local[224]}[master=>false, mode=>local]
   {node_t0}{UjOsuvjjTaSUJkafxhPFgQ}{local}{local[220]}[data=>false, master=>true, mode=>local], master
   {node_t1}{ABvR8raGRuS_s0xvV8c6Dg}{local}{local[221]}[master=>false, mode=>local]
   {node_t2}{MtrhcOgYRbSrDs6bCp85_Q}{local}{local[222]}[master=>false, mode=>local], local
routing_table (version 6):
-- index [test]
----shard_id [test][0]
--------[test][0], node[6YQpKcdoR4yWXY-BPqVSzQ], [P], v[3], s[STARTED], a[id=e03NOnYWS0asbwreVqEZHw]
--------[test][0], node[ABvR8raGRuS_s0xvV8c6Dg], [R], v[3], s[STARTED], a[id=Bcio5yOhTKehG4xDOqsIAQ]
----shard_id [test][1]
--------[test][1], node[ABvR8raGRuS_s0xvV8c6Dg], [P], v[3], s[STARTED], a[id=tMHQ55iaT0OxhkdaiDd9Fg]
--------[test][1], node[MtrhcOgYRbSrDs6bCp85_Q], [R], v[3], s[STARTED], a[id=KqWuuR1bQCmle38qu9o-bA]
----shard_id [test][2]
--------[test][2], node[6YQpKcdoR4yWXY-BPqVSzQ], [R], v[3], s[STARTED], a[id=QzbKn-zsQyKhr78FS65yww]
--------[test][2], node[MtrhcOgYRbSrDs6bCp85_Q], [P], v[3], s[STARTED], a[id=ZKPbmfnPSXKh9799IPT3IQ]

routing_nodes:
-----node_id[6YQpKcdoR4yWXY-BPqVSzQ][V]
--------[test][2], node[6YQpKcdoR4yWXY-BPqVSzQ], [R], v[3], s[STARTED], a[id=QzbKn-zsQyKhr78FS65yww]
--------[test][0], node[6YQpKcdoR4yWXY-BPqVSzQ], [P], v[3], s[STARTED], a[id=e03NOnYWS0asbwreVqEZHw]
-----node_id[ABvR8raGRuS_s0xvV8c6Dg][V]
--------[test][1], node[ABvR8raGRuS_s0xvV8c6Dg], [P], v[3], s[STARTED], a[id=tMHQ55iaT0OxhkdaiDd9Fg]
--------[test][0], node[ABvR8raGRuS_s0xvV8c6Dg], [R], v[3], s[STARTED], a[id=Bcio5yOhTKehG4xDOqsIAQ]
-----node_id[H5KBmc8nTJKmZS9czP_n_Q][V]
-----node_id[MtrhcOgYRbSrDs6bCp85_Q][V]
--------[test][1], node[MtrhcOgYRbSrDs6bCp85_Q], [R], v[3], s[STARTED], a[id=KqWuuR1bQCmle38qu9o-bA]
--------[test][2], node[MtrhcOgYRbSrDs6bCp85_Q], [P], v[3], s[STARTED], a[id=ZKPbmfnPSXKh9799IPT3IQ]
---- unassigned

[2016-03-30 23:01:58,944][DEBUG][org.elasticsearch.cluster.service] [node_t2] set local cluster state to version 11
[2016-03-30 23:01:58,944][DEBUG][org.elasticsearch.cluster.service] [node_t3] processing [indices_store ([[test][1]] active fully on other nodes)]: took 15ms no change in cluster_state
[2016-03-30 23:01:58,944][TRACE][org.elasticsearch.cluster.service] [node_t3] will process [local-disco-receive(from master)]
[2016-03-30 23:01:58,944][DEBUG][org.elasticsearch.cluster.service] [node_t3] processing [local-disco-receive(from master)]: execute
[2016-03-30 23:01:58,944][TRACE][org.elasticsearch.cluster.service] [node_t3] cluster state updated, source [local-disco-receive(from master)]
version: 11
state uuid: s6iZGfJwSjq1fI4E5Fe7KA
from_diff: false
meta data version: 6
nodes: 
   {node_t3}{6YQpKcdoR4yWXY-BPqVSzQ}{local}{local[223]}[master=>false, mode=>local], local
   {node_t4}{H5KBmc8nTJKmZS9czP_n_Q}{local}{local[224]}[mode=>local, master=>false]
   {node_t0}{UjOsuvjjTaSUJkafxhPFgQ}{local}{local[220]}[mode=>local, data=>false, master=>true], master
   {node_t1}{ABvR8raGRuS_s0xvV8c6Dg}{local}{local[221]}[mode=>local, master=>false]
   {node_t2}{MtrhcOgYRbSrDs6bCp85_Q}{local}{local[222]}[master=>false, mode=>local]
routing_table (version 6):
-- index [test]
----shard_id [test][0]
--------[test][0], node[6YQpKcdoR4yWXY-BPqVSzQ], [P], v[3], s[STARTED], a[id=e03NOnYWS0asbwreVqEZHw]
--------[test][0], node[ABvR8raGRuS_s0xvV8c6Dg], [R], v[3], s[STARTED], a[id=Bcio5yOhTKehG4xDOqsIAQ]
----shard_id [test][1]
--------[test][1], node[ABvR8raGRuS_s0xvV8c6Dg], [P], v[3], s[STARTED], a[id=tMHQ55iaT0OxhkdaiDd9Fg]
--------[test][1], node[MtrhcOgYRbSrDs6bCp85_Q], [R], v[3], s[STARTED], a[id=KqWuuR1bQCmle38qu9o-bA]
----shard_id [test][2]
--------[test][2], node[6YQpKcdoR4yWXY-BPqVSzQ], [R], v[3], s[STARTED], a[id=QzbKn-zsQyKhr78FS65yww]
--------[test][2], node[MtrhcOgYRbSrDs6bCp85_Q], [P], v[3], s[STARTED], a[id=ZKPbmfnPSXKh9799IPT3IQ]

routing_nodes:
-----node_id[6YQpKcdoR4yWXY-BPqVSzQ][V]
--------[test][2], node[6YQpKcdoR4yWXY-BPqVSzQ], [R], v[3], s[STARTED], a[id=QzbKn-zsQyKhr78FS65yww]
--------[test][0], node[6YQpKcdoR4yWXY-BPqVSzQ], [P], v[3], s[STARTED], a[id=e03NOnYWS0asbwreVqEZHw]
-----node_id[ABvR8raGRuS_s0xvV8c6Dg][V]
--------[test][1], node[ABvR8raGRuS_s0xvV8c6Dg], [P], v[3], s[STARTED], a[id=tMHQ55iaT0OxhkdaiDd9Fg]
--------[test][0], node[ABvR8raGRuS_s0xvV8c6Dg], [R], v[3], s[STARTED], a[id=Bcio5yOhTKehG4xDOqsIAQ]
-----node_id[H5KBmc8nTJKmZS9czP_n_Q][V]
-----node_id[MtrhcOgYRbSrDs6bCp85_Q][V]
--------[test][1], node[MtrhcOgYRbSrDs6bCp85_Q], [R], v[3], s[STARTED], a[id=KqWuuR1bQCmle38qu9o-bA]
--------[test][2], node[MtrhcOgYRbSrDs6bCp85_Q], [P], v[3], s[STARTED], a[id=ZKPbmfnPSXKh9799IPT3IQ]
---- unassigned

[2016-03-30 23:01:58,945][DEBUG][org.elasticsearch.cluster.service] [node_t3] set local cluster state to version 11
[2016-03-30 23:01:58,951][DEBUG][org.elasticsearch.cluster.service] [node_t4] processing [local-disco-receive(from master)]: took 8ms done applying updated cluster_state (version: 11, uuid: s6iZGfJwSjq1fI4E5Fe7KA)
[2016-03-30 23:01:58,960][DEBUG][org.elasticsearch.cluster.service] [node_t1] processing [local-disco-receive(from master)]: took 18ms done applying updated cluster_state (version: 11, uuid: s6iZGfJwSjq1fI4E5Fe7KA)
[2016-03-30 23:01:58,960][TRACE][org.elasticsearch.cluster.service] [node_t1] will process [indices_store ([[test][2]] active fully on other nodes)]
[2016-03-30 23:01:58,960][DEBUG][org.elasticsearch.cluster.service] [node_t1] processing [indices_store ([[test][2]] active fully on other nodes)]: execute
[2016-03-30 23:01:58,966][DEBUG][org.elasticsearch.cluster.service] [node_t2] processing [local-disco-receive(from master)]: took 23ms done applying updated cluster_state (version: 11, uuid: s6iZGfJwSjq1fI4E5Fe7KA)
[2016-03-30 23:01:58,966][TRACE][org.elasticsearch.cluster.service] [node_t2] will process [indices_store ([[test][0]] active fully on other nodes)]
[2016-03-30 23:01:58,966][DEBUG][org.elasticsearch.cluster.service] [node_t2] processing [indices_store ([[test][0]] active fully on other nodes)]: execute
[2016-03-30 23:01:58,973][DEBUG][org.elasticsearch.cluster.service] [node_t3] processing [local-disco-receive(from master)]: took 28ms done applying updated cluster_state (version: 11, uuid: s6iZGfJwSjq1fI4E5Fe7KA)
[2016-03-30 23:01:58,973][TRACE][org.elasticsearch.cluster.service] [node_t3] will process [indices_store ([[test][1]] active fully on other nodes)]
[2016-03-30 23:01:58,973][DEBUG][org.elasticsearch.cluster.service] [node_t3] processing [indices_store ([[test][1]] active fully on other nodes)]: execute
[2016-03-30 23:01:58,974][DEBUG][org.elasticsearch.cluster.service] [node_t0] set local cluster state to version 11
[2016-03-30 23:01:58,977][DEBUG][org.elasticsearch.cluster.service] [node_t1] processing [indices_store ([[test][2]] active fully on other nodes)]: took 17ms no change in cluster_state
[2016-03-30 23:01:58,985][DEBUG][org.elasticsearch.cluster.service] [node_t2] processing [indices_store ([[test][0]] active fully on other nodes)]: took 18ms no change in cluster_state
[2016-03-30 23:01:58,987][DEBUG][org.elasticsearch.cluster.service] [node_t3] processing [indices_store ([[test][1]] active fully on other nodes)]: took 13ms no change in cluster_state
[2016-03-30 23:01:58,989][DEBUG][org.elasticsearch.cluster.service] [node_t0] processing [shard-started ([test][2], node[6YQpKcdoR4yWXY-BPqVSzQ], [R], v[2], s[INITIALIZING], a[id=QzbKn-zsQyKhr78FS65yww], unassigned_info[[reason=INDEX_CREATED], at[2016-03-31T06:01:58.584Z]]), reason [after recovery (replica) from node [{node_t2}{MtrhcOgYRbSrDs6bCp85_Q}{local}{local[222]}[master=>false, mode=>local]]],shard-started ([test][0], node[ABvR8raGRuS_s0xvV8c6Dg], [R], v[2], s[INITIALIZING], a[id=Bcio5yOhTKehG4xDOqsIAQ], unassigned_info[[reason=INDEX_CREATED], at[2016-03-31T06:01:58.584Z]]), reason [after recovery (replica) from node [{node_t3}{6YQpKcdoR4yWXY-BPqVSzQ}{local}{local[223]}[mode=>local, master=>false]]]]: took 49ms done applying updated cluster_state (version: 11, uuid: s6iZGfJwSjq1fI4E5Fe7KA)
[2016-03-30 23:01:58,990][TRACE][org.elasticsearch.cluster.service] [node_t0] will process [cluster_update_settings]
[2016-03-30 23:01:58,991][DEBUG][org.elasticsearch.cluster.service] [node_t0] processing [cluster_update_settings]: execute
[2016-03-30 23:01:58,991][TRACE][org.elasticsearch.cluster.service] expecting 5 acknowledgements for cluster_state update (version: 12)
[2016-03-30 23:01:58,991][TRACE][org.elasticsearch.cluster.service] [node_t0] cluster state updated, source [cluster_update_settings]
version: 12
state uuid: 76wIKuVvSFSHx2cE4TvbAw
from_diff: false
meta data version: 7
nodes: 
   {node_t3}{6YQpKcdoR4yWXY-BPqVSzQ}{local}{local[223]}[master=>false, mode=>local]
   {node_t4}{H5KBmc8nTJKmZS9czP_n_Q}{local}{local[224]}[master=>false, mode=>local]
   {node_t0}{UjOsuvjjTaSUJkafxhPFgQ}{local}{local[220]}[master=>true, mode=>local, data=>false], local, master
   {node_t1}{ABvR8raGRuS_s0xvV8c6Dg}{local}{local[221]}[master=>false, mode=>local]
   {node_t2}{MtrhcOgYRbSrDs6bCp85_Q}{local}{local[222]}[master=>false, mode=>local]
routing_table (version 6):
-- index [test]
----shard_id [test][0]
--------[test][0], node[6YQpKcdoR4yWXY-BPqVSzQ], [P], v[3], s[STARTED], a[id=e03NOnYWS0asbwreVqEZHw]
--------[test][0], node[ABvR8raGRuS_s0xvV8c6Dg], [R], v[3], s[STARTED], a[id=Bcio5yOhTKehG4xDOqsIAQ]
----shard_id [test][1]
--------[test][1], node[ABvR8raGRuS_s0xvV8c6Dg], [P], v[3], s[STARTED], a[id=tMHQ55iaT0OxhkdaiDd9Fg]
--------[test][1], node[MtrhcOgYRbSrDs6bCp85_Q], [R], v[3], s[STARTED], a[id=KqWuuR1bQCmle38qu9o-bA]
----shard_id [test][2]
--------[test][2], node[6YQpKcdoR4yWXY-BPqVSzQ], [R], v[3], s[STARTED], a[id=QzbKn-zsQyKhr78FS65yww]
--------[test][2], node[MtrhcOgYRbSrDs6bCp85_Q], [P], v[3], s[STARTED], a[id=ZKPbmfnPSXKh9799IPT3IQ]

routing_nodes:
-----node_id[6YQpKcdoR4yWXY-BPqVSzQ][V]
--------[test][2], node[6YQpKcdoR4yWXY-BPqVSzQ], [R], v[3], s[STARTED], a[id=QzbKn-zsQyKhr78FS65yww]
--------[test][0], node[6YQpKcdoR4yWXY-BPqVSzQ], [P], v[3], s[STARTED], a[id=e03NOnYWS0asbwreVqEZHw]
-----node_id[ABvR8raGRuS_s0xvV8c6Dg][V]
--------[test][1], node[ABvR8raGRuS_s0xvV8c6Dg], [P], v[3], s[STARTED], a[id=tMHQ55iaT0OxhkdaiDd9Fg]
--------[test][0], node[ABvR8raGRuS_s0xvV8c6Dg], [R], v[3], s[STARTED], a[id=Bcio5yOhTKehG4xDOqsIAQ]
-----node_id[H5KBmc8nTJKmZS9czP_n_Q][V]
-----node_id[MtrhcOgYRbSrDs6bCp85_Q][V]
--------[test][1], node[MtrhcOgYRbSrDs6bCp85_Q], [R], v[3], s[STARTED], a[id=KqWuuR1bQCmle38qu9o-bA]
--------[test][2], node[MtrhcOgYRbSrDs6bCp85_Q], [P], v[3], s[STARTED], a[id=ZKPbmfnPSXKh9799IPT3IQ]
---- unassigned

[2016-03-30 23:01:58,991][DEBUG][org.elasticsearch.cluster.service] [node_t0] publishing cluster state version [12]
[2016-03-30 23:01:58,992][TRACE][org.elasticsearch.cluster.service] [node_t1] will process [local-disco-receive(from master)]
[2016-03-30 23:01:58,992][TRACE][org.elasticsearch.cluster.service] [node_t2] will process [local-disco-receive(from master)]
[2016-03-30 23:01:58,992][TRACE][org.elasticsearch.cluster.service] [node_t3] will process [local-disco-receive(from master)]
[2016-03-30 23:01:58,992][DEBUG][org.elasticsearch.cluster.service] [node_t3] processing [local-disco-receive(from master)]: execute
[2016-03-30 23:01:58,992][DEBUG][org.elasticsearch.cluster.service] [node_t1] processing [local-disco-receive(from master)]: execute
[2016-03-30 23:01:58,992][TRACE][org.elasticsearch.cluster.service] [node_t3] cluster state updated, source [local-disco-receive(from master)]
version: 12
state uuid: 76wIKuVvSFSHx2cE4TvbAw
from_diff: false
meta data version: 7
nodes: 
   {node_t3}{6YQpKcdoR4yWXY-BPqVSzQ}{local}{local[223]}[master=>false, mode=>local], local
   {node_t4}{H5KBmc8nTJKmZS9czP_n_Q}{local}{local[224]}[mode=>local, master=>false]
   {node_t0}{UjOsuvjjTaSUJkafxhPFgQ}{local}{local[220]}[mode=>local, data=>false, master=>true], master
   {node_t1}{ABvR8raGRuS_s0xvV8c6Dg}{local}{local[221]}[mode=>local, master=>false]
   {node_t2}{MtrhcOgYRbSrDs6bCp85_Q}{local}{local[222]}[master=>false, mode=>local]
routing_table (version 6):
-- index [test]
----shard_id [test][0]
--------[test][0], node[6YQpKcdoR4yWXY-BPqVSzQ], [P], v[3], s[STARTED], a[id=e03NOnYWS0asbwreVqEZHw]
--------[test][0], node[ABvR8raGRuS_s0xvV8c6Dg], [R], v[3], s[STARTED], a[id=Bcio5yOhTKehG4xDOqsIAQ]
----shard_id [test][1]
--------[test][1], node[ABvR8raGRuS_s0xvV8c6Dg], [P], v[3], s[STARTED], a[id=tMHQ55iaT0OxhkdaiDd9Fg]
--------[test][1], node[MtrhcOgYRbSrDs6bCp85_Q], [R], v[3], s[STARTED], a[id=KqWuuR1bQCmle38qu9o-bA]
----shard_id [test][2]
--------[test][2], node[6YQpKcdoR4yWXY-BPqVSzQ], [R], v[3], s[STARTED], a[id=QzbKn-zsQyKhr78FS65yww]
--------[test][2], node[MtrhcOgYRbSrDs6bCp85_Q], [P], v[3], s[STARTED], a[id=ZKPbmfnPSXKh9799IPT3IQ]

routing_nodes:
-----node_id[6YQpKcdoR4yWXY-BPqVSzQ][V]
--------[test][2], node[6YQpKcdoR4yWXY-BPqVSzQ], [R], v[3], s[STARTED], a[id=QzbKn-zsQyKhr78FS65yww]
--------[test][0], node[6YQpKcdoR4yWXY-BPqVSzQ], [P], v[3], s[STARTED], a[id=e03NOnYWS0asbwreVqEZHw]
-----node_id[ABvR8raGRuS_s0xvV8c6Dg][V]
--------[test][1], node[ABvR8raGRuS_s0xvV8c6Dg], [P], v[3], s[STARTED], a[id=tMHQ55iaT0OxhkdaiDd9Fg]
--------[test][0], node[ABvR8raGRuS_s0xvV8c6Dg], [R], v[3], s[STARTED], a[id=Bcio5yOhTKehG4xDOqsIAQ]
-----node_id[H5KBmc8nTJKmZS9czP_n_Q][V]
-----node_id[MtrhcOgYRbSrDs6bCp85_Q][V]
--------[test][1], node[MtrhcOgYRbSrDs6bCp85_Q], [R], v[3], s[STARTED], a[id=KqWuuR1bQCmle38qu9o-bA]
--------[test][2], node[MtrhcOgYRbSrDs6bCp85_Q], [P], v[3], s[STARTED], a[id=ZKPbmfnPSXKh9799IPT3IQ]
---- unassigned

[2016-03-30 23:01:58,993][TRACE][org.elasticsearch.cluster.service] [node_t1] cluster state updated, source [local-disco-receive(from master)]
version: 12
state uuid: 76wIKuVvSFSHx2cE4TvbAw
from_diff: false
meta data version: 7
nodes: 
   {node_t3}{6YQpKcdoR4yWXY-BPqVSzQ}{local}{local[223]}[mode=>local, master=>false]
   {node_t4}{H5KBmc8nTJKmZS9czP_n_Q}{local}{local[224]}[mode=>local, master=>false]
   {node_t0}{UjOsuvjjTaSUJkafxhPFgQ}{local}{local[220]}[master=>true, mode=>local, data=>false], master
   {node_t1}{ABvR8raGRuS_s0xvV8c6Dg}{local}{local[221]}[master=>false, mode=>local], local
   {node_t2}{MtrhcOgYRbSrDs6bCp85_Q}{local}{local[222]}[master=>false, mode=>local]
routing_table (version 6):
-- index [test]
----shard_id [test][0]
--------[test][0], node[6YQpKcdoR4yWXY-BPqVSzQ], [P], v[3], s[STARTED], a[id=e03NOnYWS0asbwreVqEZHw]
--------[test][0], node[ABvR8raGRuS_s0xvV8c6Dg], [R], v[3], s[STARTED], a[id=Bcio5yOhTKehG4xDOqsIAQ]
----shard_id [test][1]
--------[test][1], node[ABvR8raGRuS_s0xvV8c6Dg], [P], v[3], s[STARTED], a[id=tMHQ55iaT0OxhkdaiDd9Fg]
--------[test][1], node[MtrhcOgYRbSrDs6bCp85_Q], [R], v[3], s[STARTED], a[id=KqWuuR1bQCmle38qu9o-bA]
----shard_id [test][2]
--------[test][2], node[6YQpKcdoR4yWXY-BPqVSzQ], [R], v[3], s[STARTED], a[id=QzbKn-zsQyKhr78FS65yww]
--------[test][2], node[MtrhcOgYRbSrDs6bCp85_Q], [P], v[3], s[STARTED], a[id=ZKPbmfnPSXKh9799IPT3IQ]

routing_nodes:
-----node_id[6YQpKcdoR4yWXY-BPqVSzQ][V]
--------[test][2], node[6YQpKcdoR4yWXY-BPqVSzQ], [R], v[3], s[STARTED], a[id=QzbKn-zsQyKhr78FS65yww]
--------[test][0], node[6YQpKcdoR4yWXY-BPqVSzQ], [P], v[3], s[STARTED], a[id=e03NOnYWS0asbwreVqEZHw]
-----node_id[ABvR8raGRuS_s0xvV8c6Dg][V]
--------[test][1], node[ABvR8raGRuS_s0xvV8c6Dg], [P], v[3], s[STARTED], a[id=tMHQ55iaT0OxhkdaiDd9Fg]
--------[test][0], node[ABvR8raGRuS_s0xvV8c6Dg], [R], v[3], s[STARTED], a[id=Bcio5yOhTKehG4xDOqsIAQ]
-----node_id[H5KBmc8nTJKmZS9czP_n_Q][V]
-----node_id[MtrhcOgYRbSrDs6bCp85_Q][V]
--------[test][1], node[MtrhcOgYRbSrDs6bCp85_Q], [R], v[3], s[STARTED], a[id=KqWuuR1bQCmle38qu9o-bA]
--------[test][2], node[MtrhcOgYRbSrDs6bCp85_Q], [P], v[3], s[STARTED], a[id=ZKPbmfnPSXKh9799IPT3IQ]
---- unassigned

[2016-03-30 23:01:58,993][DEBUG][org.elasticsearch.cluster.service] [node_t1] set local cluster state to version 12
[2016-03-30 23:01:58,992][DEBUG][org.elasticsearch.cluster.service] [node_t2] processing [local-disco-receive(from master)]: execute
[2016-03-30 23:01:58,992][TRACE][org.elasticsearch.cluster.service] [node_t4] will process [local-disco-receive(from master)]
[2016-03-30 23:01:58,994][DEBUG][org.elasticsearch.cluster.service] [node_t4] processing [local-disco-receive(from master)]: execute
[2016-03-30 23:01:58,994][TRACE][org.elasticsearch.cluster.service] [node_t2] cluster state updated, source [local-disco-receive(from master)]
version: 12
state uuid: 76wIKuVvSFSHx2cE4TvbAw
from_diff: false
meta data version: 7
nodes: 
   {node_t3}{6YQpKcdoR4yWXY-BPqVSzQ}{local}{local[223]}[master=>false, mode=>local]
   {node_t4}{H5KBmc8nTJKmZS9czP_n_Q}{local}{local[224]}[master=>false, mode=>local]
   {node_t0}{UjOsuvjjTaSUJkafxhPFgQ}{local}{local[220]}[data=>false, master=>true, mode=>local], master
   {node_t1}{ABvR8raGRuS_s0xvV8c6Dg}{local}{local[221]}[master=>false, mode=>local]
   {node_t2}{MtrhcOgYRbSrDs6bCp85_Q}{local}{local[222]}[master=>false, mode=>local], local
routing_table (version 6):
-- index [test]
----shard_id [test][0]
--------[test][0], node[6YQpKcdoR4yWXY-BPqVSzQ], [P], v[3], s[STARTED], a[id=e03NOnYWS0asbwreVqEZHw]
--------[test][0], node[ABvR8raGRuS_s0xvV8c6Dg], [R], v[3], s[STARTED], a[id=Bcio5yOhTKehG4xDOqsIAQ]
----shard_id [test][1]
--------[test][1], node[ABvR8raGRuS_s0xvV8c6Dg], [P], v[3], s[STARTED], a[id=tMHQ55iaT0OxhkdaiDd9Fg]
--------[test][1], node[MtrhcOgYRbSrDs6bCp85_Q], [R], v[3], s[STARTED], a[id=KqWuuR1bQCmle38qu9o-bA]
----shard_id [test][2]
--------[test][2], node[6YQpKcdoR4yWXY-BPqVSzQ], [R], v[3], s[STARTED], a[id=QzbKn-zsQyKhr78FS65yww]
--------[test][2], node[MtrhcOgYRbSrDs6bCp85_Q], [P], v[3], s[STARTED], a[id=ZKPbmfnPSXKh9799IPT3IQ]

routing_nodes:
-----node_id[6YQpKcdoR4yWXY-BPqVSzQ][V]
--------[test][2], node[6YQpKcdoR4yWXY-BPqVSzQ], [R], v[3], s[STARTED], a[id=QzbKn-zsQyKhr78FS65yww]
--------[test][0], node[6YQpKcdoR4yWXY-BPqVSzQ], [P], v[3], s[STARTED], a[id=e03NOnYWS0asbwreVqEZHw]
-----node_id[ABvR8raGRuS_s0xvV8c6Dg][V]
--------[test][1], node[ABvR8raGRuS_s0xvV8c6Dg], [P], v[3], s[STARTED], a[id=tMHQ55iaT0OxhkdaiDd9Fg]
--------[test][0], node[ABvR8raGRuS_s0xvV8c6Dg], [R], v[3], s[STARTED], a[id=Bcio5yOhTKehG4xDOqsIAQ]
-----node_id[H5KBmc8nTJKmZS9czP_n_Q][V]
-----node_id[MtrhcOgYRbSrDs6bCp85_Q][V]
--------[test][1], node[MtrhcOgYRbSrDs6bCp85_Q], [R], v[3], s[STARTED], a[id=KqWuuR1bQCmle38qu9o-bA]
--------[test][2], node[MtrhcOgYRbSrDs6bCp85_Q], [P], v[3], s[STARTED], a[id=ZKPbmfnPSXKh9799IPT3IQ]
---- unassigned

[2016-03-30 23:01:58,994][DEBUG][org.elasticsearch.cluster.service] [node_t2] set local cluster state to version 12
[2016-03-30 23:01:58,993][DEBUG][org.elasticsearch.cluster.service] [node_t3] set local cluster state to version 12
[2016-03-30 23:01:58,994][TRACE][org.elasticsearch.cluster.service] ack received from node [{node_t1}{ABvR8raGRuS_s0xvV8c6Dg}{local}{local[221]}[master=>false, mode=>local]], cluster_state update (version: 12)
[2016-03-30 23:01:58,995][DEBUG][org.elasticsearch.cluster.service] [node_t1] processing [local-disco-receive(from master)]: took 2ms done applying updated cluster_state (version: 12, uuid: 76wIKuVvSFSHx2cE4TvbAw)
[2016-03-30 23:01:58,994][TRACE][org.elasticsearch.cluster.service] [node_t4] cluster state updated, source [local-disco-receive(from master)]
version: 12
state uuid: 76wIKuVvSFSHx2cE4TvbAw
from_diff: false
meta data version: 7
nodes: 
   {node_t3}{6YQpKcdoR4yWXY-BPqVSzQ}{local}{local[223]}[mode=>local, master=>false]
   {node_t4}{H5KBmc8nTJKmZS9czP_n_Q}{local}{local[224]}[master=>false, mode=>local], local
   {node_t0}{UjOsuvjjTaSUJkafxhPFgQ}{local}{local[220]}[master=>true, data=>false, mode=>local], master
   {node_t1}{ABvR8raGRuS_s0xvV8c6Dg}{local}{local[221]}[master=>false, mode=>local]
   {node_t2}{MtrhcOgYRbSrDs6bCp85_Q}{local}{local[222]}[master=>false, mode=>local]
routing_table (version 6):
-- index [test]
----shard_id [test][0]
--------[test][0], node[6YQpKcdoR4yWXY-BPqVSzQ], [P], v[3], s[STARTED], a[id=e03NOnYWS0asbwreVqEZHw]
--------[test][0], node[ABvR8raGRuS_s0xvV8c6Dg], [R], v[3], s[STARTED], a[id=Bcio5yOhTKehG4xDOqsIAQ]
----shard_id [test][1]
--------[test][1], node[ABvR8raGRuS_s0xvV8c6Dg], [P], v[3], s[STARTED], a[id=tMHQ55iaT0OxhkdaiDd9Fg]
--------[test][1], node[MtrhcOgYRbSrDs6bCp85_Q], [R], v[3], s[STARTED], a[id=KqWuuR1bQCmle38qu9o-bA]
----shard_id [test][2]
--------[test][2], node[6YQpKcdoR4yWXY-BPqVSzQ], [R], v[3], s[STARTED], a[id=QzbKn-zsQyKhr78FS65yww]
--------[test][2], node[MtrhcOgYRbSrDs6bCp85_Q], [P], v[3], s[STARTED], a[id=ZKPbmfnPSXKh9799IPT3IQ]

routing_nodes:
-----node_id[6YQpKcdoR4yWXY-BPqVSzQ][V]
--------[test][2], node[6YQpKcdoR4yWXY-BPqVSzQ], [R], v[3], s[STARTED], a[id=QzbKn-zsQyKhr78FS65yww]
--------[test][0], node[6YQpKcdoR4yWXY-BPqVSzQ], [P], v[3], s[STARTED], a[id=e03NOnYWS0asbwreVqEZHw]
-----node_id[ABvR8raGRuS_s0xvV8c6Dg][V]
--------[test][1], node[ABvR8raGRuS_s0xvV8c6Dg], [P], v[3], s[STARTED], a[id=tMHQ55iaT0OxhkdaiDd9Fg]
--------[test][0], node[ABvR8raGRuS_s0xvV8c6Dg], [R], v[3], s[STARTED], a[id=Bcio5yOhTKehG4xDOqsIAQ]
-----node_id[H5KBmc8nTJKmZS9czP_n_Q][V]
-----node_id[MtrhcOgYRbSrDs6bCp85_Q][V]
--------[test][1], node[MtrhcOgYRbSrDs6bCp85_Q], [R], v[3], s[STARTED], a[id=KqWuuR1bQCmle38qu9o-bA]
--------[test][2], node[MtrhcOgYRbSrDs6bCp85_Q], [P], v[3], s[STARTED], a[id=ZKPbmfnPSXKh9799IPT3IQ]
---- unassigned

[2016-03-30 23:01:58,996][DEBUG][org.elasticsearch.cluster.service] [node_t4] set local cluster state to version 12
[2016-03-30 23:01:58,995][TRACE][org.elasticsearch.cluster.service] ack received from node [{node_t2}{MtrhcOgYRbSrDs6bCp85_Q}{local}{local[222]}[master=>false, mode=>local]], cluster_state update (version: 12)
[2016-03-30 23:01:58,996][DEBUG][org.elasticsearch.cluster.service] [node_t2] processing [local-disco-receive(from master)]: took 2ms done applying updated cluster_state (version: 12, uuid: 76wIKuVvSFSHx2cE4TvbAw)
[2016-03-30 23:01:58,996][TRACE][org.elasticsearch.cluster.service] ack received from node [{node_t3}{6YQpKcdoR4yWXY-BPqVSzQ}{local}{local[223]}[master=>false, mode=>local]], cluster_state update (version: 12)
[2016-03-30 23:01:58,996][DEBUG][org.elasticsearch.cluster.service] [node_t3] processing [local-disco-receive(from master)]: took 4ms done applying updated cluster_state (version: 12, uuid: 76wIKuVvSFSHx2cE4TvbAw)
[2016-03-30 23:01:58,996][TRACE][org.elasticsearch.cluster.service] ack received from node [{node_t4}{H5KBmc8nTJKmZS9czP_n_Q}{local}{local[224]}[master=>false, mode=>local]], cluster_state update (version: 12)
[2016-03-30 23:01:58,996][DEBUG][org.elasticsearch.cluster.service] [node_t4] processing [local-disco-receive(from master)]: took 2ms done applying updated cluster_state (version: 12, uuid: 76wIKuVvSFSHx2cE4TvbAw)
[2016-03-30 23:01:58,996][DEBUG][org.elasticsearch.cluster.service] [node_t0] set local cluster state to version 12
[2016-03-30 23:01:58,997][TRACE][org.elasticsearch.cluster.service] ack received from node [{node_t0}{UjOsuvjjTaSUJkafxhPFgQ}{local}{local[220]}[master=>true, mode=>local, data=>false]], cluster_state update (version: 12)
[2016-03-30 23:01:58,997][TRACE][org.elasticsearch.cluster.service] all expected nodes acknowledged cluster_state update (version: 12)
[2016-03-30 23:01:58,997][DEBUG][org.elasticsearch.cluster.service] [node_t0] processing [cluster_update_settings]: took 6ms done applying updated cluster_state (version: 12, uuid: 76wIKuVvSFSHx2cE4TvbAw)
[2016-03-30 23:01:58,997][TRACE][org.elasticsearch.cluster.service] [node_t0] will process [reroute_after_cluster_update_settings]
[2016-03-30 23:01:58,997][DEBUG][org.elasticsearch.cluster.service] [node_t0] processing [reroute_after_cluster_update_settings]: execute
[2016-03-30 23:01:58,998][DEBUG][org.elasticsearch.cluster.service] [node_t0] processing [reroute_after_cluster_update_settings]: took 0s no change in cluster_state
[2016-03-30 23:01:59,001][TRACE][org.elasticsearch.cluster.service] [node_t0] will process [local-disco-update]
[2016-03-30 23:01:59,001][DEBUG][org.elasticsearch.cluster.service] [node_t0] processing [local-disco-update]: execute
[2016-03-30 23:01:59,003][TRACE][org.elasticsearch.cluster.service] [node_t0] cluster state updated, source [local-disco-update]
version: 13
state uuid: bBbCTBayQl2xU36Xe3XDow
from_diff: false
meta data version: 8
nodes: 
   {node_t4}{H5KBmc8nTJKmZS9czP_n_Q}{local}{local[224]}[master=>false, mode=>local]
   {node_t0}{UjOsuvjjTaSUJkafxhPFgQ}{local}{local[220]}[master=>true, mode=>local, data=>false], local, master
   {node_t1}{ABvR8raGRuS_s0xvV8c6Dg}{local}{local[221]}[master=>false, mode=>local]
   {node_t2}{MtrhcOgYRbSrDs6bCp85_Q}{local}{local[222]}[master=>false, mode=>local]
routing_table (version 7):
-- index [test]
----shard_id [test][0]
--------[test][0], node[ABvR8raGRuS_s0xvV8c6Dg], [P], v[5], s[STARTED], a[id=Bcio5yOhTKehG4xDOqsIAQ]
--------[test][0], node[null], [R], v[5], s[UNASSIGNED], unassigned_info[[reason=NODE_LEFT], at[2016-03-31T06:01:59.001Z], details[node_left[6YQpKcdoR4yWXY-BPqVSzQ]]]
----shard_id [test][1]
--------[test][1], node[ABvR8raGRuS_s0xvV8c6Dg], [P], v[3], s[STARTED], a[id=tMHQ55iaT0OxhkdaiDd9Fg]
--------[test][1], node[MtrhcOgYRbSrDs6bCp85_Q], [R], v[3], s[STARTED], a[id=KqWuuR1bQCmle38qu9o-bA]
----shard_id [test][2]
--------[test][2], node[MtrhcOgYRbSrDs6bCp85_Q], [P], v[4], s[STARTED], a[id=ZKPbmfnPSXKh9799IPT3IQ]
--------[test][2], node[null], [R], v[4], s[UNASSIGNED], unassigned_info[[reason=NODE_LEFT], at[2016-03-31T06:01:59.001Z], details[node_left[6YQpKcdoR4yWXY-BPqVSzQ]]]

routing_nodes:
-----node_id[ABvR8raGRuS_s0xvV8c6Dg][V]
--------[test][1], node[ABvR8raGRuS_s0xvV8c6Dg], [P], v[3], s[STARTED], a[id=tMHQ55iaT0OxhkdaiDd9Fg]
--------[test][0], node[ABvR8raGRuS_s0xvV8c6Dg], [P], v[5], s[STARTED], a[id=Bcio5yOhTKehG4xDOqsIAQ]
-----node_id[H5KBmc8nTJKmZS9czP_n_Q][V]
-----node_id[MtrhcOgYRbSrDs6bCp85_Q][V]
--------[test][1], node[MtrhcOgYRbSrDs6bCp85_Q], [R], v[3], s[STARTED], a[id=KqWuuR1bQCmle38qu9o-bA]
--------[test][2], node[MtrhcOgYRbSrDs6bCp85_Q], [P], v[4], s[STARTED], a[id=ZKPbmfnPSXKh9799IPT3IQ]
---- unassigned
--------[test][2], node[null], [R], v[4], s[UNASSIGNED], unassigned_info[[reason=NODE_LEFT], at[2016-03-31T06:01:59.001Z], details[node_left[6YQpKcdoR4yWXY-BPqVSzQ]]]
--------[test][0], node[null], [R], v[5], s[UNASSIGNED], unassigned_info[[reason=NODE_LEFT], at[2016-03-31T06:01:59.001Z], details[node_left[6YQpKcdoR4yWXY-BPqVSzQ]]]

[2016-03-30 23:01:59,003][INFO ][org.elasticsearch.cluster.service] [node_t0] removed {{node_t3}{6YQpKcdoR4yWXY-BPqVSzQ}{local}{local[223]}[master=>false, mode=>local],}, reason: local-disco-update
[2016-03-30 23:01:59,003][DEBUG][org.elasticsearch.cluster.service] [node_t0] publishing cluster state version [13]
[2016-03-30 23:01:59,005][TRACE][org.elasticsearch.cluster.service] [node_t1] will process [local-disco-receive(from master)]
[2016-03-30 23:01:59,005][DEBUG][org.elasticsearch.cluster.service] [node_t1] processing [local-disco-receive(from master)]: execute
[2016-03-30 23:01:59,005][TRACE][org.elasticsearch.cluster.service] [node_t2] will process [local-disco-receive(from master)]
[2016-03-30 23:01:59,005][DEBUG][org.elasticsearch.cluster.service] [node_t2] processing [local-disco-receive(from master)]: execute
[2016-03-30 23:01:59,005][TRACE][org.elasticsearch.cluster.service] [node_t4] will process [local-disco-receive(from master)]
[2016-03-30 23:01:59,005][DEBUG][org.elasticsearch.cluster.service] [node_t4] processing [local-disco-receive(from master)]: execute
[2016-03-30 23:01:59,005][TRACE][org.elasticsearch.cluster.service] [node_t2] cluster state updated, source [local-disco-receive(from master)]
version: 13
state uuid: bBbCTBayQl2xU36Xe3XDow
from_diff: false
meta data version: 8
nodes: 
   {node_t4}{H5KBmc8nTJKmZS9czP_n_Q}{local}{local[224]}[master=>false, mode=>local]
   {node_t0}{UjOsuvjjTaSUJkafxhPFgQ}{local}{local[220]}[mode=>local, master=>true, data=>false], master
   {node_t1}{ABvR8raGRuS_s0xvV8c6Dg}{local}{local[221]}[mode=>local, master=>false]
   {node_t2}{MtrhcOgYRbSrDs6bCp85_Q}{local}{local[222]}[master=>false, mode=>local], local
routing_table (version 7):
-- index [test]
----shard_id [test][0]
--------[test][0], node[ABvR8raGRuS_s0xvV8c6Dg], [P], v[5], s[STARTED], a[id=Bcio5yOhTKehG4xDOqsIAQ]
--------[test][0], node[null], [R], v[5], s[UNASSIGNED], unassigned_info[[reason=NODE_LEFT], at[2016-03-31T06:01:59.001Z], details[node_left[6YQpKcdoR4yWXY-BPqVSzQ]]]
----shard_id [test][1]
--------[test][1], node[ABvR8raGRuS_s0xvV8c6Dg], [P], v[3], s[STARTED], a[id=tMHQ55iaT0OxhkdaiDd9Fg]
--------[test][1], node[MtrhcOgYRbSrDs6bCp85_Q], [R], v[3], s[STARTED], a[id=KqWuuR1bQCmle38qu9o-bA]
----shard_id [test][2]
--------[test][2], node[MtrhcOgYRbSrDs6bCp85_Q], [P], v[4], s[STARTED], a[id=ZKPbmfnPSXKh9799IPT3IQ]
--------[test][2], node[null], [R], v[4], s[UNASSIGNED], unassigned_info[[reason=NODE_LEFT], at[2016-03-31T06:01:59.001Z], details[node_left[6YQpKcdoR4yWXY-BPqVSzQ]]]

routing_nodes:
-----node_id[ABvR8raGRuS_s0xvV8c6Dg][V]
--------[test][1], node[ABvR8raGRuS_s0xvV8c6Dg], [P], v[3], s[STARTED], a[id=tMHQ55iaT0OxhkdaiDd9Fg]
--------[test][0], node[ABvR8raGRuS_s0xvV8c6Dg], [P], v[5], s[STARTED], a[id=Bcio5yOhTKehG4xDOqsIAQ]
-----node_id[H5KBmc8nTJKmZS9czP_n_Q][V]
-----node_id[MtrhcOgYRbSrDs6bCp85_Q][V]
--------[test][1], node[MtrhcOgYRbSrDs6bCp85_Q], [R], v[3], s[STARTED], a[id=KqWuuR1bQCmle38qu9o-bA]
--------[test][2], node[MtrhcOgYRbSrDs6bCp85_Q], [P], v[4], s[STARTED], a[id=ZKPbmfnPSXKh9799IPT3IQ]
---- unassigned
--------[test][2], node[null], [R], v[4], s[UNASSIGNED], unassigned_info[[reason=NODE_LEFT], at[2016-03-31T06:01:59.001Z], details[node_left[6YQpKcdoR4yWXY-BPqVSzQ]]]
--------[test][0], node[null], [R], v[5], s[UNASSIGNED], unassigned_info[[reason=NODE_LEFT], at[2016-03-31T06:01:59.001Z], details[node_left[6YQpKcdoR4yWXY-BPqVSzQ]]]

[2016-03-30 23:01:59,006][TRACE][org.elasticsearch.cluster.service] [node_t4] cluster state updated, source [local-disco-receive(from master)]
version: 13
state uuid: bBbCTBayQl2xU36Xe3XDow
from_diff: false
meta data version: 8
nodes: 
   {node_t4}{H5KBmc8nTJKmZS9czP_n_Q}{local}{local[224]}[master=>false, mode=>local], local
   {node_t0}{UjOsuvjjTaSUJkafxhPFgQ}{local}{local[220]}[mode=>local, data=>false, master=>true], master
   {node_t1}{ABvR8raGRuS_s0xvV8c6Dg}{local}{local[221]}[master=>false, mode=>local]
   {node_t2}{MtrhcOgYRbSrDs6bCp85_Q}{local}{local[222]}[mode=>local, master=>false]
routing_table (version 7):
-- index [test]
----shard_id [test][0]
--------[test][0], node[ABvR8raGRuS_s0xvV8c6Dg], [P], v[5], s[STARTED], a[id=Bcio5yOhTKehG4xDOqsIAQ]
--------[test][0], node[null], [R], v[5], s[UNASSIGNED], unassigned_info[[reason=NODE_LEFT], at[2016-03-31T06:01:59.001Z], details[node_left[6YQpKcdoR4yWXY-BPqVSzQ]]]
----shard_id [test][1]
--------[test][1], node[ABvR8raGRuS_s0xvV8c6Dg], [P], v[3], s[STARTED], a[id=tMHQ55iaT0OxhkdaiDd9Fg]
--------[test][1], node[MtrhcOgYRbSrDs6bCp85_Q], [R], v[3], s[STARTED], a[id=KqWuuR1bQCmle38qu9o-bA]
----shard_id [test][2]
--------[test][2], node[MtrhcOgYRbSrDs6bCp85_Q], [P], v[4], s[STARTED], a[id=ZKPbmfnPSXKh9799IPT3IQ]
--------[test][2], node[null], [R], v[4], s[UNASSIGNED], unassigned_info[[reason=NODE_LEFT], at[2016-03-31T06:01:59.001Z], details[node_left[6YQpKcdoR4yWXY-BPqVSzQ]]]

routing_nodes:
-----node_id[ABvR8raGRuS_s0xvV8c6Dg][V]
--------[test][1], node[ABvR8raGRuS_s0xvV8c6Dg], [P], v[3], s[STARTED], a[id=tMHQ55iaT0OxhkdaiDd9Fg]
--------[test][0], node[ABvR8raGRuS_s0xvV8c6Dg], [P], v[5], s[STARTED], a[id=Bcio5yOhTKehG4xDOqsIAQ]
-----node_id[H5KBmc8nTJKmZS9czP_n_Q][V]
-----node_id[MtrhcOgYRbSrDs6bCp85_Q][V]
--------[test][1], node[MtrhcOgYRbSrDs6bCp85_Q], [R], v[3], s[STARTED], a[id=KqWuuR1bQCmle38qu9o-bA]
--------[test][2], node[MtrhcOgYRbSrDs6bCp85_Q], [P], v[4], s[STARTED], a[id=ZKPbmfnPSXKh9799IPT3IQ]
---- unassigned
--------[test][2], node[null], [R], v[4], s[UNASSIGNED], unassigned_info[[reason=NODE_LEFT], at[2016-03-31T06:01:59.001Z], details[node_left[6YQpKcdoR4yWXY-BPqVSzQ]]]
--------[test][0], node[null], [R], v[5], s[UNASSIGNED], unassigned_info[[reason=NODE_LEFT], at[2016-03-31T06:01:59.001Z], details[node_left[6YQpKcdoR4yWXY-BPqVSzQ]]]

[2016-03-30 23:01:59,005][TRACE][org.elasticsearch.cluster.service] [node_t1] cluster state updated, source [local-disco-receive(from master)]
version: 13
state uuid: bBbCTBayQl2xU36Xe3XDow
from_diff: false
meta data version: 8
nodes: 
   {node_t4}{H5KBmc8nTJKmZS9czP_n_Q}{local}{local[224]}[mode=>local, master=>false]
   {node_t0}{UjOsuvjjTaSUJkafxhPFgQ}{local}{local[220]}[mode=>local, data=>false, master=>true], master
   {node_t1}{ABvR8raGRuS_s0xvV8c6Dg}{local}{local[221]}[master=>false, mode=>local], local
   {node_t2}{MtrhcOgYRbSrDs6bCp85_Q}{local}{local[222]}[mode=>local, master=>false]
routing_table (version 7):
-- index [test]
----shard_id [test][0]
--------[test][0], node[ABvR8raGRuS_s0xvV8c6Dg], [P], v[5], s[STARTED], a[id=Bcio5yOhTKehG4xDOqsIAQ]
--------[test][0], node[null], [R], v[5], s[UNASSIGNED], unassigned_info[[reason=NODE_LEFT], at[2016-03-31T06:01:59.001Z], details[node_left[6YQpKcdoR4yWXY-BPqVSzQ]]]
----shard_id [test][1]
--------[test][1], node[ABvR8raGRuS_s0xvV8c6Dg], [P], v[3], s[STARTED], a[id=tMHQ55iaT0OxhkdaiDd9Fg]
--------[test][1], node[MtrhcOgYRbSrDs6bCp85_Q], [R], v[3], s[STARTED], a[id=KqWuuR1bQCmle38qu9o-bA]
----shard_id [test][2]
--------[test][2], node[MtrhcOgYRbSrDs6bCp85_Q], [P], v[4], s[STARTED], a[id=ZKPbmfnPSXKh9799IPT3IQ]
--------[test][2], node[null], [R], v[4], s[UNASSIGNED], unassigned_info[[reason=NODE_LEFT], at[2016-03-31T06:01:59.001Z], details[node_left[6YQpKcdoR4yWXY-BPqVSzQ]]]

routing_nodes:
-----node_id[ABvR8raGRuS_s0xvV8c6Dg][V]
--------[test][1], node[ABvR8raGRuS_s0xvV8c6Dg], [P], v[3], s[STARTED], a[id=tMHQ55iaT0OxhkdaiDd9Fg]
--------[test][0], node[ABvR8raGRuS_s0xvV8c6Dg], [P], v[5], s[STARTED], a[id=Bcio5yOhTKehG4xDOqsIAQ]
-----node_id[H5KBmc8nTJKmZS9czP_n_Q][V]
-----node_id[MtrhcOgYRbSrDs6bCp85_Q][V]
--------[test][1], node[MtrhcOgYRbSrDs6bCp85_Q], [R], v[3], s[STARTED], a[id=KqWuuR1bQCmle38qu9o-bA]
--------[test][2], node[MtrhcOgYRbSrDs6bCp85_Q], [P], v[4], s[STARTED], a[id=ZKPbmfnPSXKh9799IPT3IQ]
---- unassigned
--------[test][2], node[null], [R], v[4], s[UNASSIGNED], unassigned_info[[reason=NODE_LEFT], at[2016-03-31T06:01:59.001Z], details[node_left[6YQpKcdoR4yWXY-BPqVSzQ]]]
--------[test][0], node[null], [R], v[5], s[UNASSIGNED], unassigned_info[[reason=NODE_LEFT], at[2016-03-31T06:01:59.001Z], details[node_left[6YQpKcdoR4yWXY-BPqVSzQ]]]

[2016-03-30 23:01:59,006][INFO ][org.elasticsearch.cluster.service] [node_t4] removed {{node_t3}{6YQpKcdoR4yWXY-BPqVSzQ}{local}{local[223]}[mode=>local, master=>false],}, reason: local-disco-receive(from master)
[2016-03-30 23:01:59,007][DEBUG][org.elasticsearch.cluster.service] [node_t4] set local cluster state to version 13
[2016-03-30 23:01:59,006][INFO ][org.elasticsearch.cluster.service] [node_t2] removed {{node_t3}{6YQpKcdoR4yWXY-BPqVSzQ}{local}{local[223]}[master=>false, mode=>local],}, reason: local-disco-receive(from master)
[2016-03-30 23:01:59,007][DEBUG][org.elasticsearch.cluster.service] [node_t2] set local cluster state to version 13
[2016-03-30 23:01:59,007][INFO ][org.elasticsearch.cluster.service] [node_t1] removed {{node_t3}{6YQpKcdoR4yWXY-BPqVSzQ}{local}{local[223]}[mode=>local, master=>false],}, reason: local-disco-receive(from master)
[2016-03-30 23:01:59,007][DEBUG][org.elasticsearch.cluster.service] [node_t1] set local cluster state to version 13
[2016-03-30 23:01:59,008][DEBUG][org.elasticsearch.cluster.service] [node_t4] processing [local-disco-receive(from master)]: took 3ms done applying updated cluster_state (version: 13, uuid: bBbCTBayQl2xU36Xe3XDow)
[2016-03-30 23:01:59,021][DEBUG][org.elasticsearch.cluster.service] [node_t2] processing [local-disco-receive(from master)]: took 16ms done applying updated cluster_state (version: 13, uuid: bBbCTBayQl2xU36Xe3XDow)
[2016-03-30 23:01:59,021][DEBUG][org.elasticsearch.cluster.service] [node_t0] set local cluster state to version 13
[2016-03-30 23:01:59,021][DEBUG][org.elasticsearch.cluster.service] [node_t1] processing [local-disco-receive(from master)]: took 16ms done applying updated cluster_state (version: 13, uuid: bBbCTBayQl2xU36Xe3XDow)
[2016-03-30 23:01:59,032][DEBUG][org.elasticsearch.cluster.service] [node_t0] processing [local-disco-update]: took 30ms done applying updated cluster_state (version: 13, uuid: bBbCTBayQl2xU36Xe3XDow)
[2016-03-30 23:01:59,080][TRACE][org.elasticsearch.cluster.service] [node_t0] will process [local-disco-update]
[2016-03-30 23:01:59,080][DEBUG][org.elasticsearch.cluster.service] [node_t0] processing [local-disco-update]: execute
[2016-03-30 23:01:59,083][TRACE][org.elasticsearch.cluster.service] [node_t0] cluster state updated, source [local-disco-update]
version: 14
state uuid: l9hrc6ocSoGPlZlk1HcSGA
from_diff: false
meta data version: 9
nodes: 
   {node_t4}{H5KBmc8nTJKmZS9czP_n_Q}{local}{local[224]}[master=>false, mode=>local]
   {node_t0}{UjOsuvjjTaSUJkafxhPFgQ}{local}{local[220]}[master=>true, mode=>local, data=>false], local, master
   {node_t2}{MtrhcOgYRbSrDs6bCp85_Q}{local}{local[222]}[master=>false, mode=>local]
routing_table (version 8):
-- index [test]
----shard_id [test][0]
--------[test][0], node[null], [P], v[6], s[UNASSIGNED], unassigned_info[[reason=NODE_LEFT], at[2016-03-31T06:01:59.081Z], details[node_left[ABvR8raGRuS_s0xvV8c6Dg]]]
--------[test][0], node[null], [R], v[6], s[UNASSIGNED], unassigned_info[[reason=NODE_LEFT], at[2016-03-31T06:01:59.001Z], details[node_left[6YQpKcdoR4yWXY-BPqVSzQ]]]
----shard_id [test][1]
--------[test][1], node[MtrhcOgYRbSrDs6bCp85_Q], [P], v[5], s[STARTED], a[id=KqWuuR1bQCmle38qu9o-bA]
--------[test][1], node[null], [R], v[5], s[UNASSIGNED], unassigned_info[[reason=NODE_LEFT], at[2016-03-31T06:01:59.081Z], details[node_left[ABvR8raGRuS_s0xvV8c6Dg]]]
----shard_id [test][2]
--------[test][2], node[MtrhcOgYRbSrDs6bCp85_Q], [P], v[4], s[STARTED], a[id=ZKPbmfnPSXKh9799IPT3IQ]
--------[test][2], node[null], [R], v[4], s[UNASSIGNED], unassigned_info[[reason=NODE_LEFT], at[2016-03-31T06:01:59.001Z], details[node_left[6YQpKcdoR4yWXY-BPqVSzQ]]]

routing_nodes:
-----node_id[H5KBmc8nTJKmZS9czP_n_Q][V]
-----node_id[MtrhcOgYRbSrDs6bCp85_Q][V]
--------[test][1], node[MtrhcOgYRbSrDs6bCp85_Q], [P], v[5], s[STARTED], a[id=KqWuuR1bQCmle38qu9o-bA]
--------[test][2], node[MtrhcOgYRbSrDs6bCp85_Q], [P], v[4], s[STARTED], a[id=ZKPbmfnPSXKh9799IPT3IQ]
---- unassigned
--------[test][1], node[null], [R], v[5], s[UNASSIGNED], unassigned_info[[reason=NODE_LEFT], at[2016-03-31T06:01:59.081Z], details[node_left[ABvR8raGRuS_s0xvV8c6Dg]]]
--------[test][2], node[null], [R], v[4], s[UNASSIGNED], unassigned_info[[reason=NODE_LEFT], at[2016-03-31T06:01:59.001Z], details[node_left[6YQpKcdoR4yWXY-BPqVSzQ]]]
--------[test][0], node[null], [P], v[6], s[UNASSIGNED], unassigned_info[[reason=NODE_LEFT], at[2016-03-31T06:01:59.081Z], details[node_left[ABvR8raGRuS_s0xvV8c6Dg]]]
--------[test][0], node[null], [R], v[6], s[UNASSIGNED], unassigned_info[[reason=NODE_LEFT], at[2016-03-31T06:01:59.001Z], details[node_left[6YQpKcdoR4yWXY-BPqVSzQ]]]

[2016-03-30 23:01:59,084][INFO ][org.elasticsearch.cluster.service] [node_t0] removed {{node_t1}{ABvR8raGRuS_s0xvV8c6Dg}{local}{local[221]}[master=>false, mode=>local],}, reason: local-disco-update
[2016-03-30 23:01:59,084][DEBUG][org.elasticsearch.cluster.service] [node_t0] publishing cluster state version [14]
[2016-03-30 23:01:59,084][TRACE][org.elasticsearch.cluster.service] [node_t2] will process [local-disco-receive(from master)]
[2016-03-30 23:01:59,084][DEBUG][org.elasticsearch.cluster.service] [node_t2] processing [local-disco-receive(from master)]: execute
[2016-03-30 23:01:59,084][TRACE][org.elasticsearch.cluster.service] [node_t4] will process [local-disco-receive(from master)]
[2016-03-30 23:01:59,084][DEBUG][org.elasticsearch.cluster.service] [node_t4] processing [local-disco-receive(from master)]: execute
[2016-03-30 23:01:59,085][TRACE][org.elasticsearch.cluster.service] [node_t4] cluster state updated, source [local-disco-receive(from master)]
version: 14
state uuid: l9hrc6ocSoGPlZlk1HcSGA
from_diff: false
meta data version: 9
nodes: 
   {node_t4}{H5KBmc8nTJKmZS9czP_n_Q}{local}{local[224]}[master=>false, mode=>local], local
   {node_t0}{UjOsuvjjTaSUJkafxhPFgQ}{local}{local[220]}[mode=>local, data=>false, master=>true], master
   {node_t2}{MtrhcOgYRbSrDs6bCp85_Q}{local}{local[222]}[master=>false, mode=>local]
routing_table (version 8):
-- index [test]
----shard_id [test][0]
--------[test][0], node[null], [P], v[6], s[UNASSIGNED], unassigned_info[[reason=NODE_LEFT], at[2016-03-31T06:01:59.081Z], details[node_left[ABvR8raGRuS_s0xvV8c6Dg]]]
--------[test][0], node[null], [R], v[6], s[UNASSIGNED], unassigned_info[[reason=NODE_LEFT], at[2016-03-31T06:01:59.001Z], details[node_left[6YQpKcdoR4yWXY-BPqVSzQ]]]
----shard_id [test][1]
--------[test][1], node[MtrhcOgYRbSrDs6bCp85_Q], [P], v[5], s[STARTED], a[id=KqWuuR1bQCmle38qu9o-bA]
--------[test][1], node[null], [R], v[5], s[UNASSIGNED], unassigned_info[[reason=NODE_LEFT], at[2016-03-31T06:01:59.081Z], details[node_left[ABvR8raGRuS_s0xvV8c6Dg]]]
----shard_id [test][2]
--------[test][2], node[MtrhcOgYRbSrDs6bCp85_Q], [P], v[4], s[STARTED], a[id=ZKPbmfnPSXKh9799IPT3IQ]
--------[test][2], node[null], [R], v[4], s[UNASSIGNED], unassigned_info[[reason=NODE_LEFT], at[2016-03-31T06:01:59.001Z], details[node_left[6YQpKcdoR4yWXY-BPqVSzQ]]]

routing_nodes:
-----node_id[H5KBmc8nTJKmZS9czP_n_Q][V]
-----node_id[MtrhcOgYRbSrDs6bCp85_Q][V]
--------[test][1], node[MtrhcOgYRbSrDs6bCp85_Q], [P], v[5], s[STARTED], a[id=KqWuuR1bQCmle38qu9o-bA]
--------[test][2], node[MtrhcOgYRbSrDs6bCp85_Q], [P], v[4], s[STARTED], a[id=ZKPbmfnPSXKh9799IPT3IQ]
---- unassigned
--------[test][1], node[null], [R], v[5], s[UNASSIGNED], unassigned_info[[reason=NODE_LEFT], at[2016-03-31T06:01:59.081Z], details[node_left[ABvR8raGRuS_s0xvV8c6Dg]]]
--------[test][2], node[null], [R], v[4], s[UNASSIGNED], unassigned_info[[reason=NODE_LEFT], at[2016-03-31T06:01:59.001Z], details[node_left[6YQpKcdoR4yWXY-BPqVSzQ]]]
--------[test][0], node[null], [P], v[6], s[UNASSIGNED], unassigned_info[[reason=NODE_LEFT], at[2016-03-31T06:01:59.081Z], details[node_left[ABvR8raGRuS_s0xvV8c6Dg]]]
--------[test][0], node[null], [R], v[6], s[UNASSIGNED], unassigned_info[[reason=NODE_LEFT], at[2016-03-31T06:01:59.001Z], details[node_left[6YQpKcdoR4yWXY-BPqVSzQ]]]

[2016-03-30 23:01:59,085][TRACE][org.elasticsearch.cluster.service] [node_t2] cluster state updated, source [local-disco-receive(from master)]
version: 14
state uuid: l9hrc6ocSoGPlZlk1HcSGA
from_diff: false
meta data version: 9
nodes: 
   {node_t4}{H5KBmc8nTJKmZS9czP_n_Q}{local}{local[224]}[mode=>local, master=>false]
   {node_t0}{UjOsuvjjTaSUJkafxhPFgQ}{local}{local[220]}[mode=>local, master=>true, data=>false], master
   {node_t2}{MtrhcOgYRbSrDs6bCp85_Q}{local}{local[222]}[master=>false, mode=>local], local
routing_table (version 8):
-- index [test]
----shard_id [test][0]
--------[test][0], node[null], [P], v[6], s[UNASSIGNED], unassigned_info[[reason=NODE_LEFT], at[2016-03-31T06:01:59.081Z], details[node_left[ABvR8raGRuS_s0xvV8c6Dg]]]
--------[test][0], node[null], [R], v[6], s[UNASSIGNED], unassigned_info[[reason=NODE_LEFT], at[2016-03-31T06:01:59.001Z], details[node_left[6YQpKcdoR4yWXY-BPqVSzQ]]]
----shard_id [test][1]
--------[test][1], node[MtrhcOgYRbSrDs6bCp85_Q], [P], v[5], s[STARTED], a[id=KqWuuR1bQCmle38qu9o-bA]
--------[test][1], node[null], [R], v[5], s[UNASSIGNED], unassigned_info[[reason=NODE_LEFT], at[2016-03-31T06:01:59.081Z], details[node_left[ABvR8raGRuS_s0xvV8c6Dg]]]
----shard_id [test][2]
--------[test][2], node[MtrhcOgYRbSrDs6bCp85_Q], [P], v[4], s[STARTED], a[id=ZKPbmfnPSXKh9799IPT3IQ]
--------[test][2], node[null], [R], v[4], s[UNASSIGNED], unassigned_info[[reason=NODE_LEFT], at[2016-03-31T06:01:59.001Z], details[node_left[6YQpKcdoR4yWXY-BPqVSzQ]]]

routing_nodes:
-----node_id[H5KBmc8nTJKmZS9czP_n_Q][V]
-----node_id[MtrhcOgYRbSrDs6bCp85_Q][V]
--------[test][1], node[MtrhcOgYRbSrDs6bCp85_Q], [P], v[5], s[STARTED], a[id=KqWuuR1bQCmle38qu9o-bA]
--------[test][2], node[MtrhcOgYRbSrDs6bCp85_Q], [P], v[4], s[STARTED], a[id=ZKPbmfnPSXKh9799IPT3IQ]
---- unassigned
--------[test][1], node[null], [R], v[5], s[UNASSIGNED], unassigned_info[[reason=NODE_LEFT], at[2016-03-31T06:01:59.081Z], details[node_left[ABvR8raGRuS_s0xvV8c6Dg]]]
--------[test][2], node[null], [R], v[4], s[UNASSIGNED], unassigned_info[[reason=NODE_LEFT], at[2016-03-31T06:01:59.001Z], details[node_left[6YQpKcdoR4yWXY-BPqVSzQ]]]
--------[test][0], node[null], [P], v[6], s[UNASSIGNED], unassigned_info[[reason=NODE_LEFT], at[2016-03-31T06:01:59.081Z], details[node_left[ABvR8raGRuS_s0xvV8c6Dg]]]
--------[test][0], node[null], [R], v[6], s[UNASSIGNED], unassigned_info[[reason=NODE_LEFT], at[2016-03-31T06:01:59.001Z], details[node_left[6YQpKcdoR4yWXY-BPqVSzQ]]]

[2016-03-30 23:01:59,086][INFO ][org.elasticsearch.cluster.service] [node_t2] removed {{node_t1}{ABvR8raGRuS_s0xvV8c6Dg}{local}{local[221]}[mode=>local, master=>false],}, reason: local-disco-receive(from master)
[2016-03-30 23:01:59,086][DEBUG][org.elasticsearch.cluster.service] [node_t2] set local cluster state to version 14
[2016-03-30 23:01:59,085][INFO ][org.elasticsearch.cluster.service] [node_t4] removed {{node_t1}{ABvR8raGRuS_s0xvV8c6Dg}{local}{local[221]}[master=>false, mode=>local],}, reason: local-disco-receive(from master)
[2016-03-30 23:01:59,086][DEBUG][org.elasticsearch.cluster.service] [node_t4] set local cluster state to version 14
[2016-03-30 23:01:59,087][DEBUG][org.elasticsearch.cluster.service] [node_t4] processing [local-disco-receive(from master)]: took 2ms done applying updated cluster_state (version: 14, uuid: l9hrc6ocSoGPlZlk1HcSGA)
[2016-03-30 23:01:59,105][DEBUG][org.elasticsearch.cluster.service] [node_t2] processing [local-disco-receive(from master)]: took 20ms done applying updated cluster_state (version: 14, uuid: l9hrc6ocSoGPlZlk1HcSGA)
[2016-03-30 23:01:59,105][DEBUG][org.elasticsearch.cluster.service] [node_t0] set local cluster state to version 14
[2016-03-30 23:01:59,116][DEBUG][org.elasticsearch.cluster.service] [node_t0] processing [local-disco-update]: took 35ms done applying updated cluster_state (version: 14, uuid: l9hrc6ocSoGPlZlk1HcSGA)
[2016-03-30 23:01:59,116][TRACE][org.elasticsearch.cluster.service] [node_t0] will process [cluster_reroute(async_shard_fetch)]
[2016-03-30 23:01:59,116][DEBUG][org.elasticsearch.cluster.service] [node_t0] processing [cluster_reroute(async_shard_fetch)]: execute
[2016-03-30 23:01:59,117][DEBUG][org.elasticsearch.cluster.service] [node_t0] processing [cluster_reroute(async_shard_fetch)]: took 0s no change in cluster_state
[2016-03-30 23:01:59,156][TRACE][org.elasticsearch.cluster.service] [node_t0] will process [update-settings]
[2016-03-30 23:01:59,156][DEBUG][org.elasticsearch.cluster.service] [node_t0] processing [update-settings]: execute
[2016-03-30 23:01:59,157][TRACE][org.elasticsearch.cluster.service] expecting 3 acknowledgements for cluster_state update (version: 15)
[2016-03-30 23:01:59,157][TRACE][org.elasticsearch.cluster.service] [node_t0] cluster state updated, source [update-settings]
version: 15
state uuid: ChZDfEq3R4SrnU3np9WOAQ
from_diff: false
meta data version: 10
nodes: 
   {node_t4}{H5KBmc8nTJKmZS9czP_n_Q}{local}{local[224]}[master=>false, mode=>local]
   {node_t0}{UjOsuvjjTaSUJkafxhPFgQ}{local}{local[220]}[master=>true, mode=>local, data=>false], local, master
   {node_t2}{MtrhcOgYRbSrDs6bCp85_Q}{local}{local[222]}[master=>false, mode=>local]
routing_table (version 9):
-- index [test]
----shard_id [test][0]
--------[test][0], node[null], [P], v[6], s[UNASSIGNED], unassigned_info[[reason=NODE_LEFT], at[2016-03-31T06:01:59.081Z], details[node_left[ABvR8raGRuS_s0xvV8c6Dg]]]
--------[test][0], node[null], [R], v[6], s[UNASSIGNED], unassigned_info[[reason=NODE_LEFT], at[2016-03-31T06:01:59.001Z], details[node_left[6YQpKcdoR4yWXY-BPqVSzQ]]]
----shard_id [test][1]
--------[test][1], node[MtrhcOgYRbSrDs6bCp85_Q], [P], v[5], s[STARTED], a[id=KqWuuR1bQCmle38qu9o-bA]
--------[test][1], node[null], [R], v[5], s[UNASSIGNED], unassigned_info[[reason=NODE_LEFT], at[2016-03-31T06:01:59.081Z], details[node_left[ABvR8raGRuS_s0xvV8c6Dg]]]
----shard_id [test][2]
--------[test][2], node[MtrhcOgYRbSrDs6bCp85_Q], [P], v[4], s[STARTED], a[id=ZKPbmfnPSXKh9799IPT3IQ]
--------[test][2], node[null], [R], v[4], s[UNASSIGNED], unassigned_info[[reason=NODE_LEFT], at[2016-03-31T06:01:59.001Z], details[node_left[6YQpKcdoR4yWXY-BPqVSzQ]]]

routing_nodes:
-----node_id[H5KBmc8nTJKmZS9czP_n_Q][V]
-----node_id[MtrhcOgYRbSrDs6bCp85_Q][V]
--------[test][1], node[MtrhcOgYRbSrDs6bCp85_Q], [P], v[5], s[STARTED], a[id=KqWuuR1bQCmle38qu9o-bA]
--------[test][2], node[MtrhcOgYRbSrDs6bCp85_Q], [P], v[4], s[STARTED], a[id=ZKPbmfnPSXKh9799IPT3IQ]
---- unassigned
--------[test][1], node[null], [R], v[5], s[UNASSIGNED], unassigned_info[[reason=NODE_LEFT], at[2016-03-31T06:01:59.081Z], details[node_left[ABvR8raGRuS_s0xvV8c6Dg]]]
--------[test][2], node[null], [R], v[4], s[UNASSIGNED], unassigned_info[[reason=NODE_LEFT], at[2016-03-31T06:01:59.001Z], details[node_left[6YQpKcdoR4yWXY-BPqVSzQ]]]
--------[test][0], node[null], [P], v[6], s[UNASSIGNED], unassigned_info[[reason=NODE_LEFT], at[2016-03-31T06:01:59.081Z], details[node_left[ABvR8raGRuS_s0xvV8c6Dg]]]
--------[test][0], node[null], [R], v[6], s[UNASSIGNED], unassigned_info[[reason=NODE_LEFT], at[2016-03-31T06:01:59.001Z], details[node_left[6YQpKcdoR4yWXY-BPqVSzQ]]]

[2016-03-30 23:01:59,157][DEBUG][org.elasticsearch.cluster.service] [node_t0] publishing cluster state version [15]
[2016-03-30 23:01:59,158][TRACE][org.elasticsearch.cluster.service] [node_t2] will process [local-disco-receive(from master)]
[2016-03-30 23:01:59,158][DEBUG][org.elasticsearch.cluster.service] [node_t2] processing [local-disco-receive(from master)]: execute
[2016-03-30 23:01:59,158][TRACE][org.elasticsearch.cluster.service] [node_t4] will process [local-disco-receive(from master)]
[2016-03-30 23:01:59,158][DEBUG][org.elasticsearch.cluster.service] [node_t4] processing [local-disco-receive(from master)]: execute
[2016-03-30 23:01:59,158][TRACE][org.elasticsearch.cluster.service] [node_t4] cluster state updated, source [local-disco-receive(from master)]
version: 15
state uuid: ChZDfEq3R4SrnU3np9WOAQ
from_diff: false
meta data version: 10
nodes: 
   {node_t4}{H5KBmc8nTJKmZS9czP_n_Q}{local}{local[224]}[master=>false, mode=>local], local
   {node_t0}{UjOsuvjjTaSUJkafxhPFgQ}{local}{local[220]}[mode=>local, data=>false, master=>true], master
   {node_t2}{MtrhcOgYRbSrDs6bCp85_Q}{local}{local[222]}[master=>false, mode=>local]
routing_table (version 9):
-- index [test]
----shard_id [test][0]
--------[test][0], node[null], [P], v[6], s[UNASSIGNED], unassigned_info[[reason=NODE_LEFT], at[2016-03-31T06:01:59.081Z], details[node_left[ABvR8raGRuS_s0xvV8c6Dg]]]
--------[test][0], node[null], [R], v[6], s[UNASSIGNED], unassigned_info[[reason=NODE_LEFT], at[2016-03-31T06:01:59.001Z], details[node_left[6YQpKcdoR4yWXY-BPqVSzQ]]]
----shard_id [test][1]
--------[test][1], node[MtrhcOgYRbSrDs6bCp85_Q], [P], v[5], s[STARTED], a[id=KqWuuR1bQCmle38qu9o-bA]
--------[test][1], node[null], [R], v[5], s[UNASSIGNED], unassigned_info[[reason=NODE_LEFT], at[2016-03-31T06:01:59.081Z], details[node_left[ABvR8raGRuS_s0xvV8c6Dg]]]
----shard_id [test][2]
--------[test][2], node[MtrhcOgYRbSrDs6bCp85_Q], [P], v[4], s[STARTED], a[id=ZKPbmfnPSXKh9799IPT3IQ]
--------[test][2], node[null], [R], v[4], s[UNASSIGNED], unassigned_info[[reason=NODE_LEFT], at[2016-03-31T06:01:59.001Z], details[node_left[6YQpKcdoR4yWXY-BPqVSzQ]]]

routing_nodes:
-----node_id[H5KBmc8nTJKmZS9czP_n_Q][V]
-----node_id[MtrhcOgYRbSrDs6bCp85_Q][V]
--------[test][1], node[MtrhcOgYRbSrDs6bCp85_Q], [P], v[5], s[STARTED], a[id=KqWuuR1bQCmle38qu9o-bA]
--------[test][2], node[MtrhcOgYRbSrDs6bCp85_Q], [P], v[4], s[STARTED], a[id=ZKPbmfnPSXKh9799IPT3IQ]
---- unassigned
--------[test][1], node[null], [R], v[5], s[UNASSIGNED], unassigned_info[[reason=NODE_LEFT], at[2016-03-31T06:01:59.081Z], details[node_left[ABvR8raGRuS_s0xvV8c6Dg]]]
--------[test][2], node[null], [R], v[4], s[UNASSIGNED], unassigned_info[[reason=NODE_LEFT], at[2016-03-31T06:01:59.001Z], details[node_left[6YQpKcdoR4yWXY-BPqVSzQ]]]
--------[test][0], node[null], [P], v[6], s[UNASSIGNED], unassigned_info[[reason=NODE_LEFT], at[2016-03-31T06:01:59.081Z], details[node_left[ABvR8raGRuS_s0xvV8c6Dg]]]
--------[test][0], node[null], [R], v[6], s[UNASSIGNED], unassigned_info[[reason=NODE_LEFT], at[2016-03-31T06:01:59.001Z], details[node_left[6YQpKcdoR4yWXY-BPqVSzQ]]]

[2016-03-30 23:01:59,159][DEBUG][org.elasticsearch.cluster.service] [node_t4] set local cluster state to version 15
[2016-03-30 23:01:59,158][TRACE][org.elasticsearch.cluster.service] [node_t2] cluster state updated, source [local-disco-receive(from master)]
version: 15
state uuid: ChZDfEq3R4SrnU3np9WOAQ
from_diff: false
meta data version: 10
nodes: 
   {node_t4}{H5KBmc8nTJKmZS9czP_n_Q}{local}{local[224]}[mode=>local, master=>false]
   {node_t0}{UjOsuvjjTaSUJkafxhPFgQ}{local}{local[220]}[mode=>local, master=>true, data=>false], master
   {node_t2}{MtrhcOgYRbSrDs6bCp85_Q}{local}{local[222]}[master=>false, mode=>local], local
routing_table (version 9):
-- index [test]
----shard_id [test][0]
--------[test][0], node[null], [P], v[6], s[UNASSIGNED], unassigned_info[[reason=NODE_LEFT], at[2016-03-31T06:01:59.081Z], details[node_left[ABvR8raGRuS_s0xvV8c6Dg]]]
--------[test][0], node[null], [R], v[6], s[UNASSIGNED], unassigned_info[[reason=NODE_LEFT], at[2016-03-31T06:01:59.001Z], details[node_left[6YQpKcdoR4yWXY-BPqVSzQ]]]
----shard_id [test][1]
--------[test][1], node[MtrhcOgYRbSrDs6bCp85_Q], [P], v[5], s[STARTED], a[id=KqWuuR1bQCmle38qu9o-bA]
--------[test][1], node[null], [R], v[5], s[UNASSIGNED], unassigned_info[[reason=NODE_LEFT], at[2016-03-31T06:01:59.081Z], details[node_left[ABvR8raGRuS_s0xvV8c6Dg]]]
----shard_id [test][2]
--------[test][2], node[MtrhcOgYRbSrDs6bCp85_Q], [P], v[4], s[STARTED], a[id=ZKPbmfnPSXKh9799IPT3IQ]
--------[test][2], node[null], [R], v[4], s[UNASSIGNED], unassigned_info[[reason=NODE_LEFT], at[2016-03-31T06:01:59.001Z], details[node_left[6YQpKcdoR4yWXY-BPqVSzQ]]]

routing_nodes:
-----node_id[H5KBmc8nTJKmZS9czP_n_Q][V]
-----node_id[MtrhcOgYRbSrDs6bCp85_Q][V]
--------[test][1], node[MtrhcOgYRbSrDs6bCp85_Q], [P], v[5], s[STARTED], a[id=KqWuuR1bQCmle38qu9o-bA]
--------[test][2], node[MtrhcOgYRbSrDs6bCp85_Q], [P], v[4], s[STARTED], a[id=ZKPbmfnPSXKh9799IPT3IQ]
---- unassigned
--------[test][1], node[null], [R], v[5], s[UNASSIGNED], unassigned_info[[reason=NODE_LEFT], at[2016-03-31T06:01:59.081Z], details[node_left[ABvR8raGRuS_s0xvV8c6Dg]]]
--------[test][2], node[null], [R], v[4], s[UNASSIGNED], unassigned_info[[reason=NODE_LEFT], at[2016-03-31T06:01:59.001Z], details[node_left[6YQpKcdoR4yWXY-BPqVSzQ]]]
--------[test][0], node[null], [P], v[6], s[UNASSIGNED], unassigned_info[[reason=NODE_LEFT], at[2016-03-31T06:01:59.081Z], details[node_left[ABvR8raGRuS_s0xvV8c6Dg]]]
--------[test][0], node[null], [R], v[6], s[UNASSIGNED], unassigned_info[[reason=NODE_LEFT], at[2016-03-31T06:01:59.001Z], details[node_left[6YQpKcdoR4yWXY-BPqVSzQ]]]

[2016-03-30 23:01:59,159][DEBUG][org.elasticsearch.cluster.service] [node_t2] set local cluster state to version 15
[2016-03-30 23:01:59,159][TRACE][org.elasticsearch.cluster.service] ack received from node [{node_t4}{H5KBmc8nTJKmZS9czP_n_Q}{local}{local[224]}[master=>false, mode=>local]], cluster_state update (version: 15)
[2016-03-30 23:01:59,159][DEBUG][org.elasticsearch.cluster.service] [node_t4] processing [local-disco-receive(from master)]: took 1ms done applying updated cluster_state (version: 15, uuid: ChZDfEq3R4SrnU3np9WOAQ)
[2016-03-30 23:01:59,168][TRACE][org.elasticsearch.cluster.service] ack received from node [{node_t2}{MtrhcOgYRbSrDs6bCp85_Q}{local}{local[222]}[master=>false, mode=>local]], cluster_state update (version: 15)
[2016-03-30 23:01:59,168][DEBUG][org.elasticsearch.cluster.service] [node_t2] processing [local-disco-receive(from master)]: took 10ms done applying updated cluster_state (version: 15, uuid: ChZDfEq3R4SrnU3np9WOAQ)
[2016-03-30 23:01:59,168][DEBUG][org.elasticsearch.cluster.service] [node_t0] set local cluster state to version 15
[2016-03-30 23:01:59,177][TRACE][org.elasticsearch.cluster.service] ack received from node [{node_t0}{UjOsuvjjTaSUJkafxhPFgQ}{local}{local[220]}[master=>true, mode=>local, data=>false]], cluster_state update (version: 15)
[2016-03-30 23:01:59,177][TRACE][org.elasticsearch.cluster.service] all expected nodes acknowledged cluster_state update (version: 15)
[2016-03-30 23:01:59,177][DEBUG][org.elasticsearch.cluster.service] [node_t0] processing [update-settings]: took 21ms done applying updated cluster_state (version: 15, uuid: ChZDfEq3R4SrnU3np9WOAQ)
[2016-03-30 23:01:59,178][TRACE][org.elasticsearch.cluster.service] [node_t0] will process [cluster_update_settings]
[2016-03-30 23:01:59,178][DEBUG][org.elasticsearch.cluster.service] [node_t0] processing [cluster_update_settings]: execute
[2016-03-30 23:01:59,178][TRACE][org.elasticsearch.cluster.service] expecting 3 acknowledgements for cluster_state update (version: 16)
[2016-03-30 23:01:59,179][TRACE][org.elasticsearch.cluster.service] [node_t0] cluster state updated, source [cluster_update_settings]
version: 16
state uuid: qBnlq98sQDGnUleMis_Bvw
from_diff: false
meta data version: 11
nodes: 
   {node_t4}{H5KBmc8nTJKmZS9czP_n_Q}{local}{local[224]}[master=>false, mode=>local]
   {node_t0}{UjOsuvjjTaSUJkafxhPFgQ}{local}{local[220]}[master=>true, mode=>local, data=>false], local, master
   {node_t2}{MtrhcOgYRbSrDs6bCp85_Q}{local}{local[222]}[master=>false, mode=>local]
routing_table (version 9):
-- index [test]
----shard_id [test][0]
--------[test][0], node[null], [P], v[6], s[UNASSIGNED], unassigned_info[[reason=NODE_LEFT], at[2016-03-31T06:01:59.081Z], details[node_left[ABvR8raGRuS_s0xvV8c6Dg]]]
--------[test][0], node[null], [R], v[6], s[UNASSIGNED], unassigned_info[[reason=NODE_LEFT], at[2016-03-31T06:01:59.001Z], details[node_left[6YQpKcdoR4yWXY-BPqVSzQ]]]
----shard_id [test][1]
--------[test][1], node[MtrhcOgYRbSrDs6bCp85_Q], [P], v[5], s[STARTED], a[id=KqWuuR1bQCmle38qu9o-bA]
--------[test][1], node[null], [R], v[5], s[UNASSIGNED], unassigned_info[[reason=NODE_LEFT], at[2016-03-31T06:01:59.081Z], details[node_left[ABvR8raGRuS_s0xvV8c6Dg]]]
----shard_id [test][2]
--------[test][2], node[MtrhcOgYRbSrDs6bCp85_Q], [P], v[4], s[STARTED], a[id=ZKPbmfnPSXKh9799IPT3IQ]
--------[test][2], node[null], [R], v[4], s[UNASSIGNED], unassigned_info[[reason=NODE_LEFT], at[2016-03-31T06:01:59.001Z], details[node_left[6YQpKcdoR4yWXY-BPqVSzQ]]]

routing_nodes:
-----node_id[H5KBmc8nTJKmZS9czP_n_Q][V]
-----node_id[MtrhcOgYRbSrDs6bCp85_Q][V]
--------[test][1], node[MtrhcOgYRbSrDs6bCp85_Q], [P], v[5], s[STARTED], a[id=KqWuuR1bQCmle38qu9o-bA]
--------[test][2], node[MtrhcOgYRbSrDs6bCp85_Q], [P], v[4], s[STARTED], a[id=ZKPbmfnPSXKh9799IPT3IQ]
---- unassigned
--------[test][1], node[null], [R], v[5], s[UNASSIGNED], unassigned_info[[reason=NODE_LEFT], at[2016-03-31T06:01:59.081Z], details[node_left[ABvR8raGRuS_s0xvV8c6Dg]]]
--------[test][2], node[null], [R], v[4], s[UNASSIGNED], unassigned_info[[reason=NODE_LEFT], at[2016-03-31T06:01:59.001Z], details[node_left[6YQpKcdoR4yWXY-BPqVSzQ]]]
--------[test][0], node[null], [P], v[6], s[UNASSIGNED], unassigned_info[[reason=NODE_LEFT], at[2016-03-31T06:01:59.081Z], details[node_left[ABvR8raGRuS_s0xvV8c6Dg]]]
--------[test][0], node[null], [R], v[6], s[UNASSIGNED], unassigned_info[[reason=NODE_LEFT], at[2016-03-31T06:01:59.001Z], details[node_left[6YQpKcdoR4yWXY-BPqVSzQ]]]

[2016-03-30 23:01:59,179][DEBUG][org.elasticsearch.cluster.service] [node_t0] publishing cluster state version [16]
[2016-03-30 23:01:59,179][TRACE][org.elasticsearch.cluster.service] [node_t4] will process [local-disco-receive(from master)]
[2016-03-30 23:01:59,179][DEBUG][org.elasticsearch.cluster.service] [node_t4] processing [local-disco-receive(from master)]: execute
[2016-03-30 23:01:59,180][TRACE][org.elasticsearch.cluster.service] [node_t4] cluster state updated, source [local-disco-receive(from master)]
version: 16
state uuid: qBnlq98sQDGnUleMis_Bvw
from_diff: false
meta data version: 11
nodes: 
   {node_t4}{H5KBmc8nTJKmZS9czP_n_Q}{local}{local[224]}[master=>false, mode=>local], local
   {node_t0}{UjOsuvjjTaSUJkafxhPFgQ}{local}{local[220]}[mode=>local, data=>false, master=>true], master
   {node_t2}{MtrhcOgYRbSrDs6bCp85_Q}{local}{local[222]}[master=>false, mode=>local]
routing_table (version 9):
-- index [test]
----shard_id [test][0]
--------[test][0], node[null], [P], v[6], s[UNASSIGNED], unassigned_info[[reason=NODE_LEFT], at[2016-03-31T06:01:59.081Z], details[node_left[ABvR8raGRuS_s0xvV8c6Dg]]]
--------[test][0], node[null], [R], v[6], s[UNASSIGNED], unassigned_info[[reason=NODE_LEFT], at[2016-03-31T06:01:59.001Z], details[node_left[6YQpKcdoR4yWXY-BPqVSzQ]]]
----shard_id [test][1]
--------[test][1], node[MtrhcOgYRbSrDs6bCp85_Q], [P], v[5], s[STARTED], a[id=KqWuuR1bQCmle38qu9o-bA]
--------[test][1], node[null], [R], v[5], s[UNASSIGNED], unassigned_info[[reason=NODE_LEFT], at[2016-03-31T06:01:59.081Z], details[node_left[ABvR8raGRuS_s0xvV8c6Dg]]]
----shard_id [test][2]
--------[test][2], node[MtrhcOgYRbSrDs6bCp85_Q], [P], v[4], s[STARTED], a[id=ZKPbmfnPSXKh9799IPT3IQ]
--------[test][2], node[null], [R], v[4], s[UNASSIGNED], unassigned_info[[reason=NODE_LEFT], at[2016-03-31T06:01:59.001Z], details[node_left[6YQpKcdoR4yWXY-BPqVSzQ]]]

routing_nodes:
-----node_id[H5KBmc8nTJKmZS9czP_n_Q][V]
-----node_id[MtrhcOgYRbSrDs6bCp85_Q][V]
--------[test][1], node[MtrhcOgYRbSrDs6bCp85_Q], [P], v[5], s[STARTED], a[id=KqWuuR1bQCmle38qu9o-bA]
--------[test][2], node[MtrhcOgYRbSrDs6bCp85_Q], [P], v[4], s[STARTED], a[id=ZKPbmfnPSXKh9799IPT3IQ]
---- unassigned
--------[test][1], node[null], [R], v[5], s[UNASSIGNED], unassigned_info[[reason=NODE_LEFT], at[2016-03-31T06:01:59.081Z], details[node_left[ABvR8raGRuS_s0xvV8c6Dg]]]
--------[test][2], node[null], [R], v[4], s[UNASSIGNED], unassigned_info[[reason=NODE_LEFT], at[2016-03-31T06:01:59.001Z], details[node_left[6YQpKcdoR4yWXY-BPqVSzQ]]]
--------[test][0], node[null], [P], v[6], s[UNASSIGNED], unassigned_info[[reason=NODE_LEFT], at[2016-03-31T06:01:59.081Z], details[node_left[ABvR8raGRuS_s0xvV8c6Dg]]]
--------[test][0], node[null], [R], v[6], s[UNASSIGNED], unassigned_info[[reason=NODE_LEFT], at[2016-03-31T06:01:59.001Z], details[node_left[6YQpKcdoR4yWXY-BPqVSzQ]]]

[2016-03-30 23:01:59,180][DEBUG][org.elasticsearch.cluster.service] [node_t4] set local cluster state to version 16
[2016-03-30 23:01:59,180][TRACE][org.elasticsearch.cluster.service] [node_t2] will process [local-disco-receive(from master)]
[2016-03-30 23:01:59,180][DEBUG][org.elasticsearch.cluster.service] [node_t2] processing [local-disco-receive(from master)]: execute
[2016-03-30 23:01:59,180][TRACE][org.elasticsearch.cluster.service] [node_t2] cluster state updated, source [local-disco-receive(from master)]
version: 16
state uuid: qBnlq98sQDGnUleMis_Bvw
from_diff: false
meta data version: 11
nodes: 
   {node_t4}{H5KBmc8nTJKmZS9czP_n_Q}{local}{local[224]}[mode=>local, master=>false]
   {node_t0}{UjOsuvjjTaSUJkafxhPFgQ}{local}{local[220]}[mode=>local, master=>true, data=>false], master
   {node_t2}{MtrhcOgYRbSrDs6bCp85_Q}{local}{local[222]}[master=>false, mode=>local], local
routing_table (version 9):
-- index [test]
----shard_id [test][0]
--------[test][0], node[null], [P], v[6], s[UNASSIGNED], unassigned_info[[reason=NODE_LEFT], at[2016-03-31T06:01:59.081Z], details[node_left[ABvR8raGRuS_s0xvV8c6Dg]]]
--------[test][0], node[null], [R], v[6], s[UNASSIGNED], unassigned_info[[reason=NODE_LEFT], at[2016-03-31T06:01:59.001Z], details[node_left[6YQpKcdoR4yWXY-BPqVSzQ]]]
----shard_id [test][1]
--------[test][1], node[MtrhcOgYRbSrDs6bCp85_Q], [P], v[5], s[STARTED], a[id=KqWuuR1bQCmle38qu9o-bA]
--------[test][1], node[null], [R], v[5], s[UNASSIGNED], unassigned_info[[reason=NODE_LEFT], at[2016-03-31T06:01:59.081Z], details[node_left[ABvR8raGRuS_s0xvV8c6Dg]]]
----shard_id [test][2]
--------[test][2], node[MtrhcOgYRbSrDs6bCp85_Q], [P], v[4], s[STARTED], a[id=ZKPbmfnPSXKh9799IPT3IQ]
--------[test][2], node[null], [R], v[4], s[UNASSIGNED], unassigned_info[[reason=NODE_LEFT], at[2016-03-31T06:01:59.001Z], details[node_left[6YQpKcdoR4yWXY-BPqVSzQ]]]

routing_nodes:
-----node_id[H5KBmc8nTJKmZS9czP_n_Q][V]
-----node_id[MtrhcOgYRbSrDs6bCp85_Q][V]
--------[test][1], node[MtrhcOgYRbSrDs6bCp85_Q], [P], v[5], s[STARTED], a[id=KqWuuR1bQCmle38qu9o-bA]
--------[test][2], node[MtrhcOgYRbSrDs6bCp85_Q], [P], v[4], s[STARTED], a[id=ZKPbmfnPSXKh9799IPT3IQ]
---- unassigned
--------[test][1], node[null], [R], v[5], s[UNASSIGNED], unassigned_info[[reason=NODE_LEFT], at[2016-03-31T06:01:59.081Z], details[node_left[ABvR8raGRuS_s0xvV8c6Dg]]]
--------[test][2], node[null], [R], v[4], s[UNASSIGNED], unassigned_info[[reason=NODE_LEFT], at[2016-03-31T06:01:59.001Z], details[node_left[6YQpKcdoR4yWXY-BPqVSzQ]]]
--------[test][0], node[null], [P], v[6], s[UNASSIGNED], unassigned_info[[reason=NODE_LEFT], at[2016-03-31T06:01:59.081Z], details[node_left[ABvR8raGRuS_s0xvV8c6Dg]]]
--------[test][0], node[null], [R], v[6], s[UNASSIGNED], unassigned_info[[reason=NODE_LEFT], at[2016-03-31T06:01:59.001Z], details[node_left[6YQpKcdoR4yWXY-BPqVSzQ]]]

[2016-03-30 23:01:59,181][DEBUG][org.elasticsearch.cluster.service] [node_t2] set local cluster state to version 16
[2016-03-30 23:01:59,181][TRACE][org.elasticsearch.cluster.service] ack received from node [{node_t4}{H5KBmc8nTJKmZS9czP_n_Q}{local}{local[224]}[master=>false, mode=>local]], cluster_state update (version: 16)
[2016-03-30 23:01:59,181][DEBUG][org.elasticsearch.cluster.service] [node_t4] processing [local-disco-receive(from master)]: took 1ms done applying updated cluster_state (version: 16, uuid: qBnlq98sQDGnUleMis_Bvw)
[2016-03-30 23:01:59,182][TRACE][org.elasticsearch.cluster.service] ack received from node [{node_t2}{MtrhcOgYRbSrDs6bCp85_Q}{local}{local[222]}[master=>false, mode=>local]], cluster_state update (version: 16)
[2016-03-30 23:01:59,182][DEBUG][org.elasticsearch.cluster.service] [node_t2] processing [local-disco-receive(from master)]: took 1ms done applying updated cluster_state (version: 16, uuid: qBnlq98sQDGnUleMis_Bvw)
[2016-03-30 23:01:59,182][DEBUG][org.elasticsearch.cluster.service] [node_t0] set local cluster state to version 16
[2016-03-30 23:01:59,182][TRACE][org.elasticsearch.cluster.service] ack received from node [{node_t0}{UjOsuvjjTaSUJkafxhPFgQ}{local}{local[220]}[master=>true, mode=>local, data=>false]], cluster_state update (version: 16)
[2016-03-30 23:01:59,182][TRACE][org.elasticsearch.cluster.service] all expected nodes acknowledged cluster_state update (version: 16)
[2016-03-30 23:01:59,183][DEBUG][org.elasticsearch.cluster.service] [node_t0] processing [cluster_update_settings]: took 4ms done applying updated cluster_state (version: 16, uuid: qBnlq98sQDGnUleMis_Bvw)
[2016-03-30 23:01:59,183][TRACE][org.elasticsearch.cluster.service] [node_t0] will process [reroute_after_cluster_update_settings]
[2016-03-30 23:01:59,183][DEBUG][org.elasticsearch.cluster.service] [node_t0] processing [reroute_after_cluster_update_settings]: execute
[2016-03-30 23:01:59,184][DEBUG][org.elasticsearch.cluster.service] [node_t0] processing [reroute_after_cluster_update_settings]: took 1ms no change in cluster_state
[2016-03-30 23:01:59,192][TRACE][org.elasticsearch.cluster.service] [node_t0] will process [cluster_reroute(async_shard_fetch)]
[2016-03-30 23:01:59,193][DEBUG][org.elasticsearch.cluster.service] [node_t0] processing [cluster_reroute(async_shard_fetch)]: execute
[2016-03-30 23:01:59,194][TRACE][org.elasticsearch.cluster.service] [node_t0] cluster state updated, source [cluster_reroute(async_shard_fetch)]
version: 17
state uuid: APBNdQQeSimYDADG6SLkHQ
from_diff: false
meta data version: 11
nodes: 
   {node_t4}{H5KBmc8nTJKmZS9czP_n_Q}{local}{local[224]}[master=>false, mode=>local]
   {node_t0}{UjOsuvjjTaSUJkafxhPFgQ}{local}{local[220]}[master=>true, mode=>local, data=>false], local, master
   {node_t2}{MtrhcOgYRbSrDs6bCp85_Q}{local}{local[222]}[master=>false, mode=>local]
routing_table (version 10):
-- index [test]
----shard_id [test][0]
--------[test][0], node[null], [P], v[6], s[UNASSIGNED], unassigned_info[[reason=NODE_LEFT], at[2016-03-31T06:01:59.081Z], details[node_left[ABvR8raGRuS_s0xvV8c6Dg]]]
--------[test][0], node[null], [R], v[6], s[UNASSIGNED], unassigned_info[[reason=NODE_LEFT], at[2016-03-31T06:01:59.001Z], details[node_left[6YQpKcdoR4yWXY-BPqVSzQ]]]
----shard_id [test][1]
--------[test][1], node[H5KBmc8nTJKmZS9czP_n_Q], [R], v[6], s[INITIALIZING], a[id=h1IGstJ-SMOcKXXjjiYPfw], unassigned_info[[reason=NODE_LEFT], at[2016-03-31T06:01:59.081Z], details[node_left[ABvR8raGRuS_s0xvV8c6Dg]]]
--------[test][1], node[MtrhcOgYRbSrDs6bCp85_Q], [P], v[6], s[STARTED], a[id=KqWuuR1bQCmle38qu9o-bA]
----shard_id [test][2]
--------[test][2], node[H5KBmc8nTJKmZS9czP_n_Q], [R], v[5], s[INITIALIZING], a[id=pnndVnOySQOtDchLqFUZGg], unassigned_info[[reason=NODE_LEFT], at[2016-03-31T06:01:59.001Z], details[node_left[6YQpKcdoR4yWXY-BPqVSzQ]]]
--------[test][2], node[MtrhcOgYRbSrDs6bCp85_Q], [P], v[5], s[STARTED], a[id=ZKPbmfnPSXKh9799IPT3IQ]

routing_nodes:
-----node_id[H5KBmc8nTJKmZS9czP_n_Q][V]
--------[test][1], node[H5KBmc8nTJKmZS9czP_n_Q], [R], v[6], s[INITIALIZING], a[id=h1IGstJ-SMOcKXXjjiYPfw], unassigned_info[[reason=NODE_LEFT], at[2016-03-31T06:01:59.081Z], details[node_left[ABvR8raGRuS_s0xvV8c6Dg]]]
--------[test][2], node[H5KBmc8nTJKmZS9czP_n_Q], [R], v[5], s[INITIALIZING], a[id=pnndVnOySQOtDchLqFUZGg], unassigned_info[[reason=NODE_LEFT], at[2016-03-31T06:01:59.001Z], details[node_left[6YQpKcdoR4yWXY-BPqVSzQ]]]
-----node_id[MtrhcOgYRbSrDs6bCp85_Q][V]
--------[test][1], node[MtrhcOgYRbSrDs6bCp85_Q], [P], v[6], s[STARTED], a[id=KqWuuR1bQCmle38qu9o-bA]
--------[test][2], node[MtrhcOgYRbSrDs6bCp85_Q], [P], v[5], s[STARTED], a[id=ZKPbmfnPSXKh9799IPT3IQ]
---- unassigned
--------[test][0], node[null], [P], v[6], s[UNASSIGNED], unassigned_info[[reason=NODE_LEFT], at[2016-03-31T06:01:59.081Z], details[node_left[ABvR8raGRuS_s0xvV8c6Dg]]]
--------[test][0], node[null], [R], v[6], s[UNASSIGNED], unassigned_info[[reason=NODE_LEFT], at[2016-03-31T06:01:59.001Z], details[node_left[6YQpKcdoR4yWXY-BPqVSzQ]]]

[2016-03-30 23:01:59,195][DEBUG][org.elasticsearch.cluster.service] [node_t0] publishing cluster state version [17]
[2016-03-30 23:01:59,195][TRACE][org.elasticsearch.cluster.service] [node_t4] will process [local-disco-receive(from master)]
[2016-03-30 23:01:59,195][DEBUG][org.elasticsearch.cluster.service] [node_t4] processing [local-disco-receive(from master)]: execute
[2016-03-30 23:01:59,196][TRACE][org.elasticsearch.cluster.service] [node_t4] cluster state updated, source [local-disco-receive(from master)]
version: 17
state uuid: APBNdQQeSimYDADG6SLkHQ
from_diff: false
meta data version: 11
nodes: 
   {node_t4}{H5KBmc8nTJKmZS9czP_n_Q}{local}{local[224]}[master=>false, mode=>local], local
   {node_t0}{UjOsuvjjTaSUJkafxhPFgQ}{local}{local[220]}[mode=>local, data=>false, master=>true], master
   {node_t2}{MtrhcOgYRbSrDs6bCp85_Q}{local}{local[222]}[master=>false, mode=>local]
routing_table (version 10):
-- index [test]
----shard_id [test][0]
--------[test][0], node[null], [P], v[6], s[UNASSIGNED], unassigned_info[[reason=NODE_LEFT], at[2016-03-31T06:01:59.081Z], details[node_left[ABvR8raGRuS_s0xvV8c6Dg]]]
--------[test][0], node[null], [R], v[6], s[UNASSIGNED], unassigned_info[[reason=NODE_LEFT], at[2016-03-31T06:01:59.001Z], details[node_left[6YQpKcdoR4yWXY-BPqVSzQ]]]
----shard_id [test][1]
--------[test][1], node[H5KBmc8nTJKmZS9czP_n_Q], [R], v[6], s[INITIALIZING], a[id=h1IGstJ-SMOcKXXjjiYPfw], unassigned_info[[reason=NODE_LEFT], at[2016-03-31T06:01:59.081Z], details[node_left[ABvR8raGRuS_s0xvV8c6Dg]]]
--------[test][1], node[MtrhcOgYRbSrDs6bCp85_Q], [P], v[6], s[STARTED], a[id=KqWuuR1bQCmle38qu9o-bA]
----shard_id [test][2]
--------[test][2], node[H5KBmc8nTJKmZS9czP_n_Q], [R], v[5], s[INITIALIZING], a[id=pnndVnOySQOtDchLqFUZGg], unassigned_info[[reason=NODE_LEFT], at[2016-03-31T06:01:59.001Z], details[node_left[6YQpKcdoR4yWXY-BPqVSzQ]]]
--------[test][2], node[MtrhcOgYRbSrDs6bCp85_Q], [P], v[5], s[STARTED], a[id=ZKPbmfnPSXKh9799IPT3IQ]

routing_nodes:
-----node_id[H5KBmc8nTJKmZS9czP_n_Q][V]
--------[test][1], node[H5KBmc8nTJKmZS9czP_n_Q], [R], v[6], s[INITIALIZING], a[id=h1IGstJ-SMOcKXXjjiYPfw], unassigned_info[[reason=NODE_LEFT], at[2016-03-31T06:01:59.081Z], details[node_left[ABvR8raGRuS_s0xvV8c6Dg]]]
--------[test][2], node[H5KBmc8nTJKmZS9czP_n_Q], [R], v[5], s[INITIALIZING], a[id=pnndVnOySQOtDchLqFUZGg], unassigned_info[[reason=NODE_LEFT], at[2016-03-31T06:01:59.001Z], details[node_left[6YQpKcdoR4yWXY-BPqVSzQ]]]
-----node_id[MtrhcOgYRbSrDs6bCp85_Q][V]
--------[test][1], node[MtrhcOgYRbSrDs6bCp85_Q], [P], v[6], s[STARTED], a[id=KqWuuR1bQCmle38qu9o-bA]
--------[test][2], node[MtrhcOgYRbSrDs6bCp85_Q], [P], v[5], s[STARTED], a[id=ZKPbmfnPSXKh9799IPT3IQ]
---- unassigned
--------[test][0], node[null], [P], v[6], s[UNASSIGNED], unassigned_info[[reason=NODE_LEFT], at[2016-03-31T06:01:59.081Z], details[node_left[ABvR8raGRuS_s0xvV8c6Dg]]]
--------[test][0], node[null], [R], v[6], s[UNASSIGNED], unassigned_info[[reason=NODE_LEFT], at[2016-03-31T06:01:59.001Z], details[node_left[6YQpKcdoR4yWXY-BPqVSzQ]]]

[2016-03-30 23:01:59,196][DEBUG][org.elasticsearch.cluster.service] [node_t4] set local cluster state to version 17
[2016-03-30 23:01:59,197][TRACE][org.elasticsearch.cluster.service] [node_t2] will process [local-disco-receive(from master)]
[2016-03-30 23:01:59,197][DEBUG][org.elasticsearch.cluster.service] [node_t2] processing [local-disco-receive(from master)]: execute
[2016-03-30 23:01:59,197][TRACE][org.elasticsearch.cluster.service] [node_t2] cluster state updated, source [local-disco-receive(from master)]
version: 17
state uuid: APBNdQQeSimYDADG6SLkHQ
from_diff: false
meta data version: 11
nodes: 
   {node_t4}{H5KBmc8nTJKmZS9czP_n_Q}{local}{local[224]}[mode=>local, master=>false]
   {node_t0}{UjOsuvjjTaSUJkafxhPFgQ}{local}{local[220]}[mode=>local, master=>true, data=>false], master
   {node_t2}{MtrhcOgYRbSrDs6bCp85_Q}{local}{local[222]}[master=>false, mode=>local], local
routing_table (version 10):
-- index [test]
----shard_id [test][0]
--------[test][0], node[null], [P], v[6], s[UNASSIGNED], unassigned_info[[reason=NODE_LEFT], at[2016-03-31T06:01:59.081Z], details[node_left[ABvR8raGRuS_s0xvV8c6Dg]]]
--------[test][0], node[null], [R], v[6], s[UNASSIGNED], unassigned_info[[reason=NODE_LEFT], at[2016-03-31T06:01:59.001Z], details[node_left[6YQpKcdoR4yWXY-BPqVSzQ]]]
----shard_id [test][1]
--------[test][1], node[H5KBmc8nTJKmZS9czP_n_Q], [R], v[6], s[INITIALIZING], a[id=h1IGstJ-SMOcKXXjjiYPfw], unassigned_info[[reason=NODE_LEFT], at[2016-03-31T06:01:59.081Z], details[node_left[ABvR8raGRuS_s0xvV8c6Dg]]]
--------[test][1], node[MtrhcOgYRbSrDs6bCp85_Q], [P], v[6], s[STARTED], a[id=KqWuuR1bQCmle38qu9o-bA]
----shard_id [test][2]
--------[test][2], node[H5KBmc8nTJKmZS9czP_n_Q], [R], v[5], s[INITIALIZING], a[id=pnndVnOySQOtDchLqFUZGg], unassigned_info[[reason=NODE_LEFT], at[2016-03-31T06:01:59.001Z], details[node_left[6YQpKcdoR4yWXY-BPqVSzQ]]]
--------[test][2], node[MtrhcOgYRbSrDs6bCp85_Q], [P], v[5], s[STARTED], a[id=ZKPbmfnPSXKh9799IPT3IQ]

routing_nodes:
-----node_id[H5KBmc8nTJKmZS9czP_n_Q][V]
--------[test][1], node[H5KBmc8nTJKmZS9czP_n_Q], [R], v[6], s[INITIALIZING], a[id=h1IGstJ-SMOcKXXjjiYPfw], unassigned_info[[reason=NODE_LEFT], at[2016-03-31T06:01:59.081Z], details[node_left[ABvR8raGRuS_s0xvV8c6Dg]]]
--------[test][2], node[H5KBmc8nTJKmZS9czP_n_Q], [R], v[5], s[INITIALIZING], a[id=pnndVnOySQOtDchLqFUZGg], unassigned_info[[reason=NODE_LEFT], at[2016-03-31T06:01:59.001Z], details[node_left[6YQpKcdoR4yWXY-BPqVSzQ]]]
-----node_id[MtrhcOgYRbSrDs6bCp85_Q][V]
--------[test][1], node[MtrhcOgYRbSrDs6bCp85_Q], [P], v[6], s[STARTED], a[id=KqWuuR1bQCmle38qu9o-bA]
--------[test][2], node[MtrhcOgYRbSrDs6bCp85_Q], [P], v[5], s[STARTED], a[id=ZKPbmfnPSXKh9799IPT3IQ]
---- unassigned
--------[test][0], node[null], [P], v[6], s[UNASSIGNED], unassigned_info[[reason=NODE_LEFT], at[2016-03-31T06:01:59.081Z], details[node_left[ABvR8raGRuS_s0xvV8c6Dg]]]
--------[test][0], node[null], [R], v[6], s[UNASSIGNED], unassigned_info[[reason=NODE_LEFT], at[2016-03-31T06:01:59.001Z], details[node_left[6YQpKcdoR4yWXY-BPqVSzQ]]]

[2016-03-30 23:01:59,198][DEBUG][org.elasticsearch.cluster.service] [node_t2] set local cluster state to version 17
[2016-03-30 23:01:59,223][DEBUG][org.elasticsearch.cluster.service] [node_t2] processing [local-disco-receive(from master)]: took 25ms done applying updated cluster_state (version: 17, uuid: APBNdQQeSimYDADG6SLkHQ)
[2016-03-30 23:01:59,227][DEBUG][org.elasticsearch.cluster.service] [node_t4] processing [local-disco-receive(from master)]: took 31ms done applying updated cluster_state (version: 17, uuid: APBNdQQeSimYDADG6SLkHQ)
[2016-03-30 23:01:59,227][DEBUG][org.elasticsearch.cluster.service] [node_t0] set local cluster state to version 17
[2016-03-30 23:01:59,228][DEBUG][org.elasticsearch.cluster.service] [node_t0] processing [cluster_reroute(async_shard_fetch)]: took 34ms done applying updated cluster_state (version: 17, uuid: APBNdQQeSimYDADG6SLkHQ)
[2016-03-30 23:01:59,269][TRACE][org.elasticsearch.cluster.service] [node_t0] will process [shard-started ([test][2], node[H5KBmc8nTJKmZS9czP_n_Q], [R], v[5], s[INITIALIZING], a[id=pnndVnOySQOtDchLqFUZGg], unassigned_info[[reason=NODE_LEFT], at[2016-03-31T06:01:59.001Z], details[node_left[6YQpKcdoR4yWXY-BPqVSzQ]]]), reason [after recovery (replica) from node [{node_t2}{MtrhcOgYRbSrDs6bCp85_Q}{local}{local[222]}[master=>false, mode=>local]]]]
[2016-03-30 23:01:59,269][TRACE][org.elasticsearch.cluster.service] [node_t0] will process [shard-started ([test][1], node[H5KBmc8nTJKmZS9czP_n_Q], [R], v[6], s[INITIALIZING], a[id=h1IGstJ-SMOcKXXjjiYPfw], unassigned_info[[reason=NODE_LEFT], at[2016-03-31T06:01:59.081Z], details[node_left[ABvR8raGRuS_s0xvV8c6Dg]]]), reason [after recovery (replica) from node [{node_t2}{MtrhcOgYRbSrDs6bCp85_Q}{local}{local[222]}[master=>false, mode=>local]]]]
[2016-03-30 23:01:59,269][DEBUG][org.elasticsearch.cluster.service] [node_t0] processing [shard-started ([test][2], node[H5KBmc8nTJKmZS9czP_n_Q], [R], v[5], s[INITIALIZING], a[id=pnndVnOySQOtDchLqFUZGg], unassigned_info[[reason=NODE_LEFT], at[2016-03-31T06:01:59.001Z], details[node_left[6YQpKcdoR4yWXY-BPqVSzQ]]]), reason [after recovery (replica) from node [{node_t2}{MtrhcOgYRbSrDs6bCp85_Q}{local}{local[222]}[master=>false, mode=>local]]],shard-started ([test][1], node[H5KBmc8nTJKmZS9czP_n_Q], [R], v[6], s[INITIALIZING], a[id=h1IGstJ-SMOcKXXjjiYPfw], unassigned_info[[reason=NODE_LEFT], at[2016-03-31T06:01:59.081Z], details[node_left[ABvR8raGRuS_s0xvV8c6Dg]]]), reason [after recovery (replica) from node [{node_t2}{MtrhcOgYRbSrDs6bCp85_Q}{local}{local[222]}[master=>false, mode=>local]]]]: execute
[2016-03-30 23:01:59,270][TRACE][org.elasticsearch.cluster.service] [node_t0] cluster state updated, source [shard-started ([test][2], node[H5KBmc8nTJKmZS9czP_n_Q], [R], v[5], s[INITIALIZING], a[id=pnndVnOySQOtDchLqFUZGg], unassigned_info[[reason=NODE_LEFT], at[2016-03-31T06:01:59.001Z], details[node_left[6YQpKcdoR4yWXY-BPqVSzQ]]]), reason [after recovery (replica) from node [{node_t2}{MtrhcOgYRbSrDs6bCp85_Q}{local}{local[222]}[master=>false, mode=>local]]],shard-started ([test][1], node[H5KBmc8nTJKmZS9czP_n_Q], [R], v[6], s[INITIALIZING], a[id=h1IGstJ-SMOcKXXjjiYPfw], unassigned_info[[reason=NODE_LEFT], at[2016-03-31T06:01:59.081Z], details[node_left[ABvR8raGRuS_s0xvV8c6Dg]]]), reason [after recovery (replica) from node [{node_t2}{MtrhcOgYRbSrDs6bCp85_Q}{local}{local[222]}[master=>false, mode=>local]]]]
version: 18
state uuid: wozoHbVeQl6CCN1BdNaebQ
from_diff: false
meta data version: 12
nodes: 
   {node_t4}{H5KBmc8nTJKmZS9czP_n_Q}{local}{local[224]}[master=>false, mode=>local]
   {node_t0}{UjOsuvjjTaSUJkafxhPFgQ}{local}{local[220]}[master=>true, mode=>local, data=>false], local, master
   {node_t2}{MtrhcOgYRbSrDs6bCp85_Q}{local}{local[222]}[master=>false, mode=>local]
routing_table (version 11):
-- index [test]
----shard_id [test][0]
--------[test][0], node[null], [P], v[6], s[UNASSIGNED], unassigned_info[[reason=NODE_LEFT], at[2016-03-31T06:01:59.081Z], details[node_left[ABvR8raGRuS_s0xvV8c6Dg]]]
--------[test][0], node[null], [R], v[6], s[UNASSIGNED], unassigned_info[[reason=NODE_LEFT], at[2016-03-31T06:01:59.001Z], details[node_left[6YQpKcdoR4yWXY-BPqVSzQ]]]
----shard_id [test][1]
--------[test][1], node[H5KBmc8nTJKmZS9czP_n_Q], [R], v[7], s[STARTED], a[id=h1IGstJ-SMOcKXXjjiYPfw]
--------[test][1], node[MtrhcOgYRbSrDs6bCp85_Q], [P], v[7], s[STARTED], a[id=KqWuuR1bQCmle38qu9o-bA]
----shard_id [test][2]
--------[test][2], node[H5KBmc8nTJKmZS9czP_n_Q], [R], v[6], s[STARTED], a[id=pnndVnOySQOtDchLqFUZGg]
--------[test][2], node[MtrhcOgYRbSrDs6bCp85_Q], [P], v[6], s[STARTED], a[id=ZKPbmfnPSXKh9799IPT3IQ]

routing_nodes:
-----node_id[H5KBmc8nTJKmZS9czP_n_Q][V]
--------[test][1], node[H5KBmc8nTJKmZS9czP_n_Q], [R], v[7], s[STARTED], a[id=h1IGstJ-SMOcKXXjjiYPfw]
--------[test][2], node[H5KBmc8nTJKmZS9czP_n_Q], [R], v[6], s[STARTED], a[id=pnndVnOySQOtDchLqFUZGg]
-----node_id[MtrhcOgYRbSrDs6bCp85_Q][V]
--------[test][1], node[MtrhcOgYRbSrDs6bCp85_Q], [P], v[7], s[STARTED], a[id=KqWuuR1bQCmle38qu9o-bA]
--------[test][2], node[MtrhcOgYRbSrDs6bCp85_Q], [P], v[6], s[STARTED], a[id=ZKPbmfnPSXKh9799IPT3IQ]
---- unassigned
--------[test][0], node[null], [P], v[6], s[UNASSIGNED], unassigned_info[[reason=NODE_LEFT], at[2016-03-31T06:01:59.081Z], details[node_left[ABvR8raGRuS_s0xvV8c6Dg]]]
--------[test][0], node[null], [R], v[6], s[UNASSIGNED], unassigned_info[[reason=NODE_LEFT], at[2016-03-31T06:01:59.001Z], details[node_left[6YQpKcdoR4yWXY-BPqVSzQ]]]

[2016-03-30 23:01:59,271][DEBUG][org.elasticsearch.cluster.service] [node_t0] publishing cluster state version [18]
[2016-03-30 23:01:59,271][TRACE][org.elasticsearch.cluster.service] [node_t2] will process [local-disco-receive(from master)]
[2016-03-30 23:01:59,271][DEBUG][org.elasticsearch.cluster.service] [node_t2] processing [local-disco-receive(from master)]: execute
[2016-03-30 23:01:59,271][TRACE][org.elasticsearch.cluster.service] [node_t4] will process [local-disco-receive(from master)]
[2016-03-30 23:01:59,271][DEBUG][org.elasticsearch.cluster.service] [node_t4] processing [local-disco-receive(from master)]: execute
[2016-03-30 23:01:59,272][TRACE][org.elasticsearch.cluster.service] [node_t2] cluster state updated, source [local-disco-receive(from master)]
version: 18
state uuid: wozoHbVeQl6CCN1BdNaebQ
from_diff: false
meta data version: 12
nodes: 
   {node_t4}{H5KBmc8nTJKmZS9czP_n_Q}{local}{local[224]}[mode=>local, master=>false]
   {node_t0}{UjOsuvjjTaSUJkafxhPFgQ}{local}{local[220]}[mode=>local, master=>true, data=>false], master
   {node_t2}{MtrhcOgYRbSrDs6bCp85_Q}{local}{local[222]}[master=>false, mode=>local], local
routing_table (version 11):
-- index [test]
----shard_id [test][0]
--------[test][0], node[null], [P], v[6], s[UNASSIGNED], unassigned_info[[reason=NODE_LEFT], at[2016-03-31T06:01:59.081Z], details[node_left[ABvR8raGRuS_s0xvV8c6Dg]]]
--------[test][0], node[null], [R], v[6], s[UNASSIGNED], unassigned_info[[reason=NODE_LEFT], at[2016-03-31T06:01:59.001Z], details[node_left[6YQpKcdoR4yWXY-BPqVSzQ]]]
----shard_id [test][1]
--------[test][1], node[H5KBmc8nTJKmZS9czP_n_Q], [R], v[7], s[STARTED], a[id=h1IGstJ-SMOcKXXjjiYPfw]
--------[test][1], node[MtrhcOgYRbSrDs6bCp85_Q], [P], v[7], s[STARTED], a[id=KqWuuR1bQCmle38qu9o-bA]
----shard_id [test][2]
--------[test][2], node[H5KBmc8nTJKmZS9czP_n_Q], [R], v[6], s[STARTED], a[id=pnndVnOySQOtDchLqFUZGg]
--------[test][2], node[MtrhcOgYRbSrDs6bCp85_Q], [P], v[6], s[STARTED], a[id=ZKPbmfnPSXKh9799IPT3IQ]

routing_nodes:
-----node_id[H5KBmc8nTJKmZS9czP_n_Q][V]
--------[test][1], node[H5KBmc8nTJKmZS9czP_n_Q], [R], v[7], s[STARTED], a[id=h1IGstJ-SMOcKXXjjiYPfw]
--------[test][2], node[H5KBmc8nTJKmZS9czP_n_Q], [R], v[6], s[STARTED], a[id=pnndVnOySQOtDchLqFUZGg]
-----node_id[MtrhcOgYRbSrDs6bCp85_Q][V]
--------[test][1], node[MtrhcOgYRbSrDs6bCp85_Q], [P], v[7], s[STARTED], a[id=KqWuuR1bQCmle38qu9o-bA]
--------[test][2], node[MtrhcOgYRbSrDs6bCp85_Q], [P], v[6], s[STARTED], a[id=ZKPbmfnPSXKh9799IPT3IQ]
---- unassigned
--------[test][0], node[null], [P], v[6], s[UNASSIGNED], unassigned_info[[reason=NODE_LEFT], at[2016-03-31T06:01:59.081Z], details[node_left[ABvR8raGRuS_s0xvV8c6Dg]]]
--------[test][0], node[null], [R], v[6], s[UNASSIGNED], unassigned_info[[reason=NODE_LEFT], at[2016-03-31T06:01:59.001Z], details[node_left[6YQpKcdoR4yWXY-BPqVSzQ]]]

[2016-03-30 23:01:59,272][TRACE][org.elasticsearch.cluster.service] [node_t4] cluster state updated, source [local-disco-receive(from master)]
version: 18
state uuid: wozoHbVeQl6CCN1BdNaebQ
from_diff: false
meta data version: 12
nodes: 
   {node_t4}{H5KBmc8nTJKmZS9czP_n_Q}{local}{local[224]}[master=>false, mode=>local], local
   {node_t0}{UjOsuvjjTaSUJkafxhPFgQ}{local}{local[220]}[mode=>local, data=>false, master=>true], master
   {node_t2}{MtrhcOgYRbSrDs6bCp85_Q}{local}{local[222]}[master=>false, mode=>local]
routing_table (version 11):
-- index [test]
----shard_id [test][0]
--------[test][0], node[null], [P], v[6], s[UNASSIGNED], unassigned_info[[reason=NODE_LEFT], at[2016-03-31T06:01:59.081Z], details[node_left[ABvR8raGRuS_s0xvV8c6Dg]]]
--------[test][0], node[null], [R], v[6], s[UNASSIGNED], unassigned_info[[reason=NODE_LEFT], at[2016-03-31T06:01:59.001Z], details[node_left[6YQpKcdoR4yWXY-BPqVSzQ]]]
----shard_id [test][1]
--------[test][1], node[H5KBmc8nTJKmZS9czP_n_Q], [R], v[7], s[STARTED], a[id=h1IGstJ-SMOcKXXjjiYPfw]
--------[test][1], node[MtrhcOgYRbSrDs6bCp85_Q], [P], v[7], s[STARTED], a[id=KqWuuR1bQCmle38qu9o-bA]
----shard_id [test][2]
--------[test][2], node[H5KBmc8nTJKmZS9czP_n_Q], [R], v[6], s[STARTED], a[id=pnndVnOySQOtDchLqFUZGg]
--------[test][2], node[MtrhcOgYRbSrDs6bCp85_Q], [P], v[6], s[STARTED], a[id=ZKPbmfnPSXKh9799IPT3IQ]

routing_nodes:
-----node_id[H5KBmc8nTJKmZS9czP_n_Q][V]
--------[test][1], node[H5KBmc8nTJKmZS9czP_n_Q], [R], v[7], s[STARTED], a[id=h1IGstJ-SMOcKXXjjiYPfw]
--------[test][2], node[H5KBmc8nTJKmZS9czP_n_Q], [R], v[6], s[STARTED], a[id=pnndVnOySQOtDchLqFUZGg]
-----node_id[MtrhcOgYRbSrDs6bCp85_Q][V]
--------[test][1], node[MtrhcOgYRbSrDs6bCp85_Q], [P], v[7], s[STARTED], a[id=KqWuuR1bQCmle38qu9o-bA]
--------[test][2], node[MtrhcOgYRbSrDs6bCp85_Q], [P], v[6], s[STARTED], a[id=ZKPbmfnPSXKh9799IPT3IQ]
---- unassigned
--------[test][0], node[null], [P], v[6], s[UNASSIGNED], unassigned_info[[reason=NODE_LEFT], at[2016-03-31T06:01:59.081Z], details[node_left[ABvR8raGRuS_s0xvV8c6Dg]]]
--------[test][0], node[null], [R], v[6], s[UNASSIGNED], unassigned_info[[reason=NODE_LEFT], at[2016-03-31T06:01:59.001Z], details[node_left[6YQpKcdoR4yWXY-BPqVSzQ]]]

[2016-03-30 23:01:59,272][DEBUG][org.elasticsearch.cluster.service] [node_t4] set local cluster state to version 18
[2016-03-30 23:01:59,272][DEBUG][org.elasticsearch.cluster.service] [node_t2] set local cluster state to version 18
[2016-03-30 23:01:59,302][DEBUG][org.elasticsearch.cluster.service] [node_t4] processing [local-disco-receive(from master)]: took 30ms done applying updated cluster_state (version: 18, uuid: wozoHbVeQl6CCN1BdNaebQ)
[2016-03-30 23:01:59,318][DEBUG][org.elasticsearch.cluster.service] [node_t2] processing [local-disco-receive(from master)]: took 46ms done applying updated cluster_state (version: 18, uuid: wozoHbVeQl6CCN1BdNaebQ)
[2016-03-30 23:01:59,318][DEBUG][org.elasticsearch.cluster.service] [node_t0] set local cluster state to version 18
[2016-03-30 23:01:59,329][DEBUG][org.elasticsearch.cluster.service] [node_t0] processing [shard-started ([test][2], node[H5KBmc8nTJKmZS9czP_n_Q], [R], v[5], s[INITIALIZING], a[id=pnndVnOySQOtDchLqFUZGg], unassigned_info[[reason=NODE_LEFT], at[2016-03-31T06:01:59.001Z], details[node_left[6YQpKcdoR4yWXY-BPqVSzQ]]]), reason [after recovery (replica) from node [{node_t2}{MtrhcOgYRbSrDs6bCp85_Q}{local}{local[222]}[master=>false, mode=>local]]],shard-started ([test][1], node[H5KBmc8nTJKmZS9czP_n_Q], [R], v[6], s[INITIALIZING], a[id=h1IGstJ-SMOcKXXjjiYPfw], unassigned_info[[reason=NODE_LEFT], at[2016-03-31T06:01:59.081Z], details[node_left[ABvR8raGRuS_s0xvV8c6Dg]]]), reason [after recovery (replica) from node [{node_t2}{MtrhcOgYRbSrDs6bCp85_Q}{local}{local[222]}[master=>false, mode=>local]]]]: took 60ms done applying updated cluster_state (version: 18, uuid: wozoHbVeQl6CCN1BdNaebQ)
[2016-03-30 23:01:59,330][TRACE][org.elasticsearch.cluster.service] [node_t0] will process [cluster_update_settings]
[2016-03-30 23:01:59,330][DEBUG][org.elasticsearch.cluster.service] [node_t0] processing [cluster_update_settings]: execute
[2016-03-30 23:01:59,330][TRACE][org.elasticsearch.cluster.service] expecting 3 acknowledgements for cluster_state update (version: 19)
[2016-03-30 23:01:59,331][TRACE][org.elasticsearch.cluster.service] [node_t0] cluster state updated, source [cluster_update_settings]
version: 19
state uuid: y-icP-nOS-KWf_ikeb8YAg
from_diff: false
meta data version: 13
nodes: 
   {node_t4}{H5KBmc8nTJKmZS9czP_n_Q}{local}{local[224]}[master=>false, mode=>local]
   {node_t0}{UjOsuvjjTaSUJkafxhPFgQ}{local}{local[220]}[master=>true, mode=>local, data=>false], local, master
   {node_t2}{MtrhcOgYRbSrDs6bCp85_Q}{local}{local[222]}[master=>false, mode=>local]
routing_table (version 11):
-- index [test]
----shard_id [test][0]
--------[test][0], node[null], [P], v[6], s[UNASSIGNED], unassigned_info[[reason=NODE_LEFT], at[2016-03-31T06:01:59.081Z], details[node_left[ABvR8raGRuS_s0xvV8c6Dg]]]
--------[test][0], node[null], [R], v[6], s[UNASSIGNED], unassigned_info[[reason=NODE_LEFT], at[2016-03-31T06:01:59.001Z], details[node_left[6YQpKcdoR4yWXY-BPqVSzQ]]]
----shard_id [test][1]
--------[test][1], node[H5KBmc8nTJKmZS9czP_n_Q], [R], v[7], s[STARTED], a[id=h1IGstJ-SMOcKXXjjiYPfw]
--------[test][1], node[MtrhcOgYRbSrDs6bCp85_Q], [P], v[7], s[STARTED], a[id=KqWuuR1bQCmle38qu9o-bA]
----shard_id [test][2]
--------[test][2], node[H5KBmc8nTJKmZS9czP_n_Q], [R], v[6], s[STARTED], a[id=pnndVnOySQOtDchLqFUZGg]
--------[test][2], node[MtrhcOgYRbSrDs6bCp85_Q], [P], v[6], s[STARTED], a[id=ZKPbmfnPSXKh9799IPT3IQ]

routing_nodes:
-----node_id[H5KBmc8nTJKmZS9czP_n_Q][V]
--------[test][1], node[H5KBmc8nTJKmZS9czP_n_Q], [R], v[7], s[STARTED], a[id=h1IGstJ-SMOcKXXjjiYPfw]
--------[test][2], node[H5KBmc8nTJKmZS9czP_n_Q], [R], v[6], s[STARTED], a[id=pnndVnOySQOtDchLqFUZGg]
-----node_id[MtrhcOgYRbSrDs6bCp85_Q][V]
--------[test][1], node[MtrhcOgYRbSrDs6bCp85_Q], [P], v[7], s[STARTED], a[id=KqWuuR1bQCmle38qu9o-bA]
--------[test][2], node[MtrhcOgYRbSrDs6bCp85_Q], [P], v[6], s[STARTED], a[id=ZKPbmfnPSXKh9799IPT3IQ]
---- unassigned
--------[test][0], node[null], [P], v[6], s[UNASSIGNED], unassigned_info[[reason=NODE_LEFT], at[2016-03-31T06:01:59.081Z], details[node_left[ABvR8raGRuS_s0xvV8c6Dg]]]
--------[test][0], node[null], [R], v[6], s[UNASSIGNED], unassigned_info[[reason=NODE_LEFT], at[2016-03-31T06:01:59.001Z], details[node_left[6YQpKcdoR4yWXY-BPqVSzQ]]]

[2016-03-30 23:01:59,331][DEBUG][org.elasticsearch.cluster.service] [node_t0] publishing cluster state version [19]
[2016-03-30 23:01:59,331][TRACE][org.elasticsearch.cluster.service] [node_t4] will process [local-disco-receive(from master)]
[2016-03-30 23:01:59,331][DEBUG][org.elasticsearch.cluster.service] [node_t4] processing [local-disco-receive(from master)]: execute
[2016-03-30 23:01:59,332][TRACE][org.elasticsearch.cluster.service] [node_t2] will process [local-disco-receive(from master)]
[2016-03-30 23:01:59,332][DEBUG][org.elasticsearch.cluster.service] [node_t2] processing [local-disco-receive(from master)]: execute
[2016-03-30 23:01:59,332][TRACE][org.elasticsearch.cluster.service] [node_t4] cluster state updated, source [local-disco-receive(from master)]
version: 19
state uuid: y-icP-nOS-KWf_ikeb8YAg
from_diff: false
meta data version: 13
nodes: 
   {node_t4}{H5KBmc8nTJKmZS9czP_n_Q}{local}{local[224]}[master=>false, mode=>local], local
   {node_t0}{UjOsuvjjTaSUJkafxhPFgQ}{local}{local[220]}[mode=>local, data=>false, master=>true], master
   {node_t2}{MtrhcOgYRbSrDs6bCp85_Q}{local}{local[222]}[master=>false, mode=>local]
routing_table (version 11):
-- index [test]
----shard_id [test][0]
--------[test][0], node[null], [P], v[6], s[UNASSIGNED], unassigned_info[[reason=NODE_LEFT], at[2016-03-31T06:01:59.081Z], details[node_left[ABvR8raGRuS_s0xvV8c6Dg]]]
--------[test][0], node[null], [R], v[6], s[UNASSIGNED], unassigned_info[[reason=NODE_LEFT], at[2016-03-31T06:01:59.001Z], details[node_left[6YQpKcdoR4yWXY-BPqVSzQ]]]
----shard_id [test][1]
--------[test][1], node[H5KBmc8nTJKmZS9czP_n_Q], [R], v[7], s[STARTED], a[id=h1IGstJ-SMOcKXXjjiYPfw]
--------[test][1], node[MtrhcOgYRbSrDs6bCp85_Q], [P], v[7], s[STARTED], a[id=KqWuuR1bQCmle38qu9o-bA]
----shard_id [test][2]
--------[test][2], node[H5KBmc8nTJKmZS9czP_n_Q], [R], v[6], s[STARTED], a[id=pnndVnOySQOtDchLqFUZGg]
--------[test][2], node[MtrhcOgYRbSrDs6bCp85_Q], [P], v[6], s[STARTED], a[id=ZKPbmfnPSXKh9799IPT3IQ]

routing_nodes:
-----node_id[H5KBmc8nTJKmZS9czP_n_Q][V]
--------[test][1], node[H5KBmc8nTJKmZS9czP_n_Q], [R], v[7], s[STARTED], a[id=h1IGstJ-SMOcKXXjjiYPfw]
--------[test][2], node[H5KBmc8nTJKmZS9czP_n_Q], [R], v[6], s[STARTED], a[id=pnndVnOySQOtDchLqFUZGg]
-----node_id[MtrhcOgYRbSrDs6bCp85_Q][V]
--------[test][1], node[MtrhcOgYRbSrDs6bCp85_Q], [P], v[7], s[STARTED], a[id=KqWuuR1bQCmle38qu9o-bA]
--------[test][2], node[MtrhcOgYRbSrDs6bCp85_Q], [P], v[6], s[STARTED], a[id=ZKPbmfnPSXKh9799IPT3IQ]
---- unassigned
--------[test][0], node[null], [P], v[6], s[UNASSIGNED], unassigned_info[[reason=NODE_LEFT], at[2016-03-31T06:01:59.081Z], details[node_left[ABvR8raGRuS_s0xvV8c6Dg]]]
--------[test][0], node[null], [R], v[6], s[UNASSIGNED], unassigned_info[[reason=NODE_LEFT], at[2016-03-31T06:01:59.001Z], details[node_left[6YQpKcdoR4yWXY-BPqVSzQ]]]

[2016-03-30 23:01:59,332][DEBUG][org.elasticsearch.cluster.service] [node_t4] set local cluster state to version 19
[2016-03-30 23:01:59,332][TRACE][org.elasticsearch.cluster.service] [node_t2] cluster state updated, source [local-disco-receive(from master)]
version: 19
state uuid: y-icP-nOS-KWf_ikeb8YAg
from_diff: false
meta data version: 13
nodes: 
   {node_t4}{H5KBmc8nTJKmZS9czP_n_Q}{local}{local[224]}[mode=>local, master=>false]
   {node_t0}{UjOsuvjjTaSUJkafxhPFgQ}{local}{local[220]}[mode=>local, master=>true, data=>false], master
   {node_t2}{MtrhcOgYRbSrDs6bCp85_Q}{local}{local[222]}[master=>false, mode=>local], local
routing_table (version 11):
-- index [test]
----shard_id [test][0]
--------[test][0], node[null], [P], v[6], s[UNASSIGNED], unassigned_info[[reason=NODE_LEFT], at[2016-03-31T06:01:59.081Z], details[node_left[ABvR8raGRuS_s0xvV8c6Dg]]]
--------[test][0], node[null], [R], v[6], s[UNASSIGNED], unassigned_info[[reason=NODE_LEFT], at[2016-03-31T06:01:59.001Z], details[node_left[6YQpKcdoR4yWXY-BPqVSzQ]]]
----shard_id [test][1]
--------[test][1], node[H5KBmc8nTJKmZS9czP_n_Q], [R], v[7], s[STARTED], a[id=h1IGstJ-SMOcKXXjjiYPfw]
--------[test][1], node[MtrhcOgYRbSrDs6bCp85_Q], [P], v[7], s[STARTED], a[id=KqWuuR1bQCmle38qu9o-bA]
----shard_id [test][2]
--------[test][2], node[H5KBmc8nTJKmZS9czP_n_Q], [R], v[6], s[STARTED], a[id=pnndVnOySQOtDchLqFUZGg]
--------[test][2], node[MtrhcOgYRbSrDs6bCp85_Q], [P], v[6], s[STARTED], a[id=ZKPbmfnPSXKh9799IPT3IQ]

routing_nodes:
-----node_id[H5KBmc8nTJKmZS9czP_n_Q][V]
--------[test][1], node[H5KBmc8nTJKmZS9czP_n_Q], [R], v[7], s[STARTED], a[id=h1IGstJ-SMOcKXXjjiYPfw]
--------[test][2], node[H5KBmc8nTJKmZS9czP_n_Q], [R], v[6], s[STARTED], a[id=pnndVnOySQOtDchLqFUZGg]
-----node_id[MtrhcOgYRbSrDs6bCp85_Q][V]
--------[test][1], node[MtrhcOgYRbSrDs6bCp85_Q], [P], v[7], s[STARTED], a[id=KqWuuR1bQCmle38qu9o-bA]
--------[test][2], node[MtrhcOgYRbSrDs6bCp85_Q], [P], v[6], s[STARTED], a[id=ZKPbmfnPSXKh9799IPT3IQ]
---- unassigned
--------[test][0], node[null], [P], v[6], s[UNASSIGNED], unassigned_info[[reason=NODE_LEFT], at[2016-03-31T06:01:59.081Z], details[node_left[ABvR8raGRuS_s0xvV8c6Dg]]]
--------[test][0], node[null], [R], v[6], s[UNASSIGNED], unassigned_info[[reason=NODE_LEFT], at[2016-03-31T06:01:59.001Z], details[node_left[6YQpKcdoR4yWXY-BPqVSzQ]]]

[2016-03-30 23:01:59,332][DEBUG][org.elasticsearch.cluster.service] [node_t2] set local cluster state to version 19
[2016-03-30 23:01:59,333][TRACE][org.elasticsearch.cluster.service] ack received from node [{node_t4}{H5KBmc8nTJKmZS9czP_n_Q}{local}{local[224]}[master=>false, mode=>local]], cluster_state update (version: 19)
[2016-03-30 23:01:59,333][DEBUG][org.elasticsearch.cluster.service] [node_t4] processing [local-disco-receive(from master)]: took 1ms done applying updated cluster_state (version: 19, uuid: y-icP-nOS-KWf_ikeb8YAg)
[2016-03-30 23:01:59,333][TRACE][org.elasticsearch.cluster.service] ack received from node [{node_t2}{MtrhcOgYRbSrDs6bCp85_Q}{local}{local[222]}[master=>false, mode=>local]], cluster_state update (version: 19)
[2016-03-30 23:01:59,333][DEBUG][org.elasticsearch.cluster.service] [node_t2] processing [local-disco-receive(from master)]: took 1ms done applying updated cluster_state (version: 19, uuid: y-icP-nOS-KWf_ikeb8YAg)
[2016-03-30 23:01:59,333][DEBUG][org.elasticsearch.cluster.service] [node_t0] set local cluster state to version 19
[2016-03-30 23:01:59,334][TRACE][org.elasticsearch.cluster.service] ack received from node [{node_t0}{UjOsuvjjTaSUJkafxhPFgQ}{local}{local[220]}[master=>true, mode=>local, data=>false]], cluster_state update (version: 19)
[2016-03-30 23:01:59,334][TRACE][org.elasticsearch.cluster.service] all expected nodes acknowledged cluster_state update (version: 19)
[2016-03-30 23:01:59,334][DEBUG][org.elasticsearch.cluster.service] [node_t0] processing [cluster_update_settings]: took 4ms done applying updated cluster_state (version: 19, uuid: y-icP-nOS-KWf_ikeb8YAg)
[2016-03-30 23:01:59,334][TRACE][org.elasticsearch.cluster.service] [node_t0] will process [reroute_after_cluster_update_settings]
[2016-03-30 23:01:59,335][DEBUG][org.elasticsearch.cluster.service] [node_t0] processing [reroute_after_cluster_update_settings]: execute
[2016-03-30 23:01:59,335][DEBUG][org.elasticsearch.cluster.service] [node_t0] processing [reroute_after_cluster_update_settings]: took 0s no change in cluster_state
[2016-03-30 23:01:59,414][TRACE][org.elasticsearch.cluster.service] [node_t0] will process [local-disco-receive(from node[{node_t5}{OYdxvxk0SmmMoqmEqzKW-A}{local}{local[228]}[master=>false, mode=>local]])]
[2016-03-30 23:01:59,414][DEBUG][org.elasticsearch.cluster.service] [node_t0] processing [local-disco-receive(from node[{node_t5}{OYdxvxk0SmmMoqmEqzKW-A}{local}{local[228]}[master=>false, mode=>local]])]: execute
[2016-03-30 23:01:59,414][TRACE][org.elasticsearch.cluster.service] [node_t5] will process [local-disco(detected_master)]
[2016-03-30 23:01:59,414][DEBUG][org.elasticsearch.cluster.service] [node_t5] processing [local-disco(detected_master)]: execute
[2016-03-30 23:01:59,415][TRACE][org.elasticsearch.cluster.service] [node_t5] cluster state updated, source [local-disco(detected_master)]
version: 0
state uuid: Lf9jsZSAR1imecprRWdu1w
from_diff: false
meta data version: 13
blocks: 
   _global_:
      1,state not recovered / initialized, blocks READ,WRITE,METADATA_READ,METADATA_WRITE      2,no master, blocks WRITE,METADATA_WRITE
nodes: 
   {node_t5}{OYdxvxk0SmmMoqmEqzKW-A}{local}{local[228]}[master=>false, mode=>local], local
routing_table (version 0):
routing_nodes:
-----node_id[OYdxvxk0SmmMoqmEqzKW-A][V]
---- unassigned

[2016-03-30 23:01:59,415][DEBUG][org.elasticsearch.cluster.service] [node_t5] set local cluster state to version 0
[2016-03-30 23:01:59,415][DEBUG][org.elasticsearch.cluster.service] [node_t5] processing [local-disco(detected_master)]: took 0s done applying updated cluster_state (version: 0, uuid: Lf9jsZSAR1imecprRWdu1w)
[2016-03-30 23:01:59,415][TRACE][org.elasticsearch.cluster.service] [node_t0] cluster state updated, source [local-disco-receive(from node[{node_t5}{OYdxvxk0SmmMoqmEqzKW-A}{local}{local[228]}[master=>false, mode=>local]])]
version: 20
state uuid: AUI0SlrUTaKZPQkh1HaFMQ
from_diff: false
meta data version: 13
nodes: 
   {node_t4}{H5KBmc8nTJKmZS9czP_n_Q}{local}{local[224]}[master=>false, mode=>local]
   {node_t0}{UjOsuvjjTaSUJkafxhPFgQ}{local}{local[220]}[master=>true, mode=>local, data=>false], local, master
   {node_t5}{OYdxvxk0SmmMoqmEqzKW-A}{local}{local[228]}[master=>false, mode=>local]
   {node_t2}{MtrhcOgYRbSrDs6bCp85_Q}{local}{local[222]}[master=>false, mode=>local]
routing_table (version 11):
-- index [test]
----shard_id [test][0]
--------[test][0], node[null], [P], v[6], s[UNASSIGNED], unassigned_info[[reason=NODE_LEFT], at[2016-03-31T06:01:59.081Z], details[node_left[ABvR8raGRuS_s0xvV8c6Dg]]]
--------[test][0], node[null], [R], v[6], s[UNASSIGNED], unassigned_info[[reason=NODE_LEFT], at[2016-03-31T06:01:59.001Z], details[node_left[6YQpKcdoR4yWXY-BPqVSzQ]]]
----shard_id [test][1]
--------[test][1], node[H5KBmc8nTJKmZS9czP_n_Q], [R], v[7], s[STARTED], a[id=h1IGstJ-SMOcKXXjjiYPfw]
--------[test][1], node[MtrhcOgYRbSrDs6bCp85_Q], [P], v[7], s[STARTED], a[id=KqWuuR1bQCmle38qu9o-bA]
----shard_id [test][2]
--------[test][2], node[H5KBmc8nTJKmZS9czP_n_Q], [R], v[6], s[STARTED], a[id=pnndVnOySQOtDchLqFUZGg]
--------[test][2], node[MtrhcOgYRbSrDs6bCp85_Q], [P], v[6], s[STARTED], a[id=ZKPbmfnPSXKh9799IPT3IQ]

routing_nodes:
-----node_id[OYdxvxk0SmmMoqmEqzKW-A][V]
-----node_id[H5KBmc8nTJKmZS9czP_n_Q][V]
--------[test][1], node[H5KBmc8nTJKmZS9czP_n_Q], [R], v[7], s[STARTED], a[id=h1IGstJ-SMOcKXXjjiYPfw]
--------[test][2], node[H5KBmc8nTJKmZS9czP_n_Q], [R], v[6], s[STARTED], a[id=pnndVnOySQOtDchLqFUZGg]
-----node_id[MtrhcOgYRbSrDs6bCp85_Q][V]
--------[test][1], node[MtrhcOgYRbSrDs6bCp85_Q], [P], v[7], s[STARTED], a[id=KqWuuR1bQCmle38qu9o-bA]
--------[test][2], node[MtrhcOgYRbSrDs6bCp85_Q], [P], v[6], s[STARTED], a[id=ZKPbmfnPSXKh9799IPT3IQ]
---- unassigned
--------[test][0], node[null], [P], v[6], s[UNASSIGNED], unassigned_info[[reason=NODE_LEFT], at[2016-03-31T06:01:59.081Z], details[node_left[ABvR8raGRuS_s0xvV8c6Dg]]]
--------[test][0], node[null], [R], v[6], s[UNASSIGNED], unassigned_info[[reason=NODE_LEFT], at[2016-03-31T06:01:59.001Z], details[node_left[6YQpKcdoR4yWXY-BPqVSzQ]]]

[2016-03-30 23:01:59,415][INFO ][org.elasticsearch.cluster.service] [node_t0] added {{node_t5}{OYdxvxk0SmmMoqmEqzKW-A}{local}{local[228]}[master=>false, mode=>local],}, reason: local-disco-receive(from node[{node_t5}{OYdxvxk0SmmMoqmEqzKW-A}{local}{local[228]}[master=>false, mode=>local]])
[2016-03-30 23:01:59,415][DEBUG][org.elasticsearch.cluster.service] [node_t0] publishing cluster state version [20]
[2016-03-30 23:01:59,416][TRACE][org.elasticsearch.cluster.service] [node_t5] will process [local-disco-receive(from master)]
[2016-03-30 23:01:59,416][DEBUG][org.elasticsearch.cluster.service] [node_t5] processing [local-disco-receive(from master)]: execute
[2016-03-30 23:01:59,416][TRACE][org.elasticsearch.cluster.service] [node_t2] will process [local-disco-receive(from master)]
[2016-03-30 23:01:59,416][DEBUG][org.elasticsearch.cluster.service] [node_t2] processing [local-disco-receive(from master)]: execute
[2016-03-30 23:01:59,416][TRACE][org.elasticsearch.cluster.service] [node_t4] will process [local-disco-receive(from master)]
[2016-03-30 23:01:59,416][DEBUG][org.elasticsearch.cluster.service] [node_t4] processing [local-disco-receive(from master)]: execute
[2016-03-30 23:01:59,416][TRACE][org.elasticsearch.cluster.service] [node_t5] cluster state updated, source [local-disco-receive(from master)]
version: 20
state uuid: AUI0SlrUTaKZPQkh1HaFMQ
from_diff: false
meta data version: 13
nodes: 
   {node_t4}{H5KBmc8nTJKmZS9czP_n_Q}{local}{local[224]}[mode=>local, master=>false]
   {node_t0}{UjOsuvjjTaSUJkafxhPFgQ}{local}{local[220]}[data=>false, master=>true, mode=>local], master
   {node_t5}{OYdxvxk0SmmMoqmEqzKW-A}{local}{local[228]}[master=>false, mode=>local], local
   {node_t2}{MtrhcOgYRbSrDs6bCp85_Q}{local}{local[222]}[mode=>local, master=>false]
routing_table (version 11):
-- index [test]
----shard_id [test][0]
--------[test][0], node[null], [P], v[6], s[UNASSIGNED], unassigned_info[[reason=NODE_LEFT], at[2016-03-31T06:01:59.081Z], details[node_left[ABvR8raGRuS_s0xvV8c6Dg]]]
--------[test][0], node[null], [R], v[6], s[UNASSIGNED], unassigned_info[[reason=NODE_LEFT], at[2016-03-31T06:01:59.001Z], details[node_left[6YQpKcdoR4yWXY-BPqVSzQ]]]
----shard_id [test][1]
--------[test][1], node[H5KBmc8nTJKmZS9czP_n_Q], [R], v[7], s[STARTED], a[id=h1IGstJ-SMOcKXXjjiYPfw]
--------[test][1], node[MtrhcOgYRbSrDs6bCp85_Q], [P], v[7], s[STARTED], a[id=KqWuuR1bQCmle38qu9o-bA]
----shard_id [test][2]
--------[test][2], node[H5KBmc8nTJKmZS9czP_n_Q], [R], v[6], s[STARTED], a[id=pnndVnOySQOtDchLqFUZGg]
--------[test][2], node[MtrhcOgYRbSrDs6bCp85_Q], [P], v[6], s[STARTED], a[id=ZKPbmfnPSXKh9799IPT3IQ]

routing_nodes:
-----node_id[OYdxvxk0SmmMoqmEqzKW-A][V]
-----node_id[H5KBmc8nTJKmZS9czP_n_Q][V]
--------[test][1], node[H5KBmc8nTJKmZS9czP_n_Q], [R], v[7], s[STARTED], a[id=h1IGstJ-SMOcKXXjjiYPfw]
--------[test][2], node[H5KBmc8nTJKmZS9czP_n_Q], [R], v[6], s[STARTED], a[id=pnndVnOySQOtDchLqFUZGg]
-----node_id[MtrhcOgYRbSrDs6bCp85_Q][V]
--------[test][1], node[MtrhcOgYRbSrDs6bCp85_Q], [P], v[7], s[STARTED], a[id=KqWuuR1bQCmle38qu9o-bA]
--------[test][2], node[MtrhcOgYRbSrDs6bCp85_Q], [P], v[6], s[STARTED], a[id=ZKPbmfnPSXKh9799IPT3IQ]
---- unassigned
--------[test][0], node[null], [P], v[6], s[UNASSIGNED], unassigned_info[[reason=NODE_LEFT], at[2016-03-31T06:01:59.081Z], details[node_left[ABvR8raGRuS_s0xvV8c6Dg]]]
--------[test][0], node[null], [R], v[6], s[UNASSIGNED], unassigned_info[[reason=NODE_LEFT], at[2016-03-31T06:01:59.001Z], details[node_left[6YQpKcdoR4yWXY-BPqVSzQ]]]

[2016-03-30 23:01:59,417][TRACE][org.elasticsearch.cluster.service] [node_t4] cluster state updated, source [local-disco-receive(from master)]
version: 20
state uuid: AUI0SlrUTaKZPQkh1HaFMQ
from_diff: false
meta data version: 13
nodes: 
   {node_t4}{H5KBmc8nTJKmZS9czP_n_Q}{local}{local[224]}[master=>false, mode=>local], local
   {node_t0}{UjOsuvjjTaSUJkafxhPFgQ}{local}{local[220]}[mode=>local, data=>false, master=>true], master
   {node_t5}{OYdxvxk0SmmMoqmEqzKW-A}{local}{local[228]}[master=>false, mode=>local]
   {node_t2}{MtrhcOgYRbSrDs6bCp85_Q}{local}{local[222]}[master=>false, mode=>local]
routing_table (version 11):
-- index [test]
----shard_id [test][0]
--------[test][0], node[null], [P], v[6], s[UNASSIGNED], unassigned_info[[reason=NODE_LEFT], at[2016-03-31T06:01:59.081Z], details[node_left[ABvR8raGRuS_s0xvV8c6Dg]]]
--------[test][0], node[null], [R], v[6], s[UNASSIGNED], unassigned_info[[reason=NODE_LEFT], at[2016-03-31T06:01:59.001Z], details[node_left[6YQpKcdoR4yWXY-BPqVSzQ]]]
----shard_id [test][1]
--------[test][1], node[H5KBmc8nTJKmZS9czP_n_Q], [R], v[7], s[STARTED], a[id=h1IGstJ-SMOcKXXjjiYPfw]
--------[test][1], node[MtrhcOgYRbSrDs6bCp85_Q], [P], v[7], s[STARTED], a[id=KqWuuR1bQCmle38qu9o-bA]
----shard_id [test][2]
--------[test][2], node[H5KBmc8nTJKmZS9czP_n_Q], [R], v[6], s[STARTED], a[id=pnndVnOySQOtDchLqFUZGg]
--------[test][2], node[MtrhcOgYRbSrDs6bCp85_Q], [P], v[6], s[STARTED], a[id=ZKPbmfnPSXKh9799IPT3IQ]

routing_nodes:
-----node_id[OYdxvxk0SmmMoqmEqzKW-A][V]
-----node_id[H5KBmc8nTJKmZS9czP_n_Q][V]
--------[test][1], node[H5KBmc8nTJKmZS9czP_n_Q], [R], v[7], s[STARTED], a[id=h1IGstJ-SMOcKXXjjiYPfw]
--------[test][2], node[H5KBmc8nTJKmZS9czP_n_Q], [R], v[6], s[STARTED], a[id=pnndVnOySQOtDchLqFUZGg]
-----node_id[MtrhcOgYRbSrDs6bCp85_Q][V]
--------[test][1], node[MtrhcOgYRbSrDs6bCp85_Q], [P], v[7], s[STARTED], a[id=KqWuuR1bQCmle38qu9o-bA]
--------[test][2], node[MtrhcOgYRbSrDs6bCp85_Q], [P], v[6], s[STARTED], a[id=ZKPbmfnPSXKh9799IPT3IQ]
---- unassigned
--------[test][0], node[null], [P], v[6], s[UNASSIGNED], unassigned_info[[reason=NODE_LEFT], at[2016-03-31T06:01:59.081Z], details[node_left[ABvR8raGRuS_s0xvV8c6Dg]]]
--------[test][0], node[null], [R], v[6], s[UNASSIGNED], unassigned_info[[reason=NODE_LEFT], at[2016-03-31T06:01:59.001Z], details[node_left[6YQpKcdoR4yWXY-BPqVSzQ]]]

[2016-03-30 23:01:59,417][INFO ][org.elasticsearch.cluster.service] [node_t5] detected_master {node_t0}{UjOsuvjjTaSUJkafxhPFgQ}{local}{local[220]}[data=>false, master=>true, mode=>local], added {{node_t4}{H5KBmc8nTJKmZS9czP_n_Q}{local}{local[224]}[mode=>local, master=>false],{node_t0}{UjOsuvjjTaSUJkafxhPFgQ}{local}{local[220]}[data=>false, master=>true, mode=>local],{node_t2}{MtrhcOgYRbSrDs6bCp85_Q}{local}{local[222]}[mode=>local, master=>false],}, reason: local-disco-receive(from master)
[2016-03-30 23:01:59,416][TRACE][org.elasticsearch.cluster.service] [node_t2] cluster state updated, source [local-disco-receive(from master)]
version: 20
state uuid: AUI0SlrUTaKZPQkh1HaFMQ
from_diff: false
meta data version: 13
nodes: 
   {node_t4}{H5KBmc8nTJKmZS9czP_n_Q}{local}{local[224]}[master=>false, mode=>local]
   {node_t0}{UjOsuvjjTaSUJkafxhPFgQ}{local}{local[220]}[data=>false, master=>true, mode=>local], master
   {node_t5}{OYdxvxk0SmmMoqmEqzKW-A}{local}{local[228]}[master=>false, mode=>local]
   {node_t2}{MtrhcOgYRbSrDs6bCp85_Q}{local}{local[222]}[master=>false, mode=>local], local
routing_table (version 11):
-- index [test]
----shard_id [test][0]
--------[test][0], node[null], [P], v[6], s[UNASSIGNED], unassigned_info[[reason=NODE_LEFT], at[2016-03-31T06:01:59.081Z], details[node_left[ABvR8raGRuS_s0xvV8c6Dg]]]
--------[test][0], node[null], [R], v[6], s[UNASSIGNED], unassigned_info[[reason=NODE_LEFT], at[2016-03-31T06:01:59.001Z], details[node_left[6YQpKcdoR4yWXY-BPqVSzQ]]]
----shard_id [test][1]
--------[test][1], node[H5KBmc8nTJKmZS9czP_n_Q], [R], v[7], s[STARTED], a[id=h1IGstJ-SMOcKXXjjiYPfw]
--------[test][1], node[MtrhcOgYRbSrDs6bCp85_Q], [P], v[7], s[STARTED], a[id=KqWuuR1bQCmle38qu9o-bA]
----shard_id [test][2]
--------[test][2], node[H5KBmc8nTJKmZS9czP_n_Q], [R], v[6], s[STARTED], a[id=pnndVnOySQOtDchLqFUZGg]
--------[test][2], node[MtrhcOgYRbSrDs6bCp85_Q], [P], v[6], s[STARTED], a[id=ZKPbmfnPSXKh9799IPT3IQ]

routing_nodes:
-----node_id[OYdxvxk0SmmMoqmEqzKW-A][V]
-----node_id[H5KBmc8nTJKmZS9czP_n_Q][V]
--------[test][1], node[H5KBmc8nTJKmZS9czP_n_Q], [R], v[7], s[STARTED], a[id=h1IGstJ-SMOcKXXjjiYPfw]
--------[test][2], node[H5KBmc8nTJKmZS9czP_n_Q], [R], v[6], s[STARTED], a[id=pnndVnOySQOtDchLqFUZGg]
-----node_id[MtrhcOgYRbSrDs6bCp85_Q][V]
--------[test][1], node[MtrhcOgYRbSrDs6bCp85_Q], [P], v[7], s[STARTED], a[id=KqWuuR1bQCmle38qu9o-bA]
--------[test][2], node[MtrhcOgYRbSrDs6bCp85_Q], [P], v[6], s[STARTED], a[id=ZKPbmfnPSXKh9799IPT3IQ]
---- unassigned
--------[test][0], node[null], [P], v[6], s[UNASSIGNED], unassigned_info[[reason=NODE_LEFT], at[2016-03-31T06:01:59.081Z], details[node_left[ABvR8raGRuS_s0xvV8c6Dg]]]
--------[test][0], node[null], [R], v[6], s[UNASSIGNED], unassigned_info[[reason=NODE_LEFT], at[2016-03-31T06:01:59.001Z], details[node_left[6YQpKcdoR4yWXY-BPqVSzQ]]]

[2016-03-30 23:01:59,417][DEBUG][org.elasticsearch.cluster.service] [node_t5] set local cluster state to version 20
[2016-03-30 23:01:59,418][INFO ][org.elasticsearch.cluster.service] [node_t2] added {{node_t5}{OYdxvxk0SmmMoqmEqzKW-A}{local}{local[228]}[master=>false, mode=>local],}, reason: local-disco-receive(from master)
[2016-03-30 23:01:59,417][INFO ][org.elasticsearch.cluster.service] [node_t4] added {{node_t5}{OYdxvxk0SmmMoqmEqzKW-A}{local}{local[228]}[master=>false, mode=>local],}, reason: local-disco-receive(from master)
[2016-03-30 23:01:59,419][DEBUG][org.elasticsearch.cluster.service] [node_t4] set local cluster state to version 20
[2016-03-30 23:01:59,419][DEBUG][org.elasticsearch.cluster.service] [node_t2] set local cluster state to version 20
[2016-03-30 23:01:59,419][DEBUG][org.elasticsearch.cluster.service] [node_t4] processing [local-disco-receive(from master)]: took 3ms done applying updated cluster_state (version: 20, uuid: AUI0SlrUTaKZPQkh1HaFMQ)
[2016-03-30 23:01:59,419][DEBUG][org.elasticsearch.cluster.service] [node_t2] processing [local-disco-receive(from master)]: took 3ms done applying updated cluster_state (version: 20, uuid: AUI0SlrUTaKZPQkh1HaFMQ)
[2016-03-30 23:01:59,426][DEBUG][org.elasticsearch.cluster.service] [node_t5] processing [local-disco-receive(from master)]: took 10ms done applying updated cluster_state (version: 20, uuid: AUI0SlrUTaKZPQkh1HaFMQ)
[2016-03-30 23:01:59,426][DEBUG][org.elasticsearch.cluster.service] [node_t0] set local cluster state to version 20
[2016-03-30 23:01:59,426][TRACE][org.elasticsearch.cluster.service] [node_t5] will process [indices_store ([[test][1]] active fully on other nodes)]
[2016-03-30 23:01:59,426][DEBUG][org.elasticsearch.cluster.service] [node_t5] processing [indices_store ([[test][1]] active fully on other nodes)]: execute
[2016-03-30 23:01:59,428][DEBUG][org.elasticsearch.cluster.service] [node_t0] processing [local-disco-receive(from node[{node_t5}{OYdxvxk0SmmMoqmEqzKW-A}{local}{local[228]}[master=>false, mode=>local]])]: took 13ms done applying updated cluster_state (version: 20, uuid: AUI0SlrUTaKZPQkh1HaFMQ)
[2016-03-30 23:01:59,428][TRACE][org.elasticsearch.cluster.service] [node_t0] will process [cluster_reroute(post_node_add)]
[2016-03-30 23:01:59,428][DEBUG][org.elasticsearch.cluster.service] [node_t0] processing [cluster_reroute(post_node_add)]: execute
[2016-03-30 23:01:59,429][DEBUG][org.elasticsearch.cluster.service] [node_t0] processing [cluster_reroute(post_node_add)]: took 0s no change in cluster_state
[2016-03-30 23:01:59,439][TRACE][org.elasticsearch.cluster.service] [node_t0] will process [cluster_reroute(async_shard_fetch)]
[2016-03-30 23:01:59,439][DEBUG][org.elasticsearch.cluster.service] [node_t0] processing [cluster_reroute(async_shard_fetch)]: execute
[2016-03-30 23:01:59,449][TRACE][org.elasticsearch.cluster.service] [node_t0] cluster state updated, source [cluster_reroute(async_shard_fetch)]
version: 21
state uuid: KjR47jX0Q8uLXd5nORjXkw
from_diff: false
meta data version: 13
nodes: 
   {node_t4}{H5KBmc8nTJKmZS9czP_n_Q}{local}{local[224]}[master=>false, mode=>local]
   {node_t0}{UjOsuvjjTaSUJkafxhPFgQ}{local}{local[220]}[master=>true, mode=>local, data=>false], local, master
   {node_t5}{OYdxvxk0SmmMoqmEqzKW-A}{local}{local[228]}[master=>false, mode=>local]
   {node_t2}{MtrhcOgYRbSrDs6bCp85_Q}{local}{local[222]}[master=>false, mode=>local]
routing_table (version 12):
-- index [test]
----shard_id [test][0]
--------[test][0], node[OYdxvxk0SmmMoqmEqzKW-A], [P], v[6], s[INITIALIZING], a[id=MKRJAB9UTEO1pwHCaiow1g], unassigned_info[[reason=NODE_LEFT], at[2016-03-31T06:01:59.081Z], details[node_left[ABvR8raGRuS_s0xvV8c6Dg]]]
--------[test][0], node[null], [R], v[6], s[UNASSIGNED], unassigned_info[[reason=NODE_LEFT], at[2016-03-31T06:01:59.001Z], details[node_left[6YQpKcdoR4yWXY-BPqVSzQ]]]
----shard_id [test][1]
--------[test][1], node[H5KBmc8nTJKmZS9czP_n_Q], [R], v[7], s[STARTED], a[id=h1IGstJ-SMOcKXXjjiYPfw]
--------[test][1], node[MtrhcOgYRbSrDs6bCp85_Q], [P], v[7], s[STARTED], a[id=KqWuuR1bQCmle38qu9o-bA]
----shard_id [test][2]
--------[test][2], node[H5KBmc8nTJKmZS9czP_n_Q], [R], v[6], s[STARTED], a[id=pnndVnOySQOtDchLqFUZGg]
--------[test][2], node[MtrhcOgYRbSrDs6bCp85_Q], [P], v[6], s[STARTED], a[id=ZKPbmfnPSXKh9799IPT3IQ]

routing_nodes:
-----node_id[OYdxvxk0SmmMoqmEqzKW-A][V]
--------[test][0], node[OYdxvxk0SmmMoqmEqzKW-A], [P], v[6], s[INITIALIZING], a[id=MKRJAB9UTEO1pwHCaiow1g], unassigned_info[[reason=NODE_LEFT], at[2016-03-31T06:01:59.081Z], details[node_left[ABvR8raGRuS_s0xvV8c6Dg]]]
-----node_id[H5KBmc8nTJKmZS9czP_n_Q][V]
--------[test][1], node[H5KBmc8nTJKmZS9czP_n_Q], [R], v[7], s[STARTED], a[id=h1IGstJ-SMOcKXXjjiYPfw]
--------[test][2], node[H5KBmc8nTJKmZS9czP_n_Q], [R], v[6], s[STARTED], a[id=pnndVnOySQOtDchLqFUZGg]
-----node_id[MtrhcOgYRbSrDs6bCp85_Q][V]
--------[test][1], node[MtrhcOgYRbSrDs6bCp85_Q], [P], v[7], s[STARTED], a[id=KqWuuR1bQCmle38qu9o-bA]
--------[test][2], node[MtrhcOgYRbSrDs6bCp85_Q], [P], v[6], s[STARTED], a[id=ZKPbmfnPSXKh9799IPT3IQ]
---- unassigned
--------[test][0], node[null], [R], v[6], s[UNASSIGNED], unassigned_info[[reason=NODE_LEFT], at[2016-03-31T06:01:59.001Z], details[node_left[6YQpKcdoR4yWXY-BPqVSzQ]]]

[2016-03-30 23:01:59,449][DEBUG][org.elasticsearch.cluster.service] [node_t0] publishing cluster state version [21]
[2016-03-30 23:01:59,457][DEBUG][org.elasticsearch.cluster.service] [node_t5] processing [indices_store ([[test][1]] active fully on other nodes)]: took 30ms no change in cluster_state
[2016-03-30 23:01:59,457][TRACE][org.elasticsearch.cluster.service] [node_t5] will process [gateway_initial_state_recovery]
[2016-03-30 23:01:59,457][DEBUG][org.elasticsearch.cluster.service] [node_t5] processing [gateway_initial_state_recovery]: execute
[2016-03-30 23:01:59,457][DEBUG][org.elasticsearch.cluster.service] [node_t5] processing [gateway_initial_state_recovery]: took 0s no change in cluster_state
[2016-03-30 23:01:59,457][TRACE][org.elasticsearch.cluster.service] [node_t4] will process [local-disco-receive(from master)]
[2016-03-30 23:01:59,457][TRACE][org.elasticsearch.cluster.service] [node_t2] will process [local-disco-receive(from master)]
[2016-03-30 23:01:59,457][DEBUG][org.elasticsearch.cluster.service] [node_t2] processing [local-disco-receive(from master)]: execute
[2016-03-30 23:01:59,458][TRACE][org.elasticsearch.cluster.service] [node_t2] cluster state updated, source [local-disco-receive(from master)]
version: 21
state uuid: KjR47jX0Q8uLXd5nORjXkw
from_diff: false
meta data version: 13
nodes: 
   {node_t4}{H5KBmc8nTJKmZS9czP_n_Q}{local}{local[224]}[master=>false, mode=>local]
   {node_t0}{UjOsuvjjTaSUJkafxhPFgQ}{local}{local[220]}[data=>false, master=>true, mode=>local], master
   {node_t5}{OYdxvxk0SmmMoqmEqzKW-A}{local}{local[228]}[master=>false, mode=>local]
   {node_t2}{MtrhcOgYRbSrDs6bCp85_Q}{local}{local[222]}[master=>false, mode=>local], local
routing_table (version 12):
-- index [test]
----shard_id [test][0]
--------[test][0], node[OYdxvxk0SmmMoqmEqzKW-A], [P], v[6], s[INITIALIZING], a[id=MKRJAB9UTEO1pwHCaiow1g], unassigned_info[[reason=NODE_LEFT], at[2016-03-31T06:01:59.081Z], details[node_left[ABvR8raGRuS_s0xvV8c6Dg]]]
--------[test][0], node[null], [R], v[6], s[UNASSIGNED], unassigned_info[[reason=NODE_LEFT], at[2016-03-31T06:01:59.001Z], details[node_left[6YQpKcdoR4yWXY-BPqVSzQ]]]
----shard_id [test][1]
--------[test][1], node[H5KBmc8nTJKmZS9czP_n_Q], [R], v[7], s[STARTED], a[id=h1IGstJ-SMOcKXXjjiYPfw]
--------[test][1], node[MtrhcOgYRbSrDs6bCp85_Q], [P], v[7], s[STARTED], a[id=KqWuuR1bQCmle38qu9o-bA]
----shard_id [test][2]
--------[test][2], node[H5KBmc8nTJKmZS9czP_n_Q], [R], v[6], s[STARTED], a[id=pnndVnOySQOtDchLqFUZGg]
--------[test][2], node[MtrhcOgYRbSrDs6bCp85_Q], [P], v[6], s[STARTED], a[id=ZKPbmfnPSXKh9799IPT3IQ]

routing_nodes:
-----node_id[OYdxvxk0SmmMoqmEqzKW-A][V]
--------[test][0], node[OYdxvxk0SmmMoqmEqzKW-A], [P], v[6], s[INITIALIZING], a[id=MKRJAB9UTEO1pwHCaiow1g], unassigned_info[[reason=NODE_LEFT], at[2016-03-31T06:01:59.081Z], details[node_left[ABvR8raGRuS_s0xvV8c6Dg]]]
-----node_id[H5KBmc8nTJKmZS9czP_n_Q][V]
--------[test][1], node[H5KBmc8nTJKmZS9czP_n_Q], [R], v[7], s[STARTED], a[id=h1IGstJ-SMOcKXXjjiYPfw]
--------[test][2], node[H5KBmc8nTJKmZS9czP_n_Q], [R], v[6], s[STARTED], a[id=pnndVnOySQOtDchLqFUZGg]
-----node_id[MtrhcOgYRbSrDs6bCp85_Q][V]
--------[test][1], node[MtrhcOgYRbSrDs6bCp85_Q], [P], v[7], s[STARTED], a[id=KqWuuR1bQCmle38qu9o-bA]
--------[test][2], node[MtrhcOgYRbSrDs6bCp85_Q], [P], v[6], s[STARTED], a[id=ZKPbmfnPSXKh9799IPT3IQ]
---- unassigned
--------[test][0], node[null], [R], v[6], s[UNASSIGNED], unassigned_info[[reason=NODE_LEFT], at[2016-03-31T06:01:59.001Z], details[node_left[6YQpKcdoR4yWXY-BPqVSzQ]]]

[2016-03-30 23:01:59,458][DEBUG][org.elasticsearch.cluster.service] [node_t2] set local cluster state to version 21
[2016-03-30 23:01:59,457][DEBUG][org.elasticsearch.cluster.service] [node_t4] processing [local-disco-receive(from master)]: execute
[2016-03-30 23:01:59,457][TRACE][org.elasticsearch.cluster.service] [node_t5] will process [local-disco-receive(from master)]
[2016-03-30 23:01:59,458][DEBUG][org.elasticsearch.cluster.service] [node_t5] processing [local-disco-receive(from master)]: execute
[2016-03-30 23:01:59,459][TRACE][org.elasticsearch.cluster.service] [node_t4] cluster state updated, source [local-disco-receive(from master)]
version: 21
state uuid: KjR47jX0Q8uLXd5nORjXkw
from_diff: false
meta data version: 13
nodes: 
   {node_t4}{H5KBmc8nTJKmZS9czP_n_Q}{local}{local[224]}[master=>false, mode=>local], local
   {node_t0}{UjOsuvjjTaSUJkafxhPFgQ}{local}{local[220]}[mode=>local, data=>false, master=>true], master
   {node_t5}{OYdxvxk0SmmMoqmEqzKW-A}{local}{local[228]}[master=>false, mode=>local]
   {node_t2}{MtrhcOgYRbSrDs6bCp85_Q}{local}{local[222]}[master=>false, mode=>local]
routing_table (version 12):
-- index [test]
----shard_id [test][0]
--------[test][0], node[OYdxvxk0SmmMoqmEqzKW-A], [P], v[6], s[INITIALIZING], a[id=MKRJAB9UTEO1pwHCaiow1g], unassigned_info[[reason=NODE_LEFT], at[2016-03-31T06:01:59.081Z], details[node_left[ABvR8raGRuS_s0xvV8c6Dg]]]
--------[test][0], node[null], [R], v[6], s[UNASSIGNED], unassigned_info[[reason=NODE_LEFT], at[2016-03-31T06:01:59.001Z], details[node_left[6YQpKcdoR4yWXY-BPqVSzQ]]]
----shard_id [test][1]
--------[test][1], node[H5KBmc8nTJKmZS9czP_n_Q], [R], v[7], s[STARTED], a[id=h1IGstJ-SMOcKXXjjiYPfw]
--------[test][1], node[MtrhcOgYRbSrDs6bCp85_Q], [P], v[7], s[STARTED], a[id=KqWuuR1bQCmle38qu9o-bA]
----shard_id [test][2]
--------[test][2], node[H5KBmc8nTJKmZS9czP_n_Q], [R], v[6], s[STARTED], a[id=pnndVnOySQOtDchLqFUZGg]
--------[test][2], node[MtrhcOgYRbSrDs6bCp85_Q], [P], v[6], s[STARTED], a[id=ZKPbmfnPSXKh9799IPT3IQ]

routing_nodes:
-----node_id[OYdxvxk0SmmMoqmEqzKW-A][V]
--------[test][0], node[OYdxvxk0SmmMoqmEqzKW-A], [P], v[6], s[INITIALIZING], a[id=MKRJAB9UTEO1pwHCaiow1g], unassigned_info[[reason=NODE_LEFT], at[2016-03-31T06:01:59.081Z], details[node_left[ABvR8raGRuS_s0xvV8c6Dg]]]
-----node_id[H5KBmc8nTJKmZS9czP_n_Q][V]
--------[test][1], node[H5KBmc8nTJKmZS9czP_n_Q], [R], v[7], s[STARTED], a[id=h1IGstJ-SMOcKXXjjiYPfw]
--------[test][2], node[H5KBmc8nTJKmZS9czP_n_Q], [R], v[6], s[STARTED], a[id=pnndVnOySQOtDchLqFUZGg]
-----node_id[MtrhcOgYRbSrDs6bCp85_Q][V]
--------[test][1], node[MtrhcOgYRbSrDs6bCp85_Q], [P], v[7], s[STARTED], a[id=KqWuuR1bQCmle38qu9o-bA]
--------[test][2], node[MtrhcOgYRbSrDs6bCp85_Q], [P], v[6], s[STARTED], a[id=ZKPbmfnPSXKh9799IPT3IQ]
---- unassigned
--------[test][0], node[null], [R], v[6], s[UNASSIGNED], unassigned_info[[reason=NODE_LEFT], at[2016-03-31T06:01:59.001Z], details[node_left[6YQpKcdoR4yWXY-BPqVSzQ]]]

[2016-03-30 23:01:59,459][TRACE][org.elasticsearch.cluster.service] [node_t5] cluster state updated, source [local-disco-receive(from master)]
version: 21
state uuid: KjR47jX0Q8uLXd5nORjXkw
from_diff: false
meta data version: 13
nodes: 
   {node_t4}{H5KBmc8nTJKmZS9czP_n_Q}{local}{local[224]}[mode=>local, master=>false]
   {node_t0}{UjOsuvjjTaSUJkafxhPFgQ}{local}{local[220]}[data=>false, master=>true, mode=>local], master
   {node_t5}{OYdxvxk0SmmMoqmEqzKW-A}{local}{local[228]}[master=>false, mode=>local], local
   {node_t2}{MtrhcOgYRbSrDs6bCp85_Q}{local}{local[222]}[mode=>local, master=>false]
routing_table (version 12):
-- index [test]
----shard_id [test][0]
--------[test][0], node[OYdxvxk0SmmMoqmEqzKW-A], [P], v[6], s[INITIALIZING], a[id=MKRJAB9UTEO1pwHCaiow1g], unassigned_info[[reason=NODE_LEFT], at[2016-03-31T06:01:59.081Z], details[node_left[ABvR8raGRuS_s0xvV8c6Dg]]]
--------[test][0], node[null], [R], v[6], s[UNASSIGNED], unassigned_info[[reason=NODE_LEFT], at[2016-03-31T06:01:59.001Z], details[node_left[6YQpKcdoR4yWXY-BPqVSzQ]]]
----shard_id [test][1]
--------[test][1], node[H5KBmc8nTJKmZS9czP_n_Q], [R], v[7], s[STARTED], a[id=h1IGstJ-SMOcKXXjjiYPfw]
--------[test][1], node[MtrhcOgYRbSrDs6bCp85_Q], [P], v[7], s[STARTED], a[id=KqWuuR1bQCmle38qu9o-bA]
----shard_id [test][2]
--------[test][2], node[H5KBmc8nTJKmZS9czP_n_Q], [R], v[6], s[STARTED], a[id=pnndVnOySQOtDchLqFUZGg]
--------[test][2], node[MtrhcOgYRbSrDs6bCp85_Q], [P], v[6], s[STARTED], a[id=ZKPbmfnPSXKh9799IPT3IQ]

routing_nodes:
-----node_id[OYdxvxk0SmmMoqmEqzKW-A][V]
--------[test][0], node[OYdxvxk0SmmMoqmEqzKW-A], [P], v[6], s[INITIALIZING], a[id=MKRJAB9UTEO1pwHCaiow1g], unassigned_info[[reason=NODE_LEFT], at[2016-03-31T06:01:59.081Z], details[node_left[ABvR8raGRuS_s0xvV8c6Dg]]]
-----node_id[H5KBmc8nTJKmZS9czP_n_Q][V]
--------[test][1], node[H5KBmc8nTJKmZS9czP_n_Q], [R], v[7], s[STARTED], a[id=h1IGstJ-SMOcKXXjjiYPfw]
--------[test][2], node[H5KBmc8nTJKmZS9czP_n_Q], [R], v[6], s[STARTED], a[id=pnndVnOySQOtDchLqFUZGg]
-----node_id[MtrhcOgYRbSrDs6bCp85_Q][V]
--------[test][1], node[MtrhcOgYRbSrDs6bCp85_Q], [P], v[7], s[STARTED], a[id=KqWuuR1bQCmle38qu9o-bA]
--------[test][2], node[MtrhcOgYRbSrDs6bCp85_Q], [P], v[6], s[STARTED], a[id=ZKPbmfnPSXKh9799IPT3IQ]
---- unassigned
--------[test][0], node[null], [R], v[6], s[UNASSIGNED], unassigned_info[[reason=NODE_LEFT], at[2016-03-31T06:01:59.001Z], details[node_left[6YQpKcdoR4yWXY-BPqVSzQ]]]

[2016-03-30 23:01:59,459][DEBUG][org.elasticsearch.cluster.service] [node_t5] set local cluster state to version 21
[2016-03-30 23:01:59,460][DEBUG][org.elasticsearch.cluster.service] [node_t2] processing [local-disco-receive(from master)]: took 2ms done applying updated cluster_state (version: 21, uuid: KjR47jX0Q8uLXd5nORjXkw)
[2016-03-30 23:01:59,459][DEBUG][org.elasticsearch.cluster.service] [node_t4] set local cluster state to version 21
[2016-03-30 23:01:59,461][DEBUG][org.elasticsearch.cluster.service] [node_t4] processing [local-disco-receive(from master)]: took 3ms done applying updated cluster_state (version: 21, uuid: KjR47jX0Q8uLXd5nORjXkw)
[2016-03-30 23:01:59,491][DEBUG][org.elasticsearch.cluster.service] [node_t5] processing [local-disco-receive(from master)]: took 32ms done applying updated cluster_state (version: 21, uuid: KjR47jX0Q8uLXd5nORjXkw)
[2016-03-30 23:01:59,491][DEBUG][org.elasticsearch.cluster.service] [node_t0] set local cluster state to version 21
[2016-03-30 23:01:59,491][TRACE][org.elasticsearch.cluster.service] [node_t5] will process [indices_store ([[test][1]] active fully on other nodes)]
[2016-03-30 23:01:59,491][DEBUG][org.elasticsearch.cluster.service] [node_t5] processing [indices_store ([[test][1]] active fully on other nodes)]: execute
[2016-03-30 23:01:59,493][DEBUG][org.elasticsearch.cluster.service] [node_t0] processing [cluster_reroute(async_shard_fetch)]: took 53ms done applying updated cluster_state (version: 21, uuid: KjR47jX0Q8uLXd5nORjXkw)
[2016-03-30 23:01:59,498][DEBUG][org.elasticsearch.cluster.service] [node_t5] processing [indices_store ([[test][1]] active fully on other nodes)]: took 7ms no change in cluster_state
[2016-03-30 23:01:59,498][TRACE][org.elasticsearch.cluster.service] [node_t5] will process [indices_store ([[test][2]] active fully on other nodes)]
[2016-03-30 23:01:59,499][DEBUG][org.elasticsearch.cluster.service] [node_t5] processing [indices_store ([[test][2]] active fully on other nodes)]: execute
[2016-03-30 23:01:59,500][TRACE][org.elasticsearch.cluster.service] [node_t0] will process [local-disco-receive(from node[{node_t6}{uB9_JfINTue7xRMfGbfHuw}{local}{local[229]}[master=>false, mode=>local]])]
[2016-03-30 23:01:59,500][TRACE][org.elasticsearch.cluster.service] [node_t6] will process [local-disco(detected_master)]
[2016-03-30 23:01:59,500][DEBUG][org.elasticsearch.cluster.service] [node_t6] processing [local-disco(detected_master)]: execute
[2016-03-30 23:01:59,500][DEBUG][org.elasticsearch.cluster.service] [node_t0] processing [local-disco-receive(from node[{node_t6}{uB9_JfINTue7xRMfGbfHuw}{local}{local[229]}[master=>false, mode=>local]])]: execute
[2016-03-30 23:01:59,500][TRACE][org.elasticsearch.cluster.service] [node_t6] cluster state updated, source [local-disco(detected_master)]
version: 0
state uuid: EWrKJwCRRIyXOTq641U_vA
from_diff: false
meta data version: 13
blocks: 
   _global_:
      1,state not recovered / initialized, blocks READ,WRITE,METADATA_READ,METADATA_WRITE      2,no master, blocks WRITE,METADATA_WRITE
nodes: 
   {node_t6}{uB9_JfINTue7xRMfGbfHuw}{local}{local[229]}[master=>false, mode=>local], local
routing_table (version 0):
routing_nodes:
-----node_id[uB9_JfINTue7xRMfGbfHuw][V]
---- unassigned

[2016-03-30 23:01:59,500][DEBUG][org.elasticsearch.cluster.service] [node_t6] set local cluster state to version 0
[2016-03-30 23:01:59,500][DEBUG][org.elasticsearch.cluster.service] [node_t6] processing [local-disco(detected_master)]: took 0s done applying updated cluster_state (version: 0, uuid: EWrKJwCRRIyXOTq641U_vA)
[2016-03-30 23:01:59,500][TRACE][org.elasticsearch.cluster.service] [node_t0] cluster state updated, source [local-disco-receive(from node[{node_t6}{uB9_JfINTue7xRMfGbfHuw}{local}{local[229]}[master=>false, mode=>local]])]
version: 22
state uuid: J1I6ASZVRrK8B_gDIffjCw
from_diff: false
meta data version: 13
nodes: 
   {node_t4}{H5KBmc8nTJKmZS9czP_n_Q}{local}{local[224]}[master=>false, mode=>local]
   {node_t0}{UjOsuvjjTaSUJkafxhPFgQ}{local}{local[220]}[master=>true, mode=>local, data=>false], local, master
   {node_t5}{OYdxvxk0SmmMoqmEqzKW-A}{local}{local[228]}[master=>false, mode=>local]
   {node_t2}{MtrhcOgYRbSrDs6bCp85_Q}{local}{local[222]}[master=>false, mode=>local]
   {node_t6}{uB9_JfINTue7xRMfGbfHuw}{local}{local[229]}[master=>false, mode=>local]
routing_table (version 12):
-- index [test]
----shard_id [test][0]
--------[test][0], node[OYdxvxk0SmmMoqmEqzKW-A], [P], v[6], s[INITIALIZING], a[id=MKRJAB9UTEO1pwHCaiow1g], unassigned_info[[reason=NODE_LEFT], at[2016-03-31T06:01:59.081Z], details[node_left[ABvR8raGRuS_s0xvV8c6Dg]]]
--------[test][0], node[null], [R], v[6], s[UNASSIGNED], unassigned_info[[reason=NODE_LEFT], at[2016-03-31T06:01:59.001Z], details[node_left[6YQpKcdoR4yWXY-BPqVSzQ]]]
----shard_id [test][1]
--------[test][1], node[H5KBmc8nTJKmZS9czP_n_Q], [R], v[7], s[STARTED], a[id=h1IGstJ-SMOcKXXjjiYPfw]
--------[test][1], node[MtrhcOgYRbSrDs6bCp85_Q], [P], v[7], s[STARTED], a[id=KqWuuR1bQCmle38qu9o-bA]
----shard_id [test][2]
--------[test][2], node[H5KBmc8nTJKmZS9czP_n_Q], [R], v[6], s[STARTED], a[id=pnndVnOySQOtDchLqFUZGg]
--------[test][2], node[MtrhcOgYRbSrDs6bCp85_Q], [P], v[6], s[STARTED], a[id=ZKPbmfnPSXKh9799IPT3IQ]

routing_nodes:
-----node_id[uB9_JfINTue7xRMfGbfHuw][V]
-----node_id[OYdxvxk0SmmMoqmEqzKW-A][V]
--------[test][0], node[OYdxvxk0SmmMoqmEqzKW-A], [P], v[6], s[INITIALIZING], a[id=MKRJAB9UTEO1pwHCaiow1g], unassigned_info[[reason=NODE_LEFT], at[2016-03-31T06:01:59.081Z], details[node_left[ABvR8raGRuS_s0xvV8c6Dg]]]
-----node_id[H5KBmc8nTJKmZS9czP_n_Q][V]
--------[test][1], node[H5KBmc8nTJKmZS9czP_n_Q], [R], v[7], s[STARTED], a[id=h1IGstJ-SMOcKXXjjiYPfw]
--------[test][2], node[H5KBmc8nTJKmZS9czP_n_Q], [R], v[6], s[STARTED], a[id=pnndVnOySQOtDchLqFUZGg]
-----node_id[MtrhcOgYRbSrDs6bCp85_Q][V]
--------[test][1], node[MtrhcOgYRbSrDs6bCp85_Q], [P], v[7], s[STARTED], a[id=KqWuuR1bQCmle38qu9o-bA]
--------[test][2], node[MtrhcOgYRbSrDs6bCp85_Q], [P], v[6], s[STARTED], a[id=ZKPbmfnPSXKh9799IPT3IQ]
---- unassigned
--------[test][0], node[null], [R], v[6], s[UNASSIGNED], unassigned_info[[reason=NODE_LEFT], at[2016-03-31T06:01:59.001Z], details[node_left[6YQpKcdoR4yWXY-BPqVSzQ]]]

[2016-03-30 23:01:59,501][INFO ][org.elasticsearch.cluster.service] [node_t0] added {{node_t6}{uB9_JfINTue7xRMfGbfHuw}{local}{local[229]}[master=>false, mode=>local],}, reason: local-disco-receive(from node[{node_t6}{uB9_JfINTue7xRMfGbfHuw}{local}{local[229]}[master=>false, mode=>local]])
[2016-03-30 23:01:59,501][DEBUG][org.elasticsearch.cluster.service] [node_t0] publishing cluster state version [22]
[2016-03-30 23:01:59,501][TRACE][org.elasticsearch.cluster.service] [node_t4] will process [local-disco-receive(from master)]
[2016-03-30 23:01:59,501][DEBUG][org.elasticsearch.cluster.service] [node_t4] processing [local-disco-receive(from master)]: execute
[2016-03-30 23:01:59,502][TRACE][org.elasticsearch.cluster.service] [node_t6] will process [local-disco-receive(from master)]
[2016-03-30 23:01:59,502][TRACE][org.elasticsearch.cluster.service] [node_t4] cluster state updated, source [local-disco-receive(from master)]
version: 22
state uuid: J1I6ASZVRrK8B_gDIffjCw
from_diff: false
meta data version: 13
nodes: 
   {node_t4}{H5KBmc8nTJKmZS9czP_n_Q}{local}{local[224]}[master=>false, mode=>local], local
   {node_t0}{UjOsuvjjTaSUJkafxhPFgQ}{local}{local[220]}[mode=>local, master=>true, data=>false], master
   {node_t5}{OYdxvxk0SmmMoqmEqzKW-A}{local}{local[228]}[master=>false, mode=>local]
   {node_t2}{MtrhcOgYRbSrDs6bCp85_Q}{local}{local[222]}[master=>false, mode=>local]
   {node_t6}{uB9_JfINTue7xRMfGbfHuw}{local}{local[229]}[mode=>local, master=>false]
routing_table (version 12):
-- index [test]
----shard_id [test][0]
--------[test][0], node[OYdxvxk0SmmMoqmEqzKW-A], [P], v[6], s[INITIALIZING], a[id=MKRJAB9UTEO1pwHCaiow1g], unassigned_info[[reason=NODE_LEFT], at[2016-03-31T06:01:59.081Z], details[node_left[ABvR8raGRuS_s0xvV8c6Dg]]]
--------[test][0], node[null], [R], v[6], s[UNASSIGNED], unassigned_info[[reason=NODE_LEFT], at[2016-03-31T06:01:59.001Z], details[node_left[6YQpKcdoR4yWXY-BPqVSzQ]]]
----shard_id [test][1]
--------[test][1], node[H5KBmc8nTJKmZS9czP_n_Q], [R], v[7], s[STARTED], a[id=h1IGstJ-SMOcKXXjjiYPfw]
--------[test][1], node[MtrhcOgYRbSrDs6bCp85_Q], [P], v[7], s[STARTED], a[id=KqWuuR1bQCmle38qu9o-bA]
----shard_id [test][2]
--------[test][2], node[H5KBmc8nTJKmZS9czP_n_Q], [R], v[6], s[STARTED], a[id=pnndVnOySQOtDchLqFUZGg]
--------[test][2], node[MtrhcOgYRbSrDs6bCp85_Q], [P], v[6], s[STARTED], a[id=ZKPbmfnPSXKh9799IPT3IQ]

routing_nodes:
-----node_id[uB9_JfINTue7xRMfGbfHuw][V]
-----node_id[OYdxvxk0SmmMoqmEqzKW-A][V]
--------[test][0], node[OYdxvxk0SmmMoqmEqzKW-A], [P], v[6], s[INITIALIZING], a[id=MKRJAB9UTEO1pwHCaiow1g], unassigned_info[[reason=NODE_LEFT], at[2016-03-31T06:01:59.081Z], details[node_left[ABvR8raGRuS_s0xvV8c6Dg]]]
-----node_id[H5KBmc8nTJKmZS9czP_n_Q][V]
--------[test][1], node[H5KBmc8nTJKmZS9czP_n_Q], [R], v[7], s[STARTED], a[id=h1IGstJ-SMOcKXXjjiYPfw]
--------[test][2], node[H5KBmc8nTJKmZS9czP_n_Q], [R], v[6], s[STARTED], a[id=pnndVnOySQOtDchLqFUZGg]
-----node_id[MtrhcOgYRbSrDs6bCp85_Q][V]
--------[test][1], node[MtrhcOgYRbSrDs6bCp85_Q], [P], v[7], s[STARTED], a[id=KqWuuR1bQCmle38qu9o-bA]
--------[test][2], node[MtrhcOgYRbSrDs6bCp85_Q], [P], v[6], s[STARTED], a[id=ZKPbmfnPSXKh9799IPT3IQ]
---- unassigned
--------[test][0], node[null], [R], v[6], s[UNASSIGNED], unassigned_info[[reason=NODE_LEFT], at[2016-03-31T06:01:59.001Z], details[node_left[6YQpKcdoR4yWXY-BPqVSzQ]]]

[2016-03-30 23:01:59,502][INFO ][org.elasticsearch.cluster.service] [node_t4] added {{node_t6}{uB9_JfINTue7xRMfGbfHuw}{local}{local[229]}[mode=>local, master=>false],}, reason: local-disco-receive(from master)
[2016-03-30 23:01:59,502][DEBUG][org.elasticsearch.cluster.service] [node_t4] set local cluster state to version 22
[2016-03-30 23:01:59,502][TRACE][org.elasticsearch.cluster.service] [node_t2] will process [local-disco-receive(from master)]
[2016-03-30 23:01:59,503][DEBUG][org.elasticsearch.cluster.service] [node_t2] processing [local-disco-receive(from master)]: execute
[2016-03-30 23:01:59,502][DEBUG][org.elasticsearch.cluster.service] [node_t6] processing [local-disco-receive(from master)]: execute
[2016-03-30 23:01:59,503][DEBUG][org.elasticsearch.cluster.service] [node_t4] processing [local-disco-receive(from master)]: took 1ms done applying updated cluster_state (version: 22, uuid: J1I6ASZVRrK8B_gDIffjCw)
[2016-03-30 23:01:59,503][TRACE][org.elasticsearch.cluster.service] [node_t2] cluster state updated, source [local-disco-receive(from master)]
version: 22
state uuid: J1I6ASZVRrK8B_gDIffjCw
from_diff: false
meta data version: 13
nodes: 
   {node_t4}{H5KBmc8nTJKmZS9czP_n_Q}{local}{local[224]}[master=>false, mode=>local]
   {node_t0}{UjOsuvjjTaSUJkafxhPFgQ}{local}{local[220]}[master=>true, data=>false, mode=>local], master
   {node_t5}{OYdxvxk0SmmMoqmEqzKW-A}{local}{local[228]}[mode=>local, master=>false]
   {node_t2}{MtrhcOgYRbSrDs6bCp85_Q}{local}{local[222]}[master=>false, mode=>local], local
   {node_t6}{uB9_JfINTue7xRMfGbfHuw}{local}{local[229]}[mode=>local, master=>false]
routing_table (version 12):
-- index [test]
----shard_id [test][0]
--------[test][0], node[OYdxvxk0SmmMoqmEqzKW-A], [P], v[6], s[INITIALIZING], a[id=MKRJAB9UTEO1pwHCaiow1g], unassigned_info[[reason=NODE_LEFT], at[2016-03-31T06:01:59.081Z], details[node_left[ABvR8raGRuS_s0xvV8c6Dg]]]
--------[test][0], node[null], [R], v[6], s[UNASSIGNED], unassigned_info[[reason=NODE_LEFT], at[2016-03-31T06:01:59.001Z], details[node_left[6YQpKcdoR4yWXY-BPqVSzQ]]]
----shard_id [test][1]
--------[test][1], node[H5KBmc8nTJKmZS9czP_n_Q], [R], v[7], s[STARTED], a[id=h1IGstJ-SMOcKXXjjiYPfw]
--------[test][1], node[MtrhcOgYRbSrDs6bCp85_Q], [P], v[7], s[STARTED], a[id=KqWuuR1bQCmle38qu9o-bA]
----shard_id [test][2]
--------[test][2], node[H5KBmc8nTJKmZS9czP_n_Q], [R], v[6], s[STARTED], a[id=pnndVnOySQOtDchLqFUZGg]
--------[test][2], node[MtrhcOgYRbSrDs6bCp85_Q], [P], v[6], s[STARTED], a[id=ZKPbmfnPSXKh9799IPT3IQ]

routing_nodes:
-----node_id[uB9_JfINTue7xRMfGbfHuw][V]
-----node_id[OYdxvxk0SmmMoqmEqzKW-A][V]
--------[test][0], node[OYdxvxk0SmmMoqmEqzKW-A], [P], v[6], s[INITIALIZING], a[id=MKRJAB9UTEO1pwHCaiow1g], unassigned_info[[reason=NODE_LEFT], at[2016-03-31T06:01:59.081Z], details[node_left[ABvR8raGRuS_s0xvV8c6Dg]]]
-----node_id[H5KBmc8nTJKmZS9czP_n_Q][V]
--------[test][1], node[H5KBmc8nTJKmZS9czP_n_Q], [R], v[7], s[STARTED], a[id=h1IGstJ-SMOcKXXjjiYPfw]
--------[test][2], node[H5KBmc8nTJKmZS9czP_n_Q], [R], v[6], s[STARTED], a[id=pnndVnOySQOtDchLqFUZGg]
-----node_id[MtrhcOgYRbSrDs6bCp85_Q][V]
--------[test][1], node[MtrhcOgYRbSrDs6bCp85_Q], [P], v[7], s[STARTED], a[id=KqWuuR1bQCmle38qu9o-bA]
--------[test][2], node[MtrhcOgYRbSrDs6bCp85_Q], [P], v[6], s[STARTED], a[id=ZKPbmfnPSXKh9799IPT3IQ]
---- unassigned
--------[test][0], node[null], [R], v[6], s[UNASSIGNED], unassigned_info[[reason=NODE_LEFT], at[2016-03-31T06:01:59.001Z], details[node_left[6YQpKcdoR4yWXY-BPqVSzQ]]]

[2016-03-30 23:01:59,503][TRACE][org.elasticsearch.cluster.service] [node_t6] cluster state updated, source [local-disco-receive(from master)]
version: 22
state uuid: J1I6ASZVRrK8B_gDIffjCw
from_diff: false
meta data version: 13
nodes: 
   {node_t4}{H5KBmc8nTJKmZS9czP_n_Q}{local}{local[224]}[mode=>local, master=>false]
   {node_t0}{UjOsuvjjTaSUJkafxhPFgQ}{local}{local[220]}[data=>false, mode=>local, master=>true], master
   {node_t5}{OYdxvxk0SmmMoqmEqzKW-A}{local}{local[228]}[mode=>local, master=>false]
   {node_t2}{MtrhcOgYRbSrDs6bCp85_Q}{local}{local[222]}[master=>false, mode=>local]
   {node_t6}{uB9_JfINTue7xRMfGbfHuw}{local}{local[229]}[master=>false, mode=>local], local
routing_table (version 12):
-- index [test]
----shard_id [test][0]
--------[test][0], node[OYdxvxk0SmmMoqmEqzKW-A], [P], v[6], s[INITIALIZING], a[id=MKRJAB9UTEO1pwHCaiow1g], unassigned_info[[reason=NODE_LEFT], at[2016-03-31T06:01:59.081Z], details[node_left[ABvR8raGRuS_s0xvV8c6Dg]]]
--------[test][0], node[null], [R], v[6], s[UNASSIGNED], unassigned_info[[reason=NODE_LEFT], at[2016-03-31T06:01:59.001Z], details[node_left[6YQpKcdoR4yWXY-BPqVSzQ]]]
----shard_id [test][1]
--------[test][1], node[H5KBmc8nTJKmZS9czP_n_Q], [R], v[7], s[STARTED], a[id=h1IGstJ-SMOcKXXjjiYPfw]
--------[test][1], node[MtrhcOgYRbSrDs6bCp85_Q], [P], v[7], s[STARTED], a[id=KqWuuR1bQCmle38qu9o-bA]
----shard_id [test][2]
--------[test][2], node[H5KBmc8nTJKmZS9czP_n_Q], [R], v[6], s[STARTED], a[id=pnndVnOySQOtDchLqFUZGg]
--------[test][2], node[MtrhcOgYRbSrDs6bCp85_Q], [P], v[6], s[STARTED], a[id=ZKPbmfnPSXKh9799IPT3IQ]

routing_nodes:
-----node_id[uB9_JfINTue7xRMfGbfHuw][V]
-----node_id[OYdxvxk0SmmMoqmEqzKW-A][V]
--------[test][0], node[OYdxvxk0SmmMoqmEqzKW-A], [P], v[6], s[INITIALIZING], a[id=MKRJAB9UTEO1pwHCaiow1g], unassigned_info[[reason=NODE_LEFT], at[2016-03-31T06:01:59.081Z], details[node_left[ABvR8raGRuS_s0xvV8c6Dg]]]
-----node_id[H5KBmc8nTJKmZS9czP_n_Q][V]
--------[test][1], node[H5KBmc8nTJKmZS9czP_n_Q], [R], v[7], s[STARTED], a[id=h1IGstJ-SMOcKXXjjiYPfw]
--------[test][2], node[H5KBmc8nTJKmZS9czP_n_Q], [R], v[6], s[STARTED], a[id=pnndVnOySQOtDchLqFUZGg]
-----node_id[MtrhcOgYRbSrDs6bCp85_Q][V]
--------[test][1], node[MtrhcOgYRbSrDs6bCp85_Q], [P], v[7], s[STARTED], a[id=KqWuuR1bQCmle38qu9o-bA]
--------[test][2], node[MtrhcOgYRbSrDs6bCp85_Q], [P], v[6], s[STARTED], a[id=ZKPbmfnPSXKh9799IPT3IQ]
---- unassigned
--------[test][0], node[null], [R], v[6], s[UNASSIGNED], unassigned_info[[reason=NODE_LEFT], at[2016-03-31T06:01:59.001Z], details[node_left[6YQpKcdoR4yWXY-BPqVSzQ]]]

[2016-03-30 23:01:59,504][INFO ][org.elasticsearch.cluster.service] [node_t6] detected_master {node_t0}{UjOsuvjjTaSUJkafxhPFgQ}{local}{local[220]}[data=>false, mode=>local, master=>true], added {{node_t4}{H5KBmc8nTJKmZS9czP_n_Q}{local}{local[224]}[mode=>local, master=>false],{node_t0}{UjOsuvjjTaSUJkafxhPFgQ}{local}{local[220]}[data=>false, mode=>local, master=>true],{node_t5}{OYdxvxk0SmmMoqmEqzKW-A}{local}{local[228]}[mode=>local, master=>false],{node_t2}{MtrhcOgYRbSrDs6bCp85_Q}{local}{local[222]}[master=>false, mode=>local],}, reason: local-disco-receive(from master)
[2016-03-30 23:01:59,503][INFO ][org.elasticsearch.cluster.service] [node_t2] added {{node_t6}{uB9_JfINTue7xRMfGbfHuw}{local}{local[229]}[mode=>local, master=>false],}, reason: local-disco-receive(from master)
[2016-03-30 23:01:59,504][DEBUG][org.elasticsearch.cluster.service] [node_t2] set local cluster state to version 22
[2016-03-30 23:01:59,504][DEBUG][org.elasticsearch.cluster.service] [node_t6] set local cluster state to version 22
[2016-03-30 23:01:59,505][DEBUG][org.elasticsearch.cluster.service] [node_t5] processing [indices_store ([[test][2]] active fully on other nodes)]: took 5ms no change in cluster_state
[2016-03-30 23:01:59,505][TRACE][org.elasticsearch.cluster.service] [node_t5] will process [local-disco-receive(from master)]
[2016-03-30 23:01:59,505][DEBUG][org.elasticsearch.cluster.service] [node_t5] processing [local-disco-receive(from master)]: execute
[2016-03-30 23:01:59,505][DEBUG][org.elasticsearch.cluster.service] [node_t2] processing [local-disco-receive(from master)]: took 1ms done applying updated cluster_state (version: 22, uuid: J1I6ASZVRrK8B_gDIffjCw)
[2016-03-30 23:01:59,505][TRACE][org.elasticsearch.cluster.service] [node_t5] cluster state updated, source [local-disco-receive(from master)]
version: 22
state uuid: J1I6ASZVRrK8B_gDIffjCw
from_diff: false
meta data version: 13
nodes: 
   {node_t4}{H5KBmc8nTJKmZS9czP_n_Q}{local}{local[224]}[mode=>local, master=>false]
   {node_t0}{UjOsuvjjTaSUJkafxhPFgQ}{local}{local[220]}[master=>true, data=>false, mode=>local], master
   {node_t5}{OYdxvxk0SmmMoqmEqzKW-A}{local}{local[228]}[master=>false, mode=>local], local
   {node_t2}{MtrhcOgYRbSrDs6bCp85_Q}{local}{local[222]}[mode=>local, master=>false]
   {node_t6}{uB9_JfINTue7xRMfGbfHuw}{local}{local[229]}[mode=>local, master=>false]
routing_table (version 12):
-- index [test]
----shard_id [test][0]
--------[test][0], node[OYdxvxk0SmmMoqmEqzKW-A], [P], v[6], s[INITIALIZING], a[id=MKRJAB9UTEO1pwHCaiow1g], unassigned_info[[reason=NODE_LEFT], at[2016-03-31T06:01:59.081Z], details[node_left[ABvR8raGRuS_s0xvV8c6Dg]]]
--------[test][0], node[null], [R], v[6], s[UNASSIGNED], unassigned_info[[reason=NODE_LEFT], at[2016-03-31T06:01:59.001Z], details[node_left[6YQpKcdoR4yWXY-BPqVSzQ]]]
----shard_id [test][1]
--------[test][1], node[H5KBmc8nTJKmZS9czP_n_Q], [R], v[7], s[STARTED], a[id=h1IGstJ-SMOcKXXjjiYPfw]
--------[test][1], node[MtrhcOgYRbSrDs6bCp85_Q], [P], v[7], s[STARTED], a[id=KqWuuR1bQCmle38qu9o-bA]
----shard_id [test][2]
--------[test][2], node[H5KBmc8nTJKmZS9czP_n_Q], [R], v[6], s[STARTED], a[id=pnndVnOySQOtDchLqFUZGg]
--------[test][2], node[MtrhcOgYRbSrDs6bCp85_Q], [P], v[6], s[STARTED], a[id=ZKPbmfnPSXKh9799IPT3IQ]

routing_nodes:
-----node_id[uB9_JfINTue7xRMfGbfHuw][V]
-----node_id[OYdxvxk0SmmMoqmEqzKW-A][V]
--------[test][0], node[OYdxvxk0SmmMoqmEqzKW-A], [P], v[6], s[INITIALIZING], a[id=MKRJAB9UTEO1pwHCaiow1g], unassigned_info[[reason=NODE_LEFT], at[2016-03-31T06:01:59.081Z], details[node_left[ABvR8raGRuS_s0xvV8c6Dg]]]
-----node_id[H5KBmc8nTJKmZS9czP_n_Q][V]
--------[test][1], node[H5KBmc8nTJKmZS9czP_n_Q], [R], v[7], s[STARTED], a[id=h1IGstJ-SMOcKXXjjiYPfw]
--------[test][2], node[H5KBmc8nTJKmZS9czP_n_Q], [R], v[6], s[STARTED], a[id=pnndVnOySQOtDchLqFUZGg]
-----node_id[MtrhcOgYRbSrDs6bCp85_Q][V]
--------[test][1], node[MtrhcOgYRbSrDs6bCp85_Q], [P], v[7], s[STARTED], a[id=KqWuuR1bQCmle38qu9o-bA]
--------[test][2], node[MtrhcOgYRbSrDs6bCp85_Q], [P], v[6], s[STARTED], a[id=ZKPbmfnPSXKh9799IPT3IQ]
---- unassigned
--------[test][0], node[null], [R], v[6], s[UNASSIGNED], unassigned_info[[reason=NODE_LEFT], at[2016-03-31T06:01:59.001Z], details[node_left[6YQpKcdoR4yWXY-BPqVSzQ]]]

[2016-03-30 23:01:59,505][INFO ][org.elasticsearch.cluster.service] [node_t5] added {{node_t6}{uB9_JfINTue7xRMfGbfHuw}{local}{local[229]}[mode=>local, master=>false],}, reason: local-disco-receive(from master)
[2016-03-30 23:01:59,505][DEBUG][org.elasticsearch.cluster.service] [node_t5] set local cluster state to version 22
[2016-03-30 23:01:59,506][DEBUG][org.elasticsearch.cluster.service] [node_t5] processing [local-disco-receive(from master)]: took 1ms done applying updated cluster_state (version: 22, uuid: J1I6ASZVRrK8B_gDIffjCw)
[2016-03-30 23:01:59,512][DEBUG][org.elasticsearch.cluster.service] [node_t6] processing [local-disco-receive(from master)]: took 8ms done applying updated cluster_state (version: 22, uuid: J1I6ASZVRrK8B_gDIffjCw)
[2016-03-30 23:01:59,512][TRACE][org.elasticsearch.cluster.service] [node_t6] will process [indices_store ([[test][2]] active fully on other nodes)]
[2016-03-30 23:01:59,512][DEBUG][org.elasticsearch.cluster.service] [node_t6] processing [indices_store ([[test][2]] active fully on other nodes)]: execute
[2016-03-30 23:01:59,512][DEBUG][org.elasticsearch.cluster.service] [node_t0] set local cluster state to version 22
[2016-03-30 23:01:59,513][DEBUG][org.elasticsearch.cluster.service] [node_t0] processing [local-disco-receive(from node[{node_t6}{uB9_JfINTue7xRMfGbfHuw}{local}{local[229]}[master=>false, mode=>local]])]: took 13ms done applying updated cluster_state (version: 22, uuid: J1I6ASZVRrK8B_gDIffjCw)
[2016-03-30 23:01:59,513][TRACE][org.elasticsearch.cluster.service] [node_t0] will process [cluster_reroute(post_node_add)]
[2016-03-30 23:01:59,513][DEBUG][org.elasticsearch.cluster.service] [node_t0] processing [cluster_reroute(post_node_add)]: execute
[2016-03-30 23:01:59,514][DEBUG][org.elasticsearch.cluster.service] [node_t0] processing [cluster_reroute(post_node_add)]: took 0s no change in cluster_state
[2016-03-30 23:01:59,524][DEBUG][org.elasticsearch.cluster.service] [node_t6] processing [indices_store ([[test][2]] active fully on other nodes)]: took 12ms no change in cluster_state
[2016-03-30 23:01:59,524][TRACE][org.elasticsearch.cluster.service] [node_t6] will process [gateway_initial_state_recovery]
[2016-03-30 23:01:59,524][DEBUG][org.elasticsearch.cluster.service] [node_t6] processing [gateway_initial_state_recovery]: execute
[2016-03-30 23:01:59,524][DEBUG][org.elasticsearch.cluster.service] [node_t6] processing [gateway_initial_state_recovery]: took 0s no change in cluster_state
[2016-03-30 23:01:59,525][TRACE][org.elasticsearch.cluster.service] [node_t0] will process [cluster_update_settings]
[2016-03-30 23:01:59,525][DEBUG][org.elasticsearch.cluster.service] [node_t0] processing [cluster_update_settings]: execute
[2016-03-30 23:01:59,525][TRACE][org.elasticsearch.cluster.service] expecting 5 acknowledgements for cluster_state update (version: 23)
[2016-03-30 23:01:59,526][TRACE][org.elasticsearch.cluster.service] [node_t0] cluster state updated, source [cluster_update_settings]
version: 23
state uuid: kyHEC3D_Rsy5TtEQRJgbWA
from_diff: false
meta data version: 14
nodes: 
   {node_t4}{H5KBmc8nTJKmZS9czP_n_Q}{local}{local[224]}[master=>false, mode=>local]
   {node_t0}{UjOsuvjjTaSUJkafxhPFgQ}{local}{local[220]}[master=>true, mode=>local, data=>false], local, master
   {node_t5}{OYdxvxk0SmmMoqmEqzKW-A}{local}{local[228]}[master=>false, mode=>local]
   {node_t2}{MtrhcOgYRbSrDs6bCp85_Q}{local}{local[222]}[master=>false, mode=>local]
   {node_t6}{uB9_JfINTue7xRMfGbfHuw}{local}{local[229]}[master=>false, mode=>local]
routing_table (version 12):
-- index [test]
----shard_id [test][0]
--------[test][0], node[OYdxvxk0SmmMoqmEqzKW-A], [P], v[6], s[INITIALIZING], a[id=MKRJAB9UTEO1pwHCaiow1g], unassigned_info[[reason=NODE_LEFT], at[2016-03-31T06:01:59.081Z], details[node_left[ABvR8raGRuS_s0xvV8c6Dg]]]
--------[test][0], node[null], [R], v[6], s[UNASSIGNED], unassigned_info[[reason=NODE_LEFT], at[2016-03-31T06:01:59.001Z], details[node_left[6YQpKcdoR4yWXY-BPqVSzQ]]]
----shard_id [test][1]
--------[test][1], node[H5KBmc8nTJKmZS9czP_n_Q], [R], v[7], s[STARTED], a[id=h1IGstJ-SMOcKXXjjiYPfw]
--------[test][1], node[MtrhcOgYRbSrDs6bCp85_Q], [P], v[7], s[STARTED], a[id=KqWuuR1bQCmle38qu9o-bA]
----shard_id [test][2]
--------[test][2], node[H5KBmc8nTJKmZS9czP_n_Q], [R], v[6], s[STARTED], a[id=pnndVnOySQOtDchLqFUZGg]
--------[test][2], node[MtrhcOgYRbSrDs6bCp85_Q], [P], v[6], s[STARTED], a[id=ZKPbmfnPSXKh9799IPT3IQ]

routing_nodes:
-----node_id[uB9_JfINTue7xRMfGbfHuw][V]
-----node_id[OYdxvxk0SmmMoqmEqzKW-A][V]
--------[test][0], node[OYdxvxk0SmmMoqmEqzKW-A], [P], v[6], s[INITIALIZING], a[id=MKRJAB9UTEO1pwHCaiow1g], unassigned_info[[reason=NODE_LEFT], at[2016-03-31T06:01:59.081Z], details[node_left[ABvR8raGRuS_s0xvV8c6Dg]]]
-----node_id[H5KBmc8nTJKmZS9czP_n_Q][V]
--------[test][1], node[H5KBmc8nTJKmZS9czP_n_Q], [R], v[7], s[STARTED], a[id=h1IGstJ-SMOcKXXjjiYPfw]
--------[test][2], node[H5KBmc8nTJKmZS9czP_n_Q], [R], v[6], s[STARTED], a[id=pnndVnOySQOtDchLqFUZGg]
-----node_id[MtrhcOgYRbSrDs6bCp85_Q][V]
--------[test][1], node[MtrhcOgYRbSrDs6bCp85_Q], [P], v[7], s[STARTED], a[id=KqWuuR1bQCmle38qu9o-bA]
--------[test][2], node[MtrhcOgYRbSrDs6bCp85_Q], [P], v[6], s[STARTED], a[id=ZKPbmfnPSXKh9799IPT3IQ]
---- unassigned
--------[test][0], node[null], [R], v[6], s[UNASSIGNED], unassigned_info[[reason=NODE_LEFT], at[2016-03-31T06:01:59.001Z], details[node_left[6YQpKcdoR4yWXY-BPqVSzQ]]]

[2016-03-30 23:01:59,526][DEBUG][org.elasticsearch.cluster.service] [node_t0] publishing cluster state version [23]
[2016-03-30 23:01:59,526][TRACE][org.elasticsearch.cluster.service] [node_t2] will process [local-disco-receive(from master)]
[2016-03-30 23:01:59,526][DEBUG][org.elasticsearch.cluster.service] [node_t2] processing [local-disco-receive(from master)]: execute
[2016-03-30 23:01:59,526][TRACE][org.elasticsearch.cluster.service] [node_t4] will process [local-disco-receive(from master)]
[2016-03-30 23:01:59,526][DEBUG][org.elasticsearch.cluster.service] [node_t4] processing [local-disco-receive(from master)]: execute
[2016-03-30 23:01:59,526][TRACE][org.elasticsearch.cluster.service] [node_t6] will process [local-disco-receive(from master)]
[2016-03-30 23:01:59,527][DEBUG][org.elasticsearch.cluster.service] [node_t6] processing [local-disco-receive(from master)]: execute
[2016-03-30 23:01:59,526][TRACE][org.elasticsearch.cluster.service] [node_t5] will process [local-disco-receive(from master)]
[2016-03-30 23:01:59,527][DEBUG][org.elasticsearch.cluster.service] [node_t5] processing [local-disco-receive(from master)]: execute
[2016-03-30 23:01:59,527][TRACE][org.elasticsearch.cluster.service] [node_t4] cluster state updated, source [local-disco-receive(from master)]
version: 23
state uuid: kyHEC3D_Rsy5TtEQRJgbWA
from_diff: false
meta data version: 14
nodes: 
   {node_t4}{H5KBmc8nTJKmZS9czP_n_Q}{local}{local[224]}[master=>false, mode=>local], local
   {node_t0}{UjOsuvjjTaSUJkafxhPFgQ}{local}{local[220]}[mode=>local, master=>true, data=>false], master
   {node_t5}{OYdxvxk0SmmMoqmEqzKW-A}{local}{local[228]}[master=>false, mode=>local]
   {node_t2}{MtrhcOgYRbSrDs6bCp85_Q}{local}{local[222]}[master=>false, mode=>local]
   {node_t6}{uB9_JfINTue7xRMfGbfHuw}{local}{local[229]}[mode=>local, master=>false]
routing_table (version 12):
-- index [test]
----shard_id [test][0]
--------[test][0], node[OYdxvxk0SmmMoqmEqzKW-A], [P], v[6], s[INITIALIZING], a[id=MKRJAB9UTEO1pwHCaiow1g], unassigned_info[[reason=NODE_LEFT], at[2016-03-31T06:01:59.081Z], details[node_left[ABvR8raGRuS_s0xvV8c6Dg]]]
--------[test][0], node[null], [R], v[6], s[UNASSIGNED], unassigned_info[[reason=NODE_LEFT], at[2016-03-31T06:01:59.001Z], details[node_left[6YQpKcdoR4yWXY-BPqVSzQ]]]
----shard_id [test][1]
--------[test][1], node[H5KBmc8nTJKmZS9czP_n_Q], [R], v[7], s[STARTED], a[id=h1IGstJ-SMOcKXXjjiYPfw]
--------[test][1], node[MtrhcOgYRbSrDs6bCp85_Q], [P], v[7], s[STARTED], a[id=KqWuuR1bQCmle38qu9o-bA]
----shard_id [test][2]
--------[test][2], node[H5KBmc8nTJKmZS9czP_n_Q], [R], v[6], s[STARTED], a[id=pnndVnOySQOtDchLqFUZGg]
--------[test][2], node[MtrhcOgYRbSrDs6bCp85_Q], [P], v[6], s[STARTED], a[id=ZKPbmfnPSXKh9799IPT3IQ]

routing_nodes:
-----node_id[uB9_JfINTue7xRMfGbfHuw][V]
-----node_id[OYdxvxk0SmmMoqmEqzKW-A][V]
--------[test][0], node[OYdxvxk0SmmMoqmEqzKW-A], [P], v[6], s[INITIALIZING], a[id=MKRJAB9UTEO1pwHCaiow1g], unassigned_info[[reason=NODE_LEFT], at[2016-03-31T06:01:59.081Z], details[node_left[ABvR8raGRuS_s0xvV8c6Dg]]]
-----node_id[H5KBmc8nTJKmZS9czP_n_Q][V]
--------[test][1], node[H5KBmc8nTJKmZS9czP_n_Q], [R], v[7], s[STARTED], a[id=h1IGstJ-SMOcKXXjjiYPfw]
--------[test][2], node[H5KBmc8nTJKmZS9czP_n_Q], [R], v[6], s[STARTED], a[id=pnndVnOySQOtDchLqFUZGg]
-----node_id[MtrhcOgYRbSrDs6bCp85_Q][V]
--------[test][1], node[MtrhcOgYRbSrDs6bCp85_Q], [P], v[7], s[STARTED], a[id=KqWuuR1bQCmle38qu9o-bA]
--------[test][2], node[MtrhcOgYRbSrDs6bCp85_Q], [P], v[6], s[STARTED], a[id=ZKPbmfnPSXKh9799IPT3IQ]
---- unassigned
--------[test][0], node[null], [R], v[6], s[UNASSIGNED], unassigned_info[[reason=NODE_LEFT], at[2016-03-31T06:01:59.001Z], details[node_left[6YQpKcdoR4yWXY-BPqVSzQ]]]

[2016-03-30 23:01:59,527][TRACE][org.elasticsearch.cluster.service] [node_t2] cluster state updated, source [local-disco-receive(from master)]
version: 23
state uuid: kyHEC3D_Rsy5TtEQRJgbWA
from_diff: false
meta data version: 14
nodes: 
   {node_t4}{H5KBmc8nTJKmZS9czP_n_Q}{local}{local[224]}[master=>false, mode=>local]
   {node_t0}{UjOsuvjjTaSUJkafxhPFgQ}{local}{local[220]}[master=>true, data=>false, mode=>local], master
   {node_t5}{OYdxvxk0SmmMoqmEqzKW-A}{local}{local[228]}[mode=>local, master=>false]
   {node_t2}{MtrhcOgYRbSrDs6bCp85_Q}{local}{local[222]}[master=>false, mode=>local], local
   {node_t6}{uB9_JfINTue7xRMfGbfHuw}{local}{local[229]}[mode=>local, master=>false]
routing_table (version 12):
-- index [test]
----shard_id [test][0]
--------[test][0], node[OYdxvxk0SmmMoqmEqzKW-A], [P], v[6], s[INITIALIZING], a[id=MKRJAB9UTEO1pwHCaiow1g], unassigned_info[[reason=NODE_LEFT], at[2016-03-31T06:01:59.081Z], details[node_left[ABvR8raGRuS_s0xvV8c6Dg]]]
--------[test][0], node[null], [R], v[6], s[UNASSIGNED], unassigned_info[[reason=NODE_LEFT], at[2016-03-31T06:01:59.001Z], details[node_left[6YQpKcdoR4yWXY-BPqVSzQ]]]
----shard_id [test][1]
--------[test][1], node[H5KBmc8nTJKmZS9czP_n_Q], [R], v[7], s[STARTED], a[id=h1IGstJ-SMOcKXXjjiYPfw]
--------[test][1], node[MtrhcOgYRbSrDs6bCp85_Q], [P], v[7], s[STARTED], a[id=KqWuuR1bQCmle38qu9o-bA]
----shard_id [test][2]
--------[test][2], node[H5KBmc8nTJKmZS9czP_n_Q], [R], v[6], s[STARTED], a[id=pnndVnOySQOtDchLqFUZGg]
--------[test][2], node[MtrhcOgYRbSrDs6bCp85_Q], [P], v[6], s[STARTED], a[id=ZKPbmfnPSXKh9799IPT3IQ]

routing_nodes:
-----node_id[uB9_JfINTue7xRMfGbfHuw][V]
-----node_id[OYdxvxk0SmmMoqmEqzKW-A][V]
--------[test][0], node[OYdxvxk0SmmMoqmEqzKW-A], [P], v[6], s[INITIALIZING], a[id=MKRJAB9UTEO1pwHCaiow1g], unassigned_info[[reason=NODE_LEFT], at[2016-03-31T06:01:59.081Z], details[node_left[ABvR8raGRuS_s0xvV8c6Dg]]]
-----node_id[H5KBmc8nTJKmZS9czP_n_Q][V]
--------[test][1], node[H5KBmc8nTJKmZS9czP_n_Q], [R], v[7], s[STARTED], a[id=h1IGstJ-SMOcKXXjjiYPfw]
--------[test][2], node[H5KBmc8nTJKmZS9czP_n_Q], [R], v[6], s[STARTED], a[id=pnndVnOySQOtDchLqFUZGg]
-----node_id[MtrhcOgYRbSrDs6bCp85_Q][V]
--------[test][1], node[MtrhcOgYRbSrDs6bCp85_Q], [P], v[7], s[STARTED], a[id=KqWuuR1bQCmle38qu9o-bA]
--------[test][2], node[MtrhcOgYRbSrDs6bCp85_Q], [P], v[6], s[STARTED], a[id=ZKPbmfnPSXKh9799IPT3IQ]
---- unassigned
--------[test][0], node[null], [R], v[6], s[UNASSIGNED], unassigned_info[[reason=NODE_LEFT], at[2016-03-31T06:01:59.001Z], details[node_left[6YQpKcdoR4yWXY-BPqVSzQ]]]

[2016-03-30 23:01:59,527][DEBUG][org.elasticsearch.cluster.service] [node_t4] set local cluster state to version 23
[2016-03-30 23:01:59,527][TRACE][org.elasticsearch.cluster.service] [node_t5] cluster state updated, source [local-disco-receive(from master)]
version: 23
state uuid: kyHEC3D_Rsy5TtEQRJgbWA
from_diff: false
meta data version: 14
nodes: 
   {node_t4}{H5KBmc8nTJKmZS9czP_n_Q}{local}{local[224]}[mode=>local, master=>false]
   {node_t0}{UjOsuvjjTaSUJkafxhPFgQ}{local}{local[220]}[master=>true, data=>false, mode=>local], master
   {node_t5}{OYdxvxk0SmmMoqmEqzKW-A}{local}{local[228]}[master=>false, mode=>local], local
   {node_t2}{MtrhcOgYRbSrDs6bCp85_Q}{local}{local[222]}[mode=>local, master=>false]
   {node_t6}{uB9_JfINTue7xRMfGbfHuw}{local}{local[229]}[mode=>local, master=>false]
routing_table (version 12):
-- index [test]
----shard_id [test][0]
--------[test][0], node[OYdxvxk0SmmMoqmEqzKW-A], [P], v[6], s[INITIALIZING], a[id=MKRJAB9UTEO1pwHCaiow1g], unassigned_info[[reason=NODE_LEFT], at[2016-03-31T06:01:59.081Z], details[node_left[ABvR8raGRuS_s0xvV8c6Dg]]]
--------[test][0], node[null], [R], v[6], s[UNASSIGNED], unassigned_info[[reason=NODE_LEFT], at[2016-03-31T06:01:59.001Z], details[node_left[6YQpKcdoR4yWXY-BPqVSzQ]]]
----shard_id [test][1]
--------[test][1], node[H5KBmc8nTJKmZS9czP_n_Q], [R], v[7], s[STARTED], a[id=h1IGstJ-SMOcKXXjjiYPfw]
--------[test][1], node[MtrhcOgYRbSrDs6bCp85_Q], [P], v[7], s[STARTED], a[id=KqWuuR1bQCmle38qu9o-bA]
----shard_id [test][2]
--------[test][2], node[H5KBmc8nTJKmZS9czP_n_Q], [R], v[6], s[STARTED], a[id=pnndVnOySQOtDchLqFUZGg]
--------[test][2], node[MtrhcOgYRbSrDs6bCp85_Q], [P], v[6], s[STARTED], a[id=ZKPbmfnPSXKh9799IPT3IQ]

routing_nodes:
-----node_id[uB9_JfINTue7xRMfGbfHuw][V]
-----node_id[OYdxvxk0SmmMoqmEqzKW-A][V]
--------[test][0], node[OYdxvxk0SmmMoqmEqzKW-A], [P], v[6], s[INITIALIZING], a[id=MKRJAB9UTEO1pwHCaiow1g], unassigned_info[[reason=NODE_LEFT], at[2016-03-31T06:01:59.081Z], details[node_left[ABvR8raGRuS_s0xvV8c6Dg]]]
-----node_id[H5KBmc8nTJKmZS9czP_n_Q][V]
--------[test][1], node[H5KBmc8nTJKmZS9czP_n_Q], [R], v[7], s[STARTED], a[id=h1IGstJ-SMOcKXXjjiYPfw]
--------[test][2], node[H5KBmc8nTJKmZS9czP_n_Q], [R], v[6], s[STARTED], a[id=pnndVnOySQOtDchLqFUZGg]
-----node_id[MtrhcOgYRbSrDs6bCp85_Q][V]
--------[test][1], node[MtrhcOgYRbSrDs6bCp85_Q], [P], v[7], s[STARTED], a[id=KqWuuR1bQCmle38qu9o-bA]
--------[test][2], node[MtrhcOgYRbSrDs6bCp85_Q], [P], v[6], s[STARTED], a[id=ZKPbmfnPSXKh9799IPT3IQ]
---- unassigned
--------[test][0], node[null], [R], v[6], s[UNASSIGNED], unassigned_info[[reason=NODE_LEFT], at[2016-03-31T06:01:59.001Z], details[node_left[6YQpKcdoR4yWXY-BPqVSzQ]]]

[2016-03-30 23:01:59,528][DEBUG][org.elasticsearch.cluster.service] [node_t5] set local cluster state to version 23
[2016-03-30 23:01:59,527][TRACE][org.elasticsearch.cluster.service] [node_t6] cluster state updated, source [local-disco-receive(from master)]
version: 23
state uuid: kyHEC3D_Rsy5TtEQRJgbWA
from_diff: false
meta data version: 14
nodes: 
   {node_t4}{H5KBmc8nTJKmZS9czP_n_Q}{local}{local[224]}[mode=>local, master=>false]
   {node_t0}{UjOsuvjjTaSUJkafxhPFgQ}{local}{local[220]}[data=>false, mode=>local, master=>true], master
   {node_t5}{OYdxvxk0SmmMoqmEqzKW-A}{local}{local[228]}[mode=>local, master=>false]
   {node_t2}{MtrhcOgYRbSrDs6bCp85_Q}{local}{local[222]}[master=>false, mode=>local]
   {node_t6}{uB9_JfINTue7xRMfGbfHuw}{local}{local[229]}[master=>false, mode=>local], local
routing_table (version 12):
-- index [test]
----shard_id [test][0]
--------[test][0], node[OYdxvxk0SmmMoqmEqzKW-A], [P], v[6], s[INITIALIZING], a[id=MKRJAB9UTEO1pwHCaiow1g], unassigned_info[[reason=NODE_LEFT], at[2016-03-31T06:01:59.081Z], details[node_left[ABvR8raGRuS_s0xvV8c6Dg]]]
--------[test][0], node[null], [R], v[6], s[UNASSIGNED], unassigned_info[[reason=NODE_LEFT], at[2016-03-31T06:01:59.001Z], details[node_left[6YQpKcdoR4yWXY-BPqVSzQ]]]
----shard_id [test][1]
--------[test][1], node[H5KBmc8nTJKmZS9czP_n_Q], [R], v[7], s[STARTED], a[id=h1IGstJ-SMOcKXXjjiYPfw]
--------[test][1], node[MtrhcOgYRbSrDs6bCp85_Q], [P], v[7], s[STARTED], a[id=KqWuuR1bQCmle38qu9o-bA]
----shard_id [test][2]
--------[test][2], node[H5KBmc8nTJKmZS9czP_n_Q], [R], v[6], s[STARTED], a[id=pnndVnOySQOtDchLqFUZGg]
--------[test][2], node[MtrhcOgYRbSrDs6bCp85_Q], [P], v[6], s[STARTED], a[id=ZKPbmfnPSXKh9799IPT3IQ]

routing_nodes:
-----node_id[uB9_JfINTue7xRMfGbfHuw][V]
-----node_id[OYdxvxk0SmmMoqmEqzKW-A][V]
--------[test][0], node[OYdxvxk0SmmMoqmEqzKW-A], [P], v[6], s[INITIALIZING], a[id=MKRJAB9UTEO1pwHCaiow1g], unassigned_info[[reason=NODE_LEFT], at[2016-03-31T06:01:59.081Z], details[node_left[ABvR8raGRuS_s0xvV8c6Dg]]]
-----node_id[H5KBmc8nTJKmZS9czP_n_Q][V]
--------[test][1], node[H5KBmc8nTJKmZS9czP_n_Q], [R], v[7], s[STARTED], a[id=h1IGstJ-SMOcKXXjjiYPfw]
--------[test][2], node[H5KBmc8nTJKmZS9czP_n_Q], [R], v[6], s[STARTED], a[id=pnndVnOySQOtDchLqFUZGg]
-----node_id[MtrhcOgYRbSrDs6bCp85_Q][V]
--------[test][1], node[MtrhcOgYRbSrDs6bCp85_Q], [P], v[7], s[STARTED], a[id=KqWuuR1bQCmle38qu9o-bA]
--------[test][2], node[MtrhcOgYRbSrDs6bCp85_Q], [P], v[6], s[STARTED], a[id=ZKPbmfnPSXKh9799IPT3IQ]
---- unassigned
--------[test][0], node[null], [R], v[6], s[UNASSIGNED], unassigned_info[[reason=NODE_LEFT], at[2016-03-31T06:01:59.001Z], details[node_left[6YQpKcdoR4yWXY-BPqVSzQ]]]

[2016-03-30 23:01:59,528][DEBUG][org.elasticsearch.cluster.service] [node_t6] set local cluster state to version 23
[2016-03-30 23:01:59,528][TRACE][org.elasticsearch.cluster.service] ack received from node [{node_t4}{H5KBmc8nTJKmZS9czP_n_Q}{local}{local[224]}[master=>false, mode=>local]], cluster_state update (version: 23)
[2016-03-30 23:01:59,528][DEBUG][org.elasticsearch.cluster.service] [node_t4] processing [local-disco-receive(from master)]: took 1ms done applying updated cluster_state (version: 23, uuid: kyHEC3D_Rsy5TtEQRJgbWA)
[2016-03-30 23:01:59,528][TRACE][org.elasticsearch.cluster.service] ack received from node [{node_t5}{OYdxvxk0SmmMoqmEqzKW-A}{local}{local[228]}[master=>false, mode=>local]], cluster_state update (version: 23)
[2016-03-30 23:01:59,527][DEBUG][org.elasticsearch.cluster.service] [node_t2] set local cluster state to version 23
[2016-03-30 23:01:59,529][TRACE][org.elasticsearch.cluster.service] ack received from node [{node_t6}{uB9_JfINTue7xRMfGbfHuw}{local}{local[229]}[master=>false, mode=>local]], cluster_state update (version: 23)
[2016-03-30 23:01:59,529][DEBUG][org.elasticsearch.cluster.service] [node_t6] processing [local-disco-receive(from master)]: took 2ms done applying updated cluster_state (version: 23, uuid: kyHEC3D_Rsy5TtEQRJgbWA)
[2016-03-30 23:01:59,528][DEBUG][org.elasticsearch.cluster.service] [node_t5] processing [local-disco-receive(from master)]: took 1ms done applying updated cluster_state (version: 23, uuid: kyHEC3D_Rsy5TtEQRJgbWA)
[2016-03-30 23:01:59,529][TRACE][org.elasticsearch.cluster.service] ack received from node [{node_t2}{MtrhcOgYRbSrDs6bCp85_Q}{local}{local[222]}[master=>false, mode=>local]], cluster_state update (version: 23)
[2016-03-30 23:01:59,529][DEBUG][org.elasticsearch.cluster.service] [node_t2] processing [local-disco-receive(from master)]: took 2ms done applying updated cluster_state (version: 23, uuid: kyHEC3D_Rsy5TtEQRJgbWA)
[2016-03-30 23:01:59,529][DEBUG][org.elasticsearch.cluster.service] [node_t0] set local cluster state to version 23
[2016-03-30 23:01:59,530][TRACE][org.elasticsearch.cluster.service] ack received from node [{node_t0}{UjOsuvjjTaSUJkafxhPFgQ}{local}{local[220]}[master=>true, mode=>local, data=>false]], cluster_state update (version: 23)
[2016-03-30 23:01:59,530][TRACE][org.elasticsearch.cluster.service] all expected nodes acknowledged cluster_state update (version: 23)
[2016-03-30 23:01:59,530][DEBUG][org.elasticsearch.cluster.service] [node_t0] processing [cluster_update_settings]: took 5ms done applying updated cluster_state (version: 23, uuid: kyHEC3D_Rsy5TtEQRJgbWA)
[2016-03-30 23:01:59,530][TRACE][org.elasticsearch.cluster.service] [node_t0] will process [reroute_after_cluster_update_settings]
[2016-03-30 23:01:59,530][DEBUG][org.elasticsearch.cluster.service] [node_t0] processing [reroute_after_cluster_update_settings]: execute
[2016-03-30 23:01:59,531][DEBUG][org.elasticsearch.cluster.service] [node_t0] processing [reroute_after_cluster_update_settings]: took 0s no change in cluster_state
[2016-03-30 23:01:59,533][TRACE][org.elasticsearch.cluster.service] [node_t0] will process [cluster_health (wait_for_events [LANGUID])]
[2016-03-30 23:01:59,533][DEBUG][org.elasticsearch.cluster.service] [node_t0] processing [cluster_health (wait_for_events [LANGUID])]: execute
[2016-03-30 23:01:59,533][DEBUG][org.elasticsearch.cluster.service] [node_t0] processing [cluster_health (wait_for_events [LANGUID])]: took 0s no change in cluster_state
[2016-03-30 23:01:59,575][TRACE][org.elasticsearch.cluster.service] [node_t0] will process [shard-started ([test][0], node[OYdxvxk0SmmMoqmEqzKW-A], [P], v[6], s[INITIALIZING], a[id=MKRJAB9UTEO1pwHCaiow1g], unassigned_info[[reason=NODE_LEFT], at[2016-03-31T06:01:59.081Z], details[node_left[ABvR8raGRuS_s0xvV8c6Dg]]]), reason [after recovery from store]]
[2016-03-30 23:01:59,575][DEBUG][org.elasticsearch.cluster.service] [node_t0] processing [shard-started ([test][0], node[OYdxvxk0SmmMoqmEqzKW-A], [P], v[6], s[INITIALIZING], a[id=MKRJAB9UTEO1pwHCaiow1g], unassigned_info[[reason=NODE_LEFT], at[2016-03-31T06:01:59.081Z], details[node_left[ABvR8raGRuS_s0xvV8c6Dg]]]), reason [after recovery from store]]: execute
[2016-03-30 23:01:59,579][TRACE][org.elasticsearch.cluster.service] [node_t0] cluster state updated, source [shard-started ([test][0], node[OYdxvxk0SmmMoqmEqzKW-A], [P], v[6], s[INITIALIZING], a[id=MKRJAB9UTEO1pwHCaiow1g], unassigned_info[[reason=NODE_LEFT], at[2016-03-31T06:01:59.081Z], details[node_left[ABvR8raGRuS_s0xvV8c6Dg]]]), reason [after recovery from store]]
version: 24
state uuid: fRa1wg7xTqyaeSMjB6Nu1A
from_diff: false
meta data version: 15
nodes: 
   {node_t4}{H5KBmc8nTJKmZS9czP_n_Q}{local}{local[224]}[master=>false, mode=>local]
   {node_t0}{UjOsuvjjTaSUJkafxhPFgQ}{local}{local[220]}[master=>true, mode=>local, data=>false], local, master
   {node_t5}{OYdxvxk0SmmMoqmEqzKW-A}{local}{local[228]}[master=>false, mode=>local]
   {node_t2}{MtrhcOgYRbSrDs6bCp85_Q}{local}{local[222]}[master=>false, mode=>local]
   {node_t6}{uB9_JfINTue7xRMfGbfHuw}{local}{local[229]}[master=>false, mode=>local]
routing_table (version 13):
-- index [test]
----shard_id [test][0]
--------[test][0], node[OYdxvxk0SmmMoqmEqzKW-A], [P], v[7], s[STARTED], a[id=MKRJAB9UTEO1pwHCaiow1g]
--------[test][0], node[null], [R], v[7], s[UNASSIGNED], unassigned_info[[reason=NODE_LEFT], at[2016-03-31T06:01:59.001Z], details[node_left[6YQpKcdoR4yWXY-BPqVSzQ]]]
----shard_id [test][1]
--------[test][1], node[H5KBmc8nTJKmZS9czP_n_Q], [R], v[7], s[STARTED], a[id=h1IGstJ-SMOcKXXjjiYPfw]
--------[test][1], node[MtrhcOgYRbSrDs6bCp85_Q], [P], v[7], s[STARTED], a[id=KqWuuR1bQCmle38qu9o-bA]
----shard_id [test][2]
--------[test][2], node[H5KBmc8nTJKmZS9czP_n_Q], [R], v[6], s[STARTED], a[id=pnndVnOySQOtDchLqFUZGg]
--------[test][2], node[MtrhcOgYRbSrDs6bCp85_Q], [P], v[6], s[STARTED], a[id=ZKPbmfnPSXKh9799IPT3IQ]

routing_nodes:
-----node_id[uB9_JfINTue7xRMfGbfHuw][V]
-----node_id[OYdxvxk0SmmMoqmEqzKW-A][V]
--------[test][0], node[OYdxvxk0SmmMoqmEqzKW-A], [P], v[7], s[STARTED], a[id=MKRJAB9UTEO1pwHCaiow1g]
-----node_id[H5KBmc8nTJKmZS9czP_n_Q][V]
--------[test][1], node[H5KBmc8nTJKmZS9czP_n_Q], [R], v[7], s[STARTED], a[id=h1IGstJ-SMOcKXXjjiYPfw]
--------[test][2], node[H5KBmc8nTJKmZS9czP_n_Q], [R], v[6], s[STARTED], a[id=pnndVnOySQOtDchLqFUZGg]
-----node_id[MtrhcOgYRbSrDs6bCp85_Q][V]
--------[test][1], node[MtrhcOgYRbSrDs6bCp85_Q], [P], v[7], s[STARTED], a[id=KqWuuR1bQCmle38qu9o-bA]
--------[test][2], node[MtrhcOgYRbSrDs6bCp85_Q], [P], v[6], s[STARTED], a[id=ZKPbmfnPSXKh9799IPT3IQ]
---- unassigned
--------[test][0], node[null], [R], v[7], s[UNASSIGNED], unassigned_info[[reason=NODE_LEFT], at[2016-03-31T06:01:59.001Z], details[node_left[6YQpKcdoR4yWXY-BPqVSzQ]]]

[2016-03-30 23:01:59,579][DEBUG][org.elasticsearch.cluster.service] [node_t0] publishing cluster state version [24]
[2016-03-30 23:01:59,583][TRACE][org.elasticsearch.cluster.service] [node_t2] will process [local-disco-receive(from master)]
[2016-03-30 23:01:59,583][DEBUG][org.elasticsearch.cluster.service] [node_t2] processing [local-disco-receive(from master)]: execute
[2016-03-30 23:01:59,584][TRACE][org.elasticsearch.cluster.service] [node_t4] will process [local-disco-receive(from master)]
[2016-03-30 23:01:59,584][DEBUG][org.elasticsearch.cluster.service] [node_t4] processing [local-disco-receive(from master)]: execute
[2016-03-30 23:01:59,584][TRACE][org.elasticsearch.cluster.service] [node_t2] cluster state updated, source [local-disco-receive(from master)]
version: 24
state uuid: fRa1wg7xTqyaeSMjB6Nu1A
from_diff: false
meta data version: 15
nodes: 
   {node_t4}{H5KBmc8nTJKmZS9czP_n_Q}{local}{local[224]}[master=>false, mode=>local]
   {node_t0}{UjOsuvjjTaSUJkafxhPFgQ}{local}{local[220]}[master=>true, data=>false, mode=>local], master
   {node_t5}{OYdxvxk0SmmMoqmEqzKW-A}{local}{local[228]}[mode=>local, master=>false]
   {node_t2}{MtrhcOgYRbSrDs6bCp85_Q}{local}{local[222]}[master=>false, mode=>local], local
   {node_t6}{uB9_JfINTue7xRMfGbfHuw}{local}{local[229]}[mode=>local, master=>false]
routing_table (version 13):
-- index [test]
----shard_id [test][0]
--------[test][0], node[OYdxvxk0SmmMoqmEqzKW-A], [P], v[7], s[STARTED], a[id=MKRJAB9UTEO1pwHCaiow1g]
--------[test][0], node[null], [R], v[7], s[UNASSIGNED], unassigned_info[[reason=NODE_LEFT], at[2016-03-31T06:01:59.001Z], details[node_left[6YQpKcdoR4yWXY-BPqVSzQ]]]
----shard_id [test][1]
--------[test][1], node[H5KBmc8nTJKmZS9czP_n_Q], [R], v[7], s[STARTED], a[id=h1IGstJ-SMOcKXXjjiYPfw]
--------[test][1], node[MtrhcOgYRbSrDs6bCp85_Q], [P], v[7], s[STARTED], a[id=KqWuuR1bQCmle38qu9o-bA]
----shard_id [test][2]
--------[test][2], node[H5KBmc8nTJKmZS9czP_n_Q], [R], v[6], s[STARTED], a[id=pnndVnOySQOtDchLqFUZGg]
--------[test][2], node[MtrhcOgYRbSrDs6bCp85_Q], [P], v[6], s[STARTED], a[id=ZKPbmfnPSXKh9799IPT3IQ]

routing_nodes:
-----node_id[uB9_JfINTue7xRMfGbfHuw][V]
-----node_id[OYdxvxk0SmmMoqmEqzKW-A][V]
--------[test][0], node[OYdxvxk0SmmMoqmEqzKW-A], [P], v[7], s[STARTED], a[id=MKRJAB9UTEO1pwHCaiow1g]
-----node_id[H5KBmc8nTJKmZS9czP_n_Q][V]
--------[test][1], node[H5KBmc8nTJKmZS9czP_n_Q], [R], v[7], s[STARTED], a[id=h1IGstJ-SMOcKXXjjiYPfw]
--------[test][2], node[H5KBmc8nTJKmZS9czP_n_Q], [R], v[6], s[STARTED], a[id=pnndVnOySQOtDchLqFUZGg]
-----node_id[MtrhcOgYRbSrDs6bCp85_Q][V]
--------[test][1], node[MtrhcOgYRbSrDs6bCp85_Q], [P], v[7], s[STARTED], a[id=KqWuuR1bQCmle38qu9o-bA]
--------[test][2], node[MtrhcOgYRbSrDs6bCp85_Q], [P], v[6], s[STARTED], a[id=ZKPbmfnPSXKh9799IPT3IQ]
---- unassigned
--------[test][0], node[null], [R], v[7], s[UNASSIGNED], unassigned_info[[reason=NODE_LEFT], at[2016-03-31T06:01:59.001Z], details[node_left[6YQpKcdoR4yWXY-BPqVSzQ]]]

[2016-03-30 23:01:59,584][TRACE][org.elasticsearch.cluster.service] [node_t4] cluster state updated, source [local-disco-receive(from master)]
version: 24
state uuid: fRa1wg7xTqyaeSMjB6Nu1A
from_diff: false
meta data version: 15
nodes: 
   {node_t4}{H5KBmc8nTJKmZS9czP_n_Q}{local}{local[224]}[master=>false, mode=>local], local
   {node_t0}{UjOsuvjjTaSUJkafxhPFgQ}{local}{local[220]}[mode=>local, master=>true, data=>false], master
   {node_t5}{OYdxvxk0SmmMoqmEqzKW-A}{local}{local[228]}[master=>false, mode=>local]
   {node_t2}{MtrhcOgYRbSrDs6bCp85_Q}{local}{local[222]}[master=>false, mode=>local]
   {node_t6}{uB9_JfINTue7xRMfGbfHuw}{local}{local[229]}[mode=>local, master=>false]
routing_table (version 13):
-- index [test]
----shard_id [test][0]
--------[test][0], node[OYdxvxk0SmmMoqmEqzKW-A], [P], v[7], s[STARTED], a[id=MKRJAB9UTEO1pwHCaiow1g]
--------[test][0], node[null], [R], v[7], s[UNASSIGNED], unassigned_info[[reason=NODE_LEFT], at[2016-03-31T06:01:59.001Z], details[node_left[6YQpKcdoR4yWXY-BPqVSzQ]]]
----shard_id [test][1]
--------[test][1], node[H5KBmc8nTJKmZS9czP_n_Q], [R], v[7], s[STARTED], a[id=h1IGstJ-SMOcKXXjjiYPfw]
--------[test][1], node[MtrhcOgYRbSrDs6bCp85_Q], [P], v[7], s[STARTED], a[id=KqWuuR1bQCmle38qu9o-bA]
----shard_id [test][2]
--------[test][2], node[H5KBmc8nTJKmZS9czP_n_Q], [R], v[6], s[STARTED], a[id=pnndVnOySQOtDchLqFUZGg]
--------[test][2], node[MtrhcOgYRbSrDs6bCp85_Q], [P], v[6], s[STARTED], a[id=ZKPbmfnPSXKh9799IPT3IQ]

routing_nodes:
-----node_id[uB9_JfINTue7xRMfGbfHuw][V]
-----node_id[OYdxvxk0SmmMoqmEqzKW-A][V]
--------[test][0], node[OYdxvxk0SmmMoqmEqzKW-A], [P], v[7], s[STARTED], a[id=MKRJAB9UTEO1pwHCaiow1g]
-----node_id[H5KBmc8nTJKmZS9czP_n_Q][V]
--------[test][1], node[H5KBmc8nTJKmZS9czP_n_Q], [R], v[7], s[STARTED], a[id=h1IGstJ-SMOcKXXjjiYPfw]
--------[test][2], node[H5KBmc8nTJKmZS9czP_n_Q], [R], v[6], s[STARTED], a[id=pnndVnOySQOtDchLqFUZGg]
-----node_id[MtrhcOgYRbSrDs6bCp85_Q][V]
--------[test][1], node[MtrhcOgYRbSrDs6bCp85_Q], [P], v[7], s[STARTED], a[id=KqWuuR1bQCmle38qu9o-bA]
--------[test][2], node[MtrhcOgYRbSrDs6bCp85_Q], [P], v[6], s[STARTED], a[id=ZKPbmfnPSXKh9799IPT3IQ]
---- unassigned
--------[test][0], node[null], [R], v[7], s[UNASSIGNED], unassigned_info[[reason=NODE_LEFT], at[2016-03-31T06:01:59.001Z], details[node_left[6YQpKcdoR4yWXY-BPqVSzQ]]]

[2016-03-30 23:01:59,584][DEBUG][org.elasticsearch.cluster.service] [node_t4] set local cluster state to version 24
[2016-03-30 23:01:59,584][TRACE][org.elasticsearch.cluster.service] [node_t5] will process [local-disco-receive(from master)]
[2016-03-30 23:01:59,584][DEBUG][org.elasticsearch.cluster.service] [node_t5] processing [local-disco-receive(from master)]: execute
[2016-03-30 23:01:59,584][DEBUG][org.elasticsearch.cluster.service] [node_t2] set local cluster state to version 24
[2016-03-30 23:01:59,585][TRACE][org.elasticsearch.cluster.service] [node_t5] cluster state updated, source [local-disco-receive(from master)]
version: 24
state uuid: fRa1wg7xTqyaeSMjB6Nu1A
from_diff: false
meta data version: 15
nodes: 
   {node_t4}{H5KBmc8nTJKmZS9czP_n_Q}{local}{local[224]}[mode=>local, master=>false]
   {node_t0}{UjOsuvjjTaSUJkafxhPFgQ}{local}{local[220]}[master=>true, data=>false, mode=>local], master
   {node_t5}{OYdxvxk0SmmMoqmEqzKW-A}{local}{local[228]}[master=>false, mode=>local], local
   {node_t2}{MtrhcOgYRbSrDs6bCp85_Q}{local}{local[222]}[mode=>local, master=>false]
   {node_t6}{uB9_JfINTue7xRMfGbfHuw}{local}{local[229]}[mode=>local, master=>false]
routing_table (version 13):
-- index [test]
----shard_id [test][0]
--------[test][0], node[OYdxvxk0SmmMoqmEqzKW-A], [P], v[7], s[STARTED], a[id=MKRJAB9UTEO1pwHCaiow1g]
--------[test][0], node[null], [R], v[7], s[UNASSIGNED], unassigned_info[[reason=NODE_LEFT], at[2016-03-31T06:01:59.001Z], details[node_left[6YQpKcdoR4yWXY-BPqVSzQ]]]
----shard_id [test][1]
--------[test][1], node[H5KBmc8nTJKmZS9czP_n_Q], [R], v[7], s[STARTED], a[id=h1IGstJ-SMOcKXXjjiYPfw]
--------[test][1], node[MtrhcOgYRbSrDs6bCp85_Q], [P], v[7], s[STARTED], a[id=KqWuuR1bQCmle38qu9o-bA]
----shard_id [test][2]
--------[test][2], node[H5KBmc8nTJKmZS9czP_n_Q], [R], v[6], s[STARTED], a[id=pnndVnOySQOtDchLqFUZGg]
--------[test][2], node[MtrhcOgYRbSrDs6bCp85_Q], [P], v[6], s[STARTED], a[id=ZKPbmfnPSXKh9799IPT3IQ]

routing_nodes:
-----node_id[uB9_JfINTue7xRMfGbfHuw][V]
-----node_id[OYdxvxk0SmmMoqmEqzKW-A][V]
--------[test][0], node[OYdxvxk0SmmMoqmEqzKW-A], [P], v[7], s[STARTED], a[id=MKRJAB9UTEO1pwHCaiow1g]
-----node_id[H5KBmc8nTJKmZS9czP_n_Q][V]
--------[test][1], node[H5KBmc8nTJKmZS9czP_n_Q], [R], v[7], s[STARTED], a[id=h1IGstJ-SMOcKXXjjiYPfw]
--------[test][2], node[H5KBmc8nTJKmZS9czP_n_Q], [R], v[6], s[STARTED], a[id=pnndVnOySQOtDchLqFUZGg]
-----node_id[MtrhcOgYRbSrDs6bCp85_Q][V]
--------[test][1], node[MtrhcOgYRbSrDs6bCp85_Q], [P], v[7], s[STARTED], a[id=KqWuuR1bQCmle38qu9o-bA]
--------[test][2], node[MtrhcOgYRbSrDs6bCp85_Q], [P], v[6], s[STARTED], a[id=ZKPbmfnPSXKh9799IPT3IQ]
---- unassigned
--------[test][0], node[null], [R], v[7], s[UNASSIGNED], unassigned_info[[reason=NODE_LEFT], at[2016-03-31T06:01:59.001Z], details[node_left[6YQpKcdoR4yWXY-BPqVSzQ]]]

[2016-03-30 23:01:59,585][DEBUG][org.elasticsearch.cluster.service] [node_t5] set local cluster state to version 24
[2016-03-30 23:01:59,584][TRACE][org.elasticsearch.cluster.service] [node_t6] will process [local-disco-receive(from master)]
[2016-03-30 23:01:59,585][DEBUG][org.elasticsearch.cluster.service] [node_t6] processing [local-disco-receive(from master)]: execute
[2016-03-30 23:01:59,586][TRACE][org.elasticsearch.cluster.service] [node_t6] cluster state updated, source [local-disco-receive(from master)]
version: 24
state uuid: fRa1wg7xTqyaeSMjB6Nu1A
from_diff: false
meta data version: 15
nodes: 
   {node_t4}{H5KBmc8nTJKmZS9czP_n_Q}{local}{local[224]}[mode=>local, master=>false]
   {node_t0}{UjOsuvjjTaSUJkafxhPFgQ}{local}{local[220]}[data=>false, mode=>local, master=>true], master
   {node_t5}{OYdxvxk0SmmMoqmEqzKW-A}{local}{local[228]}[mode=>local, master=>false]
   {node_t2}{MtrhcOgYRbSrDs6bCp85_Q}{local}{local[222]}[master=>false, mode=>local]
   {node_t6}{uB9_JfINTue7xRMfGbfHuw}{local}{local[229]}[master=>false, mode=>local], local
routing_table (version 13):
-- index [test]
----shard_id [test][0]
--------[test][0], node[OYdxvxk0SmmMoqmEqzKW-A], [P], v[7], s[STARTED], a[id=MKRJAB9UTEO1pwHCaiow1g]
--------[test][0], node[null], [R], v[7], s[UNASSIGNED], unassigned_info[[reason=NODE_LEFT], at[2016-03-31T06:01:59.001Z], details[node_left[6YQpKcdoR4yWXY-BPqVSzQ]]]
----shard_id [test][1]
--------[test][1], node[H5KBmc8nTJKmZS9czP_n_Q], [R], v[7], s[STARTED], a[id=h1IGstJ-SMOcKXXjjiYPfw]
--------[test][1], node[MtrhcOgYRbSrDs6bCp85_Q], [P], v[7], s[STARTED], a[id=KqWuuR1bQCmle38qu9o-bA]
----shard_id [test][2]
--------[test][2], node[H5KBmc8nTJKmZS9czP_n_Q], [R], v[6], s[STARTED], a[id=pnndVnOySQOtDchLqFUZGg]
--------[test][2], node[MtrhcOgYRbSrDs6bCp85_Q], [P], v[6], s[STARTED], a[id=ZKPbmfnPSXKh9799IPT3IQ]

routing_nodes:
-----node_id[uB9_JfINTue7xRMfGbfHuw][V]
-----node_id[OYdxvxk0SmmMoqmEqzKW-A][V]
--------[test][0], node[OYdxvxk0SmmMoqmEqzKW-A], [P], v[7], s[STARTED], a[id=MKRJAB9UTEO1pwHCaiow1g]
-----node_id[H5KBmc8nTJKmZS9czP_n_Q][V]
--------[test][1], node[H5KBmc8nTJKmZS9czP_n_Q], [R], v[7], s[STARTED], a[id=h1IGstJ-SMOcKXXjjiYPfw]
--------[test][2], node[H5KBmc8nTJKmZS9czP_n_Q], [R], v[6], s[STARTED], a[id=pnndVnOySQOtDchLqFUZGg]
-----node_id[MtrhcOgYRbSrDs6bCp85_Q][V]
--------[test][1], node[MtrhcOgYRbSrDs6bCp85_Q], [P], v[7], s[STARTED], a[id=KqWuuR1bQCmle38qu9o-bA]
--------[test][2], node[MtrhcOgYRbSrDs6bCp85_Q], [P], v[6], s[STARTED], a[id=ZKPbmfnPSXKh9799IPT3IQ]
---- unassigned
--------[test][0], node[null], [R], v[7], s[UNASSIGNED], unassigned_info[[reason=NODE_LEFT], at[2016-03-31T06:01:59.001Z], details[node_left[6YQpKcdoR4yWXY-BPqVSzQ]]]

[2016-03-30 23:01:59,586][DEBUG][org.elasticsearch.cluster.service] [node_t6] set local cluster state to version 24
[2016-03-30 23:01:59,587][DEBUG][org.elasticsearch.cluster.service] [node_t6] processing [local-disco-receive(from master)]: took 2ms done applying updated cluster_state (version: 24, uuid: fRa1wg7xTqyaeSMjB6Nu1A)
[2016-03-30 23:01:59,591][DEBUG][org.elasticsearch.cluster.service] [node_t4] processing [local-disco-receive(from master)]: took 7ms done applying updated cluster_state (version: 24, uuid: fRa1wg7xTqyaeSMjB6Nu1A)
[2016-03-30 23:01:59,593][DEBUG][org.elasticsearch.cluster.service] [node_t2] processing [local-disco-receive(from master)]: took 9ms done applying updated cluster_state (version: 24, uuid: fRa1wg7xTqyaeSMjB6Nu1A)
[2016-03-30 23:01:59,602][DEBUG][org.elasticsearch.cluster.service] [node_t5] processing [local-disco-receive(from master)]: took 17ms done applying updated cluster_state (version: 24, uuid: fRa1wg7xTqyaeSMjB6Nu1A)
[2016-03-30 23:01:59,603][TRACE][org.elasticsearch.cluster.service] [node_t5] will process [indices_store ([[test][2]] active fully on other nodes)]
[2016-03-30 23:01:59,603][DEBUG][org.elasticsearch.cluster.service] [node_t5] processing [indices_store ([[test][2]] active fully on other nodes)]: execute
[2016-03-30 23:01:59,604][DEBUG][org.elasticsearch.cluster.service] [node_t0] set local cluster state to version 24
[2016-03-30 23:01:59,622][DEBUG][org.elasticsearch.cluster.service] [node_t5] processing [indices_store ([[test][2]] active fully on other nodes)]: took 18ms no change in cluster_state
[2016-03-30 23:01:59,622][TRACE][org.elasticsearch.cluster.service] [node_t5] will process [indices_store ([[test][1]] active fully on other nodes)]
[2016-03-30 23:01:59,622][DEBUG][org.elasticsearch.cluster.service] [node_t5] processing [indices_store ([[test][1]] active fully on other nodes)]: execute
[2016-03-30 23:01:59,622][DEBUG][org.elasticsearch.cluster.service] [node_t0] processing [shard-started ([test][0], node[OYdxvxk0SmmMoqmEqzKW-A], [P], v[6], s[INITIALIZING], a[id=MKRJAB9UTEO1pwHCaiow1g], unassigned_info[[reason=NODE_LEFT], at[2016-03-31T06:01:59.081Z], details[node_left[ABvR8raGRuS_s0xvV8c6Dg]]]), reason [after recovery from store]]: took 46ms done applying updated cluster_state (version: 24, uuid: fRa1wg7xTqyaeSMjB6Nu1A)
[2016-03-30 23:01:59,622][TRACE][org.elasticsearch.cluster.service] [node_t0] will process [cluster_reroute(async_shard_fetch)]
[2016-03-30 23:01:59,622][DEBUG][org.elasticsearch.cluster.service] [node_t0] processing [cluster_reroute(async_shard_fetch)]: execute
[2016-03-30 23:01:59,623][TRACE][org.elasticsearch.cluster.service] [node_t0] cluster state updated, source [cluster_reroute(async_shard_fetch)]
version: 25
state uuid: 0oUJflSdSqCxz_R6oIsbQA
from_diff: false
meta data version: 15
nodes: 
   {node_t4}{H5KBmc8nTJKmZS9czP_n_Q}{local}{local[224]}[master=>false, mode=>local]
   {node_t0}{UjOsuvjjTaSUJkafxhPFgQ}{local}{local[220]}[master=>true, mode=>local, data=>false], local, master
   {node_t5}{OYdxvxk0SmmMoqmEqzKW-A}{local}{local[228]}[master=>false, mode=>local]
   {node_t2}{MtrhcOgYRbSrDs6bCp85_Q}{local}{local[222]}[master=>false, mode=>local]
   {node_t6}{uB9_JfINTue7xRMfGbfHuw}{local}{local[229]}[master=>false, mode=>local]
routing_table (version 14):
-- index [test]
----shard_id [test][0]
--------[test][0], node[uB9_JfINTue7xRMfGbfHuw], [R], v[8], s[INITIALIZING], a[id=zmV670zBQd2QRRrDf_DoMA], unassigned_info[[reason=NODE_LEFT], at[2016-03-31T06:01:59.001Z], details[node_left[6YQpKcdoR4yWXY-BPqVSzQ]]]
--------[test][0], node[OYdxvxk0SmmMoqmEqzKW-A], [P], v[8], s[STARTED], a[id=MKRJAB9UTEO1pwHCaiow1g]
----shard_id [test][1]
--------[test][1], node[H5KBmc8nTJKmZS9czP_n_Q], [R], v[7], s[STARTED], a[id=h1IGstJ-SMOcKXXjjiYPfw]
--------[test][1], node[MtrhcOgYRbSrDs6bCp85_Q], [P], v[7], s[STARTED], a[id=KqWuuR1bQCmle38qu9o-bA]
----shard_id [test][2]
--------[test][2], node[H5KBmc8nTJKmZS9czP_n_Q], [R], v[6], s[STARTED], a[id=pnndVnOySQOtDchLqFUZGg]
--------[test][2], node[MtrhcOgYRbSrDs6bCp85_Q], [P], v[6], s[STARTED], a[id=ZKPbmfnPSXKh9799IPT3IQ]

routing_nodes:
-----node_id[uB9_JfINTue7xRMfGbfHuw][V]
--------[test][0], node[uB9_JfINTue7xRMfGbfHuw], [R], v[8], s[INITIALIZING], a[id=zmV670zBQd2QRRrDf_DoMA], unassigned_info[[reason=NODE_LEFT], at[2016-03-31T06:01:59.001Z], details[node_left[6YQpKcdoR4yWXY-BPqVSzQ]]]
-----node_id[OYdxvxk0SmmMoqmEqzKW-A][V]
--------[test][0], node[OYdxvxk0SmmMoqmEqzKW-A], [P], v[8], s[STARTED], a[id=MKRJAB9UTEO1pwHCaiow1g]
-----node_id[H5KBmc8nTJKmZS9czP_n_Q][V]
--------[test][1], node[H5KBmc8nTJKmZS9czP_n_Q], [R], v[7], s[STARTED], a[id=h1IGstJ-SMOcKXXjjiYPfw]
--------[test][2], node[H5KBmc8nTJKmZS9czP_n_Q], [R], v[6], s[STARTED], a[id=pnndVnOySQOtDchLqFUZGg]
-----node_id[MtrhcOgYRbSrDs6bCp85_Q][V]
--------[test][1], node[MtrhcOgYRbSrDs6bCp85_Q], [P], v[7], s[STARTED], a[id=KqWuuR1bQCmle38qu9o-bA]
--------[test][2], node[MtrhcOgYRbSrDs6bCp85_Q], [P], v[6], s[STARTED], a[id=ZKPbmfnPSXKh9799IPT3IQ]
---- unassigned

[2016-03-30 23:01:59,624][DEBUG][org.elasticsearch.cluster.service] [node_t0] publishing cluster state version [25]
[2016-03-30 23:01:59,624][TRACE][org.elasticsearch.cluster.service] [node_t2] will process [local-disco-receive(from master)]
[2016-03-30 23:01:59,624][DEBUG][org.elasticsearch.cluster.service] [node_t2] processing [local-disco-receive(from master)]: execute
[2016-03-30 23:01:59,624][TRACE][org.elasticsearch.cluster.service] [node_t4] will process [local-disco-receive(from master)]
[2016-03-30 23:01:59,624][DEBUG][org.elasticsearch.cluster.service] [node_t4] processing [local-disco-receive(from master)]: execute
[2016-03-30 23:01:59,624][TRACE][org.elasticsearch.cluster.service] [node_t6] will process [local-disco-receive(from master)]
[2016-03-30 23:01:59,624][TRACE][org.elasticsearch.cluster.service] [node_t2] cluster state updated, source [local-disco-receive(from master)]
version: 25
state uuid: 0oUJflSdSqCxz_R6oIsbQA
from_diff: false
meta data version: 15
nodes: 
   {node_t4}{H5KBmc8nTJKmZS9czP_n_Q}{local}{local[224]}[master=>false, mode=>local]
   {node_t0}{UjOsuvjjTaSUJkafxhPFgQ}{local}{local[220]}[master=>true, data=>false, mode=>local], master
   {node_t5}{OYdxvxk0SmmMoqmEqzKW-A}{local}{local[228]}[mode=>local, master=>false]
   {node_t2}{MtrhcOgYRbSrDs6bCp85_Q}{local}{local[222]}[master=>false, mode=>local], local
   {node_t6}{uB9_JfINTue7xRMfGbfHuw}{local}{local[229]}[mode=>local, master=>false]
routing_table (version 14):
-- index [test]
----shard_id [test][0]
--------[test][0], node[uB9_JfINTue7xRMfGbfHuw], [R], v[8], s[INITIALIZING], a[id=zmV670zBQd2QRRrDf_DoMA], unassigned_info[[reason=NODE_LEFT], at[2016-03-31T06:01:59.001Z], details[node_left[6YQpKcdoR4yWXY-BPqVSzQ]]]
--------[test][0], node[OYdxvxk0SmmMoqmEqzKW-A], [P], v[8], s[STARTED], a[id=MKRJAB9UTEO1pwHCaiow1g]
----shard_id [test][1]
--------[test][1], node[H5KBmc8nTJKmZS9czP_n_Q], [R], v[7], s[STARTED], a[id=h1IGstJ-SMOcKXXjjiYPfw]
--------[test][1], node[MtrhcOgYRbSrDs6bCp85_Q], [P], v[7], s[STARTED], a[id=KqWuuR1bQCmle38qu9o-bA]
----shard_id [test][2]
--------[test][2], node[H5KBmc8nTJKmZS9czP_n_Q], [R], v[6], s[STARTED], a[id=pnndVnOySQOtDchLqFUZGg]
--------[test][2], node[MtrhcOgYRbSrDs6bCp85_Q], [P], v[6], s[STARTED], a[id=ZKPbmfnPSXKh9799IPT3IQ]

routing_nodes:
-----node_id[uB9_JfINTue7xRMfGbfHuw][V]
--------[test][0], node[uB9_JfINTue7xRMfGbfHuw], [R], v[8], s[INITIALIZING], a[id=zmV670zBQd2QRRrDf_DoMA], unassigned_info[[reason=NODE_LEFT], at[2016-03-31T06:01:59.001Z], details[node_left[6YQpKcdoR4yWXY-BPqVSzQ]]]
-----node_id[OYdxvxk0SmmMoqmEqzKW-A][V]
--------[test][0], node[OYdxvxk0SmmMoqmEqzKW-A], [P], v[8], s[STARTED], a[id=MKRJAB9UTEO1pwHCaiow1g]
-----node_id[H5KBmc8nTJKmZS9czP_n_Q][V]
--------[test][1], node[H5KBmc8nTJKmZS9czP_n_Q], [R], v[7], s[STARTED], a[id=h1IGstJ-SMOcKXXjjiYPfw]
--------[test][2], node[H5KBmc8nTJKmZS9czP_n_Q], [R], v[6], s[STARTED], a[id=pnndVnOySQOtDchLqFUZGg]
-----node_id[MtrhcOgYRbSrDs6bCp85_Q][V]
--------[test][1], node[MtrhcOgYRbSrDs6bCp85_Q], [P], v[7], s[STARTED], a[id=KqWuuR1bQCmle38qu9o-bA]
--------[test][2], node[MtrhcOgYRbSrDs6bCp85_Q], [P], v[6], s[STARTED], a[id=ZKPbmfnPSXKh9799IPT3IQ]
---- unassigned

[2016-03-30 23:01:59,625][DEBUG][org.elasticsearch.cluster.service] [node_t2] set local cluster state to version 25
[2016-03-30 23:01:59,624][TRACE][org.elasticsearch.cluster.service] [node_t4] cluster state updated, source [local-disco-receive(from master)]
version: 25
state uuid: 0oUJflSdSqCxz_R6oIsbQA
from_diff: false
meta data version: 15
nodes: 
   {node_t4}{H5KBmc8nTJKmZS9czP_n_Q}{local}{local[224]}[master=>false, mode=>local], local
   {node_t0}{UjOsuvjjTaSUJkafxhPFgQ}{local}{local[220]}[mode=>local, master=>true, data=>false], master
   {node_t5}{OYdxvxk0SmmMoqmEqzKW-A}{local}{local[228]}[master=>false, mode=>local]
   {node_t2}{MtrhcOgYRbSrDs6bCp85_Q}{local}{local[222]}[master=>false, mode=>local]
   {node_t6}{uB9_JfINTue7xRMfGbfHuw}{local}{local[229]}[mode=>local, master=>false]
routing_table (version 14):
-- index [test]
----shard_id [test][0]
--------[test][0], node[uB9_JfINTue7xRMfGbfHuw], [R], v[8], s[INITIALIZING], a[id=zmV670zBQd2QRRrDf_DoMA], unassigned_info[[reason=NODE_LEFT], at[2016-03-31T06:01:59.001Z], details[node_left[6YQpKcdoR4yWXY-BPqVSzQ]]]
--------[test][0], node[OYdxvxk0SmmMoqmEqzKW-A], [P], v[8], s[STARTED], a[id=MKRJAB9UTEO1pwHCaiow1g]
----shard_id [test][1]
--------[test][1], node[H5KBmc8nTJKmZS9czP_n_Q], [R], v[7], s[STARTED], a[id=h1IGstJ-SMOcKXXjjiYPfw]
--------[test][1], node[MtrhcOgYRbSrDs6bCp85_Q], [P], v[7], s[STARTED], a[id=KqWuuR1bQCmle38qu9o-bA]
----shard_id [test][2]
--------[test][2], node[H5KBmc8nTJKmZS9czP_n_Q], [R], v[6], s[STARTED], a[id=pnndVnOySQOtDchLqFUZGg]
--------[test][2], node[MtrhcOgYRbSrDs6bCp85_Q], [P], v[6], s[STARTED], a[id=ZKPbmfnPSXKh9799IPT3IQ]

routing_nodes:
-----node_id[uB9_JfINTue7xRMfGbfHuw][V]
--------[test][0], node[uB9_JfINTue7xRMfGbfHuw], [R], v[8], s[INITIALIZING], a[id=zmV670zBQd2QRRrDf_DoMA], unassigned_info[[reason=NODE_LEFT], at[2016-03-31T06:01:59.001Z], details[node_left[6YQpKcdoR4yWXY-BPqVSzQ]]]
-----node_id[OYdxvxk0SmmMoqmEqzKW-A][V]
--------[test][0], node[OYdxvxk0SmmMoqmEqzKW-A], [P], v[8], s[STARTED], a[id=MKRJAB9UTEO1pwHCaiow1g]
-----node_id[H5KBmc8nTJKmZS9czP_n_Q][V]
--------[test][1], node[H5KBmc8nTJKmZS9czP_n_Q], [R], v[7], s[STARTED], a[id=h1IGstJ-SMOcKXXjjiYPfw]
--------[test][2], node[H5KBmc8nTJKmZS9czP_n_Q], [R], v[6], s[STARTED], a[id=pnndVnOySQOtDchLqFUZGg]
-----node_id[MtrhcOgYRbSrDs6bCp85_Q][V]
--------[test][1], node[MtrhcOgYRbSrDs6bCp85_Q], [P], v[7], s[STARTED], a[id=KqWuuR1bQCmle38qu9o-bA]
--------[test][2], node[MtrhcOgYRbSrDs6bCp85_Q], [P], v[6], s[STARTED], a[id=ZKPbmfnPSXKh9799IPT3IQ]
---- unassigned

[2016-03-30 23:01:59,625][DEBUG][org.elasticsearch.cluster.service] [node_t4] set local cluster state to version 25
[2016-03-30 23:01:59,624][DEBUG][org.elasticsearch.cluster.service] [node_t6] processing [local-disco-receive(from master)]: execute
[2016-03-30 23:01:59,626][DEBUG][org.elasticsearch.cluster.service] [node_t2] processing [local-disco-receive(from master)]: took 1ms done applying updated cluster_state (version: 25, uuid: 0oUJflSdSqCxz_R6oIsbQA)
[2016-03-30 23:01:59,626][TRACE][org.elasticsearch.cluster.service] [node_t6] cluster state updated, source [local-disco-receive(from master)]
version: 25
state uuid: 0oUJflSdSqCxz_R6oIsbQA
from_diff: false
meta data version: 15
nodes: 
   {node_t4}{H5KBmc8nTJKmZS9czP_n_Q}{local}{local[224]}[mode=>local, master=>false]
   {node_t0}{UjOsuvjjTaSUJkafxhPFgQ}{local}{local[220]}[data=>false, mode=>local, master=>true], master
   {node_t5}{OYdxvxk0SmmMoqmEqzKW-A}{local}{local[228]}[mode=>local, master=>false]
   {node_t2}{MtrhcOgYRbSrDs6bCp85_Q}{local}{local[222]}[master=>false, mode=>local]
   {node_t6}{uB9_JfINTue7xRMfGbfHuw}{local}{local[229]}[master=>false, mode=>local], local
routing_table (version 14):
-- index [test]
----shard_id [test][0]
--------[test][0], node[uB9_JfINTue7xRMfGbfHuw], [R], v[8], s[INITIALIZING], a[id=zmV670zBQd2QRRrDf_DoMA], unassigned_info[[reason=NODE_LEFT], at[2016-03-31T06:01:59.001Z], details[node_left[6YQpKcdoR4yWXY-BPqVSzQ]]]
--------[test][0], node[OYdxvxk0SmmMoqmEqzKW-A], [P], v[8], s[STARTED], a[id=MKRJAB9UTEO1pwHCaiow1g]
----shard_id [test][1]
--------[test][1], node[H5KBmc8nTJKmZS9czP_n_Q], [R], v[7], s[STARTED], a[id=h1IGstJ-SMOcKXXjjiYPfw]
--------[test][1], node[MtrhcOgYRbSrDs6bCp85_Q], [P], v[7], s[STARTED], a[id=KqWuuR1bQCmle38qu9o-bA]
----shard_id [test][2]
--------[test][2], node[H5KBmc8nTJKmZS9czP_n_Q], [R], v[6], s[STARTED], a[id=pnndVnOySQOtDchLqFUZGg]
--------[test][2], node[MtrhcOgYRbSrDs6bCp85_Q], [P], v[6], s[STARTED], a[id=ZKPbmfnPSXKh9799IPT3IQ]

routing_nodes:
-----node_id[uB9_JfINTue7xRMfGbfHuw][V]
--------[test][0], node[uB9_JfINTue7xRMfGbfHuw], [R], v[8], s[INITIALIZING], a[id=zmV670zBQd2QRRrDf_DoMA], unassigned_info[[reason=NODE_LEFT], at[2016-03-31T06:01:59.001Z], details[node_left[6YQpKcdoR4yWXY-BPqVSzQ]]]
-----node_id[OYdxvxk0SmmMoqmEqzKW-A][V]
--------[test][0], node[OYdxvxk0SmmMoqmEqzKW-A], [P], v[8], s[STARTED], a[id=MKRJAB9UTEO1pwHCaiow1g]
-----node_id[H5KBmc8nTJKmZS9czP_n_Q][V]
--------[test][1], node[H5KBmc8nTJKmZS9czP_n_Q], [R], v[7], s[STARTED], a[id=h1IGstJ-SMOcKXXjjiYPfw]
--------[test][2], node[H5KBmc8nTJKmZS9czP_n_Q], [R], v[6], s[STARTED], a[id=pnndVnOySQOtDchLqFUZGg]
-----node_id[MtrhcOgYRbSrDs6bCp85_Q][V]
--------[test][1], node[MtrhcOgYRbSrDs6bCp85_Q], [P], v[7], s[STARTED], a[id=KqWuuR1bQCmle38qu9o-bA]
--------[test][2], node[MtrhcOgYRbSrDs6bCp85_Q], [P], v[6], s[STARTED], a[id=ZKPbmfnPSXKh9799IPT3IQ]
---- unassigned

[2016-03-30 23:01:59,626][DEBUG][org.elasticsearch.cluster.service] [node_t6] set local cluster state to version 25
[2016-03-30 23:01:59,626][DEBUG][org.elasticsearch.cluster.service] [node_t4] processing [local-disco-receive(from master)]: took 1ms done applying updated cluster_state (version: 25, uuid: 0oUJflSdSqCxz_R6oIsbQA)
[2016-03-30 23:01:59,629][DEBUG][org.elasticsearch.cluster.service] [node_t5] processing [indices_store ([[test][1]] active fully on other nodes)]: took 6ms no change in cluster_state
[2016-03-30 23:01:59,629][TRACE][org.elasticsearch.cluster.service] [node_t5] will process [local-disco-receive(from master)]
[2016-03-30 23:01:59,629][DEBUG][org.elasticsearch.cluster.service] [node_t5] processing [local-disco-receive(from master)]: execute
[2016-03-30 23:01:59,629][TRACE][org.elasticsearch.cluster.service] [node_t5] cluster state updated, source [local-disco-receive(from master)]
version: 25
state uuid: 0oUJflSdSqCxz_R6oIsbQA
from_diff: false
meta data version: 15
nodes: 
   {node_t4}{H5KBmc8nTJKmZS9czP_n_Q}{local}{local[224]}[mode=>local, master=>false]
   {node_t0}{UjOsuvjjTaSUJkafxhPFgQ}{local}{local[220]}[master=>true, data=>false, mode=>local], master
   {node_t5}{OYdxvxk0SmmMoqmEqzKW-A}{local}{local[228]}[master=>false, mode=>local], local
   {node_t2}{MtrhcOgYRbSrDs6bCp85_Q}{local}{local[222]}[mode=>local, master=>false]
   {node_t6}{uB9_JfINTue7xRMfGbfHuw}{local}{local[229]}[mode=>local, master=>false]
routing_table (version 14):
-- index [test]
----shard_id [test][0]
--------[test][0], node[uB9_JfINTue7xRMfGbfHuw], [R], v[8], s[INITIALIZING], a[id=zmV670zBQd2QRRrDf_DoMA], unassigned_info[[reason=NODE_LEFT], at[2016-03-31T06:01:59.001Z], details[node_left[6YQpKcdoR4yWXY-BPqVSzQ]]]
--------[test][0], node[OYdxvxk0SmmMoqmEqzKW-A], [P], v[8], s[STARTED], a[id=MKRJAB9UTEO1pwHCaiow1g]
----shard_id [test][1]
--------[test][1], node[H5KBmc8nTJKmZS9czP_n_Q], [R], v[7], s[STARTED], a[id=h1IGstJ-SMOcKXXjjiYPfw]
--------[test][1], node[MtrhcOgYRbSrDs6bCp85_Q], [P], v[7], s[STARTED], a[id=KqWuuR1bQCmle38qu9o-bA]
----shard_id [test][2]
--------[test][2], node[H5KBmc8nTJKmZS9czP_n_Q], [R], v[6], s[STARTED], a[id=pnndVnOySQOtDchLqFUZGg]
--------[test][2], node[MtrhcOgYRbSrDs6bCp85_Q], [P], v[6], s[STARTED], a[id=ZKPbmfnPSXKh9799IPT3IQ]

routing_nodes:
-----node_id[uB9_JfINTue7xRMfGbfHuw][V]
--------[test][0], node[uB9_JfINTue7xRMfGbfHuw], [R], v[8], s[INITIALIZING], a[id=zmV670zBQd2QRRrDf_DoMA], unassigned_info[[reason=NODE_LEFT], at[2016-03-31T06:01:59.001Z], details[node_left[6YQpKcdoR4yWXY-BPqVSzQ]]]
-----node_id[OYdxvxk0SmmMoqmEqzKW-A][V]
--------[test][0], node[OYdxvxk0SmmMoqmEqzKW-A], [P], v[8], s[STARTED], a[id=MKRJAB9UTEO1pwHCaiow1g]
-----node_id[H5KBmc8nTJKmZS9czP_n_Q][V]
--------[test][1], node[H5KBmc8nTJKmZS9czP_n_Q], [R], v[7], s[STARTED], a[id=h1IGstJ-SMOcKXXjjiYPfw]
--------[test][2], node[H5KBmc8nTJKmZS9czP_n_Q], [R], v[6], s[STARTED], a[id=pnndVnOySQOtDchLqFUZGg]
-----node_id[MtrhcOgYRbSrDs6bCp85_Q][V]
--------[test][1], node[MtrhcOgYRbSrDs6bCp85_Q], [P], v[7], s[STARTED], a[id=KqWuuR1bQCmle38qu9o-bA]
--------[test][2], node[MtrhcOgYRbSrDs6bCp85_Q], [P], v[6], s[STARTED], a[id=ZKPbmfnPSXKh9799IPT3IQ]
---- unassigned

[2016-03-30 23:01:59,629][DEBUG][org.elasticsearch.cluster.service] [node_t5] set local cluster state to version 25
[2016-03-30 23:01:59,638][DEBUG][org.elasticsearch.cluster.service] [node_t5] processing [local-disco-receive(from master)]: took 8ms done applying updated cluster_state (version: 25, uuid: 0oUJflSdSqCxz_R6oIsbQA)
[2016-03-30 23:01:59,638][TRACE][org.elasticsearch.cluster.service] [node_t5] will process [indices_store ([[test][1]] active fully on other nodes)]
[2016-03-30 23:01:59,638][DEBUG][org.elasticsearch.cluster.service] [node_t5] processing [indices_store ([[test][1]] active fully on other nodes)]: execute
[2016-03-30 23:01:59,644][DEBUG][org.elasticsearch.cluster.service] [node_t5] processing [indices_store ([[test][1]] active fully on other nodes)]: took 5ms no change in cluster_state
[2016-03-30 23:01:59,644][TRACE][org.elasticsearch.cluster.service] [node_t5] will process [indices_store ([[test][2]] active fully on other nodes)]
[2016-03-30 23:01:59,644][DEBUG][org.elasticsearch.cluster.service] [node_t5] processing [indices_store ([[test][2]] active fully on other nodes)]: execute
[2016-03-30 23:01:59,652][DEBUG][org.elasticsearch.cluster.service] [node_t6] processing [local-disco-receive(from master)]: took 26ms done applying updated cluster_state (version: 25, uuid: 0oUJflSdSqCxz_R6oIsbQA)
[2016-03-30 23:01:59,652][TRACE][org.elasticsearch.cluster.service] [node_t6] will process [indices_store ([[test][1]] active fully on other nodes)]
[2016-03-30 23:01:59,652][DEBUG][org.elasticsearch.cluster.service] [node_t6] processing [indices_store ([[test][1]] active fully on other nodes)]: execute
[2016-03-30 23:01:59,652][DEBUG][org.elasticsearch.cluster.service] [node_t0] set local cluster state to version 25
[2016-03-30 23:01:59,653][DEBUG][org.elasticsearch.cluster.service] [node_t5] processing [indices_store ([[test][2]] active fully on other nodes)]: took 8ms no change in cluster_state
[2016-03-30 23:01:59,654][DEBUG][org.elasticsearch.cluster.service] [node_t0] processing [cluster_reroute(async_shard_fetch)]: took 31ms done applying updated cluster_state (version: 25, uuid: 0oUJflSdSqCxz_R6oIsbQA)
[2016-03-30 23:01:59,658][DEBUG][org.elasticsearch.cluster.service] [node_t6] processing [indices_store ([[test][1]] active fully on other nodes)]: took 5ms no change in cluster_state
[2016-03-30 23:01:59,658][TRACE][org.elasticsearch.cluster.service] [node_t6] will process [indices_store ([[test][2]] active fully on other nodes)]
[2016-03-30 23:01:59,658][DEBUG][org.elasticsearch.cluster.service] [node_t6] processing [indices_store ([[test][2]] active fully on other nodes)]: execute
[2016-03-30 23:01:59,666][DEBUG][org.elasticsearch.cluster.service] [node_t6] processing [indices_store ([[test][2]] active fully on other nodes)]: took 7ms no change in cluster_state
[2016-03-30 23:01:59,830][TRACE][org.elasticsearch.cluster.service] [node_t0] will process [shard-started ([test][0], node[uB9_JfINTue7xRMfGbfHuw], [R], v[8], s[INITIALIZING], a[id=zmV670zBQd2QRRrDf_DoMA], unassigned_info[[reason=NODE_LEFT], at[2016-03-31T06:01:59.001Z], details[node_left[6YQpKcdoR4yWXY-BPqVSzQ]]]), reason [after recovery (replica) from node [{node_t5}{OYdxvxk0SmmMoqmEqzKW-A}{local}{local[228]}[mode=>local, master=>false]]]]
[2016-03-30 23:01:59,830][DEBUG][org.elasticsearch.cluster.service] [node_t0] processing [shard-started ([test][0], node[uB9_JfINTue7xRMfGbfHuw], [R], v[8], s[INITIALIZING], a[id=zmV670zBQd2QRRrDf_DoMA], unassigned_info[[reason=NODE_LEFT], at[2016-03-31T06:01:59.001Z], details[node_left[6YQpKcdoR4yWXY-BPqVSzQ]]]), reason [after recovery (replica) from node [{node_t5}{OYdxvxk0SmmMoqmEqzKW-A}{local}{local[228]}[mode=>local, master=>false]]]]: execute
[2016-03-30 23:01:59,831][TRACE][org.elasticsearch.cluster.service] [node_t0] cluster state updated, source [shard-started ([test][0], node[uB9_JfINTue7xRMfGbfHuw], [R], v[8], s[INITIALIZING], a[id=zmV670zBQd2QRRrDf_DoMA], unassigned_info[[reason=NODE_LEFT], at[2016-03-31T06:01:59.001Z], details[node_left[6YQpKcdoR4yWXY-BPqVSzQ]]]), reason [after recovery (replica) from node [{node_t5}{OYdxvxk0SmmMoqmEqzKW-A}{local}{local[228]}[mode=>local, master=>false]]]]
version: 26
state uuid: ldzmuKVCQ7qIKuNKpRBehg
from_diff: false
meta data version: 16
nodes: 
   {node_t4}{H5KBmc8nTJKmZS9czP_n_Q}{local}{local[224]}[master=>false, mode=>local]
   {node_t0}{UjOsuvjjTaSUJkafxhPFgQ}{local}{local[220]}[master=>true, mode=>local, data=>false], local, master
   {node_t5}{OYdxvxk0SmmMoqmEqzKW-A}{local}{local[228]}[master=>false, mode=>local]
   {node_t2}{MtrhcOgYRbSrDs6bCp85_Q}{local}{local[222]}[master=>false, mode=>local]
   {node_t6}{uB9_JfINTue7xRMfGbfHuw}{local}{local[229]}[master=>false, mode=>local]
routing_table (version 15):
-- index [test]
----shard_id [test][0]
--------[test][0], node[uB9_JfINTue7xRMfGbfHuw], [R], v[9], s[STARTED], a[id=zmV670zBQd2QRRrDf_DoMA]
--------[test][0], node[OYdxvxk0SmmMoqmEqzKW-A], [P], v[9], s[STARTED], a[id=MKRJAB9UTEO1pwHCaiow1g]
----shard_id [test][1]
--------[test][1], node[H5KBmc8nTJKmZS9czP_n_Q], [R], v[7], s[STARTED], a[id=h1IGstJ-SMOcKXXjjiYPfw]
--------[test][1], node[MtrhcOgYRbSrDs6bCp85_Q], [P], v[7], s[STARTED], a[id=KqWuuR1bQCmle38qu9o-bA]
----shard_id [test][2]
--------[test][2], node[H5KBmc8nTJKmZS9czP_n_Q], [R], v[6], s[STARTED], a[id=pnndVnOySQOtDchLqFUZGg]
--------[test][2], node[MtrhcOgYRbSrDs6bCp85_Q], [P], v[6], s[STARTED], a[id=ZKPbmfnPSXKh9799IPT3IQ]

routing_nodes:
-----node_id[uB9_JfINTue7xRMfGbfHuw][V]
--------[test][0], node[uB9_JfINTue7xRMfGbfHuw], [R], v[9], s[STARTED], a[id=zmV670zBQd2QRRrDf_DoMA]
-----node_id[OYdxvxk0SmmMoqmEqzKW-A][V]
--------[test][0], node[OYdxvxk0SmmMoqmEqzKW-A], [P], v[9], s[STARTED], a[id=MKRJAB9UTEO1pwHCaiow1g]
-----node_id[H5KBmc8nTJKmZS9czP_n_Q][V]
--------[test][1], node[H5KBmc8nTJKmZS9czP_n_Q], [R], v[7], s[STARTED], a[id=h1IGstJ-SMOcKXXjjiYPfw]
--------[test][2], node[H5KBmc8nTJKmZS9czP_n_Q], [R], v[6], s[STARTED], a[id=pnndVnOySQOtDchLqFUZGg]
-----node_id[MtrhcOgYRbSrDs6bCp85_Q][V]
--------[test][1], node[MtrhcOgYRbSrDs6bCp85_Q], [P], v[7], s[STARTED], a[id=KqWuuR1bQCmle38qu9o-bA]
--------[test][2], node[MtrhcOgYRbSrDs6bCp85_Q], [P], v[6], s[STARTED], a[id=ZKPbmfnPSXKh9799IPT3IQ]
---- unassigned

[2016-03-30 23:01:59,832][DEBUG][org.elasticsearch.cluster.service] [node_t0] publishing cluster state version [26]
[2016-03-30 23:01:59,832][TRACE][org.elasticsearch.cluster.service] [node_t2] will process [local-disco-receive(from master)]
[2016-03-30 23:01:59,832][DEBUG][org.elasticsearch.cluster.service] [node_t2] processing [local-disco-receive(from master)]: execute
[2016-03-30 23:01:59,833][TRACE][org.elasticsearch.cluster.service] [node_t2] cluster state updated, source [local-disco-receive(from master)]
version: 26
state uuid: ldzmuKVCQ7qIKuNKpRBehg
from_diff: false
meta data version: 16
nodes: 
   {node_t4}{H5KBmc8nTJKmZS9czP_n_Q}{local}{local[224]}[master=>false, mode=>local]
   {node_t0}{UjOsuvjjTaSUJkafxhPFgQ}{local}{local[220]}[master=>true, data=>false, mode=>local], master
   {node_t5}{OYdxvxk0SmmMoqmEqzKW-A}{local}{local[228]}[mode=>local, master=>false]
   {node_t2}{MtrhcOgYRbSrDs6bCp85_Q}{local}{local[222]}[master=>false, mode=>local], local
   {node_t6}{uB9_JfINTue7xRMfGbfHuw}{local}{local[229]}[mode=>local, master=>false]
routing_table (version 15):
-- index [test]
----shard_id [test][0]
--------[test][0], node[uB9_JfINTue7xRMfGbfHuw], [R], v[9], s[STARTED], a[id=zmV670zBQd2QRRrDf_DoMA]
--------[test][0], node[OYdxvxk0SmmMoqmEqzKW-A], [P], v[9], s[STARTED], a[id=MKRJAB9UTEO1pwHCaiow1g]
----shard_id [test][1]
--------[test][1], node[H5KBmc8nTJKmZS9czP_n_Q], [R], v[7], s[STARTED], a[id=h1IGstJ-SMOcKXXjjiYPfw]
--------[test][1], node[MtrhcOgYRbSrDs6bCp85_Q], [P], v[7], s[STARTED], a[id=KqWuuR1bQCmle38qu9o-bA]
----shard_id [test][2]
--------[test][2], node[H5KBmc8nTJKmZS9czP_n_Q], [R], v[6], s[STARTED], a[id=pnndVnOySQOtDchLqFUZGg]
--------[test][2], node[MtrhcOgYRbSrDs6bCp85_Q], [P], v[6], s[STARTED], a[id=ZKPbmfnPSXKh9799IPT3IQ]

routing_nodes:
-----node_id[uB9_JfINTue7xRMfGbfHuw][V]
--------[test][0], node[uB9_JfINTue7xRMfGbfHuw], [R], v[9], s[STARTED], a[id=zmV670zBQd2QRRrDf_DoMA]
-----node_id[OYdxvxk0SmmMoqmEqzKW-A][V]
--------[test][0], node[OYdxvxk0SmmMoqmEqzKW-A], [P], v[9], s[STARTED], a[id=MKRJAB9UTEO1pwHCaiow1g]
-----node_id[H5KBmc8nTJKmZS9czP_n_Q][V]
--------[test][1], node[H5KBmc8nTJKmZS9czP_n_Q], [R], v[7], s[STARTED], a[id=h1IGstJ-SMOcKXXjjiYPfw]
--------[test][2], node[H5KBmc8nTJKmZS9czP_n_Q], [R], v[6], s[STARTED], a[id=pnndVnOySQOtDchLqFUZGg]
-----node_id[MtrhcOgYRbSrDs6bCp85_Q][V]
--------[test][1], node[MtrhcOgYRbSrDs6bCp85_Q], [P], v[7], s[STARTED], a[id=KqWuuR1bQCmle38qu9o-bA]
--------[test][2], node[MtrhcOgYRbSrDs6bCp85_Q], [P], v[6], s[STARTED], a[id=ZKPbmfnPSXKh9799IPT3IQ]
---- unassigned

[2016-03-30 23:01:59,833][TRACE][org.elasticsearch.cluster.service] [node_t6] will process [local-disco-receive(from master)]
[2016-03-30 23:01:59,833][DEBUG][org.elasticsearch.cluster.service] [node_t2] set local cluster state to version 26
[2016-03-30 23:01:59,833][TRACE][org.elasticsearch.cluster.service] [node_t4] will process [local-disco-receive(from master)]
[2016-03-30 23:01:59,833][DEBUG][org.elasticsearch.cluster.service] [node_t4] processing [local-disco-receive(from master)]: execute
[2016-03-30 23:01:59,833][DEBUG][org.elasticsearch.cluster.service] [node_t6] processing [local-disco-receive(from master)]: execute
[2016-03-30 23:01:59,833][TRACE][org.elasticsearch.cluster.service] [node_t4] cluster state updated, source [local-disco-receive(from master)]
version: 26
state uuid: ldzmuKVCQ7qIKuNKpRBehg
from_diff: false
meta data version: 16
nodes: 
   {node_t4}{H5KBmc8nTJKmZS9czP_n_Q}{local}{local[224]}[master=>false, mode=>local], local
   {node_t0}{UjOsuvjjTaSUJkafxhPFgQ}{local}{local[220]}[mode=>local, master=>true, data=>false], master
   {node_t5}{OYdxvxk0SmmMoqmEqzKW-A}{local}{local[228]}[master=>false, mode=>local]
   {node_t2}{MtrhcOgYRbSrDs6bCp85_Q}{local}{local[222]}[master=>false, mode=>local]
   {node_t6}{uB9_JfINTue7xRMfGbfHuw}{local}{local[229]}[mode=>local, master=>false]
routing_table (version 15):
-- index [test]
----shard_id [test][0]
--------[test][0], node[uB9_JfINTue7xRMfGbfHuw], [R], v[9], s[STARTED], a[id=zmV670zBQd2QRRrDf_DoMA]
--------[test][0], node[OYdxvxk0SmmMoqmEqzKW-A], [P], v[9], s[STARTED], a[id=MKRJAB9UTEO1pwHCaiow1g]
----shard_id [test][1]
--------[test][1], node[H5KBmc8nTJKmZS9czP_n_Q], [R], v[7], s[STARTED], a[id=h1IGstJ-SMOcKXXjjiYPfw]
--------[test][1], node[MtrhcOgYRbSrDs6bCp85_Q], [P], v[7], s[STARTED], a[id=KqWuuR1bQCmle38qu9o-bA]
----shard_id [test][2]
--------[test][2], node[H5KBmc8nTJKmZS9czP_n_Q], [R], v[6], s[STARTED], a[id=pnndVnOySQOtDchLqFUZGg]
--------[test][2], node[MtrhcOgYRbSrDs6bCp85_Q], [P], v[6], s[STARTED], a[id=ZKPbmfnPSXKh9799IPT3IQ]

routing_nodes:
-----node_id[uB9_JfINTue7xRMfGbfHuw][V]
--------[test][0], node[uB9_JfINTue7xRMfGbfHuw], [R], v[9], s[STARTED], a[id=zmV670zBQd2QRRrDf_DoMA]
-----node_id[OYdxvxk0SmmMoqmEqzKW-A][V]
--------[test][0], node[OYdxvxk0SmmMoqmEqzKW-A], [P], v[9], s[STARTED], a[id=MKRJAB9UTEO1pwHCaiow1g]
-----node_id[H5KBmc8nTJKmZS9czP_n_Q][V]
--------[test][1], node[H5KBmc8nTJKmZS9czP_n_Q], [R], v[7], s[STARTED], a[id=h1IGstJ-SMOcKXXjjiYPfw]
--------[test][2], node[H5KBmc8nTJKmZS9czP_n_Q], [R], v[6], s[STARTED], a[id=pnndVnOySQOtDchLqFUZGg]
-----node_id[MtrhcOgYRbSrDs6bCp85_Q][V]
--------[test][1], node[MtrhcOgYRbSrDs6bCp85_Q], [P], v[7], s[STARTED], a[id=KqWuuR1bQCmle38qu9o-bA]
--------[test][2], node[MtrhcOgYRbSrDs6bCp85_Q], [P], v[6], s[STARTED], a[id=ZKPbmfnPSXKh9799IPT3IQ]
---- unassigned

[2016-03-30 23:01:59,834][DEBUG][org.elasticsearch.cluster.service] [node_t4] set local cluster state to version 26
[2016-03-30 23:01:59,833][TRACE][org.elasticsearch.cluster.service] [node_t5] will process [local-disco-receive(from master)]
[2016-03-30 23:01:59,834][DEBUG][org.elasticsearch.cluster.service] [node_t5] processing [local-disco-receive(from master)]: execute
[2016-03-30 23:01:59,833][TRACE][org.elasticsearch.cluster.service] [node_t6] cluster state updated, source [local-disco-receive(from master)]
version: 26
state uuid: ldzmuKVCQ7qIKuNKpRBehg
from_diff: false
meta data version: 16
nodes: 
   {node_t4}{H5KBmc8nTJKmZS9czP_n_Q}{local}{local[224]}[mode=>local, master=>false]
   {node_t0}{UjOsuvjjTaSUJkafxhPFgQ}{local}{local[220]}[data=>false, mode=>local, master=>true], master
   {node_t5}{OYdxvxk0SmmMoqmEqzKW-A}{local}{local[228]}[mode=>local, master=>false]
   {node_t2}{MtrhcOgYRbSrDs6bCp85_Q}{local}{local[222]}[master=>false, mode=>local]
   {node_t6}{uB9_JfINTue7xRMfGbfHuw}{local}{local[229]}[master=>false, mode=>local], local
routing_table (version 15):
-- index [test]
----shard_id [test][0]
--------[test][0], node[uB9_JfINTue7xRMfGbfHuw], [R], v[9], s[STARTED], a[id=zmV670zBQd2QRRrDf_DoMA]
--------[test][0], node[OYdxvxk0SmmMoqmEqzKW-A], [P], v[9], s[STARTED], a[id=MKRJAB9UTEO1pwHCaiow1g]
----shard_id [test][1]
--------[test][1], node[H5KBmc8nTJKmZS9czP_n_Q], [R], v[7], s[STARTED], a[id=h1IGstJ-SMOcKXXjjiYPfw]
--------[test][1], node[MtrhcOgYRbSrDs6bCp85_Q], [P], v[7], s[STARTED], a[id=KqWuuR1bQCmle38qu9o-bA]
----shard_id [test][2]
--------[test][2], node[H5KBmc8nTJKmZS9czP_n_Q], [R], v[6], s[STARTED], a[id=pnndVnOySQOtDchLqFUZGg]
--------[test][2], node[MtrhcOgYRbSrDs6bCp85_Q], [P], v[6], s[STARTED], a[id=ZKPbmfnPSXKh9799IPT3IQ]

routing_nodes:
-----node_id[uB9_JfINTue7xRMfGbfHuw][V]
--------[test][0], node[uB9_JfINTue7xRMfGbfHuw], [R], v[9], s[STARTED], a[id=zmV670zBQd2QRRrDf_DoMA]
-----node_id[OYdxvxk0SmmMoqmEqzKW-A][V]
--------[test][0], node[OYdxvxk0SmmMoqmEqzKW-A], [P], v[9], s[STARTED], a[id=MKRJAB9UTEO1pwHCaiow1g]
-----node_id[H5KBmc8nTJKmZS9czP_n_Q][V]
--------[test][1], node[H5KBmc8nTJKmZS9czP_n_Q], [R], v[7], s[STARTED], a[id=h1IGstJ-SMOcKXXjjiYPfw]
--------[test][2], node[H5KBmc8nTJKmZS9czP_n_Q], [R], v[6], s[STARTED], a[id=pnndVnOySQOtDchLqFUZGg]
-----node_id[MtrhcOgYRbSrDs6bCp85_Q][V]
--------[test][1], node[MtrhcOgYRbSrDs6bCp85_Q], [P], v[7], s[STARTED], a[id=KqWuuR1bQCmle38qu9o-bA]
--------[test][2], node[MtrhcOgYRbSrDs6bCp85_Q], [P], v[6], s[STARTED], a[id=ZKPbmfnPSXKh9799IPT3IQ]
---- unassigned

[2016-03-30 23:01:59,834][DEBUG][org.elasticsearch.cluster.service] [node_t6] set local cluster state to version 26
[2016-03-30 23:01:59,834][TRACE][org.elasticsearch.cluster.service] [node_t5] cluster state updated, source [local-disco-receive(from master)]
version: 26
state uuid: ldzmuKVCQ7qIKuNKpRBehg
from_diff: false
meta data version: 16
nodes: 
   {node_t4}{H5KBmc8nTJKmZS9czP_n_Q}{local}{local[224]}[mode=>local, master=>false]
   {node_t0}{UjOsuvjjTaSUJkafxhPFgQ}{local}{local[220]}[master=>true, data=>false, mode=>local], master
   {node_t5}{OYdxvxk0SmmMoqmEqzKW-A}{local}{local[228]}[master=>false, mode=>local], local
   {node_t2}{MtrhcOgYRbSrDs6bCp85_Q}{local}{local[222]}[mode=>local, master=>false]
   {node_t6}{uB9_JfINTue7xRMfGbfHuw}{local}{local[229]}[mode=>local, master=>false]
routing_table (version 15):
-- index [test]
----shard_id [test][0]
--------[test][0], node[uB9_JfINTue7xRMfGbfHuw], [R], v[9], s[STARTED], a[id=zmV670zBQd2QRRrDf_DoMA]
--------[test][0], node[OYdxvxk0SmmMoqmEqzKW-A], [P], v[9], s[STARTED], a[id=MKRJAB9UTEO1pwHCaiow1g]
----shard_id [test][1]
--------[test][1], node[H5KBmc8nTJKmZS9czP_n_Q], [R], v[7], s[STARTED], a[id=h1IGstJ-SMOcKXXjjiYPfw]
--------[test][1], node[MtrhcOgYRbSrDs6bCp85_Q], [P], v[7], s[STARTED], a[id=KqWuuR1bQCmle38qu9o-bA]
----shard_id [test][2]
--------[test][2], node[H5KBmc8nTJKmZS9czP_n_Q], [R], v[6], s[STARTED], a[id=pnndVnOySQOtDchLqFUZGg]
--------[test][2], node[MtrhcOgYRbSrDs6bCp85_Q], [P], v[6], s[STARTED], a[id=ZKPbmfnPSXKh9799IPT3IQ]

routing_nodes:
-----node_id[uB9_JfINTue7xRMfGbfHuw][V]
--------[test][0], node[uB9_JfINTue7xRMfGbfHuw], [R], v[9], s[STARTED], a[id=zmV670zBQd2QRRrDf_DoMA]
-----node_id[OYdxvxk0SmmMoqmEqzKW-A][V]
--------[test][0], node[OYdxvxk0SmmMoqmEqzKW-A], [P], v[9], s[STARTED], a[id=MKRJAB9UTEO1pwHCaiow1g]
-----node_id[H5KBmc8nTJKmZS9czP_n_Q][V]
--------[test][1], node[H5KBmc8nTJKmZS9czP_n_Q], [R], v[7], s[STARTED], a[id=h1IGstJ-SMOcKXXjjiYPfw]
--------[test][2], node[H5KBmc8nTJKmZS9czP_n_Q], [R], v[6], s[STARTED], a[id=pnndVnOySQOtDchLqFUZGg]
-----node_id[MtrhcOgYRbSrDs6bCp85_Q][V]
--------[test][1], node[MtrhcOgYRbSrDs6bCp85_Q], [P], v[7], s[STARTED], a[id=KqWuuR1bQCmle38qu9o-bA]
--------[test][2], node[MtrhcOgYRbSrDs6bCp85_Q], [P], v[6], s[STARTED], a[id=ZKPbmfnPSXKh9799IPT3IQ]
---- unassigned

[2016-03-30 23:01:59,834][DEBUG][org.elasticsearch.cluster.service] [node_t5] set local cluster state to version 26
[2016-03-30 23:01:59,841][DEBUG][org.elasticsearch.cluster.service] [node_t4] processing [local-disco-receive(from master)]: took 7ms done applying updated cluster_state (version: 26, uuid: ldzmuKVCQ7qIKuNKpRBehg)
[2016-03-30 23:01:59,841][DEBUG][org.elasticsearch.cluster.service] [node_t2] processing [local-disco-receive(from master)]: took 8ms done applying updated cluster_state (version: 26, uuid: ldzmuKVCQ7qIKuNKpRBehg)
[2016-03-30 23:01:59,849][DEBUG][org.elasticsearch.cluster.service] [node_t5] processing [local-disco-receive(from master)]: took 14ms done applying updated cluster_state (version: 26, uuid: ldzmuKVCQ7qIKuNKpRBehg)
[2016-03-30 23:01:59,849][TRACE][org.elasticsearch.cluster.service] [node_t5] will process [indices_store ([[test][1]] active fully on other nodes)]
[2016-03-30 23:01:59,849][DEBUG][org.elasticsearch.cluster.service] [node_t5] processing [indices_store ([[test][1]] active fully on other nodes)]: execute
[2016-03-30 23:01:59,850][DEBUG][org.elasticsearch.cluster.service] [node_t6] processing [local-disco-receive(from master)]: took 16ms done applying updated cluster_state (version: 26, uuid: ldzmuKVCQ7qIKuNKpRBehg)
[2016-03-30 23:01:59,850][TRACE][org.elasticsearch.cluster.service] [node_t6] will process [indices_store ([[test][1]] active fully on other nodes)]
[2016-03-30 23:01:59,850][DEBUG][org.elasticsearch.cluster.service] [node_t6] processing [indices_store ([[test][1]] active fully on other nodes)]: execute
[2016-03-30 23:01:59,850][TRACE][org.elasticsearch.cluster.service] [node_t2] will process [indices_store ([[test][0]] active fully on other nodes)]
[2016-03-30 23:01:59,850][DEBUG][org.elasticsearch.cluster.service] [node_t2] processing [indices_store ([[test][0]] active fully on other nodes)]: execute
[2016-03-30 23:01:59,850][DEBUG][org.elasticsearch.cluster.service] [node_t0] set local cluster state to version 26
[2016-03-30 23:01:59,850][TRACE][org.elasticsearch.cluster.service] [node_t4] will process [indices_store ([[test][0]] active fully on other nodes)]
[2016-03-30 23:01:59,851][DEBUG][org.elasticsearch.cluster.service] [node_t4] processing [indices_store ([[test][0]] active fully on other nodes)]: execute
[2016-03-30 23:01:59,855][DEBUG][org.elasticsearch.cluster.service] [node_t5] processing [indices_store ([[test][1]] active fully on other nodes)]: took 6ms no change in cluster_state
[2016-03-30 23:01:59,855][TRACE][org.elasticsearch.cluster.service] [node_t5] will process [indices_store ([[test][2]] active fully on other nodes)]
[2016-03-30 23:01:59,855][DEBUG][org.elasticsearch.cluster.service] [node_t5] processing [indices_store ([[test][2]] active fully on other nodes)]: execute
[2016-03-30 23:01:59,856][DEBUG][org.elasticsearch.cluster.service] [node_t2] processing [indices_store ([[test][0]] active fully on other nodes)]: took 5ms no change in cluster_state
[2016-03-30 23:01:59,860][DEBUG][org.elasticsearch.cluster.service] [node_t0] processing [shard-started ([test][0], node[uB9_JfINTue7xRMfGbfHuw], [R], v[8], s[INITIALIZING], a[id=zmV670zBQd2QRRrDf_DoMA], unassigned_info[[reason=NODE_LEFT], at[2016-03-31T06:01:59.001Z], details[node_left[6YQpKcdoR4yWXY-BPqVSzQ]]]), reason [after recovery (replica) from node [{node_t5}{OYdxvxk0SmmMoqmEqzKW-A}{local}{local[228]}[mode=>local, master=>false]]]]: took 29ms done applying updated cluster_state (version: 26, uuid: ldzmuKVCQ7qIKuNKpRBehg)
[2016-03-30 23:01:59,862][TRACE][org.elasticsearch.cluster.service] [node_t0] will process [delete-index [test]]
[2016-03-30 23:01:59,862][DEBUG][org.elasticsearch.cluster.service] [node_t0] processing [delete-index [test]]: execute
[2016-03-30 23:01:59,862][DEBUG][org.elasticsearch.cluster.service] [node_t5] processing [indices_store ([[test][2]] active fully on other nodes)]: took 6ms no change in cluster_state
[2016-03-30 23:01:59,862][TRACE][org.elasticsearch.cluster.service] [node_t0] cluster state updated, source [delete-index [test]]
version: 27
state uuid: 3k1qOdbKQIGkPLdagvVkpQ
from_diff: false
meta data version: 17
nodes: 
   {node_t4}{H5KBmc8nTJKmZS9czP_n_Q}{local}{local[224]}[master=>false, mode=>local]
   {node_t0}{UjOsuvjjTaSUJkafxhPFgQ}{local}{local[220]}[master=>true, mode=>local, data=>false], local, master
   {node_t5}{OYdxvxk0SmmMoqmEqzKW-A}{local}{local[228]}[master=>false, mode=>local]
   {node_t2}{MtrhcOgYRbSrDs6bCp85_Q}{local}{local[222]}[master=>false, mode=>local]
   {node_t6}{uB9_JfINTue7xRMfGbfHuw}{local}{local[229]}[master=>false, mode=>local]
routing_table (version 16):
routing_nodes:
-----node_id[uB9_JfINTue7xRMfGbfHuw][V]
-----node_id[OYdxvxk0SmmMoqmEqzKW-A][V]
-----node_id[H5KBmc8nTJKmZS9czP_n_Q][V]
-----node_id[MtrhcOgYRbSrDs6bCp85_Q][V]
---- unassigned

[2016-03-30 23:01:59,862][DEBUG][org.elasticsearch.cluster.service] [node_t0] publishing cluster state version [27]
[2016-03-30 23:01:59,862][DEBUG][org.elasticsearch.cluster.service] [node_t4] processing [indices_store ([[test][0]] active fully on other nodes)]: took 10ms no change in cluster_state
[2016-03-30 23:01:59,862][DEBUG][org.elasticsearch.cluster.service] [node_t6] processing [indices_store ([[test][1]] active fully on other nodes)]: took 12ms no change in cluster_state
[2016-03-30 23:01:59,863][TRACE][org.elasticsearch.cluster.service] [node_t4] will process [local-disco-receive(from master)]
[2016-03-30 23:01:59,863][TRACE][org.elasticsearch.cluster.service] [node_t5] will process [local-disco-receive(from master)]
[2016-03-30 23:01:59,863][TRACE][org.elasticsearch.cluster.service] [node_t2] will process [local-disco-receive(from master)]
[2016-03-30 23:01:59,863][DEBUG][org.elasticsearch.cluster.service] [node_t2] processing [local-disco-receive(from master)]: execute
[2016-03-30 23:01:59,863][TRACE][org.elasticsearch.cluster.service] [node_t6] will process [indices_store ([[test][2]] active fully on other nodes)]
[2016-03-30 23:01:59,863][DEBUG][org.elasticsearch.cluster.service] [node_t6] processing [indices_store ([[test][2]] active fully on other nodes)]: execute
[2016-03-30 23:01:59,863][TRACE][org.elasticsearch.cluster.service] [node_t2] cluster state updated, source [local-disco-receive(from master)]
version: 27
state uuid: 3k1qOdbKQIGkPLdagvVkpQ
from_diff: false
meta data version: 17
nodes: 
   {node_t4}{H5KBmc8nTJKmZS9czP_n_Q}{local}{local[224]}[master=>false, mode=>local]
   {node_t0}{UjOsuvjjTaSUJkafxhPFgQ}{local}{local[220]}[master=>true, data=>false, mode=>local], master
   {node_t5}{OYdxvxk0SmmMoqmEqzKW-A}{local}{local[228]}[mode=>local, master=>false]
   {node_t2}{MtrhcOgYRbSrDs6bCp85_Q}{local}{local[222]}[master=>false, mode=>local], local
   {node_t6}{uB9_JfINTue7xRMfGbfHuw}{local}{local[229]}[mode=>local, master=>false]
routing_table (version 16):
routing_nodes:
-----node_id[uB9_JfINTue7xRMfGbfHuw][V]
-----node_id[OYdxvxk0SmmMoqmEqzKW-A][V]
-----node_id[H5KBmc8nTJKmZS9czP_n_Q][V]
-----node_id[MtrhcOgYRbSrDs6bCp85_Q][V]
---- unassigned

[2016-03-30 23:01:59,863][DEBUG][org.elasticsearch.cluster.service] [node_t5] processing [local-disco-receive(from master)]: execute
[2016-03-30 23:01:59,863][DEBUG][org.elasticsearch.cluster.service] [node_t4] processing [local-disco-receive(from master)]: execute
[2016-03-30 23:01:59,863][TRACE][org.elasticsearch.cluster.service] [node_t5] cluster state updated, source [local-disco-receive(from master)]
version: 27
state uuid: 3k1qOdbKQIGkPLdagvVkpQ
from_diff: false
meta data version: 17
nodes: 
   {node_t4}{H5KBmc8nTJKmZS9czP_n_Q}{local}{local[224]}[mode=>local, master=>false]
   {node_t0}{UjOsuvjjTaSUJkafxhPFgQ}{local}{local[220]}[master=>true, data=>false, mode=>local], master
   {node_t5}{OYdxvxk0SmmMoqmEqzKW-A}{local}{local[228]}[master=>false, mode=>local], local
   {node_t2}{MtrhcOgYRbSrDs6bCp85_Q}{local}{local[222]}[mode=>local, master=>false]
   {node_t6}{uB9_JfINTue7xRMfGbfHuw}{local}{local[229]}[mode=>local, master=>false]
routing_table (version 16):
routing_nodes:
-----node_id[uB9_JfINTue7xRMfGbfHuw][V]
-----node_id[OYdxvxk0SmmMoqmEqzKW-A][V]
-----node_id[H5KBmc8nTJKmZS9czP_n_Q][V]
-----node_id[MtrhcOgYRbSrDs6bCp85_Q][V]
---- unassigned

[2016-03-30 23:01:59,863][DEBUG][org.elasticsearch.cluster.service] [node_t2] set local cluster state to version 27
[2016-03-30 23:01:59,863][DEBUG][org.elasticsearch.cluster.service] [node_t5] set local cluster state to version 27
[2016-03-30 23:01:59,863][TRACE][org.elasticsearch.cluster.service] [node_t4] cluster state updated, source [local-disco-receive(from master)]
version: 27
state uuid: 3k1qOdbKQIGkPLdagvVkpQ
from_diff: false
meta data version: 17
nodes: 
   {node_t4}{H5KBmc8nTJKmZS9czP_n_Q}{local}{local[224]}[master=>false, mode=>local], local
   {node_t0}{UjOsuvjjTaSUJkafxhPFgQ}{local}{local[220]}[mode=>local, master=>true, data=>false], master
   {node_t5}{OYdxvxk0SmmMoqmEqzKW-A}{local}{local[228]}[master=>false, mode=>local]
   {node_t2}{MtrhcOgYRbSrDs6bCp85_Q}{local}{local[222]}[master=>false, mode=>local]
   {node_t6}{uB9_JfINTue7xRMfGbfHuw}{local}{local[229]}[mode=>local, master=>false]
routing_table (version 16):
routing_nodes:
-----node_id[uB9_JfINTue7xRMfGbfHuw][V]
-----node_id[OYdxvxk0SmmMoqmEqzKW-A][V]
-----node_id[H5KBmc8nTJKmZS9czP_n_Q][V]
-----node_id[MtrhcOgYRbSrDs6bCp85_Q][V]
---- unassigned

[2016-03-30 23:01:59,864][DEBUG][org.elasticsearch.cluster.service] [node_t4] set local cluster state to version 27
[2016-03-30 23:01:59,873][DEBUG][org.elasticsearch.cluster.service] [node_t6] processing [indices_store ([[test][2]] active fully on other nodes)]: took 9ms no change in cluster_state
[2016-03-30 23:01:59,873][TRACE][org.elasticsearch.cluster.service] [node_t6] will process [local-disco-receive(from master)]
[2016-03-30 23:01:59,873][DEBUG][org.elasticsearch.cluster.service] [node_t6] processing [local-disco-receive(from master)]: execute
[2016-03-30 23:01:59,873][TRACE][org.elasticsearch.cluster.service] [node_t6] cluster state updated, source [local-disco-receive(from master)]
version: 27
state uuid: 3k1qOdbKQIGkPLdagvVkpQ
from_diff: false
meta data version: 17
nodes: 
   {node_t4}{H5KBmc8nTJKmZS9czP_n_Q}{local}{local[224]}[mode=>local, master=>false]
   {node_t0}{UjOsuvjjTaSUJkafxhPFgQ}{local}{local[220]}[data=>false, mode=>local, master=>true], master
   {node_t5}{OYdxvxk0SmmMoqmEqzKW-A}{local}{local[228]}[mode=>local, master=>false]
   {node_t2}{MtrhcOgYRbSrDs6bCp85_Q}{local}{local[222]}[master=>false, mode=>local]
   {node_t6}{uB9_JfINTue7xRMfGbfHuw}{local}{local[229]}[master=>false, mode=>local], local
routing_table (version 16):
routing_nodes:
-----node_id[uB9_JfINTue7xRMfGbfHuw][V]
-----node_id[OYdxvxk0SmmMoqmEqzKW-A][V]
-----node_id[H5KBmc8nTJKmZS9czP_n_Q][V]
-----node_id[MtrhcOgYRbSrDs6bCp85_Q][V]
---- unassigned

[2016-03-30 23:01:59,873][DEBUG][org.elasticsearch.cluster.service] [node_t6] set local cluster state to version 27
[2016-03-30 23:01:59,886][DEBUG][org.elasticsearch.cluster.service] [node_t4] processing [local-disco-receive(from master)]: took 23ms done applying updated cluster_state (version: 27, uuid: 3k1qOdbKQIGkPLdagvVkpQ)
[2016-03-30 23:01:59,922][DEBUG][org.elasticsearch.cluster.service] [node_t6] processing [local-disco-receive(from master)]: took 48ms done applying updated cluster_state (version: 27, uuid: 3k1qOdbKQIGkPLdagvVkpQ)
[2016-03-30 23:01:59,928][DEBUG][org.elasticsearch.cluster.service] [node_t5] processing [local-disco-receive(from master)]: took 64ms done applying updated cluster_state (version: 27, uuid: 3k1qOdbKQIGkPLdagvVkpQ)
[2016-03-30 23:01:59,943][DEBUG][org.elasticsearch.cluster.service] [node_t2] processing [local-disco-receive(from master)]: took 80ms done applying updated cluster_state (version: 27, uuid: 3k1qOdbKQIGkPLdagvVkpQ)
[2016-03-30 23:01:59,943][DEBUG][org.elasticsearch.cluster.service] [node_t0] set local cluster state to version 27
[2016-03-30 23:01:59,946][DEBUG][org.elasticsearch.cluster.service] [node_t0] processing [delete-index [test]]: took 84ms done applying updated cluster_state (version: 27, uuid: 3k1qOdbKQIGkPLdagvVkpQ)
[2016-03-30 23:01:59,947][TRACE][org.elasticsearch.cluster.service] [node_t0] will process [delete_repository [*]]
[2016-03-30 23:01:59,948][DEBUG][org.elasticsearch.cluster.service] [node_t0] processing [delete_repository [*]]: execute
[2016-03-30 23:01:59,948][DEBUG][org.elasticsearch.cluster.service] [node_t0] processing [delete_repository [*]]: took 0s no change in cluster_state
]]></system-out>
   <system-err><![CDATA[]]></system-err>
</testsuite>