<testsuite errors="0" failures="0" tests="35" skipped="0" name="org.elasticsearch.snapshots.SharedClusterSnapshotRestoreIT" hostname="nohost.nodomain" time="188.32" timestamp="2016-03-30T23:00:19">
   <properties class="java.util.ArrayList">
      <property name="awt.toolkit" value="sun.lwawt.macosx.LWCToolkit"/>
      <property name="es.logger.level" value="WARN"/>
      <property name="file.encoding" value="UTF-8"/>
      <property name="file.encoding.pkg" value="sun.io"/>
      <property name="file.separator" value="/"/>
      <property name="ftp.nonProxyHosts" value="local|*.local|169.254/16|*.169.254/16"/>
      <property name="gopherProxySet" value="false"/>
      <property name="http.nonProxyHosts" value="local|*.local|169.254/16|*.169.254/16"/>
      <property name="java.awt.graphicsenv" value="sun.awt.CGraphicsEnvironment"/>
      <property name="java.awt.headless" value="true"/>
      <property name="java.awt.printerjob" value="sun.lwawt.macosx.CPrinterJob"/>
      <property name="java.class.path" value="/Users/brijeshs/Documents/elasticsearch_sort_netbeans/elasticsearch/core/build/classes/test:/Users/brijeshs/Documents/elasticsearch_sort_netbeans/elasticsearch/core/build/resources/test:/Users/brijeshs/Documents/elasticsearch_sort_netbeans/elasticsearch/core/build/classes/main:/Users/brijeshs/Documents/elasticsearch_sort_netbeans/elasticsearch/core/build/resources/main:/Users/brijeshs/.gradle/caches/modules-2/files-2.1/org.apache.lucene/lucene-core/5.4.0-snapshot-1715952/84685d37a34b4d87e2928566ed266a7f005ca67d/lucene-core-5.4.0-snapshot-1715952.jar:/Users/brijeshs/.gradle/caches/modules-2/files-2.1/org.apache.lucene/lucene-analyzers-common/5.4.0-snapshot-1715952/feaf885ed4155fb7202c1f90ac2eb40503961efc/lucene-analyzers-common-5.4.0-snapshot-1715952.jar:/Users/brijeshs/.gradle/caches/modules-2/files-2.1/org.apache.lucene/lucene-backward-codecs/5.4.0-snapshot-1715952/5b5b5c950b4fcac38cf48fab911f75da61e780fa/lucene-backward-codecs-5.4.0-snapshot-1715952.jar:/Users/brijeshs/.gradle/caches/modules-2/files-2.1/org.apache.lucene/lucene-grouping/5.4.0-snapshot-1715952/ff92011208ed5c28f041acc37bd77728a89fc6a5/lucene-grouping-5.4.0-snapshot-1715952.jar:/Users/brijeshs/.gradle/caches/modules-2/files-2.1/org.apache.lucene/lucene-highlighter/5.4.0-snapshot-1715952/5d46f26a6cb36aede89b8728b6fcbc427d4f9416/lucene-highlighter-5.4.0-snapshot-1715952.jar:/Users/brijeshs/.gradle/caches/modules-2/files-2.1/org.apache.lucene/lucene-join/5.4.0-snapshot-1715952/726ea07bbfdfbfbee80522353496fc6667dc33c9/lucene-join-5.4.0-snapshot-1715952.jar:/Users/brijeshs/.gradle/caches/modules-2/files-2.1/org.apache.lucene/lucene-memory/5.4.0-snapshot-1715952/d8d7a7b573a4cfc54745a126e905ccfd523b7a24/lucene-memory-5.4.0-snapshot-1715952.jar:/Users/brijeshs/.gradle/caches/modules-2/files-2.1/org.apache.lucene/lucene-misc/5.4.0-snapshot-1715952/cd9d4fb4492bd2680cea2f038a051311329f6443/lucene-misc-5.4.0-snapshot-1715952.jar:/Users/brijeshs/.gradle/caches/modules-2/files-2.1/org.apache.lucene/lucene-queries/5.4.0-snapshot-1715952/a1a04d191443e51f992ed3dd02d0e14fd48493c9/lucene-queries-5.4.0-snapshot-1715952.jar:/Users/brijeshs/.gradle/caches/modules-2/files-2.1/org.apache.lucene/lucene-queryparser/5.4.0-snapshot-1715952/c4d34b29b8b14ad3deb300a6d699e9d8965a3c2c/lucene-queryparser-5.4.0-snapshot-1715952.jar:/Users/brijeshs/.gradle/caches/modules-2/files-2.1/org.apache.lucene/lucene-sandbox/5.4.0-snapshot-1715952/bf45dbd653d66ce9d2c3f19b69997b8098d8b416/lucene-sandbox-5.4.0-snapshot-1715952.jar:/Users/brijeshs/.gradle/caches/modules-2/files-2.1/org.apache.lucene/lucene-spatial/5.4.0-snapshot-1715952/2bddfda70f5c657064d12860b03c2cd8a5029bfc/lucene-spatial-5.4.0-snapshot-1715952.jar:/Users/brijeshs/.gradle/caches/modules-2/files-2.1/org.apache.lucene/lucene-spatial3d/5.4.0-snapshot-1715952/881b8cd571fb3ccdcc69f1316468d816812513fb/lucene-spatial3d-5.4.0-snapshot-1715952.jar:/Users/brijeshs/.gradle/caches/modules-2/files-2.1/org.apache.lucene/lucene-suggest/5.4.0-snapshot-1715952/466e2bc02f45f04cbf516e5df78b9c2ebd99e944/lucene-suggest-5.4.0-snapshot-1715952.jar:/Users/brijeshs/.gradle/caches/modules-2/files-2.1/org.elasticsearch/securesm/1.0/c0c6cf986ba0057390bfcc80c366a0e3157f944b/securesm-1.0.jar:/Users/brijeshs/.gradle/caches/modules-2/files-2.1/commons-cli/commons-cli/1.3.1/1303efbc4b181e5a58bf2e967dc156a3132b97c0/commons-cli-1.3.1.jar:/Users/brijeshs/.gradle/caches/modules-2/files-2.1/com.carrotsearch/hppc/0.7.1/8b5057f74ea378c0150a1860874a3ebdcb713767/hppc-0.7.1.jar:/Users/brijeshs/.gradle/caches/modules-2/files-2.1/joda-time/joda-time/2.8.2/d27c24204c5e507b16fec01006b3d0f1ec42aed4/joda-time-2.8.2.jar:/Users/brijeshs/.gradle/caches/modules-2/files-2.1/org.joda/joda-convert/1.2/35ec554f0cd00c956cc69051514d9488b1374dec/joda-convert-1.2.jar:/Users/brijeshs/.gradle/caches/modules-2/files-2.1/com.fasterxml.jackson.core/jackson-core/2.6.2/123f29333b2c6b3516b14252b6e93226bfcd6e37/jackson-core-2.6.2.jar:/Users/brijeshs/.gradle/caches/modules-2/files-2.1/com.fasterxml.jackson.dataformat/jackson-dataformat-smile/2.6.2/395d18c1a1dd730b8026ee59c4067e5d2b45ba6e/jackson-dataformat-smile-2.6.2.jar:/Users/brijeshs/.gradle/caches/modules-2/files-2.1/com.fasterxml.jackson.dataformat/jackson-dataformat-yaml/2.6.2/4ae23088dd3fae47c66843f2e4251d7255ee140e/jackson-dataformat-yaml-2.6.2.jar:/Users/brijeshs/.gradle/caches/modules-2/files-2.1/com.fasterxml.jackson.dataformat/jackson-dataformat-cbor/2.6.2/1e13c575f914c83761bb8e2aca7dfd9e4c647579/jackson-dataformat-cbor-2.6.2.jar:/Users/brijeshs/.gradle/caches/modules-2/files-2.1/io.netty/netty/3.10.5.Final/9ca7d55d246092bddd29b867706e2f6c7db701a0/netty-3.10.5.Final.jar:/Users/brijeshs/.gradle/caches/modules-2/files-2.1/com.tdunning/t-digest/3.0/84ccf145ac2215e6bfa63baa3101c0af41017cfc/t-digest-3.0.jar:/Users/brijeshs/.gradle/caches/modules-2/files-2.1/org.hdrhistogram/HdrHistogram/2.1.6/7495feb7f71ee124bd2a7e7d83590e296d71d80e/HdrHistogram-2.1.6.jar:/Users/brijeshs/.gradle/caches/modules-2/files-2.1/com.spatial4j/spatial4j/0.5/6e16edaf6b1ba76db7f08c2f3723fce3b358ecc3/spatial4j-0.5.jar:/Users/brijeshs/.gradle/caches/modules-2/files-2.1/com.vividsolutions/jts/1.13/3ccfb9b60f04d71add996a666ceb8902904fd805/jts-1.13.jar:/Users/brijeshs/.gradle/caches/modules-2/files-2.1/log4j/log4j/1.2.17/5af35056b4d257e4b64b9e8069c0746e8b08629f/log4j-1.2.17.jar:/Users/brijeshs/.gradle/caches/modules-2/files-2.1/log4j/apache-log4j-extras/1.2.17/85863614d82185d7e51fe21c00aa9117a523a8b6/apache-log4j-extras-1.2.17.jar:/Users/brijeshs/.gradle/caches/modules-2/files-2.1/org.slf4j/slf4j-api/1.6.2/8619e95939167fb37245b5670135e4feb0ec7d50/slf4j-api-1.6.2.jar:/Users/brijeshs/.gradle/caches/modules-2/files-2.1/net.java.dev.jna/jna/4.1.0/1c12d070e602efd8021891cdd7fd18bc129372d4/jna-4.1.0.jar:/Users/brijeshs/Documents/elasticsearch_sort_netbeans/elasticsearch/test-framework/build/libs/test-framework-3.0.0-SNAPSHOT.jar:/Users/brijeshs/.gradle/caches/modules-2/files-2.1/com.carrotsearch.randomizedtesting/randomizedtesting-runner/2.2.0/60de504132241be049564a3a34fd7dcc296e2ef0/randomizedtesting-runner-2.2.0.jar:/Users/brijeshs/.gradle/caches/modules-2/files-2.1/junit/junit/4.11/4e031bb61df09069aeb2bffb4019e7a5034a4ee0/junit-4.11.jar:/Users/brijeshs/.gradle/caches/modules-2/files-2.1/org.hamcrest/hamcrest-all/1.3/63a21ebc981131004ad02e0434e799fd7f3a8d5a/hamcrest-all-1.3.jar:/Users/brijeshs/.gradle/caches/modules-2/files-2.1/org.apache.lucene/lucene-test-framework/5.4.0-snapshot-1715952/ae3156d5a2526b1b48ca821765cf7cd53faecef5/lucene-test-framework-5.4.0-snapshot-1715952.jar:/Users/brijeshs/.gradle/caches/modules-2/files-2.1/org.apache.lucene/lucene-codecs/5.4.0-snapshot-1715952/7b94152f1c9fd7ecb384fc9602318f74a4463a65/lucene-codecs-5.4.0-snapshot-1715952.jar:/Users/brijeshs/.gradle/caches/modules-2/files-2.1/org.apache.httpcomponents/httpclient/4.3.6/4c47155e3e6c9a41a28db36680b828ced53b8af4/httpclient-4.3.6.jar:/Users/brijeshs/.gradle/caches/modules-2/files-2.1/org.apache.httpcomponents/httpcore/4.3.3/f91b7a4aadc5cf486df6e4634748d7dd7a73f06d/httpcore-4.3.3.jar:/Users/brijeshs/.gradle/caches/modules-2/files-2.1/commons-logging/commons-logging/1.1.3/f6f66e966c70a83ffbdb6f17a0919eaf7c8aca7f/commons-logging-1.1.3.jar:/Users/brijeshs/.gradle/caches/modules-2/files-2.1/commons-codec/commons-codec/1.10/4b95f4897fa13f2cd904aee711aeafc0c5295cd8/commons-codec-1.10.jar:/Users/brijeshs/.gradle/caches/modules-2/files-2.1/com.carrotsearch.randomizedtesting/junit4-ant/2.2.0/d401c9c729deccd5db8a5df3102eb18793c2224/junit4-ant-2.2.0.jar"/>
      <property name="java.class.version" value="52.0"/>
      <property name="java.endorsed.dirs" value="/Library/Java/JavaVirtualMachines/jdk1.8.0_40.jdk/Contents/Home/jre/lib/endorsed"/>
      <property name="java.ext.dirs" value="/Users/brijeshs/Library/Java/Extensions:/Library/Java/JavaVirtualMachines/jdk1.8.0_40.jdk/Contents/Home/jre/lib/ext:/Library/Java/Extensions:/Network/Library/Java/Extensions:/System/Library/Java/Extensions:/usr/lib/java"/>
      <property name="java.home" value="/Library/Java/JavaVirtualMachines/jdk1.8.0_40.jdk/Contents/Home/jre"/>
      <property name="java.io.tmpdir" value="./temp"/>
      <property name="java.library.path" value="/Applications/NetBeans/NetBeans 8.1.app/Contents/Resources/NetBeans/webcommon/bin::/Users/brijeshs/Library/Java/Extensions:/Library/Java/Extensions:/Network/Library/Java/Extensions:/System/Library/Java/Extensions:/usr/lib/java:."/>
      <property name="java.runtime.name" value="Java(TM) SE Runtime Environment"/>
      <property name="java.runtime.version" value="1.8.0_40-b25"/>
      <property name="java.specification.name" value="Java Platform API Specification"/>
      <property name="java.specification.vendor" value="Oracle Corporation"/>
      <property name="java.specification.version" value="1.8"/>
      <property name="java.vendor" value="Oracle Corporation"/>
      <property name="java.vendor.url" value="http://java.oracle.com/"/>
      <property name="java.vendor.url.bug" value="http://bugreport.sun.com/bugreport/"/>
      <property name="java.version" value="1.8.0_40"/>
      <property name="java.vm.info" value="mixed mode"/>
      <property name="java.vm.name" value="Java HotSpot(TM) 64-Bit Server VM"/>
      <property name="java.vm.specification.name" value="Java Virtual Machine Specification"/>
      <property name="java.vm.specification.vendor" value="Oracle Corporation"/>
      <property name="java.vm.specification.version" value="1.8"/>
      <property name="java.vm.vendor" value="Oracle Corporation"/>
      <property name="java.vm.version" value="25.40-b25"/>
      <property name="junit4.childvm.count" value="4"/>
      <property name="junit4.childvm.cwd" value="/Users/brijeshs/Documents/elasticsearch_sort_netbeans/elasticsearch/core/build/testrun/integTest/J1"/>
      <property name="junit4.childvm.id" value="1"/>
      <property name="junit4.memory.total" value="514850816"/>
      <property name="junit4.pidString" value="3330@BrijeshS-2.fios-router.home"/>
      <property name="junit4.processors" value="8"/>
      <property name="line.separator" value="
"/>
      <property name="os.arch" value="x86_64"/>
      <property name="os.name" value="Mac OS X"/>
      <property name="os.version" value="10.10.5"/>
      <property name="path.separator" value=":"/>
      <property name="socksNonProxyHosts" value="local|*.local|169.254/16|*.169.254/16"/>
      <property name="sun.arch.data.model" value="64"/>
      <property name="sun.boot.class.path" value="/Library/Java/JavaVirtualMachines/jdk1.8.0_40.jdk/Contents/Home/jre/lib/resources.jar:/Library/Java/JavaVirtualMachines/jdk1.8.0_40.jdk/Contents/Home/jre/lib/rt.jar:/Library/Java/JavaVirtualMachines/jdk1.8.0_40.jdk/Contents/Home/jre/lib/sunrsasign.jar:/Library/Java/JavaVirtualMachines/jdk1.8.0_40.jdk/Contents/Home/jre/lib/jsse.jar:/Library/Java/JavaVirtualMachines/jdk1.8.0_40.jdk/Contents/Home/jre/lib/jce.jar:/Library/Java/JavaVirtualMachines/jdk1.8.0_40.jdk/Contents/Home/jre/lib/charsets.jar:/Library/Java/JavaVirtualMachines/jdk1.8.0_40.jdk/Contents/Home/jre/lib/jfr.jar:/Library/Java/JavaVirtualMachines/jdk1.8.0_40.jdk/Contents/Home/jre/classes"/>
      <property name="sun.boot.library.path" value="/Library/Java/JavaVirtualMachines/jdk1.8.0_40.jdk/Contents/Home/jre/lib"/>
      <property name="sun.cpu.endian" value="little"/>
      <property name="sun.cpu.isalist" value=""/>
      <property name="sun.io.unicode.encoding" value="UnicodeBig"/>
      <property name="sun.java.command" value="com.carrotsearch.ant.tasks.junit4.slave.SlaveMainSafe -eventsfile /Users/brijeshs/Documents/elasticsearch_sort_netbeans/elasticsearch/core/build/testrun/integTest/temp/junit4-J1-20160330_225751_012.events @/Users/brijeshs/Documents/elasticsearch_sort_netbeans/elasticsearch/core/build/testrun/integTest/temp/junit4-J1-20160330_225751_012.suites -stdin"/>
      <property name="sun.java.launcher" value="SUN_STANDARD"/>
      <property name="sun.jnu.encoding" value="UTF-8"/>
      <property name="sun.management.compiler" value="HotSpot 64-Bit Tiered Compilers"/>
      <property name="sun.os.patch.level" value="unknown"/>
      <property name="tests.artifact" value="core"/>
      <property name="tests.ifNoTests" value="fail"/>
      <property name="tests.maven" value="true"/>
      <property name="tests.prefix" value="tests"/>
      <property name="tests.security.manager" value="true"/>
      <property name="tests.seed" value="9744F55C17012246"/>
      <property name="tests.task" value=":core:integTest"/>
      <property name="user.country" value="US"/>
      <property name="user.dir" value="/Users/brijeshs/Documents/elasticsearch_sort_netbeans/elasticsearch/core/build/testrun/integTest/J1"/>
      <property name="user.home" value="/Users/brijeshs"/>
      <property name="user.language" value="en"/>
      <property name="user.name" value="brijeshs"/>
      <property name="user.timezone" value="America/Los_Angeles"/>
   </properties>
   <testcase classname="org.elasticsearch.snapshots.SharedClusterSnapshotRestoreIT" name="testEmptySnapshot" time="0.486"/>
   <testcase classname="org.elasticsearch.snapshots.SharedClusterSnapshotRestoreIT" name="testRenameOnRestore" time="12.921"/>
   <testcase classname="org.elasticsearch.snapshots.SharedClusterSnapshotRestoreIT" name="testDeleteSnapshot" time="45.669"/>
   <testcase classname="org.elasticsearch.snapshots.SharedClusterSnapshotRestoreIT" name="testDeleteSnapshotWithMissingIndexAndShardMetadata" time="6.795"/>
   <testcase classname="org.elasticsearch.snapshots.SharedClusterSnapshotRestoreIT" name="testMoveShardWhileSnapshotting" time="3.91"/>
   <testcase classname="org.elasticsearch.snapshots.SharedClusterSnapshotRestoreIT" name="testChangeSettingsOnRestore" time="7.473"/>
   <testcase classname="org.elasticsearch.snapshots.SharedClusterSnapshotRestoreIT" name="testRecreateBlocksOnRestore" time="2.218"/>
   <testcase classname="org.elasticsearch.snapshots.SharedClusterSnapshotRestoreIT" name="testFreshIndexUUID" time="2.284"/>
   <testcase classname="org.elasticsearch.snapshots.SharedClusterSnapshotRestoreIT" name="testDeleteSnapshotWithCorruptedSnapshotFile" time="1.505"/>
   <testcase classname="org.elasticsearch.snapshots.SharedClusterSnapshotRestoreIT" name="testSnapshotRelocatingPrimary" time="3.239"/>
   <testcase classname="org.elasticsearch.snapshots.SharedClusterSnapshotRestoreIT" name="testSnapshotMoreThanOnce" time="1.907"/>
   <testcase classname="org.elasticsearch.snapshots.SharedClusterSnapshotRestoreIT" name="testDeleteSnapshotWithMissingMetadata" time="1.762"/>
   <testcase classname="org.elasticsearch.snapshots.SharedClusterSnapshotRestoreIT" name="testBatchingShardUpdateTask" time="4.512"/>
   <testcase classname="org.elasticsearch.snapshots.SharedClusterSnapshotRestoreIT" name="testSnapshotSingleClosedIndex" time="1.4"/>
   <testcase classname="org.elasticsearch.snapshots.SharedClusterSnapshotRestoreIT" name="testSingleGetAfterRestore" time="2.067"/>
   <testcase classname="org.elasticsearch.snapshots.SharedClusterSnapshotRestoreIT" name="testSnapshotStatus" time="1.247"/>
   <testcase classname="org.elasticsearch.snapshots.SharedClusterSnapshotRestoreIT" name="testRestoreTemplates" time="0.251"/>
   <testcase classname="org.elasticsearch.snapshots.SharedClusterSnapshotRestoreIT" name="testDeletionOfFailingToRecoverIndexShouldStopRestore" time="2.656"/>
   <testcase classname="org.elasticsearch.snapshots.SharedClusterSnapshotRestoreIT" name="testSnapshotFileFailureDuringSnapshot" time="0.722"/>
   <testcase classname="org.elasticsearch.snapshots.SharedClusterSnapshotRestoreIT" name="testSnapshotName" time="0.178"/>
   <testcase classname="org.elasticsearch.snapshots.SharedClusterSnapshotRestoreIT" name="testDataFileFailureDuringRestore" time="5.912"/>
   <testcase classname="org.elasticsearch.snapshots.SharedClusterSnapshotRestoreIT" name="testListCorruptedSnapshot" time="2.328"/>
   <testcase classname="org.elasticsearch.snapshots.SharedClusterSnapshotRestoreIT" name="testDeleteIndexDuringSnapshot" time="3.247"/>
   <testcase classname="org.elasticsearch.snapshots.SharedClusterSnapshotRestoreIT" name="testBasicWorkFlow" time="3.121"/>
   <testcase classname="org.elasticsearch.snapshots.SharedClusterSnapshotRestoreIT" name="testDeleteRepositoryWhileSnapshotting" time="2.031"/>
   <testcase classname="org.elasticsearch.snapshots.SharedClusterSnapshotRestoreIT" name="testUrlRepository" time="2.304"/>
   <testcase classname="org.elasticsearch.snapshots.SharedClusterSnapshotRestoreIT" name="testUnallocatedShards" time="0.201"/>
   <testcase classname="org.elasticsearch.snapshots.SharedClusterSnapshotRestoreIT" name="testRestoreWithDifferentMappingsAndSettings" time="2.967"/>
   <testcase classname="org.elasticsearch.snapshots.SharedClusterSnapshotRestoreIT" name="testReadonlyRepository" time="3.788"/>
   <testcase classname="org.elasticsearch.snapshots.SharedClusterSnapshotRestoreIT" name="testSnapshotClosedIndex" time="1.247"/>
   <testcase classname="org.elasticsearch.snapshots.SharedClusterSnapshotRestoreIT" name="testDataFileFailureDuringSnapshot" time="3.8"/>
   <testcase classname="org.elasticsearch.snapshots.SharedClusterSnapshotRestoreIT" name="testIncludeGlobalState" time="2.66"/>
   <testcase classname="org.elasticsearch.snapshots.SharedClusterSnapshotRestoreIT" name="testRestoreAliases" time="10.559"/>
   <testcase classname="org.elasticsearch.snapshots.SharedClusterSnapshotRestoreIT" name="testThrottling" time="35.957"/>
   <testcase classname="org.elasticsearch.snapshots.SharedClusterSnapshotRestoreIT" name="testDeleteOrphanSnapshot" time="1.145"/>
   <system-out><![CDATA[[2016-03-30 23:00:30,783][WARN ][org.elasticsearch.snapshots] [node_s0] [test-repo][test-snap] failed to restore snapshot
SnapshotRestoreException[[test-repo:test-snap] indices [test-idx-2] and [test-idx-1] are renamed into the same index [same-name]]
	at org.elasticsearch.snapshots.RestoreService.renamedIndices(RestoreService.java:673)
	at org.elasticsearch.snapshots.RestoreService.restoreSnapshot(RestoreService.java:173)
	at org.elasticsearch.action.admin.cluster.snapshots.restore.TransportRestoreSnapshotAction.masterOperation(TransportRestoreSnapshotAction.java:82)
	at org.elasticsearch.action.admin.cluster.snapshots.restore.TransportRestoreSnapshotAction.masterOperation(TransportRestoreSnapshotAction.java:41)
	at org.elasticsearch.action.support.master.TransportMasterNodeAction$AsyncSingleAction$3.doRun(TransportMasterNodeAction.java:160)
	at org.elasticsearch.common.util.concurrent.AbstractRunnable.run(AbstractRunnable.java:37)
	at java.util.concurrent.ThreadPoolExecutor.runWorker(ThreadPoolExecutor.java:1142)
	at java.util.concurrent.ThreadPoolExecutor$Worker.run(ThreadPoolExecutor.java:617)
	at java.lang.Thread.run(Thread.java:745)
[2016-03-30 23:00:30,798][WARN ][org.elasticsearch.snapshots] [node_s0] [test-repo][test-snap] failed to restore snapshot
SnapshotRestoreException[[test-repo:test-snap] indices [test-idx-2] and [test-idx-1] are renamed into the same index [test-idx-1]]
	at org.elasticsearch.snapshots.RestoreService.renamedIndices(RestoreService.java:673)
	at org.elasticsearch.snapshots.RestoreService.restoreSnapshot(RestoreService.java:173)
	at org.elasticsearch.action.admin.cluster.snapshots.restore.TransportRestoreSnapshotAction.masterOperation(TransportRestoreSnapshotAction.java:82)
	at org.elasticsearch.action.admin.cluster.snapshots.restore.TransportRestoreSnapshotAction.masterOperation(TransportRestoreSnapshotAction.java:41)
	at org.elasticsearch.action.support.master.TransportMasterNodeAction$AsyncSingleAction$3.doRun(TransportMasterNodeAction.java:160)
	at org.elasticsearch.common.util.concurrent.AbstractRunnable.run(AbstractRunnable.java:37)
	at java.util.concurrent.ThreadPoolExecutor.runWorker(ThreadPoolExecutor.java:1142)
	at java.util.concurrent.ThreadPoolExecutor$Worker.run(ThreadPoolExecutor.java:617)
	at java.lang.Thread.run(Thread.java:745)
[2016-03-30 23:00:30,803][WARN ][org.elasticsearch.snapshots] [node_s0] [test-repo:test-snap] failed to restore snapshot
[__WRONG__] InvalidIndexNameException[Invalid index name [__WRONG__], must not start with '_']
	at org.elasticsearch.cluster.metadata.MetaDataCreateIndexService.validateIndexName(MetaDataCreateIndexService.java:143)
	at org.elasticsearch.snapshots.RestoreService$1.execute(RestoreService.java:217)
	at org.elasticsearch.cluster.ClusterStateUpdateTask.execute(ClusterStateUpdateTask.java:45)
	at org.elasticsearch.cluster.service.InternalClusterService.runTasksForExecutor(InternalClusterService.java:401)
	at org.elasticsearch.cluster.service.InternalClusterService$UpdateTask.run(InternalClusterService.java:596)
	at org.elasticsearch.common.util.concurrent.PrioritizedEsThreadPoolExecutor$TieBreakingPrioritizedRunnable.runAndClean(PrioritizedEsThreadPoolExecutor.java:231)
	at org.elasticsearch.common.util.concurrent.PrioritizedEsThreadPoolExecutor$TieBreakingPrioritizedRunnable.run(PrioritizedEsThreadPoolExecutor.java:194)
	at java.util.concurrent.ThreadPoolExecutor.runWorker(ThreadPoolExecutor.java:1142)
	at java.util.concurrent.ThreadPoolExecutor$Worker.run(ThreadPoolExecutor.java:617)
	at java.lang.Thread.run(Thread.java:745)
[2016-03-30 23:00:30,806][WARN ][org.elasticsearch.snapshots] [node_s0] [test-repo:test-snap] failed to restore snapshot
[alias-3] InvalidIndexNameException[Invalid index name [alias-3], already exists as alias]
	at org.elasticsearch.cluster.metadata.MetaDataCreateIndexService.validateIndexName(MetaDataCreateIndexService.java:161)
	at org.elasticsearch.snapshots.RestoreService$1.execute(RestoreService.java:217)
	at org.elasticsearch.cluster.ClusterStateUpdateTask.execute(ClusterStateUpdateTask.java:45)
	at org.elasticsearch.cluster.service.InternalClusterService.runTasksForExecutor(InternalClusterService.java:401)
	at org.elasticsearch.cluster.service.InternalClusterService$UpdateTask.run(InternalClusterService.java:596)
	at org.elasticsearch.common.util.concurrent.PrioritizedEsThreadPoolExecutor$TieBreakingPrioritizedRunnable.runAndClean(PrioritizedEsThreadPoolExecutor.java:231)
	at org.elasticsearch.common.util.concurrent.PrioritizedEsThreadPoolExecutor$TieBreakingPrioritizedRunnable.run(PrioritizedEsThreadPoolExecutor.java:194)
	at java.util.concurrent.ThreadPoolExecutor.runWorker(ThreadPoolExecutor.java:1142)
	at java.util.concurrent.ThreadPoolExecutor$Worker.run(ThreadPoolExecutor.java:617)
	at java.lang.Thread.run(Thread.java:745)
[2016-03-30 23:00:30,810][WARN ][org.elasticsearch.snapshots] [node_s0] [test-repo:test-snap] failed to restore snapshot
SnapshotRestoreException[[test-repo:test-snap] cannot rename index [test-idx-1] into [alias-1] because of conflict with an alias with the same name]
	at org.elasticsearch.snapshots.RestoreService$1.checkAliasNameConflicts(RestoreService.java:300)
	at org.elasticsearch.snapshots.RestoreService$1.execute(RestoreService.java:278)
	at org.elasticsearch.cluster.ClusterStateUpdateTask.execute(ClusterStateUpdateTask.java:45)
	at org.elasticsearch.cluster.service.InternalClusterService.runTasksForExecutor(InternalClusterService.java:401)
	at org.elasticsearch.cluster.service.InternalClusterService$UpdateTask.run(InternalClusterService.java:596)
	at org.elasticsearch.common.util.concurrent.PrioritizedEsThreadPoolExecutor$TieBreakingPrioritizedRunnable.runAndClean(PrioritizedEsThreadPoolExecutor.java:231)
	at org.elasticsearch.common.util.concurrent.PrioritizedEsThreadPoolExecutor$TieBreakingPrioritizedRunnable.run(PrioritizedEsThreadPoolExecutor.java:194)
	at java.util.concurrent.ThreadPoolExecutor.runWorker(ThreadPoolExecutor.java:1142)
	at java.util.concurrent.ThreadPoolExecutor$Worker.run(ThreadPoolExecutor.java:617)
	at java.lang.Thread.run(Thread.java:745)
[2016-03-30 23:00:30,814][WARN ][org.elasticsearch.snapshots] [node_s0] [test-repo:test-snap] failed to restore snapshot
SnapshotRestoreException[[test-repo:test-snap] cannot rename index [test-idx-1] into [alias-2] because of conflict with an alias with the same name]
	at org.elasticsearch.snapshots.RestoreService$1.checkAliasNameConflicts(RestoreService.java:300)
	at org.elasticsearch.snapshots.RestoreService$1.execute(RestoreService.java:278)
	at org.elasticsearch.cluster.ClusterStateUpdateTask.execute(ClusterStateUpdateTask.java:45)
	at org.elasticsearch.cluster.service.InternalClusterService.runTasksForExecutor(InternalClusterService.java:401)
	at org.elasticsearch.cluster.service.InternalClusterService$UpdateTask.run(InternalClusterService.java:596)
	at org.elasticsearch.common.util.concurrent.PrioritizedEsThreadPoolExecutor$TieBreakingPrioritizedRunnable.runAndClean(PrioritizedEsThreadPoolExecutor.java:231)
	at org.elasticsearch.common.util.concurrent.PrioritizedEsThreadPoolExecutor$TieBreakingPrioritizedRunnable.run(PrioritizedEsThreadPoolExecutor.java:194)
	at java.util.concurrent.ThreadPoolExecutor.runWorker(ThreadPoolExecutor.java:1142)
	at java.util.concurrent.ThreadPoolExecutor$Worker.run(ThreadPoolExecutor.java:617)
	at java.lang.Thread.run(Thread.java:745)
[2016-03-30 23:01:32,555][WARN ][org.elasticsearch.snapshots] [node_s0] [test-repo:test-snap] failed to restore snapshot
SnapshotRestoreException[[test-repo:test-snap] cannot modify setting [index.number_of_shards] on restore]
	at org.elasticsearch.snapshots.RestoreService$1.updateIndexSettings(RestoreService.java:380)
	at org.elasticsearch.snapshots.RestoreService$1.execute(RestoreService.java:205)
	at org.elasticsearch.cluster.ClusterStateUpdateTask.execute(ClusterStateUpdateTask.java:45)
	at org.elasticsearch.cluster.service.InternalClusterService.runTasksForExecutor(InternalClusterService.java:401)
	at org.elasticsearch.cluster.service.InternalClusterService$UpdateTask.run(InternalClusterService.java:596)
	at org.elasticsearch.common.util.concurrent.PrioritizedEsThreadPoolExecutor$TieBreakingPrioritizedRunnable.runAndClean(PrioritizedEsThreadPoolExecutor.java:231)
	at org.elasticsearch.common.util.concurrent.PrioritizedEsThreadPoolExecutor$TieBreakingPrioritizedRunnable.run(PrioritizedEsThreadPoolExecutor.java:194)
	at java.util.concurrent.ThreadPoolExecutor.runWorker(ThreadPoolExecutor.java:1142)
	at java.util.concurrent.ThreadPoolExecutor$Worker.run(ThreadPoolExecutor.java:617)
	at java.lang.Thread.run(Thread.java:745)
[2016-03-30 23:01:32,562][WARN ][org.elasticsearch.snapshots] [node_s0] [test-repo:test-snap] failed to restore snapshot
java.lang.IllegalArgumentException: must specify non-negative number of shards for index [test-idx]
	at org.elasticsearch.cluster.metadata.IndexMetaData$Builder.build(IndexMetaData.java:749)
	at org.elasticsearch.snapshots.RestoreService$1.updateIndexSettings(RestoreService.java:386)
	at org.elasticsearch.snapshots.RestoreService$1.execute(RestoreService.java:205)
	at org.elasticsearch.cluster.ClusterStateUpdateTask.execute(ClusterStateUpdateTask.java:45)
	at org.elasticsearch.cluster.service.InternalClusterService.runTasksForExecutor(InternalClusterService.java:401)
	at org.elasticsearch.cluster.service.InternalClusterService$UpdateTask.run(InternalClusterService.java:596)
	at org.elasticsearch.common.util.concurrent.PrioritizedEsThreadPoolExecutor$TieBreakingPrioritizedRunnable.runAndClean(PrioritizedEsThreadPoolExecutor.java:231)
	at org.elasticsearch.common.util.concurrent.PrioritizedEsThreadPoolExecutor$TieBreakingPrioritizedRunnable.run(PrioritizedEsThreadPoolExecutor.java:194)
	at java.util.concurrent.ThreadPoolExecutor.runWorker(ThreadPoolExecutor.java:1142)
	at java.util.concurrent.ThreadPoolExecutor$Worker.run(ThreadPoolExecutor.java:617)
	at java.lang.Thread.run(Thread.java:745)
[2016-03-30 23:01:41,710][WARN ][org.elasticsearch.repositories.fs] [node_s0] cannot read snapshot file [test-repo:test-snap-1]
java.lang.IllegalStateException: class org.apache.lucene.store.BufferedChecksumIndexInput cannot seek backwards (pos=-10 getFilePointer()=0)
	at org.apache.lucene.store.ChecksumIndexInput.seek(ChecksumIndexInput.java:50)
	at org.apache.lucene.codecs.CodecUtil.checksumEntireFile(CodecUtil.java:448)
	at org.elasticsearch.repositories.blobstore.ChecksumBlobStoreFormat.readBlob(ChecksumBlobStoreFormat.java:99)
	at org.elasticsearch.repositories.blobstore.BlobStoreFormat.read(BlobStoreFormat.java:86)
	at org.elasticsearch.repositories.blobstore.BlobStoreRepository.readSnapshot(BlobStoreRepository.java:440)
	at org.elasticsearch.repositories.blobstore.BlobStoreRepository.deleteSnapshot(BlobStoreRepository.java:300)
	at org.elasticsearch.snapshots.SnapshotsService$8.run(SnapshotsService.java:1010)
	at java.util.concurrent.ThreadPoolExecutor.runWorker(ThreadPoolExecutor.java:1142)
	at java.util.concurrent.ThreadPoolExecutor$Worker.run(ThreadPoolExecutor.java:617)
	at java.lang.Thread.run(Thread.java:745)
[2016-03-30 23:01:48,724][WARN ][org.elasticsearch.repositories.fs] [node_s0] cannot read metadata for snapshot [test-repo:test-snap-1]
SnapshotMissingException[[test-repo:test-snap-1] is missing]; nested: NoSuchFileException[/Users/brijeshs/Documents/elasticsearch_sort_netbeans/elasticsearch/core/build/testrun/integTest/J1/temp/org.elasticsearch.snapshots.SharedClusterSnapshotRestoreIT_9744F55C17012246-001/tempDir-001/repos/uqvJcpNkJo/meta-test-snap-1.dat];
	at org.elasticsearch.repositories.blobstore.BlobStoreRepository.readSnapshotMetaData(BlobStoreRepository.java:472)
	at org.elasticsearch.repositories.blobstore.BlobStoreRepository.deleteSnapshot(BlobStoreRepository.java:310)
	at org.elasticsearch.snapshots.SnapshotsService$8.run(SnapshotsService.java:1010)
	at java.util.concurrent.ThreadPoolExecutor.runWorker(ThreadPoolExecutor.java:1142)
	at java.util.concurrent.ThreadPoolExecutor$Worker.run(ThreadPoolExecutor.java:617)
	at java.lang.Thread.run(Thread.java:745)
Caused by: java.nio.file.NoSuchFileException: /Users/brijeshs/Documents/elasticsearch_sort_netbeans/elasticsearch/core/build/testrun/integTest/J1/temp/org.elasticsearch.snapshots.SharedClusterSnapshotRestoreIT_9744F55C17012246-001/tempDir-001/repos/uqvJcpNkJo/meta-test-snap-1.dat
	at sun.nio.fs.UnixException.translateToIOException(UnixException.java:86)
	at sun.nio.fs.UnixException.rethrowAsIOException(UnixException.java:102)
	at sun.nio.fs.UnixException.rethrowAsIOException(UnixException.java:107)
	at sun.nio.fs.UnixFileSystemProvider.newByteChannel(UnixFileSystemProvider.java:214)
	at java.nio.file.Files.newByteChannel(Files.java:361)
	at java.nio.file.Files.newByteChannel(Files.java:407)
	at java.nio.file.spi.FileSystemProvider.newInputStream(FileSystemProvider.java:384)
	at org.apache.lucene.mockfile.FilterFileSystemProvider.newInputStream(FilterFileSystemProvider.java:193)
	at org.apache.lucene.mockfile.FilterFileSystemProvider.newInputStream(FilterFileSystemProvider.java:193)
	at org.apache.lucene.mockfile.FilterFileSystemProvider.newInputStream(FilterFileSystemProvider.java:193)
	at org.apache.lucene.mockfile.HandleTrackingFS.newInputStream(HandleTrackingFS.java:93)
	at org.apache.lucene.mockfile.FilterFileSystemProvider.newInputStream(FilterFileSystemProvider.java:193)
	at org.apache.lucene.mockfile.HandleTrackingFS.newInputStream(HandleTrackingFS.java:93)
	at java.nio.file.Files.newInputStream(Files.java:152)
	at org.elasticsearch.common.blobstore.fs.FsBlobContainer.readBlob(FsBlobContainer.java:94)
	at org.elasticsearch.repositories.blobstore.ChecksumBlobStoreFormat.readBlob(ChecksumBlobStoreFormat.java:93)
	at org.elasticsearch.repositories.blobstore.BlobStoreFormat.read(BlobStoreFormat.java:86)
	at org.elasticsearch.repositories.blobstore.BlobStoreRepository.readSnapshotMetaData(BlobStoreRepository.java:470)
	... 5 more
[2016-03-30 23:01:49,309][DEBUG][org.elasticsearch.cluster.service] [node_s0] processing [delete_repository [*]]: execute
[2016-03-30 23:01:49,309][DEBUG][org.elasticsearch.cluster.service] [node_s0] processing [delete_repository [*]]: took 0s no change in cluster_state
[2016-03-30 23:01:49,311][DEBUG][org.elasticsearch.cluster.service] [node_s0] processing [create-index-template [random_index_template], cause [api]]: execute
[2016-03-30 23:01:49,311][DEBUG][org.elasticsearch.cluster.service] [node_s0] cluster state updated, version [455], source [create-index-template [random_index_template], cause [api]]
[2016-03-30 23:01:49,311][DEBUG][org.elasticsearch.cluster.service] [node_s0] publishing cluster state version [455]
[2016-03-30 23:01:49,312][DEBUG][org.elasticsearch.cluster.service] [node_s1] processing [local-disco-receive(from master)]: execute
[2016-03-30 23:01:49,313][DEBUG][org.elasticsearch.cluster.service] [node_s1] cluster state updated, version [455], source [local-disco-receive(from master)]
[2016-03-30 23:01:49,313][DEBUG][org.elasticsearch.cluster.service] [node_s1] set local cluster state to version 455
[2016-03-30 23:01:49,322][DEBUG][org.elasticsearch.cluster.service] [node_s1] processing [local-disco-receive(from master)]: took 8ms done applying updated cluster_state (version: 455, uuid: 4aiLkmdWSheD5PJC_xwv6Q)
[2016-03-30 23:01:49,322][DEBUG][org.elasticsearch.cluster.service] [node_s0] set local cluster state to version 455
[2016-03-30 23:01:49,329][DEBUG][org.elasticsearch.cluster.service] [node_s0] processing [create-index-template [random_index_template], cause [api]]: took 17ms done applying updated cluster_state (version: 455, uuid: 4aiLkmdWSheD5PJC_xwv6Q)
[2016-03-30 23:01:49,331][DEBUG][org.elasticsearch.cluster.service] [node_s0] processing [put_repository [test-repo]]: execute
[2016-03-30 23:01:49,332][DEBUG][org.elasticsearch.cluster.service] [node_s0] cluster state updated, version [456], source [put_repository [test-repo]]
[2016-03-30 23:01:49,333][DEBUG][org.elasticsearch.cluster.service] [node_s0] publishing cluster state version [456]
[2016-03-30 23:01:49,333][DEBUG][org.elasticsearch.cluster.service] [node_s1] processing [local-disco-receive(from master)]: execute
[2016-03-30 23:01:49,333][DEBUG][org.elasticsearch.cluster.service] [node_s1] cluster state updated, version [456], source [local-disco-receive(from master)]
[2016-03-30 23:01:49,333][DEBUG][org.elasticsearch.cluster.service] [node_s1] set local cluster state to version 456
[2016-03-30 23:01:49,341][DEBUG][org.elasticsearch.cluster.service] [node_s0] set local cluster state to version 456
[2016-03-30 23:01:49,341][DEBUG][org.elasticsearch.cluster.service] [node_s1] processing [local-disco-receive(from master)]: took 8ms done applying updated cluster_state (version: 456, uuid: wDTPvDh3QIiRjnZgXqjd-g)
[2016-03-30 23:01:49,359][DEBUG][org.elasticsearch.cluster.service] [node_s0] processing [put_repository [test-repo]]: took 28ms done applying updated cluster_state (version: 456, uuid: wDTPvDh3QIiRjnZgXqjd-g)
[2016-03-30 23:01:49,364][DEBUG][org.elasticsearch.cluster.service] [node_s0] processing [create-index [test-idx], cause [api]]: execute
[2016-03-30 23:01:49,367][INFO ][org.elasticsearch.cluster.metadata] [node_s0] [test-idx] creating index, cause [api], templates [random_index_template], shards [17]/[0], mappings [_default_]
[2016-03-30 23:01:49,368][DEBUG][org.elasticsearch.cluster.service] [node_s0] cluster state updated, version [457], source [create-index [test-idx], cause [api]]
[2016-03-30 23:01:49,368][DEBUG][org.elasticsearch.cluster.service] [node_s0] publishing cluster state version [457]
[2016-03-30 23:01:49,369][DEBUG][org.elasticsearch.cluster.service] [node_s1] processing [local-disco-receive(from master)]: execute
[2016-03-30 23:01:49,369][DEBUG][org.elasticsearch.cluster.service] [node_s1] cluster state updated, version [457], source [local-disco-receive(from master)]
[2016-03-30 23:01:49,369][DEBUG][org.elasticsearch.cluster.service] [node_s1] set local cluster state to version 457
[2016-03-30 23:01:49,402][DEBUG][org.elasticsearch.cluster.action.shard] [node_s1] [test-idx][7] sending shard started for [test-idx][7], node[BGl_MLcDTse8q5N9C0jt5A], [P], v[1], s[INITIALIZING], a[id=lt8qebcmRRqzlFFunQEe5Q], unassigned_info[[reason=INDEX_CREATED], at[2016-03-31T06:01:49.367Z]], indexUUID [qGePyLBjQfWYwfUhYQW18g], message [after recovery from store], failure [Unknown]
[2016-03-30 23:01:49,402][DEBUG][org.elasticsearch.cluster.action.shard] [node_s0] received shard started for [test-idx][7], node[BGl_MLcDTse8q5N9C0jt5A], [P], v[1], s[INITIALIZING], a[id=lt8qebcmRRqzlFFunQEe5Q], unassigned_info[[reason=INDEX_CREATED], at[2016-03-31T06:01:49.367Z]], indexUUID [qGePyLBjQfWYwfUhYQW18g], message [after recovery from store], failure [Unknown]
[2016-03-30 23:01:49,412][DEBUG][org.elasticsearch.cluster.action.shard] [node_s1] [test-idx][5] sending shard started for [test-idx][5], node[BGl_MLcDTse8q5N9C0jt5A], [P], v[1], s[INITIALIZING], a[id=17W0-FTqQeKui8otDZR5PA], unassigned_info[[reason=INDEX_CREATED], at[2016-03-31T06:01:49.367Z]], indexUUID [qGePyLBjQfWYwfUhYQW18g], message [after recovery from store], failure [Unknown]
[2016-03-30 23:01:49,412][DEBUG][org.elasticsearch.cluster.action.shard] [node_s0] received shard started for [test-idx][5], node[BGl_MLcDTse8q5N9C0jt5A], [P], v[1], s[INITIALIZING], a[id=17W0-FTqQeKui8otDZR5PA], unassigned_info[[reason=INDEX_CREATED], at[2016-03-31T06:01:49.367Z]], indexUUID [qGePyLBjQfWYwfUhYQW18g], message [after recovery from store], failure [Unknown]
[2016-03-30 23:01:49,424][DEBUG][org.elasticsearch.cluster.action.shard] [node_s1] [test-idx][1] sending shard started for [test-idx][1], node[BGl_MLcDTse8q5N9C0jt5A], [P], v[1], s[INITIALIZING], a[id=gZCPKJbrQ1Otx7gAkhEgbw], unassigned_info[[reason=INDEX_CREATED], at[2016-03-31T06:01:49.367Z]], indexUUID [qGePyLBjQfWYwfUhYQW18g], message [after recovery from store], failure [Unknown]
[2016-03-30 23:01:49,424][DEBUG][org.elasticsearch.cluster.action.shard] [node_s0] received shard started for [test-idx][1], node[BGl_MLcDTse8q5N9C0jt5A], [P], v[1], s[INITIALIZING], a[id=gZCPKJbrQ1Otx7gAkhEgbw], unassigned_info[[reason=INDEX_CREATED], at[2016-03-31T06:01:49.367Z]], indexUUID [qGePyLBjQfWYwfUhYQW18g], message [after recovery from store], failure [Unknown]
[2016-03-30 23:01:49,434][DEBUG][org.elasticsearch.cluster.action.shard] [node_s1] [test-idx][3] sending shard started for [test-idx][3], node[BGl_MLcDTse8q5N9C0jt5A], [P], v[1], s[INITIALIZING], a[id=qGD0_H57RWmFi7PiJY8Djw], unassigned_info[[reason=INDEX_CREATED], at[2016-03-31T06:01:49.367Z]], indexUUID [qGePyLBjQfWYwfUhYQW18g], message [after recovery from store], failure [Unknown]
[2016-03-30 23:01:49,435][DEBUG][org.elasticsearch.cluster.action.shard] [node_s0] received shard started for [test-idx][3], node[BGl_MLcDTse8q5N9C0jt5A], [P], v[1], s[INITIALIZING], a[id=qGD0_H57RWmFi7PiJY8Djw], unassigned_info[[reason=INDEX_CREATED], at[2016-03-31T06:01:49.367Z]], indexUUID [qGePyLBjQfWYwfUhYQW18g], message [after recovery from store], failure [Unknown]
[2016-03-30 23:01:49,442][DEBUG][org.elasticsearch.cluster.service] [node_s0] set local cluster state to version 457
[2016-03-30 23:01:49,442][DEBUG][org.elasticsearch.cluster.service] [node_s1] processing [local-disco-receive(from master)]: took 72ms done applying updated cluster_state (version: 457, uuid: iofJN_eZSq-iJj1iSY8_nA)
[2016-03-30 23:01:49,472][DEBUG][org.elasticsearch.cluster.action.shard] [node_s0] [test-idx][6] sending shard started for [test-idx][6], node[YU4rw4SiR5aBA7JFJFd8EQ], [P], v[1], s[INITIALIZING], a[id=JLgcxSnTQG27_fZ8qYYZ9w], unassigned_info[[reason=INDEX_CREATED], at[2016-03-31T06:01:49.367Z]], indexUUID [qGePyLBjQfWYwfUhYQW18g], message [after recovery from store], failure [Unknown]
[2016-03-30 23:01:49,473][DEBUG][org.elasticsearch.cluster.action.shard] [node_s0] received shard started for [test-idx][6], node[YU4rw4SiR5aBA7JFJFd8EQ], [P], v[1], s[INITIALIZING], a[id=JLgcxSnTQG27_fZ8qYYZ9w], unassigned_info[[reason=INDEX_CREATED], at[2016-03-31T06:01:49.367Z]], indexUUID [qGePyLBjQfWYwfUhYQW18g], message [after recovery from store], failure [Unknown]
[2016-03-30 23:01:49,485][DEBUG][org.elasticsearch.cluster.action.shard] [node_s0] [test-idx][2] sending shard started for [test-idx][2], node[YU4rw4SiR5aBA7JFJFd8EQ], [P], v[1], s[INITIALIZING], a[id=ynruvYCKSdiRT1x_wzw4Vw], unassigned_info[[reason=INDEX_CREATED], at[2016-03-31T06:01:49.367Z]], indexUUID [qGePyLBjQfWYwfUhYQW18g], message [after recovery from store], failure [Unknown]
[2016-03-30 23:01:49,486][DEBUG][org.elasticsearch.cluster.action.shard] [node_s0] received shard started for [test-idx][2], node[YU4rw4SiR5aBA7JFJFd8EQ], [P], v[1], s[INITIALIZING], a[id=ynruvYCKSdiRT1x_wzw4Vw], unassigned_info[[reason=INDEX_CREATED], at[2016-03-31T06:01:49.367Z]], indexUUID [qGePyLBjQfWYwfUhYQW18g], message [after recovery from store], failure [Unknown]
[2016-03-30 23:01:49,496][DEBUG][org.elasticsearch.cluster.action.shard] [node_s0] [test-idx][4] sending shard started for [test-idx][4], node[YU4rw4SiR5aBA7JFJFd8EQ], [P], v[1], s[INITIALIZING], a[id=Kyx59fHfR7CozjXxQqtJgA], unassigned_info[[reason=INDEX_CREATED], at[2016-03-31T06:01:49.367Z]], indexUUID [qGePyLBjQfWYwfUhYQW18g], message [after recovery from store], failure [Unknown]
[2016-03-30 23:01:49,496][DEBUG][org.elasticsearch.cluster.action.shard] [node_s0] received shard started for [test-idx][4], node[YU4rw4SiR5aBA7JFJFd8EQ], [P], v[1], s[INITIALIZING], a[id=Kyx59fHfR7CozjXxQqtJgA], unassigned_info[[reason=INDEX_CREATED], at[2016-03-31T06:01:49.367Z]], indexUUID [qGePyLBjQfWYwfUhYQW18g], message [after recovery from store], failure [Unknown]
[2016-03-30 23:01:49,505][DEBUG][org.elasticsearch.cluster.service] [node_s0] processing [create-index [test-idx], cause [api]]: took 140ms done applying updated cluster_state (version: 457, uuid: iofJN_eZSq-iJj1iSY8_nA)
[2016-03-30 23:01:49,505][DEBUG][org.elasticsearch.cluster.service] [node_s0] processing [shard-started ([test-idx][7], node[BGl_MLcDTse8q5N9C0jt5A], [P], v[1], s[INITIALIZING], a[id=lt8qebcmRRqzlFFunQEe5Q], unassigned_info[[reason=INDEX_CREATED], at[2016-03-31T06:01:49.367Z]]), reason [after recovery from store],shard-started ([test-idx][5], node[BGl_MLcDTse8q5N9C0jt5A], [P], v[1], s[INITIALIZING], a[id=17W0-FTqQeKui8otDZR5PA], unassigned_info[[reason=INDEX_CREATED], at[2016-03-31T06:01:49.367Z]]), reason [after recovery from store],shard-started ([test-idx][1], node[BGl_MLcDTse8q5N9C0jt5A], [P], v[1], s[INITIALIZING], a[id=gZCPKJbrQ1Otx7gAkhEgbw], unassigned_info[[reason=INDEX_CREATED], at[2016-03-31T06:01:49.367Z]]), reason [after recovery from store],shard-started ([test-idx][3], node[BGl_MLcDTse8q5N9C0jt5A], [P], v[1], s[INITIALIZING], a[id=qGD0_H57RWmFi7PiJY8Djw], unassigned_info[[reason=INDEX_CREATED], at[2016-03-31T06:01:49.367Z]]), reason [after recovery from store],shard-started ([test-idx][6], node[YU4rw4SiR5aBA7JFJFd8EQ], [P], v[1], s[INITIALIZING], a[id=JLgcxSnTQG27_fZ8qYYZ9w], unassigned_info[[reason=INDEX_CREATED], at[2016-03-31T06:01:49.367Z]]), reason [after recovery from store],shard-started ([test-idx][2], node[YU4rw4SiR5aBA7JFJFd8EQ], [P], v[1], s[INITIALIZING], a[id=ynruvYCKSdiRT1x_wzw4Vw], unassigned_info[[reason=INDEX_CREATED], at[2016-03-31T06:01:49.367Z]]), reason [after recovery from store],shard-started ([test-idx][4], node[YU4rw4SiR5aBA7JFJFd8EQ], [P], v[1], s[INITIALIZING], a[id=Kyx59fHfR7CozjXxQqtJgA], unassigned_info[[reason=INDEX_CREATED], at[2016-03-31T06:01:49.367Z]]), reason [after recovery from store]]: execute
[2016-03-30 23:01:49,507][DEBUG][org.elasticsearch.cluster.service] [node_s0] cluster state updated, version [458], source [shard-started ([test-idx][7], node[BGl_MLcDTse8q5N9C0jt5A], [P], v[1], s[INITIALIZING], a[id=lt8qebcmRRqzlFFunQEe5Q], unassigned_info[[reason=INDEX_CREATED], at[2016-03-31T06:01:49.367Z]]), reason [after recovery from store],shard-started ([test-idx][5], node[BGl_MLcDTse8q5N9C0jt5A], [P], v[1], s[INITIALIZING], a[id=17W0-FTqQeKui8otDZR5PA], unassigned_info[[reason=INDEX_CREATED], at[2016-03-31T06:01:49.367Z]]), reason [after recovery from store],shard-started ([test-idx][1], node[BGl_MLcDTse8q5N9C0jt5A], [P], v[1], s[INITIALIZING], a[id=gZCPKJbrQ1Otx7gAkhEgbw], unassigned_info[[reason=INDEX_CREATED], at[2016-03-31T06:01:49.367Z]]), reason [after recovery from store],shard-started ([test-idx][3], node[BGl_MLcDTse8q5N9C0jt5A], [P], v[1], s[INITIALIZING], a[id=qGD0_H57RWmFi7PiJY8Djw], unassigned_info[[reason=INDEX_CREATED], at[2016-03-31T06:01:49.367Z]]), reason [after recovery from store],shard-started ([test-idx][6], node[YU4rw4SiR5aBA7JFJFd8EQ], [P], v[1], s[INITIALIZING], a[id=JLgcxSnTQG27_fZ8qYYZ9w], unassigned_info[[reason=INDEX_CREATED], at[2016-03-31T06:01:49.367Z]]), reason [after recovery from store],shard-started ([test-idx][2], node[YU4rw4SiR5aBA7JFJFd8EQ], [P], v[1], s[INITIALIZING], a[id=ynruvYCKSdiRT1x_wzw4Vw], unassigned_info[[reason=INDEX_CREATED], at[2016-03-31T06:01:49.367Z]]), reason [after recovery from store],shard-started ([test-idx][4], node[YU4rw4SiR5aBA7JFJFd8EQ], [P], v[1], s[INITIALIZING], a[id=Kyx59fHfR7CozjXxQqtJgA], unassigned_info[[reason=INDEX_CREATED], at[2016-03-31T06:01:49.367Z]]), reason [after recovery from store]]
[2016-03-30 23:01:49,508][DEBUG][org.elasticsearch.cluster.action.shard] [node_s0] [test-idx][0] sending shard started for [test-idx][0], node[YU4rw4SiR5aBA7JFJFd8EQ], [P], v[1], s[INITIALIZING], a[id=WUu84hA7RQmkrIY8vzJjJg], unassigned_info[[reason=INDEX_CREATED], at[2016-03-31T06:01:49.367Z]], indexUUID [qGePyLBjQfWYwfUhYQW18g], message [after recovery from store], failure [Unknown]
[2016-03-30 23:01:49,509][DEBUG][org.elasticsearch.cluster.service] [node_s0] publishing cluster state version [458]
[2016-03-30 23:01:49,509][DEBUG][org.elasticsearch.cluster.action.shard] [node_s0] received shard started for [test-idx][0], node[YU4rw4SiR5aBA7JFJFd8EQ], [P], v[1], s[INITIALIZING], a[id=WUu84hA7RQmkrIY8vzJjJg], unassigned_info[[reason=INDEX_CREATED], at[2016-03-31T06:01:49.367Z]], indexUUID [qGePyLBjQfWYwfUhYQW18g], message [after recovery from store], failure [Unknown]
[2016-03-30 23:01:49,510][DEBUG][org.elasticsearch.cluster.service] [node_s1] processing [local-disco-receive(from master)]: execute
[2016-03-30 23:01:49,510][DEBUG][org.elasticsearch.cluster.service] [node_s1] cluster state updated, version [458], source [local-disco-receive(from master)]
[2016-03-30 23:01:49,510][DEBUG][org.elasticsearch.cluster.service] [node_s1] set local cluster state to version 458
[2016-03-30 23:01:49,565][DEBUG][org.elasticsearch.cluster.action.shard] [node_s1] [test-idx][14] sending shard started for [test-idx][14], node[BGl_MLcDTse8q5N9C0jt5A], [P], v[1], s[INITIALIZING], a[id=ur47_ibnRii7k6Emk8X1zg], unassigned_info[[reason=INDEX_CREATED], at[2016-03-31T06:01:49.367Z]], indexUUID [qGePyLBjQfWYwfUhYQW18g], message [after recovery from store], failure [Unknown]
[2016-03-30 23:01:49,565][DEBUG][org.elasticsearch.cluster.action.shard] [node_s0] received shard started for [test-idx][14], node[BGl_MLcDTse8q5N9C0jt5A], [P], v[1], s[INITIALIZING], a[id=ur47_ibnRii7k6Emk8X1zg], unassigned_info[[reason=INDEX_CREATED], at[2016-03-31T06:01:49.367Z]], indexUUID [qGePyLBjQfWYwfUhYQW18g], message [after recovery from store], failure [Unknown]
[2016-03-30 23:01:49,570][DEBUG][org.elasticsearch.cluster.action.shard] [node_s1] [test-idx][11] sending shard started for [test-idx][11], node[BGl_MLcDTse8q5N9C0jt5A], [P], v[1], s[INITIALIZING], a[id=U0FkqZQxRxm5nCekp5DTIA], unassigned_info[[reason=INDEX_CREATED], at[2016-03-31T06:01:49.367Z]], indexUUID [qGePyLBjQfWYwfUhYQW18g], message [after recovery from store], failure [Unknown]
[2016-03-30 23:01:49,571][DEBUG][org.elasticsearch.cluster.action.shard] [node_s0] received shard started for [test-idx][11], node[BGl_MLcDTse8q5N9C0jt5A], [P], v[1], s[INITIALIZING], a[id=U0FkqZQxRxm5nCekp5DTIA], unassigned_info[[reason=INDEX_CREATED], at[2016-03-31T06:01:49.367Z]], indexUUID [qGePyLBjQfWYwfUhYQW18g], message [after recovery from store], failure [Unknown]
[2016-03-30 23:01:49,578][DEBUG][org.elasticsearch.cluster.action.shard] [node_s1] [test-idx][13] sending shard started for [test-idx][13], node[BGl_MLcDTse8q5N9C0jt5A], [P], v[1], s[INITIALIZING], a[id=LjP7Z7VZTS6raSZCkr1tpQ], unassigned_info[[reason=INDEX_CREATED], at[2016-03-31T06:01:49.367Z]], indexUUID [qGePyLBjQfWYwfUhYQW18g], message [after recovery from store], failure [Unknown]
[2016-03-30 23:01:49,578][DEBUG][org.elasticsearch.cluster.action.shard] [node_s0] received shard started for [test-idx][13], node[BGl_MLcDTse8q5N9C0jt5A], [P], v[1], s[INITIALIZING], a[id=LjP7Z7VZTS6raSZCkr1tpQ], unassigned_info[[reason=INDEX_CREATED], at[2016-03-31T06:01:49.367Z]], indexUUID [qGePyLBjQfWYwfUhYQW18g], message [after recovery from store], failure [Unknown]
[2016-03-30 23:01:49,596][DEBUG][org.elasticsearch.cluster.action.shard] [node_s1] [test-idx][9] sending shard started for [test-idx][9], node[BGl_MLcDTse8q5N9C0jt5A], [P], v[1], s[INITIALIZING], a[id=-wTDzDjuTYilCg58WOCt4A], unassigned_info[[reason=INDEX_CREATED], at[2016-03-31T06:01:49.367Z]], indexUUID [qGePyLBjQfWYwfUhYQW18g], message [after recovery from store], failure [Unknown]
[2016-03-30 23:01:49,596][DEBUG][org.elasticsearch.cluster.action.shard] [node_s0] received shard started for [test-idx][9], node[BGl_MLcDTse8q5N9C0jt5A], [P], v[1], s[INITIALIZING], a[id=-wTDzDjuTYilCg58WOCt4A], unassigned_info[[reason=INDEX_CREATED], at[2016-03-31T06:01:49.367Z]], indexUUID [qGePyLBjQfWYwfUhYQW18g], message [after recovery from store], failure [Unknown]
[2016-03-30 23:01:49,605][DEBUG][org.elasticsearch.cluster.service] [node_s1] processing [local-disco-receive(from master)]: took 94ms done applying updated cluster_state (version: 458, uuid: sbzmhRNhTZ24_NZRQtrMTA)
[2016-03-30 23:01:49,605][DEBUG][org.elasticsearch.cluster.service] [node_s0] set local cluster state to version 458
[2016-03-30 23:01:49,627][DEBUG][org.elasticsearch.cluster.action.shard] [node_s0] [test-idx][10] sending shard started for [test-idx][10], node[YU4rw4SiR5aBA7JFJFd8EQ], [P], v[1], s[INITIALIZING], a[id=nNjVPpk3TqqANwlbFGn15A], unassigned_info[[reason=INDEX_CREATED], at[2016-03-31T06:01:49.367Z]], indexUUID [qGePyLBjQfWYwfUhYQW18g], message [after recovery from store], failure [Unknown]
[2016-03-30 23:01:49,628][DEBUG][org.elasticsearch.cluster.action.shard] [node_s0] received shard started for [test-idx][10], node[YU4rw4SiR5aBA7JFJFd8EQ], [P], v[1], s[INITIALIZING], a[id=nNjVPpk3TqqANwlbFGn15A], unassigned_info[[reason=INDEX_CREATED], at[2016-03-31T06:01:49.367Z]], indexUUID [qGePyLBjQfWYwfUhYQW18g], message [after recovery from store], failure [Unknown]
[2016-03-30 23:01:49,651][DEBUG][org.elasticsearch.cluster.action.shard] [node_s0] [test-idx][0] sending shard started for [test-idx][0], node[YU4rw4SiR5aBA7JFJFd8EQ], [P], v[1], s[INITIALIZING], a[id=WUu84hA7RQmkrIY8vzJjJg], unassigned_info[[reason=INDEX_CREATED], at[2016-03-31T06:01:49.367Z]], indexUUID [qGePyLBjQfWYwfUhYQW18g], message [master {node_s0}{YU4rw4SiR5aBA7JFJFd8EQ}{local}{local[78]}[mode=>local] marked shard as initializing, but shard state is [POST_RECOVERY], mark shard as started], failure [Unknown]
[2016-03-30 23:01:49,651][DEBUG][org.elasticsearch.cluster.action.shard] [node_s0] received shard started for [test-idx][0], node[YU4rw4SiR5aBA7JFJFd8EQ], [P], v[1], s[INITIALIZING], a[id=WUu84hA7RQmkrIY8vzJjJg], unassigned_info[[reason=INDEX_CREATED], at[2016-03-31T06:01:49.367Z]], indexUUID [qGePyLBjQfWYwfUhYQW18g], message [master {node_s0}{YU4rw4SiR5aBA7JFJFd8EQ}{local}{local[78]}[mode=>local] marked shard as initializing, but shard state is [POST_RECOVERY], mark shard as started], failure [Unknown]
[2016-03-30 23:01:49,658][DEBUG][org.elasticsearch.cluster.action.shard] [node_s0] [test-idx][12] sending shard started for [test-idx][12], node[YU4rw4SiR5aBA7JFJFd8EQ], [P], v[1], s[INITIALIZING], a[id=V8iGYrRDQce5CIaZHtSLFA], unassigned_info[[reason=INDEX_CREATED], at[2016-03-31T06:01:49.367Z]], indexUUID [qGePyLBjQfWYwfUhYQW18g], message [after recovery from store], failure [Unknown]
[2016-03-30 23:01:49,659][DEBUG][org.elasticsearch.cluster.action.shard] [node_s0] received shard started for [test-idx][12], node[YU4rw4SiR5aBA7JFJFd8EQ], [P], v[1], s[INITIALIZING], a[id=V8iGYrRDQce5CIaZHtSLFA], unassigned_info[[reason=INDEX_CREATED], at[2016-03-31T06:01:49.367Z]], indexUUID [qGePyLBjQfWYwfUhYQW18g], message [after recovery from store], failure [Unknown]
[2016-03-30 23:01:49,668][DEBUG][org.elasticsearch.cluster.service] [node_s0] processing [shard-started ([test-idx][7], node[BGl_MLcDTse8q5N9C0jt5A], [P], v[1], s[INITIALIZING], a[id=lt8qebcmRRqzlFFunQEe5Q], unassigned_info[[reason=INDEX_CREATED], at[2016-03-31T06:01:49.367Z]]), reason [after recovery from store],shard-started ([test-idx][5], node[BGl_MLcDTse8q5N9C0jt5A], [P], v[1], s[INITIALIZING], a[id=17W0-FTqQeKui8otDZR5PA], unassigned_info[[reason=INDEX_CREATED], at[2016-03-31T06:01:49.367Z]]), reason [after recovery from store],shard-started ([test-idx][1], node[BGl_MLcDTse8q5N9C0jt5A], [P], v[1], s[INITIALIZING], a[id=gZCPKJbrQ1Otx7gAkhEgbw], unassigned_info[[reason=INDEX_CREATED], at[2016-03-31T06:01:49.367Z]]), reason [after recovery from store],shard-started ([test-idx][3], node[BGl_MLcDTse8q5N9C0jt5A], [P], v[1], s[INITIALIZING], a[id=qGD0_H57RWmFi7PiJY8Djw], unassigned_info[[reason=INDEX_CREATED], at[2016-03-31T06:01:49.367Z]]), reason [after recovery from store],shard-started ([test-idx][6], node[YU4rw4SiR5aBA7JFJFd8EQ], [P], v[1], s[INITIALIZING], a[id=JLgcxSnTQG27_fZ8qYYZ9w], unassigned_info[[reason=INDEX_CREATED], at[2016-03-31T06:01:49.367Z]]), reason [after recovery from store],shard-started ([test-idx][2], node[YU4rw4SiR5aBA7JFJFd8EQ], [P], v[1], s[INITIALIZING], a[id=ynruvYCKSdiRT1x_wzw4Vw], unassigned_info[[reason=INDEX_CREATED], at[2016-03-31T06:01:49.367Z]]), reason [after recovery from store],shard-started ([test-idx][4], node[YU4rw4SiR5aBA7JFJFd8EQ], [P], v[1], s[INITIALIZING], a[id=Kyx59fHfR7CozjXxQqtJgA], unassigned_info[[reason=INDEX_CREATED], at[2016-03-31T06:01:49.367Z]]), reason [after recovery from store]]: took 162ms done applying updated cluster_state (version: 458, uuid: sbzmhRNhTZ24_NZRQtrMTA)
[2016-03-30 23:01:49,669][DEBUG][org.elasticsearch.cluster.service] [node_s0] processing [shard-started ([test-idx][0], node[YU4rw4SiR5aBA7JFJFd8EQ], [P], v[1], s[INITIALIZING], a[id=WUu84hA7RQmkrIY8vzJjJg], unassigned_info[[reason=INDEX_CREATED], at[2016-03-31T06:01:49.367Z]]), reason [after recovery from store],shard-started ([test-idx][14], node[BGl_MLcDTse8q5N9C0jt5A], [P], v[1], s[INITIALIZING], a[id=ur47_ibnRii7k6Emk8X1zg], unassigned_info[[reason=INDEX_CREATED], at[2016-03-31T06:01:49.367Z]]), reason [after recovery from store],shard-started ([test-idx][11], node[BGl_MLcDTse8q5N9C0jt5A], [P], v[1], s[INITIALIZING], a[id=U0FkqZQxRxm5nCekp5DTIA], unassigned_info[[reason=INDEX_CREATED], at[2016-03-31T06:01:49.367Z]]), reason [after recovery from store],shard-started ([test-idx][13], node[BGl_MLcDTse8q5N9C0jt5A], [P], v[1], s[INITIALIZING], a[id=LjP7Z7VZTS6raSZCkr1tpQ], unassigned_info[[reason=INDEX_CREATED], at[2016-03-31T06:01:49.367Z]]), reason [after recovery from store],shard-started ([test-idx][9], node[BGl_MLcDTse8q5N9C0jt5A], [P], v[1], s[INITIALIZING], a[id=-wTDzDjuTYilCg58WOCt4A], unassigned_info[[reason=INDEX_CREATED], at[2016-03-31T06:01:49.367Z]]), reason [after recovery from store],shard-started ([test-idx][10], node[YU4rw4SiR5aBA7JFJFd8EQ], [P], v[1], s[INITIALIZING], a[id=nNjVPpk3TqqANwlbFGn15A], unassigned_info[[reason=INDEX_CREATED], at[2016-03-31T06:01:49.367Z]]), reason [after recovery from store],shard-started ([test-idx][0], node[YU4rw4SiR5aBA7JFJFd8EQ], [P], v[1], s[INITIALIZING], a[id=WUu84hA7RQmkrIY8vzJjJg], unassigned_info[[reason=INDEX_CREATED], at[2016-03-31T06:01:49.367Z]]), reason [master {node_s0}{YU4rw4SiR5aBA7JFJFd8EQ}{local}{local[78]}[mode=>local] marked shard as initializing, but shard state is [POST_RECOVERY], mark shard as started],shard-started ([test-idx][12], node[YU4rw4SiR5aBA7JFJFd8EQ], [P], v[1], s[INITIALIZING], a[id=V8iGYrRDQce5CIaZHtSLFA], unassigned_info[[reason=INDEX_CREATED], at[2016-03-31T06:01:49.367Z]]), reason [after recovery from store]]: execute
[2016-03-30 23:01:49,670][DEBUG][org.elasticsearch.cluster.action.shard] [node_s0] [test-idx][8] sending shard started for [test-idx][8], node[YU4rw4SiR5aBA7JFJFd8EQ], [P], v[1], s[INITIALIZING], a[id=srIA2V26TPa1yRbW8W5v-w], unassigned_info[[reason=INDEX_CREATED], at[2016-03-31T06:01:49.367Z]], indexUUID [qGePyLBjQfWYwfUhYQW18g], message [after recovery from store], failure [Unknown]
[2016-03-30 23:01:49,670][DEBUG][org.elasticsearch.cluster.service] [node_s0] cluster state updated, version [459], source [shard-started ([test-idx][0], node[YU4rw4SiR5aBA7JFJFd8EQ], [P], v[1], s[INITIALIZING], a[id=WUu84hA7RQmkrIY8vzJjJg], unassigned_info[[reason=INDEX_CREATED], at[2016-03-31T06:01:49.367Z]]), reason [after recovery from store],shard-started ([test-idx][14], node[BGl_MLcDTse8q5N9C0jt5A], [P], v[1], s[INITIALIZING], a[id=ur47_ibnRii7k6Emk8X1zg], unassigned_info[[reason=INDEX_CREATED], at[2016-03-31T06:01:49.367Z]]), reason [after recovery from store],shard-started ([test-idx][11], node[BGl_MLcDTse8q5N9C0jt5A], [P], v[1], s[INITIALIZING], a[id=U0FkqZQxRxm5nCekp5DTIA], unassigned_info[[reason=INDEX_CREATED], at[2016-03-31T06:01:49.367Z]]), reason [after recovery from store],shard-started ([test-idx][13], node[BGl_MLcDTse8q5N9C0jt5A], [P], v[1], s[INITIALIZING], a[id=LjP7Z7VZTS6raSZCkr1tpQ], unassigned_info[[reason=INDEX_CREATED], at[2016-03-31T06:01:49.367Z]]), reason [after recovery from store],shard-started ([test-idx][9], node[BGl_MLcDTse8q5N9C0jt5A], [P], v[1], s[INITIALIZING], a[id=-wTDzDjuTYilCg58WOCt4A], unassigned_info[[reason=INDEX_CREATED], at[2016-03-31T06:01:49.367Z]]), reason [after recovery from store],shard-started ([test-idx][10], node[YU4rw4SiR5aBA7JFJFd8EQ], [P], v[1], s[INITIALIZING], a[id=nNjVPpk3TqqANwlbFGn15A], unassigned_info[[reason=INDEX_CREATED], at[2016-03-31T06:01:49.367Z]]), reason [after recovery from store],shard-started ([test-idx][0], node[YU4rw4SiR5aBA7JFJFd8EQ], [P], v[1], s[INITIALIZING], a[id=WUu84hA7RQmkrIY8vzJjJg], unassigned_info[[reason=INDEX_CREATED], at[2016-03-31T06:01:49.367Z]]), reason [master {node_s0}{YU4rw4SiR5aBA7JFJFd8EQ}{local}{local[78]}[mode=>local] marked shard as initializing, but shard state is [POST_RECOVERY], mark shard as started],shard-started ([test-idx][12], node[YU4rw4SiR5aBA7JFJFd8EQ], [P], v[1], s[INITIALIZING], a[id=V8iGYrRDQce5CIaZHtSLFA], unassigned_info[[reason=INDEX_CREATED], at[2016-03-31T06:01:49.367Z]]), reason [after recovery from store]]
[2016-03-30 23:01:49,671][DEBUG][org.elasticsearch.cluster.action.shard] [node_s0] received shard started for [test-idx][8], node[YU4rw4SiR5aBA7JFJFd8EQ], [P], v[1], s[INITIALIZING], a[id=srIA2V26TPa1yRbW8W5v-w], unassigned_info[[reason=INDEX_CREATED], at[2016-03-31T06:01:49.367Z]], indexUUID [qGePyLBjQfWYwfUhYQW18g], message [after recovery from store], failure [Unknown]
[2016-03-30 23:01:49,672][DEBUG][org.elasticsearch.cluster.service] [node_s0] publishing cluster state version [459]
[2016-03-30 23:01:49,673][DEBUG][org.elasticsearch.cluster.service] [node_s1] processing [local-disco-receive(from master)]: execute
[2016-03-30 23:01:49,673][DEBUG][org.elasticsearch.cluster.service] [node_s1] cluster state updated, version [459], source [local-disco-receive(from master)]
[2016-03-30 23:01:49,673][DEBUG][org.elasticsearch.cluster.service] [node_s1] set local cluster state to version 459
[2016-03-30 23:01:49,710][DEBUG][org.elasticsearch.cluster.action.shard] [node_s1] [test-idx][16] sending shard started for [test-idx][16], node[BGl_MLcDTse8q5N9C0jt5A], [P], v[1], s[INITIALIZING], a[id=QWdn50q-QsivjjGIK8saMg], unassigned_info[[reason=INDEX_CREATED], at[2016-03-31T06:01:49.367Z]], indexUUID [qGePyLBjQfWYwfUhYQW18g], message [after recovery from store], failure [Unknown]
[2016-03-30 23:01:49,711][DEBUG][org.elasticsearch.cluster.action.shard] [node_s0] received shard started for [test-idx][16], node[BGl_MLcDTse8q5N9C0jt5A], [P], v[1], s[INITIALIZING], a[id=QWdn50q-QsivjjGIK8saMg], unassigned_info[[reason=INDEX_CREATED], at[2016-03-31T06:01:49.367Z]], indexUUID [qGePyLBjQfWYwfUhYQW18g], message [after recovery from store], failure [Unknown]
[2016-03-30 23:01:49,720][DEBUG][org.elasticsearch.cluster.service] [node_s1] processing [local-disco-receive(from master)]: took 47ms done applying updated cluster_state (version: 459, uuid: GUEGNfULRqm4z24sbDqjtw)
[2016-03-30 23:01:49,720][DEBUG][org.elasticsearch.cluster.service] [node_s0] set local cluster state to version 459
[2016-03-30 23:01:49,720][DEBUG][org.elasticsearch.cluster.service] [node_s1] processing [indices_store ([[test-idx][6]] active fully on other nodes)]: execute
[2016-03-30 23:01:49,744][DEBUG][org.elasticsearch.cluster.service] [node_s1] processing [indices_store ([[test-idx][6]] active fully on other nodes)]: took 23ms no change in cluster_state
[2016-03-30 23:01:49,744][DEBUG][org.elasticsearch.cluster.service] [node_s1] processing [indices_store ([[test-idx][2]] active fully on other nodes)]: execute
[2016-03-30 23:01:49,748][DEBUG][org.elasticsearch.cluster.action.shard] [node_s0] [test-idx][8] sending shard started for [test-idx][8], node[YU4rw4SiR5aBA7JFJFd8EQ], [P], v[1], s[INITIALIZING], a[id=srIA2V26TPa1yRbW8W5v-w], unassigned_info[[reason=INDEX_CREATED], at[2016-03-31T06:01:49.367Z]], indexUUID [qGePyLBjQfWYwfUhYQW18g], message [master {node_s0}{YU4rw4SiR5aBA7JFJFd8EQ}{local}{local[78]}[mode=>local] marked shard as initializing, but shard state is [POST_RECOVERY], mark shard as started], failure [Unknown]
[2016-03-30 23:01:49,748][DEBUG][org.elasticsearch.cluster.action.shard] [node_s0] received shard started for [test-idx][8], node[YU4rw4SiR5aBA7JFJFd8EQ], [P], v[1], s[INITIALIZING], a[id=srIA2V26TPa1yRbW8W5v-w], unassigned_info[[reason=INDEX_CREATED], at[2016-03-31T06:01:49.367Z]], indexUUID [qGePyLBjQfWYwfUhYQW18g], message [master {node_s0}{YU4rw4SiR5aBA7JFJFd8EQ}{local}{local[78]}[mode=>local] marked shard as initializing, but shard state is [POST_RECOVERY], mark shard as started], failure [Unknown]
[2016-03-30 23:01:49,750][DEBUG][org.elasticsearch.cluster.action.shard] [node_s0] [test-idx][15] sending shard started for [test-idx][15], node[YU4rw4SiR5aBA7JFJFd8EQ], [P], v[1], s[INITIALIZING], a[id=BPRIE1_fQk-GYU2pFZJj_A], unassigned_info[[reason=INDEX_CREATED], at[2016-03-31T06:01:49.367Z]], indexUUID [qGePyLBjQfWYwfUhYQW18g], message [after recovery from store], failure [Unknown]
[2016-03-30 23:01:49,751][DEBUG][org.elasticsearch.cluster.action.shard] [node_s0] received shard started for [test-idx][15], node[YU4rw4SiR5aBA7JFJFd8EQ], [P], v[1], s[INITIALIZING], a[id=BPRIE1_fQk-GYU2pFZJj_A], unassigned_info[[reason=INDEX_CREATED], at[2016-03-31T06:01:49.367Z]], indexUUID [qGePyLBjQfWYwfUhYQW18g], message [after recovery from store], failure [Unknown]
[2016-03-30 23:01:49,763][DEBUG][org.elasticsearch.cluster.service] [node_s0] processing [shard-started ([test-idx][0], node[YU4rw4SiR5aBA7JFJFd8EQ], [P], v[1], s[INITIALIZING], a[id=WUu84hA7RQmkrIY8vzJjJg], unassigned_info[[reason=INDEX_CREATED], at[2016-03-31T06:01:49.367Z]]), reason [after recovery from store],shard-started ([test-idx][14], node[BGl_MLcDTse8q5N9C0jt5A], [P], v[1], s[INITIALIZING], a[id=ur47_ibnRii7k6Emk8X1zg], unassigned_info[[reason=INDEX_CREATED], at[2016-03-31T06:01:49.367Z]]), reason [after recovery from store],shard-started ([test-idx][11], node[BGl_MLcDTse8q5N9C0jt5A], [P], v[1], s[INITIALIZING], a[id=U0FkqZQxRxm5nCekp5DTIA], unassigned_info[[reason=INDEX_CREATED], at[2016-03-31T06:01:49.367Z]]), reason [after recovery from store],shard-started ([test-idx][13], node[BGl_MLcDTse8q5N9C0jt5A], [P], v[1], s[INITIALIZING], a[id=LjP7Z7VZTS6raSZCkr1tpQ], unassigned_info[[reason=INDEX_CREATED], at[2016-03-31T06:01:49.367Z]]), reason [after recovery from store],shard-started ([test-idx][9], node[BGl_MLcDTse8q5N9C0jt5A], [P], v[1], s[INITIALIZING], a[id=-wTDzDjuTYilCg58WOCt4A], unassigned_info[[reason=INDEX_CREATED], at[2016-03-31T06:01:49.367Z]]), reason [after recovery from store],shard-started ([test-idx][10], node[YU4rw4SiR5aBA7JFJFd8EQ], [P], v[1], s[INITIALIZING], a[id=nNjVPpk3TqqANwlbFGn15A], unassigned_info[[reason=INDEX_CREATED], at[2016-03-31T06:01:49.367Z]]), reason [after recovery from store],shard-started ([test-idx][0], node[YU4rw4SiR5aBA7JFJFd8EQ], [P], v[1], s[INITIALIZING], a[id=WUu84hA7RQmkrIY8vzJjJg], unassigned_info[[reason=INDEX_CREATED], at[2016-03-31T06:01:49.367Z]]), reason [master {node_s0}{YU4rw4SiR5aBA7JFJFd8EQ}{local}{local[78]}[mode=>local] marked shard as initializing, but shard state is [POST_RECOVERY], mark shard as started],shard-started ([test-idx][12], node[YU4rw4SiR5aBA7JFJFd8EQ], [P], v[1], s[INITIALIZING], a[id=V8iGYrRDQce5CIaZHtSLFA], unassigned_info[[reason=INDEX_CREATED], at[2016-03-31T06:01:49.367Z]]), reason [after recovery from store]]: took 94ms done applying updated cluster_state (version: 459, uuid: GUEGNfULRqm4z24sbDqjtw)
[2016-03-30 23:01:49,765][DEBUG][org.elasticsearch.cluster.service] [node_s0] processing [shard-started ([test-idx][8], node[YU4rw4SiR5aBA7JFJFd8EQ], [P], v[1], s[INITIALIZING], a[id=srIA2V26TPa1yRbW8W5v-w], unassigned_info[[reason=INDEX_CREATED], at[2016-03-31T06:01:49.367Z]]), reason [after recovery from store],shard-started ([test-idx][16], node[BGl_MLcDTse8q5N9C0jt5A], [P], v[1], s[INITIALIZING], a[id=QWdn50q-QsivjjGIK8saMg], unassigned_info[[reason=INDEX_CREATED], at[2016-03-31T06:01:49.367Z]]), reason [after recovery from store],shard-started ([test-idx][8], node[YU4rw4SiR5aBA7JFJFd8EQ], [P], v[1], s[INITIALIZING], a[id=srIA2V26TPa1yRbW8W5v-w], unassigned_info[[reason=INDEX_CREATED], at[2016-03-31T06:01:49.367Z]]), reason [master {node_s0}{YU4rw4SiR5aBA7JFJFd8EQ}{local}{local[78]}[mode=>local] marked shard as initializing, but shard state is [POST_RECOVERY], mark shard as started],shard-started ([test-idx][15], node[YU4rw4SiR5aBA7JFJFd8EQ], [P], v[1], s[INITIALIZING], a[id=BPRIE1_fQk-GYU2pFZJj_A], unassigned_info[[reason=INDEX_CREATED], at[2016-03-31T06:01:49.367Z]]), reason [after recovery from store]]: execute
[2016-03-30 23:01:49,766][INFO ][org.elasticsearch.cluster.routing.allocation] [node_s0] Cluster health status changed from [RED] to [GREEN] (reason: [shards started [[test-idx][8], [test-idx][16], [test-idx][8], [test-idx][15]] ...]).
[2016-03-30 23:01:49,764][DEBUG][org.elasticsearch.cluster.service] [node_s1] processing [indices_store ([[test-idx][2]] active fully on other nodes)]: took 19ms no change in cluster_state
[2016-03-30 23:01:49,767][DEBUG][org.elasticsearch.cluster.service] [node_s1] processing [indices_store ([[test-idx][4]] active fully on other nodes)]: execute
[2016-03-30 23:01:49,766][DEBUG][org.elasticsearch.cluster.service] [node_s0] cluster state updated, version [460], source [shard-started ([test-idx][8], node[YU4rw4SiR5aBA7JFJFd8EQ], [P], v[1], s[INITIALIZING], a[id=srIA2V26TPa1yRbW8W5v-w], unassigned_info[[reason=INDEX_CREATED], at[2016-03-31T06:01:49.367Z]]), reason [after recovery from store],shard-started ([test-idx][16], node[BGl_MLcDTse8q5N9C0jt5A], [P], v[1], s[INITIALIZING], a[id=QWdn50q-QsivjjGIK8saMg], unassigned_info[[reason=INDEX_CREATED], at[2016-03-31T06:01:49.367Z]]), reason [after recovery from store],shard-started ([test-idx][8], node[YU4rw4SiR5aBA7JFJFd8EQ], [P], v[1], s[INITIALIZING], a[id=srIA2V26TPa1yRbW8W5v-w], unassigned_info[[reason=INDEX_CREATED], at[2016-03-31T06:01:49.367Z]]), reason [master {node_s0}{YU4rw4SiR5aBA7JFJFd8EQ}{local}{local[78]}[mode=>local] marked shard as initializing, but shard state is [POST_RECOVERY], mark shard as started],shard-started ([test-idx][15], node[YU4rw4SiR5aBA7JFJFd8EQ], [P], v[1], s[INITIALIZING], a[id=BPRIE1_fQk-GYU2pFZJj_A], unassigned_info[[reason=INDEX_CREATED], at[2016-03-31T06:01:49.367Z]]), reason [after recovery from store]]
[2016-03-30 23:01:49,768][DEBUG][org.elasticsearch.cluster.service] [node_s0] publishing cluster state version [460]
[2016-03-30 23:01:49,783][DEBUG][org.elasticsearch.cluster.service] [node_s1] processing [indices_store ([[test-idx][4]] active fully on other nodes)]: took 16ms no change in cluster_state
[2016-03-30 23:01:49,784][DEBUG][org.elasticsearch.cluster.service] [node_s1] processing [local-disco-receive(from master)]: execute
[2016-03-30 23:01:49,784][DEBUG][org.elasticsearch.cluster.service] [node_s1] cluster state updated, version [460], source [local-disco-receive(from master)]
[2016-03-30 23:01:49,784][DEBUG][org.elasticsearch.cluster.service] [node_s1] set local cluster state to version 460
[2016-03-30 23:01:49,796][DEBUG][org.elasticsearch.cluster.service] [node_s0] set local cluster state to version 460
[2016-03-30 23:01:49,796][DEBUG][org.elasticsearch.cluster.service] [node_s1] processing [local-disco-receive(from master)]: took 12ms done applying updated cluster_state (version: 460, uuid: zkZlsI-MSmm011tmdJZ2GA)
[2016-03-30 23:01:49,796][DEBUG][org.elasticsearch.cluster.service] [node_s1] processing [indices_store ([[test-idx][10]] active fully on other nodes)]: execute
[2016-03-30 23:01:49,815][DEBUG][org.elasticsearch.cluster.service] [node_s1] processing [indices_store ([[test-idx][10]] active fully on other nodes)]: took 18ms no change in cluster_state
[2016-03-30 23:01:49,815][DEBUG][org.elasticsearch.cluster.service] [node_s1] processing [indices_store ([[test-idx][4]] active fully on other nodes)]: execute
[2016-03-30 23:01:49,820][DEBUG][org.elasticsearch.cluster.service] [node_s0] processing [shard-started ([test-idx][8], node[YU4rw4SiR5aBA7JFJFd8EQ], [P], v[1], s[INITIALIZING], a[id=srIA2V26TPa1yRbW8W5v-w], unassigned_info[[reason=INDEX_CREATED], at[2016-03-31T06:01:49.367Z]]), reason [after recovery from store],shard-started ([test-idx][16], node[BGl_MLcDTse8q5N9C0jt5A], [P], v[1], s[INITIALIZING], a[id=QWdn50q-QsivjjGIK8saMg], unassigned_info[[reason=INDEX_CREATED], at[2016-03-31T06:01:49.367Z]]), reason [after recovery from store],shard-started ([test-idx][8], node[YU4rw4SiR5aBA7JFJFd8EQ], [P], v[1], s[INITIALIZING], a[id=srIA2V26TPa1yRbW8W5v-w], unassigned_info[[reason=INDEX_CREATED], at[2016-03-31T06:01:49.367Z]]), reason [master {node_s0}{YU4rw4SiR5aBA7JFJFd8EQ}{local}{local[78]}[mode=>local] marked shard as initializing, but shard state is [POST_RECOVERY], mark shard as started],shard-started ([test-idx][15], node[YU4rw4SiR5aBA7JFJFd8EQ], [P], v[1], s[INITIALIZING], a[id=BPRIE1_fQk-GYU2pFZJj_A], unassigned_info[[reason=INDEX_CREATED], at[2016-03-31T06:01:49.367Z]]), reason [after recovery from store]]: took 54ms done applying updated cluster_state (version: 460, uuid: zkZlsI-MSmm011tmdJZ2GA)
[2016-03-30 23:01:49,820][DEBUG][org.elasticsearch.cluster.service] [node_s0] processing [indices_store ([[test-idx][1]] active fully on other nodes)]: execute
[2016-03-30 23:01:49,821][DEBUG][org.elasticsearch.cluster.service] [node_s0] processing [indices_store ([[test-idx][1]] active fully on other nodes)]: took 0s no change in cluster_state
[2016-03-30 23:01:49,821][DEBUG][org.elasticsearch.cluster.service] [node_s0] processing [indices_store ([[test-idx][5]] active fully on other nodes)]: execute
[2016-03-30 23:01:49,821][DEBUG][org.elasticsearch.cluster.service] [node_s0] processing [indices_store ([[test-idx][5]] active fully on other nodes)]: took 0s no change in cluster_state
[2016-03-30 23:01:49,821][DEBUG][org.elasticsearch.cluster.service] [node_s0] processing [indices_store ([[test-idx][3]] active fully on other nodes)]: execute
[2016-03-30 23:01:49,821][DEBUG][org.elasticsearch.cluster.service] [node_s0] processing [indices_store ([[test-idx][3]] active fully on other nodes)]: took 0s no change in cluster_state
[2016-03-30 23:01:49,821][DEBUG][org.elasticsearch.cluster.service] [node_s0] processing [indices_store ([[test-idx][7]] active fully on other nodes)]: execute
[2016-03-30 23:01:49,821][DEBUG][org.elasticsearch.cluster.service] [node_s0] processing [indices_store ([[test-idx][7]] active fully on other nodes)]: took 0s no change in cluster_state
[2016-03-30 23:01:49,821][DEBUG][org.elasticsearch.cluster.service] [node_s0] processing [indices_store ([[test-idx][7]] active fully on other nodes)]: execute
[2016-03-30 23:01:49,821][DEBUG][org.elasticsearch.cluster.service] [node_s0] processing [indices_store ([[test-idx][7]] active fully on other nodes)]: took 0s no change in cluster_state
[2016-03-30 23:01:49,821][DEBUG][org.elasticsearch.cluster.service] [node_s0] processing [indices_store ([[test-idx][11]] active fully on other nodes)]: execute
[2016-03-30 23:01:49,822][DEBUG][org.elasticsearch.cluster.service] [node_s0] processing [indices_store ([[test-idx][11]] active fully on other nodes)]: took 0s no change in cluster_state
[2016-03-30 23:01:49,822][DEBUG][org.elasticsearch.cluster.service] [node_s0] processing [indices_store ([[test-idx][13]] active fully on other nodes)]: execute
[2016-03-30 23:01:49,822][DEBUG][org.elasticsearch.cluster.service] [node_s0] processing [indices_store ([[test-idx][13]] active fully on other nodes)]: took 0s no change in cluster_state
[2016-03-30 23:01:49,822][DEBUG][org.elasticsearch.cluster.service] [node_s0] processing [indices_store ([[test-idx][9]] active fully on other nodes)]: execute
[2016-03-30 23:01:49,822][DEBUG][org.elasticsearch.cluster.service] [node_s0] processing [indices_store ([[test-idx][9]] active fully on other nodes)]: took 0s no change in cluster_state
[2016-03-30 23:01:49,822][DEBUG][org.elasticsearch.cluster.service] [node_s0] processing [indices_store ([[test-idx][14]] active fully on other nodes)]: execute
[2016-03-30 23:01:49,822][DEBUG][org.elasticsearch.cluster.service] [node_s0] processing [indices_store ([[test-idx][14]] active fully on other nodes)]: took 0s no change in cluster_state
[2016-03-30 23:01:49,822][DEBUG][org.elasticsearch.cluster.service] [node_s0] processing [indices_store ([[test-idx][1]] active fully on other nodes)]: execute
[2016-03-30 23:01:49,822][DEBUG][org.elasticsearch.cluster.service] [node_s0] processing [indices_store ([[test-idx][1]] active fully on other nodes)]: took 0s no change in cluster_state
[2016-03-30 23:01:49,822][DEBUG][org.elasticsearch.cluster.service] [node_s0] processing [indices_store ([[test-idx][3]] active fully on other nodes)]: execute
[2016-03-30 23:01:49,822][DEBUG][org.elasticsearch.cluster.service] [node_s0] processing [indices_store ([[test-idx][3]] active fully on other nodes)]: took 0s no change in cluster_state
[2016-03-30 23:01:49,822][DEBUG][org.elasticsearch.cluster.service] [node_s0] processing [indices_store ([[test-idx][5]] active fully on other nodes)]: execute
[2016-03-30 23:01:49,822][DEBUG][org.elasticsearch.cluster.service] [node_s0] processing [indices_store ([[test-idx][5]] active fully on other nodes)]: took 0s no change in cluster_state
[2016-03-30 23:01:49,823][DEBUG][org.elasticsearch.cluster.service] [node_s0] processing [indices_store ([[test-idx][3]] active fully on other nodes)]: execute
[2016-03-30 23:01:49,828][DEBUG][org.elasticsearch.cluster.service] [node_s1] processing [indices_store ([[test-idx][4]] active fully on other nodes)]: took 12ms no change in cluster_state
[2016-03-30 23:01:49,830][DEBUG][org.elasticsearch.cluster.service] [node_s1] processing [indices_store ([[test-idx][6]] active fully on other nodes)]: execute
[2016-03-30 23:01:49,838][DEBUG][org.elasticsearch.cluster.service] [node_s1] processing [indices_store ([[test-idx][6]] active fully on other nodes)]: took 8ms no change in cluster_state
[2016-03-30 23:01:49,839][DEBUG][org.elasticsearch.cluster.service] [node_s1] processing [indices_store ([[test-idx][2]] active fully on other nodes)]: execute
[2016-03-30 23:01:49,839][DEBUG][org.elasticsearch.cluster.service] [node_s0] processing [indices_store ([[test-idx][3]] active fully on other nodes)]: took 16ms no change in cluster_state
[2016-03-30 23:01:49,840][DEBUG][org.elasticsearch.cluster.service] [node_s0] processing [indices_store ([[test-idx][13]] active fully on other nodes)]: execute
[2016-03-30 23:01:49,850][DEBUG][org.elasticsearch.cluster.service] [node_s1] processing [indices_store ([[test-idx][2]] active fully on other nodes)]: took 11ms no change in cluster_state
[2016-03-30 23:01:49,851][DEBUG][org.elasticsearch.cluster.service] [node_s1] processing [indices_store ([[test-idx][12]] active fully on other nodes)]: execute
[2016-03-30 23:01:49,861][DEBUG][org.elasticsearch.cluster.service] [node_s0] processing [indices_store ([[test-idx][13]] active fully on other nodes)]: took 21ms no change in cluster_state
[2016-03-30 23:01:49,861][DEBUG][org.elasticsearch.cluster.service] [node_s0] processing [indices_store ([[test-idx][7]] active fully on other nodes)]: execute
[2016-03-30 23:01:49,873][DEBUG][org.elasticsearch.cluster.service] [node_s1] processing [indices_store ([[test-idx][12]] active fully on other nodes)]: took 21ms no change in cluster_state
[2016-03-30 23:01:49,873][DEBUG][org.elasticsearch.cluster.service] [node_s1] processing [indices_store ([[test-idx][0]] active fully on other nodes)]: execute
[2016-03-30 23:01:49,883][DEBUG][org.elasticsearch.cluster.service] [node_s0] processing [indices_store ([[test-idx][7]] active fully on other nodes)]: took 21ms no change in cluster_state
[2016-03-30 23:01:49,884][DEBUG][org.elasticsearch.cluster.service] [node_s0] processing [indices_store ([[test-idx][5]] active fully on other nodes)]: execute
[2016-03-30 23:01:49,895][DEBUG][org.elasticsearch.cluster.service] [node_s1] processing [indices_store ([[test-idx][0]] active fully on other nodes)]: took 22ms no change in cluster_state
[2016-03-30 23:01:49,895][DEBUG][org.elasticsearch.cluster.service] [node_s1] processing [indices_store ([[test-idx][15]] active fully on other nodes)]: execute
[2016-03-30 23:01:49,907][DEBUG][org.elasticsearch.cluster.service] [node_s0] processing [indices_store ([[test-idx][5]] active fully on other nodes)]: took 23ms no change in cluster_state
[2016-03-30 23:01:49,907][DEBUG][org.elasticsearch.cluster.service] [node_s0] processing [indices_store ([[test-idx][11]] active fully on other nodes)]: execute
[2016-03-30 23:01:49,912][DEBUG][org.elasticsearch.cluster.service] [node_s1] processing [indices_store ([[test-idx][15]] active fully on other nodes)]: took 16ms no change in cluster_state
[2016-03-30 23:01:49,913][DEBUG][org.elasticsearch.cluster.service] [node_s1] processing [indices_store ([[test-idx][8]] active fully on other nodes)]: execute
[2016-03-30 23:01:49,924][DEBUG][org.elasticsearch.cluster.service] [node_s0] processing [indices_store ([[test-idx][11]] active fully on other nodes)]: took 17ms no change in cluster_state
[2016-03-30 23:01:49,925][DEBUG][org.elasticsearch.cluster.service] [node_s0] processing [indices_store ([[test-idx][14]] active fully on other nodes)]: execute
[2016-03-30 23:01:49,935][DEBUG][org.elasticsearch.cluster.service] [node_s1] processing [indices_store ([[test-idx][8]] active fully on other nodes)]: took 22ms no change in cluster_state
[2016-03-30 23:01:49,948][DEBUG][org.elasticsearch.cluster.service] [node_s0] processing [indices_store ([[test-idx][14]] active fully on other nodes)]: took 23ms no change in cluster_state
[2016-03-30 23:01:49,948][DEBUG][org.elasticsearch.cluster.service] [node_s0] processing [indices_store ([[test-idx][16]] active fully on other nodes)]: execute
[2016-03-30 23:01:49,968][DEBUG][org.elasticsearch.cluster.service] [node_s0] processing [indices_store ([[test-idx][16]] active fully on other nodes)]: took 20ms no change in cluster_state
[2016-03-30 23:01:49,968][DEBUG][org.elasticsearch.cluster.service] [node_s0] processing [indices_store ([[test-idx][9]] active fully on other nodes)]: execute
[2016-03-30 23:01:49,993][DEBUG][org.elasticsearch.cluster.service] [node_s0] processing [indices_store ([[test-idx][9]] active fully on other nodes)]: took 24ms no change in cluster_state
[2016-03-30 23:01:49,993][DEBUG][org.elasticsearch.cluster.service] [node_s0] processing [indices_store ([[test-idx][1]] active fully on other nodes)]: execute
[2016-03-30 23:01:50,027][DEBUG][org.elasticsearch.cluster.service] [node_s0] processing [indices_store ([[test-idx][1]] active fully on other nodes)]: took 33ms no change in cluster_state
[2016-03-30 23:01:50,027][DEBUG][org.elasticsearch.cluster.service] [node_s0] processing [cluster_health (wait_for_events [LANGUID])]: execute
[2016-03-30 23:01:50,027][DEBUG][org.elasticsearch.cluster.service] [node_s0] processing [cluster_health (wait_for_events [LANGUID])]: took 0s no change in cluster_state
[2016-03-30 23:01:50,036][DEBUG][org.elasticsearch.cluster.service] [node_s0] processing [put-mapping [type1],put-mapping [type1],put-mapping [type1],put-mapping [type1]]: execute
[2016-03-30 23:01:50,037][DEBUG][org.elasticsearch.cluster.metadata] [node_s0] [test-idx] create_mapping [type1] with source [{"type1":{"dynamic_templates":[{"template-strings":{"mapping":{"fielddata":{"loading":"lazy"}},"match_mapping_type":"string"}},{"template-longs":{"mapping":{"fielddata":{"loading":"lazy"}},"match_mapping_type":"long"}},{"template-doubles":{"mapping":{"fielddata":{"loading":"eager"}},"match_mapping_type":"double"}},{"template-geo_points":{"mapping":{"fielddata":{"loading":"lazy"}},"match_mapping_type":"geo_point"}},{"template-booleans":{"mapping":{"fielddata":{"loading":"eager"}},"match_mapping_type":"boolean"}}],"properties":{"field1":{"type":"string","fielddata":{"loading":"lazy"}}}}}]
[2016-03-30 23:01:50,042][DEBUG][org.elasticsearch.cluster.service] [node_s0] cluster state updated, version [461], source [put-mapping [type1],put-mapping [type1],put-mapping [type1],put-mapping [type1]]
[2016-03-30 23:01:50,042][DEBUG][org.elasticsearch.cluster.service] [node_s0] publishing cluster state version [461]
[2016-03-30 23:01:50,042][DEBUG][org.elasticsearch.cluster.service] [node_s1] processing [local-disco-receive(from master)]: execute
[2016-03-30 23:01:50,043][DEBUG][org.elasticsearch.cluster.service] [node_s1] cluster state updated, version [461], source [local-disco-receive(from master)]
[2016-03-30 23:01:50,043][DEBUG][org.elasticsearch.cluster.service] [node_s1] set local cluster state to version 461
[2016-03-30 23:01:50,054][DEBUG][org.elasticsearch.cluster.service] [node_s1] processing [local-disco-receive(from master)]: took 11ms done applying updated cluster_state (version: 461, uuid: TIZLLvpaTeymoQi6eRDrFg)
[2016-03-30 23:01:50,054][DEBUG][org.elasticsearch.cluster.service] [node_s0] set local cluster state to version 461
[2016-03-30 23:01:50,062][DEBUG][org.elasticsearch.cluster.service] [node_s0] processing [put-mapping [type1],put-mapping [type1],put-mapping [type1],put-mapping [type1]]: took 26ms done applying updated cluster_state (version: 461, uuid: TIZLLvpaTeymoQi6eRDrFg)
[2016-03-30 23:01:50,062][DEBUG][org.elasticsearch.cluster.service] [node_s0] processing [put-mapping [type1],put-mapping [type1],put-mapping [type1],put-mapping [type1]]: execute
[2016-03-30 23:01:50,071][DEBUG][org.elasticsearch.cluster.service] [node_s0] processing [put-mapping [type1],put-mapping [type1],put-mapping [type1],put-mapping [type1]]: took 8ms no change in cluster_state
[2016-03-30 23:01:50,969][DEBUG][org.elasticsearch.cluster.service] [node_s0] processing [create_snapshot [test-snap]]: execute
[2016-03-30 23:01:50,969][DEBUG][org.elasticsearch.cluster.service] [node_s0] cluster state updated, version [462], source [create_snapshot [test-snap]]
[2016-03-30 23:01:50,969][DEBUG][org.elasticsearch.cluster.service] [node_s0] publishing cluster state version [462]
[2016-03-30 23:01:50,970][DEBUG][org.elasticsearch.cluster.service] [node_s1] processing [local-disco-receive(from master)]: execute
[2016-03-30 23:01:50,970][DEBUG][org.elasticsearch.cluster.service] [node_s1] cluster state updated, version [462], source [local-disco-receive(from master)]
[2016-03-30 23:01:50,970][DEBUG][org.elasticsearch.cluster.service] [node_s1] set local cluster state to version 462
[2016-03-30 23:01:50,974][DEBUG][org.elasticsearch.cluster.service] [node_s0] set local cluster state to version 462
[2016-03-30 23:01:50,974][DEBUG][org.elasticsearch.cluster.service] [node_s1] processing [local-disco-receive(from master)]: took 4ms done applying updated cluster_state (version: 462, uuid: k_-PVSneSU6CqnJolHmCLg)
[2016-03-30 23:01:50,978][DEBUG][org.elasticsearch.cluster.service] [node_s0] processing [create_snapshot [test-snap]]: took 9ms done applying updated cluster_state (version: 462, uuid: k_-PVSneSU6CqnJolHmCLg)
[2016-03-30 23:01:50,992][DEBUG][org.elasticsearch.cluster.service] [node_s0] processing [update_snapshot [test-snap]]: execute
[2016-03-30 23:01:50,993][DEBUG][org.elasticsearch.cluster.service] [node_s0] cluster state updated, version [463], source [update_snapshot [test-snap]]
[2016-03-30 23:01:50,993][DEBUG][org.elasticsearch.cluster.service] [node_s0] publishing cluster state version [463]
[2016-03-30 23:01:50,993][DEBUG][org.elasticsearch.cluster.service] [node_s1] processing [local-disco-receive(from master)]: execute
[2016-03-30 23:01:50,993][DEBUG][org.elasticsearch.cluster.service] [node_s1] cluster state updated, version [463], source [local-disco-receive(from master)]
[2016-03-30 23:01:50,993][DEBUG][org.elasticsearch.cluster.service] [node_s1] set local cluster state to version 463
[2016-03-30 23:01:50,994][DEBUG][org.elasticsearch.cluster.service] [node_s1] processing [local-disco-receive(from master)]: took 0s done applying updated cluster_state (version: 463, uuid: n2-HrDj_TRCLQ2QKy7aAew)
[2016-03-30 23:01:50,994][DEBUG][org.elasticsearch.cluster.service] [node_s0] set local cluster state to version 463
[2016-03-30 23:01:50,995][DEBUG][org.elasticsearch.cluster.service] [node_s0] processing [update_snapshot [test-snap]]: took 2ms done applying updated cluster_state (version: 463, uuid: n2-HrDj_TRCLQ2QKy7aAew)
[2016-03-30 23:01:50,995][DEBUG][org.elasticsearch.cluster.service] [node_s0] processing [test_block]: execute
[2016-03-30 23:01:51,247][DEBUG][org.elasticsearch.cluster.service] [node_s0] processing [test_block]: took 251ms no change in cluster_state
[2016-03-30 23:01:51,247][DEBUG][org.elasticsearch.cluster.service] [node_s0] processing [update snapshot state]: execute
[2016-03-30 23:01:51,247][DEBUG][org.elasticsearch.cluster.service] [node_s0] cluster state updated, version [464], source [update snapshot state]
[2016-03-30 23:01:51,247][DEBUG][org.elasticsearch.cluster.service] [node_s0] publishing cluster state version [464]
[2016-03-30 23:01:51,247][DEBUG][org.elasticsearch.cluster.service] [node_s1] processing [local-disco-receive(from master)]: execute
[2016-03-30 23:01:51,247][DEBUG][org.elasticsearch.cluster.service] [node_s1] cluster state updated, version [464], source [local-disco-receive(from master)]
[2016-03-30 23:01:51,247][DEBUG][org.elasticsearch.cluster.service] [node_s1] set local cluster state to version 464
[2016-03-30 23:01:51,250][DEBUG][org.elasticsearch.cluster.service] [node_s1] processing [local-disco-receive(from master)]: took 2ms done applying updated cluster_state (version: 464, uuid: jlLM0GRISPqJyCgDo9heTg)
[2016-03-30 23:01:51,250][DEBUG][org.elasticsearch.cluster.service] [node_s0] set local cluster state to version 464
[2016-03-30 23:01:51,254][DEBUG][org.elasticsearch.cluster.service] [node_s0] processing [update snapshot state]: took 7ms done applying updated cluster_state (version: 464, uuid: jlLM0GRISPqJyCgDo9heTg)
[2016-03-30 23:01:51,254][DEBUG][org.elasticsearch.cluster.service] [node_s0] processing [update snapshot state]: execute
[2016-03-30 23:01:51,255][DEBUG][org.elasticsearch.cluster.service] [node_s0] processing [update snapshot state]: took 0s no change in cluster_state
[2016-03-30 23:01:51,255][DEBUG][org.elasticsearch.cluster.service] [node_s0] processing [update snapshot state]: execute
[2016-03-30 23:01:51,255][DEBUG][org.elasticsearch.cluster.service] [node_s0] processing [update snapshot state]: took 0s no change in cluster_state
[2016-03-30 23:01:51,255][DEBUG][org.elasticsearch.cluster.service] [node_s0] processing [update snapshot state]: execute
[2016-03-30 23:01:51,255][DEBUG][org.elasticsearch.cluster.service] [node_s0] processing [update snapshot state]: took 0s no change in cluster_state
[2016-03-30 23:01:51,255][DEBUG][org.elasticsearch.cluster.service] [node_s0] processing [update snapshot state]: execute
[2016-03-30 23:01:51,255][DEBUG][org.elasticsearch.cluster.service] [node_s0] processing [update snapshot state]: took 0s no change in cluster_state
[2016-03-30 23:01:51,255][DEBUG][org.elasticsearch.cluster.service] [node_s0] processing [update snapshot state]: execute
[2016-03-30 23:01:51,255][DEBUG][org.elasticsearch.cluster.service] [node_s0] processing [update snapshot state]: took 0s no change in cluster_state
[2016-03-30 23:01:51,255][DEBUG][org.elasticsearch.cluster.service] [node_s0] processing [update snapshot state]: execute
[2016-03-30 23:01:51,255][DEBUG][org.elasticsearch.cluster.service] [node_s0] processing [update snapshot state]: took 0s no change in cluster_state
[2016-03-30 23:01:51,255][DEBUG][org.elasticsearch.cluster.service] [node_s0] processing [update snapshot state]: execute
[2016-03-30 23:01:51,255][DEBUG][org.elasticsearch.cluster.service] [node_s0] processing [update snapshot state]: took 0s no change in cluster_state
[2016-03-30 23:01:51,256][DEBUG][org.elasticsearch.cluster.service] [node_s0] processing [update snapshot state]: execute
[2016-03-30 23:01:51,256][DEBUG][org.elasticsearch.cluster.service] [node_s0] processing [update snapshot state]: took 0s no change in cluster_state
[2016-03-30 23:01:51,256][DEBUG][org.elasticsearch.cluster.service] [node_s0] processing [update snapshot state]: execute
[2016-03-30 23:01:51,256][DEBUG][org.elasticsearch.cluster.service] [node_s0] processing [update snapshot state]: took 0s no change in cluster_state
[2016-03-30 23:01:51,256][DEBUG][org.elasticsearch.cluster.service] [node_s0] processing [update snapshot state]: execute
[2016-03-30 23:01:51,256][DEBUG][org.elasticsearch.cluster.service] [node_s0] processing [update snapshot state]: took 0s no change in cluster_state
[2016-03-30 23:01:51,256][DEBUG][org.elasticsearch.cluster.service] [node_s0] processing [update snapshot state]: execute
[2016-03-30 23:01:51,256][DEBUG][org.elasticsearch.cluster.service] [node_s0] processing [update snapshot state]: took 0s no change in cluster_state
[2016-03-30 23:01:51,256][DEBUG][org.elasticsearch.cluster.service] [node_s0] processing [update snapshot state]: execute
[2016-03-30 23:01:51,256][DEBUG][org.elasticsearch.cluster.service] [node_s0] processing [update snapshot state]: took 0s no change in cluster_state
[2016-03-30 23:01:51,256][DEBUG][org.elasticsearch.cluster.service] [node_s0] processing [update snapshot state]: execute
[2016-03-30 23:01:51,256][DEBUG][org.elasticsearch.cluster.service] [node_s0] processing [update snapshot state]: took 0s no change in cluster_state
[2016-03-30 23:01:51,256][DEBUG][org.elasticsearch.cluster.service] [node_s0] processing [update snapshot state]: execute
[2016-03-30 23:01:51,256][DEBUG][org.elasticsearch.cluster.service] [node_s0] processing [update snapshot state]: took 0s no change in cluster_state
[2016-03-30 23:01:51,256][DEBUG][org.elasticsearch.cluster.service] [node_s0] processing [update snapshot state]: execute
[2016-03-30 23:01:51,257][DEBUG][org.elasticsearch.cluster.service] [node_s0] processing [update snapshot state]: took 0s no change in cluster_state
[2016-03-30 23:01:51,257][DEBUG][org.elasticsearch.cluster.service] [node_s0] processing [update snapshot state]: execute
[2016-03-30 23:01:51,257][DEBUG][org.elasticsearch.cluster.service] [node_s0] processing [update snapshot state]: took 0s no change in cluster_state
[2016-03-30 23:01:51,257][DEBUG][org.elasticsearch.cluster.service] [node_s0] processing [remove snapshot metadata]: execute
[2016-03-30 23:01:51,257][DEBUG][org.elasticsearch.cluster.service] [node_s0] cluster state updated, version [465], source [remove snapshot metadata]
[2016-03-30 23:01:51,257][DEBUG][org.elasticsearch.cluster.service] [node_s0] publishing cluster state version [465]
[2016-03-30 23:01:51,257][DEBUG][org.elasticsearch.cluster.service] [node_s1] processing [local-disco-receive(from master)]: execute
[2016-03-30 23:01:51,257][DEBUG][org.elasticsearch.cluster.service] [node_s1] cluster state updated, version [465], source [local-disco-receive(from master)]
[2016-03-30 23:01:51,258][DEBUG][org.elasticsearch.cluster.service] [node_s1] set local cluster state to version 465
[2016-03-30 23:01:51,259][DEBUG][org.elasticsearch.cluster.service] [node_s1] processing [local-disco-receive(from master)]: took 1ms done applying updated cluster_state (version: 465, uuid: i8c_W6eVS4WNa9YswGmuJQ)
[2016-03-30 23:01:51,259][DEBUG][org.elasticsearch.cluster.service] [node_s0] set local cluster state to version 465
[2016-03-30 23:01:51,260][DEBUG][org.elasticsearch.cluster.service] [node_s0] processing [remove snapshot metadata]: took 2ms done applying updated cluster_state (version: 465, uuid: i8c_W6eVS4WNa9YswGmuJQ)
[2016-03-30 23:01:51,260][DEBUG][org.elasticsearch.cluster.service] [node_s0] processing [close-indices [test-idx]]: execute
[2016-03-30 23:01:51,260][INFO ][org.elasticsearch.cluster.metadata] [node_s0] closing indices [[test-idx]]
[2016-03-30 23:01:51,261][DEBUG][org.elasticsearch.cluster.service] [node_s0] cluster state updated, version [466], source [close-indices [test-idx]]
[2016-03-30 23:01:51,261][DEBUG][org.elasticsearch.cluster.service] [node_s0] publishing cluster state version [466]
[2016-03-30 23:01:51,261][DEBUG][org.elasticsearch.cluster.service] [node_s1] processing [local-disco-receive(from master)]: execute
[2016-03-30 23:01:51,261][DEBUG][org.elasticsearch.cluster.service] [node_s1] cluster state updated, version [466], source [local-disco-receive(from master)]
[2016-03-30 23:01:51,261][DEBUG][org.elasticsearch.cluster.service] [node_s1] set local cluster state to version 466
[2016-03-30 23:01:51,378][DEBUG][org.elasticsearch.cluster.service] [node_s1] processing [local-disco-receive(from master)]: took 116ms done applying updated cluster_state (version: 466, uuid: KR9mRAJtSEyEg9V52iDC-g)
[2016-03-30 23:01:51,378][DEBUG][org.elasticsearch.cluster.service] [node_s0] set local cluster state to version 466
[2016-03-30 23:01:51,507][DEBUG][org.elasticsearch.cluster.service] [node_s0] processing [close-indices [test-idx]]: took 246ms done applying updated cluster_state (version: 466, uuid: KR9mRAJtSEyEg9V52iDC-g)
[2016-03-30 23:01:51,512][DEBUG][org.elasticsearch.cluster.service] [node_s0] processing [restore_snapshot[test-snap]]: execute
[2016-03-30 23:01:51,524][DEBUG][org.elasticsearch.cluster.routing.allocation.allocator] [node_s0] skipping rebalance due to in-flight shard/store fetches
[2016-03-30 23:01:51,524][DEBUG][org.elasticsearch.cluster.service] [node_s0] cluster state updated, version [467], source [restore_snapshot[test-snap]]
[2016-03-30 23:01:51,524][DEBUG][org.elasticsearch.cluster.service] [node_s0] publishing cluster state version [467]
[2016-03-30 23:01:51,527][DEBUG][org.elasticsearch.cluster.service] [node_s1] processing [local-disco-receive(from master)]: execute
[2016-03-30 23:01:51,527][DEBUG][org.elasticsearch.cluster.service] [node_s1] cluster state updated, version [467], source [local-disco-receive(from master)]
[2016-03-30 23:01:51,527][DEBUG][org.elasticsearch.cluster.service] [node_s1] set local cluster state to version 467
[2016-03-30 23:01:51,537][DEBUG][org.elasticsearch.cluster.service] [node_s1] processing [local-disco-receive(from master)]: took 9ms done applying updated cluster_state (version: 467, uuid: BeFvaKfYTOCb9SbNgS81Sw)
[2016-03-30 23:01:51,540][DEBUG][org.elasticsearch.cluster.service] [node_s0] set local cluster state to version 467
[2016-03-30 23:01:51,546][DEBUG][org.elasticsearch.cluster.service] [node_s0] processing [restore_snapshot[test-snap]]: took 34ms done applying updated cluster_state (version: 467, uuid: BeFvaKfYTOCb9SbNgS81Sw)
[2016-03-30 23:01:51,546][DEBUG][org.elasticsearch.cluster.service] [node_s0] processing [cluster_reroute(async_shard_fetch)]: execute
[2016-03-30 23:01:51,552][DEBUG][org.elasticsearch.cluster.routing.allocation.allocator] [node_s0] skipping rebalance due to in-flight shard/store fetches
[2016-03-30 23:01:51,553][DEBUG][org.elasticsearch.cluster.service] [node_s0] cluster state updated, version [468], source [cluster_reroute(async_shard_fetch)]
[2016-03-30 23:01:51,553][DEBUG][org.elasticsearch.cluster.service] [node_s0] publishing cluster state version [468]
[2016-03-30 23:01:51,553][DEBUG][org.elasticsearch.cluster.service] [node_s1] processing [local-disco-receive(from master)]: execute
[2016-03-30 23:01:51,553][DEBUG][org.elasticsearch.cluster.service] [node_s1] cluster state updated, version [468], source [local-disco-receive(from master)]
[2016-03-30 23:01:51,553][DEBUG][org.elasticsearch.cluster.service] [node_s1] set local cluster state to version 468
[2016-03-30 23:01:51,580][DEBUG][org.elasticsearch.cluster.service] [node_s1] processing [local-disco-receive(from master)]: took 27ms done applying updated cluster_state (version: 468, uuid: BXi4TjVbQpiqBpejPtNtnQ)
[2016-03-30 23:01:51,581][DEBUG][org.elasticsearch.cluster.service] [node_s0] set local cluster state to version 468
[2016-03-30 23:01:51,590][DEBUG][org.elasticsearch.cluster.action.shard] [node_s1] [test-idx][3] sending shard started for [test-idx][3], node[BGl_MLcDTse8q5N9C0jt5A], [P], v[3], restoring[test-repo:test-snap], s[INITIALIZING], a[id=-1mjevXJTXKnlRRo-goeKA], unassigned_info[[reason=EXISTING_INDEX_RESTORED], at[2016-03-31T06:01:51.512Z], details[restore_source[test-repo/test-snap]]], indexUUID [qGePyLBjQfWYwfUhYQW18g], message [after recovery from repository], failure [Unknown]
[2016-03-30 23:01:51,590][DEBUG][org.elasticsearch.cluster.action.shard] [node_s0] received shard started for [test-idx][3], node[BGl_MLcDTse8q5N9C0jt5A], [P], v[3], restoring[test-repo:test-snap], s[INITIALIZING], a[id=-1mjevXJTXKnlRRo-goeKA], unassigned_info[[reason=EXISTING_INDEX_RESTORED], at[2016-03-31T06:01:51.512Z], details[restore_source[test-repo/test-snap]]], indexUUID [qGePyLBjQfWYwfUhYQW18g], message [after recovery from repository], failure [Unknown]
[2016-03-30 23:01:51,623][DEBUG][org.elasticsearch.cluster.service] [node_s0] processing [cluster_reroute(async_shard_fetch)]: took 76ms done applying updated cluster_state (version: 468, uuid: BXi4TjVbQpiqBpejPtNtnQ)
[2016-03-30 23:01:51,623][DEBUG][org.elasticsearch.cluster.service] [node_s0] processing [shard-started ([test-idx][3], node[BGl_MLcDTse8q5N9C0jt5A], [P], v[3], restoring[test-repo:test-snap], s[INITIALIZING], a[id=-1mjevXJTXKnlRRo-goeKA], unassigned_info[[reason=EXISTING_INDEX_RESTORED], at[2016-03-31T06:01:51.512Z], details[restore_source[test-repo/test-snap]]]), reason [after recovery from repository]]: execute
[2016-03-30 23:01:51,627][DEBUG][org.elasticsearch.cluster.service] [node_s0] cluster state updated, version [469], source [shard-started ([test-idx][3], node[BGl_MLcDTse8q5N9C0jt5A], [P], v[3], restoring[test-repo:test-snap], s[INITIALIZING], a[id=-1mjevXJTXKnlRRo-goeKA], unassigned_info[[reason=EXISTING_INDEX_RESTORED], at[2016-03-31T06:01:51.512Z], details[restore_source[test-repo/test-snap]]]), reason [after recovery from repository]]
[2016-03-30 23:01:51,627][DEBUG][org.elasticsearch.cluster.service] [node_s0] publishing cluster state version [469]
[2016-03-30 23:01:51,628][DEBUG][org.elasticsearch.cluster.service] [node_s1] processing [local-disco-receive(from master)]: execute
[2016-03-30 23:01:51,628][DEBUG][org.elasticsearch.cluster.service] [node_s1] cluster state updated, version [469], source [local-disco-receive(from master)]
[2016-03-30 23:01:51,628][DEBUG][org.elasticsearch.cluster.service] [node_s1] set local cluster state to version 469
[2016-03-30 23:01:51,634][DEBUG][org.elasticsearch.cluster.action.shard] [node_s1] [test-idx][1] sending shard started for [test-idx][1], node[BGl_MLcDTse8q5N9C0jt5A], [P], v[3], restoring[test-repo:test-snap], s[INITIALIZING], a[id=U-Noql1nSgaKvbpS_ZYMbQ], unassigned_info[[reason=EXISTING_INDEX_RESTORED], at[2016-03-31T06:01:51.512Z], details[restore_source[test-repo/test-snap]]], indexUUID [qGePyLBjQfWYwfUhYQW18g], message [after recovery from repository], failure [Unknown]
[2016-03-30 23:01:51,634][DEBUG][org.elasticsearch.cluster.action.shard] [node_s0] received shard started for [test-idx][1], node[BGl_MLcDTse8q5N9C0jt5A], [P], v[3], restoring[test-repo:test-snap], s[INITIALIZING], a[id=U-Noql1nSgaKvbpS_ZYMbQ], unassigned_info[[reason=EXISTING_INDEX_RESTORED], at[2016-03-31T06:01:51.512Z], details[restore_source[test-repo/test-snap]]], indexUUID [qGePyLBjQfWYwfUhYQW18g], message [after recovery from repository], failure [Unknown]
[2016-03-30 23:01:51,641][DEBUG][org.elasticsearch.cluster.action.shard] [node_s1] [test-idx][9] sending shard started for [test-idx][9], node[BGl_MLcDTse8q5N9C0jt5A], [P], v[3], restoring[test-repo:test-snap], s[INITIALIZING], a[id=P4KNAoJkR5KwsW-B4UQvgA], unassigned_info[[reason=EXISTING_INDEX_RESTORED], at[2016-03-31T06:01:51.512Z], details[restore_source[test-repo/test-snap]]], indexUUID [qGePyLBjQfWYwfUhYQW18g], message [after recovery from repository], failure [Unknown]
[2016-03-30 23:01:51,641][DEBUG][org.elasticsearch.cluster.action.shard] [node_s0] received shard started for [test-idx][9], node[BGl_MLcDTse8q5N9C0jt5A], [P], v[3], restoring[test-repo:test-snap], s[INITIALIZING], a[id=P4KNAoJkR5KwsW-B4UQvgA], unassigned_info[[reason=EXISTING_INDEX_RESTORED], at[2016-03-31T06:01:51.512Z], details[restore_source[test-repo/test-snap]]], indexUUID [qGePyLBjQfWYwfUhYQW18g], message [after recovery from repository], failure [Unknown]
[2016-03-30 23:01:51,642][DEBUG][org.elasticsearch.cluster.action.shard] [node_s1] [test-idx][9] sending shard started for [test-idx][9], node[BGl_MLcDTse8q5N9C0jt5A], [P], v[3], restoring[test-repo:test-snap], s[INITIALIZING], a[id=P4KNAoJkR5KwsW-B4UQvgA], unassigned_info[[reason=EXISTING_INDEX_RESTORED], at[2016-03-31T06:01:51.512Z], details[restore_source[test-repo/test-snap]]], indexUUID [qGePyLBjQfWYwfUhYQW18g], message [master {node_s0}{YU4rw4SiR5aBA7JFJFd8EQ}{local}{local[78]}[mode=>local] marked shard as initializing, but shard state is [POST_RECOVERY], mark shard as started], failure [Unknown]
[2016-03-30 23:01:51,643][DEBUG][org.elasticsearch.cluster.action.shard] [node_s1] [test-idx][1] sending shard started for [test-idx][1], node[BGl_MLcDTse8q5N9C0jt5A], [P], v[3], restoring[test-repo:test-snap], s[INITIALIZING], a[id=U-Noql1nSgaKvbpS_ZYMbQ], unassigned_info[[reason=EXISTING_INDEX_RESTORED], at[2016-03-31T06:01:51.512Z], details[restore_source[test-repo/test-snap]]], indexUUID [qGePyLBjQfWYwfUhYQW18g], message [master {node_s0}{YU4rw4SiR5aBA7JFJFd8EQ}{local}{local[78]}[mode=>local] marked shard as initializing, but shard state is [POST_RECOVERY], mark shard as started], failure [Unknown]
[2016-03-30 23:01:51,643][DEBUG][org.elasticsearch.cluster.action.shard] [node_s0] received shard started for [test-idx][9], node[BGl_MLcDTse8q5N9C0jt5A], [P], v[3], restoring[test-repo:test-snap], s[INITIALIZING], a[id=P4KNAoJkR5KwsW-B4UQvgA], unassigned_info[[reason=EXISTING_INDEX_RESTORED], at[2016-03-31T06:01:51.512Z], details[restore_source[test-repo/test-snap]]], indexUUID [qGePyLBjQfWYwfUhYQW18g], message [master {node_s0}{YU4rw4SiR5aBA7JFJFd8EQ}{local}{local[78]}[mode=>local] marked shard as initializing, but shard state is [POST_RECOVERY], mark shard as started], failure [Unknown]
[2016-03-30 23:01:51,644][DEBUG][org.elasticsearch.cluster.action.shard] [node_s0] received shard started for [test-idx][1], node[BGl_MLcDTse8q5N9C0jt5A], [P], v[3], restoring[test-repo:test-snap], s[INITIALIZING], a[id=U-Noql1nSgaKvbpS_ZYMbQ], unassigned_info[[reason=EXISTING_INDEX_RESTORED], at[2016-03-31T06:01:51.512Z], details[restore_source[test-repo/test-snap]]], indexUUID [qGePyLBjQfWYwfUhYQW18g], message [master {node_s0}{YU4rw4SiR5aBA7JFJFd8EQ}{local}{local[78]}[mode=>local] marked shard as initializing, but shard state is [POST_RECOVERY], mark shard as started], failure [Unknown]
[2016-03-30 23:01:51,668][DEBUG][org.elasticsearch.cluster.action.shard] [node_s0] [test-idx][8] sending shard started for [test-idx][8], node[YU4rw4SiR5aBA7JFJFd8EQ], [P], v[3], restoring[test-repo:test-snap], s[INITIALIZING], a[id=ips4QPuIQfCgjPHp12lkaA], unassigned_info[[reason=EXISTING_INDEX_RESTORED], at[2016-03-31T06:01:51.512Z], details[restore_source[test-repo/test-snap]]], indexUUID [qGePyLBjQfWYwfUhYQW18g], message [after recovery from repository], failure [Unknown]
[2016-03-30 23:01:51,669][DEBUG][org.elasticsearch.cluster.action.shard] [node_s0] received shard started for [test-idx][8], node[YU4rw4SiR5aBA7JFJFd8EQ], [P], v[3], restoring[test-repo:test-snap], s[INITIALIZING], a[id=ips4QPuIQfCgjPHp12lkaA], unassigned_info[[reason=EXISTING_INDEX_RESTORED], at[2016-03-31T06:01:51.512Z], details[restore_source[test-repo/test-snap]]], indexUUID [qGePyLBjQfWYwfUhYQW18g], message [after recovery from repository], failure [Unknown]
[2016-03-30 23:01:51,681][DEBUG][org.elasticsearch.cluster.action.shard] [node_s0] [test-idx][10] sending shard started for [test-idx][10], node[YU4rw4SiR5aBA7JFJFd8EQ], [P], v[3], restoring[test-repo:test-snap], s[INITIALIZING], a[id=UwJkKocCQ96uRu_R2nAmBg], unassigned_info[[reason=EXISTING_INDEX_RESTORED], at[2016-03-31T06:01:51.512Z], details[restore_source[test-repo/test-snap]]], indexUUID [qGePyLBjQfWYwfUhYQW18g], message [after recovery from repository], failure [Unknown]
[2016-03-30 23:01:51,682][DEBUG][org.elasticsearch.cluster.action.shard] [node_s0] received shard started for [test-idx][10], node[YU4rw4SiR5aBA7JFJFd8EQ], [P], v[3], restoring[test-repo:test-snap], s[INITIALIZING], a[id=UwJkKocCQ96uRu_R2nAmBg], unassigned_info[[reason=EXISTING_INDEX_RESTORED], at[2016-03-31T06:01:51.512Z], details[restore_source[test-repo/test-snap]]], indexUUID [qGePyLBjQfWYwfUhYQW18g], message [after recovery from repository], failure [Unknown]
[2016-03-30 23:01:51,689][DEBUG][org.elasticsearch.cluster.action.shard] [node_s1] [test-idx][7] sending shard started for [test-idx][7], node[BGl_MLcDTse8q5N9C0jt5A], [P], v[3], restoring[test-repo:test-snap], s[INITIALIZING], a[id=l71j6YIVT82__8lj3oAXkg], unassigned_info[[reason=EXISTING_INDEX_RESTORED], at[2016-03-31T06:01:51.512Z], details[restore_source[test-repo/test-snap]]], indexUUID [qGePyLBjQfWYwfUhYQW18g], message [after recovery from repository], failure [Unknown]
[2016-03-30 23:01:51,689][DEBUG][org.elasticsearch.cluster.action.shard] [node_s0] received shard started for [test-idx][7], node[BGl_MLcDTse8q5N9C0jt5A], [P], v[3], restoring[test-repo:test-snap], s[INITIALIZING], a[id=l71j6YIVT82__8lj3oAXkg], unassigned_info[[reason=EXISTING_INDEX_RESTORED], at[2016-03-31T06:01:51.512Z], details[restore_source[test-repo/test-snap]]], indexUUID [qGePyLBjQfWYwfUhYQW18g], message [after recovery from repository], failure [Unknown]
[2016-03-30 23:01:51,695][DEBUG][org.elasticsearch.cluster.service] [node_s1] processing [local-disco-receive(from master)]: took 67ms done applying updated cluster_state (version: 469, uuid: 0p9bhRAWQReOlDK0FspntQ)
[2016-03-30 23:01:51,695][DEBUG][org.elasticsearch.cluster.service] [node_s0] set local cluster state to version 469
[2016-03-30 23:01:51,696][DEBUG][org.elasticsearch.cluster.action.shard] [node_s0] [test-idx][8] sending shard started for [test-idx][8], node[YU4rw4SiR5aBA7JFJFd8EQ], [P], v[3], restoring[test-repo:test-snap], s[INITIALIZING], a[id=ips4QPuIQfCgjPHp12lkaA], unassigned_info[[reason=EXISTING_INDEX_RESTORED], at[2016-03-31T06:01:51.512Z], details[restore_source[test-repo/test-snap]]], indexUUID [qGePyLBjQfWYwfUhYQW18g], message [master {node_s0}{YU4rw4SiR5aBA7JFJFd8EQ}{local}{local[78]}[mode=>local] marked shard as initializing, but shard state is [POST_RECOVERY], mark shard as started], failure [Unknown]
[2016-03-30 23:01:51,696][DEBUG][org.elasticsearch.cluster.action.shard] [node_s0] received shard started for [test-idx][8], node[YU4rw4SiR5aBA7JFJFd8EQ], [P], v[3], restoring[test-repo:test-snap], s[INITIALIZING], a[id=ips4QPuIQfCgjPHp12lkaA], unassigned_info[[reason=EXISTING_INDEX_RESTORED], at[2016-03-31T06:01:51.512Z], details[restore_source[test-repo/test-snap]]], indexUUID [qGePyLBjQfWYwfUhYQW18g], message [master {node_s0}{YU4rw4SiR5aBA7JFJFd8EQ}{local}{local[78]}[mode=>local] marked shard as initializing, but shard state is [POST_RECOVERY], mark shard as started], failure [Unknown]
[2016-03-30 23:01:51,696][DEBUG][org.elasticsearch.cluster.action.shard] [node_s0] [test-idx][10] sending shard started for [test-idx][10], node[YU4rw4SiR5aBA7JFJFd8EQ], [P], v[3], restoring[test-repo:test-snap], s[INITIALIZING], a[id=UwJkKocCQ96uRu_R2nAmBg], unassigned_info[[reason=EXISTING_INDEX_RESTORED], at[2016-03-31T06:01:51.512Z], details[restore_source[test-repo/test-snap]]], indexUUID [qGePyLBjQfWYwfUhYQW18g], message [master {node_s0}{YU4rw4SiR5aBA7JFJFd8EQ}{local}{local[78]}[mode=>local] marked shard as initializing, but shard state is [POST_RECOVERY], mark shard as started], failure [Unknown]
[2016-03-30 23:01:51,696][DEBUG][org.elasticsearch.cluster.action.shard] [node_s0] received shard started for [test-idx][10], node[YU4rw4SiR5aBA7JFJFd8EQ], [P], v[3], restoring[test-repo:test-snap], s[INITIALIZING], a[id=UwJkKocCQ96uRu_R2nAmBg], unassigned_info[[reason=EXISTING_INDEX_RESTORED], at[2016-03-31T06:01:51.512Z], details[restore_source[test-repo/test-snap]]], indexUUID [qGePyLBjQfWYwfUhYQW18g], message [master {node_s0}{YU4rw4SiR5aBA7JFJFd8EQ}{local}{local[78]}[mode=>local] marked shard as initializing, but shard state is [POST_RECOVERY], mark shard as started], failure [Unknown]
[2016-03-30 23:01:51,719][DEBUG][org.elasticsearch.cluster.action.shard] [node_s0] [test-idx][0] sending shard started for [test-idx][0], node[YU4rw4SiR5aBA7JFJFd8EQ], [P], v[3], restoring[test-repo:test-snap], s[INITIALIZING], a[id=QWDo9GjxQY2d5AjdYXqp-g], unassigned_info[[reason=EXISTING_INDEX_RESTORED], at[2016-03-31T06:01:51.512Z], details[restore_source[test-repo/test-snap]]], indexUUID [qGePyLBjQfWYwfUhYQW18g], message [after recovery from repository], failure [Unknown]
[2016-03-30 23:01:51,720][DEBUG][org.elasticsearch.cluster.action.shard] [node_s0] received shard started for [test-idx][0], node[YU4rw4SiR5aBA7JFJFd8EQ], [P], v[3], restoring[test-repo:test-snap], s[INITIALIZING], a[id=QWDo9GjxQY2d5AjdYXqp-g], unassigned_info[[reason=EXISTING_INDEX_RESTORED], at[2016-03-31T06:01:51.512Z], details[restore_source[test-repo/test-snap]]], indexUUID [qGePyLBjQfWYwfUhYQW18g], message [after recovery from repository], failure [Unknown]
[2016-03-30 23:01:51,732][DEBUG][org.elasticsearch.cluster.action.shard] [node_s1] [test-idx][14] sending shard started for [test-idx][14], node[BGl_MLcDTse8q5N9C0jt5A], [P], v[3], restoring[test-repo:test-snap], s[INITIALIZING], a[id=RDlgOaSMRTyI7fMssSE0Xw], unassigned_info[[reason=EXISTING_INDEX_RESTORED], at[2016-03-31T06:01:51.512Z], details[restore_source[test-repo/test-snap]]], indexUUID [qGePyLBjQfWYwfUhYQW18g], message [after recovery from repository], failure [Unknown]
[2016-03-30 23:01:51,733][DEBUG][org.elasticsearch.cluster.action.shard] [node_s0] received shard started for [test-idx][14], node[BGl_MLcDTse8q5N9C0jt5A], [P], v[3], restoring[test-repo:test-snap], s[INITIALIZING], a[id=RDlgOaSMRTyI7fMssSE0Xw], unassigned_info[[reason=EXISTING_INDEX_RESTORED], at[2016-03-31T06:01:51.512Z], details[restore_source[test-repo/test-snap]]], indexUUID [qGePyLBjQfWYwfUhYQW18g], message [after recovery from repository], failure [Unknown]
[2016-03-30 23:01:51,740][DEBUG][org.elasticsearch.cluster.action.shard] [node_s0] [test-idx][15] sending shard started for [test-idx][15], node[YU4rw4SiR5aBA7JFJFd8EQ], [P], v[3], restoring[test-repo:test-snap], s[INITIALIZING], a[id=gEiAlJ9YRmejNcEwQhehlw], unassigned_info[[reason=EXISTING_INDEX_RESTORED], at[2016-03-31T06:01:51.512Z], details[restore_source[test-repo/test-snap]]], indexUUID [qGePyLBjQfWYwfUhYQW18g], message [after recovery from repository], failure [Unknown]
[2016-03-30 23:01:51,740][DEBUG][org.elasticsearch.cluster.action.shard] [node_s0] received shard started for [test-idx][15], node[YU4rw4SiR5aBA7JFJFd8EQ], [P], v[3], restoring[test-repo:test-snap], s[INITIALIZING], a[id=gEiAlJ9YRmejNcEwQhehlw], unassigned_info[[reason=EXISTING_INDEX_RESTORED], at[2016-03-31T06:01:51.512Z], details[restore_source[test-repo/test-snap]]], indexUUID [qGePyLBjQfWYwfUhYQW18g], message [after recovery from repository], failure [Unknown]
[2016-03-30 23:01:51,747][DEBUG][org.elasticsearch.cluster.service] [node_s0] processing [shard-started ([test-idx][3], node[BGl_MLcDTse8q5N9C0jt5A], [P], v[3], restoring[test-repo:test-snap], s[INITIALIZING], a[id=-1mjevXJTXKnlRRo-goeKA], unassigned_info[[reason=EXISTING_INDEX_RESTORED], at[2016-03-31T06:01:51.512Z], details[restore_source[test-repo/test-snap]]]), reason [after recovery from repository]]: took 123ms done applying updated cluster_state (version: 469, uuid: 0p9bhRAWQReOlDK0FspntQ)
[2016-03-30 23:01:51,747][DEBUG][org.elasticsearch.cluster.service] [node_s0] processing [shard-started ([test-idx][1], node[BGl_MLcDTse8q5N9C0jt5A], [P], v[3], restoring[test-repo:test-snap], s[INITIALIZING], a[id=U-Noql1nSgaKvbpS_ZYMbQ], unassigned_info[[reason=EXISTING_INDEX_RESTORED], at[2016-03-31T06:01:51.512Z], details[restore_source[test-repo/test-snap]]]), reason [after recovery from repository],shard-started ([test-idx][9], node[BGl_MLcDTse8q5N9C0jt5A], [P], v[3], restoring[test-repo:test-snap], s[INITIALIZING], a[id=P4KNAoJkR5KwsW-B4UQvgA], unassigned_info[[reason=EXISTING_INDEX_RESTORED], at[2016-03-31T06:01:51.512Z], details[restore_source[test-repo/test-snap]]]), reason [after recovery from repository],shard-started ([test-idx][9], node[BGl_MLcDTse8q5N9C0jt5A], [P], v[3], restoring[test-repo:test-snap], s[INITIALIZING], a[id=P4KNAoJkR5KwsW-B4UQvgA], unassigned_info[[reason=EXISTING_INDEX_RESTORED], at[2016-03-31T06:01:51.512Z], details[restore_source[test-repo/test-snap]]]), reason [master {node_s0}{YU4rw4SiR5aBA7JFJFd8EQ}{local}{local[78]}[mode=>local] marked shard as initializing, but shard state is [POST_RECOVERY], mark shard as started],shard-started ([test-idx][1], node[BGl_MLcDTse8q5N9C0jt5A], [P], v[3], restoring[test-repo:test-snap], s[INITIALIZING], a[id=U-Noql1nSgaKvbpS_ZYMbQ], unassigned_info[[reason=EXISTING_INDEX_RESTORED], at[2016-03-31T06:01:51.512Z], details[restore_source[test-repo/test-snap]]]), reason [master {node_s0}{YU4rw4SiR5aBA7JFJFd8EQ}{local}{local[78]}[mode=>local] marked shard as initializing, but shard state is [POST_RECOVERY], mark shard as started],shard-started ([test-idx][8], node[YU4rw4SiR5aBA7JFJFd8EQ], [P], v[3], restoring[test-repo:test-snap], s[INITIALIZING], a[id=ips4QPuIQfCgjPHp12lkaA], unassigned_info[[reason=EXISTING_INDEX_RESTORED], at[2016-03-31T06:01:51.512Z], details[restore_source[test-repo/test-snap]]]), reason [after recovery from repository],shard-started ([test-idx][10], node[YU4rw4SiR5aBA7JFJFd8EQ], [P], v[3], restoring[test-repo:test-snap], s[INITIALIZING], a[id=UwJkKocCQ96uRu_R2nAmBg], unassigned_info[[reason=EXISTING_INDEX_RESTORED], at[2016-03-31T06:01:51.512Z], details[restore_source[test-repo/test-snap]]]), reason [after recovery from repository],shard-started ([test-idx][7], node[BGl_MLcDTse8q5N9C0jt5A], [P], v[3], restoring[test-repo:test-snap], s[INITIALIZING], a[id=l71j6YIVT82__8lj3oAXkg], unassigned_info[[reason=EXISTING_INDEX_RESTORED], at[2016-03-31T06:01:51.512Z], details[restore_source[test-repo/test-snap]]]), reason [after recovery from repository],shard-started ([test-idx][8], node[YU4rw4SiR5aBA7JFJFd8EQ], [P], v[3], restoring[test-repo:test-snap], s[INITIALIZING], a[id=ips4QPuIQfCgjPHp12lkaA], unassigned_info[[reason=EXISTING_INDEX_RESTORED], at[2016-03-31T06:01:51.512Z], details[restore_source[test-repo/test-snap]]]), reason [master {node_s0}{YU4rw4SiR5aBA7JFJFd8EQ}{local}{local[78]}[mode=>local] marked shard as initializing, but shard state is [POST_RECOVERY], mark shard as started],shard-started ([test-idx][10], node[YU4rw4SiR5aBA7JFJFd8EQ], [P], v[3], restoring[test-repo:test-snap], s[INITIALIZING], a[id=UwJkKocCQ96uRu_R2nAmBg], unassigned_info[[reason=EXISTING_INDEX_RESTORED], at[2016-03-31T06:01:51.512Z], details[restore_source[test-repo/test-snap]]]), reason [master {node_s0}{YU4rw4SiR5aBA7JFJFd8EQ}{local}{local[78]}[mode=>local] marked shard as initializing, but shard state is [POST_RECOVERY], mark shard as started],shard-started ([test-idx][0], node[YU4rw4SiR5aBA7JFJFd8EQ], [P], v[3], restoring[test-repo:test-snap], s[INITIALIZING], a[id=QWDo9GjxQY2d5AjdYXqp-g], unassigned_info[[reason=EXISTING_INDEX_RESTORED], at[2016-03-31T06:01:51.512Z], details[restore_source[test-repo/test-snap]]]), reason [after recovery from repository],shard-started ([test-idx][14], node[BGl_MLcDTse8q5N9C0jt5A], [P], v[3], restoring[test-repo:test-snap], s[INITIALIZING], a[id=RDlgOaSMRTyI7fMssSE0Xw], unassigned_info[[reason=EXISTING_INDEX_RESTORED], at[2016-03-31T06:01:51.512Z], details[restore_source[test-repo/test-snap]]]), reason [after recovery from repository],shard-started ([test-idx][15], node[YU4rw4SiR5aBA7JFJFd8EQ], [P], v[3], restoring[test-repo:test-snap], s[INITIALIZING], a[id=gEiAlJ9YRmejNcEwQhehlw], unassigned_info[[reason=EXISTING_INDEX_RESTORED], at[2016-03-31T06:01:51.512Z], details[restore_source[test-repo/test-snap]]]), reason [after recovery from repository]]: execute
[2016-03-30 23:01:51,752][DEBUG][org.elasticsearch.cluster.service] [node_s0] cluster state updated, version [470], source [shard-started ([test-idx][1], node[BGl_MLcDTse8q5N9C0jt5A], [P], v[3], restoring[test-repo:test-snap], s[INITIALIZING], a[id=U-Noql1nSgaKvbpS_ZYMbQ], unassigned_info[[reason=EXISTING_INDEX_RESTORED], at[2016-03-31T06:01:51.512Z], details[restore_source[test-repo/test-snap]]]), reason [after recovery from repository],shard-started ([test-idx][9], node[BGl_MLcDTse8q5N9C0jt5A], [P], v[3], restoring[test-repo:test-snap], s[INITIALIZING], a[id=P4KNAoJkR5KwsW-B4UQvgA], unassigned_info[[reason=EXISTING_INDEX_RESTORED], at[2016-03-31T06:01:51.512Z], details[restore_source[test-repo/test-snap]]]), reason [after recovery from repository],shard-started ([test-idx][9], node[BGl_MLcDTse8q5N9C0jt5A], [P], v[3], restoring[test-repo:test-snap], s[INITIALIZING], a[id=P4KNAoJkR5KwsW-B4UQvgA], unassigned_info[[reason=EXISTING_INDEX_RESTORED], at[2016-03-31T06:01:51.512Z], details[restore_source[test-repo/test-snap]]]), reason [master {node_s0}{YU4rw4SiR5aBA7JFJFd8EQ}{local}{local[78]}[mode=>local] marked shard as initializing, but shard state is [POST_RECOVERY], mark shard as started],shard-started ([test-idx][1], node[BGl_MLcDTse8q5N9C0jt5A], [P], v[3], restoring[test-repo:test-snap], s[INITIALIZING], a[id=U-Noql1nSgaKvbpS_ZYMbQ], unassigned_info[[reason=EXISTING_INDEX_RESTORED], at[2016-03-31T06:01:51.512Z], details[restore_source[test-repo/test-snap]]]), reason [master {node_s0}{YU4rw4SiR5aBA7JFJFd8EQ}{local}{local[78]}[mode=>local] marked shard as initializing, but shard state is [POST_RECOVERY], mark shard as started],shard-started ([test-idx][8], node[YU4rw4SiR5aBA7JFJFd8EQ], [P], v[3], restoring[test-repo:test-snap], s[INITIALIZING], a[id=ips4QPuIQfCgjPHp12lkaA], unassigned_info[[reason=EXISTING_INDEX_RESTORED], at[2016-03-31T06:01:51.512Z], details[restore_source[test-repo/test-snap]]]), reason [after recovery from repository],shard-started ([test-idx][10], node[YU4rw4SiR5aBA7JFJFd8EQ], [P], v[3], restoring[test-repo:test-snap], s[INITIALIZING], a[id=UwJkKocCQ96uRu_R2nAmBg], unassigned_info[[reason=EXISTING_INDEX_RESTORED], at[2016-03-31T06:01:51.512Z], details[restore_source[test-repo/test-snap]]]), reason [after recovery from repository],shard-started ([test-idx][7], node[BGl_MLcDTse8q5N9C0jt5A], [P], v[3], restoring[test-repo:test-snap], s[INITIALIZING], a[id=l71j6YIVT82__8lj3oAXkg], unassigned_info[[reason=EXISTING_INDEX_RESTORED], at[2016-03-31T06:01:51.512Z], details[restore_source[test-repo/test-snap]]]), reason [after recovery from repository],shard-started ([test-idx][8], node[YU4rw4SiR5aBA7JFJFd8EQ], [P], v[3], restoring[test-repo:test-snap], s[INITIALIZING], a[id=ips4QPuIQfCgjPHp12lkaA], unassigned_info[[reason=EXISTING_INDEX_RESTORED], at[2016-03-31T06:01:51.512Z], details[restore_source[test-repo/test-snap]]]), reason [master {node_s0}{YU4rw4SiR5aBA7JFJFd8EQ}{local}{local[78]}[mode=>local] marked shard as initializing, but shard state is [POST_RECOVERY], mark shard as started],shard-started ([test-idx][10], node[YU4rw4SiR5aBA7JFJFd8EQ], [P], v[3], restoring[test-repo:test-snap], s[INITIALIZING], a[id=UwJkKocCQ96uRu_R2nAmBg], unassigned_info[[reason=EXISTING_INDEX_RESTORED], at[2016-03-31T06:01:51.512Z], details[restore_source[test-repo/test-snap]]]), reason [master {node_s0}{YU4rw4SiR5aBA7JFJFd8EQ}{local}{local[78]}[mode=>local] marked shard as initializing, but shard state is [POST_RECOVERY], mark shard as started],shard-started ([test-idx][0], node[YU4rw4SiR5aBA7JFJFd8EQ], [P], v[3], restoring[test-repo:test-snap], s[INITIALIZING], a[id=QWDo9GjxQY2d5AjdYXqp-g], unassigned_info[[reason=EXISTING_INDEX_RESTORED], at[2016-03-31T06:01:51.512Z], details[restore_source[test-repo/test-snap]]]), reason [after recovery from repository],shard-started ([test-idx][14], node[BGl_MLcDTse8q5N9C0jt5A], [P], v[3], restoring[test-repo:test-snap], s[INITIALIZING], a[id=RDlgOaSMRTyI7fMssSE0Xw], unassigned_info[[reason=EXISTING_INDEX_RESTORED], at[2016-03-31T06:01:51.512Z], details[restore_source[test-repo/test-snap]]]), reason [after recovery from repository],shard-started ([test-idx][15], node[YU4rw4SiR5aBA7JFJFd8EQ], [P], v[3], restoring[test-repo:test-snap], s[INITIALIZING], a[id=gEiAlJ9YRmejNcEwQhehlw], unassigned_info[[reason=EXISTING_INDEX_RESTORED], at[2016-03-31T06:01:51.512Z], details[restore_source[test-repo/test-snap]]]), reason [after recovery from repository]]
[2016-03-30 23:01:51,752][DEBUG][org.elasticsearch.cluster.service] [node_s0] publishing cluster state version [470]
[2016-03-30 23:01:51,753][DEBUG][org.elasticsearch.cluster.service] [node_s1] processing [local-disco-receive(from master)]: execute
[2016-03-30 23:01:51,754][DEBUG][org.elasticsearch.cluster.service] [node_s1] cluster state updated, version [470], source [local-disco-receive(from master)]
[2016-03-30 23:01:51,754][DEBUG][org.elasticsearch.cluster.service] [node_s1] set local cluster state to version 470
[2016-03-30 23:01:51,836][DEBUG][org.elasticsearch.cluster.action.shard] [node_s1] [test-idx][16] sending shard started for [test-idx][16], node[BGl_MLcDTse8q5N9C0jt5A], [P], v[3], restoring[test-repo:test-snap], s[INITIALIZING], a[id=ELV-_6elQeS4d8yshGB3lw], unassigned_info[[reason=EXISTING_INDEX_RESTORED], at[2016-03-31T06:01:51.512Z], details[restore_source[test-repo/test-snap]]], indexUUID [qGePyLBjQfWYwfUhYQW18g], message [after recovery from repository], failure [Unknown]
[2016-03-30 23:01:51,836][DEBUG][org.elasticsearch.cluster.action.shard] [node_s0] received shard started for [test-idx][16], node[BGl_MLcDTse8q5N9C0jt5A], [P], v[3], restoring[test-repo:test-snap], s[INITIALIZING], a[id=ELV-_6elQeS4d8yshGB3lw], unassigned_info[[reason=EXISTING_INDEX_RESTORED], at[2016-03-31T06:01:51.512Z], details[restore_source[test-repo/test-snap]]], indexUUID [qGePyLBjQfWYwfUhYQW18g], message [after recovery from repository], failure [Unknown]
[2016-03-30 23:01:51,857][DEBUG][org.elasticsearch.cluster.action.shard] [node_s1] [test-idx][13] sending shard started for [test-idx][13], node[BGl_MLcDTse8q5N9C0jt5A], [P], v[3], restoring[test-repo:test-snap], s[INITIALIZING], a[id=TqypKIAbRI60X2uZpo-MBQ], unassigned_info[[reason=EXISTING_INDEX_RESTORED], at[2016-03-31T06:01:51.512Z], details[restore_source[test-repo/test-snap]]], indexUUID [qGePyLBjQfWYwfUhYQW18g], message [after recovery from repository], failure [Unknown]
[2016-03-30 23:01:51,858][DEBUG][org.elasticsearch.cluster.action.shard] [node_s0] received shard started for [test-idx][13], node[BGl_MLcDTse8q5N9C0jt5A], [P], v[3], restoring[test-repo:test-snap], s[INITIALIZING], a[id=TqypKIAbRI60X2uZpo-MBQ], unassigned_info[[reason=EXISTING_INDEX_RESTORED], at[2016-03-31T06:01:51.512Z], details[restore_source[test-repo/test-snap]]], indexUUID [qGePyLBjQfWYwfUhYQW18g], message [after recovery from repository], failure [Unknown]
[2016-03-30 23:01:51,867][DEBUG][org.elasticsearch.cluster.service] [node_s1] processing [local-disco-receive(from master)]: took 113ms done applying updated cluster_state (version: 470, uuid: bI0BrDnyROGRRe291xFaTQ)
[2016-03-30 23:01:51,867][DEBUG][org.elasticsearch.cluster.service] [node_s0] set local cluster state to version 470
[2016-03-30 23:01:51,869][DEBUG][org.elasticsearch.cluster.action.shard] [node_s1] [test-idx][11] sending shard started for [test-idx][11], node[BGl_MLcDTse8q5N9C0jt5A], [P], v[3], restoring[test-repo:test-snap], s[INITIALIZING], a[id=M7WbNFKbRPWZ5lREvikIWQ], unassigned_info[[reason=EXISTING_INDEX_RESTORED], at[2016-03-31T06:01:51.512Z], details[restore_source[test-repo/test-snap]]], indexUUID [qGePyLBjQfWYwfUhYQW18g], message [after recovery from repository], failure [Unknown]
[2016-03-30 23:01:51,870][DEBUG][org.elasticsearch.cluster.action.shard] [node_s0] received shard started for [test-idx][11], node[BGl_MLcDTse8q5N9C0jt5A], [P], v[3], restoring[test-repo:test-snap], s[INITIALIZING], a[id=M7WbNFKbRPWZ5lREvikIWQ], unassigned_info[[reason=EXISTING_INDEX_RESTORED], at[2016-03-31T06:01:51.512Z], details[restore_source[test-repo/test-snap]]], indexUUID [qGePyLBjQfWYwfUhYQW18g], message [after recovery from repository], failure [Unknown]
[2016-03-30 23:01:51,877][DEBUG][org.elasticsearch.cluster.action.shard] [node_s1] [test-idx][5] sending shard started for [test-idx][5], node[BGl_MLcDTse8q5N9C0jt5A], [P], v[3], restoring[test-repo:test-snap], s[INITIALIZING], a[id=65y3Vek0QuGZPSCCVK4e6w], unassigned_info[[reason=EXISTING_INDEX_RESTORED], at[2016-03-31T06:01:51.512Z], details[restore_source[test-repo/test-snap]]], indexUUID [qGePyLBjQfWYwfUhYQW18g], message [after recovery from repository], failure [Unknown]
[2016-03-30 23:01:51,877][DEBUG][org.elasticsearch.cluster.action.shard] [node_s0] received shard started for [test-idx][5], node[BGl_MLcDTse8q5N9C0jt5A], [P], v[3], restoring[test-repo:test-snap], s[INITIALIZING], a[id=65y3Vek0QuGZPSCCVK4e6w], unassigned_info[[reason=EXISTING_INDEX_RESTORED], at[2016-03-31T06:01:51.512Z], details[restore_source[test-repo/test-snap]]], indexUUID [qGePyLBjQfWYwfUhYQW18g], message [after recovery from repository], failure [Unknown]
[2016-03-30 23:01:52,054][DEBUG][org.elasticsearch.cluster.action.shard] [node_s0] [test-idx][2] sending shard started for [test-idx][2], node[YU4rw4SiR5aBA7JFJFd8EQ], [P], v[3], restoring[test-repo:test-snap], s[INITIALIZING], a[id=LwgyqCAbQFmurIwwj_ybjw], unassigned_info[[reason=EXISTING_INDEX_RESTORED], at[2016-03-31T06:01:51.512Z], details[restore_source[test-repo/test-snap]]], indexUUID [qGePyLBjQfWYwfUhYQW18g], message [after recovery from repository], failure [Unknown]
[2016-03-30 23:01:52,054][DEBUG][org.elasticsearch.cluster.action.shard] [node_s0] received shard started for [test-idx][2], node[YU4rw4SiR5aBA7JFJFd8EQ], [P], v[3], restoring[test-repo:test-snap], s[INITIALIZING], a[id=LwgyqCAbQFmurIwwj_ybjw], unassigned_info[[reason=EXISTING_INDEX_RESTORED], at[2016-03-31T06:01:51.512Z], details[restore_source[test-repo/test-snap]]], indexUUID [qGePyLBjQfWYwfUhYQW18g], message [after recovery from repository], failure [Unknown]
[2016-03-30 23:01:52,114][DEBUG][org.elasticsearch.cluster.action.shard] [node_s0] [test-idx][12] sending shard started for [test-idx][12], node[YU4rw4SiR5aBA7JFJFd8EQ], [P], v[3], restoring[test-repo:test-snap], s[INITIALIZING], a[id=C0a2pAloSa-HElUTU-GDiw], unassigned_info[[reason=EXISTING_INDEX_RESTORED], at[2016-03-31T06:01:51.512Z], details[restore_source[test-repo/test-snap]]], indexUUID [qGePyLBjQfWYwfUhYQW18g], message [after recovery from repository], failure [Unknown]
[2016-03-30 23:01:52,114][DEBUG][org.elasticsearch.cluster.action.shard] [node_s0] received shard started for [test-idx][12], node[YU4rw4SiR5aBA7JFJFd8EQ], [P], v[3], restoring[test-repo:test-snap], s[INITIALIZING], a[id=C0a2pAloSa-HElUTU-GDiw], unassigned_info[[reason=EXISTING_INDEX_RESTORED], at[2016-03-31T06:01:51.512Z], details[restore_source[test-repo/test-snap]]], indexUUID [qGePyLBjQfWYwfUhYQW18g], message [after recovery from repository], failure [Unknown]
[2016-03-30 23:01:52,123][DEBUG][org.elasticsearch.cluster.service] [node_s0] processing [shard-started ([test-idx][1], node[BGl_MLcDTse8q5N9C0jt5A], [P], v[3], restoring[test-repo:test-snap], s[INITIALIZING], a[id=U-Noql1nSgaKvbpS_ZYMbQ], unassigned_info[[reason=EXISTING_INDEX_RESTORED], at[2016-03-31T06:01:51.512Z], details[restore_source[test-repo/test-snap]]]), reason [after recovery from repository],shard-started ([test-idx][9], node[BGl_MLcDTse8q5N9C0jt5A], [P], v[3], restoring[test-repo:test-snap], s[INITIALIZING], a[id=P4KNAoJkR5KwsW-B4UQvgA], unassigned_info[[reason=EXISTING_INDEX_RESTORED], at[2016-03-31T06:01:51.512Z], details[restore_source[test-repo/test-snap]]]), reason [after recovery from repository],shard-started ([test-idx][9], node[BGl_MLcDTse8q5N9C0jt5A], [P], v[3], restoring[test-repo:test-snap], s[INITIALIZING], a[id=P4KNAoJkR5KwsW-B4UQvgA], unassigned_info[[reason=EXISTING_INDEX_RESTORED], at[2016-03-31T06:01:51.512Z], details[restore_source[test-repo/test-snap]]]), reason [master {node_s0}{YU4rw4SiR5aBA7JFJFd8EQ}{local}{local[78]}[mode=>local] marked shard as initializing, but shard state is [POST_RECOVERY], mark shard as started],shard-started ([test-idx][1], node[BGl_MLcDTse8q5N9C0jt5A], [P], v[3], restoring[test-repo:test-snap], s[INITIALIZING], a[id=U-Noql1nSgaKvbpS_ZYMbQ], unassigned_info[[reason=EXISTING_INDEX_RESTORED], at[2016-03-31T06:01:51.512Z], details[restore_source[test-repo/test-snap]]]), reason [master {node_s0}{YU4rw4SiR5aBA7JFJFd8EQ}{local}{local[78]}[mode=>local] marked shard as initializing, but shard state is [POST_RECOVERY], mark shard as started],shard-started ([test-idx][8], node[YU4rw4SiR5aBA7JFJFd8EQ], [P], v[3], restoring[test-repo:test-snap], s[INITIALIZING], a[id=ips4QPuIQfCgjPHp12lkaA], unassigned_info[[reason=EXISTING_INDEX_RESTORED], at[2016-03-31T06:01:51.512Z], details[restore_source[test-repo/test-snap]]]), reason [after recovery from repository],shard-started ([test-idx][10], node[YU4rw4SiR5aBA7JFJFd8EQ], [P], v[3], restoring[test-repo:test-snap], s[INITIALIZING], a[id=UwJkKocCQ96uRu_R2nAmBg], unassigned_info[[reason=EXISTING_INDEX_RESTORED], at[2016-03-31T06:01:51.512Z], details[restore_source[test-repo/test-snap]]]), reason [after recovery from repository],shard-started ([test-idx][7], node[BGl_MLcDTse8q5N9C0jt5A], [P], v[3], restoring[test-repo:test-snap], s[INITIALIZING], a[id=l71j6YIVT82__8lj3oAXkg], unassigned_info[[reason=EXISTING_INDEX_RESTORED], at[2016-03-31T06:01:51.512Z], details[restore_source[test-repo/test-snap]]]), reason [after recovery from repository],shard-started ([test-idx][8], node[YU4rw4SiR5aBA7JFJFd8EQ], [P], v[3], restoring[test-repo:test-snap], s[INITIALIZING], a[id=ips4QPuIQfCgjPHp12lkaA], unassigned_info[[reason=EXISTING_INDEX_RESTORED], at[2016-03-31T06:01:51.512Z], details[restore_source[test-repo/test-snap]]]), reason [master {node_s0}{YU4rw4SiR5aBA7JFJFd8EQ}{local}{local[78]}[mode=>local] marked shard as initializing, but shard state is [POST_RECOVERY], mark shard as started],shard-started ([test-idx][10], node[YU4rw4SiR5aBA7JFJFd8EQ], [P], v[3], restoring[test-repo:test-snap], s[INITIALIZING], a[id=UwJkKocCQ96uRu_R2nAmBg], unassigned_info[[reason=EXISTING_INDEX_RESTORED], at[2016-03-31T06:01:51.512Z], details[restore_source[test-repo/test-snap]]]), reason [master {node_s0}{YU4rw4SiR5aBA7JFJFd8EQ}{local}{local[78]}[mode=>local] marked shard as initializing, but shard state is [POST_RECOVERY], mark shard as started],shard-started ([test-idx][0], node[YU4rw4SiR5aBA7JFJFd8EQ], [P], v[3], restoring[test-repo:test-snap], s[INITIALIZING], a[id=QWDo9GjxQY2d5AjdYXqp-g], unassigned_info[[reason=EXISTING_INDEX_RESTORED], at[2016-03-31T06:01:51.512Z], details[restore_source[test-repo/test-snap]]]), reason [after recovery from repository],shard-started ([test-idx][14], node[BGl_MLcDTse8q5N9C0jt5A], [P], v[3], restoring[test-repo:test-snap], s[INITIALIZING], a[id=RDlgOaSMRTyI7fMssSE0Xw], unassigned_info[[reason=EXISTING_INDEX_RESTORED], at[2016-03-31T06:01:51.512Z], details[restore_source[test-repo/test-snap]]]), reason [after recovery from repository],shard-started ([test-idx][15], node[YU4rw4SiR5aBA7JFJFd8EQ], [P], v[3], restoring[test-repo:test-snap], s[INITIALIZING], a[id=gEiAlJ9YRmejNcEwQhehlw], unassigned_info[[reason=EXISTING_INDEX_RESTORED], at[2016-03-31T06:01:51.512Z], details[restore_source[test-repo/test-snap]]]), reason [after recovery from repository]]: took 374ms done applying updated cluster_state (version: 470, uuid: bI0BrDnyROGRRe291xFaTQ)
[2016-03-30 23:01:52,124][DEBUG][org.elasticsearch.cluster.service] [node_s0] processing [shard-started ([test-idx][16], node[BGl_MLcDTse8q5N9C0jt5A], [P], v[3], restoring[test-repo:test-snap], s[INITIALIZING], a[id=ELV-_6elQeS4d8yshGB3lw], unassigned_info[[reason=EXISTING_INDEX_RESTORED], at[2016-03-31T06:01:51.512Z], details[restore_source[test-repo/test-snap]]]), reason [after recovery from repository],shard-started ([test-idx][13], node[BGl_MLcDTse8q5N9C0jt5A], [P], v[3], restoring[test-repo:test-snap], s[INITIALIZING], a[id=TqypKIAbRI60X2uZpo-MBQ], unassigned_info[[reason=EXISTING_INDEX_RESTORED], at[2016-03-31T06:01:51.512Z], details[restore_source[test-repo/test-snap]]]), reason [after recovery from repository],shard-started ([test-idx][11], node[BGl_MLcDTse8q5N9C0jt5A], [P], v[3], restoring[test-repo:test-snap], s[INITIALIZING], a[id=M7WbNFKbRPWZ5lREvikIWQ], unassigned_info[[reason=EXISTING_INDEX_RESTORED], at[2016-03-31T06:01:51.512Z], details[restore_source[test-repo/test-snap]]]), reason [after recovery from repository],shard-started ([test-idx][5], node[BGl_MLcDTse8q5N9C0jt5A], [P], v[3], restoring[test-repo:test-snap], s[INITIALIZING], a[id=65y3Vek0QuGZPSCCVK4e6w], unassigned_info[[reason=EXISTING_INDEX_RESTORED], at[2016-03-31T06:01:51.512Z], details[restore_source[test-repo/test-snap]]]), reason [after recovery from repository],shard-started ([test-idx][2], node[YU4rw4SiR5aBA7JFJFd8EQ], [P], v[3], restoring[test-repo:test-snap], s[INITIALIZING], a[id=LwgyqCAbQFmurIwwj_ybjw], unassigned_info[[reason=EXISTING_INDEX_RESTORED], at[2016-03-31T06:01:51.512Z], details[restore_source[test-repo/test-snap]]]), reason [after recovery from repository],shard-started ([test-idx][12], node[YU4rw4SiR5aBA7JFJFd8EQ], [P], v[3], restoring[test-repo:test-snap], s[INITIALIZING], a[id=C0a2pAloSa-HElUTU-GDiw], unassigned_info[[reason=EXISTING_INDEX_RESTORED], at[2016-03-31T06:01:51.512Z], details[restore_source[test-repo/test-snap]]]), reason [after recovery from repository]]: execute
[2016-03-30 23:01:52,125][DEBUG][org.elasticsearch.cluster.service] [node_s0] cluster state updated, version [471], source [shard-started ([test-idx][16], node[BGl_MLcDTse8q5N9C0jt5A], [P], v[3], restoring[test-repo:test-snap], s[INITIALIZING], a[id=ELV-_6elQeS4d8yshGB3lw], unassigned_info[[reason=EXISTING_INDEX_RESTORED], at[2016-03-31T06:01:51.512Z], details[restore_source[test-repo/test-snap]]]), reason [after recovery from repository],shard-started ([test-idx][13], node[BGl_MLcDTse8q5N9C0jt5A], [P], v[3], restoring[test-repo:test-snap], s[INITIALIZING], a[id=TqypKIAbRI60X2uZpo-MBQ], unassigned_info[[reason=EXISTING_INDEX_RESTORED], at[2016-03-31T06:01:51.512Z], details[restore_source[test-repo/test-snap]]]), reason [after recovery from repository],shard-started ([test-idx][11], node[BGl_MLcDTse8q5N9C0jt5A], [P], v[3], restoring[test-repo:test-snap], s[INITIALIZING], a[id=M7WbNFKbRPWZ5lREvikIWQ], unassigned_info[[reason=EXISTING_INDEX_RESTORED], at[2016-03-31T06:01:51.512Z], details[restore_source[test-repo/test-snap]]]), reason [after recovery from repository],shard-started ([test-idx][5], node[BGl_MLcDTse8q5N9C0jt5A], [P], v[3], restoring[test-repo:test-snap], s[INITIALIZING], a[id=65y3Vek0QuGZPSCCVK4e6w], unassigned_info[[reason=EXISTING_INDEX_RESTORED], at[2016-03-31T06:01:51.512Z], details[restore_source[test-repo/test-snap]]]), reason [after recovery from repository],shard-started ([test-idx][2], node[YU4rw4SiR5aBA7JFJFd8EQ], [P], v[3], restoring[test-repo:test-snap], s[INITIALIZING], a[id=LwgyqCAbQFmurIwwj_ybjw], unassigned_info[[reason=EXISTING_INDEX_RESTORED], at[2016-03-31T06:01:51.512Z], details[restore_source[test-repo/test-snap]]]), reason [after recovery from repository],shard-started ([test-idx][12], node[YU4rw4SiR5aBA7JFJFd8EQ], [P], v[3], restoring[test-repo:test-snap], s[INITIALIZING], a[id=C0a2pAloSa-HElUTU-GDiw], unassigned_info[[reason=EXISTING_INDEX_RESTORED], at[2016-03-31T06:01:51.512Z], details[restore_source[test-repo/test-snap]]]), reason [after recovery from repository]]
[2016-03-30 23:01:52,125][DEBUG][org.elasticsearch.cluster.service] [node_s0] publishing cluster state version [471]
[2016-03-30 23:01:52,126][DEBUG][org.elasticsearch.cluster.service] [node_s1] processing [local-disco-receive(from master)]: execute
[2016-03-30 23:01:52,136][DEBUG][org.elasticsearch.cluster.service] [node_s1] cluster state updated, version [471], source [local-disco-receive(from master)]
[2016-03-30 23:01:52,136][DEBUG][org.elasticsearch.cluster.service] [node_s1] set local cluster state to version 471
[2016-03-30 23:01:52,173][DEBUG][org.elasticsearch.cluster.service] [node_s1] processing [local-disco-receive(from master)]: took 37ms done applying updated cluster_state (version: 471, uuid: cS3k4HpnRYOZg4CJq_jHkQ)
[2016-03-30 23:01:52,173][DEBUG][org.elasticsearch.cluster.service] [node_s1] processing [indices_store ([[test-idx][10]] active fully on other nodes)]: execute
[2016-03-30 23:01:52,173][DEBUG][org.elasticsearch.cluster.service] [node_s0] set local cluster state to version 471
[2016-03-30 23:01:52,193][DEBUG][org.elasticsearch.cluster.service] [node_s1] processing [indices_store ([[test-idx][10]] active fully on other nodes)]: took 19ms no change in cluster_state
[2016-03-30 23:01:52,193][DEBUG][org.elasticsearch.cluster.service] [node_s1] processing [indices_store ([[test-idx][8]] active fully on other nodes)]: execute
[2016-03-30 23:01:52,210][DEBUG][org.elasticsearch.cluster.service] [node_s1] processing [indices_store ([[test-idx][8]] active fully on other nodes)]: took 17ms no change in cluster_state
[2016-03-30 23:01:52,210][DEBUG][org.elasticsearch.cluster.service] [node_s1] processing [indices_store ([[test-idx][15]] active fully on other nodes)]: execute
[2016-03-30 23:01:52,218][DEBUG][org.elasticsearch.cluster.action.shard] [node_s0] [test-idx][6] sending shard started for [test-idx][6], node[YU4rw4SiR5aBA7JFJFd8EQ], [P], v[3], restoring[test-repo:test-snap], s[INITIALIZING], a[id=22SG5QpAQQSFRtpcvr-_mg], unassigned_info[[reason=EXISTING_INDEX_RESTORED], at[2016-03-31T06:01:51.512Z], details[restore_source[test-repo/test-snap]]], indexUUID [qGePyLBjQfWYwfUhYQW18g], message [after recovery from repository], failure [Unknown]
[2016-03-30 23:01:52,218][DEBUG][org.elasticsearch.cluster.action.shard] [node_s0] received shard started for [test-idx][6], node[YU4rw4SiR5aBA7JFJFd8EQ], [P], v[3], restoring[test-repo:test-snap], s[INITIALIZING], a[id=22SG5QpAQQSFRtpcvr-_mg], unassigned_info[[reason=EXISTING_INDEX_RESTORED], at[2016-03-31T06:01:51.512Z], details[restore_source[test-repo/test-snap]]], indexUUID [qGePyLBjQfWYwfUhYQW18g], message [after recovery from repository], failure [Unknown]
[2016-03-30 23:01:52,229][DEBUG][org.elasticsearch.cluster.service] [node_s1] processing [indices_store ([[test-idx][15]] active fully on other nodes)]: took 18ms no change in cluster_state
[2016-03-30 23:01:52,229][DEBUG][org.elasticsearch.cluster.service] [node_s1] processing [indices_store ([[test-idx][0]] active fully on other nodes)]: execute
[2016-03-30 23:01:52,246][DEBUG][org.elasticsearch.cluster.service] [node_s1] processing [indices_store ([[test-idx][0]] active fully on other nodes)]: took 16ms no change in cluster_state
[2016-03-30 23:01:52,266][DEBUG][org.elasticsearch.cluster.action.shard] [node_s0] [test-idx][4] sending shard started for [test-idx][4], node[YU4rw4SiR5aBA7JFJFd8EQ], [P], v[3], restoring[test-repo:test-snap], s[INITIALIZING], a[id=ofxv44igRm-o8j2Vkc_OVw], unassigned_info[[reason=EXISTING_INDEX_RESTORED], at[2016-03-31T06:01:51.512Z], details[restore_source[test-repo/test-snap]]], indexUUID [qGePyLBjQfWYwfUhYQW18g], message [after recovery from repository], failure [Unknown]
[2016-03-30 23:01:52,266][DEBUG][org.elasticsearch.cluster.action.shard] [node_s0] received shard started for [test-idx][4], node[YU4rw4SiR5aBA7JFJFd8EQ], [P], v[3], restoring[test-repo:test-snap], s[INITIALIZING], a[id=ofxv44igRm-o8j2Vkc_OVw], unassigned_info[[reason=EXISTING_INDEX_RESTORED], at[2016-03-31T06:01:51.512Z], details[restore_source[test-repo/test-snap]]], indexUUID [qGePyLBjQfWYwfUhYQW18g], message [after recovery from repository], failure [Unknown]
[2016-03-30 23:01:52,273][DEBUG][org.elasticsearch.cluster.service] [node_s0] processing [shard-started ([test-idx][16], node[BGl_MLcDTse8q5N9C0jt5A], [P], v[3], restoring[test-repo:test-snap], s[INITIALIZING], a[id=ELV-_6elQeS4d8yshGB3lw], unassigned_info[[reason=EXISTING_INDEX_RESTORED], at[2016-03-31T06:01:51.512Z], details[restore_source[test-repo/test-snap]]]), reason [after recovery from repository],shard-started ([test-idx][13], node[BGl_MLcDTse8q5N9C0jt5A], [P], v[3], restoring[test-repo:test-snap], s[INITIALIZING], a[id=TqypKIAbRI60X2uZpo-MBQ], unassigned_info[[reason=EXISTING_INDEX_RESTORED], at[2016-03-31T06:01:51.512Z], details[restore_source[test-repo/test-snap]]]), reason [after recovery from repository],shard-started ([test-idx][11], node[BGl_MLcDTse8q5N9C0jt5A], [P], v[3], restoring[test-repo:test-snap], s[INITIALIZING], a[id=M7WbNFKbRPWZ5lREvikIWQ], unassigned_info[[reason=EXISTING_INDEX_RESTORED], at[2016-03-31T06:01:51.512Z], details[restore_source[test-repo/test-snap]]]), reason [after recovery from repository],shard-started ([test-idx][5], node[BGl_MLcDTse8q5N9C0jt5A], [P], v[3], restoring[test-repo:test-snap], s[INITIALIZING], a[id=65y3Vek0QuGZPSCCVK4e6w], unassigned_info[[reason=EXISTING_INDEX_RESTORED], at[2016-03-31T06:01:51.512Z], details[restore_source[test-repo/test-snap]]]), reason [after recovery from repository],shard-started ([test-idx][2], node[YU4rw4SiR5aBA7JFJFd8EQ], [P], v[3], restoring[test-repo:test-snap], s[INITIALIZING], a[id=LwgyqCAbQFmurIwwj_ybjw], unassigned_info[[reason=EXISTING_INDEX_RESTORED], at[2016-03-31T06:01:51.512Z], details[restore_source[test-repo/test-snap]]]), reason [after recovery from repository],shard-started ([test-idx][12], node[YU4rw4SiR5aBA7JFJFd8EQ], [P], v[3], restoring[test-repo:test-snap], s[INITIALIZING], a[id=C0a2pAloSa-HElUTU-GDiw], unassigned_info[[reason=EXISTING_INDEX_RESTORED], at[2016-03-31T06:01:51.512Z], details[restore_source[test-repo/test-snap]]]), reason [after recovery from repository]]: took 148ms done applying updated cluster_state (version: 471, uuid: cS3k4HpnRYOZg4CJq_jHkQ)
[2016-03-30 23:01:52,273][DEBUG][org.elasticsearch.cluster.service] [node_s0] processing [shard-started ([test-idx][6], node[YU4rw4SiR5aBA7JFJFd8EQ], [P], v[3], restoring[test-repo:test-snap], s[INITIALIZING], a[id=22SG5QpAQQSFRtpcvr-_mg], unassigned_info[[reason=EXISTING_INDEX_RESTORED], at[2016-03-31T06:01:51.512Z], details[restore_source[test-repo/test-snap]]]), reason [after recovery from repository],shard-started ([test-idx][4], node[YU4rw4SiR5aBA7JFJFd8EQ], [P], v[3], restoring[test-repo:test-snap], s[INITIALIZING], a[id=ofxv44igRm-o8j2Vkc_OVw], unassigned_info[[reason=EXISTING_INDEX_RESTORED], at[2016-03-31T06:01:51.512Z], details[restore_source[test-repo/test-snap]]]), reason [after recovery from repository]]: execute
[2016-03-30 23:01:52,274][INFO ][org.elasticsearch.cluster.routing.allocation] [node_s0] Cluster health status changed from [RED] to [GREEN] (reason: [shards started [[test-idx][6], [test-idx][4]] ...]).
[2016-03-30 23:01:52,274][DEBUG][org.elasticsearch.cluster.service] [node_s0] cluster state updated, version [472], source [shard-started ([test-idx][6], node[YU4rw4SiR5aBA7JFJFd8EQ], [P], v[3], restoring[test-repo:test-snap], s[INITIALIZING], a[id=22SG5QpAQQSFRtpcvr-_mg], unassigned_info[[reason=EXISTING_INDEX_RESTORED], at[2016-03-31T06:01:51.512Z], details[restore_source[test-repo/test-snap]]]), reason [after recovery from repository],shard-started ([test-idx][4], node[YU4rw4SiR5aBA7JFJFd8EQ], [P], v[3], restoring[test-repo:test-snap], s[INITIALIZING], a[id=ofxv44igRm-o8j2Vkc_OVw], unassigned_info[[reason=EXISTING_INDEX_RESTORED], at[2016-03-31T06:01:51.512Z], details[restore_source[test-repo/test-snap]]]), reason [after recovery from repository]]
[2016-03-30 23:01:52,274][DEBUG][org.elasticsearch.cluster.service] [node_s0] publishing cluster state version [472]
[2016-03-30 23:01:52,275][DEBUG][org.elasticsearch.cluster.service] [node_s1] processing [local-disco-receive(from master)]: execute
[2016-03-30 23:01:52,278][DEBUG][org.elasticsearch.cluster.service] [node_s1] cluster state updated, version [472], source [local-disco-receive(from master)]
[2016-03-30 23:01:52,278][DEBUG][org.elasticsearch.cluster.service] [node_s1] set local cluster state to version 472
[2016-03-30 23:01:52,286][DEBUG][org.elasticsearch.cluster.service] [node_s1] processing [local-disco-receive(from master)]: took 7ms done applying updated cluster_state (version: 472, uuid: zkzhxAEBS5mC8cRyCuKSBQ)
[2016-03-30 23:01:52,286][DEBUG][org.elasticsearch.cluster.service] [node_s1] processing [indices_store ([[test-idx][2]] active fully on other nodes)]: execute
[2016-03-30 23:01:52,286][DEBUG][org.elasticsearch.cluster.service] [node_s0] set local cluster state to version 472
[2016-03-30 23:01:52,307][DEBUG][org.elasticsearch.cluster.service] [node_s0] processing [shard-started ([test-idx][6], node[YU4rw4SiR5aBA7JFJFd8EQ], [P], v[3], restoring[test-repo:test-snap], s[INITIALIZING], a[id=22SG5QpAQQSFRtpcvr-_mg], unassigned_info[[reason=EXISTING_INDEX_RESTORED], at[2016-03-31T06:01:51.512Z], details[restore_source[test-repo/test-snap]]]), reason [after recovery from repository],shard-started ([test-idx][4], node[YU4rw4SiR5aBA7JFJFd8EQ], [P], v[3], restoring[test-repo:test-snap], s[INITIALIZING], a[id=ofxv44igRm-o8j2Vkc_OVw], unassigned_info[[reason=EXISTING_INDEX_RESTORED], at[2016-03-31T06:01:51.512Z], details[restore_source[test-repo/test-snap]]]), reason [after recovery from repository]]: took 33ms done applying updated cluster_state (version: 472, uuid: zkzhxAEBS5mC8cRyCuKSBQ)
[2016-03-30 23:01:52,307][DEBUG][org.elasticsearch.cluster.service] [node_s1] processing [indices_store ([[test-idx][2]] active fully on other nodes)]: took 20ms no change in cluster_state
[2016-03-30 23:01:52,307][DEBUG][org.elasticsearch.cluster.service] [node_s0] processing [test_block]: execute
[2016-03-30 23:01:52,307][DEBUG][org.elasticsearch.cluster.service] [node_s1] processing [indices_store ([[test-idx][12]] active fully on other nodes)]: execute
[2016-03-30 23:01:52,308][DEBUG][org.elasticsearch.cluster.service] [node_s0] processing [test_block]: took 0s no change in cluster_state
[2016-03-30 23:01:52,311][DEBUG][org.elasticsearch.cluster.service] [node_s0] processing [cluster_reroute(async_shard_fetch)]: execute
[2016-03-30 23:01:52,311][DEBUG][org.elasticsearch.cluster.service] [node_s0] processing [cluster_reroute(async_shard_fetch)]: took 0s no change in cluster_state
[2016-03-30 23:01:52,312][DEBUG][org.elasticsearch.cluster.service] [node_s0] processing [test_block]: execute
[2016-03-30 23:01:52,329][DEBUG][org.elasticsearch.cluster.service] [node_s1] processing [indices_store ([[test-idx][12]] active fully on other nodes)]: took 20ms no change in cluster_state
[2016-03-30 23:01:52,329][DEBUG][org.elasticsearch.cluster.service] [node_s1] processing [indices_store ([[test-idx][10]] active fully on other nodes)]: execute
[2016-03-30 23:01:52,340][DEBUG][org.elasticsearch.cluster.service] [node_s1] processing [indices_store ([[test-idx][10]] active fully on other nodes)]: took 10ms no change in cluster_state
[2016-03-30 23:01:52,340][DEBUG][org.elasticsearch.cluster.service] [node_s1] processing [indices_store ([[test-idx][8]] active fully on other nodes)]: execute
[2016-03-30 23:01:52,351][DEBUG][org.elasticsearch.cluster.service] [node_s1] processing [indices_store ([[test-idx][8]] active fully on other nodes)]: took 11ms no change in cluster_state
[2016-03-30 23:01:52,351][DEBUG][org.elasticsearch.cluster.service] [node_s1] processing [indices_store ([[test-idx][15]] active fully on other nodes)]: execute
[2016-03-30 23:01:52,361][DEBUG][org.elasticsearch.cluster.service] [node_s1] processing [indices_store ([[test-idx][15]] active fully on other nodes)]: took 9ms no change in cluster_state
[2016-03-30 23:01:52,361][DEBUG][org.elasticsearch.cluster.service] [node_s1] processing [indices_store ([[test-idx][0]] active fully on other nodes)]: execute
[2016-03-30 23:01:52,371][DEBUG][org.elasticsearch.cluster.service] [node_s1] processing [indices_store ([[test-idx][0]] active fully on other nodes)]: took 9ms no change in cluster_state
[2016-03-30 23:01:52,371][DEBUG][org.elasticsearch.cluster.service] [node_s1] processing [indices_store ([[test-idx][6]] active fully on other nodes)]: execute
[2016-03-30 23:01:52,389][DEBUG][org.elasticsearch.cluster.service] [node_s1] processing [indices_store ([[test-idx][6]] active fully on other nodes)]: took 18ms no change in cluster_state
[2016-03-30 23:01:52,389][DEBUG][org.elasticsearch.cluster.service] [node_s1] processing [indices_store ([[test-idx][4]] active fully on other nodes)]: execute
[2016-03-30 23:01:52,409][DEBUG][org.elasticsearch.cluster.service] [node_s1] processing [indices_store ([[test-idx][4]] active fully on other nodes)]: took 19ms no change in cluster_state
[2016-03-30 23:01:52,571][DEBUG][org.elasticsearch.cluster.service] [node_s0] processing [test_block]: took 259ms no change in cluster_state
[2016-03-30 23:01:52,571][DEBUG][org.elasticsearch.cluster.service] [node_s0] processing [update snapshot state]: execute
[2016-03-30 23:01:52,571][DEBUG][org.elasticsearch.cluster.service] [node_s0] cluster state updated, version [473], source [update snapshot state]
[2016-03-30 23:01:52,571][DEBUG][org.elasticsearch.cluster.service] [node_s0] publishing cluster state version [473]
[2016-03-30 23:01:52,572][DEBUG][org.elasticsearch.cluster.service] [node_s1] processing [local-disco-receive(from master)]: execute
[2016-03-30 23:01:52,572][DEBUG][org.elasticsearch.cluster.service] [node_s1] cluster state updated, version [473], source [local-disco-receive(from master)]
[2016-03-30 23:01:52,572][DEBUG][org.elasticsearch.cluster.service] [node_s1] set local cluster state to version 473
[2016-03-30 23:01:52,572][DEBUG][org.elasticsearch.cluster.service] [node_s1] processing [local-disco-receive(from master)]: took 0s done applying updated cluster_state (version: 473, uuid: MCxoDB5WTlanfGtXuZzGYw)
[2016-03-30 23:01:52,573][DEBUG][org.elasticsearch.cluster.service] [node_s0] set local cluster state to version 473
[2016-03-30 23:01:52,573][DEBUG][org.elasticsearch.cluster.service] [node_s0] processing [update snapshot state]: took 2ms done applying updated cluster_state (version: 473, uuid: MCxoDB5WTlanfGtXuZzGYw)
[2016-03-30 23:01:52,574][DEBUG][org.elasticsearch.cluster.service] [node_s0] processing [update snapshot state]: execute
[2016-03-30 23:01:52,574][DEBUG][org.elasticsearch.cluster.service] [node_s0] processing [update snapshot state]: took 0s no change in cluster_state
[2016-03-30 23:01:52,574][DEBUG][org.elasticsearch.cluster.service] [node_s0] processing [update snapshot state]: execute
[2016-03-30 23:01:52,574][DEBUG][org.elasticsearch.cluster.service] [node_s0] processing [update snapshot state]: took 0s no change in cluster_state
[2016-03-30 23:01:52,574][DEBUG][org.elasticsearch.cluster.service] [node_s0] processing [update snapshot state]: execute
[2016-03-30 23:01:52,574][DEBUG][org.elasticsearch.cluster.service] [node_s0] processing [update snapshot state]: took 0s no change in cluster_state
[2016-03-30 23:01:52,574][DEBUG][org.elasticsearch.cluster.service] [node_s0] processing [update snapshot state]: execute
[2016-03-30 23:01:52,574][DEBUG][org.elasticsearch.cluster.service] [node_s0] processing [update snapshot state]: took 0s no change in cluster_state
[2016-03-30 23:01:52,574][DEBUG][org.elasticsearch.cluster.service] [node_s0] processing [update snapshot state]: execute
[2016-03-30 23:01:52,574][DEBUG][org.elasticsearch.cluster.service] [node_s0] processing [update snapshot state]: took 0s no change in cluster_state
[2016-03-30 23:01:52,574][DEBUG][org.elasticsearch.cluster.service] [node_s0] processing [update snapshot state]: execute
[2016-03-30 23:01:52,574][DEBUG][org.elasticsearch.cluster.service] [node_s0] processing [update snapshot state]: took 0s no change in cluster_state
[2016-03-30 23:01:52,574][DEBUG][org.elasticsearch.cluster.service] [node_s0] processing [update snapshot state]: execute
[2016-03-30 23:01:52,574][DEBUG][org.elasticsearch.cluster.service] [node_s0] processing [update snapshot state]: took 0s no change in cluster_state
[2016-03-30 23:01:52,574][DEBUG][org.elasticsearch.cluster.service] [node_s0] processing [update snapshot state]: execute
[2016-03-30 23:01:52,574][DEBUG][org.elasticsearch.cluster.service] [node_s0] processing [update snapshot state]: took 0s no change in cluster_state
[2016-03-30 23:01:52,574][DEBUG][org.elasticsearch.cluster.service] [node_s0] processing [indices_store ([[test-idx][3]] active fully on other nodes)]: execute
[2016-03-30 23:01:52,575][DEBUG][org.elasticsearch.cluster.service] [node_s0] processing [indices_store ([[test-idx][3]] active fully on other nodes)]: took 0s no change in cluster_state
[2016-03-30 23:01:52,575][DEBUG][org.elasticsearch.cluster.service] [node_s0] processing [update snapshot state]: execute
[2016-03-30 23:01:52,575][DEBUG][org.elasticsearch.cluster.service] [node_s0] processing [update snapshot state]: took 0s no change in cluster_state
[2016-03-30 23:01:52,575][DEBUG][org.elasticsearch.cluster.service] [node_s0] processing [update snapshot state]: execute
[2016-03-30 23:01:52,575][DEBUG][org.elasticsearch.cluster.service] [node_s0] processing [update snapshot state]: took 0s no change in cluster_state
[2016-03-30 23:01:52,575][DEBUG][org.elasticsearch.cluster.service] [node_s0] processing [update snapshot state]: execute
[2016-03-30 23:01:52,575][DEBUG][org.elasticsearch.cluster.service] [node_s0] processing [update snapshot state]: took 0s no change in cluster_state
[2016-03-30 23:01:52,575][DEBUG][org.elasticsearch.cluster.service] [node_s0] processing [update snapshot state]: execute
[2016-03-30 23:01:52,575][DEBUG][org.elasticsearch.cluster.service] [node_s0] processing [update snapshot state]: took 0s no change in cluster_state
[2016-03-30 23:01:52,575][DEBUG][org.elasticsearch.cluster.service] [node_s0] processing [update snapshot state]: execute
[2016-03-30 23:01:52,575][DEBUG][org.elasticsearch.cluster.service] [node_s0] processing [update snapshot state]: took 0s no change in cluster_state
[2016-03-30 23:01:52,575][DEBUG][org.elasticsearch.cluster.service] [node_s0] processing [update snapshot state]: execute
[2016-03-30 23:01:52,575][DEBUG][org.elasticsearch.cluster.service] [node_s0] processing [update snapshot state]: took 0s no change in cluster_state
[2016-03-30 23:01:52,575][DEBUG][org.elasticsearch.cluster.service] [node_s0] processing [indices_store ([[test-idx][7]] active fully on other nodes)]: execute
[2016-03-30 23:01:52,575][DEBUG][org.elasticsearch.cluster.service] [node_s0] processing [indices_store ([[test-idx][7]] active fully on other nodes)]: took 0s no change in cluster_state
[2016-03-30 23:01:52,575][DEBUG][org.elasticsearch.cluster.service] [node_s0] processing [indices_store ([[test-idx][3]] active fully on other nodes)]: execute
[2016-03-30 23:01:52,575][DEBUG][org.elasticsearch.cluster.service] [node_s0] processing [indices_store ([[test-idx][3]] active fully on other nodes)]: took 0s no change in cluster_state
[2016-03-30 23:01:52,575][DEBUG][org.elasticsearch.cluster.service] [node_s0] processing [indices_store ([[test-idx][1]] active fully on other nodes)]: execute
[2016-03-30 23:01:52,576][DEBUG][org.elasticsearch.cluster.service] [node_s0] processing [indices_store ([[test-idx][1]] active fully on other nodes)]: took 0s no change in cluster_state
[2016-03-30 23:01:52,576][DEBUG][org.elasticsearch.cluster.service] [node_s0] processing [indices_store ([[test-idx][9]] active fully on other nodes)]: execute
[2016-03-30 23:01:52,576][DEBUG][org.elasticsearch.cluster.service] [node_s0] processing [indices_store ([[test-idx][9]] active fully on other nodes)]: took 0s no change in cluster_state
[2016-03-30 23:01:52,576][DEBUG][org.elasticsearch.cluster.service] [node_s0] processing [indices_store ([[test-idx][14]] active fully on other nodes)]: execute
[2016-03-30 23:01:52,576][DEBUG][org.elasticsearch.cluster.service] [node_s0] processing [indices_store ([[test-idx][14]] active fully on other nodes)]: took 0s no change in cluster_state
[2016-03-30 23:01:52,576][DEBUG][org.elasticsearch.cluster.service] [node_s0] processing [update snapshot state]: execute
[2016-03-30 23:01:52,576][DEBUG][org.elasticsearch.cluster.service] [node_s0] processing [update snapshot state]: took 0s no change in cluster_state
[2016-03-30 23:01:52,576][DEBUG][org.elasticsearch.cluster.service] [node_s0] processing [update snapshot state]: execute
[2016-03-30 23:01:52,576][DEBUG][org.elasticsearch.cluster.service] [node_s0] processing [update snapshot state]: took 0s no change in cluster_state
[2016-03-30 23:01:52,576][DEBUG][org.elasticsearch.cluster.service] [node_s0] processing [indices_store ([[test-idx][7]] active fully on other nodes)]: execute
[2016-03-30 23:01:52,576][DEBUG][org.elasticsearch.cluster.service] [node_s0] processing [indices_store ([[test-idx][7]] active fully on other nodes)]: took 0s no change in cluster_state
[2016-03-30 23:01:52,576][DEBUG][org.elasticsearch.cluster.service] [node_s0] processing [indices_store ([[test-idx][1]] active fully on other nodes)]: execute
[2016-03-30 23:01:52,576][DEBUG][org.elasticsearch.cluster.service] [node_s0] processing [indices_store ([[test-idx][1]] active fully on other nodes)]: took 0s no change in cluster_state
[2016-03-30 23:01:52,576][DEBUG][org.elasticsearch.cluster.service] [node_s0] processing [indices_store ([[test-idx][11]] active fully on other nodes)]: execute
[2016-03-30 23:01:52,576][DEBUG][org.elasticsearch.cluster.service] [node_s0] processing [indices_store ([[test-idx][11]] active fully on other nodes)]: took 0s no change in cluster_state
[2016-03-30 23:01:52,576][DEBUG][org.elasticsearch.cluster.service] [node_s0] processing [indices_store ([[test-idx][13]] active fully on other nodes)]: execute
[2016-03-30 23:01:52,576][DEBUG][org.elasticsearch.cluster.service] [node_s0] processing [indices_store ([[test-idx][13]] active fully on other nodes)]: took 0s no change in cluster_state
[2016-03-30 23:01:52,576][DEBUG][org.elasticsearch.cluster.service] [node_s0] processing [indices_store ([[test-idx][5]] active fully on other nodes)]: execute
[2016-03-30 23:01:52,577][DEBUG][org.elasticsearch.cluster.service] [node_s0] processing [indices_store ([[test-idx][5]] active fully on other nodes)]: took 0s no change in cluster_state
[2016-03-30 23:01:52,577][DEBUG][org.elasticsearch.cluster.service] [node_s0] processing [indices_store ([[test-idx][3]] active fully on other nodes)]: execute
[2016-03-30 23:01:52,577][DEBUG][org.elasticsearch.cluster.service] [node_s0] processing [indices_store ([[test-idx][3]] active fully on other nodes)]: took 0s no change in cluster_state
[2016-03-30 23:01:52,577][DEBUG][org.elasticsearch.cluster.service] [node_s0] processing [indices_store ([[test-idx][16]] active fully on other nodes)]: execute
[2016-03-30 23:01:52,577][DEBUG][org.elasticsearch.cluster.service] [node_s0] processing [indices_store ([[test-idx][16]] active fully on other nodes)]: took 0s no change in cluster_state
[2016-03-30 23:01:52,577][DEBUG][org.elasticsearch.cluster.service] [node_s0] processing [indices_store ([[test-idx][9]] active fully on other nodes)]: execute
[2016-03-30 23:01:52,577][DEBUG][org.elasticsearch.cluster.service] [node_s0] processing [indices_store ([[test-idx][9]] active fully on other nodes)]: took 0s no change in cluster_state
[2016-03-30 23:01:52,577][DEBUG][org.elasticsearch.cluster.service] [node_s0] processing [indices_store ([[test-idx][14]] active fully on other nodes)]: execute
[2016-03-30 23:01:52,577][DEBUG][org.elasticsearch.cluster.service] [node_s0] processing [indices_store ([[test-idx][14]] active fully on other nodes)]: took 0s no change in cluster_state
[2016-03-30 23:01:52,577][DEBUG][org.elasticsearch.cluster.service] [node_s0] processing [indices_store ([[test-idx][13]] active fully on other nodes)]: execute
[2016-03-30 23:01:52,577][DEBUG][org.elasticsearch.cluster.service] [node_s0] processing [indices_store ([[test-idx][13]] active fully on other nodes)]: took 0s no change in cluster_state
[2016-03-30 23:01:52,577][DEBUG][org.elasticsearch.cluster.service] [node_s0] processing [indices_store ([[test-idx][11]] active fully on other nodes)]: execute
[2016-03-30 23:01:52,577][DEBUG][org.elasticsearch.cluster.service] [node_s0] processing [indices_store ([[test-idx][11]] active fully on other nodes)]: took 0s no change in cluster_state
[2016-03-30 23:01:52,577][DEBUG][org.elasticsearch.cluster.service] [node_s0] processing [indices_store ([[test-idx][16]] active fully on other nodes)]: execute
[2016-03-30 23:01:52,577][DEBUG][org.elasticsearch.cluster.service] [node_s0] processing [indices_store ([[test-idx][16]] active fully on other nodes)]: took 0s no change in cluster_state
[2016-03-30 23:01:52,577][DEBUG][org.elasticsearch.cluster.service] [node_s0] processing [indices_store ([[test-idx][7]] active fully on other nodes)]: execute
[2016-03-30 23:01:52,577][DEBUG][org.elasticsearch.cluster.service] [node_s0] processing [indices_store ([[test-idx][7]] active fully on other nodes)]: took 0s no change in cluster_state
[2016-03-30 23:01:52,578][DEBUG][org.elasticsearch.cluster.service] [node_s0] processing [indices_store ([[test-idx][5]] active fully on other nodes)]: execute
[2016-03-30 23:01:52,578][DEBUG][org.elasticsearch.cluster.service] [node_s0] processing [indices_store ([[test-idx][5]] active fully on other nodes)]: took 0s no change in cluster_state
[2016-03-30 23:01:52,578][DEBUG][org.elasticsearch.cluster.service] [node_s0] processing [indices_store ([[test-idx][3]] active fully on other nodes)]: execute
[2016-03-30 23:01:52,578][DEBUG][org.elasticsearch.cluster.service] [node_s0] processing [indices_store ([[test-idx][3]] active fully on other nodes)]: took 0s no change in cluster_state
[2016-03-30 23:01:52,578][DEBUG][org.elasticsearch.cluster.service] [node_s0] processing [indices_store ([[test-idx][9]] active fully on other nodes)]: execute
[2016-03-30 23:01:52,578][DEBUG][org.elasticsearch.cluster.service] [node_s0] processing [indices_store ([[test-idx][9]] active fully on other nodes)]: took 0s no change in cluster_state
[2016-03-30 23:01:52,578][DEBUG][org.elasticsearch.cluster.service] [node_s0] processing [indices_store ([[test-idx][14]] active fully on other nodes)]: execute
[2016-03-30 23:01:52,578][DEBUG][org.elasticsearch.cluster.service] [node_s0] processing [indices_store ([[test-idx][14]] active fully on other nodes)]: took 0s no change in cluster_state
[2016-03-30 23:01:52,578][DEBUG][org.elasticsearch.cluster.service] [node_s0] processing [indices_store ([[test-idx][1]] active fully on other nodes)]: execute
[2016-03-30 23:01:52,578][DEBUG][org.elasticsearch.cluster.service] [node_s0] processing [indices_store ([[test-idx][1]] active fully on other nodes)]: took 0s no change in cluster_state
[2016-03-30 23:01:52,585][DEBUG][org.elasticsearch.cluster.service] [node_s0] processing [delete-index [test-idx]]: execute
[2016-03-30 23:01:52,585][DEBUG][org.elasticsearch.cluster.metadata] [node_s0] [test-idx] deleting index
[2016-03-30 23:01:52,585][DEBUG][org.elasticsearch.cluster.service] [node_s0] cluster state updated, version [474], source [delete-index [test-idx]]
[2016-03-30 23:01:52,585][DEBUG][org.elasticsearch.cluster.service] [node_s0] publishing cluster state version [474]
[2016-03-30 23:01:52,585][DEBUG][org.elasticsearch.cluster.service] [node_s1] processing [local-disco-receive(from master)]: execute
[2016-03-30 23:01:52,585][DEBUG][org.elasticsearch.cluster.service] [node_s1] cluster state updated, version [474], source [local-disco-receive(from master)]
[2016-03-30 23:01:52,585][DEBUG][org.elasticsearch.cluster.service] [node_s1] set local cluster state to version 474
[2016-03-30 23:01:53,165][DEBUG][org.elasticsearch.cluster.service] [node_s1] processing [local-disco-receive(from master)]: took 579ms done applying updated cluster_state (version: 474, uuid: CrehmUBQTdS6l6pmCocHdw)
[2016-03-30 23:01:53,165][DEBUG][org.elasticsearch.cluster.service] [node_s0] set local cluster state to version 474
[2016-03-30 23:01:53,743][DEBUG][org.elasticsearch.cluster.service] [node_s0] processing [delete-index [test-idx]]: took 1.1s done applying updated cluster_state (version: 474, uuid: CrehmUBQTdS6l6pmCocHdw)
[2016-03-30 23:01:53,743][DEBUG][org.elasticsearch.cluster.service] [node_s0] processing [remove-index-template [random_index_template]]: execute
[2016-03-30 23:01:53,743][DEBUG][org.elasticsearch.cluster.service] [node_s0] cluster state updated, version [475], source [remove-index-template [random_index_template]]
[2016-03-30 23:01:53,743][DEBUG][org.elasticsearch.cluster.service] [node_s0] publishing cluster state version [475]
[2016-03-30 23:01:53,744][DEBUG][org.elasticsearch.cluster.service] [node_s1] processing [local-disco-receive(from master)]: execute
[2016-03-30 23:01:53,744][DEBUG][org.elasticsearch.cluster.service] [node_s1] cluster state updated, version [475], source [local-disco-receive(from master)]
[2016-03-30 23:01:53,744][DEBUG][org.elasticsearch.cluster.service] [node_s1] set local cluster state to version 475
[2016-03-30 23:01:53,751][DEBUG][org.elasticsearch.cluster.service] [node_s1] processing [local-disco-receive(from master)]: took 6ms done applying updated cluster_state (version: 475, uuid: G24PNvDTT1uryrnvh2U-ig)
[2016-03-30 23:01:53,751][DEBUG][org.elasticsearch.cluster.service] [node_s0] set local cluster state to version 475
[2016-03-30 23:01:53,758][DEBUG][org.elasticsearch.cluster.service] [node_s0] processing [remove-index-template [random_index_template]]: took 14ms done applying updated cluster_state (version: 475, uuid: G24PNvDTT1uryrnvh2U-ig)
[2016-03-30 23:01:53,758][DEBUG][org.elasticsearch.cluster.service] [node_s0] processing [delete_repository [*]]: execute
[2016-03-30 23:01:53,759][DEBUG][org.elasticsearch.cluster.service] [node_s0] cluster state updated, version [476], source [delete_repository [*]]
[2016-03-30 23:01:53,759][DEBUG][org.elasticsearch.cluster.service] [node_s0] publishing cluster state version [476]
[2016-03-30 23:01:53,759][DEBUG][org.elasticsearch.cluster.service] [node_s1] processing [local-disco-receive(from master)]: execute
[2016-03-30 23:01:53,759][DEBUG][org.elasticsearch.cluster.service] [node_s1] cluster state updated, version [476], source [local-disco-receive(from master)]
[2016-03-30 23:01:53,759][DEBUG][org.elasticsearch.cluster.service] [node_s1] set local cluster state to version 476
[2016-03-30 23:01:53,765][DEBUG][org.elasticsearch.cluster.service] [node_s1] processing [local-disco-receive(from master)]: took 5ms done applying updated cluster_state (version: 476, uuid: Zoe0uQjOT56dpF_LIbtC7A)
[2016-03-30 23:01:53,765][DEBUG][org.elasticsearch.cluster.service] [node_s0] set local cluster state to version 476
[2016-03-30 23:01:53,770][DEBUG][org.elasticsearch.cluster.service] [node_s0] processing [delete_repository [*]]: took 11ms done applying updated cluster_state (version: 476, uuid: Zoe0uQjOT56dpF_LIbtC7A)
[2016-03-30 23:02:05,061][WARN ][org.elasticsearch.indices.cluster] [node_s1] [[test-idx][7]] marking and sending shard failed due to [failed recovery]
[test-idx][[test-idx][7]] IndexShardRecoveryException[failed recovery]; nested: IndexShardRestoreFailedException[restore failed]; nested: IndexShardRestoreFailedException[failed to restore snapshot [test-snap]]; nested: IndexShardRestoreFailedException[Failed to recover index]; nested: IOException[Random IOException];
	at org.elasticsearch.index.shard.StoreRecovery.executeRecovery(StoreRecovery.java:165)
	at org.elasticsearch.index.shard.StoreRecovery.recoverFromRepository(StoreRecovery.java:97)
	at org.elasticsearch.index.shard.IndexShard.restoreFromRepository(IndexShard.java:1110)
	at org.elasticsearch.indices.cluster.IndicesClusterStateService.lambda$applyInitializingShard$128(IndicesClusterStateService.java:654)
	at org.elasticsearch.indices.cluster.IndicesClusterStateService$$Lambda$561/1683367258.run(Unknown Source)
	at java.util.concurrent.ThreadPoolExecutor.runWorker(ThreadPoolExecutor.java:1142)
	at java.util.concurrent.ThreadPoolExecutor$Worker.run(ThreadPoolExecutor.java:617)
	at java.lang.Thread.run(Thread.java:745)
Caused by: [test-idx][[test-idx][7]] IndexShardRestoreFailedException[restore failed]; nested: IndexShardRestoreFailedException[failed to restore snapshot [test-snap]]; nested: IndexShardRestoreFailedException[Failed to recover index]; nested: IOException[Random IOException];
	at org.elasticsearch.index.shard.StoreRecovery.restore(StoreRecovery.java:265)
	at org.elasticsearch.index.shard.StoreRecovery.lambda$recoverFromRepository$123(StoreRecovery.java:99)
	at org.elasticsearch.index.shard.StoreRecovery$$Lambda$562/1148766141.run(Unknown Source)
	at org.elasticsearch.index.shard.StoreRecovery.executeRecovery(StoreRecovery.java:122)
	... 7 more
Caused by: [test-idx][[test-idx][7]] IndexShardRestoreFailedException[failed to restore snapshot [test-snap]]; nested: IndexShardRestoreFailedException[Failed to recover index]; nested: IOException[Random IOException];
	at org.elasticsearch.index.snapshots.blobstore.BlobStoreIndexShardRepository.restore(BlobStoreIndexShardRepository.java:208)
	at org.elasticsearch.index.shard.StoreRecovery.restore(StoreRecovery.java:260)
	... 10 more
Caused by: [test-idx][[test-idx][7]] IndexShardRestoreFailedException[Failed to recover index]; nested: IOException[Random IOException];
	at org.elasticsearch.index.snapshots.blobstore.BlobStoreIndexShardRepository$RestoreContext.restore(BlobStoreIndexShardRepository.java:867)
	at org.elasticsearch.index.snapshots.blobstore.BlobStoreIndexShardRepository.restore(BlobStoreIndexShardRepository.java:206)
	... 11 more
Caused by: java.io.IOException: Random IOException
	at org.elasticsearch.snapshots.mockstore.MockRepository$MockBlobStore$MockBlobContainer.maybeIOExceptionOrBlock(MockRepository.java:277)
	at org.elasticsearch.snapshots.mockstore.MockRepository$MockBlobStore$MockBlobContainer.readBlob(MockRepository.java:321)
	at org.elasticsearch.index.snapshots.blobstore.BlobStoreIndexShardRepository$PartSliceStream.openSlice(BlobStoreIndexShardRepository.java:769)
	at org.elasticsearch.index.snapshots.blobstore.SlicedInputStream.nextStream(SlicedInputStream.java:53)
	at org.elasticsearch.index.snapshots.blobstore.SlicedInputStream.currentStream(SlicedInputStream.java:67)
	at org.elasticsearch.index.snapshots.blobstore.SlicedInputStream.read(SlicedInputStream.java:88)
	at java.io.FilterInputStream.read(FilterInputStream.java:133)
	at org.elasticsearch.index.snapshots.blobstore.RateLimitingInputStream.read(RateLimitingInputStream.java:69)
	at java.io.FilterInputStream.read(FilterInputStream.java:107)
	at org.elasticsearch.index.snapshots.blobstore.BlobStoreIndexShardRepository$RestoreContext.restoreFile(BlobStoreIndexShardRepository.java:924)
	at org.elasticsearch.index.snapshots.blobstore.BlobStoreIndexShardRepository$RestoreContext.restore(BlobStoreIndexShardRepository.java:864)
	... 12 more
[2016-03-30 23:02:05,072][WARN ][org.elasticsearch.cluster.action.shard] [node_s0] [test-idx][7] received shard failed for [test-idx][7], node[BGl_MLcDTse8q5N9C0jt5A], [P], v[1], restoring[test-repo:test-snap], s[INITIALIZING], a[id=fL1ioKlaQiC30N3bfBfkVw], unassigned_info[[reason=NEW_INDEX_RESTORED], at[2016-03-31T06:02:04.997Z], details[restore_source[test-repo/test-snap]]], expected_shard_size[0], indexUUID [4jpdB_g0RdurmlwQgV2n7w], message [failed recovery], failure [IndexShardRecoveryException[failed recovery]; nested: IndexShardRestoreFailedException[restore failed]; nested: IndexShardRestoreFailedException[failed to restore snapshot [test-snap]]; nested: IndexShardRestoreFailedException[Failed to recover index]; nested: NotSerializableExceptionWrapper[Random IOException]; ]
[test-idx][[test-idx][7]] IndexShardRecoveryException[failed recovery]; nested: IndexShardRestoreFailedException[restore failed]; nested: IndexShardRestoreFailedException[failed to restore snapshot [test-snap]]; nested: IndexShardRestoreFailedException[Failed to recover index]; nested: NotSerializableExceptionWrapper[Random IOException];
	at org.elasticsearch.index.shard.StoreRecovery.executeRecovery(StoreRecovery.java:165)
	at org.elasticsearch.index.shard.StoreRecovery.recoverFromRepository(StoreRecovery.java:97)
	at org.elasticsearch.index.shard.IndexShard.restoreFromRepository(IndexShard.java:1110)
	at org.elasticsearch.indices.cluster.IndicesClusterStateService.lambda$applyInitializingShard$128(IndicesClusterStateService.java:654)
	at org.elasticsearch.indices.cluster.IndicesClusterStateService$$Lambda$561/1683367258.run(Unknown Source)
	at java.util.concurrent.ThreadPoolExecutor.runWorker(ThreadPoolExecutor.java:1142)
	at java.util.concurrent.ThreadPoolExecutor$Worker.run(ThreadPoolExecutor.java:617)
	at java.lang.Thread.run(Thread.java:745)
Caused by: [test-idx][[test-idx][7]] IndexShardRestoreFailedException[restore failed]; nested: IndexShardRestoreFailedException[failed to restore snapshot [test-snap]]; nested: IndexShardRestoreFailedException[Failed to recover index]; nested: NotSerializableExceptionWrapper[Random IOException];
	at org.elasticsearch.index.shard.StoreRecovery.restore(StoreRecovery.java:265)
	at org.elasticsearch.index.shard.StoreRecovery.lambda$recoverFromRepository$123(StoreRecovery.java:99)
	at org.elasticsearch.index.shard.StoreRecovery$$Lambda$562/1148766141.run(Unknown Source)
	at org.elasticsearch.index.shard.StoreRecovery.executeRecovery(StoreRecovery.java:122)
	... 7 more
Caused by: [test-idx][[test-idx][7]] IndexShardRestoreFailedException[failed to restore snapshot [test-snap]]; nested: IndexShardRestoreFailedException[Failed to recover index]; nested: NotSerializableExceptionWrapper[Random IOException];
	at org.elasticsearch.index.snapshots.blobstore.BlobStoreIndexShardRepository.restore(BlobStoreIndexShardRepository.java:208)
	at org.elasticsearch.index.shard.StoreRecovery.restore(StoreRecovery.java:260)
	... 10 more
Caused by: [test-idx][[test-idx][7]] IndexShardRestoreFailedException[Failed to recover index]; nested: NotSerializableExceptionWrapper[Random IOException];
	at org.elasticsearch.index.snapshots.blobstore.BlobStoreIndexShardRepository$RestoreContext.restore(BlobStoreIndexShardRepository.java:867)
	at org.elasticsearch.index.snapshots.blobstore.BlobStoreIndexShardRepository.restore(BlobStoreIndexShardRepository.java:206)
	... 11 more
Caused by: NotSerializableExceptionWrapper[Random IOException]
	at org.elasticsearch.snapshots.mockstore.MockRepository$MockBlobStore$MockBlobContainer.maybeIOExceptionOrBlock(MockRepository.java:277)
	at org.elasticsearch.snapshots.mockstore.MockRepository$MockBlobStore$MockBlobContainer.readBlob(MockRepository.java:321)
	at org.elasticsearch.index.snapshots.blobstore.BlobStoreIndexShardRepository$PartSliceStream.openSlice(BlobStoreIndexShardRepository.java:769)
	at org.elasticsearch.index.snapshots.blobstore.SlicedInputStream.nextStream(SlicedInputStream.java:53)
	at org.elasticsearch.index.snapshots.blobstore.SlicedInputStream.currentStream(SlicedInputStream.java:67)
	at org.elasticsearch.index.snapshots.blobstore.SlicedInputStream.read(SlicedInputStream.java:88)
	at java.io.FilterInputStream.read(FilterInputStream.java:133)
	at org.elasticsearch.index.snapshots.blobstore.RateLimitingInputStream.read(RateLimitingInputStream.java:69)
	at java.io.FilterInputStream.read(FilterInputStream.java:107)
	at org.elasticsearch.index.snapshots.blobstore.BlobStoreIndexShardRepository$RestoreContext.restoreFile(BlobStoreIndexShardRepository.java:924)
	at org.elasticsearch.index.snapshots.blobstore.BlobStoreIndexShardRepository$RestoreContext.restore(BlobStoreIndexShardRepository.java:864)
	... 12 more
[2016-03-30 23:02:05,073][WARN ][org.elasticsearch.indices.cluster] [node_s1] [[test-idx][5]] marking and sending shard failed due to [failed recovery]
[test-idx][[test-idx][5]] IndexShardRecoveryException[failed recovery]; nested: IndexShardRestoreFailedException[restore failed]; nested: IndexShardRestoreFailedException[failed to restore snapshot [test-snap]]; nested: IndexShardRestoreFailedException[Failed to recover index]; nested: IOException[Random IOException];
	at org.elasticsearch.index.shard.StoreRecovery.executeRecovery(StoreRecovery.java:165)
	at org.elasticsearch.index.shard.StoreRecovery.recoverFromRepository(StoreRecovery.java:97)
	at org.elasticsearch.index.shard.IndexShard.restoreFromRepository(IndexShard.java:1110)
	at org.elasticsearch.indices.cluster.IndicesClusterStateService.lambda$applyInitializingShard$128(IndicesClusterStateService.java:654)
	at org.elasticsearch.indices.cluster.IndicesClusterStateService$$Lambda$561/1683367258.run(Unknown Source)
	at java.util.concurrent.ThreadPoolExecutor.runWorker(ThreadPoolExecutor.java:1142)
	at java.util.concurrent.ThreadPoolExecutor$Worker.run(ThreadPoolExecutor.java:617)
	at java.lang.Thread.run(Thread.java:745)
Caused by: [test-idx][[test-idx][5]] IndexShardRestoreFailedException[restore failed]; nested: IndexShardRestoreFailedException[failed to restore snapshot [test-snap]]; nested: IndexShardRestoreFailedException[Failed to recover index]; nested: IOException[Random IOException];
	at org.elasticsearch.index.shard.StoreRecovery.restore(StoreRecovery.java:265)
	at org.elasticsearch.index.shard.StoreRecovery.lambda$recoverFromRepository$123(StoreRecovery.java:99)
	at org.elasticsearch.index.shard.StoreRecovery$$Lambda$562/1148766141.run(Unknown Source)
	at org.elasticsearch.index.shard.StoreRecovery.executeRecovery(StoreRecovery.java:122)
	... 7 more
Caused by: [test-idx][[test-idx][5]] IndexShardRestoreFailedException[failed to restore snapshot [test-snap]]; nested: IndexShardRestoreFailedException[Failed to recover index]; nested: IOException[Random IOException];
	at org.elasticsearch.index.snapshots.blobstore.BlobStoreIndexShardRepository.restore(BlobStoreIndexShardRepository.java:208)
	at org.elasticsearch.index.shard.StoreRecovery.restore(StoreRecovery.java:260)
	... 10 more
Caused by: [test-idx][[test-idx][5]] IndexShardRestoreFailedException[Failed to recover index]; nested: IOException[Random IOException];
	at org.elasticsearch.index.snapshots.blobstore.BlobStoreIndexShardRepository$RestoreContext.restore(BlobStoreIndexShardRepository.java:867)
	at org.elasticsearch.index.snapshots.blobstore.BlobStoreIndexShardRepository.restore(BlobStoreIndexShardRepository.java:206)
	... 11 more
Caused by: java.io.IOException: Random IOException
	at org.elasticsearch.snapshots.mockstore.MockRepository$MockBlobStore$MockBlobContainer.maybeIOExceptionOrBlock(MockRepository.java:277)
	at org.elasticsearch.snapshots.mockstore.MockRepository$MockBlobStore$MockBlobContainer.readBlob(MockRepository.java:321)
	at org.elasticsearch.index.snapshots.blobstore.BlobStoreIndexShardRepository$PartSliceStream.openSlice(BlobStoreIndexShardRepository.java:769)
	at org.elasticsearch.index.snapshots.blobstore.SlicedInputStream.nextStream(SlicedInputStream.java:53)
	at org.elasticsearch.index.snapshots.blobstore.SlicedInputStream.currentStream(SlicedInputStream.java:67)
	at org.elasticsearch.index.snapshots.blobstore.SlicedInputStream.read(SlicedInputStream.java:88)
	at java.io.FilterInputStream.read(FilterInputStream.java:133)
	at org.elasticsearch.index.snapshots.blobstore.RateLimitingInputStream.read(RateLimitingInputStream.java:69)
	at java.io.FilterInputStream.read(FilterInputStream.java:107)
	at org.elasticsearch.index.snapshots.blobstore.BlobStoreIndexShardRepository$RestoreContext.restoreFile(BlobStoreIndexShardRepository.java:924)
	at org.elasticsearch.index.snapshots.blobstore.BlobStoreIndexShardRepository$RestoreContext.restore(BlobStoreIndexShardRepository.java:864)
	... 12 more
[2016-03-30 23:02:05,078][WARN ][org.elasticsearch.cluster.action.shard] [node_s0] [test-idx][5] received shard failed for [test-idx][5], node[BGl_MLcDTse8q5N9C0jt5A], [P], v[1], restoring[test-repo:test-snap], s[INITIALIZING], a[id=Ui3z3vjOSE-FiW8cmo0hEg], unassigned_info[[reason=NEW_INDEX_RESTORED], at[2016-03-31T06:02:04.997Z], details[restore_source[test-repo/test-snap]]], expected_shard_size[0], indexUUID [4jpdB_g0RdurmlwQgV2n7w], message [failed recovery], failure [IndexShardRecoveryException[failed recovery]; nested: IndexShardRestoreFailedException[restore failed]; nested: IndexShardRestoreFailedException[failed to restore snapshot [test-snap]]; nested: IndexShardRestoreFailedException[Failed to recover index]; nested: NotSerializableExceptionWrapper[Random IOException]; ]
[test-idx][[test-idx][5]] IndexShardRecoveryException[failed recovery]; nested: IndexShardRestoreFailedException[restore failed]; nested: IndexShardRestoreFailedException[failed to restore snapshot [test-snap]]; nested: IndexShardRestoreFailedException[Failed to recover index]; nested: NotSerializableExceptionWrapper[Random IOException];
	at org.elasticsearch.index.shard.StoreRecovery.executeRecovery(StoreRecovery.java:165)
	at org.elasticsearch.index.shard.StoreRecovery.recoverFromRepository(StoreRecovery.java:97)
	at org.elasticsearch.index.shard.IndexShard.restoreFromRepository(IndexShard.java:1110)
	at org.elasticsearch.indices.cluster.IndicesClusterStateService.lambda$applyInitializingShard$128(IndicesClusterStateService.java:654)
	at org.elasticsearch.indices.cluster.IndicesClusterStateService$$Lambda$561/1683367258.run(Unknown Source)
	at java.util.concurrent.ThreadPoolExecutor.runWorker(ThreadPoolExecutor.java:1142)
	at java.util.concurrent.ThreadPoolExecutor$Worker.run(ThreadPoolExecutor.java:617)
	at java.lang.Thread.run(Thread.java:745)
Caused by: [test-idx][[test-idx][5]] IndexShardRestoreFailedException[restore failed]; nested: IndexShardRestoreFailedException[failed to restore snapshot [test-snap]]; nested: IndexShardRestoreFailedException[Failed to recover index]; nested: NotSerializableExceptionWrapper[Random IOException];
	at org.elasticsearch.index.shard.StoreRecovery.restore(StoreRecovery.java:265)
	at org.elasticsearch.index.shard.StoreRecovery.lambda$recoverFromRepository$123(StoreRecovery.java:99)
	at org.elasticsearch.index.shard.StoreRecovery$$Lambda$562/1148766141.run(Unknown Source)
	at org.elasticsearch.index.shard.StoreRecovery.executeRecovery(StoreRecovery.java:122)
	... 7 more
Caused by: [test-idx][[test-idx][5]] IndexShardRestoreFailedException[failed to restore snapshot [test-snap]]; nested: IndexShardRestoreFailedException[Failed to recover index]; nested: NotSerializableExceptionWrapper[Random IOException];
	at org.elasticsearch.index.snapshots.blobstore.BlobStoreIndexShardRepository.restore(BlobStoreIndexShardRepository.java:208)
	at org.elasticsearch.index.shard.StoreRecovery.restore(StoreRecovery.java:260)
	... 10 more
Caused by: [test-idx][[test-idx][5]] IndexShardRestoreFailedException[Failed to recover index]; nested: NotSerializableExceptionWrapper[Random IOException];
	at org.elasticsearch.index.snapshots.blobstore.BlobStoreIndexShardRepository$RestoreContext.restore(BlobStoreIndexShardRepository.java:867)
	at org.elasticsearch.index.snapshots.blobstore.BlobStoreIndexShardRepository.restore(BlobStoreIndexShardRepository.java:206)
	... 11 more
Caused by: NotSerializableExceptionWrapper[Random IOException]
	at org.elasticsearch.snapshots.mockstore.MockRepository$MockBlobStore$MockBlobContainer.maybeIOExceptionOrBlock(MockRepository.java:277)
	at org.elasticsearch.snapshots.mockstore.MockRepository$MockBlobStore$MockBlobContainer.readBlob(MockRepository.java:321)
	at org.elasticsearch.index.snapshots.blobstore.BlobStoreIndexShardRepository$PartSliceStream.openSlice(BlobStoreIndexShardRepository.java:769)
	at org.elasticsearch.index.snapshots.blobstore.SlicedInputStream.nextStream(SlicedInputStream.java:53)
	at org.elasticsearch.index.snapshots.blobstore.SlicedInputStream.currentStream(SlicedInputStream.java:67)
	at org.elasticsearch.index.snapshots.blobstore.SlicedInputStream.read(SlicedInputStream.java:88)
	at java.io.FilterInputStream.read(FilterInputStream.java:133)
	at org.elasticsearch.index.snapshots.blobstore.RateLimitingInputStream.read(RateLimitingInputStream.java:69)
	at java.io.FilterInputStream.read(FilterInputStream.java:107)
	at org.elasticsearch.index.snapshots.blobstore.BlobStoreIndexShardRepository$RestoreContext.restoreFile(BlobStoreIndexShardRepository.java:924)
	at org.elasticsearch.index.snapshots.blobstore.BlobStoreIndexShardRepository$RestoreContext.restore(BlobStoreIndexShardRepository.java:864)
	... 12 more
[2016-03-30 23:02:05,091][WARN ][org.elasticsearch.indices.cluster] [node_s0] [[test-idx][4]] marking and sending shard failed due to [failed recovery]
[test-idx][[test-idx][4]] IndexShardRecoveryException[failed recovery]; nested: IndexShardRestoreFailedException[restore failed]; nested: IndexShardRestoreFailedException[failed to restore snapshot [test-snap]]; nested: IndexShardRestoreFailedException[Failed to recover index]; nested: IOException[Random IOException];
	at org.elasticsearch.index.shard.StoreRecovery.executeRecovery(StoreRecovery.java:165)
	at org.elasticsearch.index.shard.StoreRecovery.recoverFromRepository(StoreRecovery.java:97)
	at org.elasticsearch.index.shard.IndexShard.restoreFromRepository(IndexShard.java:1110)
	at org.elasticsearch.indices.cluster.IndicesClusterStateService.lambda$applyInitializingShard$128(IndicesClusterStateService.java:654)
	at org.elasticsearch.indices.cluster.IndicesClusterStateService$$Lambda$561/1683367258.run(Unknown Source)
	at java.util.concurrent.ThreadPoolExecutor.runWorker(ThreadPoolExecutor.java:1142)
	at java.util.concurrent.ThreadPoolExecutor$Worker.run(ThreadPoolExecutor.java:617)
	at java.lang.Thread.run(Thread.java:745)
Caused by: [test-idx][[test-idx][4]] IndexShardRestoreFailedException[restore failed]; nested: IndexShardRestoreFailedException[failed to restore snapshot [test-snap]]; nested: IndexShardRestoreFailedException[Failed to recover index]; nested: IOException[Random IOException];
	at org.elasticsearch.index.shard.StoreRecovery.restore(StoreRecovery.java:265)
	at org.elasticsearch.index.shard.StoreRecovery.lambda$recoverFromRepository$123(StoreRecovery.java:99)
	at org.elasticsearch.index.shard.StoreRecovery$$Lambda$562/1148766141.run(Unknown Source)
	at org.elasticsearch.index.shard.StoreRecovery.executeRecovery(StoreRecovery.java:122)
	... 7 more
Caused by: [test-idx][[test-idx][4]] IndexShardRestoreFailedException[failed to restore snapshot [test-snap]]; nested: IndexShardRestoreFailedException[Failed to recover index]; nested: IOException[Random IOException];
	at org.elasticsearch.index.snapshots.blobstore.BlobStoreIndexShardRepository.restore(BlobStoreIndexShardRepository.java:208)
	at org.elasticsearch.index.shard.StoreRecovery.restore(StoreRecovery.java:260)
	... 10 more
Caused by: [test-idx][[test-idx][4]] IndexShardRestoreFailedException[Failed to recover index]; nested: IOException[Random IOException];
	at org.elasticsearch.index.snapshots.blobstore.BlobStoreIndexShardRepository$RestoreContext.restore(BlobStoreIndexShardRepository.java:867)
	at org.elasticsearch.index.snapshots.blobstore.BlobStoreIndexShardRepository.restore(BlobStoreIndexShardRepository.java:206)
	... 11 more
Caused by: java.io.IOException: Random IOException
	at org.elasticsearch.snapshots.mockstore.MockRepository$MockBlobStore$MockBlobContainer.maybeIOExceptionOrBlock(MockRepository.java:277)
	at org.elasticsearch.snapshots.mockstore.MockRepository$MockBlobStore$MockBlobContainer.readBlob(MockRepository.java:321)
	at org.elasticsearch.index.snapshots.blobstore.BlobStoreIndexShardRepository$PartSliceStream.openSlice(BlobStoreIndexShardRepository.java:769)
	at org.elasticsearch.index.snapshots.blobstore.SlicedInputStream.nextStream(SlicedInputStream.java:53)
	at org.elasticsearch.index.snapshots.blobstore.SlicedInputStream.currentStream(SlicedInputStream.java:67)
	at org.elasticsearch.index.snapshots.blobstore.SlicedInputStream.read(SlicedInputStream.java:88)
	at java.io.FilterInputStream.read(FilterInputStream.java:133)
	at org.elasticsearch.index.snapshots.blobstore.RateLimitingInputStream.read(RateLimitingInputStream.java:69)
	at java.io.FilterInputStream.read(FilterInputStream.java:107)
	at org.elasticsearch.index.snapshots.blobstore.BlobStoreIndexShardRepository$RestoreContext.restoreFile(BlobStoreIndexShardRepository.java:924)
	at org.elasticsearch.index.snapshots.blobstore.BlobStoreIndexShardRepository$RestoreContext.restore(BlobStoreIndexShardRepository.java:864)
	... 12 more
[2016-03-30 23:02:05,093][WARN ][org.elasticsearch.cluster.action.shard] [node_s0] [test-idx][4] received shard failed for [test-idx][4], node[YU4rw4SiR5aBA7JFJFd8EQ], [P], v[1], restoring[test-repo:test-snap], s[INITIALIZING], a[id=RUdc2v6XTL27gzeR0T3BRg], unassigned_info[[reason=NEW_INDEX_RESTORED], at[2016-03-31T06:02:04.997Z], details[restore_source[test-repo/test-snap]]], expected_shard_size[0], indexUUID [4jpdB_g0RdurmlwQgV2n7w], message [failed recovery], failure [IndexShardRecoveryException[failed recovery]; nested: IndexShardRestoreFailedException[restore failed]; nested: IndexShardRestoreFailedException[failed to restore snapshot [test-snap]]; nested: IndexShardRestoreFailedException[Failed to recover index]; nested: IOException[Random IOException]; ]
[test-idx][[test-idx][4]] IndexShardRecoveryException[failed recovery]; nested: IndexShardRestoreFailedException[restore failed]; nested: IndexShardRestoreFailedException[failed to restore snapshot [test-snap]]; nested: IndexShardRestoreFailedException[Failed to recover index]; nested: IOException[Random IOException];
	at org.elasticsearch.index.shard.StoreRecovery.executeRecovery(StoreRecovery.java:165)
	at org.elasticsearch.index.shard.StoreRecovery.recoverFromRepository(StoreRecovery.java:97)
	at org.elasticsearch.index.shard.IndexShard.restoreFromRepository(IndexShard.java:1110)
	at org.elasticsearch.indices.cluster.IndicesClusterStateService.lambda$applyInitializingShard$128(IndicesClusterStateService.java:654)
	at org.elasticsearch.indices.cluster.IndicesClusterStateService$$Lambda$561/1683367258.run(Unknown Source)
	at java.util.concurrent.ThreadPoolExecutor.runWorker(ThreadPoolExecutor.java:1142)
	at java.util.concurrent.ThreadPoolExecutor$Worker.run(ThreadPoolExecutor.java:617)
	at java.lang.Thread.run(Thread.java:745)
Caused by: [test-idx][[test-idx][4]] IndexShardRestoreFailedException[restore failed]; nested: IndexShardRestoreFailedException[failed to restore snapshot [test-snap]]; nested: IndexShardRestoreFailedException[Failed to recover index]; nested: IOException[Random IOException];
	at org.elasticsearch.index.shard.StoreRecovery.restore(StoreRecovery.java:265)
	at org.elasticsearch.index.shard.StoreRecovery.lambda$recoverFromRepository$123(StoreRecovery.java:99)
	at org.elasticsearch.index.shard.StoreRecovery$$Lambda$562/1148766141.run(Unknown Source)
	at org.elasticsearch.index.shard.StoreRecovery.executeRecovery(StoreRecovery.java:122)
	... 7 more
Caused by: [test-idx][[test-idx][4]] IndexShardRestoreFailedException[failed to restore snapshot [test-snap]]; nested: IndexShardRestoreFailedException[Failed to recover index]; nested: IOException[Random IOException];
	at org.elasticsearch.index.snapshots.blobstore.BlobStoreIndexShardRepository.restore(BlobStoreIndexShardRepository.java:208)
	at org.elasticsearch.index.shard.StoreRecovery.restore(StoreRecovery.java:260)
	... 10 more
Caused by: [test-idx][[test-idx][4]] IndexShardRestoreFailedException[Failed to recover index]; nested: IOException[Random IOException];
	at org.elasticsearch.index.snapshots.blobstore.BlobStoreIndexShardRepository$RestoreContext.restore(BlobStoreIndexShardRepository.java:867)
	at org.elasticsearch.index.snapshots.blobstore.BlobStoreIndexShardRepository.restore(BlobStoreIndexShardRepository.java:206)
	... 11 more
Caused by: java.io.IOException: Random IOException
	at org.elasticsearch.snapshots.mockstore.MockRepository$MockBlobStore$MockBlobContainer.maybeIOExceptionOrBlock(MockRepository.java:277)
	at org.elasticsearch.snapshots.mockstore.MockRepository$MockBlobStore$MockBlobContainer.readBlob(MockRepository.java:321)
	at org.elasticsearch.index.snapshots.blobstore.BlobStoreIndexShardRepository$PartSliceStream.openSlice(BlobStoreIndexShardRepository.java:769)
	at org.elasticsearch.index.snapshots.blobstore.SlicedInputStream.nextStream(SlicedInputStream.java:53)
	at org.elasticsearch.index.snapshots.blobstore.SlicedInputStream.currentStream(SlicedInputStream.java:67)
	at org.elasticsearch.index.snapshots.blobstore.SlicedInputStream.read(SlicedInputStream.java:88)
	at java.io.FilterInputStream.read(FilterInputStream.java:133)
	at org.elasticsearch.index.snapshots.blobstore.RateLimitingInputStream.read(RateLimitingInputStream.java:69)
	at java.io.FilterInputStream.read(FilterInputStream.java:107)
	at org.elasticsearch.index.snapshots.blobstore.BlobStoreIndexShardRepository$RestoreContext.restoreFile(BlobStoreIndexShardRepository.java:924)
	at org.elasticsearch.index.snapshots.blobstore.BlobStoreIndexShardRepository$RestoreContext.restore(BlobStoreIndexShardRepository.java:864)
	... 12 more
[2016-03-30 23:02:05,096][WARN ][org.elasticsearch.indices.cluster] [node_s0] [[test-idx][2]] marking and sending shard failed due to [failed recovery]
[test-idx][[test-idx][2]] IndexShardRecoveryException[failed recovery]; nested: IndexShardRestoreFailedException[restore failed]; nested: IndexShardRestoreFailedException[failed to restore snapshot [test-snap]]; nested: IndexShardRestoreFailedException[Failed to recover index]; nested: IOException[Random IOException];
	at org.elasticsearch.index.shard.StoreRecovery.executeRecovery(StoreRecovery.java:165)
	at org.elasticsearch.index.shard.StoreRecovery.recoverFromRepository(StoreRecovery.java:97)
	at org.elasticsearch.index.shard.IndexShard.restoreFromRepository(IndexShard.java:1110)
	at org.elasticsearch.indices.cluster.IndicesClusterStateService.lambda$applyInitializingShard$128(IndicesClusterStateService.java:654)
	at org.elasticsearch.indices.cluster.IndicesClusterStateService$$Lambda$561/1683367258.run(Unknown Source)
	at java.util.concurrent.ThreadPoolExecutor.runWorker(ThreadPoolExecutor.java:1142)
	at java.util.concurrent.ThreadPoolExecutor$Worker.run(ThreadPoolExecutor.java:617)
	at java.lang.Thread.run(Thread.java:745)
Caused by: [test-idx][[test-idx][2]] IndexShardRestoreFailedException[restore failed]; nested: IndexShardRestoreFailedException[failed to restore snapshot [test-snap]]; nested: IndexShardRestoreFailedException[Failed to recover index]; nested: IOException[Random IOException];
	at org.elasticsearch.index.shard.StoreRecovery.restore(StoreRecovery.java:265)
	at org.elasticsearch.index.shard.StoreRecovery.lambda$recoverFromRepository$123(StoreRecovery.java:99)
	at org.elasticsearch.index.shard.StoreRecovery$$Lambda$562/1148766141.run(Unknown Source)
	at org.elasticsearch.index.shard.StoreRecovery.executeRecovery(StoreRecovery.java:122)
	... 7 more
Caused by: [test-idx][[test-idx][2]] IndexShardRestoreFailedException[failed to restore snapshot [test-snap]]; nested: IndexShardRestoreFailedException[Failed to recover index]; nested: IOException[Random IOException];
	at org.elasticsearch.index.snapshots.blobstore.BlobStoreIndexShardRepository.restore(BlobStoreIndexShardRepository.java:208)
	at org.elasticsearch.index.shard.StoreRecovery.restore(StoreRecovery.java:260)
	... 10 more
Caused by: [test-idx][[test-idx][2]] IndexShardRestoreFailedException[Failed to recover index]; nested: IOException[Random IOException];
	at org.elasticsearch.index.snapshots.blobstore.BlobStoreIndexShardRepository$RestoreContext.restore(BlobStoreIndexShardRepository.java:867)
	at org.elasticsearch.index.snapshots.blobstore.BlobStoreIndexShardRepository.restore(BlobStoreIndexShardRepository.java:206)
	... 11 more
Caused by: java.io.IOException: Random IOException
	at org.elasticsearch.snapshots.mockstore.MockRepository$MockBlobStore$MockBlobContainer.maybeIOExceptionOrBlock(MockRepository.java:277)
	at org.elasticsearch.snapshots.mockstore.MockRepository$MockBlobStore$MockBlobContainer.readBlob(MockRepository.java:321)
	at org.elasticsearch.index.snapshots.blobstore.BlobStoreIndexShardRepository$PartSliceStream.openSlice(BlobStoreIndexShardRepository.java:769)
	at org.elasticsearch.index.snapshots.blobstore.SlicedInputStream.nextStream(SlicedInputStream.java:53)
	at org.elasticsearch.index.snapshots.blobstore.SlicedInputStream.currentStream(SlicedInputStream.java:67)
	at org.elasticsearch.index.snapshots.blobstore.SlicedInputStream.read(SlicedInputStream.java:88)
	at java.io.FilterInputStream.read(FilterInputStream.java:133)
	at org.elasticsearch.index.snapshots.blobstore.RateLimitingInputStream.read(RateLimitingInputStream.java:69)
	at java.io.FilterInputStream.read(FilterInputStream.java:107)
	at org.elasticsearch.index.snapshots.blobstore.BlobStoreIndexShardRepository$RestoreContext.restoreFile(BlobStoreIndexShardRepository.java:924)
	at org.elasticsearch.index.snapshots.blobstore.BlobStoreIndexShardRepository$RestoreContext.restore(BlobStoreIndexShardRepository.java:864)
	... 12 more
[2016-03-30 23:02:05,099][WARN ][org.elasticsearch.cluster.action.shard] [node_s0] [test-idx][2] received shard failed for [test-idx][2], node[YU4rw4SiR5aBA7JFJFd8EQ], [P], v[1], restoring[test-repo:test-snap], s[INITIALIZING], a[id=_pjEsqV0Sg2wuIP8Bnz7jw], unassigned_info[[reason=NEW_INDEX_RESTORED], at[2016-03-31T06:02:04.997Z], details[restore_source[test-repo/test-snap]]], expected_shard_size[0], indexUUID [4jpdB_g0RdurmlwQgV2n7w], message [failed recovery], failure [IndexShardRecoveryException[failed recovery]; nested: IndexShardRestoreFailedException[restore failed]; nested: IndexShardRestoreFailedException[failed to restore snapshot [test-snap]]; nested: IndexShardRestoreFailedException[Failed to recover index]; nested: IOException[Random IOException]; ]
[test-idx][[test-idx][2]] IndexShardRecoveryException[failed recovery]; nested: IndexShardRestoreFailedException[restore failed]; nested: IndexShardRestoreFailedException[failed to restore snapshot [test-snap]]; nested: IndexShardRestoreFailedException[Failed to recover index]; nested: IOException[Random IOException];
	at org.elasticsearch.index.shard.StoreRecovery.executeRecovery(StoreRecovery.java:165)
	at org.elasticsearch.index.shard.StoreRecovery.recoverFromRepository(StoreRecovery.java:97)
	at org.elasticsearch.index.shard.IndexShard.restoreFromRepository(IndexShard.java:1110)
	at org.elasticsearch.indices.cluster.IndicesClusterStateService.lambda$applyInitializingShard$128(IndicesClusterStateService.java:654)
	at org.elasticsearch.indices.cluster.IndicesClusterStateService$$Lambda$561/1683367258.run(Unknown Source)
	at java.util.concurrent.ThreadPoolExecutor.runWorker(ThreadPoolExecutor.java:1142)
	at java.util.concurrent.ThreadPoolExecutor$Worker.run(ThreadPoolExecutor.java:617)
	at java.lang.Thread.run(Thread.java:745)
Caused by: [test-idx][[test-idx][2]] IndexShardRestoreFailedException[restore failed]; nested: IndexShardRestoreFailedException[failed to restore snapshot [test-snap]]; nested: IndexShardRestoreFailedException[Failed to recover index]; nested: IOException[Random IOException];
	at org.elasticsearch.index.shard.StoreRecovery.restore(StoreRecovery.java:265)
	at org.elasticsearch.index.shard.StoreRecovery.lambda$recoverFromRepository$123(StoreRecovery.java:99)
	at org.elasticsearch.index.shard.StoreRecovery$$Lambda$562/1148766141.run(Unknown Source)
	at org.elasticsearch.index.shard.StoreRecovery.executeRecovery(StoreRecovery.java:122)
	... 7 more
Caused by: [test-idx][[test-idx][2]] IndexShardRestoreFailedException[failed to restore snapshot [test-snap]]; nested: IndexShardRestoreFailedException[Failed to recover index]; nested: IOException[Random IOException];
	at org.elasticsearch.index.snapshots.blobstore.BlobStoreIndexShardRepository.restore(BlobStoreIndexShardRepository.java:208)
	at org.elasticsearch.index.shard.StoreRecovery.restore(StoreRecovery.java:260)
	... 10 more
Caused by: [test-idx][[test-idx][2]] IndexShardRestoreFailedException[Failed to recover index]; nested: IOException[Random IOException];
	at org.elasticsearch.index.snapshots.blobstore.BlobStoreIndexShardRepository$RestoreContext.restore(BlobStoreIndexShardRepository.java:867)
	at org.elasticsearch.index.snapshots.blobstore.BlobStoreIndexShardRepository.restore(BlobStoreIndexShardRepository.java:206)
	... 11 more
Caused by: java.io.IOException: Random IOException
	at org.elasticsearch.snapshots.mockstore.MockRepository$MockBlobStore$MockBlobContainer.maybeIOExceptionOrBlock(MockRepository.java:277)
	at org.elasticsearch.snapshots.mockstore.MockRepository$MockBlobStore$MockBlobContainer.readBlob(MockRepository.java:321)
	at org.elasticsearch.index.snapshots.blobstore.BlobStoreIndexShardRepository$PartSliceStream.openSlice(BlobStoreIndexShardRepository.java:769)
	at org.elasticsearch.index.snapshots.blobstore.SlicedInputStream.nextStream(SlicedInputStream.java:53)
	at org.elasticsearch.index.snapshots.blobstore.SlicedInputStream.currentStream(SlicedInputStream.java:67)
	at org.elasticsearch.index.snapshots.blobstore.SlicedInputStream.read(SlicedInputStream.java:88)
	at java.io.FilterInputStream.read(FilterInputStream.java:133)
	at org.elasticsearch.index.snapshots.blobstore.RateLimitingInputStream.read(RateLimitingInputStream.java:69)
	at java.io.FilterInputStream.read(FilterInputStream.java:107)
	at org.elasticsearch.index.snapshots.blobstore.BlobStoreIndexShardRepository$RestoreContext.restoreFile(BlobStoreIndexShardRepository.java:924)
	at org.elasticsearch.index.snapshots.blobstore.BlobStoreIndexShardRepository$RestoreContext.restore(BlobStoreIndexShardRepository.java:864)
	... 12 more
[2016-03-30 23:02:05,134][WARN ][org.elasticsearch.indices.cluster] [node_s0] [[test-idx][0]] marking and sending shard failed due to [failed recovery]
[test-idx][[test-idx][0]] IndexShardRecoveryException[failed recovery]; nested: IndexShardRestoreFailedException[restore failed]; nested: IndexShardRestoreFailedException[failed to restore snapshot [test-snap]]; nested: IndexShardRestoreFailedException[Failed to recover index]; nested: IOException[Random IOException];
	at org.elasticsearch.index.shard.StoreRecovery.executeRecovery(StoreRecovery.java:165)
	at org.elasticsearch.index.shard.StoreRecovery.recoverFromRepository(StoreRecovery.java:97)
	at org.elasticsearch.index.shard.IndexShard.restoreFromRepository(IndexShard.java:1110)
	at org.elasticsearch.indices.cluster.IndicesClusterStateService.lambda$applyInitializingShard$128(IndicesClusterStateService.java:654)
	at org.elasticsearch.indices.cluster.IndicesClusterStateService$$Lambda$561/1683367258.run(Unknown Source)
	at java.util.concurrent.ThreadPoolExecutor.runWorker(ThreadPoolExecutor.java:1142)
	at java.util.concurrent.ThreadPoolExecutor$Worker.run(ThreadPoolExecutor.java:617)
	at java.lang.Thread.run(Thread.java:745)
Caused by: [test-idx][[test-idx][0]] IndexShardRestoreFailedException[restore failed]; nested: IndexShardRestoreFailedException[failed to restore snapshot [test-snap]]; nested: IndexShardRestoreFailedException[Failed to recover index]; nested: IOException[Random IOException];
	at org.elasticsearch.index.shard.StoreRecovery.restore(StoreRecovery.java:265)
	at org.elasticsearch.index.shard.StoreRecovery.lambda$recoverFromRepository$123(StoreRecovery.java:99)
	at org.elasticsearch.index.shard.StoreRecovery$$Lambda$562/1148766141.run(Unknown Source)
	at org.elasticsearch.index.shard.StoreRecovery.executeRecovery(StoreRecovery.java:122)
	... 7 more
Caused by: [test-idx][[test-idx][0]] IndexShardRestoreFailedException[failed to restore snapshot [test-snap]]; nested: IndexShardRestoreFailedException[Failed to recover index]; nested: IOException[Random IOException];
	at org.elasticsearch.index.snapshots.blobstore.BlobStoreIndexShardRepository.restore(BlobStoreIndexShardRepository.java:208)
	at org.elasticsearch.index.shard.StoreRecovery.restore(StoreRecovery.java:260)
	... 10 more
Caused by: [test-idx][[test-idx][0]] IndexShardRestoreFailedException[Failed to recover index]; nested: IOException[Random IOException];
	at org.elasticsearch.index.snapshots.blobstore.BlobStoreIndexShardRepository$RestoreContext.restore(BlobStoreIndexShardRepository.java:867)
	at org.elasticsearch.index.snapshots.blobstore.BlobStoreIndexShardRepository.restore(BlobStoreIndexShardRepository.java:206)
	... 11 more
Caused by: java.io.IOException: Random IOException
	at org.elasticsearch.snapshots.mockstore.MockRepository$MockBlobStore$MockBlobContainer.maybeIOExceptionOrBlock(MockRepository.java:277)
	at org.elasticsearch.snapshots.mockstore.MockRepository$MockBlobStore$MockBlobContainer.readBlob(MockRepository.java:321)
	at org.elasticsearch.index.snapshots.blobstore.BlobStoreIndexShardRepository$PartSliceStream.openSlice(BlobStoreIndexShardRepository.java:769)
	at org.elasticsearch.index.snapshots.blobstore.SlicedInputStream.nextStream(SlicedInputStream.java:53)
	at org.elasticsearch.index.snapshots.blobstore.SlicedInputStream.currentStream(SlicedInputStream.java:67)
	at org.elasticsearch.index.snapshots.blobstore.SlicedInputStream.read(SlicedInputStream.java:88)
	at java.io.FilterInputStream.read(FilterInputStream.java:133)
	at org.elasticsearch.index.snapshots.blobstore.RateLimitingInputStream.read(RateLimitingInputStream.java:69)
	at java.io.FilterInputStream.read(FilterInputStream.java:107)
	at org.elasticsearch.index.snapshots.blobstore.BlobStoreIndexShardRepository$RestoreContext.restoreFile(BlobStoreIndexShardRepository.java:924)
	at org.elasticsearch.index.snapshots.blobstore.BlobStoreIndexShardRepository$RestoreContext.restore(BlobStoreIndexShardRepository.java:864)
	... 12 more
[2016-03-30 23:02:05,145][WARN ][org.elasticsearch.cluster.action.shard] [node_s0] [test-idx][0] received shard failed for [test-idx][0], node[YU4rw4SiR5aBA7JFJFd8EQ], [P], v[1], restoring[test-repo:test-snap], s[INITIALIZING], a[id=cBdR49slRpK46HsDANkXEQ], unassigned_info[[reason=NEW_INDEX_RESTORED], at[2016-03-31T06:02:04.997Z], details[restore_source[test-repo/test-snap]]], expected_shard_size[130], indexUUID [4jpdB_g0RdurmlwQgV2n7w], message [failed recovery], failure [IndexShardRecoveryException[failed recovery]; nested: IndexShardRestoreFailedException[restore failed]; nested: IndexShardRestoreFailedException[failed to restore snapshot [test-snap]]; nested: IndexShardRestoreFailedException[Failed to recover index]; nested: IOException[Random IOException]; ]
[test-idx][[test-idx][0]] IndexShardRecoveryException[failed recovery]; nested: IndexShardRestoreFailedException[restore failed]; nested: IndexShardRestoreFailedException[failed to restore snapshot [test-snap]]; nested: IndexShardRestoreFailedException[Failed to recover index]; nested: IOException[Random IOException];
	at org.elasticsearch.index.shard.StoreRecovery.executeRecovery(StoreRecovery.java:165)
	at org.elasticsearch.index.shard.StoreRecovery.recoverFromRepository(StoreRecovery.java:97)
	at org.elasticsearch.index.shard.IndexShard.restoreFromRepository(IndexShard.java:1110)
	at org.elasticsearch.indices.cluster.IndicesClusterStateService.lambda$applyInitializingShard$128(IndicesClusterStateService.java:654)
	at org.elasticsearch.indices.cluster.IndicesClusterStateService$$Lambda$561/1683367258.run(Unknown Source)
	at java.util.concurrent.ThreadPoolExecutor.runWorker(ThreadPoolExecutor.java:1142)
	at java.util.concurrent.ThreadPoolExecutor$Worker.run(ThreadPoolExecutor.java:617)
	at java.lang.Thread.run(Thread.java:745)
Caused by: [test-idx][[test-idx][0]] IndexShardRestoreFailedException[restore failed]; nested: IndexShardRestoreFailedException[failed to restore snapshot [test-snap]]; nested: IndexShardRestoreFailedException[Failed to recover index]; nested: IOException[Random IOException];
	at org.elasticsearch.index.shard.StoreRecovery.restore(StoreRecovery.java:265)
	at org.elasticsearch.index.shard.StoreRecovery.lambda$recoverFromRepository$123(StoreRecovery.java:99)
	at org.elasticsearch.index.shard.StoreRecovery$$Lambda$562/1148766141.run(Unknown Source)
	at org.elasticsearch.index.shard.StoreRecovery.executeRecovery(StoreRecovery.java:122)
	... 7 more
Caused by: [test-idx][[test-idx][0]] IndexShardRestoreFailedException[failed to restore snapshot [test-snap]]; nested: IndexShardRestoreFailedException[Failed to recover index]; nested: IOException[Random IOException];
	at org.elasticsearch.index.snapshots.blobstore.BlobStoreIndexShardRepository.restore(BlobStoreIndexShardRepository.java:208)
	at org.elasticsearch.index.shard.StoreRecovery.restore(StoreRecovery.java:260)
	... 10 more
Caused by: [test-idx][[test-idx][0]] IndexShardRestoreFailedException[Failed to recover index]; nested: IOException[Random IOException];
	at org.elasticsearch.index.snapshots.blobstore.BlobStoreIndexShardRepository$RestoreContext.restore(BlobStoreIndexShardRepository.java:867)
	at org.elasticsearch.index.snapshots.blobstore.BlobStoreIndexShardRepository.restore(BlobStoreIndexShardRepository.java:206)
	... 11 more
Caused by: java.io.IOException: Random IOException
	at org.elasticsearch.snapshots.mockstore.MockRepository$MockBlobStore$MockBlobContainer.maybeIOExceptionOrBlock(MockRepository.java:277)
	at org.elasticsearch.snapshots.mockstore.MockRepository$MockBlobStore$MockBlobContainer.readBlob(MockRepository.java:321)
	at org.elasticsearch.index.snapshots.blobstore.BlobStoreIndexShardRepository$PartSliceStream.openSlice(BlobStoreIndexShardRepository.java:769)
	at org.elasticsearch.index.snapshots.blobstore.SlicedInputStream.nextStream(SlicedInputStream.java:53)
	at org.elasticsearch.index.snapshots.blobstore.SlicedInputStream.currentStream(SlicedInputStream.java:67)
	at org.elasticsearch.index.snapshots.blobstore.SlicedInputStream.read(SlicedInputStream.java:88)
	at java.io.FilterInputStream.read(FilterInputStream.java:133)
	at org.elasticsearch.index.snapshots.blobstore.RateLimitingInputStream.read(RateLimitingInputStream.java:69)
	at java.io.FilterInputStream.read(FilterInputStream.java:107)
	at org.elasticsearch.index.snapshots.blobstore.BlobStoreIndexShardRepository$RestoreContext.restoreFile(BlobStoreIndexShardRepository.java:924)
	at org.elasticsearch.index.snapshots.blobstore.BlobStoreIndexShardRepository$RestoreContext.restore(BlobStoreIndexShardRepository.java:864)
	... 12 more
[2016-03-30 23:02:05,146][WARN ][org.elasticsearch.cluster.action.shard] [node_s0] [test-idx][2] received shard failed for [test-idx][2], node[YU4rw4SiR5aBA7JFJFd8EQ], [P], v[1], restoring[test-repo:test-snap], s[INITIALIZING], a[id=_pjEsqV0Sg2wuIP8Bnz7jw], unassigned_info[[reason=NEW_INDEX_RESTORED], at[2016-03-31T06:02:04.997Z], details[restore_source[test-repo/test-snap]]], expected_shard_size[0], indexUUID [4jpdB_g0RdurmlwQgV2n7w], message [master {node_s0}{YU4rw4SiR5aBA7JFJFd8EQ}{local}{local[78]}[mode=>local] marked shard as initializing, but shard is marked as failed, resend shard failure], failure [Unknown]
[2016-03-30 23:02:05,147][WARN ][org.elasticsearch.cluster.action.shard] [node_s0] [test-idx][4] received shard failed for [test-idx][4], node[YU4rw4SiR5aBA7JFJFd8EQ], [P], v[1], restoring[test-repo:test-snap], s[INITIALIZING], a[id=RUdc2v6XTL27gzeR0T3BRg], unassigned_info[[reason=NEW_INDEX_RESTORED], at[2016-03-31T06:02:04.997Z], details[restore_source[test-repo/test-snap]]], expected_shard_size[0], indexUUID [4jpdB_g0RdurmlwQgV2n7w], message [master {node_s0}{YU4rw4SiR5aBA7JFJFd8EQ}{local}{local[78]}[mode=>local] marked shard as initializing, but shard is marked as failed, resend shard failure], failure [Unknown]
[2016-03-30 23:02:05,147][WARN ][org.elasticsearch.cluster.action.shard] [node_s0] [test-idx][0] received shard failed for [test-idx][0], node[YU4rw4SiR5aBA7JFJFd8EQ], [P], v[1], restoring[test-repo:test-snap], s[INITIALIZING], a[id=cBdR49slRpK46HsDANkXEQ], unassigned_info[[reason=NEW_INDEX_RESTORED], at[2016-03-31T06:02:04.997Z], details[restore_source[test-repo/test-snap]]], expected_shard_size[130], indexUUID [4jpdB_g0RdurmlwQgV2n7w], message [master {node_s0}{YU4rw4SiR5aBA7JFJFd8EQ}{local}{local[78]}[mode=>local] marked shard as initializing, but shard is marked as failed, resend shard failure], failure [Unknown]
[2016-03-30 23:02:05,195][WARN ][org.elasticsearch.indices.cluster] [node_s1] [[test-idx][8]] marking and sending shard failed due to [failed recovery]
[test-idx][[test-idx][8]] IndexShardRecoveryException[failed recovery]; nested: IndexShardRestoreFailedException[restore failed]; nested: IndexShardRestoreFailedException[failed to restore snapshot [test-snap]]; nested: IndexShardRestoreFailedException[Failed to recover index]; nested: IOException[Random IOException];
	at org.elasticsearch.index.shard.StoreRecovery.executeRecovery(StoreRecovery.java:165)
	at org.elasticsearch.index.shard.StoreRecovery.recoverFromRepository(StoreRecovery.java:97)
	at org.elasticsearch.index.shard.IndexShard.restoreFromRepository(IndexShard.java:1110)
	at org.elasticsearch.indices.cluster.IndicesClusterStateService.lambda$applyInitializingShard$128(IndicesClusterStateService.java:654)
	at org.elasticsearch.indices.cluster.IndicesClusterStateService$$Lambda$561/1683367258.run(Unknown Source)
	at java.util.concurrent.ThreadPoolExecutor.runWorker(ThreadPoolExecutor.java:1142)
	at java.util.concurrent.ThreadPoolExecutor$Worker.run(ThreadPoolExecutor.java:617)
	at java.lang.Thread.run(Thread.java:745)
Caused by: [test-idx][[test-idx][8]] IndexShardRestoreFailedException[restore failed]; nested: IndexShardRestoreFailedException[failed to restore snapshot [test-snap]]; nested: IndexShardRestoreFailedException[Failed to recover index]; nested: IOException[Random IOException];
	at org.elasticsearch.index.shard.StoreRecovery.restore(StoreRecovery.java:265)
	at org.elasticsearch.index.shard.StoreRecovery.lambda$recoverFromRepository$123(StoreRecovery.java:99)
	at org.elasticsearch.index.shard.StoreRecovery$$Lambda$562/1148766141.run(Unknown Source)
	at org.elasticsearch.index.shard.StoreRecovery.executeRecovery(StoreRecovery.java:122)
	... 7 more
Caused by: [test-idx][[test-idx][8]] IndexShardRestoreFailedException[failed to restore snapshot [test-snap]]; nested: IndexShardRestoreFailedException[Failed to recover index]; nested: IOException[Random IOException];
	at org.elasticsearch.index.snapshots.blobstore.BlobStoreIndexShardRepository.restore(BlobStoreIndexShardRepository.java:208)
	at org.elasticsearch.index.shard.StoreRecovery.restore(StoreRecovery.java:260)
	... 10 more
Caused by: [test-idx][[test-idx][8]] IndexShardRestoreFailedException[Failed to recover index]; nested: IOException[Random IOException];
	at org.elasticsearch.index.snapshots.blobstore.BlobStoreIndexShardRepository$RestoreContext.restore(BlobStoreIndexShardRepository.java:867)
	at org.elasticsearch.index.snapshots.blobstore.BlobStoreIndexShardRepository.restore(BlobStoreIndexShardRepository.java:206)
	... 11 more
Caused by: java.io.IOException: Random IOException
	at org.elasticsearch.snapshots.mockstore.MockRepository$MockBlobStore$MockBlobContainer.maybeIOExceptionOrBlock(MockRepository.java:277)
	at org.elasticsearch.snapshots.mockstore.MockRepository$MockBlobStore$MockBlobContainer.readBlob(MockRepository.java:321)
	at org.elasticsearch.index.snapshots.blobstore.BlobStoreIndexShardRepository$PartSliceStream.openSlice(BlobStoreIndexShardRepository.java:769)
	at org.elasticsearch.index.snapshots.blobstore.SlicedInputStream.nextStream(SlicedInputStream.java:53)
	at org.elasticsearch.index.snapshots.blobstore.SlicedInputStream.currentStream(SlicedInputStream.java:67)
	at org.elasticsearch.index.snapshots.blobstore.SlicedInputStream.read(SlicedInputStream.java:88)
	at java.io.FilterInputStream.read(FilterInputStream.java:133)
	at org.elasticsearch.index.snapshots.blobstore.RateLimitingInputStream.read(RateLimitingInputStream.java:69)
	at java.io.FilterInputStream.read(FilterInputStream.java:107)
	at org.elasticsearch.index.snapshots.blobstore.BlobStoreIndexShardRepository$RestoreContext.restoreFile(BlobStoreIndexShardRepository.java:924)
	at org.elasticsearch.index.snapshots.blobstore.BlobStoreIndexShardRepository$RestoreContext.restore(BlobStoreIndexShardRepository.java:864)
	... 12 more
[2016-03-30 23:02:05,199][WARN ][org.elasticsearch.cluster.action.shard] [node_s0] [test-idx][8] received shard failed for [test-idx][8], node[BGl_MLcDTse8q5N9C0jt5A], [P], v[1], restoring[test-repo:test-snap], s[INITIALIZING], a[id=mBCPDVIuQN-sHbDgYyVi1g], unassigned_info[[reason=NEW_INDEX_RESTORED], at[2016-03-31T06:02:04.997Z], details[restore_source[test-repo/test-snap]]], expected_shard_size[130], indexUUID [4jpdB_g0RdurmlwQgV2n7w], message [failed recovery], failure [IndexShardRecoveryException[failed recovery]; nested: IndexShardRestoreFailedException[restore failed]; nested: IndexShardRestoreFailedException[failed to restore snapshot [test-snap]]; nested: IndexShardRestoreFailedException[Failed to recover index]; nested: NotSerializableExceptionWrapper[Random IOException]; ]
[test-idx][[test-idx][8]] IndexShardRecoveryException[failed recovery]; nested: IndexShardRestoreFailedException[restore failed]; nested: IndexShardRestoreFailedException[failed to restore snapshot [test-snap]]; nested: IndexShardRestoreFailedException[Failed to recover index]; nested: NotSerializableExceptionWrapper[Random IOException];
	at org.elasticsearch.index.shard.StoreRecovery.executeRecovery(StoreRecovery.java:165)
	at org.elasticsearch.index.shard.StoreRecovery.recoverFromRepository(StoreRecovery.java:97)
	at org.elasticsearch.index.shard.IndexShard.restoreFromRepository(IndexShard.java:1110)
	at org.elasticsearch.indices.cluster.IndicesClusterStateService.lambda$applyInitializingShard$128(IndicesClusterStateService.java:654)
	at org.elasticsearch.indices.cluster.IndicesClusterStateService$$Lambda$561/1683367258.run(Unknown Source)
	at java.util.concurrent.ThreadPoolExecutor.runWorker(ThreadPoolExecutor.java:1142)
	at java.util.concurrent.ThreadPoolExecutor$Worker.run(ThreadPoolExecutor.java:617)
	at java.lang.Thread.run(Thread.java:745)
Caused by: [test-idx][[test-idx][8]] IndexShardRestoreFailedException[restore failed]; nested: IndexShardRestoreFailedException[failed to restore snapshot [test-snap]]; nested: IndexShardRestoreFailedException[Failed to recover index]; nested: NotSerializableExceptionWrapper[Random IOException];
	at org.elasticsearch.index.shard.StoreRecovery.restore(StoreRecovery.java:265)
	at org.elasticsearch.index.shard.StoreRecovery.lambda$recoverFromRepository$123(StoreRecovery.java:99)
	at org.elasticsearch.index.shard.StoreRecovery$$Lambda$562/1148766141.run(Unknown Source)
	at org.elasticsearch.index.shard.StoreRecovery.executeRecovery(StoreRecovery.java:122)
	... 7 more
Caused by: [test-idx][[test-idx][8]] IndexShardRestoreFailedException[failed to restore snapshot [test-snap]]; nested: IndexShardRestoreFailedException[Failed to recover index]; nested: NotSerializableExceptionWrapper[Random IOException];
	at org.elasticsearch.index.snapshots.blobstore.BlobStoreIndexShardRepository.restore(BlobStoreIndexShardRepository.java:208)
	at org.elasticsearch.index.shard.StoreRecovery.restore(StoreRecovery.java:260)
	... 10 more
Caused by: [test-idx][[test-idx][8]] IndexShardRestoreFailedException[Failed to recover index]; nested: NotSerializableExceptionWrapper[Random IOException];
	at org.elasticsearch.index.snapshots.blobstore.BlobStoreIndexShardRepository$RestoreContext.restore(BlobStoreIndexShardRepository.java:867)
	at org.elasticsearch.index.snapshots.blobstore.BlobStoreIndexShardRepository.restore(BlobStoreIndexShardRepository.java:206)
	... 11 more
Caused by: NotSerializableExceptionWrapper[Random IOException]
	at org.elasticsearch.snapshots.mockstore.MockRepository$MockBlobStore$MockBlobContainer.maybeIOExceptionOrBlock(MockRepository.java:277)
	at org.elasticsearch.snapshots.mockstore.MockRepository$MockBlobStore$MockBlobContainer.readBlob(MockRepository.java:321)
	at org.elasticsearch.index.snapshots.blobstore.BlobStoreIndexShardRepository$PartSliceStream.openSlice(BlobStoreIndexShardRepository.java:769)
	at org.elasticsearch.index.snapshots.blobstore.SlicedInputStream.nextStream(SlicedInputStream.java:53)
	at org.elasticsearch.index.snapshots.blobstore.SlicedInputStream.currentStream(SlicedInputStream.java:67)
	at org.elasticsearch.index.snapshots.blobstore.SlicedInputStream.read(SlicedInputStream.java:88)
	at java.io.FilterInputStream.read(FilterInputStream.java:133)
	at org.elasticsearch.index.snapshots.blobstore.RateLimitingInputStream.read(RateLimitingInputStream.java:69)
	at java.io.FilterInputStream.read(FilterInputStream.java:107)
	at org.elasticsearch.index.snapshots.blobstore.BlobStoreIndexShardRepository$RestoreContext.restoreFile(BlobStoreIndexShardRepository.java:924)
	at org.elasticsearch.index.snapshots.blobstore.BlobStoreIndexShardRepository$RestoreContext.restore(BlobStoreIndexShardRepository.java:864)
	... 12 more
[2016-03-30 23:02:05,200][WARN ][org.elasticsearch.indices.cluster] [node_s1] [[test-idx][9]] marking and sending shard failed due to [failed recovery]
[test-idx][[test-idx][9]] IndexShardRecoveryException[failed recovery]; nested: IndexShardRestoreFailedException[restore failed]; nested: IndexShardRestoreFailedException[failed to restore snapshot [test-snap]]; nested: IndexShardRestoreFailedException[Failed to recover index]; nested: IOException[Random IOException];
	at org.elasticsearch.index.shard.StoreRecovery.executeRecovery(StoreRecovery.java:165)
	at org.elasticsearch.index.shard.StoreRecovery.recoverFromRepository(StoreRecovery.java:97)
	at org.elasticsearch.index.shard.IndexShard.restoreFromRepository(IndexShard.java:1110)
	at org.elasticsearch.indices.cluster.IndicesClusterStateService.lambda$applyInitializingShard$128(IndicesClusterStateService.java:654)
	at org.elasticsearch.indices.cluster.IndicesClusterStateService$$Lambda$561/1683367258.run(Unknown Source)
	at java.util.concurrent.ThreadPoolExecutor.runWorker(ThreadPoolExecutor.java:1142)
	at java.util.concurrent.ThreadPoolExecutor$Worker.run(ThreadPoolExecutor.java:617)
	at java.lang.Thread.run(Thread.java:745)
Caused by: [test-idx][[test-idx][9]] IndexShardRestoreFailedException[restore failed]; nested: IndexShardRestoreFailedException[failed to restore snapshot [test-snap]]; nested: IndexShardRestoreFailedException[Failed to recover index]; nested: IOException[Random IOException];
	at org.elasticsearch.index.shard.StoreRecovery.restore(StoreRecovery.java:265)
	at org.elasticsearch.index.shard.StoreRecovery.lambda$recoverFromRepository$123(StoreRecovery.java:99)
	at org.elasticsearch.index.shard.StoreRecovery$$Lambda$562/1148766141.run(Unknown Source)
	at org.elasticsearch.index.shard.StoreRecovery.executeRecovery(StoreRecovery.java:122)
	... 7 more
Caused by: [test-idx][[test-idx][9]] IndexShardRestoreFailedException[failed to restore snapshot [test-snap]]; nested: IndexShardRestoreFailedException[Failed to recover index]; nested: IOException[Random IOException];
	at org.elasticsearch.index.snapshots.blobstore.BlobStoreIndexShardRepository.restore(BlobStoreIndexShardRepository.java:208)
	at org.elasticsearch.index.shard.StoreRecovery.restore(StoreRecovery.java:260)
	... 10 more
Caused by: [test-idx][[test-idx][9]] IndexShardRestoreFailedException[Failed to recover index]; nested: IOException[Random IOException];
	at org.elasticsearch.index.snapshots.blobstore.BlobStoreIndexShardRepository$RestoreContext.restore(BlobStoreIndexShardRepository.java:867)
	at org.elasticsearch.index.snapshots.blobstore.BlobStoreIndexShardRepository.restore(BlobStoreIndexShardRepository.java:206)
	... 11 more
Caused by: java.io.IOException: Random IOException
	at org.elasticsearch.snapshots.mockstore.MockRepository$MockBlobStore$MockBlobContainer.maybeIOExceptionOrBlock(MockRepository.java:277)
	at org.elasticsearch.snapshots.mockstore.MockRepository$MockBlobStore$MockBlobContainer.readBlob(MockRepository.java:321)
	at org.elasticsearch.index.snapshots.blobstore.BlobStoreIndexShardRepository$PartSliceStream.openSlice(BlobStoreIndexShardRepository.java:769)
	at org.elasticsearch.index.snapshots.blobstore.SlicedInputStream.nextStream(SlicedInputStream.java:53)
	at org.elasticsearch.index.snapshots.blobstore.SlicedInputStream.currentStream(SlicedInputStream.java:67)
	at org.elasticsearch.index.snapshots.blobstore.SlicedInputStream.read(SlicedInputStream.java:88)
	at java.io.FilterInputStream.read(FilterInputStream.java:133)
	at org.elasticsearch.index.snapshots.blobstore.RateLimitingInputStream.read(RateLimitingInputStream.java:69)
	at java.io.FilterInputStream.read(FilterInputStream.java:107)
	at org.elasticsearch.index.snapshots.blobstore.BlobStoreIndexShardRepository$RestoreContext.restoreFile(BlobStoreIndexShardRepository.java:924)
	at org.elasticsearch.index.snapshots.blobstore.BlobStoreIndexShardRepository$RestoreContext.restore(BlobStoreIndexShardRepository.java:864)
	... 12 more
[2016-03-30 23:02:05,203][WARN ][org.elasticsearch.cluster.action.shard] [node_s0] [test-idx][9] received shard failed for [test-idx][9], node[BGl_MLcDTse8q5N9C0jt5A], [P], v[1], restoring[test-repo:test-snap], s[INITIALIZING], a[id=3U1LeAO_R7Gt-WUD0Yc5tw], unassigned_info[[reason=NEW_INDEX_RESTORED], at[2016-03-31T06:02:04.997Z], details[restore_source[test-repo/test-snap]]], expected_shard_size[130], indexUUID [4jpdB_g0RdurmlwQgV2n7w], message [failed recovery], failure [IndexShardRecoveryException[failed recovery]; nested: IndexShardRestoreFailedException[restore failed]; nested: IndexShardRestoreFailedException[failed to restore snapshot [test-snap]]; nested: IndexShardRestoreFailedException[Failed to recover index]; nested: NotSerializableExceptionWrapper[Random IOException]; ]
[test-idx][[test-idx][9]] IndexShardRecoveryException[failed recovery]; nested: IndexShardRestoreFailedException[restore failed]; nested: IndexShardRestoreFailedException[failed to restore snapshot [test-snap]]; nested: IndexShardRestoreFailedException[Failed to recover index]; nested: NotSerializableExceptionWrapper[Random IOException];
	at org.elasticsearch.index.shard.StoreRecovery.executeRecovery(StoreRecovery.java:165)
	at org.elasticsearch.index.shard.StoreRecovery.recoverFromRepository(StoreRecovery.java:97)
	at org.elasticsearch.index.shard.IndexShard.restoreFromRepository(IndexShard.java:1110)
	at org.elasticsearch.indices.cluster.IndicesClusterStateService.lambda$applyInitializingShard$128(IndicesClusterStateService.java:654)
	at org.elasticsearch.indices.cluster.IndicesClusterStateService$$Lambda$561/1683367258.run(Unknown Source)
	at java.util.concurrent.ThreadPoolExecutor.runWorker(ThreadPoolExecutor.java:1142)
	at java.util.concurrent.ThreadPoolExecutor$Worker.run(ThreadPoolExecutor.java:617)
	at java.lang.Thread.run(Thread.java:745)
Caused by: [test-idx][[test-idx][9]] IndexShardRestoreFailedException[restore failed]; nested: IndexShardRestoreFailedException[failed to restore snapshot [test-snap]]; nested: IndexShardRestoreFailedException[Failed to recover index]; nested: NotSerializableExceptionWrapper[Random IOException];
	at org.elasticsearch.index.shard.StoreRecovery.restore(StoreRecovery.java:265)
	at org.elasticsearch.index.shard.StoreRecovery.lambda$recoverFromRepository$123(StoreRecovery.java:99)
	at org.elasticsearch.index.shard.StoreRecovery$$Lambda$562/1148766141.run(Unknown Source)
	at org.elasticsearch.index.shard.StoreRecovery.executeRecovery(StoreRecovery.java:122)
	... 7 more
Caused by: [test-idx][[test-idx][9]] IndexShardRestoreFailedException[failed to restore snapshot [test-snap]]; nested: IndexShardRestoreFailedException[Failed to recover index]; nested: NotSerializableExceptionWrapper[Random IOException];
	at org.elasticsearch.index.snapshots.blobstore.BlobStoreIndexShardRepository.restore(BlobStoreIndexShardRepository.java:208)
	at org.elasticsearch.index.shard.StoreRecovery.restore(StoreRecovery.java:260)
	... 10 more
Caused by: [test-idx][[test-idx][9]] IndexShardRestoreFailedException[Failed to recover index]; nested: NotSerializableExceptionWrapper[Random IOException];
	at org.elasticsearch.index.snapshots.blobstore.BlobStoreIndexShardRepository$RestoreContext.restore(BlobStoreIndexShardRepository.java:867)
	at org.elasticsearch.index.snapshots.blobstore.BlobStoreIndexShardRepository.restore(BlobStoreIndexShardRepository.java:206)
	... 11 more
Caused by: NotSerializableExceptionWrapper[Random IOException]
	at org.elasticsearch.snapshots.mockstore.MockRepository$MockBlobStore$MockBlobContainer.maybeIOExceptionOrBlock(MockRepository.java:277)
	at org.elasticsearch.snapshots.mockstore.MockRepository$MockBlobStore$MockBlobContainer.readBlob(MockRepository.java:321)
	at org.elasticsearch.index.snapshots.blobstore.BlobStoreIndexShardRepository$PartSliceStream.openSlice(BlobStoreIndexShardRepository.java:769)
	at org.elasticsearch.index.snapshots.blobstore.SlicedInputStream.nextStream(SlicedInputStream.java:53)
	at org.elasticsearch.index.snapshots.blobstore.SlicedInputStream.currentStream(SlicedInputStream.java:67)
	at org.elasticsearch.index.snapshots.blobstore.SlicedInputStream.read(SlicedInputStream.java:88)
	at java.io.FilterInputStream.read(FilterInputStream.java:133)
	at org.elasticsearch.index.snapshots.blobstore.RateLimitingInputStream.read(RateLimitingInputStream.java:69)
	at java.io.FilterInputStream.read(FilterInputStream.java:107)
	at org.elasticsearch.index.snapshots.blobstore.BlobStoreIndexShardRepository$RestoreContext.restoreFile(BlobStoreIndexShardRepository.java:924)
	at org.elasticsearch.index.snapshots.blobstore.BlobStoreIndexShardRepository$RestoreContext.restore(BlobStoreIndexShardRepository.java:864)
	... 12 more
[2016-03-30 23:02:05,205][WARN ][org.elasticsearch.cluster.action.shard] [node_s0] [test-idx][4] received shard failed for [test-idx][4], node[YU4rw4SiR5aBA7JFJFd8EQ], [P], v[1], restoring[test-repo:test-snap], s[INITIALIZING], a[id=RUdc2v6XTL27gzeR0T3BRg], unassigned_info[[reason=NEW_INDEX_RESTORED], at[2016-03-31T06:02:04.997Z], details[restore_source[test-repo/test-snap]]], expected_shard_size[0], indexUUID [4jpdB_g0RdurmlwQgV2n7w], message [master {node_s0}{YU4rw4SiR5aBA7JFJFd8EQ}{local}{local[78]}[mode=>local] marked shard as initializing, but shard is marked as failed, resend shard failure], failure [Unknown]
[2016-03-30 23:02:05,205][WARN ][org.elasticsearch.cluster.action.shard] [node_s0] [test-idx][2] received shard failed for [test-idx][2], node[YU4rw4SiR5aBA7JFJFd8EQ], [P], v[1], restoring[test-repo:test-snap], s[INITIALIZING], a[id=_pjEsqV0Sg2wuIP8Bnz7jw], unassigned_info[[reason=NEW_INDEX_RESTORED], at[2016-03-31T06:02:04.997Z], details[restore_source[test-repo/test-snap]]], expected_shard_size[0], indexUUID [4jpdB_g0RdurmlwQgV2n7w], message [master {node_s0}{YU4rw4SiR5aBA7JFJFd8EQ}{local}{local[78]}[mode=>local] marked shard as initializing, but shard is marked as failed, resend shard failure], failure [Unknown]
[2016-03-30 23:02:05,205][WARN ][org.elasticsearch.cluster.action.shard] [node_s0] [test-idx][0] received shard failed for [test-idx][0], node[YU4rw4SiR5aBA7JFJFd8EQ], [P], v[1], restoring[test-repo:test-snap], s[INITIALIZING], a[id=cBdR49slRpK46HsDANkXEQ], unassigned_info[[reason=NEW_INDEX_RESTORED], at[2016-03-31T06:02:04.997Z], details[restore_source[test-repo/test-snap]]], expected_shard_size[130], indexUUID [4jpdB_g0RdurmlwQgV2n7w], message [master {node_s0}{YU4rw4SiR5aBA7JFJFd8EQ}{local}{local[78]}[mode=>local] marked shard as initializing, but shard is marked as failed, resend shard failure], failure [Unknown]
[2016-03-30 23:02:05,227][WARN ][org.elasticsearch.cluster.action.shard] [node_s0] [test-idx][8] received shard failed for [test-idx][8], node[BGl_MLcDTse8q5N9C0jt5A], [P], v[1], restoring[test-repo:test-snap], s[INITIALIZING], a[id=mBCPDVIuQN-sHbDgYyVi1g], unassigned_info[[reason=NEW_INDEX_RESTORED], at[2016-03-31T06:02:04.997Z], details[restore_source[test-repo/test-snap]]], expected_shard_size[130], indexUUID [4jpdB_g0RdurmlwQgV2n7w], message [master {node_s0}{YU4rw4SiR5aBA7JFJFd8EQ}{local}{local[78]}[mode=>local] marked shard as initializing, but shard is marked as failed, resend shard failure], failure [Unknown]
[2016-03-30 23:02:05,232][WARN ][org.elasticsearch.cluster.action.shard] [node_s0] [test-idx][9] received shard failed for [test-idx][9], node[BGl_MLcDTse8q5N9C0jt5A], [P], v[1], restoring[test-repo:test-snap], s[INITIALIZING], a[id=3U1LeAO_R7Gt-WUD0Yc5tw], unassigned_info[[reason=NEW_INDEX_RESTORED], at[2016-03-31T06:02:04.997Z], details[restore_source[test-repo/test-snap]]], expected_shard_size[130], indexUUID [4jpdB_g0RdurmlwQgV2n7w], message [master {node_s0}{YU4rw4SiR5aBA7JFJFd8EQ}{local}{local[78]}[mode=>local] marked shard as initializing, but shard is marked as failed, resend shard failure], failure [Unknown]
[2016-03-30 23:02:05,254][WARN ][org.elasticsearch.cluster.action.shard] [node_s0] [test-idx][4] received shard failed for [test-idx][4], node[YU4rw4SiR5aBA7JFJFd8EQ], [P], v[1], restoring[test-repo:test-snap], s[INITIALIZING], a[id=RUdc2v6XTL27gzeR0T3BRg], unassigned_info[[reason=NEW_INDEX_RESTORED], at[2016-03-31T06:02:04.997Z], details[restore_source[test-repo/test-snap]]], expected_shard_size[0], indexUUID [4jpdB_g0RdurmlwQgV2n7w], message [master {node_s0}{YU4rw4SiR5aBA7JFJFd8EQ}{local}{local[78]}[mode=>local] marked shard as initializing, but shard is marked as failed, resend shard failure], failure [Unknown]
[2016-03-30 23:02:05,256][WARN ][org.elasticsearch.cluster.action.shard] [node_s0] [test-idx][2] received shard failed for [test-idx][2], node[YU4rw4SiR5aBA7JFJFd8EQ], [P], v[1], restoring[test-repo:test-snap], s[INITIALIZING], a[id=_pjEsqV0Sg2wuIP8Bnz7jw], unassigned_info[[reason=NEW_INDEX_RESTORED], at[2016-03-31T06:02:04.997Z], details[restore_source[test-repo/test-snap]]], expected_shard_size[0], indexUUID [4jpdB_g0RdurmlwQgV2n7w], message [master {node_s0}{YU4rw4SiR5aBA7JFJFd8EQ}{local}{local[78]}[mode=>local] marked shard as initializing, but shard is marked as failed, resend shard failure], failure [Unknown]
[2016-03-30 23:02:05,256][WARN ][org.elasticsearch.cluster.action.shard] [node_s0] [test-idx][0] received shard failed for [test-idx][0], node[YU4rw4SiR5aBA7JFJFd8EQ], [P], v[1], restoring[test-repo:test-snap], s[INITIALIZING], a[id=cBdR49slRpK46HsDANkXEQ], unassigned_info[[reason=NEW_INDEX_RESTORED], at[2016-03-31T06:02:04.997Z], details[restore_source[test-repo/test-snap]]], expected_shard_size[130], indexUUID [4jpdB_g0RdurmlwQgV2n7w], message [master {node_s0}{YU4rw4SiR5aBA7JFJFd8EQ}{local}{local[78]}[mode=>local] marked shard as initializing, but shard is marked as failed, resend shard failure], failure [Unknown]
[2016-03-30 23:02:05,257][WARN ][org.elasticsearch.indices.cluster] [node_s0] [[test-idx][5]] marking and sending shard failed due to [failed recovery]
[test-idx][[test-idx][5]] IndexShardRecoveryException[failed recovery]; nested: IndexShardRestoreFailedException[restore failed]; nested: IndexShardRestoreFailedException[failed to restore snapshot [test-snap]]; nested: IndexShardRestoreFailedException[Failed to recover index]; nested: IOException[Random IOException];
	at org.elasticsearch.index.shard.StoreRecovery.executeRecovery(StoreRecovery.java:165)
	at org.elasticsearch.index.shard.StoreRecovery.recoverFromRepository(StoreRecovery.java:97)
	at org.elasticsearch.index.shard.IndexShard.restoreFromRepository(IndexShard.java:1110)
	at org.elasticsearch.indices.cluster.IndicesClusterStateService.lambda$applyInitializingShard$128(IndicesClusterStateService.java:654)
	at org.elasticsearch.indices.cluster.IndicesClusterStateService$$Lambda$561/1683367258.run(Unknown Source)
	at java.util.concurrent.ThreadPoolExecutor.runWorker(ThreadPoolExecutor.java:1142)
	at java.util.concurrent.ThreadPoolExecutor$Worker.run(ThreadPoolExecutor.java:617)
	at java.lang.Thread.run(Thread.java:745)
Caused by: [test-idx][[test-idx][5]] IndexShardRestoreFailedException[restore failed]; nested: IndexShardRestoreFailedException[failed to restore snapshot [test-snap]]; nested: IndexShardRestoreFailedException[Failed to recover index]; nested: IOException[Random IOException];
	at org.elasticsearch.index.shard.StoreRecovery.restore(StoreRecovery.java:265)
	at org.elasticsearch.index.shard.StoreRecovery.lambda$recoverFromRepository$123(StoreRecovery.java:99)
	at org.elasticsearch.index.shard.StoreRecovery$$Lambda$562/1148766141.run(Unknown Source)
	at org.elasticsearch.index.shard.StoreRecovery.executeRecovery(StoreRecovery.java:122)
	... 7 more
Caused by: [test-idx][[test-idx][5]] IndexShardRestoreFailedException[failed to restore snapshot [test-snap]]; nested: IndexShardRestoreFailedException[Failed to recover index]; nested: IOException[Random IOException];
	at org.elasticsearch.index.snapshots.blobstore.BlobStoreIndexShardRepository.restore(BlobStoreIndexShardRepository.java:208)
	at org.elasticsearch.index.shard.StoreRecovery.restore(StoreRecovery.java:260)
	... 10 more
Caused by: [test-idx][[test-idx][5]] IndexShardRestoreFailedException[Failed to recover index]; nested: IOException[Random IOException];
	at org.elasticsearch.index.snapshots.blobstore.BlobStoreIndexShardRepository$RestoreContext.restore(BlobStoreIndexShardRepository.java:867)
	at org.elasticsearch.index.snapshots.blobstore.BlobStoreIndexShardRepository.restore(BlobStoreIndexShardRepository.java:206)
	... 11 more
Caused by: java.io.IOException: Random IOException
	at org.elasticsearch.snapshots.mockstore.MockRepository$MockBlobStore$MockBlobContainer.maybeIOExceptionOrBlock(MockRepository.java:277)
	at org.elasticsearch.snapshots.mockstore.MockRepository$MockBlobStore$MockBlobContainer.readBlob(MockRepository.java:321)
	at org.elasticsearch.index.snapshots.blobstore.BlobStoreIndexShardRepository$PartSliceStream.openSlice(BlobStoreIndexShardRepository.java:769)
	at org.elasticsearch.index.snapshots.blobstore.SlicedInputStream.nextStream(SlicedInputStream.java:53)
	at org.elasticsearch.index.snapshots.blobstore.SlicedInputStream.currentStream(SlicedInputStream.java:67)
	at org.elasticsearch.index.snapshots.blobstore.SlicedInputStream.read(SlicedInputStream.java:88)
	at java.io.FilterInputStream.read(FilterInputStream.java:133)
	at org.elasticsearch.index.snapshots.blobstore.RateLimitingInputStream.read(RateLimitingInputStream.java:69)
	at java.io.FilterInputStream.read(FilterInputStream.java:107)
	at org.elasticsearch.index.snapshots.blobstore.BlobStoreIndexShardRepository$RestoreContext.restoreFile(BlobStoreIndexShardRepository.java:924)
	at org.elasticsearch.index.snapshots.blobstore.BlobStoreIndexShardRepository$RestoreContext.restore(BlobStoreIndexShardRepository.java:864)
	... 12 more
[2016-03-30 23:02:05,258][WARN ][org.elasticsearch.cluster.action.shard] [node_s0] [test-idx][5] received shard failed for [test-idx][5], node[YU4rw4SiR5aBA7JFJFd8EQ], [P], v[3], restoring[test-repo:test-snap], s[INITIALIZING], a[id=35qqT148TsyKoUik0z94qQ], unassigned_info[[reason=ALLOCATION_FAILED], at[2016-03-31T06:02:05.092Z], details[failed recovery, failure IndexShardRecoveryException[failed recovery]; nested: IndexShardRestoreFailedException[restore failed]; nested: IndexShardRestoreFailedException[failed to restore snapshot [test-snap]]; nested: IndexShardRestoreFailedException[Failed to recover index]; nested: NotSerializableExceptionWrapper[Random IOException]; ]], expected_shard_size[0], indexUUID [4jpdB_g0RdurmlwQgV2n7w], message [failed recovery], failure [IndexShardRecoveryException[failed recovery]; nested: IndexShardRestoreFailedException[restore failed]; nested: IndexShardRestoreFailedException[failed to restore snapshot [test-snap]]; nested: IndexShardRestoreFailedException[Failed to recover index]; nested: IOException[Random IOException]; ]
[test-idx][[test-idx][5]] IndexShardRecoveryException[failed recovery]; nested: IndexShardRestoreFailedException[restore failed]; nested: IndexShardRestoreFailedException[failed to restore snapshot [test-snap]]; nested: IndexShardRestoreFailedException[Failed to recover index]; nested: IOException[Random IOException];
	at org.elasticsearch.index.shard.StoreRecovery.executeRecovery(StoreRecovery.java:165)
	at org.elasticsearch.index.shard.StoreRecovery.recoverFromRepository(StoreRecovery.java:97)
	at org.elasticsearch.index.shard.IndexShard.restoreFromRepository(IndexShard.java:1110)
	at org.elasticsearch.indices.cluster.IndicesClusterStateService.lambda$applyInitializingShard$128(IndicesClusterStateService.java:654)
	at org.elasticsearch.indices.cluster.IndicesClusterStateService$$Lambda$561/1683367258.run(Unknown Source)
	at java.util.concurrent.ThreadPoolExecutor.runWorker(ThreadPoolExecutor.java:1142)
	at java.util.concurrent.ThreadPoolExecutor$Worker.run(ThreadPoolExecutor.java:617)
	at java.lang.Thread.run(Thread.java:745)
Caused by: [test-idx][[test-idx][5]] IndexShardRestoreFailedException[restore failed]; nested: IndexShardRestoreFailedException[failed to restore snapshot [test-snap]]; nested: IndexShardRestoreFailedException[Failed to recover index]; nested: IOException[Random IOException];
	at org.elasticsearch.index.shard.StoreRecovery.restore(StoreRecovery.java:265)
	at org.elasticsearch.index.shard.StoreRecovery.lambda$recoverFromRepository$123(StoreRecovery.java:99)
	at org.elasticsearch.index.shard.StoreRecovery$$Lambda$562/1148766141.run(Unknown Source)
	at org.elasticsearch.index.shard.StoreRecovery.executeRecovery(StoreRecovery.java:122)
	... 7 more
Caused by: [test-idx][[test-idx][5]] IndexShardRestoreFailedException[failed to restore snapshot [test-snap]]; nested: IndexShardRestoreFailedException[Failed to recover index]; nested: IOException[Random IOException];
	at org.elasticsearch.index.snapshots.blobstore.BlobStoreIndexShardRepository.restore(BlobStoreIndexShardRepository.java:208)
	at org.elasticsearch.index.shard.StoreRecovery.restore(StoreRecovery.java:260)
	... 10 more
Caused by: [test-idx][[test-idx][5]] IndexShardRestoreFailedException[Failed to recover index]; nested: IOException[Random IOException];
	at org.elasticsearch.index.snapshots.blobstore.BlobStoreIndexShardRepository$RestoreContext.restore(BlobStoreIndexShardRepository.java:867)
	at org.elasticsearch.index.snapshots.blobstore.BlobStoreIndexShardRepository.restore(BlobStoreIndexShardRepository.java:206)
	... 11 more
Caused by: java.io.IOException: Random IOException
	at org.elasticsearch.snapshots.mockstore.MockRepository$MockBlobStore$MockBlobContainer.maybeIOExceptionOrBlock(MockRepository.java:277)
	at org.elasticsearch.snapshots.mockstore.MockRepository$MockBlobStore$MockBlobContainer.readBlob(MockRepository.java:321)
	at org.elasticsearch.index.snapshots.blobstore.BlobStoreIndexShardRepository$PartSliceStream.openSlice(BlobStoreIndexShardRepository.java:769)
	at org.elasticsearch.index.snapshots.blobstore.SlicedInputStream.nextStream(SlicedInputStream.java:53)
	at org.elasticsearch.index.snapshots.blobstore.SlicedInputStream.currentStream(SlicedInputStream.java:67)
	at org.elasticsearch.index.snapshots.blobstore.SlicedInputStream.read(SlicedInputStream.java:88)
	at java.io.FilterInputStream.read(FilterInputStream.java:133)
	at org.elasticsearch.index.snapshots.blobstore.RateLimitingInputStream.read(RateLimitingInputStream.java:69)
	at java.io.FilterInputStream.read(FilterInputStream.java:107)
	at org.elasticsearch.index.snapshots.blobstore.BlobStoreIndexShardRepository$RestoreContext.restoreFile(BlobStoreIndexShardRepository.java:924)
	at org.elasticsearch.index.snapshots.blobstore.BlobStoreIndexShardRepository$RestoreContext.restore(BlobStoreIndexShardRepository.java:864)
	... 12 more
[2016-03-30 23:02:05,271][WARN ][org.elasticsearch.indices.cluster] [node_s1] [[test-idx][7]] marking and sending shard failed due to [failed recovery]
[test-idx][[test-idx][7]] IndexShardRecoveryException[failed recovery]; nested: IndexShardRestoreFailedException[restore failed]; nested: IndexShardRestoreFailedException[failed to restore snapshot [test-snap]]; nested: IndexShardRestoreFailedException[Failed to recover index]; nested: IOException[Random IOException];
	at org.elasticsearch.index.shard.StoreRecovery.executeRecovery(StoreRecovery.java:165)
	at org.elasticsearch.index.shard.StoreRecovery.recoverFromRepository(StoreRecovery.java:97)
	at org.elasticsearch.index.shard.IndexShard.restoreFromRepository(IndexShard.java:1110)
	at org.elasticsearch.indices.cluster.IndicesClusterStateService.lambda$applyInitializingShard$128(IndicesClusterStateService.java:654)
	at org.elasticsearch.indices.cluster.IndicesClusterStateService$$Lambda$561/1683367258.run(Unknown Source)
	at java.util.concurrent.ThreadPoolExecutor.runWorker(ThreadPoolExecutor.java:1142)
	at java.util.concurrent.ThreadPoolExecutor$Worker.run(ThreadPoolExecutor.java:617)
	at java.lang.Thread.run(Thread.java:745)
Caused by: [test-idx][[test-idx][7]] IndexShardRestoreFailedException[restore failed]; nested: IndexShardRestoreFailedException[failed to restore snapshot [test-snap]]; nested: IndexShardRestoreFailedException[Failed to recover index]; nested: IOException[Random IOException];
	at org.elasticsearch.index.shard.StoreRecovery.restore(StoreRecovery.java:265)
	at org.elasticsearch.index.shard.StoreRecovery.lambda$recoverFromRepository$123(StoreRecovery.java:99)
	at org.elasticsearch.index.shard.StoreRecovery$$Lambda$562/1148766141.run(Unknown Source)
	at org.elasticsearch.index.shard.StoreRecovery.executeRecovery(StoreRecovery.java:122)
	... 7 more
Caused by: [test-idx][[test-idx][7]] IndexShardRestoreFailedException[failed to restore snapshot [test-snap]]; nested: IndexShardRestoreFailedException[Failed to recover index]; nested: IOException[Random IOException];
	at org.elasticsearch.index.snapshots.blobstore.BlobStoreIndexShardRepository.restore(BlobStoreIndexShardRepository.java:208)
	at org.elasticsearch.index.shard.StoreRecovery.restore(StoreRecovery.java:260)
	... 10 more
Caused by: [test-idx][[test-idx][7]] IndexShardRestoreFailedException[Failed to recover index]; nested: IOException[Random IOException];
	at org.elasticsearch.index.snapshots.blobstore.BlobStoreIndexShardRepository$RestoreContext.restore(BlobStoreIndexShardRepository.java:867)
	at org.elasticsearch.index.snapshots.blobstore.BlobStoreIndexShardRepository.restore(BlobStoreIndexShardRepository.java:206)
	... 11 more
Caused by: java.io.IOException: Random IOException
	at org.elasticsearch.snapshots.mockstore.MockRepository$MockBlobStore$MockBlobContainer.maybeIOExceptionOrBlock(MockRepository.java:277)
	at org.elasticsearch.snapshots.mockstore.MockRepository$MockBlobStore$MockBlobContainer.readBlob(MockRepository.java:321)
	at org.elasticsearch.index.snapshots.blobstore.BlobStoreIndexShardRepository$PartSliceStream.openSlice(BlobStoreIndexShardRepository.java:769)
	at org.elasticsearch.index.snapshots.blobstore.SlicedInputStream.nextStream(SlicedInputStream.java:53)
	at org.elasticsearch.index.snapshots.blobstore.SlicedInputStream.currentStream(SlicedInputStream.java:67)
	at org.elasticsearch.index.snapshots.blobstore.SlicedInputStream.read(SlicedInputStream.java:88)
	at java.io.FilterInputStream.read(FilterInputStream.java:133)
	at org.elasticsearch.index.snapshots.blobstore.RateLimitingInputStream.read(RateLimitingInputStream.java:69)
	at java.io.FilterInputStream.read(FilterInputStream.java:107)
	at org.elasticsearch.index.snapshots.blobstore.BlobStoreIndexShardRepository$RestoreContext.restoreFile(BlobStoreIndexShardRepository.java:924)
	at org.elasticsearch.index.snapshots.blobstore.BlobStoreIndexShardRepository$RestoreContext.restore(BlobStoreIndexShardRepository.java:864)
	... 12 more
[2016-03-30 23:02:05,279][WARN ][org.elasticsearch.cluster.action.shard] [node_s0] [test-idx][7] received shard failed for [test-idx][7], node[BGl_MLcDTse8q5N9C0jt5A], [P], v[3], restoring[test-repo:test-snap], s[INITIALIZING], a[id=rUtnVlQmRK6I9zW20Nsq5Q], unassigned_info[[reason=ALLOCATION_FAILED], at[2016-03-31T06:02:05.092Z], details[failed recovery, failure IndexShardRecoveryException[failed recovery]; nested: IndexShardRestoreFailedException[restore failed]; nested: IndexShardRestoreFailedException[failed to restore snapshot [test-snap]]; nested: IndexShardRestoreFailedException[Failed to recover index]; nested: NotSerializableExceptionWrapper[Random IOException]; ]], expected_shard_size[0], indexUUID [4jpdB_g0RdurmlwQgV2n7w], message [failed recovery], failure [IndexShardRecoveryException[failed recovery]; nested: IndexShardRestoreFailedException[restore failed]; nested: IndexShardRestoreFailedException[failed to restore snapshot [test-snap]]; nested: IndexShardRestoreFailedException[Failed to recover index]; nested: NotSerializableExceptionWrapper[Random IOException]; ]
[test-idx][[test-idx][7]] IndexShardRecoveryException[failed recovery]; nested: IndexShardRestoreFailedException[restore failed]; nested: IndexShardRestoreFailedException[failed to restore snapshot [test-snap]]; nested: IndexShardRestoreFailedException[Failed to recover index]; nested: NotSerializableExceptionWrapper[Random IOException];
	at org.elasticsearch.index.shard.StoreRecovery.executeRecovery(StoreRecovery.java:165)
	at org.elasticsearch.index.shard.StoreRecovery.recoverFromRepository(StoreRecovery.java:97)
	at org.elasticsearch.index.shard.IndexShard.restoreFromRepository(IndexShard.java:1110)
	at org.elasticsearch.indices.cluster.IndicesClusterStateService.lambda$applyInitializingShard$128(IndicesClusterStateService.java:654)
	at org.elasticsearch.indices.cluster.IndicesClusterStateService$$Lambda$561/1683367258.run(Unknown Source)
	at java.util.concurrent.ThreadPoolExecutor.runWorker(ThreadPoolExecutor.java:1142)
	at java.util.concurrent.ThreadPoolExecutor$Worker.run(ThreadPoolExecutor.java:617)
	at java.lang.Thread.run(Thread.java:745)
Caused by: [test-idx][[test-idx][7]] IndexShardRestoreFailedException[restore failed]; nested: IndexShardRestoreFailedException[failed to restore snapshot [test-snap]]; nested: IndexShardRestoreFailedException[Failed to recover index]; nested: NotSerializableExceptionWrapper[Random IOException];
	at org.elasticsearch.index.shard.StoreRecovery.restore(StoreRecovery.java:265)
	at org.elasticsearch.index.shard.StoreRecovery.lambda$recoverFromRepository$123(StoreRecovery.java:99)
	at org.elasticsearch.index.shard.StoreRecovery$$Lambda$562/1148766141.run(Unknown Source)
	at org.elasticsearch.index.shard.StoreRecovery.executeRecovery(StoreRecovery.java:122)
	... 7 more
Caused by: [test-idx][[test-idx][7]] IndexShardRestoreFailedException[failed to restore snapshot [test-snap]]; nested: IndexShardRestoreFailedException[Failed to recover index]; nested: NotSerializableExceptionWrapper[Random IOException];
	at org.elasticsearch.index.snapshots.blobstore.BlobStoreIndexShardRepository.restore(BlobStoreIndexShardRepository.java:208)
	at org.elasticsearch.index.shard.StoreRecovery.restore(StoreRecovery.java:260)
	... 10 more
Caused by: [test-idx][[test-idx][7]] IndexShardRestoreFailedException[Failed to recover index]; nested: NotSerializableExceptionWrapper[Random IOException];
	at org.elasticsearch.index.snapshots.blobstore.BlobStoreIndexShardRepository$RestoreContext.restore(BlobStoreIndexShardRepository.java:867)
	at org.elasticsearch.index.snapshots.blobstore.BlobStoreIndexShardRepository.restore(BlobStoreIndexShardRepository.java:206)
	... 11 more
Caused by: NotSerializableExceptionWrapper[Random IOException]
	at org.elasticsearch.snapshots.mockstore.MockRepository$MockBlobStore$MockBlobContainer.maybeIOExceptionOrBlock(MockRepository.java:277)
	at org.elasticsearch.snapshots.mockstore.MockRepository$MockBlobStore$MockBlobContainer.readBlob(MockRepository.java:321)
	at org.elasticsearch.index.snapshots.blobstore.BlobStoreIndexShardRepository$PartSliceStream.openSlice(BlobStoreIndexShardRepository.java:769)
	at org.elasticsearch.index.snapshots.blobstore.SlicedInputStream.nextStream(SlicedInputStream.java:53)
	at org.elasticsearch.index.snapshots.blobstore.SlicedInputStream.currentStream(SlicedInputStream.java:67)
	at org.elasticsearch.index.snapshots.blobstore.SlicedInputStream.read(SlicedInputStream.java:88)
	at java.io.FilterInputStream.read(FilterInputStream.java:133)
	at org.elasticsearch.index.snapshots.blobstore.RateLimitingInputStream.read(RateLimitingInputStream.java:69)
	at java.io.FilterInputStream.read(FilterInputStream.java:107)
	at org.elasticsearch.index.snapshots.blobstore.BlobStoreIndexShardRepository$RestoreContext.restoreFile(BlobStoreIndexShardRepository.java:924)
	at org.elasticsearch.index.snapshots.blobstore.BlobStoreIndexShardRepository$RestoreContext.restore(BlobStoreIndexShardRepository.java:864)
	... 12 more
[2016-03-30 23:02:05,291][WARN ][org.elasticsearch.cluster.action.shard] [node_s0] [test-idx][7] received shard failed for [test-idx][7], node[BGl_MLcDTse8q5N9C0jt5A], [P], v[3], restoring[test-repo:test-snap], s[INITIALIZING], a[id=rUtnVlQmRK6I9zW20Nsq5Q], unassigned_info[[reason=ALLOCATION_FAILED], at[2016-03-31T06:02:05.092Z], details[failed recovery, failure IndexShardRecoveryException[failed recovery]; nested: IndexShardRestoreFailedException[restore failed]; nested: IndexShardRestoreFailedException[failed to restore snapshot [test-snap]]; nested: IndexShardRestoreFailedException[Failed to recover index]; nested: NotSerializableExceptionWrapper[Random IOException]; ]], expected_shard_size[0], indexUUID [4jpdB_g0RdurmlwQgV2n7w], message [master {node_s0}{YU4rw4SiR5aBA7JFJFd8EQ}{local}{local[78]}[mode=>local] marked shard as initializing, but shard is marked as failed, resend shard failure], failure [Unknown]
[2016-03-30 23:02:05,385][WARN ][org.elasticsearch.indices.cluster] [node_s1] [[test-idx][4]] marking and sending shard failed due to [failed recovery]
[test-idx][[test-idx][4]] IndexShardRecoveryException[failed recovery]; nested: IndexShardRestoreFailedException[restore failed]; nested: IndexShardRestoreFailedException[failed to restore snapshot [test-snap]]; nested: IndexShardRestoreFailedException[Failed to recover index]; nested: IOException[Random IOException];
	at org.elasticsearch.index.shard.StoreRecovery.executeRecovery(StoreRecovery.java:165)
	at org.elasticsearch.index.shard.StoreRecovery.recoverFromRepository(StoreRecovery.java:97)
	at org.elasticsearch.index.shard.IndexShard.restoreFromRepository(IndexShard.java:1110)
	at org.elasticsearch.indices.cluster.IndicesClusterStateService.lambda$applyInitializingShard$128(IndicesClusterStateService.java:654)
	at org.elasticsearch.indices.cluster.IndicesClusterStateService$$Lambda$561/1683367258.run(Unknown Source)
	at java.util.concurrent.ThreadPoolExecutor.runWorker(ThreadPoolExecutor.java:1142)
	at java.util.concurrent.ThreadPoolExecutor$Worker.run(ThreadPoolExecutor.java:617)
	at java.lang.Thread.run(Thread.java:745)
Caused by: [test-idx][[test-idx][4]] IndexShardRestoreFailedException[restore failed]; nested: IndexShardRestoreFailedException[failed to restore snapshot [test-snap]]; nested: IndexShardRestoreFailedException[Failed to recover index]; nested: IOException[Random IOException];
	at org.elasticsearch.index.shard.StoreRecovery.restore(StoreRecovery.java:265)
	at org.elasticsearch.index.shard.StoreRecovery.lambda$recoverFromRepository$123(StoreRecovery.java:99)
	at org.elasticsearch.index.shard.StoreRecovery$$Lambda$562/1148766141.run(Unknown Source)
	at org.elasticsearch.index.shard.StoreRecovery.executeRecovery(StoreRecovery.java:122)
	... 7 more
Caused by: [test-idx][[test-idx][4]] IndexShardRestoreFailedException[failed to restore snapshot [test-snap]]; nested: IndexShardRestoreFailedException[Failed to recover index]; nested: IOException[Random IOException];
	at org.elasticsearch.index.snapshots.blobstore.BlobStoreIndexShardRepository.restore(BlobStoreIndexShardRepository.java:208)
	at org.elasticsearch.index.shard.StoreRecovery.restore(StoreRecovery.java:260)
	... 10 more
Caused by: [test-idx][[test-idx][4]] IndexShardRestoreFailedException[Failed to recover index]; nested: IOException[Random IOException];
	at org.elasticsearch.index.snapshots.blobstore.BlobStoreIndexShardRepository$RestoreContext.restore(BlobStoreIndexShardRepository.java:867)
	at org.elasticsearch.index.snapshots.blobstore.BlobStoreIndexShardRepository.restore(BlobStoreIndexShardRepository.java:206)
	... 11 more
Caused by: java.io.IOException: Random IOException
	at org.elasticsearch.snapshots.mockstore.MockRepository$MockBlobStore$MockBlobContainer.maybeIOExceptionOrBlock(MockRepository.java:277)
	at org.elasticsearch.snapshots.mockstore.MockRepository$MockBlobStore$MockBlobContainer.readBlob(MockRepository.java:321)
	at org.elasticsearch.index.snapshots.blobstore.BlobStoreIndexShardRepository$PartSliceStream.openSlice(BlobStoreIndexShardRepository.java:769)
	at org.elasticsearch.index.snapshots.blobstore.SlicedInputStream.nextStream(SlicedInputStream.java:53)
	at org.elasticsearch.index.snapshots.blobstore.SlicedInputStream.currentStream(SlicedInputStream.java:67)
	at org.elasticsearch.index.snapshots.blobstore.SlicedInputStream.read(SlicedInputStream.java:88)
	at java.io.FilterInputStream.read(FilterInputStream.java:133)
	at org.elasticsearch.index.snapshots.blobstore.RateLimitingInputStream.read(RateLimitingInputStream.java:69)
	at java.io.FilterInputStream.read(FilterInputStream.java:107)
	at org.elasticsearch.index.snapshots.blobstore.BlobStoreIndexShardRepository$RestoreContext.restoreFile(BlobStoreIndexShardRepository.java:924)
	at org.elasticsearch.index.snapshots.blobstore.BlobStoreIndexShardRepository$RestoreContext.restore(BlobStoreIndexShardRepository.java:864)
	... 12 more
[2016-03-30 23:02:05,391][WARN ][org.elasticsearch.indices.cluster] [node_s1] [[test-idx][2]] marking and sending shard failed due to [failed recovery]
[test-idx][[test-idx][2]] IndexShardRecoveryException[failed recovery]; nested: IndexShardRestoreFailedException[restore failed]; nested: IndexShardRestoreFailedException[failed to restore snapshot [test-snap]]; nested: IndexShardRestoreFailedException[Failed to recover index]; nested: IOException[Random IOException];
	at org.elasticsearch.index.shard.StoreRecovery.executeRecovery(StoreRecovery.java:165)
	at org.elasticsearch.index.shard.StoreRecovery.recoverFromRepository(StoreRecovery.java:97)
	at org.elasticsearch.index.shard.IndexShard.restoreFromRepository(IndexShard.java:1110)
	at org.elasticsearch.indices.cluster.IndicesClusterStateService.lambda$applyInitializingShard$128(IndicesClusterStateService.java:654)
	at org.elasticsearch.indices.cluster.IndicesClusterStateService$$Lambda$561/1683367258.run(Unknown Source)
	at java.util.concurrent.ThreadPoolExecutor.runWorker(ThreadPoolExecutor.java:1142)
	at java.util.concurrent.ThreadPoolExecutor$Worker.run(ThreadPoolExecutor.java:617)
	at java.lang.Thread.run(Thread.java:745)
Caused by: [test-idx][[test-idx][2]] IndexShardRestoreFailedException[restore failed]; nested: IndexShardRestoreFailedException[failed to restore snapshot [test-snap]]; nested: IndexShardRestoreFailedException[Failed to recover index]; nested: IOException[Random IOException];
	at org.elasticsearch.index.shard.StoreRecovery.restore(StoreRecovery.java:265)
	at org.elasticsearch.index.shard.StoreRecovery.lambda$recoverFromRepository$123(StoreRecovery.java:99)
	at org.elasticsearch.index.shard.StoreRecovery$$Lambda$562/1148766141.run(Unknown Source)
	at org.elasticsearch.index.shard.StoreRecovery.executeRecovery(StoreRecovery.java:122)
	... 7 more
Caused by: [test-idx][[test-idx][2]] IndexShardRestoreFailedException[failed to restore snapshot [test-snap]]; nested: IndexShardRestoreFailedException[Failed to recover index]; nested: IOException[Random IOException];
	at org.elasticsearch.index.snapshots.blobstore.BlobStoreIndexShardRepository.restore(BlobStoreIndexShardRepository.java:208)
	at org.elasticsearch.index.shard.StoreRecovery.restore(StoreRecovery.java:260)
	... 10 more
Caused by: [test-idx][[test-idx][2]] IndexShardRestoreFailedException[Failed to recover index]; nested: IOException[Random IOException];
	at org.elasticsearch.index.snapshots.blobstore.BlobStoreIndexShardRepository$RestoreContext.restore(BlobStoreIndexShardRepository.java:867)
	at org.elasticsearch.index.snapshots.blobstore.BlobStoreIndexShardRepository.restore(BlobStoreIndexShardRepository.java:206)
	... 11 more
Caused by: java.io.IOException: Random IOException
	at org.elasticsearch.snapshots.mockstore.MockRepository$MockBlobStore$MockBlobContainer.maybeIOExceptionOrBlock(MockRepository.java:277)
	at org.elasticsearch.snapshots.mockstore.MockRepository$MockBlobStore$MockBlobContainer.readBlob(MockRepository.java:321)
	at org.elasticsearch.index.snapshots.blobstore.BlobStoreIndexShardRepository$PartSliceStream.openSlice(BlobStoreIndexShardRepository.java:769)
	at org.elasticsearch.index.snapshots.blobstore.SlicedInputStream.nextStream(SlicedInputStream.java:53)
	at org.elasticsearch.index.snapshots.blobstore.SlicedInputStream.currentStream(SlicedInputStream.java:67)
	at org.elasticsearch.index.snapshots.blobstore.SlicedInputStream.read(SlicedInputStream.java:88)
	at java.io.FilterInputStream.read(FilterInputStream.java:133)
	at org.elasticsearch.index.snapshots.blobstore.RateLimitingInputStream.read(RateLimitingInputStream.java:69)
	at java.io.FilterInputStream.read(FilterInputStream.java:107)
	at org.elasticsearch.index.snapshots.blobstore.BlobStoreIndexShardRepository$RestoreContext.restoreFile(BlobStoreIndexShardRepository.java:924)
	at org.elasticsearch.index.snapshots.blobstore.BlobStoreIndexShardRepository$RestoreContext.restore(BlobStoreIndexShardRepository.java:864)
	... 12 more
[2016-03-30 23:02:05,392][WARN ][org.elasticsearch.cluster.action.shard] [node_s0] [test-idx][4] received shard failed for [test-idx][4], node[BGl_MLcDTse8q5N9C0jt5A], [P], v[3], restoring[test-repo:test-snap], s[INITIALIZING], a[id=1T6N3fO8QA-C3UXI5gmYDg], unassigned_info[[reason=ALLOCATION_FAILED], at[2016-03-31T06:02:05.265Z], details[failed recovery, failure IndexShardRecoveryException[failed recovery]; nested: IndexShardRestoreFailedException[restore failed]; nested: IndexShardRestoreFailedException[failed to restore snapshot [test-snap]]; nested: IndexShardRestoreFailedException[Failed to recover index]; nested: NotSerializableExceptionWrapper[Random IOException]; ]], expected_shard_size[0], indexUUID [4jpdB_g0RdurmlwQgV2n7w], message [failed recovery], failure [IndexShardRecoveryException[failed recovery]; nested: IndexShardRestoreFailedException[restore failed]; nested: IndexShardRestoreFailedException[failed to restore snapshot [test-snap]]; nested: IndexShardRestoreFailedException[Failed to recover index]; nested: NotSerializableExceptionWrapper[Random IOException]; ]
[test-idx][[test-idx][4]] IndexShardRecoveryException[failed recovery]; nested: IndexShardRestoreFailedException[restore failed]; nested: IndexShardRestoreFailedException[failed to restore snapshot [test-snap]]; nested: IndexShardRestoreFailedException[Failed to recover index]; nested: NotSerializableExceptionWrapper[Random IOException];
	at org.elasticsearch.index.shard.StoreRecovery.executeRecovery(StoreRecovery.java:165)
	at org.elasticsearch.index.shard.StoreRecovery.recoverFromRepository(StoreRecovery.java:97)
	at org.elasticsearch.index.shard.IndexShard.restoreFromRepository(IndexShard.java:1110)
	at org.elasticsearch.indices.cluster.IndicesClusterStateService.lambda$applyInitializingShard$128(IndicesClusterStateService.java:654)
	at org.elasticsearch.indices.cluster.IndicesClusterStateService$$Lambda$561/1683367258.run(Unknown Source)
	at java.util.concurrent.ThreadPoolExecutor.runWorker(ThreadPoolExecutor.java:1142)
	at java.util.concurrent.ThreadPoolExecutor$Worker.run(ThreadPoolExecutor.java:617)
	at java.lang.Thread.run(Thread.java:745)
Caused by: [test-idx][[test-idx][4]] IndexShardRestoreFailedException[restore failed]; nested: IndexShardRestoreFailedException[failed to restore snapshot [test-snap]]; nested: IndexShardRestoreFailedException[Failed to recover index]; nested: NotSerializableExceptionWrapper[Random IOException];
	at org.elasticsearch.index.shard.StoreRecovery.restore(StoreRecovery.java:265)
	at org.elasticsearch.index.shard.StoreRecovery.lambda$recoverFromRepository$123(StoreRecovery.java:99)
	at org.elasticsearch.index.shard.StoreRecovery$$Lambda$562/1148766141.run(Unknown Source)
	at org.elasticsearch.index.shard.StoreRecovery.executeRecovery(StoreRecovery.java:122)
	... 7 more
Caused by: [test-idx][[test-idx][4]] IndexShardRestoreFailedException[failed to restore snapshot [test-snap]]; nested: IndexShardRestoreFailedException[Failed to recover index]; nested: NotSerializableExceptionWrapper[Random IOException];
	at org.elasticsearch.index.snapshots.blobstore.BlobStoreIndexShardRepository.restore(BlobStoreIndexShardRepository.java:208)
	at org.elasticsearch.index.shard.StoreRecovery.restore(StoreRecovery.java:260)
	... 10 more
Caused by: [test-idx][[test-idx][4]] IndexShardRestoreFailedException[Failed to recover index]; nested: NotSerializableExceptionWrapper[Random IOException];
	at org.elasticsearch.index.snapshots.blobstore.BlobStoreIndexShardRepository$RestoreContext.restore(BlobStoreIndexShardRepository.java:867)
	at org.elasticsearch.index.snapshots.blobstore.BlobStoreIndexShardRepository.restore(BlobStoreIndexShardRepository.java:206)
	... 11 more
Caused by: NotSerializableExceptionWrapper[Random IOException]
	at org.elasticsearch.snapshots.mockstore.MockRepository$MockBlobStore$MockBlobContainer.maybeIOExceptionOrBlock(MockRepository.java:277)
	at org.elasticsearch.snapshots.mockstore.MockRepository$MockBlobStore$MockBlobContainer.readBlob(MockRepository.java:321)
	at org.elasticsearch.index.snapshots.blobstore.BlobStoreIndexShardRepository$PartSliceStream.openSlice(BlobStoreIndexShardRepository.java:769)
	at org.elasticsearch.index.snapshots.blobstore.SlicedInputStream.nextStream(SlicedInputStream.java:53)
	at org.elasticsearch.index.snapshots.blobstore.SlicedInputStream.currentStream(SlicedInputStream.java:67)
	at org.elasticsearch.index.snapshots.blobstore.SlicedInputStream.read(SlicedInputStream.java:88)
	at java.io.FilterInputStream.read(FilterInputStream.java:133)
	at org.elasticsearch.index.snapshots.blobstore.RateLimitingInputStream.read(RateLimitingInputStream.java:69)
	at java.io.FilterInputStream.read(FilterInputStream.java:107)
	at org.elasticsearch.index.snapshots.blobstore.BlobStoreIndexShardRepository$RestoreContext.restoreFile(BlobStoreIndexShardRepository.java:924)
	at org.elasticsearch.index.snapshots.blobstore.BlobStoreIndexShardRepository$RestoreContext.restore(BlobStoreIndexShardRepository.java:864)
	... 12 more
[2016-03-30 23:02:05,399][WARN ][org.elasticsearch.cluster.action.shard] [node_s0] [test-idx][2] received shard failed for [test-idx][2], node[BGl_MLcDTse8q5N9C0jt5A], [P], v[3], restoring[test-repo:test-snap], s[INITIALIZING], a[id=xS_0_13oTu-G2F4NzhuMpA], unassigned_info[[reason=ALLOCATION_FAILED], at[2016-03-31T06:02:05.265Z], details[failed recovery, failure IndexShardRecoveryException[failed recovery]; nested: IndexShardRestoreFailedException[restore failed]; nested: IndexShardRestoreFailedException[failed to restore snapshot [test-snap]]; nested: IndexShardRestoreFailedException[Failed to recover index]; nested: NotSerializableExceptionWrapper[Random IOException]; ]], expected_shard_size[0], indexUUID [4jpdB_g0RdurmlwQgV2n7w], message [failed recovery], failure [IndexShardRecoveryException[failed recovery]; nested: IndexShardRestoreFailedException[restore failed]; nested: IndexShardRestoreFailedException[failed to restore snapshot [test-snap]]; nested: IndexShardRestoreFailedException[Failed to recover index]; nested: NotSerializableExceptionWrapper[Random IOException]; ]
[test-idx][[test-idx][2]] IndexShardRecoveryException[failed recovery]; nested: IndexShardRestoreFailedException[restore failed]; nested: IndexShardRestoreFailedException[failed to restore snapshot [test-snap]]; nested: IndexShardRestoreFailedException[Failed to recover index]; nested: NotSerializableExceptionWrapper[Random IOException];
	at org.elasticsearch.index.shard.StoreRecovery.executeRecovery(StoreRecovery.java:165)
	at org.elasticsearch.index.shard.StoreRecovery.recoverFromRepository(StoreRecovery.java:97)
	at org.elasticsearch.index.shard.IndexShard.restoreFromRepository(IndexShard.java:1110)
	at org.elasticsearch.indices.cluster.IndicesClusterStateService.lambda$applyInitializingShard$128(IndicesClusterStateService.java:654)
	at org.elasticsearch.indices.cluster.IndicesClusterStateService$$Lambda$561/1683367258.run(Unknown Source)
	at java.util.concurrent.ThreadPoolExecutor.runWorker(ThreadPoolExecutor.java:1142)
	at java.util.concurrent.ThreadPoolExecutor$Worker.run(ThreadPoolExecutor.java:617)
	at java.lang.Thread.run(Thread.java:745)
Caused by: [test-idx][[test-idx][2]] IndexShardRestoreFailedException[restore failed]; nested: IndexShardRestoreFailedException[failed to restore snapshot [test-snap]]; nested: IndexShardRestoreFailedException[Failed to recover index]; nested: NotSerializableExceptionWrapper[Random IOException];
	at org.elasticsearch.index.shard.StoreRecovery.restore(StoreRecovery.java:265)
	at org.elasticsearch.index.shard.StoreRecovery.lambda$recoverFromRepository$123(StoreRecovery.java:99)
	at org.elasticsearch.index.shard.StoreRecovery$$Lambda$562/1148766141.run(Unknown Source)
	at org.elasticsearch.index.shard.StoreRecovery.executeRecovery(StoreRecovery.java:122)
	... 7 more
Caused by: [test-idx][[test-idx][2]] IndexShardRestoreFailedException[failed to restore snapshot [test-snap]]; nested: IndexShardRestoreFailedException[Failed to recover index]; nested: NotSerializableExceptionWrapper[Random IOException];
	at org.elasticsearch.index.snapshots.blobstore.BlobStoreIndexShardRepository.restore(BlobStoreIndexShardRepository.java:208)
	at org.elasticsearch.index.shard.StoreRecovery.restore(StoreRecovery.java:260)
	... 10 more
Caused by: [test-idx][[test-idx][2]] IndexShardRestoreFailedException[Failed to recover index]; nested: NotSerializableExceptionWrapper[Random IOException];
	at org.elasticsearch.index.snapshots.blobstore.BlobStoreIndexShardRepository$RestoreContext.restore(BlobStoreIndexShardRepository.java:867)
	at org.elasticsearch.index.snapshots.blobstore.BlobStoreIndexShardRepository.restore(BlobStoreIndexShardRepository.java:206)
	... 11 more
Caused by: NotSerializableExceptionWrapper[Random IOException]
	at org.elasticsearch.snapshots.mockstore.MockRepository$MockBlobStore$MockBlobContainer.maybeIOExceptionOrBlock(MockRepository.java:277)
	at org.elasticsearch.snapshots.mockstore.MockRepository$MockBlobStore$MockBlobContainer.readBlob(MockRepository.java:321)
	at org.elasticsearch.index.snapshots.blobstore.BlobStoreIndexShardRepository$PartSliceStream.openSlice(BlobStoreIndexShardRepository.java:769)
	at org.elasticsearch.index.snapshots.blobstore.SlicedInputStream.nextStream(SlicedInputStream.java:53)
	at org.elasticsearch.index.snapshots.blobstore.SlicedInputStream.currentStream(SlicedInputStream.java:67)
	at org.elasticsearch.index.snapshots.blobstore.SlicedInputStream.read(SlicedInputStream.java:88)
	at java.io.FilterInputStream.read(FilterInputStream.java:133)
	at org.elasticsearch.index.snapshots.blobstore.RateLimitingInputStream.read(RateLimitingInputStream.java:69)
	at java.io.FilterInputStream.read(FilterInputStream.java:107)
	at org.elasticsearch.index.snapshots.blobstore.BlobStoreIndexShardRepository$RestoreContext.restoreFile(BlobStoreIndexShardRepository.java:924)
	at org.elasticsearch.index.snapshots.blobstore.BlobStoreIndexShardRepository$RestoreContext.restore(BlobStoreIndexShardRepository.java:864)
	... 12 more
[2016-03-30 23:02:05,406][WARN ][org.elasticsearch.indices.cluster] [node_s1] [[test-idx][0]] marking and sending shard failed due to [failed recovery]
[test-idx][[test-idx][0]] IndexShardRecoveryException[failed recovery]; nested: IndexShardRestoreFailedException[restore failed]; nested: IndexShardRestoreFailedException[failed to restore snapshot [test-snap]]; nested: IndexShardRestoreFailedException[Failed to recover index]; nested: IOException[Random IOException];
	at org.elasticsearch.index.shard.StoreRecovery.executeRecovery(StoreRecovery.java:165)
	at org.elasticsearch.index.shard.StoreRecovery.recoverFromRepository(StoreRecovery.java:97)
	at org.elasticsearch.index.shard.IndexShard.restoreFromRepository(IndexShard.java:1110)
	at org.elasticsearch.indices.cluster.IndicesClusterStateService.lambda$applyInitializingShard$128(IndicesClusterStateService.java:654)
	at org.elasticsearch.indices.cluster.IndicesClusterStateService$$Lambda$561/1683367258.run(Unknown Source)
	at java.util.concurrent.ThreadPoolExecutor.runWorker(ThreadPoolExecutor.java:1142)
	at java.util.concurrent.ThreadPoolExecutor$Worker.run(ThreadPoolExecutor.java:617)
	at java.lang.Thread.run(Thread.java:745)
Caused by: [test-idx][[test-idx][0]] IndexShardRestoreFailedException[restore failed]; nested: IndexShardRestoreFailedException[failed to restore snapshot [test-snap]]; nested: IndexShardRestoreFailedException[Failed to recover index]; nested: IOException[Random IOException];
	at org.elasticsearch.index.shard.StoreRecovery.restore(StoreRecovery.java:265)
	at org.elasticsearch.index.shard.StoreRecovery.lambda$recoverFromRepository$123(StoreRecovery.java:99)
	at org.elasticsearch.index.shard.StoreRecovery$$Lambda$562/1148766141.run(Unknown Source)
	at org.elasticsearch.index.shard.StoreRecovery.executeRecovery(StoreRecovery.java:122)
	... 7 more
Caused by: [test-idx][[test-idx][0]] IndexShardRestoreFailedException[failed to restore snapshot [test-snap]]; nested: IndexShardRestoreFailedException[Failed to recover index]; nested: IOException[Random IOException];
	at org.elasticsearch.index.snapshots.blobstore.BlobStoreIndexShardRepository.restore(BlobStoreIndexShardRepository.java:208)
	at org.elasticsearch.index.shard.StoreRecovery.restore(StoreRecovery.java:260)
	... 10 more
Caused by: [test-idx][[test-idx][0]] IndexShardRestoreFailedException[Failed to recover index]; nested: IOException[Random IOException];
	at org.elasticsearch.index.snapshots.blobstore.BlobStoreIndexShardRepository$RestoreContext.restore(BlobStoreIndexShardRepository.java:867)
	at org.elasticsearch.index.snapshots.blobstore.BlobStoreIndexShardRepository.restore(BlobStoreIndexShardRepository.java:206)
	... 11 more
Caused by: java.io.IOException: Random IOException
	at org.elasticsearch.snapshots.mockstore.MockRepository$MockBlobStore$MockBlobContainer.maybeIOExceptionOrBlock(MockRepository.java:277)
	at org.elasticsearch.snapshots.mockstore.MockRepository$MockBlobStore$MockBlobContainer.readBlob(MockRepository.java:321)
	at org.elasticsearch.index.snapshots.blobstore.BlobStoreIndexShardRepository$PartSliceStream.openSlice(BlobStoreIndexShardRepository.java:769)
	at org.elasticsearch.index.snapshots.blobstore.SlicedInputStream.nextStream(SlicedInputStream.java:53)
	at org.elasticsearch.index.snapshots.blobstore.SlicedInputStream.currentStream(SlicedInputStream.java:67)
	at org.elasticsearch.index.snapshots.blobstore.SlicedInputStream.read(SlicedInputStream.java:88)
	at java.io.FilterInputStream.read(FilterInputStream.java:133)
	at org.elasticsearch.index.snapshots.blobstore.RateLimitingInputStream.read(RateLimitingInputStream.java:69)
	at java.io.FilterInputStream.read(FilterInputStream.java:107)
	at org.elasticsearch.index.snapshots.blobstore.BlobStoreIndexShardRepository$RestoreContext.restoreFile(BlobStoreIndexShardRepository.java:924)
	at org.elasticsearch.index.snapshots.blobstore.BlobStoreIndexShardRepository$RestoreContext.restore(BlobStoreIndexShardRepository.java:864)
	... 12 more
[2016-03-30 23:02:05,411][WARN ][org.elasticsearch.cluster.action.shard] [node_s0] [test-idx][0] received shard failed for [test-idx][0], node[BGl_MLcDTse8q5N9C0jt5A], [P], v[3], restoring[test-repo:test-snap], s[INITIALIZING], a[id=1bjF8JZbS-mh21iOLmq8hw], unassigned_info[[reason=ALLOCATION_FAILED], at[2016-03-31T06:02:05.265Z], details[failed recovery, failure IndexShardRecoveryException[failed recovery]; nested: IndexShardRestoreFailedException[restore failed]; nested: IndexShardRestoreFailedException[failed to restore snapshot [test-snap]]; nested: IndexShardRestoreFailedException[Failed to recover index]; nested: NotSerializableExceptionWrapper[Random IOException]; ]], expected_shard_size[130], indexUUID [4jpdB_g0RdurmlwQgV2n7w], message [failed recovery], failure [IndexShardRecoveryException[failed recovery]; nested: IndexShardRestoreFailedException[restore failed]; nested: IndexShardRestoreFailedException[failed to restore snapshot [test-snap]]; nested: IndexShardRestoreFailedException[Failed to recover index]; nested: NotSerializableExceptionWrapper[Random IOException]; ]
[test-idx][[test-idx][0]] IndexShardRecoveryException[failed recovery]; nested: IndexShardRestoreFailedException[restore failed]; nested: IndexShardRestoreFailedException[failed to restore snapshot [test-snap]]; nested: IndexShardRestoreFailedException[Failed to recover index]; nested: NotSerializableExceptionWrapper[Random IOException];
	at org.elasticsearch.index.shard.StoreRecovery.executeRecovery(StoreRecovery.java:165)
	at org.elasticsearch.index.shard.StoreRecovery.recoverFromRepository(StoreRecovery.java:97)
	at org.elasticsearch.index.shard.IndexShard.restoreFromRepository(IndexShard.java:1110)
	at org.elasticsearch.indices.cluster.IndicesClusterStateService.lambda$applyInitializingShard$128(IndicesClusterStateService.java:654)
	at org.elasticsearch.indices.cluster.IndicesClusterStateService$$Lambda$561/1683367258.run(Unknown Source)
	at java.util.concurrent.ThreadPoolExecutor.runWorker(ThreadPoolExecutor.java:1142)
	at java.util.concurrent.ThreadPoolExecutor$Worker.run(ThreadPoolExecutor.java:617)
	at java.lang.Thread.run(Thread.java:745)
Caused by: [test-idx][[test-idx][0]] IndexShardRestoreFailedException[restore failed]; nested: IndexShardRestoreFailedException[failed to restore snapshot [test-snap]]; nested: IndexShardRestoreFailedException[Failed to recover index]; nested: NotSerializableExceptionWrapper[Random IOException];
	at org.elasticsearch.index.shard.StoreRecovery.restore(StoreRecovery.java:265)
	at org.elasticsearch.index.shard.StoreRecovery.lambda$recoverFromRepository$123(StoreRecovery.java:99)
	at org.elasticsearch.index.shard.StoreRecovery$$Lambda$562/1148766141.run(Unknown Source)
	at org.elasticsearch.index.shard.StoreRecovery.executeRecovery(StoreRecovery.java:122)
	... 7 more
Caused by: [test-idx][[test-idx][0]] IndexShardRestoreFailedException[failed to restore snapshot [test-snap]]; nested: IndexShardRestoreFailedException[Failed to recover index]; nested: NotSerializableExceptionWrapper[Random IOException];
	at org.elasticsearch.index.snapshots.blobstore.BlobStoreIndexShardRepository.restore(BlobStoreIndexShardRepository.java:208)
	at org.elasticsearch.index.shard.StoreRecovery.restore(StoreRecovery.java:260)
	... 10 more
Caused by: [test-idx][[test-idx][0]] IndexShardRestoreFailedException[Failed to recover index]; nested: NotSerializableExceptionWrapper[Random IOException];
	at org.elasticsearch.index.snapshots.blobstore.BlobStoreIndexShardRepository$RestoreContext.restore(BlobStoreIndexShardRepository.java:867)
	at org.elasticsearch.index.snapshots.blobstore.BlobStoreIndexShardRepository.restore(BlobStoreIndexShardRepository.java:206)
	... 11 more
Caused by: NotSerializableExceptionWrapper[Random IOException]
	at org.elasticsearch.snapshots.mockstore.MockRepository$MockBlobStore$MockBlobContainer.maybeIOExceptionOrBlock(MockRepository.java:277)
	at org.elasticsearch.snapshots.mockstore.MockRepository$MockBlobStore$MockBlobContainer.readBlob(MockRepository.java:321)
	at org.elasticsearch.index.snapshots.blobstore.BlobStoreIndexShardRepository$PartSliceStream.openSlice(BlobStoreIndexShardRepository.java:769)
	at org.elasticsearch.index.snapshots.blobstore.SlicedInputStream.nextStream(SlicedInputStream.java:53)
	at org.elasticsearch.index.snapshots.blobstore.SlicedInputStream.currentStream(SlicedInputStream.java:67)
	at org.elasticsearch.index.snapshots.blobstore.SlicedInputStream.read(SlicedInputStream.java:88)
	at java.io.FilterInputStream.read(FilterInputStream.java:133)
	at org.elasticsearch.index.snapshots.blobstore.RateLimitingInputStream.read(RateLimitingInputStream.java:69)
	at java.io.FilterInputStream.read(FilterInputStream.java:107)
	at org.elasticsearch.index.snapshots.blobstore.BlobStoreIndexShardRepository$RestoreContext.restoreFile(BlobStoreIndexShardRepository.java:924)
	at org.elasticsearch.index.snapshots.blobstore.BlobStoreIndexShardRepository$RestoreContext.restore(BlobStoreIndexShardRepository.java:864)
	... 12 more
[2016-03-30 23:02:05,425][WARN ][org.elasticsearch.indices.cluster] [node_s0] [[test-idx][9]] marking and sending shard failed due to [failed recovery]
[test-idx][[test-idx][9]] IndexShardRecoveryException[failed recovery]; nested: IndexShardRestoreFailedException[restore failed]; nested: IndexShardRestoreFailedException[failed to restore snapshot [test-snap]]; nested: IndexShardRestoreFailedException[Failed to recover index]; nested: IOException[Random IOException];
	at org.elasticsearch.index.shard.StoreRecovery.executeRecovery(StoreRecovery.java:165)
	at org.elasticsearch.index.shard.StoreRecovery.recoverFromRepository(StoreRecovery.java:97)
	at org.elasticsearch.index.shard.IndexShard.restoreFromRepository(IndexShard.java:1110)
	at org.elasticsearch.indices.cluster.IndicesClusterStateService.lambda$applyInitializingShard$128(IndicesClusterStateService.java:654)
	at org.elasticsearch.indices.cluster.IndicesClusterStateService$$Lambda$561/1683367258.run(Unknown Source)
	at java.util.concurrent.ThreadPoolExecutor.runWorker(ThreadPoolExecutor.java:1142)
	at java.util.concurrent.ThreadPoolExecutor$Worker.run(ThreadPoolExecutor.java:617)
	at java.lang.Thread.run(Thread.java:745)
Caused by: [test-idx][[test-idx][9]] IndexShardRestoreFailedException[restore failed]; nested: IndexShardRestoreFailedException[failed to restore snapshot [test-snap]]; nested: IndexShardRestoreFailedException[Failed to recover index]; nested: IOException[Random IOException];
	at org.elasticsearch.index.shard.StoreRecovery.restore(StoreRecovery.java:265)
	at org.elasticsearch.index.shard.StoreRecovery.lambda$recoverFromRepository$123(StoreRecovery.java:99)
	at org.elasticsearch.index.shard.StoreRecovery$$Lambda$562/1148766141.run(Unknown Source)
	at org.elasticsearch.index.shard.StoreRecovery.executeRecovery(StoreRecovery.java:122)
	... 7 more
Caused by: [test-idx][[test-idx][9]] IndexShardRestoreFailedException[failed to restore snapshot [test-snap]]; nested: IndexShardRestoreFailedException[Failed to recover index]; nested: IOException[Random IOException];
	at org.elasticsearch.index.snapshots.blobstore.BlobStoreIndexShardRepository.restore(BlobStoreIndexShardRepository.java:208)
	at org.elasticsearch.index.shard.StoreRecovery.restore(StoreRecovery.java:260)
	... 10 more
Caused by: [test-idx][[test-idx][9]] IndexShardRestoreFailedException[Failed to recover index]; nested: IOException[Random IOException];
	at org.elasticsearch.index.snapshots.blobstore.BlobStoreIndexShardRepository$RestoreContext.restore(BlobStoreIndexShardRepository.java:867)
	at org.elasticsearch.index.snapshots.blobstore.BlobStoreIndexShardRepository.restore(BlobStoreIndexShardRepository.java:206)
	... 11 more
Caused by: java.io.IOException: Random IOException
	at org.elasticsearch.snapshots.mockstore.MockRepository$MockBlobStore$MockBlobContainer.maybeIOExceptionOrBlock(MockRepository.java:277)
	at org.elasticsearch.snapshots.mockstore.MockRepository$MockBlobStore$MockBlobContainer.readBlob(MockRepository.java:321)
	at org.elasticsearch.index.snapshots.blobstore.BlobStoreIndexShardRepository$PartSliceStream.openSlice(BlobStoreIndexShardRepository.java:769)
	at org.elasticsearch.index.snapshots.blobstore.SlicedInputStream.nextStream(SlicedInputStream.java:53)
	at org.elasticsearch.index.snapshots.blobstore.SlicedInputStream.currentStream(SlicedInputStream.java:67)
	at org.elasticsearch.index.snapshots.blobstore.SlicedInputStream.read(SlicedInputStream.java:88)
	at java.io.FilterInputStream.read(FilterInputStream.java:133)
	at org.elasticsearch.index.snapshots.blobstore.RateLimitingInputStream.read(RateLimitingInputStream.java:69)
	at java.io.FilterInputStream.read(FilterInputStream.java:107)
	at org.elasticsearch.index.snapshots.blobstore.BlobStoreIndexShardRepository$RestoreContext.restoreFile(BlobStoreIndexShardRepository.java:924)
	at org.elasticsearch.index.snapshots.blobstore.BlobStoreIndexShardRepository$RestoreContext.restore(BlobStoreIndexShardRepository.java:864)
	... 12 more
[2016-03-30 23:02:05,426][WARN ][org.elasticsearch.cluster.action.shard] [node_s0] [test-idx][9] received shard failed for [test-idx][9], node[YU4rw4SiR5aBA7JFJFd8EQ], [P], v[3], restoring[test-repo:test-snap], s[INITIALIZING], a[id=l_YL33gnQDmLDeZWkDDxEg], unassigned_info[[reason=ALLOCATION_FAILED], at[2016-03-31T06:02:05.265Z], details[failed recovery, failure IndexShardRecoveryException[failed recovery]; nested: IndexShardRestoreFailedException[restore failed]; nested: IndexShardRestoreFailedException[failed to restore snapshot [test-snap]]; nested: IndexShardRestoreFailedException[Failed to recover index]; nested: NotSerializableExceptionWrapper[Random IOException]; ]], expected_shard_size[130], indexUUID [4jpdB_g0RdurmlwQgV2n7w], message [failed recovery], failure [IndexShardRecoveryException[failed recovery]; nested: IndexShardRestoreFailedException[restore failed]; nested: IndexShardRestoreFailedException[failed to restore snapshot [test-snap]]; nested: IndexShardRestoreFailedException[Failed to recover index]; nested: IOException[Random IOException]; ]
[test-idx][[test-idx][9]] IndexShardRecoveryException[failed recovery]; nested: IndexShardRestoreFailedException[restore failed]; nested: IndexShardRestoreFailedException[failed to restore snapshot [test-snap]]; nested: IndexShardRestoreFailedException[Failed to recover index]; nested: IOException[Random IOException];
	at org.elasticsearch.index.shard.StoreRecovery.executeRecovery(StoreRecovery.java:165)
	at org.elasticsearch.index.shard.StoreRecovery.recoverFromRepository(StoreRecovery.java:97)
	at org.elasticsearch.index.shard.IndexShard.restoreFromRepository(IndexShard.java:1110)
	at org.elasticsearch.indices.cluster.IndicesClusterStateService.lambda$applyInitializingShard$128(IndicesClusterStateService.java:654)
	at org.elasticsearch.indices.cluster.IndicesClusterStateService$$Lambda$561/1683367258.run(Unknown Source)
	at java.util.concurrent.ThreadPoolExecutor.runWorker(ThreadPoolExecutor.java:1142)
	at java.util.concurrent.ThreadPoolExecutor$Worker.run(ThreadPoolExecutor.java:617)
	at java.lang.Thread.run(Thread.java:745)
Caused by: [test-idx][[test-idx][9]] IndexShardRestoreFailedException[restore failed]; nested: IndexShardRestoreFailedException[failed to restore snapshot [test-snap]]; nested: IndexShardRestoreFailedException[Failed to recover index]; nested: IOException[Random IOException];
	at org.elasticsearch.index.shard.StoreRecovery.restore(StoreRecovery.java:265)
	at org.elasticsearch.index.shard.StoreRecovery.lambda$recoverFromRepository$123(StoreRecovery.java:99)
	at org.elasticsearch.index.shard.StoreRecovery$$Lambda$562/1148766141.run(Unknown Source)
	at org.elasticsearch.index.shard.StoreRecovery.executeRecovery(StoreRecovery.java:122)
	... 7 more
Caused by: [test-idx][[test-idx][9]] IndexShardRestoreFailedException[failed to restore snapshot [test-snap]]; nested: IndexShardRestoreFailedException[Failed to recover index]; nested: IOException[Random IOException];
	at org.elasticsearch.index.snapshots.blobstore.BlobStoreIndexShardRepository.restore(BlobStoreIndexShardRepository.java:208)
	at org.elasticsearch.index.shard.StoreRecovery.restore(StoreRecovery.java:260)
	... 10 more
Caused by: [test-idx][[test-idx][9]] IndexShardRestoreFailedException[Failed to recover index]; nested: IOException[Random IOException];
	at org.elasticsearch.index.snapshots.blobstore.BlobStoreIndexShardRepository$RestoreContext.restore(BlobStoreIndexShardRepository.java:867)
	at org.elasticsearch.index.snapshots.blobstore.BlobStoreIndexShardRepository.restore(BlobStoreIndexShardRepository.java:206)
	... 11 more
Caused by: java.io.IOException: Random IOException
	at org.elasticsearch.snapshots.mockstore.MockRepository$MockBlobStore$MockBlobContainer.maybeIOExceptionOrBlock(MockRepository.java:277)
	at org.elasticsearch.snapshots.mockstore.MockRepository$MockBlobStore$MockBlobContainer.readBlob(MockRepository.java:321)
	at org.elasticsearch.index.snapshots.blobstore.BlobStoreIndexShardRepository$PartSliceStream.openSlice(BlobStoreIndexShardRepository.java:769)
	at org.elasticsearch.index.snapshots.blobstore.SlicedInputStream.nextStream(SlicedInputStream.java:53)
	at org.elasticsearch.index.snapshots.blobstore.SlicedInputStream.currentStream(SlicedInputStream.java:67)
	at org.elasticsearch.index.snapshots.blobstore.SlicedInputStream.read(SlicedInputStream.java:88)
	at java.io.FilterInputStream.read(FilterInputStream.java:133)
	at org.elasticsearch.index.snapshots.blobstore.RateLimitingInputStream.read(RateLimitingInputStream.java:69)
	at java.io.FilterInputStream.read(FilterInputStream.java:107)
	at org.elasticsearch.index.snapshots.blobstore.BlobStoreIndexShardRepository$RestoreContext.restoreFile(BlobStoreIndexShardRepository.java:924)
	at org.elasticsearch.index.snapshots.blobstore.BlobStoreIndexShardRepository$RestoreContext.restore(BlobStoreIndexShardRepository.java:864)
	... 12 more
[2016-03-30 23:02:05,435][WARN ][org.elasticsearch.cluster.action.shard] [node_s0] [test-idx][2] received shard failed for [test-idx][2], node[BGl_MLcDTse8q5N9C0jt5A], [P], v[3], restoring[test-repo:test-snap], s[INITIALIZING], a[id=xS_0_13oTu-G2F4NzhuMpA], unassigned_info[[reason=ALLOCATION_FAILED], at[2016-03-31T06:02:05.265Z], details[failed recovery, failure IndexShardRecoveryException[failed recovery]; nested: IndexShardRestoreFailedException[restore failed]; nested: IndexShardRestoreFailedException[failed to restore snapshot [test-snap]]; nested: IndexShardRestoreFailedException[Failed to recover index]; nested: NotSerializableExceptionWrapper[Random IOException]; ]], expected_shard_size[0], indexUUID [4jpdB_g0RdurmlwQgV2n7w], message [master {node_s0}{YU4rw4SiR5aBA7JFJFd8EQ}{local}{local[78]}[mode=>local] marked shard as initializing, but shard is marked as failed, resend shard failure], failure [Unknown]
[2016-03-30 23:02:05,438][WARN ][org.elasticsearch.indices.cluster] [node_s0] [[test-idx][8]] marking and sending shard failed due to [failed recovery]
[test-idx][[test-idx][8]] IndexShardRecoveryException[failed recovery]; nested: IndexShardRestoreFailedException[restore failed]; nested: IndexShardRestoreFailedException[failed to restore snapshot [test-snap]]; nested: IndexShardRestoreFailedException[Failed to recover index]; nested: IOException[Random IOException];
	at org.elasticsearch.index.shard.StoreRecovery.executeRecovery(StoreRecovery.java:165)
	at org.elasticsearch.index.shard.StoreRecovery.recoverFromRepository(StoreRecovery.java:97)
	at org.elasticsearch.index.shard.IndexShard.restoreFromRepository(IndexShard.java:1110)
	at org.elasticsearch.indices.cluster.IndicesClusterStateService.lambda$applyInitializingShard$128(IndicesClusterStateService.java:654)
	at org.elasticsearch.indices.cluster.IndicesClusterStateService$$Lambda$561/1683367258.run(Unknown Source)
	at java.util.concurrent.ThreadPoolExecutor.runWorker(ThreadPoolExecutor.java:1142)
	at java.util.concurrent.ThreadPoolExecutor$Worker.run(ThreadPoolExecutor.java:617)
	at java.lang.Thread.run(Thread.java:745)
Caused by: [test-idx][[test-idx][8]] IndexShardRestoreFailedException[restore failed]; nested: IndexShardRestoreFailedException[failed to restore snapshot [test-snap]]; nested: IndexShardRestoreFailedException[Failed to recover index]; nested: IOException[Random IOException];
	at org.elasticsearch.index.shard.StoreRecovery.restore(StoreRecovery.java:265)
	at org.elasticsearch.index.shard.StoreRecovery.lambda$recoverFromRepository$123(StoreRecovery.java:99)
	at org.elasticsearch.index.shard.StoreRecovery$$Lambda$562/1148766141.run(Unknown Source)
	at org.elasticsearch.index.shard.StoreRecovery.executeRecovery(StoreRecovery.java:122)
	... 7 more
Caused by: [test-idx][[test-idx][8]] IndexShardRestoreFailedException[failed to restore snapshot [test-snap]]; nested: IndexShardRestoreFailedException[Failed to recover index]; nested: IOException[Random IOException];
	at org.elasticsearch.index.snapshots.blobstore.BlobStoreIndexShardRepository.restore(BlobStoreIndexShardRepository.java:208)
	at org.elasticsearch.index.shard.StoreRecovery.restore(StoreRecovery.java:260)
	... 10 more
Caused by: [test-idx][[test-idx][8]] IndexShardRestoreFailedException[Failed to recover index]; nested: IOException[Random IOException];
	at org.elasticsearch.index.snapshots.blobstore.BlobStoreIndexShardRepository$RestoreContext.restore(BlobStoreIndexShardRepository.java:867)
	at org.elasticsearch.index.snapshots.blobstore.BlobStoreIndexShardRepository.restore(BlobStoreIndexShardRepository.java:206)
	... 11 more
Caused by: java.io.IOException: Random IOException
	at org.elasticsearch.snapshots.mockstore.MockRepository$MockBlobStore$MockBlobContainer.maybeIOExceptionOrBlock(MockRepository.java:277)
	at org.elasticsearch.snapshots.mockstore.MockRepository$MockBlobStore$MockBlobContainer.readBlob(MockRepository.java:321)
	at org.elasticsearch.index.snapshots.blobstore.BlobStoreIndexShardRepository$PartSliceStream.openSlice(BlobStoreIndexShardRepository.java:769)
	at org.elasticsearch.index.snapshots.blobstore.SlicedInputStream.nextStream(SlicedInputStream.java:53)
	at org.elasticsearch.index.snapshots.blobstore.SlicedInputStream.currentStream(SlicedInputStream.java:67)
	at org.elasticsearch.index.snapshots.blobstore.SlicedInputStream.read(SlicedInputStream.java:88)
	at java.io.FilterInputStream.read(FilterInputStream.java:133)
	at org.elasticsearch.index.snapshots.blobstore.RateLimitingInputStream.read(RateLimitingInputStream.java:69)
	at java.io.FilterInputStream.read(FilterInputStream.java:107)
	at org.elasticsearch.index.snapshots.blobstore.BlobStoreIndexShardRepository$RestoreContext.restoreFile(BlobStoreIndexShardRepository.java:924)
	at org.elasticsearch.index.snapshots.blobstore.BlobStoreIndexShardRepository$RestoreContext.restore(BlobStoreIndexShardRepository.java:864)
	... 12 more
[2016-03-30 23:02:05,439][WARN ][org.elasticsearch.cluster.action.shard] [node_s0] [test-idx][8] received shard failed for [test-idx][8], node[YU4rw4SiR5aBA7JFJFd8EQ], [P], v[3], restoring[test-repo:test-snap], s[INITIALIZING], a[id=TQ7Zohh3RYy_z77XFbA05Q], unassigned_info[[reason=ALLOCATION_FAILED], at[2016-03-31T06:02:05.265Z], details[failed recovery, failure IndexShardRecoveryException[failed recovery]; nested: IndexShardRestoreFailedException[restore failed]; nested: IndexShardRestoreFailedException[failed to restore snapshot [test-snap]]; nested: IndexShardRestoreFailedException[Failed to recover index]; nested: NotSerializableExceptionWrapper[Random IOException]; ]], expected_shard_size[130], indexUUID [4jpdB_g0RdurmlwQgV2n7w], message [failed recovery], failure [IndexShardRecoveryException[failed recovery]; nested: IndexShardRestoreFailedException[restore failed]; nested: IndexShardRestoreFailedException[failed to restore snapshot [test-snap]]; nested: IndexShardRestoreFailedException[Failed to recover index]; nested: IOException[Random IOException]; ]
[test-idx][[test-idx][8]] IndexShardRecoveryException[failed recovery]; nested: IndexShardRestoreFailedException[restore failed]; nested: IndexShardRestoreFailedException[failed to restore snapshot [test-snap]]; nested: IndexShardRestoreFailedException[Failed to recover index]; nested: IOException[Random IOException];
	at org.elasticsearch.index.shard.StoreRecovery.executeRecovery(StoreRecovery.java:165)
	at org.elasticsearch.index.shard.StoreRecovery.recoverFromRepository(StoreRecovery.java:97)
	at org.elasticsearch.index.shard.IndexShard.restoreFromRepository(IndexShard.java:1110)
	at org.elasticsearch.indices.cluster.IndicesClusterStateService.lambda$applyInitializingShard$128(IndicesClusterStateService.java:654)
	at org.elasticsearch.indices.cluster.IndicesClusterStateService$$Lambda$561/1683367258.run(Unknown Source)
	at java.util.concurrent.ThreadPoolExecutor.runWorker(ThreadPoolExecutor.java:1142)
	at java.util.concurrent.ThreadPoolExecutor$Worker.run(ThreadPoolExecutor.java:617)
	at java.lang.Thread.run(Thread.java:745)
Caused by: [test-idx][[test-idx][8]] IndexShardRestoreFailedException[restore failed]; nested: IndexShardRestoreFailedException[failed to restore snapshot [test-snap]]; nested: IndexShardRestoreFailedException[Failed to recover index]; nested: IOException[Random IOException];
	at org.elasticsearch.index.shard.StoreRecovery.restore(StoreRecovery.java:265)
	at org.elasticsearch.index.shard.StoreRecovery.lambda$recoverFromRepository$123(StoreRecovery.java:99)
	at org.elasticsearch.index.shard.StoreRecovery$$Lambda$562/1148766141.run(Unknown Source)
	at org.elasticsearch.index.shard.StoreRecovery.executeRecovery(StoreRecovery.java:122)
	... 7 more
Caused by: [test-idx][[test-idx][8]] IndexShardRestoreFailedException[failed to restore snapshot [test-snap]]; nested: IndexShardRestoreFailedException[Failed to recover index]; nested: IOException[Random IOException];
	at org.elasticsearch.index.snapshots.blobstore.BlobStoreIndexShardRepository.restore(BlobStoreIndexShardRepository.java:208)
	at org.elasticsearch.index.shard.StoreRecovery.restore(StoreRecovery.java:260)
	... 10 more
Caused by: [test-idx][[test-idx][8]] IndexShardRestoreFailedException[Failed to recover index]; nested: IOException[Random IOException];
	at org.elasticsearch.index.snapshots.blobstore.BlobStoreIndexShardRepository$RestoreContext.restore(BlobStoreIndexShardRepository.java:867)
	at org.elasticsearch.index.snapshots.blobstore.BlobStoreIndexShardRepository.restore(BlobStoreIndexShardRepository.java:206)
	... 11 more
Caused by: java.io.IOException: Random IOException
	at org.elasticsearch.snapshots.mockstore.MockRepository$MockBlobStore$MockBlobContainer.maybeIOExceptionOrBlock(MockRepository.java:277)
	at org.elasticsearch.snapshots.mockstore.MockRepository$MockBlobStore$MockBlobContainer.readBlob(MockRepository.java:321)
	at org.elasticsearch.index.snapshots.blobstore.BlobStoreIndexShardRepository$PartSliceStream.openSlice(BlobStoreIndexShardRepository.java:769)
	at org.elasticsearch.index.snapshots.blobstore.SlicedInputStream.nextStream(SlicedInputStream.java:53)
	at org.elasticsearch.index.snapshots.blobstore.SlicedInputStream.currentStream(SlicedInputStream.java:67)
	at org.elasticsearch.index.snapshots.blobstore.SlicedInputStream.read(SlicedInputStream.java:88)
	at java.io.FilterInputStream.read(FilterInputStream.java:133)
	at org.elasticsearch.index.snapshots.blobstore.RateLimitingInputStream.read(RateLimitingInputStream.java:69)
	at java.io.FilterInputStream.read(FilterInputStream.java:107)
	at org.elasticsearch.index.snapshots.blobstore.BlobStoreIndexShardRepository$RestoreContext.restoreFile(BlobStoreIndexShardRepository.java:924)
	at org.elasticsearch.index.snapshots.blobstore.BlobStoreIndexShardRepository$RestoreContext.restore(BlobStoreIndexShardRepository.java:864)
	... 12 more
[2016-03-30 23:02:05,446][WARN ][org.elasticsearch.cluster.action.shard] [node_s0] [test-idx][4] received shard failed for [test-idx][4], node[BGl_MLcDTse8q5N9C0jt5A], [P], v[3], restoring[test-repo:test-snap], s[INITIALIZING], a[id=1T6N3fO8QA-C3UXI5gmYDg], unassigned_info[[reason=ALLOCATION_FAILED], at[2016-03-31T06:02:05.265Z], details[failed recovery, failure IndexShardRecoveryException[failed recovery]; nested: IndexShardRestoreFailedException[restore failed]; nested: IndexShardRestoreFailedException[failed to restore snapshot [test-snap]]; nested: IndexShardRestoreFailedException[Failed to recover index]; nested: NotSerializableExceptionWrapper[Random IOException]; ]], expected_shard_size[0], indexUUID [4jpdB_g0RdurmlwQgV2n7w], message [master {node_s0}{YU4rw4SiR5aBA7JFJFd8EQ}{local}{local[78]}[mode=>local] marked shard as initializing, but shard is marked as failed, resend shard failure], failure [Unknown]
[2016-03-30 23:02:05,448][WARN ][org.elasticsearch.cluster.action.shard] [node_s0] [test-idx][0] received shard failed for [test-idx][0], node[BGl_MLcDTse8q5N9C0jt5A], [P], v[3], restoring[test-repo:test-snap], s[INITIALIZING], a[id=1bjF8JZbS-mh21iOLmq8hw], unassigned_info[[reason=ALLOCATION_FAILED], at[2016-03-31T06:02:05.265Z], details[failed recovery, failure IndexShardRecoveryException[failed recovery]; nested: IndexShardRestoreFailedException[restore failed]; nested: IndexShardRestoreFailedException[failed to restore snapshot [test-snap]]; nested: IndexShardRestoreFailedException[Failed to recover index]; nested: NotSerializableExceptionWrapper[Random IOException]; ]], expected_shard_size[130], indexUUID [4jpdB_g0RdurmlwQgV2n7w], message [master {node_s0}{YU4rw4SiR5aBA7JFJFd8EQ}{local}{local[78]}[mode=>local] marked shard as initializing, but shard is marked as failed, resend shard failure], failure [Unknown]
[2016-03-30 23:02:05,479][WARN ][org.elasticsearch.cluster.action.shard] [node_s0] [test-idx][8] received shard failed for [test-idx][8], node[YU4rw4SiR5aBA7JFJFd8EQ], [P], v[3], restoring[test-repo:test-snap], s[INITIALIZING], a[id=TQ7Zohh3RYy_z77XFbA05Q], unassigned_info[[reason=ALLOCATION_FAILED], at[2016-03-31T06:02:05.265Z], details[failed recovery, failure IndexShardRecoveryException[failed recovery]; nested: IndexShardRestoreFailedException[restore failed]; nested: IndexShardRestoreFailedException[failed to restore snapshot [test-snap]]; nested: IndexShardRestoreFailedException[Failed to recover index]; nested: NotSerializableExceptionWrapper[Random IOException]; ]], expected_shard_size[130], indexUUID [4jpdB_g0RdurmlwQgV2n7w], message [master {node_s0}{YU4rw4SiR5aBA7JFJFd8EQ}{local}{local[78]}[mode=>local] marked shard as initializing, but shard is marked as failed, resend shard failure], failure [Unknown]
[2016-03-30 23:02:05,489][WARN ][org.elasticsearch.cluster.action.shard] [node_s0] [test-idx][9] received shard failed for [test-idx][9], node[YU4rw4SiR5aBA7JFJFd8EQ], [P], v[3], restoring[test-repo:test-snap], s[INITIALIZING], a[id=l_YL33gnQDmLDeZWkDDxEg], unassigned_info[[reason=ALLOCATION_FAILED], at[2016-03-31T06:02:05.265Z], details[failed recovery, failure IndexShardRecoveryException[failed recovery]; nested: IndexShardRestoreFailedException[restore failed]; nested: IndexShardRestoreFailedException[failed to restore snapshot [test-snap]]; nested: IndexShardRestoreFailedException[Failed to recover index]; nested: NotSerializableExceptionWrapper[Random IOException]; ]], expected_shard_size[130], indexUUID [4jpdB_g0RdurmlwQgV2n7w], message [master {node_s0}{YU4rw4SiR5aBA7JFJFd8EQ}{local}{local[78]}[mode=>local] marked shard as initializing, but shard is marked as failed, resend shard failure], failure [Unknown]
[2016-03-30 23:02:05,499][WARN ][org.elasticsearch.indices.cluster] [node_s0] [[test-idx][7]] marking and sending shard failed due to [failed recovery]
[test-idx][[test-idx][7]] IndexShardRecoveryException[failed recovery]; nested: IndexShardRestoreFailedException[restore failed]; nested: IndexShardRestoreFailedException[failed to restore snapshot [test-snap]]; nested: IndexShardRestoreFailedException[Failed to recover index]; nested: IOException[Random IOException];
	at org.elasticsearch.index.shard.StoreRecovery.executeRecovery(StoreRecovery.java:165)
	at org.elasticsearch.index.shard.StoreRecovery.recoverFromRepository(StoreRecovery.java:97)
	at org.elasticsearch.index.shard.IndexShard.restoreFromRepository(IndexShard.java:1110)
	at org.elasticsearch.indices.cluster.IndicesClusterStateService.lambda$applyInitializingShard$128(IndicesClusterStateService.java:654)
	at org.elasticsearch.indices.cluster.IndicesClusterStateService$$Lambda$561/1683367258.run(Unknown Source)
	at java.util.concurrent.ThreadPoolExecutor.runWorker(ThreadPoolExecutor.java:1142)
	at java.util.concurrent.ThreadPoolExecutor$Worker.run(ThreadPoolExecutor.java:617)
	at java.lang.Thread.run(Thread.java:745)
Caused by: [test-idx][[test-idx][7]] IndexShardRestoreFailedException[restore failed]; nested: IndexShardRestoreFailedException[failed to restore snapshot [test-snap]]; nested: IndexShardRestoreFailedException[Failed to recover index]; nested: IOException[Random IOException];
	at org.elasticsearch.index.shard.StoreRecovery.restore(StoreRecovery.java:265)
	at org.elasticsearch.index.shard.StoreRecovery.lambda$recoverFromRepository$123(StoreRecovery.java:99)
	at org.elasticsearch.index.shard.StoreRecovery$$Lambda$562/1148766141.run(Unknown Source)
	at org.elasticsearch.index.shard.StoreRecovery.executeRecovery(StoreRecovery.java:122)
	... 7 more
Caused by: [test-idx][[test-idx][7]] IndexShardRestoreFailedException[failed to restore snapshot [test-snap]]; nested: IndexShardRestoreFailedException[Failed to recover index]; nested: IOException[Random IOException];
	at org.elasticsearch.index.snapshots.blobstore.BlobStoreIndexShardRepository.restore(BlobStoreIndexShardRepository.java:208)
	at org.elasticsearch.index.shard.StoreRecovery.restore(StoreRecovery.java:260)
	... 10 more
Caused by: [test-idx][[test-idx][7]] IndexShardRestoreFailedException[Failed to recover index]; nested: IOException[Random IOException];
	at org.elasticsearch.index.snapshots.blobstore.BlobStoreIndexShardRepository$RestoreContext.restore(BlobStoreIndexShardRepository.java:867)
	at org.elasticsearch.index.snapshots.blobstore.BlobStoreIndexShardRepository.restore(BlobStoreIndexShardRepository.java:206)
	... 11 more
Caused by: java.io.IOException: Random IOException
	at org.elasticsearch.snapshots.mockstore.MockRepository$MockBlobStore$MockBlobContainer.maybeIOExceptionOrBlock(MockRepository.java:277)
	at org.elasticsearch.snapshots.mockstore.MockRepository$MockBlobStore$MockBlobContainer.readBlob(MockRepository.java:321)
	at org.elasticsearch.index.snapshots.blobstore.BlobStoreIndexShardRepository$PartSliceStream.openSlice(BlobStoreIndexShardRepository.java:769)
	at org.elasticsearch.index.snapshots.blobstore.SlicedInputStream.nextStream(SlicedInputStream.java:53)
	at org.elasticsearch.index.snapshots.blobstore.SlicedInputStream.currentStream(SlicedInputStream.java:67)
	at org.elasticsearch.index.snapshots.blobstore.SlicedInputStream.read(SlicedInputStream.java:88)
	at java.io.FilterInputStream.read(FilterInputStream.java:133)
	at org.elasticsearch.index.snapshots.blobstore.RateLimitingInputStream.read(RateLimitingInputStream.java:69)
	at java.io.FilterInputStream.read(FilterInputStream.java:107)
	at org.elasticsearch.index.snapshots.blobstore.BlobStoreIndexShardRepository$RestoreContext.restoreFile(BlobStoreIndexShardRepository.java:924)
	at org.elasticsearch.index.snapshots.blobstore.BlobStoreIndexShardRepository$RestoreContext.restore(BlobStoreIndexShardRepository.java:864)
	... 12 more
[2016-03-30 23:02:05,500][WARN ][org.elasticsearch.cluster.action.shard] [node_s0] [test-idx][7] received shard failed for [test-idx][7], node[YU4rw4SiR5aBA7JFJFd8EQ], [P], v[5], restoring[test-repo:test-snap], s[INITIALIZING], a[id=mdY7fXHXTFKSNWs7akBstA], unassigned_info[[reason=ALLOCATION_FAILED], at[2016-03-31T06:02:05.342Z], details[failed recovery, failure IndexShardRecoveryException[failed recovery]; nested: IndexShardRestoreFailedException[restore failed]; nested: IndexShardRestoreFailedException[failed to restore snapshot [test-snap]]; nested: IndexShardRestoreFailedException[Failed to recover index]; nested: NotSerializableExceptionWrapper[Random IOException]; ]], expected_shard_size[0], indexUUID [4jpdB_g0RdurmlwQgV2n7w], message [failed recovery], failure [IndexShardRecoveryException[failed recovery]; nested: IndexShardRestoreFailedException[restore failed]; nested: IndexShardRestoreFailedException[failed to restore snapshot [test-snap]]; nested: IndexShardRestoreFailedException[Failed to recover index]; nested: IOException[Random IOException]; ]
[test-idx][[test-idx][7]] IndexShardRecoveryException[failed recovery]; nested: IndexShardRestoreFailedException[restore failed]; nested: IndexShardRestoreFailedException[failed to restore snapshot [test-snap]]; nested: IndexShardRestoreFailedException[Failed to recover index]; nested: IOException[Random IOException];
	at org.elasticsearch.index.shard.StoreRecovery.executeRecovery(StoreRecovery.java:165)
	at org.elasticsearch.index.shard.StoreRecovery.recoverFromRepository(StoreRecovery.java:97)
	at org.elasticsearch.index.shard.IndexShard.restoreFromRepository(IndexShard.java:1110)
	at org.elasticsearch.indices.cluster.IndicesClusterStateService.lambda$applyInitializingShard$128(IndicesClusterStateService.java:654)
	at org.elasticsearch.indices.cluster.IndicesClusterStateService$$Lambda$561/1683367258.run(Unknown Source)
	at java.util.concurrent.ThreadPoolExecutor.runWorker(ThreadPoolExecutor.java:1142)
	at java.util.concurrent.ThreadPoolExecutor$Worker.run(ThreadPoolExecutor.java:617)
	at java.lang.Thread.run(Thread.java:745)
Caused by: [test-idx][[test-idx][7]] IndexShardRestoreFailedException[restore failed]; nested: IndexShardRestoreFailedException[failed to restore snapshot [test-snap]]; nested: IndexShardRestoreFailedException[Failed to recover index]; nested: IOException[Random IOException];
	at org.elasticsearch.index.shard.StoreRecovery.restore(StoreRecovery.java:265)
	at org.elasticsearch.index.shard.StoreRecovery.lambda$recoverFromRepository$123(StoreRecovery.java:99)
	at org.elasticsearch.index.shard.StoreRecovery$$Lambda$562/1148766141.run(Unknown Source)
	at org.elasticsearch.index.shard.StoreRecovery.executeRecovery(StoreRecovery.java:122)
	... 7 more
Caused by: [test-idx][[test-idx][7]] IndexShardRestoreFailedException[failed to restore snapshot [test-snap]]; nested: IndexShardRestoreFailedException[Failed to recover index]; nested: IOException[Random IOException];
	at org.elasticsearch.index.snapshots.blobstore.BlobStoreIndexShardRepository.restore(BlobStoreIndexShardRepository.java:208)
	at org.elasticsearch.index.shard.StoreRecovery.restore(StoreRecovery.java:260)
	... 10 more
Caused by: [test-idx][[test-idx][7]] IndexShardRestoreFailedException[Failed to recover index]; nested: IOException[Random IOException];
	at org.elasticsearch.index.snapshots.blobstore.BlobStoreIndexShardRepository$RestoreContext.restore(BlobStoreIndexShardRepository.java:867)
	at org.elasticsearch.index.snapshots.blobstore.BlobStoreIndexShardRepository.restore(BlobStoreIndexShardRepository.java:206)
	... 11 more
Caused by: java.io.IOException: Random IOException
	at org.elasticsearch.snapshots.mockstore.MockRepository$MockBlobStore$MockBlobContainer.maybeIOExceptionOrBlock(MockRepository.java:277)
	at org.elasticsearch.snapshots.mockstore.MockRepository$MockBlobStore$MockBlobContainer.readBlob(MockRepository.java:321)
	at org.elasticsearch.index.snapshots.blobstore.BlobStoreIndexShardRepository$PartSliceStream.openSlice(BlobStoreIndexShardRepository.java:769)
	at org.elasticsearch.index.snapshots.blobstore.SlicedInputStream.nextStream(SlicedInputStream.java:53)
	at org.elasticsearch.index.snapshots.blobstore.SlicedInputStream.currentStream(SlicedInputStream.java:67)
	at org.elasticsearch.index.snapshots.blobstore.SlicedInputStream.read(SlicedInputStream.java:88)
	at java.io.FilterInputStream.read(FilterInputStream.java:133)
	at org.elasticsearch.index.snapshots.blobstore.RateLimitingInputStream.read(RateLimitingInputStream.java:69)
	at java.io.FilterInputStream.read(FilterInputStream.java:107)
	at org.elasticsearch.index.snapshots.blobstore.BlobStoreIndexShardRepository$RestoreContext.restoreFile(BlobStoreIndexShardRepository.java:924)
	at org.elasticsearch.index.snapshots.blobstore.BlobStoreIndexShardRepository$RestoreContext.restore(BlobStoreIndexShardRepository.java:864)
	... 12 more
[2016-03-30 23:02:05,522][WARN ][org.elasticsearch.cluster.action.shard] [node_s0] [test-idx][2] received shard failed for [test-idx][2], node[BGl_MLcDTse8q5N9C0jt5A], [P], v[3], restoring[test-repo:test-snap], s[INITIALIZING], a[id=xS_0_13oTu-G2F4NzhuMpA], unassigned_info[[reason=ALLOCATION_FAILED], at[2016-03-31T06:02:05.265Z], details[failed recovery, failure IndexShardRecoveryException[failed recovery]; nested: IndexShardRestoreFailedException[restore failed]; nested: IndexShardRestoreFailedException[failed to restore snapshot [test-snap]]; nested: IndexShardRestoreFailedException[Failed to recover index]; nested: NotSerializableExceptionWrapper[Random IOException]; ]], expected_shard_size[0], indexUUID [4jpdB_g0RdurmlwQgV2n7w], message [master {node_s0}{YU4rw4SiR5aBA7JFJFd8EQ}{local}{local[78]}[mode=>local] marked shard as initializing, but shard is marked as failed, resend shard failure], failure [Unknown]
[2016-03-30 23:02:05,535][WARN ][org.elasticsearch.cluster.action.shard] [node_s0] [test-idx][4] received shard failed for [test-idx][4], node[BGl_MLcDTse8q5N9C0jt5A], [P], v[3], restoring[test-repo:test-snap], s[INITIALIZING], a[id=1T6N3fO8QA-C3UXI5gmYDg], unassigned_info[[reason=ALLOCATION_FAILED], at[2016-03-31T06:02:05.265Z], details[failed recovery, failure IndexShardRecoveryException[failed recovery]; nested: IndexShardRestoreFailedException[restore failed]; nested: IndexShardRestoreFailedException[failed to restore snapshot [test-snap]]; nested: IndexShardRestoreFailedException[Failed to recover index]; nested: NotSerializableExceptionWrapper[Random IOException]; ]], expected_shard_size[0], indexUUID [4jpdB_g0RdurmlwQgV2n7w], message [master {node_s0}{YU4rw4SiR5aBA7JFJFd8EQ}{local}{local[78]}[mode=>local] marked shard as initializing, but shard is marked as failed, resend shard failure], failure [Unknown]
[2016-03-30 23:02:05,537][WARN ][org.elasticsearch.cluster.action.shard] [node_s0] [test-idx][0] received shard failed for [test-idx][0], node[BGl_MLcDTse8q5N9C0jt5A], [P], v[3], restoring[test-repo:test-snap], s[INITIALIZING], a[id=1bjF8JZbS-mh21iOLmq8hw], unassigned_info[[reason=ALLOCATION_FAILED], at[2016-03-31T06:02:05.265Z], details[failed recovery, failure IndexShardRecoveryException[failed recovery]; nested: IndexShardRestoreFailedException[restore failed]; nested: IndexShardRestoreFailedException[failed to restore snapshot [test-snap]]; nested: IndexShardRestoreFailedException[Failed to recover index]; nested: NotSerializableExceptionWrapper[Random IOException]; ]], expected_shard_size[130], indexUUID [4jpdB_g0RdurmlwQgV2n7w], message [master {node_s0}{YU4rw4SiR5aBA7JFJFd8EQ}{local}{local[78]}[mode=>local] marked shard as initializing, but shard is marked as failed, resend shard failure], failure [Unknown]
[2016-03-30 23:02:05,550][WARN ][org.elasticsearch.cluster.action.shard] [node_s0] [test-idx][7] received shard failed for [test-idx][7], node[YU4rw4SiR5aBA7JFJFd8EQ], [P], v[5], restoring[test-repo:test-snap], s[INITIALIZING], a[id=mdY7fXHXTFKSNWs7akBstA], unassigned_info[[reason=ALLOCATION_FAILED], at[2016-03-31T06:02:05.342Z], details[failed recovery, failure IndexShardRecoveryException[failed recovery]; nested: IndexShardRestoreFailedException[restore failed]; nested: IndexShardRestoreFailedException[failed to restore snapshot [test-snap]]; nested: IndexShardRestoreFailedException[Failed to recover index]; nested: NotSerializableExceptionWrapper[Random IOException]; ]], expected_shard_size[0], indexUUID [4jpdB_g0RdurmlwQgV2n7w], message [master {node_s0}{YU4rw4SiR5aBA7JFJFd8EQ}{local}{local[78]}[mode=>local] marked shard as initializing, but shard is marked as failed, resend shard failure], failure [Unknown]
[2016-03-30 23:02:05,556][WARN ][org.elasticsearch.cluster.action.shard] [node_s0] [test-idx][9] received shard failed for [test-idx][9], node[YU4rw4SiR5aBA7JFJFd8EQ], [P], v[3], restoring[test-repo:test-snap], s[INITIALIZING], a[id=l_YL33gnQDmLDeZWkDDxEg], unassigned_info[[reason=ALLOCATION_FAILED], at[2016-03-31T06:02:05.265Z], details[failed recovery, failure IndexShardRecoveryException[failed recovery]; nested: IndexShardRestoreFailedException[restore failed]; nested: IndexShardRestoreFailedException[failed to restore snapshot [test-snap]]; nested: IndexShardRestoreFailedException[Failed to recover index]; nested: NotSerializableExceptionWrapper[Random IOException]; ]], expected_shard_size[130], indexUUID [4jpdB_g0RdurmlwQgV2n7w], message [master {node_s0}{YU4rw4SiR5aBA7JFJFd8EQ}{local}{local[78]}[mode=>local] marked shard as initializing, but shard is marked as failed, resend shard failure], failure [Unknown]
[2016-03-30 23:02:05,556][WARN ][org.elasticsearch.cluster.action.shard] [node_s0] [test-idx][8] received shard failed for [test-idx][8], node[YU4rw4SiR5aBA7JFJFd8EQ], [P], v[3], restoring[test-repo:test-snap], s[INITIALIZING], a[id=TQ7Zohh3RYy_z77XFbA05Q], unassigned_info[[reason=ALLOCATION_FAILED], at[2016-03-31T06:02:05.265Z], details[failed recovery, failure IndexShardRecoveryException[failed recovery]; nested: IndexShardRestoreFailedException[restore failed]; nested: IndexShardRestoreFailedException[failed to restore snapshot [test-snap]]; nested: IndexShardRestoreFailedException[Failed to recover index]; nested: NotSerializableExceptionWrapper[Random IOException]; ]], expected_shard_size[130], indexUUID [4jpdB_g0RdurmlwQgV2n7w], message [master {node_s0}{YU4rw4SiR5aBA7JFJFd8EQ}{local}{local[78]}[mode=>local] marked shard as initializing, but shard is marked as failed, resend shard failure], failure [Unknown]
[2016-03-30 23:02:05,624][WARN ][org.elasticsearch.indices.cluster] [node_s1] [[test-idx][8]] marking and sending shard failed due to [failed recovery]
[test-idx][[test-idx][8]] IndexShardRecoveryException[failed recovery]; nested: IndexShardRestoreFailedException[restore failed]; nested: IndexShardRestoreFailedException[failed to restore snapshot [test-snap]]; nested: IndexShardRestoreFailedException[Failed to recover index]; nested: IOException[Random IOException];
	at org.elasticsearch.index.shard.StoreRecovery.executeRecovery(StoreRecovery.java:165)
	at org.elasticsearch.index.shard.StoreRecovery.recoverFromRepository(StoreRecovery.java:97)
	at org.elasticsearch.index.shard.IndexShard.restoreFromRepository(IndexShard.java:1110)
	at org.elasticsearch.indices.cluster.IndicesClusterStateService.lambda$applyInitializingShard$128(IndicesClusterStateService.java:654)
	at org.elasticsearch.indices.cluster.IndicesClusterStateService$$Lambda$561/1683367258.run(Unknown Source)
	at java.util.concurrent.ThreadPoolExecutor.runWorker(ThreadPoolExecutor.java:1142)
	at java.util.concurrent.ThreadPoolExecutor$Worker.run(ThreadPoolExecutor.java:617)
	at java.lang.Thread.run(Thread.java:745)
Caused by: [test-idx][[test-idx][8]] IndexShardRestoreFailedException[restore failed]; nested: IndexShardRestoreFailedException[failed to restore snapshot [test-snap]]; nested: IndexShardRestoreFailedException[Failed to recover index]; nested: IOException[Random IOException];
	at org.elasticsearch.index.shard.StoreRecovery.restore(StoreRecovery.java:265)
	at org.elasticsearch.index.shard.StoreRecovery.lambda$recoverFromRepository$123(StoreRecovery.java:99)
	at org.elasticsearch.index.shard.StoreRecovery$$Lambda$562/1148766141.run(Unknown Source)
	at org.elasticsearch.index.shard.StoreRecovery.executeRecovery(StoreRecovery.java:122)
	... 7 more
Caused by: [test-idx][[test-idx][8]] IndexShardRestoreFailedException[failed to restore snapshot [test-snap]]; nested: IndexShardRestoreFailedException[Failed to recover index]; nested: IOException[Random IOException];
	at org.elasticsearch.index.snapshots.blobstore.BlobStoreIndexShardRepository.restore(BlobStoreIndexShardRepository.java:208)
	at org.elasticsearch.index.shard.StoreRecovery.restore(StoreRecovery.java:260)
	... 10 more
Caused by: [test-idx][[test-idx][8]] IndexShardRestoreFailedException[Failed to recover index]; nested: IOException[Random IOException];
	at org.elasticsearch.index.snapshots.blobstore.BlobStoreIndexShardRepository$RestoreContext.restore(BlobStoreIndexShardRepository.java:867)
	at org.elasticsearch.index.snapshots.blobstore.BlobStoreIndexShardRepository.restore(BlobStoreIndexShardRepository.java:206)
	... 11 more
Caused by: java.io.IOException: Random IOException
	at org.elasticsearch.snapshots.mockstore.MockRepository$MockBlobStore$MockBlobContainer.maybeIOExceptionOrBlock(MockRepository.java:277)
	at org.elasticsearch.snapshots.mockstore.MockRepository$MockBlobStore$MockBlobContainer.readBlob(MockRepository.java:321)
	at org.elasticsearch.index.snapshots.blobstore.BlobStoreIndexShardRepository$PartSliceStream.openSlice(BlobStoreIndexShardRepository.java:769)
	at org.elasticsearch.index.snapshots.blobstore.SlicedInputStream.nextStream(SlicedInputStream.java:53)
	at org.elasticsearch.index.snapshots.blobstore.SlicedInputStream.currentStream(SlicedInputStream.java:67)
	at org.elasticsearch.index.snapshots.blobstore.SlicedInputStream.read(SlicedInputStream.java:88)
	at java.io.FilterInputStream.read(FilterInputStream.java:133)
	at org.elasticsearch.index.snapshots.blobstore.RateLimitingInputStream.read(RateLimitingInputStream.java:69)
	at java.io.FilterInputStream.read(FilterInputStream.java:107)
	at org.elasticsearch.index.snapshots.blobstore.BlobStoreIndexShardRepository$RestoreContext.restoreFile(BlobStoreIndexShardRepository.java:924)
	at org.elasticsearch.index.snapshots.blobstore.BlobStoreIndexShardRepository$RestoreContext.restore(BlobStoreIndexShardRepository.java:864)
	... 12 more
[2016-03-30 23:02:05,630][WARN ][org.elasticsearch.cluster.action.shard] [node_s0] [test-idx][8] received shard failed for [test-idx][8], node[BGl_MLcDTse8q5N9C0jt5A], [P], v[5], restoring[test-repo:test-snap], s[INITIALIZING], a[id=9MM8GUIPSZi5StKoNvp_fQ], unassigned_info[[reason=ALLOCATION_FAILED], at[2016-03-31T06:02:05.567Z], details[failed recovery, failure IndexShardRecoveryException[failed recovery]; nested: IndexShardRestoreFailedException[restore failed]; nested: IndexShardRestoreFailedException[failed to restore snapshot [test-snap]]; nested: IndexShardRestoreFailedException[Failed to recover index]; nested: NotSerializableExceptionWrapper[Random IOException]; ]], expected_shard_size[130], indexUUID [4jpdB_g0RdurmlwQgV2n7w], message [failed recovery], failure [IndexShardRecoveryException[failed recovery]; nested: IndexShardRestoreFailedException[restore failed]; nested: IndexShardRestoreFailedException[failed to restore snapshot [test-snap]]; nested: IndexShardRestoreFailedException[Failed to recover index]; nested: NotSerializableExceptionWrapper[Random IOException]; ]
[test-idx][[test-idx][8]] IndexShardRecoveryException[failed recovery]; nested: IndexShardRestoreFailedException[restore failed]; nested: IndexShardRestoreFailedException[failed to restore snapshot [test-snap]]; nested: IndexShardRestoreFailedException[Failed to recover index]; nested: NotSerializableExceptionWrapper[Random IOException];
	at org.elasticsearch.index.shard.StoreRecovery.executeRecovery(StoreRecovery.java:165)
	at org.elasticsearch.index.shard.StoreRecovery.recoverFromRepository(StoreRecovery.java:97)
	at org.elasticsearch.index.shard.IndexShard.restoreFromRepository(IndexShard.java:1110)
	at org.elasticsearch.indices.cluster.IndicesClusterStateService.lambda$applyInitializingShard$128(IndicesClusterStateService.java:654)
	at org.elasticsearch.indices.cluster.IndicesClusterStateService$$Lambda$561/1683367258.run(Unknown Source)
	at java.util.concurrent.ThreadPoolExecutor.runWorker(ThreadPoolExecutor.java:1142)
	at java.util.concurrent.ThreadPoolExecutor$Worker.run(ThreadPoolExecutor.java:617)
	at java.lang.Thread.run(Thread.java:745)
Caused by: [test-idx][[test-idx][8]] IndexShardRestoreFailedException[restore failed]; nested: IndexShardRestoreFailedException[failed to restore snapshot [test-snap]]; nested: IndexShardRestoreFailedException[Failed to recover index]; nested: NotSerializableExceptionWrapper[Random IOException];
	at org.elasticsearch.index.shard.StoreRecovery.restore(StoreRecovery.java:265)
	at org.elasticsearch.index.shard.StoreRecovery.lambda$recoverFromRepository$123(StoreRecovery.java:99)
	at org.elasticsearch.index.shard.StoreRecovery$$Lambda$562/1148766141.run(Unknown Source)
	at org.elasticsearch.index.shard.StoreRecovery.executeRecovery(StoreRecovery.java:122)
	... 7 more
Caused by: [test-idx][[test-idx][8]] IndexShardRestoreFailedException[failed to restore snapshot [test-snap]]; nested: IndexShardRestoreFailedException[Failed to recover index]; nested: NotSerializableExceptionWrapper[Random IOException];
	at org.elasticsearch.index.snapshots.blobstore.BlobStoreIndexShardRepository.restore(BlobStoreIndexShardRepository.java:208)
	at org.elasticsearch.index.shard.StoreRecovery.restore(StoreRecovery.java:260)
	... 10 more
Caused by: [test-idx][[test-idx][8]] IndexShardRestoreFailedException[Failed to recover index]; nested: NotSerializableExceptionWrapper[Random IOException];
	at org.elasticsearch.index.snapshots.blobstore.BlobStoreIndexShardRepository$RestoreContext.restore(BlobStoreIndexShardRepository.java:867)
	at org.elasticsearch.index.snapshots.blobstore.BlobStoreIndexShardRepository.restore(BlobStoreIndexShardRepository.java:206)
	... 11 more
Caused by: NotSerializableExceptionWrapper[Random IOException]
	at org.elasticsearch.snapshots.mockstore.MockRepository$MockBlobStore$MockBlobContainer.maybeIOExceptionOrBlock(MockRepository.java:277)
	at org.elasticsearch.snapshots.mockstore.MockRepository$MockBlobStore$MockBlobContainer.readBlob(MockRepository.java:321)
	at org.elasticsearch.index.snapshots.blobstore.BlobStoreIndexShardRepository$PartSliceStream.openSlice(BlobStoreIndexShardRepository.java:769)
	at org.elasticsearch.index.snapshots.blobstore.SlicedInputStream.nextStream(SlicedInputStream.java:53)
	at org.elasticsearch.index.snapshots.blobstore.SlicedInputStream.currentStream(SlicedInputStream.java:67)
	at org.elasticsearch.index.snapshots.blobstore.SlicedInputStream.read(SlicedInputStream.java:88)
	at java.io.FilterInputStream.read(FilterInputStream.java:133)
	at org.elasticsearch.index.snapshots.blobstore.RateLimitingInputStream.read(RateLimitingInputStream.java:69)
	at java.io.FilterInputStream.read(FilterInputStream.java:107)
	at org.elasticsearch.index.snapshots.blobstore.BlobStoreIndexShardRepository$RestoreContext.restoreFile(BlobStoreIndexShardRepository.java:924)
	at org.elasticsearch.index.snapshots.blobstore.BlobStoreIndexShardRepository$RestoreContext.restore(BlobStoreIndexShardRepository.java:864)
	... 12 more
[2016-03-30 23:02:05,636][WARN ][org.elasticsearch.indices.cluster] [node_s1] [[test-idx][7]] marking and sending shard failed due to [failed recovery]
[test-idx][[test-idx][7]] IndexShardRecoveryException[failed recovery]; nested: IndexShardRestoreFailedException[restore failed]; nested: IndexShardRestoreFailedException[failed to restore snapshot [test-snap]]; nested: IndexShardRestoreFailedException[Failed to recover index]; nested: IOException[Random IOException];
	at org.elasticsearch.index.shard.StoreRecovery.executeRecovery(StoreRecovery.java:165)
	at org.elasticsearch.index.shard.StoreRecovery.recoverFromRepository(StoreRecovery.java:97)
	at org.elasticsearch.index.shard.IndexShard.restoreFromRepository(IndexShard.java:1110)
	at org.elasticsearch.indices.cluster.IndicesClusterStateService.lambda$applyInitializingShard$128(IndicesClusterStateService.java:654)
	at org.elasticsearch.indices.cluster.IndicesClusterStateService$$Lambda$561/1683367258.run(Unknown Source)
	at java.util.concurrent.ThreadPoolExecutor.runWorker(ThreadPoolExecutor.java:1142)
	at java.util.concurrent.ThreadPoolExecutor$Worker.run(ThreadPoolExecutor.java:617)
	at java.lang.Thread.run(Thread.java:745)
Caused by: [test-idx][[test-idx][7]] IndexShardRestoreFailedException[restore failed]; nested: IndexShardRestoreFailedException[failed to restore snapshot [test-snap]]; nested: IndexShardRestoreFailedException[Failed to recover index]; nested: IOException[Random IOException];
	at org.elasticsearch.index.shard.StoreRecovery.restore(StoreRecovery.java:265)
	at org.elasticsearch.index.shard.StoreRecovery.lambda$recoverFromRepository$123(StoreRecovery.java:99)
	at org.elasticsearch.index.shard.StoreRecovery$$Lambda$562/1148766141.run(Unknown Source)
	at org.elasticsearch.index.shard.StoreRecovery.executeRecovery(StoreRecovery.java:122)
	... 7 more
Caused by: [test-idx][[test-idx][7]] IndexShardRestoreFailedException[failed to restore snapshot [test-snap]]; nested: IndexShardRestoreFailedException[Failed to recover index]; nested: IOException[Random IOException];
	at org.elasticsearch.index.snapshots.blobstore.BlobStoreIndexShardRepository.restore(BlobStoreIndexShardRepository.java:208)
	at org.elasticsearch.index.shard.StoreRecovery.restore(StoreRecovery.java:260)
	... 10 more
Caused by: [test-idx][[test-idx][7]] IndexShardRestoreFailedException[Failed to recover index]; nested: IOException[Random IOException];
	at org.elasticsearch.index.snapshots.blobstore.BlobStoreIndexShardRepository$RestoreContext.restore(BlobStoreIndexShardRepository.java:867)
	at org.elasticsearch.index.snapshots.blobstore.BlobStoreIndexShardRepository.restore(BlobStoreIndexShardRepository.java:206)
	... 11 more
Caused by: java.io.IOException: Random IOException
	at org.elasticsearch.snapshots.mockstore.MockRepository$MockBlobStore$MockBlobContainer.maybeIOExceptionOrBlock(MockRepository.java:277)
	at org.elasticsearch.snapshots.mockstore.MockRepository$MockBlobStore$MockBlobContainer.readBlob(MockRepository.java:321)
	at org.elasticsearch.index.snapshots.blobstore.BlobStoreIndexShardRepository$PartSliceStream.openSlice(BlobStoreIndexShardRepository.java:769)
	at org.elasticsearch.index.snapshots.blobstore.SlicedInputStream.nextStream(SlicedInputStream.java:53)
	at org.elasticsearch.index.snapshots.blobstore.SlicedInputStream.currentStream(SlicedInputStream.java:67)
	at org.elasticsearch.index.snapshots.blobstore.SlicedInputStream.read(SlicedInputStream.java:88)
	at java.io.FilterInputStream.read(FilterInputStream.java:133)
	at org.elasticsearch.index.snapshots.blobstore.RateLimitingInputStream.read(RateLimitingInputStream.java:69)
	at java.io.FilterInputStream.read(FilterInputStream.java:107)
	at org.elasticsearch.index.snapshots.blobstore.BlobStoreIndexShardRepository$RestoreContext.restoreFile(BlobStoreIndexShardRepository.java:924)
	at org.elasticsearch.index.snapshots.blobstore.BlobStoreIndexShardRepository$RestoreContext.restore(BlobStoreIndexShardRepository.java:864)
	... 12 more
[2016-03-30 23:02:05,641][WARN ][org.elasticsearch.indices.cluster] [node_s1] [[test-idx][9]] marking and sending shard failed due to [failed recovery]
[test-idx][[test-idx][9]] IndexShardRecoveryException[failed recovery]; nested: IndexShardRestoreFailedException[restore failed]; nested: IndexShardRestoreFailedException[failed to restore snapshot [test-snap]]; nested: IndexShardRestoreFailedException[Failed to recover index]; nested: IOException[Random IOException];
	at org.elasticsearch.index.shard.StoreRecovery.executeRecovery(StoreRecovery.java:165)
	at org.elasticsearch.index.shard.StoreRecovery.recoverFromRepository(StoreRecovery.java:97)
	at org.elasticsearch.index.shard.IndexShard.restoreFromRepository(IndexShard.java:1110)
	at org.elasticsearch.indices.cluster.IndicesClusterStateService.lambda$applyInitializingShard$128(IndicesClusterStateService.java:654)
	at org.elasticsearch.indices.cluster.IndicesClusterStateService$$Lambda$561/1683367258.run(Unknown Source)
	at java.util.concurrent.ThreadPoolExecutor.runWorker(ThreadPoolExecutor.java:1142)
	at java.util.concurrent.ThreadPoolExecutor$Worker.run(ThreadPoolExecutor.java:617)
	at java.lang.Thread.run(Thread.java:745)
Caused by: [test-idx][[test-idx][9]] IndexShardRestoreFailedException[restore failed]; nested: IndexShardRestoreFailedException[failed to restore snapshot [test-snap]]; nested: IndexShardRestoreFailedException[Failed to recover index]; nested: IOException[Random IOException];
	at org.elasticsearch.index.shard.StoreRecovery.restore(StoreRecovery.java:265)
	at org.elasticsearch.index.shard.StoreRecovery.lambda$recoverFromRepository$123(StoreRecovery.java:99)
	at org.elasticsearch.index.shard.StoreRecovery$$Lambda$562/1148766141.run(Unknown Source)
	at org.elasticsearch.index.shard.StoreRecovery.executeRecovery(StoreRecovery.java:122)
	... 7 more
Caused by: [test-idx][[test-idx][9]] IndexShardRestoreFailedException[failed to restore snapshot [test-snap]]; nested: IndexShardRestoreFailedException[Failed to recover index]; nested: IOException[Random IOException];
	at org.elasticsearch.index.snapshots.blobstore.BlobStoreIndexShardRepository.restore(BlobStoreIndexShardRepository.java:208)
	at org.elasticsearch.index.shard.StoreRecovery.restore(StoreRecovery.java:260)
	... 10 more
Caused by: [test-idx][[test-idx][9]] IndexShardRestoreFailedException[Failed to recover index]; nested: IOException[Random IOException];
	at org.elasticsearch.index.snapshots.blobstore.BlobStoreIndexShardRepository$RestoreContext.restore(BlobStoreIndexShardRepository.java:867)
	at org.elasticsearch.index.snapshots.blobstore.BlobStoreIndexShardRepository.restore(BlobStoreIndexShardRepository.java:206)
	... 11 more
Caused by: java.io.IOException: Random IOException
	at org.elasticsearch.snapshots.mockstore.MockRepository$MockBlobStore$MockBlobContainer.maybeIOExceptionOrBlock(MockRepository.java:277)
	at org.elasticsearch.snapshots.mockstore.MockRepository$MockBlobStore$MockBlobContainer.readBlob(MockRepository.java:321)
	at org.elasticsearch.index.snapshots.blobstore.BlobStoreIndexShardRepository$PartSliceStream.openSlice(BlobStoreIndexShardRepository.java:769)
	at org.elasticsearch.index.snapshots.blobstore.SlicedInputStream.nextStream(SlicedInputStream.java:53)
	at org.elasticsearch.index.snapshots.blobstore.SlicedInputStream.currentStream(SlicedInputStream.java:67)
	at org.elasticsearch.index.snapshots.blobstore.SlicedInputStream.read(SlicedInputStream.java:88)
	at java.io.FilterInputStream.read(FilterInputStream.java:133)
	at org.elasticsearch.index.snapshots.blobstore.RateLimitingInputStream.read(RateLimitingInputStream.java:69)
	at java.io.FilterInputStream.read(FilterInputStream.java:107)
	at org.elasticsearch.index.snapshots.blobstore.BlobStoreIndexShardRepository$RestoreContext.restoreFile(BlobStoreIndexShardRepository.java:924)
	at org.elasticsearch.index.snapshots.blobstore.BlobStoreIndexShardRepository$RestoreContext.restore(BlobStoreIndexShardRepository.java:864)
	... 12 more
[2016-03-30 23:02:05,641][WARN ][org.elasticsearch.cluster.action.shard] [node_s0] [test-idx][7] received shard failed for [test-idx][7], node[BGl_MLcDTse8q5N9C0jt5A], [P], v[7], restoring[test-repo:test-snap], s[INITIALIZING], a[id=jm_EELdpQcWWcSL9SjbHGA], unassigned_info[[reason=ALLOCATION_FAILED], at[2016-03-31T06:02:05.567Z], details[failed recovery, failure IndexShardRecoveryException[failed recovery]; nested: IndexShardRestoreFailedException[restore failed]; nested: IndexShardRestoreFailedException[failed to restore snapshot [test-snap]]; nested: IndexShardRestoreFailedException[Failed to recover index]; nested: NotSerializableExceptionWrapper[Random IOException]; ]], expected_shard_size[0], indexUUID [4jpdB_g0RdurmlwQgV2n7w], message [failed recovery], failure [IndexShardRecoveryException[failed recovery]; nested: IndexShardRestoreFailedException[restore failed]; nested: IndexShardRestoreFailedException[failed to restore snapshot [test-snap]]; nested: IndexShardRestoreFailedException[Failed to recover index]; nested: NotSerializableExceptionWrapper[Random IOException]; ]
[test-idx][[test-idx][7]] IndexShardRecoveryException[failed recovery]; nested: IndexShardRestoreFailedException[restore failed]; nested: IndexShardRestoreFailedException[failed to restore snapshot [test-snap]]; nested: IndexShardRestoreFailedException[Failed to recover index]; nested: NotSerializableExceptionWrapper[Random IOException];
	at org.elasticsearch.index.shard.StoreRecovery.executeRecovery(StoreRecovery.java:165)
	at org.elasticsearch.index.shard.StoreRecovery.recoverFromRepository(StoreRecovery.java:97)
	at org.elasticsearch.index.shard.IndexShard.restoreFromRepository(IndexShard.java:1110)
	at org.elasticsearch.indices.cluster.IndicesClusterStateService.lambda$applyInitializingShard$128(IndicesClusterStateService.java:654)
	at org.elasticsearch.indices.cluster.IndicesClusterStateService$$Lambda$561/1683367258.run(Unknown Source)
	at java.util.concurrent.ThreadPoolExecutor.runWorker(ThreadPoolExecutor.java:1142)
	at java.util.concurrent.ThreadPoolExecutor$Worker.run(ThreadPoolExecutor.java:617)
	at java.lang.Thread.run(Thread.java:745)
Caused by: [test-idx][[test-idx][7]] IndexShardRestoreFailedException[restore failed]; nested: IndexShardRestoreFailedException[failed to restore snapshot [test-snap]]; nested: IndexShardRestoreFailedException[Failed to recover index]; nested: NotSerializableExceptionWrapper[Random IOException];
	at org.elasticsearch.index.shard.StoreRecovery.restore(StoreRecovery.java:265)
	at org.elasticsearch.index.shard.StoreRecovery.lambda$recoverFromRepository$123(StoreRecovery.java:99)
	at org.elasticsearch.index.shard.StoreRecovery$$Lambda$562/1148766141.run(Unknown Source)
	at org.elasticsearch.index.shard.StoreRecovery.executeRecovery(StoreRecovery.java:122)
	... 7 more
Caused by: [test-idx][[test-idx][7]] IndexShardRestoreFailedException[failed to restore snapshot [test-snap]]; nested: IndexShardRestoreFailedException[Failed to recover index]; nested: NotSerializableExceptionWrapper[Random IOException];
	at org.elasticsearch.index.snapshots.blobstore.BlobStoreIndexShardRepository.restore(BlobStoreIndexShardRepository.java:208)
	at org.elasticsearch.index.shard.StoreRecovery.restore(StoreRecovery.java:260)
	... 10 more
Caused by: [test-idx][[test-idx][7]] IndexShardRestoreFailedException[Failed to recover index]; nested: NotSerializableExceptionWrapper[Random IOException];
	at org.elasticsearch.index.snapshots.blobstore.BlobStoreIndexShardRepository$RestoreContext.restore(BlobStoreIndexShardRepository.java:867)
	at org.elasticsearch.index.snapshots.blobstore.BlobStoreIndexShardRepository.restore(BlobStoreIndexShardRepository.java:206)
	... 11 more
Caused by: NotSerializableExceptionWrapper[Random IOException]
	at org.elasticsearch.snapshots.mockstore.MockRepository$MockBlobStore$MockBlobContainer.maybeIOExceptionOrBlock(MockRepository.java:277)
	at org.elasticsearch.snapshots.mockstore.MockRepository$MockBlobStore$MockBlobContainer.readBlob(MockRepository.java:321)
	at org.elasticsearch.index.snapshots.blobstore.BlobStoreIndexShardRepository$PartSliceStream.openSlice(BlobStoreIndexShardRepository.java:769)
	at org.elasticsearch.index.snapshots.blobstore.SlicedInputStream.nextStream(SlicedInputStream.java:53)
	at org.elasticsearch.index.snapshots.blobstore.SlicedInputStream.currentStream(SlicedInputStream.java:67)
	at org.elasticsearch.index.snapshots.blobstore.SlicedInputStream.read(SlicedInputStream.java:88)
	at java.io.FilterInputStream.read(FilterInputStream.java:133)
	at org.elasticsearch.index.snapshots.blobstore.RateLimitingInputStream.read(RateLimitingInputStream.java:69)
	at java.io.FilterInputStream.read(FilterInputStream.java:107)
	at org.elasticsearch.index.snapshots.blobstore.BlobStoreIndexShardRepository$RestoreContext.restoreFile(BlobStoreIndexShardRepository.java:924)
	at org.elasticsearch.index.snapshots.blobstore.BlobStoreIndexShardRepository$RestoreContext.restore(BlobStoreIndexShardRepository.java:864)
	... 12 more
[2016-03-30 23:02:05,648][WARN ][org.elasticsearch.cluster.action.shard] [node_s0] [test-idx][9] received shard failed for [test-idx][9], node[BGl_MLcDTse8q5N9C0jt5A], [P], v[5], restoring[test-repo:test-snap], s[INITIALIZING], a[id=rmIVd99RQu-nvNric0vR8g], unassigned_info[[reason=ALLOCATION_FAILED], at[2016-03-31T06:02:05.567Z], details[failed recovery, failure IndexShardRecoveryException[failed recovery]; nested: IndexShardRestoreFailedException[restore failed]; nested: IndexShardRestoreFailedException[failed to restore snapshot [test-snap]]; nested: IndexShardRestoreFailedException[Failed to recover index]; nested: NotSerializableExceptionWrapper[Random IOException]; ]], expected_shard_size[130], indexUUID [4jpdB_g0RdurmlwQgV2n7w], message [failed recovery], failure [IndexShardRecoveryException[failed recovery]; nested: IndexShardRestoreFailedException[restore failed]; nested: IndexShardRestoreFailedException[failed to restore snapshot [test-snap]]; nested: IndexShardRestoreFailedException[Failed to recover index]; nested: NotSerializableExceptionWrapper[Random IOException]; ]
[test-idx][[test-idx][9]] IndexShardRecoveryException[failed recovery]; nested: IndexShardRestoreFailedException[restore failed]; nested: IndexShardRestoreFailedException[failed to restore snapshot [test-snap]]; nested: IndexShardRestoreFailedException[Failed to recover index]; nested: NotSerializableExceptionWrapper[Random IOException];
	at org.elasticsearch.index.shard.StoreRecovery.executeRecovery(StoreRecovery.java:165)
	at org.elasticsearch.index.shard.StoreRecovery.recoverFromRepository(StoreRecovery.java:97)
	at org.elasticsearch.index.shard.IndexShard.restoreFromRepository(IndexShard.java:1110)
	at org.elasticsearch.indices.cluster.IndicesClusterStateService.lambda$applyInitializingShard$128(IndicesClusterStateService.java:654)
	at org.elasticsearch.indices.cluster.IndicesClusterStateService$$Lambda$561/1683367258.run(Unknown Source)
	at java.util.concurrent.ThreadPoolExecutor.runWorker(ThreadPoolExecutor.java:1142)
	at java.util.concurrent.ThreadPoolExecutor$Worker.run(ThreadPoolExecutor.java:617)
	at java.lang.Thread.run(Thread.java:745)
Caused by: [test-idx][[test-idx][9]] IndexShardRestoreFailedException[restore failed]; nested: IndexShardRestoreFailedException[failed to restore snapshot [test-snap]]; nested: IndexShardRestoreFailedException[Failed to recover index]; nested: NotSerializableExceptionWrapper[Random IOException];
	at org.elasticsearch.index.shard.StoreRecovery.restore(StoreRecovery.java:265)
	at org.elasticsearch.index.shard.StoreRecovery.lambda$recoverFromRepository$123(StoreRecovery.java:99)
	at org.elasticsearch.index.shard.StoreRecovery$$Lambda$562/1148766141.run(Unknown Source)
	at org.elasticsearch.index.shard.StoreRecovery.executeRecovery(StoreRecovery.java:122)
	... 7 more
Caused by: [test-idx][[test-idx][9]] IndexShardRestoreFailedException[failed to restore snapshot [test-snap]]; nested: IndexShardRestoreFailedException[Failed to recover index]; nested: NotSerializableExceptionWrapper[Random IOException];
	at org.elasticsearch.index.snapshots.blobstore.BlobStoreIndexShardRepository.restore(BlobStoreIndexShardRepository.java:208)
	at org.elasticsearch.index.shard.StoreRecovery.restore(StoreRecovery.java:260)
	... 10 more
Caused by: [test-idx][[test-idx][9]] IndexShardRestoreFailedException[Failed to recover index]; nested: NotSerializableExceptionWrapper[Random IOException];
	at org.elasticsearch.index.snapshots.blobstore.BlobStoreIndexShardRepository$RestoreContext.restore(BlobStoreIndexShardRepository.java:867)
	at org.elasticsearch.index.snapshots.blobstore.BlobStoreIndexShardRepository.restore(BlobStoreIndexShardRepository.java:206)
	... 11 more
Caused by: NotSerializableExceptionWrapper[Random IOException]
	at org.elasticsearch.snapshots.mockstore.MockRepository$MockBlobStore$MockBlobContainer.maybeIOExceptionOrBlock(MockRepository.java:277)
	at org.elasticsearch.snapshots.mockstore.MockRepository$MockBlobStore$MockBlobContainer.readBlob(MockRepository.java:321)
	at org.elasticsearch.index.snapshots.blobstore.BlobStoreIndexShardRepository$PartSliceStream.openSlice(BlobStoreIndexShardRepository.java:769)
	at org.elasticsearch.index.snapshots.blobstore.SlicedInputStream.nextStream(SlicedInputStream.java:53)
	at org.elasticsearch.index.snapshots.blobstore.SlicedInputStream.currentStream(SlicedInputStream.java:67)
	at org.elasticsearch.index.snapshots.blobstore.SlicedInputStream.read(SlicedInputStream.java:88)
	at java.io.FilterInputStream.read(FilterInputStream.java:133)
	at org.elasticsearch.index.snapshots.blobstore.RateLimitingInputStream.read(RateLimitingInputStream.java:69)
	at java.io.FilterInputStream.read(FilterInputStream.java:107)
	at org.elasticsearch.index.snapshots.blobstore.BlobStoreIndexShardRepository$RestoreContext.restoreFile(BlobStoreIndexShardRepository.java:924)
	at org.elasticsearch.index.snapshots.blobstore.BlobStoreIndexShardRepository$RestoreContext.restore(BlobStoreIndexShardRepository.java:864)
	... 12 more
[2016-03-30 23:02:05,656][WARN ][org.elasticsearch.cluster.action.shard] [node_s0] [test-idx][9] received shard failed for [test-idx][9], node[BGl_MLcDTse8q5N9C0jt5A], [P], v[5], restoring[test-repo:test-snap], s[INITIALIZING], a[id=rmIVd99RQu-nvNric0vR8g], unassigned_info[[reason=ALLOCATION_FAILED], at[2016-03-31T06:02:05.567Z], details[failed recovery, failure IndexShardRecoveryException[failed recovery]; nested: IndexShardRestoreFailedException[restore failed]; nested: IndexShardRestoreFailedException[failed to restore snapshot [test-snap]]; nested: IndexShardRestoreFailedException[Failed to recover index]; nested: NotSerializableExceptionWrapper[Random IOException]; ]], expected_shard_size[130], indexUUID [4jpdB_g0RdurmlwQgV2n7w], message [master {node_s0}{YU4rw4SiR5aBA7JFJFd8EQ}{local}{local[78]}[mode=>local] marked shard as initializing, but shard is marked as failed, resend shard failure], failure [Unknown]
[2016-03-30 23:02:05,670][WARN ][org.elasticsearch.indices.cluster] [node_s0] [[test-idx][4]] marking and sending shard failed due to [failed recovery]
[test-idx][[test-idx][4]] IndexShardRecoveryException[failed recovery]; nested: IndexShardRestoreFailedException[restore failed]; nested: IndexShardRestoreFailedException[failed to restore snapshot [test-snap]]; nested: IndexShardRestoreFailedException[Failed to recover index]; nested: IOException[Random IOException];
	at org.elasticsearch.index.shard.StoreRecovery.executeRecovery(StoreRecovery.java:165)
	at org.elasticsearch.index.shard.StoreRecovery.recoverFromRepository(StoreRecovery.java:97)
	at org.elasticsearch.index.shard.IndexShard.restoreFromRepository(IndexShard.java:1110)
	at org.elasticsearch.indices.cluster.IndicesClusterStateService.lambda$applyInitializingShard$128(IndicesClusterStateService.java:654)
	at org.elasticsearch.indices.cluster.IndicesClusterStateService$$Lambda$561/1683367258.run(Unknown Source)
	at java.util.concurrent.ThreadPoolExecutor.runWorker(ThreadPoolExecutor.java:1142)
	at java.util.concurrent.ThreadPoolExecutor$Worker.run(ThreadPoolExecutor.java:617)
	at java.lang.Thread.run(Thread.java:745)
Caused by: [test-idx][[test-idx][4]] IndexShardRestoreFailedException[restore failed]; nested: IndexShardRestoreFailedException[failed to restore snapshot [test-snap]]; nested: IndexShardRestoreFailedException[Failed to recover index]; nested: IOException[Random IOException];
	at org.elasticsearch.index.shard.StoreRecovery.restore(StoreRecovery.java:265)
	at org.elasticsearch.index.shard.StoreRecovery.lambda$recoverFromRepository$123(StoreRecovery.java:99)
	at org.elasticsearch.index.shard.StoreRecovery$$Lambda$562/1148766141.run(Unknown Source)
	at org.elasticsearch.index.shard.StoreRecovery.executeRecovery(StoreRecovery.java:122)
	... 7 more
Caused by: [test-idx][[test-idx][4]] IndexShardRestoreFailedException[failed to restore snapshot [test-snap]]; nested: IndexShardRestoreFailedException[Failed to recover index]; nested: IOException[Random IOException];
	at org.elasticsearch.index.snapshots.blobstore.BlobStoreIndexShardRepository.restore(BlobStoreIndexShardRepository.java:208)
	at org.elasticsearch.index.shard.StoreRecovery.restore(StoreRecovery.java:260)
	... 10 more
Caused by: [test-idx][[test-idx][4]] IndexShardRestoreFailedException[Failed to recover index]; nested: IOException[Random IOException];
	at org.elasticsearch.index.snapshots.blobstore.BlobStoreIndexShardRepository$RestoreContext.restore(BlobStoreIndexShardRepository.java:867)
	at org.elasticsearch.index.snapshots.blobstore.BlobStoreIndexShardRepository.restore(BlobStoreIndexShardRepository.java:206)
	... 11 more
Caused by: java.io.IOException: Random IOException
	at org.elasticsearch.snapshots.mockstore.MockRepository$MockBlobStore$MockBlobContainer.maybeIOExceptionOrBlock(MockRepository.java:277)
	at org.elasticsearch.snapshots.mockstore.MockRepository$MockBlobStore$MockBlobContainer.readBlob(MockRepository.java:321)
	at org.elasticsearch.index.snapshots.blobstore.BlobStoreIndexShardRepository$PartSliceStream.openSlice(BlobStoreIndexShardRepository.java:769)
	at org.elasticsearch.index.snapshots.blobstore.SlicedInputStream.nextStream(SlicedInputStream.java:53)
	at org.elasticsearch.index.snapshots.blobstore.SlicedInputStream.currentStream(SlicedInputStream.java:67)
	at org.elasticsearch.index.snapshots.blobstore.SlicedInputStream.read(SlicedInputStream.java:88)
	at java.io.FilterInputStream.read(FilterInputStream.java:133)
	at org.elasticsearch.index.snapshots.blobstore.RateLimitingInputStream.read(RateLimitingInputStream.java:69)
	at java.io.FilterInputStream.read(FilterInputStream.java:107)
	at org.elasticsearch.index.snapshots.blobstore.BlobStoreIndexShardRepository$RestoreContext.restoreFile(BlobStoreIndexShardRepository.java:924)
	at org.elasticsearch.index.snapshots.blobstore.BlobStoreIndexShardRepository$RestoreContext.restore(BlobStoreIndexShardRepository.java:864)
	... 12 more
[2016-03-30 23:02:05,671][WARN ][org.elasticsearch.cluster.action.shard] [node_s0] [test-idx][4] received shard failed for [test-idx][4], node[YU4rw4SiR5aBA7JFJFd8EQ], [P], v[5], restoring[test-repo:test-snap], s[INITIALIZING], a[id=PXGsa3gTRgS4FSOmf_Xp4Q], unassigned_info[[reason=ALLOCATION_FAILED], at[2016-03-31T06:02:05.566Z], details[failed recovery, failure IndexShardRecoveryException[failed recovery]; nested: IndexShardRestoreFailedException[restore failed]; nested: IndexShardRestoreFailedException[failed to restore snapshot [test-snap]]; nested: IndexShardRestoreFailedException[Failed to recover index]; nested: NotSerializableExceptionWrapper[Random IOException]; ]], expected_shard_size[0], indexUUID [4jpdB_g0RdurmlwQgV2n7w], message [failed recovery], failure [IndexShardRecoveryException[failed recovery]; nested: IndexShardRestoreFailedException[restore failed]; nested: IndexShardRestoreFailedException[failed to restore snapshot [test-snap]]; nested: IndexShardRestoreFailedException[Failed to recover index]; nested: IOException[Random IOException]; ]
[test-idx][[test-idx][4]] IndexShardRecoveryException[failed recovery]; nested: IndexShardRestoreFailedException[restore failed]; nested: IndexShardRestoreFailedException[failed to restore snapshot [test-snap]]; nested: IndexShardRestoreFailedException[Failed to recover index]; nested: IOException[Random IOException];
	at org.elasticsearch.index.shard.StoreRecovery.executeRecovery(StoreRecovery.java:165)
	at org.elasticsearch.index.shard.StoreRecovery.recoverFromRepository(StoreRecovery.java:97)
	at org.elasticsearch.index.shard.IndexShard.restoreFromRepository(IndexShard.java:1110)
	at org.elasticsearch.indices.cluster.IndicesClusterStateService.lambda$applyInitializingShard$128(IndicesClusterStateService.java:654)
	at org.elasticsearch.indices.cluster.IndicesClusterStateService$$Lambda$561/1683367258.run(Unknown Source)
	at java.util.concurrent.ThreadPoolExecutor.runWorker(ThreadPoolExecutor.java:1142)
	at java.util.concurrent.ThreadPoolExecutor$Worker.run(ThreadPoolExecutor.java:617)
	at java.lang.Thread.run(Thread.java:745)
Caused by: [test-idx][[test-idx][4]] IndexShardRestoreFailedException[restore failed]; nested: IndexShardRestoreFailedException[failed to restore snapshot [test-snap]]; nested: IndexShardRestoreFailedException[Failed to recover index]; nested: IOException[Random IOException];
	at org.elasticsearch.index.shard.StoreRecovery.restore(StoreRecovery.java:265)
	at org.elasticsearch.index.shard.StoreRecovery.lambda$recoverFromRepository$123(StoreRecovery.java:99)
	at org.elasticsearch.index.shard.StoreRecovery$$Lambda$562/1148766141.run(Unknown Source)
	at org.elasticsearch.index.shard.StoreRecovery.executeRecovery(StoreRecovery.java:122)
	... 7 more
Caused by: [test-idx][[test-idx][4]] IndexShardRestoreFailedException[failed to restore snapshot [test-snap]]; nested: IndexShardRestoreFailedException[Failed to recover index]; nested: IOException[Random IOException];
	at org.elasticsearch.index.snapshots.blobstore.BlobStoreIndexShardRepository.restore(BlobStoreIndexShardRepository.java:208)
	at org.elasticsearch.index.shard.StoreRecovery.restore(StoreRecovery.java:260)
	... 10 more
Caused by: [test-idx][[test-idx][4]] IndexShardRestoreFailedException[Failed to recover index]; nested: IOException[Random IOException];
	at org.elasticsearch.index.snapshots.blobstore.BlobStoreIndexShardRepository$RestoreContext.restore(BlobStoreIndexShardRepository.java:867)
	at org.elasticsearch.index.snapshots.blobstore.BlobStoreIndexShardRepository.restore(BlobStoreIndexShardRepository.java:206)
	... 11 more
Caused by: java.io.IOException: Random IOException
	at org.elasticsearch.snapshots.mockstore.MockRepository$MockBlobStore$MockBlobContainer.maybeIOExceptionOrBlock(MockRepository.java:277)
	at org.elasticsearch.snapshots.mockstore.MockRepository$MockBlobStore$MockBlobContainer.readBlob(MockRepository.java:321)
	at org.elasticsearch.index.snapshots.blobstore.BlobStoreIndexShardRepository$PartSliceStream.openSlice(BlobStoreIndexShardRepository.java:769)
	at org.elasticsearch.index.snapshots.blobstore.SlicedInputStream.nextStream(SlicedInputStream.java:53)
	at org.elasticsearch.index.snapshots.blobstore.SlicedInputStream.currentStream(SlicedInputStream.java:67)
	at org.elasticsearch.index.snapshots.blobstore.SlicedInputStream.read(SlicedInputStream.java:88)
	at java.io.FilterInputStream.read(FilterInputStream.java:133)
	at org.elasticsearch.index.snapshots.blobstore.RateLimitingInputStream.read(RateLimitingInputStream.java:69)
	at java.io.FilterInputStream.read(FilterInputStream.java:107)
	at org.elasticsearch.index.snapshots.blobstore.BlobStoreIndexShardRepository$RestoreContext.restoreFile(BlobStoreIndexShardRepository.java:924)
	at org.elasticsearch.index.snapshots.blobstore.BlobStoreIndexShardRepository$RestoreContext.restore(BlobStoreIndexShardRepository.java:864)
	... 12 more
[2016-03-30 23:02:05,679][WARN ][org.elasticsearch.indices.cluster] [node_s0] [[test-idx][0]] marking and sending shard failed due to [failed recovery]
[test-idx][[test-idx][0]] IndexShardRecoveryException[failed recovery]; nested: IndexShardRestoreFailedException[restore failed]; nested: IndexShardRestoreFailedException[failed to restore snapshot [test-snap]]; nested: IndexShardRestoreFailedException[Failed to recover index]; nested: IOException[Random IOException];
	at org.elasticsearch.index.shard.StoreRecovery.executeRecovery(StoreRecovery.java:165)
	at org.elasticsearch.index.shard.StoreRecovery.recoverFromRepository(StoreRecovery.java:97)
	at org.elasticsearch.index.shard.IndexShard.restoreFromRepository(IndexShard.java:1110)
	at org.elasticsearch.indices.cluster.IndicesClusterStateService.lambda$applyInitializingShard$128(IndicesClusterStateService.java:654)
	at org.elasticsearch.indices.cluster.IndicesClusterStateService$$Lambda$561/1683367258.run(Unknown Source)
	at java.util.concurrent.ThreadPoolExecutor.runWorker(ThreadPoolExecutor.java:1142)
	at java.util.concurrent.ThreadPoolExecutor$Worker.run(ThreadPoolExecutor.java:617)
	at java.lang.Thread.run(Thread.java:745)
Caused by: [test-idx][[test-idx][0]] IndexShardRestoreFailedException[restore failed]; nested: IndexShardRestoreFailedException[failed to restore snapshot [test-snap]]; nested: IndexShardRestoreFailedException[Failed to recover index]; nested: IOException[Random IOException];
	at org.elasticsearch.index.shard.StoreRecovery.restore(StoreRecovery.java:265)
	at org.elasticsearch.index.shard.StoreRecovery.lambda$recoverFromRepository$123(StoreRecovery.java:99)
	at org.elasticsearch.index.shard.StoreRecovery$$Lambda$562/1148766141.run(Unknown Source)
	at org.elasticsearch.index.shard.StoreRecovery.executeRecovery(StoreRecovery.java:122)
	... 7 more
Caused by: [test-idx][[test-idx][0]] IndexShardRestoreFailedException[failed to restore snapshot [test-snap]]; nested: IndexShardRestoreFailedException[Failed to recover index]; nested: IOException[Random IOException];
	at org.elasticsearch.index.snapshots.blobstore.BlobStoreIndexShardRepository.restore(BlobStoreIndexShardRepository.java:208)
	at org.elasticsearch.index.shard.StoreRecovery.restore(StoreRecovery.java:260)
	... 10 more
Caused by: [test-idx][[test-idx][0]] IndexShardRestoreFailedException[Failed to recover index]; nested: IOException[Random IOException];
	at org.elasticsearch.index.snapshots.blobstore.BlobStoreIndexShardRepository$RestoreContext.restore(BlobStoreIndexShardRepository.java:867)
	at org.elasticsearch.index.snapshots.blobstore.BlobStoreIndexShardRepository.restore(BlobStoreIndexShardRepository.java:206)
	... 11 more
Caused by: java.io.IOException: Random IOException
	at org.elasticsearch.snapshots.mockstore.MockRepository$MockBlobStore$MockBlobContainer.maybeIOExceptionOrBlock(MockRepository.java:277)
	at org.elasticsearch.snapshots.mockstore.MockRepository$MockBlobStore$MockBlobContainer.readBlob(MockRepository.java:321)
	at org.elasticsearch.index.snapshots.blobstore.BlobStoreIndexShardRepository$PartSliceStream.openSlice(BlobStoreIndexShardRepository.java:769)
	at org.elasticsearch.index.snapshots.blobstore.SlicedInputStream.nextStream(SlicedInputStream.java:53)
	at org.elasticsearch.index.snapshots.blobstore.SlicedInputStream.currentStream(SlicedInputStream.java:67)
	at org.elasticsearch.index.snapshots.blobstore.SlicedInputStream.read(SlicedInputStream.java:88)
	at java.io.FilterInputStream.read(FilterInputStream.java:133)
	at org.elasticsearch.index.snapshots.blobstore.RateLimitingInputStream.read(RateLimitingInputStream.java:69)
	at java.io.FilterInputStream.read(FilterInputStream.java:107)
	at org.elasticsearch.index.snapshots.blobstore.BlobStoreIndexShardRepository$RestoreContext.restoreFile(BlobStoreIndexShardRepository.java:924)
	at org.elasticsearch.index.snapshots.blobstore.BlobStoreIndexShardRepository$RestoreContext.restore(BlobStoreIndexShardRepository.java:864)
	... 12 more
[2016-03-30 23:02:05,682][WARN ][org.elasticsearch.cluster.action.shard] [node_s0] [test-idx][0] received shard failed for [test-idx][0], node[YU4rw4SiR5aBA7JFJFd8EQ], [P], v[5], restoring[test-repo:test-snap], s[INITIALIZING], a[id=6f5iupgdTM6xuB9bR0yRaw], unassigned_info[[reason=ALLOCATION_FAILED], at[2016-03-31T06:02:05.567Z], details[failed recovery, failure IndexShardRecoveryException[failed recovery]; nested: IndexShardRestoreFailedException[restore failed]; nested: IndexShardRestoreFailedException[failed to restore snapshot [test-snap]]; nested: IndexShardRestoreFailedException[Failed to recover index]; nested: NotSerializableExceptionWrapper[Random IOException]; ]], expected_shard_size[130], indexUUID [4jpdB_g0RdurmlwQgV2n7w], message [failed recovery], failure [IndexShardRecoveryException[failed recovery]; nested: IndexShardRestoreFailedException[restore failed]; nested: IndexShardRestoreFailedException[failed to restore snapshot [test-snap]]; nested: IndexShardRestoreFailedException[Failed to recover index]; nested: IOException[Random IOException]; ]
[test-idx][[test-idx][0]] IndexShardRecoveryException[failed recovery]; nested: IndexShardRestoreFailedException[restore failed]; nested: IndexShardRestoreFailedException[failed to restore snapshot [test-snap]]; nested: IndexShardRestoreFailedException[Failed to recover index]; nested: IOException[Random IOException];
	at org.elasticsearch.index.shard.StoreRecovery.executeRecovery(StoreRecovery.java:165)
	at org.elasticsearch.index.shard.StoreRecovery.recoverFromRepository(StoreRecovery.java:97)
	at org.elasticsearch.index.shard.IndexShard.restoreFromRepository(IndexShard.java:1110)
	at org.elasticsearch.indices.cluster.IndicesClusterStateService.lambda$applyInitializingShard$128(IndicesClusterStateService.java:654)
	at org.elasticsearch.indices.cluster.IndicesClusterStateService$$Lambda$561/1683367258.run(Unknown Source)
	at java.util.concurrent.ThreadPoolExecutor.runWorker(ThreadPoolExecutor.java:1142)
	at java.util.concurrent.ThreadPoolExecutor$Worker.run(ThreadPoolExecutor.java:617)
	at java.lang.Thread.run(Thread.java:745)
Caused by: [test-idx][[test-idx][0]] IndexShardRestoreFailedException[restore failed]; nested: IndexShardRestoreFailedException[failed to restore snapshot [test-snap]]; nested: IndexShardRestoreFailedException[Failed to recover index]; nested: IOException[Random IOException];
	at org.elasticsearch.index.shard.StoreRecovery.restore(StoreRecovery.java:265)
	at org.elasticsearch.index.shard.StoreRecovery.lambda$recoverFromRepository$123(StoreRecovery.java:99)
	at org.elasticsearch.index.shard.StoreRecovery$$Lambda$562/1148766141.run(Unknown Source)
	at org.elasticsearch.index.shard.StoreRecovery.executeRecovery(StoreRecovery.java:122)
	... 7 more
Caused by: [test-idx][[test-idx][0]] IndexShardRestoreFailedException[failed to restore snapshot [test-snap]]; nested: IndexShardRestoreFailedException[Failed to recover index]; nested: IOException[Random IOException];
	at org.elasticsearch.index.snapshots.blobstore.BlobStoreIndexShardRepository.restore(BlobStoreIndexShardRepository.java:208)
	at org.elasticsearch.index.shard.StoreRecovery.restore(StoreRecovery.java:260)
	... 10 more
Caused by: [test-idx][[test-idx][0]] IndexShardRestoreFailedException[Failed to recover index]; nested: IOException[Random IOException];
	at org.elasticsearch.index.snapshots.blobstore.BlobStoreIndexShardRepository$RestoreContext.restore(BlobStoreIndexShardRepository.java:867)
	at org.elasticsearch.index.snapshots.blobstore.BlobStoreIndexShardRepository.restore(BlobStoreIndexShardRepository.java:206)
	... 11 more
Caused by: java.io.IOException: Random IOException
	at org.elasticsearch.snapshots.mockstore.MockRepository$MockBlobStore$MockBlobContainer.maybeIOExceptionOrBlock(MockRepository.java:277)
	at org.elasticsearch.snapshots.mockstore.MockRepository$MockBlobStore$MockBlobContainer.readBlob(MockRepository.java:321)
	at org.elasticsearch.index.snapshots.blobstore.BlobStoreIndexShardRepository$PartSliceStream.openSlice(BlobStoreIndexShardRepository.java:769)
	at org.elasticsearch.index.snapshots.blobstore.SlicedInputStream.nextStream(SlicedInputStream.java:53)
	at org.elasticsearch.index.snapshots.blobstore.SlicedInputStream.currentStream(SlicedInputStream.java:67)
	at org.elasticsearch.index.snapshots.blobstore.SlicedInputStream.read(SlicedInputStream.java:88)
	at java.io.FilterInputStream.read(FilterInputStream.java:133)
	at org.elasticsearch.index.snapshots.blobstore.RateLimitingInputStream.read(RateLimitingInputStream.java:69)
	at java.io.FilterInputStream.read(FilterInputStream.java:107)
	at org.elasticsearch.index.snapshots.blobstore.BlobStoreIndexShardRepository$RestoreContext.restoreFile(BlobStoreIndexShardRepository.java:924)
	at org.elasticsearch.index.snapshots.blobstore.BlobStoreIndexShardRepository$RestoreContext.restore(BlobStoreIndexShardRepository.java:864)
	... 12 more
[2016-03-30 23:02:05,683][WARN ][org.elasticsearch.cluster.action.shard] [node_s0] [test-idx][4] received shard failed for [test-idx][4], node[YU4rw4SiR5aBA7JFJFd8EQ], [P], v[5], restoring[test-repo:test-snap], s[INITIALIZING], a[id=PXGsa3gTRgS4FSOmf_Xp4Q], unassigned_info[[reason=ALLOCATION_FAILED], at[2016-03-31T06:02:05.566Z], details[failed recovery, failure IndexShardRecoveryException[failed recovery]; nested: IndexShardRestoreFailedException[restore failed]; nested: IndexShardRestoreFailedException[failed to restore snapshot [test-snap]]; nested: IndexShardRestoreFailedException[Failed to recover index]; nested: NotSerializableExceptionWrapper[Random IOException]; ]], expected_shard_size[0], indexUUID [4jpdB_g0RdurmlwQgV2n7w], message [master {node_s0}{YU4rw4SiR5aBA7JFJFd8EQ}{local}{local[78]}[mode=>local] marked shard as initializing, but shard is marked as failed, resend shard failure], failure [Unknown]
[2016-03-30 23:02:05,683][WARN ][org.elasticsearch.cluster.action.shard] [node_s0] [test-idx][0] received shard failed for [test-idx][0], node[YU4rw4SiR5aBA7JFJFd8EQ], [P], v[5], restoring[test-repo:test-snap], s[INITIALIZING], a[id=6f5iupgdTM6xuB9bR0yRaw], unassigned_info[[reason=ALLOCATION_FAILED], at[2016-03-31T06:02:05.567Z], details[failed recovery, failure IndexShardRecoveryException[failed recovery]; nested: IndexShardRestoreFailedException[restore failed]; nested: IndexShardRestoreFailedException[failed to restore snapshot [test-snap]]; nested: IndexShardRestoreFailedException[Failed to recover index]; nested: NotSerializableExceptionWrapper[Random IOException]; ]], expected_shard_size[130], indexUUID [4jpdB_g0RdurmlwQgV2n7w], message [master {node_s0}{YU4rw4SiR5aBA7JFJFd8EQ}{local}{local[78]}[mode=>local] marked shard as initializing, but shard is marked as failed, resend shard failure], failure [Unknown]
[2016-03-30 23:02:05,690][WARN ][org.elasticsearch.indices.cluster] [node_s0] [[test-idx][2]] marking and sending shard failed due to [failed recovery]
[test-idx][[test-idx][2]] IndexShardRecoveryException[failed recovery]; nested: IndexShardRestoreFailedException[restore failed]; nested: IndexShardRestoreFailedException[failed to restore snapshot [test-snap]]; nested: IndexShardRestoreFailedException[Failed to recover index]; nested: IOException[Random IOException];
	at org.elasticsearch.index.shard.StoreRecovery.executeRecovery(StoreRecovery.java:165)
	at org.elasticsearch.index.shard.StoreRecovery.recoverFromRepository(StoreRecovery.java:97)
	at org.elasticsearch.index.shard.IndexShard.restoreFromRepository(IndexShard.java:1110)
	at org.elasticsearch.indices.cluster.IndicesClusterStateService.lambda$applyInitializingShard$128(IndicesClusterStateService.java:654)
	at org.elasticsearch.indices.cluster.IndicesClusterStateService$$Lambda$561/1683367258.run(Unknown Source)
	at java.util.concurrent.ThreadPoolExecutor.runWorker(ThreadPoolExecutor.java:1142)
	at java.util.concurrent.ThreadPoolExecutor$Worker.run(ThreadPoolExecutor.java:617)
	at java.lang.Thread.run(Thread.java:745)
Caused by: [test-idx][[test-idx][2]] IndexShardRestoreFailedException[restore failed]; nested: IndexShardRestoreFailedException[failed to restore snapshot [test-snap]]; nested: IndexShardRestoreFailedException[Failed to recover index]; nested: IOException[Random IOException];
	at org.elasticsearch.index.shard.StoreRecovery.restore(StoreRecovery.java:265)
	at org.elasticsearch.index.shard.StoreRecovery.lambda$recoverFromRepository$123(StoreRecovery.java:99)
	at org.elasticsearch.index.shard.StoreRecovery$$Lambda$562/1148766141.run(Unknown Source)
	at org.elasticsearch.index.shard.StoreRecovery.executeRecovery(StoreRecovery.java:122)
	... 7 more
Caused by: [test-idx][[test-idx][2]] IndexShardRestoreFailedException[failed to restore snapshot [test-snap]]; nested: IndexShardRestoreFailedException[Failed to recover index]; nested: IOException[Random IOException];
	at org.elasticsearch.index.snapshots.blobstore.BlobStoreIndexShardRepository.restore(BlobStoreIndexShardRepository.java:208)
	at org.elasticsearch.index.shard.StoreRecovery.restore(StoreRecovery.java:260)
	... 10 more
Caused by: [test-idx][[test-idx][2]] IndexShardRestoreFailedException[Failed to recover index]; nested: IOException[Random IOException];
	at org.elasticsearch.index.snapshots.blobstore.BlobStoreIndexShardRepository$RestoreContext.restore(BlobStoreIndexShardRepository.java:867)
	at org.elasticsearch.index.snapshots.blobstore.BlobStoreIndexShardRepository.restore(BlobStoreIndexShardRepository.java:206)
	... 11 more
Caused by: java.io.IOException: Random IOException
	at org.elasticsearch.snapshots.mockstore.MockRepository$MockBlobStore$MockBlobContainer.maybeIOExceptionOrBlock(MockRepository.java:277)
	at org.elasticsearch.snapshots.mockstore.MockRepository$MockBlobStore$MockBlobContainer.readBlob(MockRepository.java:321)
	at org.elasticsearch.index.snapshots.blobstore.BlobStoreIndexShardRepository$PartSliceStream.openSlice(BlobStoreIndexShardRepository.java:769)
	at org.elasticsearch.index.snapshots.blobstore.SlicedInputStream.nextStream(SlicedInputStream.java:53)
	at org.elasticsearch.index.snapshots.blobstore.SlicedInputStream.currentStream(SlicedInputStream.java:67)
	at org.elasticsearch.index.snapshots.blobstore.SlicedInputStream.read(SlicedInputStream.java:88)
	at java.io.FilterInputStream.read(FilterInputStream.java:133)
	at org.elasticsearch.index.snapshots.blobstore.RateLimitingInputStream.read(RateLimitingInputStream.java:69)
	at java.io.FilterInputStream.read(FilterInputStream.java:107)
	at org.elasticsearch.index.snapshots.blobstore.BlobStoreIndexShardRepository$RestoreContext.restoreFile(BlobStoreIndexShardRepository.java:924)
	at org.elasticsearch.index.snapshots.blobstore.BlobStoreIndexShardRepository$RestoreContext.restore(BlobStoreIndexShardRepository.java:864)
	... 12 more
[2016-03-30 23:02:05,691][WARN ][org.elasticsearch.cluster.action.shard] [node_s0] [test-idx][2] received shard failed for [test-idx][2], node[YU4rw4SiR5aBA7JFJFd8EQ], [P], v[5], restoring[test-repo:test-snap], s[INITIALIZING], a[id=wLXbQKvfRz2dbncqNGH2Wg], unassigned_info[[reason=ALLOCATION_FAILED], at[2016-03-31T06:02:05.566Z], details[failed recovery, failure IndexShardRecoveryException[failed recovery]; nested: IndexShardRestoreFailedException[restore failed]; nested: IndexShardRestoreFailedException[failed to restore snapshot [test-snap]]; nested: IndexShardRestoreFailedException[Failed to recover index]; nested: NotSerializableExceptionWrapper[Random IOException]; ]], expected_shard_size[0], indexUUID [4jpdB_g0RdurmlwQgV2n7w], message [failed recovery], failure [IndexShardRecoveryException[failed recovery]; nested: IndexShardRestoreFailedException[restore failed]; nested: IndexShardRestoreFailedException[failed to restore snapshot [test-snap]]; nested: IndexShardRestoreFailedException[Failed to recover index]; nested: IOException[Random IOException]; ]
[test-idx][[test-idx][2]] IndexShardRecoveryException[failed recovery]; nested: IndexShardRestoreFailedException[restore failed]; nested: IndexShardRestoreFailedException[failed to restore snapshot [test-snap]]; nested: IndexShardRestoreFailedException[Failed to recover index]; nested: IOException[Random IOException];
	at org.elasticsearch.index.shard.StoreRecovery.executeRecovery(StoreRecovery.java:165)
	at org.elasticsearch.index.shard.StoreRecovery.recoverFromRepository(StoreRecovery.java:97)
	at org.elasticsearch.index.shard.IndexShard.restoreFromRepository(IndexShard.java:1110)
	at org.elasticsearch.indices.cluster.IndicesClusterStateService.lambda$applyInitializingShard$128(IndicesClusterStateService.java:654)
	at org.elasticsearch.indices.cluster.IndicesClusterStateService$$Lambda$561/1683367258.run(Unknown Source)
	at java.util.concurrent.ThreadPoolExecutor.runWorker(ThreadPoolExecutor.java:1142)
	at java.util.concurrent.ThreadPoolExecutor$Worker.run(ThreadPoolExecutor.java:617)
	at java.lang.Thread.run(Thread.java:745)
Caused by: [test-idx][[test-idx][2]] IndexShardRestoreFailedException[restore failed]; nested: IndexShardRestoreFailedException[failed to restore snapshot [test-snap]]; nested: IndexShardRestoreFailedException[Failed to recover index]; nested: IOException[Random IOException];
	at org.elasticsearch.index.shard.StoreRecovery.restore(StoreRecovery.java:265)
	at org.elasticsearch.index.shard.StoreRecovery.lambda$recoverFromRepository$123(StoreRecovery.java:99)
	at org.elasticsearch.index.shard.StoreRecovery$$Lambda$562/1148766141.run(Unknown Source)
	at org.elasticsearch.index.shard.StoreRecovery.executeRecovery(StoreRecovery.java:122)
	... 7 more
Caused by: [test-idx][[test-idx][2]] IndexShardRestoreFailedException[failed to restore snapshot [test-snap]]; nested: IndexShardRestoreFailedException[Failed to recover index]; nested: IOException[Random IOException];
	at org.elasticsearch.index.snapshots.blobstore.BlobStoreIndexShardRepository.restore(BlobStoreIndexShardRepository.java:208)
	at org.elasticsearch.index.shard.StoreRecovery.restore(StoreRecovery.java:260)
	... 10 more
Caused by: [test-idx][[test-idx][2]] IndexShardRestoreFailedException[Failed to recover index]; nested: IOException[Random IOException];
	at org.elasticsearch.index.snapshots.blobstore.BlobStoreIndexShardRepository$RestoreContext.restore(BlobStoreIndexShardRepository.java:867)
	at org.elasticsearch.index.snapshots.blobstore.BlobStoreIndexShardRepository.restore(BlobStoreIndexShardRepository.java:206)
	... 11 more
Caused by: java.io.IOException: Random IOException
	at org.elasticsearch.snapshots.mockstore.MockRepository$MockBlobStore$MockBlobContainer.maybeIOExceptionOrBlock(MockRepository.java:277)
	at org.elasticsearch.snapshots.mockstore.MockRepository$MockBlobStore$MockBlobContainer.readBlob(MockRepository.java:321)
	at org.elasticsearch.index.snapshots.blobstore.BlobStoreIndexShardRepository$PartSliceStream.openSlice(BlobStoreIndexShardRepository.java:769)
	at org.elasticsearch.index.snapshots.blobstore.SlicedInputStream.nextStream(SlicedInputStream.java:53)
	at org.elasticsearch.index.snapshots.blobstore.SlicedInputStream.currentStream(SlicedInputStream.java:67)
	at org.elasticsearch.index.snapshots.blobstore.SlicedInputStream.read(SlicedInputStream.java:88)
	at java.io.FilterInputStream.read(FilterInputStream.java:133)
	at org.elasticsearch.index.snapshots.blobstore.RateLimitingInputStream.read(RateLimitingInputStream.java:69)
	at java.io.FilterInputStream.read(FilterInputStream.java:107)
	at org.elasticsearch.index.snapshots.blobstore.BlobStoreIndexShardRepository$RestoreContext.restoreFile(BlobStoreIndexShardRepository.java:924)
	at org.elasticsearch.index.snapshots.blobstore.BlobStoreIndexShardRepository$RestoreContext.restore(BlobStoreIndexShardRepository.java:864)
	... 12 more
[2016-03-30 23:02:05,697][WARN ][org.elasticsearch.indices.cluster] [node_s1] [[test-idx][8]] marking and sending shard failed due to [failed recovery]
[test-idx][[test-idx][8]] IndexShardRecoveryException[failed recovery]; nested: IndexShardRestoreFailedException[restore failed]; nested: IndexShardRestoreFailedException[failed to restore snapshot [test-snap]]; nested: IndexShardRestoreFailedException[Failed to recover index]; nested: IOException[Random IOException];
	at org.elasticsearch.index.shard.StoreRecovery.executeRecovery(StoreRecovery.java:165)
	at org.elasticsearch.index.shard.StoreRecovery.recoverFromRepository(StoreRecovery.java:97)
	at org.elasticsearch.index.shard.IndexShard.restoreFromRepository(IndexShard.java:1110)
	at org.elasticsearch.indices.cluster.IndicesClusterStateService.lambda$applyInitializingShard$128(IndicesClusterStateService.java:654)
	at org.elasticsearch.indices.cluster.IndicesClusterStateService$$Lambda$561/1683367258.run(Unknown Source)
	at java.util.concurrent.ThreadPoolExecutor.runWorker(ThreadPoolExecutor.java:1142)
	at java.util.concurrent.ThreadPoolExecutor$Worker.run(ThreadPoolExecutor.java:617)
	at java.lang.Thread.run(Thread.java:745)
Caused by: [test-idx][[test-idx][8]] IndexShardRestoreFailedException[restore failed]; nested: IndexShardRestoreFailedException[failed to restore snapshot [test-snap]]; nested: IndexShardRestoreFailedException[Failed to recover index]; nested: IOException[Random IOException];
	at org.elasticsearch.index.shard.StoreRecovery.restore(StoreRecovery.java:265)
	at org.elasticsearch.index.shard.StoreRecovery.lambda$recoverFromRepository$123(StoreRecovery.java:99)
	at org.elasticsearch.index.shard.StoreRecovery$$Lambda$562/1148766141.run(Unknown Source)
	at org.elasticsearch.index.shard.StoreRecovery.executeRecovery(StoreRecovery.java:122)
	... 7 more
Caused by: [test-idx][[test-idx][8]] IndexShardRestoreFailedException[failed to restore snapshot [test-snap]]; nested: IndexShardRestoreFailedException[Failed to recover index]; nested: IOException[Random IOException];
	at org.elasticsearch.index.snapshots.blobstore.BlobStoreIndexShardRepository.restore(BlobStoreIndexShardRepository.java:208)
	at org.elasticsearch.index.shard.StoreRecovery.restore(StoreRecovery.java:260)
	... 10 more
Caused by: [test-idx][[test-idx][8]] IndexShardRestoreFailedException[Failed to recover index]; nested: IOException[Random IOException];
	at org.elasticsearch.index.snapshots.blobstore.BlobStoreIndexShardRepository$RestoreContext.restore(BlobStoreIndexShardRepository.java:867)
	at org.elasticsearch.index.snapshots.blobstore.BlobStoreIndexShardRepository.restore(BlobStoreIndexShardRepository.java:206)
	... 11 more
Caused by: java.io.IOException: Random IOException
	at org.elasticsearch.snapshots.mockstore.MockRepository$MockBlobStore$MockBlobContainer.maybeIOExceptionOrBlock(MockRepository.java:277)
	at org.elasticsearch.snapshots.mockstore.MockRepository$MockBlobStore$MockBlobContainer.readBlob(MockRepository.java:321)
	at org.elasticsearch.index.snapshots.blobstore.BlobStoreIndexShardRepository$PartSliceStream.openSlice(BlobStoreIndexShardRepository.java:769)
	at org.elasticsearch.index.snapshots.blobstore.SlicedInputStream.nextStream(SlicedInputStream.java:53)
	at org.elasticsearch.index.snapshots.blobstore.SlicedInputStream.currentStream(SlicedInputStream.java:67)
	at org.elasticsearch.index.snapshots.blobstore.SlicedInputStream.read(SlicedInputStream.java:88)
	at java.io.FilterInputStream.read(FilterInputStream.java:133)
	at org.elasticsearch.index.snapshots.blobstore.RateLimitingInputStream.read(RateLimitingInputStream.java:69)
	at java.io.FilterInputStream.read(FilterInputStream.java:107)
	at org.elasticsearch.index.snapshots.blobstore.BlobStoreIndexShardRepository$RestoreContext.restoreFile(BlobStoreIndexShardRepository.java:924)
	at org.elasticsearch.index.snapshots.blobstore.BlobStoreIndexShardRepository$RestoreContext.restore(BlobStoreIndexShardRepository.java:864)
	... 12 more
[2016-03-30 23:02:05,698][WARN ][org.elasticsearch.cluster.action.shard] [node_s0] [test-idx][2] received shard failed for [test-idx][2], node[YU4rw4SiR5aBA7JFJFd8EQ], [P], v[5], restoring[test-repo:test-snap], s[INITIALIZING], a[id=wLXbQKvfRz2dbncqNGH2Wg], unassigned_info[[reason=ALLOCATION_FAILED], at[2016-03-31T06:02:05.566Z], details[failed recovery, failure IndexShardRecoveryException[failed recovery]; nested: IndexShardRestoreFailedException[restore failed]; nested: IndexShardRestoreFailedException[failed to restore snapshot [test-snap]]; nested: IndexShardRestoreFailedException[Failed to recover index]; nested: NotSerializableExceptionWrapper[Random IOException]; ]], expected_shard_size[0], indexUUID [4jpdB_g0RdurmlwQgV2n7w], message [master {node_s0}{YU4rw4SiR5aBA7JFJFd8EQ}{local}{local[78]}[mode=>local] marked shard as initializing, but shard is marked as failed, resend shard failure], failure [Unknown]
[2016-03-30 23:02:05,703][WARN ][org.elasticsearch.cluster.action.shard] [node_s0] [test-idx][8] received shard failed for [test-idx][8], node[BGl_MLcDTse8q5N9C0jt5A], [P], v[7], restoring[test-repo:test-snap], s[INITIALIZING], a[id=-4-xULsZSKCJA-vYEWnJog], unassigned_info[[reason=ALLOCATION_FAILED], at[2016-03-31T06:02:05.648Z], details[failed recovery, failure IndexShardRecoveryException[failed recovery]; nested: IndexShardRestoreFailedException[restore failed]; nested: IndexShardRestoreFailedException[failed to restore snapshot [test-snap]]; nested: IndexShardRestoreFailedException[Failed to recover index]; nested: NotSerializableExceptionWrapper[Random IOException]; ]], expected_shard_size[130], indexUUID [4jpdB_g0RdurmlwQgV2n7w], message [failed recovery], failure [IndexShardRecoveryException[failed recovery]; nested: IndexShardRestoreFailedException[restore failed]; nested: IndexShardRestoreFailedException[failed to restore snapshot [test-snap]]; nested: IndexShardRestoreFailedException[Failed to recover index]; nested: NotSerializableExceptionWrapper[Random IOException]; ]
[test-idx][[test-idx][8]] IndexShardRecoveryException[failed recovery]; nested: IndexShardRestoreFailedException[restore failed]; nested: IndexShardRestoreFailedException[failed to restore snapshot [test-snap]]; nested: IndexShardRestoreFailedException[Failed to recover index]; nested: NotSerializableExceptionWrapper[Random IOException];
	at org.elasticsearch.index.shard.StoreRecovery.executeRecovery(StoreRecovery.java:165)
	at org.elasticsearch.index.shard.StoreRecovery.recoverFromRepository(StoreRecovery.java:97)
	at org.elasticsearch.index.shard.IndexShard.restoreFromRepository(IndexShard.java:1110)
	at org.elasticsearch.indices.cluster.IndicesClusterStateService.lambda$applyInitializingShard$128(IndicesClusterStateService.java:654)
	at org.elasticsearch.indices.cluster.IndicesClusterStateService$$Lambda$561/1683367258.run(Unknown Source)
	at java.util.concurrent.ThreadPoolExecutor.runWorker(ThreadPoolExecutor.java:1142)
	at java.util.concurrent.ThreadPoolExecutor$Worker.run(ThreadPoolExecutor.java:617)
	at java.lang.Thread.run(Thread.java:745)
Caused by: [test-idx][[test-idx][8]] IndexShardRestoreFailedException[restore failed]; nested: IndexShardRestoreFailedException[failed to restore snapshot [test-snap]]; nested: IndexShardRestoreFailedException[Failed to recover index]; nested: NotSerializableExceptionWrapper[Random IOException];
	at org.elasticsearch.index.shard.StoreRecovery.restore(StoreRecovery.java:265)
	at org.elasticsearch.index.shard.StoreRecovery.lambda$recoverFromRepository$123(StoreRecovery.java:99)
	at org.elasticsearch.index.shard.StoreRecovery$$Lambda$562/1148766141.run(Unknown Source)
	at org.elasticsearch.index.shard.StoreRecovery.executeRecovery(StoreRecovery.java:122)
	... 7 more
Caused by: [test-idx][[test-idx][8]] IndexShardRestoreFailedException[failed to restore snapshot [test-snap]]; nested: IndexShardRestoreFailedException[Failed to recover index]; nested: NotSerializableExceptionWrapper[Random IOException];
	at org.elasticsearch.index.snapshots.blobstore.BlobStoreIndexShardRepository.restore(BlobStoreIndexShardRepository.java:208)
	at org.elasticsearch.index.shard.StoreRecovery.restore(StoreRecovery.java:260)
	... 10 more
Caused by: [test-idx][[test-idx][8]] IndexShardRestoreFailedException[Failed to recover index]; nested: NotSerializableExceptionWrapper[Random IOException];
	at org.elasticsearch.index.snapshots.blobstore.BlobStoreIndexShardRepository$RestoreContext.restore(BlobStoreIndexShardRepository.java:867)
	at org.elasticsearch.index.snapshots.blobstore.BlobStoreIndexShardRepository.restore(BlobStoreIndexShardRepository.java:206)
	... 11 more
Caused by: NotSerializableExceptionWrapper[Random IOException]
	at org.elasticsearch.snapshots.mockstore.MockRepository$MockBlobStore$MockBlobContainer.maybeIOExceptionOrBlock(MockRepository.java:277)
	at org.elasticsearch.snapshots.mockstore.MockRepository$MockBlobStore$MockBlobContainer.readBlob(MockRepository.java:321)
	at org.elasticsearch.index.snapshots.blobstore.BlobStoreIndexShardRepository$PartSliceStream.openSlice(BlobStoreIndexShardRepository.java:769)
	at org.elasticsearch.index.snapshots.blobstore.SlicedInputStream.nextStream(SlicedInputStream.java:53)
	at org.elasticsearch.index.snapshots.blobstore.SlicedInputStream.currentStream(SlicedInputStream.java:67)
	at org.elasticsearch.index.snapshots.blobstore.SlicedInputStream.read(SlicedInputStream.java:88)
	at java.io.FilterInputStream.read(FilterInputStream.java:133)
	at org.elasticsearch.index.snapshots.blobstore.RateLimitingInputStream.read(RateLimitingInputStream.java:69)
	at java.io.FilterInputStream.read(FilterInputStream.java:107)
	at org.elasticsearch.index.snapshots.blobstore.BlobStoreIndexShardRepository$RestoreContext.restoreFile(BlobStoreIndexShardRepository.java:924)
	at org.elasticsearch.index.snapshots.blobstore.BlobStoreIndexShardRepository$RestoreContext.restore(BlobStoreIndexShardRepository.java:864)
	... 12 more
[2016-03-30 23:02:05,719][WARN ][org.elasticsearch.cluster.action.shard] [node_s0] [test-idx][8] received shard failed for [test-idx][8], node[BGl_MLcDTse8q5N9C0jt5A], [P], v[7], restoring[test-repo:test-snap], s[INITIALIZING], a[id=-4-xULsZSKCJA-vYEWnJog], unassigned_info[[reason=ALLOCATION_FAILED], at[2016-03-31T06:02:05.648Z], details[failed recovery, failure IndexShardRecoveryException[failed recovery]; nested: IndexShardRestoreFailedException[restore failed]; nested: IndexShardRestoreFailedException[failed to restore snapshot [test-snap]]; nested: IndexShardRestoreFailedException[Failed to recover index]; nested: NotSerializableExceptionWrapper[Random IOException]; ]], expected_shard_size[130], indexUUID [4jpdB_g0RdurmlwQgV2n7w], message [master {node_s0}{YU4rw4SiR5aBA7JFJFd8EQ}{local}{local[78]}[mode=>local] marked shard as initializing, but shard is marked as failed, resend shard failure], failure [Unknown]
[2016-03-30 23:02:05,723][WARN ][org.elasticsearch.indices.cluster] [node_s0] [[test-idx][7]] marking and sending shard failed due to [failed recovery]
[test-idx][[test-idx][7]] IndexShardRecoveryException[failed recovery]; nested: IndexShardRestoreFailedException[restore failed]; nested: IndexShardRestoreFailedException[failed to restore snapshot [test-snap]]; nested: IndexShardRestoreFailedException[Failed to recover index]; nested: IOException[Random IOException];
	at org.elasticsearch.index.shard.StoreRecovery.executeRecovery(StoreRecovery.java:165)
	at org.elasticsearch.index.shard.StoreRecovery.recoverFromRepository(StoreRecovery.java:97)
	at org.elasticsearch.index.shard.IndexShard.restoreFromRepository(IndexShard.java:1110)
	at org.elasticsearch.indices.cluster.IndicesClusterStateService.lambda$applyInitializingShard$128(IndicesClusterStateService.java:654)
	at org.elasticsearch.indices.cluster.IndicesClusterStateService$$Lambda$561/1683367258.run(Unknown Source)
	at java.util.concurrent.ThreadPoolExecutor.runWorker(ThreadPoolExecutor.java:1142)
	at java.util.concurrent.ThreadPoolExecutor$Worker.run(ThreadPoolExecutor.java:617)
	at java.lang.Thread.run(Thread.java:745)
Caused by: [test-idx][[test-idx][7]] IndexShardRestoreFailedException[restore failed]; nested: IndexShardRestoreFailedException[failed to restore snapshot [test-snap]]; nested: IndexShardRestoreFailedException[Failed to recover index]; nested: IOException[Random IOException];
	at org.elasticsearch.index.shard.StoreRecovery.restore(StoreRecovery.java:265)
	at org.elasticsearch.index.shard.StoreRecovery.lambda$recoverFromRepository$123(StoreRecovery.java:99)
	at org.elasticsearch.index.shard.StoreRecovery$$Lambda$562/1148766141.run(Unknown Source)
	at org.elasticsearch.index.shard.StoreRecovery.executeRecovery(StoreRecovery.java:122)
	... 7 more
Caused by: [test-idx][[test-idx][7]] IndexShardRestoreFailedException[failed to restore snapshot [test-snap]]; nested: IndexShardRestoreFailedException[Failed to recover index]; nested: IOException[Random IOException];
	at org.elasticsearch.index.snapshots.blobstore.BlobStoreIndexShardRepository.restore(BlobStoreIndexShardRepository.java:208)
	at org.elasticsearch.index.shard.StoreRecovery.restore(StoreRecovery.java:260)
	... 10 more
Caused by: [test-idx][[test-idx][7]] IndexShardRestoreFailedException[Failed to recover index]; nested: IOException[Random IOException];
	at org.elasticsearch.index.snapshots.blobstore.BlobStoreIndexShardRepository$RestoreContext.restore(BlobStoreIndexShardRepository.java:867)
	at org.elasticsearch.index.snapshots.blobstore.BlobStoreIndexShardRepository.restore(BlobStoreIndexShardRepository.java:206)
	... 11 more
Caused by: java.io.IOException: Random IOException
	at org.elasticsearch.snapshots.mockstore.MockRepository$MockBlobStore$MockBlobContainer.maybeIOExceptionOrBlock(MockRepository.java:277)
	at org.elasticsearch.snapshots.mockstore.MockRepository$MockBlobStore$MockBlobContainer.readBlob(MockRepository.java:321)
	at org.elasticsearch.index.snapshots.blobstore.BlobStoreIndexShardRepository$PartSliceStream.openSlice(BlobStoreIndexShardRepository.java:769)
	at org.elasticsearch.index.snapshots.blobstore.SlicedInputStream.nextStream(SlicedInputStream.java:53)
	at org.elasticsearch.index.snapshots.blobstore.SlicedInputStream.currentStream(SlicedInputStream.java:67)
	at org.elasticsearch.index.snapshots.blobstore.SlicedInputStream.read(SlicedInputStream.java:88)
	at java.io.FilterInputStream.read(FilterInputStream.java:133)
	at org.elasticsearch.index.snapshots.blobstore.RateLimitingInputStream.read(RateLimitingInputStream.java:69)
	at java.io.FilterInputStream.read(FilterInputStream.java:107)
	at org.elasticsearch.index.snapshots.blobstore.BlobStoreIndexShardRepository$RestoreContext.restoreFile(BlobStoreIndexShardRepository.java:924)
	at org.elasticsearch.index.snapshots.blobstore.BlobStoreIndexShardRepository$RestoreContext.restore(BlobStoreIndexShardRepository.java:864)
	... 12 more
[2016-03-30 23:02:05,724][WARN ][org.elasticsearch.cluster.action.shard] [node_s0] [test-idx][7] received shard failed for [test-idx][7], node[YU4rw4SiR5aBA7JFJFd8EQ], [P], v[9], restoring[test-repo:test-snap], s[INITIALIZING], a[id=iIdPhkCOSXKLNzTs50GPiw], unassigned_info[[reason=ALLOCATION_FAILED], at[2016-03-31T06:02:05.648Z], details[failed recovery, failure IndexShardRecoveryException[failed recovery]; nested: IndexShardRestoreFailedException[restore failed]; nested: IndexShardRestoreFailedException[failed to restore snapshot [test-snap]]; nested: IndexShardRestoreFailedException[Failed to recover index]; nested: NotSerializableExceptionWrapper[Random IOException]; ]], expected_shard_size[0], indexUUID [4jpdB_g0RdurmlwQgV2n7w], message [failed recovery], failure [IndexShardRecoveryException[failed recovery]; nested: IndexShardRestoreFailedException[restore failed]; nested: IndexShardRestoreFailedException[failed to restore snapshot [test-snap]]; nested: IndexShardRestoreFailedException[Failed to recover index]; nested: IOException[Random IOException]; ]
[test-idx][[test-idx][7]] IndexShardRecoveryException[failed recovery]; nested: IndexShardRestoreFailedException[restore failed]; nested: IndexShardRestoreFailedException[failed to restore snapshot [test-snap]]; nested: IndexShardRestoreFailedException[Failed to recover index]; nested: IOException[Random IOException];
	at org.elasticsearch.index.shard.StoreRecovery.executeRecovery(StoreRecovery.java:165)
	at org.elasticsearch.index.shard.StoreRecovery.recoverFromRepository(StoreRecovery.java:97)
	at org.elasticsearch.index.shard.IndexShard.restoreFromRepository(IndexShard.java:1110)
	at org.elasticsearch.indices.cluster.IndicesClusterStateService.lambda$applyInitializingShard$128(IndicesClusterStateService.java:654)
	at org.elasticsearch.indices.cluster.IndicesClusterStateService$$Lambda$561/1683367258.run(Unknown Source)
	at java.util.concurrent.ThreadPoolExecutor.runWorker(ThreadPoolExecutor.java:1142)
	at java.util.concurrent.ThreadPoolExecutor$Worker.run(ThreadPoolExecutor.java:617)
	at java.lang.Thread.run(Thread.java:745)
Caused by: [test-idx][[test-idx][7]] IndexShardRestoreFailedException[restore failed]; nested: IndexShardRestoreFailedException[failed to restore snapshot [test-snap]]; nested: IndexShardRestoreFailedException[Failed to recover index]; nested: IOException[Random IOException];
	at org.elasticsearch.index.shard.StoreRecovery.restore(StoreRecovery.java:265)
	at org.elasticsearch.index.shard.StoreRecovery.lambda$recoverFromRepository$123(StoreRecovery.java:99)
	at org.elasticsearch.index.shard.StoreRecovery$$Lambda$562/1148766141.run(Unknown Source)
	at org.elasticsearch.index.shard.StoreRecovery.executeRecovery(StoreRecovery.java:122)
	... 7 more
Caused by: [test-idx][[test-idx][7]] IndexShardRestoreFailedException[failed to restore snapshot [test-snap]]; nested: IndexShardRestoreFailedException[Failed to recover index]; nested: IOException[Random IOException];
	at org.elasticsearch.index.snapshots.blobstore.BlobStoreIndexShardRepository.restore(BlobStoreIndexShardRepository.java:208)
	at org.elasticsearch.index.shard.StoreRecovery.restore(StoreRecovery.java:260)
	... 10 more
Caused by: [test-idx][[test-idx][7]] IndexShardRestoreFailedException[Failed to recover index]; nested: IOException[Random IOException];
	at org.elasticsearch.index.snapshots.blobstore.BlobStoreIndexShardRepository$RestoreContext.restore(BlobStoreIndexShardRepository.java:867)
	at org.elasticsearch.index.snapshots.blobstore.BlobStoreIndexShardRepository.restore(BlobStoreIndexShardRepository.java:206)
	... 11 more
Caused by: java.io.IOException: Random IOException
	at org.elasticsearch.snapshots.mockstore.MockRepository$MockBlobStore$MockBlobContainer.maybeIOExceptionOrBlock(MockRepository.java:277)
	at org.elasticsearch.snapshots.mockstore.MockRepository$MockBlobStore$MockBlobContainer.readBlob(MockRepository.java:321)
	at org.elasticsearch.index.snapshots.blobstore.BlobStoreIndexShardRepository$PartSliceStream.openSlice(BlobStoreIndexShardRepository.java:769)
	at org.elasticsearch.index.snapshots.blobstore.SlicedInputStream.nextStream(SlicedInputStream.java:53)
	at org.elasticsearch.index.snapshots.blobstore.SlicedInputStream.currentStream(SlicedInputStream.java:67)
	at org.elasticsearch.index.snapshots.blobstore.SlicedInputStream.read(SlicedInputStream.java:88)
	at java.io.FilterInputStream.read(FilterInputStream.java:133)
	at org.elasticsearch.index.snapshots.blobstore.RateLimitingInputStream.read(RateLimitingInputStream.java:69)
	at java.io.FilterInputStream.read(FilterInputStream.java:107)
	at org.elasticsearch.index.snapshots.blobstore.BlobStoreIndexShardRepository$RestoreContext.restoreFile(BlobStoreIndexShardRepository.java:924)
	at org.elasticsearch.index.snapshots.blobstore.BlobStoreIndexShardRepository$RestoreContext.restore(BlobStoreIndexShardRepository.java:864)
	... 12 more
[2016-03-30 23:02:05,730][WARN ][org.elasticsearch.indices.cluster] [node_s1] [[test-idx][4]] marking and sending shard failed due to [failed recovery]
[test-idx][[test-idx][4]] IndexShardRecoveryException[failed recovery]; nested: IndexShardRestoreFailedException[restore failed]; nested: IndexShardRestoreFailedException[failed to restore snapshot [test-snap]]; nested: IndexShardRestoreFailedException[Failed to recover index]; nested: IOException[Random IOException];
	at org.elasticsearch.index.shard.StoreRecovery.executeRecovery(StoreRecovery.java:165)
	at org.elasticsearch.index.shard.StoreRecovery.recoverFromRepository(StoreRecovery.java:97)
	at org.elasticsearch.index.shard.IndexShard.restoreFromRepository(IndexShard.java:1110)
	at org.elasticsearch.indices.cluster.IndicesClusterStateService.lambda$applyInitializingShard$128(IndicesClusterStateService.java:654)
	at org.elasticsearch.indices.cluster.IndicesClusterStateService$$Lambda$561/1683367258.run(Unknown Source)
	at java.util.concurrent.ThreadPoolExecutor.runWorker(ThreadPoolExecutor.java:1142)
	at java.util.concurrent.ThreadPoolExecutor$Worker.run(ThreadPoolExecutor.java:617)
	at java.lang.Thread.run(Thread.java:745)
Caused by: [test-idx][[test-idx][4]] IndexShardRestoreFailedException[restore failed]; nested: IndexShardRestoreFailedException[failed to restore snapshot [test-snap]]; nested: IndexShardRestoreFailedException[Failed to recover index]; nested: IOException[Random IOException];
	at org.elasticsearch.index.shard.StoreRecovery.restore(StoreRecovery.java:265)
	at org.elasticsearch.index.shard.StoreRecovery.lambda$recoverFromRepository$123(StoreRecovery.java:99)
	at org.elasticsearch.index.shard.StoreRecovery$$Lambda$562/1148766141.run(Unknown Source)
	at org.elasticsearch.index.shard.StoreRecovery.executeRecovery(StoreRecovery.java:122)
	... 7 more
Caused by: [test-idx][[test-idx][4]] IndexShardRestoreFailedException[failed to restore snapshot [test-snap]]; nested: IndexShardRestoreFailedException[Failed to recover index]; nested: IOException[Random IOException];
	at org.elasticsearch.index.snapshots.blobstore.BlobStoreIndexShardRepository.restore(BlobStoreIndexShardRepository.java:208)
	at org.elasticsearch.index.shard.StoreRecovery.restore(StoreRecovery.java:260)
	... 10 more
Caused by: [test-idx][[test-idx][4]] IndexShardRestoreFailedException[Failed to recover index]; nested: IOException[Random IOException];
	at org.elasticsearch.index.snapshots.blobstore.BlobStoreIndexShardRepository$RestoreContext.restore(BlobStoreIndexShardRepository.java:867)
	at org.elasticsearch.index.snapshots.blobstore.BlobStoreIndexShardRepository.restore(BlobStoreIndexShardRepository.java:206)
	... 11 more
Caused by: java.io.IOException: Random IOException
	at org.elasticsearch.snapshots.mockstore.MockRepository$MockBlobStore$MockBlobContainer.maybeIOExceptionOrBlock(MockRepository.java:277)
	at org.elasticsearch.snapshots.mockstore.MockRepository$MockBlobStore$MockBlobContainer.readBlob(MockRepository.java:321)
	at org.elasticsearch.index.snapshots.blobstore.BlobStoreIndexShardRepository$PartSliceStream.openSlice(BlobStoreIndexShardRepository.java:769)
	at org.elasticsearch.index.snapshots.blobstore.SlicedInputStream.nextStream(SlicedInputStream.java:53)
	at org.elasticsearch.index.snapshots.blobstore.SlicedInputStream.currentStream(SlicedInputStream.java:67)
	at org.elasticsearch.index.snapshots.blobstore.SlicedInputStream.read(SlicedInputStream.java:88)
	at java.io.FilterInputStream.read(FilterInputStream.java:133)
	at org.elasticsearch.index.snapshots.blobstore.RateLimitingInputStream.read(RateLimitingInputStream.java:69)
	at java.io.FilterInputStream.read(FilterInputStream.java:107)
	at org.elasticsearch.index.snapshots.blobstore.BlobStoreIndexShardRepository$RestoreContext.restoreFile(BlobStoreIndexShardRepository.java:924)
	at org.elasticsearch.index.snapshots.blobstore.BlobStoreIndexShardRepository$RestoreContext.restore(BlobStoreIndexShardRepository.java:864)
	... 12 more
[2016-03-30 23:02:05,736][WARN ][org.elasticsearch.cluster.action.shard] [node_s0] [test-idx][4] received shard failed for [test-idx][4], node[BGl_MLcDTse8q5N9C0jt5A], [P], v[7], restoring[test-repo:test-snap], s[INITIALIZING], a[id=siApsH9WQ5CqghktDlIquw], unassigned_info[[reason=ALLOCATION_FAILED], at[2016-03-31T06:02:05.684Z], details[failed recovery, failure IndexShardRecoveryException[failed recovery]; nested: IndexShardRestoreFailedException[restore failed]; nested: IndexShardRestoreFailedException[failed to restore snapshot [test-snap]]; nested: IndexShardRestoreFailedException[Failed to recover index]; nested: NotSerializableExceptionWrapper[Random IOException]; ]], expected_shard_size[0], indexUUID [4jpdB_g0RdurmlwQgV2n7w], message [failed recovery], failure [IndexShardRecoveryException[failed recovery]; nested: IndexShardRestoreFailedException[restore failed]; nested: IndexShardRestoreFailedException[failed to restore snapshot [test-snap]]; nested: IndexShardRestoreFailedException[Failed to recover index]; nested: NotSerializableExceptionWrapper[Random IOException]; ]
[test-idx][[test-idx][4]] IndexShardRecoveryException[failed recovery]; nested: IndexShardRestoreFailedException[restore failed]; nested: IndexShardRestoreFailedException[failed to restore snapshot [test-snap]]; nested: IndexShardRestoreFailedException[Failed to recover index]; nested: NotSerializableExceptionWrapper[Random IOException];
	at org.elasticsearch.index.shard.StoreRecovery.executeRecovery(StoreRecovery.java:165)
	at org.elasticsearch.index.shard.StoreRecovery.recoverFromRepository(StoreRecovery.java:97)
	at org.elasticsearch.index.shard.IndexShard.restoreFromRepository(IndexShard.java:1110)
	at org.elasticsearch.indices.cluster.IndicesClusterStateService.lambda$applyInitializingShard$128(IndicesClusterStateService.java:654)
	at org.elasticsearch.indices.cluster.IndicesClusterStateService$$Lambda$561/1683367258.run(Unknown Source)
	at java.util.concurrent.ThreadPoolExecutor.runWorker(ThreadPoolExecutor.java:1142)
	at java.util.concurrent.ThreadPoolExecutor$Worker.run(ThreadPoolExecutor.java:617)
	at java.lang.Thread.run(Thread.java:745)
Caused by: [test-idx][[test-idx][4]] IndexShardRestoreFailedException[restore failed]; nested: IndexShardRestoreFailedException[failed to restore snapshot [test-snap]]; nested: IndexShardRestoreFailedException[Failed to recover index]; nested: NotSerializableExceptionWrapper[Random IOException];
	at org.elasticsearch.index.shard.StoreRecovery.restore(StoreRecovery.java:265)
	at org.elasticsearch.index.shard.StoreRecovery.lambda$recoverFromRepository$123(StoreRecovery.java:99)
	at org.elasticsearch.index.shard.StoreRecovery$$Lambda$562/1148766141.run(Unknown Source)
	at org.elasticsearch.index.shard.StoreRecovery.executeRecovery(StoreRecovery.java:122)
	... 7 more
Caused by: [test-idx][[test-idx][4]] IndexShardRestoreFailedException[failed to restore snapshot [test-snap]]; nested: IndexShardRestoreFailedException[Failed to recover index]; nested: NotSerializableExceptionWrapper[Random IOException];
	at org.elasticsearch.index.snapshots.blobstore.BlobStoreIndexShardRepository.restore(BlobStoreIndexShardRepository.java:208)
	at org.elasticsearch.index.shard.StoreRecovery.restore(StoreRecovery.java:260)
	... 10 more
Caused by: [test-idx][[test-idx][4]] IndexShardRestoreFailedException[Failed to recover index]; nested: NotSerializableExceptionWrapper[Random IOException];
	at org.elasticsearch.index.snapshots.blobstore.BlobStoreIndexShardRepository$RestoreContext.restore(BlobStoreIndexShardRepository.java:867)
	at org.elasticsearch.index.snapshots.blobstore.BlobStoreIndexShardRepository.restore(BlobStoreIndexShardRepository.java:206)
	... 11 more
Caused by: NotSerializableExceptionWrapper[Random IOException]
	at org.elasticsearch.snapshots.mockstore.MockRepository$MockBlobStore$MockBlobContainer.maybeIOExceptionOrBlock(MockRepository.java:277)
	at org.elasticsearch.snapshots.mockstore.MockRepository$MockBlobStore$MockBlobContainer.readBlob(MockRepository.java:321)
	at org.elasticsearch.index.snapshots.blobstore.BlobStoreIndexShardRepository$PartSliceStream.openSlice(BlobStoreIndexShardRepository.java:769)
	at org.elasticsearch.index.snapshots.blobstore.SlicedInputStream.nextStream(SlicedInputStream.java:53)
	at org.elasticsearch.index.snapshots.blobstore.SlicedInputStream.currentStream(SlicedInputStream.java:67)
	at org.elasticsearch.index.snapshots.blobstore.SlicedInputStream.read(SlicedInputStream.java:88)
	at java.io.FilterInputStream.read(FilterInputStream.java:133)
	at org.elasticsearch.index.snapshots.blobstore.RateLimitingInputStream.read(RateLimitingInputStream.java:69)
	at java.io.FilterInputStream.read(FilterInputStream.java:107)
	at org.elasticsearch.index.snapshots.blobstore.BlobStoreIndexShardRepository$RestoreContext.restoreFile(BlobStoreIndexShardRepository.java:924)
	at org.elasticsearch.index.snapshots.blobstore.BlobStoreIndexShardRepository$RestoreContext.restore(BlobStoreIndexShardRepository.java:864)
	... 12 more
[2016-03-30 23:02:05,747][WARN ][org.elasticsearch.cluster.action.shard] [node_s0] [test-idx][7] received shard failed for [test-idx][7], node[YU4rw4SiR5aBA7JFJFd8EQ], [P], v[9], restoring[test-repo:test-snap], s[INITIALIZING], a[id=iIdPhkCOSXKLNzTs50GPiw], unassigned_info[[reason=ALLOCATION_FAILED], at[2016-03-31T06:02:05.648Z], details[failed recovery, failure IndexShardRecoveryException[failed recovery]; nested: IndexShardRestoreFailedException[restore failed]; nested: IndexShardRestoreFailedException[failed to restore snapshot [test-snap]]; nested: IndexShardRestoreFailedException[Failed to recover index]; nested: NotSerializableExceptionWrapper[Random IOException]; ]], expected_shard_size[0], indexUUID [4jpdB_g0RdurmlwQgV2n7w], message [master {node_s0}{YU4rw4SiR5aBA7JFJFd8EQ}{local}{local[78]}[mode=>local] marked shard as initializing, but shard is marked as failed, resend shard failure], failure [Unknown]
[2016-03-30 23:02:05,747][WARN ][org.elasticsearch.cluster.action.shard] [node_s0] [test-idx][2] received shard failed for [test-idx][2], node[YU4rw4SiR5aBA7JFJFd8EQ], [P], v[5], restoring[test-repo:test-snap], s[INITIALIZING], a[id=wLXbQKvfRz2dbncqNGH2Wg], unassigned_info[[reason=ALLOCATION_FAILED], at[2016-03-31T06:02:05.566Z], details[failed recovery, failure IndexShardRecoveryException[failed recovery]; nested: IndexShardRestoreFailedException[restore failed]; nested: IndexShardRestoreFailedException[failed to restore snapshot [test-snap]]; nested: IndexShardRestoreFailedException[Failed to recover index]; nested: NotSerializableExceptionWrapper[Random IOException]; ]], expected_shard_size[0], indexUUID [4jpdB_g0RdurmlwQgV2n7w], message [master {node_s0}{YU4rw4SiR5aBA7JFJFd8EQ}{local}{local[78]}[mode=>local] marked shard as initializing, but shard is marked as failed, resend shard failure], failure [Unknown]
[2016-03-30 23:02:05,749][WARN ][org.elasticsearch.indices.cluster] [node_s1] [[test-idx][0]] marking and sending shard failed due to [failed recovery]
[test-idx][[test-idx][0]] IndexShardRecoveryException[failed recovery]; nested: IndexShardRestoreFailedException[restore failed]; nested: IndexShardRestoreFailedException[failed to restore snapshot [test-snap]]; nested: IndexShardRestoreFailedException[Failed to recover index]; nested: IOException[Random IOException];
	at org.elasticsearch.index.shard.StoreRecovery.executeRecovery(StoreRecovery.java:165)
	at org.elasticsearch.index.shard.StoreRecovery.recoverFromRepository(StoreRecovery.java:97)
	at org.elasticsearch.index.shard.IndexShard.restoreFromRepository(IndexShard.java:1110)
	at org.elasticsearch.indices.cluster.IndicesClusterStateService.lambda$applyInitializingShard$128(IndicesClusterStateService.java:654)
	at org.elasticsearch.indices.cluster.IndicesClusterStateService$$Lambda$561/1683367258.run(Unknown Source)
	at java.util.concurrent.ThreadPoolExecutor.runWorker(ThreadPoolExecutor.java:1142)
	at java.util.concurrent.ThreadPoolExecutor$Worker.run(ThreadPoolExecutor.java:617)
	at java.lang.Thread.run(Thread.java:745)
Caused by: [test-idx][[test-idx][0]] IndexShardRestoreFailedException[restore failed]; nested: IndexShardRestoreFailedException[failed to restore snapshot [test-snap]]; nested: IndexShardRestoreFailedException[Failed to recover index]; nested: IOException[Random IOException];
	at org.elasticsearch.index.shard.StoreRecovery.restore(StoreRecovery.java:265)
	at org.elasticsearch.index.shard.StoreRecovery.lambda$recoverFromRepository$123(StoreRecovery.java:99)
	at org.elasticsearch.index.shard.StoreRecovery$$Lambda$562/1148766141.run(Unknown Source)
	at org.elasticsearch.index.shard.StoreRecovery.executeRecovery(StoreRecovery.java:122)
	... 7 more
Caused by: [test-idx][[test-idx][0]] IndexShardRestoreFailedException[failed to restore snapshot [test-snap]]; nested: IndexShardRestoreFailedException[Failed to recover index]; nested: IOException[Random IOException];
	at org.elasticsearch.index.snapshots.blobstore.BlobStoreIndexShardRepository.restore(BlobStoreIndexShardRepository.java:208)
	at org.elasticsearch.index.shard.StoreRecovery.restore(StoreRecovery.java:260)
	... 10 more
Caused by: [test-idx][[test-idx][0]] IndexShardRestoreFailedException[Failed to recover index]; nested: IOException[Random IOException];
	at org.elasticsearch.index.snapshots.blobstore.BlobStoreIndexShardRepository$RestoreContext.restore(BlobStoreIndexShardRepository.java:867)
	at org.elasticsearch.index.snapshots.blobstore.BlobStoreIndexShardRepository.restore(BlobStoreIndexShardRepository.java:206)
	... 11 more
Caused by: java.io.IOException: Random IOException
	at org.elasticsearch.snapshots.mockstore.MockRepository$MockBlobStore$MockBlobContainer.maybeIOExceptionOrBlock(MockRepository.java:277)
	at org.elasticsearch.snapshots.mockstore.MockRepository$MockBlobStore$MockBlobContainer.readBlob(MockRepository.java:321)
	at org.elasticsearch.index.snapshots.blobstore.BlobStoreIndexShardRepository$PartSliceStream.openSlice(BlobStoreIndexShardRepository.java:769)
	at org.elasticsearch.index.snapshots.blobstore.SlicedInputStream.nextStream(SlicedInputStream.java:53)
	at org.elasticsearch.index.snapshots.blobstore.SlicedInputStream.currentStream(SlicedInputStream.java:67)
	at org.elasticsearch.index.snapshots.blobstore.SlicedInputStream.read(SlicedInputStream.java:88)
	at java.io.FilterInputStream.read(FilterInputStream.java:133)
	at org.elasticsearch.index.snapshots.blobstore.RateLimitingInputStream.read(RateLimitingInputStream.java:69)
	at java.io.FilterInputStream.read(FilterInputStream.java:107)
	at org.elasticsearch.index.snapshots.blobstore.BlobStoreIndexShardRepository$RestoreContext.restoreFile(BlobStoreIndexShardRepository.java:924)
	at org.elasticsearch.index.snapshots.blobstore.BlobStoreIndexShardRepository$RestoreContext.restore(BlobStoreIndexShardRepository.java:864)
	... 12 more
[2016-03-30 23:02:05,754][WARN ][org.elasticsearch.cluster.action.shard] [node_s0] [test-idx][0] received shard failed for [test-idx][0], node[BGl_MLcDTse8q5N9C0jt5A], [P], v[7], restoring[test-repo:test-snap], s[INITIALIZING], a[id=vcG1YRyaTCG0wpFmIfcDog], unassigned_info[[reason=ALLOCATION_FAILED], at[2016-03-31T06:02:05.684Z], details[failed recovery, failure IndexShardRecoveryException[failed recovery]; nested: IndexShardRestoreFailedException[restore failed]; nested: IndexShardRestoreFailedException[failed to restore snapshot [test-snap]]; nested: IndexShardRestoreFailedException[Failed to recover index]; nested: NotSerializableExceptionWrapper[Random IOException]; ]], expected_shard_size[130], indexUUID [4jpdB_g0RdurmlwQgV2n7w], message [failed recovery], failure [IndexShardRecoveryException[failed recovery]; nested: IndexShardRestoreFailedException[restore failed]; nested: IndexShardRestoreFailedException[failed to restore snapshot [test-snap]]; nested: IndexShardRestoreFailedException[Failed to recover index]; nested: NotSerializableExceptionWrapper[Random IOException]; ]
[test-idx][[test-idx][0]] IndexShardRecoveryException[failed recovery]; nested: IndexShardRestoreFailedException[restore failed]; nested: IndexShardRestoreFailedException[failed to restore snapshot [test-snap]]; nested: IndexShardRestoreFailedException[Failed to recover index]; nested: NotSerializableExceptionWrapper[Random IOException];
	at org.elasticsearch.index.shard.StoreRecovery.executeRecovery(StoreRecovery.java:165)
	at org.elasticsearch.index.shard.StoreRecovery.recoverFromRepository(StoreRecovery.java:97)
	at org.elasticsearch.index.shard.IndexShard.restoreFromRepository(IndexShard.java:1110)
	at org.elasticsearch.indices.cluster.IndicesClusterStateService.lambda$applyInitializingShard$128(IndicesClusterStateService.java:654)
	at org.elasticsearch.indices.cluster.IndicesClusterStateService$$Lambda$561/1683367258.run(Unknown Source)
	at java.util.concurrent.ThreadPoolExecutor.runWorker(ThreadPoolExecutor.java:1142)
	at java.util.concurrent.ThreadPoolExecutor$Worker.run(ThreadPoolExecutor.java:617)
	at java.lang.Thread.run(Thread.java:745)
Caused by: [test-idx][[test-idx][0]] IndexShardRestoreFailedException[restore failed]; nested: IndexShardRestoreFailedException[failed to restore snapshot [test-snap]]; nested: IndexShardRestoreFailedException[Failed to recover index]; nested: NotSerializableExceptionWrapper[Random IOException];
	at org.elasticsearch.index.shard.StoreRecovery.restore(StoreRecovery.java:265)
	at org.elasticsearch.index.shard.StoreRecovery.lambda$recoverFromRepository$123(StoreRecovery.java:99)
	at org.elasticsearch.index.shard.StoreRecovery$$Lambda$562/1148766141.run(Unknown Source)
	at org.elasticsearch.index.shard.StoreRecovery.executeRecovery(StoreRecovery.java:122)
	... 7 more
Caused by: [test-idx][[test-idx][0]] IndexShardRestoreFailedException[failed to restore snapshot [test-snap]]; nested: IndexShardRestoreFailedException[Failed to recover index]; nested: NotSerializableExceptionWrapper[Random IOException];
	at org.elasticsearch.index.snapshots.blobstore.BlobStoreIndexShardRepository.restore(BlobStoreIndexShardRepository.java:208)
	at org.elasticsearch.index.shard.StoreRecovery.restore(StoreRecovery.java:260)
	... 10 more
Caused by: [test-idx][[test-idx][0]] IndexShardRestoreFailedException[Failed to recover index]; nested: NotSerializableExceptionWrapper[Random IOException];
	at org.elasticsearch.index.snapshots.blobstore.BlobStoreIndexShardRepository$RestoreContext.restore(BlobStoreIndexShardRepository.java:867)
	at org.elasticsearch.index.snapshots.blobstore.BlobStoreIndexShardRepository.restore(BlobStoreIndexShardRepository.java:206)
	... 11 more
Caused by: NotSerializableExceptionWrapper[Random IOException]
	at org.elasticsearch.snapshots.mockstore.MockRepository$MockBlobStore$MockBlobContainer.maybeIOExceptionOrBlock(MockRepository.java:277)
	at org.elasticsearch.snapshots.mockstore.MockRepository$MockBlobStore$MockBlobContainer.readBlob(MockRepository.java:321)
	at org.elasticsearch.index.snapshots.blobstore.BlobStoreIndexShardRepository$PartSliceStream.openSlice(BlobStoreIndexShardRepository.java:769)
	at org.elasticsearch.index.snapshots.blobstore.SlicedInputStream.nextStream(SlicedInputStream.java:53)
	at org.elasticsearch.index.snapshots.blobstore.SlicedInputStream.currentStream(SlicedInputStream.java:67)
	at org.elasticsearch.index.snapshots.blobstore.SlicedInputStream.read(SlicedInputStream.java:88)
	at java.io.FilterInputStream.read(FilterInputStream.java:133)
	at org.elasticsearch.index.snapshots.blobstore.RateLimitingInputStream.read(RateLimitingInputStream.java:69)
	at java.io.FilterInputStream.read(FilterInputStream.java:107)
	at org.elasticsearch.index.snapshots.blobstore.BlobStoreIndexShardRepository$RestoreContext.restoreFile(BlobStoreIndexShardRepository.java:924)
	at org.elasticsearch.index.snapshots.blobstore.BlobStoreIndexShardRepository$RestoreContext.restore(BlobStoreIndexShardRepository.java:864)
	... 12 more
[2016-03-30 23:02:05,834][WARN ][org.elasticsearch.indices.cluster] [node_s0] [[test-idx][4]] marking and sending shard failed due to [failed recovery]
[test-idx][[test-idx][4]] IndexShardRecoveryException[failed recovery]; nested: IndexShardRestoreFailedException[restore failed]; nested: IndexShardRestoreFailedException[failed to restore snapshot [test-snap]]; nested: IndexShardRestoreFailedException[Failed to recover index]; nested: IOException[Random IOException];
	at org.elasticsearch.index.shard.StoreRecovery.executeRecovery(StoreRecovery.java:165)
	at org.elasticsearch.index.shard.StoreRecovery.recoverFromRepository(StoreRecovery.java:97)
	at org.elasticsearch.index.shard.IndexShard.restoreFromRepository(IndexShard.java:1110)
	at org.elasticsearch.indices.cluster.IndicesClusterStateService.lambda$applyInitializingShard$128(IndicesClusterStateService.java:654)
	at org.elasticsearch.indices.cluster.IndicesClusterStateService$$Lambda$561/1683367258.run(Unknown Source)
	at java.util.concurrent.ThreadPoolExecutor.runWorker(ThreadPoolExecutor.java:1142)
	at java.util.concurrent.ThreadPoolExecutor$Worker.run(ThreadPoolExecutor.java:617)
	at java.lang.Thread.run(Thread.java:745)
Caused by: [test-idx][[test-idx][4]] IndexShardRestoreFailedException[restore failed]; nested: IndexShardRestoreFailedException[failed to restore snapshot [test-snap]]; nested: IndexShardRestoreFailedException[Failed to recover index]; nested: IOException[Random IOException];
	at org.elasticsearch.index.shard.StoreRecovery.restore(StoreRecovery.java:265)
	at org.elasticsearch.index.shard.StoreRecovery.lambda$recoverFromRepository$123(StoreRecovery.java:99)
	at org.elasticsearch.index.shard.StoreRecovery$$Lambda$562/1148766141.run(Unknown Source)
	at org.elasticsearch.index.shard.StoreRecovery.executeRecovery(StoreRecovery.java:122)
	... 7 more
Caused by: [test-idx][[test-idx][4]] IndexShardRestoreFailedException[failed to restore snapshot [test-snap]]; nested: IndexShardRestoreFailedException[Failed to recover index]; nested: IOException[Random IOException];
	at org.elasticsearch.index.snapshots.blobstore.BlobStoreIndexShardRepository.restore(BlobStoreIndexShardRepository.java:208)
	at org.elasticsearch.index.shard.StoreRecovery.restore(StoreRecovery.java:260)
	... 10 more
Caused by: [test-idx][[test-idx][4]] IndexShardRestoreFailedException[Failed to recover index]; nested: IOException[Random IOException];
	at org.elasticsearch.index.snapshots.blobstore.BlobStoreIndexShardRepository$RestoreContext.restore(BlobStoreIndexShardRepository.java:867)
	at org.elasticsearch.index.snapshots.blobstore.BlobStoreIndexShardRepository.restore(BlobStoreIndexShardRepository.java:206)
	... 11 more
Caused by: java.io.IOException: Random IOException
	at org.elasticsearch.snapshots.mockstore.MockRepository$MockBlobStore$MockBlobContainer.maybeIOExceptionOrBlock(MockRepository.java:277)
	at org.elasticsearch.snapshots.mockstore.MockRepository$MockBlobStore$MockBlobContainer.readBlob(MockRepository.java:321)
	at org.elasticsearch.index.snapshots.blobstore.BlobStoreIndexShardRepository$PartSliceStream.openSlice(BlobStoreIndexShardRepository.java:769)
	at org.elasticsearch.index.snapshots.blobstore.SlicedInputStream.nextStream(SlicedInputStream.java:53)
	at org.elasticsearch.index.snapshots.blobstore.SlicedInputStream.currentStream(SlicedInputStream.java:67)
	at org.elasticsearch.index.snapshots.blobstore.SlicedInputStream.read(SlicedInputStream.java:88)
	at java.io.FilterInputStream.read(FilterInputStream.java:133)
	at org.elasticsearch.index.snapshots.blobstore.RateLimitingInputStream.read(RateLimitingInputStream.java:69)
	at java.io.FilterInputStream.read(FilterInputStream.java:107)
	at org.elasticsearch.index.snapshots.blobstore.BlobStoreIndexShardRepository$RestoreContext.restoreFile(BlobStoreIndexShardRepository.java:924)
	at org.elasticsearch.index.snapshots.blobstore.BlobStoreIndexShardRepository$RestoreContext.restore(BlobStoreIndexShardRepository.java:864)
	... 12 more
[2016-03-30 23:02:05,835][WARN ][org.elasticsearch.cluster.action.shard] [node_s0] [test-idx][4] received shard failed for [test-idx][4], node[YU4rw4SiR5aBA7JFJFd8EQ], [P], v[9], restoring[test-repo:test-snap], s[INITIALIZING], a[id=L5DVnz7RRXi5UKqJZ8v6lQ], unassigned_info[[reason=ALLOCATION_FAILED], at[2016-03-31T06:02:05.755Z], details[failed recovery, failure IndexShardRecoveryException[failed recovery]; nested: IndexShardRestoreFailedException[restore failed]; nested: IndexShardRestoreFailedException[failed to restore snapshot [test-snap]]; nested: IndexShardRestoreFailedException[Failed to recover index]; nested: NotSerializableExceptionWrapper[Random IOException]; ]], expected_shard_size[0], indexUUID [4jpdB_g0RdurmlwQgV2n7w], message [failed recovery], failure [IndexShardRecoveryException[failed recovery]; nested: IndexShardRestoreFailedException[restore failed]; nested: IndexShardRestoreFailedException[failed to restore snapshot [test-snap]]; nested: IndexShardRestoreFailedException[Failed to recover index]; nested: IOException[Random IOException]; ]
[test-idx][[test-idx][4]] IndexShardRecoveryException[failed recovery]; nested: IndexShardRestoreFailedException[restore failed]; nested: IndexShardRestoreFailedException[failed to restore snapshot [test-snap]]; nested: IndexShardRestoreFailedException[Failed to recover index]; nested: IOException[Random IOException];
	at org.elasticsearch.index.shard.StoreRecovery.executeRecovery(StoreRecovery.java:165)
	at org.elasticsearch.index.shard.StoreRecovery.recoverFromRepository(StoreRecovery.java:97)
	at org.elasticsearch.index.shard.IndexShard.restoreFromRepository(IndexShard.java:1110)
	at org.elasticsearch.indices.cluster.IndicesClusterStateService.lambda$applyInitializingShard$128(IndicesClusterStateService.java:654)
	at org.elasticsearch.indices.cluster.IndicesClusterStateService$$Lambda$561/1683367258.run(Unknown Source)
	at java.util.concurrent.ThreadPoolExecutor.runWorker(ThreadPoolExecutor.java:1142)
	at java.util.concurrent.ThreadPoolExecutor$Worker.run(ThreadPoolExecutor.java:617)
	at java.lang.Thread.run(Thread.java:745)
Caused by: [test-idx][[test-idx][4]] IndexShardRestoreFailedException[restore failed]; nested: IndexShardRestoreFailedException[failed to restore snapshot [test-snap]]; nested: IndexShardRestoreFailedException[Failed to recover index]; nested: IOException[Random IOException];
	at org.elasticsearch.index.shard.StoreRecovery.restore(StoreRecovery.java:265)
	at org.elasticsearch.index.shard.StoreRecovery.lambda$recoverFromRepository$123(StoreRecovery.java:99)
	at org.elasticsearch.index.shard.StoreRecovery$$Lambda$562/1148766141.run(Unknown Source)
	at org.elasticsearch.index.shard.StoreRecovery.executeRecovery(StoreRecovery.java:122)
	... 7 more
Caused by: [test-idx][[test-idx][4]] IndexShardRestoreFailedException[failed to restore snapshot [test-snap]]; nested: IndexShardRestoreFailedException[Failed to recover index]; nested: IOException[Random IOException];
	at org.elasticsearch.index.snapshots.blobstore.BlobStoreIndexShardRepository.restore(BlobStoreIndexShardRepository.java:208)
	at org.elasticsearch.index.shard.StoreRecovery.restore(StoreRecovery.java:260)
	... 10 more
Caused by: [test-idx][[test-idx][4]] IndexShardRestoreFailedException[Failed to recover index]; nested: IOException[Random IOException];
	at org.elasticsearch.index.snapshots.blobstore.BlobStoreIndexShardRepository$RestoreContext.restore(BlobStoreIndexShardRepository.java:867)
	at org.elasticsearch.index.snapshots.blobstore.BlobStoreIndexShardRepository.restore(BlobStoreIndexShardRepository.java:206)
	... 11 more
Caused by: java.io.IOException: Random IOException
	at org.elasticsearch.snapshots.mockstore.MockRepository$MockBlobStore$MockBlobContainer.maybeIOExceptionOrBlock(MockRepository.java:277)
	at org.elasticsearch.snapshots.mockstore.MockRepository$MockBlobStore$MockBlobContainer.readBlob(MockRepository.java:321)
	at org.elasticsearch.index.snapshots.blobstore.BlobStoreIndexShardRepository$PartSliceStream.openSlice(BlobStoreIndexShardRepository.java:769)
	at org.elasticsearch.index.snapshots.blobstore.SlicedInputStream.nextStream(SlicedInputStream.java:53)
	at org.elasticsearch.index.snapshots.blobstore.SlicedInputStream.currentStream(SlicedInputStream.java:67)
	at org.elasticsearch.index.snapshots.blobstore.SlicedInputStream.read(SlicedInputStream.java:88)
	at java.io.FilterInputStream.read(FilterInputStream.java:133)
	at org.elasticsearch.index.snapshots.blobstore.RateLimitingInputStream.read(RateLimitingInputStream.java:69)
	at java.io.FilterInputStream.read(FilterInputStream.java:107)
	at org.elasticsearch.index.snapshots.blobstore.BlobStoreIndexShardRepository$RestoreContext.restoreFile(BlobStoreIndexShardRepository.java:924)
	at org.elasticsearch.index.snapshots.blobstore.BlobStoreIndexShardRepository$RestoreContext.restore(BlobStoreIndexShardRepository.java:864)
	... 12 more
[2016-03-30 23:02:05,841][WARN ][org.elasticsearch.cluster.action.shard] [node_s0] [test-idx][4] received shard failed for [test-idx][4], node[YU4rw4SiR5aBA7JFJFd8EQ], [P], v[9], restoring[test-repo:test-snap], s[INITIALIZING], a[id=L5DVnz7RRXi5UKqJZ8v6lQ], unassigned_info[[reason=ALLOCATION_FAILED], at[2016-03-31T06:02:05.755Z], details[failed recovery, failure IndexShardRecoveryException[failed recovery]; nested: IndexShardRestoreFailedException[restore failed]; nested: IndexShardRestoreFailedException[failed to restore snapshot [test-snap]]; nested: IndexShardRestoreFailedException[Failed to recover index]; nested: NotSerializableExceptionWrapper[Random IOException]; ]], expected_shard_size[0], indexUUID [4jpdB_g0RdurmlwQgV2n7w], message [master {node_s0}{YU4rw4SiR5aBA7JFJFd8EQ}{local}{local[78]}[mode=>local] marked shard as initializing, but shard is marked as failed, resend shard failure], failure [Unknown]
[2016-03-30 23:02:05,852][WARN ][org.elasticsearch.indices.cluster] [node_s0] [[test-idx][0]] marking and sending shard failed due to [failed recovery]
[test-idx][[test-idx][0]] IndexShardRecoveryException[failed recovery]; nested: IndexShardRestoreFailedException[restore failed]; nested: IndexShardRestoreFailedException[failed to restore snapshot [test-snap]]; nested: IndexShardRestoreFailedException[Failed to recover index]; nested: IOException[Random IOException];
	at org.elasticsearch.index.shard.StoreRecovery.executeRecovery(StoreRecovery.java:165)
	at org.elasticsearch.index.shard.StoreRecovery.recoverFromRepository(StoreRecovery.java:97)
	at org.elasticsearch.index.shard.IndexShard.restoreFromRepository(IndexShard.java:1110)
	at org.elasticsearch.indices.cluster.IndicesClusterStateService.lambda$applyInitializingShard$128(IndicesClusterStateService.java:654)
	at org.elasticsearch.indices.cluster.IndicesClusterStateService$$Lambda$561/1683367258.run(Unknown Source)
	at java.util.concurrent.ThreadPoolExecutor.runWorker(ThreadPoolExecutor.java:1142)
	at java.util.concurrent.ThreadPoolExecutor$Worker.run(ThreadPoolExecutor.java:617)
	at java.lang.Thread.run(Thread.java:745)
Caused by: [test-idx][[test-idx][0]] IndexShardRestoreFailedException[restore failed]; nested: IndexShardRestoreFailedException[failed to restore snapshot [test-snap]]; nested: IndexShardRestoreFailedException[Failed to recover index]; nested: IOException[Random IOException];
	at org.elasticsearch.index.shard.StoreRecovery.restore(StoreRecovery.java:265)
	at org.elasticsearch.index.shard.StoreRecovery.lambda$recoverFromRepository$123(StoreRecovery.java:99)
	at org.elasticsearch.index.shard.StoreRecovery$$Lambda$562/1148766141.run(Unknown Source)
	at org.elasticsearch.index.shard.StoreRecovery.executeRecovery(StoreRecovery.java:122)
	... 7 more
Caused by: [test-idx][[test-idx][0]] IndexShardRestoreFailedException[failed to restore snapshot [test-snap]]; nested: IndexShardRestoreFailedException[Failed to recover index]; nested: IOException[Random IOException];
	at org.elasticsearch.index.snapshots.blobstore.BlobStoreIndexShardRepository.restore(BlobStoreIndexShardRepository.java:208)
	at org.elasticsearch.index.shard.StoreRecovery.restore(StoreRecovery.java:260)
	... 10 more
Caused by: [test-idx][[test-idx][0]] IndexShardRestoreFailedException[Failed to recover index]; nested: IOException[Random IOException];
	at org.elasticsearch.index.snapshots.blobstore.BlobStoreIndexShardRepository$RestoreContext.restore(BlobStoreIndexShardRepository.java:867)
	at org.elasticsearch.index.snapshots.blobstore.BlobStoreIndexShardRepository.restore(BlobStoreIndexShardRepository.java:206)
	... 11 more
Caused by: java.io.IOException: Random IOException
	at org.elasticsearch.snapshots.mockstore.MockRepository$MockBlobStore$MockBlobContainer.maybeIOExceptionOrBlock(MockRepository.java:277)
	at org.elasticsearch.snapshots.mockstore.MockRepository$MockBlobStore$MockBlobContainer.readBlob(MockRepository.java:321)
	at org.elasticsearch.index.snapshots.blobstore.BlobStoreIndexShardRepository$PartSliceStream.openSlice(BlobStoreIndexShardRepository.java:769)
	at org.elasticsearch.index.snapshots.blobstore.SlicedInputStream.nextStream(SlicedInputStream.java:53)
	at org.elasticsearch.index.snapshots.blobstore.SlicedInputStream.currentStream(SlicedInputStream.java:67)
	at org.elasticsearch.index.snapshots.blobstore.SlicedInputStream.read(SlicedInputStream.java:88)
	at java.io.FilterInputStream.read(FilterInputStream.java:133)
	at org.elasticsearch.index.snapshots.blobstore.RateLimitingInputStream.read(RateLimitingInputStream.java:69)
	at java.io.FilterInputStream.read(FilterInputStream.java:107)
	at org.elasticsearch.index.snapshots.blobstore.BlobStoreIndexShardRepository$RestoreContext.restoreFile(BlobStoreIndexShardRepository.java:924)
	at org.elasticsearch.index.snapshots.blobstore.BlobStoreIndexShardRepository$RestoreContext.restore(BlobStoreIndexShardRepository.java:864)
	... 12 more
[2016-03-30 23:02:05,853][WARN ][org.elasticsearch.cluster.action.shard] [node_s0] [test-idx][0] received shard failed for [test-idx][0], node[YU4rw4SiR5aBA7JFJFd8EQ], [P], v[9], restoring[test-repo:test-snap], s[INITIALIZING], a[id=0LbOyjwMRPu3WW_R81J7_A], unassigned_info[[reason=ALLOCATION_FAILED], at[2016-03-31T06:02:05.756Z], details[failed recovery, failure IndexShardRecoveryException[failed recovery]; nested: IndexShardRestoreFailedException[restore failed]; nested: IndexShardRestoreFailedException[failed to restore snapshot [test-snap]]; nested: IndexShardRestoreFailedException[Failed to recover index]; nested: NotSerializableExceptionWrapper[Random IOException]; ]], expected_shard_size[130], indexUUID [4jpdB_g0RdurmlwQgV2n7w], message [failed recovery], failure [IndexShardRecoveryException[failed recovery]; nested: IndexShardRestoreFailedException[restore failed]; nested: IndexShardRestoreFailedException[failed to restore snapshot [test-snap]]; nested: IndexShardRestoreFailedException[Failed to recover index]; nested: IOException[Random IOException]; ]
[test-idx][[test-idx][0]] IndexShardRecoveryException[failed recovery]; nested: IndexShardRestoreFailedException[restore failed]; nested: IndexShardRestoreFailedException[failed to restore snapshot [test-snap]]; nested: IndexShardRestoreFailedException[Failed to recover index]; nested: IOException[Random IOException];
	at org.elasticsearch.index.shard.StoreRecovery.executeRecovery(StoreRecovery.java:165)
	at org.elasticsearch.index.shard.StoreRecovery.recoverFromRepository(StoreRecovery.java:97)
	at org.elasticsearch.index.shard.IndexShard.restoreFromRepository(IndexShard.java:1110)
	at org.elasticsearch.indices.cluster.IndicesClusterStateService.lambda$applyInitializingShard$128(IndicesClusterStateService.java:654)
	at org.elasticsearch.indices.cluster.IndicesClusterStateService$$Lambda$561/1683367258.run(Unknown Source)
	at java.util.concurrent.ThreadPoolExecutor.runWorker(ThreadPoolExecutor.java:1142)
	at java.util.concurrent.ThreadPoolExecutor$Worker.run(ThreadPoolExecutor.java:617)
	at java.lang.Thread.run(Thread.java:745)
Caused by: [test-idx][[test-idx][0]] IndexShardRestoreFailedException[restore failed]; nested: IndexShardRestoreFailedException[failed to restore snapshot [test-snap]]; nested: IndexShardRestoreFailedException[Failed to recover index]; nested: IOException[Random IOException];
	at org.elasticsearch.index.shard.StoreRecovery.restore(StoreRecovery.java:265)
	at org.elasticsearch.index.shard.StoreRecovery.lambda$recoverFromRepository$123(StoreRecovery.java:99)
	at org.elasticsearch.index.shard.StoreRecovery$$Lambda$562/1148766141.run(Unknown Source)
	at org.elasticsearch.index.shard.StoreRecovery.executeRecovery(StoreRecovery.java:122)
	... 7 more
Caused by: [test-idx][[test-idx][0]] IndexShardRestoreFailedException[failed to restore snapshot [test-snap]]; nested: IndexShardRestoreFailedException[Failed to recover index]; nested: IOException[Random IOException];
	at org.elasticsearch.index.snapshots.blobstore.BlobStoreIndexShardRepository.restore(BlobStoreIndexShardRepository.java:208)
	at org.elasticsearch.index.shard.StoreRecovery.restore(StoreRecovery.java:260)
	... 10 more
Caused by: [test-idx][[test-idx][0]] IndexShardRestoreFailedException[Failed to recover index]; nested: IOException[Random IOException];
	at org.elasticsearch.index.snapshots.blobstore.BlobStoreIndexShardRepository$RestoreContext.restore(BlobStoreIndexShardRepository.java:867)
	at org.elasticsearch.index.snapshots.blobstore.BlobStoreIndexShardRepository.restore(BlobStoreIndexShardRepository.java:206)
	... 11 more
Caused by: java.io.IOException: Random IOException
	at org.elasticsearch.snapshots.mockstore.MockRepository$MockBlobStore$MockBlobContainer.maybeIOExceptionOrBlock(MockRepository.java:277)
	at org.elasticsearch.snapshots.mockstore.MockRepository$MockBlobStore$MockBlobContainer.readBlob(MockRepository.java:321)
	at org.elasticsearch.index.snapshots.blobstore.BlobStoreIndexShardRepository$PartSliceStream.openSlice(BlobStoreIndexShardRepository.java:769)
	at org.elasticsearch.index.snapshots.blobstore.SlicedInputStream.nextStream(SlicedInputStream.java:53)
	at org.elasticsearch.index.snapshots.blobstore.SlicedInputStream.currentStream(SlicedInputStream.java:67)
	at org.elasticsearch.index.snapshots.blobstore.SlicedInputStream.read(SlicedInputStream.java:88)
	at java.io.FilterInputStream.read(FilterInputStream.java:133)
	at org.elasticsearch.index.snapshots.blobstore.RateLimitingInputStream.read(RateLimitingInputStream.java:69)
	at java.io.FilterInputStream.read(FilterInputStream.java:107)
	at org.elasticsearch.index.snapshots.blobstore.BlobStoreIndexShardRepository$RestoreContext.restoreFile(BlobStoreIndexShardRepository.java:924)
	at org.elasticsearch.index.snapshots.blobstore.BlobStoreIndexShardRepository$RestoreContext.restore(BlobStoreIndexShardRepository.java:864)
	... 12 more
[2016-03-30 23:02:05,854][WARN ][org.elasticsearch.cluster.action.shard] [node_s0] [test-idx][0] received shard failed for [test-idx][0], node[YU4rw4SiR5aBA7JFJFd8EQ], [P], v[9], restoring[test-repo:test-snap], s[INITIALIZING], a[id=0LbOyjwMRPu3WW_R81J7_A], unassigned_info[[reason=ALLOCATION_FAILED], at[2016-03-31T06:02:05.756Z], details[failed recovery, failure IndexShardRecoveryException[failed recovery]; nested: IndexShardRestoreFailedException[restore failed]; nested: IndexShardRestoreFailedException[failed to restore snapshot [test-snap]]; nested: IndexShardRestoreFailedException[Failed to recover index]; nested: NotSerializableExceptionWrapper[Random IOException]; ]], expected_shard_size[130], indexUUID [4jpdB_g0RdurmlwQgV2n7w], message [master {node_s0}{YU4rw4SiR5aBA7JFJFd8EQ}{local}{local[78]}[mode=>local] marked shard as initializing, but shard is marked as failed, resend shard failure], failure [Unknown]
[2016-03-30 23:02:05,878][WARN ][org.elasticsearch.indices.cluster] [node_s0] [[test-idx][8]] marking and sending shard failed due to [failed recovery]
[test-idx][[test-idx][8]] IndexShardRecoveryException[failed recovery]; nested: IndexShardRestoreFailedException[restore failed]; nested: IndexShardRestoreFailedException[failed to restore snapshot [test-snap]]; nested: IndexShardRestoreFailedException[Failed to recover index]; nested: IOException[Random IOException];
	at org.elasticsearch.index.shard.StoreRecovery.executeRecovery(StoreRecovery.java:165)
	at org.elasticsearch.index.shard.StoreRecovery.recoverFromRepository(StoreRecovery.java:97)
	at org.elasticsearch.index.shard.IndexShard.restoreFromRepository(IndexShard.java:1110)
	at org.elasticsearch.indices.cluster.IndicesClusterStateService.lambda$applyInitializingShard$128(IndicesClusterStateService.java:654)
	at org.elasticsearch.indices.cluster.IndicesClusterStateService$$Lambda$561/1683367258.run(Unknown Source)
	at java.util.concurrent.ThreadPoolExecutor.runWorker(ThreadPoolExecutor.java:1142)
	at java.util.concurrent.ThreadPoolExecutor$Worker.run(ThreadPoolExecutor.java:617)
	at java.lang.Thread.run(Thread.java:745)
Caused by: [test-idx][[test-idx][8]] IndexShardRestoreFailedException[restore failed]; nested: IndexShardRestoreFailedException[failed to restore snapshot [test-snap]]; nested: IndexShardRestoreFailedException[Failed to recover index]; nested: IOException[Random IOException];
	at org.elasticsearch.index.shard.StoreRecovery.restore(StoreRecovery.java:265)
	at org.elasticsearch.index.shard.StoreRecovery.lambda$recoverFromRepository$123(StoreRecovery.java:99)
	at org.elasticsearch.index.shard.StoreRecovery$$Lambda$562/1148766141.run(Unknown Source)
	at org.elasticsearch.index.shard.StoreRecovery.executeRecovery(StoreRecovery.java:122)
	... 7 more
Caused by: [test-idx][[test-idx][8]] IndexShardRestoreFailedException[failed to restore snapshot [test-snap]]; nested: IndexShardRestoreFailedException[Failed to recover index]; nested: IOException[Random IOException];
	at org.elasticsearch.index.snapshots.blobstore.BlobStoreIndexShardRepository.restore(BlobStoreIndexShardRepository.java:208)
	at org.elasticsearch.index.shard.StoreRecovery.restore(StoreRecovery.java:260)
	... 10 more
Caused by: [test-idx][[test-idx][8]] IndexShardRestoreFailedException[Failed to recover index]; nested: IOException[Random IOException];
	at org.elasticsearch.index.snapshots.blobstore.BlobStoreIndexShardRepository$RestoreContext.restore(BlobStoreIndexShardRepository.java:867)
	at org.elasticsearch.index.snapshots.blobstore.BlobStoreIndexShardRepository.restore(BlobStoreIndexShardRepository.java:206)
	... 11 more
Caused by: java.io.IOException: Random IOException
	at org.elasticsearch.snapshots.mockstore.MockRepository$MockBlobStore$MockBlobContainer.maybeIOExceptionOrBlock(MockRepository.java:277)
	at org.elasticsearch.snapshots.mockstore.MockRepository$MockBlobStore$MockBlobContainer.readBlob(MockRepository.java:321)
	at org.elasticsearch.index.snapshots.blobstore.BlobStoreIndexShardRepository$PartSliceStream.openSlice(BlobStoreIndexShardRepository.java:769)
	at org.elasticsearch.index.snapshots.blobstore.SlicedInputStream.nextStream(SlicedInputStream.java:53)
	at org.elasticsearch.index.snapshots.blobstore.SlicedInputStream.currentStream(SlicedInputStream.java:67)
	at org.elasticsearch.index.snapshots.blobstore.SlicedInputStream.read(SlicedInputStream.java:88)
	at java.io.FilterInputStream.read(FilterInputStream.java:133)
	at org.elasticsearch.index.snapshots.blobstore.RateLimitingInputStream.read(RateLimitingInputStream.java:69)
	at java.io.FilterInputStream.read(FilterInputStream.java:107)
	at org.elasticsearch.index.snapshots.blobstore.BlobStoreIndexShardRepository$RestoreContext.restoreFile(BlobStoreIndexShardRepository.java:924)
	at org.elasticsearch.index.snapshots.blobstore.BlobStoreIndexShardRepository$RestoreContext.restore(BlobStoreIndexShardRepository.java:864)
	... 12 more
[2016-03-30 23:02:05,880][WARN ][org.elasticsearch.cluster.action.shard] [node_s0] [test-idx][8] received shard failed for [test-idx][8], node[YU4rw4SiR5aBA7JFJFd8EQ], [P], v[9], restoring[test-repo:test-snap], s[INITIALIZING], a[id=nvdjnh3PSEql-cN4t9cmxQ], unassigned_info[[reason=ALLOCATION_FAILED], at[2016-03-31T06:02:05.755Z], details[failed recovery, failure IndexShardRecoveryException[failed recovery]; nested: IndexShardRestoreFailedException[restore failed]; nested: IndexShardRestoreFailedException[failed to restore snapshot [test-snap]]; nested: IndexShardRestoreFailedException[Failed to recover index]; nested: NotSerializableExceptionWrapper[Random IOException]; ]], expected_shard_size[130], indexUUID [4jpdB_g0RdurmlwQgV2n7w], message [failed recovery], failure [IndexShardRecoveryException[failed recovery]; nested: IndexShardRestoreFailedException[restore failed]; nested: IndexShardRestoreFailedException[failed to restore snapshot [test-snap]]; nested: IndexShardRestoreFailedException[Failed to recover index]; nested: IOException[Random IOException]; ]
[test-idx][[test-idx][8]] IndexShardRecoveryException[failed recovery]; nested: IndexShardRestoreFailedException[restore failed]; nested: IndexShardRestoreFailedException[failed to restore snapshot [test-snap]]; nested: IndexShardRestoreFailedException[Failed to recover index]; nested: IOException[Random IOException];
	at org.elasticsearch.index.shard.StoreRecovery.executeRecovery(StoreRecovery.java:165)
	at org.elasticsearch.index.shard.StoreRecovery.recoverFromRepository(StoreRecovery.java:97)
	at org.elasticsearch.index.shard.IndexShard.restoreFromRepository(IndexShard.java:1110)
	at org.elasticsearch.indices.cluster.IndicesClusterStateService.lambda$applyInitializingShard$128(IndicesClusterStateService.java:654)
	at org.elasticsearch.indices.cluster.IndicesClusterStateService$$Lambda$561/1683367258.run(Unknown Source)
	at java.util.concurrent.ThreadPoolExecutor.runWorker(ThreadPoolExecutor.java:1142)
	at java.util.concurrent.ThreadPoolExecutor$Worker.run(ThreadPoolExecutor.java:617)
	at java.lang.Thread.run(Thread.java:745)
Caused by: [test-idx][[test-idx][8]] IndexShardRestoreFailedException[restore failed]; nested: IndexShardRestoreFailedException[failed to restore snapshot [test-snap]]; nested: IndexShardRestoreFailedException[Failed to recover index]; nested: IOException[Random IOException];
	at org.elasticsearch.index.shard.StoreRecovery.restore(StoreRecovery.java:265)
	at org.elasticsearch.index.shard.StoreRecovery.lambda$recoverFromRepository$123(StoreRecovery.java:99)
	at org.elasticsearch.index.shard.StoreRecovery$$Lambda$562/1148766141.run(Unknown Source)
	at org.elasticsearch.index.shard.StoreRecovery.executeRecovery(StoreRecovery.java:122)
	... 7 more
Caused by: [test-idx][[test-idx][8]] IndexShardRestoreFailedException[failed to restore snapshot [test-snap]]; nested: IndexShardRestoreFailedException[Failed to recover index]; nested: IOException[Random IOException];
	at org.elasticsearch.index.snapshots.blobstore.BlobStoreIndexShardRepository.restore(BlobStoreIndexShardRepository.java:208)
	at org.elasticsearch.index.shard.StoreRecovery.restore(StoreRecovery.java:260)
	... 10 more
Caused by: [test-idx][[test-idx][8]] IndexShardRestoreFailedException[Failed to recover index]; nested: IOException[Random IOException];
	at org.elasticsearch.index.snapshots.blobstore.BlobStoreIndexShardRepository$RestoreContext.restore(BlobStoreIndexShardRepository.java:867)
	at org.elasticsearch.index.snapshots.blobstore.BlobStoreIndexShardRepository.restore(BlobStoreIndexShardRepository.java:206)
	... 11 more
Caused by: java.io.IOException: Random IOException
	at org.elasticsearch.snapshots.mockstore.MockRepository$MockBlobStore$MockBlobContainer.maybeIOExceptionOrBlock(MockRepository.java:277)
	at org.elasticsearch.snapshots.mockstore.MockRepository$MockBlobStore$MockBlobContainer.readBlob(MockRepository.java:321)
	at org.elasticsearch.index.snapshots.blobstore.BlobStoreIndexShardRepository$PartSliceStream.openSlice(BlobStoreIndexShardRepository.java:769)
	at org.elasticsearch.index.snapshots.blobstore.SlicedInputStream.nextStream(SlicedInputStream.java:53)
	at org.elasticsearch.index.snapshots.blobstore.SlicedInputStream.currentStream(SlicedInputStream.java:67)
	at org.elasticsearch.index.snapshots.blobstore.SlicedInputStream.read(SlicedInputStream.java:88)
	at java.io.FilterInputStream.read(FilterInputStream.java:133)
	at org.elasticsearch.index.snapshots.blobstore.RateLimitingInputStream.read(RateLimitingInputStream.java:69)
	at java.io.FilterInputStream.read(FilterInputStream.java:107)
	at org.elasticsearch.index.snapshots.blobstore.BlobStoreIndexShardRepository$RestoreContext.restoreFile(BlobStoreIndexShardRepository.java:924)
	at org.elasticsearch.index.snapshots.blobstore.BlobStoreIndexShardRepository$RestoreContext.restore(BlobStoreIndexShardRepository.java:864)
	... 12 more
[2016-03-30 23:02:05,881][WARN ][org.elasticsearch.cluster.action.shard] [node_s0] [test-idx][8] received shard failed for [test-idx][8], node[YU4rw4SiR5aBA7JFJFd8EQ], [P], v[9], restoring[test-repo:test-snap], s[INITIALIZING], a[id=nvdjnh3PSEql-cN4t9cmxQ], unassigned_info[[reason=ALLOCATION_FAILED], at[2016-03-31T06:02:05.755Z], details[failed recovery, failure IndexShardRecoveryException[failed recovery]; nested: IndexShardRestoreFailedException[restore failed]; nested: IndexShardRestoreFailedException[failed to restore snapshot [test-snap]]; nested: IndexShardRestoreFailedException[Failed to recover index]; nested: NotSerializableExceptionWrapper[Random IOException]; ]], expected_shard_size[130], indexUUID [4jpdB_g0RdurmlwQgV2n7w], message [master {node_s0}{YU4rw4SiR5aBA7JFJFd8EQ}{local}{local[78]}[mode=>local] marked shard as initializing, but shard is marked as failed, resend shard failure], failure [Unknown]
[2016-03-30 23:02:05,881][WARN ][org.elasticsearch.indices.cluster] [node_s1] [[test-idx][4]] marking and sending shard failed due to [failed recovery]
[test-idx][[test-idx][4]] IndexShardRecoveryException[failed recovery]; nested: IndexShardRestoreFailedException[restore failed]; nested: IndexShardRestoreFailedException[failed to restore snapshot [test-snap]]; nested: IndexShardRestoreFailedException[Failed to recover index]; nested: IOException[Random IOException];
	at org.elasticsearch.index.shard.StoreRecovery.executeRecovery(StoreRecovery.java:165)
	at org.elasticsearch.index.shard.StoreRecovery.recoverFromRepository(StoreRecovery.java:97)
	at org.elasticsearch.index.shard.IndexShard.restoreFromRepository(IndexShard.java:1110)
	at org.elasticsearch.indices.cluster.IndicesClusterStateService.lambda$applyInitializingShard$128(IndicesClusterStateService.java:654)
	at org.elasticsearch.indices.cluster.IndicesClusterStateService$$Lambda$561/1683367258.run(Unknown Source)
	at java.util.concurrent.ThreadPoolExecutor.runWorker(ThreadPoolExecutor.java:1142)
	at java.util.concurrent.ThreadPoolExecutor$Worker.run(ThreadPoolExecutor.java:617)
	at java.lang.Thread.run(Thread.java:745)
Caused by: [test-idx][[test-idx][4]] IndexShardRestoreFailedException[restore failed]; nested: IndexShardRestoreFailedException[failed to restore snapshot [test-snap]]; nested: IndexShardRestoreFailedException[Failed to recover index]; nested: IOException[Random IOException];
	at org.elasticsearch.index.shard.StoreRecovery.restore(StoreRecovery.java:265)
	at org.elasticsearch.index.shard.StoreRecovery.lambda$recoverFromRepository$123(StoreRecovery.java:99)
	at org.elasticsearch.index.shard.StoreRecovery$$Lambda$562/1148766141.run(Unknown Source)
	at org.elasticsearch.index.shard.StoreRecovery.executeRecovery(StoreRecovery.java:122)
	... 7 more
Caused by: [test-idx][[test-idx][4]] IndexShardRestoreFailedException[failed to restore snapshot [test-snap]]; nested: IndexShardRestoreFailedException[Failed to recover index]; nested: IOException[Random IOException];
	at org.elasticsearch.index.snapshots.blobstore.BlobStoreIndexShardRepository.restore(BlobStoreIndexShardRepository.java:208)
	at org.elasticsearch.index.shard.StoreRecovery.restore(StoreRecovery.java:260)
	... 10 more
Caused by: [test-idx][[test-idx][4]] IndexShardRestoreFailedException[Failed to recover index]; nested: IOException[Random IOException];
	at org.elasticsearch.index.snapshots.blobstore.BlobStoreIndexShardRepository$RestoreContext.restore(BlobStoreIndexShardRepository.java:867)
	at org.elasticsearch.index.snapshots.blobstore.BlobStoreIndexShardRepository.restore(BlobStoreIndexShardRepository.java:206)
	... 11 more
Caused by: java.io.IOException: Random IOException
	at org.elasticsearch.snapshots.mockstore.MockRepository$MockBlobStore$MockBlobContainer.maybeIOExceptionOrBlock(MockRepository.java:277)
	at org.elasticsearch.snapshots.mockstore.MockRepository$MockBlobStore$MockBlobContainer.readBlob(MockRepository.java:321)
	at org.elasticsearch.index.snapshots.blobstore.BlobStoreIndexShardRepository$PartSliceStream.openSlice(BlobStoreIndexShardRepository.java:769)
	at org.elasticsearch.index.snapshots.blobstore.SlicedInputStream.nextStream(SlicedInputStream.java:53)
	at org.elasticsearch.index.snapshots.blobstore.SlicedInputStream.currentStream(SlicedInputStream.java:67)
	at org.elasticsearch.index.snapshots.blobstore.SlicedInputStream.read(SlicedInputStream.java:88)
	at java.io.FilterInputStream.read(FilterInputStream.java:133)
	at org.elasticsearch.index.snapshots.blobstore.RateLimitingInputStream.read(RateLimitingInputStream.java:69)
	at java.io.FilterInputStream.read(FilterInputStream.java:107)
	at org.elasticsearch.index.snapshots.blobstore.BlobStoreIndexShardRepository$RestoreContext.restoreFile(BlobStoreIndexShardRepository.java:924)
	at org.elasticsearch.index.snapshots.blobstore.BlobStoreIndexShardRepository$RestoreContext.restore(BlobStoreIndexShardRepository.java:864)
	... 12 more
[2016-03-30 23:02:05,886][WARN ][org.elasticsearch.indices.cluster] [node_s1] [[test-idx][0]] marking and sending shard failed due to [failed recovery]
[test-idx][[test-idx][0]] IndexShardRecoveryException[failed recovery]; nested: IndexShardRestoreFailedException[restore failed]; nested: IndexShardRestoreFailedException[failed to restore snapshot [test-snap]]; nested: IndexShardRestoreFailedException[Failed to recover index]; nested: IOException[Random IOException];
	at org.elasticsearch.index.shard.StoreRecovery.executeRecovery(StoreRecovery.java:165)
	at org.elasticsearch.index.shard.StoreRecovery.recoverFromRepository(StoreRecovery.java:97)
	at org.elasticsearch.index.shard.IndexShard.restoreFromRepository(IndexShard.java:1110)
	at org.elasticsearch.indices.cluster.IndicesClusterStateService.lambda$applyInitializingShard$128(IndicesClusterStateService.java:654)
	at org.elasticsearch.indices.cluster.IndicesClusterStateService$$Lambda$561/1683367258.run(Unknown Source)
	at java.util.concurrent.ThreadPoolExecutor.runWorker(ThreadPoolExecutor.java:1142)
	at java.util.concurrent.ThreadPoolExecutor$Worker.run(ThreadPoolExecutor.java:617)
	at java.lang.Thread.run(Thread.java:745)
Caused by: [test-idx][[test-idx][0]] IndexShardRestoreFailedException[restore failed]; nested: IndexShardRestoreFailedException[failed to restore snapshot [test-snap]]; nested: IndexShardRestoreFailedException[Failed to recover index]; nested: IOException[Random IOException];
	at org.elasticsearch.index.shard.StoreRecovery.restore(StoreRecovery.java:265)
	at org.elasticsearch.index.shard.StoreRecovery.lambda$recoverFromRepository$123(StoreRecovery.java:99)
	at org.elasticsearch.index.shard.StoreRecovery$$Lambda$562/1148766141.run(Unknown Source)
	at org.elasticsearch.index.shard.StoreRecovery.executeRecovery(StoreRecovery.java:122)
	... 7 more
Caused by: [test-idx][[test-idx][0]] IndexShardRestoreFailedException[failed to restore snapshot [test-snap]]; nested: IndexShardRestoreFailedException[Failed to recover index]; nested: IOException[Random IOException];
	at org.elasticsearch.index.snapshots.blobstore.BlobStoreIndexShardRepository.restore(BlobStoreIndexShardRepository.java:208)
	at org.elasticsearch.index.shard.StoreRecovery.restore(StoreRecovery.java:260)
	... 10 more
Caused by: [test-idx][[test-idx][0]] IndexShardRestoreFailedException[Failed to recover index]; nested: IOException[Random IOException];
	at org.elasticsearch.index.snapshots.blobstore.BlobStoreIndexShardRepository$RestoreContext.restore(BlobStoreIndexShardRepository.java:867)
	at org.elasticsearch.index.snapshots.blobstore.BlobStoreIndexShardRepository.restore(BlobStoreIndexShardRepository.java:206)
	... 11 more
Caused by: java.io.IOException: Random IOException
	at org.elasticsearch.snapshots.mockstore.MockRepository$MockBlobStore$MockBlobContainer.maybeIOExceptionOrBlock(MockRepository.java:277)
	at org.elasticsearch.snapshots.mockstore.MockRepository$MockBlobStore$MockBlobContainer.readBlob(MockRepository.java:321)
	at org.elasticsearch.index.snapshots.blobstore.BlobStoreIndexShardRepository$PartSliceStream.openSlice(BlobStoreIndexShardRepository.java:769)
	at org.elasticsearch.index.snapshots.blobstore.SlicedInputStream.nextStream(SlicedInputStream.java:53)
	at org.elasticsearch.index.snapshots.blobstore.SlicedInputStream.currentStream(SlicedInputStream.java:67)
	at org.elasticsearch.index.snapshots.blobstore.SlicedInputStream.read(SlicedInputStream.java:88)
	at java.io.FilterInputStream.read(FilterInputStream.java:133)
	at org.elasticsearch.index.snapshots.blobstore.RateLimitingInputStream.read(RateLimitingInputStream.java:69)
	at java.io.FilterInputStream.read(FilterInputStream.java:107)
	at org.elasticsearch.index.snapshots.blobstore.BlobStoreIndexShardRepository$RestoreContext.restoreFile(BlobStoreIndexShardRepository.java:924)
	at org.elasticsearch.index.snapshots.blobstore.BlobStoreIndexShardRepository$RestoreContext.restore(BlobStoreIndexShardRepository.java:864)
	... 12 more
[2016-03-30 23:02:05,886][WARN ][org.elasticsearch.cluster.action.shard] [node_s0] [test-idx][4] received shard failed for [test-idx][4], node[BGl_MLcDTse8q5N9C0jt5A], [P], v[11], restoring[test-repo:test-snap], s[INITIALIZING], a[id=jVq6TjSXT6Ca4lY8blYXRw], unassigned_info[[reason=ALLOCATION_FAILED], at[2016-03-31T06:02:05.848Z], details[failed recovery, failure IndexShardRecoveryException[failed recovery]; nested: IndexShardRestoreFailedException[restore failed]; nested: IndexShardRestoreFailedException[failed to restore snapshot [test-snap]]; nested: IndexShardRestoreFailedException[Failed to recover index]; nested: NotSerializableExceptionWrapper[Random IOException]; ]], expected_shard_size[0], indexUUID [4jpdB_g0RdurmlwQgV2n7w], message [failed recovery], failure [IndexShardRecoveryException[failed recovery]; nested: IndexShardRestoreFailedException[restore failed]; nested: IndexShardRestoreFailedException[failed to restore snapshot [test-snap]]; nested: IndexShardRestoreFailedException[Failed to recover index]; nested: NotSerializableExceptionWrapper[Random IOException]; ]
[test-idx][[test-idx][4]] IndexShardRecoveryException[failed recovery]; nested: IndexShardRestoreFailedException[restore failed]; nested: IndexShardRestoreFailedException[failed to restore snapshot [test-snap]]; nested: IndexShardRestoreFailedException[Failed to recover index]; nested: NotSerializableExceptionWrapper[Random IOException];
	at org.elasticsearch.index.shard.StoreRecovery.executeRecovery(StoreRecovery.java:165)
	at org.elasticsearch.index.shard.StoreRecovery.recoverFromRepository(StoreRecovery.java:97)
	at org.elasticsearch.index.shard.IndexShard.restoreFromRepository(IndexShard.java:1110)
	at org.elasticsearch.indices.cluster.IndicesClusterStateService.lambda$applyInitializingShard$128(IndicesClusterStateService.java:654)
	at org.elasticsearch.indices.cluster.IndicesClusterStateService$$Lambda$561/1683367258.run(Unknown Source)
	at java.util.concurrent.ThreadPoolExecutor.runWorker(ThreadPoolExecutor.java:1142)
	at java.util.concurrent.ThreadPoolExecutor$Worker.run(ThreadPoolExecutor.java:617)
	at java.lang.Thread.run(Thread.java:745)
Caused by: [test-idx][[test-idx][4]] IndexShardRestoreFailedException[restore failed]; nested: IndexShardRestoreFailedException[failed to restore snapshot [test-snap]]; nested: IndexShardRestoreFailedException[Failed to recover index]; nested: NotSerializableExceptionWrapper[Random IOException];
	at org.elasticsearch.index.shard.StoreRecovery.restore(StoreRecovery.java:265)
	at org.elasticsearch.index.shard.StoreRecovery.lambda$recoverFromRepository$123(StoreRecovery.java:99)
	at org.elasticsearch.index.shard.StoreRecovery$$Lambda$562/1148766141.run(Unknown Source)
	at org.elasticsearch.index.shard.StoreRecovery.executeRecovery(StoreRecovery.java:122)
	... 7 more
Caused by: [test-idx][[test-idx][4]] IndexShardRestoreFailedException[failed to restore snapshot [test-snap]]; nested: IndexShardRestoreFailedException[Failed to recover index]; nested: NotSerializableExceptionWrapper[Random IOException];
	at org.elasticsearch.index.snapshots.blobstore.BlobStoreIndexShardRepository.restore(BlobStoreIndexShardRepository.java:208)
	at org.elasticsearch.index.shard.StoreRecovery.restore(StoreRecovery.java:260)
	... 10 more
Caused by: [test-idx][[test-idx][4]] IndexShardRestoreFailedException[Failed to recover index]; nested: NotSerializableExceptionWrapper[Random IOException];
	at org.elasticsearch.index.snapshots.blobstore.BlobStoreIndexShardRepository$RestoreContext.restore(BlobStoreIndexShardRepository.java:867)
	at org.elasticsearch.index.snapshots.blobstore.BlobStoreIndexShardRepository.restore(BlobStoreIndexShardRepository.java:206)
	... 11 more
Caused by: NotSerializableExceptionWrapper[Random IOException]
	at org.elasticsearch.snapshots.mockstore.MockRepository$MockBlobStore$MockBlobContainer.maybeIOExceptionOrBlock(MockRepository.java:277)
	at org.elasticsearch.snapshots.mockstore.MockRepository$MockBlobStore$MockBlobContainer.readBlob(MockRepository.java:321)
	at org.elasticsearch.index.snapshots.blobstore.BlobStoreIndexShardRepository$PartSliceStream.openSlice(BlobStoreIndexShardRepository.java:769)
	at org.elasticsearch.index.snapshots.blobstore.SlicedInputStream.nextStream(SlicedInputStream.java:53)
	at org.elasticsearch.index.snapshots.blobstore.SlicedInputStream.currentStream(SlicedInputStream.java:67)
	at org.elasticsearch.index.snapshots.blobstore.SlicedInputStream.read(SlicedInputStream.java:88)
	at java.io.FilterInputStream.read(FilterInputStream.java:133)
	at org.elasticsearch.index.snapshots.blobstore.RateLimitingInputStream.read(RateLimitingInputStream.java:69)
	at java.io.FilterInputStream.read(FilterInputStream.java:107)
	at org.elasticsearch.index.snapshots.blobstore.BlobStoreIndexShardRepository$RestoreContext.restoreFile(BlobStoreIndexShardRepository.java:924)
	at org.elasticsearch.index.snapshots.blobstore.BlobStoreIndexShardRepository$RestoreContext.restore(BlobStoreIndexShardRepository.java:864)
	... 12 more
[2016-03-30 23:02:05,891][WARN ][org.elasticsearch.cluster.action.shard] [node_s0] [test-idx][0] received shard failed for [test-idx][0], node[BGl_MLcDTse8q5N9C0jt5A], [P], v[11], restoring[test-repo:test-snap], s[INITIALIZING], a[id=ue37NfUBS9CY8Ezn9K7laQ], unassigned_info[[reason=ALLOCATION_FAILED], at[2016-03-31T06:02:05.855Z], details[failed recovery, failure IndexShardRecoveryException[failed recovery]; nested: IndexShardRestoreFailedException[restore failed]; nested: IndexShardRestoreFailedException[failed to restore snapshot [test-snap]]; nested: IndexShardRestoreFailedException[Failed to recover index]; nested: NotSerializableExceptionWrapper[Random IOException]; ]], expected_shard_size[130], indexUUID [4jpdB_g0RdurmlwQgV2n7w], message [failed recovery], failure [IndexShardRecoveryException[failed recovery]; nested: IndexShardRestoreFailedException[restore failed]; nested: IndexShardRestoreFailedException[failed to restore snapshot [test-snap]]; nested: IndexShardRestoreFailedException[Failed to recover index]; nested: NotSerializableExceptionWrapper[Random IOException]; ]
[test-idx][[test-idx][0]] IndexShardRecoveryException[failed recovery]; nested: IndexShardRestoreFailedException[restore failed]; nested: IndexShardRestoreFailedException[failed to restore snapshot [test-snap]]; nested: IndexShardRestoreFailedException[Failed to recover index]; nested: NotSerializableExceptionWrapper[Random IOException];
	at org.elasticsearch.index.shard.StoreRecovery.executeRecovery(StoreRecovery.java:165)
	at org.elasticsearch.index.shard.StoreRecovery.recoverFromRepository(StoreRecovery.java:97)
	at org.elasticsearch.index.shard.IndexShard.restoreFromRepository(IndexShard.java:1110)
	at org.elasticsearch.indices.cluster.IndicesClusterStateService.lambda$applyInitializingShard$128(IndicesClusterStateService.java:654)
	at org.elasticsearch.indices.cluster.IndicesClusterStateService$$Lambda$561/1683367258.run(Unknown Source)
	at java.util.concurrent.ThreadPoolExecutor.runWorker(ThreadPoolExecutor.java:1142)
	at java.util.concurrent.ThreadPoolExecutor$Worker.run(ThreadPoolExecutor.java:617)
	at java.lang.Thread.run(Thread.java:745)
Caused by: [test-idx][[test-idx][0]] IndexShardRestoreFailedException[restore failed]; nested: IndexShardRestoreFailedException[failed to restore snapshot [test-snap]]; nested: IndexShardRestoreFailedException[Failed to recover index]; nested: NotSerializableExceptionWrapper[Random IOException];
	at org.elasticsearch.index.shard.StoreRecovery.restore(StoreRecovery.java:265)
	at org.elasticsearch.index.shard.StoreRecovery.lambda$recoverFromRepository$123(StoreRecovery.java:99)
	at org.elasticsearch.index.shard.StoreRecovery$$Lambda$562/1148766141.run(Unknown Source)
	at org.elasticsearch.index.shard.StoreRecovery.executeRecovery(StoreRecovery.java:122)
	... 7 more
Caused by: [test-idx][[test-idx][0]] IndexShardRestoreFailedException[failed to restore snapshot [test-snap]]; nested: IndexShardRestoreFailedException[Failed to recover index]; nested: NotSerializableExceptionWrapper[Random IOException];
	at org.elasticsearch.index.snapshots.blobstore.BlobStoreIndexShardRepository.restore(BlobStoreIndexShardRepository.java:208)
	at org.elasticsearch.index.shard.StoreRecovery.restore(StoreRecovery.java:260)
	... 10 more
Caused by: [test-idx][[test-idx][0]] IndexShardRestoreFailedException[Failed to recover index]; nested: NotSerializableExceptionWrapper[Random IOException];
	at org.elasticsearch.index.snapshots.blobstore.BlobStoreIndexShardRepository$RestoreContext.restore(BlobStoreIndexShardRepository.java:867)
	at org.elasticsearch.index.snapshots.blobstore.BlobStoreIndexShardRepository.restore(BlobStoreIndexShardRepository.java:206)
	... 11 more
Caused by: NotSerializableExceptionWrapper[Random IOException]
	at org.elasticsearch.snapshots.mockstore.MockRepository$MockBlobStore$MockBlobContainer.maybeIOExceptionOrBlock(MockRepository.java:277)
	at org.elasticsearch.snapshots.mockstore.MockRepository$MockBlobStore$MockBlobContainer.readBlob(MockRepository.java:321)
	at org.elasticsearch.index.snapshots.blobstore.BlobStoreIndexShardRepository$PartSliceStream.openSlice(BlobStoreIndexShardRepository.java:769)
	at org.elasticsearch.index.snapshots.blobstore.SlicedInputStream.nextStream(SlicedInputStream.java:53)
	at org.elasticsearch.index.snapshots.blobstore.SlicedInputStream.currentStream(SlicedInputStream.java:67)
	at org.elasticsearch.index.snapshots.blobstore.SlicedInputStream.read(SlicedInputStream.java:88)
	at java.io.FilterInputStream.read(FilterInputStream.java:133)
	at org.elasticsearch.index.snapshots.blobstore.RateLimitingInputStream.read(RateLimitingInputStream.java:69)
	at java.io.FilterInputStream.read(FilterInputStream.java:107)
	at org.elasticsearch.index.snapshots.blobstore.BlobStoreIndexShardRepository$RestoreContext.restoreFile(BlobStoreIndexShardRepository.java:924)
	at org.elasticsearch.index.snapshots.blobstore.BlobStoreIndexShardRepository$RestoreContext.restore(BlobStoreIndexShardRepository.java:864)
	... 12 more
[2016-03-30 23:02:05,900][WARN ][org.elasticsearch.cluster.action.shard] [node_s0] [test-idx][4] received shard failed for [test-idx][4], node[BGl_MLcDTse8q5N9C0jt5A], [P], v[11], restoring[test-repo:test-snap], s[INITIALIZING], a[id=jVq6TjSXT6Ca4lY8blYXRw], unassigned_info[[reason=ALLOCATION_FAILED], at[2016-03-31T06:02:05.848Z], details[failed recovery, failure IndexShardRecoveryException[failed recovery]; nested: IndexShardRestoreFailedException[restore failed]; nested: IndexShardRestoreFailedException[failed to restore snapshot [test-snap]]; nested: IndexShardRestoreFailedException[Failed to recover index]; nested: NotSerializableExceptionWrapper[Random IOException]; ]], expected_shard_size[0], indexUUID [4jpdB_g0RdurmlwQgV2n7w], message [master {node_s0}{YU4rw4SiR5aBA7JFJFd8EQ}{local}{local[78]}[mode=>local] marked shard as initializing, but shard is marked as failed, resend shard failure], failure [Unknown]
[2016-03-30 23:02:05,901][WARN ][org.elasticsearch.cluster.action.shard] [node_s0] [test-idx][0] received shard failed for [test-idx][0], node[BGl_MLcDTse8q5N9C0jt5A], [P], v[11], restoring[test-repo:test-snap], s[INITIALIZING], a[id=ue37NfUBS9CY8Ezn9K7laQ], unassigned_info[[reason=ALLOCATION_FAILED], at[2016-03-31T06:02:05.855Z], details[failed recovery, failure IndexShardRecoveryException[failed recovery]; nested: IndexShardRestoreFailedException[restore failed]; nested: IndexShardRestoreFailedException[failed to restore snapshot [test-snap]]; nested: IndexShardRestoreFailedException[Failed to recover index]; nested: NotSerializableExceptionWrapper[Random IOException]; ]], expected_shard_size[130], indexUUID [4jpdB_g0RdurmlwQgV2n7w], message [master {node_s0}{YU4rw4SiR5aBA7JFJFd8EQ}{local}{local[78]}[mode=>local] marked shard as initializing, but shard is marked as failed, resend shard failure], failure [Unknown]
[2016-03-30 23:02:05,902][WARN ][org.elasticsearch.indices.cluster] [node_s1] [[test-idx][7]] marking and sending shard failed due to [failed recovery]
[test-idx][[test-idx][7]] IndexShardRecoveryException[failed recovery]; nested: IndexShardRestoreFailedException[restore failed]; nested: IndexShardRestoreFailedException[failed to restore snapshot [test-snap]]; nested: IndexShardRestoreFailedException[Failed to recover index]; nested: IOException[Random IOException];
	at org.elasticsearch.index.shard.StoreRecovery.executeRecovery(StoreRecovery.java:165)
	at org.elasticsearch.index.shard.StoreRecovery.recoverFromRepository(StoreRecovery.java:97)
	at org.elasticsearch.index.shard.IndexShard.restoreFromRepository(IndexShard.java:1110)
	at org.elasticsearch.indices.cluster.IndicesClusterStateService.lambda$applyInitializingShard$128(IndicesClusterStateService.java:654)
	at org.elasticsearch.indices.cluster.IndicesClusterStateService$$Lambda$561/1683367258.run(Unknown Source)
	at java.util.concurrent.ThreadPoolExecutor.runWorker(ThreadPoolExecutor.java:1142)
	at java.util.concurrent.ThreadPoolExecutor$Worker.run(ThreadPoolExecutor.java:617)
	at java.lang.Thread.run(Thread.java:745)
Caused by: [test-idx][[test-idx][7]] IndexShardRestoreFailedException[restore failed]; nested: IndexShardRestoreFailedException[failed to restore snapshot [test-snap]]; nested: IndexShardRestoreFailedException[Failed to recover index]; nested: IOException[Random IOException];
	at org.elasticsearch.index.shard.StoreRecovery.restore(StoreRecovery.java:265)
	at org.elasticsearch.index.shard.StoreRecovery.lambda$recoverFromRepository$123(StoreRecovery.java:99)
	at org.elasticsearch.index.shard.StoreRecovery$$Lambda$562/1148766141.run(Unknown Source)
	at org.elasticsearch.index.shard.StoreRecovery.executeRecovery(StoreRecovery.java:122)
	... 7 more
Caused by: [test-idx][[test-idx][7]] IndexShardRestoreFailedException[failed to restore snapshot [test-snap]]; nested: IndexShardRestoreFailedException[Failed to recover index]; nested: IOException[Random IOException];
	at org.elasticsearch.index.snapshots.blobstore.BlobStoreIndexShardRepository.restore(BlobStoreIndexShardRepository.java:208)
	at org.elasticsearch.index.shard.StoreRecovery.restore(StoreRecovery.java:260)
	... 10 more
Caused by: [test-idx][[test-idx][7]] IndexShardRestoreFailedException[Failed to recover index]; nested: IOException[Random IOException];
	at org.elasticsearch.index.snapshots.blobstore.BlobStoreIndexShardRepository$RestoreContext.restore(BlobStoreIndexShardRepository.java:867)
	at org.elasticsearch.index.snapshots.blobstore.BlobStoreIndexShardRepository.restore(BlobStoreIndexShardRepository.java:206)
	... 11 more
Caused by: java.io.IOException: Random IOException
	at org.elasticsearch.snapshots.mockstore.MockRepository$MockBlobStore$MockBlobContainer.maybeIOExceptionOrBlock(MockRepository.java:277)
	at org.elasticsearch.snapshots.mockstore.MockRepository$MockBlobStore$MockBlobContainer.readBlob(MockRepository.java:321)
	at org.elasticsearch.index.snapshots.blobstore.BlobStoreIndexShardRepository$PartSliceStream.openSlice(BlobStoreIndexShardRepository.java:769)
	at org.elasticsearch.index.snapshots.blobstore.SlicedInputStream.nextStream(SlicedInputStream.java:53)
	at org.elasticsearch.index.snapshots.blobstore.SlicedInputStream.currentStream(SlicedInputStream.java:67)
	at org.elasticsearch.index.snapshots.blobstore.SlicedInputStream.read(SlicedInputStream.java:88)
	at java.io.FilterInputStream.read(FilterInputStream.java:133)
	at org.elasticsearch.index.snapshots.blobstore.RateLimitingInputStream.read(RateLimitingInputStream.java:69)
	at java.io.FilterInputStream.read(FilterInputStream.java:107)
	at org.elasticsearch.index.snapshots.blobstore.BlobStoreIndexShardRepository$RestoreContext.restoreFile(BlobStoreIndexShardRepository.java:924)
	at org.elasticsearch.index.snapshots.blobstore.BlobStoreIndexShardRepository$RestoreContext.restore(BlobStoreIndexShardRepository.java:864)
	... 12 more
[2016-03-30 23:02:05,906][WARN ][org.elasticsearch.indices.cluster] [node_s1] [[test-idx][2]] marking and sending shard failed due to [failed recovery]
[test-idx][[test-idx][2]] IndexShardRecoveryException[failed recovery]; nested: IndexShardRestoreFailedException[restore failed]; nested: IndexShardRestoreFailedException[failed to restore snapshot [test-snap]]; nested: IndexShardRestoreFailedException[Failed to recover index]; nested: IOException[Random IOException];
	at org.elasticsearch.index.shard.StoreRecovery.executeRecovery(StoreRecovery.java:165)
	at org.elasticsearch.index.shard.StoreRecovery.recoverFromRepository(StoreRecovery.java:97)
	at org.elasticsearch.index.shard.IndexShard.restoreFromRepository(IndexShard.java:1110)
	at org.elasticsearch.indices.cluster.IndicesClusterStateService.lambda$applyInitializingShard$128(IndicesClusterStateService.java:654)
	at org.elasticsearch.indices.cluster.IndicesClusterStateService$$Lambda$561/1683367258.run(Unknown Source)
	at java.util.concurrent.ThreadPoolExecutor.runWorker(ThreadPoolExecutor.java:1142)
	at java.util.concurrent.ThreadPoolExecutor$Worker.run(ThreadPoolExecutor.java:617)
	at java.lang.Thread.run(Thread.java:745)
Caused by: [test-idx][[test-idx][2]] IndexShardRestoreFailedException[restore failed]; nested: IndexShardRestoreFailedException[failed to restore snapshot [test-snap]]; nested: IndexShardRestoreFailedException[Failed to recover index]; nested: IOException[Random IOException];
	at org.elasticsearch.index.shard.StoreRecovery.restore(StoreRecovery.java:265)
	at org.elasticsearch.index.shard.StoreRecovery.lambda$recoverFromRepository$123(StoreRecovery.java:99)
	at org.elasticsearch.index.shard.StoreRecovery$$Lambda$562/1148766141.run(Unknown Source)
	at org.elasticsearch.index.shard.StoreRecovery.executeRecovery(StoreRecovery.java:122)
	... 7 more
Caused by: [test-idx][[test-idx][2]] IndexShardRestoreFailedException[failed to restore snapshot [test-snap]]; nested: IndexShardRestoreFailedException[Failed to recover index]; nested: IOException[Random IOException];
	at org.elasticsearch.index.snapshots.blobstore.BlobStoreIndexShardRepository.restore(BlobStoreIndexShardRepository.java:208)
	at org.elasticsearch.index.shard.StoreRecovery.restore(StoreRecovery.java:260)
	... 10 more
Caused by: [test-idx][[test-idx][2]] IndexShardRestoreFailedException[Failed to recover index]; nested: IOException[Random IOException];
	at org.elasticsearch.index.snapshots.blobstore.BlobStoreIndexShardRepository$RestoreContext.restore(BlobStoreIndexShardRepository.java:867)
	at org.elasticsearch.index.snapshots.blobstore.BlobStoreIndexShardRepository.restore(BlobStoreIndexShardRepository.java:206)
	... 11 more
Caused by: java.io.IOException: Random IOException
	at org.elasticsearch.snapshots.mockstore.MockRepository$MockBlobStore$MockBlobContainer.maybeIOExceptionOrBlock(MockRepository.java:277)
	at org.elasticsearch.snapshots.mockstore.MockRepository$MockBlobStore$MockBlobContainer.readBlob(MockRepository.java:321)
	at org.elasticsearch.index.snapshots.blobstore.BlobStoreIndexShardRepository$PartSliceStream.openSlice(BlobStoreIndexShardRepository.java:769)
	at org.elasticsearch.index.snapshots.blobstore.SlicedInputStream.nextStream(SlicedInputStream.java:53)
	at org.elasticsearch.index.snapshots.blobstore.SlicedInputStream.currentStream(SlicedInputStream.java:67)
	at org.elasticsearch.index.snapshots.blobstore.SlicedInputStream.read(SlicedInputStream.java:88)
	at java.io.FilterInputStream.read(FilterInputStream.java:133)
	at org.elasticsearch.index.snapshots.blobstore.RateLimitingInputStream.read(RateLimitingInputStream.java:69)
	at java.io.FilterInputStream.read(FilterInputStream.java:107)
	at org.elasticsearch.index.snapshots.blobstore.BlobStoreIndexShardRepository$RestoreContext.restoreFile(BlobStoreIndexShardRepository.java:924)
	at org.elasticsearch.index.snapshots.blobstore.BlobStoreIndexShardRepository$RestoreContext.restore(BlobStoreIndexShardRepository.java:864)
	... 12 more
[2016-03-30 23:02:05,906][WARN ][org.elasticsearch.cluster.action.shard] [node_s0] [test-idx][7] received shard failed for [test-idx][7], node[BGl_MLcDTse8q5N9C0jt5A], [P], v[11], restoring[test-repo:test-snap], s[INITIALIZING], a[id=0cElcHeVQnKlwDSG6JkFpw], unassigned_info[[reason=ALLOCATION_FAILED], at[2016-03-31T06:02:05.755Z], details[failed recovery, failure IndexShardRecoveryException[failed recovery]; nested: IndexShardRestoreFailedException[restore failed]; nested: IndexShardRestoreFailedException[failed to restore snapshot [test-snap]]; nested: IndexShardRestoreFailedException[Failed to recover index]; nested: NotSerializableExceptionWrapper[Random IOException]; ]], expected_shard_size[0], indexUUID [4jpdB_g0RdurmlwQgV2n7w], message [failed recovery], failure [IndexShardRecoveryException[failed recovery]; nested: IndexShardRestoreFailedException[restore failed]; nested: IndexShardRestoreFailedException[failed to restore snapshot [test-snap]]; nested: IndexShardRestoreFailedException[Failed to recover index]; nested: NotSerializableExceptionWrapper[Random IOException]; ]
[test-idx][[test-idx][7]] IndexShardRecoveryException[failed recovery]; nested: IndexShardRestoreFailedException[restore failed]; nested: IndexShardRestoreFailedException[failed to restore snapshot [test-snap]]; nested: IndexShardRestoreFailedException[Failed to recover index]; nested: NotSerializableExceptionWrapper[Random IOException];
	at org.elasticsearch.index.shard.StoreRecovery.executeRecovery(StoreRecovery.java:165)
	at org.elasticsearch.index.shard.StoreRecovery.recoverFromRepository(StoreRecovery.java:97)
	at org.elasticsearch.index.shard.IndexShard.restoreFromRepository(IndexShard.java:1110)
	at org.elasticsearch.indices.cluster.IndicesClusterStateService.lambda$applyInitializingShard$128(IndicesClusterStateService.java:654)
	at org.elasticsearch.indices.cluster.IndicesClusterStateService$$Lambda$561/1683367258.run(Unknown Source)
	at java.util.concurrent.ThreadPoolExecutor.runWorker(ThreadPoolExecutor.java:1142)
	at java.util.concurrent.ThreadPoolExecutor$Worker.run(ThreadPoolExecutor.java:617)
	at java.lang.Thread.run(Thread.java:745)
Caused by: [test-idx][[test-idx][7]] IndexShardRestoreFailedException[restore failed]; nested: IndexShardRestoreFailedException[failed to restore snapshot [test-snap]]; nested: IndexShardRestoreFailedException[Failed to recover index]; nested: NotSerializableExceptionWrapper[Random IOException];
	at org.elasticsearch.index.shard.StoreRecovery.restore(StoreRecovery.java:265)
	at org.elasticsearch.index.shard.StoreRecovery.lambda$recoverFromRepository$123(StoreRecovery.java:99)
	at org.elasticsearch.index.shard.StoreRecovery$$Lambda$562/1148766141.run(Unknown Source)
	at org.elasticsearch.index.shard.StoreRecovery.executeRecovery(StoreRecovery.java:122)
	... 7 more
Caused by: [test-idx][[test-idx][7]] IndexShardRestoreFailedException[failed to restore snapshot [test-snap]]; nested: IndexShardRestoreFailedException[Failed to recover index]; nested: NotSerializableExceptionWrapper[Random IOException];
	at org.elasticsearch.index.snapshots.blobstore.BlobStoreIndexShardRepository.restore(BlobStoreIndexShardRepository.java:208)
	at org.elasticsearch.index.shard.StoreRecovery.restore(StoreRecovery.java:260)
	... 10 more
Caused by: [test-idx][[test-idx][7]] IndexShardRestoreFailedException[Failed to recover index]; nested: NotSerializableExceptionWrapper[Random IOException];
	at org.elasticsearch.index.snapshots.blobstore.BlobStoreIndexShardRepository$RestoreContext.restore(BlobStoreIndexShardRepository.java:867)
	at org.elasticsearch.index.snapshots.blobstore.BlobStoreIndexShardRepository.restore(BlobStoreIndexShardRepository.java:206)
	... 11 more
Caused by: NotSerializableExceptionWrapper[Random IOException]
	at org.elasticsearch.snapshots.mockstore.MockRepository$MockBlobStore$MockBlobContainer.maybeIOExceptionOrBlock(MockRepository.java:277)
	at org.elasticsearch.snapshots.mockstore.MockRepository$MockBlobStore$MockBlobContainer.readBlob(MockRepository.java:321)
	at org.elasticsearch.index.snapshots.blobstore.BlobStoreIndexShardRepository$PartSliceStream.openSlice(BlobStoreIndexShardRepository.java:769)
	at org.elasticsearch.index.snapshots.blobstore.SlicedInputStream.nextStream(SlicedInputStream.java:53)
	at org.elasticsearch.index.snapshots.blobstore.SlicedInputStream.currentStream(SlicedInputStream.java:67)
	at org.elasticsearch.index.snapshots.blobstore.SlicedInputStream.read(SlicedInputStream.java:88)
	at java.io.FilterInputStream.read(FilterInputStream.java:133)
	at org.elasticsearch.index.snapshots.blobstore.RateLimitingInputStream.read(RateLimitingInputStream.java:69)
	at java.io.FilterInputStream.read(FilterInputStream.java:107)
	at org.elasticsearch.index.snapshots.blobstore.BlobStoreIndexShardRepository$RestoreContext.restoreFile(BlobStoreIndexShardRepository.java:924)
	at org.elasticsearch.index.snapshots.blobstore.BlobStoreIndexShardRepository$RestoreContext.restore(BlobStoreIndexShardRepository.java:864)
	... 12 more
[2016-03-30 23:02:05,910][WARN ][org.elasticsearch.cluster.action.shard] [node_s0] [test-idx][2] received shard failed for [test-idx][2], node[BGl_MLcDTse8q5N9C0jt5A], [P], v[7], restoring[test-repo:test-snap], s[INITIALIZING], a[id=Hx59Kib8RzGTEDanxbs1fg], unassigned_info[[reason=ALLOCATION_FAILED], at[2016-03-31T06:02:05.755Z], details[failed recovery, failure IndexShardRecoveryException[failed recovery]; nested: IndexShardRestoreFailedException[restore failed]; nested: IndexShardRestoreFailedException[failed to restore snapshot [test-snap]]; nested: IndexShardRestoreFailedException[Failed to recover index]; nested: NotSerializableExceptionWrapper[Random IOException]; ]], expected_shard_size[0], indexUUID [4jpdB_g0RdurmlwQgV2n7w], message [failed recovery], failure [IndexShardRecoveryException[failed recovery]; nested: IndexShardRestoreFailedException[restore failed]; nested: IndexShardRestoreFailedException[failed to restore snapshot [test-snap]]; nested: IndexShardRestoreFailedException[Failed to recover index]; nested: NotSerializableExceptionWrapper[Random IOException]; ]
[test-idx][[test-idx][2]] IndexShardRecoveryException[failed recovery]; nested: IndexShardRestoreFailedException[restore failed]; nested: IndexShardRestoreFailedException[failed to restore snapshot [test-snap]]; nested: IndexShardRestoreFailedException[Failed to recover index]; nested: NotSerializableExceptionWrapper[Random IOException];
	at org.elasticsearch.index.shard.StoreRecovery.executeRecovery(StoreRecovery.java:165)
	at org.elasticsearch.index.shard.StoreRecovery.recoverFromRepository(StoreRecovery.java:97)
	at org.elasticsearch.index.shard.IndexShard.restoreFromRepository(IndexShard.java:1110)
	at org.elasticsearch.indices.cluster.IndicesClusterStateService.lambda$applyInitializingShard$128(IndicesClusterStateService.java:654)
	at org.elasticsearch.indices.cluster.IndicesClusterStateService$$Lambda$561/1683367258.run(Unknown Source)
	at java.util.concurrent.ThreadPoolExecutor.runWorker(ThreadPoolExecutor.java:1142)
	at java.util.concurrent.ThreadPoolExecutor$Worker.run(ThreadPoolExecutor.java:617)
	at java.lang.Thread.run(Thread.java:745)
Caused by: [test-idx][[test-idx][2]] IndexShardRestoreFailedException[restore failed]; nested: IndexShardRestoreFailedException[failed to restore snapshot [test-snap]]; nested: IndexShardRestoreFailedException[Failed to recover index]; nested: NotSerializableExceptionWrapper[Random IOException];
	at org.elasticsearch.index.shard.StoreRecovery.restore(StoreRecovery.java:265)
	at org.elasticsearch.index.shard.StoreRecovery.lambda$recoverFromRepository$123(StoreRecovery.java:99)
	at org.elasticsearch.index.shard.StoreRecovery$$Lambda$562/1148766141.run(Unknown Source)
	at org.elasticsearch.index.shard.StoreRecovery.executeRecovery(StoreRecovery.java:122)
	... 7 more
Caused by: [test-idx][[test-idx][2]] IndexShardRestoreFailedException[failed to restore snapshot [test-snap]]; nested: IndexShardRestoreFailedException[Failed to recover index]; nested: NotSerializableExceptionWrapper[Random IOException];
	at org.elasticsearch.index.snapshots.blobstore.BlobStoreIndexShardRepository.restore(BlobStoreIndexShardRepository.java:208)
	at org.elasticsearch.index.shard.StoreRecovery.restore(StoreRecovery.java:260)
	... 10 more
Caused by: [test-idx][[test-idx][2]] IndexShardRestoreFailedException[Failed to recover index]; nested: NotSerializableExceptionWrapper[Random IOException];
	at org.elasticsearch.index.snapshots.blobstore.BlobStoreIndexShardRepository$RestoreContext.restore(BlobStoreIndexShardRepository.java:867)
	at org.elasticsearch.index.snapshots.blobstore.BlobStoreIndexShardRepository.restore(BlobStoreIndexShardRepository.java:206)
	... 11 more
Caused by: NotSerializableExceptionWrapper[Random IOException]
	at org.elasticsearch.snapshots.mockstore.MockRepository$MockBlobStore$MockBlobContainer.maybeIOExceptionOrBlock(MockRepository.java:277)
	at org.elasticsearch.snapshots.mockstore.MockRepository$MockBlobStore$MockBlobContainer.readBlob(MockRepository.java:321)
	at org.elasticsearch.index.snapshots.blobstore.BlobStoreIndexShardRepository$PartSliceStream.openSlice(BlobStoreIndexShardRepository.java:769)
	at org.elasticsearch.index.snapshots.blobstore.SlicedInputStream.nextStream(SlicedInputStream.java:53)
	at org.elasticsearch.index.snapshots.blobstore.SlicedInputStream.currentStream(SlicedInputStream.java:67)
	at org.elasticsearch.index.snapshots.blobstore.SlicedInputStream.read(SlicedInputStream.java:88)
	at java.io.FilterInputStream.read(FilterInputStream.java:133)
	at org.elasticsearch.index.snapshots.blobstore.RateLimitingInputStream.read(RateLimitingInputStream.java:69)
	at java.io.FilterInputStream.read(FilterInputStream.java:107)
	at org.elasticsearch.index.snapshots.blobstore.BlobStoreIndexShardRepository$RestoreContext.restoreFile(BlobStoreIndexShardRepository.java:924)
	at org.elasticsearch.index.snapshots.blobstore.BlobStoreIndexShardRepository$RestoreContext.restore(BlobStoreIndexShardRepository.java:864)
	... 12 more
[2016-03-30 23:02:05,918][WARN ][org.elasticsearch.cluster.action.shard] [node_s0] [test-idx][2] received shard failed for [test-idx][2], node[BGl_MLcDTse8q5N9C0jt5A], [P], v[7], restoring[test-repo:test-snap], s[INITIALIZING], a[id=Hx59Kib8RzGTEDanxbs1fg], unassigned_info[[reason=ALLOCATION_FAILED], at[2016-03-31T06:02:05.755Z], details[failed recovery, failure IndexShardRecoveryException[failed recovery]; nested: IndexShardRestoreFailedException[restore failed]; nested: IndexShardRestoreFailedException[failed to restore snapshot [test-snap]]; nested: IndexShardRestoreFailedException[Failed to recover index]; nested: NotSerializableExceptionWrapper[Random IOException]; ]], expected_shard_size[0], indexUUID [4jpdB_g0RdurmlwQgV2n7w], message [master {node_s0}{YU4rw4SiR5aBA7JFJFd8EQ}{local}{local[78]}[mode=>local] marked shard as initializing, but shard is marked as failed, resend shard failure], failure [Unknown]
[2016-03-30 23:02:05,926][WARN ][org.elasticsearch.indices.cluster] [node_s1] [[test-idx][8]] marking and sending shard failed due to [failed recovery]
[test-idx][[test-idx][8]] IndexShardRecoveryException[failed recovery]; nested: IndexShardRestoreFailedException[restore failed]; nested: IndexShardRestoreFailedException[failed to restore snapshot [test-snap]]; nested: IndexShardRestoreFailedException[Failed to recover index]; nested: IOException[Random IOException];
	at org.elasticsearch.index.shard.StoreRecovery.executeRecovery(StoreRecovery.java:165)
	at org.elasticsearch.index.shard.StoreRecovery.recoverFromRepository(StoreRecovery.java:97)
	at org.elasticsearch.index.shard.IndexShard.restoreFromRepository(IndexShard.java:1110)
	at org.elasticsearch.indices.cluster.IndicesClusterStateService.lambda$applyInitializingShard$128(IndicesClusterStateService.java:654)
	at org.elasticsearch.indices.cluster.IndicesClusterStateService$$Lambda$561/1683367258.run(Unknown Source)
	at java.util.concurrent.ThreadPoolExecutor.runWorker(ThreadPoolExecutor.java:1142)
	at java.util.concurrent.ThreadPoolExecutor$Worker.run(ThreadPoolExecutor.java:617)
	at java.lang.Thread.run(Thread.java:745)
Caused by: [test-idx][[test-idx][8]] IndexShardRestoreFailedException[restore failed]; nested: IndexShardRestoreFailedException[failed to restore snapshot [test-snap]]; nested: IndexShardRestoreFailedException[Failed to recover index]; nested: IOException[Random IOException];
	at org.elasticsearch.index.shard.StoreRecovery.restore(StoreRecovery.java:265)
	at org.elasticsearch.index.shard.StoreRecovery.lambda$recoverFromRepository$123(StoreRecovery.java:99)
	at org.elasticsearch.index.shard.StoreRecovery$$Lambda$562/1148766141.run(Unknown Source)
	at org.elasticsearch.index.shard.StoreRecovery.executeRecovery(StoreRecovery.java:122)
	... 7 more
Caused by: [test-idx][[test-idx][8]] IndexShardRestoreFailedException[failed to restore snapshot [test-snap]]; nested: IndexShardRestoreFailedException[Failed to recover index]; nested: IOException[Random IOException];
	at org.elasticsearch.index.snapshots.blobstore.BlobStoreIndexShardRepository.restore(BlobStoreIndexShardRepository.java:208)
	at org.elasticsearch.index.shard.StoreRecovery.restore(StoreRecovery.java:260)
	... 10 more
Caused by: [test-idx][[test-idx][8]] IndexShardRestoreFailedException[Failed to recover index]; nested: IOException[Random IOException];
	at org.elasticsearch.index.snapshots.blobstore.BlobStoreIndexShardRepository$RestoreContext.restore(BlobStoreIndexShardRepository.java:867)
	at org.elasticsearch.index.snapshots.blobstore.BlobStoreIndexShardRepository.restore(BlobStoreIndexShardRepository.java:206)
	... 11 more
Caused by: java.io.IOException: Random IOException
	at org.elasticsearch.snapshots.mockstore.MockRepository$MockBlobStore$MockBlobContainer.maybeIOExceptionOrBlock(MockRepository.java:277)
	at org.elasticsearch.snapshots.mockstore.MockRepository$MockBlobStore$MockBlobContainer.readBlob(MockRepository.java:321)
	at org.elasticsearch.index.snapshots.blobstore.BlobStoreIndexShardRepository$PartSliceStream.openSlice(BlobStoreIndexShardRepository.java:769)
	at org.elasticsearch.index.snapshots.blobstore.SlicedInputStream.nextStream(SlicedInputStream.java:53)
	at org.elasticsearch.index.snapshots.blobstore.SlicedInputStream.currentStream(SlicedInputStream.java:67)
	at org.elasticsearch.index.snapshots.blobstore.SlicedInputStream.read(SlicedInputStream.java:88)
	at java.io.FilterInputStream.read(FilterInputStream.java:133)
	at org.elasticsearch.index.snapshots.blobstore.RateLimitingInputStream.read(RateLimitingInputStream.java:69)
	at java.io.FilterInputStream.read(FilterInputStream.java:107)
	at org.elasticsearch.index.snapshots.blobstore.BlobStoreIndexShardRepository$RestoreContext.restoreFile(BlobStoreIndexShardRepository.java:924)
	at org.elasticsearch.index.snapshots.blobstore.BlobStoreIndexShardRepository$RestoreContext.restore(BlobStoreIndexShardRepository.java:864)
	... 12 more
[2016-03-30 23:02:05,932][WARN ][org.elasticsearch.cluster.action.shard] [node_s0] [test-idx][8] received shard failed for [test-idx][8], node[BGl_MLcDTse8q5N9C0jt5A], [P], v[11], restoring[test-repo:test-snap], s[INITIALIZING], a[id=pD3hxxpfQ82pAJXjuFo9Lw], unassigned_info[[reason=ALLOCATION_FAILED], at[2016-03-31T06:02:05.882Z], details[failed recovery, failure IndexShardRecoveryException[failed recovery]; nested: IndexShardRestoreFailedException[restore failed]; nested: IndexShardRestoreFailedException[failed to restore snapshot [test-snap]]; nested: IndexShardRestoreFailedException[Failed to recover index]; nested: NotSerializableExceptionWrapper[Random IOException]; ]], expected_shard_size[130], indexUUID [4jpdB_g0RdurmlwQgV2n7w], message [failed recovery], failure [IndexShardRecoveryException[failed recovery]; nested: IndexShardRestoreFailedException[restore failed]; nested: IndexShardRestoreFailedException[failed to restore snapshot [test-snap]]; nested: IndexShardRestoreFailedException[Failed to recover index]; nested: NotSerializableExceptionWrapper[Random IOException]; ]
[test-idx][[test-idx][8]] IndexShardRecoveryException[failed recovery]; nested: IndexShardRestoreFailedException[restore failed]; nested: IndexShardRestoreFailedException[failed to restore snapshot [test-snap]]; nested: IndexShardRestoreFailedException[Failed to recover index]; nested: NotSerializableExceptionWrapper[Random IOException];
	at org.elasticsearch.index.shard.StoreRecovery.executeRecovery(StoreRecovery.java:165)
	at org.elasticsearch.index.shard.StoreRecovery.recoverFromRepository(StoreRecovery.java:97)
	at org.elasticsearch.index.shard.IndexShard.restoreFromRepository(IndexShard.java:1110)
	at org.elasticsearch.indices.cluster.IndicesClusterStateService.lambda$applyInitializingShard$128(IndicesClusterStateService.java:654)
	at org.elasticsearch.indices.cluster.IndicesClusterStateService$$Lambda$561/1683367258.run(Unknown Source)
	at java.util.concurrent.ThreadPoolExecutor.runWorker(ThreadPoolExecutor.java:1142)
	at java.util.concurrent.ThreadPoolExecutor$Worker.run(ThreadPoolExecutor.java:617)
	at java.lang.Thread.run(Thread.java:745)
Caused by: [test-idx][[test-idx][8]] IndexShardRestoreFailedException[restore failed]; nested: IndexShardRestoreFailedException[failed to restore snapshot [test-snap]]; nested: IndexShardRestoreFailedException[Failed to recover index]; nested: NotSerializableExceptionWrapper[Random IOException];
	at org.elasticsearch.index.shard.StoreRecovery.restore(StoreRecovery.java:265)
	at org.elasticsearch.index.shard.StoreRecovery.lambda$recoverFromRepository$123(StoreRecovery.java:99)
	at org.elasticsearch.index.shard.StoreRecovery$$Lambda$562/1148766141.run(Unknown Source)
	at org.elasticsearch.index.shard.StoreRecovery.executeRecovery(StoreRecovery.java:122)
	... 7 more
Caused by: [test-idx][[test-idx][8]] IndexShardRestoreFailedException[failed to restore snapshot [test-snap]]; nested: IndexShardRestoreFailedException[Failed to recover index]; nested: NotSerializableExceptionWrapper[Random IOException];
	at org.elasticsearch.index.snapshots.blobstore.BlobStoreIndexShardRepository.restore(BlobStoreIndexShardRepository.java:208)
	at org.elasticsearch.index.shard.StoreRecovery.restore(StoreRecovery.java:260)
	... 10 more
Caused by: [test-idx][[test-idx][8]] IndexShardRestoreFailedException[Failed to recover index]; nested: NotSerializableExceptionWrapper[Random IOException];
	at org.elasticsearch.index.snapshots.blobstore.BlobStoreIndexShardRepository$RestoreContext.restore(BlobStoreIndexShardRepository.java:867)
	at org.elasticsearch.index.snapshots.blobstore.BlobStoreIndexShardRepository.restore(BlobStoreIndexShardRepository.java:206)
	... 11 more
Caused by: NotSerializableExceptionWrapper[Random IOException]
	at org.elasticsearch.snapshots.mockstore.MockRepository$MockBlobStore$MockBlobContainer.maybeIOExceptionOrBlock(MockRepository.java:277)
	at org.elasticsearch.snapshots.mockstore.MockRepository$MockBlobStore$MockBlobContainer.readBlob(MockRepository.java:321)
	at org.elasticsearch.index.snapshots.blobstore.BlobStoreIndexShardRepository$PartSliceStream.openSlice(BlobStoreIndexShardRepository.java:769)
	at org.elasticsearch.index.snapshots.blobstore.SlicedInputStream.nextStream(SlicedInputStream.java:53)
	at org.elasticsearch.index.snapshots.blobstore.SlicedInputStream.currentStream(SlicedInputStream.java:67)
	at org.elasticsearch.index.snapshots.blobstore.SlicedInputStream.read(SlicedInputStream.java:88)
	at java.io.FilterInputStream.read(FilterInputStream.java:133)
	at org.elasticsearch.index.snapshots.blobstore.RateLimitingInputStream.read(RateLimitingInputStream.java:69)
	at java.io.FilterInputStream.read(FilterInputStream.java:107)
	at org.elasticsearch.index.snapshots.blobstore.BlobStoreIndexShardRepository$RestoreContext.restoreFile(BlobStoreIndexShardRepository.java:924)
	at org.elasticsearch.index.snapshots.blobstore.BlobStoreIndexShardRepository$RestoreContext.restore(BlobStoreIndexShardRepository.java:864)
	... 12 more
[2016-03-30 23:02:05,933][WARN ][org.elasticsearch.cluster.action.shard] [node_s0] [test-idx][8] received shard failed for [test-idx][8], node[BGl_MLcDTse8q5N9C0jt5A], [P], v[11], restoring[test-repo:test-snap], s[INITIALIZING], a[id=pD3hxxpfQ82pAJXjuFo9Lw], unassigned_info[[reason=ALLOCATION_FAILED], at[2016-03-31T06:02:05.882Z], details[failed recovery, failure IndexShardRecoveryException[failed recovery]; nested: IndexShardRestoreFailedException[restore failed]; nested: IndexShardRestoreFailedException[failed to restore snapshot [test-snap]]; nested: IndexShardRestoreFailedException[Failed to recover index]; nested: NotSerializableExceptionWrapper[Random IOException]; ]], expected_shard_size[130], indexUUID [4jpdB_g0RdurmlwQgV2n7w], message [master {node_s0}{YU4rw4SiR5aBA7JFJFd8EQ}{local}{local[78]}[mode=>local] marked shard as initializing, but shard is marked as failed, resend shard failure], failure [Unknown]
[2016-03-30 23:02:05,950][WARN ][org.elasticsearch.indices.cluster] [node_s0] [[test-idx][4]] marking and sending shard failed due to [failed recovery]
[test-idx][[test-idx][4]] IndexShardRecoveryException[failed recovery]; nested: IndexShardRestoreFailedException[restore failed]; nested: IndexShardRestoreFailedException[failed to restore snapshot [test-snap]]; nested: IndexShardRestoreFailedException[Failed to recover index]; nested: IOException[Random IOException];
	at org.elasticsearch.index.shard.StoreRecovery.executeRecovery(StoreRecovery.java:165)
	at org.elasticsearch.index.shard.StoreRecovery.recoverFromRepository(StoreRecovery.java:97)
	at org.elasticsearch.index.shard.IndexShard.restoreFromRepository(IndexShard.java:1110)
	at org.elasticsearch.indices.cluster.IndicesClusterStateService.lambda$applyInitializingShard$128(IndicesClusterStateService.java:654)
	at org.elasticsearch.indices.cluster.IndicesClusterStateService$$Lambda$561/1683367258.run(Unknown Source)
	at java.util.concurrent.ThreadPoolExecutor.runWorker(ThreadPoolExecutor.java:1142)
	at java.util.concurrent.ThreadPoolExecutor$Worker.run(ThreadPoolExecutor.java:617)
	at java.lang.Thread.run(Thread.java:745)
Caused by: [test-idx][[test-idx][4]] IndexShardRestoreFailedException[restore failed]; nested: IndexShardRestoreFailedException[failed to restore snapshot [test-snap]]; nested: IndexShardRestoreFailedException[Failed to recover index]; nested: IOException[Random IOException];
	at org.elasticsearch.index.shard.StoreRecovery.restore(StoreRecovery.java:265)
	at org.elasticsearch.index.shard.StoreRecovery.lambda$recoverFromRepository$123(StoreRecovery.java:99)
	at org.elasticsearch.index.shard.StoreRecovery$$Lambda$562/1148766141.run(Unknown Source)
	at org.elasticsearch.index.shard.StoreRecovery.executeRecovery(StoreRecovery.java:122)
	... 7 more
Caused by: [test-idx][[test-idx][4]] IndexShardRestoreFailedException[failed to restore snapshot [test-snap]]; nested: IndexShardRestoreFailedException[Failed to recover index]; nested: IOException[Random IOException];
	at org.elasticsearch.index.snapshots.blobstore.BlobStoreIndexShardRepository.restore(BlobStoreIndexShardRepository.java:208)
	at org.elasticsearch.index.shard.StoreRecovery.restore(StoreRecovery.java:260)
	... 10 more
Caused by: [test-idx][[test-idx][4]] IndexShardRestoreFailedException[Failed to recover index]; nested: IOException[Random IOException];
	at org.elasticsearch.index.snapshots.blobstore.BlobStoreIndexShardRepository$RestoreContext.restore(BlobStoreIndexShardRepository.java:867)
	at org.elasticsearch.index.snapshots.blobstore.BlobStoreIndexShardRepository.restore(BlobStoreIndexShardRepository.java:206)
	... 11 more
Caused by: java.io.IOException: Random IOException
	at org.elasticsearch.snapshots.mockstore.MockRepository$MockBlobStore$MockBlobContainer.maybeIOExceptionOrBlock(MockRepository.java:277)
	at org.elasticsearch.snapshots.mockstore.MockRepository$MockBlobStore$MockBlobContainer.readBlob(MockRepository.java:321)
	at org.elasticsearch.index.snapshots.blobstore.BlobStoreIndexShardRepository$PartSliceStream.openSlice(BlobStoreIndexShardRepository.java:769)
	at org.elasticsearch.index.snapshots.blobstore.SlicedInputStream.nextStream(SlicedInputStream.java:53)
	at org.elasticsearch.index.snapshots.blobstore.SlicedInputStream.currentStream(SlicedInputStream.java:67)
	at org.elasticsearch.index.snapshots.blobstore.SlicedInputStream.read(SlicedInputStream.java:88)
	at java.io.FilterInputStream.read(FilterInputStream.java:133)
	at org.elasticsearch.index.snapshots.blobstore.RateLimitingInputStream.read(RateLimitingInputStream.java:69)
	at java.io.FilterInputStream.read(FilterInputStream.java:107)
	at org.elasticsearch.index.snapshots.blobstore.BlobStoreIndexShardRepository$RestoreContext.restoreFile(BlobStoreIndexShardRepository.java:924)
	at org.elasticsearch.index.snapshots.blobstore.BlobStoreIndexShardRepository$RestoreContext.restore(BlobStoreIndexShardRepository.java:864)
	... 12 more
[2016-03-30 23:02:05,951][WARN ][org.elasticsearch.cluster.action.shard] [node_s0] [test-idx][4] received shard failed for [test-idx][4], node[YU4rw4SiR5aBA7JFJFd8EQ], [P], v[13], restoring[test-repo:test-snap], s[INITIALIZING], a[id=6s-p9upMREqIfxB4pAst0Q], unassigned_info[[reason=ALLOCATION_FAILED], at[2016-03-31T06:02:05.910Z], details[failed recovery, failure IndexShardRecoveryException[failed recovery]; nested: IndexShardRestoreFailedException[restore failed]; nested: IndexShardRestoreFailedException[failed to restore snapshot [test-snap]]; nested: IndexShardRestoreFailedException[Failed to recover index]; nested: NotSerializableExceptionWrapper[Random IOException]; ]], expected_shard_size[0], indexUUID [4jpdB_g0RdurmlwQgV2n7w], message [failed recovery], failure [IndexShardRecoveryException[failed recovery]; nested: IndexShardRestoreFailedException[restore failed]; nested: IndexShardRestoreFailedException[failed to restore snapshot [test-snap]]; nested: IndexShardRestoreFailedException[Failed to recover index]; nested: IOException[Random IOException]; ]
[test-idx][[test-idx][4]] IndexShardRecoveryException[failed recovery]; nested: IndexShardRestoreFailedException[restore failed]; nested: IndexShardRestoreFailedException[failed to restore snapshot [test-snap]]; nested: IndexShardRestoreFailedException[Failed to recover index]; nested: IOException[Random IOException];
	at org.elasticsearch.index.shard.StoreRecovery.executeRecovery(StoreRecovery.java:165)
	at org.elasticsearch.index.shard.StoreRecovery.recoverFromRepository(StoreRecovery.java:97)
	at org.elasticsearch.index.shard.IndexShard.restoreFromRepository(IndexShard.java:1110)
	at org.elasticsearch.indices.cluster.IndicesClusterStateService.lambda$applyInitializingShard$128(IndicesClusterStateService.java:654)
	at org.elasticsearch.indices.cluster.IndicesClusterStateService$$Lambda$561/1683367258.run(Unknown Source)
	at java.util.concurrent.ThreadPoolExecutor.runWorker(ThreadPoolExecutor.java:1142)
	at java.util.concurrent.ThreadPoolExecutor$Worker.run(ThreadPoolExecutor.java:617)
	at java.lang.Thread.run(Thread.java:745)
Caused by: [test-idx][[test-idx][4]] IndexShardRestoreFailedException[restore failed]; nested: IndexShardRestoreFailedException[failed to restore snapshot [test-snap]]; nested: IndexShardRestoreFailedException[Failed to recover index]; nested: IOException[Random IOException];
	at org.elasticsearch.index.shard.StoreRecovery.restore(StoreRecovery.java:265)
	at org.elasticsearch.index.shard.StoreRecovery.lambda$recoverFromRepository$123(StoreRecovery.java:99)
	at org.elasticsearch.index.shard.StoreRecovery$$Lambda$562/1148766141.run(Unknown Source)
	at org.elasticsearch.index.shard.StoreRecovery.executeRecovery(StoreRecovery.java:122)
	... 7 more
Caused by: [test-idx][[test-idx][4]] IndexShardRestoreFailedException[failed to restore snapshot [test-snap]]; nested: IndexShardRestoreFailedException[Failed to recover index]; nested: IOException[Random IOException];
	at org.elasticsearch.index.snapshots.blobstore.BlobStoreIndexShardRepository.restore(BlobStoreIndexShardRepository.java:208)
	at org.elasticsearch.index.shard.StoreRecovery.restore(StoreRecovery.java:260)
	... 10 more
Caused by: [test-idx][[test-idx][4]] IndexShardRestoreFailedException[Failed to recover index]; nested: IOException[Random IOException];
	at org.elasticsearch.index.snapshots.blobstore.BlobStoreIndexShardRepository$RestoreContext.restore(BlobStoreIndexShardRepository.java:867)
	at org.elasticsearch.index.snapshots.blobstore.BlobStoreIndexShardRepository.restore(BlobStoreIndexShardRepository.java:206)
	... 11 more
Caused by: java.io.IOException: Random IOException
	at org.elasticsearch.snapshots.mockstore.MockRepository$MockBlobStore$MockBlobContainer.maybeIOExceptionOrBlock(MockRepository.java:277)
	at org.elasticsearch.snapshots.mockstore.MockRepository$MockBlobStore$MockBlobContainer.readBlob(MockRepository.java:321)
	at org.elasticsearch.index.snapshots.blobstore.BlobStoreIndexShardRepository$PartSliceStream.openSlice(BlobStoreIndexShardRepository.java:769)
	at org.elasticsearch.index.snapshots.blobstore.SlicedInputStream.nextStream(SlicedInputStream.java:53)
	at org.elasticsearch.index.snapshots.blobstore.SlicedInputStream.currentStream(SlicedInputStream.java:67)
	at org.elasticsearch.index.snapshots.blobstore.SlicedInputStream.read(SlicedInputStream.java:88)
	at java.io.FilterInputStream.read(FilterInputStream.java:133)
	at org.elasticsearch.index.snapshots.blobstore.RateLimitingInputStream.read(RateLimitingInputStream.java:69)
	at java.io.FilterInputStream.read(FilterInputStream.java:107)
	at org.elasticsearch.index.snapshots.blobstore.BlobStoreIndexShardRepository$RestoreContext.restoreFile(BlobStoreIndexShardRepository.java:924)
	at org.elasticsearch.index.snapshots.blobstore.BlobStoreIndexShardRepository$RestoreContext.restore(BlobStoreIndexShardRepository.java:864)
	... 12 more
[2016-03-30 23:02:05,960][WARN ][org.elasticsearch.cluster.action.shard] [node_s0] [test-idx][4] received shard failed for [test-idx][4], node[YU4rw4SiR5aBA7JFJFd8EQ], [P], v[13], restoring[test-repo:test-snap], s[INITIALIZING], a[id=6s-p9upMREqIfxB4pAst0Q], unassigned_info[[reason=ALLOCATION_FAILED], at[2016-03-31T06:02:05.910Z], details[failed recovery, failure IndexShardRecoveryException[failed recovery]; nested: IndexShardRestoreFailedException[restore failed]; nested: IndexShardRestoreFailedException[failed to restore snapshot [test-snap]]; nested: IndexShardRestoreFailedException[Failed to recover index]; nested: NotSerializableExceptionWrapper[Random IOException]; ]], expected_shard_size[0], indexUUID [4jpdB_g0RdurmlwQgV2n7w], message [master {node_s0}{YU4rw4SiR5aBA7JFJFd8EQ}{local}{local[78]}[mode=>local] marked shard as initializing, but shard is marked as failed, resend shard failure], failure [Unknown]
[2016-03-30 23:02:05,961][WARN ][org.elasticsearch.indices.cluster] [node_s0] [[test-idx][7]] marking and sending shard failed due to [failed recovery]
[test-idx][[test-idx][7]] IndexShardRecoveryException[failed recovery]; nested: IndexShardRestoreFailedException[restore failed]; nested: IndexShardRestoreFailedException[failed to restore snapshot [test-snap]]; nested: IndexShardRestoreFailedException[Failed to recover index]; nested: IOException[Random IOException];
	at org.elasticsearch.index.shard.StoreRecovery.executeRecovery(StoreRecovery.java:165)
	at org.elasticsearch.index.shard.StoreRecovery.recoverFromRepository(StoreRecovery.java:97)
	at org.elasticsearch.index.shard.IndexShard.restoreFromRepository(IndexShard.java:1110)
	at org.elasticsearch.indices.cluster.IndicesClusterStateService.lambda$applyInitializingShard$128(IndicesClusterStateService.java:654)
	at org.elasticsearch.indices.cluster.IndicesClusterStateService$$Lambda$561/1683367258.run(Unknown Source)
	at java.util.concurrent.ThreadPoolExecutor.runWorker(ThreadPoolExecutor.java:1142)
	at java.util.concurrent.ThreadPoolExecutor$Worker.run(ThreadPoolExecutor.java:617)
	at java.lang.Thread.run(Thread.java:745)
Caused by: [test-idx][[test-idx][7]] IndexShardRestoreFailedException[restore failed]; nested: IndexShardRestoreFailedException[failed to restore snapshot [test-snap]]; nested: IndexShardRestoreFailedException[Failed to recover index]; nested: IOException[Random IOException];
	at org.elasticsearch.index.shard.StoreRecovery.restore(StoreRecovery.java:265)
	at org.elasticsearch.index.shard.StoreRecovery.lambda$recoverFromRepository$123(StoreRecovery.java:99)
	at org.elasticsearch.index.shard.StoreRecovery$$Lambda$562/1148766141.run(Unknown Source)
	at org.elasticsearch.index.shard.StoreRecovery.executeRecovery(StoreRecovery.java:122)
	... 7 more
Caused by: [test-idx][[test-idx][7]] IndexShardRestoreFailedException[failed to restore snapshot [test-snap]]; nested: IndexShardRestoreFailedException[Failed to recover index]; nested: IOException[Random IOException];
	at org.elasticsearch.index.snapshots.blobstore.BlobStoreIndexShardRepository.restore(BlobStoreIndexShardRepository.java:208)
	at org.elasticsearch.index.shard.StoreRecovery.restore(StoreRecovery.java:260)
	... 10 more
Caused by: [test-idx][[test-idx][7]] IndexShardRestoreFailedException[Failed to recover index]; nested: IOException[Random IOException];
	at org.elasticsearch.index.snapshots.blobstore.BlobStoreIndexShardRepository$RestoreContext.restore(BlobStoreIndexShardRepository.java:867)
	at org.elasticsearch.index.snapshots.blobstore.BlobStoreIndexShardRepository.restore(BlobStoreIndexShardRepository.java:206)
	... 11 more
Caused by: java.io.IOException: Random IOException
	at org.elasticsearch.snapshots.mockstore.MockRepository$MockBlobStore$MockBlobContainer.maybeIOExceptionOrBlock(MockRepository.java:277)
	at org.elasticsearch.snapshots.mockstore.MockRepository$MockBlobStore$MockBlobContainer.readBlob(MockRepository.java:321)
	at org.elasticsearch.index.snapshots.blobstore.BlobStoreIndexShardRepository$PartSliceStream.openSlice(BlobStoreIndexShardRepository.java:769)
	at org.elasticsearch.index.snapshots.blobstore.SlicedInputStream.nextStream(SlicedInputStream.java:53)
	at org.elasticsearch.index.snapshots.blobstore.SlicedInputStream.currentStream(SlicedInputStream.java:67)
	at org.elasticsearch.index.snapshots.blobstore.SlicedInputStream.read(SlicedInputStream.java:88)
	at java.io.FilterInputStream.read(FilterInputStream.java:133)
	at org.elasticsearch.index.snapshots.blobstore.RateLimitingInputStream.read(RateLimitingInputStream.java:69)
	at java.io.FilterInputStream.read(FilterInputStream.java:107)
	at org.elasticsearch.index.snapshots.blobstore.BlobStoreIndexShardRepository$RestoreContext.restoreFile(BlobStoreIndexShardRepository.java:924)
	at org.elasticsearch.index.snapshots.blobstore.BlobStoreIndexShardRepository$RestoreContext.restore(BlobStoreIndexShardRepository.java:864)
	... 12 more
[2016-03-30 23:02:05,962][WARN ][org.elasticsearch.cluster.action.shard] [node_s0] [test-idx][7] received shard failed for [test-idx][7], node[YU4rw4SiR5aBA7JFJFd8EQ], [P], v[13], restoring[test-repo:test-snap], s[INITIALIZING], a[id=W-PXe5jzRHu1ahPLYPWzyQ], unassigned_info[[reason=ALLOCATION_FAILED], at[2016-03-31T06:02:05.910Z], details[failed recovery, failure IndexShardRecoveryException[failed recovery]; nested: IndexShardRestoreFailedException[restore failed]; nested: IndexShardRestoreFailedException[failed to restore snapshot [test-snap]]; nested: IndexShardRestoreFailedException[Failed to recover index]; nested: NotSerializableExceptionWrapper[Random IOException]; ]], expected_shard_size[0], indexUUID [4jpdB_g0RdurmlwQgV2n7w], message [failed recovery], failure [IndexShardRecoveryException[failed recovery]; nested: IndexShardRestoreFailedException[restore failed]; nested: IndexShardRestoreFailedException[failed to restore snapshot [test-snap]]; nested: IndexShardRestoreFailedException[Failed to recover index]; nested: IOException[Random IOException]; ]
[test-idx][[test-idx][7]] IndexShardRecoveryException[failed recovery]; nested: IndexShardRestoreFailedException[restore failed]; nested: IndexShardRestoreFailedException[failed to restore snapshot [test-snap]]; nested: IndexShardRestoreFailedException[Failed to recover index]; nested: IOException[Random IOException];
	at org.elasticsearch.index.shard.StoreRecovery.executeRecovery(StoreRecovery.java:165)
	at org.elasticsearch.index.shard.StoreRecovery.recoverFromRepository(StoreRecovery.java:97)
	at org.elasticsearch.index.shard.IndexShard.restoreFromRepository(IndexShard.java:1110)
	at org.elasticsearch.indices.cluster.IndicesClusterStateService.lambda$applyInitializingShard$128(IndicesClusterStateService.java:654)
	at org.elasticsearch.indices.cluster.IndicesClusterStateService$$Lambda$561/1683367258.run(Unknown Source)
	at java.util.concurrent.ThreadPoolExecutor.runWorker(ThreadPoolExecutor.java:1142)
	at java.util.concurrent.ThreadPoolExecutor$Worker.run(ThreadPoolExecutor.java:617)
	at java.lang.Thread.run(Thread.java:745)
Caused by: [test-idx][[test-idx][7]] IndexShardRestoreFailedException[restore failed]; nested: IndexShardRestoreFailedException[failed to restore snapshot [test-snap]]; nested: IndexShardRestoreFailedException[Failed to recover index]; nested: IOException[Random IOException];
	at org.elasticsearch.index.shard.StoreRecovery.restore(StoreRecovery.java:265)
	at org.elasticsearch.index.shard.StoreRecovery.lambda$recoverFromRepository$123(StoreRecovery.java:99)
	at org.elasticsearch.index.shard.StoreRecovery$$Lambda$562/1148766141.run(Unknown Source)
	at org.elasticsearch.index.shard.StoreRecovery.executeRecovery(StoreRecovery.java:122)
	... 7 more
Caused by: [test-idx][[test-idx][7]] IndexShardRestoreFailedException[failed to restore snapshot [test-snap]]; nested: IndexShardRestoreFailedException[Failed to recover index]; nested: IOException[Random IOException];
	at org.elasticsearch.index.snapshots.blobstore.BlobStoreIndexShardRepository.restore(BlobStoreIndexShardRepository.java:208)
	at org.elasticsearch.index.shard.StoreRecovery.restore(StoreRecovery.java:260)
	... 10 more
Caused by: [test-idx][[test-idx][7]] IndexShardRestoreFailedException[Failed to recover index]; nested: IOException[Random IOException];
	at org.elasticsearch.index.snapshots.blobstore.BlobStoreIndexShardRepository$RestoreContext.restore(BlobStoreIndexShardRepository.java:867)
	at org.elasticsearch.index.snapshots.blobstore.BlobStoreIndexShardRepository.restore(BlobStoreIndexShardRepository.java:206)
	... 11 more
Caused by: java.io.IOException: Random IOException
	at org.elasticsearch.snapshots.mockstore.MockRepository$MockBlobStore$MockBlobContainer.maybeIOExceptionOrBlock(MockRepository.java:277)
	at org.elasticsearch.snapshots.mockstore.MockRepository$MockBlobStore$MockBlobContainer.readBlob(MockRepository.java:321)
	at org.elasticsearch.index.snapshots.blobstore.BlobStoreIndexShardRepository$PartSliceStream.openSlice(BlobStoreIndexShardRepository.java:769)
	at org.elasticsearch.index.snapshots.blobstore.SlicedInputStream.nextStream(SlicedInputStream.java:53)
	at org.elasticsearch.index.snapshots.blobstore.SlicedInputStream.currentStream(SlicedInputStream.java:67)
	at org.elasticsearch.index.snapshots.blobstore.SlicedInputStream.read(SlicedInputStream.java:88)
	at java.io.FilterInputStream.read(FilterInputStream.java:133)
	at org.elasticsearch.index.snapshots.blobstore.RateLimitingInputStream.read(RateLimitingInputStream.java:69)
	at java.io.FilterInputStream.read(FilterInputStream.java:107)
	at org.elasticsearch.index.snapshots.blobstore.BlobStoreIndexShardRepository$RestoreContext.restoreFile(BlobStoreIndexShardRepository.java:924)
	at org.elasticsearch.index.snapshots.blobstore.BlobStoreIndexShardRepository$RestoreContext.restore(BlobStoreIndexShardRepository.java:864)
	... 12 more
[2016-03-30 23:02:05,963][WARN ][org.elasticsearch.indices.cluster] [node_s0] [[test-idx][2]] marking and sending shard failed due to [failed recovery]
[test-idx][[test-idx][2]] IndexShardRecoveryException[failed recovery]; nested: IndexShardRestoreFailedException[restore failed]; nested: IndexShardRestoreFailedException[failed to restore snapshot [test-snap]]; nested: IndexShardRestoreFailedException[Failed to recover index]; nested: IOException[Random IOException];
	at org.elasticsearch.index.shard.StoreRecovery.executeRecovery(StoreRecovery.java:165)
	at org.elasticsearch.index.shard.StoreRecovery.recoverFromRepository(StoreRecovery.java:97)
	at org.elasticsearch.index.shard.IndexShard.restoreFromRepository(IndexShard.java:1110)
	at org.elasticsearch.indices.cluster.IndicesClusterStateService.lambda$applyInitializingShard$128(IndicesClusterStateService.java:654)
	at org.elasticsearch.indices.cluster.IndicesClusterStateService$$Lambda$561/1683367258.run(Unknown Source)
	at java.util.concurrent.ThreadPoolExecutor.runWorker(ThreadPoolExecutor.java:1142)
	at java.util.concurrent.ThreadPoolExecutor$Worker.run(ThreadPoolExecutor.java:617)
	at java.lang.Thread.run(Thread.java:745)
Caused by: [test-idx][[test-idx][2]] IndexShardRestoreFailedException[restore failed]; nested: IndexShardRestoreFailedException[failed to restore snapshot [test-snap]]; nested: IndexShardRestoreFailedException[Failed to recover index]; nested: IOException[Random IOException];
	at org.elasticsearch.index.shard.StoreRecovery.restore(StoreRecovery.java:265)
	at org.elasticsearch.index.shard.StoreRecovery.lambda$recoverFromRepository$123(StoreRecovery.java:99)
	at org.elasticsearch.index.shard.StoreRecovery$$Lambda$562/1148766141.run(Unknown Source)
	at org.elasticsearch.index.shard.StoreRecovery.executeRecovery(StoreRecovery.java:122)
	... 7 more
Caused by: [test-idx][[test-idx][2]] IndexShardRestoreFailedException[failed to restore snapshot [test-snap]]; nested: IndexShardRestoreFailedException[Failed to recover index]; nested: IOException[Random IOException];
	at org.elasticsearch.index.snapshots.blobstore.BlobStoreIndexShardRepository.restore(BlobStoreIndexShardRepository.java:208)
	at org.elasticsearch.index.shard.StoreRecovery.restore(StoreRecovery.java:260)
	... 10 more
Caused by: [test-idx][[test-idx][2]] IndexShardRestoreFailedException[Failed to recover index]; nested: IOException[Random IOException];
	at org.elasticsearch.index.snapshots.blobstore.BlobStoreIndexShardRepository$RestoreContext.restore(BlobStoreIndexShardRepository.java:867)
	at org.elasticsearch.index.snapshots.blobstore.BlobStoreIndexShardRepository.restore(BlobStoreIndexShardRepository.java:206)
	... 11 more
Caused by: java.io.IOException: Random IOException
	at org.elasticsearch.snapshots.mockstore.MockRepository$MockBlobStore$MockBlobContainer.maybeIOExceptionOrBlock(MockRepository.java:277)
	at org.elasticsearch.snapshots.mockstore.MockRepository$MockBlobStore$MockBlobContainer.readBlob(MockRepository.java:321)
	at org.elasticsearch.index.snapshots.blobstore.BlobStoreIndexShardRepository$PartSliceStream.openSlice(BlobStoreIndexShardRepository.java:769)
	at org.elasticsearch.index.snapshots.blobstore.SlicedInputStream.nextStream(SlicedInputStream.java:53)
	at org.elasticsearch.index.snapshots.blobstore.SlicedInputStream.currentStream(SlicedInputStream.java:67)
	at org.elasticsearch.index.snapshots.blobstore.SlicedInputStream.read(SlicedInputStream.java:88)
	at java.io.FilterInputStream.read(FilterInputStream.java:133)
	at org.elasticsearch.index.snapshots.blobstore.RateLimitingInputStream.read(RateLimitingInputStream.java:69)
	at java.io.FilterInputStream.read(FilterInputStream.java:107)
	at org.elasticsearch.index.snapshots.blobstore.BlobStoreIndexShardRepository$RestoreContext.restoreFile(BlobStoreIndexShardRepository.java:924)
	at org.elasticsearch.index.snapshots.blobstore.BlobStoreIndexShardRepository$RestoreContext.restore(BlobStoreIndexShardRepository.java:864)
	... 12 more
[2016-03-30 23:02:05,964][WARN ][org.elasticsearch.cluster.action.shard] [node_s0] [test-idx][2] received shard failed for [test-idx][2], node[YU4rw4SiR5aBA7JFJFd8EQ], [P], v[9], restoring[test-repo:test-snap], s[INITIALIZING], a[id=YO6qe-NoQfGfJF9P0eEfSQ], unassigned_info[[reason=ALLOCATION_FAILED], at[2016-03-31T06:02:05.924Z], details[failed recovery, failure IndexShardRecoveryException[failed recovery]; nested: IndexShardRestoreFailedException[restore failed]; nested: IndexShardRestoreFailedException[failed to restore snapshot [test-snap]]; nested: IndexShardRestoreFailedException[Failed to recover index]; nested: NotSerializableExceptionWrapper[Random IOException]; ]], expected_shard_size[0], indexUUID [4jpdB_g0RdurmlwQgV2n7w], message [failed recovery], failure [IndexShardRecoveryException[failed recovery]; nested: IndexShardRestoreFailedException[restore failed]; nested: IndexShardRestoreFailedException[failed to restore snapshot [test-snap]]; nested: IndexShardRestoreFailedException[Failed to recover index]; nested: IOException[Random IOException]; ]
[test-idx][[test-idx][2]] IndexShardRecoveryException[failed recovery]; nested: IndexShardRestoreFailedException[restore failed]; nested: IndexShardRestoreFailedException[failed to restore snapshot [test-snap]]; nested: IndexShardRestoreFailedException[Failed to recover index]; nested: IOException[Random IOException];
	at org.elasticsearch.index.shard.StoreRecovery.executeRecovery(StoreRecovery.java:165)
	at org.elasticsearch.index.shard.StoreRecovery.recoverFromRepository(StoreRecovery.java:97)
	at org.elasticsearch.index.shard.IndexShard.restoreFromRepository(IndexShard.java:1110)
	at org.elasticsearch.indices.cluster.IndicesClusterStateService.lambda$applyInitializingShard$128(IndicesClusterStateService.java:654)
	at org.elasticsearch.indices.cluster.IndicesClusterStateService$$Lambda$561/1683367258.run(Unknown Source)
	at java.util.concurrent.ThreadPoolExecutor.runWorker(ThreadPoolExecutor.java:1142)
	at java.util.concurrent.ThreadPoolExecutor$Worker.run(ThreadPoolExecutor.java:617)
	at java.lang.Thread.run(Thread.java:745)
Caused by: [test-idx][[test-idx][2]] IndexShardRestoreFailedException[restore failed]; nested: IndexShardRestoreFailedException[failed to restore snapshot [test-snap]]; nested: IndexShardRestoreFailedException[Failed to recover index]; nested: IOException[Random IOException];
	at org.elasticsearch.index.shard.StoreRecovery.restore(StoreRecovery.java:265)
	at org.elasticsearch.index.shard.StoreRecovery.lambda$recoverFromRepository$123(StoreRecovery.java:99)
	at org.elasticsearch.index.shard.StoreRecovery$$Lambda$562/1148766141.run(Unknown Source)
	at org.elasticsearch.index.shard.StoreRecovery.executeRecovery(StoreRecovery.java:122)
	... 7 more
Caused by: [test-idx][[test-idx][2]] IndexShardRestoreFailedException[failed to restore snapshot [test-snap]]; nested: IndexShardRestoreFailedException[Failed to recover index]; nested: IOException[Random IOException];
	at org.elasticsearch.index.snapshots.blobstore.BlobStoreIndexShardRepository.restore(BlobStoreIndexShardRepository.java:208)
	at org.elasticsearch.index.shard.StoreRecovery.restore(StoreRecovery.java:260)
	... 10 more
Caused by: [test-idx][[test-idx][2]] IndexShardRestoreFailedException[Failed to recover index]; nested: IOException[Random IOException];
	at org.elasticsearch.index.snapshots.blobstore.BlobStoreIndexShardRepository$RestoreContext.restore(BlobStoreIndexShardRepository.java:867)
	at org.elasticsearch.index.snapshots.blobstore.BlobStoreIndexShardRepository.restore(BlobStoreIndexShardRepository.java:206)
	... 11 more
Caused by: java.io.IOException: Random IOException
	at org.elasticsearch.snapshots.mockstore.MockRepository$MockBlobStore$MockBlobContainer.maybeIOExceptionOrBlock(MockRepository.java:277)
	at org.elasticsearch.snapshots.mockstore.MockRepository$MockBlobStore$MockBlobContainer.readBlob(MockRepository.java:321)
	at org.elasticsearch.index.snapshots.blobstore.BlobStoreIndexShardRepository$PartSliceStream.openSlice(BlobStoreIndexShardRepository.java:769)
	at org.elasticsearch.index.snapshots.blobstore.SlicedInputStream.nextStream(SlicedInputStream.java:53)
	at org.elasticsearch.index.snapshots.blobstore.SlicedInputStream.currentStream(SlicedInputStream.java:67)
	at org.elasticsearch.index.snapshots.blobstore.SlicedInputStream.read(SlicedInputStream.java:88)
	at java.io.FilterInputStream.read(FilterInputStream.java:133)
	at org.elasticsearch.index.snapshots.blobstore.RateLimitingInputStream.read(RateLimitingInputStream.java:69)
	at java.io.FilterInputStream.read(FilterInputStream.java:107)
	at org.elasticsearch.index.snapshots.blobstore.BlobStoreIndexShardRepository$RestoreContext.restoreFile(BlobStoreIndexShardRepository.java:924)
	at org.elasticsearch.index.snapshots.blobstore.BlobStoreIndexShardRepository$RestoreContext.restore(BlobStoreIndexShardRepository.java:864)
	... 12 more
[2016-03-30 23:02:05,967][WARN ][org.elasticsearch.indices.cluster] [node_s0] [[test-idx][0]] marking and sending shard failed due to [failed recovery]
[test-idx][[test-idx][0]] IndexShardRecoveryException[failed recovery]; nested: IndexShardRestoreFailedException[restore failed]; nested: IndexShardRestoreFailedException[failed to restore snapshot [test-snap]]; nested: IndexShardRestoreFailedException[Failed to recover index]; nested: IOException[Random IOException];
	at org.elasticsearch.index.shard.StoreRecovery.executeRecovery(StoreRecovery.java:165)
	at org.elasticsearch.index.shard.StoreRecovery.recoverFromRepository(StoreRecovery.java:97)
	at org.elasticsearch.index.shard.IndexShard.restoreFromRepository(IndexShard.java:1110)
	at org.elasticsearch.indices.cluster.IndicesClusterStateService.lambda$applyInitializingShard$128(IndicesClusterStateService.java:654)
	at org.elasticsearch.indices.cluster.IndicesClusterStateService$$Lambda$561/1683367258.run(Unknown Source)
	at java.util.concurrent.ThreadPoolExecutor.runWorker(ThreadPoolExecutor.java:1142)
	at java.util.concurrent.ThreadPoolExecutor$Worker.run(ThreadPoolExecutor.java:617)
	at java.lang.Thread.run(Thread.java:745)
Caused by: [test-idx][[test-idx][0]] IndexShardRestoreFailedException[restore failed]; nested: IndexShardRestoreFailedException[failed to restore snapshot [test-snap]]; nested: IndexShardRestoreFailedException[Failed to recover index]; nested: IOException[Random IOException];
	at org.elasticsearch.index.shard.StoreRecovery.restore(StoreRecovery.java:265)
	at org.elasticsearch.index.shard.StoreRecovery.lambda$recoverFromRepository$123(StoreRecovery.java:99)
	at org.elasticsearch.index.shard.StoreRecovery$$Lambda$562/1148766141.run(Unknown Source)
	at org.elasticsearch.index.shard.StoreRecovery.executeRecovery(StoreRecovery.java:122)
	... 7 more
Caused by: [test-idx][[test-idx][0]] IndexShardRestoreFailedException[failed to restore snapshot [test-snap]]; nested: IndexShardRestoreFailedException[Failed to recover index]; nested: IOException[Random IOException];
	at org.elasticsearch.index.snapshots.blobstore.BlobStoreIndexShardRepository.restore(BlobStoreIndexShardRepository.java:208)
	at org.elasticsearch.index.shard.StoreRecovery.restore(StoreRecovery.java:260)
	... 10 more
Caused by: [test-idx][[test-idx][0]] IndexShardRestoreFailedException[Failed to recover index]; nested: IOException[Random IOException];
	at org.elasticsearch.index.snapshots.blobstore.BlobStoreIndexShardRepository$RestoreContext.restore(BlobStoreIndexShardRepository.java:867)
	at org.elasticsearch.index.snapshots.blobstore.BlobStoreIndexShardRepository.restore(BlobStoreIndexShardRepository.java:206)
	... 11 more
Caused by: java.io.IOException: Random IOException
	at org.elasticsearch.snapshots.mockstore.MockRepository$MockBlobStore$MockBlobContainer.maybeIOExceptionOrBlock(MockRepository.java:277)
	at org.elasticsearch.snapshots.mockstore.MockRepository$MockBlobStore$MockBlobContainer.readBlob(MockRepository.java:321)
	at org.elasticsearch.index.snapshots.blobstore.BlobStoreIndexShardRepository$PartSliceStream.openSlice(BlobStoreIndexShardRepository.java:769)
	at org.elasticsearch.index.snapshots.blobstore.SlicedInputStream.nextStream(SlicedInputStream.java:53)
	at org.elasticsearch.index.snapshots.blobstore.SlicedInputStream.currentStream(SlicedInputStream.java:67)
	at org.elasticsearch.index.snapshots.blobstore.SlicedInputStream.read(SlicedInputStream.java:88)
	at java.io.FilterInputStream.read(FilterInputStream.java:133)
	at org.elasticsearch.index.snapshots.blobstore.RateLimitingInputStream.read(RateLimitingInputStream.java:69)
	at java.io.FilterInputStream.read(FilterInputStream.java:107)
	at org.elasticsearch.index.snapshots.blobstore.BlobStoreIndexShardRepository$RestoreContext.restoreFile(BlobStoreIndexShardRepository.java:924)
	at org.elasticsearch.index.snapshots.blobstore.BlobStoreIndexShardRepository$RestoreContext.restore(BlobStoreIndexShardRepository.java:864)
	... 12 more
[2016-03-30 23:02:05,968][WARN ][org.elasticsearch.cluster.action.shard] [node_s0] [test-idx][0] received shard failed for [test-idx][0], node[YU4rw4SiR5aBA7JFJFd8EQ], [P], v[13], restoring[test-repo:test-snap], s[INITIALIZING], a[id=Ik2rV_9tSrqT_OqdppsWxw], unassigned_info[[reason=ALLOCATION_FAILED], at[2016-03-31T06:02:05.910Z], details[failed recovery, failure IndexShardRecoveryException[failed recovery]; nested: IndexShardRestoreFailedException[restore failed]; nested: IndexShardRestoreFailedException[failed to restore snapshot [test-snap]]; nested: IndexShardRestoreFailedException[Failed to recover index]; nested: NotSerializableExceptionWrapper[Random IOException]; ]], expected_shard_size[130], indexUUID [4jpdB_g0RdurmlwQgV2n7w], message [failed recovery], failure [IndexShardRecoveryException[failed recovery]; nested: IndexShardRestoreFailedException[restore failed]; nested: IndexShardRestoreFailedException[failed to restore snapshot [test-snap]]; nested: IndexShardRestoreFailedException[Failed to recover index]; nested: IOException[Random IOException]; ]
[test-idx][[test-idx][0]] IndexShardRecoveryException[failed recovery]; nested: IndexShardRestoreFailedException[restore failed]; nested: IndexShardRestoreFailedException[failed to restore snapshot [test-snap]]; nested: IndexShardRestoreFailedException[Failed to recover index]; nested: IOException[Random IOException];
	at org.elasticsearch.index.shard.StoreRecovery.executeRecovery(StoreRecovery.java:165)
	at org.elasticsearch.index.shard.StoreRecovery.recoverFromRepository(StoreRecovery.java:97)
	at org.elasticsearch.index.shard.IndexShard.restoreFromRepository(IndexShard.java:1110)
	at org.elasticsearch.indices.cluster.IndicesClusterStateService.lambda$applyInitializingShard$128(IndicesClusterStateService.java:654)
	at org.elasticsearch.indices.cluster.IndicesClusterStateService$$Lambda$561/1683367258.run(Unknown Source)
	at java.util.concurrent.ThreadPoolExecutor.runWorker(ThreadPoolExecutor.java:1142)
	at java.util.concurrent.ThreadPoolExecutor$Worker.run(ThreadPoolExecutor.java:617)
	at java.lang.Thread.run(Thread.java:745)
Caused by: [test-idx][[test-idx][0]] IndexShardRestoreFailedException[restore failed]; nested: IndexShardRestoreFailedException[failed to restore snapshot [test-snap]]; nested: IndexShardRestoreFailedException[Failed to recover index]; nested: IOException[Random IOException];
	at org.elasticsearch.index.shard.StoreRecovery.restore(StoreRecovery.java:265)
	at org.elasticsearch.index.shard.StoreRecovery.lambda$recoverFromRepository$123(StoreRecovery.java:99)
	at org.elasticsearch.index.shard.StoreRecovery$$Lambda$562/1148766141.run(Unknown Source)
	at org.elasticsearch.index.shard.StoreRecovery.executeRecovery(StoreRecovery.java:122)
	... 7 more
Caused by: [test-idx][[test-idx][0]] IndexShardRestoreFailedException[failed to restore snapshot [test-snap]]; nested: IndexShardRestoreFailedException[Failed to recover index]; nested: IOException[Random IOException];
	at org.elasticsearch.index.snapshots.blobstore.BlobStoreIndexShardRepository.restore(BlobStoreIndexShardRepository.java:208)
	at org.elasticsearch.index.shard.StoreRecovery.restore(StoreRecovery.java:260)
	... 10 more
Caused by: [test-idx][[test-idx][0]] IndexShardRestoreFailedException[Failed to recover index]; nested: IOException[Random IOException];
	at org.elasticsearch.index.snapshots.blobstore.BlobStoreIndexShardRepository$RestoreContext.restore(BlobStoreIndexShardRepository.java:867)
	at org.elasticsearch.index.snapshots.blobstore.BlobStoreIndexShardRepository.restore(BlobStoreIndexShardRepository.java:206)
	... 11 more
Caused by: java.io.IOException: Random IOException
	at org.elasticsearch.snapshots.mockstore.MockRepository$MockBlobStore$MockBlobContainer.maybeIOExceptionOrBlock(MockRepository.java:277)
	at org.elasticsearch.snapshots.mockstore.MockRepository$MockBlobStore$MockBlobContainer.readBlob(MockRepository.java:321)
	at org.elasticsearch.index.snapshots.blobstore.BlobStoreIndexShardRepository$PartSliceStream.openSlice(BlobStoreIndexShardRepository.java:769)
	at org.elasticsearch.index.snapshots.blobstore.SlicedInputStream.nextStream(SlicedInputStream.java:53)
	at org.elasticsearch.index.snapshots.blobstore.SlicedInputStream.currentStream(SlicedInputStream.java:67)
	at org.elasticsearch.index.snapshots.blobstore.SlicedInputStream.read(SlicedInputStream.java:88)
	at java.io.FilterInputStream.read(FilterInputStream.java:133)
	at org.elasticsearch.index.snapshots.blobstore.RateLimitingInputStream.read(RateLimitingInputStream.java:69)
	at java.io.FilterInputStream.read(FilterInputStream.java:107)
	at org.elasticsearch.index.snapshots.blobstore.BlobStoreIndexShardRepository$RestoreContext.restoreFile(BlobStoreIndexShardRepository.java:924)
	at org.elasticsearch.index.snapshots.blobstore.BlobStoreIndexShardRepository$RestoreContext.restore(BlobStoreIndexShardRepository.java:864)
	... 12 more
[2016-03-30 23:02:05,975][WARN ][org.elasticsearch.cluster.action.shard] [node_s0] [test-idx][7] received shard failed for [test-idx][7], node[YU4rw4SiR5aBA7JFJFd8EQ], [P], v[13], restoring[test-repo:test-snap], s[INITIALIZING], a[id=W-PXe5jzRHu1ahPLYPWzyQ], unassigned_info[[reason=ALLOCATION_FAILED], at[2016-03-31T06:02:05.910Z], details[failed recovery, failure IndexShardRecoveryException[failed recovery]; nested: IndexShardRestoreFailedException[restore failed]; nested: IndexShardRestoreFailedException[failed to restore snapshot [test-snap]]; nested: IndexShardRestoreFailedException[Failed to recover index]; nested: NotSerializableExceptionWrapper[Random IOException]; ]], expected_shard_size[0], indexUUID [4jpdB_g0RdurmlwQgV2n7w], message [master {node_s0}{YU4rw4SiR5aBA7JFJFd8EQ}{local}{local[78]}[mode=>local] marked shard as initializing, but shard is marked as failed, resend shard failure], failure [Unknown]
[2016-03-30 23:02:05,976][WARN ][org.elasticsearch.cluster.action.shard] [node_s0] [test-idx][2] received shard failed for [test-idx][2], node[YU4rw4SiR5aBA7JFJFd8EQ], [P], v[9], restoring[test-repo:test-snap], s[INITIALIZING], a[id=YO6qe-NoQfGfJF9P0eEfSQ], unassigned_info[[reason=ALLOCATION_FAILED], at[2016-03-31T06:02:05.924Z], details[failed recovery, failure IndexShardRecoveryException[failed recovery]; nested: IndexShardRestoreFailedException[restore failed]; nested: IndexShardRestoreFailedException[failed to restore snapshot [test-snap]]; nested: IndexShardRestoreFailedException[Failed to recover index]; nested: NotSerializableExceptionWrapper[Random IOException]; ]], expected_shard_size[0], indexUUID [4jpdB_g0RdurmlwQgV2n7w], message [master {node_s0}{YU4rw4SiR5aBA7JFJFd8EQ}{local}{local[78]}[mode=>local] marked shard as initializing, but shard is marked as failed, resend shard failure], failure [Unknown]
[2016-03-30 23:02:05,976][WARN ][org.elasticsearch.cluster.action.shard] [node_s0] [test-idx][0] received shard failed for [test-idx][0], node[YU4rw4SiR5aBA7JFJFd8EQ], [P], v[13], restoring[test-repo:test-snap], s[INITIALIZING], a[id=Ik2rV_9tSrqT_OqdppsWxw], unassigned_info[[reason=ALLOCATION_FAILED], at[2016-03-31T06:02:05.910Z], details[failed recovery, failure IndexShardRecoveryException[failed recovery]; nested: IndexShardRestoreFailedException[restore failed]; nested: IndexShardRestoreFailedException[failed to restore snapshot [test-snap]]; nested: IndexShardRestoreFailedException[Failed to recover index]; nested: NotSerializableExceptionWrapper[Random IOException]; ]], expected_shard_size[130], indexUUID [4jpdB_g0RdurmlwQgV2n7w], message [master {node_s0}{YU4rw4SiR5aBA7JFJFd8EQ}{local}{local[78]}[mode=>local] marked shard as initializing, but shard is marked as failed, resend shard failure], failure [Unknown]
[2016-03-30 23:02:05,980][WARN ][org.elasticsearch.indices.cluster] [node_s1] [[test-idx][8]] marking and sending shard failed due to [failed recovery]
[test-idx][[test-idx][8]] IndexShardRecoveryException[failed recovery]; nested: IndexShardRestoreFailedException[restore failed]; nested: IndexShardRestoreFailedException[failed to restore snapshot [test-snap]]; nested: IndexShardRestoreFailedException[Failed to recover index]; nested: IOException[Random IOException];
	at org.elasticsearch.index.shard.StoreRecovery.executeRecovery(StoreRecovery.java:165)
	at org.elasticsearch.index.shard.StoreRecovery.recoverFromRepository(StoreRecovery.java:97)
	at org.elasticsearch.index.shard.IndexShard.restoreFromRepository(IndexShard.java:1110)
	at org.elasticsearch.indices.cluster.IndicesClusterStateService.lambda$applyInitializingShard$128(IndicesClusterStateService.java:654)
	at org.elasticsearch.indices.cluster.IndicesClusterStateService$$Lambda$561/1683367258.run(Unknown Source)
	at java.util.concurrent.ThreadPoolExecutor.runWorker(ThreadPoolExecutor.java:1142)
	at java.util.concurrent.ThreadPoolExecutor$Worker.run(ThreadPoolExecutor.java:617)
	at java.lang.Thread.run(Thread.java:745)
Caused by: [test-idx][[test-idx][8]] IndexShardRestoreFailedException[restore failed]; nested: IndexShardRestoreFailedException[failed to restore snapshot [test-snap]]; nested: IndexShardRestoreFailedException[Failed to recover index]; nested: IOException[Random IOException];
	at org.elasticsearch.index.shard.StoreRecovery.restore(StoreRecovery.java:265)
	at org.elasticsearch.index.shard.StoreRecovery.lambda$recoverFromRepository$123(StoreRecovery.java:99)
	at org.elasticsearch.index.shard.StoreRecovery$$Lambda$562/1148766141.run(Unknown Source)
	at org.elasticsearch.index.shard.StoreRecovery.executeRecovery(StoreRecovery.java:122)
	... 7 more
Caused by: [test-idx][[test-idx][8]] IndexShardRestoreFailedException[failed to restore snapshot [test-snap]]; nested: IndexShardRestoreFailedException[Failed to recover index]; nested: IOException[Random IOException];
	at org.elasticsearch.index.snapshots.blobstore.BlobStoreIndexShardRepository.restore(BlobStoreIndexShardRepository.java:208)
	at org.elasticsearch.index.shard.StoreRecovery.restore(StoreRecovery.java:260)
	... 10 more
Caused by: [test-idx][[test-idx][8]] IndexShardRestoreFailedException[Failed to recover index]; nested: IOException[Random IOException];
	at org.elasticsearch.index.snapshots.blobstore.BlobStoreIndexShardRepository$RestoreContext.restore(BlobStoreIndexShardRepository.java:867)
	at org.elasticsearch.index.snapshots.blobstore.BlobStoreIndexShardRepository.restore(BlobStoreIndexShardRepository.java:206)
	... 11 more
Caused by: java.io.IOException: Random IOException
	at org.elasticsearch.snapshots.mockstore.MockRepository$MockBlobStore$MockBlobContainer.maybeIOExceptionOrBlock(MockRepository.java:277)
	at org.elasticsearch.snapshots.mockstore.MockRepository$MockBlobStore$MockBlobContainer.readBlob(MockRepository.java:321)
	at org.elasticsearch.index.snapshots.blobstore.BlobStoreIndexShardRepository$PartSliceStream.openSlice(BlobStoreIndexShardRepository.java:769)
	at org.elasticsearch.index.snapshots.blobstore.SlicedInputStream.nextStream(SlicedInputStream.java:53)
	at org.elasticsearch.index.snapshots.blobstore.SlicedInputStream.currentStream(SlicedInputStream.java:67)
	at org.elasticsearch.index.snapshots.blobstore.SlicedInputStream.read(SlicedInputStream.java:88)
	at java.io.FilterInputStream.read(FilterInputStream.java:133)
	at org.elasticsearch.index.snapshots.blobstore.RateLimitingInputStream.read(RateLimitingInputStream.java:69)
	at java.io.FilterInputStream.read(FilterInputStream.java:107)
	at org.elasticsearch.index.snapshots.blobstore.BlobStoreIndexShardRepository$RestoreContext.restoreFile(BlobStoreIndexShardRepository.java:924)
	at org.elasticsearch.index.snapshots.blobstore.BlobStoreIndexShardRepository$RestoreContext.restore(BlobStoreIndexShardRepository.java:864)
	... 12 more
[2016-03-30 23:02:05,986][WARN ][org.elasticsearch.cluster.action.shard] [node_s0] [test-idx][8] received shard failed for [test-idx][8], node[BGl_MLcDTse8q5N9C0jt5A], [P], v[13], restoring[test-repo:test-snap], s[INITIALIZING], a[id=6fKxnkHHTNKg8D0AMe_kOg], unassigned_info[[reason=ALLOCATION_FAILED], at[2016-03-31T06:02:05.949Z], details[failed recovery, failure IndexShardRecoveryException[failed recovery]; nested: IndexShardRestoreFailedException[restore failed]; nested: IndexShardRestoreFailedException[failed to restore snapshot [test-snap]]; nested: IndexShardRestoreFailedException[Failed to recover index]; nested: NotSerializableExceptionWrapper[Random IOException]; ]], expected_shard_size[130], indexUUID [4jpdB_g0RdurmlwQgV2n7w], message [failed recovery], failure [IndexShardRecoveryException[failed recovery]; nested: IndexShardRestoreFailedException[restore failed]; nested: IndexShardRestoreFailedException[failed to restore snapshot [test-snap]]; nested: IndexShardRestoreFailedException[Failed to recover index]; nested: NotSerializableExceptionWrapper[Random IOException]; ]
[test-idx][[test-idx][8]] IndexShardRecoveryException[failed recovery]; nested: IndexShardRestoreFailedException[restore failed]; nested: IndexShardRestoreFailedException[failed to restore snapshot [test-snap]]; nested: IndexShardRestoreFailedException[Failed to recover index]; nested: NotSerializableExceptionWrapper[Random IOException];
	at org.elasticsearch.index.shard.StoreRecovery.executeRecovery(StoreRecovery.java:165)
	at org.elasticsearch.index.shard.StoreRecovery.recoverFromRepository(StoreRecovery.java:97)
	at org.elasticsearch.index.shard.IndexShard.restoreFromRepository(IndexShard.java:1110)
	at org.elasticsearch.indices.cluster.IndicesClusterStateService.lambda$applyInitializingShard$128(IndicesClusterStateService.java:654)
	at org.elasticsearch.indices.cluster.IndicesClusterStateService$$Lambda$561/1683367258.run(Unknown Source)
	at java.util.concurrent.ThreadPoolExecutor.runWorker(ThreadPoolExecutor.java:1142)
	at java.util.concurrent.ThreadPoolExecutor$Worker.run(ThreadPoolExecutor.java:617)
	at java.lang.Thread.run(Thread.java:745)
Caused by: [test-idx][[test-idx][8]] IndexShardRestoreFailedException[restore failed]; nested: IndexShardRestoreFailedException[failed to restore snapshot [test-snap]]; nested: IndexShardRestoreFailedException[Failed to recover index]; nested: NotSerializableExceptionWrapper[Random IOException];
	at org.elasticsearch.index.shard.StoreRecovery.restore(StoreRecovery.java:265)
	at org.elasticsearch.index.shard.StoreRecovery.lambda$recoverFromRepository$123(StoreRecovery.java:99)
	at org.elasticsearch.index.shard.StoreRecovery$$Lambda$562/1148766141.run(Unknown Source)
	at org.elasticsearch.index.shard.StoreRecovery.executeRecovery(StoreRecovery.java:122)
	... 7 more
Caused by: [test-idx][[test-idx][8]] IndexShardRestoreFailedException[failed to restore snapshot [test-snap]]; nested: IndexShardRestoreFailedException[Failed to recover index]; nested: NotSerializableExceptionWrapper[Random IOException];
	at org.elasticsearch.index.snapshots.blobstore.BlobStoreIndexShardRepository.restore(BlobStoreIndexShardRepository.java:208)
	at org.elasticsearch.index.shard.StoreRecovery.restore(StoreRecovery.java:260)
	... 10 more
Caused by: [test-idx][[test-idx][8]] IndexShardRestoreFailedException[Failed to recover index]; nested: NotSerializableExceptionWrapper[Random IOException];
	at org.elasticsearch.index.snapshots.blobstore.BlobStoreIndexShardRepository$RestoreContext.restore(BlobStoreIndexShardRepository.java:867)
	at org.elasticsearch.index.snapshots.blobstore.BlobStoreIndexShardRepository.restore(BlobStoreIndexShardRepository.java:206)
	... 11 more
Caused by: NotSerializableExceptionWrapper[Random IOException]
	at org.elasticsearch.snapshots.mockstore.MockRepository$MockBlobStore$MockBlobContainer.maybeIOExceptionOrBlock(MockRepository.java:277)
	at org.elasticsearch.snapshots.mockstore.MockRepository$MockBlobStore$MockBlobContainer.readBlob(MockRepository.java:321)
	at org.elasticsearch.index.snapshots.blobstore.BlobStoreIndexShardRepository$PartSliceStream.openSlice(BlobStoreIndexShardRepository.java:769)
	at org.elasticsearch.index.snapshots.blobstore.SlicedInputStream.nextStream(SlicedInputStream.java:53)
	at org.elasticsearch.index.snapshots.blobstore.SlicedInputStream.currentStream(SlicedInputStream.java:67)
	at org.elasticsearch.index.snapshots.blobstore.SlicedInputStream.read(SlicedInputStream.java:88)
	at java.io.FilterInputStream.read(FilterInputStream.java:133)
	at org.elasticsearch.index.snapshots.blobstore.RateLimitingInputStream.read(RateLimitingInputStream.java:69)
	at java.io.FilterInputStream.read(FilterInputStream.java:107)
	at org.elasticsearch.index.snapshots.blobstore.BlobStoreIndexShardRepository$RestoreContext.restoreFile(BlobStoreIndexShardRepository.java:924)
	at org.elasticsearch.index.snapshots.blobstore.BlobStoreIndexShardRepository$RestoreContext.restore(BlobStoreIndexShardRepository.java:864)
	... 12 more
[2016-03-30 23:02:05,988][WARN ][org.elasticsearch.cluster.action.shard] [node_s0] [test-idx][8] received shard failed for [test-idx][8], node[BGl_MLcDTse8q5N9C0jt5A], [P], v[13], restoring[test-repo:test-snap], s[INITIALIZING], a[id=6fKxnkHHTNKg8D0AMe_kOg], unassigned_info[[reason=ALLOCATION_FAILED], at[2016-03-31T06:02:05.949Z], details[failed recovery, failure IndexShardRecoveryException[failed recovery]; nested: IndexShardRestoreFailedException[restore failed]; nested: IndexShardRestoreFailedException[failed to restore snapshot [test-snap]]; nested: IndexShardRestoreFailedException[Failed to recover index]; nested: NotSerializableExceptionWrapper[Random IOException]; ]], expected_shard_size[130], indexUUID [4jpdB_g0RdurmlwQgV2n7w], message [master {node_s0}{YU4rw4SiR5aBA7JFJFd8EQ}{local}{local[78]}[mode=>local] marked shard as initializing, but shard is marked as failed, resend shard failure], failure [Unknown]
[2016-03-30 23:02:06,017][WARN ][org.elasticsearch.cluster.action.shard] [node_s0] [test-idx][8] received shard failed for [test-idx][8], node[BGl_MLcDTse8q5N9C0jt5A], [P], v[13], restoring[test-repo:test-snap], s[INITIALIZING], a[id=6fKxnkHHTNKg8D0AMe_kOg], unassigned_info[[reason=ALLOCATION_FAILED], at[2016-03-31T06:02:05.949Z], details[failed recovery, failure IndexShardRecoveryException[failed recovery]; nested: IndexShardRestoreFailedException[restore failed]; nested: IndexShardRestoreFailedException[failed to restore snapshot [test-snap]]; nested: IndexShardRestoreFailedException[Failed to recover index]; nested: NotSerializableExceptionWrapper[Random IOException]; ]], expected_shard_size[130], indexUUID [4jpdB_g0RdurmlwQgV2n7w], message [master {node_s0}{YU4rw4SiR5aBA7JFJFd8EQ}{local}{local[78]}[mode=>local] marked shard as initializing, but shard is marked as failed, resend shard failure], failure [Unknown]
[2016-03-30 23:02:06,022][WARN ][org.elasticsearch.indices.cluster] [node_s1] [[test-idx][2]] marking and sending shard failed due to [failed recovery]
[test-idx][[test-idx][2]] IndexShardRecoveryException[failed recovery]; nested: IndexShardRestoreFailedException[restore failed]; nested: IndexShardRestoreFailedException[failed to restore snapshot [test-snap]]; nested: IndexShardRestoreFailedException[Failed to recover index]; nested: IOException[Random IOException];
	at org.elasticsearch.index.shard.StoreRecovery.executeRecovery(StoreRecovery.java:165)
	at org.elasticsearch.index.shard.StoreRecovery.recoverFromRepository(StoreRecovery.java:97)
	at org.elasticsearch.index.shard.IndexShard.restoreFromRepository(IndexShard.java:1110)
	at org.elasticsearch.indices.cluster.IndicesClusterStateService.lambda$applyInitializingShard$128(IndicesClusterStateService.java:654)
	at org.elasticsearch.indices.cluster.IndicesClusterStateService$$Lambda$561/1683367258.run(Unknown Source)
	at java.util.concurrent.ThreadPoolExecutor.runWorker(ThreadPoolExecutor.java:1142)
	at java.util.concurrent.ThreadPoolExecutor$Worker.run(ThreadPoolExecutor.java:617)
	at java.lang.Thread.run(Thread.java:745)
Caused by: [test-idx][[test-idx][2]] IndexShardRestoreFailedException[restore failed]; nested: IndexShardRestoreFailedException[failed to restore snapshot [test-snap]]; nested: IndexShardRestoreFailedException[Failed to recover index]; nested: IOException[Random IOException];
	at org.elasticsearch.index.shard.StoreRecovery.restore(StoreRecovery.java:265)
	at org.elasticsearch.index.shard.StoreRecovery.lambda$recoverFromRepository$123(StoreRecovery.java:99)
	at org.elasticsearch.index.shard.StoreRecovery$$Lambda$562/1148766141.run(Unknown Source)
	at org.elasticsearch.index.shard.StoreRecovery.executeRecovery(StoreRecovery.java:122)
	... 7 more
Caused by: [test-idx][[test-idx][2]] IndexShardRestoreFailedException[failed to restore snapshot [test-snap]]; nested: IndexShardRestoreFailedException[Failed to recover index]; nested: IOException[Random IOException];
	at org.elasticsearch.index.snapshots.blobstore.BlobStoreIndexShardRepository.restore(BlobStoreIndexShardRepository.java:208)
	at org.elasticsearch.index.shard.StoreRecovery.restore(StoreRecovery.java:260)
	... 10 more
Caused by: [test-idx][[test-idx][2]] IndexShardRestoreFailedException[Failed to recover index]; nested: IOException[Random IOException];
	at org.elasticsearch.index.snapshots.blobstore.BlobStoreIndexShardRepository$RestoreContext.restore(BlobStoreIndexShardRepository.java:867)
	at org.elasticsearch.index.snapshots.blobstore.BlobStoreIndexShardRepository.restore(BlobStoreIndexShardRepository.java:206)
	... 11 more
Caused by: java.io.IOException: Random IOException
	at org.elasticsearch.snapshots.mockstore.MockRepository$MockBlobStore$MockBlobContainer.maybeIOExceptionOrBlock(MockRepository.java:277)
	at org.elasticsearch.snapshots.mockstore.MockRepository$MockBlobStore$MockBlobContainer.readBlob(MockRepository.java:321)
	at org.elasticsearch.index.snapshots.blobstore.BlobStoreIndexShardRepository$PartSliceStream.openSlice(BlobStoreIndexShardRepository.java:769)
	at org.elasticsearch.index.snapshots.blobstore.SlicedInputStream.nextStream(SlicedInputStream.java:53)
	at org.elasticsearch.index.snapshots.blobstore.SlicedInputStream.currentStream(SlicedInputStream.java:67)
	at org.elasticsearch.index.snapshots.blobstore.SlicedInputStream.read(SlicedInputStream.java:88)
	at java.io.FilterInputStream.read(FilterInputStream.java:133)
	at org.elasticsearch.index.snapshots.blobstore.RateLimitingInputStream.read(RateLimitingInputStream.java:69)
	at java.io.FilterInputStream.read(FilterInputStream.java:107)
	at org.elasticsearch.index.snapshots.blobstore.BlobStoreIndexShardRepository$RestoreContext.restoreFile(BlobStoreIndexShardRepository.java:924)
	at org.elasticsearch.index.snapshots.blobstore.BlobStoreIndexShardRepository$RestoreContext.restore(BlobStoreIndexShardRepository.java:864)
	... 12 more
[2016-03-30 23:02:06,025][WARN ][org.elasticsearch.cluster.action.shard] [node_s0] [test-idx][2] received shard failed for [test-idx][2], node[BGl_MLcDTse8q5N9C0jt5A], [P], v[11], restoring[test-repo:test-snap], s[INITIALIZING], a[id=91p9ko0dRj-nIIFHblmdaA], unassigned_info[[reason=ALLOCATION_FAILED], at[2016-03-31T06:02:05.977Z], details[failed recovery, failure IndexShardRecoveryException[failed recovery]; nested: IndexShardRestoreFailedException[restore failed]; nested: IndexShardRestoreFailedException[failed to restore snapshot [test-snap]]; nested: IndexShardRestoreFailedException[Failed to recover index]; nested: NotSerializableExceptionWrapper[Random IOException]; ]], expected_shard_size[0], indexUUID [4jpdB_g0RdurmlwQgV2n7w], message [failed recovery], failure [IndexShardRecoveryException[failed recovery]; nested: IndexShardRestoreFailedException[restore failed]; nested: IndexShardRestoreFailedException[failed to restore snapshot [test-snap]]; nested: IndexShardRestoreFailedException[Failed to recover index]; nested: NotSerializableExceptionWrapper[Random IOException]; ]
[test-idx][[test-idx][2]] IndexShardRecoveryException[failed recovery]; nested: IndexShardRestoreFailedException[restore failed]; nested: IndexShardRestoreFailedException[failed to restore snapshot [test-snap]]; nested: IndexShardRestoreFailedException[Failed to recover index]; nested: NotSerializableExceptionWrapper[Random IOException];
	at org.elasticsearch.index.shard.StoreRecovery.executeRecovery(StoreRecovery.java:165)
	at org.elasticsearch.index.shard.StoreRecovery.recoverFromRepository(StoreRecovery.java:97)
	at org.elasticsearch.index.shard.IndexShard.restoreFromRepository(IndexShard.java:1110)
	at org.elasticsearch.indices.cluster.IndicesClusterStateService.lambda$applyInitializingShard$128(IndicesClusterStateService.java:654)
	at org.elasticsearch.indices.cluster.IndicesClusterStateService$$Lambda$561/1683367258.run(Unknown Source)
	at java.util.concurrent.ThreadPoolExecutor.runWorker(ThreadPoolExecutor.java:1142)
	at java.util.concurrent.ThreadPoolExecutor$Worker.run(ThreadPoolExecutor.java:617)
	at java.lang.Thread.run(Thread.java:745)
Caused by: [test-idx][[test-idx][2]] IndexShardRestoreFailedException[restore failed]; nested: IndexShardRestoreFailedException[failed to restore snapshot [test-snap]]; nested: IndexShardRestoreFailedException[Failed to recover index]; nested: NotSerializableExceptionWrapper[Random IOException];
	at org.elasticsearch.index.shard.StoreRecovery.restore(StoreRecovery.java:265)
	at org.elasticsearch.index.shard.StoreRecovery.lambda$recoverFromRepository$123(StoreRecovery.java:99)
	at org.elasticsearch.index.shard.StoreRecovery$$Lambda$562/1148766141.run(Unknown Source)
	at org.elasticsearch.index.shard.StoreRecovery.executeRecovery(StoreRecovery.java:122)
	... 7 more
Caused by: [test-idx][[test-idx][2]] IndexShardRestoreFailedException[failed to restore snapshot [test-snap]]; nested: IndexShardRestoreFailedException[Failed to recover index]; nested: NotSerializableExceptionWrapper[Random IOException];
	at org.elasticsearch.index.snapshots.blobstore.BlobStoreIndexShardRepository.restore(BlobStoreIndexShardRepository.java:208)
	at org.elasticsearch.index.shard.StoreRecovery.restore(StoreRecovery.java:260)
	... 10 more
Caused by: [test-idx][[test-idx][2]] IndexShardRestoreFailedException[Failed to recover index]; nested: NotSerializableExceptionWrapper[Random IOException];
	at org.elasticsearch.index.snapshots.blobstore.BlobStoreIndexShardRepository$RestoreContext.restore(BlobStoreIndexShardRepository.java:867)
	at org.elasticsearch.index.snapshots.blobstore.BlobStoreIndexShardRepository.restore(BlobStoreIndexShardRepository.java:206)
	... 11 more
Caused by: NotSerializableExceptionWrapper[Random IOException]
	at org.elasticsearch.snapshots.mockstore.MockRepository$MockBlobStore$MockBlobContainer.maybeIOExceptionOrBlock(MockRepository.java:277)
	at org.elasticsearch.snapshots.mockstore.MockRepository$MockBlobStore$MockBlobContainer.readBlob(MockRepository.java:321)
	at org.elasticsearch.index.snapshots.blobstore.BlobStoreIndexShardRepository$PartSliceStream.openSlice(BlobStoreIndexShardRepository.java:769)
	at org.elasticsearch.index.snapshots.blobstore.SlicedInputStream.nextStream(SlicedInputStream.java:53)
	at org.elasticsearch.index.snapshots.blobstore.SlicedInputStream.currentStream(SlicedInputStream.java:67)
	at org.elasticsearch.index.snapshots.blobstore.SlicedInputStream.read(SlicedInputStream.java:88)
	at java.io.FilterInputStream.read(FilterInputStream.java:133)
	at org.elasticsearch.index.snapshots.blobstore.RateLimitingInputStream.read(RateLimitingInputStream.java:69)
	at java.io.FilterInputStream.read(FilterInputStream.java:107)
	at org.elasticsearch.index.snapshots.blobstore.BlobStoreIndexShardRepository$RestoreContext.restoreFile(BlobStoreIndexShardRepository.java:924)
	at org.elasticsearch.index.snapshots.blobstore.BlobStoreIndexShardRepository$RestoreContext.restore(BlobStoreIndexShardRepository.java:864)
	... 12 more
[2016-03-30 23:02:06,026][WARN ][org.elasticsearch.indices.cluster] [node_s1] [[test-idx][4]] marking and sending shard failed due to [failed recovery]
[test-idx][[test-idx][4]] IndexShardRecoveryException[failed recovery]; nested: IndexShardRestoreFailedException[restore failed]; nested: IndexShardRestoreFailedException[failed to restore snapshot [test-snap]]; nested: IndexShardRestoreFailedException[Failed to recover index]; nested: IOException[Random IOException];
	at org.elasticsearch.index.shard.StoreRecovery.executeRecovery(StoreRecovery.java:165)
	at org.elasticsearch.index.shard.StoreRecovery.recoverFromRepository(StoreRecovery.java:97)
	at org.elasticsearch.index.shard.IndexShard.restoreFromRepository(IndexShard.java:1110)
	at org.elasticsearch.indices.cluster.IndicesClusterStateService.lambda$applyInitializingShard$128(IndicesClusterStateService.java:654)
	at org.elasticsearch.indices.cluster.IndicesClusterStateService$$Lambda$561/1683367258.run(Unknown Source)
	at java.util.concurrent.ThreadPoolExecutor.runWorker(ThreadPoolExecutor.java:1142)
	at java.util.concurrent.ThreadPoolExecutor$Worker.run(ThreadPoolExecutor.java:617)
	at java.lang.Thread.run(Thread.java:745)
Caused by: [test-idx][[test-idx][4]] IndexShardRestoreFailedException[restore failed]; nested: IndexShardRestoreFailedException[failed to restore snapshot [test-snap]]; nested: IndexShardRestoreFailedException[Failed to recover index]; nested: IOException[Random IOException];
	at org.elasticsearch.index.shard.StoreRecovery.restore(StoreRecovery.java:265)
	at org.elasticsearch.index.shard.StoreRecovery.lambda$recoverFromRepository$123(StoreRecovery.java:99)
	at org.elasticsearch.index.shard.StoreRecovery$$Lambda$562/1148766141.run(Unknown Source)
	at org.elasticsearch.index.shard.StoreRecovery.executeRecovery(StoreRecovery.java:122)
	... 7 more
Caused by: [test-idx][[test-idx][4]] IndexShardRestoreFailedException[failed to restore snapshot [test-snap]]; nested: IndexShardRestoreFailedException[Failed to recover index]; nested: IOException[Random IOException];
	at org.elasticsearch.index.snapshots.blobstore.BlobStoreIndexShardRepository.restore(BlobStoreIndexShardRepository.java:208)
	at org.elasticsearch.index.shard.StoreRecovery.restore(StoreRecovery.java:260)
	... 10 more
Caused by: [test-idx][[test-idx][4]] IndexShardRestoreFailedException[Failed to recover index]; nested: IOException[Random IOException];
	at org.elasticsearch.index.snapshots.blobstore.BlobStoreIndexShardRepository$RestoreContext.restore(BlobStoreIndexShardRepository.java:867)
	at org.elasticsearch.index.snapshots.blobstore.BlobStoreIndexShardRepository.restore(BlobStoreIndexShardRepository.java:206)
	... 11 more
Caused by: java.io.IOException: Random IOException
	at org.elasticsearch.snapshots.mockstore.MockRepository$MockBlobStore$MockBlobContainer.maybeIOExceptionOrBlock(MockRepository.java:277)
	at org.elasticsearch.snapshots.mockstore.MockRepository$MockBlobStore$MockBlobContainer.readBlob(MockRepository.java:321)
	at org.elasticsearch.index.snapshots.blobstore.BlobStoreIndexShardRepository$PartSliceStream.openSlice(BlobStoreIndexShardRepository.java:769)
	at org.elasticsearch.index.snapshots.blobstore.SlicedInputStream.nextStream(SlicedInputStream.java:53)
	at org.elasticsearch.index.snapshots.blobstore.SlicedInputStream.currentStream(SlicedInputStream.java:67)
	at org.elasticsearch.index.snapshots.blobstore.SlicedInputStream.read(SlicedInputStream.java:88)
	at java.io.FilterInputStream.read(FilterInputStream.java:133)
	at org.elasticsearch.index.snapshots.blobstore.RateLimitingInputStream.read(RateLimitingInputStream.java:69)
	at java.io.FilterInputStream.read(FilterInputStream.java:107)
	at org.elasticsearch.index.snapshots.blobstore.BlobStoreIndexShardRepository$RestoreContext.restoreFile(BlobStoreIndexShardRepository.java:924)
	at org.elasticsearch.index.snapshots.blobstore.BlobStoreIndexShardRepository$RestoreContext.restore(BlobStoreIndexShardRepository.java:864)
	... 12 more
[2016-03-30 23:02:06,032][WARN ][org.elasticsearch.cluster.action.shard] [node_s0] [test-idx][4] received shard failed for [test-idx][4], node[BGl_MLcDTse8q5N9C0jt5A], [P], v[15], restoring[test-repo:test-snap], s[INITIALIZING], a[id=c7PbasppRtWKvviTJtvgsw], unassigned_info[[reason=ALLOCATION_FAILED], at[2016-03-31T06:02:05.962Z], details[failed recovery, failure IndexShardRecoveryException[failed recovery]; nested: IndexShardRestoreFailedException[restore failed]; nested: IndexShardRestoreFailedException[failed to restore snapshot [test-snap]]; nested: IndexShardRestoreFailedException[Failed to recover index]; nested: NotSerializableExceptionWrapper[Random IOException]; ]], expected_shard_size[0], indexUUID [4jpdB_g0RdurmlwQgV2n7w], message [failed recovery], failure [IndexShardRecoveryException[failed recovery]; nested: IndexShardRestoreFailedException[restore failed]; nested: IndexShardRestoreFailedException[failed to restore snapshot [test-snap]]; nested: IndexShardRestoreFailedException[Failed to recover index]; nested: NotSerializableExceptionWrapper[Random IOException]; ]
[test-idx][[test-idx][4]] IndexShardRecoveryException[failed recovery]; nested: IndexShardRestoreFailedException[restore failed]; nested: IndexShardRestoreFailedException[failed to restore snapshot [test-snap]]; nested: IndexShardRestoreFailedException[Failed to recover index]; nested: NotSerializableExceptionWrapper[Random IOException];
	at org.elasticsearch.index.shard.StoreRecovery.executeRecovery(StoreRecovery.java:165)
	at org.elasticsearch.index.shard.StoreRecovery.recoverFromRepository(StoreRecovery.java:97)
	at org.elasticsearch.index.shard.IndexShard.restoreFromRepository(IndexShard.java:1110)
	at org.elasticsearch.indices.cluster.IndicesClusterStateService.lambda$applyInitializingShard$128(IndicesClusterStateService.java:654)
	at org.elasticsearch.indices.cluster.IndicesClusterStateService$$Lambda$561/1683367258.run(Unknown Source)
	at java.util.concurrent.ThreadPoolExecutor.runWorker(ThreadPoolExecutor.java:1142)
	at java.util.concurrent.ThreadPoolExecutor$Worker.run(ThreadPoolExecutor.java:617)
	at java.lang.Thread.run(Thread.java:745)
Caused by: [test-idx][[test-idx][4]] IndexShardRestoreFailedException[restore failed]; nested: IndexShardRestoreFailedException[failed to restore snapshot [test-snap]]; nested: IndexShardRestoreFailedException[Failed to recover index]; nested: NotSerializableExceptionWrapper[Random IOException];
	at org.elasticsearch.index.shard.StoreRecovery.restore(StoreRecovery.java:265)
	at org.elasticsearch.index.shard.StoreRecovery.lambda$recoverFromRepository$123(StoreRecovery.java:99)
	at org.elasticsearch.index.shard.StoreRecovery$$Lambda$562/1148766141.run(Unknown Source)
	at org.elasticsearch.index.shard.StoreRecovery.executeRecovery(StoreRecovery.java:122)
	... 7 more
Caused by: [test-idx][[test-idx][4]] IndexShardRestoreFailedException[failed to restore snapshot [test-snap]]; nested: IndexShardRestoreFailedException[Failed to recover index]; nested: NotSerializableExceptionWrapper[Random IOException];
	at org.elasticsearch.index.snapshots.blobstore.BlobStoreIndexShardRepository.restore(BlobStoreIndexShardRepository.java:208)
	at org.elasticsearch.index.shard.StoreRecovery.restore(StoreRecovery.java:260)
	... 10 more
Caused by: [test-idx][[test-idx][4]] IndexShardRestoreFailedException[Failed to recover index]; nested: NotSerializableExceptionWrapper[Random IOException];
	at org.elasticsearch.index.snapshots.blobstore.BlobStoreIndexShardRepository$RestoreContext.restore(BlobStoreIndexShardRepository.java:867)
	at org.elasticsearch.index.snapshots.blobstore.BlobStoreIndexShardRepository.restore(BlobStoreIndexShardRepository.java:206)
	... 11 more
Caused by: NotSerializableExceptionWrapper[Random IOException]
	at org.elasticsearch.snapshots.mockstore.MockRepository$MockBlobStore$MockBlobContainer.maybeIOExceptionOrBlock(MockRepository.java:277)
	at org.elasticsearch.snapshots.mockstore.MockRepository$MockBlobStore$MockBlobContainer.readBlob(MockRepository.java:321)
	at org.elasticsearch.index.snapshots.blobstore.BlobStoreIndexShardRepository$PartSliceStream.openSlice(BlobStoreIndexShardRepository.java:769)
	at org.elasticsearch.index.snapshots.blobstore.SlicedInputStream.nextStream(SlicedInputStream.java:53)
	at org.elasticsearch.index.snapshots.blobstore.SlicedInputStream.currentStream(SlicedInputStream.java:67)
	at org.elasticsearch.index.snapshots.blobstore.SlicedInputStream.read(SlicedInputStream.java:88)
	at java.io.FilterInputStream.read(FilterInputStream.java:133)
	at org.elasticsearch.index.snapshots.blobstore.RateLimitingInputStream.read(RateLimitingInputStream.java:69)
	at java.io.FilterInputStream.read(FilterInputStream.java:107)
	at org.elasticsearch.index.snapshots.blobstore.BlobStoreIndexShardRepository$RestoreContext.restoreFile(BlobStoreIndexShardRepository.java:924)
	at org.elasticsearch.index.snapshots.blobstore.BlobStoreIndexShardRepository$RestoreContext.restore(BlobStoreIndexShardRepository.java:864)
	... 12 more
[2016-03-30 23:02:06,040][WARN ][org.elasticsearch.indices.cluster] [node_s1] [[test-idx][0]] marking and sending shard failed due to [failed recovery]
[test-idx][[test-idx][0]] IndexShardRecoveryException[failed recovery]; nested: IndexShardRestoreFailedException[restore failed]; nested: IndexShardRestoreFailedException[failed to restore snapshot [test-snap]]; nested: IndexShardRestoreFailedException[Failed to recover index]; nested: IOException[Random IOException];
	at org.elasticsearch.index.shard.StoreRecovery.executeRecovery(StoreRecovery.java:165)
	at org.elasticsearch.index.shard.StoreRecovery.recoverFromRepository(StoreRecovery.java:97)
	at org.elasticsearch.index.shard.IndexShard.restoreFromRepository(IndexShard.java:1110)
	at org.elasticsearch.indices.cluster.IndicesClusterStateService.lambda$applyInitializingShard$128(IndicesClusterStateService.java:654)
	at org.elasticsearch.indices.cluster.IndicesClusterStateService$$Lambda$561/1683367258.run(Unknown Source)
	at java.util.concurrent.ThreadPoolExecutor.runWorker(ThreadPoolExecutor.java:1142)
	at java.util.concurrent.ThreadPoolExecutor$Worker.run(ThreadPoolExecutor.java:617)
	at java.lang.Thread.run(Thread.java:745)
Caused by: [test-idx][[test-idx][0]] IndexShardRestoreFailedException[restore failed]; nested: IndexShardRestoreFailedException[failed to restore snapshot [test-snap]]; nested: IndexShardRestoreFailedException[Failed to recover index]; nested: IOException[Random IOException];
	at org.elasticsearch.index.shard.StoreRecovery.restore(StoreRecovery.java:265)
	at org.elasticsearch.index.shard.StoreRecovery.lambda$recoverFromRepository$123(StoreRecovery.java:99)
	at org.elasticsearch.index.shard.StoreRecovery$$Lambda$562/1148766141.run(Unknown Source)
	at org.elasticsearch.index.shard.StoreRecovery.executeRecovery(StoreRecovery.java:122)
	... 7 more
Caused by: [test-idx][[test-idx][0]] IndexShardRestoreFailedException[failed to restore snapshot [test-snap]]; nested: IndexShardRestoreFailedException[Failed to recover index]; nested: IOException[Random IOException];
	at org.elasticsearch.index.snapshots.blobstore.BlobStoreIndexShardRepository.restore(BlobStoreIndexShardRepository.java:208)
	at org.elasticsearch.index.shard.StoreRecovery.restore(StoreRecovery.java:260)
	... 10 more
Caused by: [test-idx][[test-idx][0]] IndexShardRestoreFailedException[Failed to recover index]; nested: IOException[Random IOException];
	at org.elasticsearch.index.snapshots.blobstore.BlobStoreIndexShardRepository$RestoreContext.restore(BlobStoreIndexShardRepository.java:867)
	at org.elasticsearch.index.snapshots.blobstore.BlobStoreIndexShardRepository.restore(BlobStoreIndexShardRepository.java:206)
	... 11 more
Caused by: java.io.IOException: Random IOException
	at org.elasticsearch.snapshots.mockstore.MockRepository$MockBlobStore$MockBlobContainer.maybeIOExceptionOrBlock(MockRepository.java:277)
	at org.elasticsearch.snapshots.mockstore.MockRepository$MockBlobStore$MockBlobContainer.readBlob(MockRepository.java:321)
	at org.elasticsearch.index.snapshots.blobstore.BlobStoreIndexShardRepository$PartSliceStream.openSlice(BlobStoreIndexShardRepository.java:769)
	at org.elasticsearch.index.snapshots.blobstore.SlicedInputStream.nextStream(SlicedInputStream.java:53)
	at org.elasticsearch.index.snapshots.blobstore.SlicedInputStream.currentStream(SlicedInputStream.java:67)
	at org.elasticsearch.index.snapshots.blobstore.SlicedInputStream.read(SlicedInputStream.java:88)
	at java.io.FilterInputStream.read(FilterInputStream.java:133)
	at org.elasticsearch.index.snapshots.blobstore.RateLimitingInputStream.read(RateLimitingInputStream.java:69)
	at java.io.FilterInputStream.read(FilterInputStream.java:107)
	at org.elasticsearch.index.snapshots.blobstore.BlobStoreIndexShardRepository$RestoreContext.restoreFile(BlobStoreIndexShardRepository.java:924)
	at org.elasticsearch.index.snapshots.blobstore.BlobStoreIndexShardRepository$RestoreContext.restore(BlobStoreIndexShardRepository.java:864)
	... 12 more
[2016-03-30 23:02:06,044][WARN ][org.elasticsearch.cluster.action.shard] [node_s0] [test-idx][0] received shard failed for [test-idx][0], node[BGl_MLcDTse8q5N9C0jt5A], [P], v[15], restoring[test-repo:test-snap], s[INITIALIZING], a[id=C7YfzQI6TBWRXZpghsKKjQ], unassigned_info[[reason=ALLOCATION_FAILED], at[2016-03-31T06:02:05.977Z], details[failed recovery, failure IndexShardRecoveryException[failed recovery]; nested: IndexShardRestoreFailedException[restore failed]; nested: IndexShardRestoreFailedException[failed to restore snapshot [test-snap]]; nested: IndexShardRestoreFailedException[Failed to recover index]; nested: NotSerializableExceptionWrapper[Random IOException]; ]], expected_shard_size[130], indexUUID [4jpdB_g0RdurmlwQgV2n7w], message [failed recovery], failure [IndexShardRecoveryException[failed recovery]; nested: IndexShardRestoreFailedException[restore failed]; nested: IndexShardRestoreFailedException[failed to restore snapshot [test-snap]]; nested: IndexShardRestoreFailedException[Failed to recover index]; nested: NotSerializableExceptionWrapper[Random IOException]; ]
[test-idx][[test-idx][0]] IndexShardRecoveryException[failed recovery]; nested: IndexShardRestoreFailedException[restore failed]; nested: IndexShardRestoreFailedException[failed to restore snapshot [test-snap]]; nested: IndexShardRestoreFailedException[Failed to recover index]; nested: NotSerializableExceptionWrapper[Random IOException];
	at org.elasticsearch.index.shard.StoreRecovery.executeRecovery(StoreRecovery.java:165)
	at org.elasticsearch.index.shard.StoreRecovery.recoverFromRepository(StoreRecovery.java:97)
	at org.elasticsearch.index.shard.IndexShard.restoreFromRepository(IndexShard.java:1110)
	at org.elasticsearch.indices.cluster.IndicesClusterStateService.lambda$applyInitializingShard$128(IndicesClusterStateService.java:654)
	at org.elasticsearch.indices.cluster.IndicesClusterStateService$$Lambda$561/1683367258.run(Unknown Source)
	at java.util.concurrent.ThreadPoolExecutor.runWorker(ThreadPoolExecutor.java:1142)
	at java.util.concurrent.ThreadPoolExecutor$Worker.run(ThreadPoolExecutor.java:617)
	at java.lang.Thread.run(Thread.java:745)
Caused by: [test-idx][[test-idx][0]] IndexShardRestoreFailedException[restore failed]; nested: IndexShardRestoreFailedException[failed to restore snapshot [test-snap]]; nested: IndexShardRestoreFailedException[Failed to recover index]; nested: NotSerializableExceptionWrapper[Random IOException];
	at org.elasticsearch.index.shard.StoreRecovery.restore(StoreRecovery.java:265)
	at org.elasticsearch.index.shard.StoreRecovery.lambda$recoverFromRepository$123(StoreRecovery.java:99)
	at org.elasticsearch.index.shard.StoreRecovery$$Lambda$562/1148766141.run(Unknown Source)
	at org.elasticsearch.index.shard.StoreRecovery.executeRecovery(StoreRecovery.java:122)
	... 7 more
Caused by: [test-idx][[test-idx][0]] IndexShardRestoreFailedException[failed to restore snapshot [test-snap]]; nested: IndexShardRestoreFailedException[Failed to recover index]; nested: NotSerializableExceptionWrapper[Random IOException];
	at org.elasticsearch.index.snapshots.blobstore.BlobStoreIndexShardRepository.restore(BlobStoreIndexShardRepository.java:208)
	at org.elasticsearch.index.shard.StoreRecovery.restore(StoreRecovery.java:260)
	... 10 more
Caused by: [test-idx][[test-idx][0]] IndexShardRestoreFailedException[Failed to recover index]; nested: NotSerializableExceptionWrapper[Random IOException];
	at org.elasticsearch.index.snapshots.blobstore.BlobStoreIndexShardRepository$RestoreContext.restore(BlobStoreIndexShardRepository.java:867)
	at org.elasticsearch.index.snapshots.blobstore.BlobStoreIndexShardRepository.restore(BlobStoreIndexShardRepository.java:206)
	... 11 more
Caused by: NotSerializableExceptionWrapper[Random IOException]
	at org.elasticsearch.snapshots.mockstore.MockRepository$MockBlobStore$MockBlobContainer.maybeIOExceptionOrBlock(MockRepository.java:277)
	at org.elasticsearch.snapshots.mockstore.MockRepository$MockBlobStore$MockBlobContainer.readBlob(MockRepository.java:321)
	at org.elasticsearch.index.snapshots.blobstore.BlobStoreIndexShardRepository$PartSliceStream.openSlice(BlobStoreIndexShardRepository.java:769)
	at org.elasticsearch.index.snapshots.blobstore.SlicedInputStream.nextStream(SlicedInputStream.java:53)
	at org.elasticsearch.index.snapshots.blobstore.SlicedInputStream.currentStream(SlicedInputStream.java:67)
	at org.elasticsearch.index.snapshots.blobstore.SlicedInputStream.read(SlicedInputStream.java:88)
	at java.io.FilterInputStream.read(FilterInputStream.java:133)
	at org.elasticsearch.index.snapshots.blobstore.RateLimitingInputStream.read(RateLimitingInputStream.java:69)
	at java.io.FilterInputStream.read(FilterInputStream.java:107)
	at org.elasticsearch.index.snapshots.blobstore.BlobStoreIndexShardRepository$RestoreContext.restoreFile(BlobStoreIndexShardRepository.java:924)
	at org.elasticsearch.index.snapshots.blobstore.BlobStoreIndexShardRepository$RestoreContext.restore(BlobStoreIndexShardRepository.java:864)
	... 12 more
[2016-03-30 23:02:06,107][WARN ][org.elasticsearch.indices.cluster] [node_s0] [[test-idx][4]] marking and sending shard failed due to [failed recovery]
[test-idx][[test-idx][4]] IndexShardRecoveryException[failed recovery]; nested: IndexShardRestoreFailedException[restore failed]; nested: IndexShardRestoreFailedException[failed to restore snapshot [test-snap]]; nested: IndexShardRestoreFailedException[Failed to recover index]; nested: IOException[Random IOException];
	at org.elasticsearch.index.shard.StoreRecovery.executeRecovery(StoreRecovery.java:165)
	at org.elasticsearch.index.shard.StoreRecovery.recoverFromRepository(StoreRecovery.java:97)
	at org.elasticsearch.index.shard.IndexShard.restoreFromRepository(IndexShard.java:1110)
	at org.elasticsearch.indices.cluster.IndicesClusterStateService.lambda$applyInitializingShard$128(IndicesClusterStateService.java:654)
	at org.elasticsearch.indices.cluster.IndicesClusterStateService$$Lambda$561/1683367258.run(Unknown Source)
	at java.util.concurrent.ThreadPoolExecutor.runWorker(ThreadPoolExecutor.java:1142)
	at java.util.concurrent.ThreadPoolExecutor$Worker.run(ThreadPoolExecutor.java:617)
	at java.lang.Thread.run(Thread.java:745)
Caused by: [test-idx][[test-idx][4]] IndexShardRestoreFailedException[restore failed]; nested: IndexShardRestoreFailedException[failed to restore snapshot [test-snap]]; nested: IndexShardRestoreFailedException[Failed to recover index]; nested: IOException[Random IOException];
	at org.elasticsearch.index.shard.StoreRecovery.restore(StoreRecovery.java:265)
	at org.elasticsearch.index.shard.StoreRecovery.lambda$recoverFromRepository$123(StoreRecovery.java:99)
	at org.elasticsearch.index.shard.StoreRecovery$$Lambda$562/1148766141.run(Unknown Source)
	at org.elasticsearch.index.shard.StoreRecovery.executeRecovery(StoreRecovery.java:122)
	... 7 more
Caused by: [test-idx][[test-idx][4]] IndexShardRestoreFailedException[failed to restore snapshot [test-snap]]; nested: IndexShardRestoreFailedException[Failed to recover index]; nested: IOException[Random IOException];
	at org.elasticsearch.index.snapshots.blobstore.BlobStoreIndexShardRepository.restore(BlobStoreIndexShardRepository.java:208)
	at org.elasticsearch.index.shard.StoreRecovery.restore(StoreRecovery.java:260)
	... 10 more
Caused by: [test-idx][[test-idx][4]] IndexShardRestoreFailedException[Failed to recover index]; nested: IOException[Random IOException];
	at org.elasticsearch.index.snapshots.blobstore.BlobStoreIndexShardRepository$RestoreContext.restore(BlobStoreIndexShardRepository.java:867)
	at org.elasticsearch.index.snapshots.blobstore.BlobStoreIndexShardRepository.restore(BlobStoreIndexShardRepository.java:206)
	... 11 more
Caused by: java.io.IOException: Random IOException
	at org.elasticsearch.snapshots.mockstore.MockRepository$MockBlobStore$MockBlobContainer.maybeIOExceptionOrBlock(MockRepository.java:277)
	at org.elasticsearch.snapshots.mockstore.MockRepository$MockBlobStore$MockBlobContainer.readBlob(MockRepository.java:321)
	at org.elasticsearch.index.snapshots.blobstore.BlobStoreIndexShardRepository$PartSliceStream.openSlice(BlobStoreIndexShardRepository.java:769)
	at org.elasticsearch.index.snapshots.blobstore.SlicedInputStream.nextStream(SlicedInputStream.java:53)
	at org.elasticsearch.index.snapshots.blobstore.SlicedInputStream.currentStream(SlicedInputStream.java:67)
	at org.elasticsearch.index.snapshots.blobstore.SlicedInputStream.read(SlicedInputStream.java:88)
	at java.io.FilterInputStream.read(FilterInputStream.java:133)
	at org.elasticsearch.index.snapshots.blobstore.RateLimitingInputStream.read(RateLimitingInputStream.java:69)
	at java.io.FilterInputStream.read(FilterInputStream.java:107)
	at org.elasticsearch.index.snapshots.blobstore.BlobStoreIndexShardRepository$RestoreContext.restoreFile(BlobStoreIndexShardRepository.java:924)
	at org.elasticsearch.index.snapshots.blobstore.BlobStoreIndexShardRepository$RestoreContext.restore(BlobStoreIndexShardRepository.java:864)
	... 12 more
[2016-03-30 23:02:06,108][WARN ][org.elasticsearch.cluster.action.shard] [node_s0] [test-idx][4] received shard failed for [test-idx][4], node[YU4rw4SiR5aBA7JFJFd8EQ], [P], v[17], restoring[test-repo:test-snap], s[INITIALIZING], a[id=CkEjg8DsTfSkGzAC6yc2vw], unassigned_info[[reason=ALLOCATION_FAILED], at[2016-03-31T06:02:06.046Z], details[failed recovery, failure IndexShardRecoveryException[failed recovery]; nested: IndexShardRestoreFailedException[restore failed]; nested: IndexShardRestoreFailedException[failed to restore snapshot [test-snap]]; nested: IndexShardRestoreFailedException[Failed to recover index]; nested: NotSerializableExceptionWrapper[Random IOException]; ]], expected_shard_size[0], indexUUID [4jpdB_g0RdurmlwQgV2n7w], message [failed recovery], failure [IndexShardRecoveryException[failed recovery]; nested: IndexShardRestoreFailedException[restore failed]; nested: IndexShardRestoreFailedException[failed to restore snapshot [test-snap]]; nested: IndexShardRestoreFailedException[Failed to recover index]; nested: IOException[Random IOException]; ]
[test-idx][[test-idx][4]] IndexShardRecoveryException[failed recovery]; nested: IndexShardRestoreFailedException[restore failed]; nested: IndexShardRestoreFailedException[failed to restore snapshot [test-snap]]; nested: IndexShardRestoreFailedException[Failed to recover index]; nested: IOException[Random IOException];
	at org.elasticsearch.index.shard.StoreRecovery.executeRecovery(StoreRecovery.java:165)
	at org.elasticsearch.index.shard.StoreRecovery.recoverFromRepository(StoreRecovery.java:97)
	at org.elasticsearch.index.shard.IndexShard.restoreFromRepository(IndexShard.java:1110)
	at org.elasticsearch.indices.cluster.IndicesClusterStateService.lambda$applyInitializingShard$128(IndicesClusterStateService.java:654)
	at org.elasticsearch.indices.cluster.IndicesClusterStateService$$Lambda$561/1683367258.run(Unknown Source)
	at java.util.concurrent.ThreadPoolExecutor.runWorker(ThreadPoolExecutor.java:1142)
	at java.util.concurrent.ThreadPoolExecutor$Worker.run(ThreadPoolExecutor.java:617)
	at java.lang.Thread.run(Thread.java:745)
Caused by: [test-idx][[test-idx][4]] IndexShardRestoreFailedException[restore failed]; nested: IndexShardRestoreFailedException[failed to restore snapshot [test-snap]]; nested: IndexShardRestoreFailedException[Failed to recover index]; nested: IOException[Random IOException];
	at org.elasticsearch.index.shard.StoreRecovery.restore(StoreRecovery.java:265)
	at org.elasticsearch.index.shard.StoreRecovery.lambda$recoverFromRepository$123(StoreRecovery.java:99)
	at org.elasticsearch.index.shard.StoreRecovery$$Lambda$562/1148766141.run(Unknown Source)
	at org.elasticsearch.index.shard.StoreRecovery.executeRecovery(StoreRecovery.java:122)
	... 7 more
Caused by: [test-idx][[test-idx][4]] IndexShardRestoreFailedException[failed to restore snapshot [test-snap]]; nested: IndexShardRestoreFailedException[Failed to recover index]; nested: IOException[Random IOException];
	at org.elasticsearch.index.snapshots.blobstore.BlobStoreIndexShardRepository.restore(BlobStoreIndexShardRepository.java:208)
	at org.elasticsearch.index.shard.StoreRecovery.restore(StoreRecovery.java:260)
	... 10 more
Caused by: [test-idx][[test-idx][4]] IndexShardRestoreFailedException[Failed to recover index]; nested: IOException[Random IOException];
	at org.elasticsearch.index.snapshots.blobstore.BlobStoreIndexShardRepository$RestoreContext.restore(BlobStoreIndexShardRepository.java:867)
	at org.elasticsearch.index.snapshots.blobstore.BlobStoreIndexShardRepository.restore(BlobStoreIndexShardRepository.java:206)
	... 11 more
Caused by: java.io.IOException: Random IOException
	at org.elasticsearch.snapshots.mockstore.MockRepository$MockBlobStore$MockBlobContainer.maybeIOExceptionOrBlock(MockRepository.java:277)
	at org.elasticsearch.snapshots.mockstore.MockRepository$MockBlobStore$MockBlobContainer.readBlob(MockRepository.java:321)
	at org.elasticsearch.index.snapshots.blobstore.BlobStoreIndexShardRepository$PartSliceStream.openSlice(BlobStoreIndexShardRepository.java:769)
	at org.elasticsearch.index.snapshots.blobstore.SlicedInputStream.nextStream(SlicedInputStream.java:53)
	at org.elasticsearch.index.snapshots.blobstore.SlicedInputStream.currentStream(SlicedInputStream.java:67)
	at org.elasticsearch.index.snapshots.blobstore.SlicedInputStream.read(SlicedInputStream.java:88)
	at java.io.FilterInputStream.read(FilterInputStream.java:133)
	at org.elasticsearch.index.snapshots.blobstore.RateLimitingInputStream.read(RateLimitingInputStream.java:69)
	at java.io.FilterInputStream.read(FilterInputStream.java:107)
	at org.elasticsearch.index.snapshots.blobstore.BlobStoreIndexShardRepository$RestoreContext.restoreFile(BlobStoreIndexShardRepository.java:924)
	at org.elasticsearch.index.snapshots.blobstore.BlobStoreIndexShardRepository$RestoreContext.restore(BlobStoreIndexShardRepository.java:864)
	... 12 more
[2016-03-30 23:02:06,110][WARN ][org.elasticsearch.cluster.action.shard] [node_s0] [test-idx][4] received shard failed for [test-idx][4], node[YU4rw4SiR5aBA7JFJFd8EQ], [P], v[17], restoring[test-repo:test-snap], s[INITIALIZING], a[id=CkEjg8DsTfSkGzAC6yc2vw], unassigned_info[[reason=ALLOCATION_FAILED], at[2016-03-31T06:02:06.046Z], details[failed recovery, failure IndexShardRecoveryException[failed recovery]; nested: IndexShardRestoreFailedException[restore failed]; nested: IndexShardRestoreFailedException[failed to restore snapshot [test-snap]]; nested: IndexShardRestoreFailedException[Failed to recover index]; nested: NotSerializableExceptionWrapper[Random IOException]; ]], expected_shard_size[0], indexUUID [4jpdB_g0RdurmlwQgV2n7w], message [master {node_s0}{YU4rw4SiR5aBA7JFJFd8EQ}{local}{local[78]}[mode=>local] marked shard as initializing, but shard is marked as failed, resend shard failure], failure [Unknown]
[2016-03-30 23:02:06,124][WARN ][org.elasticsearch.indices.cluster] [node_s0] [[test-idx][0]] marking and sending shard failed due to [failed recovery]
[test-idx][[test-idx][0]] IndexShardRecoveryException[failed recovery]; nested: IndexShardRestoreFailedException[restore failed]; nested: IndexShardRestoreFailedException[failed to restore snapshot [test-snap]]; nested: IndexShardRestoreFailedException[Failed to recover index]; nested: IOException[Random IOException];
	at org.elasticsearch.index.shard.StoreRecovery.executeRecovery(StoreRecovery.java:165)
	at org.elasticsearch.index.shard.StoreRecovery.recoverFromRepository(StoreRecovery.java:97)
	at org.elasticsearch.index.shard.IndexShard.restoreFromRepository(IndexShard.java:1110)
	at org.elasticsearch.indices.cluster.IndicesClusterStateService.lambda$applyInitializingShard$128(IndicesClusterStateService.java:654)
	at org.elasticsearch.indices.cluster.IndicesClusterStateService$$Lambda$561/1683367258.run(Unknown Source)
	at java.util.concurrent.ThreadPoolExecutor.runWorker(ThreadPoolExecutor.java:1142)
	at java.util.concurrent.ThreadPoolExecutor$Worker.run(ThreadPoolExecutor.java:617)
	at java.lang.Thread.run(Thread.java:745)
Caused by: [test-idx][[test-idx][0]] IndexShardRestoreFailedException[restore failed]; nested: IndexShardRestoreFailedException[failed to restore snapshot [test-snap]]; nested: IndexShardRestoreFailedException[Failed to recover index]; nested: IOException[Random IOException];
	at org.elasticsearch.index.shard.StoreRecovery.restore(StoreRecovery.java:265)
	at org.elasticsearch.index.shard.StoreRecovery.lambda$recoverFromRepository$123(StoreRecovery.java:99)
	at org.elasticsearch.index.shard.StoreRecovery$$Lambda$562/1148766141.run(Unknown Source)
	at org.elasticsearch.index.shard.StoreRecovery.executeRecovery(StoreRecovery.java:122)
	... 7 more
Caused by: [test-idx][[test-idx][0]] IndexShardRestoreFailedException[failed to restore snapshot [test-snap]]; nested: IndexShardRestoreFailedException[Failed to recover index]; nested: IOException[Random IOException];
	at org.elasticsearch.index.snapshots.blobstore.BlobStoreIndexShardRepository.restore(BlobStoreIndexShardRepository.java:208)
	at org.elasticsearch.index.shard.StoreRecovery.restore(StoreRecovery.java:260)
	... 10 more
Caused by: [test-idx][[test-idx][0]] IndexShardRestoreFailedException[Failed to recover index]; nested: IOException[Random IOException];
	at org.elasticsearch.index.snapshots.blobstore.BlobStoreIndexShardRepository$RestoreContext.restore(BlobStoreIndexShardRepository.java:867)
	at org.elasticsearch.index.snapshots.blobstore.BlobStoreIndexShardRepository.restore(BlobStoreIndexShardRepository.java:206)
	... 11 more
Caused by: java.io.IOException: Random IOException
	at org.elasticsearch.snapshots.mockstore.MockRepository$MockBlobStore$MockBlobContainer.maybeIOExceptionOrBlock(MockRepository.java:277)
	at org.elasticsearch.snapshots.mockstore.MockRepository$MockBlobStore$MockBlobContainer.readBlob(MockRepository.java:321)
	at org.elasticsearch.index.snapshots.blobstore.BlobStoreIndexShardRepository$PartSliceStream.openSlice(BlobStoreIndexShardRepository.java:769)
	at org.elasticsearch.index.snapshots.blobstore.SlicedInputStream.nextStream(SlicedInputStream.java:53)
	at org.elasticsearch.index.snapshots.blobstore.SlicedInputStream.currentStream(SlicedInputStream.java:67)
	at org.elasticsearch.index.snapshots.blobstore.SlicedInputStream.read(SlicedInputStream.java:88)
	at java.io.FilterInputStream.read(FilterInputStream.java:133)
	at org.elasticsearch.index.snapshots.blobstore.RateLimitingInputStream.read(RateLimitingInputStream.java:69)
	at java.io.FilterInputStream.read(FilterInputStream.java:107)
	at org.elasticsearch.index.snapshots.blobstore.BlobStoreIndexShardRepository$RestoreContext.restoreFile(BlobStoreIndexShardRepository.java:924)
	at org.elasticsearch.index.snapshots.blobstore.BlobStoreIndexShardRepository$RestoreContext.restore(BlobStoreIndexShardRepository.java:864)
	... 12 more
[2016-03-30 23:02:06,125][WARN ][org.elasticsearch.cluster.action.shard] [node_s0] [test-idx][0] received shard failed for [test-idx][0], node[YU4rw4SiR5aBA7JFJFd8EQ], [P], v[17], restoring[test-repo:test-snap], s[INITIALIZING], a[id=A1dq8WZgSKCK9uMslNXYSw], unassigned_info[[reason=ALLOCATION_FAILED], at[2016-03-31T06:02:06.046Z], details[failed recovery, failure IndexShardRecoveryException[failed recovery]; nested: IndexShardRestoreFailedException[restore failed]; nested: IndexShardRestoreFailedException[failed to restore snapshot [test-snap]]; nested: IndexShardRestoreFailedException[Failed to recover index]; nested: NotSerializableExceptionWrapper[Random IOException]; ]], expected_shard_size[130], indexUUID [4jpdB_g0RdurmlwQgV2n7w], message [failed recovery], failure [IndexShardRecoveryException[failed recovery]; nested: IndexShardRestoreFailedException[restore failed]; nested: IndexShardRestoreFailedException[failed to restore snapshot [test-snap]]; nested: IndexShardRestoreFailedException[Failed to recover index]; nested: IOException[Random IOException]; ]
[test-idx][[test-idx][0]] IndexShardRecoveryException[failed recovery]; nested: IndexShardRestoreFailedException[restore failed]; nested: IndexShardRestoreFailedException[failed to restore snapshot [test-snap]]; nested: IndexShardRestoreFailedException[Failed to recover index]; nested: IOException[Random IOException];
	at org.elasticsearch.index.shard.StoreRecovery.executeRecovery(StoreRecovery.java:165)
	at org.elasticsearch.index.shard.StoreRecovery.recoverFromRepository(StoreRecovery.java:97)
	at org.elasticsearch.index.shard.IndexShard.restoreFromRepository(IndexShard.java:1110)
	at org.elasticsearch.indices.cluster.IndicesClusterStateService.lambda$applyInitializingShard$128(IndicesClusterStateService.java:654)
	at org.elasticsearch.indices.cluster.IndicesClusterStateService$$Lambda$561/1683367258.run(Unknown Source)
	at java.util.concurrent.ThreadPoolExecutor.runWorker(ThreadPoolExecutor.java:1142)
	at java.util.concurrent.ThreadPoolExecutor$Worker.run(ThreadPoolExecutor.java:617)
	at java.lang.Thread.run(Thread.java:745)
Caused by: [test-idx][[test-idx][0]] IndexShardRestoreFailedException[restore failed]; nested: IndexShardRestoreFailedException[failed to restore snapshot [test-snap]]; nested: IndexShardRestoreFailedException[Failed to recover index]; nested: IOException[Random IOException];
	at org.elasticsearch.index.shard.StoreRecovery.restore(StoreRecovery.java:265)
	at org.elasticsearch.index.shard.StoreRecovery.lambda$recoverFromRepository$123(StoreRecovery.java:99)
	at org.elasticsearch.index.shard.StoreRecovery$$Lambda$562/1148766141.run(Unknown Source)
	at org.elasticsearch.index.shard.StoreRecovery.executeRecovery(StoreRecovery.java:122)
	... 7 more
Caused by: [test-idx][[test-idx][0]] IndexShardRestoreFailedException[failed to restore snapshot [test-snap]]; nested: IndexShardRestoreFailedException[Failed to recover index]; nested: IOException[Random IOException];
	at org.elasticsearch.index.snapshots.blobstore.BlobStoreIndexShardRepository.restore(BlobStoreIndexShardRepository.java:208)
	at org.elasticsearch.index.shard.StoreRecovery.restore(StoreRecovery.java:260)
	... 10 more
Caused by: [test-idx][[test-idx][0]] IndexShardRestoreFailedException[Failed to recover index]; nested: IOException[Random IOException];
	at org.elasticsearch.index.snapshots.blobstore.BlobStoreIndexShardRepository$RestoreContext.restore(BlobStoreIndexShardRepository.java:867)
	at org.elasticsearch.index.snapshots.blobstore.BlobStoreIndexShardRepository.restore(BlobStoreIndexShardRepository.java:206)
	... 11 more
Caused by: java.io.IOException: Random IOException
	at org.elasticsearch.snapshots.mockstore.MockRepository$MockBlobStore$MockBlobContainer.maybeIOExceptionOrBlock(MockRepository.java:277)
	at org.elasticsearch.snapshots.mockstore.MockRepository$MockBlobStore$MockBlobContainer.readBlob(MockRepository.java:321)
	at org.elasticsearch.index.snapshots.blobstore.BlobStoreIndexShardRepository$PartSliceStream.openSlice(BlobStoreIndexShardRepository.java:769)
	at org.elasticsearch.index.snapshots.blobstore.SlicedInputStream.nextStream(SlicedInputStream.java:53)
	at org.elasticsearch.index.snapshots.blobstore.SlicedInputStream.currentStream(SlicedInputStream.java:67)
	at org.elasticsearch.index.snapshots.blobstore.SlicedInputStream.read(SlicedInputStream.java:88)
	at java.io.FilterInputStream.read(FilterInputStream.java:133)
	at org.elasticsearch.index.snapshots.blobstore.RateLimitingInputStream.read(RateLimitingInputStream.java:69)
	at java.io.FilterInputStream.read(FilterInputStream.java:107)
	at org.elasticsearch.index.snapshots.blobstore.BlobStoreIndexShardRepository$RestoreContext.restoreFile(BlobStoreIndexShardRepository.java:924)
	at org.elasticsearch.index.snapshots.blobstore.BlobStoreIndexShardRepository$RestoreContext.restore(BlobStoreIndexShardRepository.java:864)
	... 12 more
[2016-03-30 23:02:06,128][WARN ][org.elasticsearch.cluster.action.shard] [node_s0] [test-idx][0] received shard failed for [test-idx][0], node[YU4rw4SiR5aBA7JFJFd8EQ], [P], v[17], restoring[test-repo:test-snap], s[INITIALIZING], a[id=A1dq8WZgSKCK9uMslNXYSw], unassigned_info[[reason=ALLOCATION_FAILED], at[2016-03-31T06:02:06.046Z], details[failed recovery, failure IndexShardRecoveryException[failed recovery]; nested: IndexShardRestoreFailedException[restore failed]; nested: IndexShardRestoreFailedException[failed to restore snapshot [test-snap]]; nested: IndexShardRestoreFailedException[Failed to recover index]; nested: NotSerializableExceptionWrapper[Random IOException]; ]], expected_shard_size[130], indexUUID [4jpdB_g0RdurmlwQgV2n7w], message [master {node_s0}{YU4rw4SiR5aBA7JFJFd8EQ}{local}{local[78]}[mode=>local] marked shard as initializing, but shard is marked as failed, resend shard failure], failure [Unknown]
[2016-03-30 23:02:06,138][WARN ][org.elasticsearch.indices.cluster] [node_s0] [[test-idx][8]] marking and sending shard failed due to [failed recovery]
[test-idx][[test-idx][8]] IndexShardRecoveryException[failed recovery]; nested: IndexShardRestoreFailedException[restore failed]; nested: IndexShardRestoreFailedException[failed to restore snapshot [test-snap]]; nested: IndexShardRestoreFailedException[Failed to recover index]; nested: IOException[Random IOException];
	at org.elasticsearch.index.shard.StoreRecovery.executeRecovery(StoreRecovery.java:165)
	at org.elasticsearch.index.shard.StoreRecovery.recoverFromRepository(StoreRecovery.java:97)
	at org.elasticsearch.index.shard.IndexShard.restoreFromRepository(IndexShard.java:1110)
	at org.elasticsearch.indices.cluster.IndicesClusterStateService.lambda$applyInitializingShard$128(IndicesClusterStateService.java:654)
	at org.elasticsearch.indices.cluster.IndicesClusterStateService$$Lambda$561/1683367258.run(Unknown Source)
	at java.util.concurrent.ThreadPoolExecutor.runWorker(ThreadPoolExecutor.java:1142)
	at java.util.concurrent.ThreadPoolExecutor$Worker.run(ThreadPoolExecutor.java:617)
	at java.lang.Thread.run(Thread.java:745)
Caused by: [test-idx][[test-idx][8]] IndexShardRestoreFailedException[restore failed]; nested: IndexShardRestoreFailedException[failed to restore snapshot [test-snap]]; nested: IndexShardRestoreFailedException[Failed to recover index]; nested: IOException[Random IOException];
	at org.elasticsearch.index.shard.StoreRecovery.restore(StoreRecovery.java:265)
	at org.elasticsearch.index.shard.StoreRecovery.lambda$recoverFromRepository$123(StoreRecovery.java:99)
	at org.elasticsearch.index.shard.StoreRecovery$$Lambda$562/1148766141.run(Unknown Source)
	at org.elasticsearch.index.shard.StoreRecovery.executeRecovery(StoreRecovery.java:122)
	... 7 more
Caused by: [test-idx][[test-idx][8]] IndexShardRestoreFailedException[failed to restore snapshot [test-snap]]; nested: IndexShardRestoreFailedException[Failed to recover index]; nested: IOException[Random IOException];
	at org.elasticsearch.index.snapshots.blobstore.BlobStoreIndexShardRepository.restore(BlobStoreIndexShardRepository.java:208)
	at org.elasticsearch.index.shard.StoreRecovery.restore(StoreRecovery.java:260)
	... 10 more
Caused by: [test-idx][[test-idx][8]] IndexShardRestoreFailedException[Failed to recover index]; nested: IOException[Random IOException];
	at org.elasticsearch.index.snapshots.blobstore.BlobStoreIndexShardRepository$RestoreContext.restore(BlobStoreIndexShardRepository.java:867)
	at org.elasticsearch.index.snapshots.blobstore.BlobStoreIndexShardRepository.restore(BlobStoreIndexShardRepository.java:206)
	... 11 more
Caused by: java.io.IOException: Random IOException
	at org.elasticsearch.snapshots.mockstore.MockRepository$MockBlobStore$MockBlobContainer.maybeIOExceptionOrBlock(MockRepository.java:277)
	at org.elasticsearch.snapshots.mockstore.MockRepository$MockBlobStore$MockBlobContainer.readBlob(MockRepository.java:321)
	at org.elasticsearch.index.snapshots.blobstore.BlobStoreIndexShardRepository$PartSliceStream.openSlice(BlobStoreIndexShardRepository.java:769)
	at org.elasticsearch.index.snapshots.blobstore.SlicedInputStream.nextStream(SlicedInputStream.java:53)
	at org.elasticsearch.index.snapshots.blobstore.SlicedInputStream.currentStream(SlicedInputStream.java:67)
	at org.elasticsearch.index.snapshots.blobstore.SlicedInputStream.read(SlicedInputStream.java:88)
	at java.io.FilterInputStream.read(FilterInputStream.java:133)
	at org.elasticsearch.index.snapshots.blobstore.RateLimitingInputStream.read(RateLimitingInputStream.java:69)
	at java.io.FilterInputStream.read(FilterInputStream.java:107)
	at org.elasticsearch.index.snapshots.blobstore.BlobStoreIndexShardRepository$RestoreContext.restoreFile(BlobStoreIndexShardRepository.java:924)
	at org.elasticsearch.index.snapshots.blobstore.BlobStoreIndexShardRepository$RestoreContext.restore(BlobStoreIndexShardRepository.java:864)
	... 12 more
[2016-03-30 23:02:06,139][WARN ][org.elasticsearch.cluster.action.shard] [node_s0] [test-idx][8] received shard failed for [test-idx][8], node[YU4rw4SiR5aBA7JFJFd8EQ], [P], v[15], restoring[test-repo:test-snap], s[INITIALIZING], a[id=eOS-Hzq_TiWCXklsgN92Rg], unassigned_info[[reason=ALLOCATION_FAILED], at[2016-03-31T06:02:06.046Z], details[failed recovery, failure IndexShardRecoveryException[failed recovery]; nested: IndexShardRestoreFailedException[restore failed]; nested: IndexShardRestoreFailedException[failed to restore snapshot [test-snap]]; nested: IndexShardRestoreFailedException[Failed to recover index]; nested: NotSerializableExceptionWrapper[Random IOException]; ]], expected_shard_size[130], indexUUID [4jpdB_g0RdurmlwQgV2n7w], message [failed recovery], failure [IndexShardRecoveryException[failed recovery]; nested: IndexShardRestoreFailedException[restore failed]; nested: IndexShardRestoreFailedException[failed to restore snapshot [test-snap]]; nested: IndexShardRestoreFailedException[Failed to recover index]; nested: IOException[Random IOException]; ]
[test-idx][[test-idx][8]] IndexShardRecoveryException[failed recovery]; nested: IndexShardRestoreFailedException[restore failed]; nested: IndexShardRestoreFailedException[failed to restore snapshot [test-snap]]; nested: IndexShardRestoreFailedException[Failed to recover index]; nested: IOException[Random IOException];
	at org.elasticsearch.index.shard.StoreRecovery.executeRecovery(StoreRecovery.java:165)
	at org.elasticsearch.index.shard.StoreRecovery.recoverFromRepository(StoreRecovery.java:97)
	at org.elasticsearch.index.shard.IndexShard.restoreFromRepository(IndexShard.java:1110)
	at org.elasticsearch.indices.cluster.IndicesClusterStateService.lambda$applyInitializingShard$128(IndicesClusterStateService.java:654)
	at org.elasticsearch.indices.cluster.IndicesClusterStateService$$Lambda$561/1683367258.run(Unknown Source)
	at java.util.concurrent.ThreadPoolExecutor.runWorker(ThreadPoolExecutor.java:1142)
	at java.util.concurrent.ThreadPoolExecutor$Worker.run(ThreadPoolExecutor.java:617)
	at java.lang.Thread.run(Thread.java:745)
Caused by: [test-idx][[test-idx][8]] IndexShardRestoreFailedException[restore failed]; nested: IndexShardRestoreFailedException[failed to restore snapshot [test-snap]]; nested: IndexShardRestoreFailedException[Failed to recover index]; nested: IOException[Random IOException];
	at org.elasticsearch.index.shard.StoreRecovery.restore(StoreRecovery.java:265)
	at org.elasticsearch.index.shard.StoreRecovery.lambda$recoverFromRepository$123(StoreRecovery.java:99)
	at org.elasticsearch.index.shard.StoreRecovery$$Lambda$562/1148766141.run(Unknown Source)
	at org.elasticsearch.index.shard.StoreRecovery.executeRecovery(StoreRecovery.java:122)
	... 7 more
Caused by: [test-idx][[test-idx][8]] IndexShardRestoreFailedException[failed to restore snapshot [test-snap]]; nested: IndexShardRestoreFailedException[Failed to recover index]; nested: IOException[Random IOException];
	at org.elasticsearch.index.snapshots.blobstore.BlobStoreIndexShardRepository.restore(BlobStoreIndexShardRepository.java:208)
	at org.elasticsearch.index.shard.StoreRecovery.restore(StoreRecovery.java:260)
	... 10 more
Caused by: [test-idx][[test-idx][8]] IndexShardRestoreFailedException[Failed to recover index]; nested: IOException[Random IOException];
	at org.elasticsearch.index.snapshots.blobstore.BlobStoreIndexShardRepository$RestoreContext.restore(BlobStoreIndexShardRepository.java:867)
	at org.elasticsearch.index.snapshots.blobstore.BlobStoreIndexShardRepository.restore(BlobStoreIndexShardRepository.java:206)
	... 11 more
Caused by: java.io.IOException: Random IOException
	at org.elasticsearch.snapshots.mockstore.MockRepository$MockBlobStore$MockBlobContainer.maybeIOExceptionOrBlock(MockRepository.java:277)
	at org.elasticsearch.snapshots.mockstore.MockRepository$MockBlobStore$MockBlobContainer.readBlob(MockRepository.java:321)
	at org.elasticsearch.index.snapshots.blobstore.BlobStoreIndexShardRepository$PartSliceStream.openSlice(BlobStoreIndexShardRepository.java:769)
	at org.elasticsearch.index.snapshots.blobstore.SlicedInputStream.nextStream(SlicedInputStream.java:53)
	at org.elasticsearch.index.snapshots.blobstore.SlicedInputStream.currentStream(SlicedInputStream.java:67)
	at org.elasticsearch.index.snapshots.blobstore.SlicedInputStream.read(SlicedInputStream.java:88)
	at java.io.FilterInputStream.read(FilterInputStream.java:133)
	at org.elasticsearch.index.snapshots.blobstore.RateLimitingInputStream.read(RateLimitingInputStream.java:69)
	at java.io.FilterInputStream.read(FilterInputStream.java:107)
	at org.elasticsearch.index.snapshots.blobstore.BlobStoreIndexShardRepository$RestoreContext.restoreFile(BlobStoreIndexShardRepository.java:924)
	at org.elasticsearch.index.snapshots.blobstore.BlobStoreIndexShardRepository$RestoreContext.restore(BlobStoreIndexShardRepository.java:864)
	... 12 more
[2016-03-30 23:02:06,139][WARN ][org.elasticsearch.indices.cluster] [node_s1] [[test-idx][4]] marking and sending shard failed due to [failed recovery]
[test-idx][[test-idx][4]] IndexShardRecoveryException[failed recovery]; nested: IndexShardRestoreFailedException[restore failed]; nested: IndexShardRestoreFailedException[failed to restore snapshot [test-snap]]; nested: IndexShardRestoreFailedException[Failed to recover index]; nested: IOException[Random IOException];
	at org.elasticsearch.index.shard.StoreRecovery.executeRecovery(StoreRecovery.java:165)
	at org.elasticsearch.index.shard.StoreRecovery.recoverFromRepository(StoreRecovery.java:97)
	at org.elasticsearch.index.shard.IndexShard.restoreFromRepository(IndexShard.java:1110)
	at org.elasticsearch.indices.cluster.IndicesClusterStateService.lambda$applyInitializingShard$128(IndicesClusterStateService.java:654)
	at org.elasticsearch.indices.cluster.IndicesClusterStateService$$Lambda$561/1683367258.run(Unknown Source)
	at java.util.concurrent.ThreadPoolExecutor.runWorker(ThreadPoolExecutor.java:1142)
	at java.util.concurrent.ThreadPoolExecutor$Worker.run(ThreadPoolExecutor.java:617)
	at java.lang.Thread.run(Thread.java:745)
Caused by: [test-idx][[test-idx][4]] IndexShardRestoreFailedException[restore failed]; nested: IndexShardRestoreFailedException[failed to restore snapshot [test-snap]]; nested: IndexShardRestoreFailedException[Failed to recover index]; nested: IOException[Random IOException];
	at org.elasticsearch.index.shard.StoreRecovery.restore(StoreRecovery.java:265)
	at org.elasticsearch.index.shard.StoreRecovery.lambda$recoverFromRepository$123(StoreRecovery.java:99)
	at org.elasticsearch.index.shard.StoreRecovery$$Lambda$562/1148766141.run(Unknown Source)
	at org.elasticsearch.index.shard.StoreRecovery.executeRecovery(StoreRecovery.java:122)
	... 7 more
Caused by: [test-idx][[test-idx][4]] IndexShardRestoreFailedException[failed to restore snapshot [test-snap]]; nested: IndexShardRestoreFailedException[Failed to recover index]; nested: IOException[Random IOException];
	at org.elasticsearch.index.snapshots.blobstore.BlobStoreIndexShardRepository.restore(BlobStoreIndexShardRepository.java:208)
	at org.elasticsearch.index.shard.StoreRecovery.restore(StoreRecovery.java:260)
	... 10 more
Caused by: [test-idx][[test-idx][4]] IndexShardRestoreFailedException[Failed to recover index]; nested: IOException[Random IOException];
	at org.elasticsearch.index.snapshots.blobstore.BlobStoreIndexShardRepository$RestoreContext.restore(BlobStoreIndexShardRepository.java:867)
	at org.elasticsearch.index.snapshots.blobstore.BlobStoreIndexShardRepository.restore(BlobStoreIndexShardRepository.java:206)
	... 11 more
Caused by: java.io.IOException: Random IOException
	at org.elasticsearch.snapshots.mockstore.MockRepository$MockBlobStore$MockBlobContainer.maybeIOExceptionOrBlock(MockRepository.java:277)
	at org.elasticsearch.snapshots.mockstore.MockRepository$MockBlobStore$MockBlobContainer.readBlob(MockRepository.java:321)
	at org.elasticsearch.index.snapshots.blobstore.BlobStoreIndexShardRepository$PartSliceStream.openSlice(BlobStoreIndexShardRepository.java:769)
	at org.elasticsearch.index.snapshots.blobstore.SlicedInputStream.nextStream(SlicedInputStream.java:53)
	at org.elasticsearch.index.snapshots.blobstore.SlicedInputStream.currentStream(SlicedInputStream.java:67)
	at org.elasticsearch.index.snapshots.blobstore.SlicedInputStream.read(SlicedInputStream.java:88)
	at java.io.FilterInputStream.read(FilterInputStream.java:133)
	at org.elasticsearch.index.snapshots.blobstore.RateLimitingInputStream.read(RateLimitingInputStream.java:69)
	at java.io.FilterInputStream.read(FilterInputStream.java:107)
	at org.elasticsearch.index.snapshots.blobstore.BlobStoreIndexShardRepository$RestoreContext.restoreFile(BlobStoreIndexShardRepository.java:924)
	at org.elasticsearch.index.snapshots.blobstore.BlobStoreIndexShardRepository$RestoreContext.restore(BlobStoreIndexShardRepository.java:864)
	... 12 more
[2016-03-30 23:02:06,140][WARN ][org.elasticsearch.indices.cluster] [node_s0] [[test-idx][2]] marking and sending shard failed due to [failed recovery]
[test-idx][[test-idx][2]] IndexShardRecoveryException[failed recovery]; nested: IndexShardRestoreFailedException[restore failed]; nested: IndexShardRestoreFailedException[failed to restore snapshot [test-snap]]; nested: IndexShardRestoreFailedException[Failed to recover index]; nested: IOException[Random IOException];
	at org.elasticsearch.index.shard.StoreRecovery.executeRecovery(StoreRecovery.java:165)
	at org.elasticsearch.index.shard.StoreRecovery.recoverFromRepository(StoreRecovery.java:97)
	at org.elasticsearch.index.shard.IndexShard.restoreFromRepository(IndexShard.java:1110)
	at org.elasticsearch.indices.cluster.IndicesClusterStateService.lambda$applyInitializingShard$128(IndicesClusterStateService.java:654)
	at org.elasticsearch.indices.cluster.IndicesClusterStateService$$Lambda$561/1683367258.run(Unknown Source)
	at java.util.concurrent.ThreadPoolExecutor.runWorker(ThreadPoolExecutor.java:1142)
	at java.util.concurrent.ThreadPoolExecutor$Worker.run(ThreadPoolExecutor.java:617)
	at java.lang.Thread.run(Thread.java:745)
Caused by: [test-idx][[test-idx][2]] IndexShardRestoreFailedException[restore failed]; nested: IndexShardRestoreFailedException[failed to restore snapshot [test-snap]]; nested: IndexShardRestoreFailedException[Failed to recover index]; nested: IOException[Random IOException];
	at org.elasticsearch.index.shard.StoreRecovery.restore(StoreRecovery.java:265)
	at org.elasticsearch.index.shard.StoreRecovery.lambda$recoverFromRepository$123(StoreRecovery.java:99)
	at org.elasticsearch.index.shard.StoreRecovery$$Lambda$562/1148766141.run(Unknown Source)
	at org.elasticsearch.index.shard.StoreRecovery.executeRecovery(StoreRecovery.java:122)
	... 7 more
Caused by: [test-idx][[test-idx][2]] IndexShardRestoreFailedException[failed to restore snapshot [test-snap]]; nested: IndexShardRestoreFailedException[Failed to recover index]; nested: IOException[Random IOException];
	at org.elasticsearch.index.snapshots.blobstore.BlobStoreIndexShardRepository.restore(BlobStoreIndexShardRepository.java:208)
	at org.elasticsearch.index.shard.StoreRecovery.restore(StoreRecovery.java:260)
	... 10 more
Caused by: [test-idx][[test-idx][2]] IndexShardRestoreFailedException[Failed to recover index]; nested: IOException[Random IOException];
	at org.elasticsearch.index.snapshots.blobstore.BlobStoreIndexShardRepository$RestoreContext.restore(BlobStoreIndexShardRepository.java:867)
	at org.elasticsearch.index.snapshots.blobstore.BlobStoreIndexShardRepository.restore(BlobStoreIndexShardRepository.java:206)
	... 11 more
Caused by: java.io.IOException: Random IOException
	at org.elasticsearch.snapshots.mockstore.MockRepository$MockBlobStore$MockBlobContainer.maybeIOExceptionOrBlock(MockRepository.java:277)
	at org.elasticsearch.snapshots.mockstore.MockRepository$MockBlobStore$MockBlobContainer.readBlob(MockRepository.java:321)
	at org.elasticsearch.index.snapshots.blobstore.BlobStoreIndexShardRepository$PartSliceStream.openSlice(BlobStoreIndexShardRepository.java:769)
	at org.elasticsearch.index.snapshots.blobstore.SlicedInputStream.nextStream(SlicedInputStream.java:53)
	at org.elasticsearch.index.snapshots.blobstore.SlicedInputStream.currentStream(SlicedInputStream.java:67)
	at org.elasticsearch.index.snapshots.blobstore.SlicedInputStream.read(SlicedInputStream.java:88)
	at java.io.FilterInputStream.read(FilterInputStream.java:133)
	at org.elasticsearch.index.snapshots.blobstore.RateLimitingInputStream.read(RateLimitingInputStream.java:69)
	at java.io.FilterInputStream.read(FilterInputStream.java:107)
	at org.elasticsearch.index.snapshots.blobstore.BlobStoreIndexShardRepository$RestoreContext.restoreFile(BlobStoreIndexShardRepository.java:924)
	at org.elasticsearch.index.snapshots.blobstore.BlobStoreIndexShardRepository$RestoreContext.restore(BlobStoreIndexShardRepository.java:864)
	... 12 more
[2016-03-30 23:02:06,141][WARN ][org.elasticsearch.cluster.action.shard] [node_s0] [test-idx][2] received shard failed for [test-idx][2], node[YU4rw4SiR5aBA7JFJFd8EQ], [P], v[13], restoring[test-repo:test-snap], s[INITIALIZING], a[id=WC-gPFf2Rk6zY5SMF5WjEQ], unassigned_info[[reason=ALLOCATION_FAILED], at[2016-03-31T06:02:06.046Z], details[failed recovery, failure IndexShardRecoveryException[failed recovery]; nested: IndexShardRestoreFailedException[restore failed]; nested: IndexShardRestoreFailedException[failed to restore snapshot [test-snap]]; nested: IndexShardRestoreFailedException[Failed to recover index]; nested: NotSerializableExceptionWrapper[Random IOException]; ]], expected_shard_size[0], indexUUID [4jpdB_g0RdurmlwQgV2n7w], message [failed recovery], failure [IndexShardRecoveryException[failed recovery]; nested: IndexShardRestoreFailedException[restore failed]; nested: IndexShardRestoreFailedException[failed to restore snapshot [test-snap]]; nested: IndexShardRestoreFailedException[Failed to recover index]; nested: IOException[Random IOException]; ]
[test-idx][[test-idx][2]] IndexShardRecoveryException[failed recovery]; nested: IndexShardRestoreFailedException[restore failed]; nested: IndexShardRestoreFailedException[failed to restore snapshot [test-snap]]; nested: IndexShardRestoreFailedException[Failed to recover index]; nested: IOException[Random IOException];
	at org.elasticsearch.index.shard.StoreRecovery.executeRecovery(StoreRecovery.java:165)
	at org.elasticsearch.index.shard.StoreRecovery.recoverFromRepository(StoreRecovery.java:97)
	at org.elasticsearch.index.shard.IndexShard.restoreFromRepository(IndexShard.java:1110)
	at org.elasticsearch.indices.cluster.IndicesClusterStateService.lambda$applyInitializingShard$128(IndicesClusterStateService.java:654)
	at org.elasticsearch.indices.cluster.IndicesClusterStateService$$Lambda$561/1683367258.run(Unknown Source)
	at java.util.concurrent.ThreadPoolExecutor.runWorker(ThreadPoolExecutor.java:1142)
	at java.util.concurrent.ThreadPoolExecutor$Worker.run(ThreadPoolExecutor.java:617)
	at java.lang.Thread.run(Thread.java:745)
Caused by: [test-idx][[test-idx][2]] IndexShardRestoreFailedException[restore failed]; nested: IndexShardRestoreFailedException[failed to restore snapshot [test-snap]]; nested: IndexShardRestoreFailedException[Failed to recover index]; nested: IOException[Random IOException];
	at org.elasticsearch.index.shard.StoreRecovery.restore(StoreRecovery.java:265)
	at org.elasticsearch.index.shard.StoreRecovery.lambda$recoverFromRepository$123(StoreRecovery.java:99)
	at org.elasticsearch.index.shard.StoreRecovery$$Lambda$562/1148766141.run(Unknown Source)
	at org.elasticsearch.index.shard.StoreRecovery.executeRecovery(StoreRecovery.java:122)
	... 7 more
Caused by: [test-idx][[test-idx][2]] IndexShardRestoreFailedException[failed to restore snapshot [test-snap]]; nested: IndexShardRestoreFailedException[Failed to recover index]; nested: IOException[Random IOException];
	at org.elasticsearch.index.snapshots.blobstore.BlobStoreIndexShardRepository.restore(BlobStoreIndexShardRepository.java:208)
	at org.elasticsearch.index.shard.StoreRecovery.restore(StoreRecovery.java:260)
	... 10 more
Caused by: [test-idx][[test-idx][2]] IndexShardRestoreFailedException[Failed to recover index]; nested: IOException[Random IOException];
	at org.elasticsearch.index.snapshots.blobstore.BlobStoreIndexShardRepository$RestoreContext.restore(BlobStoreIndexShardRepository.java:867)
	at org.elasticsearch.index.snapshots.blobstore.BlobStoreIndexShardRepository.restore(BlobStoreIndexShardRepository.java:206)
	... 11 more
Caused by: java.io.IOException: Random IOException
	at org.elasticsearch.snapshots.mockstore.MockRepository$MockBlobStore$MockBlobContainer.maybeIOExceptionOrBlock(MockRepository.java:277)
	at org.elasticsearch.snapshots.mockstore.MockRepository$MockBlobStore$MockBlobContainer.readBlob(MockRepository.java:321)
	at org.elasticsearch.index.snapshots.blobstore.BlobStoreIndexShardRepository$PartSliceStream.openSlice(BlobStoreIndexShardRepository.java:769)
	at org.elasticsearch.index.snapshots.blobstore.SlicedInputStream.nextStream(SlicedInputStream.java:53)
	at org.elasticsearch.index.snapshots.blobstore.SlicedInputStream.currentStream(SlicedInputStream.java:67)
	at org.elasticsearch.index.snapshots.blobstore.SlicedInputStream.read(SlicedInputStream.java:88)
	at java.io.FilterInputStream.read(FilterInputStream.java:133)
	at org.elasticsearch.index.snapshots.blobstore.RateLimitingInputStream.read(RateLimitingInputStream.java:69)
	at java.io.FilterInputStream.read(FilterInputStream.java:107)
	at org.elasticsearch.index.snapshots.blobstore.BlobStoreIndexShardRepository$RestoreContext.restoreFile(BlobStoreIndexShardRepository.java:924)
	at org.elasticsearch.index.snapshots.blobstore.BlobStoreIndexShardRepository$RestoreContext.restore(BlobStoreIndexShardRepository.java:864)
	... 12 more
[2016-03-30 23:02:06,144][WARN ][org.elasticsearch.cluster.action.shard] [node_s0] [test-idx][4] received shard failed for [test-idx][4], node[BGl_MLcDTse8q5N9C0jt5A], [P], v[19], restoring[test-repo:test-snap], s[INITIALIZING], a[id=Aav4nwVmS6yPKGa23fLopg], unassigned_info[[reason=ALLOCATION_FAILED], at[2016-03-31T06:02:06.111Z], details[failed recovery, failure IndexShardRecoveryException[failed recovery]; nested: IndexShardRestoreFailedException[restore failed]; nested: IndexShardRestoreFailedException[failed to restore snapshot [test-snap]]; nested: IndexShardRestoreFailedException[Failed to recover index]; nested: NotSerializableExceptionWrapper[Random IOException]; ]], expected_shard_size[0], indexUUID [4jpdB_g0RdurmlwQgV2n7w], message [failed recovery], failure [IndexShardRecoveryException[failed recovery]; nested: IndexShardRestoreFailedException[restore failed]; nested: IndexShardRestoreFailedException[failed to restore snapshot [test-snap]]; nested: IndexShardRestoreFailedException[Failed to recover index]; nested: NotSerializableExceptionWrapper[Random IOException]; ]
[test-idx][[test-idx][4]] IndexShardRecoveryException[failed recovery]; nested: IndexShardRestoreFailedException[restore failed]; nested: IndexShardRestoreFailedException[failed to restore snapshot [test-snap]]; nested: IndexShardRestoreFailedException[Failed to recover index]; nested: NotSerializableExceptionWrapper[Random IOException];
	at org.elasticsearch.index.shard.StoreRecovery.executeRecovery(StoreRecovery.java:165)
	at org.elasticsearch.index.shard.StoreRecovery.recoverFromRepository(StoreRecovery.java:97)
	at org.elasticsearch.index.shard.IndexShard.restoreFromRepository(IndexShard.java:1110)
	at org.elasticsearch.indices.cluster.IndicesClusterStateService.lambda$applyInitializingShard$128(IndicesClusterStateService.java:654)
	at org.elasticsearch.indices.cluster.IndicesClusterStateService$$Lambda$561/1683367258.run(Unknown Source)
	at java.util.concurrent.ThreadPoolExecutor.runWorker(ThreadPoolExecutor.java:1142)
	at java.util.concurrent.ThreadPoolExecutor$Worker.run(ThreadPoolExecutor.java:617)
	at java.lang.Thread.run(Thread.java:745)
Caused by: [test-idx][[test-idx][4]] IndexShardRestoreFailedException[restore failed]; nested: IndexShardRestoreFailedException[failed to restore snapshot [test-snap]]; nested: IndexShardRestoreFailedException[Failed to recover index]; nested: NotSerializableExceptionWrapper[Random IOException];
	at org.elasticsearch.index.shard.StoreRecovery.restore(StoreRecovery.java:265)
	at org.elasticsearch.index.shard.StoreRecovery.lambda$recoverFromRepository$123(StoreRecovery.java:99)
	at org.elasticsearch.index.shard.StoreRecovery$$Lambda$562/1148766141.run(Unknown Source)
	at org.elasticsearch.index.shard.StoreRecovery.executeRecovery(StoreRecovery.java:122)
	... 7 more
Caused by: [test-idx][[test-idx][4]] IndexShardRestoreFailedException[failed to restore snapshot [test-snap]]; nested: IndexShardRestoreFailedException[Failed to recover index]; nested: NotSerializableExceptionWrapper[Random IOException];
	at org.elasticsearch.index.snapshots.blobstore.BlobStoreIndexShardRepository.restore(BlobStoreIndexShardRepository.java:208)
	at org.elasticsearch.index.shard.StoreRecovery.restore(StoreRecovery.java:260)
	... 10 more
Caused by: [test-idx][[test-idx][4]] IndexShardRestoreFailedException[Failed to recover index]; nested: NotSerializableExceptionWrapper[Random IOException];
	at org.elasticsearch.index.snapshots.blobstore.BlobStoreIndexShardRepository$RestoreContext.restore(BlobStoreIndexShardRepository.java:867)
	at org.elasticsearch.index.snapshots.blobstore.BlobStoreIndexShardRepository.restore(BlobStoreIndexShardRepository.java:206)
	... 11 more
Caused by: NotSerializableExceptionWrapper[Random IOException]
	at org.elasticsearch.snapshots.mockstore.MockRepository$MockBlobStore$MockBlobContainer.maybeIOExceptionOrBlock(MockRepository.java:277)
	at org.elasticsearch.snapshots.mockstore.MockRepository$MockBlobStore$MockBlobContainer.readBlob(MockRepository.java:321)
	at org.elasticsearch.index.snapshots.blobstore.BlobStoreIndexShardRepository$PartSliceStream.openSlice(BlobStoreIndexShardRepository.java:769)
	at org.elasticsearch.index.snapshots.blobstore.SlicedInputStream.nextStream(SlicedInputStream.java:53)
	at org.elasticsearch.index.snapshots.blobstore.SlicedInputStream.currentStream(SlicedInputStream.java:67)
	at org.elasticsearch.index.snapshots.blobstore.SlicedInputStream.read(SlicedInputStream.java:88)
	at java.io.FilterInputStream.read(FilterInputStream.java:133)
	at org.elasticsearch.index.snapshots.blobstore.RateLimitingInputStream.read(RateLimitingInputStream.java:69)
	at java.io.FilterInputStream.read(FilterInputStream.java:107)
	at org.elasticsearch.index.snapshots.blobstore.BlobStoreIndexShardRepository$RestoreContext.restoreFile(BlobStoreIndexShardRepository.java:924)
	at org.elasticsearch.index.snapshots.blobstore.BlobStoreIndexShardRepository$RestoreContext.restore(BlobStoreIndexShardRepository.java:864)
	... 12 more
[2016-03-30 23:02:06,145][WARN ][org.elasticsearch.cluster.action.shard] [node_s0] [test-idx][4] received shard failed for [test-idx][4], node[BGl_MLcDTse8q5N9C0jt5A], [P], v[19], restoring[test-repo:test-snap], s[INITIALIZING], a[id=Aav4nwVmS6yPKGa23fLopg], unassigned_info[[reason=ALLOCATION_FAILED], at[2016-03-31T06:02:06.111Z], details[failed recovery, failure IndexShardRecoveryException[failed recovery]; nested: IndexShardRestoreFailedException[restore failed]; nested: IndexShardRestoreFailedException[failed to restore snapshot [test-snap]]; nested: IndexShardRestoreFailedException[Failed to recover index]; nested: NotSerializableExceptionWrapper[Random IOException]; ]], expected_shard_size[0], indexUUID [4jpdB_g0RdurmlwQgV2n7w], message [master {node_s0}{YU4rw4SiR5aBA7JFJFd8EQ}{local}{local[78]}[mode=>local] marked shard as initializing, but shard is marked as failed, resend shard failure], failure [Unknown]
[2016-03-30 23:02:06,151][WARN ][org.elasticsearch.indices.cluster] [node_s1] [[test-idx][7]] marking and sending shard failed due to [failed recovery]
[test-idx][[test-idx][7]] IndexShardRecoveryException[failed recovery]; nested: IndexShardRestoreFailedException[restore failed]; nested: IndexShardRestoreFailedException[failed to restore snapshot [test-snap]]; nested: IndexShardRestoreFailedException[Failed to recover index]; nested: IOException[Random IOException];
	at org.elasticsearch.index.shard.StoreRecovery.executeRecovery(StoreRecovery.java:165)
	at org.elasticsearch.index.shard.StoreRecovery.recoverFromRepository(StoreRecovery.java:97)
	at org.elasticsearch.index.shard.IndexShard.restoreFromRepository(IndexShard.java:1110)
	at org.elasticsearch.indices.cluster.IndicesClusterStateService.lambda$applyInitializingShard$128(IndicesClusterStateService.java:654)
	at org.elasticsearch.indices.cluster.IndicesClusterStateService$$Lambda$561/1683367258.run(Unknown Source)
	at java.util.concurrent.ThreadPoolExecutor.runWorker(ThreadPoolExecutor.java:1142)
	at java.util.concurrent.ThreadPoolExecutor$Worker.run(ThreadPoolExecutor.java:617)
	at java.lang.Thread.run(Thread.java:745)
Caused by: [test-idx][[test-idx][7]] IndexShardRestoreFailedException[restore failed]; nested: IndexShardRestoreFailedException[failed to restore snapshot [test-snap]]; nested: IndexShardRestoreFailedException[Failed to recover index]; nested: IOException[Random IOException];
	at org.elasticsearch.index.shard.StoreRecovery.restore(StoreRecovery.java:265)
	at org.elasticsearch.index.shard.StoreRecovery.lambda$recoverFromRepository$123(StoreRecovery.java:99)
	at org.elasticsearch.index.shard.StoreRecovery$$Lambda$562/1148766141.run(Unknown Source)
	at org.elasticsearch.index.shard.StoreRecovery.executeRecovery(StoreRecovery.java:122)
	... 7 more
Caused by: [test-idx][[test-idx][7]] IndexShardRestoreFailedException[failed to restore snapshot [test-snap]]; nested: IndexShardRestoreFailedException[Failed to recover index]; nested: IOException[Random IOException];
	at org.elasticsearch.index.snapshots.blobstore.BlobStoreIndexShardRepository.restore(BlobStoreIndexShardRepository.java:208)
	at org.elasticsearch.index.shard.StoreRecovery.restore(StoreRecovery.java:260)
	... 10 more
Caused by: [test-idx][[test-idx][7]] IndexShardRestoreFailedException[Failed to recover index]; nested: IOException[Random IOException];
	at org.elasticsearch.index.snapshots.blobstore.BlobStoreIndexShardRepository$RestoreContext.restore(BlobStoreIndexShardRepository.java:867)
	at org.elasticsearch.index.snapshots.blobstore.BlobStoreIndexShardRepository.restore(BlobStoreIndexShardRepository.java:206)
	... 11 more
Caused by: java.io.IOException: Random IOException
	at org.elasticsearch.snapshots.mockstore.MockRepository$MockBlobStore$MockBlobContainer.maybeIOExceptionOrBlock(MockRepository.java:277)
	at org.elasticsearch.snapshots.mockstore.MockRepository$MockBlobStore$MockBlobContainer.readBlob(MockRepository.java:321)
	at org.elasticsearch.index.snapshots.blobstore.BlobStoreIndexShardRepository$PartSliceStream.openSlice(BlobStoreIndexShardRepository.java:769)
	at org.elasticsearch.index.snapshots.blobstore.SlicedInputStream.nextStream(SlicedInputStream.java:53)
	at org.elasticsearch.index.snapshots.blobstore.SlicedInputStream.currentStream(SlicedInputStream.java:67)
	at org.elasticsearch.index.snapshots.blobstore.SlicedInputStream.read(SlicedInputStream.java:88)
	at java.io.FilterInputStream.read(FilterInputStream.java:133)
	at org.elasticsearch.index.snapshots.blobstore.RateLimitingInputStream.read(RateLimitingInputStream.java:69)
	at java.io.FilterInputStream.read(FilterInputStream.java:107)
	at org.elasticsearch.index.snapshots.blobstore.BlobStoreIndexShardRepository$RestoreContext.restoreFile(BlobStoreIndexShardRepository.java:924)
	at org.elasticsearch.index.snapshots.blobstore.BlobStoreIndexShardRepository$RestoreContext.restore(BlobStoreIndexShardRepository.java:864)
	... 12 more
[2016-03-30 23:02:06,152][WARN ][org.elasticsearch.cluster.action.shard] [node_s0] [test-idx][2] received shard failed for [test-idx][2], node[YU4rw4SiR5aBA7JFJFd8EQ], [P], v[13], restoring[test-repo:test-snap], s[INITIALIZING], a[id=WC-gPFf2Rk6zY5SMF5WjEQ], unassigned_info[[reason=ALLOCATION_FAILED], at[2016-03-31T06:02:06.046Z], details[failed recovery, failure IndexShardRecoveryException[failed recovery]; nested: IndexShardRestoreFailedException[restore failed]; nested: IndexShardRestoreFailedException[failed to restore snapshot [test-snap]]; nested: IndexShardRestoreFailedException[Failed to recover index]; nested: NotSerializableExceptionWrapper[Random IOException]; ]], expected_shard_size[0], indexUUID [4jpdB_g0RdurmlwQgV2n7w], message [master {node_s0}{YU4rw4SiR5aBA7JFJFd8EQ}{local}{local[78]}[mode=>local] marked shard as initializing, but shard is marked as failed, resend shard failure], failure [Unknown]
[2016-03-30 23:02:06,153][WARN ][org.elasticsearch.cluster.action.shard] [node_s0] [test-idx][8] received shard failed for [test-idx][8], node[YU4rw4SiR5aBA7JFJFd8EQ], [P], v[15], restoring[test-repo:test-snap], s[INITIALIZING], a[id=eOS-Hzq_TiWCXklsgN92Rg], unassigned_info[[reason=ALLOCATION_FAILED], at[2016-03-31T06:02:06.046Z], details[failed recovery, failure IndexShardRecoveryException[failed recovery]; nested: IndexShardRestoreFailedException[restore failed]; nested: IndexShardRestoreFailedException[failed to restore snapshot [test-snap]]; nested: IndexShardRestoreFailedException[Failed to recover index]; nested: NotSerializableExceptionWrapper[Random IOException]; ]], expected_shard_size[130], indexUUID [4jpdB_g0RdurmlwQgV2n7w], message [master {node_s0}{YU4rw4SiR5aBA7JFJFd8EQ}{local}{local[78]}[mode=>local] marked shard as initializing, but shard is marked as failed, resend shard failure], failure [Unknown]
[2016-03-30 23:02:06,155][WARN ][org.elasticsearch.cluster.action.shard] [node_s0] [test-idx][7] received shard failed for [test-idx][7], node[BGl_MLcDTse8q5N9C0jt5A], [P], v[15], restoring[test-repo:test-snap], s[INITIALIZING], a[id=angeGUALSC6fpZVqpukRyA], unassigned_info[[reason=ALLOCATION_FAILED], at[2016-03-31T06:02:05.977Z], details[failed recovery, failure IndexShardRecoveryException[failed recovery]; nested: IndexShardRestoreFailedException[restore failed]; nested: IndexShardRestoreFailedException[failed to restore snapshot [test-snap]]; nested: IndexShardRestoreFailedException[Failed to recover index]; nested: NotSerializableExceptionWrapper[Random IOException]; ]], expected_shard_size[0], indexUUID [4jpdB_g0RdurmlwQgV2n7w], message [failed recovery], failure [IndexShardRecoveryException[failed recovery]; nested: IndexShardRestoreFailedException[restore failed]; nested: IndexShardRestoreFailedException[failed to restore snapshot [test-snap]]; nested: IndexShardRestoreFailedException[Failed to recover index]; nested: NotSerializableExceptionWrapper[Random IOException]; ]
[test-idx][[test-idx][7]] IndexShardRecoveryException[failed recovery]; nested: IndexShardRestoreFailedException[restore failed]; nested: IndexShardRestoreFailedException[failed to restore snapshot [test-snap]]; nested: IndexShardRestoreFailedException[Failed to recover index]; nested: NotSerializableExceptionWrapper[Random IOException];
	at org.elasticsearch.index.shard.StoreRecovery.executeRecovery(StoreRecovery.java:165)
	at org.elasticsearch.index.shard.StoreRecovery.recoverFromRepository(StoreRecovery.java:97)
	at org.elasticsearch.index.shard.IndexShard.restoreFromRepository(IndexShard.java:1110)
	at org.elasticsearch.indices.cluster.IndicesClusterStateService.lambda$applyInitializingShard$128(IndicesClusterStateService.java:654)
	at org.elasticsearch.indices.cluster.IndicesClusterStateService$$Lambda$561/1683367258.run(Unknown Source)
	at java.util.concurrent.ThreadPoolExecutor.runWorker(ThreadPoolExecutor.java:1142)
	at java.util.concurrent.ThreadPoolExecutor$Worker.run(ThreadPoolExecutor.java:617)
	at java.lang.Thread.run(Thread.java:745)
Caused by: [test-idx][[test-idx][7]] IndexShardRestoreFailedException[restore failed]; nested: IndexShardRestoreFailedException[failed to restore snapshot [test-snap]]; nested: IndexShardRestoreFailedException[Failed to recover index]; nested: NotSerializableExceptionWrapper[Random IOException];
	at org.elasticsearch.index.shard.StoreRecovery.restore(StoreRecovery.java:265)
	at org.elasticsearch.index.shard.StoreRecovery.lambda$recoverFromRepository$123(StoreRecovery.java:99)
	at org.elasticsearch.index.shard.StoreRecovery$$Lambda$562/1148766141.run(Unknown Source)
	at org.elasticsearch.index.shard.StoreRecovery.executeRecovery(StoreRecovery.java:122)
	... 7 more
Caused by: [test-idx][[test-idx][7]] IndexShardRestoreFailedException[failed to restore snapshot [test-snap]]; nested: IndexShardRestoreFailedException[Failed to recover index]; nested: NotSerializableExceptionWrapper[Random IOException];
	at org.elasticsearch.index.snapshots.blobstore.BlobStoreIndexShardRepository.restore(BlobStoreIndexShardRepository.java:208)
	at org.elasticsearch.index.shard.StoreRecovery.restore(StoreRecovery.java:260)
	... 10 more
Caused by: [test-idx][[test-idx][7]] IndexShardRestoreFailedException[Failed to recover index]; nested: NotSerializableExceptionWrapper[Random IOException];
	at org.elasticsearch.index.snapshots.blobstore.BlobStoreIndexShardRepository$RestoreContext.restore(BlobStoreIndexShardRepository.java:867)
	at org.elasticsearch.index.snapshots.blobstore.BlobStoreIndexShardRepository.restore(BlobStoreIndexShardRepository.java:206)
	... 11 more
Caused by: NotSerializableExceptionWrapper[Random IOException]
	at org.elasticsearch.snapshots.mockstore.MockRepository$MockBlobStore$MockBlobContainer.maybeIOExceptionOrBlock(MockRepository.java:277)
	at org.elasticsearch.snapshots.mockstore.MockRepository$MockBlobStore$MockBlobContainer.readBlob(MockRepository.java:321)
	at org.elasticsearch.index.snapshots.blobstore.BlobStoreIndexShardRepository$PartSliceStream.openSlice(BlobStoreIndexShardRepository.java:769)
	at org.elasticsearch.index.snapshots.blobstore.SlicedInputStream.nextStream(SlicedInputStream.java:53)
	at org.elasticsearch.index.snapshots.blobstore.SlicedInputStream.currentStream(SlicedInputStream.java:67)
	at org.elasticsearch.index.snapshots.blobstore.SlicedInputStream.read(SlicedInputStream.java:88)
	at java.io.FilterInputStream.read(FilterInputStream.java:133)
	at org.elasticsearch.index.snapshots.blobstore.RateLimitingInputStream.read(RateLimitingInputStream.java:69)
	at java.io.FilterInputStream.read(FilterInputStream.java:107)
	at org.elasticsearch.index.snapshots.blobstore.BlobStoreIndexShardRepository$RestoreContext.restoreFile(BlobStoreIndexShardRepository.java:924)
	at org.elasticsearch.index.snapshots.blobstore.BlobStoreIndexShardRepository$RestoreContext.restore(BlobStoreIndexShardRepository.java:864)
	... 12 more
[2016-03-30 23:02:06,157][WARN ][org.elasticsearch.indices.cluster] [node_s1] [[test-idx][0]] marking and sending shard failed due to [failed recovery]
[test-idx][[test-idx][0]] IndexShardRecoveryException[failed recovery]; nested: IndexShardRestoreFailedException[restore failed]; nested: IndexShardRestoreFailedException[failed to restore snapshot [test-snap]]; nested: IndexShardRestoreFailedException[Failed to recover index]; nested: IOException[Random IOException];
	at org.elasticsearch.index.shard.StoreRecovery.executeRecovery(StoreRecovery.java:165)
	at org.elasticsearch.index.shard.StoreRecovery.recoverFromRepository(StoreRecovery.java:97)
	at org.elasticsearch.index.shard.IndexShard.restoreFromRepository(IndexShard.java:1110)
	at org.elasticsearch.indices.cluster.IndicesClusterStateService.lambda$applyInitializingShard$128(IndicesClusterStateService.java:654)
	at org.elasticsearch.indices.cluster.IndicesClusterStateService$$Lambda$561/1683367258.run(Unknown Source)
	at java.util.concurrent.ThreadPoolExecutor.runWorker(ThreadPoolExecutor.java:1142)
	at java.util.concurrent.ThreadPoolExecutor$Worker.run(ThreadPoolExecutor.java:617)
	at java.lang.Thread.run(Thread.java:745)
Caused by: [test-idx][[test-idx][0]] IndexShardRestoreFailedException[restore failed]; nested: IndexShardRestoreFailedException[failed to restore snapshot [test-snap]]; nested: IndexShardRestoreFailedException[Failed to recover index]; nested: IOException[Random IOException];
	at org.elasticsearch.index.shard.StoreRecovery.restore(StoreRecovery.java:265)
	at org.elasticsearch.index.shard.StoreRecovery.lambda$recoverFromRepository$123(StoreRecovery.java:99)
	at org.elasticsearch.index.shard.StoreRecovery$$Lambda$562/1148766141.run(Unknown Source)
	at org.elasticsearch.index.shard.StoreRecovery.executeRecovery(StoreRecovery.java:122)
	... 7 more
Caused by: [test-idx][[test-idx][0]] IndexShardRestoreFailedException[failed to restore snapshot [test-snap]]; nested: IndexShardRestoreFailedException[Failed to recover index]; nested: IOException[Random IOException];
	at org.elasticsearch.index.snapshots.blobstore.BlobStoreIndexShardRepository.restore(BlobStoreIndexShardRepository.java:208)
	at org.elasticsearch.index.shard.StoreRecovery.restore(StoreRecovery.java:260)
	... 10 more
Caused by: [test-idx][[test-idx][0]] IndexShardRestoreFailedException[Failed to recover index]; nested: IOException[Random IOException];
	at org.elasticsearch.index.snapshots.blobstore.BlobStoreIndexShardRepository$RestoreContext.restore(BlobStoreIndexShardRepository.java:867)
	at org.elasticsearch.index.snapshots.blobstore.BlobStoreIndexShardRepository.restore(BlobStoreIndexShardRepository.java:206)
	... 11 more
Caused by: java.io.IOException: Random IOException
	at org.elasticsearch.snapshots.mockstore.MockRepository$MockBlobStore$MockBlobContainer.maybeIOExceptionOrBlock(MockRepository.java:277)
	at org.elasticsearch.snapshots.mockstore.MockRepository$MockBlobStore$MockBlobContainer.readBlob(MockRepository.java:321)
	at org.elasticsearch.index.snapshots.blobstore.BlobStoreIndexShardRepository$PartSliceStream.openSlice(BlobStoreIndexShardRepository.java:769)
	at org.elasticsearch.index.snapshots.blobstore.SlicedInputStream.nextStream(SlicedInputStream.java:53)
	at org.elasticsearch.index.snapshots.blobstore.SlicedInputStream.currentStream(SlicedInputStream.java:67)
	at org.elasticsearch.index.snapshots.blobstore.SlicedInputStream.read(SlicedInputStream.java:88)
	at java.io.FilterInputStream.read(FilterInputStream.java:133)
	at org.elasticsearch.index.snapshots.blobstore.RateLimitingInputStream.read(RateLimitingInputStream.java:69)
	at java.io.FilterInputStream.read(FilterInputStream.java:107)
	at org.elasticsearch.index.snapshots.blobstore.BlobStoreIndexShardRepository$RestoreContext.restoreFile(BlobStoreIndexShardRepository.java:924)
	at org.elasticsearch.index.snapshots.blobstore.BlobStoreIndexShardRepository$RestoreContext.restore(BlobStoreIndexShardRepository.java:864)
	... 12 more
[2016-03-30 23:02:06,160][WARN ][org.elasticsearch.cluster.action.shard] [node_s0] [test-idx][0] received shard failed for [test-idx][0], node[BGl_MLcDTse8q5N9C0jt5A], [P], v[19], restoring[test-repo:test-snap], s[INITIALIZING], a[id=sArM7QOtSRKd7hrpRXY36w], unassigned_info[[reason=ALLOCATION_FAILED], at[2016-03-31T06:02:06.129Z], details[failed recovery, failure IndexShardRecoveryException[failed recovery]; nested: IndexShardRestoreFailedException[restore failed]; nested: IndexShardRestoreFailedException[failed to restore snapshot [test-snap]]; nested: IndexShardRestoreFailedException[Failed to recover index]; nested: NotSerializableExceptionWrapper[Random IOException]; ]], expected_shard_size[130], indexUUID [4jpdB_g0RdurmlwQgV2n7w], message [failed recovery], failure [IndexShardRecoveryException[failed recovery]; nested: IndexShardRestoreFailedException[restore failed]; nested: IndexShardRestoreFailedException[failed to restore snapshot [test-snap]]; nested: IndexShardRestoreFailedException[Failed to recover index]; nested: NotSerializableExceptionWrapper[Random IOException]; ]
[test-idx][[test-idx][0]] IndexShardRecoveryException[failed recovery]; nested: IndexShardRestoreFailedException[restore failed]; nested: IndexShardRestoreFailedException[failed to restore snapshot [test-snap]]; nested: IndexShardRestoreFailedException[Failed to recover index]; nested: NotSerializableExceptionWrapper[Random IOException];
	at org.elasticsearch.index.shard.StoreRecovery.executeRecovery(StoreRecovery.java:165)
	at org.elasticsearch.index.shard.StoreRecovery.recoverFromRepository(StoreRecovery.java:97)
	at org.elasticsearch.index.shard.IndexShard.restoreFromRepository(IndexShard.java:1110)
	at org.elasticsearch.indices.cluster.IndicesClusterStateService.lambda$applyInitializingShard$128(IndicesClusterStateService.java:654)
	at org.elasticsearch.indices.cluster.IndicesClusterStateService$$Lambda$561/1683367258.run(Unknown Source)
	at java.util.concurrent.ThreadPoolExecutor.runWorker(ThreadPoolExecutor.java:1142)
	at java.util.concurrent.ThreadPoolExecutor$Worker.run(ThreadPoolExecutor.java:617)
	at java.lang.Thread.run(Thread.java:745)
Caused by: [test-idx][[test-idx][0]] IndexShardRestoreFailedException[restore failed]; nested: IndexShardRestoreFailedException[failed to restore snapshot [test-snap]]; nested: IndexShardRestoreFailedException[Failed to recover index]; nested: NotSerializableExceptionWrapper[Random IOException];
	at org.elasticsearch.index.shard.StoreRecovery.restore(StoreRecovery.java:265)
	at org.elasticsearch.index.shard.StoreRecovery.lambda$recoverFromRepository$123(StoreRecovery.java:99)
	at org.elasticsearch.index.shard.StoreRecovery$$Lambda$562/1148766141.run(Unknown Source)
	at org.elasticsearch.index.shard.StoreRecovery.executeRecovery(StoreRecovery.java:122)
	... 7 more
Caused by: [test-idx][[test-idx][0]] IndexShardRestoreFailedException[failed to restore snapshot [test-snap]]; nested: IndexShardRestoreFailedException[Failed to recover index]; nested: NotSerializableExceptionWrapper[Random IOException];
	at org.elasticsearch.index.snapshots.blobstore.BlobStoreIndexShardRepository.restore(BlobStoreIndexShardRepository.java:208)
	at org.elasticsearch.index.shard.StoreRecovery.restore(StoreRecovery.java:260)
	... 10 more
Caused by: [test-idx][[test-idx][0]] IndexShardRestoreFailedException[Failed to recover index]; nested: NotSerializableExceptionWrapper[Random IOException];
	at org.elasticsearch.index.snapshots.blobstore.BlobStoreIndexShardRepository$RestoreContext.restore(BlobStoreIndexShardRepository.java:867)
	at org.elasticsearch.index.snapshots.blobstore.BlobStoreIndexShardRepository.restore(BlobStoreIndexShardRepository.java:206)
	... 11 more
Caused by: NotSerializableExceptionWrapper[Random IOException]
	at org.elasticsearch.snapshots.mockstore.MockRepository$MockBlobStore$MockBlobContainer.maybeIOExceptionOrBlock(MockRepository.java:277)
	at org.elasticsearch.snapshots.mockstore.MockRepository$MockBlobStore$MockBlobContainer.readBlob(MockRepository.java:321)
	at org.elasticsearch.index.snapshots.blobstore.BlobStoreIndexShardRepository$PartSliceStream.openSlice(BlobStoreIndexShardRepository.java:769)
	at org.elasticsearch.index.snapshots.blobstore.SlicedInputStream.nextStream(SlicedInputStream.java:53)
	at org.elasticsearch.index.snapshots.blobstore.SlicedInputStream.currentStream(SlicedInputStream.java:67)
	at org.elasticsearch.index.snapshots.blobstore.SlicedInputStream.read(SlicedInputStream.java:88)
	at java.io.FilterInputStream.read(FilterInputStream.java:133)
	at org.elasticsearch.index.snapshots.blobstore.RateLimitingInputStream.read(RateLimitingInputStream.java:69)
	at java.io.FilterInputStream.read(FilterInputStream.java:107)
	at org.elasticsearch.index.snapshots.blobstore.BlobStoreIndexShardRepository$RestoreContext.restoreFile(BlobStoreIndexShardRepository.java:924)
	at org.elasticsearch.index.snapshots.blobstore.BlobStoreIndexShardRepository$RestoreContext.restore(BlobStoreIndexShardRepository.java:864)
	... 12 more
[2016-03-30 23:02:06,161][WARN ][org.elasticsearch.cluster.action.shard] [node_s0] [test-idx][7] received shard failed for [test-idx][7], node[BGl_MLcDTse8q5N9C0jt5A], [P], v[15], restoring[test-repo:test-snap], s[INITIALIZING], a[id=angeGUALSC6fpZVqpukRyA], unassigned_info[[reason=ALLOCATION_FAILED], at[2016-03-31T06:02:05.977Z], details[failed recovery, failure IndexShardRecoveryException[failed recovery]; nested: IndexShardRestoreFailedException[restore failed]; nested: IndexShardRestoreFailedException[failed to restore snapshot [test-snap]]; nested: IndexShardRestoreFailedException[Failed to recover index]; nested: NotSerializableExceptionWrapper[Random IOException]; ]], expected_shard_size[0], indexUUID [4jpdB_g0RdurmlwQgV2n7w], message [master {node_s0}{YU4rw4SiR5aBA7JFJFd8EQ}{local}{local[78]}[mode=>local] marked shard as initializing, but shard is marked as failed, resend shard failure], failure [Unknown]
[2016-03-30 23:02:06,162][WARN ][org.elasticsearch.cluster.action.shard] [node_s0] [test-idx][0] received shard failed for [test-idx][0], node[BGl_MLcDTse8q5N9C0jt5A], [P], v[19], restoring[test-repo:test-snap], s[INITIALIZING], a[id=sArM7QOtSRKd7hrpRXY36w], unassigned_info[[reason=ALLOCATION_FAILED], at[2016-03-31T06:02:06.129Z], details[failed recovery, failure IndexShardRecoveryException[failed recovery]; nested: IndexShardRestoreFailedException[restore failed]; nested: IndexShardRestoreFailedException[failed to restore snapshot [test-snap]]; nested: IndexShardRestoreFailedException[Failed to recover index]; nested: NotSerializableExceptionWrapper[Random IOException]; ]], expected_shard_size[130], indexUUID [4jpdB_g0RdurmlwQgV2n7w], message [master {node_s0}{YU4rw4SiR5aBA7JFJFd8EQ}{local}{local[78]}[mode=>local] marked shard as initializing, but shard is marked as failed, resend shard failure], failure [Unknown]
[2016-03-30 23:02:06,184][WARN ][org.elasticsearch.indices.cluster] [node_s1] [[test-idx][2]] marking and sending shard failed due to [failed recovery]
[test-idx][[test-idx][2]] IndexShardRecoveryException[failed recovery]; nested: IndexShardRestoreFailedException[restore failed]; nested: IndexShardRestoreFailedException[failed to restore snapshot [test-snap]]; nested: IndexShardRestoreFailedException[Failed to recover index]; nested: IOException[Random IOException];
	at org.elasticsearch.index.shard.StoreRecovery.executeRecovery(StoreRecovery.java:165)
	at org.elasticsearch.index.shard.StoreRecovery.recoverFromRepository(StoreRecovery.java:97)
	at org.elasticsearch.index.shard.IndexShard.restoreFromRepository(IndexShard.java:1110)
	at org.elasticsearch.indices.cluster.IndicesClusterStateService.lambda$applyInitializingShard$128(IndicesClusterStateService.java:654)
	at org.elasticsearch.indices.cluster.IndicesClusterStateService$$Lambda$561/1683367258.run(Unknown Source)
	at java.util.concurrent.ThreadPoolExecutor.runWorker(ThreadPoolExecutor.java:1142)
	at java.util.concurrent.ThreadPoolExecutor$Worker.run(ThreadPoolExecutor.java:617)
	at java.lang.Thread.run(Thread.java:745)
Caused by: [test-idx][[test-idx][2]] IndexShardRestoreFailedException[restore failed]; nested: IndexShardRestoreFailedException[failed to restore snapshot [test-snap]]; nested: IndexShardRestoreFailedException[Failed to recover index]; nested: IOException[Random IOException];
	at org.elasticsearch.index.shard.StoreRecovery.restore(StoreRecovery.java:265)
	at org.elasticsearch.index.shard.StoreRecovery.lambda$recoverFromRepository$123(StoreRecovery.java:99)
	at org.elasticsearch.index.shard.StoreRecovery$$Lambda$562/1148766141.run(Unknown Source)
	at org.elasticsearch.index.shard.StoreRecovery.executeRecovery(StoreRecovery.java:122)
	... 7 more
Caused by: [test-idx][[test-idx][2]] IndexShardRestoreFailedException[failed to restore snapshot [test-snap]]; nested: IndexShardRestoreFailedException[Failed to recover index]; nested: IOException[Random IOException];
	at org.elasticsearch.index.snapshots.blobstore.BlobStoreIndexShardRepository.restore(BlobStoreIndexShardRepository.java:208)
	at org.elasticsearch.index.shard.StoreRecovery.restore(StoreRecovery.java:260)
	... 10 more
Caused by: [test-idx][[test-idx][2]] IndexShardRestoreFailedException[Failed to recover index]; nested: IOException[Random IOException];
	at org.elasticsearch.index.snapshots.blobstore.BlobStoreIndexShardRepository$RestoreContext.restore(BlobStoreIndexShardRepository.java:867)
	at org.elasticsearch.index.snapshots.blobstore.BlobStoreIndexShardRepository.restore(BlobStoreIndexShardRepository.java:206)
	... 11 more
Caused by: java.io.IOException: Random IOException
	at org.elasticsearch.snapshots.mockstore.MockRepository$MockBlobStore$MockBlobContainer.maybeIOExceptionOrBlock(MockRepository.java:277)
	at org.elasticsearch.snapshots.mockstore.MockRepository$MockBlobStore$MockBlobContainer.readBlob(MockRepository.java:321)
	at org.elasticsearch.index.snapshots.blobstore.BlobStoreIndexShardRepository$PartSliceStream.openSlice(BlobStoreIndexShardRepository.java:769)
	at org.elasticsearch.index.snapshots.blobstore.SlicedInputStream.nextStream(SlicedInputStream.java:53)
	at org.elasticsearch.index.snapshots.blobstore.SlicedInputStream.currentStream(SlicedInputStream.java:67)
	at org.elasticsearch.index.snapshots.blobstore.SlicedInputStream.read(SlicedInputStream.java:88)
	at java.io.FilterInputStream.read(FilterInputStream.java:133)
	at org.elasticsearch.index.snapshots.blobstore.RateLimitingInputStream.read(RateLimitingInputStream.java:69)
	at java.io.FilterInputStream.read(FilterInputStream.java:107)
	at org.elasticsearch.index.snapshots.blobstore.BlobStoreIndexShardRepository$RestoreContext.restoreFile(BlobStoreIndexShardRepository.java:924)
	at org.elasticsearch.index.snapshots.blobstore.BlobStoreIndexShardRepository$RestoreContext.restore(BlobStoreIndexShardRepository.java:864)
	... 12 more
[2016-03-30 23:02:06,188][WARN ][org.elasticsearch.indices.cluster] [node_s1] [[test-idx][8]] marking and sending shard failed due to [failed recovery]
[test-idx][[test-idx][8]] IndexShardRecoveryException[failed recovery]; nested: IndexShardRestoreFailedException[restore failed]; nested: IndexShardRestoreFailedException[failed to restore snapshot [test-snap]]; nested: IndexShardRestoreFailedException[Failed to recover index]; nested: IOException[Random IOException];
	at org.elasticsearch.index.shard.StoreRecovery.executeRecovery(StoreRecovery.java:165)
	at org.elasticsearch.index.shard.StoreRecovery.recoverFromRepository(StoreRecovery.java:97)
	at org.elasticsearch.index.shard.IndexShard.restoreFromRepository(IndexShard.java:1110)
	at org.elasticsearch.indices.cluster.IndicesClusterStateService.lambda$applyInitializingShard$128(IndicesClusterStateService.java:654)
	at org.elasticsearch.indices.cluster.IndicesClusterStateService$$Lambda$561/1683367258.run(Unknown Source)
	at java.util.concurrent.ThreadPoolExecutor.runWorker(ThreadPoolExecutor.java:1142)
	at java.util.concurrent.ThreadPoolExecutor$Worker.run(ThreadPoolExecutor.java:617)
	at java.lang.Thread.run(Thread.java:745)
Caused by: [test-idx][[test-idx][8]] IndexShardRestoreFailedException[restore failed]; nested: IndexShardRestoreFailedException[failed to restore snapshot [test-snap]]; nested: IndexShardRestoreFailedException[Failed to recover index]; nested: IOException[Random IOException];
	at org.elasticsearch.index.shard.StoreRecovery.restore(StoreRecovery.java:265)
	at org.elasticsearch.index.shard.StoreRecovery.lambda$recoverFromRepository$123(StoreRecovery.java:99)
	at org.elasticsearch.index.shard.StoreRecovery$$Lambda$562/1148766141.run(Unknown Source)
	at org.elasticsearch.index.shard.StoreRecovery.executeRecovery(StoreRecovery.java:122)
	... 7 more
Caused by: [test-idx][[test-idx][8]] IndexShardRestoreFailedException[failed to restore snapshot [test-snap]]; nested: IndexShardRestoreFailedException[Failed to recover index]; nested: IOException[Random IOException];
	at org.elasticsearch.index.snapshots.blobstore.BlobStoreIndexShardRepository.restore(BlobStoreIndexShardRepository.java:208)
	at org.elasticsearch.index.shard.StoreRecovery.restore(StoreRecovery.java:260)
	... 10 more
Caused by: [test-idx][[test-idx][8]] IndexShardRestoreFailedException[Failed to recover index]; nested: IOException[Random IOException];
	at org.elasticsearch.index.snapshots.blobstore.BlobStoreIndexShardRepository$RestoreContext.restore(BlobStoreIndexShardRepository.java:867)
	at org.elasticsearch.index.snapshots.blobstore.BlobStoreIndexShardRepository.restore(BlobStoreIndexShardRepository.java:206)
	... 11 more
Caused by: java.io.IOException: Random IOException
	at org.elasticsearch.snapshots.mockstore.MockRepository$MockBlobStore$MockBlobContainer.maybeIOExceptionOrBlock(MockRepository.java:277)
	at org.elasticsearch.snapshots.mockstore.MockRepository$MockBlobStore$MockBlobContainer.readBlob(MockRepository.java:321)
	at org.elasticsearch.index.snapshots.blobstore.BlobStoreIndexShardRepository$PartSliceStream.openSlice(BlobStoreIndexShardRepository.java:769)
	at org.elasticsearch.index.snapshots.blobstore.SlicedInputStream.nextStream(SlicedInputStream.java:53)
	at org.elasticsearch.index.snapshots.blobstore.SlicedInputStream.currentStream(SlicedInputStream.java:67)
	at org.elasticsearch.index.snapshots.blobstore.SlicedInputStream.read(SlicedInputStream.java:88)
	at java.io.FilterInputStream.read(FilterInputStream.java:133)
	at org.elasticsearch.index.snapshots.blobstore.RateLimitingInputStream.read(RateLimitingInputStream.java:69)
	at java.io.FilterInputStream.read(FilterInputStream.java:107)
	at org.elasticsearch.index.snapshots.blobstore.BlobStoreIndexShardRepository$RestoreContext.restoreFile(BlobStoreIndexShardRepository.java:924)
	at org.elasticsearch.index.snapshots.blobstore.BlobStoreIndexShardRepository$RestoreContext.restore(BlobStoreIndexShardRepository.java:864)
	... 12 more
[2016-03-30 23:02:06,188][WARN ][org.elasticsearch.cluster.action.shard] [node_s0] [test-idx][2] received shard failed for [test-idx][2], node[BGl_MLcDTse8q5N9C0jt5A], [P], v[15], restoring[test-repo:test-snap], s[INITIALIZING], a[id=1kqYGCfnQfalIqN6xGgUbw], unassigned_info[[reason=ALLOCATION_FAILED], at[2016-03-31T06:02:06.155Z], details[failed recovery, failure IndexShardRecoveryException[failed recovery]; nested: IndexShardRestoreFailedException[restore failed]; nested: IndexShardRestoreFailedException[failed to restore snapshot [test-snap]]; nested: IndexShardRestoreFailedException[Failed to recover index]; nested: NotSerializableExceptionWrapper[Random IOException]; ]], expected_shard_size[0], indexUUID [4jpdB_g0RdurmlwQgV2n7w], message [failed recovery], failure [IndexShardRecoveryException[failed recovery]; nested: IndexShardRestoreFailedException[restore failed]; nested: IndexShardRestoreFailedException[failed to restore snapshot [test-snap]]; nested: IndexShardRestoreFailedException[Failed to recover index]; nested: NotSerializableExceptionWrapper[Random IOException]; ]
[test-idx][[test-idx][2]] IndexShardRecoveryException[failed recovery]; nested: IndexShardRestoreFailedException[restore failed]; nested: IndexShardRestoreFailedException[failed to restore snapshot [test-snap]]; nested: IndexShardRestoreFailedException[Failed to recover index]; nested: NotSerializableExceptionWrapper[Random IOException];
	at org.elasticsearch.index.shard.StoreRecovery.executeRecovery(StoreRecovery.java:165)
	at org.elasticsearch.index.shard.StoreRecovery.recoverFromRepository(StoreRecovery.java:97)
	at org.elasticsearch.index.shard.IndexShard.restoreFromRepository(IndexShard.java:1110)
	at org.elasticsearch.indices.cluster.IndicesClusterStateService.lambda$applyInitializingShard$128(IndicesClusterStateService.java:654)
	at org.elasticsearch.indices.cluster.IndicesClusterStateService$$Lambda$561/1683367258.run(Unknown Source)
	at java.util.concurrent.ThreadPoolExecutor.runWorker(ThreadPoolExecutor.java:1142)
	at java.util.concurrent.ThreadPoolExecutor$Worker.run(ThreadPoolExecutor.java:617)
	at java.lang.Thread.run(Thread.java:745)
Caused by: [test-idx][[test-idx][2]] IndexShardRestoreFailedException[restore failed]; nested: IndexShardRestoreFailedException[failed to restore snapshot [test-snap]]; nested: IndexShardRestoreFailedException[Failed to recover index]; nested: NotSerializableExceptionWrapper[Random IOException];
	at org.elasticsearch.index.shard.StoreRecovery.restore(StoreRecovery.java:265)
	at org.elasticsearch.index.shard.StoreRecovery.lambda$recoverFromRepository$123(StoreRecovery.java:99)
	at org.elasticsearch.index.shard.StoreRecovery$$Lambda$562/1148766141.run(Unknown Source)
	at org.elasticsearch.index.shard.StoreRecovery.executeRecovery(StoreRecovery.java:122)
	... 7 more
Caused by: [test-idx][[test-idx][2]] IndexShardRestoreFailedException[failed to restore snapshot [test-snap]]; nested: IndexShardRestoreFailedException[Failed to recover index]; nested: NotSerializableExceptionWrapper[Random IOException];
	at org.elasticsearch.index.snapshots.blobstore.BlobStoreIndexShardRepository.restore(BlobStoreIndexShardRepository.java:208)
	at org.elasticsearch.index.shard.StoreRecovery.restore(StoreRecovery.java:260)
	... 10 more
Caused by: [test-idx][[test-idx][2]] IndexShardRestoreFailedException[Failed to recover index]; nested: NotSerializableExceptionWrapper[Random IOException];
	at org.elasticsearch.index.snapshots.blobstore.BlobStoreIndexShardRepository$RestoreContext.restore(BlobStoreIndexShardRepository.java:867)
	at org.elasticsearch.index.snapshots.blobstore.BlobStoreIndexShardRepository.restore(BlobStoreIndexShardRepository.java:206)
	... 11 more
Caused by: NotSerializableExceptionWrapper[Random IOException]
	at org.elasticsearch.snapshots.mockstore.MockRepository$MockBlobStore$MockBlobContainer.maybeIOExceptionOrBlock(MockRepository.java:277)
	at org.elasticsearch.snapshots.mockstore.MockRepository$MockBlobStore$MockBlobContainer.readBlob(MockRepository.java:321)
	at org.elasticsearch.index.snapshots.blobstore.BlobStoreIndexShardRepository$PartSliceStream.openSlice(BlobStoreIndexShardRepository.java:769)
	at org.elasticsearch.index.snapshots.blobstore.SlicedInputStream.nextStream(SlicedInputStream.java:53)
	at org.elasticsearch.index.snapshots.blobstore.SlicedInputStream.currentStream(SlicedInputStream.java:67)
	at org.elasticsearch.index.snapshots.blobstore.SlicedInputStream.read(SlicedInputStream.java:88)
	at java.io.FilterInputStream.read(FilterInputStream.java:133)
	at org.elasticsearch.index.snapshots.blobstore.RateLimitingInputStream.read(RateLimitingInputStream.java:69)
	at java.io.FilterInputStream.read(FilterInputStream.java:107)
	at org.elasticsearch.index.snapshots.blobstore.BlobStoreIndexShardRepository$RestoreContext.restoreFile(BlobStoreIndexShardRepository.java:924)
	at org.elasticsearch.index.snapshots.blobstore.BlobStoreIndexShardRepository$RestoreContext.restore(BlobStoreIndexShardRepository.java:864)
	... 12 more
[2016-03-30 23:02:06,192][WARN ][org.elasticsearch.cluster.action.shard] [node_s0] [test-idx][8] received shard failed for [test-idx][8], node[BGl_MLcDTse8q5N9C0jt5A], [P], v[17], restoring[test-repo:test-snap], s[INITIALIZING], a[id=MiXNRgX-Sny1mWZMnOTSoQ], unassigned_info[[reason=ALLOCATION_FAILED], at[2016-03-31T06:02:06.154Z], details[failed recovery, failure IndexShardRecoveryException[failed recovery]; nested: IndexShardRestoreFailedException[restore failed]; nested: IndexShardRestoreFailedException[failed to restore snapshot [test-snap]]; nested: IndexShardRestoreFailedException[Failed to recover index]; nested: NotSerializableExceptionWrapper[Random IOException]; ]], expected_shard_size[130], indexUUID [4jpdB_g0RdurmlwQgV2n7w], message [failed recovery], failure [IndexShardRecoveryException[failed recovery]; nested: IndexShardRestoreFailedException[restore failed]; nested: IndexShardRestoreFailedException[failed to restore snapshot [test-snap]]; nested: IndexShardRestoreFailedException[Failed to recover index]; nested: NotSerializableExceptionWrapper[Random IOException]; ]
[test-idx][[test-idx][8]] IndexShardRecoveryException[failed recovery]; nested: IndexShardRestoreFailedException[restore failed]; nested: IndexShardRestoreFailedException[failed to restore snapshot [test-snap]]; nested: IndexShardRestoreFailedException[Failed to recover index]; nested: NotSerializableExceptionWrapper[Random IOException];
	at org.elasticsearch.index.shard.StoreRecovery.executeRecovery(StoreRecovery.java:165)
	at org.elasticsearch.index.shard.StoreRecovery.recoverFromRepository(StoreRecovery.java:97)
	at org.elasticsearch.index.shard.IndexShard.restoreFromRepository(IndexShard.java:1110)
	at org.elasticsearch.indices.cluster.IndicesClusterStateService.lambda$applyInitializingShard$128(IndicesClusterStateService.java:654)
	at org.elasticsearch.indices.cluster.IndicesClusterStateService$$Lambda$561/1683367258.run(Unknown Source)
	at java.util.concurrent.ThreadPoolExecutor.runWorker(ThreadPoolExecutor.java:1142)
	at java.util.concurrent.ThreadPoolExecutor$Worker.run(ThreadPoolExecutor.java:617)
	at java.lang.Thread.run(Thread.java:745)
Caused by: [test-idx][[test-idx][8]] IndexShardRestoreFailedException[restore failed]; nested: IndexShardRestoreFailedException[failed to restore snapshot [test-snap]]; nested: IndexShardRestoreFailedException[Failed to recover index]; nested: NotSerializableExceptionWrapper[Random IOException];
	at org.elasticsearch.index.shard.StoreRecovery.restore(StoreRecovery.java:265)
	at org.elasticsearch.index.shard.StoreRecovery.lambda$recoverFromRepository$123(StoreRecovery.java:99)
	at org.elasticsearch.index.shard.StoreRecovery$$Lambda$562/1148766141.run(Unknown Source)
	at org.elasticsearch.index.shard.StoreRecovery.executeRecovery(StoreRecovery.java:122)
	... 7 more
Caused by: [test-idx][[test-idx][8]] IndexShardRestoreFailedException[failed to restore snapshot [test-snap]]; nested: IndexShardRestoreFailedException[Failed to recover index]; nested: NotSerializableExceptionWrapper[Random IOException];
	at org.elasticsearch.index.snapshots.blobstore.BlobStoreIndexShardRepository.restore(BlobStoreIndexShardRepository.java:208)
	at org.elasticsearch.index.shard.StoreRecovery.restore(StoreRecovery.java:260)
	... 10 more
Caused by: [test-idx][[test-idx][8]] IndexShardRestoreFailedException[Failed to recover index]; nested: NotSerializableExceptionWrapper[Random IOException];
	at org.elasticsearch.index.snapshots.blobstore.BlobStoreIndexShardRepository$RestoreContext.restore(BlobStoreIndexShardRepository.java:867)
	at org.elasticsearch.index.snapshots.blobstore.BlobStoreIndexShardRepository.restore(BlobStoreIndexShardRepository.java:206)
	... 11 more
Caused by: NotSerializableExceptionWrapper[Random IOException]
	at org.elasticsearch.snapshots.mockstore.MockRepository$MockBlobStore$MockBlobContainer.maybeIOExceptionOrBlock(MockRepository.java:277)
	at org.elasticsearch.snapshots.mockstore.MockRepository$MockBlobStore$MockBlobContainer.readBlob(MockRepository.java:321)
	at org.elasticsearch.index.snapshots.blobstore.BlobStoreIndexShardRepository$PartSliceStream.openSlice(BlobStoreIndexShardRepository.java:769)
	at org.elasticsearch.index.snapshots.blobstore.SlicedInputStream.nextStream(SlicedInputStream.java:53)
	at org.elasticsearch.index.snapshots.blobstore.SlicedInputStream.currentStream(SlicedInputStream.java:67)
	at org.elasticsearch.index.snapshots.blobstore.SlicedInputStream.read(SlicedInputStream.java:88)
	at java.io.FilterInputStream.read(FilterInputStream.java:133)
	at org.elasticsearch.index.snapshots.blobstore.RateLimitingInputStream.read(RateLimitingInputStream.java:69)
	at java.io.FilterInputStream.read(FilterInputStream.java:107)
	at org.elasticsearch.index.snapshots.blobstore.BlobStoreIndexShardRepository$RestoreContext.restoreFile(BlobStoreIndexShardRepository.java:924)
	at org.elasticsearch.index.snapshots.blobstore.BlobStoreIndexShardRepository$RestoreContext.restore(BlobStoreIndexShardRepository.java:864)
	... 12 more
[2016-03-30 23:02:06,193][WARN ][org.elasticsearch.cluster.action.shard] [node_s0] [test-idx][2] received shard failed for [test-idx][2], node[BGl_MLcDTse8q5N9C0jt5A], [P], v[15], restoring[test-repo:test-snap], s[INITIALIZING], a[id=1kqYGCfnQfalIqN6xGgUbw], unassigned_info[[reason=ALLOCATION_FAILED], at[2016-03-31T06:02:06.155Z], details[failed recovery, failure IndexShardRecoveryException[failed recovery]; nested: IndexShardRestoreFailedException[restore failed]; nested: IndexShardRestoreFailedException[failed to restore snapshot [test-snap]]; nested: IndexShardRestoreFailedException[Failed to recover index]; nested: NotSerializableExceptionWrapper[Random IOException]; ]], expected_shard_size[0], indexUUID [4jpdB_g0RdurmlwQgV2n7w], message [master {node_s0}{YU4rw4SiR5aBA7JFJFd8EQ}{local}{local[78]}[mode=>local] marked shard as initializing, but shard is marked as failed, resend shard failure], failure [Unknown]
[2016-03-30 23:02:06,195][WARN ][org.elasticsearch.cluster.action.shard] [node_s0] [test-idx][8] received shard failed for [test-idx][8], node[BGl_MLcDTse8q5N9C0jt5A], [P], v[17], restoring[test-repo:test-snap], s[INITIALIZING], a[id=MiXNRgX-Sny1mWZMnOTSoQ], unassigned_info[[reason=ALLOCATION_FAILED], at[2016-03-31T06:02:06.154Z], details[failed recovery, failure IndexShardRecoveryException[failed recovery]; nested: IndexShardRestoreFailedException[restore failed]; nested: IndexShardRestoreFailedException[failed to restore snapshot [test-snap]]; nested: IndexShardRestoreFailedException[Failed to recover index]; nested: NotSerializableExceptionWrapper[Random IOException]; ]], expected_shard_size[130], indexUUID [4jpdB_g0RdurmlwQgV2n7w], message [master {node_s0}{YU4rw4SiR5aBA7JFJFd8EQ}{local}{local[78]}[mode=>local] marked shard as initializing, but shard is marked as failed, resend shard failure], failure [Unknown]
[2016-03-30 23:02:06,209][WARN ][org.elasticsearch.indices.cluster] [node_s0] [[test-idx][4]] marking and sending shard failed due to [failed recovery]
[test-idx][[test-idx][4]] IndexShardRecoveryException[failed recovery]; nested: IndexShardRestoreFailedException[restore failed]; nested: IndexShardRestoreFailedException[failed to restore snapshot [test-snap]]; nested: IndexShardRestoreFailedException[Failed to recover index]; nested: IOException[Random IOException];
	at org.elasticsearch.index.shard.StoreRecovery.executeRecovery(StoreRecovery.java:165)
	at org.elasticsearch.index.shard.StoreRecovery.recoverFromRepository(StoreRecovery.java:97)
	at org.elasticsearch.index.shard.IndexShard.restoreFromRepository(IndexShard.java:1110)
	at org.elasticsearch.indices.cluster.IndicesClusterStateService.lambda$applyInitializingShard$128(IndicesClusterStateService.java:654)
	at org.elasticsearch.indices.cluster.IndicesClusterStateService$$Lambda$561/1683367258.run(Unknown Source)
	at java.util.concurrent.ThreadPoolExecutor.runWorker(ThreadPoolExecutor.java:1142)
	at java.util.concurrent.ThreadPoolExecutor$Worker.run(ThreadPoolExecutor.java:617)
	at java.lang.Thread.run(Thread.java:745)
Caused by: [test-idx][[test-idx][4]] IndexShardRestoreFailedException[restore failed]; nested: IndexShardRestoreFailedException[failed to restore snapshot [test-snap]]; nested: IndexShardRestoreFailedException[Failed to recover index]; nested: IOException[Random IOException];
	at org.elasticsearch.index.shard.StoreRecovery.restore(StoreRecovery.java:265)
	at org.elasticsearch.index.shard.StoreRecovery.lambda$recoverFromRepository$123(StoreRecovery.java:99)
	at org.elasticsearch.index.shard.StoreRecovery$$Lambda$562/1148766141.run(Unknown Source)
	at org.elasticsearch.index.shard.StoreRecovery.executeRecovery(StoreRecovery.java:122)
	... 7 more
Caused by: [test-idx][[test-idx][4]] IndexShardRestoreFailedException[failed to restore snapshot [test-snap]]; nested: IndexShardRestoreFailedException[Failed to recover index]; nested: IOException[Random IOException];
	at org.elasticsearch.index.snapshots.blobstore.BlobStoreIndexShardRepository.restore(BlobStoreIndexShardRepository.java:208)
	at org.elasticsearch.index.shard.StoreRecovery.restore(StoreRecovery.java:260)
	... 10 more
Caused by: [test-idx][[test-idx][4]] IndexShardRestoreFailedException[Failed to recover index]; nested: IOException[Random IOException];
	at org.elasticsearch.index.snapshots.blobstore.BlobStoreIndexShardRepository$RestoreContext.restore(BlobStoreIndexShardRepository.java:867)
	at org.elasticsearch.index.snapshots.blobstore.BlobStoreIndexShardRepository.restore(BlobStoreIndexShardRepository.java:206)
	... 11 more
Caused by: java.io.IOException: Random IOException
	at org.elasticsearch.snapshots.mockstore.MockRepository$MockBlobStore$MockBlobContainer.maybeIOExceptionOrBlock(MockRepository.java:277)
	at org.elasticsearch.snapshots.mockstore.MockRepository$MockBlobStore$MockBlobContainer.readBlob(MockRepository.java:321)
	at org.elasticsearch.index.snapshots.blobstore.BlobStoreIndexShardRepository$PartSliceStream.openSlice(BlobStoreIndexShardRepository.java:769)
	at org.elasticsearch.index.snapshots.blobstore.SlicedInputStream.nextStream(SlicedInputStream.java:53)
	at org.elasticsearch.index.snapshots.blobstore.SlicedInputStream.currentStream(SlicedInputStream.java:67)
	at org.elasticsearch.index.snapshots.blobstore.SlicedInputStream.read(SlicedInputStream.java:88)
	at java.io.FilterInputStream.read(FilterInputStream.java:133)
	at org.elasticsearch.index.snapshots.blobstore.RateLimitingInputStream.read(RateLimitingInputStream.java:69)
	at java.io.FilterInputStream.read(FilterInputStream.java:107)
	at org.elasticsearch.index.snapshots.blobstore.BlobStoreIndexShardRepository$RestoreContext.restoreFile(BlobStoreIndexShardRepository.java:924)
	at org.elasticsearch.index.snapshots.blobstore.BlobStoreIndexShardRepository$RestoreContext.restore(BlobStoreIndexShardRepository.java:864)
	... 12 more
[2016-03-30 23:02:06,210][WARN ][org.elasticsearch.cluster.action.shard] [node_s0] [test-idx][4] received shard failed for [test-idx][4], node[YU4rw4SiR5aBA7JFJFd8EQ], [P], v[21], restoring[test-repo:test-snap], s[INITIALIZING], a[id=FWCNJa66Tu6WivlsTEaHmA], unassigned_info[[reason=ALLOCATION_FAILED], at[2016-03-31T06:02:06.155Z], details[failed recovery, failure IndexShardRecoveryException[failed recovery]; nested: IndexShardRestoreFailedException[restore failed]; nested: IndexShardRestoreFailedException[failed to restore snapshot [test-snap]]; nested: IndexShardRestoreFailedException[Failed to recover index]; nested: NotSerializableExceptionWrapper[Random IOException]; ]], expected_shard_size[0], indexUUID [4jpdB_g0RdurmlwQgV2n7w], message [failed recovery], failure [IndexShardRecoveryException[failed recovery]; nested: IndexShardRestoreFailedException[restore failed]; nested: IndexShardRestoreFailedException[failed to restore snapshot [test-snap]]; nested: IndexShardRestoreFailedException[Failed to recover index]; nested: IOException[Random IOException]; ]
[test-idx][[test-idx][4]] IndexShardRecoveryException[failed recovery]; nested: IndexShardRestoreFailedException[restore failed]; nested: IndexShardRestoreFailedException[failed to restore snapshot [test-snap]]; nested: IndexShardRestoreFailedException[Failed to recover index]; nested: IOException[Random IOException];
	at org.elasticsearch.index.shard.StoreRecovery.executeRecovery(StoreRecovery.java:165)
	at org.elasticsearch.index.shard.StoreRecovery.recoverFromRepository(StoreRecovery.java:97)
	at org.elasticsearch.index.shard.IndexShard.restoreFromRepository(IndexShard.java:1110)
	at org.elasticsearch.indices.cluster.IndicesClusterStateService.lambda$applyInitializingShard$128(IndicesClusterStateService.java:654)
	at org.elasticsearch.indices.cluster.IndicesClusterStateService$$Lambda$561/1683367258.run(Unknown Source)
	at java.util.concurrent.ThreadPoolExecutor.runWorker(ThreadPoolExecutor.java:1142)
	at java.util.concurrent.ThreadPoolExecutor$Worker.run(ThreadPoolExecutor.java:617)
	at java.lang.Thread.run(Thread.java:745)
Caused by: [test-idx][[test-idx][4]] IndexShardRestoreFailedException[restore failed]; nested: IndexShardRestoreFailedException[failed to restore snapshot [test-snap]]; nested: IndexShardRestoreFailedException[Failed to recover index]; nested: IOException[Random IOException];
	at org.elasticsearch.index.shard.StoreRecovery.restore(StoreRecovery.java:265)
	at org.elasticsearch.index.shard.StoreRecovery.lambda$recoverFromRepository$123(StoreRecovery.java:99)
	at org.elasticsearch.index.shard.StoreRecovery$$Lambda$562/1148766141.run(Unknown Source)
	at org.elasticsearch.index.shard.StoreRecovery.executeRecovery(StoreRecovery.java:122)
	... 7 more
Caused by: [test-idx][[test-idx][4]] IndexShardRestoreFailedException[failed to restore snapshot [test-snap]]; nested: IndexShardRestoreFailedException[Failed to recover index]; nested: IOException[Random IOException];
	at org.elasticsearch.index.snapshots.blobstore.BlobStoreIndexShardRepository.restore(BlobStoreIndexShardRepository.java:208)
	at org.elasticsearch.index.shard.StoreRecovery.restore(StoreRecovery.java:260)
	... 10 more
Caused by: [test-idx][[test-idx][4]] IndexShardRestoreFailedException[Failed to recover index]; nested: IOException[Random IOException];
	at org.elasticsearch.index.snapshots.blobstore.BlobStoreIndexShardRepository$RestoreContext.restore(BlobStoreIndexShardRepository.java:867)
	at org.elasticsearch.index.snapshots.blobstore.BlobStoreIndexShardRepository.restore(BlobStoreIndexShardRepository.java:206)
	... 11 more
Caused by: java.io.IOException: Random IOException
	at org.elasticsearch.snapshots.mockstore.MockRepository$MockBlobStore$MockBlobContainer.maybeIOExceptionOrBlock(MockRepository.java:277)
	at org.elasticsearch.snapshots.mockstore.MockRepository$MockBlobStore$MockBlobContainer.readBlob(MockRepository.java:321)
	at org.elasticsearch.index.snapshots.blobstore.BlobStoreIndexShardRepository$PartSliceStream.openSlice(BlobStoreIndexShardRepository.java:769)
	at org.elasticsearch.index.snapshots.blobstore.SlicedInputStream.nextStream(SlicedInputStream.java:53)
	at org.elasticsearch.index.snapshots.blobstore.SlicedInputStream.currentStream(SlicedInputStream.java:67)
	at org.elasticsearch.index.snapshots.blobstore.SlicedInputStream.read(SlicedInputStream.java:88)
	at java.io.FilterInputStream.read(FilterInputStream.java:133)
	at org.elasticsearch.index.snapshots.blobstore.RateLimitingInputStream.read(RateLimitingInputStream.java:69)
	at java.io.FilterInputStream.read(FilterInputStream.java:107)
	at org.elasticsearch.index.snapshots.blobstore.BlobStoreIndexShardRepository$RestoreContext.restoreFile(BlobStoreIndexShardRepository.java:924)
	at org.elasticsearch.index.snapshots.blobstore.BlobStoreIndexShardRepository$RestoreContext.restore(BlobStoreIndexShardRepository.java:864)
	... 12 more
[2016-03-30 23:02:06,216][WARN ][org.elasticsearch.cluster.action.shard] [node_s0] [test-idx][4] received shard failed for [test-idx][4], node[YU4rw4SiR5aBA7JFJFd8EQ], [P], v[21], restoring[test-repo:test-snap], s[INITIALIZING], a[id=FWCNJa66Tu6WivlsTEaHmA], unassigned_info[[reason=ALLOCATION_FAILED], at[2016-03-31T06:02:06.155Z], details[failed recovery, failure IndexShardRecoveryException[failed recovery]; nested: IndexShardRestoreFailedException[restore failed]; nested: IndexShardRestoreFailedException[failed to restore snapshot [test-snap]]; nested: IndexShardRestoreFailedException[Failed to recover index]; nested: NotSerializableExceptionWrapper[Random IOException]; ]], expected_shard_size[0], indexUUID [4jpdB_g0RdurmlwQgV2n7w], message [master {node_s0}{YU4rw4SiR5aBA7JFJFd8EQ}{local}{local[78]}[mode=>local] marked shard as initializing, but shard is marked as failed, resend shard failure], failure [Unknown]
[2016-03-30 23:02:06,238][WARN ][org.elasticsearch.indices.cluster] [node_s0] [[test-idx][0]] marking and sending shard failed due to [failed recovery]
[test-idx][[test-idx][0]] IndexShardRecoveryException[failed recovery]; nested: IndexShardRestoreFailedException[restore failed]; nested: IndexShardRestoreFailedException[failed to restore snapshot [test-snap]]; nested: IndexShardRestoreFailedException[Failed to recover index]; nested: IOException[Random IOException];
	at org.elasticsearch.index.shard.StoreRecovery.executeRecovery(StoreRecovery.java:165)
	at org.elasticsearch.index.shard.StoreRecovery.recoverFromRepository(StoreRecovery.java:97)
	at org.elasticsearch.index.shard.IndexShard.restoreFromRepository(IndexShard.java:1110)
	at org.elasticsearch.indices.cluster.IndicesClusterStateService.lambda$applyInitializingShard$128(IndicesClusterStateService.java:654)
	at org.elasticsearch.indices.cluster.IndicesClusterStateService$$Lambda$561/1683367258.run(Unknown Source)
	at java.util.concurrent.ThreadPoolExecutor.runWorker(ThreadPoolExecutor.java:1142)
	at java.util.concurrent.ThreadPoolExecutor$Worker.run(ThreadPoolExecutor.java:617)
	at java.lang.Thread.run(Thread.java:745)
Caused by: [test-idx][[test-idx][0]] IndexShardRestoreFailedException[restore failed]; nested: IndexShardRestoreFailedException[failed to restore snapshot [test-snap]]; nested: IndexShardRestoreFailedException[Failed to recover index]; nested: IOException[Random IOException];
	at org.elasticsearch.index.shard.StoreRecovery.restore(StoreRecovery.java:265)
	at org.elasticsearch.index.shard.StoreRecovery.lambda$recoverFromRepository$123(StoreRecovery.java:99)
	at org.elasticsearch.index.shard.StoreRecovery$$Lambda$562/1148766141.run(Unknown Source)
	at org.elasticsearch.index.shard.StoreRecovery.executeRecovery(StoreRecovery.java:122)
	... 7 more
Caused by: [test-idx][[test-idx][0]] IndexShardRestoreFailedException[failed to restore snapshot [test-snap]]; nested: IndexShardRestoreFailedException[Failed to recover index]; nested: IOException[Random IOException];
	at org.elasticsearch.index.snapshots.blobstore.BlobStoreIndexShardRepository.restore(BlobStoreIndexShardRepository.java:208)
	at org.elasticsearch.index.shard.StoreRecovery.restore(StoreRecovery.java:260)
	... 10 more
Caused by: [test-idx][[test-idx][0]] IndexShardRestoreFailedException[Failed to recover index]; nested: IOException[Random IOException];
	at org.elasticsearch.index.snapshots.blobstore.BlobStoreIndexShardRepository$RestoreContext.restore(BlobStoreIndexShardRepository.java:867)
	at org.elasticsearch.index.snapshots.blobstore.BlobStoreIndexShardRepository.restore(BlobStoreIndexShardRepository.java:206)
	... 11 more
Caused by: java.io.IOException: Random IOException
	at org.elasticsearch.snapshots.mockstore.MockRepository$MockBlobStore$MockBlobContainer.maybeIOExceptionOrBlock(MockRepository.java:277)
	at org.elasticsearch.snapshots.mockstore.MockRepository$MockBlobStore$MockBlobContainer.readBlob(MockRepository.java:321)
	at org.elasticsearch.index.snapshots.blobstore.BlobStoreIndexShardRepository$PartSliceStream.openSlice(BlobStoreIndexShardRepository.java:769)
	at org.elasticsearch.index.snapshots.blobstore.SlicedInputStream.nextStream(SlicedInputStream.java:53)
	at org.elasticsearch.index.snapshots.blobstore.SlicedInputStream.currentStream(SlicedInputStream.java:67)
	at org.elasticsearch.index.snapshots.blobstore.SlicedInputStream.read(SlicedInputStream.java:88)
	at java.io.FilterInputStream.read(FilterInputStream.java:133)
	at org.elasticsearch.index.snapshots.blobstore.RateLimitingInputStream.read(RateLimitingInputStream.java:69)
	at java.io.FilterInputStream.read(FilterInputStream.java:107)
	at org.elasticsearch.index.snapshots.blobstore.BlobStoreIndexShardRepository$RestoreContext.restoreFile(BlobStoreIndexShardRepository.java:924)
	at org.elasticsearch.index.snapshots.blobstore.BlobStoreIndexShardRepository$RestoreContext.restore(BlobStoreIndexShardRepository.java:864)
	... 12 more
[2016-03-30 23:02:06,239][WARN ][org.elasticsearch.cluster.action.shard] [node_s0] [test-idx][0] received shard failed for [test-idx][0], node[YU4rw4SiR5aBA7JFJFd8EQ], [P], v[21], restoring[test-repo:test-snap], s[INITIALIZING], a[id=PTSpAKEvS167xaeRGFA7VQ], unassigned_info[[reason=ALLOCATION_FAILED], at[2016-03-31T06:02:06.164Z], details[failed recovery, failure IndexShardRecoveryException[failed recovery]; nested: IndexShardRestoreFailedException[restore failed]; nested: IndexShardRestoreFailedException[failed to restore snapshot [test-snap]]; nested: IndexShardRestoreFailedException[Failed to recover index]; nested: NotSerializableExceptionWrapper[Random IOException]; ]], expected_shard_size[130], indexUUID [4jpdB_g0RdurmlwQgV2n7w], message [failed recovery], failure [IndexShardRecoveryException[failed recovery]; nested: IndexShardRestoreFailedException[restore failed]; nested: IndexShardRestoreFailedException[failed to restore snapshot [test-snap]]; nested: IndexShardRestoreFailedException[Failed to recover index]; nested: IOException[Random IOException]; ]
[test-idx][[test-idx][0]] IndexShardRecoveryException[failed recovery]; nested: IndexShardRestoreFailedException[restore failed]; nested: IndexShardRestoreFailedException[failed to restore snapshot [test-snap]]; nested: IndexShardRestoreFailedException[Failed to recover index]; nested: IOException[Random IOException];
	at org.elasticsearch.index.shard.StoreRecovery.executeRecovery(StoreRecovery.java:165)
	at org.elasticsearch.index.shard.StoreRecovery.recoverFromRepository(StoreRecovery.java:97)
	at org.elasticsearch.index.shard.IndexShard.restoreFromRepository(IndexShard.java:1110)
	at org.elasticsearch.indices.cluster.IndicesClusterStateService.lambda$applyInitializingShard$128(IndicesClusterStateService.java:654)
	at org.elasticsearch.indices.cluster.IndicesClusterStateService$$Lambda$561/1683367258.run(Unknown Source)
	at java.util.concurrent.ThreadPoolExecutor.runWorker(ThreadPoolExecutor.java:1142)
	at java.util.concurrent.ThreadPoolExecutor$Worker.run(ThreadPoolExecutor.java:617)
	at java.lang.Thread.run(Thread.java:745)
Caused by: [test-idx][[test-idx][0]] IndexShardRestoreFailedException[restore failed]; nested: IndexShardRestoreFailedException[failed to restore snapshot [test-snap]]; nested: IndexShardRestoreFailedException[Failed to recover index]; nested: IOException[Random IOException];
	at org.elasticsearch.index.shard.StoreRecovery.restore(StoreRecovery.java:265)
	at org.elasticsearch.index.shard.StoreRecovery.lambda$recoverFromRepository$123(StoreRecovery.java:99)
	at org.elasticsearch.index.shard.StoreRecovery$$Lambda$562/1148766141.run(Unknown Source)
	at org.elasticsearch.index.shard.StoreRecovery.executeRecovery(StoreRecovery.java:122)
	... 7 more
Caused by: [test-idx][[test-idx][0]] IndexShardRestoreFailedException[failed to restore snapshot [test-snap]]; nested: IndexShardRestoreFailedException[Failed to recover index]; nested: IOException[Random IOException];
	at org.elasticsearch.index.snapshots.blobstore.BlobStoreIndexShardRepository.restore(BlobStoreIndexShardRepository.java:208)
	at org.elasticsearch.index.shard.StoreRecovery.restore(StoreRecovery.java:260)
	... 10 more
Caused by: [test-idx][[test-idx][0]] IndexShardRestoreFailedException[Failed to recover index]; nested: IOException[Random IOException];
	at org.elasticsearch.index.snapshots.blobstore.BlobStoreIndexShardRepository$RestoreContext.restore(BlobStoreIndexShardRepository.java:867)
	at org.elasticsearch.index.snapshots.blobstore.BlobStoreIndexShardRepository.restore(BlobStoreIndexShardRepository.java:206)
	... 11 more
Caused by: java.io.IOException: Random IOException
	at org.elasticsearch.snapshots.mockstore.MockRepository$MockBlobStore$MockBlobContainer.maybeIOExceptionOrBlock(MockRepository.java:277)
	at org.elasticsearch.snapshots.mockstore.MockRepository$MockBlobStore$MockBlobContainer.readBlob(MockRepository.java:321)
	at org.elasticsearch.index.snapshots.blobstore.BlobStoreIndexShardRepository$PartSliceStream.openSlice(BlobStoreIndexShardRepository.java:769)
	at org.elasticsearch.index.snapshots.blobstore.SlicedInputStream.nextStream(SlicedInputStream.java:53)
	at org.elasticsearch.index.snapshots.blobstore.SlicedInputStream.currentStream(SlicedInputStream.java:67)
	at org.elasticsearch.index.snapshots.blobstore.SlicedInputStream.read(SlicedInputStream.java:88)
	at java.io.FilterInputStream.read(FilterInputStream.java:133)
	at org.elasticsearch.index.snapshots.blobstore.RateLimitingInputStream.read(RateLimitingInputStream.java:69)
	at java.io.FilterInputStream.read(FilterInputStream.java:107)
	at org.elasticsearch.index.snapshots.blobstore.BlobStoreIndexShardRepository$RestoreContext.restoreFile(BlobStoreIndexShardRepository.java:924)
	at org.elasticsearch.index.snapshots.blobstore.BlobStoreIndexShardRepository$RestoreContext.restore(BlobStoreIndexShardRepository.java:864)
	... 12 more
[2016-03-30 23:02:06,246][WARN ][org.elasticsearch.indices.cluster] [node_s0] [[test-idx][2]] marking and sending shard failed due to [failed recovery]
[test-idx][[test-idx][2]] IndexShardRecoveryException[failed recovery]; nested: IndexShardRestoreFailedException[restore failed]; nested: IndexShardRestoreFailedException[failed to restore snapshot [test-snap]]; nested: IndexShardRestoreFailedException[Failed to recover index]; nested: IOException[Random IOException];
	at org.elasticsearch.index.shard.StoreRecovery.executeRecovery(StoreRecovery.java:165)
	at org.elasticsearch.index.shard.StoreRecovery.recoverFromRepository(StoreRecovery.java:97)
	at org.elasticsearch.index.shard.IndexShard.restoreFromRepository(IndexShard.java:1110)
	at org.elasticsearch.indices.cluster.IndicesClusterStateService.lambda$applyInitializingShard$128(IndicesClusterStateService.java:654)
	at org.elasticsearch.indices.cluster.IndicesClusterStateService$$Lambda$561/1683367258.run(Unknown Source)
	at java.util.concurrent.ThreadPoolExecutor.runWorker(ThreadPoolExecutor.java:1142)
	at java.util.concurrent.ThreadPoolExecutor$Worker.run(ThreadPoolExecutor.java:617)
	at java.lang.Thread.run(Thread.java:745)
Caused by: [test-idx][[test-idx][2]] IndexShardRestoreFailedException[restore failed]; nested: IndexShardRestoreFailedException[failed to restore snapshot [test-snap]]; nested: IndexShardRestoreFailedException[Failed to recover index]; nested: IOException[Random IOException];
	at org.elasticsearch.index.shard.StoreRecovery.restore(StoreRecovery.java:265)
	at org.elasticsearch.index.shard.StoreRecovery.lambda$recoverFromRepository$123(StoreRecovery.java:99)
	at org.elasticsearch.index.shard.StoreRecovery$$Lambda$562/1148766141.run(Unknown Source)
	at org.elasticsearch.index.shard.StoreRecovery.executeRecovery(StoreRecovery.java:122)
	... 7 more
Caused by: [test-idx][[test-idx][2]] IndexShardRestoreFailedException[failed to restore snapshot [test-snap]]; nested: IndexShardRestoreFailedException[Failed to recover index]; nested: IOException[Random IOException];
	at org.elasticsearch.index.snapshots.blobstore.BlobStoreIndexShardRepository.restore(BlobStoreIndexShardRepository.java:208)
	at org.elasticsearch.index.shard.StoreRecovery.restore(StoreRecovery.java:260)
	... 10 more
Caused by: [test-idx][[test-idx][2]] IndexShardRestoreFailedException[Failed to recover index]; nested: IOException[Random IOException];
	at org.elasticsearch.index.snapshots.blobstore.BlobStoreIndexShardRepository$RestoreContext.restore(BlobStoreIndexShardRepository.java:867)
	at org.elasticsearch.index.snapshots.blobstore.BlobStoreIndexShardRepository.restore(BlobStoreIndexShardRepository.java:206)
	... 11 more
Caused by: java.io.IOException: Random IOException
	at org.elasticsearch.snapshots.mockstore.MockRepository$MockBlobStore$MockBlobContainer.maybeIOExceptionOrBlock(MockRepository.java:277)
	at org.elasticsearch.snapshots.mockstore.MockRepository$MockBlobStore$MockBlobContainer.readBlob(MockRepository.java:321)
	at org.elasticsearch.index.snapshots.blobstore.BlobStoreIndexShardRepository$PartSliceStream.openSlice(BlobStoreIndexShardRepository.java:769)
	at org.elasticsearch.index.snapshots.blobstore.SlicedInputStream.nextStream(SlicedInputStream.java:53)
	at org.elasticsearch.index.snapshots.blobstore.SlicedInputStream.currentStream(SlicedInputStream.java:67)
	at org.elasticsearch.index.snapshots.blobstore.SlicedInputStream.read(SlicedInputStream.java:88)
	at java.io.FilterInputStream.read(FilterInputStream.java:133)
	at org.elasticsearch.index.snapshots.blobstore.RateLimitingInputStream.read(RateLimitingInputStream.java:69)
	at java.io.FilterInputStream.read(FilterInputStream.java:107)
	at org.elasticsearch.index.snapshots.blobstore.BlobStoreIndexShardRepository$RestoreContext.restoreFile(BlobStoreIndexShardRepository.java:924)
	at org.elasticsearch.index.snapshots.blobstore.BlobStoreIndexShardRepository$RestoreContext.restore(BlobStoreIndexShardRepository.java:864)
	... 12 more
[2016-03-30 23:02:06,247][WARN ][org.elasticsearch.cluster.action.shard] [node_s0] [test-idx][2] received shard failed for [test-idx][2], node[YU4rw4SiR5aBA7JFJFd8EQ], [P], v[17], restoring[test-repo:test-snap], s[INITIALIZING], a[id=cThbJX8JTTGwjZgA_-5Dpg], unassigned_info[[reason=ALLOCATION_FAILED], at[2016-03-31T06:02:06.210Z], details[failed recovery, failure IndexShardRecoveryException[failed recovery]; nested: IndexShardRestoreFailedException[restore failed]; nested: IndexShardRestoreFailedException[failed to restore snapshot [test-snap]]; nested: IndexShardRestoreFailedException[Failed to recover index]; nested: NotSerializableExceptionWrapper[Random IOException]; ]], expected_shard_size[0], indexUUID [4jpdB_g0RdurmlwQgV2n7w], message [failed recovery], failure [IndexShardRecoveryException[failed recovery]; nested: IndexShardRestoreFailedException[restore failed]; nested: IndexShardRestoreFailedException[failed to restore snapshot [test-snap]]; nested: IndexShardRestoreFailedException[Failed to recover index]; nested: IOException[Random IOException]; ]
[test-idx][[test-idx][2]] IndexShardRecoveryException[failed recovery]; nested: IndexShardRestoreFailedException[restore failed]; nested: IndexShardRestoreFailedException[failed to restore snapshot [test-snap]]; nested: IndexShardRestoreFailedException[Failed to recover index]; nested: IOException[Random IOException];
	at org.elasticsearch.index.shard.StoreRecovery.executeRecovery(StoreRecovery.java:165)
	at org.elasticsearch.index.shard.StoreRecovery.recoverFromRepository(StoreRecovery.java:97)
	at org.elasticsearch.index.shard.IndexShard.restoreFromRepository(IndexShard.java:1110)
	at org.elasticsearch.indices.cluster.IndicesClusterStateService.lambda$applyInitializingShard$128(IndicesClusterStateService.java:654)
	at org.elasticsearch.indices.cluster.IndicesClusterStateService$$Lambda$561/1683367258.run(Unknown Source)
	at java.util.concurrent.ThreadPoolExecutor.runWorker(ThreadPoolExecutor.java:1142)
	at java.util.concurrent.ThreadPoolExecutor$Worker.run(ThreadPoolExecutor.java:617)
	at java.lang.Thread.run(Thread.java:745)
Caused by: [test-idx][[test-idx][2]] IndexShardRestoreFailedException[restore failed]; nested: IndexShardRestoreFailedException[failed to restore snapshot [test-snap]]; nested: IndexShardRestoreFailedException[Failed to recover index]; nested: IOException[Random IOException];
	at org.elasticsearch.index.shard.StoreRecovery.restore(StoreRecovery.java:265)
	at org.elasticsearch.index.shard.StoreRecovery.lambda$recoverFromRepository$123(StoreRecovery.java:99)
	at org.elasticsearch.index.shard.StoreRecovery$$Lambda$562/1148766141.run(Unknown Source)
	at org.elasticsearch.index.shard.StoreRecovery.executeRecovery(StoreRecovery.java:122)
	... 7 more
Caused by: [test-idx][[test-idx][2]] IndexShardRestoreFailedException[failed to restore snapshot [test-snap]]; nested: IndexShardRestoreFailedException[Failed to recover index]; nested: IOException[Random IOException];
	at org.elasticsearch.index.snapshots.blobstore.BlobStoreIndexShardRepository.restore(BlobStoreIndexShardRepository.java:208)
	at org.elasticsearch.index.shard.StoreRecovery.restore(StoreRecovery.java:260)
	... 10 more
Caused by: [test-idx][[test-idx][2]] IndexShardRestoreFailedException[Failed to recover index]; nested: IOException[Random IOException];
	at org.elasticsearch.index.snapshots.blobstore.BlobStoreIndexShardRepository$RestoreContext.restore(BlobStoreIndexShardRepository.java:867)
	at org.elasticsearch.index.snapshots.blobstore.BlobStoreIndexShardRepository.restore(BlobStoreIndexShardRepository.java:206)
	... 11 more
Caused by: java.io.IOException: Random IOException
	at org.elasticsearch.snapshots.mockstore.MockRepository$MockBlobStore$MockBlobContainer.maybeIOExceptionOrBlock(MockRepository.java:277)
	at org.elasticsearch.snapshots.mockstore.MockRepository$MockBlobStore$MockBlobContainer.readBlob(MockRepository.java:321)
	at org.elasticsearch.index.snapshots.blobstore.BlobStoreIndexShardRepository$PartSliceStream.openSlice(BlobStoreIndexShardRepository.java:769)
	at org.elasticsearch.index.snapshots.blobstore.SlicedInputStream.nextStream(SlicedInputStream.java:53)
	at org.elasticsearch.index.snapshots.blobstore.SlicedInputStream.currentStream(SlicedInputStream.java:67)
	at org.elasticsearch.index.snapshots.blobstore.SlicedInputStream.read(SlicedInputStream.java:88)
	at java.io.FilterInputStream.read(FilterInputStream.java:133)
	at org.elasticsearch.index.snapshots.blobstore.RateLimitingInputStream.read(RateLimitingInputStream.java:69)
	at java.io.FilterInputStream.read(FilterInputStream.java:107)
	at org.elasticsearch.index.snapshots.blobstore.BlobStoreIndexShardRepository$RestoreContext.restoreFile(BlobStoreIndexShardRepository.java:924)
	at org.elasticsearch.index.snapshots.blobstore.BlobStoreIndexShardRepository$RestoreContext.restore(BlobStoreIndexShardRepository.java:864)
	... 12 more
[2016-03-30 23:02:06,252][WARN ][org.elasticsearch.indices.cluster] [node_s0] [[test-idx][7]] marking and sending shard failed due to [failed recovery]
[test-idx][[test-idx][7]] IndexShardRecoveryException[failed recovery]; nested: IndexShardRestoreFailedException[restore failed]; nested: IndexShardRestoreFailedException[failed to restore snapshot [test-snap]]; nested: IndexShardRestoreFailedException[Failed to recover index]; nested: IOException[Random IOException];
	at org.elasticsearch.index.shard.StoreRecovery.executeRecovery(StoreRecovery.java:165)
	at org.elasticsearch.index.shard.StoreRecovery.recoverFromRepository(StoreRecovery.java:97)
	at org.elasticsearch.index.shard.IndexShard.restoreFromRepository(IndexShard.java:1110)
	at org.elasticsearch.indices.cluster.IndicesClusterStateService.lambda$applyInitializingShard$128(IndicesClusterStateService.java:654)
	at org.elasticsearch.indices.cluster.IndicesClusterStateService$$Lambda$561/1683367258.run(Unknown Source)
	at java.util.concurrent.ThreadPoolExecutor.runWorker(ThreadPoolExecutor.java:1142)
	at java.util.concurrent.ThreadPoolExecutor$Worker.run(ThreadPoolExecutor.java:617)
	at java.lang.Thread.run(Thread.java:745)
Caused by: [test-idx][[test-idx][7]] IndexShardRestoreFailedException[restore failed]; nested: IndexShardRestoreFailedException[failed to restore snapshot [test-snap]]; nested: IndexShardRestoreFailedException[Failed to recover index]; nested: IOException[Random IOException];
	at org.elasticsearch.index.shard.StoreRecovery.restore(StoreRecovery.java:265)
	at org.elasticsearch.index.shard.StoreRecovery.lambda$recoverFromRepository$123(StoreRecovery.java:99)
	at org.elasticsearch.index.shard.StoreRecovery$$Lambda$562/1148766141.run(Unknown Source)
	at org.elasticsearch.index.shard.StoreRecovery.executeRecovery(StoreRecovery.java:122)
	... 7 more
Caused by: [test-idx][[test-idx][7]] IndexShardRestoreFailedException[failed to restore snapshot [test-snap]]; nested: IndexShardRestoreFailedException[Failed to recover index]; nested: IOException[Random IOException];
	at org.elasticsearch.index.snapshots.blobstore.BlobStoreIndexShardRepository.restore(BlobStoreIndexShardRepository.java:208)
	at org.elasticsearch.index.shard.StoreRecovery.restore(StoreRecovery.java:260)
	... 10 more
Caused by: [test-idx][[test-idx][7]] IndexShardRestoreFailedException[Failed to recover index]; nested: IOException[Random IOException];
	at org.elasticsearch.index.snapshots.blobstore.BlobStoreIndexShardRepository$RestoreContext.restore(BlobStoreIndexShardRepository.java:867)
	at org.elasticsearch.index.snapshots.blobstore.BlobStoreIndexShardRepository.restore(BlobStoreIndexShardRepository.java:206)
	... 11 more
Caused by: java.io.IOException: Random IOException
	at org.elasticsearch.snapshots.mockstore.MockRepository$MockBlobStore$MockBlobContainer.maybeIOExceptionOrBlock(MockRepository.java:277)
	at org.elasticsearch.snapshots.mockstore.MockRepository$MockBlobStore$MockBlobContainer.readBlob(MockRepository.java:321)
	at org.elasticsearch.index.snapshots.blobstore.BlobStoreIndexShardRepository$PartSliceStream.openSlice(BlobStoreIndexShardRepository.java:769)
	at org.elasticsearch.index.snapshots.blobstore.SlicedInputStream.nextStream(SlicedInputStream.java:53)
	at org.elasticsearch.index.snapshots.blobstore.SlicedInputStream.currentStream(SlicedInputStream.java:67)
	at org.elasticsearch.index.snapshots.blobstore.SlicedInputStream.read(SlicedInputStream.java:88)
	at java.io.FilterInputStream.read(FilterInputStream.java:133)
	at org.elasticsearch.index.snapshots.blobstore.RateLimitingInputStream.read(RateLimitingInputStream.java:69)
	at java.io.FilterInputStream.read(FilterInputStream.java:107)
	at org.elasticsearch.index.snapshots.blobstore.BlobStoreIndexShardRepository$RestoreContext.restoreFile(BlobStoreIndexShardRepository.java:924)
	at org.elasticsearch.index.snapshots.blobstore.BlobStoreIndexShardRepository$RestoreContext.restore(BlobStoreIndexShardRepository.java:864)
	... 12 more
[2016-03-30 23:02:06,253][WARN ][org.elasticsearch.cluster.action.shard] [node_s0] [test-idx][7] received shard failed for [test-idx][7], node[YU4rw4SiR5aBA7JFJFd8EQ], [P], v[17], restoring[test-repo:test-snap], s[INITIALIZING], a[id=rScHCPExTle7caf-ULt6eA], unassigned_info[[reason=ALLOCATION_FAILED], at[2016-03-31T06:02:06.164Z], details[failed recovery, failure IndexShardRecoveryException[failed recovery]; nested: IndexShardRestoreFailedException[restore failed]; nested: IndexShardRestoreFailedException[failed to restore snapshot [test-snap]]; nested: IndexShardRestoreFailedException[Failed to recover index]; nested: NotSerializableExceptionWrapper[Random IOException]; ]], expected_shard_size[0], indexUUID [4jpdB_g0RdurmlwQgV2n7w], message [failed recovery], failure [IndexShardRecoveryException[failed recovery]; nested: IndexShardRestoreFailedException[restore failed]; nested: IndexShardRestoreFailedException[failed to restore snapshot [test-snap]]; nested: IndexShardRestoreFailedException[Failed to recover index]; nested: IOException[Random IOException]; ]
[test-idx][[test-idx][7]] IndexShardRecoveryException[failed recovery]; nested: IndexShardRestoreFailedException[restore failed]; nested: IndexShardRestoreFailedException[failed to restore snapshot [test-snap]]; nested: IndexShardRestoreFailedException[Failed to recover index]; nested: IOException[Random IOException];
	at org.elasticsearch.index.shard.StoreRecovery.executeRecovery(StoreRecovery.java:165)
	at org.elasticsearch.index.shard.StoreRecovery.recoverFromRepository(StoreRecovery.java:97)
	at org.elasticsearch.index.shard.IndexShard.restoreFromRepository(IndexShard.java:1110)
	at org.elasticsearch.indices.cluster.IndicesClusterStateService.lambda$applyInitializingShard$128(IndicesClusterStateService.java:654)
	at org.elasticsearch.indices.cluster.IndicesClusterStateService$$Lambda$561/1683367258.run(Unknown Source)
	at java.util.concurrent.ThreadPoolExecutor.runWorker(ThreadPoolExecutor.java:1142)
	at java.util.concurrent.ThreadPoolExecutor$Worker.run(ThreadPoolExecutor.java:617)
	at java.lang.Thread.run(Thread.java:745)
Caused by: [test-idx][[test-idx][7]] IndexShardRestoreFailedException[restore failed]; nested: IndexShardRestoreFailedException[failed to restore snapshot [test-snap]]; nested: IndexShardRestoreFailedException[Failed to recover index]; nested: IOException[Random IOException];
	at org.elasticsearch.index.shard.StoreRecovery.restore(StoreRecovery.java:265)
	at org.elasticsearch.index.shard.StoreRecovery.lambda$recoverFromRepository$123(StoreRecovery.java:99)
	at org.elasticsearch.index.shard.StoreRecovery$$Lambda$562/1148766141.run(Unknown Source)
	at org.elasticsearch.index.shard.StoreRecovery.executeRecovery(StoreRecovery.java:122)
	... 7 more
Caused by: [test-idx][[test-idx][7]] IndexShardRestoreFailedException[failed to restore snapshot [test-snap]]; nested: IndexShardRestoreFailedException[Failed to recover index]; nested: IOException[Random IOException];
	at org.elasticsearch.index.snapshots.blobstore.BlobStoreIndexShardRepository.restore(BlobStoreIndexShardRepository.java:208)
	at org.elasticsearch.index.shard.StoreRecovery.restore(StoreRecovery.java:260)
	... 10 more
Caused by: [test-idx][[test-idx][7]] IndexShardRestoreFailedException[Failed to recover index]; nested: IOException[Random IOException];
	at org.elasticsearch.index.snapshots.blobstore.BlobStoreIndexShardRepository$RestoreContext.restore(BlobStoreIndexShardRepository.java:867)
	at org.elasticsearch.index.snapshots.blobstore.BlobStoreIndexShardRepository.restore(BlobStoreIndexShardRepository.java:206)
	... 11 more
Caused by: java.io.IOException: Random IOException
	at org.elasticsearch.snapshots.mockstore.MockRepository$MockBlobStore$MockBlobContainer.maybeIOExceptionOrBlock(MockRepository.java:277)
	at org.elasticsearch.snapshots.mockstore.MockRepository$MockBlobStore$MockBlobContainer.readBlob(MockRepository.java:321)
	at org.elasticsearch.index.snapshots.blobstore.BlobStoreIndexShardRepository$PartSliceStream.openSlice(BlobStoreIndexShardRepository.java:769)
	at org.elasticsearch.index.snapshots.blobstore.SlicedInputStream.nextStream(SlicedInputStream.java:53)
	at org.elasticsearch.index.snapshots.blobstore.SlicedInputStream.currentStream(SlicedInputStream.java:67)
	at org.elasticsearch.index.snapshots.blobstore.SlicedInputStream.read(SlicedInputStream.java:88)
	at java.io.FilterInputStream.read(FilterInputStream.java:133)
	at org.elasticsearch.index.snapshots.blobstore.RateLimitingInputStream.read(RateLimitingInputStream.java:69)
	at java.io.FilterInputStream.read(FilterInputStream.java:107)
	at org.elasticsearch.index.snapshots.blobstore.BlobStoreIndexShardRepository$RestoreContext.restoreFile(BlobStoreIndexShardRepository.java:924)
	at org.elasticsearch.index.snapshots.blobstore.BlobStoreIndexShardRepository$RestoreContext.restore(BlobStoreIndexShardRepository.java:864)
	... 12 more
[2016-03-30 23:02:06,254][WARN ][org.elasticsearch.indices.cluster] [node_s0] [[test-idx][8]] marking and sending shard failed due to [failed recovery]
[test-idx][[test-idx][8]] IndexShardRecoveryException[failed recovery]; nested: IndexShardRestoreFailedException[restore failed]; nested: IndexShardRestoreFailedException[failed to restore snapshot [test-snap]]; nested: IndexShardRestoreFailedException[Failed to recover index]; nested: IOException[Random IOException];
	at org.elasticsearch.index.shard.StoreRecovery.executeRecovery(StoreRecovery.java:165)
	at org.elasticsearch.index.shard.StoreRecovery.recoverFromRepository(StoreRecovery.java:97)
	at org.elasticsearch.index.shard.IndexShard.restoreFromRepository(IndexShard.java:1110)
	at org.elasticsearch.indices.cluster.IndicesClusterStateService.lambda$applyInitializingShard$128(IndicesClusterStateService.java:654)
	at org.elasticsearch.indices.cluster.IndicesClusterStateService$$Lambda$561/1683367258.run(Unknown Source)
	at java.util.concurrent.ThreadPoolExecutor.runWorker(ThreadPoolExecutor.java:1142)
	at java.util.concurrent.ThreadPoolExecutor$Worker.run(ThreadPoolExecutor.java:617)
	at java.lang.Thread.run(Thread.java:745)
Caused by: [test-idx][[test-idx][8]] IndexShardRestoreFailedException[restore failed]; nested: IndexShardRestoreFailedException[failed to restore snapshot [test-snap]]; nested: IndexShardRestoreFailedException[Failed to recover index]; nested: IOException[Random IOException];
	at org.elasticsearch.index.shard.StoreRecovery.restore(StoreRecovery.java:265)
	at org.elasticsearch.index.shard.StoreRecovery.lambda$recoverFromRepository$123(StoreRecovery.java:99)
	at org.elasticsearch.index.shard.StoreRecovery$$Lambda$562/1148766141.run(Unknown Source)
	at org.elasticsearch.index.shard.StoreRecovery.executeRecovery(StoreRecovery.java:122)
	... 7 more
Caused by: [test-idx][[test-idx][8]] IndexShardRestoreFailedException[failed to restore snapshot [test-snap]]; nested: IndexShardRestoreFailedException[Failed to recover index]; nested: IOException[Random IOException];
	at org.elasticsearch.index.snapshots.blobstore.BlobStoreIndexShardRepository.restore(BlobStoreIndexShardRepository.java:208)
	at org.elasticsearch.index.shard.StoreRecovery.restore(StoreRecovery.java:260)
	... 10 more
Caused by: [test-idx][[test-idx][8]] IndexShardRestoreFailedException[Failed to recover index]; nested: IOException[Random IOException];
	at org.elasticsearch.index.snapshots.blobstore.BlobStoreIndexShardRepository$RestoreContext.restore(BlobStoreIndexShardRepository.java:867)
	at org.elasticsearch.index.snapshots.blobstore.BlobStoreIndexShardRepository.restore(BlobStoreIndexShardRepository.java:206)
	... 11 more
Caused by: java.io.IOException: Random IOException
	at org.elasticsearch.snapshots.mockstore.MockRepository$MockBlobStore$MockBlobContainer.maybeIOExceptionOrBlock(MockRepository.java:277)
	at org.elasticsearch.snapshots.mockstore.MockRepository$MockBlobStore$MockBlobContainer.readBlob(MockRepository.java:321)
	at org.elasticsearch.index.snapshots.blobstore.BlobStoreIndexShardRepository$PartSliceStream.openSlice(BlobStoreIndexShardRepository.java:769)
	at org.elasticsearch.index.snapshots.blobstore.SlicedInputStream.nextStream(SlicedInputStream.java:53)
	at org.elasticsearch.index.snapshots.blobstore.SlicedInputStream.currentStream(SlicedInputStream.java:67)
	at org.elasticsearch.index.snapshots.blobstore.SlicedInputStream.read(SlicedInputStream.java:88)
	at java.io.FilterInputStream.read(FilterInputStream.java:133)
	at org.elasticsearch.index.snapshots.blobstore.RateLimitingInputStream.read(RateLimitingInputStream.java:69)
	at java.io.FilterInputStream.read(FilterInputStream.java:107)
	at org.elasticsearch.index.snapshots.blobstore.BlobStoreIndexShardRepository$RestoreContext.restoreFile(BlobStoreIndexShardRepository.java:924)
	at org.elasticsearch.index.snapshots.blobstore.BlobStoreIndexShardRepository$RestoreContext.restore(BlobStoreIndexShardRepository.java:864)
	... 12 more
[2016-03-30 23:02:06,255][WARN ][org.elasticsearch.cluster.action.shard] [node_s0] [test-idx][8] received shard failed for [test-idx][8], node[YU4rw4SiR5aBA7JFJFd8EQ], [P], v[19], restoring[test-repo:test-snap], s[INITIALIZING], a[id=YGTXqEiiStSY86v4-qBf5A], unassigned_info[[reason=ALLOCATION_FAILED], at[2016-03-31T06:02:06.210Z], details[failed recovery, failure IndexShardRecoveryException[failed recovery]; nested: IndexShardRestoreFailedException[restore failed]; nested: IndexShardRestoreFailedException[failed to restore snapshot [test-snap]]; nested: IndexShardRestoreFailedException[Failed to recover index]; nested: NotSerializableExceptionWrapper[Random IOException]; ]], expected_shard_size[130], indexUUID [4jpdB_g0RdurmlwQgV2n7w], message [failed recovery], failure [IndexShardRecoveryException[failed recovery]; nested: IndexShardRestoreFailedException[restore failed]; nested: IndexShardRestoreFailedException[failed to restore snapshot [test-snap]]; nested: IndexShardRestoreFailedException[Failed to recover index]; nested: IOException[Random IOException]; ]
[test-idx][[test-idx][8]] IndexShardRecoveryException[failed recovery]; nested: IndexShardRestoreFailedException[restore failed]; nested: IndexShardRestoreFailedException[failed to restore snapshot [test-snap]]; nested: IndexShardRestoreFailedException[Failed to recover index]; nested: IOException[Random IOException];
	at org.elasticsearch.index.shard.StoreRecovery.executeRecovery(StoreRecovery.java:165)
	at org.elasticsearch.index.shard.StoreRecovery.recoverFromRepository(StoreRecovery.java:97)
	at org.elasticsearch.index.shard.IndexShard.restoreFromRepository(IndexShard.java:1110)
	at org.elasticsearch.indices.cluster.IndicesClusterStateService.lambda$applyInitializingShard$128(IndicesClusterStateService.java:654)
	at org.elasticsearch.indices.cluster.IndicesClusterStateService$$Lambda$561/1683367258.run(Unknown Source)
	at java.util.concurrent.ThreadPoolExecutor.runWorker(ThreadPoolExecutor.java:1142)
	at java.util.concurrent.ThreadPoolExecutor$Worker.run(ThreadPoolExecutor.java:617)
	at java.lang.Thread.run(Thread.java:745)
Caused by: [test-idx][[test-idx][8]] IndexShardRestoreFailedException[restore failed]; nested: IndexShardRestoreFailedException[failed to restore snapshot [test-snap]]; nested: IndexShardRestoreFailedException[Failed to recover index]; nested: IOException[Random IOException];
	at org.elasticsearch.index.shard.StoreRecovery.restore(StoreRecovery.java:265)
	at org.elasticsearch.index.shard.StoreRecovery.lambda$recoverFromRepository$123(StoreRecovery.java:99)
	at org.elasticsearch.index.shard.StoreRecovery$$Lambda$562/1148766141.run(Unknown Source)
	at org.elasticsearch.index.shard.StoreRecovery.executeRecovery(StoreRecovery.java:122)
	... 7 more
Caused by: [test-idx][[test-idx][8]] IndexShardRestoreFailedException[failed to restore snapshot [test-snap]]; nested: IndexShardRestoreFailedException[Failed to recover index]; nested: IOException[Random IOException];
	at org.elasticsearch.index.snapshots.blobstore.BlobStoreIndexShardRepository.restore(BlobStoreIndexShardRepository.java:208)
	at org.elasticsearch.index.shard.StoreRecovery.restore(StoreRecovery.java:260)
	... 10 more
Caused by: [test-idx][[test-idx][8]] IndexShardRestoreFailedException[Failed to recover index]; nested: IOException[Random IOException];
	at org.elasticsearch.index.snapshots.blobstore.BlobStoreIndexShardRepository$RestoreContext.restore(BlobStoreIndexShardRepository.java:867)
	at org.elasticsearch.index.snapshots.blobstore.BlobStoreIndexShardRepository.restore(BlobStoreIndexShardRepository.java:206)
	... 11 more
Caused by: java.io.IOException: Random IOException
	at org.elasticsearch.snapshots.mockstore.MockRepository$MockBlobStore$MockBlobContainer.maybeIOExceptionOrBlock(MockRepository.java:277)
	at org.elasticsearch.snapshots.mockstore.MockRepository$MockBlobStore$MockBlobContainer.readBlob(MockRepository.java:321)
	at org.elasticsearch.index.snapshots.blobstore.BlobStoreIndexShardRepository$PartSliceStream.openSlice(BlobStoreIndexShardRepository.java:769)
	at org.elasticsearch.index.snapshots.blobstore.SlicedInputStream.nextStream(SlicedInputStream.java:53)
	at org.elasticsearch.index.snapshots.blobstore.SlicedInputStream.currentStream(SlicedInputStream.java:67)
	at org.elasticsearch.index.snapshots.blobstore.SlicedInputStream.read(SlicedInputStream.java:88)
	at java.io.FilterInputStream.read(FilterInputStream.java:133)
	at org.elasticsearch.index.snapshots.blobstore.RateLimitingInputStream.read(RateLimitingInputStream.java:69)
	at java.io.FilterInputStream.read(FilterInputStream.java:107)
	at org.elasticsearch.index.snapshots.blobstore.BlobStoreIndexShardRepository$RestoreContext.restoreFile(BlobStoreIndexShardRepository.java:924)
	at org.elasticsearch.index.snapshots.blobstore.BlobStoreIndexShardRepository$RestoreContext.restore(BlobStoreIndexShardRepository.java:864)
	... 12 more
[2016-03-30 23:02:06,256][WARN ][org.elasticsearch.cluster.action.shard] [node_s0] [test-idx][2] received shard failed for [test-idx][2], node[YU4rw4SiR5aBA7JFJFd8EQ], [P], v[17], restoring[test-repo:test-snap], s[INITIALIZING], a[id=cThbJX8JTTGwjZgA_-5Dpg], unassigned_info[[reason=ALLOCATION_FAILED], at[2016-03-31T06:02:06.210Z], details[failed recovery, failure IndexShardRecoveryException[failed recovery]; nested: IndexShardRestoreFailedException[restore failed]; nested: IndexShardRestoreFailedException[failed to restore snapshot [test-snap]]; nested: IndexShardRestoreFailedException[Failed to recover index]; nested: NotSerializableExceptionWrapper[Random IOException]; ]], expected_shard_size[0], indexUUID [4jpdB_g0RdurmlwQgV2n7w], message [master {node_s0}{YU4rw4SiR5aBA7JFJFd8EQ}{local}{local[78]}[mode=>local] marked shard as initializing, but shard is marked as failed, resend shard failure], failure [Unknown]
[2016-03-30 23:02:06,256][WARN ][org.elasticsearch.cluster.action.shard] [node_s0] [test-idx][8] received shard failed for [test-idx][8], node[YU4rw4SiR5aBA7JFJFd8EQ], [P], v[19], restoring[test-repo:test-snap], s[INITIALIZING], a[id=YGTXqEiiStSY86v4-qBf5A], unassigned_info[[reason=ALLOCATION_FAILED], at[2016-03-31T06:02:06.210Z], details[failed recovery, failure IndexShardRecoveryException[failed recovery]; nested: IndexShardRestoreFailedException[restore failed]; nested: IndexShardRestoreFailedException[failed to restore snapshot [test-snap]]; nested: IndexShardRestoreFailedException[Failed to recover index]; nested: NotSerializableExceptionWrapper[Random IOException]; ]], expected_shard_size[130], indexUUID [4jpdB_g0RdurmlwQgV2n7w], message [master {node_s0}{YU4rw4SiR5aBA7JFJFd8EQ}{local}{local[78]}[mode=>local] marked shard as initializing, but shard is marked as failed, resend shard failure], failure [Unknown]
[2016-03-30 23:02:06,256][WARN ][org.elasticsearch.cluster.action.shard] [node_s0] [test-idx][7] received shard failed for [test-idx][7], node[YU4rw4SiR5aBA7JFJFd8EQ], [P], v[17], restoring[test-repo:test-snap], s[INITIALIZING], a[id=rScHCPExTle7caf-ULt6eA], unassigned_info[[reason=ALLOCATION_FAILED], at[2016-03-31T06:02:06.164Z], details[failed recovery, failure IndexShardRecoveryException[failed recovery]; nested: IndexShardRestoreFailedException[restore failed]; nested: IndexShardRestoreFailedException[failed to restore snapshot [test-snap]]; nested: IndexShardRestoreFailedException[Failed to recover index]; nested: NotSerializableExceptionWrapper[Random IOException]; ]], expected_shard_size[0], indexUUID [4jpdB_g0RdurmlwQgV2n7w], message [master {node_s0}{YU4rw4SiR5aBA7JFJFd8EQ}{local}{local[78]}[mode=>local] marked shard as initializing, but shard is marked as failed, resend shard failure], failure [Unknown]
[2016-03-30 23:02:06,256][WARN ][org.elasticsearch.cluster.action.shard] [node_s0] [test-idx][0] received shard failed for [test-idx][0], node[YU4rw4SiR5aBA7JFJFd8EQ], [P], v[21], restoring[test-repo:test-snap], s[INITIALIZING], a[id=PTSpAKEvS167xaeRGFA7VQ], unassigned_info[[reason=ALLOCATION_FAILED], at[2016-03-31T06:02:06.164Z], details[failed recovery, failure IndexShardRecoveryException[failed recovery]; nested: IndexShardRestoreFailedException[restore failed]; nested: IndexShardRestoreFailedException[failed to restore snapshot [test-snap]]; nested: IndexShardRestoreFailedException[Failed to recover index]; nested: NotSerializableExceptionWrapper[Random IOException]; ]], expected_shard_size[130], indexUUID [4jpdB_g0RdurmlwQgV2n7w], message [master {node_s0}{YU4rw4SiR5aBA7JFJFd8EQ}{local}{local[78]}[mode=>local] marked shard as initializing, but shard is marked as failed, resend shard failure], failure [Unknown]
[2016-03-30 23:02:06,262][WARN ][org.elasticsearch.indices.cluster] [node_s1] [[test-idx][4]] marking and sending shard failed due to [failed recovery]
[test-idx][[test-idx][4]] IndexShardRecoveryException[failed recovery]; nested: IndexShardRestoreFailedException[restore failed]; nested: IndexShardRestoreFailedException[failed to restore snapshot [test-snap]]; nested: IndexShardRestoreFailedException[Failed to recover index]; nested: IOException[Random IOException];
	at org.elasticsearch.index.shard.StoreRecovery.executeRecovery(StoreRecovery.java:165)
	at org.elasticsearch.index.shard.StoreRecovery.recoverFromRepository(StoreRecovery.java:97)
	at org.elasticsearch.index.shard.IndexShard.restoreFromRepository(IndexShard.java:1110)
	at org.elasticsearch.indices.cluster.IndicesClusterStateService.lambda$applyInitializingShard$128(IndicesClusterStateService.java:654)
	at org.elasticsearch.indices.cluster.IndicesClusterStateService$$Lambda$561/1683367258.run(Unknown Source)
	at java.util.concurrent.ThreadPoolExecutor.runWorker(ThreadPoolExecutor.java:1142)
	at java.util.concurrent.ThreadPoolExecutor$Worker.run(ThreadPoolExecutor.java:617)
	at java.lang.Thread.run(Thread.java:745)
Caused by: [test-idx][[test-idx][4]] IndexShardRestoreFailedException[restore failed]; nested: IndexShardRestoreFailedException[failed to restore snapshot [test-snap]]; nested: IndexShardRestoreFailedException[Failed to recover index]; nested: IOException[Random IOException];
	at org.elasticsearch.index.shard.StoreRecovery.restore(StoreRecovery.java:265)
	at org.elasticsearch.index.shard.StoreRecovery.lambda$recoverFromRepository$123(StoreRecovery.java:99)
	at org.elasticsearch.index.shard.StoreRecovery$$Lambda$562/1148766141.run(Unknown Source)
	at org.elasticsearch.index.shard.StoreRecovery.executeRecovery(StoreRecovery.java:122)
	... 7 more
Caused by: [test-idx][[test-idx][4]] IndexShardRestoreFailedException[failed to restore snapshot [test-snap]]; nested: IndexShardRestoreFailedException[Failed to recover index]; nested: IOException[Random IOException];
	at org.elasticsearch.index.snapshots.blobstore.BlobStoreIndexShardRepository.restore(BlobStoreIndexShardRepository.java:208)
	at org.elasticsearch.index.shard.StoreRecovery.restore(StoreRecovery.java:260)
	... 10 more
Caused by: [test-idx][[test-idx][4]] IndexShardRestoreFailedException[Failed to recover index]; nested: IOException[Random IOException];
	at org.elasticsearch.index.snapshots.blobstore.BlobStoreIndexShardRepository$RestoreContext.restore(BlobStoreIndexShardRepository.java:867)
	at org.elasticsearch.index.snapshots.blobstore.BlobStoreIndexShardRepository.restore(BlobStoreIndexShardRepository.java:206)
	... 11 more
Caused by: java.io.IOException: Random IOException
	at org.elasticsearch.snapshots.mockstore.MockRepository$MockBlobStore$MockBlobContainer.maybeIOExceptionOrBlock(MockRepository.java:277)
	at org.elasticsearch.snapshots.mockstore.MockRepository$MockBlobStore$MockBlobContainer.readBlob(MockRepository.java:321)
	at org.elasticsearch.index.snapshots.blobstore.BlobStoreIndexShardRepository$PartSliceStream.openSlice(BlobStoreIndexShardRepository.java:769)
	at org.elasticsearch.index.snapshots.blobstore.SlicedInputStream.nextStream(SlicedInputStream.java:53)
	at org.elasticsearch.index.snapshots.blobstore.SlicedInputStream.currentStream(SlicedInputStream.java:67)
	at org.elasticsearch.index.snapshots.blobstore.SlicedInputStream.read(SlicedInputStream.java:88)
	at java.io.FilterInputStream.read(FilterInputStream.java:133)
	at org.elasticsearch.index.snapshots.blobstore.RateLimitingInputStream.read(RateLimitingInputStream.java:69)
	at java.io.FilterInputStream.read(FilterInputStream.java:107)
	at org.elasticsearch.index.snapshots.blobstore.BlobStoreIndexShardRepository$RestoreContext.restoreFile(BlobStoreIndexShardRepository.java:924)
	at org.elasticsearch.index.snapshots.blobstore.BlobStoreIndexShardRepository$RestoreContext.restore(BlobStoreIndexShardRepository.java:864)
	... 12 more
[2016-03-30 23:02:06,266][WARN ][org.elasticsearch.cluster.action.shard] [node_s0] [test-idx][4] received shard failed for [test-idx][4], node[BGl_MLcDTse8q5N9C0jt5A], [P], v[23], restoring[test-repo:test-snap], s[INITIALIZING], a[id=gFeLiTOrRjeHTtg28ZvYCA], unassigned_info[[reason=ALLOCATION_FAILED], at[2016-03-31T06:02:06.217Z], details[failed recovery, failure IndexShardRecoveryException[failed recovery]; nested: IndexShardRestoreFailedException[restore failed]; nested: IndexShardRestoreFailedException[failed to restore snapshot [test-snap]]; nested: IndexShardRestoreFailedException[Failed to recover index]; nested: NotSerializableExceptionWrapper[Random IOException]; ]], expected_shard_size[0], indexUUID [4jpdB_g0RdurmlwQgV2n7w], message [failed recovery], failure [IndexShardRecoveryException[failed recovery]; nested: IndexShardRestoreFailedException[restore failed]; nested: IndexShardRestoreFailedException[failed to restore snapshot [test-snap]]; nested: IndexShardRestoreFailedException[Failed to recover index]; nested: NotSerializableExceptionWrapper[Random IOException]; ]
[test-idx][[test-idx][4]] IndexShardRecoveryException[failed recovery]; nested: IndexShardRestoreFailedException[restore failed]; nested: IndexShardRestoreFailedException[failed to restore snapshot [test-snap]]; nested: IndexShardRestoreFailedException[Failed to recover index]; nested: NotSerializableExceptionWrapper[Random IOException];
	at org.elasticsearch.index.shard.StoreRecovery.executeRecovery(StoreRecovery.java:165)
	at org.elasticsearch.index.shard.StoreRecovery.recoverFromRepository(StoreRecovery.java:97)
	at org.elasticsearch.index.shard.IndexShard.restoreFromRepository(IndexShard.java:1110)
	at org.elasticsearch.indices.cluster.IndicesClusterStateService.lambda$applyInitializingShard$128(IndicesClusterStateService.java:654)
	at org.elasticsearch.indices.cluster.IndicesClusterStateService$$Lambda$561/1683367258.run(Unknown Source)
	at java.util.concurrent.ThreadPoolExecutor.runWorker(ThreadPoolExecutor.java:1142)
	at java.util.concurrent.ThreadPoolExecutor$Worker.run(ThreadPoolExecutor.java:617)
	at java.lang.Thread.run(Thread.java:745)
Caused by: [test-idx][[test-idx][4]] IndexShardRestoreFailedException[restore failed]; nested: IndexShardRestoreFailedException[failed to restore snapshot [test-snap]]; nested: IndexShardRestoreFailedException[Failed to recover index]; nested: NotSerializableExceptionWrapper[Random IOException];
	at org.elasticsearch.index.shard.StoreRecovery.restore(StoreRecovery.java:265)
	at org.elasticsearch.index.shard.StoreRecovery.lambda$recoverFromRepository$123(StoreRecovery.java:99)
	at org.elasticsearch.index.shard.StoreRecovery$$Lambda$562/1148766141.run(Unknown Source)
	at org.elasticsearch.index.shard.StoreRecovery.executeRecovery(StoreRecovery.java:122)
	... 7 more
Caused by: [test-idx][[test-idx][4]] IndexShardRestoreFailedException[failed to restore snapshot [test-snap]]; nested: IndexShardRestoreFailedException[Failed to recover index]; nested: NotSerializableExceptionWrapper[Random IOException];
	at org.elasticsearch.index.snapshots.blobstore.BlobStoreIndexShardRepository.restore(BlobStoreIndexShardRepository.java:208)
	at org.elasticsearch.index.shard.StoreRecovery.restore(StoreRecovery.java:260)
	... 10 more
Caused by: [test-idx][[test-idx][4]] IndexShardRestoreFailedException[Failed to recover index]; nested: NotSerializableExceptionWrapper[Random IOException];
	at org.elasticsearch.index.snapshots.blobstore.BlobStoreIndexShardRepository$RestoreContext.restore(BlobStoreIndexShardRepository.java:867)
	at org.elasticsearch.index.snapshots.blobstore.BlobStoreIndexShardRepository.restore(BlobStoreIndexShardRepository.java:206)
	... 11 more
Caused by: NotSerializableExceptionWrapper[Random IOException]
	at org.elasticsearch.snapshots.mockstore.MockRepository$MockBlobStore$MockBlobContainer.maybeIOExceptionOrBlock(MockRepository.java:277)
	at org.elasticsearch.snapshots.mockstore.MockRepository$MockBlobStore$MockBlobContainer.readBlob(MockRepository.java:321)
	at org.elasticsearch.index.snapshots.blobstore.BlobStoreIndexShardRepository$PartSliceStream.openSlice(BlobStoreIndexShardRepository.java:769)
	at org.elasticsearch.index.snapshots.blobstore.SlicedInputStream.nextStream(SlicedInputStream.java:53)
	at org.elasticsearch.index.snapshots.blobstore.SlicedInputStream.currentStream(SlicedInputStream.java:67)
	at org.elasticsearch.index.snapshots.blobstore.SlicedInputStream.read(SlicedInputStream.java:88)
	at java.io.FilterInputStream.read(FilterInputStream.java:133)
	at org.elasticsearch.index.snapshots.blobstore.RateLimitingInputStream.read(RateLimitingInputStream.java:69)
	at java.io.FilterInputStream.read(FilterInputStream.java:107)
	at org.elasticsearch.index.snapshots.blobstore.BlobStoreIndexShardRepository$RestoreContext.restoreFile(BlobStoreIndexShardRepository.java:924)
	at org.elasticsearch.index.snapshots.blobstore.BlobStoreIndexShardRepository$RestoreContext.restore(BlobStoreIndexShardRepository.java:864)
	... 12 more
[2016-03-30 23:02:06,267][WARN ][org.elasticsearch.cluster.action.shard] [node_s0] [test-idx][4] received shard failed for [test-idx][4], node[BGl_MLcDTse8q5N9C0jt5A], [P], v[23], restoring[test-repo:test-snap], s[INITIALIZING], a[id=gFeLiTOrRjeHTtg28ZvYCA], unassigned_info[[reason=ALLOCATION_FAILED], at[2016-03-31T06:02:06.217Z], details[failed recovery, failure IndexShardRecoveryException[failed recovery]; nested: IndexShardRestoreFailedException[restore failed]; nested: IndexShardRestoreFailedException[failed to restore snapshot [test-snap]]; nested: IndexShardRestoreFailedException[Failed to recover index]; nested: NotSerializableExceptionWrapper[Random IOException]; ]], expected_shard_size[0], indexUUID [4jpdB_g0RdurmlwQgV2n7w], message [master {node_s0}{YU4rw4SiR5aBA7JFJFd8EQ}{local}{local[78]}[mode=>local] marked shard as initializing, but shard is marked as failed, resend shard failure], failure [Unknown]
[2016-03-30 23:02:06,303][WARN ][org.elasticsearch.indices.cluster] [node_s1] [[test-idx][8]] marking and sending shard failed due to [failed recovery]
[test-idx][[test-idx][8]] IndexShardRecoveryException[failed recovery]; nested: IndexShardRestoreFailedException[restore failed]; nested: IndexShardRestoreFailedException[failed to restore snapshot [test-snap]]; nested: IndexShardRestoreFailedException[Failed to recover index]; nested: IOException[Random IOException];
	at org.elasticsearch.index.shard.StoreRecovery.executeRecovery(StoreRecovery.java:165)
	at org.elasticsearch.index.shard.StoreRecovery.recoverFromRepository(StoreRecovery.java:97)
	at org.elasticsearch.index.shard.IndexShard.restoreFromRepository(IndexShard.java:1110)
	at org.elasticsearch.indices.cluster.IndicesClusterStateService.lambda$applyInitializingShard$128(IndicesClusterStateService.java:654)
	at org.elasticsearch.indices.cluster.IndicesClusterStateService$$Lambda$561/1683367258.run(Unknown Source)
	at java.util.concurrent.ThreadPoolExecutor.runWorker(ThreadPoolExecutor.java:1142)
	at java.util.concurrent.ThreadPoolExecutor$Worker.run(ThreadPoolExecutor.java:617)
	at java.lang.Thread.run(Thread.java:745)
Caused by: [test-idx][[test-idx][8]] IndexShardRestoreFailedException[restore failed]; nested: IndexShardRestoreFailedException[failed to restore snapshot [test-snap]]; nested: IndexShardRestoreFailedException[Failed to recover index]; nested: IOException[Random IOException];
	at org.elasticsearch.index.shard.StoreRecovery.restore(StoreRecovery.java:265)
	at org.elasticsearch.index.shard.StoreRecovery.lambda$recoverFromRepository$123(StoreRecovery.java:99)
	at org.elasticsearch.index.shard.StoreRecovery$$Lambda$562/1148766141.run(Unknown Source)
	at org.elasticsearch.index.shard.StoreRecovery.executeRecovery(StoreRecovery.java:122)
	... 7 more
Caused by: [test-idx][[test-idx][8]] IndexShardRestoreFailedException[failed to restore snapshot [test-snap]]; nested: IndexShardRestoreFailedException[Failed to recover index]; nested: IOException[Random IOException];
	at org.elasticsearch.index.snapshots.blobstore.BlobStoreIndexShardRepository.restore(BlobStoreIndexShardRepository.java:208)
	at org.elasticsearch.index.shard.StoreRecovery.restore(StoreRecovery.java:260)
	... 10 more
Caused by: [test-idx][[test-idx][8]] IndexShardRestoreFailedException[Failed to recover index]; nested: IOException[Random IOException];
	at org.elasticsearch.index.snapshots.blobstore.BlobStoreIndexShardRepository$RestoreContext.restore(BlobStoreIndexShardRepository.java:867)
	at org.elasticsearch.index.snapshots.blobstore.BlobStoreIndexShardRepository.restore(BlobStoreIndexShardRepository.java:206)
	... 11 more
Caused by: java.io.IOException: Random IOException
	at org.elasticsearch.snapshots.mockstore.MockRepository$MockBlobStore$MockBlobContainer.maybeIOExceptionOrBlock(MockRepository.java:277)
	at org.elasticsearch.snapshots.mockstore.MockRepository$MockBlobStore$MockBlobContainer.readBlob(MockRepository.java:321)
	at org.elasticsearch.index.snapshots.blobstore.BlobStoreIndexShardRepository$PartSliceStream.openSlice(BlobStoreIndexShardRepository.java:769)
	at org.elasticsearch.index.snapshots.blobstore.SlicedInputStream.nextStream(SlicedInputStream.java:53)
	at org.elasticsearch.index.snapshots.blobstore.SlicedInputStream.currentStream(SlicedInputStream.java:67)
	at org.elasticsearch.index.snapshots.blobstore.SlicedInputStream.read(SlicedInputStream.java:88)
	at java.io.FilterInputStream.read(FilterInputStream.java:133)
	at org.elasticsearch.index.snapshots.blobstore.RateLimitingInputStream.read(RateLimitingInputStream.java:69)
	at java.io.FilterInputStream.read(FilterInputStream.java:107)
	at org.elasticsearch.index.snapshots.blobstore.BlobStoreIndexShardRepository$RestoreContext.restoreFile(BlobStoreIndexShardRepository.java:924)
	at org.elasticsearch.index.snapshots.blobstore.BlobStoreIndexShardRepository$RestoreContext.restore(BlobStoreIndexShardRepository.java:864)
	... 12 more
[2016-03-30 23:02:06,306][WARN ][org.elasticsearch.indices.cluster] [node_s1] [[test-idx][2]] marking and sending shard failed due to [failed recovery]
[test-idx][[test-idx][2]] IndexShardRecoveryException[failed recovery]; nested: IndexShardRestoreFailedException[restore failed]; nested: IndexShardRestoreFailedException[failed to restore snapshot [test-snap]]; nested: IndexShardRestoreFailedException[Failed to recover index]; nested: IOException[Random IOException];
	at org.elasticsearch.index.shard.StoreRecovery.executeRecovery(StoreRecovery.java:165)
	at org.elasticsearch.index.shard.StoreRecovery.recoverFromRepository(StoreRecovery.java:97)
	at org.elasticsearch.index.shard.IndexShard.restoreFromRepository(IndexShard.java:1110)
	at org.elasticsearch.indices.cluster.IndicesClusterStateService.lambda$applyInitializingShard$128(IndicesClusterStateService.java:654)
	at org.elasticsearch.indices.cluster.IndicesClusterStateService$$Lambda$561/1683367258.run(Unknown Source)
	at java.util.concurrent.ThreadPoolExecutor.runWorker(ThreadPoolExecutor.java:1142)
	at java.util.concurrent.ThreadPoolExecutor$Worker.run(ThreadPoolExecutor.java:617)
	at java.lang.Thread.run(Thread.java:745)
Caused by: [test-idx][[test-idx][2]] IndexShardRestoreFailedException[restore failed]; nested: IndexShardRestoreFailedException[failed to restore snapshot [test-snap]]; nested: IndexShardRestoreFailedException[Failed to recover index]; nested: IOException[Random IOException];
	at org.elasticsearch.index.shard.StoreRecovery.restore(StoreRecovery.java:265)
	at org.elasticsearch.index.shard.StoreRecovery.lambda$recoverFromRepository$123(StoreRecovery.java:99)
	at org.elasticsearch.index.shard.StoreRecovery$$Lambda$562/1148766141.run(Unknown Source)
	at org.elasticsearch.index.shard.StoreRecovery.executeRecovery(StoreRecovery.java:122)
	... 7 more
Caused by: [test-idx][[test-idx][2]] IndexShardRestoreFailedException[failed to restore snapshot [test-snap]]; nested: IndexShardRestoreFailedException[Failed to recover index]; nested: IOException[Random IOException];
	at org.elasticsearch.index.snapshots.blobstore.BlobStoreIndexShardRepository.restore(BlobStoreIndexShardRepository.java:208)
	at org.elasticsearch.index.shard.StoreRecovery.restore(StoreRecovery.java:260)
	... 10 more
Caused by: [test-idx][[test-idx][2]] IndexShardRestoreFailedException[Failed to recover index]; nested: IOException[Random IOException];
	at org.elasticsearch.index.snapshots.blobstore.BlobStoreIndexShardRepository$RestoreContext.restore(BlobStoreIndexShardRepository.java:867)
	at org.elasticsearch.index.snapshots.blobstore.BlobStoreIndexShardRepository.restore(BlobStoreIndexShardRepository.java:206)
	... 11 more
Caused by: java.io.IOException: Random IOException
	at org.elasticsearch.snapshots.mockstore.MockRepository$MockBlobStore$MockBlobContainer.maybeIOExceptionOrBlock(MockRepository.java:277)
	at org.elasticsearch.snapshots.mockstore.MockRepository$MockBlobStore$MockBlobContainer.readBlob(MockRepository.java:321)
	at org.elasticsearch.index.snapshots.blobstore.BlobStoreIndexShardRepository$PartSliceStream.openSlice(BlobStoreIndexShardRepository.java:769)
	at org.elasticsearch.index.snapshots.blobstore.SlicedInputStream.nextStream(SlicedInputStream.java:53)
	at org.elasticsearch.index.snapshots.blobstore.SlicedInputStream.currentStream(SlicedInputStream.java:67)
	at org.elasticsearch.index.snapshots.blobstore.SlicedInputStream.read(SlicedInputStream.java:88)
	at java.io.FilterInputStream.read(FilterInputStream.java:133)
	at org.elasticsearch.index.snapshots.blobstore.RateLimitingInputStream.read(RateLimitingInputStream.java:69)
	at java.io.FilterInputStream.read(FilterInputStream.java:107)
	at org.elasticsearch.index.snapshots.blobstore.BlobStoreIndexShardRepository$RestoreContext.restoreFile(BlobStoreIndexShardRepository.java:924)
	at org.elasticsearch.index.snapshots.blobstore.BlobStoreIndexShardRepository$RestoreContext.restore(BlobStoreIndexShardRepository.java:864)
	... 12 more
[2016-03-30 23:02:06,307][WARN ][org.elasticsearch.cluster.action.shard] [node_s0] [test-idx][8] received shard failed for [test-idx][8], node[BGl_MLcDTse8q5N9C0jt5A], [P], v[21], restoring[test-repo:test-snap], s[INITIALIZING], a[id=iilQ8dQfR8yB8aFoZ-yp_g], unassigned_info[[reason=ALLOCATION_FAILED], at[2016-03-31T06:02:06.258Z], details[failed recovery, failure IndexShardRecoveryException[failed recovery]; nested: IndexShardRestoreFailedException[restore failed]; nested: IndexShardRestoreFailedException[failed to restore snapshot [test-snap]]; nested: IndexShardRestoreFailedException[Failed to recover index]; nested: NotSerializableExceptionWrapper[Random IOException]; ]], expected_shard_size[130], indexUUID [4jpdB_g0RdurmlwQgV2n7w], message [failed recovery], failure [IndexShardRecoveryException[failed recovery]; nested: IndexShardRestoreFailedException[restore failed]; nested: IndexShardRestoreFailedException[failed to restore snapshot [test-snap]]; nested: IndexShardRestoreFailedException[Failed to recover index]; nested: NotSerializableExceptionWrapper[Random IOException]; ]
[test-idx][[test-idx][8]] IndexShardRecoveryException[failed recovery]; nested: IndexShardRestoreFailedException[restore failed]; nested: IndexShardRestoreFailedException[failed to restore snapshot [test-snap]]; nested: IndexShardRestoreFailedException[Failed to recover index]; nested: NotSerializableExceptionWrapper[Random IOException];
	at org.elasticsearch.index.shard.StoreRecovery.executeRecovery(StoreRecovery.java:165)
	at org.elasticsearch.index.shard.StoreRecovery.recoverFromRepository(StoreRecovery.java:97)
	at org.elasticsearch.index.shard.IndexShard.restoreFromRepository(IndexShard.java:1110)
	at org.elasticsearch.indices.cluster.IndicesClusterStateService.lambda$applyInitializingShard$128(IndicesClusterStateService.java:654)
	at org.elasticsearch.indices.cluster.IndicesClusterStateService$$Lambda$561/1683367258.run(Unknown Source)
	at java.util.concurrent.ThreadPoolExecutor.runWorker(ThreadPoolExecutor.java:1142)
	at java.util.concurrent.ThreadPoolExecutor$Worker.run(ThreadPoolExecutor.java:617)
	at java.lang.Thread.run(Thread.java:745)
Caused by: [test-idx][[test-idx][8]] IndexShardRestoreFailedException[restore failed]; nested: IndexShardRestoreFailedException[failed to restore snapshot [test-snap]]; nested: IndexShardRestoreFailedException[Failed to recover index]; nested: NotSerializableExceptionWrapper[Random IOException];
	at org.elasticsearch.index.shard.StoreRecovery.restore(StoreRecovery.java:265)
	at org.elasticsearch.index.shard.StoreRecovery.lambda$recoverFromRepository$123(StoreRecovery.java:99)
	at org.elasticsearch.index.shard.StoreRecovery$$Lambda$562/1148766141.run(Unknown Source)
	at org.elasticsearch.index.shard.StoreRecovery.executeRecovery(StoreRecovery.java:122)
	... 7 more
Caused by: [test-idx][[test-idx][8]] IndexShardRestoreFailedException[failed to restore snapshot [test-snap]]; nested: IndexShardRestoreFailedException[Failed to recover index]; nested: NotSerializableExceptionWrapper[Random IOException];
	at org.elasticsearch.index.snapshots.blobstore.BlobStoreIndexShardRepository.restore(BlobStoreIndexShardRepository.java:208)
	at org.elasticsearch.index.shard.StoreRecovery.restore(StoreRecovery.java:260)
	... 10 more
Caused by: [test-idx][[test-idx][8]] IndexShardRestoreFailedException[Failed to recover index]; nested: NotSerializableExceptionWrapper[Random IOException];
	at org.elasticsearch.index.snapshots.blobstore.BlobStoreIndexShardRepository$RestoreContext.restore(BlobStoreIndexShardRepository.java:867)
	at org.elasticsearch.index.snapshots.blobstore.BlobStoreIndexShardRepository.restore(BlobStoreIndexShardRepository.java:206)
	... 11 more
Caused by: NotSerializableExceptionWrapper[Random IOException]
	at org.elasticsearch.snapshots.mockstore.MockRepository$MockBlobStore$MockBlobContainer.maybeIOExceptionOrBlock(MockRepository.java:277)
	at org.elasticsearch.snapshots.mockstore.MockRepository$MockBlobStore$MockBlobContainer.readBlob(MockRepository.java:321)
	at org.elasticsearch.index.snapshots.blobstore.BlobStoreIndexShardRepository$PartSliceStream.openSlice(BlobStoreIndexShardRepository.java:769)
	at org.elasticsearch.index.snapshots.blobstore.SlicedInputStream.nextStream(SlicedInputStream.java:53)
	at org.elasticsearch.index.snapshots.blobstore.SlicedInputStream.currentStream(SlicedInputStream.java:67)
	at org.elasticsearch.index.snapshots.blobstore.SlicedInputStream.read(SlicedInputStream.java:88)
	at java.io.FilterInputStream.read(FilterInputStream.java:133)
	at org.elasticsearch.index.snapshots.blobstore.RateLimitingInputStream.read(RateLimitingInputStream.java:69)
	at java.io.FilterInputStream.read(FilterInputStream.java:107)
	at org.elasticsearch.index.snapshots.blobstore.BlobStoreIndexShardRepository$RestoreContext.restoreFile(BlobStoreIndexShardRepository.java:924)
	at org.elasticsearch.index.snapshots.blobstore.BlobStoreIndexShardRepository$RestoreContext.restore(BlobStoreIndexShardRepository.java:864)
	... 12 more
[2016-03-30 23:02:06,316][WARN ][org.elasticsearch.cluster.action.shard] [node_s0] [test-idx][2] received shard failed for [test-idx][2], node[BGl_MLcDTse8q5N9C0jt5A], [P], v[19], restoring[test-repo:test-snap], s[INITIALIZING], a[id=gg59NVWOROS5vL8_xnlFNQ], unassigned_info[[reason=ALLOCATION_FAILED], at[2016-03-31T06:02:06.258Z], details[failed recovery, failure IndexShardRecoveryException[failed recovery]; nested: IndexShardRestoreFailedException[restore failed]; nested: IndexShardRestoreFailedException[failed to restore snapshot [test-snap]]; nested: IndexShardRestoreFailedException[Failed to recover index]; nested: NotSerializableExceptionWrapper[Random IOException]; ]], expected_shard_size[0], indexUUID [4jpdB_g0RdurmlwQgV2n7w], message [failed recovery], failure [IndexShardRecoveryException[failed recovery]; nested: IndexShardRestoreFailedException[restore failed]; nested: IndexShardRestoreFailedException[failed to restore snapshot [test-snap]]; nested: IndexShardRestoreFailedException[Failed to recover index]; nested: NotSerializableExceptionWrapper[Random IOException]; ]
[test-idx][[test-idx][2]] IndexShardRecoveryException[failed recovery]; nested: IndexShardRestoreFailedException[restore failed]; nested: IndexShardRestoreFailedException[failed to restore snapshot [test-snap]]; nested: IndexShardRestoreFailedException[Failed to recover index]; nested: NotSerializableExceptionWrapper[Random IOException];
	at org.elasticsearch.index.shard.StoreRecovery.executeRecovery(StoreRecovery.java:165)
	at org.elasticsearch.index.shard.StoreRecovery.recoverFromRepository(StoreRecovery.java:97)
	at org.elasticsearch.index.shard.IndexShard.restoreFromRepository(IndexShard.java:1110)
	at org.elasticsearch.indices.cluster.IndicesClusterStateService.lambda$applyInitializingShard$128(IndicesClusterStateService.java:654)
	at org.elasticsearch.indices.cluster.IndicesClusterStateService$$Lambda$561/1683367258.run(Unknown Source)
	at java.util.concurrent.ThreadPoolExecutor.runWorker(ThreadPoolExecutor.java:1142)
	at java.util.concurrent.ThreadPoolExecutor$Worker.run(ThreadPoolExecutor.java:617)
	at java.lang.Thread.run(Thread.java:745)
Caused by: [test-idx][[test-idx][2]] IndexShardRestoreFailedException[restore failed]; nested: IndexShardRestoreFailedException[failed to restore snapshot [test-snap]]; nested: IndexShardRestoreFailedException[Failed to recover index]; nested: NotSerializableExceptionWrapper[Random IOException];
	at org.elasticsearch.index.shard.StoreRecovery.restore(StoreRecovery.java:265)
	at org.elasticsearch.index.shard.StoreRecovery.lambda$recoverFromRepository$123(StoreRecovery.java:99)
	at org.elasticsearch.index.shard.StoreRecovery$$Lambda$562/1148766141.run(Unknown Source)
	at org.elasticsearch.index.shard.StoreRecovery.executeRecovery(StoreRecovery.java:122)
	... 7 more
Caused by: [test-idx][[test-idx][2]] IndexShardRestoreFailedException[failed to restore snapshot [test-snap]]; nested: IndexShardRestoreFailedException[Failed to recover index]; nested: NotSerializableExceptionWrapper[Random IOException];
	at org.elasticsearch.index.snapshots.blobstore.BlobStoreIndexShardRepository.restore(BlobStoreIndexShardRepository.java:208)
	at org.elasticsearch.index.shard.StoreRecovery.restore(StoreRecovery.java:260)
	... 10 more
Caused by: [test-idx][[test-idx][2]] IndexShardRestoreFailedException[Failed to recover index]; nested: NotSerializableExceptionWrapper[Random IOException];
	at org.elasticsearch.index.snapshots.blobstore.BlobStoreIndexShardRepository$RestoreContext.restore(BlobStoreIndexShardRepository.java:867)
	at org.elasticsearch.index.snapshots.blobstore.BlobStoreIndexShardRepository.restore(BlobStoreIndexShardRepository.java:206)
	... 11 more
Caused by: NotSerializableExceptionWrapper[Random IOException]
	at org.elasticsearch.snapshots.mockstore.MockRepository$MockBlobStore$MockBlobContainer.maybeIOExceptionOrBlock(MockRepository.java:277)
	at org.elasticsearch.snapshots.mockstore.MockRepository$MockBlobStore$MockBlobContainer.readBlob(MockRepository.java:321)
	at org.elasticsearch.index.snapshots.blobstore.BlobStoreIndexShardRepository$PartSliceStream.openSlice(BlobStoreIndexShardRepository.java:769)
	at org.elasticsearch.index.snapshots.blobstore.SlicedInputStream.nextStream(SlicedInputStream.java:53)
	at org.elasticsearch.index.snapshots.blobstore.SlicedInputStream.currentStream(SlicedInputStream.java:67)
	at org.elasticsearch.index.snapshots.blobstore.SlicedInputStream.read(SlicedInputStream.java:88)
	at java.io.FilterInputStream.read(FilterInputStream.java:133)
	at org.elasticsearch.index.snapshots.blobstore.RateLimitingInputStream.read(RateLimitingInputStream.java:69)
	at java.io.FilterInputStream.read(FilterInputStream.java:107)
	at org.elasticsearch.index.snapshots.blobstore.BlobStoreIndexShardRepository$RestoreContext.restoreFile(BlobStoreIndexShardRepository.java:924)
	at org.elasticsearch.index.snapshots.blobstore.BlobStoreIndexShardRepository$RestoreContext.restore(BlobStoreIndexShardRepository.java:864)
	... 12 more
[2016-03-30 23:02:06,317][WARN ][org.elasticsearch.cluster.action.shard] [node_s0] [test-idx][2] received shard failed for [test-idx][2], node[BGl_MLcDTse8q5N9C0jt5A], [P], v[19], restoring[test-repo:test-snap], s[INITIALIZING], a[id=gg59NVWOROS5vL8_xnlFNQ], unassigned_info[[reason=ALLOCATION_FAILED], at[2016-03-31T06:02:06.258Z], details[failed recovery, failure IndexShardRecoveryException[failed recovery]; nested: IndexShardRestoreFailedException[restore failed]; nested: IndexShardRestoreFailedException[failed to restore snapshot [test-snap]]; nested: IndexShardRestoreFailedException[Failed to recover index]; nested: NotSerializableExceptionWrapper[Random IOException]; ]], expected_shard_size[0], indexUUID [4jpdB_g0RdurmlwQgV2n7w], message [master {node_s0}{YU4rw4SiR5aBA7JFJFd8EQ}{local}{local[78]}[mode=>local] marked shard as initializing, but shard is marked as failed, resend shard failure], failure [Unknown]
[2016-03-30 23:02:06,318][WARN ][org.elasticsearch.cluster.action.shard] [node_s0] [test-idx][8] received shard failed for [test-idx][8], node[BGl_MLcDTse8q5N9C0jt5A], [P], v[21], restoring[test-repo:test-snap], s[INITIALIZING], a[id=iilQ8dQfR8yB8aFoZ-yp_g], unassigned_info[[reason=ALLOCATION_FAILED], at[2016-03-31T06:02:06.258Z], details[failed recovery, failure IndexShardRecoveryException[failed recovery]; nested: IndexShardRestoreFailedException[restore failed]; nested: IndexShardRestoreFailedException[failed to restore snapshot [test-snap]]; nested: IndexShardRestoreFailedException[Failed to recover index]; nested: NotSerializableExceptionWrapper[Random IOException]; ]], expected_shard_size[130], indexUUID [4jpdB_g0RdurmlwQgV2n7w], message [master {node_s0}{YU4rw4SiR5aBA7JFJFd8EQ}{local}{local[78]}[mode=>local] marked shard as initializing, but shard is marked as failed, resend shard failure], failure [Unknown]
[2016-03-30 23:02:06,322][WARN ][org.elasticsearch.indices.cluster] [node_s1] [[test-idx][7]] marking and sending shard failed due to [failed recovery]
[test-idx][[test-idx][7]] IndexShardRecoveryException[failed recovery]; nested: IndexShardRestoreFailedException[restore failed]; nested: IndexShardRestoreFailedException[failed to restore snapshot [test-snap]]; nested: IndexShardRestoreFailedException[Failed to recover index]; nested: IOException[Random IOException];
	at org.elasticsearch.index.shard.StoreRecovery.executeRecovery(StoreRecovery.java:165)
	at org.elasticsearch.index.shard.StoreRecovery.recoverFromRepository(StoreRecovery.java:97)
	at org.elasticsearch.index.shard.IndexShard.restoreFromRepository(IndexShard.java:1110)
	at org.elasticsearch.indices.cluster.IndicesClusterStateService.lambda$applyInitializingShard$128(IndicesClusterStateService.java:654)
	at org.elasticsearch.indices.cluster.IndicesClusterStateService$$Lambda$561/1683367258.run(Unknown Source)
	at java.util.concurrent.ThreadPoolExecutor.runWorker(ThreadPoolExecutor.java:1142)
	at java.util.concurrent.ThreadPoolExecutor$Worker.run(ThreadPoolExecutor.java:617)
	at java.lang.Thread.run(Thread.java:745)
Caused by: [test-idx][[test-idx][7]] IndexShardRestoreFailedException[restore failed]; nested: IndexShardRestoreFailedException[failed to restore snapshot [test-snap]]; nested: IndexShardRestoreFailedException[Failed to recover index]; nested: IOException[Random IOException];
	at org.elasticsearch.index.shard.StoreRecovery.restore(StoreRecovery.java:265)
	at org.elasticsearch.index.shard.StoreRecovery.lambda$recoverFromRepository$123(StoreRecovery.java:99)
	at org.elasticsearch.index.shard.StoreRecovery$$Lambda$562/1148766141.run(Unknown Source)
	at org.elasticsearch.index.shard.StoreRecovery.executeRecovery(StoreRecovery.java:122)
	... 7 more
Caused by: [test-idx][[test-idx][7]] IndexShardRestoreFailedException[failed to restore snapshot [test-snap]]; nested: IndexShardRestoreFailedException[Failed to recover index]; nested: IOException[Random IOException];
	at org.elasticsearch.index.snapshots.blobstore.BlobStoreIndexShardRepository.restore(BlobStoreIndexShardRepository.java:208)
	at org.elasticsearch.index.shard.StoreRecovery.restore(StoreRecovery.java:260)
	... 10 more
Caused by: [test-idx][[test-idx][7]] IndexShardRestoreFailedException[Failed to recover index]; nested: IOException[Random IOException];
	at org.elasticsearch.index.snapshots.blobstore.BlobStoreIndexShardRepository$RestoreContext.restore(BlobStoreIndexShardRepository.java:867)
	at org.elasticsearch.index.snapshots.blobstore.BlobStoreIndexShardRepository.restore(BlobStoreIndexShardRepository.java:206)
	... 11 more
Caused by: java.io.IOException: Random IOException
	at org.elasticsearch.snapshots.mockstore.MockRepository$MockBlobStore$MockBlobContainer.maybeIOExceptionOrBlock(MockRepository.java:277)
	at org.elasticsearch.snapshots.mockstore.MockRepository$MockBlobStore$MockBlobContainer.readBlob(MockRepository.java:321)
	at org.elasticsearch.index.snapshots.blobstore.BlobStoreIndexShardRepository$PartSliceStream.openSlice(BlobStoreIndexShardRepository.java:769)
	at org.elasticsearch.index.snapshots.blobstore.SlicedInputStream.nextStream(SlicedInputStream.java:53)
	at org.elasticsearch.index.snapshots.blobstore.SlicedInputStream.currentStream(SlicedInputStream.java:67)
	at org.elasticsearch.index.snapshots.blobstore.SlicedInputStream.read(SlicedInputStream.java:88)
	at java.io.FilterInputStream.read(FilterInputStream.java:133)
	at org.elasticsearch.index.snapshots.blobstore.RateLimitingInputStream.read(RateLimitingInputStream.java:69)
	at java.io.FilterInputStream.read(FilterInputStream.java:107)
	at org.elasticsearch.index.snapshots.blobstore.BlobStoreIndexShardRepository$RestoreContext.restoreFile(BlobStoreIndexShardRepository.java:924)
	at org.elasticsearch.index.snapshots.blobstore.BlobStoreIndexShardRepository$RestoreContext.restore(BlobStoreIndexShardRepository.java:864)
	... 12 more
[2016-03-30 23:02:06,326][WARN ][org.elasticsearch.cluster.action.shard] [node_s0] [test-idx][7] received shard failed for [test-idx][7], node[BGl_MLcDTse8q5N9C0jt5A], [P], v[19], restoring[test-repo:test-snap], s[INITIALIZING], a[id=a_FWAuO7QUKxGfN07hiqyQ], unassigned_info[[reason=ALLOCATION_FAILED], at[2016-03-31T06:02:06.258Z], details[failed recovery, failure IndexShardRecoveryException[failed recovery]; nested: IndexShardRestoreFailedException[restore failed]; nested: IndexShardRestoreFailedException[failed to restore snapshot [test-snap]]; nested: IndexShardRestoreFailedException[Failed to recover index]; nested: NotSerializableExceptionWrapper[Random IOException]; ]], expected_shard_size[0], indexUUID [4jpdB_g0RdurmlwQgV2n7w], message [failed recovery], failure [IndexShardRecoveryException[failed recovery]; nested: IndexShardRestoreFailedException[restore failed]; nested: IndexShardRestoreFailedException[failed to restore snapshot [test-snap]]; nested: IndexShardRestoreFailedException[Failed to recover index]; nested: NotSerializableExceptionWrapper[Random IOException]; ]
[test-idx][[test-idx][7]] IndexShardRecoveryException[failed recovery]; nested: IndexShardRestoreFailedException[restore failed]; nested: IndexShardRestoreFailedException[failed to restore snapshot [test-snap]]; nested: IndexShardRestoreFailedException[Failed to recover index]; nested: NotSerializableExceptionWrapper[Random IOException];
	at org.elasticsearch.index.shard.StoreRecovery.executeRecovery(StoreRecovery.java:165)
	at org.elasticsearch.index.shard.StoreRecovery.recoverFromRepository(StoreRecovery.java:97)
	at org.elasticsearch.index.shard.IndexShard.restoreFromRepository(IndexShard.java:1110)
	at org.elasticsearch.indices.cluster.IndicesClusterStateService.lambda$applyInitializingShard$128(IndicesClusterStateService.java:654)
	at org.elasticsearch.indices.cluster.IndicesClusterStateService$$Lambda$561/1683367258.run(Unknown Source)
	at java.util.concurrent.ThreadPoolExecutor.runWorker(ThreadPoolExecutor.java:1142)
	at java.util.concurrent.ThreadPoolExecutor$Worker.run(ThreadPoolExecutor.java:617)
	at java.lang.Thread.run(Thread.java:745)
Caused by: [test-idx][[test-idx][7]] IndexShardRestoreFailedException[restore failed]; nested: IndexShardRestoreFailedException[failed to restore snapshot [test-snap]]; nested: IndexShardRestoreFailedException[Failed to recover index]; nested: NotSerializableExceptionWrapper[Random IOException];
	at org.elasticsearch.index.shard.StoreRecovery.restore(StoreRecovery.java:265)
	at org.elasticsearch.index.shard.StoreRecovery.lambda$recoverFromRepository$123(StoreRecovery.java:99)
	at org.elasticsearch.index.shard.StoreRecovery$$Lambda$562/1148766141.run(Unknown Source)
	at org.elasticsearch.index.shard.StoreRecovery.executeRecovery(StoreRecovery.java:122)
	... 7 more
Caused by: [test-idx][[test-idx][7]] IndexShardRestoreFailedException[failed to restore snapshot [test-snap]]; nested: IndexShardRestoreFailedException[Failed to recover index]; nested: NotSerializableExceptionWrapper[Random IOException];
	at org.elasticsearch.index.snapshots.blobstore.BlobStoreIndexShardRepository.restore(BlobStoreIndexShardRepository.java:208)
	at org.elasticsearch.index.shard.StoreRecovery.restore(StoreRecovery.java:260)
	... 10 more
Caused by: [test-idx][[test-idx][7]] IndexShardRestoreFailedException[Failed to recover index]; nested: NotSerializableExceptionWrapper[Random IOException];
	at org.elasticsearch.index.snapshots.blobstore.BlobStoreIndexShardRepository$RestoreContext.restore(BlobStoreIndexShardRepository.java:867)
	at org.elasticsearch.index.snapshots.blobstore.BlobStoreIndexShardRepository.restore(BlobStoreIndexShardRepository.java:206)
	... 11 more
Caused by: NotSerializableExceptionWrapper[Random IOException]
	at org.elasticsearch.snapshots.mockstore.MockRepository$MockBlobStore$MockBlobContainer.maybeIOExceptionOrBlock(MockRepository.java:277)
	at org.elasticsearch.snapshots.mockstore.MockRepository$MockBlobStore$MockBlobContainer.readBlob(MockRepository.java:321)
	at org.elasticsearch.index.snapshots.blobstore.BlobStoreIndexShardRepository$PartSliceStream.openSlice(BlobStoreIndexShardRepository.java:769)
	at org.elasticsearch.index.snapshots.blobstore.SlicedInputStream.nextStream(SlicedInputStream.java:53)
	at org.elasticsearch.index.snapshots.blobstore.SlicedInputStream.currentStream(SlicedInputStream.java:67)
	at org.elasticsearch.index.snapshots.blobstore.SlicedInputStream.read(SlicedInputStream.java:88)
	at java.io.FilterInputStream.read(FilterInputStream.java:133)
	at org.elasticsearch.index.snapshots.blobstore.RateLimitingInputStream.read(RateLimitingInputStream.java:69)
	at java.io.FilterInputStream.read(FilterInputStream.java:107)
	at org.elasticsearch.index.snapshots.blobstore.BlobStoreIndexShardRepository$RestoreContext.restoreFile(BlobStoreIndexShardRepository.java:924)
	at org.elasticsearch.index.snapshots.blobstore.BlobStoreIndexShardRepository$RestoreContext.restore(BlobStoreIndexShardRepository.java:864)
	... 12 more
[2016-03-30 23:02:06,330][WARN ][org.elasticsearch.indices.cluster] [node_s1] [[test-idx][0]] marking and sending shard failed due to [failed recovery]
[test-idx][[test-idx][0]] IndexShardRecoveryException[failed recovery]; nested: IndexShardRestoreFailedException[restore failed]; nested: IndexShardRestoreFailedException[failed to restore snapshot [test-snap]]; nested: IndexShardRestoreFailedException[Failed to recover index]; nested: IOException[Random IOException];
	at org.elasticsearch.index.shard.StoreRecovery.executeRecovery(StoreRecovery.java:165)
	at org.elasticsearch.index.shard.StoreRecovery.recoverFromRepository(StoreRecovery.java:97)
	at org.elasticsearch.index.shard.IndexShard.restoreFromRepository(IndexShard.java:1110)
	at org.elasticsearch.indices.cluster.IndicesClusterStateService.lambda$applyInitializingShard$128(IndicesClusterStateService.java:654)
	at org.elasticsearch.indices.cluster.IndicesClusterStateService$$Lambda$561/1683367258.run(Unknown Source)
	at java.util.concurrent.ThreadPoolExecutor.runWorker(ThreadPoolExecutor.java:1142)
	at java.util.concurrent.ThreadPoolExecutor$Worker.run(ThreadPoolExecutor.java:617)
	at java.lang.Thread.run(Thread.java:745)
Caused by: [test-idx][[test-idx][0]] IndexShardRestoreFailedException[restore failed]; nested: IndexShardRestoreFailedException[failed to restore snapshot [test-snap]]; nested: IndexShardRestoreFailedException[Failed to recover index]; nested: IOException[Random IOException];
	at org.elasticsearch.index.shard.StoreRecovery.restore(StoreRecovery.java:265)
	at org.elasticsearch.index.shard.StoreRecovery.lambda$recoverFromRepository$123(StoreRecovery.java:99)
	at org.elasticsearch.index.shard.StoreRecovery$$Lambda$562/1148766141.run(Unknown Source)
	at org.elasticsearch.index.shard.StoreRecovery.executeRecovery(StoreRecovery.java:122)
	... 7 more
Caused by: [test-idx][[test-idx][0]] IndexShardRestoreFailedException[failed to restore snapshot [test-snap]]; nested: IndexShardRestoreFailedException[Failed to recover index]; nested: IOException[Random IOException];
	at org.elasticsearch.index.snapshots.blobstore.BlobStoreIndexShardRepository.restore(BlobStoreIndexShardRepository.java:208)
	at org.elasticsearch.index.shard.StoreRecovery.restore(StoreRecovery.java:260)
	... 10 more
Caused by: [test-idx][[test-idx][0]] IndexShardRestoreFailedException[Failed to recover index]; nested: IOException[Random IOException];
	at org.elasticsearch.index.snapshots.blobstore.BlobStoreIndexShardRepository$RestoreContext.restore(BlobStoreIndexShardRepository.java:867)
	at org.elasticsearch.index.snapshots.blobstore.BlobStoreIndexShardRepository.restore(BlobStoreIndexShardRepository.java:206)
	... 11 more
Caused by: java.io.IOException: Random IOException
	at org.elasticsearch.snapshots.mockstore.MockRepository$MockBlobStore$MockBlobContainer.maybeIOExceptionOrBlock(MockRepository.java:277)
	at org.elasticsearch.snapshots.mockstore.MockRepository$MockBlobStore$MockBlobContainer.readBlob(MockRepository.java:321)
	at org.elasticsearch.index.snapshots.blobstore.BlobStoreIndexShardRepository$PartSliceStream.openSlice(BlobStoreIndexShardRepository.java:769)
	at org.elasticsearch.index.snapshots.blobstore.SlicedInputStream.nextStream(SlicedInputStream.java:53)
	at org.elasticsearch.index.snapshots.blobstore.SlicedInputStream.currentStream(SlicedInputStream.java:67)
	at org.elasticsearch.index.snapshots.blobstore.SlicedInputStream.read(SlicedInputStream.java:88)
	at java.io.FilterInputStream.read(FilterInputStream.java:133)
	at org.elasticsearch.index.snapshots.blobstore.RateLimitingInputStream.read(RateLimitingInputStream.java:69)
	at java.io.FilterInputStream.read(FilterInputStream.java:107)
	at org.elasticsearch.index.snapshots.blobstore.BlobStoreIndexShardRepository$RestoreContext.restoreFile(BlobStoreIndexShardRepository.java:924)
	at org.elasticsearch.index.snapshots.blobstore.BlobStoreIndexShardRepository$RestoreContext.restore(BlobStoreIndexShardRepository.java:864)
	... 12 more
[2016-03-30 23:02:06,331][WARN ][org.elasticsearch.cluster.action.shard] [node_s0] [test-idx][7] received shard failed for [test-idx][7], node[BGl_MLcDTse8q5N9C0jt5A], [P], v[19], restoring[test-repo:test-snap], s[INITIALIZING], a[id=a_FWAuO7QUKxGfN07hiqyQ], unassigned_info[[reason=ALLOCATION_FAILED], at[2016-03-31T06:02:06.258Z], details[failed recovery, failure IndexShardRecoveryException[failed recovery]; nested: IndexShardRestoreFailedException[restore failed]; nested: IndexShardRestoreFailedException[failed to restore snapshot [test-snap]]; nested: IndexShardRestoreFailedException[Failed to recover index]; nested: NotSerializableExceptionWrapper[Random IOException]; ]], expected_shard_size[0], indexUUID [4jpdB_g0RdurmlwQgV2n7w], message [master {node_s0}{YU4rw4SiR5aBA7JFJFd8EQ}{local}{local[78]}[mode=>local] marked shard as initializing, but shard is marked as failed, resend shard failure], failure [Unknown]
[2016-03-30 23:02:06,335][WARN ][org.elasticsearch.cluster.action.shard] [node_s0] [test-idx][0] received shard failed for [test-idx][0], node[BGl_MLcDTse8q5N9C0jt5A], [P], v[23], restoring[test-repo:test-snap], s[INITIALIZING], a[id=IfL2jcDzSfWNyCgO8pELIQ], unassigned_info[[reason=ALLOCATION_FAILED], at[2016-03-31T06:02:06.257Z], details[failed recovery, failure IndexShardRecoveryException[failed recovery]; nested: IndexShardRestoreFailedException[restore failed]; nested: IndexShardRestoreFailedException[failed to restore snapshot [test-snap]]; nested: IndexShardRestoreFailedException[Failed to recover index]; nested: NotSerializableExceptionWrapper[Random IOException]; ]], expected_shard_size[130], indexUUID [4jpdB_g0RdurmlwQgV2n7w], message [failed recovery], failure [IndexShardRecoveryException[failed recovery]; nested: IndexShardRestoreFailedException[restore failed]; nested: IndexShardRestoreFailedException[failed to restore snapshot [test-snap]]; nested: IndexShardRestoreFailedException[Failed to recover index]; nested: NotSerializableExceptionWrapper[Random IOException]; ]
[test-idx][[test-idx][0]] IndexShardRecoveryException[failed recovery]; nested: IndexShardRestoreFailedException[restore failed]; nested: IndexShardRestoreFailedException[failed to restore snapshot [test-snap]]; nested: IndexShardRestoreFailedException[Failed to recover index]; nested: NotSerializableExceptionWrapper[Random IOException];
	at org.elasticsearch.index.shard.StoreRecovery.executeRecovery(StoreRecovery.java:165)
	at org.elasticsearch.index.shard.StoreRecovery.recoverFromRepository(StoreRecovery.java:97)
	at org.elasticsearch.index.shard.IndexShard.restoreFromRepository(IndexShard.java:1110)
	at org.elasticsearch.indices.cluster.IndicesClusterStateService.lambda$applyInitializingShard$128(IndicesClusterStateService.java:654)
	at org.elasticsearch.indices.cluster.IndicesClusterStateService$$Lambda$561/1683367258.run(Unknown Source)
	at java.util.concurrent.ThreadPoolExecutor.runWorker(ThreadPoolExecutor.java:1142)
	at java.util.concurrent.ThreadPoolExecutor$Worker.run(ThreadPoolExecutor.java:617)
	at java.lang.Thread.run(Thread.java:745)
Caused by: [test-idx][[test-idx][0]] IndexShardRestoreFailedException[restore failed]; nested: IndexShardRestoreFailedException[failed to restore snapshot [test-snap]]; nested: IndexShardRestoreFailedException[Failed to recover index]; nested: NotSerializableExceptionWrapper[Random IOException];
	at org.elasticsearch.index.shard.StoreRecovery.restore(StoreRecovery.java:265)
	at org.elasticsearch.index.shard.StoreRecovery.lambda$recoverFromRepository$123(StoreRecovery.java:99)
	at org.elasticsearch.index.shard.StoreRecovery$$Lambda$562/1148766141.run(Unknown Source)
	at org.elasticsearch.index.shard.StoreRecovery.executeRecovery(StoreRecovery.java:122)
	... 7 more
Caused by: [test-idx][[test-idx][0]] IndexShardRestoreFailedException[failed to restore snapshot [test-snap]]; nested: IndexShardRestoreFailedException[Failed to recover index]; nested: NotSerializableExceptionWrapper[Random IOException];
	at org.elasticsearch.index.snapshots.blobstore.BlobStoreIndexShardRepository.restore(BlobStoreIndexShardRepository.java:208)
	at org.elasticsearch.index.shard.StoreRecovery.restore(StoreRecovery.java:260)
	... 10 more
Caused by: [test-idx][[test-idx][0]] IndexShardRestoreFailedException[Failed to recover index]; nested: NotSerializableExceptionWrapper[Random IOException];
	at org.elasticsearch.index.snapshots.blobstore.BlobStoreIndexShardRepository$RestoreContext.restore(BlobStoreIndexShardRepository.java:867)
	at org.elasticsearch.index.snapshots.blobstore.BlobStoreIndexShardRepository.restore(BlobStoreIndexShardRepository.java:206)
	... 11 more
Caused by: NotSerializableExceptionWrapper[Random IOException]
	at org.elasticsearch.snapshots.mockstore.MockRepository$MockBlobStore$MockBlobContainer.maybeIOExceptionOrBlock(MockRepository.java:277)
	at org.elasticsearch.snapshots.mockstore.MockRepository$MockBlobStore$MockBlobContainer.readBlob(MockRepository.java:321)
	at org.elasticsearch.index.snapshots.blobstore.BlobStoreIndexShardRepository$PartSliceStream.openSlice(BlobStoreIndexShardRepository.java:769)
	at org.elasticsearch.index.snapshots.blobstore.SlicedInputStream.nextStream(SlicedInputStream.java:53)
	at org.elasticsearch.index.snapshots.blobstore.SlicedInputStream.currentStream(SlicedInputStream.java:67)
	at org.elasticsearch.index.snapshots.blobstore.SlicedInputStream.read(SlicedInputStream.java:88)
	at java.io.FilterInputStream.read(FilterInputStream.java:133)
	at org.elasticsearch.index.snapshots.blobstore.RateLimitingInputStream.read(RateLimitingInputStream.java:69)
	at java.io.FilterInputStream.read(FilterInputStream.java:107)
	at org.elasticsearch.index.snapshots.blobstore.BlobStoreIndexShardRepository$RestoreContext.restoreFile(BlobStoreIndexShardRepository.java:924)
	at org.elasticsearch.index.snapshots.blobstore.BlobStoreIndexShardRepository$RestoreContext.restore(BlobStoreIndexShardRepository.java:864)
	... 12 more
[2016-03-30 23:02:06,343][WARN ][org.elasticsearch.cluster.action.shard] [node_s0] [test-idx][0] received shard failed for [test-idx][0], node[BGl_MLcDTse8q5N9C0jt5A], [P], v[23], restoring[test-repo:test-snap], s[INITIALIZING], a[id=IfL2jcDzSfWNyCgO8pELIQ], unassigned_info[[reason=ALLOCATION_FAILED], at[2016-03-31T06:02:06.257Z], details[failed recovery, failure IndexShardRecoveryException[failed recovery]; nested: IndexShardRestoreFailedException[restore failed]; nested: IndexShardRestoreFailedException[failed to restore snapshot [test-snap]]; nested: IndexShardRestoreFailedException[Failed to recover index]; nested: NotSerializableExceptionWrapper[Random IOException]; ]], expected_shard_size[130], indexUUID [4jpdB_g0RdurmlwQgV2n7w], message [master {node_s0}{YU4rw4SiR5aBA7JFJFd8EQ}{local}{local[78]}[mode=>local] marked shard as initializing, but shard is marked as failed, resend shard failure], failure [Unknown]
[2016-03-30 23:02:06,354][WARN ][org.elasticsearch.indices.cluster] [node_s0] [[test-idx][2]] marking and sending shard failed due to [failed recovery]
[test-idx][[test-idx][2]] IndexShardRecoveryException[failed recovery]; nested: IndexShardRestoreFailedException[restore failed]; nested: IndexShardRestoreFailedException[failed to restore snapshot [test-snap]]; nested: IndexShardRestoreFailedException[Failed to recover index]; nested: IOException[Random IOException];
	at org.elasticsearch.index.shard.StoreRecovery.executeRecovery(StoreRecovery.java:165)
	at org.elasticsearch.index.shard.StoreRecovery.recoverFromRepository(StoreRecovery.java:97)
	at org.elasticsearch.index.shard.IndexShard.restoreFromRepository(IndexShard.java:1110)
	at org.elasticsearch.indices.cluster.IndicesClusterStateService.lambda$applyInitializingShard$128(IndicesClusterStateService.java:654)
	at org.elasticsearch.indices.cluster.IndicesClusterStateService$$Lambda$561/1683367258.run(Unknown Source)
	at java.util.concurrent.ThreadPoolExecutor.runWorker(ThreadPoolExecutor.java:1142)
	at java.util.concurrent.ThreadPoolExecutor$Worker.run(ThreadPoolExecutor.java:617)
	at java.lang.Thread.run(Thread.java:745)
Caused by: [test-idx][[test-idx][2]] IndexShardRestoreFailedException[restore failed]; nested: IndexShardRestoreFailedException[failed to restore snapshot [test-snap]]; nested: IndexShardRestoreFailedException[Failed to recover index]; nested: IOException[Random IOException];
	at org.elasticsearch.index.shard.StoreRecovery.restore(StoreRecovery.java:265)
	at org.elasticsearch.index.shard.StoreRecovery.lambda$recoverFromRepository$123(StoreRecovery.java:99)
	at org.elasticsearch.index.shard.StoreRecovery$$Lambda$562/1148766141.run(Unknown Source)
	at org.elasticsearch.index.shard.StoreRecovery.executeRecovery(StoreRecovery.java:122)
	... 7 more
Caused by: [test-idx][[test-idx][2]] IndexShardRestoreFailedException[failed to restore snapshot [test-snap]]; nested: IndexShardRestoreFailedException[Failed to recover index]; nested: IOException[Random IOException];
	at org.elasticsearch.index.snapshots.blobstore.BlobStoreIndexShardRepository.restore(BlobStoreIndexShardRepository.java:208)
	at org.elasticsearch.index.shard.StoreRecovery.restore(StoreRecovery.java:260)
	... 10 more
Caused by: [test-idx][[test-idx][2]] IndexShardRestoreFailedException[Failed to recover index]; nested: IOException[Random IOException];
	at org.elasticsearch.index.snapshots.blobstore.BlobStoreIndexShardRepository$RestoreContext.restore(BlobStoreIndexShardRepository.java:867)
	at org.elasticsearch.index.snapshots.blobstore.BlobStoreIndexShardRepository.restore(BlobStoreIndexShardRepository.java:206)
	... 11 more
Caused by: java.io.IOException: Random IOException
	at org.elasticsearch.snapshots.mockstore.MockRepository$MockBlobStore$MockBlobContainer.maybeIOExceptionOrBlock(MockRepository.java:277)
	at org.elasticsearch.snapshots.mockstore.MockRepository$MockBlobStore$MockBlobContainer.readBlob(MockRepository.java:321)
	at org.elasticsearch.index.snapshots.blobstore.BlobStoreIndexShardRepository$PartSliceStream.openSlice(BlobStoreIndexShardRepository.java:769)
	at org.elasticsearch.index.snapshots.blobstore.SlicedInputStream.nextStream(SlicedInputStream.java:53)
	at org.elasticsearch.index.snapshots.blobstore.SlicedInputStream.currentStream(SlicedInputStream.java:67)
	at org.elasticsearch.index.snapshots.blobstore.SlicedInputStream.read(SlicedInputStream.java:88)
	at java.io.FilterInputStream.read(FilterInputStream.java:133)
	at org.elasticsearch.index.snapshots.blobstore.RateLimitingInputStream.read(RateLimitingInputStream.java:69)
	at java.io.FilterInputStream.read(FilterInputStream.java:107)
	at org.elasticsearch.index.snapshots.blobstore.BlobStoreIndexShardRepository$RestoreContext.restoreFile(BlobStoreIndexShardRepository.java:924)
	at org.elasticsearch.index.snapshots.blobstore.BlobStoreIndexShardRepository$RestoreContext.restore(BlobStoreIndexShardRepository.java:864)
	... 12 more
[2016-03-30 23:02:06,355][WARN ][org.elasticsearch.cluster.action.shard] [node_s0] [test-idx][2] received shard failed for [test-idx][2], node[YU4rw4SiR5aBA7JFJFd8EQ], [P], v[21], restoring[test-repo:test-snap], s[INITIALIZING], a[id=Kxef9-wOQYSJJaR8ZbH-KA], unassigned_info[[reason=ALLOCATION_FAILED], at[2016-03-31T06:02:06.324Z], details[failed recovery, failure IndexShardRecoveryException[failed recovery]; nested: IndexShardRestoreFailedException[restore failed]; nested: IndexShardRestoreFailedException[failed to restore snapshot [test-snap]]; nested: IndexShardRestoreFailedException[Failed to recover index]; nested: NotSerializableExceptionWrapper[Random IOException]; ]], expected_shard_size[0], indexUUID [4jpdB_g0RdurmlwQgV2n7w], message [failed recovery], failure [IndexShardRecoveryException[failed recovery]; nested: IndexShardRestoreFailedException[restore failed]; nested: IndexShardRestoreFailedException[failed to restore snapshot [test-snap]]; nested: IndexShardRestoreFailedException[Failed to recover index]; nested: IOException[Random IOException]; ]
[test-idx][[test-idx][2]] IndexShardRecoveryException[failed recovery]; nested: IndexShardRestoreFailedException[restore failed]; nested: IndexShardRestoreFailedException[failed to restore snapshot [test-snap]]; nested: IndexShardRestoreFailedException[Failed to recover index]; nested: IOException[Random IOException];
	at org.elasticsearch.index.shard.StoreRecovery.executeRecovery(StoreRecovery.java:165)
	at org.elasticsearch.index.shard.StoreRecovery.recoverFromRepository(StoreRecovery.java:97)
	at org.elasticsearch.index.shard.IndexShard.restoreFromRepository(IndexShard.java:1110)
	at org.elasticsearch.indices.cluster.IndicesClusterStateService.lambda$applyInitializingShard$128(IndicesClusterStateService.java:654)
	at org.elasticsearch.indices.cluster.IndicesClusterStateService$$Lambda$561/1683367258.run(Unknown Source)
	at java.util.concurrent.ThreadPoolExecutor.runWorker(ThreadPoolExecutor.java:1142)
	at java.util.concurrent.ThreadPoolExecutor$Worker.run(ThreadPoolExecutor.java:617)
	at java.lang.Thread.run(Thread.java:745)
Caused by: [test-idx][[test-idx][2]] IndexShardRestoreFailedException[restore failed]; nested: IndexShardRestoreFailedException[failed to restore snapshot [test-snap]]; nested: IndexShardRestoreFailedException[Failed to recover index]; nested: IOException[Random IOException];
	at org.elasticsearch.index.shard.StoreRecovery.restore(StoreRecovery.java:265)
	at org.elasticsearch.index.shard.StoreRecovery.lambda$recoverFromRepository$123(StoreRecovery.java:99)
	at org.elasticsearch.index.shard.StoreRecovery$$Lambda$562/1148766141.run(Unknown Source)
	at org.elasticsearch.index.shard.StoreRecovery.executeRecovery(StoreRecovery.java:122)
	... 7 more
Caused by: [test-idx][[test-idx][2]] IndexShardRestoreFailedException[failed to restore snapshot [test-snap]]; nested: IndexShardRestoreFailedException[Failed to recover index]; nested: IOException[Random IOException];
	at org.elasticsearch.index.snapshots.blobstore.BlobStoreIndexShardRepository.restore(BlobStoreIndexShardRepository.java:208)
	at org.elasticsearch.index.shard.StoreRecovery.restore(StoreRecovery.java:260)
	... 10 more
Caused by: [test-idx][[test-idx][2]] IndexShardRestoreFailedException[Failed to recover index]; nested: IOException[Random IOException];
	at org.elasticsearch.index.snapshots.blobstore.BlobStoreIndexShardRepository$RestoreContext.restore(BlobStoreIndexShardRepository.java:867)
	at org.elasticsearch.index.snapshots.blobstore.BlobStoreIndexShardRepository.restore(BlobStoreIndexShardRepository.java:206)
	... 11 more
Caused by: java.io.IOException: Random IOException
	at org.elasticsearch.snapshots.mockstore.MockRepository$MockBlobStore$MockBlobContainer.maybeIOExceptionOrBlock(MockRepository.java:277)
	at org.elasticsearch.snapshots.mockstore.MockRepository$MockBlobStore$MockBlobContainer.readBlob(MockRepository.java:321)
	at org.elasticsearch.index.snapshots.blobstore.BlobStoreIndexShardRepository$PartSliceStream.openSlice(BlobStoreIndexShardRepository.java:769)
	at org.elasticsearch.index.snapshots.blobstore.SlicedInputStream.nextStream(SlicedInputStream.java:53)
	at org.elasticsearch.index.snapshots.blobstore.SlicedInputStream.currentStream(SlicedInputStream.java:67)
	at org.elasticsearch.index.snapshots.blobstore.SlicedInputStream.read(SlicedInputStream.java:88)
	at java.io.FilterInputStream.read(FilterInputStream.java:133)
	at org.elasticsearch.index.snapshots.blobstore.RateLimitingInputStream.read(RateLimitingInputStream.java:69)
	at java.io.FilterInputStream.read(FilterInputStream.java:107)
	at org.elasticsearch.index.snapshots.blobstore.BlobStoreIndexShardRepository$RestoreContext.restoreFile(BlobStoreIndexShardRepository.java:924)
	at org.elasticsearch.index.snapshots.blobstore.BlobStoreIndexShardRepository$RestoreContext.restore(BlobStoreIndexShardRepository.java:864)
	... 12 more
[2016-03-30 23:02:06,356][WARN ][org.elasticsearch.indices.cluster] [node_s0] [[test-idx][4]] marking and sending shard failed due to [failed recovery]
[test-idx][[test-idx][4]] IndexShardRecoveryException[failed recovery]; nested: IndexShardRestoreFailedException[restore failed]; nested: IndexShardRestoreFailedException[failed to restore snapshot [test-snap]]; nested: IndexShardRestoreFailedException[Failed to recover index]; nested: IOException[Random IOException];
	at org.elasticsearch.index.shard.StoreRecovery.executeRecovery(StoreRecovery.java:165)
	at org.elasticsearch.index.shard.StoreRecovery.recoverFromRepository(StoreRecovery.java:97)
	at org.elasticsearch.index.shard.IndexShard.restoreFromRepository(IndexShard.java:1110)
	at org.elasticsearch.indices.cluster.IndicesClusterStateService.lambda$applyInitializingShard$128(IndicesClusterStateService.java:654)
	at org.elasticsearch.indices.cluster.IndicesClusterStateService$$Lambda$561/1683367258.run(Unknown Source)
	at java.util.concurrent.ThreadPoolExecutor.runWorker(ThreadPoolExecutor.java:1142)
	at java.util.concurrent.ThreadPoolExecutor$Worker.run(ThreadPoolExecutor.java:617)
	at java.lang.Thread.run(Thread.java:745)
Caused by: [test-idx][[test-idx][4]] IndexShardRestoreFailedException[restore failed]; nested: IndexShardRestoreFailedException[failed to restore snapshot [test-snap]]; nested: IndexShardRestoreFailedException[Failed to recover index]; nested: IOException[Random IOException];
	at org.elasticsearch.index.shard.StoreRecovery.restore(StoreRecovery.java:265)
	at org.elasticsearch.index.shard.StoreRecovery.lambda$recoverFromRepository$123(StoreRecovery.java:99)
	at org.elasticsearch.index.shard.StoreRecovery$$Lambda$562/1148766141.run(Unknown Source)
	at org.elasticsearch.index.shard.StoreRecovery.executeRecovery(StoreRecovery.java:122)
	... 7 more
Caused by: [test-idx][[test-idx][4]] IndexShardRestoreFailedException[failed to restore snapshot [test-snap]]; nested: IndexShardRestoreFailedException[Failed to recover index]; nested: IOException[Random IOException];
	at org.elasticsearch.index.snapshots.blobstore.BlobStoreIndexShardRepository.restore(BlobStoreIndexShardRepository.java:208)
	at org.elasticsearch.index.shard.StoreRecovery.restore(StoreRecovery.java:260)
	... 10 more
Caused by: [test-idx][[test-idx][4]] IndexShardRestoreFailedException[Failed to recover index]; nested: IOException[Random IOException];
	at org.elasticsearch.index.snapshots.blobstore.BlobStoreIndexShardRepository$RestoreContext.restore(BlobStoreIndexShardRepository.java:867)
	at org.elasticsearch.index.snapshots.blobstore.BlobStoreIndexShardRepository.restore(BlobStoreIndexShardRepository.java:206)
	... 11 more
Caused by: java.io.IOException: Random IOException
	at org.elasticsearch.snapshots.mockstore.MockRepository$MockBlobStore$MockBlobContainer.maybeIOExceptionOrBlock(MockRepository.java:277)
	at org.elasticsearch.snapshots.mockstore.MockRepository$MockBlobStore$MockBlobContainer.readBlob(MockRepository.java:321)
	at org.elasticsearch.index.snapshots.blobstore.BlobStoreIndexShardRepository$PartSliceStream.openSlice(BlobStoreIndexShardRepository.java:769)
	at org.elasticsearch.index.snapshots.blobstore.SlicedInputStream.nextStream(SlicedInputStream.java:53)
	at org.elasticsearch.index.snapshots.blobstore.SlicedInputStream.currentStream(SlicedInputStream.java:67)
	at org.elasticsearch.index.snapshots.blobstore.SlicedInputStream.read(SlicedInputStream.java:88)
	at java.io.FilterInputStream.read(FilterInputStream.java:133)
	at org.elasticsearch.index.snapshots.blobstore.RateLimitingInputStream.read(RateLimitingInputStream.java:69)
	at java.io.FilterInputStream.read(FilterInputStream.java:107)
	at org.elasticsearch.index.snapshots.blobstore.BlobStoreIndexShardRepository$RestoreContext.restoreFile(BlobStoreIndexShardRepository.java:924)
	at org.elasticsearch.index.snapshots.blobstore.BlobStoreIndexShardRepository$RestoreContext.restore(BlobStoreIndexShardRepository.java:864)
	... 12 more
[2016-03-30 23:02:06,357][WARN ][org.elasticsearch.cluster.action.shard] [node_s0] [test-idx][4] received shard failed for [test-idx][4], node[YU4rw4SiR5aBA7JFJFd8EQ], [P], v[25], restoring[test-repo:test-snap], s[INITIALIZING], a[id=A9cymFEvS36tN0JH3m1Xgw], unassigned_info[[reason=ALLOCATION_FAILED], at[2016-03-31T06:02:06.270Z], details[failed recovery, failure IndexShardRecoveryException[failed recovery]; nested: IndexShardRestoreFailedException[restore failed]; nested: IndexShardRestoreFailedException[failed to restore snapshot [test-snap]]; nested: IndexShardRestoreFailedException[Failed to recover index]; nested: NotSerializableExceptionWrapper[Random IOException]; ]], expected_shard_size[0], indexUUID [4jpdB_g0RdurmlwQgV2n7w], message [failed recovery], failure [IndexShardRecoveryException[failed recovery]; nested: IndexShardRestoreFailedException[restore failed]; nested: IndexShardRestoreFailedException[failed to restore snapshot [test-snap]]; nested: IndexShardRestoreFailedException[Failed to recover index]; nested: IOException[Random IOException]; ]
[test-idx][[test-idx][4]] IndexShardRecoveryException[failed recovery]; nested: IndexShardRestoreFailedException[restore failed]; nested: IndexShardRestoreFailedException[failed to restore snapshot [test-snap]]; nested: IndexShardRestoreFailedException[Failed to recover index]; nested: IOException[Random IOException];
	at org.elasticsearch.index.shard.StoreRecovery.executeRecovery(StoreRecovery.java:165)
	at org.elasticsearch.index.shard.StoreRecovery.recoverFromRepository(StoreRecovery.java:97)
	at org.elasticsearch.index.shard.IndexShard.restoreFromRepository(IndexShard.java:1110)
	at org.elasticsearch.indices.cluster.IndicesClusterStateService.lambda$applyInitializingShard$128(IndicesClusterStateService.java:654)
	at org.elasticsearch.indices.cluster.IndicesClusterStateService$$Lambda$561/1683367258.run(Unknown Source)
	at java.util.concurrent.ThreadPoolExecutor.runWorker(ThreadPoolExecutor.java:1142)
	at java.util.concurrent.ThreadPoolExecutor$Worker.run(ThreadPoolExecutor.java:617)
	at java.lang.Thread.run(Thread.java:745)
Caused by: [test-idx][[test-idx][4]] IndexShardRestoreFailedException[restore failed]; nested: IndexShardRestoreFailedException[failed to restore snapshot [test-snap]]; nested: IndexShardRestoreFailedException[Failed to recover index]; nested: IOException[Random IOException];
	at org.elasticsearch.index.shard.StoreRecovery.restore(StoreRecovery.java:265)
	at org.elasticsearch.index.shard.StoreRecovery.lambda$recoverFromRepository$123(StoreRecovery.java:99)
	at org.elasticsearch.index.shard.StoreRecovery$$Lambda$562/1148766141.run(Unknown Source)
	at org.elasticsearch.index.shard.StoreRecovery.executeRecovery(StoreRecovery.java:122)
	... 7 more
Caused by: [test-idx][[test-idx][4]] IndexShardRestoreFailedException[failed to restore snapshot [test-snap]]; nested: IndexShardRestoreFailedException[Failed to recover index]; nested: IOException[Random IOException];
	at org.elasticsearch.index.snapshots.blobstore.BlobStoreIndexShardRepository.restore(BlobStoreIndexShardRepository.java:208)
	at org.elasticsearch.index.shard.StoreRecovery.restore(StoreRecovery.java:260)
	... 10 more
Caused by: [test-idx][[test-idx][4]] IndexShardRestoreFailedException[Failed to recover index]; nested: IOException[Random IOException];
	at org.elasticsearch.index.snapshots.blobstore.BlobStoreIndexShardRepository$RestoreContext.restore(BlobStoreIndexShardRepository.java:867)
	at org.elasticsearch.index.snapshots.blobstore.BlobStoreIndexShardRepository.restore(BlobStoreIndexShardRepository.java:206)
	... 11 more
Caused by: java.io.IOException: Random IOException
	at org.elasticsearch.snapshots.mockstore.MockRepository$MockBlobStore$MockBlobContainer.maybeIOExceptionOrBlock(MockRepository.java:277)
	at org.elasticsearch.snapshots.mockstore.MockRepository$MockBlobStore$MockBlobContainer.readBlob(MockRepository.java:321)
	at org.elasticsearch.index.snapshots.blobstore.BlobStoreIndexShardRepository$PartSliceStream.openSlice(BlobStoreIndexShardRepository.java:769)
	at org.elasticsearch.index.snapshots.blobstore.SlicedInputStream.nextStream(SlicedInputStream.java:53)
	at org.elasticsearch.index.snapshots.blobstore.SlicedInputStream.currentStream(SlicedInputStream.java:67)
	at org.elasticsearch.index.snapshots.blobstore.SlicedInputStream.read(SlicedInputStream.java:88)
	at java.io.FilterInputStream.read(FilterInputStream.java:133)
	at org.elasticsearch.index.snapshots.blobstore.RateLimitingInputStream.read(RateLimitingInputStream.java:69)
	at java.io.FilterInputStream.read(FilterInputStream.java:107)
	at org.elasticsearch.index.snapshots.blobstore.BlobStoreIndexShardRepository$RestoreContext.restoreFile(BlobStoreIndexShardRepository.java:924)
	at org.elasticsearch.index.snapshots.blobstore.BlobStoreIndexShardRepository$RestoreContext.restore(BlobStoreIndexShardRepository.java:864)
	... 12 more
[2016-03-30 23:02:06,366][WARN ][org.elasticsearch.cluster.action.shard] [node_s0] [test-idx][2] received shard failed for [test-idx][2], node[YU4rw4SiR5aBA7JFJFd8EQ], [P], v[21], restoring[test-repo:test-snap], s[INITIALIZING], a[id=Kxef9-wOQYSJJaR8ZbH-KA], unassigned_info[[reason=ALLOCATION_FAILED], at[2016-03-31T06:02:06.324Z], details[failed recovery, failure IndexShardRecoveryException[failed recovery]; nested: IndexShardRestoreFailedException[restore failed]; nested: IndexShardRestoreFailedException[failed to restore snapshot [test-snap]]; nested: IndexShardRestoreFailedException[Failed to recover index]; nested: NotSerializableExceptionWrapper[Random IOException]; ]], expected_shard_size[0], indexUUID [4jpdB_g0RdurmlwQgV2n7w], message [master {node_s0}{YU4rw4SiR5aBA7JFJFd8EQ}{local}{local[78]}[mode=>local] marked shard as initializing, but shard is marked as failed, resend shard failure], failure [Unknown]
[2016-03-30 23:02:06,366][WARN ][org.elasticsearch.cluster.action.shard] [node_s0] [test-idx][4] received shard failed for [test-idx][4], node[YU4rw4SiR5aBA7JFJFd8EQ], [P], v[25], restoring[test-repo:test-snap], s[INITIALIZING], a[id=A9cymFEvS36tN0JH3m1Xgw], unassigned_info[[reason=ALLOCATION_FAILED], at[2016-03-31T06:02:06.270Z], details[failed recovery, failure IndexShardRecoveryException[failed recovery]; nested: IndexShardRestoreFailedException[restore failed]; nested: IndexShardRestoreFailedException[failed to restore snapshot [test-snap]]; nested: IndexShardRestoreFailedException[Failed to recover index]; nested: NotSerializableExceptionWrapper[Random IOException]; ]], expected_shard_size[0], indexUUID [4jpdB_g0RdurmlwQgV2n7w], message [master {node_s0}{YU4rw4SiR5aBA7JFJFd8EQ}{local}{local[78]}[mode=>local] marked shard as initializing, but shard is marked as failed, resend shard failure], failure [Unknown]
[2016-03-30 23:02:06,367][WARN ][org.elasticsearch.indices.cluster] [node_s0] [[test-idx][8]] marking and sending shard failed due to [failed recovery]
[test-idx][[test-idx][8]] IndexShardRecoveryException[failed recovery]; nested: IndexShardRestoreFailedException[restore failed]; nested: IndexShardRestoreFailedException[failed to restore snapshot [test-snap]]; nested: IndexShardRestoreFailedException[Failed to recover index]; nested: IOException[Random IOException];
	at org.elasticsearch.index.shard.StoreRecovery.executeRecovery(StoreRecovery.java:165)
	at org.elasticsearch.index.shard.StoreRecovery.recoverFromRepository(StoreRecovery.java:97)
	at org.elasticsearch.index.shard.IndexShard.restoreFromRepository(IndexShard.java:1110)
	at org.elasticsearch.indices.cluster.IndicesClusterStateService.lambda$applyInitializingShard$128(IndicesClusterStateService.java:654)
	at org.elasticsearch.indices.cluster.IndicesClusterStateService$$Lambda$561/1683367258.run(Unknown Source)
	at java.util.concurrent.ThreadPoolExecutor.runWorker(ThreadPoolExecutor.java:1142)
	at java.util.concurrent.ThreadPoolExecutor$Worker.run(ThreadPoolExecutor.java:617)
	at java.lang.Thread.run(Thread.java:745)
Caused by: [test-idx][[test-idx][8]] IndexShardRestoreFailedException[restore failed]; nested: IndexShardRestoreFailedException[failed to restore snapshot [test-snap]]; nested: IndexShardRestoreFailedException[Failed to recover index]; nested: IOException[Random IOException];
	at org.elasticsearch.index.shard.StoreRecovery.restore(StoreRecovery.java:265)
	at org.elasticsearch.index.shard.StoreRecovery.lambda$recoverFromRepository$123(StoreRecovery.java:99)
	at org.elasticsearch.index.shard.StoreRecovery$$Lambda$562/1148766141.run(Unknown Source)
	at org.elasticsearch.index.shard.StoreRecovery.executeRecovery(StoreRecovery.java:122)
	... 7 more
Caused by: [test-idx][[test-idx][8]] IndexShardRestoreFailedException[failed to restore snapshot [test-snap]]; nested: IndexShardRestoreFailedException[Failed to recover index]; nested: IOException[Random IOException];
	at org.elasticsearch.index.snapshots.blobstore.BlobStoreIndexShardRepository.restore(BlobStoreIndexShardRepository.java:208)
	at org.elasticsearch.index.shard.StoreRecovery.restore(StoreRecovery.java:260)
	... 10 more
Caused by: [test-idx][[test-idx][8]] IndexShardRestoreFailedException[Failed to recover index]; nested: IOException[Random IOException];
	at org.elasticsearch.index.snapshots.blobstore.BlobStoreIndexShardRepository$RestoreContext.restore(BlobStoreIndexShardRepository.java:867)
	at org.elasticsearch.index.snapshots.blobstore.BlobStoreIndexShardRepository.restore(BlobStoreIndexShardRepository.java:206)
	... 11 more
Caused by: java.io.IOException: Random IOException
	at org.elasticsearch.snapshots.mockstore.MockRepository$MockBlobStore$MockBlobContainer.maybeIOExceptionOrBlock(MockRepository.java:277)
	at org.elasticsearch.snapshots.mockstore.MockRepository$MockBlobStore$MockBlobContainer.readBlob(MockRepository.java:321)
	at org.elasticsearch.index.snapshots.blobstore.BlobStoreIndexShardRepository$PartSliceStream.openSlice(BlobStoreIndexShardRepository.java:769)
	at org.elasticsearch.index.snapshots.blobstore.SlicedInputStream.nextStream(SlicedInputStream.java:53)
	at org.elasticsearch.index.snapshots.blobstore.SlicedInputStream.currentStream(SlicedInputStream.java:67)
	at org.elasticsearch.index.snapshots.blobstore.SlicedInputStream.read(SlicedInputStream.java:88)
	at java.io.FilterInputStream.read(FilterInputStream.java:133)
	at org.elasticsearch.index.snapshots.blobstore.RateLimitingInputStream.read(RateLimitingInputStream.java:69)
	at java.io.FilterInputStream.read(FilterInputStream.java:107)
	at org.elasticsearch.index.snapshots.blobstore.BlobStoreIndexShardRepository$RestoreContext.restoreFile(BlobStoreIndexShardRepository.java:924)
	at org.elasticsearch.index.snapshots.blobstore.BlobStoreIndexShardRepository$RestoreContext.restore(BlobStoreIndexShardRepository.java:864)
	... 12 more
[2016-03-30 23:02:06,368][WARN ][org.elasticsearch.cluster.action.shard] [node_s0] [test-idx][8] received shard failed for [test-idx][8], node[YU4rw4SiR5aBA7JFJFd8EQ], [P], v[23], restoring[test-repo:test-snap], s[INITIALIZING], a[id=PVB6NJikSr6kVbzrDbwaQQ], unassigned_info[[reason=ALLOCATION_FAILED], at[2016-03-31T06:02:06.324Z], details[failed recovery, failure IndexShardRecoveryException[failed recovery]; nested: IndexShardRestoreFailedException[restore failed]; nested: IndexShardRestoreFailedException[failed to restore snapshot [test-snap]]; nested: IndexShardRestoreFailedException[Failed to recover index]; nested: NotSerializableExceptionWrapper[Random IOException]; ]], expected_shard_size[130], indexUUID [4jpdB_g0RdurmlwQgV2n7w], message [failed recovery], failure [IndexShardRecoveryException[failed recovery]; nested: IndexShardRestoreFailedException[restore failed]; nested: IndexShardRestoreFailedException[failed to restore snapshot [test-snap]]; nested: IndexShardRestoreFailedException[Failed to recover index]; nested: IOException[Random IOException]; ]
[test-idx][[test-idx][8]] IndexShardRecoveryException[failed recovery]; nested: IndexShardRestoreFailedException[restore failed]; nested: IndexShardRestoreFailedException[failed to restore snapshot [test-snap]]; nested: IndexShardRestoreFailedException[Failed to recover index]; nested: IOException[Random IOException];
	at org.elasticsearch.index.shard.StoreRecovery.executeRecovery(StoreRecovery.java:165)
	at org.elasticsearch.index.shard.StoreRecovery.recoverFromRepository(StoreRecovery.java:97)
	at org.elasticsearch.index.shard.IndexShard.restoreFromRepository(IndexShard.java:1110)
	at org.elasticsearch.indices.cluster.IndicesClusterStateService.lambda$applyInitializingShard$128(IndicesClusterStateService.java:654)
	at org.elasticsearch.indices.cluster.IndicesClusterStateService$$Lambda$561/1683367258.run(Unknown Source)
	at java.util.concurrent.ThreadPoolExecutor.runWorker(ThreadPoolExecutor.java:1142)
	at java.util.concurrent.ThreadPoolExecutor$Worker.run(ThreadPoolExecutor.java:617)
	at java.lang.Thread.run(Thread.java:745)
Caused by: [test-idx][[test-idx][8]] IndexShardRestoreFailedException[restore failed]; nested: IndexShardRestoreFailedException[failed to restore snapshot [test-snap]]; nested: IndexShardRestoreFailedException[Failed to recover index]; nested: IOException[Random IOException];
	at org.elasticsearch.index.shard.StoreRecovery.restore(StoreRecovery.java:265)
	at org.elasticsearch.index.shard.StoreRecovery.lambda$recoverFromRepository$123(StoreRecovery.java:99)
	at org.elasticsearch.index.shard.StoreRecovery$$Lambda$562/1148766141.run(Unknown Source)
	at org.elasticsearch.index.shard.StoreRecovery.executeRecovery(StoreRecovery.java:122)
	... 7 more
Caused by: [test-idx][[test-idx][8]] IndexShardRestoreFailedException[failed to restore snapshot [test-snap]]; nested: IndexShardRestoreFailedException[Failed to recover index]; nested: IOException[Random IOException];
	at org.elasticsearch.index.snapshots.blobstore.BlobStoreIndexShardRepository.restore(BlobStoreIndexShardRepository.java:208)
	at org.elasticsearch.index.shard.StoreRecovery.restore(StoreRecovery.java:260)
	... 10 more
Caused by: [test-idx][[test-idx][8]] IndexShardRestoreFailedException[Failed to recover index]; nested: IOException[Random IOException];
	at org.elasticsearch.index.snapshots.blobstore.BlobStoreIndexShardRepository$RestoreContext.restore(BlobStoreIndexShardRepository.java:867)
	at org.elasticsearch.index.snapshots.blobstore.BlobStoreIndexShardRepository.restore(BlobStoreIndexShardRepository.java:206)
	... 11 more
Caused by: java.io.IOException: Random IOException
	at org.elasticsearch.snapshots.mockstore.MockRepository$MockBlobStore$MockBlobContainer.maybeIOExceptionOrBlock(MockRepository.java:277)
	at org.elasticsearch.snapshots.mockstore.MockRepository$MockBlobStore$MockBlobContainer.readBlob(MockRepository.java:321)
	at org.elasticsearch.index.snapshots.blobstore.BlobStoreIndexShardRepository$PartSliceStream.openSlice(BlobStoreIndexShardRepository.java:769)
	at org.elasticsearch.index.snapshots.blobstore.SlicedInputStream.nextStream(SlicedInputStream.java:53)
	at org.elasticsearch.index.snapshots.blobstore.SlicedInputStream.currentStream(SlicedInputStream.java:67)
	at org.elasticsearch.index.snapshots.blobstore.SlicedInputStream.read(SlicedInputStream.java:88)
	at java.io.FilterInputStream.read(FilterInputStream.java:133)
	at org.elasticsearch.index.snapshots.blobstore.RateLimitingInputStream.read(RateLimitingInputStream.java:69)
	at java.io.FilterInputStream.read(FilterInputStream.java:107)
	at org.elasticsearch.index.snapshots.blobstore.BlobStoreIndexShardRepository$RestoreContext.restoreFile(BlobStoreIndexShardRepository.java:924)
	at org.elasticsearch.index.snapshots.blobstore.BlobStoreIndexShardRepository$RestoreContext.restore(BlobStoreIndexShardRepository.java:864)
	... 12 more
[2016-03-30 23:02:06,372][WARN ][org.elasticsearch.cluster.action.shard] [node_s0] [test-idx][8] received shard failed for [test-idx][8], node[YU4rw4SiR5aBA7JFJFd8EQ], [P], v[23], restoring[test-repo:test-snap], s[INITIALIZING], a[id=PVB6NJikSr6kVbzrDbwaQQ], unassigned_info[[reason=ALLOCATION_FAILED], at[2016-03-31T06:02:06.324Z], details[failed recovery, failure IndexShardRecoveryException[failed recovery]; nested: IndexShardRestoreFailedException[restore failed]; nested: IndexShardRestoreFailedException[failed to restore snapshot [test-snap]]; nested: IndexShardRestoreFailedException[Failed to recover index]; nested: NotSerializableExceptionWrapper[Random IOException]; ]], expected_shard_size[130], indexUUID [4jpdB_g0RdurmlwQgV2n7w], message [master {node_s0}{YU4rw4SiR5aBA7JFJFd8EQ}{local}{local[78]}[mode=>local] marked shard as initializing, but shard is marked as failed, resend shard failure], failure [Unknown]
[2016-03-30 23:02:06,377][WARN ][org.elasticsearch.indices.cluster] [node_s0] [[test-idx][7]] marking and sending shard failed due to [failed recovery]
[test-idx][[test-idx][7]] IndexShardRecoveryException[failed recovery]; nested: IndexShardRestoreFailedException[restore failed]; nested: IndexShardRestoreFailedException[failed to restore snapshot [test-snap]]; nested: IndexShardRestoreFailedException[Failed to recover index]; nested: IOException[Random IOException];
	at org.elasticsearch.index.shard.StoreRecovery.executeRecovery(StoreRecovery.java:165)
	at org.elasticsearch.index.shard.StoreRecovery.recoverFromRepository(StoreRecovery.java:97)
	at org.elasticsearch.index.shard.IndexShard.restoreFromRepository(IndexShard.java:1110)
	at org.elasticsearch.indices.cluster.IndicesClusterStateService.lambda$applyInitializingShard$128(IndicesClusterStateService.java:654)
	at org.elasticsearch.indices.cluster.IndicesClusterStateService$$Lambda$561/1683367258.run(Unknown Source)
	at java.util.concurrent.ThreadPoolExecutor.runWorker(ThreadPoolExecutor.java:1142)
	at java.util.concurrent.ThreadPoolExecutor$Worker.run(ThreadPoolExecutor.java:617)
	at java.lang.Thread.run(Thread.java:745)
Caused by: [test-idx][[test-idx][7]] IndexShardRestoreFailedException[restore failed]; nested: IndexShardRestoreFailedException[failed to restore snapshot [test-snap]]; nested: IndexShardRestoreFailedException[Failed to recover index]; nested: IOException[Random IOException];
	at org.elasticsearch.index.shard.StoreRecovery.restore(StoreRecovery.java:265)
	at org.elasticsearch.index.shard.StoreRecovery.lambda$recoverFromRepository$123(StoreRecovery.java:99)
	at org.elasticsearch.index.shard.StoreRecovery$$Lambda$562/1148766141.run(Unknown Source)
	at org.elasticsearch.index.shard.StoreRecovery.executeRecovery(StoreRecovery.java:122)
	... 7 more
Caused by: [test-idx][[test-idx][7]] IndexShardRestoreFailedException[failed to restore snapshot [test-snap]]; nested: IndexShardRestoreFailedException[Failed to recover index]; nested: IOException[Random IOException];
	at org.elasticsearch.index.snapshots.blobstore.BlobStoreIndexShardRepository.restore(BlobStoreIndexShardRepository.java:208)
	at org.elasticsearch.index.shard.StoreRecovery.restore(StoreRecovery.java:260)
	... 10 more
Caused by: [test-idx][[test-idx][7]] IndexShardRestoreFailedException[Failed to recover index]; nested: IOException[Random IOException];
	at org.elasticsearch.index.snapshots.blobstore.BlobStoreIndexShardRepository$RestoreContext.restore(BlobStoreIndexShardRepository.java:867)
	at org.elasticsearch.index.snapshots.blobstore.BlobStoreIndexShardRepository.restore(BlobStoreIndexShardRepository.java:206)
	... 11 more
Caused by: java.io.IOException: Random IOException
	at org.elasticsearch.snapshots.mockstore.MockRepository$MockBlobStore$MockBlobContainer.maybeIOExceptionOrBlock(MockRepository.java:277)
	at org.elasticsearch.snapshots.mockstore.MockRepository$MockBlobStore$MockBlobContainer.readBlob(MockRepository.java:321)
	at org.elasticsearch.index.snapshots.blobstore.BlobStoreIndexShardRepository$PartSliceStream.openSlice(BlobStoreIndexShardRepository.java:769)
	at org.elasticsearch.index.snapshots.blobstore.SlicedInputStream.nextStream(SlicedInputStream.java:53)
	at org.elasticsearch.index.snapshots.blobstore.SlicedInputStream.currentStream(SlicedInputStream.java:67)
	at org.elasticsearch.index.snapshots.blobstore.SlicedInputStream.read(SlicedInputStream.java:88)
	at java.io.FilterInputStream.read(FilterInputStream.java:133)
	at org.elasticsearch.index.snapshots.blobstore.RateLimitingInputStream.read(RateLimitingInputStream.java:69)
	at java.io.FilterInputStream.read(FilterInputStream.java:107)
	at org.elasticsearch.index.snapshots.blobstore.BlobStoreIndexShardRepository$RestoreContext.restoreFile(BlobStoreIndexShardRepository.java:924)
	at org.elasticsearch.index.snapshots.blobstore.BlobStoreIndexShardRepository$RestoreContext.restore(BlobStoreIndexShardRepository.java:864)
	... 12 more
[2016-03-30 23:02:06,378][WARN ][org.elasticsearch.cluster.action.shard] [node_s0] [test-idx][7] received shard failed for [test-idx][7], node[YU4rw4SiR5aBA7JFJFd8EQ], [P], v[21], restoring[test-repo:test-snap], s[INITIALIZING], a[id=3yx7Z68qTGmtY8J3uFK8Ww], unassigned_info[[reason=ALLOCATION_FAILED], at[2016-03-31T06:02:06.335Z], details[failed recovery, failure IndexShardRecoveryException[failed recovery]; nested: IndexShardRestoreFailedException[restore failed]; nested: IndexShardRestoreFailedException[failed to restore snapshot [test-snap]]; nested: IndexShardRestoreFailedException[Failed to recover index]; nested: NotSerializableExceptionWrapper[Random IOException]; ]], expected_shard_size[0], indexUUID [4jpdB_g0RdurmlwQgV2n7w], message [failed recovery], failure [IndexShardRecoveryException[failed recovery]; nested: IndexShardRestoreFailedException[restore failed]; nested: IndexShardRestoreFailedException[failed to restore snapshot [test-snap]]; nested: IndexShardRestoreFailedException[Failed to recover index]; nested: IOException[Random IOException]; ]
[test-idx][[test-idx][7]] IndexShardRecoveryException[failed recovery]; nested: IndexShardRestoreFailedException[restore failed]; nested: IndexShardRestoreFailedException[failed to restore snapshot [test-snap]]; nested: IndexShardRestoreFailedException[Failed to recover index]; nested: IOException[Random IOException];
	at org.elasticsearch.index.shard.StoreRecovery.executeRecovery(StoreRecovery.java:165)
	at org.elasticsearch.index.shard.StoreRecovery.recoverFromRepository(StoreRecovery.java:97)
	at org.elasticsearch.index.shard.IndexShard.restoreFromRepository(IndexShard.java:1110)
	at org.elasticsearch.indices.cluster.IndicesClusterStateService.lambda$applyInitializingShard$128(IndicesClusterStateService.java:654)
	at org.elasticsearch.indices.cluster.IndicesClusterStateService$$Lambda$561/1683367258.run(Unknown Source)
	at java.util.concurrent.ThreadPoolExecutor.runWorker(ThreadPoolExecutor.java:1142)
	at java.util.concurrent.ThreadPoolExecutor$Worker.run(ThreadPoolExecutor.java:617)
	at java.lang.Thread.run(Thread.java:745)
Caused by: [test-idx][[test-idx][7]] IndexShardRestoreFailedException[restore failed]; nested: IndexShardRestoreFailedException[failed to restore snapshot [test-snap]]; nested: IndexShardRestoreFailedException[Failed to recover index]; nested: IOException[Random IOException];
	at org.elasticsearch.index.shard.StoreRecovery.restore(StoreRecovery.java:265)
	at org.elasticsearch.index.shard.StoreRecovery.lambda$recoverFromRepository$123(StoreRecovery.java:99)
	at org.elasticsearch.index.shard.StoreRecovery$$Lambda$562/1148766141.run(Unknown Source)
	at org.elasticsearch.index.shard.StoreRecovery.executeRecovery(StoreRecovery.java:122)
	... 7 more
Caused by: [test-idx][[test-idx][7]] IndexShardRestoreFailedException[failed to restore snapshot [test-snap]]; nested: IndexShardRestoreFailedException[Failed to recover index]; nested: IOException[Random IOException];
	at org.elasticsearch.index.snapshots.blobstore.BlobStoreIndexShardRepository.restore(BlobStoreIndexShardRepository.java:208)
	at org.elasticsearch.index.shard.StoreRecovery.restore(StoreRecovery.java:260)
	... 10 more
Caused by: [test-idx][[test-idx][7]] IndexShardRestoreFailedException[Failed to recover index]; nested: IOException[Random IOException];
	at org.elasticsearch.index.snapshots.blobstore.BlobStoreIndexShardRepository$RestoreContext.restore(BlobStoreIndexShardRepository.java:867)
	at org.elasticsearch.index.snapshots.blobstore.BlobStoreIndexShardRepository.restore(BlobStoreIndexShardRepository.java:206)
	... 11 more
Caused by: java.io.IOException: Random IOException
	at org.elasticsearch.snapshots.mockstore.MockRepository$MockBlobStore$MockBlobContainer.maybeIOExceptionOrBlock(MockRepository.java:277)
	at org.elasticsearch.snapshots.mockstore.MockRepository$MockBlobStore$MockBlobContainer.readBlob(MockRepository.java:321)
	at org.elasticsearch.index.snapshots.blobstore.BlobStoreIndexShardRepository$PartSliceStream.openSlice(BlobStoreIndexShardRepository.java:769)
	at org.elasticsearch.index.snapshots.blobstore.SlicedInputStream.nextStream(SlicedInputStream.java:53)
	at org.elasticsearch.index.snapshots.blobstore.SlicedInputStream.currentStream(SlicedInputStream.java:67)
	at org.elasticsearch.index.snapshots.blobstore.SlicedInputStream.read(SlicedInputStream.java:88)
	at java.io.FilterInputStream.read(FilterInputStream.java:133)
	at org.elasticsearch.index.snapshots.blobstore.RateLimitingInputStream.read(RateLimitingInputStream.java:69)
	at java.io.FilterInputStream.read(FilterInputStream.java:107)
	at org.elasticsearch.index.snapshots.blobstore.BlobStoreIndexShardRepository$RestoreContext.restoreFile(BlobStoreIndexShardRepository.java:924)
	at org.elasticsearch.index.snapshots.blobstore.BlobStoreIndexShardRepository$RestoreContext.restore(BlobStoreIndexShardRepository.java:864)
	... 12 more
[2016-03-30 23:02:06,384][WARN ][org.elasticsearch.indices.cluster] [node_s0] [[test-idx][0]] marking and sending shard failed due to [failed recovery]
[test-idx][[test-idx][0]] IndexShardRecoveryException[failed recovery]; nested: IndexShardRestoreFailedException[restore failed]; nested: IndexShardRestoreFailedException[failed to restore snapshot [test-snap]]; nested: IndexShardRestoreFailedException[Failed to recover index]; nested: IOException[Random IOException];
	at org.elasticsearch.index.shard.StoreRecovery.executeRecovery(StoreRecovery.java:165)
	at org.elasticsearch.index.shard.StoreRecovery.recoverFromRepository(StoreRecovery.java:97)
	at org.elasticsearch.index.shard.IndexShard.restoreFromRepository(IndexShard.java:1110)
	at org.elasticsearch.indices.cluster.IndicesClusterStateService.lambda$applyInitializingShard$128(IndicesClusterStateService.java:654)
	at org.elasticsearch.indices.cluster.IndicesClusterStateService$$Lambda$561/1683367258.run(Unknown Source)
	at java.util.concurrent.ThreadPoolExecutor.runWorker(ThreadPoolExecutor.java:1142)
	at java.util.concurrent.ThreadPoolExecutor$Worker.run(ThreadPoolExecutor.java:617)
	at java.lang.Thread.run(Thread.java:745)
Caused by: [test-idx][[test-idx][0]] IndexShardRestoreFailedException[restore failed]; nested: IndexShardRestoreFailedException[failed to restore snapshot [test-snap]]; nested: IndexShardRestoreFailedException[Failed to recover index]; nested: IOException[Random IOException];
	at org.elasticsearch.index.shard.StoreRecovery.restore(StoreRecovery.java:265)
	at org.elasticsearch.index.shard.StoreRecovery.lambda$recoverFromRepository$123(StoreRecovery.java:99)
	at org.elasticsearch.index.shard.StoreRecovery$$Lambda$562/1148766141.run(Unknown Source)
	at org.elasticsearch.index.shard.StoreRecovery.executeRecovery(StoreRecovery.java:122)
	... 7 more
Caused by: [test-idx][[test-idx][0]] IndexShardRestoreFailedException[failed to restore snapshot [test-snap]]; nested: IndexShardRestoreFailedException[Failed to recover index]; nested: IOException[Random IOException];
	at org.elasticsearch.index.snapshots.blobstore.BlobStoreIndexShardRepository.restore(BlobStoreIndexShardRepository.java:208)
	at org.elasticsearch.index.shard.StoreRecovery.restore(StoreRecovery.java:260)
	... 10 more
Caused by: [test-idx][[test-idx][0]] IndexShardRestoreFailedException[Failed to recover index]; nested: IOException[Random IOException];
	at org.elasticsearch.index.snapshots.blobstore.BlobStoreIndexShardRepository$RestoreContext.restore(BlobStoreIndexShardRepository.java:867)
	at org.elasticsearch.index.snapshots.blobstore.BlobStoreIndexShardRepository.restore(BlobStoreIndexShardRepository.java:206)
	... 11 more
Caused by: java.io.IOException: Random IOException
	at org.elasticsearch.snapshots.mockstore.MockRepository$MockBlobStore$MockBlobContainer.maybeIOExceptionOrBlock(MockRepository.java:277)
	at org.elasticsearch.snapshots.mockstore.MockRepository$MockBlobStore$MockBlobContainer.readBlob(MockRepository.java:321)
	at org.elasticsearch.index.snapshots.blobstore.BlobStoreIndexShardRepository$PartSliceStream.openSlice(BlobStoreIndexShardRepository.java:769)
	at org.elasticsearch.index.snapshots.blobstore.SlicedInputStream.nextStream(SlicedInputStream.java:53)
	at org.elasticsearch.index.snapshots.blobstore.SlicedInputStream.currentStream(SlicedInputStream.java:67)
	at org.elasticsearch.index.snapshots.blobstore.SlicedInputStream.read(SlicedInputStream.java:88)
	at java.io.FilterInputStream.read(FilterInputStream.java:133)
	at org.elasticsearch.index.snapshots.blobstore.RateLimitingInputStream.read(RateLimitingInputStream.java:69)
	at java.io.FilterInputStream.read(FilterInputStream.java:107)
	at org.elasticsearch.index.snapshots.blobstore.BlobStoreIndexShardRepository$RestoreContext.restoreFile(BlobStoreIndexShardRepository.java:924)
	at org.elasticsearch.index.snapshots.blobstore.BlobStoreIndexShardRepository$RestoreContext.restore(BlobStoreIndexShardRepository.java:864)
	... 12 more
[2016-03-30 23:02:06,385][WARN ][org.elasticsearch.cluster.action.shard] [node_s0] [test-idx][0] received shard failed for [test-idx][0], node[YU4rw4SiR5aBA7JFJFd8EQ], [P], v[25], restoring[test-repo:test-snap], s[INITIALIZING], a[id=BfYEL8dDSXOTt8vOB3S0Sg], unassigned_info[[reason=ALLOCATION_FAILED], at[2016-03-31T06:02:06.355Z], details[failed recovery, failure IndexShardRecoveryException[failed recovery]; nested: IndexShardRestoreFailedException[restore failed]; nested: IndexShardRestoreFailedException[failed to restore snapshot [test-snap]]; nested: IndexShardRestoreFailedException[Failed to recover index]; nested: NotSerializableExceptionWrapper[Random IOException]; ]], expected_shard_size[130], indexUUID [4jpdB_g0RdurmlwQgV2n7w], message [failed recovery], failure [IndexShardRecoveryException[failed recovery]; nested: IndexShardRestoreFailedException[restore failed]; nested: IndexShardRestoreFailedException[failed to restore snapshot [test-snap]]; nested: IndexShardRestoreFailedException[Failed to recover index]; nested: IOException[Random IOException]; ]
[test-idx][[test-idx][0]] IndexShardRecoveryException[failed recovery]; nested: IndexShardRestoreFailedException[restore failed]; nested: IndexShardRestoreFailedException[failed to restore snapshot [test-snap]]; nested: IndexShardRestoreFailedException[Failed to recover index]; nested: IOException[Random IOException];
	at org.elasticsearch.index.shard.StoreRecovery.executeRecovery(StoreRecovery.java:165)
	at org.elasticsearch.index.shard.StoreRecovery.recoverFromRepository(StoreRecovery.java:97)
	at org.elasticsearch.index.shard.IndexShard.restoreFromRepository(IndexShard.java:1110)
	at org.elasticsearch.indices.cluster.IndicesClusterStateService.lambda$applyInitializingShard$128(IndicesClusterStateService.java:654)
	at org.elasticsearch.indices.cluster.IndicesClusterStateService$$Lambda$561/1683367258.run(Unknown Source)
	at java.util.concurrent.ThreadPoolExecutor.runWorker(ThreadPoolExecutor.java:1142)
	at java.util.concurrent.ThreadPoolExecutor$Worker.run(ThreadPoolExecutor.java:617)
	at java.lang.Thread.run(Thread.java:745)
Caused by: [test-idx][[test-idx][0]] IndexShardRestoreFailedException[restore failed]; nested: IndexShardRestoreFailedException[failed to restore snapshot [test-snap]]; nested: IndexShardRestoreFailedException[Failed to recover index]; nested: IOException[Random IOException];
	at org.elasticsearch.index.shard.StoreRecovery.restore(StoreRecovery.java:265)
	at org.elasticsearch.index.shard.StoreRecovery.lambda$recoverFromRepository$123(StoreRecovery.java:99)
	at org.elasticsearch.index.shard.StoreRecovery$$Lambda$562/1148766141.run(Unknown Source)
	at org.elasticsearch.index.shard.StoreRecovery.executeRecovery(StoreRecovery.java:122)
	... 7 more
Caused by: [test-idx][[test-idx][0]] IndexShardRestoreFailedException[failed to restore snapshot [test-snap]]; nested: IndexShardRestoreFailedException[Failed to recover index]; nested: IOException[Random IOException];
	at org.elasticsearch.index.snapshots.blobstore.BlobStoreIndexShardRepository.restore(BlobStoreIndexShardRepository.java:208)
	at org.elasticsearch.index.shard.StoreRecovery.restore(StoreRecovery.java:260)
	... 10 more
Caused by: [test-idx][[test-idx][0]] IndexShardRestoreFailedException[Failed to recover index]; nested: IOException[Random IOException];
	at org.elasticsearch.index.snapshots.blobstore.BlobStoreIndexShardRepository$RestoreContext.restore(BlobStoreIndexShardRepository.java:867)
	at org.elasticsearch.index.snapshots.blobstore.BlobStoreIndexShardRepository.restore(BlobStoreIndexShardRepository.java:206)
	... 11 more
Caused by: java.io.IOException: Random IOException
	at org.elasticsearch.snapshots.mockstore.MockRepository$MockBlobStore$MockBlobContainer.maybeIOExceptionOrBlock(MockRepository.java:277)
	at org.elasticsearch.snapshots.mockstore.MockRepository$MockBlobStore$MockBlobContainer.readBlob(MockRepository.java:321)
	at org.elasticsearch.index.snapshots.blobstore.BlobStoreIndexShardRepository$PartSliceStream.openSlice(BlobStoreIndexShardRepository.java:769)
	at org.elasticsearch.index.snapshots.blobstore.SlicedInputStream.nextStream(SlicedInputStream.java:53)
	at org.elasticsearch.index.snapshots.blobstore.SlicedInputStream.currentStream(SlicedInputStream.java:67)
	at org.elasticsearch.index.snapshots.blobstore.SlicedInputStream.read(SlicedInputStream.java:88)
	at java.io.FilterInputStream.read(FilterInputStream.java:133)
	at org.elasticsearch.index.snapshots.blobstore.RateLimitingInputStream.read(RateLimitingInputStream.java:69)
	at java.io.FilterInputStream.read(FilterInputStream.java:107)
	at org.elasticsearch.index.snapshots.blobstore.BlobStoreIndexShardRepository$RestoreContext.restoreFile(BlobStoreIndexShardRepository.java:924)
	at org.elasticsearch.index.snapshots.blobstore.BlobStoreIndexShardRepository$RestoreContext.restore(BlobStoreIndexShardRepository.java:864)
	... 12 more
[2016-03-30 23:02:06,401][WARN ][org.elasticsearch.indices.cluster] [node_s1] [[test-idx][4]] marking and sending shard failed due to [failed recovery]
[test-idx][[test-idx][4]] IndexShardRecoveryException[failed recovery]; nested: IndexShardRestoreFailedException[restore failed]; nested: IndexShardRestoreFailedException[failed to restore snapshot [test-snap]]; nested: IndexShardRestoreFailedException[Failed to recover index]; nested: IOException[Random IOException];
	at org.elasticsearch.index.shard.StoreRecovery.executeRecovery(StoreRecovery.java:165)
	at org.elasticsearch.index.shard.StoreRecovery.recoverFromRepository(StoreRecovery.java:97)
	at org.elasticsearch.index.shard.IndexShard.restoreFromRepository(IndexShard.java:1110)
	at org.elasticsearch.indices.cluster.IndicesClusterStateService.lambda$applyInitializingShard$128(IndicesClusterStateService.java:654)
	at org.elasticsearch.indices.cluster.IndicesClusterStateService$$Lambda$561/1683367258.run(Unknown Source)
	at java.util.concurrent.ThreadPoolExecutor.runWorker(ThreadPoolExecutor.java:1142)
	at java.util.concurrent.ThreadPoolExecutor$Worker.run(ThreadPoolExecutor.java:617)
	at java.lang.Thread.run(Thread.java:745)
Caused by: [test-idx][[test-idx][4]] IndexShardRestoreFailedException[restore failed]; nested: IndexShardRestoreFailedException[failed to restore snapshot [test-snap]]; nested: IndexShardRestoreFailedException[Failed to recover index]; nested: IOException[Random IOException];
	at org.elasticsearch.index.shard.StoreRecovery.restore(StoreRecovery.java:265)
	at org.elasticsearch.index.shard.StoreRecovery.lambda$recoverFromRepository$123(StoreRecovery.java:99)
	at org.elasticsearch.index.shard.StoreRecovery$$Lambda$562/1148766141.run(Unknown Source)
	at org.elasticsearch.index.shard.StoreRecovery.executeRecovery(StoreRecovery.java:122)
	... 7 more
Caused by: [test-idx][[test-idx][4]] IndexShardRestoreFailedException[failed to restore snapshot [test-snap]]; nested: IndexShardRestoreFailedException[Failed to recover index]; nested: IOException[Random IOException];
	at org.elasticsearch.index.snapshots.blobstore.BlobStoreIndexShardRepository.restore(BlobStoreIndexShardRepository.java:208)
	at org.elasticsearch.index.shard.StoreRecovery.restore(StoreRecovery.java:260)
	... 10 more
Caused by: [test-idx][[test-idx][4]] IndexShardRestoreFailedException[Failed to recover index]; nested: IOException[Random IOException];
	at org.elasticsearch.index.snapshots.blobstore.BlobStoreIndexShardRepository$RestoreContext.restore(BlobStoreIndexShardRepository.java:867)
	at org.elasticsearch.index.snapshots.blobstore.BlobStoreIndexShardRepository.restore(BlobStoreIndexShardRepository.java:206)
	... 11 more
Caused by: java.io.IOException: Random IOException
	at org.elasticsearch.snapshots.mockstore.MockRepository$MockBlobStore$MockBlobContainer.maybeIOExceptionOrBlock(MockRepository.java:277)
	at org.elasticsearch.snapshots.mockstore.MockRepository$MockBlobStore$MockBlobContainer.readBlob(MockRepository.java:321)
	at org.elasticsearch.index.snapshots.blobstore.BlobStoreIndexShardRepository$PartSliceStream.openSlice(BlobStoreIndexShardRepository.java:769)
	at org.elasticsearch.index.snapshots.blobstore.SlicedInputStream.nextStream(SlicedInputStream.java:53)
	at org.elasticsearch.index.snapshots.blobstore.SlicedInputStream.currentStream(SlicedInputStream.java:67)
	at org.elasticsearch.index.snapshots.blobstore.SlicedInputStream.read(SlicedInputStream.java:88)
	at java.io.FilterInputStream.read(FilterInputStream.java:133)
	at org.elasticsearch.index.snapshots.blobstore.RateLimitingInputStream.read(RateLimitingInputStream.java:69)
	at java.io.FilterInputStream.read(FilterInputStream.java:107)
	at org.elasticsearch.index.snapshots.blobstore.BlobStoreIndexShardRepository$RestoreContext.restoreFile(BlobStoreIndexShardRepository.java:924)
	at org.elasticsearch.index.snapshots.blobstore.BlobStoreIndexShardRepository$RestoreContext.restore(BlobStoreIndexShardRepository.java:864)
	... 12 more
[2016-03-30 23:02:06,402][WARN ][org.elasticsearch.cluster.action.shard] [node_s0] [test-idx][7] received shard failed for [test-idx][7], node[YU4rw4SiR5aBA7JFJFd8EQ], [P], v[21], restoring[test-repo:test-snap], s[INITIALIZING], a[id=3yx7Z68qTGmtY8J3uFK8Ww], unassigned_info[[reason=ALLOCATION_FAILED], at[2016-03-31T06:02:06.335Z], details[failed recovery, failure IndexShardRecoveryException[failed recovery]; nested: IndexShardRestoreFailedException[restore failed]; nested: IndexShardRestoreFailedException[failed to restore snapshot [test-snap]]; nested: IndexShardRestoreFailedException[Failed to recover index]; nested: NotSerializableExceptionWrapper[Random IOException]; ]], expected_shard_size[0], indexUUID [4jpdB_g0RdurmlwQgV2n7w], message [master {node_s0}{YU4rw4SiR5aBA7JFJFd8EQ}{local}{local[78]}[mode=>local] marked shard as initializing, but shard is marked as failed, resend shard failure], failure [Unknown]
[2016-03-30 23:02:06,403][WARN ][org.elasticsearch.cluster.action.shard] [node_s0] [test-idx][0] received shard failed for [test-idx][0], node[YU4rw4SiR5aBA7JFJFd8EQ], [P], v[25], restoring[test-repo:test-snap], s[INITIALIZING], a[id=BfYEL8dDSXOTt8vOB3S0Sg], unassigned_info[[reason=ALLOCATION_FAILED], at[2016-03-31T06:02:06.355Z], details[failed recovery, failure IndexShardRecoveryException[failed recovery]; nested: IndexShardRestoreFailedException[restore failed]; nested: IndexShardRestoreFailedException[failed to restore snapshot [test-snap]]; nested: IndexShardRestoreFailedException[Failed to recover index]; nested: NotSerializableExceptionWrapper[Random IOException]; ]], expected_shard_size[130], indexUUID [4jpdB_g0RdurmlwQgV2n7w], message [master {node_s0}{YU4rw4SiR5aBA7JFJFd8EQ}{local}{local[78]}[mode=>local] marked shard as initializing, but shard is marked as failed, resend shard failure], failure [Unknown]
[2016-03-30 23:02:06,405][WARN ][org.elasticsearch.indices.cluster] [node_s1] [[test-idx][2]] marking and sending shard failed due to [failed recovery]
[test-idx][[test-idx][2]] IndexShardRecoveryException[failed recovery]; nested: IndexShardRestoreFailedException[restore failed]; nested: IndexShardRestoreFailedException[failed to restore snapshot [test-snap]]; nested: IndexShardRestoreFailedException[Failed to recover index]; nested: IOException[Random IOException];
	at org.elasticsearch.index.shard.StoreRecovery.executeRecovery(StoreRecovery.java:165)
	at org.elasticsearch.index.shard.StoreRecovery.recoverFromRepository(StoreRecovery.java:97)
	at org.elasticsearch.index.shard.IndexShard.restoreFromRepository(IndexShard.java:1110)
	at org.elasticsearch.indices.cluster.IndicesClusterStateService.lambda$applyInitializingShard$128(IndicesClusterStateService.java:654)
	at org.elasticsearch.indices.cluster.IndicesClusterStateService$$Lambda$561/1683367258.run(Unknown Source)
	at java.util.concurrent.ThreadPoolExecutor.runWorker(ThreadPoolExecutor.java:1142)
	at java.util.concurrent.ThreadPoolExecutor$Worker.run(ThreadPoolExecutor.java:617)
	at java.lang.Thread.run(Thread.java:745)
Caused by: [test-idx][[test-idx][2]] IndexShardRestoreFailedException[restore failed]; nested: IndexShardRestoreFailedException[failed to restore snapshot [test-snap]]; nested: IndexShardRestoreFailedException[Failed to recover index]; nested: IOException[Random IOException];
	at org.elasticsearch.index.shard.StoreRecovery.restore(StoreRecovery.java:265)
	at org.elasticsearch.index.shard.StoreRecovery.lambda$recoverFromRepository$123(StoreRecovery.java:99)
	at org.elasticsearch.index.shard.StoreRecovery$$Lambda$562/1148766141.run(Unknown Source)
	at org.elasticsearch.index.shard.StoreRecovery.executeRecovery(StoreRecovery.java:122)
	... 7 more
Caused by: [test-idx][[test-idx][2]] IndexShardRestoreFailedException[failed to restore snapshot [test-snap]]; nested: IndexShardRestoreFailedException[Failed to recover index]; nested: IOException[Random IOException];
	at org.elasticsearch.index.snapshots.blobstore.BlobStoreIndexShardRepository.restore(BlobStoreIndexShardRepository.java:208)
	at org.elasticsearch.index.shard.StoreRecovery.restore(StoreRecovery.java:260)
	... 10 more
Caused by: [test-idx][[test-idx][2]] IndexShardRestoreFailedException[Failed to recover index]; nested: IOException[Random IOException];
	at org.elasticsearch.index.snapshots.blobstore.BlobStoreIndexShardRepository$RestoreContext.restore(BlobStoreIndexShardRepository.java:867)
	at org.elasticsearch.index.snapshots.blobstore.BlobStoreIndexShardRepository.restore(BlobStoreIndexShardRepository.java:206)
	... 11 more
Caused by: java.io.IOException: Random IOException
	at org.elasticsearch.snapshots.mockstore.MockRepository$MockBlobStore$MockBlobContainer.maybeIOExceptionOrBlock(MockRepository.java:277)
	at org.elasticsearch.snapshots.mockstore.MockRepository$MockBlobStore$MockBlobContainer.readBlob(MockRepository.java:321)
	at org.elasticsearch.index.snapshots.blobstore.BlobStoreIndexShardRepository$PartSliceStream.openSlice(BlobStoreIndexShardRepository.java:769)
	at org.elasticsearch.index.snapshots.blobstore.SlicedInputStream.nextStream(SlicedInputStream.java:53)
	at org.elasticsearch.index.snapshots.blobstore.SlicedInputStream.currentStream(SlicedInputStream.java:67)
	at org.elasticsearch.index.snapshots.blobstore.SlicedInputStream.read(SlicedInputStream.java:88)
	at java.io.FilterInputStream.read(FilterInputStream.java:133)
	at org.elasticsearch.index.snapshots.blobstore.RateLimitingInputStream.read(RateLimitingInputStream.java:69)
	at java.io.FilterInputStream.read(FilterInputStream.java:107)
	at org.elasticsearch.index.snapshots.blobstore.BlobStoreIndexShardRepository$RestoreContext.restoreFile(BlobStoreIndexShardRepository.java:924)
	at org.elasticsearch.index.snapshots.blobstore.BlobStoreIndexShardRepository$RestoreContext.restore(BlobStoreIndexShardRepository.java:864)
	... 12 more
[2016-03-30 23:02:06,405][WARN ][org.elasticsearch.cluster.action.shard] [node_s0] [test-idx][4] received shard failed for [test-idx][4], node[BGl_MLcDTse8q5N9C0jt5A], [P], v[27], restoring[test-repo:test-snap], s[INITIALIZING], a[id=R-RkecPOQiC7Ridk_GdL_Q], unassigned_info[[reason=ALLOCATION_FAILED], at[2016-03-31T06:02:06.367Z], details[failed recovery, failure IndexShardRecoveryException[failed recovery]; nested: IndexShardRestoreFailedException[restore failed]; nested: IndexShardRestoreFailedException[failed to restore snapshot [test-snap]]; nested: IndexShardRestoreFailedException[Failed to recover index]; nested: NotSerializableExceptionWrapper[Random IOException]; ]], expected_shard_size[0], indexUUID [4jpdB_g0RdurmlwQgV2n7w], message [failed recovery], failure [IndexShardRecoveryException[failed recovery]; nested: IndexShardRestoreFailedException[restore failed]; nested: IndexShardRestoreFailedException[failed to restore snapshot [test-snap]]; nested: IndexShardRestoreFailedException[Failed to recover index]; nested: NotSerializableExceptionWrapper[Random IOException]; ]
[test-idx][[test-idx][4]] IndexShardRecoveryException[failed recovery]; nested: IndexShardRestoreFailedException[restore failed]; nested: IndexShardRestoreFailedException[failed to restore snapshot [test-snap]]; nested: IndexShardRestoreFailedException[Failed to recover index]; nested: NotSerializableExceptionWrapper[Random IOException];
	at org.elasticsearch.index.shard.StoreRecovery.executeRecovery(StoreRecovery.java:165)
	at org.elasticsearch.index.shard.StoreRecovery.recoverFromRepository(StoreRecovery.java:97)
	at org.elasticsearch.index.shard.IndexShard.restoreFromRepository(IndexShard.java:1110)
	at org.elasticsearch.indices.cluster.IndicesClusterStateService.lambda$applyInitializingShard$128(IndicesClusterStateService.java:654)
	at org.elasticsearch.indices.cluster.IndicesClusterStateService$$Lambda$561/1683367258.run(Unknown Source)
	at java.util.concurrent.ThreadPoolExecutor.runWorker(ThreadPoolExecutor.java:1142)
	at java.util.concurrent.ThreadPoolExecutor$Worker.run(ThreadPoolExecutor.java:617)
	at java.lang.Thread.run(Thread.java:745)
Caused by: [test-idx][[test-idx][4]] IndexShardRestoreFailedException[restore failed]; nested: IndexShardRestoreFailedException[failed to restore snapshot [test-snap]]; nested: IndexShardRestoreFailedException[Failed to recover index]; nested: NotSerializableExceptionWrapper[Random IOException];
	at org.elasticsearch.index.shard.StoreRecovery.restore(StoreRecovery.java:265)
	at org.elasticsearch.index.shard.StoreRecovery.lambda$recoverFromRepository$123(StoreRecovery.java:99)
	at org.elasticsearch.index.shard.StoreRecovery$$Lambda$562/1148766141.run(Unknown Source)
	at org.elasticsearch.index.shard.StoreRecovery.executeRecovery(StoreRecovery.java:122)
	... 7 more
Caused by: [test-idx][[test-idx][4]] IndexShardRestoreFailedException[failed to restore snapshot [test-snap]]; nested: IndexShardRestoreFailedException[Failed to recover index]; nested: NotSerializableExceptionWrapper[Random IOException];
	at org.elasticsearch.index.snapshots.blobstore.BlobStoreIndexShardRepository.restore(BlobStoreIndexShardRepository.java:208)
	at org.elasticsearch.index.shard.StoreRecovery.restore(StoreRecovery.java:260)
	... 10 more
Caused by: [test-idx][[test-idx][4]] IndexShardRestoreFailedException[Failed to recover index]; nested: NotSerializableExceptionWrapper[Random IOException];
	at org.elasticsearch.index.snapshots.blobstore.BlobStoreIndexShardRepository$RestoreContext.restore(BlobStoreIndexShardRepository.java:867)
	at org.elasticsearch.index.snapshots.blobstore.BlobStoreIndexShardRepository.restore(BlobStoreIndexShardRepository.java:206)
	... 11 more
Caused by: NotSerializableExceptionWrapper[Random IOException]
	at org.elasticsearch.snapshots.mockstore.MockRepository$MockBlobStore$MockBlobContainer.maybeIOExceptionOrBlock(MockRepository.java:277)
	at org.elasticsearch.snapshots.mockstore.MockRepository$MockBlobStore$MockBlobContainer.readBlob(MockRepository.java:321)
	at org.elasticsearch.index.snapshots.blobstore.BlobStoreIndexShardRepository$PartSliceStream.openSlice(BlobStoreIndexShardRepository.java:769)
	at org.elasticsearch.index.snapshots.blobstore.SlicedInputStream.nextStream(SlicedInputStream.java:53)
	at org.elasticsearch.index.snapshots.blobstore.SlicedInputStream.currentStream(SlicedInputStream.java:67)
	at org.elasticsearch.index.snapshots.blobstore.SlicedInputStream.read(SlicedInputStream.java:88)
	at java.io.FilterInputStream.read(FilterInputStream.java:133)
	at org.elasticsearch.index.snapshots.blobstore.RateLimitingInputStream.read(RateLimitingInputStream.java:69)
	at java.io.FilterInputStream.read(FilterInputStream.java:107)
	at org.elasticsearch.index.snapshots.blobstore.BlobStoreIndexShardRepository$RestoreContext.restoreFile(BlobStoreIndexShardRepository.java:924)
	at org.elasticsearch.index.snapshots.blobstore.BlobStoreIndexShardRepository$RestoreContext.restore(BlobStoreIndexShardRepository.java:864)
	... 12 more
[2016-03-30 23:02:06,408][WARN ][org.elasticsearch.cluster.action.shard] [node_s0] [test-idx][2] received shard failed for [test-idx][2], node[BGl_MLcDTse8q5N9C0jt5A], [P], v[23], restoring[test-repo:test-snap], s[INITIALIZING], a[id=OQ5pv0q_SjuwMDLaGHERoQ], unassigned_info[[reason=ALLOCATION_FAILED], at[2016-03-31T06:02:06.367Z], details[failed recovery, failure IndexShardRecoveryException[failed recovery]; nested: IndexShardRestoreFailedException[restore failed]; nested: IndexShardRestoreFailedException[failed to restore snapshot [test-snap]]; nested: IndexShardRestoreFailedException[Failed to recover index]; nested: NotSerializableExceptionWrapper[Random IOException]; ]], expected_shard_size[0], indexUUID [4jpdB_g0RdurmlwQgV2n7w], message [failed recovery], failure [IndexShardRecoveryException[failed recovery]; nested: IndexShardRestoreFailedException[restore failed]; nested: IndexShardRestoreFailedException[failed to restore snapshot [test-snap]]; nested: IndexShardRestoreFailedException[Failed to recover index]; nested: NotSerializableExceptionWrapper[Random IOException]; ]
[test-idx][[test-idx][2]] IndexShardRecoveryException[failed recovery]; nested: IndexShardRestoreFailedException[restore failed]; nested: IndexShardRestoreFailedException[failed to restore snapshot [test-snap]]; nested: IndexShardRestoreFailedException[Failed to recover index]; nested: NotSerializableExceptionWrapper[Random IOException];
	at org.elasticsearch.index.shard.StoreRecovery.executeRecovery(StoreRecovery.java:165)
	at org.elasticsearch.index.shard.StoreRecovery.recoverFromRepository(StoreRecovery.java:97)
	at org.elasticsearch.index.shard.IndexShard.restoreFromRepository(IndexShard.java:1110)
	at org.elasticsearch.indices.cluster.IndicesClusterStateService.lambda$applyInitializingShard$128(IndicesClusterStateService.java:654)
	at org.elasticsearch.indices.cluster.IndicesClusterStateService$$Lambda$561/1683367258.run(Unknown Source)
	at java.util.concurrent.ThreadPoolExecutor.runWorker(ThreadPoolExecutor.java:1142)
	at java.util.concurrent.ThreadPoolExecutor$Worker.run(ThreadPoolExecutor.java:617)
	at java.lang.Thread.run(Thread.java:745)
Caused by: [test-idx][[test-idx][2]] IndexShardRestoreFailedException[restore failed]; nested: IndexShardRestoreFailedException[failed to restore snapshot [test-snap]]; nested: IndexShardRestoreFailedException[Failed to recover index]; nested: NotSerializableExceptionWrapper[Random IOException];
	at org.elasticsearch.index.shard.StoreRecovery.restore(StoreRecovery.java:265)
	at org.elasticsearch.index.shard.StoreRecovery.lambda$recoverFromRepository$123(StoreRecovery.java:99)
	at org.elasticsearch.index.shard.StoreRecovery$$Lambda$562/1148766141.run(Unknown Source)
	at org.elasticsearch.index.shard.StoreRecovery.executeRecovery(StoreRecovery.java:122)
	... 7 more
Caused by: [test-idx][[test-idx][2]] IndexShardRestoreFailedException[failed to restore snapshot [test-snap]]; nested: IndexShardRestoreFailedException[Failed to recover index]; nested: NotSerializableExceptionWrapper[Random IOException];
	at org.elasticsearch.index.snapshots.blobstore.BlobStoreIndexShardRepository.restore(BlobStoreIndexShardRepository.java:208)
	at org.elasticsearch.index.shard.StoreRecovery.restore(StoreRecovery.java:260)
	... 10 more
Caused by: [test-idx][[test-idx][2]] IndexShardRestoreFailedException[Failed to recover index]; nested: NotSerializableExceptionWrapper[Random IOException];
	at org.elasticsearch.index.snapshots.blobstore.BlobStoreIndexShardRepository$RestoreContext.restore(BlobStoreIndexShardRepository.java:867)
	at org.elasticsearch.index.snapshots.blobstore.BlobStoreIndexShardRepository.restore(BlobStoreIndexShardRepository.java:206)
	... 11 more
Caused by: NotSerializableExceptionWrapper[Random IOException]
	at org.elasticsearch.snapshots.mockstore.MockRepository$MockBlobStore$MockBlobContainer.maybeIOExceptionOrBlock(MockRepository.java:277)
	at org.elasticsearch.snapshots.mockstore.MockRepository$MockBlobStore$MockBlobContainer.readBlob(MockRepository.java:321)
	at org.elasticsearch.index.snapshots.blobstore.BlobStoreIndexShardRepository$PartSliceStream.openSlice(BlobStoreIndexShardRepository.java:769)
	at org.elasticsearch.index.snapshots.blobstore.SlicedInputStream.nextStream(SlicedInputStream.java:53)
	at org.elasticsearch.index.snapshots.blobstore.SlicedInputStream.currentStream(SlicedInputStream.java:67)
	at org.elasticsearch.index.snapshots.blobstore.SlicedInputStream.read(SlicedInputStream.java:88)
	at java.io.FilterInputStream.read(FilterInputStream.java:133)
	at org.elasticsearch.index.snapshots.blobstore.RateLimitingInputStream.read(RateLimitingInputStream.java:69)
	at java.io.FilterInputStream.read(FilterInputStream.java:107)
	at org.elasticsearch.index.snapshots.blobstore.BlobStoreIndexShardRepository$RestoreContext.restoreFile(BlobStoreIndexShardRepository.java:924)
	at org.elasticsearch.index.snapshots.blobstore.BlobStoreIndexShardRepository$RestoreContext.restore(BlobStoreIndexShardRepository.java:864)
	... 12 more
[2016-03-30 23:02:06,410][WARN ][org.elasticsearch.cluster.action.shard] [node_s0] [test-idx][2] received shard failed for [test-idx][2], node[BGl_MLcDTse8q5N9C0jt5A], [P], v[23], restoring[test-repo:test-snap], s[INITIALIZING], a[id=OQ5pv0q_SjuwMDLaGHERoQ], unassigned_info[[reason=ALLOCATION_FAILED], at[2016-03-31T06:02:06.367Z], details[failed recovery, failure IndexShardRecoveryException[failed recovery]; nested: IndexShardRestoreFailedException[restore failed]; nested: IndexShardRestoreFailedException[failed to restore snapshot [test-snap]]; nested: IndexShardRestoreFailedException[Failed to recover index]; nested: NotSerializableExceptionWrapper[Random IOException]; ]], expected_shard_size[0], indexUUID [4jpdB_g0RdurmlwQgV2n7w], message [master {node_s0}{YU4rw4SiR5aBA7JFJFd8EQ}{local}{local[78]}[mode=>local] marked shard as initializing, but shard is marked as failed, resend shard failure], failure [Unknown]
[2016-03-30 23:02:06,415][WARN ][org.elasticsearch.cluster.action.shard] [node_s0] [test-idx][4] received shard failed for [test-idx][4], node[BGl_MLcDTse8q5N9C0jt5A], [P], v[27], restoring[test-repo:test-snap], s[INITIALIZING], a[id=R-RkecPOQiC7Ridk_GdL_Q], unassigned_info[[reason=ALLOCATION_FAILED], at[2016-03-31T06:02:06.367Z], details[failed recovery, failure IndexShardRecoveryException[failed recovery]; nested: IndexShardRestoreFailedException[restore failed]; nested: IndexShardRestoreFailedException[failed to restore snapshot [test-snap]]; nested: IndexShardRestoreFailedException[Failed to recover index]; nested: NotSerializableExceptionWrapper[Random IOException]; ]], expected_shard_size[0], indexUUID [4jpdB_g0RdurmlwQgV2n7w], message [master {node_s0}{YU4rw4SiR5aBA7JFJFd8EQ}{local}{local[78]}[mode=>local] marked shard as initializing, but shard is marked as failed, resend shard failure], failure [Unknown]
[2016-03-30 23:02:06,431][WARN ][org.elasticsearch.indices.cluster] [node_s1] [[test-idx][7]] marking and sending shard failed due to [failed recovery]
[test-idx][[test-idx][7]] IndexShardRecoveryException[failed recovery]; nested: IndexShardRestoreFailedException[restore failed]; nested: IndexShardRestoreFailedException[failed to restore snapshot [test-snap]]; nested: IndexShardRestoreFailedException[Failed to recover index]; nested: IOException[Random IOException];
	at org.elasticsearch.index.shard.StoreRecovery.executeRecovery(StoreRecovery.java:165)
	at org.elasticsearch.index.shard.StoreRecovery.recoverFromRepository(StoreRecovery.java:97)
	at org.elasticsearch.index.shard.IndexShard.restoreFromRepository(IndexShard.java:1110)
	at org.elasticsearch.indices.cluster.IndicesClusterStateService.lambda$applyInitializingShard$128(IndicesClusterStateService.java:654)
	at org.elasticsearch.indices.cluster.IndicesClusterStateService$$Lambda$561/1683367258.run(Unknown Source)
	at java.util.concurrent.ThreadPoolExecutor.runWorker(ThreadPoolExecutor.java:1142)
	at java.util.concurrent.ThreadPoolExecutor$Worker.run(ThreadPoolExecutor.java:617)
	at java.lang.Thread.run(Thread.java:745)
Caused by: [test-idx][[test-idx][7]] IndexShardRestoreFailedException[restore failed]; nested: IndexShardRestoreFailedException[failed to restore snapshot [test-snap]]; nested: IndexShardRestoreFailedException[Failed to recover index]; nested: IOException[Random IOException];
	at org.elasticsearch.index.shard.StoreRecovery.restore(StoreRecovery.java:265)
	at org.elasticsearch.index.shard.StoreRecovery.lambda$recoverFromRepository$123(StoreRecovery.java:99)
	at org.elasticsearch.index.shard.StoreRecovery$$Lambda$562/1148766141.run(Unknown Source)
	at org.elasticsearch.index.shard.StoreRecovery.executeRecovery(StoreRecovery.java:122)
	... 7 more
Caused by: [test-idx][[test-idx][7]] IndexShardRestoreFailedException[failed to restore snapshot [test-snap]]; nested: IndexShardRestoreFailedException[Failed to recover index]; nested: IOException[Random IOException];
	at org.elasticsearch.index.snapshots.blobstore.BlobStoreIndexShardRepository.restore(BlobStoreIndexShardRepository.java:208)
	at org.elasticsearch.index.shard.StoreRecovery.restore(StoreRecovery.java:260)
	... 10 more
Caused by: [test-idx][[test-idx][7]] IndexShardRestoreFailedException[Failed to recover index]; nested: IOException[Random IOException];
	at org.elasticsearch.index.snapshots.blobstore.BlobStoreIndexShardRepository$RestoreContext.restore(BlobStoreIndexShardRepository.java:867)
	at org.elasticsearch.index.snapshots.blobstore.BlobStoreIndexShardRepository.restore(BlobStoreIndexShardRepository.java:206)
	... 11 more
Caused by: java.io.IOException: Random IOException
	at org.elasticsearch.snapshots.mockstore.MockRepository$MockBlobStore$MockBlobContainer.maybeIOExceptionOrBlock(MockRepository.java:277)
	at org.elasticsearch.snapshots.mockstore.MockRepository$MockBlobStore$MockBlobContainer.readBlob(MockRepository.java:321)
	at org.elasticsearch.index.snapshots.blobstore.BlobStoreIndexShardRepository$PartSliceStream.openSlice(BlobStoreIndexShardRepository.java:769)
	at org.elasticsearch.index.snapshots.blobstore.SlicedInputStream.nextStream(SlicedInputStream.java:53)
	at org.elasticsearch.index.snapshots.blobstore.SlicedInputStream.currentStream(SlicedInputStream.java:67)
	at org.elasticsearch.index.snapshots.blobstore.SlicedInputStream.read(SlicedInputStream.java:88)
	at java.io.FilterInputStream.read(FilterInputStream.java:133)
	at org.elasticsearch.index.snapshots.blobstore.RateLimitingInputStream.read(RateLimitingInputStream.java:69)
	at java.io.FilterInputStream.read(FilterInputStream.java:107)
	at org.elasticsearch.index.snapshots.blobstore.BlobStoreIndexShardRepository$RestoreContext.restoreFile(BlobStoreIndexShardRepository.java:924)
	at org.elasticsearch.index.snapshots.blobstore.BlobStoreIndexShardRepository$RestoreContext.restore(BlobStoreIndexShardRepository.java:864)
	... 12 more
[2016-03-30 23:02:06,435][WARN ][org.elasticsearch.cluster.action.shard] [node_s0] [test-idx][7] received shard failed for [test-idx][7], node[BGl_MLcDTse8q5N9C0jt5A], [P], v[23], restoring[test-repo:test-snap], s[INITIALIZING], a[id=QyE5kTKDQzuW_Y8li58cWg], unassigned_info[[reason=ALLOCATION_FAILED], at[2016-03-31T06:02:06.404Z], details[failed recovery, failure IndexShardRecoveryException[failed recovery]; nested: IndexShardRestoreFailedException[restore failed]; nested: IndexShardRestoreFailedException[failed to restore snapshot [test-snap]]; nested: IndexShardRestoreFailedException[Failed to recover index]; nested: NotSerializableExceptionWrapper[Random IOException]; ]], expected_shard_size[0], indexUUID [4jpdB_g0RdurmlwQgV2n7w], message [failed recovery], failure [IndexShardRecoveryException[failed recovery]; nested: IndexShardRestoreFailedException[restore failed]; nested: IndexShardRestoreFailedException[failed to restore snapshot [test-snap]]; nested: IndexShardRestoreFailedException[Failed to recover index]; nested: NotSerializableExceptionWrapper[Random IOException]; ]
[test-idx][[test-idx][7]] IndexShardRecoveryException[failed recovery]; nested: IndexShardRestoreFailedException[restore failed]; nested: IndexShardRestoreFailedException[failed to restore snapshot [test-snap]]; nested: IndexShardRestoreFailedException[Failed to recover index]; nested: NotSerializableExceptionWrapper[Random IOException];
	at org.elasticsearch.index.shard.StoreRecovery.executeRecovery(StoreRecovery.java:165)
	at org.elasticsearch.index.shard.StoreRecovery.recoverFromRepository(StoreRecovery.java:97)
	at org.elasticsearch.index.shard.IndexShard.restoreFromRepository(IndexShard.java:1110)
	at org.elasticsearch.indices.cluster.IndicesClusterStateService.lambda$applyInitializingShard$128(IndicesClusterStateService.java:654)
	at org.elasticsearch.indices.cluster.IndicesClusterStateService$$Lambda$561/1683367258.run(Unknown Source)
	at java.util.concurrent.ThreadPoolExecutor.runWorker(ThreadPoolExecutor.java:1142)
	at java.util.concurrent.ThreadPoolExecutor$Worker.run(ThreadPoolExecutor.java:617)
	at java.lang.Thread.run(Thread.java:745)
Caused by: [test-idx][[test-idx][7]] IndexShardRestoreFailedException[restore failed]; nested: IndexShardRestoreFailedException[failed to restore snapshot [test-snap]]; nested: IndexShardRestoreFailedException[Failed to recover index]; nested: NotSerializableExceptionWrapper[Random IOException];
	at org.elasticsearch.index.shard.StoreRecovery.restore(StoreRecovery.java:265)
	at org.elasticsearch.index.shard.StoreRecovery.lambda$recoverFromRepository$123(StoreRecovery.java:99)
	at org.elasticsearch.index.shard.StoreRecovery$$Lambda$562/1148766141.run(Unknown Source)
	at org.elasticsearch.index.shard.StoreRecovery.executeRecovery(StoreRecovery.java:122)
	... 7 more
Caused by: [test-idx][[test-idx][7]] IndexShardRestoreFailedException[failed to restore snapshot [test-snap]]; nested: IndexShardRestoreFailedException[Failed to recover index]; nested: NotSerializableExceptionWrapper[Random IOException];
	at org.elasticsearch.index.snapshots.blobstore.BlobStoreIndexShardRepository.restore(BlobStoreIndexShardRepository.java:208)
	at org.elasticsearch.index.shard.StoreRecovery.restore(StoreRecovery.java:260)
	... 10 more
Caused by: [test-idx][[test-idx][7]] IndexShardRestoreFailedException[Failed to recover index]; nested: NotSerializableExceptionWrapper[Random IOException];
	at org.elasticsearch.index.snapshots.blobstore.BlobStoreIndexShardRepository$RestoreContext.restore(BlobStoreIndexShardRepository.java:867)
	at org.elasticsearch.index.snapshots.blobstore.BlobStoreIndexShardRepository.restore(BlobStoreIndexShardRepository.java:206)
	... 11 more
Caused by: NotSerializableExceptionWrapper[Random IOException]
	at org.elasticsearch.snapshots.mockstore.MockRepository$MockBlobStore$MockBlobContainer.maybeIOExceptionOrBlock(MockRepository.java:277)
	at org.elasticsearch.snapshots.mockstore.MockRepository$MockBlobStore$MockBlobContainer.readBlob(MockRepository.java:321)
	at org.elasticsearch.index.snapshots.blobstore.BlobStoreIndexShardRepository$PartSliceStream.openSlice(BlobStoreIndexShardRepository.java:769)
	at org.elasticsearch.index.snapshots.blobstore.SlicedInputStream.nextStream(SlicedInputStream.java:53)
	at org.elasticsearch.index.snapshots.blobstore.SlicedInputStream.currentStream(SlicedInputStream.java:67)
	at org.elasticsearch.index.snapshots.blobstore.SlicedInputStream.read(SlicedInputStream.java:88)
	at java.io.FilterInputStream.read(FilterInputStream.java:133)
	at org.elasticsearch.index.snapshots.blobstore.RateLimitingInputStream.read(RateLimitingInputStream.java:69)
	at java.io.FilterInputStream.read(FilterInputStream.java:107)
	at org.elasticsearch.index.snapshots.blobstore.BlobStoreIndexShardRepository$RestoreContext.restoreFile(BlobStoreIndexShardRepository.java:924)
	at org.elasticsearch.index.snapshots.blobstore.BlobStoreIndexShardRepository$RestoreContext.restore(BlobStoreIndexShardRepository.java:864)
	... 12 more
[2016-03-30 23:02:06,440][WARN ][org.elasticsearch.cluster.action.shard] [node_s0] [test-idx][7] received shard failed for [test-idx][7], node[BGl_MLcDTse8q5N9C0jt5A], [P], v[23], restoring[test-repo:test-snap], s[INITIALIZING], a[id=QyE5kTKDQzuW_Y8li58cWg], unassigned_info[[reason=ALLOCATION_FAILED], at[2016-03-31T06:02:06.404Z], details[failed recovery, failure IndexShardRecoveryException[failed recovery]; nested: IndexShardRestoreFailedException[restore failed]; nested: IndexShardRestoreFailedException[failed to restore snapshot [test-snap]]; nested: IndexShardRestoreFailedException[Failed to recover index]; nested: NotSerializableExceptionWrapper[Random IOException]; ]], expected_shard_size[0], indexUUID [4jpdB_g0RdurmlwQgV2n7w], message [master {node_s0}{YU4rw4SiR5aBA7JFJFd8EQ}{local}{local[78]}[mode=>local] marked shard as initializing, but shard is marked as failed, resend shard failure], failure [Unknown]
[2016-03-30 23:02:06,441][WARN ][org.elasticsearch.indices.cluster] [node_s1] [[test-idx][0]] marking and sending shard failed due to [failed recovery]
[test-idx][[test-idx][0]] IndexShardRecoveryException[failed recovery]; nested: IndexShardRestoreFailedException[restore failed]; nested: IndexShardRestoreFailedException[failed to restore snapshot [test-snap]]; nested: IndexShardRestoreFailedException[Failed to recover index]; nested: IOException[Random IOException];
	at org.elasticsearch.index.shard.StoreRecovery.executeRecovery(StoreRecovery.java:165)
	at org.elasticsearch.index.shard.StoreRecovery.recoverFromRepository(StoreRecovery.java:97)
	at org.elasticsearch.index.shard.IndexShard.restoreFromRepository(IndexShard.java:1110)
	at org.elasticsearch.indices.cluster.IndicesClusterStateService.lambda$applyInitializingShard$128(IndicesClusterStateService.java:654)
	at org.elasticsearch.indices.cluster.IndicesClusterStateService$$Lambda$561/1683367258.run(Unknown Source)
	at java.util.concurrent.ThreadPoolExecutor.runWorker(ThreadPoolExecutor.java:1142)
	at java.util.concurrent.ThreadPoolExecutor$Worker.run(ThreadPoolExecutor.java:617)
	at java.lang.Thread.run(Thread.java:745)
Caused by: [test-idx][[test-idx][0]] IndexShardRestoreFailedException[restore failed]; nested: IndexShardRestoreFailedException[failed to restore snapshot [test-snap]]; nested: IndexShardRestoreFailedException[Failed to recover index]; nested: IOException[Random IOException];
	at org.elasticsearch.index.shard.StoreRecovery.restore(StoreRecovery.java:265)
	at org.elasticsearch.index.shard.StoreRecovery.lambda$recoverFromRepository$123(StoreRecovery.java:99)
	at org.elasticsearch.index.shard.StoreRecovery$$Lambda$562/1148766141.run(Unknown Source)
	at org.elasticsearch.index.shard.StoreRecovery.executeRecovery(StoreRecovery.java:122)
	... 7 more
Caused by: [test-idx][[test-idx][0]] IndexShardRestoreFailedException[failed to restore snapshot [test-snap]]; nested: IndexShardRestoreFailedException[Failed to recover index]; nested: IOException[Random IOException];
	at org.elasticsearch.index.snapshots.blobstore.BlobStoreIndexShardRepository.restore(BlobStoreIndexShardRepository.java:208)
	at org.elasticsearch.index.shard.StoreRecovery.restore(StoreRecovery.java:260)
	... 10 more
Caused by: [test-idx][[test-idx][0]] IndexShardRestoreFailedException[Failed to recover index]; nested: IOException[Random IOException];
	at org.elasticsearch.index.snapshots.blobstore.BlobStoreIndexShardRepository$RestoreContext.restore(BlobStoreIndexShardRepository.java:867)
	at org.elasticsearch.index.snapshots.blobstore.BlobStoreIndexShardRepository.restore(BlobStoreIndexShardRepository.java:206)
	... 11 more
Caused by: java.io.IOException: Random IOException
	at org.elasticsearch.snapshots.mockstore.MockRepository$MockBlobStore$MockBlobContainer.maybeIOExceptionOrBlock(MockRepository.java:277)
	at org.elasticsearch.snapshots.mockstore.MockRepository$MockBlobStore$MockBlobContainer.readBlob(MockRepository.java:321)
	at org.elasticsearch.index.snapshots.blobstore.BlobStoreIndexShardRepository$PartSliceStream.openSlice(BlobStoreIndexShardRepository.java:769)
	at org.elasticsearch.index.snapshots.blobstore.SlicedInputStream.nextStream(SlicedInputStream.java:53)
	at org.elasticsearch.index.snapshots.blobstore.SlicedInputStream.currentStream(SlicedInputStream.java:67)
	at org.elasticsearch.index.snapshots.blobstore.SlicedInputStream.read(SlicedInputStream.java:88)
	at java.io.FilterInputStream.read(FilterInputStream.java:133)
	at org.elasticsearch.index.snapshots.blobstore.RateLimitingInputStream.read(RateLimitingInputStream.java:69)
	at java.io.FilterInputStream.read(FilterInputStream.java:107)
	at org.elasticsearch.index.snapshots.blobstore.BlobStoreIndexShardRepository$RestoreContext.restoreFile(BlobStoreIndexShardRepository.java:924)
	at org.elasticsearch.index.snapshots.blobstore.BlobStoreIndexShardRepository$RestoreContext.restore(BlobStoreIndexShardRepository.java:864)
	... 12 more
[2016-03-30 23:02:06,445][WARN ][org.elasticsearch.cluster.action.shard] [node_s0] [test-idx][0] received shard failed for [test-idx][0], node[BGl_MLcDTse8q5N9C0jt5A], [P], v[27], restoring[test-repo:test-snap], s[INITIALIZING], a[id=YQzVBYDgQreK-tTHk4mgpg], unassigned_info[[reason=ALLOCATION_FAILED], at[2016-03-31T06:02:06.404Z], details[failed recovery, failure IndexShardRecoveryException[failed recovery]; nested: IndexShardRestoreFailedException[restore failed]; nested: IndexShardRestoreFailedException[failed to restore snapshot [test-snap]]; nested: IndexShardRestoreFailedException[Failed to recover index]; nested: NotSerializableExceptionWrapper[Random IOException]; ]], expected_shard_size[130], indexUUID [4jpdB_g0RdurmlwQgV2n7w], message [failed recovery], failure [IndexShardRecoveryException[failed recovery]; nested: IndexShardRestoreFailedException[restore failed]; nested: IndexShardRestoreFailedException[failed to restore snapshot [test-snap]]; nested: IndexShardRestoreFailedException[Failed to recover index]; nested: NotSerializableExceptionWrapper[Random IOException]; ]
[test-idx][[test-idx][0]] IndexShardRecoveryException[failed recovery]; nested: IndexShardRestoreFailedException[restore failed]; nested: IndexShardRestoreFailedException[failed to restore snapshot [test-snap]]; nested: IndexShardRestoreFailedException[Failed to recover index]; nested: NotSerializableExceptionWrapper[Random IOException];
	at org.elasticsearch.index.shard.StoreRecovery.executeRecovery(StoreRecovery.java:165)
	at org.elasticsearch.index.shard.StoreRecovery.recoverFromRepository(StoreRecovery.java:97)
	at org.elasticsearch.index.shard.IndexShard.restoreFromRepository(IndexShard.java:1110)
	at org.elasticsearch.indices.cluster.IndicesClusterStateService.lambda$applyInitializingShard$128(IndicesClusterStateService.java:654)
	at org.elasticsearch.indices.cluster.IndicesClusterStateService$$Lambda$561/1683367258.run(Unknown Source)
	at java.util.concurrent.ThreadPoolExecutor.runWorker(ThreadPoolExecutor.java:1142)
	at java.util.concurrent.ThreadPoolExecutor$Worker.run(ThreadPoolExecutor.java:617)
	at java.lang.Thread.run(Thread.java:745)
Caused by: [test-idx][[test-idx][0]] IndexShardRestoreFailedException[restore failed]; nested: IndexShardRestoreFailedException[failed to restore snapshot [test-snap]]; nested: IndexShardRestoreFailedException[Failed to recover index]; nested: NotSerializableExceptionWrapper[Random IOException];
	at org.elasticsearch.index.shard.StoreRecovery.restore(StoreRecovery.java:265)
	at org.elasticsearch.index.shard.StoreRecovery.lambda$recoverFromRepository$123(StoreRecovery.java:99)
	at org.elasticsearch.index.shard.StoreRecovery$$Lambda$562/1148766141.run(Unknown Source)
	at org.elasticsearch.index.shard.StoreRecovery.executeRecovery(StoreRecovery.java:122)
	... 7 more
Caused by: [test-idx][[test-idx][0]] IndexShardRestoreFailedException[failed to restore snapshot [test-snap]]; nested: IndexShardRestoreFailedException[Failed to recover index]; nested: NotSerializableExceptionWrapper[Random IOException];
	at org.elasticsearch.index.snapshots.blobstore.BlobStoreIndexShardRepository.restore(BlobStoreIndexShardRepository.java:208)
	at org.elasticsearch.index.shard.StoreRecovery.restore(StoreRecovery.java:260)
	... 10 more
Caused by: [test-idx][[test-idx][0]] IndexShardRestoreFailedException[Failed to recover index]; nested: NotSerializableExceptionWrapper[Random IOException];
	at org.elasticsearch.index.snapshots.blobstore.BlobStoreIndexShardRepository$RestoreContext.restore(BlobStoreIndexShardRepository.java:867)
	at org.elasticsearch.index.snapshots.blobstore.BlobStoreIndexShardRepository.restore(BlobStoreIndexShardRepository.java:206)
	... 11 more
Caused by: NotSerializableExceptionWrapper[Random IOException]
	at org.elasticsearch.snapshots.mockstore.MockRepository$MockBlobStore$MockBlobContainer.maybeIOExceptionOrBlock(MockRepository.java:277)
	at org.elasticsearch.snapshots.mockstore.MockRepository$MockBlobStore$MockBlobContainer.readBlob(MockRepository.java:321)
	at org.elasticsearch.index.snapshots.blobstore.BlobStoreIndexShardRepository$PartSliceStream.openSlice(BlobStoreIndexShardRepository.java:769)
	at org.elasticsearch.index.snapshots.blobstore.SlicedInputStream.nextStream(SlicedInputStream.java:53)
	at org.elasticsearch.index.snapshots.blobstore.SlicedInputStream.currentStream(SlicedInputStream.java:67)
	at org.elasticsearch.index.snapshots.blobstore.SlicedInputStream.read(SlicedInputStream.java:88)
	at java.io.FilterInputStream.read(FilterInputStream.java:133)
	at org.elasticsearch.index.snapshots.blobstore.RateLimitingInputStream.read(RateLimitingInputStream.java:69)
	at java.io.FilterInputStream.read(FilterInputStream.java:107)
	at org.elasticsearch.index.snapshots.blobstore.BlobStoreIndexShardRepository$RestoreContext.restoreFile(BlobStoreIndexShardRepository.java:924)
	at org.elasticsearch.index.snapshots.blobstore.BlobStoreIndexShardRepository$RestoreContext.restore(BlobStoreIndexShardRepository.java:864)
	... 12 more
[2016-03-30 23:02:06,480][WARN ][org.elasticsearch.indices.cluster] [node_s0] [[test-idx][2]] marking and sending shard failed due to [failed recovery]
[test-idx][[test-idx][2]] IndexShardRecoveryException[failed recovery]; nested: IndexShardRestoreFailedException[restore failed]; nested: IndexShardRestoreFailedException[failed to restore snapshot [test-snap]]; nested: IndexShardRestoreFailedException[Failed to recover index]; nested: IOException[Random IOException];
	at org.elasticsearch.index.shard.StoreRecovery.executeRecovery(StoreRecovery.java:165)
	at org.elasticsearch.index.shard.StoreRecovery.recoverFromRepository(StoreRecovery.java:97)
	at org.elasticsearch.index.shard.IndexShard.restoreFromRepository(IndexShard.java:1110)
	at org.elasticsearch.indices.cluster.IndicesClusterStateService.lambda$applyInitializingShard$128(IndicesClusterStateService.java:654)
	at org.elasticsearch.indices.cluster.IndicesClusterStateService$$Lambda$561/1683367258.run(Unknown Source)
	at java.util.concurrent.ThreadPoolExecutor.runWorker(ThreadPoolExecutor.java:1142)
	at java.util.concurrent.ThreadPoolExecutor$Worker.run(ThreadPoolExecutor.java:617)
	at java.lang.Thread.run(Thread.java:745)
Caused by: [test-idx][[test-idx][2]] IndexShardRestoreFailedException[restore failed]; nested: IndexShardRestoreFailedException[failed to restore snapshot [test-snap]]; nested: IndexShardRestoreFailedException[Failed to recover index]; nested: IOException[Random IOException];
	at org.elasticsearch.index.shard.StoreRecovery.restore(StoreRecovery.java:265)
	at org.elasticsearch.index.shard.StoreRecovery.lambda$recoverFromRepository$123(StoreRecovery.java:99)
	at org.elasticsearch.index.shard.StoreRecovery$$Lambda$562/1148766141.run(Unknown Source)
	at org.elasticsearch.index.shard.StoreRecovery.executeRecovery(StoreRecovery.java:122)
	... 7 more
Caused by: [test-idx][[test-idx][2]] IndexShardRestoreFailedException[failed to restore snapshot [test-snap]]; nested: IndexShardRestoreFailedException[Failed to recover index]; nested: IOException[Random IOException];
	at org.elasticsearch.index.snapshots.blobstore.BlobStoreIndexShardRepository.restore(BlobStoreIndexShardRepository.java:208)
	at org.elasticsearch.index.shard.StoreRecovery.restore(StoreRecovery.java:260)
	... 10 more
Caused by: [test-idx][[test-idx][2]] IndexShardRestoreFailedException[Failed to recover index]; nested: IOException[Random IOException];
	at org.elasticsearch.index.snapshots.blobstore.BlobStoreIndexShardRepository$RestoreContext.restore(BlobStoreIndexShardRepository.java:867)
	at org.elasticsearch.index.snapshots.blobstore.BlobStoreIndexShardRepository.restore(BlobStoreIndexShardRepository.java:206)
	... 11 more
Caused by: java.io.IOException: Random IOException
	at org.elasticsearch.snapshots.mockstore.MockRepository$MockBlobStore$MockBlobContainer.maybeIOExceptionOrBlock(MockRepository.java:277)
	at org.elasticsearch.snapshots.mockstore.MockRepository$MockBlobStore$MockBlobContainer.readBlob(MockRepository.java:321)
	at org.elasticsearch.index.snapshots.blobstore.BlobStoreIndexShardRepository$PartSliceStream.openSlice(BlobStoreIndexShardRepository.java:769)
	at org.elasticsearch.index.snapshots.blobstore.SlicedInputStream.nextStream(SlicedInputStream.java:53)
	at org.elasticsearch.index.snapshots.blobstore.SlicedInputStream.currentStream(SlicedInputStream.java:67)
	at org.elasticsearch.index.snapshots.blobstore.SlicedInputStream.read(SlicedInputStream.java:88)
	at java.io.FilterInputStream.read(FilterInputStream.java:133)
	at org.elasticsearch.index.snapshots.blobstore.RateLimitingInputStream.read(RateLimitingInputStream.java:69)
	at java.io.FilterInputStream.read(FilterInputStream.java:107)
	at org.elasticsearch.index.snapshots.blobstore.BlobStoreIndexShardRepository$RestoreContext.restoreFile(BlobStoreIndexShardRepository.java:924)
	at org.elasticsearch.index.snapshots.blobstore.BlobStoreIndexShardRepository$RestoreContext.restore(BlobStoreIndexShardRepository.java:864)
	... 12 more
[2016-03-30 23:02:06,481][WARN ][org.elasticsearch.cluster.action.shard] [node_s0] [test-idx][2] received shard failed for [test-idx][2], node[YU4rw4SiR5aBA7JFJFd8EQ], [P], v[25], restoring[test-repo:test-snap], s[INITIALIZING], a[id=Yn8BFa-STDCDZsK-bSM5AA], unassigned_info[[reason=ALLOCATION_FAILED], at[2016-03-31T06:02:06.418Z], details[failed recovery, failure IndexShardRecoveryException[failed recovery]; nested: IndexShardRestoreFailedException[restore failed]; nested: IndexShardRestoreFailedException[failed to restore snapshot [test-snap]]; nested: IndexShardRestoreFailedException[Failed to recover index]; nested: NotSerializableExceptionWrapper[Random IOException]; ]], expected_shard_size[0], indexUUID [4jpdB_g0RdurmlwQgV2n7w], message [failed recovery], failure [IndexShardRecoveryException[failed recovery]; nested: IndexShardRestoreFailedException[restore failed]; nested: IndexShardRestoreFailedException[failed to restore snapshot [test-snap]]; nested: IndexShardRestoreFailedException[Failed to recover index]; nested: IOException[Random IOException]; ]
[test-idx][[test-idx][2]] IndexShardRecoveryException[failed recovery]; nested: IndexShardRestoreFailedException[restore failed]; nested: IndexShardRestoreFailedException[failed to restore snapshot [test-snap]]; nested: IndexShardRestoreFailedException[Failed to recover index]; nested: IOException[Random IOException];
	at org.elasticsearch.index.shard.StoreRecovery.executeRecovery(StoreRecovery.java:165)
	at org.elasticsearch.index.shard.StoreRecovery.recoverFromRepository(StoreRecovery.java:97)
	at org.elasticsearch.index.shard.IndexShard.restoreFromRepository(IndexShard.java:1110)
	at org.elasticsearch.indices.cluster.IndicesClusterStateService.lambda$applyInitializingShard$128(IndicesClusterStateService.java:654)
	at org.elasticsearch.indices.cluster.IndicesClusterStateService$$Lambda$561/1683367258.run(Unknown Source)
	at java.util.concurrent.ThreadPoolExecutor.runWorker(ThreadPoolExecutor.java:1142)
	at java.util.concurrent.ThreadPoolExecutor$Worker.run(ThreadPoolExecutor.java:617)
	at java.lang.Thread.run(Thread.java:745)
Caused by: [test-idx][[test-idx][2]] IndexShardRestoreFailedException[restore failed]; nested: IndexShardRestoreFailedException[failed to restore snapshot [test-snap]]; nested: IndexShardRestoreFailedException[Failed to recover index]; nested: IOException[Random IOException];
	at org.elasticsearch.index.shard.StoreRecovery.restore(StoreRecovery.java:265)
	at org.elasticsearch.index.shard.StoreRecovery.lambda$recoverFromRepository$123(StoreRecovery.java:99)
	at org.elasticsearch.index.shard.StoreRecovery$$Lambda$562/1148766141.run(Unknown Source)
	at org.elasticsearch.index.shard.StoreRecovery.executeRecovery(StoreRecovery.java:122)
	... 7 more
Caused by: [test-idx][[test-idx][2]] IndexShardRestoreFailedException[failed to restore snapshot [test-snap]]; nested: IndexShardRestoreFailedException[Failed to recover index]; nested: IOException[Random IOException];
	at org.elasticsearch.index.snapshots.blobstore.BlobStoreIndexShardRepository.restore(BlobStoreIndexShardRepository.java:208)
	at org.elasticsearch.index.shard.StoreRecovery.restore(StoreRecovery.java:260)
	... 10 more
Caused by: [test-idx][[test-idx][2]] IndexShardRestoreFailedException[Failed to recover index]; nested: IOException[Random IOException];
	at org.elasticsearch.index.snapshots.blobstore.BlobStoreIndexShardRepository$RestoreContext.restore(BlobStoreIndexShardRepository.java:867)
	at org.elasticsearch.index.snapshots.blobstore.BlobStoreIndexShardRepository.restore(BlobStoreIndexShardRepository.java:206)
	... 11 more
Caused by: java.io.IOException: Random IOException
	at org.elasticsearch.snapshots.mockstore.MockRepository$MockBlobStore$MockBlobContainer.maybeIOExceptionOrBlock(MockRepository.java:277)
	at org.elasticsearch.snapshots.mockstore.MockRepository$MockBlobStore$MockBlobContainer.readBlob(MockRepository.java:321)
	at org.elasticsearch.index.snapshots.blobstore.BlobStoreIndexShardRepository$PartSliceStream.openSlice(BlobStoreIndexShardRepository.java:769)
	at org.elasticsearch.index.snapshots.blobstore.SlicedInputStream.nextStream(SlicedInputStream.java:53)
	at org.elasticsearch.index.snapshots.blobstore.SlicedInputStream.currentStream(SlicedInputStream.java:67)
	at org.elasticsearch.index.snapshots.blobstore.SlicedInputStream.read(SlicedInputStream.java:88)
	at java.io.FilterInputStream.read(FilterInputStream.java:133)
	at org.elasticsearch.index.snapshots.blobstore.RateLimitingInputStream.read(RateLimitingInputStream.java:69)
	at java.io.FilterInputStream.read(FilterInputStream.java:107)
	at org.elasticsearch.index.snapshots.blobstore.BlobStoreIndexShardRepository$RestoreContext.restoreFile(BlobStoreIndexShardRepository.java:924)
	at org.elasticsearch.index.snapshots.blobstore.BlobStoreIndexShardRepository$RestoreContext.restore(BlobStoreIndexShardRepository.java:864)
	... 12 more
[2016-03-30 23:02:06,494][WARN ][org.elasticsearch.cluster.action.shard] [node_s0] [test-idx][2] received shard failed for [test-idx][2], node[YU4rw4SiR5aBA7JFJFd8EQ], [P], v[25], restoring[test-repo:test-snap], s[INITIALIZING], a[id=Yn8BFa-STDCDZsK-bSM5AA], unassigned_info[[reason=ALLOCATION_FAILED], at[2016-03-31T06:02:06.418Z], details[failed recovery, failure IndexShardRecoveryException[failed recovery]; nested: IndexShardRestoreFailedException[restore failed]; nested: IndexShardRestoreFailedException[failed to restore snapshot [test-snap]]; nested: IndexShardRestoreFailedException[Failed to recover index]; nested: NotSerializableExceptionWrapper[Random IOException]; ]], expected_shard_size[0], indexUUID [4jpdB_g0RdurmlwQgV2n7w], message [master {node_s0}{YU4rw4SiR5aBA7JFJFd8EQ}{local}{local[78]}[mode=>local] marked shard as initializing, but shard is marked as failed, resend shard failure], failure [Unknown]
[2016-03-30 23:02:06,514][WARN ][org.elasticsearch.indices.cluster] [node_s0] [[test-idx][7]] marking and sending shard failed due to [failed recovery]
[test-idx][[test-idx][7]] IndexShardRecoveryException[failed recovery]; nested: IndexShardRestoreFailedException[restore failed]; nested: IndexShardRestoreFailedException[failed to restore snapshot [test-snap]]; nested: IndexShardRestoreFailedException[Failed to recover index]; nested: IOException[Random IOException];
	at org.elasticsearch.index.shard.StoreRecovery.executeRecovery(StoreRecovery.java:165)
	at org.elasticsearch.index.shard.StoreRecovery.recoverFromRepository(StoreRecovery.java:97)
	at org.elasticsearch.index.shard.IndexShard.restoreFromRepository(IndexShard.java:1110)
	at org.elasticsearch.indices.cluster.IndicesClusterStateService.lambda$applyInitializingShard$128(IndicesClusterStateService.java:654)
	at org.elasticsearch.indices.cluster.IndicesClusterStateService$$Lambda$561/1683367258.run(Unknown Source)
	at java.util.concurrent.ThreadPoolExecutor.runWorker(ThreadPoolExecutor.java:1142)
	at java.util.concurrent.ThreadPoolExecutor$Worker.run(ThreadPoolExecutor.java:617)
	at java.lang.Thread.run(Thread.java:745)
Caused by: [test-idx][[test-idx][7]] IndexShardRestoreFailedException[restore failed]; nested: IndexShardRestoreFailedException[failed to restore snapshot [test-snap]]; nested: IndexShardRestoreFailedException[Failed to recover index]; nested: IOException[Random IOException];
	at org.elasticsearch.index.shard.StoreRecovery.restore(StoreRecovery.java:265)
	at org.elasticsearch.index.shard.StoreRecovery.lambda$recoverFromRepository$123(StoreRecovery.java:99)
	at org.elasticsearch.index.shard.StoreRecovery$$Lambda$562/1148766141.run(Unknown Source)
	at org.elasticsearch.index.shard.StoreRecovery.executeRecovery(StoreRecovery.java:122)
	... 7 more
Caused by: [test-idx][[test-idx][7]] IndexShardRestoreFailedException[failed to restore snapshot [test-snap]]; nested: IndexShardRestoreFailedException[Failed to recover index]; nested: IOException[Random IOException];
	at org.elasticsearch.index.snapshots.blobstore.BlobStoreIndexShardRepository.restore(BlobStoreIndexShardRepository.java:208)
	at org.elasticsearch.index.shard.StoreRecovery.restore(StoreRecovery.java:260)
	... 10 more
Caused by: [test-idx][[test-idx][7]] IndexShardRestoreFailedException[Failed to recover index]; nested: IOException[Random IOException];
	at org.elasticsearch.index.snapshots.blobstore.BlobStoreIndexShardRepository$RestoreContext.restore(BlobStoreIndexShardRepository.java:867)
	at org.elasticsearch.index.snapshots.blobstore.BlobStoreIndexShardRepository.restore(BlobStoreIndexShardRepository.java:206)
	... 11 more
Caused by: java.io.IOException: Random IOException
	at org.elasticsearch.snapshots.mockstore.MockRepository$MockBlobStore$MockBlobContainer.maybeIOExceptionOrBlock(MockRepository.java:277)
	at org.elasticsearch.snapshots.mockstore.MockRepository$MockBlobStore$MockBlobContainer.readBlob(MockRepository.java:321)
	at org.elasticsearch.index.snapshots.blobstore.BlobStoreIndexShardRepository$PartSliceStream.openSlice(BlobStoreIndexShardRepository.java:769)
	at org.elasticsearch.index.snapshots.blobstore.SlicedInputStream.nextStream(SlicedInputStream.java:53)
	at org.elasticsearch.index.snapshots.blobstore.SlicedInputStream.currentStream(SlicedInputStream.java:67)
	at org.elasticsearch.index.snapshots.blobstore.SlicedInputStream.read(SlicedInputStream.java:88)
	at java.io.FilterInputStream.read(FilterInputStream.java:133)
	at org.elasticsearch.index.snapshots.blobstore.RateLimitingInputStream.read(RateLimitingInputStream.java:69)
	at java.io.FilterInputStream.read(FilterInputStream.java:107)
	at org.elasticsearch.index.snapshots.blobstore.BlobStoreIndexShardRepository$RestoreContext.restoreFile(BlobStoreIndexShardRepository.java:924)
	at org.elasticsearch.index.snapshots.blobstore.BlobStoreIndexShardRepository$RestoreContext.restore(BlobStoreIndexShardRepository.java:864)
	... 12 more
[2016-03-30 23:02:06,515][WARN ][org.elasticsearch.cluster.action.shard] [node_s0] [test-idx][7] received shard failed for [test-idx][7], node[YU4rw4SiR5aBA7JFJFd8EQ], [P], v[25], restoring[test-repo:test-snap], s[INITIALIZING], a[id=UyHy6JNPRJWa2w9rnLsu6Q], unassigned_info[[reason=ALLOCATION_FAILED], at[2016-03-31T06:02:06.466Z], details[failed recovery, failure IndexShardRecoveryException[failed recovery]; nested: IndexShardRestoreFailedException[restore failed]; nested: IndexShardRestoreFailedException[failed to restore snapshot [test-snap]]; nested: IndexShardRestoreFailedException[Failed to recover index]; nested: NotSerializableExceptionWrapper[Random IOException]; ]], expected_shard_size[0], indexUUID [4jpdB_g0RdurmlwQgV2n7w], message [failed recovery], failure [IndexShardRecoveryException[failed recovery]; nested: IndexShardRestoreFailedException[restore failed]; nested: IndexShardRestoreFailedException[failed to restore snapshot [test-snap]]; nested: IndexShardRestoreFailedException[Failed to recover index]; nested: IOException[Random IOException]; ]
[test-idx][[test-idx][7]] IndexShardRecoveryException[failed recovery]; nested: IndexShardRestoreFailedException[restore failed]; nested: IndexShardRestoreFailedException[failed to restore snapshot [test-snap]]; nested: IndexShardRestoreFailedException[Failed to recover index]; nested: IOException[Random IOException];
	at org.elasticsearch.index.shard.StoreRecovery.executeRecovery(StoreRecovery.java:165)
	at org.elasticsearch.index.shard.StoreRecovery.recoverFromRepository(StoreRecovery.java:97)
	at org.elasticsearch.index.shard.IndexShard.restoreFromRepository(IndexShard.java:1110)
	at org.elasticsearch.indices.cluster.IndicesClusterStateService.lambda$applyInitializingShard$128(IndicesClusterStateService.java:654)
	at org.elasticsearch.indices.cluster.IndicesClusterStateService$$Lambda$561/1683367258.run(Unknown Source)
	at java.util.concurrent.ThreadPoolExecutor.runWorker(ThreadPoolExecutor.java:1142)
	at java.util.concurrent.ThreadPoolExecutor$Worker.run(ThreadPoolExecutor.java:617)
	at java.lang.Thread.run(Thread.java:745)
Caused by: [test-idx][[test-idx][7]] IndexShardRestoreFailedException[restore failed]; nested: IndexShardRestoreFailedException[failed to restore snapshot [test-snap]]; nested: IndexShardRestoreFailedException[Failed to recover index]; nested: IOException[Random IOException];
	at org.elasticsearch.index.shard.StoreRecovery.restore(StoreRecovery.java:265)
	at org.elasticsearch.index.shard.StoreRecovery.lambda$recoverFromRepository$123(StoreRecovery.java:99)
	at org.elasticsearch.index.shard.StoreRecovery$$Lambda$562/1148766141.run(Unknown Source)
	at org.elasticsearch.index.shard.StoreRecovery.executeRecovery(StoreRecovery.java:122)
	... 7 more
Caused by: [test-idx][[test-idx][7]] IndexShardRestoreFailedException[failed to restore snapshot [test-snap]]; nested: IndexShardRestoreFailedException[Failed to recover index]; nested: IOException[Random IOException];
	at org.elasticsearch.index.snapshots.blobstore.BlobStoreIndexShardRepository.restore(BlobStoreIndexShardRepository.java:208)
	at org.elasticsearch.index.shard.StoreRecovery.restore(StoreRecovery.java:260)
	... 10 more
Caused by: [test-idx][[test-idx][7]] IndexShardRestoreFailedException[Failed to recover index]; nested: IOException[Random IOException];
	at org.elasticsearch.index.snapshots.blobstore.BlobStoreIndexShardRepository$RestoreContext.restore(BlobStoreIndexShardRepository.java:867)
	at org.elasticsearch.index.snapshots.blobstore.BlobStoreIndexShardRepository.restore(BlobStoreIndexShardRepository.java:206)
	... 11 more
Caused by: java.io.IOException: Random IOException
	at org.elasticsearch.snapshots.mockstore.MockRepository$MockBlobStore$MockBlobContainer.maybeIOExceptionOrBlock(MockRepository.java:277)
	at org.elasticsearch.snapshots.mockstore.MockRepository$MockBlobStore$MockBlobContainer.readBlob(MockRepository.java:321)
	at org.elasticsearch.index.snapshots.blobstore.BlobStoreIndexShardRepository$PartSliceStream.openSlice(BlobStoreIndexShardRepository.java:769)
	at org.elasticsearch.index.snapshots.blobstore.SlicedInputStream.nextStream(SlicedInputStream.java:53)
	at org.elasticsearch.index.snapshots.blobstore.SlicedInputStream.currentStream(SlicedInputStream.java:67)
	at org.elasticsearch.index.snapshots.blobstore.SlicedInputStream.read(SlicedInputStream.java:88)
	at java.io.FilterInputStream.read(FilterInputStream.java:133)
	at org.elasticsearch.index.snapshots.blobstore.RateLimitingInputStream.read(RateLimitingInputStream.java:69)
	at java.io.FilterInputStream.read(FilterInputStream.java:107)
	at org.elasticsearch.index.snapshots.blobstore.BlobStoreIndexShardRepository$RestoreContext.restoreFile(BlobStoreIndexShardRepository.java:924)
	at org.elasticsearch.index.snapshots.blobstore.BlobStoreIndexShardRepository$RestoreContext.restore(BlobStoreIndexShardRepository.java:864)
	... 12 more
[2016-03-30 23:02:06,536][WARN ][org.elasticsearch.cluster.action.shard] [node_s0] [test-idx][7] received shard failed for [test-idx][7], node[YU4rw4SiR5aBA7JFJFd8EQ], [P], v[25], restoring[test-repo:test-snap], s[INITIALIZING], a[id=UyHy6JNPRJWa2w9rnLsu6Q], unassigned_info[[reason=ALLOCATION_FAILED], at[2016-03-31T06:02:06.466Z], details[failed recovery, failure IndexShardRecoveryException[failed recovery]; nested: IndexShardRestoreFailedException[restore failed]; nested: IndexShardRestoreFailedException[failed to restore snapshot [test-snap]]; nested: IndexShardRestoreFailedException[Failed to recover index]; nested: NotSerializableExceptionWrapper[Random IOException]; ]], expected_shard_size[0], indexUUID [4jpdB_g0RdurmlwQgV2n7w], message [master {node_s0}{YU4rw4SiR5aBA7JFJFd8EQ}{local}{local[78]}[mode=>local] marked shard as initializing, but shard is marked as failed, resend shard failure], failure [Unknown]
[2016-03-30 23:02:06,537][WARN ][org.elasticsearch.cluster.action.shard] [node_s0] [test-idx][2] received shard failed for [test-idx][2], node[YU4rw4SiR5aBA7JFJFd8EQ], [P], v[25], restoring[test-repo:test-snap], s[INITIALIZING], a[id=Yn8BFa-STDCDZsK-bSM5AA], unassigned_info[[reason=ALLOCATION_FAILED], at[2016-03-31T06:02:06.418Z], details[failed recovery, failure IndexShardRecoveryException[failed recovery]; nested: IndexShardRestoreFailedException[restore failed]; nested: IndexShardRestoreFailedException[failed to restore snapshot [test-snap]]; nested: IndexShardRestoreFailedException[Failed to recover index]; nested: NotSerializableExceptionWrapper[Random IOException]; ]], expected_shard_size[0], indexUUID [4jpdB_g0RdurmlwQgV2n7w], message [master {node_s0}{YU4rw4SiR5aBA7JFJFd8EQ}{local}{local[78]}[mode=>local] marked shard as initializing, but shard is marked as failed, resend shard failure], failure [Unknown]
[2016-03-30 23:02:06,582][WARN ][org.elasticsearch.indices.cluster] [node_s1] [[test-idx][2]] marking and sending shard failed due to [failed recovery]
[test-idx][[test-idx][2]] IndexShardRecoveryException[failed recovery]; nested: IndexShardRestoreFailedException[restore failed]; nested: IndexShardRestoreFailedException[failed to restore snapshot [test-snap]]; nested: IndexShardRestoreFailedException[Failed to recover index]; nested: IOException[Random IOException];
	at org.elasticsearch.index.shard.StoreRecovery.executeRecovery(StoreRecovery.java:165)
	at org.elasticsearch.index.shard.StoreRecovery.recoverFromRepository(StoreRecovery.java:97)
	at org.elasticsearch.index.shard.IndexShard.restoreFromRepository(IndexShard.java:1110)
	at org.elasticsearch.indices.cluster.IndicesClusterStateService.lambda$applyInitializingShard$128(IndicesClusterStateService.java:654)
	at org.elasticsearch.indices.cluster.IndicesClusterStateService$$Lambda$561/1683367258.run(Unknown Source)
	at java.util.concurrent.ThreadPoolExecutor.runWorker(ThreadPoolExecutor.java:1142)
	at java.util.concurrent.ThreadPoolExecutor$Worker.run(ThreadPoolExecutor.java:617)
	at java.lang.Thread.run(Thread.java:745)
Caused by: [test-idx][[test-idx][2]] IndexShardRestoreFailedException[restore failed]; nested: IndexShardRestoreFailedException[failed to restore snapshot [test-snap]]; nested: IndexShardRestoreFailedException[Failed to recover index]; nested: IOException[Random IOException];
	at org.elasticsearch.index.shard.StoreRecovery.restore(StoreRecovery.java:265)
	at org.elasticsearch.index.shard.StoreRecovery.lambda$recoverFromRepository$123(StoreRecovery.java:99)
	at org.elasticsearch.index.shard.StoreRecovery$$Lambda$562/1148766141.run(Unknown Source)
	at org.elasticsearch.index.shard.StoreRecovery.executeRecovery(StoreRecovery.java:122)
	... 7 more
Caused by: [test-idx][[test-idx][2]] IndexShardRestoreFailedException[failed to restore snapshot [test-snap]]; nested: IndexShardRestoreFailedException[Failed to recover index]; nested: IOException[Random IOException];
	at org.elasticsearch.index.snapshots.blobstore.BlobStoreIndexShardRepository.restore(BlobStoreIndexShardRepository.java:208)
	at org.elasticsearch.index.shard.StoreRecovery.restore(StoreRecovery.java:260)
	... 10 more
Caused by: [test-idx][[test-idx][2]] IndexShardRestoreFailedException[Failed to recover index]; nested: IOException[Random IOException];
	at org.elasticsearch.index.snapshots.blobstore.BlobStoreIndexShardRepository$RestoreContext.restore(BlobStoreIndexShardRepository.java:867)
	at org.elasticsearch.index.snapshots.blobstore.BlobStoreIndexShardRepository.restore(BlobStoreIndexShardRepository.java:206)
	... 11 more
Caused by: java.io.IOException: Random IOException
	at org.elasticsearch.snapshots.mockstore.MockRepository$MockBlobStore$MockBlobContainer.maybeIOExceptionOrBlock(MockRepository.java:277)
	at org.elasticsearch.snapshots.mockstore.MockRepository$MockBlobStore$MockBlobContainer.readBlob(MockRepository.java:321)
	at org.elasticsearch.index.snapshots.blobstore.BlobStoreIndexShardRepository$PartSliceStream.openSlice(BlobStoreIndexShardRepository.java:769)
	at org.elasticsearch.index.snapshots.blobstore.SlicedInputStream.nextStream(SlicedInputStream.java:53)
	at org.elasticsearch.index.snapshots.blobstore.SlicedInputStream.currentStream(SlicedInputStream.java:67)
	at org.elasticsearch.index.snapshots.blobstore.SlicedInputStream.read(SlicedInputStream.java:88)
	at java.io.FilterInputStream.read(FilterInputStream.java:133)
	at org.elasticsearch.index.snapshots.blobstore.RateLimitingInputStream.read(RateLimitingInputStream.java:69)
	at java.io.FilterInputStream.read(FilterInputStream.java:107)
	at org.elasticsearch.index.snapshots.blobstore.BlobStoreIndexShardRepository$RestoreContext.restoreFile(BlobStoreIndexShardRepository.java:924)
	at org.elasticsearch.index.snapshots.blobstore.BlobStoreIndexShardRepository$RestoreContext.restore(BlobStoreIndexShardRepository.java:864)
	... 12 more
[2016-03-30 23:02:06,586][WARN ][org.elasticsearch.cluster.action.shard] [node_s0] [test-idx][2] received shard failed for [test-idx][2], node[BGl_MLcDTse8q5N9C0jt5A], [P], v[27], restoring[test-repo:test-snap], s[INITIALIZING], a[id=UkDTqAYjQr2Ezr4j4_0YvA], unassigned_info[[reason=ALLOCATION_FAILED], at[2016-03-31T06:02:06.548Z], details[failed recovery, failure IndexShardRecoveryException[failed recovery]; nested: IndexShardRestoreFailedException[restore failed]; nested: IndexShardRestoreFailedException[failed to restore snapshot [test-snap]]; nested: IndexShardRestoreFailedException[Failed to recover index]; nested: NotSerializableExceptionWrapper[Random IOException]; ]], expected_shard_size[0], indexUUID [4jpdB_g0RdurmlwQgV2n7w], message [failed recovery], failure [IndexShardRecoveryException[failed recovery]; nested: IndexShardRestoreFailedException[restore failed]; nested: IndexShardRestoreFailedException[failed to restore snapshot [test-snap]]; nested: IndexShardRestoreFailedException[Failed to recover index]; nested: NotSerializableExceptionWrapper[Random IOException]; ]
[test-idx][[test-idx][2]] IndexShardRecoveryException[failed recovery]; nested: IndexShardRestoreFailedException[restore failed]; nested: IndexShardRestoreFailedException[failed to restore snapshot [test-snap]]; nested: IndexShardRestoreFailedException[Failed to recover index]; nested: NotSerializableExceptionWrapper[Random IOException];
	at org.elasticsearch.index.shard.StoreRecovery.executeRecovery(StoreRecovery.java:165)
	at org.elasticsearch.index.shard.StoreRecovery.recoverFromRepository(StoreRecovery.java:97)
	at org.elasticsearch.index.shard.IndexShard.restoreFromRepository(IndexShard.java:1110)
	at org.elasticsearch.indices.cluster.IndicesClusterStateService.lambda$applyInitializingShard$128(IndicesClusterStateService.java:654)
	at org.elasticsearch.indices.cluster.IndicesClusterStateService$$Lambda$561/1683367258.run(Unknown Source)
	at java.util.concurrent.ThreadPoolExecutor.runWorker(ThreadPoolExecutor.java:1142)
	at java.util.concurrent.ThreadPoolExecutor$Worker.run(ThreadPoolExecutor.java:617)
	at java.lang.Thread.run(Thread.java:745)
Caused by: [test-idx][[test-idx][2]] IndexShardRestoreFailedException[restore failed]; nested: IndexShardRestoreFailedException[failed to restore snapshot [test-snap]]; nested: IndexShardRestoreFailedException[Failed to recover index]; nested: NotSerializableExceptionWrapper[Random IOException];
	at org.elasticsearch.index.shard.StoreRecovery.restore(StoreRecovery.java:265)
	at org.elasticsearch.index.shard.StoreRecovery.lambda$recoverFromRepository$123(StoreRecovery.java:99)
	at org.elasticsearch.index.shard.StoreRecovery$$Lambda$562/1148766141.run(Unknown Source)
	at org.elasticsearch.index.shard.StoreRecovery.executeRecovery(StoreRecovery.java:122)
	... 7 more
Caused by: [test-idx][[test-idx][2]] IndexShardRestoreFailedException[failed to restore snapshot [test-snap]]; nested: IndexShardRestoreFailedException[Failed to recover index]; nested: NotSerializableExceptionWrapper[Random IOException];
	at org.elasticsearch.index.snapshots.blobstore.BlobStoreIndexShardRepository.restore(BlobStoreIndexShardRepository.java:208)
	at org.elasticsearch.index.shard.StoreRecovery.restore(StoreRecovery.java:260)
	... 10 more
Caused by: [test-idx][[test-idx][2]] IndexShardRestoreFailedException[Failed to recover index]; nested: NotSerializableExceptionWrapper[Random IOException];
	at org.elasticsearch.index.snapshots.blobstore.BlobStoreIndexShardRepository$RestoreContext.restore(BlobStoreIndexShardRepository.java:867)
	at org.elasticsearch.index.snapshots.blobstore.BlobStoreIndexShardRepository.restore(BlobStoreIndexShardRepository.java:206)
	... 11 more
Caused by: NotSerializableExceptionWrapper[Random IOException]
	at org.elasticsearch.snapshots.mockstore.MockRepository$MockBlobStore$MockBlobContainer.maybeIOExceptionOrBlock(MockRepository.java:277)
	at org.elasticsearch.snapshots.mockstore.MockRepository$MockBlobStore$MockBlobContainer.readBlob(MockRepository.java:321)
	at org.elasticsearch.index.snapshots.blobstore.BlobStoreIndexShardRepository$PartSliceStream.openSlice(BlobStoreIndexShardRepository.java:769)
	at org.elasticsearch.index.snapshots.blobstore.SlicedInputStream.nextStream(SlicedInputStream.java:53)
	at org.elasticsearch.index.snapshots.blobstore.SlicedInputStream.currentStream(SlicedInputStream.java:67)
	at org.elasticsearch.index.snapshots.blobstore.SlicedInputStream.read(SlicedInputStream.java:88)
	at java.io.FilterInputStream.read(FilterInputStream.java:133)
	at org.elasticsearch.index.snapshots.blobstore.RateLimitingInputStream.read(RateLimitingInputStream.java:69)
	at java.io.FilterInputStream.read(FilterInputStream.java:107)
	at org.elasticsearch.index.snapshots.blobstore.BlobStoreIndexShardRepository$RestoreContext.restoreFile(BlobStoreIndexShardRepository.java:924)
	at org.elasticsearch.index.snapshots.blobstore.BlobStoreIndexShardRepository$RestoreContext.restore(BlobStoreIndexShardRepository.java:864)
	... 12 more
[2016-03-30 23:02:06,587][WARN ][org.elasticsearch.cluster.action.shard] [node_s0] [test-idx][2] received shard failed for [test-idx][2], node[BGl_MLcDTse8q5N9C0jt5A], [P], v[27], restoring[test-repo:test-snap], s[INITIALIZING], a[id=UkDTqAYjQr2Ezr4j4_0YvA], unassigned_info[[reason=ALLOCATION_FAILED], at[2016-03-31T06:02:06.548Z], details[failed recovery, failure IndexShardRecoveryException[failed recovery]; nested: IndexShardRestoreFailedException[restore failed]; nested: IndexShardRestoreFailedException[failed to restore snapshot [test-snap]]; nested: IndexShardRestoreFailedException[Failed to recover index]; nested: NotSerializableExceptionWrapper[Random IOException]; ]], expected_shard_size[0], indexUUID [4jpdB_g0RdurmlwQgV2n7w], message [master {node_s0}{YU4rw4SiR5aBA7JFJFd8EQ}{local}{local[78]}[mode=>local] marked shard as initializing, but shard is marked as failed, resend shard failure], failure [Unknown]
[2016-03-30 23:02:06,621][WARN ][org.elasticsearch.cluster.action.shard] [node_s0] [test-idx][2] received shard failed for [test-idx][2], node[BGl_MLcDTse8q5N9C0jt5A], [P], v[27], restoring[test-repo:test-snap], s[INITIALIZING], a[id=UkDTqAYjQr2Ezr4j4_0YvA], unassigned_info[[reason=ALLOCATION_FAILED], at[2016-03-31T06:02:06.548Z], details[failed recovery, failure IndexShardRecoveryException[failed recovery]; nested: IndexShardRestoreFailedException[restore failed]; nested: IndexShardRestoreFailedException[failed to restore snapshot [test-snap]]; nested: IndexShardRestoreFailedException[Failed to recover index]; nested: NotSerializableExceptionWrapper[Random IOException]; ]], expected_shard_size[0], indexUUID [4jpdB_g0RdurmlwQgV2n7w], message [master {node_s0}{YU4rw4SiR5aBA7JFJFd8EQ}{local}{local[78]}[mode=>local] marked shard as initializing, but shard is marked as failed, resend shard failure], failure [Unknown]
[2016-03-30 23:02:06,622][WARN ][org.elasticsearch.indices.cluster] [node_s1] [[test-idx][7]] marking and sending shard failed due to [failed recovery]
[test-idx][[test-idx][7]] IndexShardRecoveryException[failed recovery]; nested: IndexShardRestoreFailedException[restore failed]; nested: IndexShardRestoreFailedException[failed to restore snapshot [test-snap]]; nested: IndexShardRestoreFailedException[Failed to recover index]; nested: IOException[Random IOException];
	at org.elasticsearch.index.shard.StoreRecovery.executeRecovery(StoreRecovery.java:165)
	at org.elasticsearch.index.shard.StoreRecovery.recoverFromRepository(StoreRecovery.java:97)
	at org.elasticsearch.index.shard.IndexShard.restoreFromRepository(IndexShard.java:1110)
	at org.elasticsearch.indices.cluster.IndicesClusterStateService.lambda$applyInitializingShard$128(IndicesClusterStateService.java:654)
	at org.elasticsearch.indices.cluster.IndicesClusterStateService$$Lambda$561/1683367258.run(Unknown Source)
	at java.util.concurrent.ThreadPoolExecutor.runWorker(ThreadPoolExecutor.java:1142)
	at java.util.concurrent.ThreadPoolExecutor$Worker.run(ThreadPoolExecutor.java:617)
	at java.lang.Thread.run(Thread.java:745)
Caused by: [test-idx][[test-idx][7]] IndexShardRestoreFailedException[restore failed]; nested: IndexShardRestoreFailedException[failed to restore snapshot [test-snap]]; nested: IndexShardRestoreFailedException[Failed to recover index]; nested: IOException[Random IOException];
	at org.elasticsearch.index.shard.StoreRecovery.restore(StoreRecovery.java:265)
	at org.elasticsearch.index.shard.StoreRecovery.lambda$recoverFromRepository$123(StoreRecovery.java:99)
	at org.elasticsearch.index.shard.StoreRecovery$$Lambda$562/1148766141.run(Unknown Source)
	at org.elasticsearch.index.shard.StoreRecovery.executeRecovery(StoreRecovery.java:122)
	... 7 more
Caused by: [test-idx][[test-idx][7]] IndexShardRestoreFailedException[failed to restore snapshot [test-snap]]; nested: IndexShardRestoreFailedException[Failed to recover index]; nested: IOException[Random IOException];
	at org.elasticsearch.index.snapshots.blobstore.BlobStoreIndexShardRepository.restore(BlobStoreIndexShardRepository.java:208)
	at org.elasticsearch.index.shard.StoreRecovery.restore(StoreRecovery.java:260)
	... 10 more
Caused by: [test-idx][[test-idx][7]] IndexShardRestoreFailedException[Failed to recover index]; nested: IOException[Random IOException];
	at org.elasticsearch.index.snapshots.blobstore.BlobStoreIndexShardRepository$RestoreContext.restore(BlobStoreIndexShardRepository.java:867)
	at org.elasticsearch.index.snapshots.blobstore.BlobStoreIndexShardRepository.restore(BlobStoreIndexShardRepository.java:206)
	... 11 more
Caused by: java.io.IOException: Random IOException
	at org.elasticsearch.snapshots.mockstore.MockRepository$MockBlobStore$MockBlobContainer.maybeIOExceptionOrBlock(MockRepository.java:277)
	at org.elasticsearch.snapshots.mockstore.MockRepository$MockBlobStore$MockBlobContainer.readBlob(MockRepository.java:321)
	at org.elasticsearch.index.snapshots.blobstore.BlobStoreIndexShardRepository$PartSliceStream.openSlice(BlobStoreIndexShardRepository.java:769)
	at org.elasticsearch.index.snapshots.blobstore.SlicedInputStream.nextStream(SlicedInputStream.java:53)
	at org.elasticsearch.index.snapshots.blobstore.SlicedInputStream.currentStream(SlicedInputStream.java:67)
	at org.elasticsearch.index.snapshots.blobstore.SlicedInputStream.read(SlicedInputStream.java:88)
	at java.io.FilterInputStream.read(FilterInputStream.java:133)
	at org.elasticsearch.index.snapshots.blobstore.RateLimitingInputStream.read(RateLimitingInputStream.java:69)
	at java.io.FilterInputStream.read(FilterInputStream.java:107)
	at org.elasticsearch.index.snapshots.blobstore.BlobStoreIndexShardRepository$RestoreContext.restoreFile(BlobStoreIndexShardRepository.java:924)
	at org.elasticsearch.index.snapshots.blobstore.BlobStoreIndexShardRepository$RestoreContext.restore(BlobStoreIndexShardRepository.java:864)
	... 12 more
[2016-03-30 23:02:06,626][WARN ][org.elasticsearch.cluster.action.shard] [node_s0] [test-idx][7] received shard failed for [test-idx][7], node[BGl_MLcDTse8q5N9C0jt5A], [P], v[27], restoring[test-repo:test-snap], s[INITIALIZING], a[id=SAjJRJb0TfeLVler3Is0pw], unassigned_info[[reason=ALLOCATION_FAILED], at[2016-03-31T06:02:06.548Z], details[failed recovery, failure IndexShardRecoveryException[failed recovery]; nested: IndexShardRestoreFailedException[restore failed]; nested: IndexShardRestoreFailedException[failed to restore snapshot [test-snap]]; nested: IndexShardRestoreFailedException[Failed to recover index]; nested: NotSerializableExceptionWrapper[Random IOException]; ]], expected_shard_size[0], indexUUID [4jpdB_g0RdurmlwQgV2n7w], message [failed recovery], failure [IndexShardRecoveryException[failed recovery]; nested: IndexShardRestoreFailedException[restore failed]; nested: IndexShardRestoreFailedException[failed to restore snapshot [test-snap]]; nested: IndexShardRestoreFailedException[Failed to recover index]; nested: NotSerializableExceptionWrapper[Random IOException]; ]
[test-idx][[test-idx][7]] IndexShardRecoveryException[failed recovery]; nested: IndexShardRestoreFailedException[restore failed]; nested: IndexShardRestoreFailedException[failed to restore snapshot [test-snap]]; nested: IndexShardRestoreFailedException[Failed to recover index]; nested: NotSerializableExceptionWrapper[Random IOException];
	at org.elasticsearch.index.shard.StoreRecovery.executeRecovery(StoreRecovery.java:165)
	at org.elasticsearch.index.shard.StoreRecovery.recoverFromRepository(StoreRecovery.java:97)
	at org.elasticsearch.index.shard.IndexShard.restoreFromRepository(IndexShard.java:1110)
	at org.elasticsearch.indices.cluster.IndicesClusterStateService.lambda$applyInitializingShard$128(IndicesClusterStateService.java:654)
	at org.elasticsearch.indices.cluster.IndicesClusterStateService$$Lambda$561/1683367258.run(Unknown Source)
	at java.util.concurrent.ThreadPoolExecutor.runWorker(ThreadPoolExecutor.java:1142)
	at java.util.concurrent.ThreadPoolExecutor$Worker.run(ThreadPoolExecutor.java:617)
	at java.lang.Thread.run(Thread.java:745)
Caused by: [test-idx][[test-idx][7]] IndexShardRestoreFailedException[restore failed]; nested: IndexShardRestoreFailedException[failed to restore snapshot [test-snap]]; nested: IndexShardRestoreFailedException[Failed to recover index]; nested: NotSerializableExceptionWrapper[Random IOException];
	at org.elasticsearch.index.shard.StoreRecovery.restore(StoreRecovery.java:265)
	at org.elasticsearch.index.shard.StoreRecovery.lambda$recoverFromRepository$123(StoreRecovery.java:99)
	at org.elasticsearch.index.shard.StoreRecovery$$Lambda$562/1148766141.run(Unknown Source)
	at org.elasticsearch.index.shard.StoreRecovery.executeRecovery(StoreRecovery.java:122)
	... 7 more
Caused by: [test-idx][[test-idx][7]] IndexShardRestoreFailedException[failed to restore snapshot [test-snap]]; nested: IndexShardRestoreFailedException[Failed to recover index]; nested: NotSerializableExceptionWrapper[Random IOException];
	at org.elasticsearch.index.snapshots.blobstore.BlobStoreIndexShardRepository.restore(BlobStoreIndexShardRepository.java:208)
	at org.elasticsearch.index.shard.StoreRecovery.restore(StoreRecovery.java:260)
	... 10 more
Caused by: [test-idx][[test-idx][7]] IndexShardRestoreFailedException[Failed to recover index]; nested: NotSerializableExceptionWrapper[Random IOException];
	at org.elasticsearch.index.snapshots.blobstore.BlobStoreIndexShardRepository$RestoreContext.restore(BlobStoreIndexShardRepository.java:867)
	at org.elasticsearch.index.snapshots.blobstore.BlobStoreIndexShardRepository.restore(BlobStoreIndexShardRepository.java:206)
	... 11 more
Caused by: NotSerializableExceptionWrapper[Random IOException]
	at org.elasticsearch.snapshots.mockstore.MockRepository$MockBlobStore$MockBlobContainer.maybeIOExceptionOrBlock(MockRepository.java:277)
	at org.elasticsearch.snapshots.mockstore.MockRepository$MockBlobStore$MockBlobContainer.readBlob(MockRepository.java:321)
	at org.elasticsearch.index.snapshots.blobstore.BlobStoreIndexShardRepository$PartSliceStream.openSlice(BlobStoreIndexShardRepository.java:769)
	at org.elasticsearch.index.snapshots.blobstore.SlicedInputStream.nextStream(SlicedInputStream.java:53)
	at org.elasticsearch.index.snapshots.blobstore.SlicedInputStream.currentStream(SlicedInputStream.java:67)
	at org.elasticsearch.index.snapshots.blobstore.SlicedInputStream.read(SlicedInputStream.java:88)
	at java.io.FilterInputStream.read(FilterInputStream.java:133)
	at org.elasticsearch.index.snapshots.blobstore.RateLimitingInputStream.read(RateLimitingInputStream.java:69)
	at java.io.FilterInputStream.read(FilterInputStream.java:107)
	at org.elasticsearch.index.snapshots.blobstore.BlobStoreIndexShardRepository$RestoreContext.restoreFile(BlobStoreIndexShardRepository.java:924)
	at org.elasticsearch.index.snapshots.blobstore.BlobStoreIndexShardRepository$RestoreContext.restore(BlobStoreIndexShardRepository.java:864)
	... 12 more
[2016-03-30 23:02:06,729][WARN ][org.elasticsearch.indices.cluster] [node_s0] [[test-idx][7]] marking and sending shard failed due to [failed recovery]
[test-idx][[test-idx][7]] IndexShardRecoveryException[failed recovery]; nested: IndexShardRestoreFailedException[restore failed]; nested: IndexShardRestoreFailedException[failed to restore snapshot [test-snap]]; nested: IndexShardRestoreFailedException[Failed to recover index]; nested: IOException[Random IOException];
	at org.elasticsearch.index.shard.StoreRecovery.executeRecovery(StoreRecovery.java:165)
	at org.elasticsearch.index.shard.StoreRecovery.recoverFromRepository(StoreRecovery.java:97)
	at org.elasticsearch.index.shard.IndexShard.restoreFromRepository(IndexShard.java:1110)
	at org.elasticsearch.indices.cluster.IndicesClusterStateService.lambda$applyInitializingShard$128(IndicesClusterStateService.java:654)
	at org.elasticsearch.indices.cluster.IndicesClusterStateService$$Lambda$561/1683367258.run(Unknown Source)
	at java.util.concurrent.ThreadPoolExecutor.runWorker(ThreadPoolExecutor.java:1142)
	at java.util.concurrent.ThreadPoolExecutor$Worker.run(ThreadPoolExecutor.java:617)
	at java.lang.Thread.run(Thread.java:745)
Caused by: [test-idx][[test-idx][7]] IndexShardRestoreFailedException[restore failed]; nested: IndexShardRestoreFailedException[failed to restore snapshot [test-snap]]; nested: IndexShardRestoreFailedException[Failed to recover index]; nested: IOException[Random IOException];
	at org.elasticsearch.index.shard.StoreRecovery.restore(StoreRecovery.java:265)
	at org.elasticsearch.index.shard.StoreRecovery.lambda$recoverFromRepository$123(StoreRecovery.java:99)
	at org.elasticsearch.index.shard.StoreRecovery$$Lambda$562/1148766141.run(Unknown Source)
	at org.elasticsearch.index.shard.StoreRecovery.executeRecovery(StoreRecovery.java:122)
	... 7 more
Caused by: [test-idx][[test-idx][7]] IndexShardRestoreFailedException[failed to restore snapshot [test-snap]]; nested: IndexShardRestoreFailedException[Failed to recover index]; nested: IOException[Random IOException];
	at org.elasticsearch.index.snapshots.blobstore.BlobStoreIndexShardRepository.restore(BlobStoreIndexShardRepository.java:208)
	at org.elasticsearch.index.shard.StoreRecovery.restore(StoreRecovery.java:260)
	... 10 more
Caused by: [test-idx][[test-idx][7]] IndexShardRestoreFailedException[Failed to recover index]; nested: IOException[Random IOException];
	at org.elasticsearch.index.snapshots.blobstore.BlobStoreIndexShardRepository$RestoreContext.restore(BlobStoreIndexShardRepository.java:867)
	at org.elasticsearch.index.snapshots.blobstore.BlobStoreIndexShardRepository.restore(BlobStoreIndexShardRepository.java:206)
	... 11 more
Caused by: java.io.IOException: Random IOException
	at org.elasticsearch.snapshots.mockstore.MockRepository$MockBlobStore$MockBlobContainer.maybeIOExceptionOrBlock(MockRepository.java:277)
	at org.elasticsearch.snapshots.mockstore.MockRepository$MockBlobStore$MockBlobContainer.readBlob(MockRepository.java:321)
	at org.elasticsearch.index.snapshots.blobstore.BlobStoreIndexShardRepository$PartSliceStream.openSlice(BlobStoreIndexShardRepository.java:769)
	at org.elasticsearch.index.snapshots.blobstore.SlicedInputStream.nextStream(SlicedInputStream.java:53)
	at org.elasticsearch.index.snapshots.blobstore.SlicedInputStream.currentStream(SlicedInputStream.java:67)
	at org.elasticsearch.index.snapshots.blobstore.SlicedInputStream.read(SlicedInputStream.java:88)
	at java.io.FilterInputStream.read(FilterInputStream.java:133)
	at org.elasticsearch.index.snapshots.blobstore.RateLimitingInputStream.read(RateLimitingInputStream.java:69)
	at java.io.FilterInputStream.read(FilterInputStream.java:107)
	at org.elasticsearch.index.snapshots.blobstore.BlobStoreIndexShardRepository$RestoreContext.restoreFile(BlobStoreIndexShardRepository.java:924)
	at org.elasticsearch.index.snapshots.blobstore.BlobStoreIndexShardRepository$RestoreContext.restore(BlobStoreIndexShardRepository.java:864)
	... 12 more
[2016-03-30 23:02:06,730][WARN ][org.elasticsearch.cluster.action.shard] [node_s0] [test-idx][7] received shard failed for [test-idx][7], node[YU4rw4SiR5aBA7JFJFd8EQ], [P], v[29], restoring[test-repo:test-snap], s[INITIALIZING], a[id=UVozn5ccQ6qRyiQT-XH2uA], unassigned_info[[reason=ALLOCATION_FAILED], at[2016-03-31T06:02:06.649Z], details[failed recovery, failure IndexShardRecoveryException[failed recovery]; nested: IndexShardRestoreFailedException[restore failed]; nested: IndexShardRestoreFailedException[failed to restore snapshot [test-snap]]; nested: IndexShardRestoreFailedException[Failed to recover index]; nested: NotSerializableExceptionWrapper[Random IOException]; ]], expected_shard_size[0], indexUUID [4jpdB_g0RdurmlwQgV2n7w], message [failed recovery], failure [IndexShardRecoveryException[failed recovery]; nested: IndexShardRestoreFailedException[restore failed]; nested: IndexShardRestoreFailedException[failed to restore snapshot [test-snap]]; nested: IndexShardRestoreFailedException[Failed to recover index]; nested: IOException[Random IOException]; ]
[test-idx][[test-idx][7]] IndexShardRecoveryException[failed recovery]; nested: IndexShardRestoreFailedException[restore failed]; nested: IndexShardRestoreFailedException[failed to restore snapshot [test-snap]]; nested: IndexShardRestoreFailedException[Failed to recover index]; nested: IOException[Random IOException];
	at org.elasticsearch.index.shard.StoreRecovery.executeRecovery(StoreRecovery.java:165)
	at org.elasticsearch.index.shard.StoreRecovery.recoverFromRepository(StoreRecovery.java:97)
	at org.elasticsearch.index.shard.IndexShard.restoreFromRepository(IndexShard.java:1110)
	at org.elasticsearch.indices.cluster.IndicesClusterStateService.lambda$applyInitializingShard$128(IndicesClusterStateService.java:654)
	at org.elasticsearch.indices.cluster.IndicesClusterStateService$$Lambda$561/1683367258.run(Unknown Source)
	at java.util.concurrent.ThreadPoolExecutor.runWorker(ThreadPoolExecutor.java:1142)
	at java.util.concurrent.ThreadPoolExecutor$Worker.run(ThreadPoolExecutor.java:617)
	at java.lang.Thread.run(Thread.java:745)
Caused by: [test-idx][[test-idx][7]] IndexShardRestoreFailedException[restore failed]; nested: IndexShardRestoreFailedException[failed to restore snapshot [test-snap]]; nested: IndexShardRestoreFailedException[Failed to recover index]; nested: IOException[Random IOException];
	at org.elasticsearch.index.shard.StoreRecovery.restore(StoreRecovery.java:265)
	at org.elasticsearch.index.shard.StoreRecovery.lambda$recoverFromRepository$123(StoreRecovery.java:99)
	at org.elasticsearch.index.shard.StoreRecovery$$Lambda$562/1148766141.run(Unknown Source)
	at org.elasticsearch.index.shard.StoreRecovery.executeRecovery(StoreRecovery.java:122)
	... 7 more
Caused by: [test-idx][[test-idx][7]] IndexShardRestoreFailedException[failed to restore snapshot [test-snap]]; nested: IndexShardRestoreFailedException[Failed to recover index]; nested: IOException[Random IOException];
	at org.elasticsearch.index.snapshots.blobstore.BlobStoreIndexShardRepository.restore(BlobStoreIndexShardRepository.java:208)
	at org.elasticsearch.index.shard.StoreRecovery.restore(StoreRecovery.java:260)
	... 10 more
Caused by: [test-idx][[test-idx][7]] IndexShardRestoreFailedException[Failed to recover index]; nested: IOException[Random IOException];
	at org.elasticsearch.index.snapshots.blobstore.BlobStoreIndexShardRepository$RestoreContext.restore(BlobStoreIndexShardRepository.java:867)
	at org.elasticsearch.index.snapshots.blobstore.BlobStoreIndexShardRepository.restore(BlobStoreIndexShardRepository.java:206)
	... 11 more
Caused by: java.io.IOException: Random IOException
	at org.elasticsearch.snapshots.mockstore.MockRepository$MockBlobStore$MockBlobContainer.maybeIOExceptionOrBlock(MockRepository.java:277)
	at org.elasticsearch.snapshots.mockstore.MockRepository$MockBlobStore$MockBlobContainer.readBlob(MockRepository.java:321)
	at org.elasticsearch.index.snapshots.blobstore.BlobStoreIndexShardRepository$PartSliceStream.openSlice(BlobStoreIndexShardRepository.java:769)
	at org.elasticsearch.index.snapshots.blobstore.SlicedInputStream.nextStream(SlicedInputStream.java:53)
	at org.elasticsearch.index.snapshots.blobstore.SlicedInputStream.currentStream(SlicedInputStream.java:67)
	at org.elasticsearch.index.snapshots.blobstore.SlicedInputStream.read(SlicedInputStream.java:88)
	at java.io.FilterInputStream.read(FilterInputStream.java:133)
	at org.elasticsearch.index.snapshots.blobstore.RateLimitingInputStream.read(RateLimitingInputStream.java:69)
	at java.io.FilterInputStream.read(FilterInputStream.java:107)
	at org.elasticsearch.index.snapshots.blobstore.BlobStoreIndexShardRepository$RestoreContext.restoreFile(BlobStoreIndexShardRepository.java:924)
	at org.elasticsearch.index.snapshots.blobstore.BlobStoreIndexShardRepository$RestoreContext.restore(BlobStoreIndexShardRepository.java:864)
	... 12 more
[2016-03-30 23:02:06,732][WARN ][org.elasticsearch.indices.cluster] [node_s0] [[test-idx][2]] marking and sending shard failed due to [failed recovery]
[test-idx][[test-idx][2]] IndexShardRecoveryException[failed recovery]; nested: IndexShardRestoreFailedException[restore failed]; nested: IndexShardRestoreFailedException[failed to restore snapshot [test-snap]]; nested: IndexShardRestoreFailedException[Failed to recover index]; nested: IOException[Random IOException];
	at org.elasticsearch.index.shard.StoreRecovery.executeRecovery(StoreRecovery.java:165)
	at org.elasticsearch.index.shard.StoreRecovery.recoverFromRepository(StoreRecovery.java:97)
	at org.elasticsearch.index.shard.IndexShard.restoreFromRepository(IndexShard.java:1110)
	at org.elasticsearch.indices.cluster.IndicesClusterStateService.lambda$applyInitializingShard$128(IndicesClusterStateService.java:654)
	at org.elasticsearch.indices.cluster.IndicesClusterStateService$$Lambda$561/1683367258.run(Unknown Source)
	at java.util.concurrent.ThreadPoolExecutor.runWorker(ThreadPoolExecutor.java:1142)
	at java.util.concurrent.ThreadPoolExecutor$Worker.run(ThreadPoolExecutor.java:617)
	at java.lang.Thread.run(Thread.java:745)
Caused by: [test-idx][[test-idx][2]] IndexShardRestoreFailedException[restore failed]; nested: IndexShardRestoreFailedException[failed to restore snapshot [test-snap]]; nested: IndexShardRestoreFailedException[Failed to recover index]; nested: IOException[Random IOException];
	at org.elasticsearch.index.shard.StoreRecovery.restore(StoreRecovery.java:265)
	at org.elasticsearch.index.shard.StoreRecovery.lambda$recoverFromRepository$123(StoreRecovery.java:99)
	at org.elasticsearch.index.shard.StoreRecovery$$Lambda$562/1148766141.run(Unknown Source)
	at org.elasticsearch.index.shard.StoreRecovery.executeRecovery(StoreRecovery.java:122)
	... 7 more
Caused by: [test-idx][[test-idx][2]] IndexShardRestoreFailedException[failed to restore snapshot [test-snap]]; nested: IndexShardRestoreFailedException[Failed to recover index]; nested: IOException[Random IOException];
	at org.elasticsearch.index.snapshots.blobstore.BlobStoreIndexShardRepository.restore(BlobStoreIndexShardRepository.java:208)
	at org.elasticsearch.index.shard.StoreRecovery.restore(StoreRecovery.java:260)
	... 10 more
Caused by: [test-idx][[test-idx][2]] IndexShardRestoreFailedException[Failed to recover index]; nested: IOException[Random IOException];
	at org.elasticsearch.index.snapshots.blobstore.BlobStoreIndexShardRepository$RestoreContext.restore(BlobStoreIndexShardRepository.java:867)
	at org.elasticsearch.index.snapshots.blobstore.BlobStoreIndexShardRepository.restore(BlobStoreIndexShardRepository.java:206)
	... 11 more
Caused by: java.io.IOException: Random IOException
	at org.elasticsearch.snapshots.mockstore.MockRepository$MockBlobStore$MockBlobContainer.maybeIOExceptionOrBlock(MockRepository.java:277)
	at org.elasticsearch.snapshots.mockstore.MockRepository$MockBlobStore$MockBlobContainer.readBlob(MockRepository.java:321)
	at org.elasticsearch.index.snapshots.blobstore.BlobStoreIndexShardRepository$PartSliceStream.openSlice(BlobStoreIndexShardRepository.java:769)
	at org.elasticsearch.index.snapshots.blobstore.SlicedInputStream.nextStream(SlicedInputStream.java:53)
	at org.elasticsearch.index.snapshots.blobstore.SlicedInputStream.currentStream(SlicedInputStream.java:67)
	at org.elasticsearch.index.snapshots.blobstore.SlicedInputStream.read(SlicedInputStream.java:88)
	at java.io.FilterInputStream.read(FilterInputStream.java:133)
	at org.elasticsearch.index.snapshots.blobstore.RateLimitingInputStream.read(RateLimitingInputStream.java:69)
	at java.io.FilterInputStream.read(FilterInputStream.java:107)
	at org.elasticsearch.index.snapshots.blobstore.BlobStoreIndexShardRepository$RestoreContext.restoreFile(BlobStoreIndexShardRepository.java:924)
	at org.elasticsearch.index.snapshots.blobstore.BlobStoreIndexShardRepository$RestoreContext.restore(BlobStoreIndexShardRepository.java:864)
	... 12 more
[2016-03-30 23:02:06,733][WARN ][org.elasticsearch.cluster.action.shard] [node_s0] [test-idx][2] received shard failed for [test-idx][2], node[YU4rw4SiR5aBA7JFJFd8EQ], [P], v[29], restoring[test-repo:test-snap], s[INITIALIZING], a[id=kucsYaHWTD6XlP-UGojTEg], unassigned_info[[reason=ALLOCATION_FAILED], at[2016-03-31T06:02:06.649Z], details[failed recovery, failure IndexShardRecoveryException[failed recovery]; nested: IndexShardRestoreFailedException[restore failed]; nested: IndexShardRestoreFailedException[failed to restore snapshot [test-snap]]; nested: IndexShardRestoreFailedException[Failed to recover index]; nested: NotSerializableExceptionWrapper[Random IOException]; ]], expected_shard_size[0], indexUUID [4jpdB_g0RdurmlwQgV2n7w], message [failed recovery], failure [IndexShardRecoveryException[failed recovery]; nested: IndexShardRestoreFailedException[restore failed]; nested: IndexShardRestoreFailedException[failed to restore snapshot [test-snap]]; nested: IndexShardRestoreFailedException[Failed to recover index]; nested: IOException[Random IOException]; ]
[test-idx][[test-idx][2]] IndexShardRecoveryException[failed recovery]; nested: IndexShardRestoreFailedException[restore failed]; nested: IndexShardRestoreFailedException[failed to restore snapshot [test-snap]]; nested: IndexShardRestoreFailedException[Failed to recover index]; nested: IOException[Random IOException];
	at org.elasticsearch.index.shard.StoreRecovery.executeRecovery(StoreRecovery.java:165)
	at org.elasticsearch.index.shard.StoreRecovery.recoverFromRepository(StoreRecovery.java:97)
	at org.elasticsearch.index.shard.IndexShard.restoreFromRepository(IndexShard.java:1110)
	at org.elasticsearch.indices.cluster.IndicesClusterStateService.lambda$applyInitializingShard$128(IndicesClusterStateService.java:654)
	at org.elasticsearch.indices.cluster.IndicesClusterStateService$$Lambda$561/1683367258.run(Unknown Source)
	at java.util.concurrent.ThreadPoolExecutor.runWorker(ThreadPoolExecutor.java:1142)
	at java.util.concurrent.ThreadPoolExecutor$Worker.run(ThreadPoolExecutor.java:617)
	at java.lang.Thread.run(Thread.java:745)
Caused by: [test-idx][[test-idx][2]] IndexShardRestoreFailedException[restore failed]; nested: IndexShardRestoreFailedException[failed to restore snapshot [test-snap]]; nested: IndexShardRestoreFailedException[Failed to recover index]; nested: IOException[Random IOException];
	at org.elasticsearch.index.shard.StoreRecovery.restore(StoreRecovery.java:265)
	at org.elasticsearch.index.shard.StoreRecovery.lambda$recoverFromRepository$123(StoreRecovery.java:99)
	at org.elasticsearch.index.shard.StoreRecovery$$Lambda$562/1148766141.run(Unknown Source)
	at org.elasticsearch.index.shard.StoreRecovery.executeRecovery(StoreRecovery.java:122)
	... 7 more
Caused by: [test-idx][[test-idx][2]] IndexShardRestoreFailedException[failed to restore snapshot [test-snap]]; nested: IndexShardRestoreFailedException[Failed to recover index]; nested: IOException[Random IOException];
	at org.elasticsearch.index.snapshots.blobstore.BlobStoreIndexShardRepository.restore(BlobStoreIndexShardRepository.java:208)
	at org.elasticsearch.index.shard.StoreRecovery.restore(StoreRecovery.java:260)
	... 10 more
Caused by: [test-idx][[test-idx][2]] IndexShardRestoreFailedException[Failed to recover index]; nested: IOException[Random IOException];
	at org.elasticsearch.index.snapshots.blobstore.BlobStoreIndexShardRepository$RestoreContext.restore(BlobStoreIndexShardRepository.java:867)
	at org.elasticsearch.index.snapshots.blobstore.BlobStoreIndexShardRepository.restore(BlobStoreIndexShardRepository.java:206)
	... 11 more
Caused by: java.io.IOException: Random IOException
	at org.elasticsearch.snapshots.mockstore.MockRepository$MockBlobStore$MockBlobContainer.maybeIOExceptionOrBlock(MockRepository.java:277)
	at org.elasticsearch.snapshots.mockstore.MockRepository$MockBlobStore$MockBlobContainer.readBlob(MockRepository.java:321)
	at org.elasticsearch.index.snapshots.blobstore.BlobStoreIndexShardRepository$PartSliceStream.openSlice(BlobStoreIndexShardRepository.java:769)
	at org.elasticsearch.index.snapshots.blobstore.SlicedInputStream.nextStream(SlicedInputStream.java:53)
	at org.elasticsearch.index.snapshots.blobstore.SlicedInputStream.currentStream(SlicedInputStream.java:67)
	at org.elasticsearch.index.snapshots.blobstore.SlicedInputStream.read(SlicedInputStream.java:88)
	at java.io.FilterInputStream.read(FilterInputStream.java:133)
	at org.elasticsearch.index.snapshots.blobstore.RateLimitingInputStream.read(RateLimitingInputStream.java:69)
	at java.io.FilterInputStream.read(FilterInputStream.java:107)
	at org.elasticsearch.index.snapshots.blobstore.BlobStoreIndexShardRepository$RestoreContext.restoreFile(BlobStoreIndexShardRepository.java:924)
	at org.elasticsearch.index.snapshots.blobstore.BlobStoreIndexShardRepository$RestoreContext.restore(BlobStoreIndexShardRepository.java:864)
	... 12 more
[2016-03-30 23:02:06,740][WARN ][org.elasticsearch.cluster.action.shard] [node_s0] [test-idx][2] received shard failed for [test-idx][2], node[YU4rw4SiR5aBA7JFJFd8EQ], [P], v[29], restoring[test-repo:test-snap], s[INITIALIZING], a[id=kucsYaHWTD6XlP-UGojTEg], unassigned_info[[reason=ALLOCATION_FAILED], at[2016-03-31T06:02:06.649Z], details[failed recovery, failure IndexShardRecoveryException[failed recovery]; nested: IndexShardRestoreFailedException[restore failed]; nested: IndexShardRestoreFailedException[failed to restore snapshot [test-snap]]; nested: IndexShardRestoreFailedException[Failed to recover index]; nested: NotSerializableExceptionWrapper[Random IOException]; ]], expected_shard_size[0], indexUUID [4jpdB_g0RdurmlwQgV2n7w], message [master {node_s0}{YU4rw4SiR5aBA7JFJFd8EQ}{local}{local[78]}[mode=>local] marked shard as initializing, but shard is marked as failed, resend shard failure], failure [Unknown]
[2016-03-30 23:02:06,741][WARN ][org.elasticsearch.cluster.action.shard] [node_s0] [test-idx][7] received shard failed for [test-idx][7], node[YU4rw4SiR5aBA7JFJFd8EQ], [P], v[29], restoring[test-repo:test-snap], s[INITIALIZING], a[id=UVozn5ccQ6qRyiQT-XH2uA], unassigned_info[[reason=ALLOCATION_FAILED], at[2016-03-31T06:02:06.649Z], details[failed recovery, failure IndexShardRecoveryException[failed recovery]; nested: IndexShardRestoreFailedException[restore failed]; nested: IndexShardRestoreFailedException[failed to restore snapshot [test-snap]]; nested: IndexShardRestoreFailedException[Failed to recover index]; nested: NotSerializableExceptionWrapper[Random IOException]; ]], expected_shard_size[0], indexUUID [4jpdB_g0RdurmlwQgV2n7w], message [master {node_s0}{YU4rw4SiR5aBA7JFJFd8EQ}{local}{local[78]}[mode=>local] marked shard as initializing, but shard is marked as failed, resend shard failure], failure [Unknown]
[2016-03-30 23:02:06,805][WARN ][org.elasticsearch.indices.cluster] [node_s1] [[test-idx][7]] marking and sending shard failed due to [failed recovery]
[test-idx][[test-idx][7]] IndexShardRecoveryException[failed recovery]; nested: IndexShardRestoreFailedException[restore failed]; nested: IndexShardRestoreFailedException[failed to restore snapshot [test-snap]]; nested: IndexShardRestoreFailedException[Failed to recover index]; nested: IOException[Random IOException];
	at org.elasticsearch.index.shard.StoreRecovery.executeRecovery(StoreRecovery.java:165)
	at org.elasticsearch.index.shard.StoreRecovery.recoverFromRepository(StoreRecovery.java:97)
	at org.elasticsearch.index.shard.IndexShard.restoreFromRepository(IndexShard.java:1110)
	at org.elasticsearch.indices.cluster.IndicesClusterStateService.lambda$applyInitializingShard$128(IndicesClusterStateService.java:654)
	at org.elasticsearch.indices.cluster.IndicesClusterStateService$$Lambda$561/1683367258.run(Unknown Source)
	at java.util.concurrent.ThreadPoolExecutor.runWorker(ThreadPoolExecutor.java:1142)
	at java.util.concurrent.ThreadPoolExecutor$Worker.run(ThreadPoolExecutor.java:617)
	at java.lang.Thread.run(Thread.java:745)
Caused by: [test-idx][[test-idx][7]] IndexShardRestoreFailedException[restore failed]; nested: IndexShardRestoreFailedException[failed to restore snapshot [test-snap]]; nested: IndexShardRestoreFailedException[Failed to recover index]; nested: IOException[Random IOException];
	at org.elasticsearch.index.shard.StoreRecovery.restore(StoreRecovery.java:265)
	at org.elasticsearch.index.shard.StoreRecovery.lambda$recoverFromRepository$123(StoreRecovery.java:99)
	at org.elasticsearch.index.shard.StoreRecovery$$Lambda$562/1148766141.run(Unknown Source)
	at org.elasticsearch.index.shard.StoreRecovery.executeRecovery(StoreRecovery.java:122)
	... 7 more
Caused by: [test-idx][[test-idx][7]] IndexShardRestoreFailedException[failed to restore snapshot [test-snap]]; nested: IndexShardRestoreFailedException[Failed to recover index]; nested: IOException[Random IOException];
	at org.elasticsearch.index.snapshots.blobstore.BlobStoreIndexShardRepository.restore(BlobStoreIndexShardRepository.java:208)
	at org.elasticsearch.index.shard.StoreRecovery.restore(StoreRecovery.java:260)
	... 10 more
Caused by: [test-idx][[test-idx][7]] IndexShardRestoreFailedException[Failed to recover index]; nested: IOException[Random IOException];
	at org.elasticsearch.index.snapshots.blobstore.BlobStoreIndexShardRepository$RestoreContext.restore(BlobStoreIndexShardRepository.java:867)
	at org.elasticsearch.index.snapshots.blobstore.BlobStoreIndexShardRepository.restore(BlobStoreIndexShardRepository.java:206)
	... 11 more
Caused by: java.io.IOException: Random IOException
	at org.elasticsearch.snapshots.mockstore.MockRepository$MockBlobStore$MockBlobContainer.maybeIOExceptionOrBlock(MockRepository.java:277)
	at org.elasticsearch.snapshots.mockstore.MockRepository$MockBlobStore$MockBlobContainer.readBlob(MockRepository.java:321)
	at org.elasticsearch.index.snapshots.blobstore.BlobStoreIndexShardRepository$PartSliceStream.openSlice(BlobStoreIndexShardRepository.java:769)
	at org.elasticsearch.index.snapshots.blobstore.SlicedInputStream.nextStream(SlicedInputStream.java:53)
	at org.elasticsearch.index.snapshots.blobstore.SlicedInputStream.currentStream(SlicedInputStream.java:67)
	at org.elasticsearch.index.snapshots.blobstore.SlicedInputStream.read(SlicedInputStream.java:88)
	at java.io.FilterInputStream.read(FilterInputStream.java:133)
	at org.elasticsearch.index.snapshots.blobstore.RateLimitingInputStream.read(RateLimitingInputStream.java:69)
	at java.io.FilterInputStream.read(FilterInputStream.java:107)
	at org.elasticsearch.index.snapshots.blobstore.BlobStoreIndexShardRepository$RestoreContext.restoreFile(BlobStoreIndexShardRepository.java:924)
	at org.elasticsearch.index.snapshots.blobstore.BlobStoreIndexShardRepository$RestoreContext.restore(BlobStoreIndexShardRepository.java:864)
	... 12 more
[2016-03-30 23:02:06,809][WARN ][org.elasticsearch.cluster.action.shard] [node_s0] [test-idx][7] received shard failed for [test-idx][7], node[BGl_MLcDTse8q5N9C0jt5A], [P], v[31], restoring[test-repo:test-snap], s[INITIALIZING], a[id=mSJ_s8nUQbW3EphfOfOohw], unassigned_info[[reason=ALLOCATION_FAILED], at[2016-03-31T06:02:06.753Z], details[failed recovery, failure IndexShardRecoveryException[failed recovery]; nested: IndexShardRestoreFailedException[restore failed]; nested: IndexShardRestoreFailedException[failed to restore snapshot [test-snap]]; nested: IndexShardRestoreFailedException[Failed to recover index]; nested: NotSerializableExceptionWrapper[Random IOException]; ]], expected_shard_size[0], indexUUID [4jpdB_g0RdurmlwQgV2n7w], message [failed recovery], failure [IndexShardRecoveryException[failed recovery]; nested: IndexShardRestoreFailedException[restore failed]; nested: IndexShardRestoreFailedException[failed to restore snapshot [test-snap]]; nested: IndexShardRestoreFailedException[Failed to recover index]; nested: NotSerializableExceptionWrapper[Random IOException]; ]
[test-idx][[test-idx][7]] IndexShardRecoveryException[failed recovery]; nested: IndexShardRestoreFailedException[restore failed]; nested: IndexShardRestoreFailedException[failed to restore snapshot [test-snap]]; nested: IndexShardRestoreFailedException[Failed to recover index]; nested: NotSerializableExceptionWrapper[Random IOException];
	at org.elasticsearch.index.shard.StoreRecovery.executeRecovery(StoreRecovery.java:165)
	at org.elasticsearch.index.shard.StoreRecovery.recoverFromRepository(StoreRecovery.java:97)
	at org.elasticsearch.index.shard.IndexShard.restoreFromRepository(IndexShard.java:1110)
	at org.elasticsearch.indices.cluster.IndicesClusterStateService.lambda$applyInitializingShard$128(IndicesClusterStateService.java:654)
	at org.elasticsearch.indices.cluster.IndicesClusterStateService$$Lambda$561/1683367258.run(Unknown Source)
	at java.util.concurrent.ThreadPoolExecutor.runWorker(ThreadPoolExecutor.java:1142)
	at java.util.concurrent.ThreadPoolExecutor$Worker.run(ThreadPoolExecutor.java:617)
	at java.lang.Thread.run(Thread.java:745)
Caused by: [test-idx][[test-idx][7]] IndexShardRestoreFailedException[restore failed]; nested: IndexShardRestoreFailedException[failed to restore snapshot [test-snap]]; nested: IndexShardRestoreFailedException[Failed to recover index]; nested: NotSerializableExceptionWrapper[Random IOException];
	at org.elasticsearch.index.shard.StoreRecovery.restore(StoreRecovery.java:265)
	at org.elasticsearch.index.shard.StoreRecovery.lambda$recoverFromRepository$123(StoreRecovery.java:99)
	at org.elasticsearch.index.shard.StoreRecovery$$Lambda$562/1148766141.run(Unknown Source)
	at org.elasticsearch.index.shard.StoreRecovery.executeRecovery(StoreRecovery.java:122)
	... 7 more
Caused by: [test-idx][[test-idx][7]] IndexShardRestoreFailedException[failed to restore snapshot [test-snap]]; nested: IndexShardRestoreFailedException[Failed to recover index]; nested: NotSerializableExceptionWrapper[Random IOException];
	at org.elasticsearch.index.snapshots.blobstore.BlobStoreIndexShardRepository.restore(BlobStoreIndexShardRepository.java:208)
	at org.elasticsearch.index.shard.StoreRecovery.restore(StoreRecovery.java:260)
	... 10 more
Caused by: [test-idx][[test-idx][7]] IndexShardRestoreFailedException[Failed to recover index]; nested: NotSerializableExceptionWrapper[Random IOException];
	at org.elasticsearch.index.snapshots.blobstore.BlobStoreIndexShardRepository$RestoreContext.restore(BlobStoreIndexShardRepository.java:867)
	at org.elasticsearch.index.snapshots.blobstore.BlobStoreIndexShardRepository.restore(BlobStoreIndexShardRepository.java:206)
	... 11 more
Caused by: NotSerializableExceptionWrapper[Random IOException]
	at org.elasticsearch.snapshots.mockstore.MockRepository$MockBlobStore$MockBlobContainer.maybeIOExceptionOrBlock(MockRepository.java:277)
	at org.elasticsearch.snapshots.mockstore.MockRepository$MockBlobStore$MockBlobContainer.readBlob(MockRepository.java:321)
	at org.elasticsearch.index.snapshots.blobstore.BlobStoreIndexShardRepository$PartSliceStream.openSlice(BlobStoreIndexShardRepository.java:769)
	at org.elasticsearch.index.snapshots.blobstore.SlicedInputStream.nextStream(SlicedInputStream.java:53)
	at org.elasticsearch.index.snapshots.blobstore.SlicedInputStream.currentStream(SlicedInputStream.java:67)
	at org.elasticsearch.index.snapshots.blobstore.SlicedInputStream.read(SlicedInputStream.java:88)
	at java.io.FilterInputStream.read(FilterInputStream.java:133)
	at org.elasticsearch.index.snapshots.blobstore.RateLimitingInputStream.read(RateLimitingInputStream.java:69)
	at java.io.FilterInputStream.read(FilterInputStream.java:107)
	at org.elasticsearch.index.snapshots.blobstore.BlobStoreIndexShardRepository$RestoreContext.restoreFile(BlobStoreIndexShardRepository.java:924)
	at org.elasticsearch.index.snapshots.blobstore.BlobStoreIndexShardRepository$RestoreContext.restore(BlobStoreIndexShardRepository.java:864)
	... 12 more
[2016-03-30 23:02:06,822][WARN ][org.elasticsearch.indices.cluster] [node_s1] [[test-idx][2]] marking and sending shard failed due to [failed recovery]
[test-idx][[test-idx][2]] IndexShardRecoveryException[failed recovery]; nested: IndexShardRestoreFailedException[restore failed]; nested: IndexShardRestoreFailedException[failed to restore snapshot [test-snap]]; nested: IndexShardRestoreFailedException[Failed to recover index]; nested: IOException[Random IOException];
	at org.elasticsearch.index.shard.StoreRecovery.executeRecovery(StoreRecovery.java:165)
	at org.elasticsearch.index.shard.StoreRecovery.recoverFromRepository(StoreRecovery.java:97)
	at org.elasticsearch.index.shard.IndexShard.restoreFromRepository(IndexShard.java:1110)
	at org.elasticsearch.indices.cluster.IndicesClusterStateService.lambda$applyInitializingShard$128(IndicesClusterStateService.java:654)
	at org.elasticsearch.indices.cluster.IndicesClusterStateService$$Lambda$561/1683367258.run(Unknown Source)
	at java.util.concurrent.ThreadPoolExecutor.runWorker(ThreadPoolExecutor.java:1142)
	at java.util.concurrent.ThreadPoolExecutor$Worker.run(ThreadPoolExecutor.java:617)
	at java.lang.Thread.run(Thread.java:745)
Caused by: [test-idx][[test-idx][2]] IndexShardRestoreFailedException[restore failed]; nested: IndexShardRestoreFailedException[failed to restore snapshot [test-snap]]; nested: IndexShardRestoreFailedException[Failed to recover index]; nested: IOException[Random IOException];
	at org.elasticsearch.index.shard.StoreRecovery.restore(StoreRecovery.java:265)
	at org.elasticsearch.index.shard.StoreRecovery.lambda$recoverFromRepository$123(StoreRecovery.java:99)
	at org.elasticsearch.index.shard.StoreRecovery$$Lambda$562/1148766141.run(Unknown Source)
	at org.elasticsearch.index.shard.StoreRecovery.executeRecovery(StoreRecovery.java:122)
	... 7 more
Caused by: [test-idx][[test-idx][2]] IndexShardRestoreFailedException[failed to restore snapshot [test-snap]]; nested: IndexShardRestoreFailedException[Failed to recover index]; nested: IOException[Random IOException];
	at org.elasticsearch.index.snapshots.blobstore.BlobStoreIndexShardRepository.restore(BlobStoreIndexShardRepository.java:208)
	at org.elasticsearch.index.shard.StoreRecovery.restore(StoreRecovery.java:260)
	... 10 more
Caused by: [test-idx][[test-idx][2]] IndexShardRestoreFailedException[Failed to recover index]; nested: IOException[Random IOException];
	at org.elasticsearch.index.snapshots.blobstore.BlobStoreIndexShardRepository$RestoreContext.restore(BlobStoreIndexShardRepository.java:867)
	at org.elasticsearch.index.snapshots.blobstore.BlobStoreIndexShardRepository.restore(BlobStoreIndexShardRepository.java:206)
	... 11 more
Caused by: java.io.IOException: Random IOException
	at org.elasticsearch.snapshots.mockstore.MockRepository$MockBlobStore$MockBlobContainer.maybeIOExceptionOrBlock(MockRepository.java:277)
	at org.elasticsearch.snapshots.mockstore.MockRepository$MockBlobStore$MockBlobContainer.readBlob(MockRepository.java:321)
	at org.elasticsearch.index.snapshots.blobstore.BlobStoreIndexShardRepository$PartSliceStream.openSlice(BlobStoreIndexShardRepository.java:769)
	at org.elasticsearch.index.snapshots.blobstore.SlicedInputStream.nextStream(SlicedInputStream.java:53)
	at org.elasticsearch.index.snapshots.blobstore.SlicedInputStream.currentStream(SlicedInputStream.java:67)
	at org.elasticsearch.index.snapshots.blobstore.SlicedInputStream.read(SlicedInputStream.java:88)
	at java.io.FilterInputStream.read(FilterInputStream.java:133)
	at org.elasticsearch.index.snapshots.blobstore.RateLimitingInputStream.read(RateLimitingInputStream.java:69)
	at java.io.FilterInputStream.read(FilterInputStream.java:107)
	at org.elasticsearch.index.snapshots.blobstore.BlobStoreIndexShardRepository$RestoreContext.restoreFile(BlobStoreIndexShardRepository.java:924)
	at org.elasticsearch.index.snapshots.blobstore.BlobStoreIndexShardRepository$RestoreContext.restore(BlobStoreIndexShardRepository.java:864)
	... 12 more
[2016-03-30 23:02:06,827][WARN ][org.elasticsearch.cluster.action.shard] [node_s0] [test-idx][2] received shard failed for [test-idx][2], node[BGl_MLcDTse8q5N9C0jt5A], [P], v[31], restoring[test-repo:test-snap], s[INITIALIZING], a[id=PlNTIvCpRn26zMuvA5FsBg], unassigned_info[[reason=ALLOCATION_FAILED], at[2016-03-31T06:02:06.753Z], details[failed recovery, failure IndexShardRecoveryException[failed recovery]; nested: IndexShardRestoreFailedException[restore failed]; nested: IndexShardRestoreFailedException[failed to restore snapshot [test-snap]]; nested: IndexShardRestoreFailedException[Failed to recover index]; nested: NotSerializableExceptionWrapper[Random IOException]; ]], expected_shard_size[0], indexUUID [4jpdB_g0RdurmlwQgV2n7w], message [failed recovery], failure [IndexShardRecoveryException[failed recovery]; nested: IndexShardRestoreFailedException[restore failed]; nested: IndexShardRestoreFailedException[failed to restore snapshot [test-snap]]; nested: IndexShardRestoreFailedException[Failed to recover index]; nested: NotSerializableExceptionWrapper[Random IOException]; ]
[test-idx][[test-idx][2]] IndexShardRecoveryException[failed recovery]; nested: IndexShardRestoreFailedException[restore failed]; nested: IndexShardRestoreFailedException[failed to restore snapshot [test-snap]]; nested: IndexShardRestoreFailedException[Failed to recover index]; nested: NotSerializableExceptionWrapper[Random IOException];
	at org.elasticsearch.index.shard.StoreRecovery.executeRecovery(StoreRecovery.java:165)
	at org.elasticsearch.index.shard.StoreRecovery.recoverFromRepository(StoreRecovery.java:97)
	at org.elasticsearch.index.shard.IndexShard.restoreFromRepository(IndexShard.java:1110)
	at org.elasticsearch.indices.cluster.IndicesClusterStateService.lambda$applyInitializingShard$128(IndicesClusterStateService.java:654)
	at org.elasticsearch.indices.cluster.IndicesClusterStateService$$Lambda$561/1683367258.run(Unknown Source)
	at java.util.concurrent.ThreadPoolExecutor.runWorker(ThreadPoolExecutor.java:1142)
	at java.util.concurrent.ThreadPoolExecutor$Worker.run(ThreadPoolExecutor.java:617)
	at java.lang.Thread.run(Thread.java:745)
Caused by: [test-idx][[test-idx][2]] IndexShardRestoreFailedException[restore failed]; nested: IndexShardRestoreFailedException[failed to restore snapshot [test-snap]]; nested: IndexShardRestoreFailedException[Failed to recover index]; nested: NotSerializableExceptionWrapper[Random IOException];
	at org.elasticsearch.index.shard.StoreRecovery.restore(StoreRecovery.java:265)
	at org.elasticsearch.index.shard.StoreRecovery.lambda$recoverFromRepository$123(StoreRecovery.java:99)
	at org.elasticsearch.index.shard.StoreRecovery$$Lambda$562/1148766141.run(Unknown Source)
	at org.elasticsearch.index.shard.StoreRecovery.executeRecovery(StoreRecovery.java:122)
	... 7 more
Caused by: [test-idx][[test-idx][2]] IndexShardRestoreFailedException[failed to restore snapshot [test-snap]]; nested: IndexShardRestoreFailedException[Failed to recover index]; nested: NotSerializableExceptionWrapper[Random IOException];
	at org.elasticsearch.index.snapshots.blobstore.BlobStoreIndexShardRepository.restore(BlobStoreIndexShardRepository.java:208)
	at org.elasticsearch.index.shard.StoreRecovery.restore(StoreRecovery.java:260)
	... 10 more
Caused by: [test-idx][[test-idx][2]] IndexShardRestoreFailedException[Failed to recover index]; nested: NotSerializableExceptionWrapper[Random IOException];
	at org.elasticsearch.index.snapshots.blobstore.BlobStoreIndexShardRepository$RestoreContext.restore(BlobStoreIndexShardRepository.java:867)
	at org.elasticsearch.index.snapshots.blobstore.BlobStoreIndexShardRepository.restore(BlobStoreIndexShardRepository.java:206)
	... 11 more
Caused by: NotSerializableExceptionWrapper[Random IOException]
	at org.elasticsearch.snapshots.mockstore.MockRepository$MockBlobStore$MockBlobContainer.maybeIOExceptionOrBlock(MockRepository.java:277)
	at org.elasticsearch.snapshots.mockstore.MockRepository$MockBlobStore$MockBlobContainer.readBlob(MockRepository.java:321)
	at org.elasticsearch.index.snapshots.blobstore.BlobStoreIndexShardRepository$PartSliceStream.openSlice(BlobStoreIndexShardRepository.java:769)
	at org.elasticsearch.index.snapshots.blobstore.SlicedInputStream.nextStream(SlicedInputStream.java:53)
	at org.elasticsearch.index.snapshots.blobstore.SlicedInputStream.currentStream(SlicedInputStream.java:67)
	at org.elasticsearch.index.snapshots.blobstore.SlicedInputStream.read(SlicedInputStream.java:88)
	at java.io.FilterInputStream.read(FilterInputStream.java:133)
	at org.elasticsearch.index.snapshots.blobstore.RateLimitingInputStream.read(RateLimitingInputStream.java:69)
	at java.io.FilterInputStream.read(FilterInputStream.java:107)
	at org.elasticsearch.index.snapshots.blobstore.BlobStoreIndexShardRepository$RestoreContext.restoreFile(BlobStoreIndexShardRepository.java:924)
	at org.elasticsearch.index.snapshots.blobstore.BlobStoreIndexShardRepository$RestoreContext.restore(BlobStoreIndexShardRepository.java:864)
	... 12 more
[2016-03-30 23:02:06,856][WARN ][org.elasticsearch.indices.cluster] [node_s0] [[test-idx][2]] marking and sending shard failed due to [failed recovery]
[test-idx][[test-idx][2]] IndexShardRecoveryException[failed recovery]; nested: IndexShardRestoreFailedException[restore failed]; nested: IndexShardRestoreFailedException[failed to restore snapshot [test-snap]]; nested: IndexShardRestoreFailedException[Failed to recover index]; nested: IOException[Random IOException];
	at org.elasticsearch.index.shard.StoreRecovery.executeRecovery(StoreRecovery.java:165)
	at org.elasticsearch.index.shard.StoreRecovery.recoverFromRepository(StoreRecovery.java:97)
	at org.elasticsearch.index.shard.IndexShard.restoreFromRepository(IndexShard.java:1110)
	at org.elasticsearch.indices.cluster.IndicesClusterStateService.lambda$applyInitializingShard$128(IndicesClusterStateService.java:654)
	at org.elasticsearch.indices.cluster.IndicesClusterStateService$$Lambda$561/1683367258.run(Unknown Source)
	at java.util.concurrent.ThreadPoolExecutor.runWorker(ThreadPoolExecutor.java:1142)
	at java.util.concurrent.ThreadPoolExecutor$Worker.run(ThreadPoolExecutor.java:617)
	at java.lang.Thread.run(Thread.java:745)
Caused by: [test-idx][[test-idx][2]] IndexShardRestoreFailedException[restore failed]; nested: IndexShardRestoreFailedException[failed to restore snapshot [test-snap]]; nested: IndexShardRestoreFailedException[Failed to recover index]; nested: IOException[Random IOException];
	at org.elasticsearch.index.shard.StoreRecovery.restore(StoreRecovery.java:265)
	at org.elasticsearch.index.shard.StoreRecovery.lambda$recoverFromRepository$123(StoreRecovery.java:99)
	at org.elasticsearch.index.shard.StoreRecovery$$Lambda$562/1148766141.run(Unknown Source)
	at org.elasticsearch.index.shard.StoreRecovery.executeRecovery(StoreRecovery.java:122)
	... 7 more
Caused by: [test-idx][[test-idx][2]] IndexShardRestoreFailedException[failed to restore snapshot [test-snap]]; nested: IndexShardRestoreFailedException[Failed to recover index]; nested: IOException[Random IOException];
	at org.elasticsearch.index.snapshots.blobstore.BlobStoreIndexShardRepository.restore(BlobStoreIndexShardRepository.java:208)
	at org.elasticsearch.index.shard.StoreRecovery.restore(StoreRecovery.java:260)
	... 10 more
Caused by: [test-idx][[test-idx][2]] IndexShardRestoreFailedException[Failed to recover index]; nested: IOException[Random IOException];
	at org.elasticsearch.index.snapshots.blobstore.BlobStoreIndexShardRepository$RestoreContext.restore(BlobStoreIndexShardRepository.java:867)
	at org.elasticsearch.index.snapshots.blobstore.BlobStoreIndexShardRepository.restore(BlobStoreIndexShardRepository.java:206)
	... 11 more
Caused by: java.io.IOException: Random IOException
	at org.elasticsearch.snapshots.mockstore.MockRepository$MockBlobStore$MockBlobContainer.maybeIOExceptionOrBlock(MockRepository.java:277)
	at org.elasticsearch.snapshots.mockstore.MockRepository$MockBlobStore$MockBlobContainer.readBlob(MockRepository.java:321)
	at org.elasticsearch.index.snapshots.blobstore.BlobStoreIndexShardRepository$PartSliceStream.openSlice(BlobStoreIndexShardRepository.java:769)
	at org.elasticsearch.index.snapshots.blobstore.SlicedInputStream.nextStream(SlicedInputStream.java:53)
	at org.elasticsearch.index.snapshots.blobstore.SlicedInputStream.currentStream(SlicedInputStream.java:67)
	at org.elasticsearch.index.snapshots.blobstore.SlicedInputStream.read(SlicedInputStream.java:88)
	at java.io.FilterInputStream.read(FilterInputStream.java:133)
	at org.elasticsearch.index.snapshots.blobstore.RateLimitingInputStream.read(RateLimitingInputStream.java:69)
	at java.io.FilterInputStream.read(FilterInputStream.java:107)
	at org.elasticsearch.index.snapshots.blobstore.BlobStoreIndexShardRepository$RestoreContext.restoreFile(BlobStoreIndexShardRepository.java:924)
	at org.elasticsearch.index.snapshots.blobstore.BlobStoreIndexShardRepository$RestoreContext.restore(BlobStoreIndexShardRepository.java:864)
	... 12 more
[2016-03-30 23:02:06,857][WARN ][org.elasticsearch.cluster.action.shard] [node_s0] [test-idx][2] received shard failed for [test-idx][2], node[YU4rw4SiR5aBA7JFJFd8EQ], [P], v[33], restoring[test-repo:test-snap], s[INITIALIZING], a[id=l2RcLsVxShqyP9o69uQBcA], unassigned_info[[reason=ALLOCATION_FAILED], at[2016-03-31T06:02:06.828Z], details[failed recovery, failure IndexShardRecoveryException[failed recovery]; nested: IndexShardRestoreFailedException[restore failed]; nested: IndexShardRestoreFailedException[failed to restore snapshot [test-snap]]; nested: IndexShardRestoreFailedException[Failed to recover index]; nested: NotSerializableExceptionWrapper[Random IOException]; ]], expected_shard_size[0], indexUUID [4jpdB_g0RdurmlwQgV2n7w], message [failed recovery], failure [IndexShardRecoveryException[failed recovery]; nested: IndexShardRestoreFailedException[restore failed]; nested: IndexShardRestoreFailedException[failed to restore snapshot [test-snap]]; nested: IndexShardRestoreFailedException[Failed to recover index]; nested: IOException[Random IOException]; ]
[test-idx][[test-idx][2]] IndexShardRecoveryException[failed recovery]; nested: IndexShardRestoreFailedException[restore failed]; nested: IndexShardRestoreFailedException[failed to restore snapshot [test-snap]]; nested: IndexShardRestoreFailedException[Failed to recover index]; nested: IOException[Random IOException];
	at org.elasticsearch.index.shard.StoreRecovery.executeRecovery(StoreRecovery.java:165)
	at org.elasticsearch.index.shard.StoreRecovery.recoverFromRepository(StoreRecovery.java:97)
	at org.elasticsearch.index.shard.IndexShard.restoreFromRepository(IndexShard.java:1110)
	at org.elasticsearch.indices.cluster.IndicesClusterStateService.lambda$applyInitializingShard$128(IndicesClusterStateService.java:654)
	at org.elasticsearch.indices.cluster.IndicesClusterStateService$$Lambda$561/1683367258.run(Unknown Source)
	at java.util.concurrent.ThreadPoolExecutor.runWorker(ThreadPoolExecutor.java:1142)
	at java.util.concurrent.ThreadPoolExecutor$Worker.run(ThreadPoolExecutor.java:617)
	at java.lang.Thread.run(Thread.java:745)
Caused by: [test-idx][[test-idx][2]] IndexShardRestoreFailedException[restore failed]; nested: IndexShardRestoreFailedException[failed to restore snapshot [test-snap]]; nested: IndexShardRestoreFailedException[Failed to recover index]; nested: IOException[Random IOException];
	at org.elasticsearch.index.shard.StoreRecovery.restore(StoreRecovery.java:265)
	at org.elasticsearch.index.shard.StoreRecovery.lambda$recoverFromRepository$123(StoreRecovery.java:99)
	at org.elasticsearch.index.shard.StoreRecovery$$Lambda$562/1148766141.run(Unknown Source)
	at org.elasticsearch.index.shard.StoreRecovery.executeRecovery(StoreRecovery.java:122)
	... 7 more
Caused by: [test-idx][[test-idx][2]] IndexShardRestoreFailedException[failed to restore snapshot [test-snap]]; nested: IndexShardRestoreFailedException[Failed to recover index]; nested: IOException[Random IOException];
	at org.elasticsearch.index.snapshots.blobstore.BlobStoreIndexShardRepository.restore(BlobStoreIndexShardRepository.java:208)
	at org.elasticsearch.index.shard.StoreRecovery.restore(StoreRecovery.java:260)
	... 10 more
Caused by: [test-idx][[test-idx][2]] IndexShardRestoreFailedException[Failed to recover index]; nested: IOException[Random IOException];
	at org.elasticsearch.index.snapshots.blobstore.BlobStoreIndexShardRepository$RestoreContext.restore(BlobStoreIndexShardRepository.java:867)
	at org.elasticsearch.index.snapshots.blobstore.BlobStoreIndexShardRepository.restore(BlobStoreIndexShardRepository.java:206)
	... 11 more
Caused by: java.io.IOException: Random IOException
	at org.elasticsearch.snapshots.mockstore.MockRepository$MockBlobStore$MockBlobContainer.maybeIOExceptionOrBlock(MockRepository.java:277)
	at org.elasticsearch.snapshots.mockstore.MockRepository$MockBlobStore$MockBlobContainer.readBlob(MockRepository.java:321)
	at org.elasticsearch.index.snapshots.blobstore.BlobStoreIndexShardRepository$PartSliceStream.openSlice(BlobStoreIndexShardRepository.java:769)
	at org.elasticsearch.index.snapshots.blobstore.SlicedInputStream.nextStream(SlicedInputStream.java:53)
	at org.elasticsearch.index.snapshots.blobstore.SlicedInputStream.currentStream(SlicedInputStream.java:67)
	at org.elasticsearch.index.snapshots.blobstore.SlicedInputStream.read(SlicedInputStream.java:88)
	at java.io.FilterInputStream.read(FilterInputStream.java:133)
	at org.elasticsearch.index.snapshots.blobstore.RateLimitingInputStream.read(RateLimitingInputStream.java:69)
	at java.io.FilterInputStream.read(FilterInputStream.java:107)
	at org.elasticsearch.index.snapshots.blobstore.BlobStoreIndexShardRepository$RestoreContext.restoreFile(BlobStoreIndexShardRepository.java:924)
	at org.elasticsearch.index.snapshots.blobstore.BlobStoreIndexShardRepository$RestoreContext.restore(BlobStoreIndexShardRepository.java:864)
	... 12 more
[2016-03-30 23:02:06,881][WARN ][org.elasticsearch.indices.cluster] [node_s1] [[test-idx][2]] marking and sending shard failed due to [failed recovery]
[test-idx][[test-idx][2]] IndexShardRecoveryException[failed recovery]; nested: IndexShardRestoreFailedException[restore failed]; nested: IndexShardRestoreFailedException[failed to restore snapshot [test-snap]]; nested: IndexShardRestoreFailedException[Failed to recover index]; nested: IOException[Random IOException];
	at org.elasticsearch.index.shard.StoreRecovery.executeRecovery(StoreRecovery.java:165)
	at org.elasticsearch.index.shard.StoreRecovery.recoverFromRepository(StoreRecovery.java:97)
	at org.elasticsearch.index.shard.IndexShard.restoreFromRepository(IndexShard.java:1110)
	at org.elasticsearch.indices.cluster.IndicesClusterStateService.lambda$applyInitializingShard$128(IndicesClusterStateService.java:654)
	at org.elasticsearch.indices.cluster.IndicesClusterStateService$$Lambda$561/1683367258.run(Unknown Source)
	at java.util.concurrent.ThreadPoolExecutor.runWorker(ThreadPoolExecutor.java:1142)
	at java.util.concurrent.ThreadPoolExecutor$Worker.run(ThreadPoolExecutor.java:617)
	at java.lang.Thread.run(Thread.java:745)
Caused by: [test-idx][[test-idx][2]] IndexShardRestoreFailedException[restore failed]; nested: IndexShardRestoreFailedException[failed to restore snapshot [test-snap]]; nested: IndexShardRestoreFailedException[Failed to recover index]; nested: IOException[Random IOException];
	at org.elasticsearch.index.shard.StoreRecovery.restore(StoreRecovery.java:265)
	at org.elasticsearch.index.shard.StoreRecovery.lambda$recoverFromRepository$123(StoreRecovery.java:99)
	at org.elasticsearch.index.shard.StoreRecovery$$Lambda$562/1148766141.run(Unknown Source)
	at org.elasticsearch.index.shard.StoreRecovery.executeRecovery(StoreRecovery.java:122)
	... 7 more
Caused by: [test-idx][[test-idx][2]] IndexShardRestoreFailedException[failed to restore snapshot [test-snap]]; nested: IndexShardRestoreFailedException[Failed to recover index]; nested: IOException[Random IOException];
	at org.elasticsearch.index.snapshots.blobstore.BlobStoreIndexShardRepository.restore(BlobStoreIndexShardRepository.java:208)
	at org.elasticsearch.index.shard.StoreRecovery.restore(StoreRecovery.java:260)
	... 10 more
Caused by: [test-idx][[test-idx][2]] IndexShardRestoreFailedException[Failed to recover index]; nested: IOException[Random IOException];
	at org.elasticsearch.index.snapshots.blobstore.BlobStoreIndexShardRepository$RestoreContext.restore(BlobStoreIndexShardRepository.java:867)
	at org.elasticsearch.index.snapshots.blobstore.BlobStoreIndexShardRepository.restore(BlobStoreIndexShardRepository.java:206)
	... 11 more
Caused by: java.io.IOException: Random IOException
	at org.elasticsearch.snapshots.mockstore.MockRepository$MockBlobStore$MockBlobContainer.maybeIOExceptionOrBlock(MockRepository.java:277)
	at org.elasticsearch.snapshots.mockstore.MockRepository$MockBlobStore$MockBlobContainer.readBlob(MockRepository.java:321)
	at org.elasticsearch.index.snapshots.blobstore.BlobStoreIndexShardRepository$PartSliceStream.openSlice(BlobStoreIndexShardRepository.java:769)
	at org.elasticsearch.index.snapshots.blobstore.SlicedInputStream.nextStream(SlicedInputStream.java:53)
	at org.elasticsearch.index.snapshots.blobstore.SlicedInputStream.currentStream(SlicedInputStream.java:67)
	at org.elasticsearch.index.snapshots.blobstore.SlicedInputStream.read(SlicedInputStream.java:88)
	at java.io.FilterInputStream.read(FilterInputStream.java:133)
	at org.elasticsearch.index.snapshots.blobstore.RateLimitingInputStream.read(RateLimitingInputStream.java:69)
	at java.io.FilterInputStream.read(FilterInputStream.java:107)
	at org.elasticsearch.index.snapshots.blobstore.BlobStoreIndexShardRepository$RestoreContext.restoreFile(BlobStoreIndexShardRepository.java:924)
	at org.elasticsearch.index.snapshots.blobstore.BlobStoreIndexShardRepository$RestoreContext.restore(BlobStoreIndexShardRepository.java:864)
	... 12 more
[2016-03-30 23:02:06,887][WARN ][org.elasticsearch.cluster.action.shard] [node_s0] [test-idx][2] received shard failed for [test-idx][2], node[BGl_MLcDTse8q5N9C0jt5A], [P], v[35], restoring[test-repo:test-snap], s[INITIALIZING], a[id=R57YP08wTGOo8YLdocbL7w], unassigned_info[[reason=ALLOCATION_FAILED], at[2016-03-31T06:02:06.858Z], details[failed recovery, failure IndexShardRecoveryException[failed recovery]; nested: IndexShardRestoreFailedException[restore failed]; nested: IndexShardRestoreFailedException[failed to restore snapshot [test-snap]]; nested: IndexShardRestoreFailedException[Failed to recover index]; nested: NotSerializableExceptionWrapper[Random IOException]; ]], expected_shard_size[0], indexUUID [4jpdB_g0RdurmlwQgV2n7w], message [failed recovery], failure [IndexShardRecoveryException[failed recovery]; nested: IndexShardRestoreFailedException[restore failed]; nested: IndexShardRestoreFailedException[failed to restore snapshot [test-snap]]; nested: IndexShardRestoreFailedException[Failed to recover index]; nested: NotSerializableExceptionWrapper[Random IOException]; ]
[test-idx][[test-idx][2]] IndexShardRecoveryException[failed recovery]; nested: IndexShardRestoreFailedException[restore failed]; nested: IndexShardRestoreFailedException[failed to restore snapshot [test-snap]]; nested: IndexShardRestoreFailedException[Failed to recover index]; nested: NotSerializableExceptionWrapper[Random IOException];
	at org.elasticsearch.index.shard.StoreRecovery.executeRecovery(StoreRecovery.java:165)
	at org.elasticsearch.index.shard.StoreRecovery.recoverFromRepository(StoreRecovery.java:97)
	at org.elasticsearch.index.shard.IndexShard.restoreFromRepository(IndexShard.java:1110)
	at org.elasticsearch.indices.cluster.IndicesClusterStateService.lambda$applyInitializingShard$128(IndicesClusterStateService.java:654)
	at org.elasticsearch.indices.cluster.IndicesClusterStateService$$Lambda$561/1683367258.run(Unknown Source)
	at java.util.concurrent.ThreadPoolExecutor.runWorker(ThreadPoolExecutor.java:1142)
	at java.util.concurrent.ThreadPoolExecutor$Worker.run(ThreadPoolExecutor.java:617)
	at java.lang.Thread.run(Thread.java:745)
Caused by: [test-idx][[test-idx][2]] IndexShardRestoreFailedException[restore failed]; nested: IndexShardRestoreFailedException[failed to restore snapshot [test-snap]]; nested: IndexShardRestoreFailedException[Failed to recover index]; nested: NotSerializableExceptionWrapper[Random IOException];
	at org.elasticsearch.index.shard.StoreRecovery.restore(StoreRecovery.java:265)
	at org.elasticsearch.index.shard.StoreRecovery.lambda$recoverFromRepository$123(StoreRecovery.java:99)
	at org.elasticsearch.index.shard.StoreRecovery$$Lambda$562/1148766141.run(Unknown Source)
	at org.elasticsearch.index.shard.StoreRecovery.executeRecovery(StoreRecovery.java:122)
	... 7 more
Caused by: [test-idx][[test-idx][2]] IndexShardRestoreFailedException[failed to restore snapshot [test-snap]]; nested: IndexShardRestoreFailedException[Failed to recover index]; nested: NotSerializableExceptionWrapper[Random IOException];
	at org.elasticsearch.index.snapshots.blobstore.BlobStoreIndexShardRepository.restore(BlobStoreIndexShardRepository.java:208)
	at org.elasticsearch.index.shard.StoreRecovery.restore(StoreRecovery.java:260)
	... 10 more
Caused by: [test-idx][[test-idx][2]] IndexShardRestoreFailedException[Failed to recover index]; nested: NotSerializableExceptionWrapper[Random IOException];
	at org.elasticsearch.index.snapshots.blobstore.BlobStoreIndexShardRepository$RestoreContext.restore(BlobStoreIndexShardRepository.java:867)
	at org.elasticsearch.index.snapshots.blobstore.BlobStoreIndexShardRepository.restore(BlobStoreIndexShardRepository.java:206)
	... 11 more
Caused by: NotSerializableExceptionWrapper[Random IOException]
	at org.elasticsearch.snapshots.mockstore.MockRepository$MockBlobStore$MockBlobContainer.maybeIOExceptionOrBlock(MockRepository.java:277)
	at org.elasticsearch.snapshots.mockstore.MockRepository$MockBlobStore$MockBlobContainer.readBlob(MockRepository.java:321)
	at org.elasticsearch.index.snapshots.blobstore.BlobStoreIndexShardRepository$PartSliceStream.openSlice(BlobStoreIndexShardRepository.java:769)
	at org.elasticsearch.index.snapshots.blobstore.SlicedInputStream.nextStream(SlicedInputStream.java:53)
	at org.elasticsearch.index.snapshots.blobstore.SlicedInputStream.currentStream(SlicedInputStream.java:67)
	at org.elasticsearch.index.snapshots.blobstore.SlicedInputStream.read(SlicedInputStream.java:88)
	at java.io.FilterInputStream.read(FilterInputStream.java:133)
	at org.elasticsearch.index.snapshots.blobstore.RateLimitingInputStream.read(RateLimitingInputStream.java:69)
	at java.io.FilterInputStream.read(FilterInputStream.java:107)
	at org.elasticsearch.index.snapshots.blobstore.BlobStoreIndexShardRepository$RestoreContext.restoreFile(BlobStoreIndexShardRepository.java:924)
	at org.elasticsearch.index.snapshots.blobstore.BlobStoreIndexShardRepository$RestoreContext.restore(BlobStoreIndexShardRepository.java:864)
	... 12 more
[2016-03-30 23:02:06,888][WARN ][org.elasticsearch.cluster.action.shard] [node_s0] [test-idx][2] received shard failed for [test-idx][2], node[BGl_MLcDTse8q5N9C0jt5A], [P], v[35], restoring[test-repo:test-snap], s[INITIALIZING], a[id=R57YP08wTGOo8YLdocbL7w], unassigned_info[[reason=ALLOCATION_FAILED], at[2016-03-31T06:02:06.858Z], details[failed recovery, failure IndexShardRecoveryException[failed recovery]; nested: IndexShardRestoreFailedException[restore failed]; nested: IndexShardRestoreFailedException[failed to restore snapshot [test-snap]]; nested: IndexShardRestoreFailedException[Failed to recover index]; nested: NotSerializableExceptionWrapper[Random IOException]; ]], expected_shard_size[0], indexUUID [4jpdB_g0RdurmlwQgV2n7w], message [master {node_s0}{YU4rw4SiR5aBA7JFJFd8EQ}{local}{local[78]}[mode=>local] marked shard as initializing, but shard is marked as failed, resend shard failure], failure [Unknown]
[2016-03-30 23:02:06,918][WARN ][org.elasticsearch.indices.cluster] [node_s0] [[test-idx][7]] marking and sending shard failed due to [failed recovery]
[test-idx][[test-idx][7]] IndexShardRecoveryException[failed recovery]; nested: IndexShardRestoreFailedException[restore failed]; nested: IndexShardRestoreFailedException[failed to restore snapshot [test-snap]]; nested: IndexShardRestoreFailedException[Failed to recover index]; nested: IOException[Random IOException];
	at org.elasticsearch.index.shard.StoreRecovery.executeRecovery(StoreRecovery.java:165)
	at org.elasticsearch.index.shard.StoreRecovery.recoverFromRepository(StoreRecovery.java:97)
	at org.elasticsearch.index.shard.IndexShard.restoreFromRepository(IndexShard.java:1110)
	at org.elasticsearch.indices.cluster.IndicesClusterStateService.lambda$applyInitializingShard$128(IndicesClusterStateService.java:654)
	at org.elasticsearch.indices.cluster.IndicesClusterStateService$$Lambda$561/1683367258.run(Unknown Source)
	at java.util.concurrent.ThreadPoolExecutor.runWorker(ThreadPoolExecutor.java:1142)
	at java.util.concurrent.ThreadPoolExecutor$Worker.run(ThreadPoolExecutor.java:617)
	at java.lang.Thread.run(Thread.java:745)
Caused by: [test-idx][[test-idx][7]] IndexShardRestoreFailedException[restore failed]; nested: IndexShardRestoreFailedException[failed to restore snapshot [test-snap]]; nested: IndexShardRestoreFailedException[Failed to recover index]; nested: IOException[Random IOException];
	at org.elasticsearch.index.shard.StoreRecovery.restore(StoreRecovery.java:265)
	at org.elasticsearch.index.shard.StoreRecovery.lambda$recoverFromRepository$123(StoreRecovery.java:99)
	at org.elasticsearch.index.shard.StoreRecovery$$Lambda$562/1148766141.run(Unknown Source)
	at org.elasticsearch.index.shard.StoreRecovery.executeRecovery(StoreRecovery.java:122)
	... 7 more
Caused by: [test-idx][[test-idx][7]] IndexShardRestoreFailedException[failed to restore snapshot [test-snap]]; nested: IndexShardRestoreFailedException[Failed to recover index]; nested: IOException[Random IOException];
	at org.elasticsearch.index.snapshots.blobstore.BlobStoreIndexShardRepository.restore(BlobStoreIndexShardRepository.java:208)
	at org.elasticsearch.index.shard.StoreRecovery.restore(StoreRecovery.java:260)
	... 10 more
Caused by: [test-idx][[test-idx][7]] IndexShardRestoreFailedException[Failed to recover index]; nested: IOException[Random IOException];
	at org.elasticsearch.index.snapshots.blobstore.BlobStoreIndexShardRepository$RestoreContext.restore(BlobStoreIndexShardRepository.java:867)
	at org.elasticsearch.index.snapshots.blobstore.BlobStoreIndexShardRepository.restore(BlobStoreIndexShardRepository.java:206)
	... 11 more
Caused by: java.io.IOException: Random IOException
	at org.elasticsearch.snapshots.mockstore.MockRepository$MockBlobStore$MockBlobContainer.maybeIOExceptionOrBlock(MockRepository.java:277)
	at org.elasticsearch.snapshots.mockstore.MockRepository$MockBlobStore$MockBlobContainer.readBlob(MockRepository.java:321)
	at org.elasticsearch.index.snapshots.blobstore.BlobStoreIndexShardRepository$PartSliceStream.openSlice(BlobStoreIndexShardRepository.java:769)
	at org.elasticsearch.index.snapshots.blobstore.SlicedInputStream.nextStream(SlicedInputStream.java:53)
	at org.elasticsearch.index.snapshots.blobstore.SlicedInputStream.currentStream(SlicedInputStream.java:67)
	at org.elasticsearch.index.snapshots.blobstore.SlicedInputStream.read(SlicedInputStream.java:88)
	at java.io.FilterInputStream.read(FilterInputStream.java:133)
	at org.elasticsearch.index.snapshots.blobstore.RateLimitingInputStream.read(RateLimitingInputStream.java:69)
	at java.io.FilterInputStream.read(FilterInputStream.java:107)
	at org.elasticsearch.index.snapshots.blobstore.BlobStoreIndexShardRepository$RestoreContext.restoreFile(BlobStoreIndexShardRepository.java:924)
	at org.elasticsearch.index.snapshots.blobstore.BlobStoreIndexShardRepository$RestoreContext.restore(BlobStoreIndexShardRepository.java:864)
	... 12 more
[2016-03-30 23:02:06,919][WARN ][org.elasticsearch.cluster.action.shard] [node_s0] [test-idx][7] received shard failed for [test-idx][7], node[YU4rw4SiR5aBA7JFJFd8EQ], [P], v[33], restoring[test-repo:test-snap], s[INITIALIZING], a[id=X9woTzf1T6-YRAQ9unsalA], unassigned_info[[reason=ALLOCATION_FAILED], at[2016-03-31T06:02:06.810Z], details[failed recovery, failure IndexShardRecoveryException[failed recovery]; nested: IndexShardRestoreFailedException[restore failed]; nested: IndexShardRestoreFailedException[failed to restore snapshot [test-snap]]; nested: IndexShardRestoreFailedException[Failed to recover index]; nested: NotSerializableExceptionWrapper[Random IOException]; ]], expected_shard_size[0], indexUUID [4jpdB_g0RdurmlwQgV2n7w], message [failed recovery], failure [IndexShardRecoveryException[failed recovery]; nested: IndexShardRestoreFailedException[restore failed]; nested: IndexShardRestoreFailedException[failed to restore snapshot [test-snap]]; nested: IndexShardRestoreFailedException[Failed to recover index]; nested: IOException[Random IOException]; ]
[test-idx][[test-idx][7]] IndexShardRecoveryException[failed recovery]; nested: IndexShardRestoreFailedException[restore failed]; nested: IndexShardRestoreFailedException[failed to restore snapshot [test-snap]]; nested: IndexShardRestoreFailedException[Failed to recover index]; nested: IOException[Random IOException];
	at org.elasticsearch.index.shard.StoreRecovery.executeRecovery(StoreRecovery.java:165)
	at org.elasticsearch.index.shard.StoreRecovery.recoverFromRepository(StoreRecovery.java:97)
	at org.elasticsearch.index.shard.IndexShard.restoreFromRepository(IndexShard.java:1110)
	at org.elasticsearch.indices.cluster.IndicesClusterStateService.lambda$applyInitializingShard$128(IndicesClusterStateService.java:654)
	at org.elasticsearch.indices.cluster.IndicesClusterStateService$$Lambda$561/1683367258.run(Unknown Source)
	at java.util.concurrent.ThreadPoolExecutor.runWorker(ThreadPoolExecutor.java:1142)
	at java.util.concurrent.ThreadPoolExecutor$Worker.run(ThreadPoolExecutor.java:617)
	at java.lang.Thread.run(Thread.java:745)
Caused by: [test-idx][[test-idx][7]] IndexShardRestoreFailedException[restore failed]; nested: IndexShardRestoreFailedException[failed to restore snapshot [test-snap]]; nested: IndexShardRestoreFailedException[Failed to recover index]; nested: IOException[Random IOException];
	at org.elasticsearch.index.shard.StoreRecovery.restore(StoreRecovery.java:265)
	at org.elasticsearch.index.shard.StoreRecovery.lambda$recoverFromRepository$123(StoreRecovery.java:99)
	at org.elasticsearch.index.shard.StoreRecovery$$Lambda$562/1148766141.run(Unknown Source)
	at org.elasticsearch.index.shard.StoreRecovery.executeRecovery(StoreRecovery.java:122)
	... 7 more
Caused by: [test-idx][[test-idx][7]] IndexShardRestoreFailedException[failed to restore snapshot [test-snap]]; nested: IndexShardRestoreFailedException[Failed to recover index]; nested: IOException[Random IOException];
	at org.elasticsearch.index.snapshots.blobstore.BlobStoreIndexShardRepository.restore(BlobStoreIndexShardRepository.java:208)
	at org.elasticsearch.index.shard.StoreRecovery.restore(StoreRecovery.java:260)
	... 10 more
Caused by: [test-idx][[test-idx][7]] IndexShardRestoreFailedException[Failed to recover index]; nested: IOException[Random IOException];
	at org.elasticsearch.index.snapshots.blobstore.BlobStoreIndexShardRepository$RestoreContext.restore(BlobStoreIndexShardRepository.java:867)
	at org.elasticsearch.index.snapshots.blobstore.BlobStoreIndexShardRepository.restore(BlobStoreIndexShardRepository.java:206)
	... 11 more
Caused by: java.io.IOException: Random IOException
	at org.elasticsearch.snapshots.mockstore.MockRepository$MockBlobStore$MockBlobContainer.maybeIOExceptionOrBlock(MockRepository.java:277)
	at org.elasticsearch.snapshots.mockstore.MockRepository$MockBlobStore$MockBlobContainer.readBlob(MockRepository.java:321)
	at org.elasticsearch.index.snapshots.blobstore.BlobStoreIndexShardRepository$PartSliceStream.openSlice(BlobStoreIndexShardRepository.java:769)
	at org.elasticsearch.index.snapshots.blobstore.SlicedInputStream.nextStream(SlicedInputStream.java:53)
	at org.elasticsearch.index.snapshots.blobstore.SlicedInputStream.currentStream(SlicedInputStream.java:67)
	at org.elasticsearch.index.snapshots.blobstore.SlicedInputStream.read(SlicedInputStream.java:88)
	at java.io.FilterInputStream.read(FilterInputStream.java:133)
	at org.elasticsearch.index.snapshots.blobstore.RateLimitingInputStream.read(RateLimitingInputStream.java:69)
	at java.io.FilterInputStream.read(FilterInputStream.java:107)
	at org.elasticsearch.index.snapshots.blobstore.BlobStoreIndexShardRepository$RestoreContext.restoreFile(BlobStoreIndexShardRepository.java:924)
	at org.elasticsearch.index.snapshots.blobstore.BlobStoreIndexShardRepository$RestoreContext.restore(BlobStoreIndexShardRepository.java:864)
	... 12 more
[2016-03-30 23:02:06,923][WARN ][org.elasticsearch.cluster.action.shard] [node_s0] [test-idx][7] received shard failed for [test-idx][7], node[YU4rw4SiR5aBA7JFJFd8EQ], [P], v[33], restoring[test-repo:test-snap], s[INITIALIZING], a[id=X9woTzf1T6-YRAQ9unsalA], unassigned_info[[reason=ALLOCATION_FAILED], at[2016-03-31T06:02:06.810Z], details[failed recovery, failure IndexShardRecoveryException[failed recovery]; nested: IndexShardRestoreFailedException[restore failed]; nested: IndexShardRestoreFailedException[failed to restore snapshot [test-snap]]; nested: IndexShardRestoreFailedException[Failed to recover index]; nested: NotSerializableExceptionWrapper[Random IOException]; ]], expected_shard_size[0], indexUUID [4jpdB_g0RdurmlwQgV2n7w], message [master {node_s0}{YU4rw4SiR5aBA7JFJFd8EQ}{local}{local[78]}[mode=>local] marked shard as initializing, but shard is marked as failed, resend shard failure], failure [Unknown]
[2016-03-30 23:02:06,941][WARN ][org.elasticsearch.cluster.action.shard] [node_s0] [test-idx][2] received shard failed for [test-idx][2], node[BGl_MLcDTse8q5N9C0jt5A], [P], v[35], restoring[test-repo:test-snap], s[INITIALIZING], a[id=R57YP08wTGOo8YLdocbL7w], unassigned_info[[reason=ALLOCATION_FAILED], at[2016-03-31T06:02:06.858Z], details[failed recovery, failure IndexShardRecoveryException[failed recovery]; nested: IndexShardRestoreFailedException[restore failed]; nested: IndexShardRestoreFailedException[failed to restore snapshot [test-snap]]; nested: IndexShardRestoreFailedException[Failed to recover index]; nested: NotSerializableExceptionWrapper[Random IOException]; ]], expected_shard_size[0], indexUUID [4jpdB_g0RdurmlwQgV2n7w], message [master {node_s0}{YU4rw4SiR5aBA7JFJFd8EQ}{local}{local[78]}[mode=>local] marked shard as initializing, but shard is marked as failed, resend shard failure], failure [Unknown]
[2016-03-30 23:02:06,961][WARN ][org.elasticsearch.cluster.action.shard] [node_s0] [test-idx][7] received shard failed for [test-idx][7], node[YU4rw4SiR5aBA7JFJFd8EQ], [P], v[33], restoring[test-repo:test-snap], s[INITIALIZING], a[id=X9woTzf1T6-YRAQ9unsalA], unassigned_info[[reason=ALLOCATION_FAILED], at[2016-03-31T06:02:06.810Z], details[failed recovery, failure IndexShardRecoveryException[failed recovery]; nested: IndexShardRestoreFailedException[restore failed]; nested: IndexShardRestoreFailedException[failed to restore snapshot [test-snap]]; nested: IndexShardRestoreFailedException[Failed to recover index]; nested: NotSerializableExceptionWrapper[Random IOException]; ]], expected_shard_size[0], indexUUID [4jpdB_g0RdurmlwQgV2n7w], message [master {node_s0}{YU4rw4SiR5aBA7JFJFd8EQ}{local}{local[78]}[mode=>local] marked shard as initializing, but shard is marked as failed, resend shard failure], failure [Unknown]
[2016-03-30 23:02:07,003][WARN ][org.elasticsearch.indices.cluster] [node_s1] [[test-idx][7]] marking and sending shard failed due to [failed recovery]
[test-idx][[test-idx][7]] IndexShardRecoveryException[failed recovery]; nested: IndexShardRestoreFailedException[restore failed]; nested: IndexShardRestoreFailedException[failed to restore snapshot [test-snap]]; nested: IndexShardRestoreFailedException[Failed to recover index]; nested: IOException[Random IOException];
	at org.elasticsearch.index.shard.StoreRecovery.executeRecovery(StoreRecovery.java:165)
	at org.elasticsearch.index.shard.StoreRecovery.recoverFromRepository(StoreRecovery.java:97)
	at org.elasticsearch.index.shard.IndexShard.restoreFromRepository(IndexShard.java:1110)
	at org.elasticsearch.indices.cluster.IndicesClusterStateService.lambda$applyInitializingShard$128(IndicesClusterStateService.java:654)
	at org.elasticsearch.indices.cluster.IndicesClusterStateService$$Lambda$561/1683367258.run(Unknown Source)
	at java.util.concurrent.ThreadPoolExecutor.runWorker(ThreadPoolExecutor.java:1142)
	at java.util.concurrent.ThreadPoolExecutor$Worker.run(ThreadPoolExecutor.java:617)
	at java.lang.Thread.run(Thread.java:745)
Caused by: [test-idx][[test-idx][7]] IndexShardRestoreFailedException[restore failed]; nested: IndexShardRestoreFailedException[failed to restore snapshot [test-snap]]; nested: IndexShardRestoreFailedException[Failed to recover index]; nested: IOException[Random IOException];
	at org.elasticsearch.index.shard.StoreRecovery.restore(StoreRecovery.java:265)
	at org.elasticsearch.index.shard.StoreRecovery.lambda$recoverFromRepository$123(StoreRecovery.java:99)
	at org.elasticsearch.index.shard.StoreRecovery$$Lambda$562/1148766141.run(Unknown Source)
	at org.elasticsearch.index.shard.StoreRecovery.executeRecovery(StoreRecovery.java:122)
	... 7 more
Caused by: [test-idx][[test-idx][7]] IndexShardRestoreFailedException[failed to restore snapshot [test-snap]]; nested: IndexShardRestoreFailedException[Failed to recover index]; nested: IOException[Random IOException];
	at org.elasticsearch.index.snapshots.blobstore.BlobStoreIndexShardRepository.restore(BlobStoreIndexShardRepository.java:208)
	at org.elasticsearch.index.shard.StoreRecovery.restore(StoreRecovery.java:260)
	... 10 more
Caused by: [test-idx][[test-idx][7]] IndexShardRestoreFailedException[Failed to recover index]; nested: IOException[Random IOException];
	at org.elasticsearch.index.snapshots.blobstore.BlobStoreIndexShardRepository$RestoreContext.restore(BlobStoreIndexShardRepository.java:867)
	at org.elasticsearch.index.snapshots.blobstore.BlobStoreIndexShardRepository.restore(BlobStoreIndexShardRepository.java:206)
	... 11 more
Caused by: java.io.IOException: Random IOException
	at org.elasticsearch.snapshots.mockstore.MockRepository$MockBlobStore$MockBlobContainer.maybeIOExceptionOrBlock(MockRepository.java:277)
	at org.elasticsearch.snapshots.mockstore.MockRepository$MockBlobStore$MockBlobContainer.readBlob(MockRepository.java:321)
	at org.elasticsearch.index.snapshots.blobstore.BlobStoreIndexShardRepository$PartSliceStream.openSlice(BlobStoreIndexShardRepository.java:769)
	at org.elasticsearch.index.snapshots.blobstore.SlicedInputStream.nextStream(SlicedInputStream.java:53)
	at org.elasticsearch.index.snapshots.blobstore.SlicedInputStream.currentStream(SlicedInputStream.java:67)
	at org.elasticsearch.index.snapshots.blobstore.SlicedInputStream.read(SlicedInputStream.java:88)
	at java.io.FilterInputStream.read(FilterInputStream.java:133)
	at org.elasticsearch.index.snapshots.blobstore.RateLimitingInputStream.read(RateLimitingInputStream.java:69)
	at java.io.FilterInputStream.read(FilterInputStream.java:107)
	at org.elasticsearch.index.snapshots.blobstore.BlobStoreIndexShardRepository$RestoreContext.restoreFile(BlobStoreIndexShardRepository.java:924)
	at org.elasticsearch.index.snapshots.blobstore.BlobStoreIndexShardRepository$RestoreContext.restore(BlobStoreIndexShardRepository.java:864)
	... 12 more
[2016-03-30 23:02:07,007][WARN ][org.elasticsearch.cluster.action.shard] [node_s0] [test-idx][7] received shard failed for [test-idx][7], node[BGl_MLcDTse8q5N9C0jt5A], [P], v[35], restoring[test-repo:test-snap], s[INITIALIZING], a[id=30QnQWboTDeDe3bNvs2Caw], unassigned_info[[reason=ALLOCATION_FAILED], at[2016-03-31T06:02:06.969Z], details[failed recovery, failure IndexShardRecoveryException[failed recovery]; nested: IndexShardRestoreFailedException[restore failed]; nested: IndexShardRestoreFailedException[failed to restore snapshot [test-snap]]; nested: IndexShardRestoreFailedException[Failed to recover index]; nested: NotSerializableExceptionWrapper[Random IOException]; ]], expected_shard_size[0], indexUUID [4jpdB_g0RdurmlwQgV2n7w], message [failed recovery], failure [IndexShardRecoveryException[failed recovery]; nested: IndexShardRestoreFailedException[restore failed]; nested: IndexShardRestoreFailedException[failed to restore snapshot [test-snap]]; nested: IndexShardRestoreFailedException[Failed to recover index]; nested: NotSerializableExceptionWrapper[Random IOException]; ]
[test-idx][[test-idx][7]] IndexShardRecoveryException[failed recovery]; nested: IndexShardRestoreFailedException[restore failed]; nested: IndexShardRestoreFailedException[failed to restore snapshot [test-snap]]; nested: IndexShardRestoreFailedException[Failed to recover index]; nested: NotSerializableExceptionWrapper[Random IOException];
	at org.elasticsearch.index.shard.StoreRecovery.executeRecovery(StoreRecovery.java:165)
	at org.elasticsearch.index.shard.StoreRecovery.recoverFromRepository(StoreRecovery.java:97)
	at org.elasticsearch.index.shard.IndexShard.restoreFromRepository(IndexShard.java:1110)
	at org.elasticsearch.indices.cluster.IndicesClusterStateService.lambda$applyInitializingShard$128(IndicesClusterStateService.java:654)
	at org.elasticsearch.indices.cluster.IndicesClusterStateService$$Lambda$561/1683367258.run(Unknown Source)
	at java.util.concurrent.ThreadPoolExecutor.runWorker(ThreadPoolExecutor.java:1142)
	at java.util.concurrent.ThreadPoolExecutor$Worker.run(ThreadPoolExecutor.java:617)
	at java.lang.Thread.run(Thread.java:745)
Caused by: [test-idx][[test-idx][7]] IndexShardRestoreFailedException[restore failed]; nested: IndexShardRestoreFailedException[failed to restore snapshot [test-snap]]; nested: IndexShardRestoreFailedException[Failed to recover index]; nested: NotSerializableExceptionWrapper[Random IOException];
	at org.elasticsearch.index.shard.StoreRecovery.restore(StoreRecovery.java:265)
	at org.elasticsearch.index.shard.StoreRecovery.lambda$recoverFromRepository$123(StoreRecovery.java:99)
	at org.elasticsearch.index.shard.StoreRecovery$$Lambda$562/1148766141.run(Unknown Source)
	at org.elasticsearch.index.shard.StoreRecovery.executeRecovery(StoreRecovery.java:122)
	... 7 more
Caused by: [test-idx][[test-idx][7]] IndexShardRestoreFailedException[failed to restore snapshot [test-snap]]; nested: IndexShardRestoreFailedException[Failed to recover index]; nested: NotSerializableExceptionWrapper[Random IOException];
	at org.elasticsearch.index.snapshots.blobstore.BlobStoreIndexShardRepository.restore(BlobStoreIndexShardRepository.java:208)
	at org.elasticsearch.index.shard.StoreRecovery.restore(StoreRecovery.java:260)
	... 10 more
Caused by: [test-idx][[test-idx][7]] IndexShardRestoreFailedException[Failed to recover index]; nested: NotSerializableExceptionWrapper[Random IOException];
	at org.elasticsearch.index.snapshots.blobstore.BlobStoreIndexShardRepository$RestoreContext.restore(BlobStoreIndexShardRepository.java:867)
	at org.elasticsearch.index.snapshots.blobstore.BlobStoreIndexShardRepository.restore(BlobStoreIndexShardRepository.java:206)
	... 11 more
Caused by: NotSerializableExceptionWrapper[Random IOException]
	at org.elasticsearch.snapshots.mockstore.MockRepository$MockBlobStore$MockBlobContainer.maybeIOExceptionOrBlock(MockRepository.java:277)
	at org.elasticsearch.snapshots.mockstore.MockRepository$MockBlobStore$MockBlobContainer.readBlob(MockRepository.java:321)
	at org.elasticsearch.index.snapshots.blobstore.BlobStoreIndexShardRepository$PartSliceStream.openSlice(BlobStoreIndexShardRepository.java:769)
	at org.elasticsearch.index.snapshots.blobstore.SlicedInputStream.nextStream(SlicedInputStream.java:53)
	at org.elasticsearch.index.snapshots.blobstore.SlicedInputStream.currentStream(SlicedInputStream.java:67)
	at org.elasticsearch.index.snapshots.blobstore.SlicedInputStream.read(SlicedInputStream.java:88)
	at java.io.FilterInputStream.read(FilterInputStream.java:133)
	at org.elasticsearch.index.snapshots.blobstore.RateLimitingInputStream.read(RateLimitingInputStream.java:69)
	at java.io.FilterInputStream.read(FilterInputStream.java:107)
	at org.elasticsearch.index.snapshots.blobstore.BlobStoreIndexShardRepository$RestoreContext.restoreFile(BlobStoreIndexShardRepository.java:924)
	at org.elasticsearch.index.snapshots.blobstore.BlobStoreIndexShardRepository$RestoreContext.restore(BlobStoreIndexShardRepository.java:864)
	... 12 more
[2016-03-30 23:02:07,026][WARN ][org.elasticsearch.indices.cluster] [node_s0] [[test-idx][7]] marking and sending shard failed due to [failed recovery]
[test-idx][[test-idx][7]] IndexShardRecoveryException[failed recovery]; nested: IndexShardRestoreFailedException[restore failed]; nested: IndexShardRestoreFailedException[failed to restore snapshot [test-snap]]; nested: IndexShardRestoreFailedException[Failed to recover index]; nested: IOException[Random IOException];
	at org.elasticsearch.index.shard.StoreRecovery.executeRecovery(StoreRecovery.java:165)
	at org.elasticsearch.index.shard.StoreRecovery.recoverFromRepository(StoreRecovery.java:97)
	at org.elasticsearch.index.shard.IndexShard.restoreFromRepository(IndexShard.java:1110)
	at org.elasticsearch.indices.cluster.IndicesClusterStateService.lambda$applyInitializingShard$128(IndicesClusterStateService.java:654)
	at org.elasticsearch.indices.cluster.IndicesClusterStateService$$Lambda$561/1683367258.run(Unknown Source)
	at java.util.concurrent.ThreadPoolExecutor.runWorker(ThreadPoolExecutor.java:1142)
	at java.util.concurrent.ThreadPoolExecutor$Worker.run(ThreadPoolExecutor.java:617)
	at java.lang.Thread.run(Thread.java:745)
Caused by: [test-idx][[test-idx][7]] IndexShardRestoreFailedException[restore failed]; nested: IndexShardRestoreFailedException[failed to restore snapshot [test-snap]]; nested: IndexShardRestoreFailedException[Failed to recover index]; nested: IOException[Random IOException];
	at org.elasticsearch.index.shard.StoreRecovery.restore(StoreRecovery.java:265)
	at org.elasticsearch.index.shard.StoreRecovery.lambda$recoverFromRepository$123(StoreRecovery.java:99)
	at org.elasticsearch.index.shard.StoreRecovery$$Lambda$562/1148766141.run(Unknown Source)
	at org.elasticsearch.index.shard.StoreRecovery.executeRecovery(StoreRecovery.java:122)
	... 7 more
Caused by: [test-idx][[test-idx][7]] IndexShardRestoreFailedException[failed to restore snapshot [test-snap]]; nested: IndexShardRestoreFailedException[Failed to recover index]; nested: IOException[Random IOException];
	at org.elasticsearch.index.snapshots.blobstore.BlobStoreIndexShardRepository.restore(BlobStoreIndexShardRepository.java:208)
	at org.elasticsearch.index.shard.StoreRecovery.restore(StoreRecovery.java:260)
	... 10 more
Caused by: [test-idx][[test-idx][7]] IndexShardRestoreFailedException[Failed to recover index]; nested: IOException[Random IOException];
	at org.elasticsearch.index.snapshots.blobstore.BlobStoreIndexShardRepository$RestoreContext.restore(BlobStoreIndexShardRepository.java:867)
	at org.elasticsearch.index.snapshots.blobstore.BlobStoreIndexShardRepository.restore(BlobStoreIndexShardRepository.java:206)
	... 11 more
Caused by: java.io.IOException: Random IOException
	at org.elasticsearch.snapshots.mockstore.MockRepository$MockBlobStore$MockBlobContainer.maybeIOExceptionOrBlock(MockRepository.java:277)
	at org.elasticsearch.snapshots.mockstore.MockRepository$MockBlobStore$MockBlobContainer.readBlob(MockRepository.java:321)
	at org.elasticsearch.index.snapshots.blobstore.BlobStoreIndexShardRepository$PartSliceStream.openSlice(BlobStoreIndexShardRepository.java:769)
	at org.elasticsearch.index.snapshots.blobstore.SlicedInputStream.nextStream(SlicedInputStream.java:53)
	at org.elasticsearch.index.snapshots.blobstore.SlicedInputStream.currentStream(SlicedInputStream.java:67)
	at org.elasticsearch.index.snapshots.blobstore.SlicedInputStream.read(SlicedInputStream.java:88)
	at java.io.FilterInputStream.read(FilterInputStream.java:133)
	at org.elasticsearch.index.snapshots.blobstore.RateLimitingInputStream.read(RateLimitingInputStream.java:69)
	at java.io.FilterInputStream.read(FilterInputStream.java:107)
	at org.elasticsearch.index.snapshots.blobstore.BlobStoreIndexShardRepository$RestoreContext.restoreFile(BlobStoreIndexShardRepository.java:924)
	at org.elasticsearch.index.snapshots.blobstore.BlobStoreIndexShardRepository$RestoreContext.restore(BlobStoreIndexShardRepository.java:864)
	... 12 more
[2016-03-30 23:02:07,027][WARN ][org.elasticsearch.cluster.action.shard] [node_s0] [test-idx][7] received shard failed for [test-idx][7], node[YU4rw4SiR5aBA7JFJFd8EQ], [P], v[37], restoring[test-repo:test-snap], s[INITIALIZING], a[id=2HcqzEQORKOpDozpp1y67w], unassigned_info[[reason=ALLOCATION_FAILED], at[2016-03-31T06:02:07.008Z], details[failed recovery, failure IndexShardRecoveryException[failed recovery]; nested: IndexShardRestoreFailedException[restore failed]; nested: IndexShardRestoreFailedException[failed to restore snapshot [test-snap]]; nested: IndexShardRestoreFailedException[Failed to recover index]; nested: NotSerializableExceptionWrapper[Random IOException]; ]], expected_shard_size[0], indexUUID [4jpdB_g0RdurmlwQgV2n7w], message [failed recovery], failure [IndexShardRecoveryException[failed recovery]; nested: IndexShardRestoreFailedException[restore failed]; nested: IndexShardRestoreFailedException[failed to restore snapshot [test-snap]]; nested: IndexShardRestoreFailedException[Failed to recover index]; nested: IOException[Random IOException]; ]
[test-idx][[test-idx][7]] IndexShardRecoveryException[failed recovery]; nested: IndexShardRestoreFailedException[restore failed]; nested: IndexShardRestoreFailedException[failed to restore snapshot [test-snap]]; nested: IndexShardRestoreFailedException[Failed to recover index]; nested: IOException[Random IOException];
	at org.elasticsearch.index.shard.StoreRecovery.executeRecovery(StoreRecovery.java:165)
	at org.elasticsearch.index.shard.StoreRecovery.recoverFromRepository(StoreRecovery.java:97)
	at org.elasticsearch.index.shard.IndexShard.restoreFromRepository(IndexShard.java:1110)
	at org.elasticsearch.indices.cluster.IndicesClusterStateService.lambda$applyInitializingShard$128(IndicesClusterStateService.java:654)
	at org.elasticsearch.indices.cluster.IndicesClusterStateService$$Lambda$561/1683367258.run(Unknown Source)
	at java.util.concurrent.ThreadPoolExecutor.runWorker(ThreadPoolExecutor.java:1142)
	at java.util.concurrent.ThreadPoolExecutor$Worker.run(ThreadPoolExecutor.java:617)
	at java.lang.Thread.run(Thread.java:745)
Caused by: [test-idx][[test-idx][7]] IndexShardRestoreFailedException[restore failed]; nested: IndexShardRestoreFailedException[failed to restore snapshot [test-snap]]; nested: IndexShardRestoreFailedException[Failed to recover index]; nested: IOException[Random IOException];
	at org.elasticsearch.index.shard.StoreRecovery.restore(StoreRecovery.java:265)
	at org.elasticsearch.index.shard.StoreRecovery.lambda$recoverFromRepository$123(StoreRecovery.java:99)
	at org.elasticsearch.index.shard.StoreRecovery$$Lambda$562/1148766141.run(Unknown Source)
	at org.elasticsearch.index.shard.StoreRecovery.executeRecovery(StoreRecovery.java:122)
	... 7 more
Caused by: [test-idx][[test-idx][7]] IndexShardRestoreFailedException[failed to restore snapshot [test-snap]]; nested: IndexShardRestoreFailedException[Failed to recover index]; nested: IOException[Random IOException];
	at org.elasticsearch.index.snapshots.blobstore.BlobStoreIndexShardRepository.restore(BlobStoreIndexShardRepository.java:208)
	at org.elasticsearch.index.shard.StoreRecovery.restore(StoreRecovery.java:260)
	... 10 more
Caused by: [test-idx][[test-idx][7]] IndexShardRestoreFailedException[Failed to recover index]; nested: IOException[Random IOException];
	at org.elasticsearch.index.snapshots.blobstore.BlobStoreIndexShardRepository$RestoreContext.restore(BlobStoreIndexShardRepository.java:867)
	at org.elasticsearch.index.snapshots.blobstore.BlobStoreIndexShardRepository.restore(BlobStoreIndexShardRepository.java:206)
	... 11 more
Caused by: java.io.IOException: Random IOException
	at org.elasticsearch.snapshots.mockstore.MockRepository$MockBlobStore$MockBlobContainer.maybeIOExceptionOrBlock(MockRepository.java:277)
	at org.elasticsearch.snapshots.mockstore.MockRepository$MockBlobStore$MockBlobContainer.readBlob(MockRepository.java:321)
	at org.elasticsearch.index.snapshots.blobstore.BlobStoreIndexShardRepository$PartSliceStream.openSlice(BlobStoreIndexShardRepository.java:769)
	at org.elasticsearch.index.snapshots.blobstore.SlicedInputStream.nextStream(SlicedInputStream.java:53)
	at org.elasticsearch.index.snapshots.blobstore.SlicedInputStream.currentStream(SlicedInputStream.java:67)
	at org.elasticsearch.index.snapshots.blobstore.SlicedInputStream.read(SlicedInputStream.java:88)
	at java.io.FilterInputStream.read(FilterInputStream.java:133)
	at org.elasticsearch.index.snapshots.blobstore.RateLimitingInputStream.read(RateLimitingInputStream.java:69)
	at java.io.FilterInputStream.read(FilterInputStream.java:107)
	at org.elasticsearch.index.snapshots.blobstore.BlobStoreIndexShardRepository$RestoreContext.restoreFile(BlobStoreIndexShardRepository.java:924)
	at org.elasticsearch.index.snapshots.blobstore.BlobStoreIndexShardRepository$RestoreContext.restore(BlobStoreIndexShardRepository.java:864)
	... 12 more
[2016-03-30 23:02:07,043][WARN ][org.elasticsearch.indices.cluster] [node_s1] [[test-idx][7]] marking and sending shard failed due to [failed recovery]
[test-idx][[test-idx][7]] IndexShardRecoveryException[failed recovery]; nested: IndexShardRestoreFailedException[restore failed]; nested: IndexShardRestoreFailedException[failed to restore snapshot [test-snap]]; nested: IndexShardRestoreFailedException[Failed to recover index]; nested: IOException[Random IOException];
	at org.elasticsearch.index.shard.StoreRecovery.executeRecovery(StoreRecovery.java:165)
	at org.elasticsearch.index.shard.StoreRecovery.recoverFromRepository(StoreRecovery.java:97)
	at org.elasticsearch.index.shard.IndexShard.restoreFromRepository(IndexShard.java:1110)
	at org.elasticsearch.indices.cluster.IndicesClusterStateService.lambda$applyInitializingShard$128(IndicesClusterStateService.java:654)
	at org.elasticsearch.indices.cluster.IndicesClusterStateService$$Lambda$561/1683367258.run(Unknown Source)
	at java.util.concurrent.ThreadPoolExecutor.runWorker(ThreadPoolExecutor.java:1142)
	at java.util.concurrent.ThreadPoolExecutor$Worker.run(ThreadPoolExecutor.java:617)
	at java.lang.Thread.run(Thread.java:745)
Caused by: [test-idx][[test-idx][7]] IndexShardRestoreFailedException[restore failed]; nested: IndexShardRestoreFailedException[failed to restore snapshot [test-snap]]; nested: IndexShardRestoreFailedException[Failed to recover index]; nested: IOException[Random IOException];
	at org.elasticsearch.index.shard.StoreRecovery.restore(StoreRecovery.java:265)
	at org.elasticsearch.index.shard.StoreRecovery.lambda$recoverFromRepository$123(StoreRecovery.java:99)
	at org.elasticsearch.index.shard.StoreRecovery$$Lambda$562/1148766141.run(Unknown Source)
	at org.elasticsearch.index.shard.StoreRecovery.executeRecovery(StoreRecovery.java:122)
	... 7 more
Caused by: [test-idx][[test-idx][7]] IndexShardRestoreFailedException[failed to restore snapshot [test-snap]]; nested: IndexShardRestoreFailedException[Failed to recover index]; nested: IOException[Random IOException];
	at org.elasticsearch.index.snapshots.blobstore.BlobStoreIndexShardRepository.restore(BlobStoreIndexShardRepository.java:208)
	at org.elasticsearch.index.shard.StoreRecovery.restore(StoreRecovery.java:260)
	... 10 more
Caused by: [test-idx][[test-idx][7]] IndexShardRestoreFailedException[Failed to recover index]; nested: IOException[Random IOException];
	at org.elasticsearch.index.snapshots.blobstore.BlobStoreIndexShardRepository$RestoreContext.restore(BlobStoreIndexShardRepository.java:867)
	at org.elasticsearch.index.snapshots.blobstore.BlobStoreIndexShardRepository.restore(BlobStoreIndexShardRepository.java:206)
	... 11 more
Caused by: java.io.IOException: Random IOException
	at org.elasticsearch.snapshots.mockstore.MockRepository$MockBlobStore$MockBlobContainer.maybeIOExceptionOrBlock(MockRepository.java:277)
	at org.elasticsearch.snapshots.mockstore.MockRepository$MockBlobStore$MockBlobContainer.readBlob(MockRepository.java:321)
	at org.elasticsearch.index.snapshots.blobstore.BlobStoreIndexShardRepository$PartSliceStream.openSlice(BlobStoreIndexShardRepository.java:769)
	at org.elasticsearch.index.snapshots.blobstore.SlicedInputStream.nextStream(SlicedInputStream.java:53)
	at org.elasticsearch.index.snapshots.blobstore.SlicedInputStream.currentStream(SlicedInputStream.java:67)
	at org.elasticsearch.index.snapshots.blobstore.SlicedInputStream.read(SlicedInputStream.java:88)
	at java.io.FilterInputStream.read(FilterInputStream.java:133)
	at org.elasticsearch.index.snapshots.blobstore.RateLimitingInputStream.read(RateLimitingInputStream.java:69)
	at java.io.FilterInputStream.read(FilterInputStream.java:107)
	at org.elasticsearch.index.snapshots.blobstore.BlobStoreIndexShardRepository$RestoreContext.restoreFile(BlobStoreIndexShardRepository.java:924)
	at org.elasticsearch.index.snapshots.blobstore.BlobStoreIndexShardRepository$RestoreContext.restore(BlobStoreIndexShardRepository.java:864)
	... 12 more
[2016-03-30 23:02:07,047][WARN ][org.elasticsearch.cluster.action.shard] [node_s0] [test-idx][7] received shard failed for [test-idx][7], node[BGl_MLcDTse8q5N9C0jt5A], [P], v[39], restoring[test-repo:test-snap], s[INITIALIZING], a[id=1vDElgZPSHO0_V0-txT86Q], unassigned_info[[reason=ALLOCATION_FAILED], at[2016-03-31T06:02:07.028Z], details[failed recovery, failure IndexShardRecoveryException[failed recovery]; nested: IndexShardRestoreFailedException[restore failed]; nested: IndexShardRestoreFailedException[failed to restore snapshot [test-snap]]; nested: IndexShardRestoreFailedException[Failed to recover index]; nested: NotSerializableExceptionWrapper[Random IOException]; ]], expected_shard_size[0], indexUUID [4jpdB_g0RdurmlwQgV2n7w], message [failed recovery], failure [IndexShardRecoveryException[failed recovery]; nested: IndexShardRestoreFailedException[restore failed]; nested: IndexShardRestoreFailedException[failed to restore snapshot [test-snap]]; nested: IndexShardRestoreFailedException[Failed to recover index]; nested: NotSerializableExceptionWrapper[Random IOException]; ]
[test-idx][[test-idx][7]] IndexShardRecoveryException[failed recovery]; nested: IndexShardRestoreFailedException[restore failed]; nested: IndexShardRestoreFailedException[failed to restore snapshot [test-snap]]; nested: IndexShardRestoreFailedException[Failed to recover index]; nested: NotSerializableExceptionWrapper[Random IOException];
	at org.elasticsearch.index.shard.StoreRecovery.executeRecovery(StoreRecovery.java:165)
	at org.elasticsearch.index.shard.StoreRecovery.recoverFromRepository(StoreRecovery.java:97)
	at org.elasticsearch.index.shard.IndexShard.restoreFromRepository(IndexShard.java:1110)
	at org.elasticsearch.indices.cluster.IndicesClusterStateService.lambda$applyInitializingShard$128(IndicesClusterStateService.java:654)
	at org.elasticsearch.indices.cluster.IndicesClusterStateService$$Lambda$561/1683367258.run(Unknown Source)
	at java.util.concurrent.ThreadPoolExecutor.runWorker(ThreadPoolExecutor.java:1142)
	at java.util.concurrent.ThreadPoolExecutor$Worker.run(ThreadPoolExecutor.java:617)
	at java.lang.Thread.run(Thread.java:745)
Caused by: [test-idx][[test-idx][7]] IndexShardRestoreFailedException[restore failed]; nested: IndexShardRestoreFailedException[failed to restore snapshot [test-snap]]; nested: IndexShardRestoreFailedException[Failed to recover index]; nested: NotSerializableExceptionWrapper[Random IOException];
	at org.elasticsearch.index.shard.StoreRecovery.restore(StoreRecovery.java:265)
	at org.elasticsearch.index.shard.StoreRecovery.lambda$recoverFromRepository$123(StoreRecovery.java:99)
	at org.elasticsearch.index.shard.StoreRecovery$$Lambda$562/1148766141.run(Unknown Source)
	at org.elasticsearch.index.shard.StoreRecovery.executeRecovery(StoreRecovery.java:122)
	... 7 more
Caused by: [test-idx][[test-idx][7]] IndexShardRestoreFailedException[failed to restore snapshot [test-snap]]; nested: IndexShardRestoreFailedException[Failed to recover index]; nested: NotSerializableExceptionWrapper[Random IOException];
	at org.elasticsearch.index.snapshots.blobstore.BlobStoreIndexShardRepository.restore(BlobStoreIndexShardRepository.java:208)
	at org.elasticsearch.index.shard.StoreRecovery.restore(StoreRecovery.java:260)
	... 10 more
Caused by: [test-idx][[test-idx][7]] IndexShardRestoreFailedException[Failed to recover index]; nested: NotSerializableExceptionWrapper[Random IOException];
	at org.elasticsearch.index.snapshots.blobstore.BlobStoreIndexShardRepository$RestoreContext.restore(BlobStoreIndexShardRepository.java:867)
	at org.elasticsearch.index.snapshots.blobstore.BlobStoreIndexShardRepository.restore(BlobStoreIndexShardRepository.java:206)
	... 11 more
Caused by: NotSerializableExceptionWrapper[Random IOException]
	at org.elasticsearch.snapshots.mockstore.MockRepository$MockBlobStore$MockBlobContainer.maybeIOExceptionOrBlock(MockRepository.java:277)
	at org.elasticsearch.snapshots.mockstore.MockRepository$MockBlobStore$MockBlobContainer.readBlob(MockRepository.java:321)
	at org.elasticsearch.index.snapshots.blobstore.BlobStoreIndexShardRepository$PartSliceStream.openSlice(BlobStoreIndexShardRepository.java:769)
	at org.elasticsearch.index.snapshots.blobstore.SlicedInputStream.nextStream(SlicedInputStream.java:53)
	at org.elasticsearch.index.snapshots.blobstore.SlicedInputStream.currentStream(SlicedInputStream.java:67)
	at org.elasticsearch.index.snapshots.blobstore.SlicedInputStream.read(SlicedInputStream.java:88)
	at java.io.FilterInputStream.read(FilterInputStream.java:133)
	at org.elasticsearch.index.snapshots.blobstore.RateLimitingInputStream.read(RateLimitingInputStream.java:69)
	at java.io.FilterInputStream.read(FilterInputStream.java:107)
	at org.elasticsearch.index.snapshots.blobstore.BlobStoreIndexShardRepository$RestoreContext.restoreFile(BlobStoreIndexShardRepository.java:924)
	at org.elasticsearch.index.snapshots.blobstore.BlobStoreIndexShardRepository$RestoreContext.restore(BlobStoreIndexShardRepository.java:864)
	... 12 more
[2016-03-30 23:02:07,079][WARN ][org.elasticsearch.indices.cluster] [node_s0] [[test-idx][7]] marking and sending shard failed due to [failed recovery]
[test-idx][[test-idx][7]] IndexShardRecoveryException[failed recovery]; nested: IndexShardRestoreFailedException[restore failed]; nested: IndexShardRestoreFailedException[failed to restore snapshot [test-snap]]; nested: IndexShardRestoreFailedException[Failed to recover index]; nested: IOException[Random IOException];
	at org.elasticsearch.index.shard.StoreRecovery.executeRecovery(StoreRecovery.java:165)
	at org.elasticsearch.index.shard.StoreRecovery.recoverFromRepository(StoreRecovery.java:97)
	at org.elasticsearch.index.shard.IndexShard.restoreFromRepository(IndexShard.java:1110)
	at org.elasticsearch.indices.cluster.IndicesClusterStateService.lambda$applyInitializingShard$128(IndicesClusterStateService.java:654)
	at org.elasticsearch.indices.cluster.IndicesClusterStateService$$Lambda$561/1683367258.run(Unknown Source)
	at java.util.concurrent.ThreadPoolExecutor.runWorker(ThreadPoolExecutor.java:1142)
	at java.util.concurrent.ThreadPoolExecutor$Worker.run(ThreadPoolExecutor.java:617)
	at java.lang.Thread.run(Thread.java:745)
Caused by: [test-idx][[test-idx][7]] IndexShardRestoreFailedException[restore failed]; nested: IndexShardRestoreFailedException[failed to restore snapshot [test-snap]]; nested: IndexShardRestoreFailedException[Failed to recover index]; nested: IOException[Random IOException];
	at org.elasticsearch.index.shard.StoreRecovery.restore(StoreRecovery.java:265)
	at org.elasticsearch.index.shard.StoreRecovery.lambda$recoverFromRepository$123(StoreRecovery.java:99)
	at org.elasticsearch.index.shard.StoreRecovery$$Lambda$562/1148766141.run(Unknown Source)
	at org.elasticsearch.index.shard.StoreRecovery.executeRecovery(StoreRecovery.java:122)
	... 7 more
Caused by: [test-idx][[test-idx][7]] IndexShardRestoreFailedException[failed to restore snapshot [test-snap]]; nested: IndexShardRestoreFailedException[Failed to recover index]; nested: IOException[Random IOException];
	at org.elasticsearch.index.snapshots.blobstore.BlobStoreIndexShardRepository.restore(BlobStoreIndexShardRepository.java:208)
	at org.elasticsearch.index.shard.StoreRecovery.restore(StoreRecovery.java:260)
	... 10 more
Caused by: [test-idx][[test-idx][7]] IndexShardRestoreFailedException[Failed to recover index]; nested: IOException[Random IOException];
	at org.elasticsearch.index.snapshots.blobstore.BlobStoreIndexShardRepository$RestoreContext.restore(BlobStoreIndexShardRepository.java:867)
	at org.elasticsearch.index.snapshots.blobstore.BlobStoreIndexShardRepository.restore(BlobStoreIndexShardRepository.java:206)
	... 11 more
Caused by: java.io.IOException: Random IOException
	at org.elasticsearch.snapshots.mockstore.MockRepository$MockBlobStore$MockBlobContainer.maybeIOExceptionOrBlock(MockRepository.java:277)
	at org.elasticsearch.snapshots.mockstore.MockRepository$MockBlobStore$MockBlobContainer.readBlob(MockRepository.java:321)
	at org.elasticsearch.index.snapshots.blobstore.BlobStoreIndexShardRepository$PartSliceStream.openSlice(BlobStoreIndexShardRepository.java:769)
	at org.elasticsearch.index.snapshots.blobstore.SlicedInputStream.nextStream(SlicedInputStream.java:53)
	at org.elasticsearch.index.snapshots.blobstore.SlicedInputStream.currentStream(SlicedInputStream.java:67)
	at org.elasticsearch.index.snapshots.blobstore.SlicedInputStream.read(SlicedInputStream.java:88)
	at java.io.FilterInputStream.read(FilterInputStream.java:133)
	at org.elasticsearch.index.snapshots.blobstore.RateLimitingInputStream.read(RateLimitingInputStream.java:69)
	at java.io.FilterInputStream.read(FilterInputStream.java:107)
	at org.elasticsearch.index.snapshots.blobstore.BlobStoreIndexShardRepository$RestoreContext.restoreFile(BlobStoreIndexShardRepository.java:924)
	at org.elasticsearch.index.snapshots.blobstore.BlobStoreIndexShardRepository$RestoreContext.restore(BlobStoreIndexShardRepository.java:864)
	... 12 more
[2016-03-30 23:02:07,080][WARN ][org.elasticsearch.cluster.action.shard] [node_s0] [test-idx][7] received shard failed for [test-idx][7], node[YU4rw4SiR5aBA7JFJFd8EQ], [P], v[41], restoring[test-repo:test-snap], s[INITIALIZING], a[id=NwckQabRTQKIt3HGLYgzUA], unassigned_info[[reason=ALLOCATION_FAILED], at[2016-03-31T06:02:07.048Z], details[failed recovery, failure IndexShardRecoveryException[failed recovery]; nested: IndexShardRestoreFailedException[restore failed]; nested: IndexShardRestoreFailedException[failed to restore snapshot [test-snap]]; nested: IndexShardRestoreFailedException[Failed to recover index]; nested: NotSerializableExceptionWrapper[Random IOException]; ]], expected_shard_size[0], indexUUID [4jpdB_g0RdurmlwQgV2n7w], message [failed recovery], failure [IndexShardRecoveryException[failed recovery]; nested: IndexShardRestoreFailedException[restore failed]; nested: IndexShardRestoreFailedException[failed to restore snapshot [test-snap]]; nested: IndexShardRestoreFailedException[Failed to recover index]; nested: IOException[Random IOException]; ]
[test-idx][[test-idx][7]] IndexShardRecoveryException[failed recovery]; nested: IndexShardRestoreFailedException[restore failed]; nested: IndexShardRestoreFailedException[failed to restore snapshot [test-snap]]; nested: IndexShardRestoreFailedException[Failed to recover index]; nested: IOException[Random IOException];
	at org.elasticsearch.index.shard.StoreRecovery.executeRecovery(StoreRecovery.java:165)
	at org.elasticsearch.index.shard.StoreRecovery.recoverFromRepository(StoreRecovery.java:97)
	at org.elasticsearch.index.shard.IndexShard.restoreFromRepository(IndexShard.java:1110)
	at org.elasticsearch.indices.cluster.IndicesClusterStateService.lambda$applyInitializingShard$128(IndicesClusterStateService.java:654)
	at org.elasticsearch.indices.cluster.IndicesClusterStateService$$Lambda$561/1683367258.run(Unknown Source)
	at java.util.concurrent.ThreadPoolExecutor.runWorker(ThreadPoolExecutor.java:1142)
	at java.util.concurrent.ThreadPoolExecutor$Worker.run(ThreadPoolExecutor.java:617)
	at java.lang.Thread.run(Thread.java:745)
Caused by: [test-idx][[test-idx][7]] IndexShardRestoreFailedException[restore failed]; nested: IndexShardRestoreFailedException[failed to restore snapshot [test-snap]]; nested: IndexShardRestoreFailedException[Failed to recover index]; nested: IOException[Random IOException];
	at org.elasticsearch.index.shard.StoreRecovery.restore(StoreRecovery.java:265)
	at org.elasticsearch.index.shard.StoreRecovery.lambda$recoverFromRepository$123(StoreRecovery.java:99)
	at org.elasticsearch.index.shard.StoreRecovery$$Lambda$562/1148766141.run(Unknown Source)
	at org.elasticsearch.index.shard.StoreRecovery.executeRecovery(StoreRecovery.java:122)
	... 7 more
Caused by: [test-idx][[test-idx][7]] IndexShardRestoreFailedException[failed to restore snapshot [test-snap]]; nested: IndexShardRestoreFailedException[Failed to recover index]; nested: IOException[Random IOException];
	at org.elasticsearch.index.snapshots.blobstore.BlobStoreIndexShardRepository.restore(BlobStoreIndexShardRepository.java:208)
	at org.elasticsearch.index.shard.StoreRecovery.restore(StoreRecovery.java:260)
	... 10 more
Caused by: [test-idx][[test-idx][7]] IndexShardRestoreFailedException[Failed to recover index]; nested: IOException[Random IOException];
	at org.elasticsearch.index.snapshots.blobstore.BlobStoreIndexShardRepository$RestoreContext.restore(BlobStoreIndexShardRepository.java:867)
	at org.elasticsearch.index.snapshots.blobstore.BlobStoreIndexShardRepository.restore(BlobStoreIndexShardRepository.java:206)
	... 11 more
Caused by: java.io.IOException: Random IOException
	at org.elasticsearch.snapshots.mockstore.MockRepository$MockBlobStore$MockBlobContainer.maybeIOExceptionOrBlock(MockRepository.java:277)
	at org.elasticsearch.snapshots.mockstore.MockRepository$MockBlobStore$MockBlobContainer.readBlob(MockRepository.java:321)
	at org.elasticsearch.index.snapshots.blobstore.BlobStoreIndexShardRepository$PartSliceStream.openSlice(BlobStoreIndexShardRepository.java:769)
	at org.elasticsearch.index.snapshots.blobstore.SlicedInputStream.nextStream(SlicedInputStream.java:53)
	at org.elasticsearch.index.snapshots.blobstore.SlicedInputStream.currentStream(SlicedInputStream.java:67)
	at org.elasticsearch.index.snapshots.blobstore.SlicedInputStream.read(SlicedInputStream.java:88)
	at java.io.FilterInputStream.read(FilterInputStream.java:133)
	at org.elasticsearch.index.snapshots.blobstore.RateLimitingInputStream.read(RateLimitingInputStream.java:69)
	at java.io.FilterInputStream.read(FilterInputStream.java:107)
	at org.elasticsearch.index.snapshots.blobstore.BlobStoreIndexShardRepository$RestoreContext.restoreFile(BlobStoreIndexShardRepository.java:924)
	at org.elasticsearch.index.snapshots.blobstore.BlobStoreIndexShardRepository$RestoreContext.restore(BlobStoreIndexShardRepository.java:864)
	... 12 more
[2016-03-30 23:02:07,096][WARN ][org.elasticsearch.cluster.action.shard] [node_s0] [test-idx][7] received shard failed for [test-idx][7], node[YU4rw4SiR5aBA7JFJFd8EQ], [P], v[41], restoring[test-repo:test-snap], s[INITIALIZING], a[id=NwckQabRTQKIt3HGLYgzUA], unassigned_info[[reason=ALLOCATION_FAILED], at[2016-03-31T06:02:07.048Z], details[failed recovery, failure IndexShardRecoveryException[failed recovery]; nested: IndexShardRestoreFailedException[restore failed]; nested: IndexShardRestoreFailedException[failed to restore snapshot [test-snap]]; nested: IndexShardRestoreFailedException[Failed to recover index]; nested: NotSerializableExceptionWrapper[Random IOException]; ]], expected_shard_size[0], indexUUID [4jpdB_g0RdurmlwQgV2n7w], message [master {node_s0}{YU4rw4SiR5aBA7JFJFd8EQ}{local}{local[78]}[mode=>local] marked shard as initializing, but shard is marked as failed, resend shard failure], failure [Unknown]
[2016-03-30 23:02:07,145][WARN ][org.elasticsearch.indices.cluster] [node_s1] [[test-idx][7]] marking and sending shard failed due to [failed recovery]
[test-idx][[test-idx][7]] IndexShardRecoveryException[failed recovery]; nested: IndexShardRestoreFailedException[restore failed]; nested: IndexShardRestoreFailedException[failed to restore snapshot [test-snap]]; nested: IndexShardRestoreFailedException[Failed to recover index]; nested: IOException[Random IOException];
	at org.elasticsearch.index.shard.StoreRecovery.executeRecovery(StoreRecovery.java:165)
	at org.elasticsearch.index.shard.StoreRecovery.recoverFromRepository(StoreRecovery.java:97)
	at org.elasticsearch.index.shard.IndexShard.restoreFromRepository(IndexShard.java:1110)
	at org.elasticsearch.indices.cluster.IndicesClusterStateService.lambda$applyInitializingShard$128(IndicesClusterStateService.java:654)
	at org.elasticsearch.indices.cluster.IndicesClusterStateService$$Lambda$561/1683367258.run(Unknown Source)
	at java.util.concurrent.ThreadPoolExecutor.runWorker(ThreadPoolExecutor.java:1142)
	at java.util.concurrent.ThreadPoolExecutor$Worker.run(ThreadPoolExecutor.java:617)
	at java.lang.Thread.run(Thread.java:745)
Caused by: [test-idx][[test-idx][7]] IndexShardRestoreFailedException[restore failed]; nested: IndexShardRestoreFailedException[failed to restore snapshot [test-snap]]; nested: IndexShardRestoreFailedException[Failed to recover index]; nested: IOException[Random IOException];
	at org.elasticsearch.index.shard.StoreRecovery.restore(StoreRecovery.java:265)
	at org.elasticsearch.index.shard.StoreRecovery.lambda$recoverFromRepository$123(StoreRecovery.java:99)
	at org.elasticsearch.index.shard.StoreRecovery$$Lambda$562/1148766141.run(Unknown Source)
	at org.elasticsearch.index.shard.StoreRecovery.executeRecovery(StoreRecovery.java:122)
	... 7 more
Caused by: [test-idx][[test-idx][7]] IndexShardRestoreFailedException[failed to restore snapshot [test-snap]]; nested: IndexShardRestoreFailedException[Failed to recover index]; nested: IOException[Random IOException];
	at org.elasticsearch.index.snapshots.blobstore.BlobStoreIndexShardRepository.restore(BlobStoreIndexShardRepository.java:208)
	at org.elasticsearch.index.shard.StoreRecovery.restore(StoreRecovery.java:260)
	... 10 more
Caused by: [test-idx][[test-idx][7]] IndexShardRestoreFailedException[Failed to recover index]; nested: IOException[Random IOException];
	at org.elasticsearch.index.snapshots.blobstore.BlobStoreIndexShardRepository$RestoreContext.restore(BlobStoreIndexShardRepository.java:867)
	at org.elasticsearch.index.snapshots.blobstore.BlobStoreIndexShardRepository.restore(BlobStoreIndexShardRepository.java:206)
	... 11 more
Caused by: java.io.IOException: Random IOException
	at org.elasticsearch.snapshots.mockstore.MockRepository$MockBlobStore$MockBlobContainer.maybeIOExceptionOrBlock(MockRepository.java:277)
	at org.elasticsearch.snapshots.mockstore.MockRepository$MockBlobStore$MockBlobContainer.readBlob(MockRepository.java:321)
	at org.elasticsearch.index.snapshots.blobstore.BlobStoreIndexShardRepository$PartSliceStream.openSlice(BlobStoreIndexShardRepository.java:769)
	at org.elasticsearch.index.snapshots.blobstore.SlicedInputStream.nextStream(SlicedInputStream.java:53)
	at org.elasticsearch.index.snapshots.blobstore.SlicedInputStream.currentStream(SlicedInputStream.java:67)
	at org.elasticsearch.index.snapshots.blobstore.SlicedInputStream.read(SlicedInputStream.java:88)
	at java.io.FilterInputStream.read(FilterInputStream.java:133)
	at org.elasticsearch.index.snapshots.blobstore.RateLimitingInputStream.read(RateLimitingInputStream.java:69)
	at java.io.FilterInputStream.read(FilterInputStream.java:107)
	at org.elasticsearch.index.snapshots.blobstore.BlobStoreIndexShardRepository$RestoreContext.restoreFile(BlobStoreIndexShardRepository.java:924)
	at org.elasticsearch.index.snapshots.blobstore.BlobStoreIndexShardRepository$RestoreContext.restore(BlobStoreIndexShardRepository.java:864)
	... 12 more
[2016-03-30 23:02:07,149][WARN ][org.elasticsearch.cluster.action.shard] [node_s0] [test-idx][7] received shard failed for [test-idx][7], node[BGl_MLcDTse8q5N9C0jt5A], [P], v[43], restoring[test-repo:test-snap], s[INITIALIZING], a[id=3wLR2TbCQNKj6o6E7FAyjQ], unassigned_info[[reason=ALLOCATION_FAILED], at[2016-03-31T06:02:07.105Z], details[failed recovery, failure IndexShardRecoveryException[failed recovery]; nested: IndexShardRestoreFailedException[restore failed]; nested: IndexShardRestoreFailedException[failed to restore snapshot [test-snap]]; nested: IndexShardRestoreFailedException[Failed to recover index]; nested: NotSerializableExceptionWrapper[Random IOException]; ]], expected_shard_size[0], indexUUID [4jpdB_g0RdurmlwQgV2n7w], message [failed recovery], failure [IndexShardRecoveryException[failed recovery]; nested: IndexShardRestoreFailedException[restore failed]; nested: IndexShardRestoreFailedException[failed to restore snapshot [test-snap]]; nested: IndexShardRestoreFailedException[Failed to recover index]; nested: NotSerializableExceptionWrapper[Random IOException]; ]
[test-idx][[test-idx][7]] IndexShardRecoveryException[failed recovery]; nested: IndexShardRestoreFailedException[restore failed]; nested: IndexShardRestoreFailedException[failed to restore snapshot [test-snap]]; nested: IndexShardRestoreFailedException[Failed to recover index]; nested: NotSerializableExceptionWrapper[Random IOException];
	at org.elasticsearch.index.shard.StoreRecovery.executeRecovery(StoreRecovery.java:165)
	at org.elasticsearch.index.shard.StoreRecovery.recoverFromRepository(StoreRecovery.java:97)
	at org.elasticsearch.index.shard.IndexShard.restoreFromRepository(IndexShard.java:1110)
	at org.elasticsearch.indices.cluster.IndicesClusterStateService.lambda$applyInitializingShard$128(IndicesClusterStateService.java:654)
	at org.elasticsearch.indices.cluster.IndicesClusterStateService$$Lambda$561/1683367258.run(Unknown Source)
	at java.util.concurrent.ThreadPoolExecutor.runWorker(ThreadPoolExecutor.java:1142)
	at java.util.concurrent.ThreadPoolExecutor$Worker.run(ThreadPoolExecutor.java:617)
	at java.lang.Thread.run(Thread.java:745)
Caused by: [test-idx][[test-idx][7]] IndexShardRestoreFailedException[restore failed]; nested: IndexShardRestoreFailedException[failed to restore snapshot [test-snap]]; nested: IndexShardRestoreFailedException[Failed to recover index]; nested: NotSerializableExceptionWrapper[Random IOException];
	at org.elasticsearch.index.shard.StoreRecovery.restore(StoreRecovery.java:265)
	at org.elasticsearch.index.shard.StoreRecovery.lambda$recoverFromRepository$123(StoreRecovery.java:99)
	at org.elasticsearch.index.shard.StoreRecovery$$Lambda$562/1148766141.run(Unknown Source)
	at org.elasticsearch.index.shard.StoreRecovery.executeRecovery(StoreRecovery.java:122)
	... 7 more
Caused by: [test-idx][[test-idx][7]] IndexShardRestoreFailedException[failed to restore snapshot [test-snap]]; nested: IndexShardRestoreFailedException[Failed to recover index]; nested: NotSerializableExceptionWrapper[Random IOException];
	at org.elasticsearch.index.snapshots.blobstore.BlobStoreIndexShardRepository.restore(BlobStoreIndexShardRepository.java:208)
	at org.elasticsearch.index.shard.StoreRecovery.restore(StoreRecovery.java:260)
	... 10 more
Caused by: [test-idx][[test-idx][7]] IndexShardRestoreFailedException[Failed to recover index]; nested: NotSerializableExceptionWrapper[Random IOException];
	at org.elasticsearch.index.snapshots.blobstore.BlobStoreIndexShardRepository$RestoreContext.restore(BlobStoreIndexShardRepository.java:867)
	at org.elasticsearch.index.snapshots.blobstore.BlobStoreIndexShardRepository.restore(BlobStoreIndexShardRepository.java:206)
	... 11 more
Caused by: NotSerializableExceptionWrapper[Random IOException]
	at org.elasticsearch.snapshots.mockstore.MockRepository$MockBlobStore$MockBlobContainer.maybeIOExceptionOrBlock(MockRepository.java:277)
	at org.elasticsearch.snapshots.mockstore.MockRepository$MockBlobStore$MockBlobContainer.readBlob(MockRepository.java:321)
	at org.elasticsearch.index.snapshots.blobstore.BlobStoreIndexShardRepository$PartSliceStream.openSlice(BlobStoreIndexShardRepository.java:769)
	at org.elasticsearch.index.snapshots.blobstore.SlicedInputStream.nextStream(SlicedInputStream.java:53)
	at org.elasticsearch.index.snapshots.blobstore.SlicedInputStream.currentStream(SlicedInputStream.java:67)
	at org.elasticsearch.index.snapshots.blobstore.SlicedInputStream.read(SlicedInputStream.java:88)
	at java.io.FilterInputStream.read(FilterInputStream.java:133)
	at org.elasticsearch.index.snapshots.blobstore.RateLimitingInputStream.read(RateLimitingInputStream.java:69)
	at java.io.FilterInputStream.read(FilterInputStream.java:107)
	at org.elasticsearch.index.snapshots.blobstore.BlobStoreIndexShardRepository$RestoreContext.restoreFile(BlobStoreIndexShardRepository.java:924)
	at org.elasticsearch.index.snapshots.blobstore.BlobStoreIndexShardRepository$RestoreContext.restore(BlobStoreIndexShardRepository.java:864)
	... 12 more
[2016-03-30 23:02:07,179][WARN ][org.elasticsearch.indices.cluster] [node_s0] [[test-idx][7]] marking and sending shard failed due to [failed recovery]
[test-idx][[test-idx][7]] IndexShardRecoveryException[failed recovery]; nested: IndexShardRestoreFailedException[restore failed]; nested: IndexShardRestoreFailedException[failed to restore snapshot [test-snap]]; nested: IndexShardRestoreFailedException[Failed to recover index]; nested: IOException[Random IOException];
	at org.elasticsearch.index.shard.StoreRecovery.executeRecovery(StoreRecovery.java:165)
	at org.elasticsearch.index.shard.StoreRecovery.recoverFromRepository(StoreRecovery.java:97)
	at org.elasticsearch.index.shard.IndexShard.restoreFromRepository(IndexShard.java:1110)
	at org.elasticsearch.indices.cluster.IndicesClusterStateService.lambda$applyInitializingShard$128(IndicesClusterStateService.java:654)
	at org.elasticsearch.indices.cluster.IndicesClusterStateService$$Lambda$561/1683367258.run(Unknown Source)
	at java.util.concurrent.ThreadPoolExecutor.runWorker(ThreadPoolExecutor.java:1142)
	at java.util.concurrent.ThreadPoolExecutor$Worker.run(ThreadPoolExecutor.java:617)
	at java.lang.Thread.run(Thread.java:745)
Caused by: [test-idx][[test-idx][7]] IndexShardRestoreFailedException[restore failed]; nested: IndexShardRestoreFailedException[failed to restore snapshot [test-snap]]; nested: IndexShardRestoreFailedException[Failed to recover index]; nested: IOException[Random IOException];
	at org.elasticsearch.index.shard.StoreRecovery.restore(StoreRecovery.java:265)
	at org.elasticsearch.index.shard.StoreRecovery.lambda$recoverFromRepository$123(StoreRecovery.java:99)
	at org.elasticsearch.index.shard.StoreRecovery$$Lambda$562/1148766141.run(Unknown Source)
	at org.elasticsearch.index.shard.StoreRecovery.executeRecovery(StoreRecovery.java:122)
	... 7 more
Caused by: [test-idx][[test-idx][7]] IndexShardRestoreFailedException[failed to restore snapshot [test-snap]]; nested: IndexShardRestoreFailedException[Failed to recover index]; nested: IOException[Random IOException];
	at org.elasticsearch.index.snapshots.blobstore.BlobStoreIndexShardRepository.restore(BlobStoreIndexShardRepository.java:208)
	at org.elasticsearch.index.shard.StoreRecovery.restore(StoreRecovery.java:260)
	... 10 more
Caused by: [test-idx][[test-idx][7]] IndexShardRestoreFailedException[Failed to recover index]; nested: IOException[Random IOException];
	at org.elasticsearch.index.snapshots.blobstore.BlobStoreIndexShardRepository$RestoreContext.restore(BlobStoreIndexShardRepository.java:867)
	at org.elasticsearch.index.snapshots.blobstore.BlobStoreIndexShardRepository.restore(BlobStoreIndexShardRepository.java:206)
	... 11 more
Caused by: java.io.IOException: Random IOException
	at org.elasticsearch.snapshots.mockstore.MockRepository$MockBlobStore$MockBlobContainer.maybeIOExceptionOrBlock(MockRepository.java:277)
	at org.elasticsearch.snapshots.mockstore.MockRepository$MockBlobStore$MockBlobContainer.readBlob(MockRepository.java:321)
	at org.elasticsearch.index.snapshots.blobstore.BlobStoreIndexShardRepository$PartSliceStream.openSlice(BlobStoreIndexShardRepository.java:769)
	at org.elasticsearch.index.snapshots.blobstore.SlicedInputStream.nextStream(SlicedInputStream.java:53)
	at org.elasticsearch.index.snapshots.blobstore.SlicedInputStream.currentStream(SlicedInputStream.java:67)
	at org.elasticsearch.index.snapshots.blobstore.SlicedInputStream.read(SlicedInputStream.java:88)
	at java.io.FilterInputStream.read(FilterInputStream.java:133)
	at org.elasticsearch.index.snapshots.blobstore.RateLimitingInputStream.read(RateLimitingInputStream.java:69)
	at java.io.FilterInputStream.read(FilterInputStream.java:107)
	at org.elasticsearch.index.snapshots.blobstore.BlobStoreIndexShardRepository$RestoreContext.restoreFile(BlobStoreIndexShardRepository.java:924)
	at org.elasticsearch.index.snapshots.blobstore.BlobStoreIndexShardRepository$RestoreContext.restore(BlobStoreIndexShardRepository.java:864)
	... 12 more
[2016-03-30 23:02:07,180][WARN ][org.elasticsearch.cluster.action.shard] [node_s0] [test-idx][7] received shard failed for [test-idx][7], node[YU4rw4SiR5aBA7JFJFd8EQ], [P], v[45], restoring[test-repo:test-snap], s[INITIALIZING], a[id=pZxOXGPuTt63vcaT37c7XA], unassigned_info[[reason=ALLOCATION_FAILED], at[2016-03-31T06:02:07.150Z], details[failed recovery, failure IndexShardRecoveryException[failed recovery]; nested: IndexShardRestoreFailedException[restore failed]; nested: IndexShardRestoreFailedException[failed to restore snapshot [test-snap]]; nested: IndexShardRestoreFailedException[Failed to recover index]; nested: NotSerializableExceptionWrapper[Random IOException]; ]], expected_shard_size[0], indexUUID [4jpdB_g0RdurmlwQgV2n7w], message [failed recovery], failure [IndexShardRecoveryException[failed recovery]; nested: IndexShardRestoreFailedException[restore failed]; nested: IndexShardRestoreFailedException[failed to restore snapshot [test-snap]]; nested: IndexShardRestoreFailedException[Failed to recover index]; nested: IOException[Random IOException]; ]
[test-idx][[test-idx][7]] IndexShardRecoveryException[failed recovery]; nested: IndexShardRestoreFailedException[restore failed]; nested: IndexShardRestoreFailedException[failed to restore snapshot [test-snap]]; nested: IndexShardRestoreFailedException[Failed to recover index]; nested: IOException[Random IOException];
	at org.elasticsearch.index.shard.StoreRecovery.executeRecovery(StoreRecovery.java:165)
	at org.elasticsearch.index.shard.StoreRecovery.recoverFromRepository(StoreRecovery.java:97)
	at org.elasticsearch.index.shard.IndexShard.restoreFromRepository(IndexShard.java:1110)
	at org.elasticsearch.indices.cluster.IndicesClusterStateService.lambda$applyInitializingShard$128(IndicesClusterStateService.java:654)
	at org.elasticsearch.indices.cluster.IndicesClusterStateService$$Lambda$561/1683367258.run(Unknown Source)
	at java.util.concurrent.ThreadPoolExecutor.runWorker(ThreadPoolExecutor.java:1142)
	at java.util.concurrent.ThreadPoolExecutor$Worker.run(ThreadPoolExecutor.java:617)
	at java.lang.Thread.run(Thread.java:745)
Caused by: [test-idx][[test-idx][7]] IndexShardRestoreFailedException[restore failed]; nested: IndexShardRestoreFailedException[failed to restore snapshot [test-snap]]; nested: IndexShardRestoreFailedException[Failed to recover index]; nested: IOException[Random IOException];
	at org.elasticsearch.index.shard.StoreRecovery.restore(StoreRecovery.java:265)
	at org.elasticsearch.index.shard.StoreRecovery.lambda$recoverFromRepository$123(StoreRecovery.java:99)
	at org.elasticsearch.index.shard.StoreRecovery$$Lambda$562/1148766141.run(Unknown Source)
	at org.elasticsearch.index.shard.StoreRecovery.executeRecovery(StoreRecovery.java:122)
	... 7 more
Caused by: [test-idx][[test-idx][7]] IndexShardRestoreFailedException[failed to restore snapshot [test-snap]]; nested: IndexShardRestoreFailedException[Failed to recover index]; nested: IOException[Random IOException];
	at org.elasticsearch.index.snapshots.blobstore.BlobStoreIndexShardRepository.restore(BlobStoreIndexShardRepository.java:208)
	at org.elasticsearch.index.shard.StoreRecovery.restore(StoreRecovery.java:260)
	... 10 more
Caused by: [test-idx][[test-idx][7]] IndexShardRestoreFailedException[Failed to recover index]; nested: IOException[Random IOException];
	at org.elasticsearch.index.snapshots.blobstore.BlobStoreIndexShardRepository$RestoreContext.restore(BlobStoreIndexShardRepository.java:867)
	at org.elasticsearch.index.snapshots.blobstore.BlobStoreIndexShardRepository.restore(BlobStoreIndexShardRepository.java:206)
	... 11 more
Caused by: java.io.IOException: Random IOException
	at org.elasticsearch.snapshots.mockstore.MockRepository$MockBlobStore$MockBlobContainer.maybeIOExceptionOrBlock(MockRepository.java:277)
	at org.elasticsearch.snapshots.mockstore.MockRepository$MockBlobStore$MockBlobContainer.readBlob(MockRepository.java:321)
	at org.elasticsearch.index.snapshots.blobstore.BlobStoreIndexShardRepository$PartSliceStream.openSlice(BlobStoreIndexShardRepository.java:769)
	at org.elasticsearch.index.snapshots.blobstore.SlicedInputStream.nextStream(SlicedInputStream.java:53)
	at org.elasticsearch.index.snapshots.blobstore.SlicedInputStream.currentStream(SlicedInputStream.java:67)
	at org.elasticsearch.index.snapshots.blobstore.SlicedInputStream.read(SlicedInputStream.java:88)
	at java.io.FilterInputStream.read(FilterInputStream.java:133)
	at org.elasticsearch.index.snapshots.blobstore.RateLimitingInputStream.read(RateLimitingInputStream.java:69)
	at java.io.FilterInputStream.read(FilterInputStream.java:107)
	at org.elasticsearch.index.snapshots.blobstore.BlobStoreIndexShardRepository$RestoreContext.restoreFile(BlobStoreIndexShardRepository.java:924)
	at org.elasticsearch.index.snapshots.blobstore.BlobStoreIndexShardRepository$RestoreContext.restore(BlobStoreIndexShardRepository.java:864)
	... 12 more
[2016-03-30 23:02:09,887][WARN ][org.elasticsearch.snapshots] [node_s0] failed to get snapshot [test-repo:test-snap-2]
java.lang.IllegalStateException: class org.apache.lucene.store.BufferedChecksumIndexInput cannot seek backwards (pos=-15 getFilePointer()=0)
	at org.apache.lucene.store.ChecksumIndexInput.seek(ChecksumIndexInput.java:50)
	at org.apache.lucene.codecs.CodecUtil.checksumEntireFile(CodecUtil.java:448)
	at org.elasticsearch.repositories.blobstore.ChecksumBlobStoreFormat.readBlob(ChecksumBlobStoreFormat.java:99)
	at org.elasticsearch.repositories.blobstore.BlobStoreFormat.read(BlobStoreFormat.java:86)
	at org.elasticsearch.repositories.blobstore.BlobStoreRepository.readSnapshot(BlobStoreRepository.java:440)
	at org.elasticsearch.snapshots.SnapshotsService.snapshots(SnapshotsService.java:154)
	at org.elasticsearch.action.admin.cluster.snapshots.get.TransportGetSnapshotsAction.masterOperation(TransportGetSnapshotsAction.java:77)
	at org.elasticsearch.action.admin.cluster.snapshots.get.TransportGetSnapshotsAction.masterOperation(TransportGetSnapshotsAction.java:46)
	at org.elasticsearch.action.support.master.TransportMasterNodeAction$AsyncSingleAction$3.doRun(TransportMasterNodeAction.java:160)
	at org.elasticsearch.common.util.concurrent.AbstractRunnable.run(AbstractRunnable.java:37)
	at java.util.concurrent.ThreadPoolExecutor.runWorker(ThreadPoolExecutor.java:1142)
	at java.util.concurrent.ThreadPoolExecutor$Worker.run(ThreadPoolExecutor.java:617)
	at java.lang.Thread.run(Thread.java:745)
[2016-03-30 23:02:17,802][WARN ][org.elasticsearch.repositories] [node_s0] failed to create repository [test-repo]
java.lang.IllegalStateException: trying to modify or unregister repository that is currently used 
	at org.elasticsearch.repositories.RepositoriesService.ensureRepositoryNotInUse(RepositoriesService.java:421)
	at org.elasticsearch.repositories.RepositoriesService.access$000(RepositoriesService.java:60)
	at org.elasticsearch.repositories.RepositoriesService$1.execute(RepositoriesService.java:113)
	at org.elasticsearch.cluster.ClusterStateUpdateTask.execute(ClusterStateUpdateTask.java:45)
	at org.elasticsearch.cluster.service.InternalClusterService.runTasksForExecutor(InternalClusterService.java:401)
	at org.elasticsearch.cluster.service.InternalClusterService$UpdateTask.run(InternalClusterService.java:596)
	at org.elasticsearch.common.util.concurrent.PrioritizedEsThreadPoolExecutor$TieBreakingPrioritizedRunnable.runAndClean(PrioritizedEsThreadPoolExecutor.java:231)
	at org.elasticsearch.common.util.concurrent.PrioritizedEsThreadPoolExecutor$TieBreakingPrioritizedRunnable.run(PrioritizedEsThreadPoolExecutor.java:194)
	at java.util.concurrent.ThreadPoolExecutor.runWorker(ThreadPoolExecutor.java:1142)
	at java.util.concurrent.ThreadPoolExecutor$Worker.run(ThreadPoolExecutor.java:617)
	at java.lang.Thread.run(Thread.java:745)
[2016-03-30 23:02:27,418][WARN ][org.elasticsearch.snapshots] [node_s0] failed to create snapshot [readonly-repo:test-snap-2]
RepositoryException[[readonly-repo] cannot create snapshot in a readonly repository]
	at org.elasticsearch.repositories.blobstore.BlobStoreRepository.initializeSnapshot(BlobStoreRepository.java:269)
	at org.elasticsearch.snapshots.SnapshotsService.beginSnapshot(SnapshotsService.java:310)
	at org.elasticsearch.snapshots.SnapshotsService.access$600(SnapshotsService.java:96)
	at org.elasticsearch.snapshots.SnapshotsService$1$1.run(SnapshotsService.java:232)
	at java.util.concurrent.ThreadPoolExecutor.runWorker(ThreadPoolExecutor.java:1142)
	at java.util.concurrent.ThreadPoolExecutor$Worker.run(ThreadPoolExecutor.java:617)
	at java.lang.Thread.run(Thread.java:745)
[2016-03-30 23:02:31,679][WARN ][org.elasticsearch.snapshots] [node_s0] [[test-idx][4]] [test-repo:test-snap] failed to create snapshot
[test-idx][[test-idx][4]] IndexShardSnapshotFailedException[Failed to perform snapshot (index files)]; nested: IOException[Random IOException];
	at org.elasticsearch.index.snapshots.blobstore.BlobStoreIndexShardRepository$SnapshotContext.snapshot(BlobStoreIndexShardRepository.java:601)
	at org.elasticsearch.index.snapshots.blobstore.BlobStoreIndexShardRepository.snapshot(BlobStoreIndexShardRepository.java:184)
	at org.elasticsearch.snapshots.SnapshotShardsService.snapshot(SnapshotShardsService.java:344)
	at org.elasticsearch.snapshots.SnapshotShardsService.access$200(SnapshotShardsService.java:80)
	at org.elasticsearch.snapshots.SnapshotShardsService$1.doRun(SnapshotShardsService.java:300)
	at org.elasticsearch.common.util.concurrent.AbstractRunnable.run(AbstractRunnable.java:37)
	at java.util.concurrent.ThreadPoolExecutor.runWorker(ThreadPoolExecutor.java:1142)
	at java.util.concurrent.ThreadPoolExecutor$Worker.run(ThreadPoolExecutor.java:617)
	at java.lang.Thread.run(Thread.java:745)
Caused by: java.io.IOException: Random IOException
	at org.elasticsearch.snapshots.mockstore.MockRepository$MockBlobStore$MockBlobContainer.maybeIOExceptionOrBlock(MockRepository.java:277)
	at org.elasticsearch.snapshots.mockstore.MockRepository$MockBlobStore$MockBlobContainer.writeBlob(MockRepository.java:363)
	at org.elasticsearch.index.snapshots.blobstore.BlobStoreIndexShardRepository$SnapshotContext.snapshotFile(BlobStoreIndexShardRepository.java:653)
	at org.elasticsearch.index.snapshots.blobstore.BlobStoreIndexShardRepository$SnapshotContext.snapshot(BlobStoreIndexShardRepository.java:599)
	... 8 more
[2016-03-30 23:02:31,680][WARN ][org.elasticsearch.snapshots] [node_s1] [[test-idx][3]] [test-repo:test-snap] failed to create snapshot
[test-idx][[test-idx][3]] IndexShardSnapshotFailedException[Failed to perform snapshot (index files)]; nested: IOException[Random IOException];
	at org.elasticsearch.index.snapshots.blobstore.BlobStoreIndexShardRepository$SnapshotContext.snapshot(BlobStoreIndexShardRepository.java:601)
	at org.elasticsearch.index.snapshots.blobstore.BlobStoreIndexShardRepository.snapshot(BlobStoreIndexShardRepository.java:184)
	at org.elasticsearch.snapshots.SnapshotShardsService.snapshot(SnapshotShardsService.java:344)
	at org.elasticsearch.snapshots.SnapshotShardsService.access$200(SnapshotShardsService.java:80)
	at org.elasticsearch.snapshots.SnapshotShardsService$1.doRun(SnapshotShardsService.java:300)
	at org.elasticsearch.common.util.concurrent.AbstractRunnable.run(AbstractRunnable.java:37)
	at java.util.concurrent.ThreadPoolExecutor.runWorker(ThreadPoolExecutor.java:1142)
	at java.util.concurrent.ThreadPoolExecutor$Worker.run(ThreadPoolExecutor.java:617)
	at java.lang.Thread.run(Thread.java:745)
Caused by: java.io.IOException: Random IOException
	at org.elasticsearch.snapshots.mockstore.MockRepository$MockBlobStore$MockBlobContainer.maybeIOExceptionOrBlock(MockRepository.java:277)
	at org.elasticsearch.snapshots.mockstore.MockRepository$MockBlobStore$MockBlobContainer.writeBlob(MockRepository.java:363)
	at org.elasticsearch.index.snapshots.blobstore.BlobStoreIndexShardRepository$SnapshotContext.snapshotFile(BlobStoreIndexShardRepository.java:653)
	at org.elasticsearch.index.snapshots.blobstore.BlobStoreIndexShardRepository$SnapshotContext.snapshot(BlobStoreIndexShardRepository.java:599)
	... 8 more
[2016-03-30 23:02:31,686][WARN ][org.elasticsearch.snapshots] [node_s0] [[test-idx][2]] [test-repo:test-snap] failed to create snapshot
[test-idx][[test-idx][2]] IndexShardSnapshotFailedException[Failed to perform snapshot (index files)]; nested: IOException[Random IOException];
	at org.elasticsearch.index.snapshots.blobstore.BlobStoreIndexShardRepository$SnapshotContext.snapshot(BlobStoreIndexShardRepository.java:601)
	at org.elasticsearch.index.snapshots.blobstore.BlobStoreIndexShardRepository.snapshot(BlobStoreIndexShardRepository.java:184)
	at org.elasticsearch.snapshots.SnapshotShardsService.snapshot(SnapshotShardsService.java:344)
	at org.elasticsearch.snapshots.SnapshotShardsService.access$200(SnapshotShardsService.java:80)
	at org.elasticsearch.snapshots.SnapshotShardsService$1.doRun(SnapshotShardsService.java:300)
	at org.elasticsearch.common.util.concurrent.AbstractRunnable.run(AbstractRunnable.java:37)
	at java.util.concurrent.ThreadPoolExecutor.runWorker(ThreadPoolExecutor.java:1142)
	at java.util.concurrent.ThreadPoolExecutor$Worker.run(ThreadPoolExecutor.java:617)
	at java.lang.Thread.run(Thread.java:745)
Caused by: java.io.IOException: Random IOException
	at org.elasticsearch.snapshots.mockstore.MockRepository$MockBlobStore$MockBlobContainer.maybeIOExceptionOrBlock(MockRepository.java:277)
	at org.elasticsearch.snapshots.mockstore.MockRepository$MockBlobStore$MockBlobContainer.writeBlob(MockRepository.java:363)
	at org.elasticsearch.index.snapshots.blobstore.BlobStoreIndexShardRepository$SnapshotContext.snapshotFile(BlobStoreIndexShardRepository.java:653)
	at org.elasticsearch.index.snapshots.blobstore.BlobStoreIndexShardRepository$SnapshotContext.snapshot(BlobStoreIndexShardRepository.java:599)
	... 8 more
[2016-03-30 23:02:31,689][WARN ][org.elasticsearch.snapshots] [node_s1] [[test-idx][5]] [test-repo:test-snap] failed to create snapshot
[test-idx][[test-idx][5]] IndexShardSnapshotFailedException[Failed to perform snapshot (index files)]; nested: IOException[Random IOException];
	at org.elasticsearch.index.snapshots.blobstore.BlobStoreIndexShardRepository$SnapshotContext.snapshot(BlobStoreIndexShardRepository.java:601)
	at org.elasticsearch.index.snapshots.blobstore.BlobStoreIndexShardRepository.snapshot(BlobStoreIndexShardRepository.java:184)
	at org.elasticsearch.snapshots.SnapshotShardsService.snapshot(SnapshotShardsService.java:344)
	at org.elasticsearch.snapshots.SnapshotShardsService.access$200(SnapshotShardsService.java:80)
	at org.elasticsearch.snapshots.SnapshotShardsService$1.doRun(SnapshotShardsService.java:300)
	at org.elasticsearch.common.util.concurrent.AbstractRunnable.run(AbstractRunnable.java:37)
	at java.util.concurrent.ThreadPoolExecutor.runWorker(ThreadPoolExecutor.java:1142)
	at java.util.concurrent.ThreadPoolExecutor$Worker.run(ThreadPoolExecutor.java:617)
	at java.lang.Thread.run(Thread.java:745)
Caused by: java.io.IOException: Random IOException
	at org.elasticsearch.snapshots.mockstore.MockRepository$MockBlobStore$MockBlobContainer.maybeIOExceptionOrBlock(MockRepository.java:277)
	at org.elasticsearch.snapshots.mockstore.MockRepository$MockBlobStore$MockBlobContainer.writeBlob(MockRepository.java:363)
	at org.elasticsearch.index.snapshots.blobstore.BlobStoreIndexShardRepository$SnapshotContext.snapshotFile(BlobStoreIndexShardRepository.java:653)
	at org.elasticsearch.index.snapshots.blobstore.BlobStoreIndexShardRepository$SnapshotContext.snapshot(BlobStoreIndexShardRepository.java:599)
	... 8 more
[2016-03-30 23:02:31,721][WARN ][org.elasticsearch.snapshots] [node_s0] [[test-idx][8]] [test-repo:test-snap] failed to create snapshot
[test-idx][[test-idx][8]] IndexShardSnapshotFailedException[Failed to perform snapshot (index files)]; nested: IOException[Random IOException];
	at org.elasticsearch.index.snapshots.blobstore.BlobStoreIndexShardRepository$SnapshotContext.snapshot(BlobStoreIndexShardRepository.java:601)
	at org.elasticsearch.index.snapshots.blobstore.BlobStoreIndexShardRepository.snapshot(BlobStoreIndexShardRepository.java:184)
	at org.elasticsearch.snapshots.SnapshotShardsService.snapshot(SnapshotShardsService.java:344)
	at org.elasticsearch.snapshots.SnapshotShardsService.access$200(SnapshotShardsService.java:80)
	at org.elasticsearch.snapshots.SnapshotShardsService$1.doRun(SnapshotShardsService.java:300)
	at org.elasticsearch.common.util.concurrent.AbstractRunnable.run(AbstractRunnable.java:37)
	at java.util.concurrent.ThreadPoolExecutor.runWorker(ThreadPoolExecutor.java:1142)
	at java.util.concurrent.ThreadPoolExecutor$Worker.run(ThreadPoolExecutor.java:617)
	at java.lang.Thread.run(Thread.java:745)
Caused by: java.io.IOException: Random IOException
	at org.elasticsearch.snapshots.mockstore.MockRepository$MockBlobStore$MockBlobContainer.maybeIOExceptionOrBlock(MockRepository.java:277)
	at org.elasticsearch.snapshots.mockstore.MockRepository$MockBlobStore$MockBlobContainer.writeBlob(MockRepository.java:363)
	at org.elasticsearch.index.snapshots.blobstore.BlobStoreIndexShardRepository$SnapshotContext.snapshotFile(BlobStoreIndexShardRepository.java:653)
	at org.elasticsearch.index.snapshots.blobstore.BlobStoreIndexShardRepository$SnapshotContext.snapshot(BlobStoreIndexShardRepository.java:599)
	... 8 more
[2016-03-30 23:02:31,721][WARN ][org.elasticsearch.snapshots] [node_s1] [[test-idx][7]] [test-repo:test-snap] failed to create snapshot
[test-idx][[test-idx][7]] IndexShardSnapshotFailedException[Failed to perform snapshot (index files)]; nested: IOException[Random IOException];
	at org.elasticsearch.index.snapshots.blobstore.BlobStoreIndexShardRepository$SnapshotContext.snapshot(BlobStoreIndexShardRepository.java:601)
	at org.elasticsearch.index.snapshots.blobstore.BlobStoreIndexShardRepository.snapshot(BlobStoreIndexShardRepository.java:184)
	at org.elasticsearch.snapshots.SnapshotShardsService.snapshot(SnapshotShardsService.java:344)
	at org.elasticsearch.snapshots.SnapshotShardsService.access$200(SnapshotShardsService.java:80)
	at org.elasticsearch.snapshots.SnapshotShardsService$1.doRun(SnapshotShardsService.java:300)
	at org.elasticsearch.common.util.concurrent.AbstractRunnable.run(AbstractRunnable.java:37)
	at java.util.concurrent.ThreadPoolExecutor.runWorker(ThreadPoolExecutor.java:1142)
	at java.util.concurrent.ThreadPoolExecutor$Worker.run(ThreadPoolExecutor.java:617)
	at java.lang.Thread.run(Thread.java:745)
Caused by: java.io.IOException: Random IOException
	at org.elasticsearch.snapshots.mockstore.MockRepository$MockBlobStore$MockBlobContainer.maybeIOExceptionOrBlock(MockRepository.java:277)
	at org.elasticsearch.snapshots.mockstore.MockRepository$MockBlobStore$MockBlobContainer.writeBlob(MockRepository.java:363)
	at org.elasticsearch.index.snapshots.blobstore.BlobStoreIndexShardRepository$SnapshotContext.snapshotFile(BlobStoreIndexShardRepository.java:653)
	at org.elasticsearch.index.snapshots.blobstore.BlobStoreIndexShardRepository$SnapshotContext.snapshot(BlobStoreIndexShardRepository.java:599)
	... 8 more
[2016-03-30 23:02:31,731][WARN ][org.elasticsearch.snapshots] [node_s0] [[test-idx][6]] [test-repo:test-snap] failed to create snapshot
[test-idx][[test-idx][6]] IndexShardSnapshotFailedException[Failed to perform snapshot (index files)]; nested: IOException[Random IOException];
	at org.elasticsearch.index.snapshots.blobstore.BlobStoreIndexShardRepository$SnapshotContext.snapshot(BlobStoreIndexShardRepository.java:601)
	at org.elasticsearch.index.snapshots.blobstore.BlobStoreIndexShardRepository.snapshot(BlobStoreIndexShardRepository.java:184)
	at org.elasticsearch.snapshots.SnapshotShardsService.snapshot(SnapshotShardsService.java:344)
	at org.elasticsearch.snapshots.SnapshotShardsService.access$200(SnapshotShardsService.java:80)
	at org.elasticsearch.snapshots.SnapshotShardsService$1.doRun(SnapshotShardsService.java:300)
	at org.elasticsearch.common.util.concurrent.AbstractRunnable.run(AbstractRunnable.java:37)
	at java.util.concurrent.ThreadPoolExecutor.runWorker(ThreadPoolExecutor.java:1142)
	at java.util.concurrent.ThreadPoolExecutor$Worker.run(ThreadPoolExecutor.java:617)
	at java.lang.Thread.run(Thread.java:745)
Caused by: java.io.IOException: Random IOException
	at org.elasticsearch.snapshots.mockstore.MockRepository$MockBlobStore$MockBlobContainer.maybeIOExceptionOrBlock(MockRepository.java:277)
	at org.elasticsearch.snapshots.mockstore.MockRepository$MockBlobStore$MockBlobContainer.writeBlob(MockRepository.java:363)
	at org.elasticsearch.index.snapshots.blobstore.BlobStoreIndexShardRepository$SnapshotContext.snapshotFile(BlobStoreIndexShardRepository.java:653)
	at org.elasticsearch.index.snapshots.blobstore.BlobStoreIndexShardRepository$SnapshotContext.snapshot(BlobStoreIndexShardRepository.java:599)
	... 8 more
[2016-03-30 23:02:31,740][WARN ][org.elasticsearch.snapshots] [node_s1] [[test-idx][1]] [test-repo:test-snap] failed to create snapshot
[test-idx][[test-idx][1]] IndexShardSnapshotFailedException[Failed to perform snapshot (index files)]; nested: IOException[Random IOException];
	at org.elasticsearch.index.snapshots.blobstore.BlobStoreIndexShardRepository$SnapshotContext.snapshot(BlobStoreIndexShardRepository.java:601)
	at org.elasticsearch.index.snapshots.blobstore.BlobStoreIndexShardRepository.snapshot(BlobStoreIndexShardRepository.java:184)
	at org.elasticsearch.snapshots.SnapshotShardsService.snapshot(SnapshotShardsService.java:344)
	at org.elasticsearch.snapshots.SnapshotShardsService.access$200(SnapshotShardsService.java:80)
	at org.elasticsearch.snapshots.SnapshotShardsService$1.doRun(SnapshotShardsService.java:300)
	at org.elasticsearch.common.util.concurrent.AbstractRunnable.run(AbstractRunnable.java:37)
	at java.util.concurrent.ThreadPoolExecutor.runWorker(ThreadPoolExecutor.java:1142)
	at java.util.concurrent.ThreadPoolExecutor$Worker.run(ThreadPoolExecutor.java:617)
	at java.lang.Thread.run(Thread.java:745)
Caused by: java.io.IOException: Random IOException
	at org.elasticsearch.snapshots.mockstore.MockRepository$MockBlobStore$MockBlobContainer.maybeIOExceptionOrBlock(MockRepository.java:277)
	at org.elasticsearch.snapshots.mockstore.MockRepository$MockBlobStore$MockBlobContainer.writeBlob(MockRepository.java:363)
	at org.elasticsearch.index.snapshots.blobstore.BlobStoreIndexShardRepository$SnapshotContext.snapshotFile(BlobStoreIndexShardRepository.java:653)
	at org.elasticsearch.index.snapshots.blobstore.BlobStoreIndexShardRepository$SnapshotContext.snapshot(BlobStoreIndexShardRepository.java:599)
	... 8 more
[2016-03-30 23:02:31,757][WARN ][org.elasticsearch.snapshots] [node_s0] [[test-idx][0]] [test-repo:test-snap] failed to create snapshot
[test-idx][[test-idx][0]] IndexShardSnapshotFailedException[Failed to perform snapshot (index files)]; nested: IOException[Random IOException];
	at org.elasticsearch.index.snapshots.blobstore.BlobStoreIndexShardRepository$SnapshotContext.snapshot(BlobStoreIndexShardRepository.java:601)
	at org.elasticsearch.index.snapshots.blobstore.BlobStoreIndexShardRepository.snapshot(BlobStoreIndexShardRepository.java:184)
	at org.elasticsearch.snapshots.SnapshotShardsService.snapshot(SnapshotShardsService.java:344)
	at org.elasticsearch.snapshots.SnapshotShardsService.access$200(SnapshotShardsService.java:80)
	at org.elasticsearch.snapshots.SnapshotShardsService$1.doRun(SnapshotShardsService.java:300)
	at org.elasticsearch.common.util.concurrent.AbstractRunnable.run(AbstractRunnable.java:37)
	at java.util.concurrent.ThreadPoolExecutor.runWorker(ThreadPoolExecutor.java:1142)
	at java.util.concurrent.ThreadPoolExecutor$Worker.run(ThreadPoolExecutor.java:617)
	at java.lang.Thread.run(Thread.java:745)
Caused by: java.io.IOException: Random IOException
	at org.elasticsearch.snapshots.mockstore.MockRepository$MockBlobStore$MockBlobContainer.maybeIOExceptionOrBlock(MockRepository.java:277)
	at org.elasticsearch.snapshots.mockstore.MockRepository$MockBlobStore$MockBlobContainer.writeBlob(MockRepository.java:363)
	at org.elasticsearch.index.snapshots.blobstore.BlobStoreIndexShardRepository$SnapshotContext.snapshotFile(BlobStoreIndexShardRepository.java:653)
	at org.elasticsearch.index.snapshots.blobstore.BlobStoreIndexShardRepository$SnapshotContext.snapshot(BlobStoreIndexShardRepository.java:599)
	... 8 more
]]></system-out>
   <system-err><![CDATA[]]></system-err>
</testsuite>