<testsuite errors="0" failures="0" tests="5" skipped="0" name="org.elasticsearch.cluster.MinimumMasterNodesIT" hostname="nohost.nodomain" time="19.2" timestamp="2016-03-30T14:01:47">
   <properties class="java.util.ArrayList">
      <property name="awt.toolkit" value="sun.lwawt.macosx.LWCToolkit"/>
      <property name="es.logger.level" value="WARN"/>
      <property name="file.encoding" value="UTF-8"/>
      <property name="file.encoding.pkg" value="sun.io"/>
      <property name="file.separator" value="/"/>
      <property name="ftp.nonProxyHosts" value="local|*.local|169.254/16|*.169.254/16"/>
      <property name="gopherProxySet" value="false"/>
      <property name="http.nonProxyHosts" value="local|*.local|169.254/16|*.169.254/16"/>
      <property name="java.awt.graphicsenv" value="sun.awt.CGraphicsEnvironment"/>
      <property name="java.awt.headless" value="true"/>
      <property name="java.awt.printerjob" value="sun.lwawt.macosx.CPrinterJob"/>
      <property name="java.class.path" value="/Users/brijeshs/Documents/elasticsearch_sort_netbeans/elasticsearch/core/build/classes/test:/Users/brijeshs/Documents/elasticsearch_sort_netbeans/elasticsearch/core/build/resources/test:/Users/brijeshs/Documents/elasticsearch_sort_netbeans/elasticsearch/core/build/classes/main:/Users/brijeshs/Documents/elasticsearch_sort_netbeans/elasticsearch/core/build/resources/main:/Users/brijeshs/.gradle/caches/modules-2/files-2.1/org.apache.lucene/lucene-core/5.4.0-snapshot-1715952/84685d37a34b4d87e2928566ed266a7f005ca67d/lucene-core-5.4.0-snapshot-1715952.jar:/Users/brijeshs/.gradle/caches/modules-2/files-2.1/org.apache.lucene/lucene-analyzers-common/5.4.0-snapshot-1715952/feaf885ed4155fb7202c1f90ac2eb40503961efc/lucene-analyzers-common-5.4.0-snapshot-1715952.jar:/Users/brijeshs/.gradle/caches/modules-2/files-2.1/org.apache.lucene/lucene-backward-codecs/5.4.0-snapshot-1715952/5b5b5c950b4fcac38cf48fab911f75da61e780fa/lucene-backward-codecs-5.4.0-snapshot-1715952.jar:/Users/brijeshs/.gradle/caches/modules-2/files-2.1/org.apache.lucene/lucene-grouping/5.4.0-snapshot-1715952/ff92011208ed5c28f041acc37bd77728a89fc6a5/lucene-grouping-5.4.0-snapshot-1715952.jar:/Users/brijeshs/.gradle/caches/modules-2/files-2.1/org.apache.lucene/lucene-highlighter/5.4.0-snapshot-1715952/5d46f26a6cb36aede89b8728b6fcbc427d4f9416/lucene-highlighter-5.4.0-snapshot-1715952.jar:/Users/brijeshs/.gradle/caches/modules-2/files-2.1/org.apache.lucene/lucene-join/5.4.0-snapshot-1715952/726ea07bbfdfbfbee80522353496fc6667dc33c9/lucene-join-5.4.0-snapshot-1715952.jar:/Users/brijeshs/.gradle/caches/modules-2/files-2.1/org.apache.lucene/lucene-memory/5.4.0-snapshot-1715952/d8d7a7b573a4cfc54745a126e905ccfd523b7a24/lucene-memory-5.4.0-snapshot-1715952.jar:/Users/brijeshs/.gradle/caches/modules-2/files-2.1/org.apache.lucene/lucene-misc/5.4.0-snapshot-1715952/cd9d4fb4492bd2680cea2f038a051311329f6443/lucene-misc-5.4.0-snapshot-1715952.jar:/Users/brijeshs/.gradle/caches/modules-2/files-2.1/org.apache.lucene/lucene-queries/5.4.0-snapshot-1715952/a1a04d191443e51f992ed3dd02d0e14fd48493c9/lucene-queries-5.4.0-snapshot-1715952.jar:/Users/brijeshs/.gradle/caches/modules-2/files-2.1/org.apache.lucene/lucene-queryparser/5.4.0-snapshot-1715952/c4d34b29b8b14ad3deb300a6d699e9d8965a3c2c/lucene-queryparser-5.4.0-snapshot-1715952.jar:/Users/brijeshs/.gradle/caches/modules-2/files-2.1/org.apache.lucene/lucene-sandbox/5.4.0-snapshot-1715952/bf45dbd653d66ce9d2c3f19b69997b8098d8b416/lucene-sandbox-5.4.0-snapshot-1715952.jar:/Users/brijeshs/.gradle/caches/modules-2/files-2.1/org.apache.lucene/lucene-spatial/5.4.0-snapshot-1715952/2bddfda70f5c657064d12860b03c2cd8a5029bfc/lucene-spatial-5.4.0-snapshot-1715952.jar:/Users/brijeshs/.gradle/caches/modules-2/files-2.1/org.apache.lucene/lucene-spatial3d/5.4.0-snapshot-1715952/881b8cd571fb3ccdcc69f1316468d816812513fb/lucene-spatial3d-5.4.0-snapshot-1715952.jar:/Users/brijeshs/.gradle/caches/modules-2/files-2.1/org.apache.lucene/lucene-suggest/5.4.0-snapshot-1715952/466e2bc02f45f04cbf516e5df78b9c2ebd99e944/lucene-suggest-5.4.0-snapshot-1715952.jar:/Users/brijeshs/.gradle/caches/modules-2/files-2.1/org.elasticsearch/securesm/1.0/c0c6cf986ba0057390bfcc80c366a0e3157f944b/securesm-1.0.jar:/Users/brijeshs/.gradle/caches/modules-2/files-2.1/commons-cli/commons-cli/1.3.1/1303efbc4b181e5a58bf2e967dc156a3132b97c0/commons-cli-1.3.1.jar:/Users/brijeshs/.gradle/caches/modules-2/files-2.1/com.carrotsearch/hppc/0.7.1/8b5057f74ea378c0150a1860874a3ebdcb713767/hppc-0.7.1.jar:/Users/brijeshs/.gradle/caches/modules-2/files-2.1/joda-time/joda-time/2.8.2/d27c24204c5e507b16fec01006b3d0f1ec42aed4/joda-time-2.8.2.jar:/Users/brijeshs/.gradle/caches/modules-2/files-2.1/org.joda/joda-convert/1.2/35ec554f0cd00c956cc69051514d9488b1374dec/joda-convert-1.2.jar:/Users/brijeshs/.gradle/caches/modules-2/files-2.1/com.fasterxml.jackson.core/jackson-core/2.6.2/123f29333b2c6b3516b14252b6e93226bfcd6e37/jackson-core-2.6.2.jar:/Users/brijeshs/.gradle/caches/modules-2/files-2.1/com.fasterxml.jackson.dataformat/jackson-dataformat-smile/2.6.2/395d18c1a1dd730b8026ee59c4067e5d2b45ba6e/jackson-dataformat-smile-2.6.2.jar:/Users/brijeshs/.gradle/caches/modules-2/files-2.1/com.fasterxml.jackson.dataformat/jackson-dataformat-yaml/2.6.2/4ae23088dd3fae47c66843f2e4251d7255ee140e/jackson-dataformat-yaml-2.6.2.jar:/Users/brijeshs/.gradle/caches/modules-2/files-2.1/com.fasterxml.jackson.dataformat/jackson-dataformat-cbor/2.6.2/1e13c575f914c83761bb8e2aca7dfd9e4c647579/jackson-dataformat-cbor-2.6.2.jar:/Users/brijeshs/.gradle/caches/modules-2/files-2.1/io.netty/netty/3.10.5.Final/9ca7d55d246092bddd29b867706e2f6c7db701a0/netty-3.10.5.Final.jar:/Users/brijeshs/.gradle/caches/modules-2/files-2.1/com.tdunning/t-digest/3.0/84ccf145ac2215e6bfa63baa3101c0af41017cfc/t-digest-3.0.jar:/Users/brijeshs/.gradle/caches/modules-2/files-2.1/org.hdrhistogram/HdrHistogram/2.1.6/7495feb7f71ee124bd2a7e7d83590e296d71d80e/HdrHistogram-2.1.6.jar:/Users/brijeshs/.gradle/caches/modules-2/files-2.1/com.spatial4j/spatial4j/0.5/6e16edaf6b1ba76db7f08c2f3723fce3b358ecc3/spatial4j-0.5.jar:/Users/brijeshs/.gradle/caches/modules-2/files-2.1/com.vividsolutions/jts/1.13/3ccfb9b60f04d71add996a666ceb8902904fd805/jts-1.13.jar:/Users/brijeshs/.gradle/caches/modules-2/files-2.1/log4j/log4j/1.2.17/5af35056b4d257e4b64b9e8069c0746e8b08629f/log4j-1.2.17.jar:/Users/brijeshs/.gradle/caches/modules-2/files-2.1/log4j/apache-log4j-extras/1.2.17/85863614d82185d7e51fe21c00aa9117a523a8b6/apache-log4j-extras-1.2.17.jar:/Users/brijeshs/.gradle/caches/modules-2/files-2.1/org.slf4j/slf4j-api/1.6.2/8619e95939167fb37245b5670135e4feb0ec7d50/slf4j-api-1.6.2.jar:/Users/brijeshs/.gradle/caches/modules-2/files-2.1/net.java.dev.jna/jna/4.1.0/1c12d070e602efd8021891cdd7fd18bc129372d4/jna-4.1.0.jar:/Users/brijeshs/Documents/elasticsearch_sort_netbeans/elasticsearch/test-framework/build/libs/test-framework-3.0.0-SNAPSHOT.jar:/Users/brijeshs/.gradle/caches/modules-2/files-2.1/com.carrotsearch.randomizedtesting/randomizedtesting-runner/2.2.0/60de504132241be049564a3a34fd7dcc296e2ef0/randomizedtesting-runner-2.2.0.jar:/Users/brijeshs/.gradle/caches/modules-2/files-2.1/junit/junit/4.11/4e031bb61df09069aeb2bffb4019e7a5034a4ee0/junit-4.11.jar:/Users/brijeshs/.gradle/caches/modules-2/files-2.1/org.hamcrest/hamcrest-all/1.3/63a21ebc981131004ad02e0434e799fd7f3a8d5a/hamcrest-all-1.3.jar:/Users/brijeshs/.gradle/caches/modules-2/files-2.1/org.apache.lucene/lucene-test-framework/5.4.0-snapshot-1715952/ae3156d5a2526b1b48ca821765cf7cd53faecef5/lucene-test-framework-5.4.0-snapshot-1715952.jar:/Users/brijeshs/.gradle/caches/modules-2/files-2.1/org.apache.lucene/lucene-codecs/5.4.0-snapshot-1715952/7b94152f1c9fd7ecb384fc9602318f74a4463a65/lucene-codecs-5.4.0-snapshot-1715952.jar:/Users/brijeshs/.gradle/caches/modules-2/files-2.1/org.apache.httpcomponents/httpclient/4.3.6/4c47155e3e6c9a41a28db36680b828ced53b8af4/httpclient-4.3.6.jar:/Users/brijeshs/.gradle/caches/modules-2/files-2.1/org.apache.httpcomponents/httpcore/4.3.3/f91b7a4aadc5cf486df6e4634748d7dd7a73f06d/httpcore-4.3.3.jar:/Users/brijeshs/.gradle/caches/modules-2/files-2.1/commons-logging/commons-logging/1.1.3/f6f66e966c70a83ffbdb6f17a0919eaf7c8aca7f/commons-logging-1.1.3.jar:/Users/brijeshs/.gradle/caches/modules-2/files-2.1/commons-codec/commons-codec/1.10/4b95f4897fa13f2cd904aee711aeafc0c5295cd8/commons-codec-1.10.jar:/Users/brijeshs/.gradle/caches/modules-2/files-2.1/com.carrotsearch.randomizedtesting/junit4-ant/2.2.0/d401c9c729deccd5db8a5df3102eb18793c2224/junit4-ant-2.2.0.jar"/>
      <property name="java.class.version" value="52.0"/>
      <property name="java.endorsed.dirs" value="/Library/Java/JavaVirtualMachines/jdk1.8.0_40.jdk/Contents/Home/jre/lib/endorsed"/>
      <property name="java.ext.dirs" value="/Users/brijeshs/Library/Java/Extensions:/Library/Java/JavaVirtualMachines/jdk1.8.0_40.jdk/Contents/Home/jre/lib/ext:/Library/Java/Extensions:/Network/Library/Java/Extensions:/System/Library/Java/Extensions:/usr/lib/java"/>
      <property name="java.home" value="/Library/Java/JavaVirtualMachines/jdk1.8.0_40.jdk/Contents/Home/jre"/>
      <property name="java.io.tmpdir" value="./temp"/>
      <property name="java.library.path" value="/Applications/NetBeans/NetBeans 8.1.app/Contents/Resources/NetBeans/webcommon/bin::/Users/brijeshs/Library/Java/Extensions:/Library/Java/Extensions:/Network/Library/Java/Extensions:/System/Library/Java/Extensions:/usr/lib/java:."/>
      <property name="java.runtime.name" value="Java(TM) SE Runtime Environment"/>
      <property name="java.runtime.version" value="1.8.0_40-b25"/>
      <property name="java.specification.name" value="Java Platform API Specification"/>
      <property name="java.specification.vendor" value="Oracle Corporation"/>
      <property name="java.specification.version" value="1.8"/>
      <property name="java.vendor" value="Oracle Corporation"/>
      <property name="java.vendor.url" value="http://java.oracle.com/"/>
      <property name="java.vendor.url.bug" value="http://bugreport.sun.com/bugreport/"/>
      <property name="java.version" value="1.8.0_40"/>
      <property name="java.vm.info" value="mixed mode"/>
      <property name="java.vm.name" value="Java HotSpot(TM) 64-Bit Server VM"/>
      <property name="java.vm.specification.name" value="Java Virtual Machine Specification"/>
      <property name="java.vm.specification.vendor" value="Oracle Corporation"/>
      <property name="java.vm.specification.version" value="1.8"/>
      <property name="java.vm.vendor" value="Oracle Corporation"/>
      <property name="java.vm.version" value="25.40-b25"/>
      <property name="junit4.childvm.count" value="4"/>
      <property name="junit4.childvm.cwd" value="/Users/brijeshs/Documents/elasticsearch_sort_netbeans/elasticsearch/core/build/testrun/integTest/J2"/>
      <property name="junit4.childvm.id" value="2"/>
      <property name="junit4.memory.total" value="514850816"/>
      <property name="junit4.pidString" value="66626@BrijeshS-2.fios-router.home"/>
      <property name="junit4.processors" value="8"/>
      <property name="line.separator" value="
"/>
      <property name="os.arch" value="x86_64"/>
      <property name="os.name" value="Mac OS X"/>
      <property name="os.version" value="10.10.5"/>
      <property name="path.separator" value=":"/>
      <property name="socksNonProxyHosts" value="local|*.local|169.254/16|*.169.254/16"/>
      <property name="sun.arch.data.model" value="64"/>
      <property name="sun.boot.class.path" value="/Library/Java/JavaVirtualMachines/jdk1.8.0_40.jdk/Contents/Home/jre/lib/resources.jar:/Library/Java/JavaVirtualMachines/jdk1.8.0_40.jdk/Contents/Home/jre/lib/rt.jar:/Library/Java/JavaVirtualMachines/jdk1.8.0_40.jdk/Contents/Home/jre/lib/sunrsasign.jar:/Library/Java/JavaVirtualMachines/jdk1.8.0_40.jdk/Contents/Home/jre/lib/jsse.jar:/Library/Java/JavaVirtualMachines/jdk1.8.0_40.jdk/Contents/Home/jre/lib/jce.jar:/Library/Java/JavaVirtualMachines/jdk1.8.0_40.jdk/Contents/Home/jre/lib/charsets.jar:/Library/Java/JavaVirtualMachines/jdk1.8.0_40.jdk/Contents/Home/jre/lib/jfr.jar:/Library/Java/JavaVirtualMachines/jdk1.8.0_40.jdk/Contents/Home/jre/classes"/>
      <property name="sun.boot.library.path" value="/Library/Java/JavaVirtualMachines/jdk1.8.0_40.jdk/Contents/Home/jre/lib"/>
      <property name="sun.cpu.endian" value="little"/>
      <property name="sun.cpu.isalist" value=""/>
      <property name="sun.io.unicode.encoding" value="UnicodeBig"/>
      <property name="sun.java.command" value="com.carrotsearch.ant.tasks.junit4.slave.SlaveMainSafe -eventsfile /Users/brijeshs/Documents/elasticsearch_sort_netbeans/elasticsearch/core/build/testrun/integTest/temp/junit4-J2-20160330_135253_694.events @/Users/brijeshs/Documents/elasticsearch_sort_netbeans/elasticsearch/core/build/testrun/integTest/temp/junit4-J2-20160330_135253_694.suites -stdin"/>
      <property name="sun.java.launcher" value="SUN_STANDARD"/>
      <property name="sun.jnu.encoding" value="UTF-8"/>
      <property name="sun.management.compiler" value="HotSpot 64-Bit Tiered Compilers"/>
      <property name="sun.os.patch.level" value="unknown"/>
      <property name="tests.artifact" value="core"/>
      <property name="tests.ifNoTests" value="fail"/>
      <property name="tests.maven" value="true"/>
      <property name="tests.prefix" value="tests"/>
      <property name="tests.security.manager" value="true"/>
      <property name="tests.seed" value="F7928424F380CF7C"/>
      <property name="tests.task" value=":core:integTest"/>
      <property name="user.country" value="US"/>
      <property name="user.dir" value="/Users/brijeshs/Documents/elasticsearch_sort_netbeans/elasticsearch/core/build/testrun/integTest/J2"/>
      <property name="user.home" value="/Users/brijeshs"/>
      <property name="user.language" value="en"/>
      <property name="user.name" value="brijeshs"/>
      <property name="user.timezone" value="America/Los_Angeles"/>
   </properties>
   <testcase classname="org.elasticsearch.cluster.MinimumMasterNodesIT" name="testCanNotPublishWithoutMinMastNodes" time="1.783"/>
   <testcase classname="org.elasticsearch.cluster.MinimumMasterNodesIT" name="testDynamicUpdateMinimumMasterNodes" time="1.235"/>
   <testcase classname="org.elasticsearch.cluster.MinimumMasterNodesIT" name="testMultipleNodesShutdownNonMasterNodes" time="7.654"/>
   <testcase classname="org.elasticsearch.cluster.MinimumMasterNodesIT" name="testSimpleMinimumMasterNodes" time="7.794"/>
   <testcase classname="org.elasticsearch.cluster.MinimumMasterNodesIT" name="testCanNotBringClusterDown" time="0.509"/>
   <system-out><![CDATA[[2016-03-30 14:01:48,448][WARN ][org.elasticsearch.cluster.service] [node_t0] failing [test]: failed to commit cluster state version [4]
FailedToCommitClusterStateException[timed out while waiting for enough masters to ack sent cluster state. [1] left]
	at org.elasticsearch.discovery.zen.publish.PublishClusterStateAction$SendingController.waitForCommit(PublishClusterStateAction.java:509)
	at org.elasticsearch.discovery.zen.publish.PublishClusterStateAction.innerPublish(PublishClusterStateAction.java:173)
	at org.elasticsearch.discovery.zen.publish.PublishClusterStateAction.publish(PublishClusterStateAction.java:138)
	at org.elasticsearch.discovery.zen.ZenDiscovery.publish(ZenDiscovery.java:319)
	at sun.reflect.GeneratedMethodAccessor3.invoke(Unknown Source)
	at sun.reflect.DelegatingMethodAccessorImpl.invoke(DelegatingMethodAccessorImpl.java:43)
	at java.lang.reflect.Method.invoke(Method.java:497)
	at org.elasticsearch.common.inject.internal.ConstructionContext$DelegatingInvocationHandler.invoke(ConstructionContext.java:111)
	at com.sun.proxy.$Proxy37.publish(Unknown Source)
	at org.elasticsearch.discovery.DiscoveryService.publish(DiscoveryService.java:130)
	at org.elasticsearch.cluster.service.InternalClusterService.runTasksForExecutor(InternalClusterService.java:513)
	at org.elasticsearch.cluster.service.InternalClusterService$UpdateTask.run(InternalClusterService.java:596)
	at org.elasticsearch.common.util.concurrent.PrioritizedEsThreadPoolExecutor$TieBreakingPrioritizedRunnable.runAndClean(PrioritizedEsThreadPoolExecutor.java:231)
	at org.elasticsearch.common.util.concurrent.PrioritizedEsThreadPoolExecutor$TieBreakingPrioritizedRunnable.run(PrioritizedEsThreadPoolExecutor.java:194)
	at java.util.concurrent.ThreadPoolExecutor.runWorker(ThreadPoolExecutor.java:1142)
	at java.util.concurrent.ThreadPoolExecutor$Worker.run(ThreadPoolExecutor.java:617)
	at java.lang.Thread.run(Thread.java:745)
[2016-03-30 14:01:48,450][WARN ][org.elasticsearch.discovery.zen] [node_t0] failed to publish to min_master_nodes, current nodes: {{node_t0}{DN1UxQfWRwW6mV3u1TVDuQ}{127.0.0.1}{127.0.0.1:9600}[mode=>network],{node_t2}{OynfBJNhTQickHjTwvpQ2A}{127.0.0.1}{127.0.0.1:9602}[mode=>network],{node_t1}{sY-13K28T22RXh5xvUNz0w}{127.0.0.1}{127.0.0.1:9601}[mode=>network],}
[2016-03-30 14:01:48,705][WARN ][org.elasticsearch.discovery.zen.ping.unicast] [node_t0] failed to send ping to [{node_t1}{sY-13K28T22RXh5xvUNz0w}{127.0.0.1}{127.0.0.1:9601}[mode=>network]]
ReceiveTimeoutTransportException[[node_t1][127.0.0.1:9601][internal:discovery/zen/unicast] request_id [43] timed out after [251ms]]
	at org.elasticsearch.transport.TransportService$TimeoutHandler.run(TransportService.java:634)
	at java.util.concurrent.ThreadPoolExecutor.runWorker(ThreadPoolExecutor.java:1142)
	at java.util.concurrent.ThreadPoolExecutor$Worker.run(ThreadPoolExecutor.java:617)
	at java.lang.Thread.run(Thread.java:745)
[2016-03-30 14:01:48,705][WARN ][org.elasticsearch.discovery.zen.ping.unicast] [node_t0] failed to send ping to [{#zen_unicast_3#}{127.0.0.1}{127.0.0.1:9602}]
ReceiveTimeoutTransportException[[node_t2][127.0.0.1:9602][internal:discovery/zen/unicast] request_id [40] timed out after [252ms]]
	at org.elasticsearch.transport.TransportService$TimeoutHandler.run(TransportService.java:634)
	at java.util.concurrent.ThreadPoolExecutor.runWorker(ThreadPoolExecutor.java:1142)
	at java.util.concurrent.ThreadPoolExecutor$Worker.run(ThreadPoolExecutor.java:617)
	at java.lang.Thread.run(Thread.java:745)
[2016-03-30 14:01:48,705][WARN ][org.elasticsearch.discovery.zen.ping.unicast] [node_t0] failed to send ping to [{#zen_unicast_2#}{127.0.0.1}{127.0.0.1:9601}]
ReceiveTimeoutTransportException[[node_t1][127.0.0.1:9601][internal:discovery/zen/unicast] request_id [39] timed out after [252ms]]
	at org.elasticsearch.transport.TransportService$TimeoutHandler.run(TransportService.java:634)
	at java.util.concurrent.ThreadPoolExecutor.runWorker(ThreadPoolExecutor.java:1142)
	at java.util.concurrent.ThreadPoolExecutor$Worker.run(ThreadPoolExecutor.java:617)
	at java.lang.Thread.run(Thread.java:745)
[2016-03-30 14:01:48,705][WARN ][org.elasticsearch.discovery.zen.ping.unicast] [node_t0] failed to send ping to [{node_t2}{OynfBJNhTQickHjTwvpQ2A}{127.0.0.1}{127.0.0.1:9602}[mode=>network]]
ReceiveTimeoutTransportException[[node_t2][127.0.0.1:9602][internal:discovery/zen/unicast] request_id [42] timed out after [251ms]]
	at org.elasticsearch.transport.TransportService$TimeoutHandler.run(TransportService.java:634)
	at java.util.concurrent.ThreadPoolExecutor.runWorker(ThreadPoolExecutor.java:1142)
	at java.util.concurrent.ThreadPoolExecutor$Worker.run(ThreadPoolExecutor.java:617)
	at java.lang.Thread.run(Thread.java:745)
[2016-03-30 14:01:49,207][WARN ][org.elasticsearch.discovery.zen] [node_t1] master left (reason = failed to ping, tried [3] times, each with  maximum [1h] timeout), current nodes: {{node_t2}{OynfBJNhTQickHjTwvpQ2A}{127.0.0.1}{127.0.0.1:9602}[mode=>network],{node_t1}{sY-13K28T22RXh5xvUNz0w}{127.0.0.1}{127.0.0.1:9601}[mode=>network],}
[2016-03-30 14:01:49,286][WARN ][org.elasticsearch.discovery.zen] [node_t2] master left (reason = failed to ping, tried [3] times, each with  maximum [1h] timeout), current nodes: {{node_t2}{OynfBJNhTQickHjTwvpQ2A}{127.0.0.1}{127.0.0.1:9602}[mode=>network],{node_t1}{sY-13K28T22RXh5xvUNz0w}{127.0.0.1}{127.0.0.1:9601}[mode=>network],}
[2016-03-30 14:01:49,513][WARN ][org.elasticsearch.discovery.zen] [node_t2] master left (reason = shut_down), current nodes: {{node_t2}{OynfBJNhTQickHjTwvpQ2A}{127.0.0.1}{127.0.0.1:9602}[mode=>network],{node_t1}{sY-13K28T22RXh5xvUNz0w}{127.0.0.1}{127.0.0.1:9601}[mode=>network],}
[2016-03-30 14:01:49,513][WARN ][org.elasticsearch.discovery.zen] [node_t1] master left (reason = shut_down), current nodes: {{node_t2}{OynfBJNhTQickHjTwvpQ2A}{127.0.0.1}{127.0.0.1:9602}[mode=>network],{node_t1}{sY-13K28T22RXh5xvUNz0w}{127.0.0.1}{127.0.0.1:9601}[mode=>network],}
[2016-03-30 14:01:50,192][WARN ][org.elasticsearch.discovery.zen] [node_t1] not enough master nodes, current nodes: {{node_t1}{3aQOXgh0RjKjW8NUkzYjUQ}{127.0.0.1}{127.0.0.1:9621}[mode=>network],}
[2016-03-30 14:01:50,763][WARN ][org.elasticsearch.discovery.zen] [node_t2] master left (reason = shut_down), current nodes: {{node_t2}{3eGRDlJqSnqlawuoG4MPYw}{127.0.0.1}{127.0.0.1:9620}[mode=>network],}
[2016-03-30 14:01:51,392][WARN ][org.elasticsearch.discovery] [node_t0] waited for 500ms and no initial state was set by the discovery
[2016-03-30 14:01:51,530][WARN ][org.elasticsearch.discovery] [node_t1] waited for 500ms and no initial state was set by the discovery
[2016-03-30 14:01:52,166][WARN ][org.elasticsearch.discovery] [node_t2] waited for 500ms and no initial state was set by the discovery
[2016-03-30 14:01:52,327][WARN ][org.elasticsearch.discovery] [node_t3] waited for 500ms and no initial state was set by the discovery
[2016-03-30 14:01:54,816][WARN ][org.elasticsearch.discovery.zen] [node_t0] not enough master nodes, current nodes: {{node_t2}{ttB1rcM6Re2V1SYa9gMPQw}{127.0.0.1}{127.0.0.1:9642}[mode=>network],{node_t0}{6JEkMETqQ7ujnA3H2rX8pg}{127.0.0.1}{127.0.0.1:9640}[mode=>network],}
[2016-03-30 14:01:55,701][WARN ][org.elasticsearch.discovery.zen] [node_t2] master left (reason = failed to ping, tried [3] times, each with  maximum [30s] timeout), current nodes: {{node_t2}{ttB1rcM6Re2V1SYa9gMPQw}{127.0.0.1}{127.0.0.1:9642}[mode=>network],{node_t1}{ITAod4LeTPuJSHoq8w3RCw}{127.0.0.1}{127.0.0.1:9641}[mode=>network],}
[2016-03-30 14:01:56,543][WARN ][org.elasticsearch.discovery] [node_t4] waited for 500ms and no initial state was set by the discovery
[2016-03-30 14:01:56,665][WARN ][org.elasticsearch.discovery] [node_t5] waited for 500ms and no initial state was set by the discovery
[2016-03-30 14:01:58,374][WARN ][org.elasticsearch.discovery.zen] [node_t2] master left (reason = shut_down), current nodes: {{node_t2}{ttB1rcM6Re2V1SYa9gMPQw}{127.0.0.1}{127.0.0.1:9642}[mode=>network],{node_t4}{Jf6QZ2TCROWNsGr5PeZdZg}{127.0.0.1}{127.0.0.1:9641}[mode=>network],{node_t5}{aLLGBQUCRJyqC7_3mKqtVQ}{127.0.0.1}{127.0.0.1:9643}[mode=>network],}
[2016-03-30 14:01:58,376][WARN ][org.elasticsearch.discovery.zen] [node_t5] master left (reason = shut_down), current nodes: {{node_t2}{ttB1rcM6Re2V1SYa9gMPQw}{127.0.0.1}{127.0.0.1:9642}[mode=>network],{node_t4}{Jf6QZ2TCROWNsGr5PeZdZg}{127.0.0.1}{127.0.0.1:9641}[mode=>network],{node_t5}{aLLGBQUCRJyqC7_3mKqtVQ}{127.0.0.1}{127.0.0.1:9643}[mode=>network],}
[2016-03-30 14:01:58,374][WARN ][org.elasticsearch.discovery.zen] [node_t4] master left (reason = shut_down), current nodes: {{node_t2}{ttB1rcM6Re2V1SYa9gMPQw}{127.0.0.1}{127.0.0.1:9642}[mode=>network],{node_t4}{Jf6QZ2TCROWNsGr5PeZdZg}{127.0.0.1}{127.0.0.1:9641}[mode=>network],{node_t5}{aLLGBQUCRJyqC7_3mKqtVQ}{127.0.0.1}{127.0.0.1:9643}[mode=>network],}
[2016-03-30 14:01:58,551][DEBUG][org.elasticsearch.discovery.zen.elect] [node_t0] using minimum_master_nodes [2]
[2016-03-30 14:01:58,552][DEBUG][org.elasticsearch.discovery.zen.ping.unicast] [node_t0] using initial hosts [127.0.0.1, [::1]], with concurrent_connects [10]
[2016-03-30 14:01:58,552][DEBUG][org.elasticsearch.discovery.zen] [node_t0] using ping_timeout [200ms], join.timeout [4s], master_election.filter_client [true], master_election.filter_data [false]
[2016-03-30 14:01:58,552][DEBUG][org.elasticsearch.discovery.zen.fd] [node_t0] [master] uses ping_interval [1s], ping_timeout [30s], ping_retries [3]
[2016-03-30 14:01:58,553][DEBUG][org.elasticsearch.discovery.zen.fd] [node_t0] [node  ] uses ping_interval [1s], ping_timeout [30s], ping_retries [3]
[2016-03-30 14:01:58,556][DEBUG][org.elasticsearch.gateway] [node_t0] using initial_shards [quorum]
[2016-03-30 14:01:58,618][DEBUG][org.elasticsearch.gateway] [node_t0] took 2ms to load state
[2016-03-30 14:01:58,628][TRACE][org.elasticsearch.cluster.service] [node_t0] will process [initial_join]
[2016-03-30 14:01:58,628][DEBUG][org.elasticsearch.cluster.service] [node_t0] processing [initial_join]: execute
[2016-03-30 14:01:58,629][DEBUG][org.elasticsearch.cluster.service] [node_t0] processing [initial_join]: took 0s no change in cluster_state
[2016-03-30 14:01:58,629][TRACE][org.elasticsearch.discovery.zen] [node_t0] starting to accumulate joins
[2016-03-30 14:01:58,629][TRACE][org.elasticsearch.discovery.zen] [node_t0] starting to ping
[2016-03-30 14:01:58,629][TRACE][org.elasticsearch.discovery.zen.ping.unicast] [node_t0] [1] sending to {node_t0}{5WFoynj2SUGDMEZmKbHSCQ}{127.0.0.1}{127.0.0.1:9660}[mode=>network]
[2016-03-30 14:01:58,629][TRACE][org.elasticsearch.discovery.zen.ping.unicast] [node_t0] [1] received response from {node_t0}{5WFoynj2SUGDMEZmKbHSCQ}{127.0.0.1}{127.0.0.1:9660}[mode=>network]: [ping_response{node [{node_t0}{5WFoynj2SUGDMEZmKbHSCQ}{127.0.0.1}{127.0.0.1:9660}[mode=>network]], id[764], master [null], hasJoinedOnce [false], cluster_name[TEST-CHILD_VM=[2]-CLUSTER_SEED=[2858301384796425155]-HASH=[462C14F99751D]-cluster]}, ping_response{node [{node_t0}{5WFoynj2SUGDMEZmKbHSCQ}{127.0.0.1}{127.0.0.1:9660}[mode=>network]], id[765], master [null], hasJoinedOnce [false], cluster_name[TEST-CHILD_VM=[2]-CLUSTER_SEED=[2858301384796425155]-HASH=[462C14F99751D]-cluster]}]
[2016-03-30 14:01:58,630][TRACE][org.elasticsearch.discovery.zen.ping.unicast] [node_t0] [1] connecting (light) to {#zen_unicast_2#}{127.0.0.1}{127.0.0.1:9661}
[2016-03-30 14:01:58,630][TRACE][org.elasticsearch.discovery.zen.ping.unicast] [node_t0] [1] connecting (light) to {#zen_unicast_3#}{127.0.0.1}{127.0.0.1:9662}
[2016-03-30 14:01:58,631][TRACE][org.elasticsearch.discovery.zen.ping.unicast] [node_t0] [1] connecting (light) to {#zen_unicast_4#}{127.0.0.1}{127.0.0.1:9663}
[2016-03-30 14:01:58,631][TRACE][org.elasticsearch.discovery.zen.ping.unicast] [node_t0] [1] connecting (light) to {#zen_unicast_5#}{127.0.0.1}{127.0.0.1:9664}
[2016-03-30 14:01:58,632][TRACE][org.elasticsearch.discovery.zen.ping.unicast] [node_t0] [1] failed to connect to {#zen_unicast_2#}{127.0.0.1}{127.0.0.1:9661}
ConnectTransportException[[][127.0.0.1:9661] connect_timeout[30s]]; nested: ConnectException[Connection refused: /127.0.0.1:9661];
	at org.elasticsearch.transport.netty.NettyTransport.connectToChannelsLight(NettyTransport.java:948)
	at org.elasticsearch.transport.netty.NettyTransport.connectToNode(NettyTransport.java:912)
	at org.elasticsearch.transport.netty.NettyTransport.connectToNodeLight(NettyTransport.java:884)
	at org.elasticsearch.test.transport.MockTransportService$LookupTestTransport.connectToNodeLight(MockTransportService.java:412)
	at org.elasticsearch.transport.TransportService.connectToNodeLight(TransportService.java:250)
	at org.elasticsearch.discovery.zen.ping.unicast.UnicastZenPing$3.run(UnicastZenPing.java:395)
	at java.util.concurrent.ThreadPoolExecutor.runWorker(ThreadPoolExecutor.java:1142)
	at java.util.concurrent.ThreadPoolExecutor$Worker.run(ThreadPoolExecutor.java:617)
	at java.lang.Thread.run(Thread.java:745)
Caused by: java.net.ConnectException: Connection refused: /127.0.0.1:9661
	at sun.nio.ch.SocketChannelImpl.checkConnect(Native Method)
	at sun.nio.ch.SocketChannelImpl.finishConnect(SocketChannelImpl.java:717)
	at org.jboss.netty.channel.socket.nio.NioClientBoss.connect(NioClientBoss.java:152)
	at org.jboss.netty.channel.socket.nio.NioClientBoss.processSelectedKeys(NioClientBoss.java:105)
	at org.jboss.netty.channel.socket.nio.NioClientBoss.process(NioClientBoss.java:79)
	at org.jboss.netty.channel.socket.nio.AbstractNioSelector.run(AbstractNioSelector.java:337)
	at org.jboss.netty.channel.socket.nio.NioClientBoss.run(NioClientBoss.java:42)
	at org.jboss.netty.util.ThreadRenamingRunnable.run(ThreadRenamingRunnable.java:108)
	at org.jboss.netty.util.internal.DeadLockProofWorker$1.run(DeadLockProofWorker.java:42)
	... 3 more
[2016-03-30 14:01:58,633][TRACE][org.elasticsearch.discovery.zen.ping.unicast] [node_t0] [1] failed to connect to {#zen_unicast_4#}{127.0.0.1}{127.0.0.1:9663}
ConnectTransportException[[][127.0.0.1:9663] connect_timeout[30s]]; nested: ConnectException[Connection refused: /127.0.0.1:9663];
	at org.elasticsearch.transport.netty.NettyTransport.connectToChannelsLight(NettyTransport.java:948)
	at org.elasticsearch.transport.netty.NettyTransport.connectToNode(NettyTransport.java:912)
	at org.elasticsearch.transport.netty.NettyTransport.connectToNodeLight(NettyTransport.java:884)
	at org.elasticsearch.test.transport.MockTransportService$LookupTestTransport.connectToNodeLight(MockTransportService.java:412)
	at org.elasticsearch.transport.TransportService.connectToNodeLight(TransportService.java:250)
	at org.elasticsearch.discovery.zen.ping.unicast.UnicastZenPing$3.run(UnicastZenPing.java:395)
	at java.util.concurrent.ThreadPoolExecutor.runWorker(ThreadPoolExecutor.java:1142)
	at java.util.concurrent.ThreadPoolExecutor$Worker.run(ThreadPoolExecutor.java:617)
	at java.lang.Thread.run(Thread.java:745)
Caused by: java.net.ConnectException: Connection refused: /127.0.0.1:9663
	at sun.nio.ch.SocketChannelImpl.checkConnect(Native Method)
	at sun.nio.ch.SocketChannelImpl.finishConnect(SocketChannelImpl.java:717)
	at org.jboss.netty.channel.socket.nio.NioClientBoss.connect(NioClientBoss.java:152)
	at org.jboss.netty.channel.socket.nio.NioClientBoss.processSelectedKeys(NioClientBoss.java:105)
	at org.jboss.netty.channel.socket.nio.NioClientBoss.process(NioClientBoss.java:79)
	at org.jboss.netty.channel.socket.nio.AbstractNioSelector.run(AbstractNioSelector.java:337)
	at org.jboss.netty.channel.socket.nio.NioClientBoss.run(NioClientBoss.java:42)
	at org.jboss.netty.util.ThreadRenamingRunnable.run(ThreadRenamingRunnable.java:108)
	at org.jboss.netty.util.internal.DeadLockProofWorker$1.run(DeadLockProofWorker.java:42)
	... 3 more
[2016-03-30 14:01:58,633][TRACE][org.elasticsearch.discovery.zen.ping.unicast] [node_t0] [1] failed to connect to {#zen_unicast_5#}{127.0.0.1}{127.0.0.1:9664}
ConnectTransportException[[][127.0.0.1:9664] connect_timeout[30s]]; nested: ConnectException[Connection refused: /127.0.0.1:9664];
	at org.elasticsearch.transport.netty.NettyTransport.connectToChannelsLight(NettyTransport.java:948)
	at org.elasticsearch.transport.netty.NettyTransport.connectToNode(NettyTransport.java:912)
	at org.elasticsearch.transport.netty.NettyTransport.connectToNodeLight(NettyTransport.java:884)
	at org.elasticsearch.test.transport.MockTransportService$LookupTestTransport.connectToNodeLight(MockTransportService.java:412)
	at org.elasticsearch.transport.TransportService.connectToNodeLight(TransportService.java:250)
	at org.elasticsearch.discovery.zen.ping.unicast.UnicastZenPing$3.run(UnicastZenPing.java:395)
	at java.util.concurrent.ThreadPoolExecutor.runWorker(ThreadPoolExecutor.java:1142)
	at java.util.concurrent.ThreadPoolExecutor$Worker.run(ThreadPoolExecutor.java:617)
	at java.lang.Thread.run(Thread.java:745)
Caused by: java.net.ConnectException: Connection refused: /127.0.0.1:9664
	at sun.nio.ch.SocketChannelImpl.checkConnect(Native Method)
	at sun.nio.ch.SocketChannelImpl.finishConnect(SocketChannelImpl.java:717)
	at org.jboss.netty.channel.socket.nio.NioClientBoss.connect(NioClientBoss.java:152)
	at org.jboss.netty.channel.socket.nio.NioClientBoss.processSelectedKeys(NioClientBoss.java:105)
	at org.jboss.netty.channel.socket.nio.NioClientBoss.process(NioClientBoss.java:79)
	at org.jboss.netty.channel.socket.nio.AbstractNioSelector.run(AbstractNioSelector.java:337)
	at org.jboss.netty.channel.socket.nio.NioClientBoss.run(NioClientBoss.java:42)
	at org.jboss.netty.util.ThreadRenamingRunnable.run(ThreadRenamingRunnable.java:108)
	at org.jboss.netty.util.internal.DeadLockProofWorker$1.run(DeadLockProofWorker.java:42)
	... 3 more
[2016-03-30 14:01:58,632][TRACE][org.elasticsearch.discovery.zen.ping.unicast] [node_t0] [1] connecting (light) to {#zen_unicast_10#}{::1}{[::1]:9664}
[2016-03-30 14:01:58,632][TRACE][org.elasticsearch.discovery.zen.ping.unicast] [node_t0] [1] sending to {node_t0}{5WFoynj2SUGDMEZmKbHSCQ}{127.0.0.1}{127.0.0.1:9660}[mode=>network]
[2016-03-30 14:01:58,632][TRACE][org.elasticsearch.discovery.zen.ping.unicast] [node_t0] [1] connecting (light) to {#zen_unicast_9#}{::1}{[::1]:9663}
[2016-03-30 14:01:58,634][TRACE][org.elasticsearch.discovery.zen.ping.unicast] [node_t0] [1] received response from {node_t0}{5WFoynj2SUGDMEZmKbHSCQ}{127.0.0.1}{127.0.0.1:9660}[mode=>network]: [ping_response{node [{node_t0}{5WFoynj2SUGDMEZmKbHSCQ}{127.0.0.1}{127.0.0.1:9660}[mode=>network]], id[764], master [null], hasJoinedOnce [false], cluster_name[TEST-CHILD_VM=[2]-CLUSTER_SEED=[2858301384796425155]-HASH=[462C14F99751D]-cluster]}, ping_response{node [{node_t0}{5WFoynj2SUGDMEZmKbHSCQ}{127.0.0.1}{127.0.0.1:9660}[mode=>network]], id[764], master [null], hasJoinedOnce [false], cluster_name[TEST-CHILD_VM=[2]-CLUSTER_SEED=[2858301384796425155]-HASH=[462C14F99751D]-cluster]}, ping_response{node [{node_t0}{5WFoynj2SUGDMEZmKbHSCQ}{127.0.0.1}{127.0.0.1:9660}[mode=>network]], id[766], master [null], hasJoinedOnce [false], cluster_name[TEST-CHILD_VM=[2]-CLUSTER_SEED=[2858301384796425155]-HASH=[462C14F99751D]-cluster]}]
[2016-03-30 14:01:58,632][TRACE][org.elasticsearch.discovery.zen.ping.unicast] [node_t0] [1] failed to connect to {#zen_unicast_3#}{127.0.0.1}{127.0.0.1:9662}
ConnectTransportException[[][127.0.0.1:9662] connect_timeout[30s]]; nested: ConnectException[Connection refused: /127.0.0.1:9662];
	at org.elasticsearch.transport.netty.NettyTransport.connectToChannelsLight(NettyTransport.java:948)
	at org.elasticsearch.transport.netty.NettyTransport.connectToNode(NettyTransport.java:912)
	at org.elasticsearch.transport.netty.NettyTransport.connectToNodeLight(NettyTransport.java:884)
	at org.elasticsearch.test.transport.MockTransportService$LookupTestTransport.connectToNodeLight(MockTransportService.java:412)
	at org.elasticsearch.transport.TransportService.connectToNodeLight(TransportService.java:250)
	at org.elasticsearch.discovery.zen.ping.unicast.UnicastZenPing$3.run(UnicastZenPing.java:395)
	at java.util.concurrent.ThreadPoolExecutor.runWorker(ThreadPoolExecutor.java:1142)
	at java.util.concurrent.ThreadPoolExecutor$Worker.run(ThreadPoolExecutor.java:617)
	at java.lang.Thread.run(Thread.java:745)
Caused by: java.net.ConnectException: Connection refused: /127.0.0.1:9662
	at sun.nio.ch.SocketChannelImpl.checkConnect(Native Method)
	at sun.nio.ch.SocketChannelImpl.finishConnect(SocketChannelImpl.java:717)
	at org.jboss.netty.channel.socket.nio.NioClientBoss.connect(NioClientBoss.java:152)
	at org.jboss.netty.channel.socket.nio.NioClientBoss.processSelectedKeys(NioClientBoss.java:105)
	at org.jboss.netty.channel.socket.nio.NioClientBoss.process(NioClientBoss.java:79)
	at org.jboss.netty.channel.socket.nio.AbstractNioSelector.run(AbstractNioSelector.java:337)
	at org.jboss.netty.channel.socket.nio.NioClientBoss.run(NioClientBoss.java:42)
	at org.jboss.netty.util.ThreadRenamingRunnable.run(ThreadRenamingRunnable.java:108)
	at org.jboss.netty.util.internal.DeadLockProofWorker$1.run(DeadLockProofWorker.java:42)
	... 3 more
[2016-03-30 14:01:58,635][TRACE][org.elasticsearch.discovery.zen.ping.unicast] [node_t0] [1] failed to connect to {#zen_unicast_9#}{::1}{[::1]:9663}
ConnectTransportException[[][[::1]:9663] connect_timeout[30s]]; nested: ConnectException[Connection refused: /0:0:0:0:0:0:0:1:9663];
	at org.elasticsearch.transport.netty.NettyTransport.connectToChannelsLight(NettyTransport.java:948)
	at org.elasticsearch.transport.netty.NettyTransport.connectToNode(NettyTransport.java:912)
	at org.elasticsearch.transport.netty.NettyTransport.connectToNodeLight(NettyTransport.java:884)
	at org.elasticsearch.test.transport.MockTransportService$LookupTestTransport.connectToNodeLight(MockTransportService.java:412)
	at org.elasticsearch.transport.TransportService.connectToNodeLight(TransportService.java:250)
	at org.elasticsearch.discovery.zen.ping.unicast.UnicastZenPing$3.run(UnicastZenPing.java:395)
	at java.util.concurrent.ThreadPoolExecutor.runWorker(ThreadPoolExecutor.java:1142)
	at java.util.concurrent.ThreadPoolExecutor$Worker.run(ThreadPoolExecutor.java:617)
	at java.lang.Thread.run(Thread.java:745)
Caused by: java.net.ConnectException: Connection refused: /0:0:0:0:0:0:0:1:9663
	at sun.nio.ch.SocketChannelImpl.checkConnect(Native Method)
	at sun.nio.ch.SocketChannelImpl.finishConnect(SocketChannelImpl.java:717)
	at org.jboss.netty.channel.socket.nio.NioClientBoss.connect(NioClientBoss.java:152)
	at org.jboss.netty.channel.socket.nio.NioClientBoss.processSelectedKeys(NioClientBoss.java:105)
	at org.jboss.netty.channel.socket.nio.NioClientBoss.process(NioClientBoss.java:79)
	at org.jboss.netty.channel.socket.nio.AbstractNioSelector.run(AbstractNioSelector.java:337)
	at org.jboss.netty.channel.socket.nio.NioClientBoss.run(NioClientBoss.java:42)
	at org.jboss.netty.util.ThreadRenamingRunnable.run(ThreadRenamingRunnable.java:108)
	at org.jboss.netty.util.internal.DeadLockProofWorker$1.run(DeadLockProofWorker.java:42)
	... 3 more
[2016-03-30 14:01:58,632][TRACE][org.elasticsearch.discovery.zen.ping.unicast] [node_t0] [1] connecting (light) to {#zen_unicast_8#}{::1}{[::1]:9662}
[2016-03-30 14:01:58,632][TRACE][org.elasticsearch.discovery.zen.ping.unicast] [node_t0] [1] connecting (light) to {#zen_unicast_7#}{::1}{[::1]:9661}
[2016-03-30 14:01:58,632][TRACE][org.elasticsearch.discovery.zen.ping.unicast] [node_t0] [1] connecting (light) to {#zen_unicast_6#}{::1}{[::1]:9660}
[2016-03-30 14:01:58,634][TRACE][org.elasticsearch.discovery.zen.ping.unicast] [node_t0] [1] failed to connect to {#zen_unicast_10#}{::1}{[::1]:9664}
ConnectTransportException[[][[::1]:9664] connect_timeout[30s]]; nested: ConnectException[Connection refused: /0:0:0:0:0:0:0:1:9664];
	at org.elasticsearch.transport.netty.NettyTransport.connectToChannelsLight(NettyTransport.java:948)
	at org.elasticsearch.transport.netty.NettyTransport.connectToNode(NettyTransport.java:912)
	at org.elasticsearch.transport.netty.NettyTransport.connectToNodeLight(NettyTransport.java:884)
	at org.elasticsearch.test.transport.MockTransportService$LookupTestTransport.connectToNodeLight(MockTransportService.java:412)
	at org.elasticsearch.transport.TransportService.connectToNodeLight(TransportService.java:250)
	at org.elasticsearch.discovery.zen.ping.unicast.UnicastZenPing$3.run(UnicastZenPing.java:395)
	at java.util.concurrent.ThreadPoolExecutor.runWorker(ThreadPoolExecutor.java:1142)
	at java.util.concurrent.ThreadPoolExecutor$Worker.run(ThreadPoolExecutor.java:617)
	at java.lang.Thread.run(Thread.java:745)
Caused by: java.net.ConnectException: Connection refused: /0:0:0:0:0:0:0:1:9664
	at sun.nio.ch.SocketChannelImpl.checkConnect(Native Method)
	at sun.nio.ch.SocketChannelImpl.finishConnect(SocketChannelImpl.java:717)
	at org.jboss.netty.channel.socket.nio.NioClientBoss.connect(NioClientBoss.java:152)
	at org.jboss.netty.channel.socket.nio.NioClientBoss.processSelectedKeys(NioClientBoss.java:105)
	at org.jboss.netty.channel.socket.nio.NioClientBoss.process(NioClientBoss.java:79)
	at org.jboss.netty.channel.socket.nio.AbstractNioSelector.run(AbstractNioSelector.java:337)
	at org.jboss.netty.channel.socket.nio.NioClientBoss.run(NioClientBoss.java:42)
	at org.jboss.netty.util.ThreadRenamingRunnable.run(ThreadRenamingRunnable.java:108)
	at org.jboss.netty.util.internal.DeadLockProofWorker$1.run(DeadLockProofWorker.java:42)
	... 3 more
[2016-03-30 14:01:58,636][TRACE][org.elasticsearch.discovery.zen.ping.unicast] [node_t0] [1] failed to connect to {#zen_unicast_8#}{::1}{[::1]:9662}
ConnectTransportException[[][[::1]:9662] connect_timeout[30s]]; nested: ConnectException[Connection refused: /0:0:0:0:0:0:0:1:9662];
	at org.elasticsearch.transport.netty.NettyTransport.connectToChannelsLight(NettyTransport.java:948)
	at org.elasticsearch.transport.netty.NettyTransport.connectToNode(NettyTransport.java:912)
	at org.elasticsearch.transport.netty.NettyTransport.connectToNodeLight(NettyTransport.java:884)
	at org.elasticsearch.test.transport.MockTransportService$LookupTestTransport.connectToNodeLight(MockTransportService.java:412)
	at org.elasticsearch.transport.TransportService.connectToNodeLight(TransportService.java:250)
	at org.elasticsearch.discovery.zen.ping.unicast.UnicastZenPing$3.run(UnicastZenPing.java:395)
	at java.util.concurrent.ThreadPoolExecutor.runWorker(ThreadPoolExecutor.java:1142)
	at java.util.concurrent.ThreadPoolExecutor$Worker.run(ThreadPoolExecutor.java:617)
	at java.lang.Thread.run(Thread.java:745)
Caused by: java.net.ConnectException: Connection refused: /0:0:0:0:0:0:0:1:9662
	at sun.nio.ch.SocketChannelImpl.checkConnect(Native Method)
	at sun.nio.ch.SocketChannelImpl.finishConnect(SocketChannelImpl.java:717)
	at org.jboss.netty.channel.socket.nio.NioClientBoss.connect(NioClientBoss.java:152)
	at org.jboss.netty.channel.socket.nio.NioClientBoss.processSelectedKeys(NioClientBoss.java:105)
	at org.jboss.netty.channel.socket.nio.NioClientBoss.process(NioClientBoss.java:79)
	at org.jboss.netty.channel.socket.nio.AbstractNioSelector.run(AbstractNioSelector.java:337)
	at org.jboss.netty.channel.socket.nio.NioClientBoss.run(NioClientBoss.java:42)
	at org.jboss.netty.util.ThreadRenamingRunnable.run(ThreadRenamingRunnable.java:108)
	at org.jboss.netty.util.internal.DeadLockProofWorker$1.run(DeadLockProofWorker.java:42)
	... 3 more
[2016-03-30 14:01:58,637][TRACE][org.elasticsearch.discovery.zen.ping.unicast] [node_t0] [1] connected to {#zen_unicast_6#}{::1}{[::1]:9660}
[2016-03-30 14:01:58,637][TRACE][org.elasticsearch.discovery.zen.ping.unicast] [node_t0] [1] failed to connect to {#zen_unicast_7#}{::1}{[::1]:9661}
ConnectTransportException[[][[::1]:9661] connect_timeout[30s]]; nested: ConnectException[Connection refused: /0:0:0:0:0:0:0:1:9661];
	at org.elasticsearch.transport.netty.NettyTransport.connectToChannelsLight(NettyTransport.java:948)
	at org.elasticsearch.transport.netty.NettyTransport.connectToNode(NettyTransport.java:912)
	at org.elasticsearch.transport.netty.NettyTransport.connectToNodeLight(NettyTransport.java:884)
	at org.elasticsearch.test.transport.MockTransportService$LookupTestTransport.connectToNodeLight(MockTransportService.java:412)
	at org.elasticsearch.transport.TransportService.connectToNodeLight(TransportService.java:250)
	at org.elasticsearch.discovery.zen.ping.unicast.UnicastZenPing$3.run(UnicastZenPing.java:395)
	at java.util.concurrent.ThreadPoolExecutor.runWorker(ThreadPoolExecutor.java:1142)
	at java.util.concurrent.ThreadPoolExecutor$Worker.run(ThreadPoolExecutor.java:617)
	at java.lang.Thread.run(Thread.java:745)
Caused by: java.net.ConnectException: Connection refused: /0:0:0:0:0:0:0:1:9661
	at sun.nio.ch.SocketChannelImpl.checkConnect(Native Method)
	at sun.nio.ch.SocketChannelImpl.finishConnect(SocketChannelImpl.java:717)
	at org.jboss.netty.channel.socket.nio.NioClientBoss.connect(NioClientBoss.java:152)
	at org.jboss.netty.channel.socket.nio.NioClientBoss.processSelectedKeys(NioClientBoss.java:105)
	at org.jboss.netty.channel.socket.nio.NioClientBoss.process(NioClientBoss.java:79)
	at org.jboss.netty.channel.socket.nio.AbstractNioSelector.run(AbstractNioSelector.java:337)
	at org.jboss.netty.channel.socket.nio.NioClientBoss.run(NioClientBoss.java:42)
	at org.jboss.netty.util.ThreadRenamingRunnable.run(ThreadRenamingRunnable.java:108)
	at org.jboss.netty.util.internal.DeadLockProofWorker$1.run(DeadLockProofWorker.java:42)
	... 3 more
[2016-03-30 14:01:58,637][TRACE][org.elasticsearch.discovery.zen.ping.unicast] [node_t0] [1] sending to {#zen_unicast_6#}{::1}{[::1]:9660}
[2016-03-30 14:01:58,640][TRACE][org.elasticsearch.discovery.zen.ping.unicast] [node_t0] [1] received response from {#zen_unicast_6#}{::1}{[::1]:9660}: [ping_response{node [{node_t0}{5WFoynj2SUGDMEZmKbHSCQ}{127.0.0.1}{127.0.0.1:9660}[mode=>network]], id[764], master [null], hasJoinedOnce [false], cluster_name[TEST-CHILD_VM=[2]-CLUSTER_SEED=[2858301384796425155]-HASH=[462C14F99751D]-cluster]}, ping_response{node [{node_t0}{5WFoynj2SUGDMEZmKbHSCQ}{127.0.0.1}{127.0.0.1:9660}[mode=>network]], id[764], master [null], hasJoinedOnce [false], cluster_name[TEST-CHILD_VM=[2]-CLUSTER_SEED=[2858301384796425155]-HASH=[462C14F99751D]-cluster]}, ping_response{node [{node_t0}{5WFoynj2SUGDMEZmKbHSCQ}{127.0.0.1}{127.0.0.1:9660}[mode=>network]], id[764], master [null], hasJoinedOnce [false], cluster_name[TEST-CHILD_VM=[2]-CLUSTER_SEED=[2858301384796425155]-HASH=[462C14F99751D]-cluster]}, ping_response{node [{node_t0}{5WFoynj2SUGDMEZmKbHSCQ}{127.0.0.1}{127.0.0.1:9660}[mode=>network]], id[767], master [null], hasJoinedOnce [false], cluster_name[TEST-CHILD_VM=[2]-CLUSTER_SEED=[2858301384796425155]-HASH=[462C14F99751D]-cluster]}]
[2016-03-30 14:01:58,739][TRACE][org.elasticsearch.discovery.zen.ping.unicast] [node_t0] [1] sending to {node_t0}{5WFoynj2SUGDMEZmKbHSCQ}{127.0.0.1}{127.0.0.1:9660}[mode=>network]
[2016-03-30 14:01:58,739][TRACE][org.elasticsearch.discovery.zen.ping.unicast] [node_t0] [1] received response from {node_t0}{5WFoynj2SUGDMEZmKbHSCQ}{127.0.0.1}{127.0.0.1:9660}[mode=>network]: [ping_response{node [{node_t0}{5WFoynj2SUGDMEZmKbHSCQ}{127.0.0.1}{127.0.0.1:9660}[mode=>network]], id[764], master [null], hasJoinedOnce [false], cluster_name[TEST-CHILD_VM=[2]-CLUSTER_SEED=[2858301384796425155]-HASH=[462C14F99751D]-cluster]}, ping_response{node [{node_t0}{5WFoynj2SUGDMEZmKbHSCQ}{127.0.0.1}{127.0.0.1:9660}[mode=>network]], id[764], master [null], hasJoinedOnce [false], cluster_name[TEST-CHILD_VM=[2]-CLUSTER_SEED=[2858301384796425155]-HASH=[462C14F99751D]-cluster]}, ping_response{node [{node_t0}{5WFoynj2SUGDMEZmKbHSCQ}{127.0.0.1}{127.0.0.1:9660}[mode=>network]], id[764], master [null], hasJoinedOnce [false], cluster_name[TEST-CHILD_VM=[2]-CLUSTER_SEED=[2858301384796425155]-HASH=[462C14F99751D]-cluster]}, ping_response{node [{node_t0}{5WFoynj2SUGDMEZmKbHSCQ}{127.0.0.1}{127.0.0.1:9660}[mode=>network]], id[768], master [null], hasJoinedOnce [false], cluster_name[TEST-CHILD_VM=[2]-CLUSTER_SEED=[2858301384796425155]-HASH=[462C14F99751D]-cluster]}, ping_response{node [{node_t0}{5WFoynj2SUGDMEZmKbHSCQ}{127.0.0.1}{127.0.0.1:9660}[mode=>network]], id[769], master [null], hasJoinedOnce [false], cluster_name[TEST-CHILD_VM=[2]-CLUSTER_SEED=[2858301384796425155]-HASH=[462C14F99751D]-cluster]}]
[2016-03-30 14:01:58,739][TRACE][org.elasticsearch.discovery.zen.ping.unicast] [node_t0] [1] connecting (light) to {#zen_unicast_2#}{127.0.0.1}{127.0.0.1:9661}
[2016-03-30 14:01:58,739][TRACE][org.elasticsearch.discovery.zen.ping.unicast] [node_t0] [1] connecting (light) to {#zen_unicast_5#}{127.0.0.1}{127.0.0.1:9664}
[2016-03-30 14:01:58,739][TRACE][org.elasticsearch.discovery.zen.ping.unicast] [node_t0] [1] connecting (light) to {#zen_unicast_4#}{127.0.0.1}{127.0.0.1:9663}
[2016-03-30 14:01:58,739][TRACE][org.elasticsearch.discovery.zen.ping.unicast] [node_t0] [1] sending to {#zen_unicast_6#}{::1}{[::1]:9660}
[2016-03-30 14:01:58,739][TRACE][org.elasticsearch.discovery.zen.ping.unicast] [node_t0] [1] connecting (light) to {#zen_unicast_3#}{127.0.0.1}{127.0.0.1:9662}
[2016-03-30 14:01:58,741][TRACE][org.elasticsearch.discovery.zen.ping.unicast] [node_t0] [1] connecting (light) to {#zen_unicast_7#}{::1}{[::1]:9661}
[2016-03-30 14:01:58,741][TRACE][org.elasticsearch.discovery.zen.ping.unicast] [node_t0] [1] connecting (light) to {#zen_unicast_10#}{::1}{[::1]:9664}
[2016-03-30 14:01:58,741][TRACE][org.elasticsearch.discovery.zen.ping.unicast] [node_t0] [1] sending to {node_t0}{5WFoynj2SUGDMEZmKbHSCQ}{127.0.0.1}{127.0.0.1:9660}[mode=>network]
[2016-03-30 14:01:58,741][TRACE][org.elasticsearch.discovery.zen.ping.unicast] [node_t0] [1] connecting (light) to {#zen_unicast_8#}{::1}{[::1]:9662}
[2016-03-30 14:01:58,741][TRACE][org.elasticsearch.discovery.zen.ping.unicast] [node_t0] [1] received response from {node_t0}{5WFoynj2SUGDMEZmKbHSCQ}{127.0.0.1}{127.0.0.1:9660}[mode=>network]: [ping_response{node [{node_t0}{5WFoynj2SUGDMEZmKbHSCQ}{127.0.0.1}{127.0.0.1:9660}[mode=>network]], id[764], master [null], hasJoinedOnce [false], cluster_name[TEST-CHILD_VM=[2]-CLUSTER_SEED=[2858301384796425155]-HASH=[462C14F99751D]-cluster]}, ping_response{node [{node_t0}{5WFoynj2SUGDMEZmKbHSCQ}{127.0.0.1}{127.0.0.1:9660}[mode=>network]], id[764], master [null], hasJoinedOnce [false], cluster_name[TEST-CHILD_VM=[2]-CLUSTER_SEED=[2858301384796425155]-HASH=[462C14F99751D]-cluster]}, ping_response{node [{node_t0}{5WFoynj2SUGDMEZmKbHSCQ}{127.0.0.1}{127.0.0.1:9660}[mode=>network]], id[764], master [null], hasJoinedOnce [false], cluster_name[TEST-CHILD_VM=[2]-CLUSTER_SEED=[2858301384796425155]-HASH=[462C14F99751D]-cluster]}, ping_response{node [{node_t0}{5WFoynj2SUGDMEZmKbHSCQ}{127.0.0.1}{127.0.0.1:9660}[mode=>network]], id[768], master [null], hasJoinedOnce [false], cluster_name[TEST-CHILD_VM=[2]-CLUSTER_SEED=[2858301384796425155]-HASH=[462C14F99751D]-cluster]}, ping_response{node [{node_t0}{5WFoynj2SUGDMEZmKbHSCQ}{127.0.0.1}{127.0.0.1:9660}[mode=>network]], id[768], master [null], hasJoinedOnce [false], cluster_name[TEST-CHILD_VM=[2]-CLUSTER_SEED=[2858301384796425155]-HASH=[462C14F99751D]-cluster]}, ping_response{node [{node_t0}{5WFoynj2SUGDMEZmKbHSCQ}{127.0.0.1}{127.0.0.1:9660}[mode=>network]], id[768], master [null], hasJoinedOnce [false], cluster_name[TEST-CHILD_VM=[2]-CLUSTER_SEED=[2858301384796425155]-HASH=[462C14F99751D]-cluster]}, ping_response{node [{node_t0}{5WFoynj2SUGDMEZmKbHSCQ}{127.0.0.1}{127.0.0.1:9660}[mode=>network]], id[771], master [null], hasJoinedOnce [false], cluster_name[TEST-CHILD_VM=[2]-CLUSTER_SEED=[2858301384796425155]-HASH=[462C14F99751D]-cluster]}]
[2016-03-30 14:01:58,741][TRACE][org.elasticsearch.discovery.zen.ping.unicast] [node_t0] [1] failed to connect to {#zen_unicast_2#}{127.0.0.1}{127.0.0.1:9661}
ConnectTransportException[[][127.0.0.1:9661] connect_timeout[30s]]; nested: ConnectException[Connection refused: /127.0.0.1:9661];
	at org.elasticsearch.transport.netty.NettyTransport.connectToChannelsLight(NettyTransport.java:948)
	at org.elasticsearch.transport.netty.NettyTransport.connectToNode(NettyTransport.java:912)
	at org.elasticsearch.transport.netty.NettyTransport.connectToNodeLight(NettyTransport.java:884)
	at org.elasticsearch.test.transport.MockTransportService$LookupTestTransport.connectToNodeLight(MockTransportService.java:412)
	at org.elasticsearch.transport.TransportService.connectToNodeLight(TransportService.java:250)
	at org.elasticsearch.discovery.zen.ping.unicast.UnicastZenPing$3.run(UnicastZenPing.java:395)
	at java.util.concurrent.ThreadPoolExecutor.runWorker(ThreadPoolExecutor.java:1142)
	at java.util.concurrent.ThreadPoolExecutor$Worker.run(ThreadPoolExecutor.java:617)
	at java.lang.Thread.run(Thread.java:745)
Caused by: java.net.ConnectException: Connection refused: /127.0.0.1:9661
	at sun.nio.ch.SocketChannelImpl.checkConnect(Native Method)
	at sun.nio.ch.SocketChannelImpl.finishConnect(SocketChannelImpl.java:717)
	at org.jboss.netty.channel.socket.nio.NioClientBoss.connect(NioClientBoss.java:152)
	at org.jboss.netty.channel.socket.nio.NioClientBoss.processSelectedKeys(NioClientBoss.java:105)
	at org.jboss.netty.channel.socket.nio.NioClientBoss.process(NioClientBoss.java:79)
	at org.jboss.netty.channel.socket.nio.AbstractNioSelector.run(AbstractNioSelector.java:337)
	at org.jboss.netty.channel.socket.nio.NioClientBoss.run(NioClientBoss.java:42)
	at org.jboss.netty.util.ThreadRenamingRunnable.run(ThreadRenamingRunnable.java:108)
	at org.jboss.netty.util.internal.DeadLockProofWorker$1.run(DeadLockProofWorker.java:42)
	... 3 more
[2016-03-30 14:01:58,741][TRACE][org.elasticsearch.discovery.zen.ping.unicast] [node_t0] [1] connecting (light) to {#zen_unicast_9#}{::1}{[::1]:9663}
[2016-03-30 14:01:58,743][TRACE][org.elasticsearch.discovery.zen.ping.unicast] [node_t0] [1] failed to connect to {#zen_unicast_8#}{::1}{[::1]:9662}
ConnectTransportException[[][[::1]:9662] connect_timeout[30s]]; nested: ConnectException[Connection refused: /0:0:0:0:0:0:0:1:9662];
	at org.elasticsearch.transport.netty.NettyTransport.connectToChannelsLight(NettyTransport.java:948)
	at org.elasticsearch.transport.netty.NettyTransport.connectToNode(NettyTransport.java:912)
	at org.elasticsearch.transport.netty.NettyTransport.connectToNodeLight(NettyTransport.java:884)
	at org.elasticsearch.test.transport.MockTransportService$LookupTestTransport.connectToNodeLight(MockTransportService.java:412)
	at org.elasticsearch.transport.TransportService.connectToNodeLight(TransportService.java:250)
	at org.elasticsearch.discovery.zen.ping.unicast.UnicastZenPing$3.run(UnicastZenPing.java:395)
	at java.util.concurrent.ThreadPoolExecutor.runWorker(ThreadPoolExecutor.java:1142)
	at java.util.concurrent.ThreadPoolExecutor$Worker.run(ThreadPoolExecutor.java:617)
	at java.lang.Thread.run(Thread.java:745)
Caused by: java.net.ConnectException: Connection refused: /0:0:0:0:0:0:0:1:9662
	at sun.nio.ch.SocketChannelImpl.checkConnect(Native Method)
	at sun.nio.ch.SocketChannelImpl.finishConnect(SocketChannelImpl.java:717)
	at org.jboss.netty.channel.socket.nio.NioClientBoss.connect(NioClientBoss.java:152)
	at org.jboss.netty.channel.socket.nio.NioClientBoss.processSelectedKeys(NioClientBoss.java:105)
	at org.jboss.netty.channel.socket.nio.NioClientBoss.process(NioClientBoss.java:79)
	at org.jboss.netty.channel.socket.nio.AbstractNioSelector.run(AbstractNioSelector.java:337)
	at org.jboss.netty.channel.socket.nio.NioClientBoss.run(NioClientBoss.java:42)
	at org.jboss.netty.util.ThreadRenamingRunnable.run(ThreadRenamingRunnable.java:108)
	at org.jboss.netty.util.internal.DeadLockProofWorker$1.run(DeadLockProofWorker.java:42)
	... 3 more
[2016-03-30 14:01:58,742][TRACE][org.elasticsearch.discovery.zen.ping.unicast] [node_t0] [1] failed to connect to {#zen_unicast_5#}{127.0.0.1}{127.0.0.1:9664}
ConnectTransportException[[][127.0.0.1:9664] connect_timeout[30s]]; nested: ConnectException[Connection refused: /127.0.0.1:9664];
	at org.elasticsearch.transport.netty.NettyTransport.connectToChannelsLight(NettyTransport.java:948)
	at org.elasticsearch.transport.netty.NettyTransport.connectToNode(NettyTransport.java:912)
	at org.elasticsearch.transport.netty.NettyTransport.connectToNodeLight(NettyTransport.java:884)
	at org.elasticsearch.test.transport.MockTransportService$LookupTestTransport.connectToNodeLight(MockTransportService.java:412)
	at org.elasticsearch.transport.TransportService.connectToNodeLight(TransportService.java:250)
	at org.elasticsearch.discovery.zen.ping.unicast.UnicastZenPing$3.run(UnicastZenPing.java:395)
	at java.util.concurrent.ThreadPoolExecutor.runWorker(ThreadPoolExecutor.java:1142)
	at java.util.concurrent.ThreadPoolExecutor$Worker.run(ThreadPoolExecutor.java:617)
	at java.lang.Thread.run(Thread.java:745)
Caused by: java.net.ConnectException: Connection refused: /127.0.0.1:9664
	at sun.nio.ch.SocketChannelImpl.checkConnect(Native Method)
	at sun.nio.ch.SocketChannelImpl.finishConnect(SocketChannelImpl.java:717)
	at org.jboss.netty.channel.socket.nio.NioClientBoss.connect(NioClientBoss.java:152)
	at org.jboss.netty.channel.socket.nio.NioClientBoss.processSelectedKeys(NioClientBoss.java:105)
	at org.jboss.netty.channel.socket.nio.NioClientBoss.process(NioClientBoss.java:79)
	at org.jboss.netty.channel.socket.nio.AbstractNioSelector.run(AbstractNioSelector.java:337)
	at org.jboss.netty.channel.socket.nio.NioClientBoss.run(NioClientBoss.java:42)
	at org.jboss.netty.util.ThreadRenamingRunnable.run(ThreadRenamingRunnable.java:108)
	at org.jboss.netty.util.internal.DeadLockProofWorker$1.run(DeadLockProofWorker.java:42)
	... 3 more
[2016-03-30 14:01:58,742][TRACE][org.elasticsearch.discovery.zen.ping.unicast] [node_t0] [1] failed to connect to {#zen_unicast_4#}{127.0.0.1}{127.0.0.1:9663}
ConnectTransportException[[][127.0.0.1:9663] connect_timeout[30s]]; nested: ConnectException[Connection refused: /127.0.0.1:9663];
	at org.elasticsearch.transport.netty.NettyTransport.connectToChannelsLight(NettyTransport.java:948)
	at org.elasticsearch.transport.netty.NettyTransport.connectToNode(NettyTransport.java:912)
	at org.elasticsearch.transport.netty.NettyTransport.connectToNodeLight(NettyTransport.java:884)
	at org.elasticsearch.test.transport.MockTransportService$LookupTestTransport.connectToNodeLight(MockTransportService.java:412)
	at org.elasticsearch.transport.TransportService.connectToNodeLight(TransportService.java:250)
	at org.elasticsearch.discovery.zen.ping.unicast.UnicastZenPing$3.run(UnicastZenPing.java:395)
	at java.util.concurrent.ThreadPoolExecutor.runWorker(ThreadPoolExecutor.java:1142)
	at java.util.concurrent.ThreadPoolExecutor$Worker.run(ThreadPoolExecutor.java:617)
	at java.lang.Thread.run(Thread.java:745)
Caused by: java.net.ConnectException: Connection refused: /127.0.0.1:9663
	at sun.nio.ch.SocketChannelImpl.checkConnect(Native Method)
	at sun.nio.ch.SocketChannelImpl.finishConnect(SocketChannelImpl.java:717)
	at org.jboss.netty.channel.socket.nio.NioClientBoss.connect(NioClientBoss.java:152)
	at org.jboss.netty.channel.socket.nio.NioClientBoss.processSelectedKeys(NioClientBoss.java:105)
	at org.jboss.netty.channel.socket.nio.NioClientBoss.process(NioClientBoss.java:79)
	at org.jboss.netty.channel.socket.nio.AbstractNioSelector.run(AbstractNioSelector.java:337)
	at org.jboss.netty.channel.socket.nio.NioClientBoss.run(NioClientBoss.java:42)
	at org.jboss.netty.util.ThreadRenamingRunnable.run(ThreadRenamingRunnable.java:108)
	at org.jboss.netty.util.internal.DeadLockProofWorker$1.run(DeadLockProofWorker.java:42)
	... 3 more
[2016-03-30 14:01:58,741][TRACE][org.elasticsearch.discovery.zen.ping.unicast] [node_t0] [1] received response from {#zen_unicast_6#}{::1}{[::1]:9660}: [ping_response{node [{node_t0}{5WFoynj2SUGDMEZmKbHSCQ}{127.0.0.1}{127.0.0.1:9660}[mode=>network]], id[764], master [null], hasJoinedOnce [false], cluster_name[TEST-CHILD_VM=[2]-CLUSTER_SEED=[2858301384796425155]-HASH=[462C14F99751D]-cluster]}, ping_response{node [{node_t0}{5WFoynj2SUGDMEZmKbHSCQ}{127.0.0.1}{127.0.0.1:9660}[mode=>network]], id[764], master [null], hasJoinedOnce [false], cluster_name[TEST-CHILD_VM=[2]-CLUSTER_SEED=[2858301384796425155]-HASH=[462C14F99751D]-cluster]}, ping_response{node [{node_t0}{5WFoynj2SUGDMEZmKbHSCQ}{127.0.0.1}{127.0.0.1:9660}[mode=>network]], id[764], master [null], hasJoinedOnce [false], cluster_name[TEST-CHILD_VM=[2]-CLUSTER_SEED=[2858301384796425155]-HASH=[462C14F99751D]-cluster]}, ping_response{node [{node_t0}{5WFoynj2SUGDMEZmKbHSCQ}{127.0.0.1}{127.0.0.1:9660}[mode=>network]], id[768], master [null], hasJoinedOnce [false], cluster_name[TEST-CHILD_VM=[2]-CLUSTER_SEED=[2858301384796425155]-HASH=[462C14F99751D]-cluster]}, ping_response{node [{node_t0}{5WFoynj2SUGDMEZmKbHSCQ}{127.0.0.1}{127.0.0.1:9660}[mode=>network]], id[768], master [null], hasJoinedOnce [false], cluster_name[TEST-CHILD_VM=[2]-CLUSTER_SEED=[2858301384796425155]-HASH=[462C14F99751D]-cluster]}, ping_response{node [{node_t0}{5WFoynj2SUGDMEZmKbHSCQ}{127.0.0.1}{127.0.0.1:9660}[mode=>network]], id[768], master [null], hasJoinedOnce [false], cluster_name[TEST-CHILD_VM=[2]-CLUSTER_SEED=[2858301384796425155]-HASH=[462C14F99751D]-cluster]}, ping_response{node [{node_t0}{5WFoynj2SUGDMEZmKbHSCQ}{127.0.0.1}{127.0.0.1:9660}[mode=>network]], id[770], master [null], hasJoinedOnce [false], cluster_name[TEST-CHILD_VM=[2]-CLUSTER_SEED=[2858301384796425155]-HASH=[462C14F99751D]-cluster]}]
[2016-03-30 14:01:58,743][TRACE][org.elasticsearch.discovery.zen.ping.unicast] [node_t0] [1] failed to connect to {#zen_unicast_9#}{::1}{[::1]:9663}
ConnectTransportException[[][[::1]:9663] connect_timeout[30s]]; nested: ConnectException[Connection refused: /0:0:0:0:0:0:0:1:9663];
	at org.elasticsearch.transport.netty.NettyTransport.connectToChannelsLight(NettyTransport.java:948)
	at org.elasticsearch.transport.netty.NettyTransport.connectToNode(NettyTransport.java:912)
	at org.elasticsearch.transport.netty.NettyTransport.connectToNodeLight(NettyTransport.java:884)
	at org.elasticsearch.test.transport.MockTransportService$LookupTestTransport.connectToNodeLight(MockTransportService.java:412)
	at org.elasticsearch.transport.TransportService.connectToNodeLight(TransportService.java:250)
	at org.elasticsearch.discovery.zen.ping.unicast.UnicastZenPing$3.run(UnicastZenPing.java:395)
	at java.util.concurrent.ThreadPoolExecutor.runWorker(ThreadPoolExecutor.java:1142)
	at java.util.concurrent.ThreadPoolExecutor$Worker.run(ThreadPoolExecutor.java:617)
	at java.lang.Thread.run(Thread.java:745)
Caused by: java.net.ConnectException: Connection refused: /0:0:0:0:0:0:0:1:9663
	at sun.nio.ch.SocketChannelImpl.checkConnect(Native Method)
	at sun.nio.ch.SocketChannelImpl.finishConnect(SocketChannelImpl.java:717)
	at org.jboss.netty.channel.socket.nio.NioClientBoss.connect(NioClientBoss.java:152)
	at org.jboss.netty.channel.socket.nio.NioClientBoss.processSelectedKeys(NioClientBoss.java:105)
	at org.jboss.netty.channel.socket.nio.NioClientBoss.process(NioClientBoss.java:79)
	at org.jboss.netty.channel.socket.nio.AbstractNioSelector.run(AbstractNioSelector.java:337)
	at org.jboss.netty.channel.socket.nio.NioClientBoss.run(NioClientBoss.java:42)
	at org.jboss.netty.util.ThreadRenamingRunnable.run(ThreadRenamingRunnable.java:108)
	at org.jboss.netty.util.internal.DeadLockProofWorker$1.run(DeadLockProofWorker.java:42)
	... 3 more
[2016-03-30 14:01:58,743][TRACE][org.elasticsearch.discovery.zen.ping.unicast] [node_t0] [1] failed to connect to {#zen_unicast_10#}{::1}{[::1]:9664}
ConnectTransportException[[][[::1]:9664] connect_timeout[30s]]; nested: ConnectException[Connection refused: /0:0:0:0:0:0:0:1:9664];
	at org.elasticsearch.transport.netty.NettyTransport.connectToChannelsLight(NettyTransport.java:948)
	at org.elasticsearch.transport.netty.NettyTransport.connectToNode(NettyTransport.java:912)
	at org.elasticsearch.transport.netty.NettyTransport.connectToNodeLight(NettyTransport.java:884)
	at org.elasticsearch.test.transport.MockTransportService$LookupTestTransport.connectToNodeLight(MockTransportService.java:412)
	at org.elasticsearch.transport.TransportService.connectToNodeLight(TransportService.java:250)
	at org.elasticsearch.discovery.zen.ping.unicast.UnicastZenPing$3.run(UnicastZenPing.java:395)
	at java.util.concurrent.ThreadPoolExecutor.runWorker(ThreadPoolExecutor.java:1142)
	at java.util.concurrent.ThreadPoolExecutor$Worker.run(ThreadPoolExecutor.java:617)
	at java.lang.Thread.run(Thread.java:745)
Caused by: java.net.ConnectException: Connection refused: /0:0:0:0:0:0:0:1:9664
	at sun.nio.ch.SocketChannelImpl.checkConnect(Native Method)
	at sun.nio.ch.SocketChannelImpl.finishConnect(SocketChannelImpl.java:717)
	at org.jboss.netty.channel.socket.nio.NioClientBoss.connect(NioClientBoss.java:152)
	at org.jboss.netty.channel.socket.nio.NioClientBoss.processSelectedKeys(NioClientBoss.java:105)
	at org.jboss.netty.channel.socket.nio.NioClientBoss.process(NioClientBoss.java:79)
	at org.jboss.netty.channel.socket.nio.AbstractNioSelector.run(AbstractNioSelector.java:337)
	at org.jboss.netty.channel.socket.nio.NioClientBoss.run(NioClientBoss.java:42)
	at org.jboss.netty.util.ThreadRenamingRunnable.run(ThreadRenamingRunnable.java:108)
	at org.jboss.netty.util.internal.DeadLockProofWorker$1.run(DeadLockProofWorker.java:42)
	... 3 more
[2016-03-30 14:01:58,743][TRACE][org.elasticsearch.discovery.zen.ping.unicast] [node_t0] [1] failed to connect to {#zen_unicast_3#}{127.0.0.1}{127.0.0.1:9662}
ConnectTransportException[[][127.0.0.1:9662] connect_timeout[30s]]; nested: ConnectException[Connection refused: /127.0.0.1:9662];
	at org.elasticsearch.transport.netty.NettyTransport.connectToChannelsLight(NettyTransport.java:948)
	at org.elasticsearch.transport.netty.NettyTransport.connectToNode(NettyTransport.java:912)
	at org.elasticsearch.transport.netty.NettyTransport.connectToNodeLight(NettyTransport.java:884)
	at org.elasticsearch.test.transport.MockTransportService$LookupTestTransport.connectToNodeLight(MockTransportService.java:412)
	at org.elasticsearch.transport.TransportService.connectToNodeLight(TransportService.java:250)
	at org.elasticsearch.discovery.zen.ping.unicast.UnicastZenPing$3.run(UnicastZenPing.java:395)
	at java.util.concurrent.ThreadPoolExecutor.runWorker(ThreadPoolExecutor.java:1142)
	at java.util.concurrent.ThreadPoolExecutor$Worker.run(ThreadPoolExecutor.java:617)
	at java.lang.Thread.run(Thread.java:745)
Caused by: java.net.ConnectException: Connection refused: /127.0.0.1:9662
	at sun.nio.ch.SocketChannelImpl.checkConnect(Native Method)
	at sun.nio.ch.SocketChannelImpl.finishConnect(SocketChannelImpl.java:717)
	at org.jboss.netty.channel.socket.nio.NioClientBoss.connect(NioClientBoss.java:152)
	at org.jboss.netty.channel.socket.nio.NioClientBoss.processSelectedKeys(NioClientBoss.java:105)
	at org.jboss.netty.channel.socket.nio.NioClientBoss.process(NioClientBoss.java:79)
	at org.jboss.netty.channel.socket.nio.AbstractNioSelector.run(AbstractNioSelector.java:337)
	at org.jboss.netty.channel.socket.nio.NioClientBoss.run(NioClientBoss.java:42)
	at org.jboss.netty.util.ThreadRenamingRunnable.run(ThreadRenamingRunnable.java:108)
	at org.jboss.netty.util.internal.DeadLockProofWorker$1.run(DeadLockProofWorker.java:42)
	... 3 more
[2016-03-30 14:01:58,743][TRACE][org.elasticsearch.discovery.zen.ping.unicast] [node_t0] [1] failed to connect to {#zen_unicast_7#}{::1}{[::1]:9661}
ConnectTransportException[[][[::1]:9661] connect_timeout[30s]]; nested: ConnectException[Connection refused: /0:0:0:0:0:0:0:1:9661];
	at org.elasticsearch.transport.netty.NettyTransport.connectToChannelsLight(NettyTransport.java:948)
	at org.elasticsearch.transport.netty.NettyTransport.connectToNode(NettyTransport.java:912)
	at org.elasticsearch.transport.netty.NettyTransport.connectToNodeLight(NettyTransport.java:884)
	at org.elasticsearch.test.transport.MockTransportService$LookupTestTransport.connectToNodeLight(MockTransportService.java:412)
	at org.elasticsearch.transport.TransportService.connectToNodeLight(TransportService.java:250)
	at org.elasticsearch.discovery.zen.ping.unicast.UnicastZenPing$3.run(UnicastZenPing.java:395)
	at java.util.concurrent.ThreadPoolExecutor.runWorker(ThreadPoolExecutor.java:1142)
	at java.util.concurrent.ThreadPoolExecutor$Worker.run(ThreadPoolExecutor.java:617)
	at java.lang.Thread.run(Thread.java:745)
Caused by: java.net.ConnectException: Connection refused: /0:0:0:0:0:0:0:1:9661
	at sun.nio.ch.SocketChannelImpl.checkConnect(Native Method)
	at sun.nio.ch.SocketChannelImpl.finishConnect(SocketChannelImpl.java:717)
	at org.jboss.netty.channel.socket.nio.NioClientBoss.connect(NioClientBoss.java:152)
	at org.jboss.netty.channel.socket.nio.NioClientBoss.processSelectedKeys(NioClientBoss.java:105)
	at org.jboss.netty.channel.socket.nio.NioClientBoss.process(NioClientBoss.java:79)
	at org.jboss.netty.channel.socket.nio.AbstractNioSelector.run(AbstractNioSelector.java:337)
	at org.jboss.netty.channel.socket.nio.NioClientBoss.run(NioClientBoss.java:42)
	at org.jboss.netty.util.ThreadRenamingRunnable.run(ThreadRenamingRunnable.java:108)
	at org.jboss.netty.util.internal.DeadLockProofWorker$1.run(DeadLockProofWorker.java:42)
	... 3 more
[2016-03-30 14:01:58,842][TRACE][org.elasticsearch.discovery.zen.ping.unicast] [node_t0] [1] sending to {node_t0}{5WFoynj2SUGDMEZmKbHSCQ}{127.0.0.1}{127.0.0.1:9660}[mode=>network]
[2016-03-30 14:01:58,842][TRACE][org.elasticsearch.discovery.zen.ping.unicast] [node_t0] [1] received response from {node_t0}{5WFoynj2SUGDMEZmKbHSCQ}{127.0.0.1}{127.0.0.1:9660}[mode=>network]: [ping_response{node [{node_t0}{5WFoynj2SUGDMEZmKbHSCQ}{127.0.0.1}{127.0.0.1:9660}[mode=>network]], id[764], master [null], hasJoinedOnce [false], cluster_name[TEST-CHILD_VM=[2]-CLUSTER_SEED=[2858301384796425155]-HASH=[462C14F99751D]-cluster]}, ping_response{node [{node_t0}{5WFoynj2SUGDMEZmKbHSCQ}{127.0.0.1}{127.0.0.1:9660}[mode=>network]], id[764], master [null], hasJoinedOnce [false], cluster_name[TEST-CHILD_VM=[2]-CLUSTER_SEED=[2858301384796425155]-HASH=[462C14F99751D]-cluster]}, ping_response{node [{node_t0}{5WFoynj2SUGDMEZmKbHSCQ}{127.0.0.1}{127.0.0.1:9660}[mode=>network]], id[764], master [null], hasJoinedOnce [false], cluster_name[TEST-CHILD_VM=[2]-CLUSTER_SEED=[2858301384796425155]-HASH=[462C14F99751D]-cluster]}, ping_response{node [{node_t0}{5WFoynj2SUGDMEZmKbHSCQ}{127.0.0.1}{127.0.0.1:9660}[mode=>network]], id[768], master [null], hasJoinedOnce [false], cluster_name[TEST-CHILD_VM=[2]-CLUSTER_SEED=[2858301384796425155]-HASH=[462C14F99751D]-cluster]}, ping_response{node [{node_t0}{5WFoynj2SUGDMEZmKbHSCQ}{127.0.0.1}{127.0.0.1:9660}[mode=>network]], id[768], master [null], hasJoinedOnce [false], cluster_name[TEST-CHILD_VM=[2]-CLUSTER_SEED=[2858301384796425155]-HASH=[462C14F99751D]-cluster]}, ping_response{node [{node_t0}{5WFoynj2SUGDMEZmKbHSCQ}{127.0.0.1}{127.0.0.1:9660}[mode=>network]], id[768], master [null], hasJoinedOnce [false], cluster_name[TEST-CHILD_VM=[2]-CLUSTER_SEED=[2858301384796425155]-HASH=[462C14F99751D]-cluster]}, ping_response{node [{node_t0}{5WFoynj2SUGDMEZmKbHSCQ}{127.0.0.1}{127.0.0.1:9660}[mode=>network]], id[772], master [null], hasJoinedOnce [false], cluster_name[TEST-CHILD_VM=[2]-CLUSTER_SEED=[2858301384796425155]-HASH=[462C14F99751D]-cluster]}, ping_response{node [{node_t0}{5WFoynj2SUGDMEZmKbHSCQ}{127.0.0.1}{127.0.0.1:9660}[mode=>network]], id[773], master [null], hasJoinedOnce [false], cluster_name[TEST-CHILD_VM=[2]-CLUSTER_SEED=[2858301384796425155]-HASH=[462C14F99751D]-cluster]}]
[2016-03-30 14:01:58,843][TRACE][org.elasticsearch.discovery.zen.ping.unicast] [node_t0] [1] connecting (light) to {#zen_unicast_2#}{127.0.0.1}{127.0.0.1:9661}
[2016-03-30 14:01:58,843][TRACE][org.elasticsearch.discovery.zen.ping.unicast] [node_t0] [1] connecting (light) to {#zen_unicast_5#}{127.0.0.1}{127.0.0.1:9664}
[2016-03-30 14:01:58,843][TRACE][org.elasticsearch.discovery.zen.ping.unicast] [node_t0] [1] sending to {#zen_unicast_6#}{::1}{[::1]:9660}
[2016-03-30 14:01:58,843][TRACE][org.elasticsearch.discovery.zen.ping.unicast] [node_t0] [1] connecting (light) to {#zen_unicast_4#}{127.0.0.1}{127.0.0.1:9663}
[2016-03-30 14:01:58,843][TRACE][org.elasticsearch.discovery.zen.ping.unicast] [node_t0] [1] connecting (light) to {#zen_unicast_3#}{127.0.0.1}{127.0.0.1:9662}
[2016-03-30 14:01:58,844][TRACE][org.elasticsearch.discovery.zen.ping.unicast] [node_t0] [1] connecting (light) to {#zen_unicast_7#}{::1}{[::1]:9661}
[2016-03-30 14:01:58,844][TRACE][org.elasticsearch.discovery.zen.ping.unicast] [node_t0] [1] connecting (light) to {#zen_unicast_10#}{::1}{[::1]:9664}
[2016-03-30 14:01:58,844][TRACE][org.elasticsearch.discovery.zen.ping.unicast] [node_t0] [1] failed to connect to {#zen_unicast_2#}{127.0.0.1}{127.0.0.1:9661}
ConnectTransportException[[][127.0.0.1:9661] connect_timeout[30s]]; nested: ConnectException[Connection refused: /127.0.0.1:9661];
	at org.elasticsearch.transport.netty.NettyTransport.connectToChannelsLight(NettyTransport.java:948)
	at org.elasticsearch.transport.netty.NettyTransport.connectToNode(NettyTransport.java:912)
	at org.elasticsearch.transport.netty.NettyTransport.connectToNodeLight(NettyTransport.java:884)
	at org.elasticsearch.test.transport.MockTransportService$LookupTestTransport.connectToNodeLight(MockTransportService.java:412)
	at org.elasticsearch.transport.TransportService.connectToNodeLight(TransportService.java:250)
	at org.elasticsearch.discovery.zen.ping.unicast.UnicastZenPing$3.run(UnicastZenPing.java:395)
	at java.util.concurrent.ThreadPoolExecutor.runWorker(ThreadPoolExecutor.java:1142)
	at java.util.concurrent.ThreadPoolExecutor$Worker.run(ThreadPoolExecutor.java:617)
	at java.lang.Thread.run(Thread.java:745)
Caused by: java.net.ConnectException: Connection refused: /127.0.0.1:9661
	at sun.nio.ch.SocketChannelImpl.checkConnect(Native Method)
	at sun.nio.ch.SocketChannelImpl.finishConnect(SocketChannelImpl.java:717)
	at org.jboss.netty.channel.socket.nio.NioClientBoss.connect(NioClientBoss.java:152)
	at org.jboss.netty.channel.socket.nio.NioClientBoss.processSelectedKeys(NioClientBoss.java:105)
	at org.jboss.netty.channel.socket.nio.NioClientBoss.process(NioClientBoss.java:79)
	at org.jboss.netty.channel.socket.nio.AbstractNioSelector.run(AbstractNioSelector.java:337)
	at org.jboss.netty.channel.socket.nio.NioClientBoss.run(NioClientBoss.java:42)
	at org.jboss.netty.util.ThreadRenamingRunnable.run(ThreadRenamingRunnable.java:108)
	at org.jboss.netty.util.internal.DeadLockProofWorker$1.run(DeadLockProofWorker.java:42)
	... 3 more
[2016-03-30 14:01:58,844][TRACE][org.elasticsearch.discovery.zen.ping.unicast] [node_t0] [1] connecting (light) to {#zen_unicast_9#}{::1}{[::1]:9663}
[2016-03-30 14:01:58,844][TRACE][org.elasticsearch.discovery.zen.ping.unicast] [node_t0] [1] failed to connect to {#zen_unicast_10#}{::1}{[::1]:9664}
ConnectTransportException[[][[::1]:9664] connect_timeout[30s]]; nested: ConnectException[Connection refused: /0:0:0:0:0:0:0:1:9664];
	at org.elasticsearch.transport.netty.NettyTransport.connectToChannelsLight(NettyTransport.java:948)
	at org.elasticsearch.transport.netty.NettyTransport.connectToNode(NettyTransport.java:912)
	at org.elasticsearch.transport.netty.NettyTransport.connectToNodeLight(NettyTransport.java:884)
	at org.elasticsearch.test.transport.MockTransportService$LookupTestTransport.connectToNodeLight(MockTransportService.java:412)
	at org.elasticsearch.transport.TransportService.connectToNodeLight(TransportService.java:250)
	at org.elasticsearch.discovery.zen.ping.unicast.UnicastZenPing$3.run(UnicastZenPing.java:395)
	at java.util.concurrent.ThreadPoolExecutor.runWorker(ThreadPoolExecutor.java:1142)
	at java.util.concurrent.ThreadPoolExecutor$Worker.run(ThreadPoolExecutor.java:617)
	at java.lang.Thread.run(Thread.java:745)
Caused by: java.net.ConnectException: Connection refused: /0:0:0:0:0:0:0:1:9664
	at sun.nio.ch.SocketChannelImpl.checkConnect(Native Method)
	at sun.nio.ch.SocketChannelImpl.finishConnect(SocketChannelImpl.java:717)
	at org.jboss.netty.channel.socket.nio.NioClientBoss.connect(NioClientBoss.java:152)
	at org.jboss.netty.channel.socket.nio.NioClientBoss.processSelectedKeys(NioClientBoss.java:105)
	at org.jboss.netty.channel.socket.nio.NioClientBoss.process(NioClientBoss.java:79)
	at org.jboss.netty.channel.socket.nio.AbstractNioSelector.run(AbstractNioSelector.java:337)
	at org.jboss.netty.channel.socket.nio.NioClientBoss.run(NioClientBoss.java:42)
	at org.jboss.netty.util.ThreadRenamingRunnable.run(ThreadRenamingRunnable.java:108)
	at org.jboss.netty.util.internal.DeadLockProofWorker$1.run(DeadLockProofWorker.java:42)
	... 3 more
[2016-03-30 14:01:58,844][TRACE][org.elasticsearch.discovery.zen.ping.unicast] [node_t0] [1] connecting (light) to {#zen_unicast_8#}{::1}{[::1]:9662}
[2016-03-30 14:01:58,844][TRACE][org.elasticsearch.discovery.zen.ping.unicast] [node_t0] [1] sending to {node_t0}{5WFoynj2SUGDMEZmKbHSCQ}{127.0.0.1}{127.0.0.1:9660}[mode=>network]
[2016-03-30 14:01:58,845][TRACE][org.elasticsearch.discovery.zen.ping.unicast] [node_t0] [1] received response from {node_t0}{5WFoynj2SUGDMEZmKbHSCQ}{127.0.0.1}{127.0.0.1:9660}[mode=>network]: [ping_response{node [{node_t0}{5WFoynj2SUGDMEZmKbHSCQ}{127.0.0.1}{127.0.0.1:9660}[mode=>network]], id[764], master [null], hasJoinedOnce [false], cluster_name[TEST-CHILD_VM=[2]-CLUSTER_SEED=[2858301384796425155]-HASH=[462C14F99751D]-cluster]}, ping_response{node [{node_t0}{5WFoynj2SUGDMEZmKbHSCQ}{127.0.0.1}{127.0.0.1:9660}[mode=>network]], id[764], master [null], hasJoinedOnce [false], cluster_name[TEST-CHILD_VM=[2]-CLUSTER_SEED=[2858301384796425155]-HASH=[462C14F99751D]-cluster]}, ping_response{node [{node_t0}{5WFoynj2SUGDMEZmKbHSCQ}{127.0.0.1}{127.0.0.1:9660}[mode=>network]], id[764], master [null], hasJoinedOnce [false], cluster_name[TEST-CHILD_VM=[2]-CLUSTER_SEED=[2858301384796425155]-HASH=[462C14F99751D]-cluster]}, ping_response{node [{node_t0}{5WFoynj2SUGDMEZmKbHSCQ}{127.0.0.1}{127.0.0.1:9660}[mode=>network]], id[768], master [null], hasJoinedOnce [false], cluster_name[TEST-CHILD_VM=[2]-CLUSTER_SEED=[2858301384796425155]-HASH=[462C14F99751D]-cluster]}, ping_response{node [{node_t0}{5WFoynj2SUGDMEZmKbHSCQ}{127.0.0.1}{127.0.0.1:9660}[mode=>network]], id[768], master [null], hasJoinedOnce [false], cluster_name[TEST-CHILD_VM=[2]-CLUSTER_SEED=[2858301384796425155]-HASH=[462C14F99751D]-cluster]}, ping_response{node [{node_t0}{5WFoynj2SUGDMEZmKbHSCQ}{127.0.0.1}{127.0.0.1:9660}[mode=>network]], id[768], master [null], hasJoinedOnce [false], cluster_name[TEST-CHILD_VM=[2]-CLUSTER_SEED=[2858301384796425155]-HASH=[462C14F99751D]-cluster]}, ping_response{node [{node_t0}{5WFoynj2SUGDMEZmKbHSCQ}{127.0.0.1}{127.0.0.1:9660}[mode=>network]], id[772], master [null], hasJoinedOnce [false], cluster_name[TEST-CHILD_VM=[2]-CLUSTER_SEED=[2858301384796425155]-HASH=[462C14F99751D]-cluster]}, ping_response{node [{node_t0}{5WFoynj2SUGDMEZmKbHSCQ}{127.0.0.1}{127.0.0.1:9660}[mode=>network]], id[772], master [null], hasJoinedOnce [false], cluster_name[TEST-CHILD_VM=[2]-CLUSTER_SEED=[2858301384796425155]-HASH=[462C14F99751D]-cluster]}, ping_response{node [{node_t0}{5WFoynj2SUGDMEZmKbHSCQ}{127.0.0.1}{127.0.0.1:9660}[mode=>network]], id[772], master [null], hasJoinedOnce [false], cluster_name[TEST-CHILD_VM=[2]-CLUSTER_SEED=[2858301384796425155]-HASH=[462C14F99751D]-cluster]}, ping_response{node [{node_t0}{5WFoynj2SUGDMEZmKbHSCQ}{127.0.0.1}{127.0.0.1:9660}[mode=>network]], id[775], master [null], hasJoinedOnce [false], cluster_name[TEST-CHILD_VM=[2]-CLUSTER_SEED=[2858301384796425155]-HASH=[462C14F99751D]-cluster]}]
[2016-03-30 14:01:58,845][TRACE][org.elasticsearch.discovery.zen.ping.unicast] [node_t0] [1] failed to connect to {#zen_unicast_9#}{::1}{[::1]:9663}
ConnectTransportException[[][[::1]:9663] connect_timeout[30s]]; nested: ConnectException[Connection refused: /0:0:0:0:0:0:0:1:9663];
	at org.elasticsearch.transport.netty.NettyTransport.connectToChannelsLight(NettyTransport.java:948)
	at org.elasticsearch.transport.netty.NettyTransport.connectToNode(NettyTransport.java:912)
	at org.elasticsearch.transport.netty.NettyTransport.connectToNodeLight(NettyTransport.java:884)
	at org.elasticsearch.test.transport.MockTransportService$LookupTestTransport.connectToNodeLight(MockTransportService.java:412)
	at org.elasticsearch.transport.TransportService.connectToNodeLight(TransportService.java:250)
	at org.elasticsearch.discovery.zen.ping.unicast.UnicastZenPing$3.run(UnicastZenPing.java:395)
	at java.util.concurrent.ThreadPoolExecutor.runWorker(ThreadPoolExecutor.java:1142)
	at java.util.concurrent.ThreadPoolExecutor$Worker.run(ThreadPoolExecutor.java:617)
	at java.lang.Thread.run(Thread.java:745)
Caused by: java.net.ConnectException: Connection refused: /0:0:0:0:0:0:0:1:9663
	at sun.nio.ch.SocketChannelImpl.checkConnect(Native Method)
	at sun.nio.ch.SocketChannelImpl.finishConnect(SocketChannelImpl.java:717)
	at org.jboss.netty.channel.socket.nio.NioClientBoss.connect(NioClientBoss.java:152)
	at org.jboss.netty.channel.socket.nio.NioClientBoss.processSelectedKeys(NioClientBoss.java:105)
	at org.jboss.netty.channel.socket.nio.NioClientBoss.process(NioClientBoss.java:79)
	at org.jboss.netty.channel.socket.nio.AbstractNioSelector.run(AbstractNioSelector.java:337)
	at org.jboss.netty.channel.socket.nio.NioClientBoss.run(NioClientBoss.java:42)
	at org.jboss.netty.util.ThreadRenamingRunnable.run(ThreadRenamingRunnable.java:108)
	at org.jboss.netty.util.internal.DeadLockProofWorker$1.run(DeadLockProofWorker.java:42)
	... 3 more
[2016-03-30 14:01:58,845][TRACE][org.elasticsearch.discovery.zen.ping.unicast] [node_t0] [1] failed to connect to {#zen_unicast_3#}{127.0.0.1}{127.0.0.1:9662}
ConnectTransportException[[][127.0.0.1:9662] connect_timeout[30s]]; nested: ConnectException[Connection refused: /127.0.0.1:9662];
	at org.elasticsearch.transport.netty.NettyTransport.connectToChannelsLight(NettyTransport.java:948)
	at org.elasticsearch.transport.netty.NettyTransport.connectToNode(NettyTransport.java:912)
	at org.elasticsearch.transport.netty.NettyTransport.connectToNodeLight(NettyTransport.java:884)
	at org.elasticsearch.test.transport.MockTransportService$LookupTestTransport.connectToNodeLight(MockTransportService.java:412)
	at org.elasticsearch.transport.TransportService.connectToNodeLight(TransportService.java:250)
	at org.elasticsearch.discovery.zen.ping.unicast.UnicastZenPing$3.run(UnicastZenPing.java:395)
	at java.util.concurrent.ThreadPoolExecutor.runWorker(ThreadPoolExecutor.java:1142)
	at java.util.concurrent.ThreadPoolExecutor$Worker.run(ThreadPoolExecutor.java:617)
	at java.lang.Thread.run(Thread.java:745)
Caused by: java.net.ConnectException: Connection refused: /127.0.0.1:9662
	at sun.nio.ch.SocketChannelImpl.checkConnect(Native Method)
	at sun.nio.ch.SocketChannelImpl.finishConnect(SocketChannelImpl.java:717)
	at org.jboss.netty.channel.socket.nio.NioClientBoss.connect(NioClientBoss.java:152)
	at org.jboss.netty.channel.socket.nio.NioClientBoss.processSelectedKeys(NioClientBoss.java:105)
	at org.jboss.netty.channel.socket.nio.NioClientBoss.process(NioClientBoss.java:79)
	at org.jboss.netty.channel.socket.nio.AbstractNioSelector.run(AbstractNioSelector.java:337)
	at org.jboss.netty.channel.socket.nio.NioClientBoss.run(NioClientBoss.java:42)
	at org.jboss.netty.util.ThreadRenamingRunnable.run(ThreadRenamingRunnable.java:108)
	at org.jboss.netty.util.internal.DeadLockProofWorker$1.run(DeadLockProofWorker.java:42)
	... 3 more
[2016-03-30 14:01:58,845][TRACE][org.elasticsearch.discovery.zen.ping.unicast] [node_t0] [1] failed to connect to {#zen_unicast_4#}{127.0.0.1}{127.0.0.1:9663}
ConnectTransportException[[][127.0.0.1:9663] connect_timeout[30s]]; nested: ConnectException[Connection refused: /127.0.0.1:9663];
	at org.elasticsearch.transport.netty.NettyTransport.connectToChannelsLight(NettyTransport.java:948)
	at org.elasticsearch.transport.netty.NettyTransport.connectToNode(NettyTransport.java:912)
	at org.elasticsearch.transport.netty.NettyTransport.connectToNodeLight(NettyTransport.java:884)
	at org.elasticsearch.test.transport.MockTransportService$LookupTestTransport.connectToNodeLight(MockTransportService.java:412)
	at org.elasticsearch.transport.TransportService.connectToNodeLight(TransportService.java:250)
	at org.elasticsearch.discovery.zen.ping.unicast.UnicastZenPing$3.run(UnicastZenPing.java:395)
	at java.util.concurrent.ThreadPoolExecutor.runWorker(ThreadPoolExecutor.java:1142)
	at java.util.concurrent.ThreadPoolExecutor$Worker.run(ThreadPoolExecutor.java:617)
	at java.lang.Thread.run(Thread.java:745)
Caused by: java.net.ConnectException: Connection refused: /127.0.0.1:9663
	at sun.nio.ch.SocketChannelImpl.checkConnect(Native Method)
	at sun.nio.ch.SocketChannelImpl.finishConnect(SocketChannelImpl.java:717)
	at org.jboss.netty.channel.socket.nio.NioClientBoss.connect(NioClientBoss.java:152)
	at org.jboss.netty.channel.socket.nio.NioClientBoss.processSelectedKeys(NioClientBoss.java:105)
	at org.jboss.netty.channel.socket.nio.NioClientBoss.process(NioClientBoss.java:79)
	at org.jboss.netty.channel.socket.nio.AbstractNioSelector.run(AbstractNioSelector.java:337)
	at org.jboss.netty.channel.socket.nio.NioClientBoss.run(NioClientBoss.java:42)
	at org.jboss.netty.util.ThreadRenamingRunnable.run(ThreadRenamingRunnable.java:108)
	at org.jboss.netty.util.internal.DeadLockProofWorker$1.run(DeadLockProofWorker.java:42)
	... 3 more
[2016-03-30 14:01:58,844][TRACE][org.elasticsearch.discovery.zen.ping.unicast] [node_t0] [1] failed to connect to {#zen_unicast_7#}{::1}{[::1]:9661}
ConnectTransportException[[][[::1]:9661] connect_timeout[30s]]; nested: ConnectException[Connection refused: /0:0:0:0:0:0:0:1:9661];
	at org.elasticsearch.transport.netty.NettyTransport.connectToChannelsLight(NettyTransport.java:948)
	at org.elasticsearch.transport.netty.NettyTransport.connectToNode(NettyTransport.java:912)
	at org.elasticsearch.transport.netty.NettyTransport.connectToNodeLight(NettyTransport.java:884)
	at org.elasticsearch.test.transport.MockTransportService$LookupTestTransport.connectToNodeLight(MockTransportService.java:412)
	at org.elasticsearch.transport.TransportService.connectToNodeLight(TransportService.java:250)
	at org.elasticsearch.discovery.zen.ping.unicast.UnicastZenPing$3.run(UnicastZenPing.java:395)
	at java.util.concurrent.ThreadPoolExecutor.runWorker(ThreadPoolExecutor.java:1142)
	at java.util.concurrent.ThreadPoolExecutor$Worker.run(ThreadPoolExecutor.java:617)
	at java.lang.Thread.run(Thread.java:745)
Caused by: java.net.ConnectException: Connection refused: /0:0:0:0:0:0:0:1:9661
	at sun.nio.ch.SocketChannelImpl.checkConnect(Native Method)
	at sun.nio.ch.SocketChannelImpl.finishConnect(SocketChannelImpl.java:717)
	at org.jboss.netty.channel.socket.nio.NioClientBoss.connect(NioClientBoss.java:152)
	at org.jboss.netty.channel.socket.nio.NioClientBoss.processSelectedKeys(NioClientBoss.java:105)
	at org.jboss.netty.channel.socket.nio.NioClientBoss.process(NioClientBoss.java:79)
	at org.jboss.netty.channel.socket.nio.AbstractNioSelector.run(AbstractNioSelector.java:337)
	at org.jboss.netty.channel.socket.nio.NioClientBoss.run(NioClientBoss.java:42)
	at org.jboss.netty.util.ThreadRenamingRunnable.run(ThreadRenamingRunnable.java:108)
	at org.jboss.netty.util.internal.DeadLockProofWorker$1.run(DeadLockProofWorker.java:42)
	... 3 more
[2016-03-30 14:01:58,844][TRACE][org.elasticsearch.discovery.zen.ping.unicast] [node_t0] [1] received response from {#zen_unicast_6#}{::1}{[::1]:9660}: [ping_response{node [{node_t0}{5WFoynj2SUGDMEZmKbHSCQ}{127.0.0.1}{127.0.0.1:9660}[mode=>network]], id[764], master [null], hasJoinedOnce [false], cluster_name[TEST-CHILD_VM=[2]-CLUSTER_SEED=[2858301384796425155]-HASH=[462C14F99751D]-cluster]}, ping_response{node [{node_t0}{5WFoynj2SUGDMEZmKbHSCQ}{127.0.0.1}{127.0.0.1:9660}[mode=>network]], id[764], master [null], hasJoinedOnce [false], cluster_name[TEST-CHILD_VM=[2]-CLUSTER_SEED=[2858301384796425155]-HASH=[462C14F99751D]-cluster]}, ping_response{node [{node_t0}{5WFoynj2SUGDMEZmKbHSCQ}{127.0.0.1}{127.0.0.1:9660}[mode=>network]], id[764], master [null], hasJoinedOnce [false], cluster_name[TEST-CHILD_VM=[2]-CLUSTER_SEED=[2858301384796425155]-HASH=[462C14F99751D]-cluster]}, ping_response{node [{node_t0}{5WFoynj2SUGDMEZmKbHSCQ}{127.0.0.1}{127.0.0.1:9660}[mode=>network]], id[768], master [null], hasJoinedOnce [false], cluster_name[TEST-CHILD_VM=[2]-CLUSTER_SEED=[2858301384796425155]-HASH=[462C14F99751D]-cluster]}, ping_response{node [{node_t0}{5WFoynj2SUGDMEZmKbHSCQ}{127.0.0.1}{127.0.0.1:9660}[mode=>network]], id[768], master [null], hasJoinedOnce [false], cluster_name[TEST-CHILD_VM=[2]-CLUSTER_SEED=[2858301384796425155]-HASH=[462C14F99751D]-cluster]}, ping_response{node [{node_t0}{5WFoynj2SUGDMEZmKbHSCQ}{127.0.0.1}{127.0.0.1:9660}[mode=>network]], id[768], master [null], hasJoinedOnce [false], cluster_name[TEST-CHILD_VM=[2]-CLUSTER_SEED=[2858301384796425155]-HASH=[462C14F99751D]-cluster]}, ping_response{node [{node_t0}{5WFoynj2SUGDMEZmKbHSCQ}{127.0.0.1}{127.0.0.1:9660}[mode=>network]], id[772], master [null], hasJoinedOnce [false], cluster_name[TEST-CHILD_VM=[2]-CLUSTER_SEED=[2858301384796425155]-HASH=[462C14F99751D]-cluster]}, ping_response{node [{node_t0}{5WFoynj2SUGDMEZmKbHSCQ}{127.0.0.1}{127.0.0.1:9660}[mode=>network]], id[772], master [null], hasJoinedOnce [false], cluster_name[TEST-CHILD_VM=[2]-CLUSTER_SEED=[2858301384796425155]-HASH=[462C14F99751D]-cluster]}, ping_response{node [{node_t0}{5WFoynj2SUGDMEZmKbHSCQ}{127.0.0.1}{127.0.0.1:9660}[mode=>network]], id[774], master [null], hasJoinedOnce [false], cluster_name[TEST-CHILD_VM=[2]-CLUSTER_SEED=[2858301384796425155]-HASH=[462C14F99751D]-cluster]}]
[2016-03-30 14:01:58,844][TRACE][org.elasticsearch.discovery.zen.ping.unicast] [node_t0] [1] failed to connect to {#zen_unicast_5#}{127.0.0.1}{127.0.0.1:9664}
ConnectTransportException[[][127.0.0.1:9664] connect_timeout[30s]]; nested: ConnectException[Connection refused: /127.0.0.1:9664];
	at org.elasticsearch.transport.netty.NettyTransport.connectToChannelsLight(NettyTransport.java:948)
	at org.elasticsearch.transport.netty.NettyTransport.connectToNode(NettyTransport.java:912)
	at org.elasticsearch.transport.netty.NettyTransport.connectToNodeLight(NettyTransport.java:884)
	at org.elasticsearch.test.transport.MockTransportService$LookupTestTransport.connectToNodeLight(MockTransportService.java:412)
	at org.elasticsearch.transport.TransportService.connectToNodeLight(TransportService.java:250)
	at org.elasticsearch.discovery.zen.ping.unicast.UnicastZenPing$3.run(UnicastZenPing.java:395)
	at java.util.concurrent.ThreadPoolExecutor.runWorker(ThreadPoolExecutor.java:1142)
	at java.util.concurrent.ThreadPoolExecutor$Worker.run(ThreadPoolExecutor.java:617)
	at java.lang.Thread.run(Thread.java:745)
Caused by: java.net.ConnectException: Connection refused: /127.0.0.1:9664
	at sun.nio.ch.SocketChannelImpl.checkConnect(Native Method)
	at sun.nio.ch.SocketChannelImpl.finishConnect(SocketChannelImpl.java:717)
	at org.jboss.netty.channel.socket.nio.NioClientBoss.connect(NioClientBoss.java:152)
	at org.jboss.netty.channel.socket.nio.NioClientBoss.processSelectedKeys(NioClientBoss.java:105)
	at org.jboss.netty.channel.socket.nio.NioClientBoss.process(NioClientBoss.java:79)
	at org.jboss.netty.channel.socket.nio.AbstractNioSelector.run(AbstractNioSelector.java:337)
	at org.jboss.netty.channel.socket.nio.NioClientBoss.run(NioClientBoss.java:42)
	at org.jboss.netty.util.ThreadRenamingRunnable.run(ThreadRenamingRunnable.java:108)
	at org.jboss.netty.util.internal.DeadLockProofWorker$1.run(DeadLockProofWorker.java:42)
	... 3 more
[2016-03-30 14:01:58,846][TRACE][org.elasticsearch.discovery.zen.ping.unicast] [node_t0] [1] failed to connect to {#zen_unicast_8#}{::1}{[::1]:9662}
ConnectTransportException[[][[::1]:9662] connect_timeout[30s]]; nested: ConnectException[Connection refused: /0:0:0:0:0:0:0:1:9662];
	at org.elasticsearch.transport.netty.NettyTransport.connectToChannelsLight(NettyTransport.java:948)
	at org.elasticsearch.transport.netty.NettyTransport.connectToNode(NettyTransport.java:912)
	at org.elasticsearch.transport.netty.NettyTransport.connectToNodeLight(NettyTransport.java:884)
	at org.elasticsearch.test.transport.MockTransportService$LookupTestTransport.connectToNodeLight(MockTransportService.java:412)
	at org.elasticsearch.transport.TransportService.connectToNodeLight(TransportService.java:250)
	at org.elasticsearch.discovery.zen.ping.unicast.UnicastZenPing$3.run(UnicastZenPing.java:395)
	at java.util.concurrent.ThreadPoolExecutor.runWorker(ThreadPoolExecutor.java:1142)
	at java.util.concurrent.ThreadPoolExecutor$Worker.run(ThreadPoolExecutor.java:617)
	at java.lang.Thread.run(Thread.java:745)
Caused by: java.net.ConnectException: Connection refused: /0:0:0:0:0:0:0:1:9662
	at sun.nio.ch.SocketChannelImpl.checkConnect(Native Method)
	at sun.nio.ch.SocketChannelImpl.finishConnect(SocketChannelImpl.java:717)
	at org.jboss.netty.channel.socket.nio.NioClientBoss.connect(NioClientBoss.java:152)
	at org.jboss.netty.channel.socket.nio.NioClientBoss.processSelectedKeys(NioClientBoss.java:105)
	at org.jboss.netty.channel.socket.nio.NioClientBoss.process(NioClientBoss.java:79)
	at org.jboss.netty.channel.socket.nio.AbstractNioSelector.run(AbstractNioSelector.java:337)
	at org.jboss.netty.channel.socket.nio.NioClientBoss.run(NioClientBoss.java:42)
	at org.jboss.netty.util.ThreadRenamingRunnable.run(ThreadRenamingRunnable.java:108)
	at org.jboss.netty.util.internal.DeadLockProofWorker$1.run(DeadLockProofWorker.java:42)
	... 3 more
[2016-03-30 14:01:58,850][TRACE][org.elasticsearch.discovery.zen.ping.unicast] [node_t0] [1] disconnecting from {#zen_unicast_2#}{127.0.0.1}{127.0.0.1:9661}
[2016-03-30 14:01:58,850][TRACE][org.elasticsearch.discovery.zen] [node_t0] full ping responses: {none}
[2016-03-30 14:01:58,851][TRACE][org.elasticsearch.discovery.zen.ping.unicast] [node_t0] [1] disconnecting from {#zen_unicast_6#}{::1}{[::1]:9660}
[2016-03-30 14:01:58,851][DEBUG][org.elasticsearch.discovery.zen] [node_t0] filtered ping responses: (filter_client[true], filter_data[false]) {none}
[2016-03-30 14:01:58,851][TRACE][org.elasticsearch.discovery.zen] [node_t0] not enough master nodes [[{node_t0}{5WFoynj2SUGDMEZmKbHSCQ}{127.0.0.1}{127.0.0.1:9660}[mode=>network]]]
[2016-03-30 14:01:58,851][TRACE][org.elasticsearch.discovery.zen] [node_t0] starting to ping
[2016-03-30 14:01:58,851][TRACE][org.elasticsearch.discovery.zen.ping.unicast] [node_t0] [2] sending to {node_t0}{5WFoynj2SUGDMEZmKbHSCQ}{127.0.0.1}{127.0.0.1:9660}[mode=>network]
[2016-03-30 14:01:58,851][TRACE][org.elasticsearch.discovery.zen.ping.unicast] [node_t0] [1] disconnecting from {#zen_unicast_5#}{127.0.0.1}{127.0.0.1:9664}
[2016-03-30 14:01:58,851][TRACE][org.elasticsearch.discovery.zen.ping.unicast] [node_t0] [2] received response from {node_t0}{5WFoynj2SUGDMEZmKbHSCQ}{127.0.0.1}{127.0.0.1:9660}[mode=>network]: [ping_response{node [{node_t0}{5WFoynj2SUGDMEZmKbHSCQ}{127.0.0.1}{127.0.0.1:9660}[mode=>network]], id[764], master [null], hasJoinedOnce [false], cluster_name[TEST-CHILD_VM=[2]-CLUSTER_SEED=[2858301384796425155]-HASH=[462C14F99751D]-cluster]}, ping_response{node [{node_t0}{5WFoynj2SUGDMEZmKbHSCQ}{127.0.0.1}{127.0.0.1:9660}[mode=>network]], id[764], master [null], hasJoinedOnce [false], cluster_name[TEST-CHILD_VM=[2]-CLUSTER_SEED=[2858301384796425155]-HASH=[462C14F99751D]-cluster]}, ping_response{node [{node_t0}{5WFoynj2SUGDMEZmKbHSCQ}{127.0.0.1}{127.0.0.1:9660}[mode=>network]], id[764], master [null], hasJoinedOnce [false], cluster_name[TEST-CHILD_VM=[2]-CLUSTER_SEED=[2858301384796425155]-HASH=[462C14F99751D]-cluster]}, ping_response{node [{node_t0}{5WFoynj2SUGDMEZmKbHSCQ}{127.0.0.1}{127.0.0.1:9660}[mode=>network]], id[768], master [null], hasJoinedOnce [false], cluster_name[TEST-CHILD_VM=[2]-CLUSTER_SEED=[2858301384796425155]-HASH=[462C14F99751D]-cluster]}, ping_response{node [{node_t0}{5WFoynj2SUGDMEZmKbHSCQ}{127.0.0.1}{127.0.0.1:9660}[mode=>network]], id[768], master [null], hasJoinedOnce [false], cluster_name[TEST-CHILD_VM=[2]-CLUSTER_SEED=[2858301384796425155]-HASH=[462C14F99751D]-cluster]}, ping_response{node [{node_t0}{5WFoynj2SUGDMEZmKbHSCQ}{127.0.0.1}{127.0.0.1:9660}[mode=>network]], id[768], master [null], hasJoinedOnce [false], cluster_name[TEST-CHILD_VM=[2]-CLUSTER_SEED=[2858301384796425155]-HASH=[462C14F99751D]-cluster]}, ping_response{node [{node_t0}{5WFoynj2SUGDMEZmKbHSCQ}{127.0.0.1}{127.0.0.1:9660}[mode=>network]], id[772], master [null], hasJoinedOnce [false], cluster_name[TEST-CHILD_VM=[2]-CLUSTER_SEED=[2858301384796425155]-HASH=[462C14F99751D]-cluster]}, ping_response{node [{node_t0}{5WFoynj2SUGDMEZmKbHSCQ}{127.0.0.1}{127.0.0.1:9660}[mode=>network]], id[772], master [null], hasJoinedOnce [false], cluster_name[TEST-CHILD_VM=[2]-CLUSTER_SEED=[2858301384796425155]-HASH=[462C14F99751D]-cluster]}, ping_response{node [{node_t0}{5WFoynj2SUGDMEZmKbHSCQ}{127.0.0.1}{127.0.0.1:9660}[mode=>network]], id[772], master [null], hasJoinedOnce [false], cluster_name[TEST-CHILD_VM=[2]-CLUSTER_SEED=[2858301384796425155]-HASH=[462C14F99751D]-cluster]}, ping_response{node [{node_t0}{5WFoynj2SUGDMEZmKbHSCQ}{127.0.0.1}{127.0.0.1:9660}[mode=>network]], id[776], master [null], hasJoinedOnce [false], cluster_name[TEST-CHILD_VM=[2]-CLUSTER_SEED=[2858301384796425155]-HASH=[462C14F99751D]-cluster]}, ping_response{node [{node_t0}{5WFoynj2SUGDMEZmKbHSCQ}{127.0.0.1}{127.0.0.1:9660}[mode=>network]], id[777], master [null], hasJoinedOnce [false], cluster_name[TEST-CHILD_VM=[2]-CLUSTER_SEED=[2858301384796425155]-HASH=[462C14F99751D]-cluster]}]
[2016-03-30 14:01:58,851][TRACE][org.elasticsearch.discovery.zen.ping.unicast] [node_t0] [1] disconnecting from {#zen_unicast_4#}{127.0.0.1}{127.0.0.1:9663}
[2016-03-30 14:01:58,852][TRACE][org.elasticsearch.discovery.zen.ping.unicast] [node_t0] [2] connecting (light) to {#zen_unicast_3#}{127.0.0.1}{127.0.0.1:9662}
[2016-03-30 14:01:58,852][TRACE][org.elasticsearch.discovery.zen.ping.unicast] [node_t0] [2] connecting (light) to {#zen_unicast_10#}{::1}{[::1]:9664}
[2016-03-30 14:01:58,852][TRACE][org.elasticsearch.discovery.zen.ping.unicast] [node_t0] [2] connecting (light) to {#zen_unicast_7#}{::1}{[::1]:9661}
[2016-03-30 14:01:58,852][TRACE][org.elasticsearch.discovery.zen.ping.unicast] [node_t0] [2] connecting (light) to {#zen_unicast_6#}{::1}{[::1]:9660}
[2016-03-30 14:01:58,852][TRACE][org.elasticsearch.discovery.zen.ping.unicast] [node_t0] [2] connecting (light) to {#zen_unicast_9#}{::1}{[::1]:9663}
[2016-03-30 14:01:58,852][TRACE][org.elasticsearch.discovery.zen.ping.unicast] [node_t0] [2] connecting (light) to {#zen_unicast_8#}{::1}{[::1]:9662}
[2016-03-30 14:01:58,852][TRACE][org.elasticsearch.discovery.zen.ping.unicast] [node_t0] [2] sending to {node_t0}{5WFoynj2SUGDMEZmKbHSCQ}{127.0.0.1}{127.0.0.1:9660}[mode=>network]
[2016-03-30 14:01:58,852][TRACE][org.elasticsearch.discovery.zen.ping.unicast] [node_t0] [1] disconnecting from {#zen_unicast_3#}{127.0.0.1}{127.0.0.1:9662}
[2016-03-30 14:01:58,853][TRACE][org.elasticsearch.discovery.zen.ping.unicast] [node_t0] [2] received response from {node_t0}{5WFoynj2SUGDMEZmKbHSCQ}{127.0.0.1}{127.0.0.1:9660}[mode=>network]: [ping_response{node [{node_t0}{5WFoynj2SUGDMEZmKbHSCQ}{127.0.0.1}{127.0.0.1:9660}[mode=>network]], id[764], master [null], hasJoinedOnce [false], cluster_name[TEST-CHILD_VM=[2]-CLUSTER_SEED=[2858301384796425155]-HASH=[462C14F99751D]-cluster]}, ping_response{node [{node_t0}{5WFoynj2SUGDMEZmKbHSCQ}{127.0.0.1}{127.0.0.1:9660}[mode=>network]], id[764], master [null], hasJoinedOnce [false], cluster_name[TEST-CHILD_VM=[2]-CLUSTER_SEED=[2858301384796425155]-HASH=[462C14F99751D]-cluster]}, ping_response{node [{node_t0}{5WFoynj2SUGDMEZmKbHSCQ}{127.0.0.1}{127.0.0.1:9660}[mode=>network]], id[764], master [null], hasJoinedOnce [false], cluster_name[TEST-CHILD_VM=[2]-CLUSTER_SEED=[2858301384796425155]-HASH=[462C14F99751D]-cluster]}, ping_response{node [{node_t0}{5WFoynj2SUGDMEZmKbHSCQ}{127.0.0.1}{127.0.0.1:9660}[mode=>network]], id[768], master [null], hasJoinedOnce [false], cluster_name[TEST-CHILD_VM=[2]-CLUSTER_SEED=[2858301384796425155]-HASH=[462C14F99751D]-cluster]}, ping_response{node [{node_t0}{5WFoynj2SUGDMEZmKbHSCQ}{127.0.0.1}{127.0.0.1:9660}[mode=>network]], id[768], master [null], hasJoinedOnce [false], cluster_name[TEST-CHILD_VM=[2]-CLUSTER_SEED=[2858301384796425155]-HASH=[462C14F99751D]-cluster]}, ping_response{node [{node_t0}{5WFoynj2SUGDMEZmKbHSCQ}{127.0.0.1}{127.0.0.1:9660}[mode=>network]], id[768], master [null], hasJoinedOnce [false], cluster_name[TEST-CHILD_VM=[2]-CLUSTER_SEED=[2858301384796425155]-HASH=[462C14F99751D]-cluster]}, ping_response{node [{node_t0}{5WFoynj2SUGDMEZmKbHSCQ}{127.0.0.1}{127.0.0.1:9660}[mode=>network]], id[772], master [null], hasJoinedOnce [false], cluster_name[TEST-CHILD_VM=[2]-CLUSTER_SEED=[2858301384796425155]-HASH=[462C14F99751D]-cluster]}, ping_response{node [{node_t0}{5WFoynj2SUGDMEZmKbHSCQ}{127.0.0.1}{127.0.0.1:9660}[mode=>network]], id[772], master [null], hasJoinedOnce [false], cluster_name[TEST-CHILD_VM=[2]-CLUSTER_SEED=[2858301384796425155]-HASH=[462C14F99751D]-cluster]}, ping_response{node [{node_t0}{5WFoynj2SUGDMEZmKbHSCQ}{127.0.0.1}{127.0.0.1:9660}[mode=>network]], id[772], master [null], hasJoinedOnce [false], cluster_name[TEST-CHILD_VM=[2]-CLUSTER_SEED=[2858301384796425155]-HASH=[462C14F99751D]-cluster]}, ping_response{node [{node_t0}{5WFoynj2SUGDMEZmKbHSCQ}{127.0.0.1}{127.0.0.1:9660}[mode=>network]], id[776], master [null], hasJoinedOnce [false], cluster_name[TEST-CHILD_VM=[2]-CLUSTER_SEED=[2858301384796425155]-HASH=[462C14F99751D]-cluster]}, ping_response{node [{node_t0}{5WFoynj2SUGDMEZmKbHSCQ}{127.0.0.1}{127.0.0.1:9660}[mode=>network]], id[776], master [null], hasJoinedOnce [false], cluster_name[TEST-CHILD_VM=[2]-CLUSTER_SEED=[2858301384796425155]-HASH=[462C14F99751D]-cluster]}, ping_response{node [{node_t0}{5WFoynj2SUGDMEZmKbHSCQ}{127.0.0.1}{127.0.0.1:9660}[mode=>network]], id[778], master [null], hasJoinedOnce [false], cluster_name[TEST-CHILD_VM=[2]-CLUSTER_SEED=[2858301384796425155]-HASH=[462C14F99751D]-cluster]}]
[2016-03-30 14:01:58,852][TRACE][org.elasticsearch.discovery.zen.ping.unicast] [node_t0] [2] connecting (light) to {#zen_unicast_4#}{127.0.0.1}{127.0.0.1:9663}
[2016-03-30 14:01:58,853][TRACE][org.elasticsearch.discovery.zen.ping.unicast] [node_t0] [2] failed to connect to {#zen_unicast_3#}{127.0.0.1}{127.0.0.1:9662}
ConnectTransportException[[][127.0.0.1:9662] connect_timeout[30s]]; nested: ConnectException[Connection refused: /127.0.0.1:9662];
	at org.elasticsearch.transport.netty.NettyTransport.connectToChannelsLight(NettyTransport.java:948)
	at org.elasticsearch.transport.netty.NettyTransport.connectToNode(NettyTransport.java:912)
	at org.elasticsearch.transport.netty.NettyTransport.connectToNodeLight(NettyTransport.java:884)
	at org.elasticsearch.test.transport.MockTransportService$LookupTestTransport.connectToNodeLight(MockTransportService.java:412)
	at org.elasticsearch.transport.TransportService.connectToNodeLight(TransportService.java:250)
	at org.elasticsearch.discovery.zen.ping.unicast.UnicastZenPing$3.run(UnicastZenPing.java:395)
	at java.util.concurrent.ThreadPoolExecutor.runWorker(ThreadPoolExecutor.java:1142)
	at java.util.concurrent.ThreadPoolExecutor$Worker.run(ThreadPoolExecutor.java:617)
	at java.lang.Thread.run(Thread.java:745)
Caused by: java.net.ConnectException: Connection refused: /127.0.0.1:9662
	at sun.nio.ch.SocketChannelImpl.checkConnect(Native Method)
	at sun.nio.ch.SocketChannelImpl.finishConnect(SocketChannelImpl.java:717)
	at org.jboss.netty.channel.socket.nio.NioClientBoss.connect(NioClientBoss.java:152)
	at org.jboss.netty.channel.socket.nio.NioClientBoss.processSelectedKeys(NioClientBoss.java:105)
	at org.jboss.netty.channel.socket.nio.NioClientBoss.process(NioClientBoss.java:79)
	at org.jboss.netty.channel.socket.nio.AbstractNioSelector.run(AbstractNioSelector.java:337)
	at org.jboss.netty.channel.socket.nio.NioClientBoss.run(NioClientBoss.java:42)
	at org.jboss.netty.util.ThreadRenamingRunnable.run(ThreadRenamingRunnable.java:108)
	at org.jboss.netty.util.internal.DeadLockProofWorker$1.run(DeadLockProofWorker.java:42)
	... 3 more
[2016-03-30 14:01:58,854][TRACE][org.elasticsearch.discovery.zen.ping.unicast] [node_t0] [2] failed to connect to {#zen_unicast_9#}{::1}{[::1]:9663}
ConnectTransportException[[][[::1]:9663] connect_timeout[30s]]; nested: ConnectException[Connection refused: /0:0:0:0:0:0:0:1:9663];
	at org.elasticsearch.transport.netty.NettyTransport.connectToChannelsLight(NettyTransport.java:948)
	at org.elasticsearch.transport.netty.NettyTransport.connectToNode(NettyTransport.java:912)
	at org.elasticsearch.transport.netty.NettyTransport.connectToNodeLight(NettyTransport.java:884)
	at org.elasticsearch.test.transport.MockTransportService$LookupTestTransport.connectToNodeLight(MockTransportService.java:412)
	at org.elasticsearch.transport.TransportService.connectToNodeLight(TransportService.java:250)
	at org.elasticsearch.discovery.zen.ping.unicast.UnicastZenPing$3.run(UnicastZenPing.java:395)
	at java.util.concurrent.ThreadPoolExecutor.runWorker(ThreadPoolExecutor.java:1142)
	at java.util.concurrent.ThreadPoolExecutor$Worker.run(ThreadPoolExecutor.java:617)
	at java.lang.Thread.run(Thread.java:745)
Caused by: java.net.ConnectException: Connection refused: /0:0:0:0:0:0:0:1:9663
	at sun.nio.ch.SocketChannelImpl.checkConnect(Native Method)
	at sun.nio.ch.SocketChannelImpl.finishConnect(SocketChannelImpl.java:717)
	at org.jboss.netty.channel.socket.nio.NioClientBoss.connect(NioClientBoss.java:152)
	at org.jboss.netty.channel.socket.nio.NioClientBoss.processSelectedKeys(NioClientBoss.java:105)
	at org.jboss.netty.channel.socket.nio.NioClientBoss.process(NioClientBoss.java:79)
	at org.jboss.netty.channel.socket.nio.AbstractNioSelector.run(AbstractNioSelector.java:337)
	at org.jboss.netty.channel.socket.nio.NioClientBoss.run(NioClientBoss.java:42)
	at org.jboss.netty.util.ThreadRenamingRunnable.run(ThreadRenamingRunnable.java:108)
	at org.jboss.netty.util.internal.DeadLockProofWorker$1.run(DeadLockProofWorker.java:42)
	... 3 more
[2016-03-30 14:01:58,852][TRACE][org.elasticsearch.discovery.zen.ping.unicast] [node_t0] [2] connecting (light) to {#zen_unicast_5#}{127.0.0.1}{127.0.0.1:9664}
[2016-03-30 14:01:58,852][TRACE][org.elasticsearch.discovery.zen.ping.unicast] [node_t0] [2] connecting (light) to {#zen_unicast_2#}{127.0.0.1}{127.0.0.1:9661}
[2016-03-30 14:01:58,854][TRACE][org.elasticsearch.discovery.zen.ping.unicast] [node_t0] [2] failed to connect to {#zen_unicast_4#}{127.0.0.1}{127.0.0.1:9663}
ConnectTransportException[[][127.0.0.1:9663] connect_timeout[30s]]; nested: ConnectException[Connection refused: /127.0.0.1:9663];
	at org.elasticsearch.transport.netty.NettyTransport.connectToChannelsLight(NettyTransport.java:948)
	at org.elasticsearch.transport.netty.NettyTransport.connectToNode(NettyTransport.java:912)
	at org.elasticsearch.transport.netty.NettyTransport.connectToNodeLight(NettyTransport.java:884)
	at org.elasticsearch.test.transport.MockTransportService$LookupTestTransport.connectToNodeLight(MockTransportService.java:412)
	at org.elasticsearch.transport.TransportService.connectToNodeLight(TransportService.java:250)
	at org.elasticsearch.discovery.zen.ping.unicast.UnicastZenPing$3.run(UnicastZenPing.java:395)
	at java.util.concurrent.ThreadPoolExecutor.runWorker(ThreadPoolExecutor.java:1142)
	at java.util.concurrent.ThreadPoolExecutor$Worker.run(ThreadPoolExecutor.java:617)
	at java.lang.Thread.run(Thread.java:745)
Caused by: java.net.ConnectException: Connection refused: /127.0.0.1:9663
	at sun.nio.ch.SocketChannelImpl.checkConnect(Native Method)
	at sun.nio.ch.SocketChannelImpl.finishConnect(SocketChannelImpl.java:717)
	at org.jboss.netty.channel.socket.nio.NioClientBoss.connect(NioClientBoss.java:152)
	at org.jboss.netty.channel.socket.nio.NioClientBoss.processSelectedKeys(NioClientBoss.java:105)
	at org.jboss.netty.channel.socket.nio.NioClientBoss.process(NioClientBoss.java:79)
	at org.jboss.netty.channel.socket.nio.AbstractNioSelector.run(AbstractNioSelector.java:337)
	at org.jboss.netty.channel.socket.nio.NioClientBoss.run(NioClientBoss.java:42)
	at org.jboss.netty.util.ThreadRenamingRunnable.run(ThreadRenamingRunnable.java:108)
	at org.jboss.netty.util.internal.DeadLockProofWorker$1.run(DeadLockProofWorker.java:42)
	... 3 more
[2016-03-30 14:01:58,854][TRACE][org.elasticsearch.discovery.zen.ping.unicast] [node_t0] [2] connected to {#zen_unicast_6#}{::1}{[::1]:9660}
[2016-03-30 14:01:58,854][TRACE][org.elasticsearch.discovery.zen.ping.unicast] [node_t0] [2] failed to connect to {#zen_unicast_8#}{::1}{[::1]:9662}
ConnectTransportException[[][[::1]:9662] connect_timeout[30s]]; nested: ConnectException[Connection refused: /0:0:0:0:0:0:0:1:9662];
	at org.elasticsearch.transport.netty.NettyTransport.connectToChannelsLight(NettyTransport.java:948)
	at org.elasticsearch.transport.netty.NettyTransport.connectToNode(NettyTransport.java:912)
	at org.elasticsearch.transport.netty.NettyTransport.connectToNodeLight(NettyTransport.java:884)
	at org.elasticsearch.test.transport.MockTransportService$LookupTestTransport.connectToNodeLight(MockTransportService.java:412)
	at org.elasticsearch.transport.TransportService.connectToNodeLight(TransportService.java:250)
	at org.elasticsearch.discovery.zen.ping.unicast.UnicastZenPing$3.run(UnicastZenPing.java:395)
	at java.util.concurrent.ThreadPoolExecutor.runWorker(ThreadPoolExecutor.java:1142)
	at java.util.concurrent.ThreadPoolExecutor$Worker.run(ThreadPoolExecutor.java:617)
	at java.lang.Thread.run(Thread.java:745)
Caused by: java.net.ConnectException: Connection refused: /0:0:0:0:0:0:0:1:9662
	at sun.nio.ch.SocketChannelImpl.checkConnect(Native Method)
	at sun.nio.ch.SocketChannelImpl.finishConnect(SocketChannelImpl.java:717)
	at org.jboss.netty.channel.socket.nio.NioClientBoss.connect(NioClientBoss.java:152)
	at org.jboss.netty.channel.socket.nio.NioClientBoss.processSelectedKeys(NioClientBoss.java:105)
	at org.jboss.netty.channel.socket.nio.NioClientBoss.process(NioClientBoss.java:79)
	at org.jboss.netty.channel.socket.nio.AbstractNioSelector.run(AbstractNioSelector.java:337)
	at org.jboss.netty.channel.socket.nio.NioClientBoss.run(NioClientBoss.java:42)
	at org.jboss.netty.util.ThreadRenamingRunnable.run(ThreadRenamingRunnable.java:108)
	at org.jboss.netty.util.internal.DeadLockProofWorker$1.run(DeadLockProofWorker.java:42)
	... 3 more
[2016-03-30 14:01:58,853][TRACE][org.elasticsearch.discovery.zen.ping.unicast] [node_t0] [1] disconnecting from {#zen_unicast_10#}{::1}{[::1]:9664}
[2016-03-30 14:01:58,853][TRACE][org.elasticsearch.discovery.zen.ping.unicast] [node_t0] [2] failed to connect to {#zen_unicast_7#}{::1}{[::1]:9661}
ConnectTransportException[[][[::1]:9661] connect_timeout[30s]]; nested: ConnectException[Connection refused: /0:0:0:0:0:0:0:1:9661];
	at org.elasticsearch.transport.netty.NettyTransport.connectToChannelsLight(NettyTransport.java:948)
	at org.elasticsearch.transport.netty.NettyTransport.connectToNode(NettyTransport.java:912)
	at org.elasticsearch.transport.netty.NettyTransport.connectToNodeLight(NettyTransport.java:884)
	at org.elasticsearch.test.transport.MockTransportService$LookupTestTransport.connectToNodeLight(MockTransportService.java:412)
	at org.elasticsearch.transport.TransportService.connectToNodeLight(TransportService.java:250)
	at org.elasticsearch.discovery.zen.ping.unicast.UnicastZenPing$3.run(UnicastZenPing.java:395)
	at java.util.concurrent.ThreadPoolExecutor.runWorker(ThreadPoolExecutor.java:1142)
	at java.util.concurrent.ThreadPoolExecutor$Worker.run(ThreadPoolExecutor.java:617)
	at java.lang.Thread.run(Thread.java:745)
Caused by: java.net.ConnectException: Connection refused: /0:0:0:0:0:0:0:1:9661
	at sun.nio.ch.SocketChannelImpl.checkConnect(Native Method)
	at sun.nio.ch.SocketChannelImpl.finishConnect(SocketChannelImpl.java:717)
	at org.jboss.netty.channel.socket.nio.NioClientBoss.connect(NioClientBoss.java:152)
	at org.jboss.netty.channel.socket.nio.NioClientBoss.processSelectedKeys(NioClientBoss.java:105)
	at org.jboss.netty.channel.socket.nio.NioClientBoss.process(NioClientBoss.java:79)
	at org.jboss.netty.channel.socket.nio.AbstractNioSelector.run(AbstractNioSelector.java:337)
	at org.jboss.netty.channel.socket.nio.NioClientBoss.run(NioClientBoss.java:42)
	at org.jboss.netty.util.ThreadRenamingRunnable.run(ThreadRenamingRunnable.java:108)
	at org.jboss.netty.util.internal.DeadLockProofWorker$1.run(DeadLockProofWorker.java:42)
	... 3 more
[2016-03-30 14:01:58,853][TRACE][org.elasticsearch.discovery.zen.ping.unicast] [node_t0] [2] failed to connect to {#zen_unicast_10#}{::1}{[::1]:9664}
ConnectTransportException[[][[::1]:9664] connect_timeout[30s]]; nested: ConnectException[Connection refused: /0:0:0:0:0:0:0:1:9664];
	at org.elasticsearch.transport.netty.NettyTransport.connectToChannelsLight(NettyTransport.java:948)
	at org.elasticsearch.transport.netty.NettyTransport.connectToNode(NettyTransport.java:912)
	at org.elasticsearch.transport.netty.NettyTransport.connectToNodeLight(NettyTransport.java:884)
	at org.elasticsearch.test.transport.MockTransportService$LookupTestTransport.connectToNodeLight(MockTransportService.java:412)
	at org.elasticsearch.transport.TransportService.connectToNodeLight(TransportService.java:250)
	at org.elasticsearch.discovery.zen.ping.unicast.UnicastZenPing$3.run(UnicastZenPing.java:395)
	at java.util.concurrent.ThreadPoolExecutor.runWorker(ThreadPoolExecutor.java:1142)
	at java.util.concurrent.ThreadPoolExecutor$Worker.run(ThreadPoolExecutor.java:617)
	at java.lang.Thread.run(Thread.java:745)
Caused by: java.net.ConnectException: Connection refused: /0:0:0:0:0:0:0:1:9664
	at sun.nio.ch.SocketChannelImpl.checkConnect(Native Method)
	at sun.nio.ch.SocketChannelImpl.finishConnect(SocketChannelImpl.java:717)
	at org.jboss.netty.channel.socket.nio.NioClientBoss.connect(NioClientBoss.java:152)
	at org.jboss.netty.channel.socket.nio.NioClientBoss.processSelectedKeys(NioClientBoss.java:105)
	at org.jboss.netty.channel.socket.nio.NioClientBoss.process(NioClientBoss.java:79)
	at org.jboss.netty.channel.socket.nio.AbstractNioSelector.run(AbstractNioSelector.java:337)
	at org.jboss.netty.channel.socket.nio.NioClientBoss.run(NioClientBoss.java:42)
	at org.jboss.netty.util.ThreadRenamingRunnable.run(ThreadRenamingRunnable.java:108)
	at org.jboss.netty.util.internal.DeadLockProofWorker$1.run(DeadLockProofWorker.java:42)
	... 3 more
[2016-03-30 14:01:58,856][TRACE][org.elasticsearch.discovery.zen.ping.unicast] [node_t0] [1] disconnecting from {#zen_unicast_9#}{::1}{[::1]:9663}
[2016-03-30 14:01:58,856][TRACE][org.elasticsearch.discovery.zen.ping.unicast] [node_t0] [2] sending to {#zen_unicast_6#}{::1}{[::1]:9660}
[2016-03-30 14:01:58,857][TRACE][org.elasticsearch.discovery.zen.ping.unicast] [node_t0] [1] disconnecting from {#zen_unicast_8#}{::1}{[::1]:9662}
[2016-03-30 14:01:58,855][TRACE][org.elasticsearch.discovery.zen.ping.unicast] [node_t0] [2] failed to connect to {#zen_unicast_2#}{127.0.0.1}{127.0.0.1:9661}
ConnectTransportException[[][127.0.0.1:9661] connect_timeout[30s]]; nested: ConnectException[Connection refused: /127.0.0.1:9661];
	at org.elasticsearch.transport.netty.NettyTransport.connectToChannelsLight(NettyTransport.java:948)
	at org.elasticsearch.transport.netty.NettyTransport.connectToNode(NettyTransport.java:912)
	at org.elasticsearch.transport.netty.NettyTransport.connectToNodeLight(NettyTransport.java:884)
	at org.elasticsearch.test.transport.MockTransportService$LookupTestTransport.connectToNodeLight(MockTransportService.java:412)
	at org.elasticsearch.transport.TransportService.connectToNodeLight(TransportService.java:250)
	at org.elasticsearch.discovery.zen.ping.unicast.UnicastZenPing$3.run(UnicastZenPing.java:395)
	at java.util.concurrent.ThreadPoolExecutor.runWorker(ThreadPoolExecutor.java:1142)
	at java.util.concurrent.ThreadPoolExecutor$Worker.run(ThreadPoolExecutor.java:617)
	at java.lang.Thread.run(Thread.java:745)
Caused by: java.net.ConnectException: Connection refused: /127.0.0.1:9661
	at sun.nio.ch.SocketChannelImpl.checkConnect(Native Method)
	at sun.nio.ch.SocketChannelImpl.finishConnect(SocketChannelImpl.java:717)
	at org.jboss.netty.channel.socket.nio.NioClientBoss.connect(NioClientBoss.java:152)
	at org.jboss.netty.channel.socket.nio.NioClientBoss.processSelectedKeys(NioClientBoss.java:105)
	at org.jboss.netty.channel.socket.nio.NioClientBoss.process(NioClientBoss.java:79)
	at org.jboss.netty.channel.socket.nio.AbstractNioSelector.run(AbstractNioSelector.java:337)
	at org.jboss.netty.channel.socket.nio.NioClientBoss.run(NioClientBoss.java:42)
	at org.jboss.netty.util.ThreadRenamingRunnable.run(ThreadRenamingRunnable.java:108)
	at org.jboss.netty.util.internal.DeadLockProofWorker$1.run(DeadLockProofWorker.java:42)
	... 3 more
[2016-03-30 14:01:58,855][TRACE][org.elasticsearch.discovery.zen.ping.unicast] [node_t0] [2] failed to connect to {#zen_unicast_5#}{127.0.0.1}{127.0.0.1:9664}
ConnectTransportException[[][127.0.0.1:9664] connect_timeout[30s]]; nested: ConnectException[Connection refused: /127.0.0.1:9664];
	at org.elasticsearch.transport.netty.NettyTransport.connectToChannelsLight(NettyTransport.java:948)
	at org.elasticsearch.transport.netty.NettyTransport.connectToNode(NettyTransport.java:912)
	at org.elasticsearch.transport.netty.NettyTransport.connectToNodeLight(NettyTransport.java:884)
	at org.elasticsearch.test.transport.MockTransportService$LookupTestTransport.connectToNodeLight(MockTransportService.java:412)
	at org.elasticsearch.transport.TransportService.connectToNodeLight(TransportService.java:250)
	at org.elasticsearch.discovery.zen.ping.unicast.UnicastZenPing$3.run(UnicastZenPing.java:395)
	at java.util.concurrent.ThreadPoolExecutor.runWorker(ThreadPoolExecutor.java:1142)
	at java.util.concurrent.ThreadPoolExecutor$Worker.run(ThreadPoolExecutor.java:617)
	at java.lang.Thread.run(Thread.java:745)
Caused by: java.net.ConnectException: Connection refused: /127.0.0.1:9664
	at sun.nio.ch.SocketChannelImpl.checkConnect(Native Method)
	at sun.nio.ch.SocketChannelImpl.finishConnect(SocketChannelImpl.java:717)
	at org.jboss.netty.channel.socket.nio.NioClientBoss.connect(NioClientBoss.java:152)
	at org.jboss.netty.channel.socket.nio.NioClientBoss.processSelectedKeys(NioClientBoss.java:105)
	at org.jboss.netty.channel.socket.nio.NioClientBoss.process(NioClientBoss.java:79)
	at org.jboss.netty.channel.socket.nio.AbstractNioSelector.run(AbstractNioSelector.java:337)
	at org.jboss.netty.channel.socket.nio.NioClientBoss.run(NioClientBoss.java:42)
	at org.jboss.netty.util.ThreadRenamingRunnable.run(ThreadRenamingRunnable.java:108)
	at org.jboss.netty.util.internal.DeadLockProofWorker$1.run(DeadLockProofWorker.java:42)
	... 3 more
[2016-03-30 14:01:58,857][TRACE][org.elasticsearch.discovery.zen.ping.unicast] [node_t0] [1] disconnecting from {#zen_unicast_7#}{::1}{[::1]:9661}
[2016-03-30 14:01:58,859][TRACE][org.elasticsearch.discovery.zen.ping.unicast] [node_t0] [2] received response from {#zen_unicast_6#}{::1}{[::1]:9660}: [ping_response{node [{node_t0}{5WFoynj2SUGDMEZmKbHSCQ}{127.0.0.1}{127.0.0.1:9660}[mode=>network]], id[764], master [null], hasJoinedOnce [false], cluster_name[TEST-CHILD_VM=[2]-CLUSTER_SEED=[2858301384796425155]-HASH=[462C14F99751D]-cluster]}, ping_response{node [{node_t0}{5WFoynj2SUGDMEZmKbHSCQ}{127.0.0.1}{127.0.0.1:9660}[mode=>network]], id[764], master [null], hasJoinedOnce [false], cluster_name[TEST-CHILD_VM=[2]-CLUSTER_SEED=[2858301384796425155]-HASH=[462C14F99751D]-cluster]}, ping_response{node [{node_t0}{5WFoynj2SUGDMEZmKbHSCQ}{127.0.0.1}{127.0.0.1:9660}[mode=>network]], id[764], master [null], hasJoinedOnce [false], cluster_name[TEST-CHILD_VM=[2]-CLUSTER_SEED=[2858301384796425155]-HASH=[462C14F99751D]-cluster]}, ping_response{node [{node_t0}{5WFoynj2SUGDMEZmKbHSCQ}{127.0.0.1}{127.0.0.1:9660}[mode=>network]], id[768], master [null], hasJoinedOnce [false], cluster_name[TEST-CHILD_VM=[2]-CLUSTER_SEED=[2858301384796425155]-HASH=[462C14F99751D]-cluster]}, ping_response{node [{node_t0}{5WFoynj2SUGDMEZmKbHSCQ}{127.0.0.1}{127.0.0.1:9660}[mode=>network]], id[768], master [null], hasJoinedOnce [false], cluster_name[TEST-CHILD_VM=[2]-CLUSTER_SEED=[2858301384796425155]-HASH=[462C14F99751D]-cluster]}, ping_response{node [{node_t0}{5WFoynj2SUGDMEZmKbHSCQ}{127.0.0.1}{127.0.0.1:9660}[mode=>network]], id[768], master [null], hasJoinedOnce [false], cluster_name[TEST-CHILD_VM=[2]-CLUSTER_SEED=[2858301384796425155]-HASH=[462C14F99751D]-cluster]}, ping_response{node [{node_t0}{5WFoynj2SUGDMEZmKbHSCQ}{127.0.0.1}{127.0.0.1:9660}[mode=>network]], id[772], master [null], hasJoinedOnce [false], cluster_name[TEST-CHILD_VM=[2]-CLUSTER_SEED=[2858301384796425155]-HASH=[462C14F99751D]-cluster]}, ping_response{node [{node_t0}{5WFoynj2SUGDMEZmKbHSCQ}{127.0.0.1}{127.0.0.1:9660}[mode=>network]], id[772], master [null], hasJoinedOnce [false], cluster_name[TEST-CHILD_VM=[2]-CLUSTER_SEED=[2858301384796425155]-HASH=[462C14F99751D]-cluster]}, ping_response{node [{node_t0}{5WFoynj2SUGDMEZmKbHSCQ}{127.0.0.1}{127.0.0.1:9660}[mode=>network]], id[772], master [null], hasJoinedOnce [false], cluster_name[TEST-CHILD_VM=[2]-CLUSTER_SEED=[2858301384796425155]-HASH=[462C14F99751D]-cluster]}, ping_response{node [{node_t0}{5WFoynj2SUGDMEZmKbHSCQ}{127.0.0.1}{127.0.0.1:9660}[mode=>network]], id[776], master [null], hasJoinedOnce [false], cluster_name[TEST-CHILD_VM=[2]-CLUSTER_SEED=[2858301384796425155]-HASH=[462C14F99751D]-cluster]}, ping_response{node [{node_t0}{5WFoynj2SUGDMEZmKbHSCQ}{127.0.0.1}{127.0.0.1:9660}[mode=>network]], id[776], master [null], hasJoinedOnce [false], cluster_name[TEST-CHILD_VM=[2]-CLUSTER_SEED=[2858301384796425155]-HASH=[462C14F99751D]-cluster]}, ping_response{node [{node_t0}{5WFoynj2SUGDMEZmKbHSCQ}{127.0.0.1}{127.0.0.1:9660}[mode=>network]], id[776], master [null], hasJoinedOnce [false], cluster_name[TEST-CHILD_VM=[2]-CLUSTER_SEED=[2858301384796425155]-HASH=[462C14F99751D]-cluster]}, ping_response{node [{node_t0}{5WFoynj2SUGDMEZmKbHSCQ}{127.0.0.1}{127.0.0.1:9660}[mode=>network]], id[779], master [null], hasJoinedOnce [false], cluster_name[TEST-CHILD_VM=[2]-CLUSTER_SEED=[2858301384796425155]-HASH=[462C14F99751D]-cluster]}]
[2016-03-30 14:01:58,956][TRACE][org.elasticsearch.discovery.zen.ping.unicast] [node_t0] [2] sending to {node_t0}{5WFoynj2SUGDMEZmKbHSCQ}{127.0.0.1}{127.0.0.1:9660}[mode=>network]
[2016-03-30 14:01:58,956][TRACE][org.elasticsearch.discovery.zen.ping.unicast] [node_t0] [2] received response from {node_t0}{5WFoynj2SUGDMEZmKbHSCQ}{127.0.0.1}{127.0.0.1:9660}[mode=>network]: [ping_response{node [{node_t0}{5WFoynj2SUGDMEZmKbHSCQ}{127.0.0.1}{127.0.0.1:9660}[mode=>network]], id[764], master [null], hasJoinedOnce [false], cluster_name[TEST-CHILD_VM=[2]-CLUSTER_SEED=[2858301384796425155]-HASH=[462C14F99751D]-cluster]}, ping_response{node [{node_t0}{5WFoynj2SUGDMEZmKbHSCQ}{127.0.0.1}{127.0.0.1:9660}[mode=>network]], id[764], master [null], hasJoinedOnce [false], cluster_name[TEST-CHILD_VM=[2]-CLUSTER_SEED=[2858301384796425155]-HASH=[462C14F99751D]-cluster]}, ping_response{node [{node_t0}{5WFoynj2SUGDMEZmKbHSCQ}{127.0.0.1}{127.0.0.1:9660}[mode=>network]], id[764], master [null], hasJoinedOnce [false], cluster_name[TEST-CHILD_VM=[2]-CLUSTER_SEED=[2858301384796425155]-HASH=[462C14F99751D]-cluster]}, ping_response{node [{node_t0}{5WFoynj2SUGDMEZmKbHSCQ}{127.0.0.1}{127.0.0.1:9660}[mode=>network]], id[768], master [null], hasJoinedOnce [false], cluster_name[TEST-CHILD_VM=[2]-CLUSTER_SEED=[2858301384796425155]-HASH=[462C14F99751D]-cluster]}, ping_response{node [{node_t0}{5WFoynj2SUGDMEZmKbHSCQ}{127.0.0.1}{127.0.0.1:9660}[mode=>network]], id[768], master [null], hasJoinedOnce [false], cluster_name[TEST-CHILD_VM=[2]-CLUSTER_SEED=[2858301384796425155]-HASH=[462C14F99751D]-cluster]}, ping_response{node [{node_t0}{5WFoynj2SUGDMEZmKbHSCQ}{127.0.0.1}{127.0.0.1:9660}[mode=>network]], id[768], master [null], hasJoinedOnce [false], cluster_name[TEST-CHILD_VM=[2]-CLUSTER_SEED=[2858301384796425155]-HASH=[462C14F99751D]-cluster]}, ping_response{node [{node_t0}{5WFoynj2SUGDMEZmKbHSCQ}{127.0.0.1}{127.0.0.1:9660}[mode=>network]], id[772], master [null], hasJoinedOnce [false], cluster_name[TEST-CHILD_VM=[2]-CLUSTER_SEED=[2858301384796425155]-HASH=[462C14F99751D]-cluster]}, ping_response{node [{node_t0}{5WFoynj2SUGDMEZmKbHSCQ}{127.0.0.1}{127.0.0.1:9660}[mode=>network]], id[772], master [null], hasJoinedOnce [false], cluster_name[TEST-CHILD_VM=[2]-CLUSTER_SEED=[2858301384796425155]-HASH=[462C14F99751D]-cluster]}, ping_response{node [{node_t0}{5WFoynj2SUGDMEZmKbHSCQ}{127.0.0.1}{127.0.0.1:9660}[mode=>network]], id[772], master [null], hasJoinedOnce [false], cluster_name[TEST-CHILD_VM=[2]-CLUSTER_SEED=[2858301384796425155]-HASH=[462C14F99751D]-cluster]}, ping_response{node [{node_t0}{5WFoynj2SUGDMEZmKbHSCQ}{127.0.0.1}{127.0.0.1:9660}[mode=>network]], id[776], master [null], hasJoinedOnce [false], cluster_name[TEST-CHILD_VM=[2]-CLUSTER_SEED=[2858301384796425155]-HASH=[462C14F99751D]-cluster]}, ping_response{node [{node_t0}{5WFoynj2SUGDMEZmKbHSCQ}{127.0.0.1}{127.0.0.1:9660}[mode=>network]], id[776], master [null], hasJoinedOnce [false], cluster_name[TEST-CHILD_VM=[2]-CLUSTER_SEED=[2858301384796425155]-HASH=[462C14F99751D]-cluster]}, ping_response{node [{node_t0}{5WFoynj2SUGDMEZmKbHSCQ}{127.0.0.1}{127.0.0.1:9660}[mode=>network]], id[776], master [null], hasJoinedOnce [false], cluster_name[TEST-CHILD_VM=[2]-CLUSTER_SEED=[2858301384796425155]-HASH=[462C14F99751D]-cluster]}, ping_response{node [{node_t0}{5WFoynj2SUGDMEZmKbHSCQ}{127.0.0.1}{127.0.0.1:9660}[mode=>network]], id[780], master [null], hasJoinedOnce [false], cluster_name[TEST-CHILD_VM=[2]-CLUSTER_SEED=[2858301384796425155]-HASH=[462C14F99751D]-cluster]}, ping_response{node [{node_t0}{5WFoynj2SUGDMEZmKbHSCQ}{127.0.0.1}{127.0.0.1:9660}[mode=>network]], id[781], master [null], hasJoinedOnce [false], cluster_name[TEST-CHILD_VM=[2]-CLUSTER_SEED=[2858301384796425155]-HASH=[462C14F99751D]-cluster]}]
[2016-03-30 14:01:58,957][TRACE][org.elasticsearch.discovery.zen.ping.unicast] [node_t0] [2] connecting (light) to {#zen_unicast_2#}{127.0.0.1}{127.0.0.1:9661}
[2016-03-30 14:01:58,958][TRACE][org.elasticsearch.discovery.zen.ping.unicast] [node_t0] [2] sending to {#zen_unicast_6#}{::1}{[::1]:9660}
[2016-03-30 14:01:58,958][TRACE][org.elasticsearch.discovery.zen.ping.unicast] [node_t0] [2] connecting (light) to {#zen_unicast_4#}{127.0.0.1}{127.0.0.1:9663}
[2016-03-30 14:01:58,958][TRACE][org.elasticsearch.discovery.zen.ping.unicast] [node_t0] [2] connecting (light) to {#zen_unicast_5#}{127.0.0.1}{127.0.0.1:9664}
[2016-03-30 14:01:58,958][TRACE][org.elasticsearch.discovery.zen.ping.unicast] [node_t0] [2] sending to {node_t0}{5WFoynj2SUGDMEZmKbHSCQ}{127.0.0.1}{127.0.0.1:9660}[mode=>network]
[2016-03-30 14:01:58,958][TRACE][org.elasticsearch.discovery.zen.ping.unicast] [node_t0] [2] connecting (light) to {#zen_unicast_7#}{::1}{[::1]:9661}
[2016-03-30 14:01:58,958][TRACE][org.elasticsearch.discovery.zen.ping.unicast] [node_t0] [2] connecting (light) to {#zen_unicast_8#}{::1}{[::1]:9662}
[2016-03-30 14:01:58,958][TRACE][org.elasticsearch.discovery.zen.ping.unicast] [node_t0] [2] received response from {node_t0}{5WFoynj2SUGDMEZmKbHSCQ}{127.0.0.1}{127.0.0.1:9660}[mode=>network]: [ping_response{node [{node_t0}{5WFoynj2SUGDMEZmKbHSCQ}{127.0.0.1}{127.0.0.1:9660}[mode=>network]], id[764], master [null], hasJoinedOnce [false], cluster_name[TEST-CHILD_VM=[2]-CLUSTER_SEED=[2858301384796425155]-HASH=[462C14F99751D]-cluster]}, ping_response{node [{node_t0}{5WFoynj2SUGDMEZmKbHSCQ}{127.0.0.1}{127.0.0.1:9660}[mode=>network]], id[764], master [null], hasJoinedOnce [false], cluster_name[TEST-CHILD_VM=[2]-CLUSTER_SEED=[2858301384796425155]-HASH=[462C14F99751D]-cluster]}, ping_response{node [{node_t0}{5WFoynj2SUGDMEZmKbHSCQ}{127.0.0.1}{127.0.0.1:9660}[mode=>network]], id[764], master [null], hasJoinedOnce [false], cluster_name[TEST-CHILD_VM=[2]-CLUSTER_SEED=[2858301384796425155]-HASH=[462C14F99751D]-cluster]}, ping_response{node [{node_t0}{5WFoynj2SUGDMEZmKbHSCQ}{127.0.0.1}{127.0.0.1:9660}[mode=>network]], id[768], master [null], hasJoinedOnce [false], cluster_name[TEST-CHILD_VM=[2]-CLUSTER_SEED=[2858301384796425155]-HASH=[462C14F99751D]-cluster]}, ping_response{node [{node_t0}{5WFoynj2SUGDMEZmKbHSCQ}{127.0.0.1}{127.0.0.1:9660}[mode=>network]], id[768], master [null], hasJoinedOnce [false], cluster_name[TEST-CHILD_VM=[2]-CLUSTER_SEED=[2858301384796425155]-HASH=[462C14F99751D]-cluster]}, ping_response{node [{node_t0}{5WFoynj2SUGDMEZmKbHSCQ}{127.0.0.1}{127.0.0.1:9660}[mode=>network]], id[768], master [null], hasJoinedOnce [false], cluster_name[TEST-CHILD_VM=[2]-CLUSTER_SEED=[2858301384796425155]-HASH=[462C14F99751D]-cluster]}, ping_response{node [{node_t0}{5WFoynj2SUGDMEZmKbHSCQ}{127.0.0.1}{127.0.0.1:9660}[mode=>network]], id[772], master [null], hasJoinedOnce [false], cluster_name[TEST-CHILD_VM=[2]-CLUSTER_SEED=[2858301384796425155]-HASH=[462C14F99751D]-cluster]}, ping_response{node [{node_t0}{5WFoynj2SUGDMEZmKbHSCQ}{127.0.0.1}{127.0.0.1:9660}[mode=>network]], id[772], master [null], hasJoinedOnce [false], cluster_name[TEST-CHILD_VM=[2]-CLUSTER_SEED=[2858301384796425155]-HASH=[462C14F99751D]-cluster]}, ping_response{node [{node_t0}{5WFoynj2SUGDMEZmKbHSCQ}{127.0.0.1}{127.0.0.1:9660}[mode=>network]], id[772], master [null], hasJoinedOnce [false], cluster_name[TEST-CHILD_VM=[2]-CLUSTER_SEED=[2858301384796425155]-HASH=[462C14F99751D]-cluster]}, ping_response{node [{node_t0}{5WFoynj2SUGDMEZmKbHSCQ}{127.0.0.1}{127.0.0.1:9660}[mode=>network]], id[776], master [null], hasJoinedOnce [false], cluster_name[TEST-CHILD_VM=[2]-CLUSTER_SEED=[2858301384796425155]-HASH=[462C14F99751D]-cluster]}, ping_response{node [{node_t0}{5WFoynj2SUGDMEZmKbHSCQ}{127.0.0.1}{127.0.0.1:9660}[mode=>network]], id[776], master [null], hasJoinedOnce [false], cluster_name[TEST-CHILD_VM=[2]-CLUSTER_SEED=[2858301384796425155]-HASH=[462C14F99751D]-cluster]}, ping_response{node [{node_t0}{5WFoynj2SUGDMEZmKbHSCQ}{127.0.0.1}{127.0.0.1:9660}[mode=>network]], id[776], master [null], hasJoinedOnce [false], cluster_name[TEST-CHILD_VM=[2]-CLUSTER_SEED=[2858301384796425155]-HASH=[462C14F99751D]-cluster]}, ping_response{node [{node_t0}{5WFoynj2SUGDMEZmKbHSCQ}{127.0.0.1}{127.0.0.1:9660}[mode=>network]], id[780], master [null], hasJoinedOnce [false], cluster_name[TEST-CHILD_VM=[2]-CLUSTER_SEED=[2858301384796425155]-HASH=[462C14F99751D]-cluster]}, ping_response{node [{node_t0}{5WFoynj2SUGDMEZmKbHSCQ}{127.0.0.1}{127.0.0.1:9660}[mode=>network]], id[780], master [null], hasJoinedOnce [false], cluster_name[TEST-CHILD_VM=[2]-CLUSTER_SEED=[2858301384796425155]-HASH=[462C14F99751D]-cluster]}, ping_response{node [{node_t0}{5WFoynj2SUGDMEZmKbHSCQ}{127.0.0.1}{127.0.0.1:9660}[mode=>network]], id[782], master [null], hasJoinedOnce [false], cluster_name[TEST-CHILD_VM=[2]-CLUSTER_SEED=[2858301384796425155]-HASH=[462C14F99751D]-cluster]}]
[2016-03-30 14:01:58,957][TRACE][org.elasticsearch.discovery.zen.ping.unicast] [node_t0] [2] connecting (light) to {#zen_unicast_3#}{127.0.0.1}{127.0.0.1:9662}
[2016-03-30 14:01:58,959][TRACE][org.elasticsearch.discovery.zen.ping.unicast] [node_t0] [2] failed to connect to {#zen_unicast_5#}{127.0.0.1}{127.0.0.1:9664}
ConnectTransportException[[][127.0.0.1:9664] connect_timeout[30s]]; nested: ConnectException[Connection refused: /127.0.0.1:9664];
	at org.elasticsearch.transport.netty.NettyTransport.connectToChannelsLight(NettyTransport.java:948)
	at org.elasticsearch.transport.netty.NettyTransport.connectToNode(NettyTransport.java:912)
	at org.elasticsearch.transport.netty.NettyTransport.connectToNodeLight(NettyTransport.java:884)
	at org.elasticsearch.test.transport.MockTransportService$LookupTestTransport.connectToNodeLight(MockTransportService.java:412)
	at org.elasticsearch.transport.TransportService.connectToNodeLight(TransportService.java:250)
	at org.elasticsearch.discovery.zen.ping.unicast.UnicastZenPing$3.run(UnicastZenPing.java:395)
	at java.util.concurrent.ThreadPoolExecutor.runWorker(ThreadPoolExecutor.java:1142)
	at java.util.concurrent.ThreadPoolExecutor$Worker.run(ThreadPoolExecutor.java:617)
	at java.lang.Thread.run(Thread.java:745)
Caused by: java.net.ConnectException: Connection refused: /127.0.0.1:9664
	at sun.nio.ch.SocketChannelImpl.checkConnect(Native Method)
	at sun.nio.ch.SocketChannelImpl.finishConnect(SocketChannelImpl.java:717)
	at org.jboss.netty.channel.socket.nio.NioClientBoss.connect(NioClientBoss.java:152)
	at org.jboss.netty.channel.socket.nio.NioClientBoss.processSelectedKeys(NioClientBoss.java:105)
	at org.jboss.netty.channel.socket.nio.NioClientBoss.process(NioClientBoss.java:79)
	at org.jboss.netty.channel.socket.nio.AbstractNioSelector.run(AbstractNioSelector.java:337)
	at org.jboss.netty.channel.socket.nio.NioClientBoss.run(NioClientBoss.java:42)
	at org.jboss.netty.util.ThreadRenamingRunnable.run(ThreadRenamingRunnable.java:108)
	at org.jboss.netty.util.internal.DeadLockProofWorker$1.run(DeadLockProofWorker.java:42)
	... 3 more
[2016-03-30 14:01:58,960][TRACE][org.elasticsearch.discovery.zen.ping.unicast] [node_t0] [2] failed to connect to {#zen_unicast_7#}{::1}{[::1]:9661}
ConnectTransportException[[][[::1]:9661] connect_timeout[30s]]; nested: ConnectException[Connection refused: /0:0:0:0:0:0:0:1:9661];
	at org.elasticsearch.transport.netty.NettyTransport.connectToChannelsLight(NettyTransport.java:948)
	at org.elasticsearch.transport.netty.NettyTransport.connectToNode(NettyTransport.java:912)
	at org.elasticsearch.transport.netty.NettyTransport.connectToNodeLight(NettyTransport.java:884)
	at org.elasticsearch.test.transport.MockTransportService$LookupTestTransport.connectToNodeLight(MockTransportService.java:412)
	at org.elasticsearch.transport.TransportService.connectToNodeLight(TransportService.java:250)
	at org.elasticsearch.discovery.zen.ping.unicast.UnicastZenPing$3.run(UnicastZenPing.java:395)
	at java.util.concurrent.ThreadPoolExecutor.runWorker(ThreadPoolExecutor.java:1142)
	at java.util.concurrent.ThreadPoolExecutor$Worker.run(ThreadPoolExecutor.java:617)
	at java.lang.Thread.run(Thread.java:745)
Caused by: java.net.ConnectException: Connection refused: /0:0:0:0:0:0:0:1:9661
	at sun.nio.ch.SocketChannelImpl.checkConnect(Native Method)
	at sun.nio.ch.SocketChannelImpl.finishConnect(SocketChannelImpl.java:717)
	at org.jboss.netty.channel.socket.nio.NioClientBoss.connect(NioClientBoss.java:152)
	at org.jboss.netty.channel.socket.nio.NioClientBoss.processSelectedKeys(NioClientBoss.java:105)
	at org.jboss.netty.channel.socket.nio.NioClientBoss.process(NioClientBoss.java:79)
	at org.jboss.netty.channel.socket.nio.AbstractNioSelector.run(AbstractNioSelector.java:337)
	at org.jboss.netty.channel.socket.nio.NioClientBoss.run(NioClientBoss.java:42)
	at org.jboss.netty.util.ThreadRenamingRunnable.run(ThreadRenamingRunnable.java:108)
	at org.jboss.netty.util.internal.DeadLockProofWorker$1.run(DeadLockProofWorker.java:42)
	... 3 more
[2016-03-30 14:01:58,960][TRACE][org.elasticsearch.discovery.zen.ping.unicast] [node_t0] [2] failed to connect to {#zen_unicast_3#}{127.0.0.1}{127.0.0.1:9662}
ConnectTransportException[[][127.0.0.1:9662] connect_timeout[30s]]; nested: ConnectException[Connection refused: /127.0.0.1:9662];
	at org.elasticsearch.transport.netty.NettyTransport.connectToChannelsLight(NettyTransport.java:948)
	at org.elasticsearch.transport.netty.NettyTransport.connectToNode(NettyTransport.java:912)
	at org.elasticsearch.transport.netty.NettyTransport.connectToNodeLight(NettyTransport.java:884)
	at org.elasticsearch.test.transport.MockTransportService$LookupTestTransport.connectToNodeLight(MockTransportService.java:412)
	at org.elasticsearch.transport.TransportService.connectToNodeLight(TransportService.java:250)
	at org.elasticsearch.discovery.zen.ping.unicast.UnicastZenPing$3.run(UnicastZenPing.java:395)
	at java.util.concurrent.ThreadPoolExecutor.runWorker(ThreadPoolExecutor.java:1142)
	at java.util.concurrent.ThreadPoolExecutor$Worker.run(ThreadPoolExecutor.java:617)
	at java.lang.Thread.run(Thread.java:745)
Caused by: java.net.ConnectException: Connection refused: /127.0.0.1:9662
	at sun.nio.ch.SocketChannelImpl.checkConnect(Native Method)
	at sun.nio.ch.SocketChannelImpl.finishConnect(SocketChannelImpl.java:717)
	at org.jboss.netty.channel.socket.nio.NioClientBoss.connect(NioClientBoss.java:152)
	at org.jboss.netty.channel.socket.nio.NioClientBoss.processSelectedKeys(NioClientBoss.java:105)
	at org.jboss.netty.channel.socket.nio.NioClientBoss.process(NioClientBoss.java:79)
	at org.jboss.netty.channel.socket.nio.AbstractNioSelector.run(AbstractNioSelector.java:337)
	at org.jboss.netty.channel.socket.nio.NioClientBoss.run(NioClientBoss.java:42)
	at org.jboss.netty.util.ThreadRenamingRunnable.run(ThreadRenamingRunnable.java:108)
	at org.jboss.netty.util.internal.DeadLockProofWorker$1.run(DeadLockProofWorker.java:42)
	... 3 more
[2016-03-30 14:01:58,960][TRACE][org.elasticsearch.discovery.zen.ping.unicast] [node_t0] [2] failed to connect to {#zen_unicast_8#}{::1}{[::1]:9662}
ConnectTransportException[[][[::1]:9662] connect_timeout[30s]]; nested: ConnectException[Connection refused: /0:0:0:0:0:0:0:1:9662];
	at org.elasticsearch.transport.netty.NettyTransport.connectToChannelsLight(NettyTransport.java:948)
	at org.elasticsearch.transport.netty.NettyTransport.connectToNode(NettyTransport.java:912)
	at org.elasticsearch.transport.netty.NettyTransport.connectToNodeLight(NettyTransport.java:884)
	at org.elasticsearch.test.transport.MockTransportService$LookupTestTransport.connectToNodeLight(MockTransportService.java:412)
	at org.elasticsearch.transport.TransportService.connectToNodeLight(TransportService.java:250)
	at org.elasticsearch.discovery.zen.ping.unicast.UnicastZenPing$3.run(UnicastZenPing.java:395)
	at java.util.concurrent.ThreadPoolExecutor.runWorker(ThreadPoolExecutor.java:1142)
	at java.util.concurrent.ThreadPoolExecutor$Worker.run(ThreadPoolExecutor.java:617)
	at java.lang.Thread.run(Thread.java:745)
Caused by: java.net.ConnectException: Connection refused: /0:0:0:0:0:0:0:1:9662
	at sun.nio.ch.SocketChannelImpl.checkConnect(Native Method)
	at sun.nio.ch.SocketChannelImpl.finishConnect(SocketChannelImpl.java:717)
	at org.jboss.netty.channel.socket.nio.NioClientBoss.connect(NioClientBoss.java:152)
	at org.jboss.netty.channel.socket.nio.NioClientBoss.processSelectedKeys(NioClientBoss.java:105)
	at org.jboss.netty.channel.socket.nio.NioClientBoss.process(NioClientBoss.java:79)
	at org.jboss.netty.channel.socket.nio.AbstractNioSelector.run(AbstractNioSelector.java:337)
	at org.jboss.netty.channel.socket.nio.NioClientBoss.run(NioClientBoss.java:42)
	at org.jboss.netty.util.ThreadRenamingRunnable.run(ThreadRenamingRunnable.java:108)
	at org.jboss.netty.util.internal.DeadLockProofWorker$1.run(DeadLockProofWorker.java:42)
	... 3 more
[2016-03-30 14:01:58,959][TRACE][org.elasticsearch.discovery.zen.ping.unicast] [node_t0] [2] received response from {#zen_unicast_6#}{::1}{[::1]:9660}: [ping_response{node [{node_t0}{5WFoynj2SUGDMEZmKbHSCQ}{127.0.0.1}{127.0.0.1:9660}[mode=>network]], id[764], master [null], hasJoinedOnce [false], cluster_name[TEST-CHILD_VM=[2]-CLUSTER_SEED=[2858301384796425155]-HASH=[462C14F99751D]-cluster]}, ping_response{node [{node_t0}{5WFoynj2SUGDMEZmKbHSCQ}{127.0.0.1}{127.0.0.1:9660}[mode=>network]], id[764], master [null], hasJoinedOnce [false], cluster_name[TEST-CHILD_VM=[2]-CLUSTER_SEED=[2858301384796425155]-HASH=[462C14F99751D]-cluster]}, ping_response{node [{node_t0}{5WFoynj2SUGDMEZmKbHSCQ}{127.0.0.1}{127.0.0.1:9660}[mode=>network]], id[764], master [null], hasJoinedOnce [false], cluster_name[TEST-CHILD_VM=[2]-CLUSTER_SEED=[2858301384796425155]-HASH=[462C14F99751D]-cluster]}, ping_response{node [{node_t0}{5WFoynj2SUGDMEZmKbHSCQ}{127.0.0.1}{127.0.0.1:9660}[mode=>network]], id[768], master [null], hasJoinedOnce [false], cluster_name[TEST-CHILD_VM=[2]-CLUSTER_SEED=[2858301384796425155]-HASH=[462C14F99751D]-cluster]}, ping_response{node [{node_t0}{5WFoynj2SUGDMEZmKbHSCQ}{127.0.0.1}{127.0.0.1:9660}[mode=>network]], id[768], master [null], hasJoinedOnce [false], cluster_name[TEST-CHILD_VM=[2]-CLUSTER_SEED=[2858301384796425155]-HASH=[462C14F99751D]-cluster]}, ping_response{node [{node_t0}{5WFoynj2SUGDMEZmKbHSCQ}{127.0.0.1}{127.0.0.1:9660}[mode=>network]], id[768], master [null], hasJoinedOnce [false], cluster_name[TEST-CHILD_VM=[2]-CLUSTER_SEED=[2858301384796425155]-HASH=[462C14F99751D]-cluster]}, ping_response{node [{node_t0}{5WFoynj2SUGDMEZmKbHSCQ}{127.0.0.1}{127.0.0.1:9660}[mode=>network]], id[772], master [null], hasJoinedOnce [false], cluster_name[TEST-CHILD_VM=[2]-CLUSTER_SEED=[2858301384796425155]-HASH=[462C14F99751D]-cluster]}, ping_response{node [{node_t0}{5WFoynj2SUGDMEZmKbHSCQ}{127.0.0.1}{127.0.0.1:9660}[mode=>network]], id[772], master [null], hasJoinedOnce [false], cluster_name[TEST-CHILD_VM=[2]-CLUSTER_SEED=[2858301384796425155]-HASH=[462C14F99751D]-cluster]}, ping_response{node [{node_t0}{5WFoynj2SUGDMEZmKbHSCQ}{127.0.0.1}{127.0.0.1:9660}[mode=>network]], id[772], master [null], hasJoinedOnce [false], cluster_name[TEST-CHILD_VM=[2]-CLUSTER_SEED=[2858301384796425155]-HASH=[462C14F99751D]-cluster]}, ping_response{node [{node_t0}{5WFoynj2SUGDMEZmKbHSCQ}{127.0.0.1}{127.0.0.1:9660}[mode=>network]], id[776], master [null], hasJoinedOnce [false], cluster_name[TEST-CHILD_VM=[2]-CLUSTER_SEED=[2858301384796425155]-HASH=[462C14F99751D]-cluster]}, ping_response{node [{node_t0}{5WFoynj2SUGDMEZmKbHSCQ}{127.0.0.1}{127.0.0.1:9660}[mode=>network]], id[776], master [null], hasJoinedOnce [false], cluster_name[TEST-CHILD_VM=[2]-CLUSTER_SEED=[2858301384796425155]-HASH=[462C14F99751D]-cluster]}, ping_response{node [{node_t0}{5WFoynj2SUGDMEZmKbHSCQ}{127.0.0.1}{127.0.0.1:9660}[mode=>network]], id[776], master [null], hasJoinedOnce [false], cluster_name[TEST-CHILD_VM=[2]-CLUSTER_SEED=[2858301384796425155]-HASH=[462C14F99751D]-cluster]}, ping_response{node [{node_t0}{5WFoynj2SUGDMEZmKbHSCQ}{127.0.0.1}{127.0.0.1:9660}[mode=>network]], id[780], master [null], hasJoinedOnce [false], cluster_name[TEST-CHILD_VM=[2]-CLUSTER_SEED=[2858301384796425155]-HASH=[462C14F99751D]-cluster]}, ping_response{node [{node_t0}{5WFoynj2SUGDMEZmKbHSCQ}{127.0.0.1}{127.0.0.1:9660}[mode=>network]], id[780], master [null], hasJoinedOnce [false], cluster_name[TEST-CHILD_VM=[2]-CLUSTER_SEED=[2858301384796425155]-HASH=[462C14F99751D]-cluster]}, ping_response{node [{node_t0}{5WFoynj2SUGDMEZmKbHSCQ}{127.0.0.1}{127.0.0.1:9660}[mode=>network]], id[780], master [null], hasJoinedOnce [false], cluster_name[TEST-CHILD_VM=[2]-CLUSTER_SEED=[2858301384796425155]-HASH=[462C14F99751D]-cluster]}, ping_response{node [{node_t0}{5WFoynj2SUGDMEZmKbHSCQ}{127.0.0.1}{127.0.0.1:9660}[mode=>network]], id[783], master [null], hasJoinedOnce [false], cluster_name[TEST-CHILD_VM=[2]-CLUSTER_SEED=[2858301384796425155]-HASH=[462C14F99751D]-cluster]}]
[2016-03-30 14:01:58,959][TRACE][org.elasticsearch.discovery.zen.ping.unicast] [node_t0] [2] failed to connect to {#zen_unicast_2#}{127.0.0.1}{127.0.0.1:9661}
ConnectTransportException[[][127.0.0.1:9661] connect_timeout[30s]]; nested: ConnectException[Connection refused: /127.0.0.1:9661];
	at org.elasticsearch.transport.netty.NettyTransport.connectToChannelsLight(NettyTransport.java:948)
	at org.elasticsearch.transport.netty.NettyTransport.connectToNode(NettyTransport.java:912)
	at org.elasticsearch.transport.netty.NettyTransport.connectToNodeLight(NettyTransport.java:884)
	at org.elasticsearch.test.transport.MockTransportService$LookupTestTransport.connectToNodeLight(MockTransportService.java:412)
	at org.elasticsearch.transport.TransportService.connectToNodeLight(TransportService.java:250)
	at org.elasticsearch.discovery.zen.ping.unicast.UnicastZenPing$3.run(UnicastZenPing.java:395)
	at java.util.concurrent.ThreadPoolExecutor.runWorker(ThreadPoolExecutor.java:1142)
	at java.util.concurrent.ThreadPoolExecutor$Worker.run(ThreadPoolExecutor.java:617)
	at java.lang.Thread.run(Thread.java:745)
Caused by: java.net.ConnectException: Connection refused: /127.0.0.1:9661
	at sun.nio.ch.SocketChannelImpl.checkConnect(Native Method)
	at sun.nio.ch.SocketChannelImpl.finishConnect(SocketChannelImpl.java:717)
	at org.jboss.netty.channel.socket.nio.NioClientBoss.connect(NioClientBoss.java:152)
	at org.jboss.netty.channel.socket.nio.NioClientBoss.processSelectedKeys(NioClientBoss.java:105)
	at org.jboss.netty.channel.socket.nio.NioClientBoss.process(NioClientBoss.java:79)
	at org.jboss.netty.channel.socket.nio.AbstractNioSelector.run(AbstractNioSelector.java:337)
	at org.jboss.netty.channel.socket.nio.NioClientBoss.run(NioClientBoss.java:42)
	at org.jboss.netty.util.ThreadRenamingRunnable.run(ThreadRenamingRunnable.java:108)
	at org.jboss.netty.util.internal.DeadLockProofWorker$1.run(DeadLockProofWorker.java:42)
	... 3 more
[2016-03-30 14:01:58,959][TRACE][org.elasticsearch.discovery.zen.ping.unicast] [node_t0] [2] failed to connect to {#zen_unicast_4#}{127.0.0.1}{127.0.0.1:9663}
ConnectTransportException[[][127.0.0.1:9663] connect_timeout[30s]]; nested: ConnectException[Connection refused: /127.0.0.1:9663];
	at org.elasticsearch.transport.netty.NettyTransport.connectToChannelsLight(NettyTransport.java:948)
	at org.elasticsearch.transport.netty.NettyTransport.connectToNode(NettyTransport.java:912)
	at org.elasticsearch.transport.netty.NettyTransport.connectToNodeLight(NettyTransport.java:884)
	at org.elasticsearch.test.transport.MockTransportService$LookupTestTransport.connectToNodeLight(MockTransportService.java:412)
	at org.elasticsearch.transport.TransportService.connectToNodeLight(TransportService.java:250)
	at org.elasticsearch.discovery.zen.ping.unicast.UnicastZenPing$3.run(UnicastZenPing.java:395)
	at java.util.concurrent.ThreadPoolExecutor.runWorker(ThreadPoolExecutor.java:1142)
	at java.util.concurrent.ThreadPoolExecutor$Worker.run(ThreadPoolExecutor.java:617)
	at java.lang.Thread.run(Thread.java:745)
Caused by: java.net.ConnectException: Connection refused: /127.0.0.1:9663
	at sun.nio.ch.SocketChannelImpl.checkConnect(Native Method)
	at sun.nio.ch.SocketChannelImpl.finishConnect(SocketChannelImpl.java:717)
	at org.jboss.netty.channel.socket.nio.NioClientBoss.connect(NioClientBoss.java:152)
	at org.jboss.netty.channel.socket.nio.NioClientBoss.processSelectedKeys(NioClientBoss.java:105)
	at org.jboss.netty.channel.socket.nio.NioClientBoss.process(NioClientBoss.java:79)
	at org.jboss.netty.channel.socket.nio.AbstractNioSelector.run(AbstractNioSelector.java:337)
	at org.jboss.netty.channel.socket.nio.NioClientBoss.run(NioClientBoss.java:42)
	at org.jboss.netty.util.ThreadRenamingRunnable.run(ThreadRenamingRunnable.java:108)
	at org.jboss.netty.util.internal.DeadLockProofWorker$1.run(DeadLockProofWorker.java:42)
	... 3 more
[2016-03-30 14:01:58,958][TRACE][org.elasticsearch.discovery.zen.ping.unicast] [node_t0] [2] connecting (light) to {#zen_unicast_10#}{::1}{[::1]:9664}
[2016-03-30 14:01:58,958][TRACE][org.elasticsearch.discovery.zen.ping.unicast] [node_t0] [2] connecting (light) to {#zen_unicast_9#}{::1}{[::1]:9663}
[2016-03-30 14:01:58,965][TRACE][org.elasticsearch.discovery.zen.ping.unicast] [node_t0] [2] failed to connect to {#zen_unicast_9#}{::1}{[::1]:9663}
ConnectTransportException[[][[::1]:9663] connect_timeout[30s]]; nested: ConnectException[Connection refused: /0:0:0:0:0:0:0:1:9663];
	at org.elasticsearch.transport.netty.NettyTransport.connectToChannelsLight(NettyTransport.java:948)
	at org.elasticsearch.transport.netty.NettyTransport.connectToNode(NettyTransport.java:912)
	at org.elasticsearch.transport.netty.NettyTransport.connectToNodeLight(NettyTransport.java:884)
	at org.elasticsearch.test.transport.MockTransportService$LookupTestTransport.connectToNodeLight(MockTransportService.java:412)
	at org.elasticsearch.transport.TransportService.connectToNodeLight(TransportService.java:250)
	at org.elasticsearch.discovery.zen.ping.unicast.UnicastZenPing$3.run(UnicastZenPing.java:395)
	at java.util.concurrent.ThreadPoolExecutor.runWorker(ThreadPoolExecutor.java:1142)
	at java.util.concurrent.ThreadPoolExecutor$Worker.run(ThreadPoolExecutor.java:617)
	at java.lang.Thread.run(Thread.java:745)
Caused by: java.net.ConnectException: Connection refused: /0:0:0:0:0:0:0:1:9663
	at sun.nio.ch.SocketChannelImpl.checkConnect(Native Method)
	at sun.nio.ch.SocketChannelImpl.finishConnect(SocketChannelImpl.java:717)
	at org.jboss.netty.channel.socket.nio.NioClientBoss.connect(NioClientBoss.java:152)
	at org.jboss.netty.channel.socket.nio.NioClientBoss.processSelectedKeys(NioClientBoss.java:105)
	at org.jboss.netty.channel.socket.nio.NioClientBoss.process(NioClientBoss.java:79)
	at org.jboss.netty.channel.socket.nio.AbstractNioSelector.run(AbstractNioSelector.java:337)
	at org.jboss.netty.channel.socket.nio.NioClientBoss.run(NioClientBoss.java:42)
	at org.jboss.netty.util.ThreadRenamingRunnable.run(ThreadRenamingRunnable.java:108)
	at org.jboss.netty.util.internal.DeadLockProofWorker$1.run(DeadLockProofWorker.java:42)
	... 3 more
[2016-03-30 14:01:58,965][TRACE][org.elasticsearch.discovery.zen.ping.unicast] [node_t0] [2] failed to connect to {#zen_unicast_10#}{::1}{[::1]:9664}
ConnectTransportException[[][[::1]:9664] connect_timeout[30s]]; nested: ConnectException[Connection refused: /0:0:0:0:0:0:0:1:9664];
	at org.elasticsearch.transport.netty.NettyTransport.connectToChannelsLight(NettyTransport.java:948)
	at org.elasticsearch.transport.netty.NettyTransport.connectToNode(NettyTransport.java:912)
	at org.elasticsearch.transport.netty.NettyTransport.connectToNodeLight(NettyTransport.java:884)
	at org.elasticsearch.test.transport.MockTransportService$LookupTestTransport.connectToNodeLight(MockTransportService.java:412)
	at org.elasticsearch.transport.TransportService.connectToNodeLight(TransportService.java:250)
	at org.elasticsearch.discovery.zen.ping.unicast.UnicastZenPing$3.run(UnicastZenPing.java:395)
	at java.util.concurrent.ThreadPoolExecutor.runWorker(ThreadPoolExecutor.java:1142)
	at java.util.concurrent.ThreadPoolExecutor$Worker.run(ThreadPoolExecutor.java:617)
	at java.lang.Thread.run(Thread.java:745)
Caused by: java.net.ConnectException: Connection refused: /0:0:0:0:0:0:0:1:9664
	at sun.nio.ch.SocketChannelImpl.checkConnect(Native Method)
	at sun.nio.ch.SocketChannelImpl.finishConnect(SocketChannelImpl.java:717)
	at org.jboss.netty.channel.socket.nio.NioClientBoss.connect(NioClientBoss.java:152)
	at org.jboss.netty.channel.socket.nio.NioClientBoss.processSelectedKeys(NioClientBoss.java:105)
	at org.jboss.netty.channel.socket.nio.NioClientBoss.process(NioClientBoss.java:79)
	at org.jboss.netty.channel.socket.nio.AbstractNioSelector.run(AbstractNioSelector.java:337)
	at org.jboss.netty.channel.socket.nio.NioClientBoss.run(NioClientBoss.java:42)
	at org.jboss.netty.util.ThreadRenamingRunnable.run(ThreadRenamingRunnable.java:108)
	at org.jboss.netty.util.internal.DeadLockProofWorker$1.run(DeadLockProofWorker.java:42)
	... 3 more
[2016-03-30 14:01:59,060][TRACE][org.elasticsearch.discovery.zen.ping.unicast] [node_t0] [2] sending to {node_t0}{5WFoynj2SUGDMEZmKbHSCQ}{127.0.0.1}{127.0.0.1:9660}[mode=>network]
[2016-03-30 14:01:59,060][TRACE][org.elasticsearch.discovery.zen.ping.unicast] [node_t0] [2] received response from {node_t0}{5WFoynj2SUGDMEZmKbHSCQ}{127.0.0.1}{127.0.0.1:9660}[mode=>network]: [ping_response{node [{node_t0}{5WFoynj2SUGDMEZmKbHSCQ}{127.0.0.1}{127.0.0.1:9660}[mode=>network]], id[768], master [null], hasJoinedOnce [false], cluster_name[TEST-CHILD_VM=[2]-CLUSTER_SEED=[2858301384796425155]-HASH=[462C14F99751D]-cluster]}, ping_response{node [{node_t0}{5WFoynj2SUGDMEZmKbHSCQ}{127.0.0.1}{127.0.0.1:9660}[mode=>network]], id[768], master [null], hasJoinedOnce [false], cluster_name[TEST-CHILD_VM=[2]-CLUSTER_SEED=[2858301384796425155]-HASH=[462C14F99751D]-cluster]}, ping_response{node [{node_t0}{5WFoynj2SUGDMEZmKbHSCQ}{127.0.0.1}{127.0.0.1:9660}[mode=>network]], id[768], master [null], hasJoinedOnce [false], cluster_name[TEST-CHILD_VM=[2]-CLUSTER_SEED=[2858301384796425155]-HASH=[462C14F99751D]-cluster]}, ping_response{node [{node_t0}{5WFoynj2SUGDMEZmKbHSCQ}{127.0.0.1}{127.0.0.1:9660}[mode=>network]], id[772], master [null], hasJoinedOnce [false], cluster_name[TEST-CHILD_VM=[2]-CLUSTER_SEED=[2858301384796425155]-HASH=[462C14F99751D]-cluster]}, ping_response{node [{node_t0}{5WFoynj2SUGDMEZmKbHSCQ}{127.0.0.1}{127.0.0.1:9660}[mode=>network]], id[772], master [null], hasJoinedOnce [false], cluster_name[TEST-CHILD_VM=[2]-CLUSTER_SEED=[2858301384796425155]-HASH=[462C14F99751D]-cluster]}, ping_response{node [{node_t0}{5WFoynj2SUGDMEZmKbHSCQ}{127.0.0.1}{127.0.0.1:9660}[mode=>network]], id[772], master [null], hasJoinedOnce [false], cluster_name[TEST-CHILD_VM=[2]-CLUSTER_SEED=[2858301384796425155]-HASH=[462C14F99751D]-cluster]}, ping_response{node [{node_t0}{5WFoynj2SUGDMEZmKbHSCQ}{127.0.0.1}{127.0.0.1:9660}[mode=>network]], id[776], master [null], hasJoinedOnce [false], cluster_name[TEST-CHILD_VM=[2]-CLUSTER_SEED=[2858301384796425155]-HASH=[462C14F99751D]-cluster]}, ping_response{node [{node_t0}{5WFoynj2SUGDMEZmKbHSCQ}{127.0.0.1}{127.0.0.1:9660}[mode=>network]], id[776], master [null], hasJoinedOnce [false], cluster_name[TEST-CHILD_VM=[2]-CLUSTER_SEED=[2858301384796425155]-HASH=[462C14F99751D]-cluster]}, ping_response{node [{node_t0}{5WFoynj2SUGDMEZmKbHSCQ}{127.0.0.1}{127.0.0.1:9660}[mode=>network]], id[776], master [null], hasJoinedOnce [false], cluster_name[TEST-CHILD_VM=[2]-CLUSTER_SEED=[2858301384796425155]-HASH=[462C14F99751D]-cluster]}, ping_response{node [{node_t0}{5WFoynj2SUGDMEZmKbHSCQ}{127.0.0.1}{127.0.0.1:9660}[mode=>network]], id[780], master [null], hasJoinedOnce [false], cluster_name[TEST-CHILD_VM=[2]-CLUSTER_SEED=[2858301384796425155]-HASH=[462C14F99751D]-cluster]}, ping_response{node [{node_t0}{5WFoynj2SUGDMEZmKbHSCQ}{127.0.0.1}{127.0.0.1:9660}[mode=>network]], id[780], master [null], hasJoinedOnce [false], cluster_name[TEST-CHILD_VM=[2]-CLUSTER_SEED=[2858301384796425155]-HASH=[462C14F99751D]-cluster]}, ping_response{node [{node_t0}{5WFoynj2SUGDMEZmKbHSCQ}{127.0.0.1}{127.0.0.1:9660}[mode=>network]], id[780], master [null], hasJoinedOnce [false], cluster_name[TEST-CHILD_VM=[2]-CLUSTER_SEED=[2858301384796425155]-HASH=[462C14F99751D]-cluster]}, ping_response{node [{node_t0}{5WFoynj2SUGDMEZmKbHSCQ}{127.0.0.1}{127.0.0.1:9660}[mode=>network]], id[784], master [null], hasJoinedOnce [false], cluster_name[TEST-CHILD_VM=[2]-CLUSTER_SEED=[2858301384796425155]-HASH=[462C14F99751D]-cluster]}, ping_response{node [{node_t0}{5WFoynj2SUGDMEZmKbHSCQ}{127.0.0.1}{127.0.0.1:9660}[mode=>network]], id[785], master [null], hasJoinedOnce [false], cluster_name[TEST-CHILD_VM=[2]-CLUSTER_SEED=[2858301384796425155]-HASH=[462C14F99751D]-cluster]}]
[2016-03-30 14:01:59,061][TRACE][org.elasticsearch.discovery.zen.ping.unicast] [node_t0] [2] connecting (light) to {#zen_unicast_2#}{127.0.0.1}{127.0.0.1:9661}
[2016-03-30 14:01:59,061][TRACE][org.elasticsearch.discovery.zen.ping.unicast] [node_t0] [2] sending to {#zen_unicast_6#}{::1}{[::1]:9660}
[2016-03-30 14:01:59,061][TRACE][org.elasticsearch.discovery.zen.ping.unicast] [node_t0] [2] connecting (light) to {#zen_unicast_5#}{127.0.0.1}{127.0.0.1:9664}
[2016-03-30 14:01:59,061][TRACE][org.elasticsearch.discovery.zen.ping.unicast] [node_t0] [2] connecting (light) to {#zen_unicast_3#}{127.0.0.1}{127.0.0.1:9662}
[2016-03-30 14:01:59,062][TRACE][org.elasticsearch.discovery.zen.ping.unicast] [node_t0] [2] sending to {node_t0}{5WFoynj2SUGDMEZmKbHSCQ}{127.0.0.1}{127.0.0.1:9660}[mode=>network]
[2016-03-30 14:01:59,062][TRACE][org.elasticsearch.discovery.zen.ping.unicast] [node_t0] [2] connecting (light) to {#zen_unicast_7#}{::1}{[::1]:9661}
[2016-03-30 14:01:59,062][TRACE][org.elasticsearch.discovery.zen.ping.unicast] [node_t0] [2] connecting (light) to {#zen_unicast_9#}{::1}{[::1]:9663}
[2016-03-30 14:01:59,062][TRACE][org.elasticsearch.discovery.zen.ping.unicast] [node_t0] [2] connecting (light) to {#zen_unicast_10#}{::1}{[::1]:9664}
[2016-03-30 14:01:59,063][TRACE][org.elasticsearch.discovery.zen.ping.unicast] [node_t0] [2] failed to connect to {#zen_unicast_5#}{127.0.0.1}{127.0.0.1:9664}
ConnectTransportException[[][127.0.0.1:9664] connect_timeout[30s]]; nested: ConnectException[Connection refused: /127.0.0.1:9664];
	at org.elasticsearch.transport.netty.NettyTransport.connectToChannelsLight(NettyTransport.java:948)
	at org.elasticsearch.transport.netty.NettyTransport.connectToNode(NettyTransport.java:912)
	at org.elasticsearch.transport.netty.NettyTransport.connectToNodeLight(NettyTransport.java:884)
	at org.elasticsearch.test.transport.MockTransportService$LookupTestTransport.connectToNodeLight(MockTransportService.java:412)
	at org.elasticsearch.transport.TransportService.connectToNodeLight(TransportService.java:250)
	at org.elasticsearch.discovery.zen.ping.unicast.UnicastZenPing$3.run(UnicastZenPing.java:395)
	at java.util.concurrent.ThreadPoolExecutor.runWorker(ThreadPoolExecutor.java:1142)
	at java.util.concurrent.ThreadPoolExecutor$Worker.run(ThreadPoolExecutor.java:617)
	at java.lang.Thread.run(Thread.java:745)
Caused by: java.net.ConnectException: Connection refused: /127.0.0.1:9664
	at sun.nio.ch.SocketChannelImpl.checkConnect(Native Method)
	at sun.nio.ch.SocketChannelImpl.finishConnect(SocketChannelImpl.java:717)
	at org.jboss.netty.channel.socket.nio.NioClientBoss.connect(NioClientBoss.java:152)
	at org.jboss.netty.channel.socket.nio.NioClientBoss.processSelectedKeys(NioClientBoss.java:105)
	at org.jboss.netty.channel.socket.nio.NioClientBoss.process(NioClientBoss.java:79)
	at org.jboss.netty.channel.socket.nio.AbstractNioSelector.run(AbstractNioSelector.java:337)
	at org.jboss.netty.channel.socket.nio.NioClientBoss.run(NioClientBoss.java:42)
	at org.jboss.netty.util.ThreadRenamingRunnable.run(ThreadRenamingRunnable.java:108)
	at org.jboss.netty.util.internal.DeadLockProofWorker$1.run(DeadLockProofWorker.java:42)
	... 3 more
[2016-03-30 14:01:59,061][TRACE][org.elasticsearch.discovery.zen.ping.unicast] [node_t0] [2] connecting (light) to {#zen_unicast_4#}{127.0.0.1}{127.0.0.1:9663}
[2016-03-30 14:01:59,063][TRACE][org.elasticsearch.discovery.zen.ping.unicast] [node_t0] [2] failed to connect to {#zen_unicast_3#}{127.0.0.1}{127.0.0.1:9662}
ConnectTransportException[[][127.0.0.1:9662] connect_timeout[30s]]; nested: ConnectException[Connection refused: /127.0.0.1:9662];
	at org.elasticsearch.transport.netty.NettyTransport.connectToChannelsLight(NettyTransport.java:948)
	at org.elasticsearch.transport.netty.NettyTransport.connectToNode(NettyTransport.java:912)
	at org.elasticsearch.transport.netty.NettyTransport.connectToNodeLight(NettyTransport.java:884)
	at org.elasticsearch.test.transport.MockTransportService$LookupTestTransport.connectToNodeLight(MockTransportService.java:412)
	at org.elasticsearch.transport.TransportService.connectToNodeLight(TransportService.java:250)
	at org.elasticsearch.discovery.zen.ping.unicast.UnicastZenPing$3.run(UnicastZenPing.java:395)
	at java.util.concurrent.ThreadPoolExecutor.runWorker(ThreadPoolExecutor.java:1142)
	at java.util.concurrent.ThreadPoolExecutor$Worker.run(ThreadPoolExecutor.java:617)
	at java.lang.Thread.run(Thread.java:745)
Caused by: java.net.ConnectException: Connection refused: /127.0.0.1:9662
	at sun.nio.ch.SocketChannelImpl.checkConnect(Native Method)
	at sun.nio.ch.SocketChannelImpl.finishConnect(SocketChannelImpl.java:717)
	at org.jboss.netty.channel.socket.nio.NioClientBoss.connect(NioClientBoss.java:152)
	at org.jboss.netty.channel.socket.nio.NioClientBoss.processSelectedKeys(NioClientBoss.java:105)
	at org.jboss.netty.channel.socket.nio.NioClientBoss.process(NioClientBoss.java:79)
	at org.jboss.netty.channel.socket.nio.AbstractNioSelector.run(AbstractNioSelector.java:337)
	at org.jboss.netty.channel.socket.nio.NioClientBoss.run(NioClientBoss.java:42)
	at org.jboss.netty.util.ThreadRenamingRunnable.run(ThreadRenamingRunnable.java:108)
	at org.jboss.netty.util.internal.DeadLockProofWorker$1.run(DeadLockProofWorker.java:42)
	... 3 more
[2016-03-30 14:01:59,063][TRACE][org.elasticsearch.discovery.zen.ping.unicast] [node_t0] [2] failed to connect to {#zen_unicast_2#}{127.0.0.1}{127.0.0.1:9661}
ConnectTransportException[[][127.0.0.1:9661] connect_timeout[30s]]; nested: ConnectException[Connection refused: /127.0.0.1:9661];
	at org.elasticsearch.transport.netty.NettyTransport.connectToChannelsLight(NettyTransport.java:948)
	at org.elasticsearch.transport.netty.NettyTransport.connectToNode(NettyTransport.java:912)
	at org.elasticsearch.transport.netty.NettyTransport.connectToNodeLight(NettyTransport.java:884)
	at org.elasticsearch.test.transport.MockTransportService$LookupTestTransport.connectToNodeLight(MockTransportService.java:412)
	at org.elasticsearch.transport.TransportService.connectToNodeLight(TransportService.java:250)
	at org.elasticsearch.discovery.zen.ping.unicast.UnicastZenPing$3.run(UnicastZenPing.java:395)
	at java.util.concurrent.ThreadPoolExecutor.runWorker(ThreadPoolExecutor.java:1142)
	at java.util.concurrent.ThreadPoolExecutor$Worker.run(ThreadPoolExecutor.java:617)
	at java.lang.Thread.run(Thread.java:745)
Caused by: java.net.ConnectException: Connection refused: /127.0.0.1:9661
	at sun.nio.ch.SocketChannelImpl.checkConnect(Native Method)
	at sun.nio.ch.SocketChannelImpl.finishConnect(SocketChannelImpl.java:717)
	at org.jboss.netty.channel.socket.nio.NioClientBoss.connect(NioClientBoss.java:152)
	at org.jboss.netty.channel.socket.nio.NioClientBoss.processSelectedKeys(NioClientBoss.java:105)
	at org.jboss.netty.channel.socket.nio.NioClientBoss.process(NioClientBoss.java:79)
	at org.jboss.netty.channel.socket.nio.AbstractNioSelector.run(AbstractNioSelector.java:337)
	at org.jboss.netty.channel.socket.nio.NioClientBoss.run(NioClientBoss.java:42)
	at org.jboss.netty.util.ThreadRenamingRunnable.run(ThreadRenamingRunnable.java:108)
	at org.jboss.netty.util.internal.DeadLockProofWorker$1.run(DeadLockProofWorker.java:42)
	... 3 more
[2016-03-30 14:01:59,062][TRACE][org.elasticsearch.discovery.zen.ping.unicast] [node_t0] [2] received response from {node_t0}{5WFoynj2SUGDMEZmKbHSCQ}{127.0.0.1}{127.0.0.1:9660}[mode=>network]: [ping_response{node [{node_t0}{5WFoynj2SUGDMEZmKbHSCQ}{127.0.0.1}{127.0.0.1:9660}[mode=>network]], id[768], master [null], hasJoinedOnce [false], cluster_name[TEST-CHILD_VM=[2]-CLUSTER_SEED=[2858301384796425155]-HASH=[462C14F99751D]-cluster]}, ping_response{node [{node_t0}{5WFoynj2SUGDMEZmKbHSCQ}{127.0.0.1}{127.0.0.1:9660}[mode=>network]], id[768], master [null], hasJoinedOnce [false], cluster_name[TEST-CHILD_VM=[2]-CLUSTER_SEED=[2858301384796425155]-HASH=[462C14F99751D]-cluster]}, ping_response{node [{node_t0}{5WFoynj2SUGDMEZmKbHSCQ}{127.0.0.1}{127.0.0.1:9660}[mode=>network]], id[768], master [null], hasJoinedOnce [false], cluster_name[TEST-CHILD_VM=[2]-CLUSTER_SEED=[2858301384796425155]-HASH=[462C14F99751D]-cluster]}, ping_response{node [{node_t0}{5WFoynj2SUGDMEZmKbHSCQ}{127.0.0.1}{127.0.0.1:9660}[mode=>network]], id[772], master [null], hasJoinedOnce [false], cluster_name[TEST-CHILD_VM=[2]-CLUSTER_SEED=[2858301384796425155]-HASH=[462C14F99751D]-cluster]}, ping_response{node [{node_t0}{5WFoynj2SUGDMEZmKbHSCQ}{127.0.0.1}{127.0.0.1:9660}[mode=>network]], id[772], master [null], hasJoinedOnce [false], cluster_name[TEST-CHILD_VM=[2]-CLUSTER_SEED=[2858301384796425155]-HASH=[462C14F99751D]-cluster]}, ping_response{node [{node_t0}{5WFoynj2SUGDMEZmKbHSCQ}{127.0.0.1}{127.0.0.1:9660}[mode=>network]], id[772], master [null], hasJoinedOnce [false], cluster_name[TEST-CHILD_VM=[2]-CLUSTER_SEED=[2858301384796425155]-HASH=[462C14F99751D]-cluster]}, ping_response{node [{node_t0}{5WFoynj2SUGDMEZmKbHSCQ}{127.0.0.1}{127.0.0.1:9660}[mode=>network]], id[776], master [null], hasJoinedOnce [false], cluster_name[TEST-CHILD_VM=[2]-CLUSTER_SEED=[2858301384796425155]-HASH=[462C14F99751D]-cluster]}, ping_response{node [{node_t0}{5WFoynj2SUGDMEZmKbHSCQ}{127.0.0.1}{127.0.0.1:9660}[mode=>network]], id[776], master [null], hasJoinedOnce [false], cluster_name[TEST-CHILD_VM=[2]-CLUSTER_SEED=[2858301384796425155]-HASH=[462C14F99751D]-cluster]}, ping_response{node [{node_t0}{5WFoynj2SUGDMEZmKbHSCQ}{127.0.0.1}{127.0.0.1:9660}[mode=>network]], id[776], master [null], hasJoinedOnce [false], cluster_name[TEST-CHILD_VM=[2]-CLUSTER_SEED=[2858301384796425155]-HASH=[462C14F99751D]-cluster]}, ping_response{node [{node_t0}{5WFoynj2SUGDMEZmKbHSCQ}{127.0.0.1}{127.0.0.1:9660}[mode=>network]], id[780], master [null], hasJoinedOnce [false], cluster_name[TEST-CHILD_VM=[2]-CLUSTER_SEED=[2858301384796425155]-HASH=[462C14F99751D]-cluster]}, ping_response{node [{node_t0}{5WFoynj2SUGDMEZmKbHSCQ}{127.0.0.1}{127.0.0.1:9660}[mode=>network]], id[780], master [null], hasJoinedOnce [false], cluster_name[TEST-CHILD_VM=[2]-CLUSTER_SEED=[2858301384796425155]-HASH=[462C14F99751D]-cluster]}, ping_response{node [{node_t0}{5WFoynj2SUGDMEZmKbHSCQ}{127.0.0.1}{127.0.0.1:9660}[mode=>network]], id[780], master [null], hasJoinedOnce [false], cluster_name[TEST-CHILD_VM=[2]-CLUSTER_SEED=[2858301384796425155]-HASH=[462C14F99751D]-cluster]}, ping_response{node [{node_t0}{5WFoynj2SUGDMEZmKbHSCQ}{127.0.0.1}{127.0.0.1:9660}[mode=>network]], id[784], master [null], hasJoinedOnce [false], cluster_name[TEST-CHILD_VM=[2]-CLUSTER_SEED=[2858301384796425155]-HASH=[462C14F99751D]-cluster]}, ping_response{node [{node_t0}{5WFoynj2SUGDMEZmKbHSCQ}{127.0.0.1}{127.0.0.1:9660}[mode=>network]], id[784], master [null], hasJoinedOnce [false], cluster_name[TEST-CHILD_VM=[2]-CLUSTER_SEED=[2858301384796425155]-HASH=[462C14F99751D]-cluster]}, ping_response{node [{node_t0}{5WFoynj2SUGDMEZmKbHSCQ}{127.0.0.1}{127.0.0.1:9660}[mode=>network]], id[786], master [null], hasJoinedOnce [false], cluster_name[TEST-CHILD_VM=[2]-CLUSTER_SEED=[2858301384796425155]-HASH=[462C14F99751D]-cluster]}]
[2016-03-30 14:01:59,062][TRACE][org.elasticsearch.discovery.zen.ping.unicast] [node_t0] [2] connecting (light) to {#zen_unicast_8#}{::1}{[::1]:9662}
[2016-03-30 14:01:59,064][TRACE][org.elasticsearch.discovery.zen.ping.unicast] [node_t0] [2] failed to connect to {#zen_unicast_4#}{127.0.0.1}{127.0.0.1:9663}
ConnectTransportException[[][127.0.0.1:9663] connect_timeout[30s]]; nested: ConnectException[Connection refused: /127.0.0.1:9663];
	at org.elasticsearch.transport.netty.NettyTransport.connectToChannelsLight(NettyTransport.java:948)
	at org.elasticsearch.transport.netty.NettyTransport.connectToNode(NettyTransport.java:912)
	at org.elasticsearch.transport.netty.NettyTransport.connectToNodeLight(NettyTransport.java:884)
	at org.elasticsearch.test.transport.MockTransportService$LookupTestTransport.connectToNodeLight(MockTransportService.java:412)
	at org.elasticsearch.transport.TransportService.connectToNodeLight(TransportService.java:250)
	at org.elasticsearch.discovery.zen.ping.unicast.UnicastZenPing$3.run(UnicastZenPing.java:395)
	at java.util.concurrent.ThreadPoolExecutor.runWorker(ThreadPoolExecutor.java:1142)
	at java.util.concurrent.ThreadPoolExecutor$Worker.run(ThreadPoolExecutor.java:617)
	at java.lang.Thread.run(Thread.java:745)
Caused by: java.net.ConnectException: Connection refused: /127.0.0.1:9663
	at sun.nio.ch.SocketChannelImpl.checkConnect(Native Method)
	at sun.nio.ch.SocketChannelImpl.finishConnect(SocketChannelImpl.java:717)
	at org.jboss.netty.channel.socket.nio.NioClientBoss.connect(NioClientBoss.java:152)
	at org.jboss.netty.channel.socket.nio.NioClientBoss.processSelectedKeys(NioClientBoss.java:105)
	at org.jboss.netty.channel.socket.nio.NioClientBoss.process(NioClientBoss.java:79)
	at org.jboss.netty.channel.socket.nio.AbstractNioSelector.run(AbstractNioSelector.java:337)
	at org.jboss.netty.channel.socket.nio.NioClientBoss.run(NioClientBoss.java:42)
	at org.jboss.netty.util.ThreadRenamingRunnable.run(ThreadRenamingRunnable.java:108)
	at org.jboss.netty.util.internal.DeadLockProofWorker$1.run(DeadLockProofWorker.java:42)
	... 3 more
[2016-03-30 14:01:59,064][TRACE][org.elasticsearch.discovery.zen.ping.unicast] [node_t0] [2] failed to connect to {#zen_unicast_10#}{::1}{[::1]:9664}
ConnectTransportException[[][[::1]:9664] connect_timeout[30s]]; nested: ConnectException[Connection refused: /0:0:0:0:0:0:0:1:9664];
	at org.elasticsearch.transport.netty.NettyTransport.connectToChannelsLight(NettyTransport.java:948)
	at org.elasticsearch.transport.netty.NettyTransport.connectToNode(NettyTransport.java:912)
	at org.elasticsearch.transport.netty.NettyTransport.connectToNodeLight(NettyTransport.java:884)
	at org.elasticsearch.test.transport.MockTransportService$LookupTestTransport.connectToNodeLight(MockTransportService.java:412)
	at org.elasticsearch.transport.TransportService.connectToNodeLight(TransportService.java:250)
	at org.elasticsearch.discovery.zen.ping.unicast.UnicastZenPing$3.run(UnicastZenPing.java:395)
	at java.util.concurrent.ThreadPoolExecutor.runWorker(ThreadPoolExecutor.java:1142)
	at java.util.concurrent.ThreadPoolExecutor$Worker.run(ThreadPoolExecutor.java:617)
	at java.lang.Thread.run(Thread.java:745)
Caused by: java.net.ConnectException: Connection refused: /0:0:0:0:0:0:0:1:9664
	at sun.nio.ch.SocketChannelImpl.checkConnect(Native Method)
	at sun.nio.ch.SocketChannelImpl.finishConnect(SocketChannelImpl.java:717)
	at org.jboss.netty.channel.socket.nio.NioClientBoss.connect(NioClientBoss.java:152)
	at org.jboss.netty.channel.socket.nio.NioClientBoss.processSelectedKeys(NioClientBoss.java:105)
	at org.jboss.netty.channel.socket.nio.NioClientBoss.process(NioClientBoss.java:79)
	at org.jboss.netty.channel.socket.nio.AbstractNioSelector.run(AbstractNioSelector.java:337)
	at org.jboss.netty.channel.socket.nio.NioClientBoss.run(NioClientBoss.java:42)
	at org.jboss.netty.util.ThreadRenamingRunnable.run(ThreadRenamingRunnable.java:108)
	at org.jboss.netty.util.internal.DeadLockProofWorker$1.run(DeadLockProofWorker.java:42)
	... 3 more
[2016-03-30 14:01:59,063][TRACE][org.elasticsearch.discovery.zen.ping.unicast] [node_t0] [2] failed to connect to {#zen_unicast_9#}{::1}{[::1]:9663}
ConnectTransportException[[][[::1]:9663] connect_timeout[30s]]; nested: ConnectException[Connection refused: /0:0:0:0:0:0:0:1:9663];
	at org.elasticsearch.transport.netty.NettyTransport.connectToChannelsLight(NettyTransport.java:948)
	at org.elasticsearch.transport.netty.NettyTransport.connectToNode(NettyTransport.java:912)
	at org.elasticsearch.transport.netty.NettyTransport.connectToNodeLight(NettyTransport.java:884)
	at org.elasticsearch.test.transport.MockTransportService$LookupTestTransport.connectToNodeLight(MockTransportService.java:412)
	at org.elasticsearch.transport.TransportService.connectToNodeLight(TransportService.java:250)
	at org.elasticsearch.discovery.zen.ping.unicast.UnicastZenPing$3.run(UnicastZenPing.java:395)
	at java.util.concurrent.ThreadPoolExecutor.runWorker(ThreadPoolExecutor.java:1142)
	at java.util.concurrent.ThreadPoolExecutor$Worker.run(ThreadPoolExecutor.java:617)
	at java.lang.Thread.run(Thread.java:745)
Caused by: java.net.ConnectException: Connection refused: /0:0:0:0:0:0:0:1:9663
	at sun.nio.ch.SocketChannelImpl.checkConnect(Native Method)
	at sun.nio.ch.SocketChannelImpl.finishConnect(SocketChannelImpl.java:717)
	at org.jboss.netty.channel.socket.nio.NioClientBoss.connect(NioClientBoss.java:152)
	at org.jboss.netty.channel.socket.nio.NioClientBoss.processSelectedKeys(NioClientBoss.java:105)
	at org.jboss.netty.channel.socket.nio.NioClientBoss.process(NioClientBoss.java:79)
	at org.jboss.netty.channel.socket.nio.AbstractNioSelector.run(AbstractNioSelector.java:337)
	at org.jboss.netty.channel.socket.nio.NioClientBoss.run(NioClientBoss.java:42)
	at org.jboss.netty.util.ThreadRenamingRunnable.run(ThreadRenamingRunnable.java:108)
	at org.jboss.netty.util.internal.DeadLockProofWorker$1.run(DeadLockProofWorker.java:42)
	... 3 more
[2016-03-30 14:01:59,063][TRACE][org.elasticsearch.discovery.zen.ping.unicast] [node_t0] [2] received response from {#zen_unicast_6#}{::1}{[::1]:9660}: [ping_response{node [{node_t0}{5WFoynj2SUGDMEZmKbHSCQ}{127.0.0.1}{127.0.0.1:9660}[mode=>network]], id[768], master [null], hasJoinedOnce [false], cluster_name[TEST-CHILD_VM=[2]-CLUSTER_SEED=[2858301384796425155]-HASH=[462C14F99751D]-cluster]}, ping_response{node [{node_t0}{5WFoynj2SUGDMEZmKbHSCQ}{127.0.0.1}{127.0.0.1:9660}[mode=>network]], id[768], master [null], hasJoinedOnce [false], cluster_name[TEST-CHILD_VM=[2]-CLUSTER_SEED=[2858301384796425155]-HASH=[462C14F99751D]-cluster]}, ping_response{node [{node_t0}{5WFoynj2SUGDMEZmKbHSCQ}{127.0.0.1}{127.0.0.1:9660}[mode=>network]], id[768], master [null], hasJoinedOnce [false], cluster_name[TEST-CHILD_VM=[2]-CLUSTER_SEED=[2858301384796425155]-HASH=[462C14F99751D]-cluster]}, ping_response{node [{node_t0}{5WFoynj2SUGDMEZmKbHSCQ}{127.0.0.1}{127.0.0.1:9660}[mode=>network]], id[772], master [null], hasJoinedOnce [false], cluster_name[TEST-CHILD_VM=[2]-CLUSTER_SEED=[2858301384796425155]-HASH=[462C14F99751D]-cluster]}, ping_response{node [{node_t0}{5WFoynj2SUGDMEZmKbHSCQ}{127.0.0.1}{127.0.0.1:9660}[mode=>network]], id[772], master [null], hasJoinedOnce [false], cluster_name[TEST-CHILD_VM=[2]-CLUSTER_SEED=[2858301384796425155]-HASH=[462C14F99751D]-cluster]}, ping_response{node [{node_t0}{5WFoynj2SUGDMEZmKbHSCQ}{127.0.0.1}{127.0.0.1:9660}[mode=>network]], id[772], master [null], hasJoinedOnce [false], cluster_name[TEST-CHILD_VM=[2]-CLUSTER_SEED=[2858301384796425155]-HASH=[462C14F99751D]-cluster]}, ping_response{node [{node_t0}{5WFoynj2SUGDMEZmKbHSCQ}{127.0.0.1}{127.0.0.1:9660}[mode=>network]], id[776], master [null], hasJoinedOnce [false], cluster_name[TEST-CHILD_VM=[2]-CLUSTER_SEED=[2858301384796425155]-HASH=[462C14F99751D]-cluster]}, ping_response{node [{node_t0}{5WFoynj2SUGDMEZmKbHSCQ}{127.0.0.1}{127.0.0.1:9660}[mode=>network]], id[776], master [null], hasJoinedOnce [false], cluster_name[TEST-CHILD_VM=[2]-CLUSTER_SEED=[2858301384796425155]-HASH=[462C14F99751D]-cluster]}, ping_response{node [{node_t0}{5WFoynj2SUGDMEZmKbHSCQ}{127.0.0.1}{127.0.0.1:9660}[mode=>network]], id[776], master [null], hasJoinedOnce [false], cluster_name[TEST-CHILD_VM=[2]-CLUSTER_SEED=[2858301384796425155]-HASH=[462C14F99751D]-cluster]}, ping_response{node [{node_t0}{5WFoynj2SUGDMEZmKbHSCQ}{127.0.0.1}{127.0.0.1:9660}[mode=>network]], id[780], master [null], hasJoinedOnce [false], cluster_name[TEST-CHILD_VM=[2]-CLUSTER_SEED=[2858301384796425155]-HASH=[462C14F99751D]-cluster]}, ping_response{node [{node_t0}{5WFoynj2SUGDMEZmKbHSCQ}{127.0.0.1}{127.0.0.1:9660}[mode=>network]], id[780], master [null], hasJoinedOnce [false], cluster_name[TEST-CHILD_VM=[2]-CLUSTER_SEED=[2858301384796425155]-HASH=[462C14F99751D]-cluster]}, ping_response{node [{node_t0}{5WFoynj2SUGDMEZmKbHSCQ}{127.0.0.1}{127.0.0.1:9660}[mode=>network]], id[780], master [null], hasJoinedOnce [false], cluster_name[TEST-CHILD_VM=[2]-CLUSTER_SEED=[2858301384796425155]-HASH=[462C14F99751D]-cluster]}, ping_response{node [{node_t0}{5WFoynj2SUGDMEZmKbHSCQ}{127.0.0.1}{127.0.0.1:9660}[mode=>network]], id[784], master [null], hasJoinedOnce [false], cluster_name[TEST-CHILD_VM=[2]-CLUSTER_SEED=[2858301384796425155]-HASH=[462C14F99751D]-cluster]}, ping_response{node [{node_t0}{5WFoynj2SUGDMEZmKbHSCQ}{127.0.0.1}{127.0.0.1:9660}[mode=>network]], id[784], master [null], hasJoinedOnce [false], cluster_name[TEST-CHILD_VM=[2]-CLUSTER_SEED=[2858301384796425155]-HASH=[462C14F99751D]-cluster]}, ping_response{node [{node_t0}{5WFoynj2SUGDMEZmKbHSCQ}{127.0.0.1}{127.0.0.1:9660}[mode=>network]], id[784], master [null], hasJoinedOnce [false], cluster_name[TEST-CHILD_VM=[2]-CLUSTER_SEED=[2858301384796425155]-HASH=[462C14F99751D]-cluster]}, ping_response{node [{node_t0}{5WFoynj2SUGDMEZmKbHSCQ}{127.0.0.1}{127.0.0.1:9660}[mode=>network]], id[787], master [null], hasJoinedOnce [false], cluster_name[TEST-CHILD_VM=[2]-CLUSTER_SEED=[2858301384796425155]-HASH=[462C14F99751D]-cluster]}]
[2016-03-30 14:01:59,063][TRACE][org.elasticsearch.discovery.zen.ping.unicast] [node_t0] [2] failed to connect to {#zen_unicast_7#}{::1}{[::1]:9661}
ConnectTransportException[[][[::1]:9661] connect_timeout[30s]]; nested: ConnectException[Connection refused: /0:0:0:0:0:0:0:1:9661];
	at org.elasticsearch.transport.netty.NettyTransport.connectToChannelsLight(NettyTransport.java:948)
	at org.elasticsearch.transport.netty.NettyTransport.connectToNode(NettyTransport.java:912)
	at org.elasticsearch.transport.netty.NettyTransport.connectToNodeLight(NettyTransport.java:884)
	at org.elasticsearch.test.transport.MockTransportService$LookupTestTransport.connectToNodeLight(MockTransportService.java:412)
	at org.elasticsearch.transport.TransportService.connectToNodeLight(TransportService.java:250)
	at org.elasticsearch.discovery.zen.ping.unicast.UnicastZenPing$3.run(UnicastZenPing.java:395)
	at java.util.concurrent.ThreadPoolExecutor.runWorker(ThreadPoolExecutor.java:1142)
	at java.util.concurrent.ThreadPoolExecutor$Worker.run(ThreadPoolExecutor.java:617)
	at java.lang.Thread.run(Thread.java:745)
Caused by: java.net.ConnectException: Connection refused: /0:0:0:0:0:0:0:1:9661
	at sun.nio.ch.SocketChannelImpl.checkConnect(Native Method)
	at sun.nio.ch.SocketChannelImpl.finishConnect(SocketChannelImpl.java:717)
	at org.jboss.netty.channel.socket.nio.NioClientBoss.connect(NioClientBoss.java:152)
	at org.jboss.netty.channel.socket.nio.NioClientBoss.processSelectedKeys(NioClientBoss.java:105)
	at org.jboss.netty.channel.socket.nio.NioClientBoss.process(NioClientBoss.java:79)
	at org.jboss.netty.channel.socket.nio.AbstractNioSelector.run(AbstractNioSelector.java:337)
	at org.jboss.netty.channel.socket.nio.NioClientBoss.run(NioClientBoss.java:42)
	at org.jboss.netty.util.ThreadRenamingRunnable.run(ThreadRenamingRunnable.java:108)
	at org.jboss.netty.util.internal.DeadLockProofWorker$1.run(DeadLockProofWorker.java:42)
	... 3 more
[2016-03-30 14:01:59,067][TRACE][org.elasticsearch.discovery.zen.ping.unicast] [node_t0] [2] failed to connect to {#zen_unicast_8#}{::1}{[::1]:9662}
ConnectTransportException[[][[::1]:9662] connect_timeout[30s]]; nested: ConnectException[Connection refused: /0:0:0:0:0:0:0:1:9662];
	at org.elasticsearch.transport.netty.NettyTransport.connectToChannelsLight(NettyTransport.java:948)
	at org.elasticsearch.transport.netty.NettyTransport.connectToNode(NettyTransport.java:912)
	at org.elasticsearch.transport.netty.NettyTransport.connectToNodeLight(NettyTransport.java:884)
	at org.elasticsearch.test.transport.MockTransportService$LookupTestTransport.connectToNodeLight(MockTransportService.java:412)
	at org.elasticsearch.transport.TransportService.connectToNodeLight(TransportService.java:250)
	at org.elasticsearch.discovery.zen.ping.unicast.UnicastZenPing$3.run(UnicastZenPing.java:395)
	at java.util.concurrent.ThreadPoolExecutor.runWorker(ThreadPoolExecutor.java:1142)
	at java.util.concurrent.ThreadPoolExecutor$Worker.run(ThreadPoolExecutor.java:617)
	at java.lang.Thread.run(Thread.java:745)
Caused by: java.net.ConnectException: Connection refused: /0:0:0:0:0:0:0:1:9662
	at sun.nio.ch.SocketChannelImpl.checkConnect(Native Method)
	at sun.nio.ch.SocketChannelImpl.finishConnect(SocketChannelImpl.java:717)
	at org.jboss.netty.channel.socket.nio.NioClientBoss.connect(NioClientBoss.java:152)
	at org.jboss.netty.channel.socket.nio.NioClientBoss.processSelectedKeys(NioClientBoss.java:105)
	at org.jboss.netty.channel.socket.nio.NioClientBoss.process(NioClientBoss.java:79)
	at org.jboss.netty.channel.socket.nio.AbstractNioSelector.run(AbstractNioSelector.java:337)
	at org.jboss.netty.channel.socket.nio.NioClientBoss.run(NioClientBoss.java:42)
	at org.jboss.netty.util.ThreadRenamingRunnable.run(ThreadRenamingRunnable.java:108)
	at org.jboss.netty.util.internal.DeadLockProofWorker$1.run(DeadLockProofWorker.java:42)
	... 3 more
[2016-03-30 14:01:59,069][TRACE][org.elasticsearch.discovery.zen] [node_t0] full ping responses: {none}
[2016-03-30 14:01:59,069][TRACE][org.elasticsearch.discovery.zen.ping.unicast] [node_t0] [2] disconnecting from {#zen_unicast_2#}{127.0.0.1}{127.0.0.1:9661}
[2016-03-30 14:01:59,070][DEBUG][org.elasticsearch.discovery.zen] [node_t0] filtered ping responses: (filter_client[true], filter_data[false]) {none}
[2016-03-30 14:01:59,070][TRACE][org.elasticsearch.discovery.zen.ping.unicast] [node_t0] [2] disconnecting from {#zen_unicast_6#}{::1}{[::1]:9660}
[2016-03-30 14:01:59,070][TRACE][org.elasticsearch.discovery.zen] [node_t0] not enough master nodes [[{node_t0}{5WFoynj2SUGDMEZmKbHSCQ}{127.0.0.1}{127.0.0.1:9660}[mode=>network]]]
[2016-03-30 14:01:59,070][TRACE][org.elasticsearch.discovery.zen] [node_t0] starting to ping
[2016-03-30 14:01:59,070][TRACE][org.elasticsearch.discovery.zen.ping.unicast] [node_t0] [3] sending to {node_t0}{5WFoynj2SUGDMEZmKbHSCQ}{127.0.0.1}{127.0.0.1:9660}[mode=>network]
[2016-03-30 14:01:59,070][TRACE][org.elasticsearch.discovery.zen.ping.unicast] [node_t0] [2] disconnecting from {#zen_unicast_5#}{127.0.0.1}{127.0.0.1:9664}
[2016-03-30 14:01:59,070][TRACE][org.elasticsearch.discovery.zen.ping.unicast] [node_t0] [2] disconnecting from {#zen_unicast_4#}{127.0.0.1}{127.0.0.1:9663}
[2016-03-30 14:01:59,070][TRACE][org.elasticsearch.discovery.zen.ping.unicast] [node_t0] [3] received response from {node_t0}{5WFoynj2SUGDMEZmKbHSCQ}{127.0.0.1}{127.0.0.1:9660}[mode=>network]: [ping_response{node [{node_t0}{5WFoynj2SUGDMEZmKbHSCQ}{127.0.0.1}{127.0.0.1:9660}[mode=>network]], id[768], master [null], hasJoinedOnce [false], cluster_name[TEST-CHILD_VM=[2]-CLUSTER_SEED=[2858301384796425155]-HASH=[462C14F99751D]-cluster]}, ping_response{node [{node_t0}{5WFoynj2SUGDMEZmKbHSCQ}{127.0.0.1}{127.0.0.1:9660}[mode=>network]], id[768], master [null], hasJoinedOnce [false], cluster_name[TEST-CHILD_VM=[2]-CLUSTER_SEED=[2858301384796425155]-HASH=[462C14F99751D]-cluster]}, ping_response{node [{node_t0}{5WFoynj2SUGDMEZmKbHSCQ}{127.0.0.1}{127.0.0.1:9660}[mode=>network]], id[768], master [null], hasJoinedOnce [false], cluster_name[TEST-CHILD_VM=[2]-CLUSTER_SEED=[2858301384796425155]-HASH=[462C14F99751D]-cluster]}, ping_response{node [{node_t0}{5WFoynj2SUGDMEZmKbHSCQ}{127.0.0.1}{127.0.0.1:9660}[mode=>network]], id[772], master [null], hasJoinedOnce [false], cluster_name[TEST-CHILD_VM=[2]-CLUSTER_SEED=[2858301384796425155]-HASH=[462C14F99751D]-cluster]}, ping_response{node [{node_t0}{5WFoynj2SUGDMEZmKbHSCQ}{127.0.0.1}{127.0.0.1:9660}[mode=>network]], id[772], master [null], hasJoinedOnce [false], cluster_name[TEST-CHILD_VM=[2]-CLUSTER_SEED=[2858301384796425155]-HASH=[462C14F99751D]-cluster]}, ping_response{node [{node_t0}{5WFoynj2SUGDMEZmKbHSCQ}{127.0.0.1}{127.0.0.1:9660}[mode=>network]], id[772], master [null], hasJoinedOnce [false], cluster_name[TEST-CHILD_VM=[2]-CLUSTER_SEED=[2858301384796425155]-HASH=[462C14F99751D]-cluster]}, ping_response{node [{node_t0}{5WFoynj2SUGDMEZmKbHSCQ}{127.0.0.1}{127.0.0.1:9660}[mode=>network]], id[776], master [null], hasJoinedOnce [false], cluster_name[TEST-CHILD_VM=[2]-CLUSTER_SEED=[2858301384796425155]-HASH=[462C14F99751D]-cluster]}, ping_response{node [{node_t0}{5WFoynj2SUGDMEZmKbHSCQ}{127.0.0.1}{127.0.0.1:9660}[mode=>network]], id[776], master [null], hasJoinedOnce [false], cluster_name[TEST-CHILD_VM=[2]-CLUSTER_SEED=[2858301384796425155]-HASH=[462C14F99751D]-cluster]}, ping_response{node [{node_t0}{5WFoynj2SUGDMEZmKbHSCQ}{127.0.0.1}{127.0.0.1:9660}[mode=>network]], id[776], master [null], hasJoinedOnce [false], cluster_name[TEST-CHILD_VM=[2]-CLUSTER_SEED=[2858301384796425155]-HASH=[462C14F99751D]-cluster]}, ping_response{node [{node_t0}{5WFoynj2SUGDMEZmKbHSCQ}{127.0.0.1}{127.0.0.1:9660}[mode=>network]], id[780], master [null], hasJoinedOnce [false], cluster_name[TEST-CHILD_VM=[2]-CLUSTER_SEED=[2858301384796425155]-HASH=[462C14F99751D]-cluster]}, ping_response{node [{node_t0}{5WFoynj2SUGDMEZmKbHSCQ}{127.0.0.1}{127.0.0.1:9660}[mode=>network]], id[780], master [null], hasJoinedOnce [false], cluster_name[TEST-CHILD_VM=[2]-CLUSTER_SEED=[2858301384796425155]-HASH=[462C14F99751D]-cluster]}, ping_response{node [{node_t0}{5WFoynj2SUGDMEZmKbHSCQ}{127.0.0.1}{127.0.0.1:9660}[mode=>network]], id[780], master [null], hasJoinedOnce [false], cluster_name[TEST-CHILD_VM=[2]-CLUSTER_SEED=[2858301384796425155]-HASH=[462C14F99751D]-cluster]}, ping_response{node [{node_t0}{5WFoynj2SUGDMEZmKbHSCQ}{127.0.0.1}{127.0.0.1:9660}[mode=>network]], id[784], master [null], hasJoinedOnce [false], cluster_name[TEST-CHILD_VM=[2]-CLUSTER_SEED=[2858301384796425155]-HASH=[462C14F99751D]-cluster]}, ping_response{node [{node_t0}{5WFoynj2SUGDMEZmKbHSCQ}{127.0.0.1}{127.0.0.1:9660}[mode=>network]], id[784], master [null], hasJoinedOnce [false], cluster_name[TEST-CHILD_VM=[2]-CLUSTER_SEED=[2858301384796425155]-HASH=[462C14F99751D]-cluster]}, ping_response{node [{node_t0}{5WFoynj2SUGDMEZmKbHSCQ}{127.0.0.1}{127.0.0.1:9660}[mode=>network]], id[784], master [null], hasJoinedOnce [false], cluster_name[TEST-CHILD_VM=[2]-CLUSTER_SEED=[2858301384796425155]-HASH=[462C14F99751D]-cluster]}, ping_response{node [{node_t0}{5WFoynj2SUGDMEZmKbHSCQ}{127.0.0.1}{127.0.0.1:9660}[mode=>network]], id[788], master [null], hasJoinedOnce [false], cluster_name[TEST-CHILD_VM=[2]-CLUSTER_SEED=[2858301384796425155]-HASH=[462C14F99751D]-cluster]}, ping_response{node [{node_t0}{5WFoynj2SUGDMEZmKbHSCQ}{127.0.0.1}{127.0.0.1:9660}[mode=>network]], id[789], master [null], hasJoinedOnce [false], cluster_name[TEST-CHILD_VM=[2]-CLUSTER_SEED=[2858301384796425155]-HASH=[462C14F99751D]-cluster]}]
[2016-03-30 14:01:59,070][TRACE][org.elasticsearch.discovery.zen.ping.unicast] [node_t0] [2] disconnecting from {#zen_unicast_3#}{127.0.0.1}{127.0.0.1:9662}
[2016-03-30 14:01:59,071][TRACE][org.elasticsearch.discovery.zen.ping.unicast] [node_t0] [3] connecting (light) to {#zen_unicast_2#}{127.0.0.1}{127.0.0.1:9661}
[2016-03-30 14:01:59,071][TRACE][org.elasticsearch.discovery.zen.ping.unicast] [node_t0] [3] connecting (light) to {#zen_unicast_9#}{::1}{[::1]:9663}
[2016-03-30 14:01:59,071][TRACE][org.elasticsearch.discovery.zen.ping.unicast] [node_t0] [3] connecting (light) to {#zen_unicast_7#}{::1}{[::1]:9661}
[2016-03-30 14:01:59,071][TRACE][org.elasticsearch.discovery.zen.ping.unicast] [node_t0] [3] connecting (light) to {#zen_unicast_6#}{::1}{[::1]:9660}
[2016-03-30 14:01:59,071][TRACE][org.elasticsearch.discovery.zen.ping.unicast] [node_t0] [3] connecting (light) to {#zen_unicast_10#}{::1}{[::1]:9664}
[2016-03-30 14:01:59,071][TRACE][org.elasticsearch.discovery.zen.ping.unicast] [node_t0] [3] sending to {node_t0}{5WFoynj2SUGDMEZmKbHSCQ}{127.0.0.1}{127.0.0.1:9660}[mode=>network]
[2016-03-30 14:01:59,071][TRACE][org.elasticsearch.discovery.zen.ping.unicast] [node_t0] [3] connecting (light) to {#zen_unicast_8#}{::1}{[::1]:9662}
[2016-03-30 14:01:59,071][TRACE][org.elasticsearch.discovery.zen.ping.unicast] [node_t0] [2] disconnecting from {#zen_unicast_10#}{::1}{[::1]:9664}
[2016-03-30 14:01:59,072][TRACE][org.elasticsearch.discovery.zen.ping.unicast] [node_t0] [3] received response from {node_t0}{5WFoynj2SUGDMEZmKbHSCQ}{127.0.0.1}{127.0.0.1:9660}[mode=>network]: [ping_response{node [{node_t0}{5WFoynj2SUGDMEZmKbHSCQ}{127.0.0.1}{127.0.0.1:9660}[mode=>network]], id[768], master [null], hasJoinedOnce [false], cluster_name[TEST-CHILD_VM=[2]-CLUSTER_SEED=[2858301384796425155]-HASH=[462C14F99751D]-cluster]}, ping_response{node [{node_t0}{5WFoynj2SUGDMEZmKbHSCQ}{127.0.0.1}{127.0.0.1:9660}[mode=>network]], id[768], master [null], hasJoinedOnce [false], cluster_name[TEST-CHILD_VM=[2]-CLUSTER_SEED=[2858301384796425155]-HASH=[462C14F99751D]-cluster]}, ping_response{node [{node_t0}{5WFoynj2SUGDMEZmKbHSCQ}{127.0.0.1}{127.0.0.1:9660}[mode=>network]], id[768], master [null], hasJoinedOnce [false], cluster_name[TEST-CHILD_VM=[2]-CLUSTER_SEED=[2858301384796425155]-HASH=[462C14F99751D]-cluster]}, ping_response{node [{node_t0}{5WFoynj2SUGDMEZmKbHSCQ}{127.0.0.1}{127.0.0.1:9660}[mode=>network]], id[772], master [null], hasJoinedOnce [false], cluster_name[TEST-CHILD_VM=[2]-CLUSTER_SEED=[2858301384796425155]-HASH=[462C14F99751D]-cluster]}, ping_response{node [{node_t0}{5WFoynj2SUGDMEZmKbHSCQ}{127.0.0.1}{127.0.0.1:9660}[mode=>network]], id[772], master [null], hasJoinedOnce [false], cluster_name[TEST-CHILD_VM=[2]-CLUSTER_SEED=[2858301384796425155]-HASH=[462C14F99751D]-cluster]}, ping_response{node [{node_t0}{5WFoynj2SUGDMEZmKbHSCQ}{127.0.0.1}{127.0.0.1:9660}[mode=>network]], id[772], master [null], hasJoinedOnce [false], cluster_name[TEST-CHILD_VM=[2]-CLUSTER_SEED=[2858301384796425155]-HASH=[462C14F99751D]-cluster]}, ping_response{node [{node_t0}{5WFoynj2SUGDMEZmKbHSCQ}{127.0.0.1}{127.0.0.1:9660}[mode=>network]], id[776], master [null], hasJoinedOnce [false], cluster_name[TEST-CHILD_VM=[2]-CLUSTER_SEED=[2858301384796425155]-HASH=[462C14F99751D]-cluster]}, ping_response{node [{node_t0}{5WFoynj2SUGDMEZmKbHSCQ}{127.0.0.1}{127.0.0.1:9660}[mode=>network]], id[776], master [null], hasJoinedOnce [false], cluster_name[TEST-CHILD_VM=[2]-CLUSTER_SEED=[2858301384796425155]-HASH=[462C14F99751D]-cluster]}, ping_response{node [{node_t0}{5WFoynj2SUGDMEZmKbHSCQ}{127.0.0.1}{127.0.0.1:9660}[mode=>network]], id[776], master [null], hasJoinedOnce [false], cluster_name[TEST-CHILD_VM=[2]-CLUSTER_SEED=[2858301384796425155]-HASH=[462C14F99751D]-cluster]}, ping_response{node [{node_t0}{5WFoynj2SUGDMEZmKbHSCQ}{127.0.0.1}{127.0.0.1:9660}[mode=>network]], id[780], master [null], hasJoinedOnce [false], cluster_name[TEST-CHILD_VM=[2]-CLUSTER_SEED=[2858301384796425155]-HASH=[462C14F99751D]-cluster]}, ping_response{node [{node_t0}{5WFoynj2SUGDMEZmKbHSCQ}{127.0.0.1}{127.0.0.1:9660}[mode=>network]], id[780], master [null], hasJoinedOnce [false], cluster_name[TEST-CHILD_VM=[2]-CLUSTER_SEED=[2858301384796425155]-HASH=[462C14F99751D]-cluster]}, ping_response{node [{node_t0}{5WFoynj2SUGDMEZmKbHSCQ}{127.0.0.1}{127.0.0.1:9660}[mode=>network]], id[780], master [null], hasJoinedOnce [false], cluster_name[TEST-CHILD_VM=[2]-CLUSTER_SEED=[2858301384796425155]-HASH=[462C14F99751D]-cluster]}, ping_response{node [{node_t0}{5WFoynj2SUGDMEZmKbHSCQ}{127.0.0.1}{127.0.0.1:9660}[mode=>network]], id[784], master [null], hasJoinedOnce [false], cluster_name[TEST-CHILD_VM=[2]-CLUSTER_SEED=[2858301384796425155]-HASH=[462C14F99751D]-cluster]}, ping_response{node [{node_t0}{5WFoynj2SUGDMEZmKbHSCQ}{127.0.0.1}{127.0.0.1:9660}[mode=>network]], id[784], master [null], hasJoinedOnce [false], cluster_name[TEST-CHILD_VM=[2]-CLUSTER_SEED=[2858301384796425155]-HASH=[462C14F99751D]-cluster]}, ping_response{node [{node_t0}{5WFoynj2SUGDMEZmKbHSCQ}{127.0.0.1}{127.0.0.1:9660}[mode=>network]], id[784], master [null], hasJoinedOnce [false], cluster_name[TEST-CHILD_VM=[2]-CLUSTER_SEED=[2858301384796425155]-HASH=[462C14F99751D]-cluster]}, ping_response{node [{node_t0}{5WFoynj2SUGDMEZmKbHSCQ}{127.0.0.1}{127.0.0.1:9660}[mode=>network]], id[788], master [null], hasJoinedOnce [false], cluster_name[TEST-CHILD_VM=[2]-CLUSTER_SEED=[2858301384796425155]-HASH=[462C14F99751D]-cluster]}, ping_response{node [{node_t0}{5WFoynj2SUGDMEZmKbHSCQ}{127.0.0.1}{127.0.0.1:9660}[mode=>network]], id[788], master [null], hasJoinedOnce [false], cluster_name[TEST-CHILD_VM=[2]-CLUSTER_SEED=[2858301384796425155]-HASH=[462C14F99751D]-cluster]}, ping_response{node [{node_t0}{5WFoynj2SUGDMEZmKbHSCQ}{127.0.0.1}{127.0.0.1:9660}[mode=>network]], id[790], master [null], hasJoinedOnce [false], cluster_name[TEST-CHILD_VM=[2]-CLUSTER_SEED=[2858301384796425155]-HASH=[462C14F99751D]-cluster]}]
[2016-03-30 14:01:59,072][TRACE][org.elasticsearch.discovery.zen.ping.unicast] [node_t0] [3] failed to connect to {#zen_unicast_9#}{::1}{[::1]:9663}
ConnectTransportException[[][[::1]:9663] connect_timeout[30s]]; nested: ConnectException[Connection refused: /0:0:0:0:0:0:0:1:9663];
	at org.elasticsearch.transport.netty.NettyTransport.connectToChannelsLight(NettyTransport.java:948)
	at org.elasticsearch.transport.netty.NettyTransport.connectToNode(NettyTransport.java:912)
	at org.elasticsearch.transport.netty.NettyTransport.connectToNodeLight(NettyTransport.java:884)
	at org.elasticsearch.test.transport.MockTransportService$LookupTestTransport.connectToNodeLight(MockTransportService.java:412)
	at org.elasticsearch.transport.TransportService.connectToNodeLight(TransportService.java:250)
	at org.elasticsearch.discovery.zen.ping.unicast.UnicastZenPing$3.run(UnicastZenPing.java:395)
	at java.util.concurrent.ThreadPoolExecutor.runWorker(ThreadPoolExecutor.java:1142)
	at java.util.concurrent.ThreadPoolExecutor$Worker.run(ThreadPoolExecutor.java:617)
	at java.lang.Thread.run(Thread.java:745)
Caused by: java.net.ConnectException: Connection refused: /0:0:0:0:0:0:0:1:9663
	at sun.nio.ch.SocketChannelImpl.checkConnect(Native Method)
	at sun.nio.ch.SocketChannelImpl.finishConnect(SocketChannelImpl.java:717)
	at org.jboss.netty.channel.socket.nio.NioClientBoss.connect(NioClientBoss.java:152)
	at org.jboss.netty.channel.socket.nio.NioClientBoss.processSelectedKeys(NioClientBoss.java:105)
	at org.jboss.netty.channel.socket.nio.NioClientBoss.process(NioClientBoss.java:79)
	at org.jboss.netty.channel.socket.nio.AbstractNioSelector.run(AbstractNioSelector.java:337)
	at org.jboss.netty.channel.socket.nio.NioClientBoss.run(NioClientBoss.java:42)
	at org.jboss.netty.util.ThreadRenamingRunnable.run(ThreadRenamingRunnable.java:108)
	at org.jboss.netty.util.internal.DeadLockProofWorker$1.run(DeadLockProofWorker.java:42)
	... 3 more
[2016-03-30 14:01:59,073][TRACE][org.elasticsearch.discovery.zen.ping.unicast] [node_t0] [2] disconnecting from {#zen_unicast_9#}{::1}{[::1]:9663}
[2016-03-30 14:01:59,071][TRACE][org.elasticsearch.discovery.zen.ping.unicast] [node_t0] [3] connecting (light) to {#zen_unicast_5#}{127.0.0.1}{127.0.0.1:9664}
[2016-03-30 14:01:59,083][TRACE][org.elasticsearch.discovery.zen.ping.unicast] [node_t0] [3] failed to connect to {#zen_unicast_8#}{::1}{[::1]:9662}
ConnectTransportException[[][[::1]:9662] connect_timeout[30s]]; nested: ConnectException[Connection refused: /0:0:0:0:0:0:0:1:9662];
	at org.elasticsearch.transport.netty.NettyTransport.connectToChannelsLight(NettyTransport.java:948)
	at org.elasticsearch.transport.netty.NettyTransport.connectToNode(NettyTransport.java:912)
	at org.elasticsearch.transport.netty.NettyTransport.connectToNodeLight(NettyTransport.java:884)
	at org.elasticsearch.test.transport.MockTransportService$LookupTestTransport.connectToNodeLight(MockTransportService.java:412)
	at org.elasticsearch.transport.TransportService.connectToNodeLight(TransportService.java:250)
	at org.elasticsearch.discovery.zen.ping.unicast.UnicastZenPing$3.run(UnicastZenPing.java:395)
	at java.util.concurrent.ThreadPoolExecutor.runWorker(ThreadPoolExecutor.java:1142)
	at java.util.concurrent.ThreadPoolExecutor$Worker.run(ThreadPoolExecutor.java:617)
	at java.lang.Thread.run(Thread.java:745)
Caused by: java.net.ConnectException: Connection refused: /0:0:0:0:0:0:0:1:9662
	at sun.nio.ch.SocketChannelImpl.checkConnect(Native Method)
	at sun.nio.ch.SocketChannelImpl.finishConnect(SocketChannelImpl.java:717)
	at org.jboss.netty.channel.socket.nio.NioClientBoss.connect(NioClientBoss.java:152)
	at org.jboss.netty.channel.socket.nio.NioClientBoss.processSelectedKeys(NioClientBoss.java:105)
	at org.jboss.netty.channel.socket.nio.NioClientBoss.process(NioClientBoss.java:79)
	at org.jboss.netty.channel.socket.nio.AbstractNioSelector.run(AbstractNioSelector.java:337)
	at org.jboss.netty.channel.socket.nio.NioClientBoss.run(NioClientBoss.java:42)
	at org.jboss.netty.util.ThreadRenamingRunnable.run(ThreadRenamingRunnable.java:108)
	at org.jboss.netty.util.internal.DeadLockProofWorker$1.run(DeadLockProofWorker.java:42)
	... 3 more
[2016-03-30 14:01:59,071][TRACE][org.elasticsearch.discovery.zen.ping.unicast] [node_t0] [3] connecting (light) to {#zen_unicast_4#}{127.0.0.1}{127.0.0.1:9663}
[2016-03-30 14:01:59,071][TRACE][org.elasticsearch.discovery.zen.ping.unicast] [node_t0] [3] connecting (light) to {#zen_unicast_3#}{127.0.0.1}{127.0.0.1:9662}
[2016-03-30 14:01:59,084][TRACE][org.elasticsearch.discovery.zen.ping.unicast] [node_t0] [3] failed to connect to {#zen_unicast_5#}{127.0.0.1}{127.0.0.1:9664}
ConnectTransportException[[][127.0.0.1:9664] connect_timeout[30s]]; nested: ConnectException[Connection refused: /127.0.0.1:9664];
	at org.elasticsearch.transport.netty.NettyTransport.connectToChannelsLight(NettyTransport.java:948)
	at org.elasticsearch.transport.netty.NettyTransport.connectToNode(NettyTransport.java:912)
	at org.elasticsearch.transport.netty.NettyTransport.connectToNodeLight(NettyTransport.java:884)
	at org.elasticsearch.test.transport.MockTransportService$LookupTestTransport.connectToNodeLight(MockTransportService.java:412)
	at org.elasticsearch.transport.TransportService.connectToNodeLight(TransportService.java:250)
	at org.elasticsearch.discovery.zen.ping.unicast.UnicastZenPing$3.run(UnicastZenPing.java:395)
	at java.util.concurrent.ThreadPoolExecutor.runWorker(ThreadPoolExecutor.java:1142)
	at java.util.concurrent.ThreadPoolExecutor$Worker.run(ThreadPoolExecutor.java:617)
	at java.lang.Thread.run(Thread.java:745)
Caused by: java.net.ConnectException: Connection refused: /127.0.0.1:9664
	at sun.nio.ch.SocketChannelImpl.checkConnect(Native Method)
	at sun.nio.ch.SocketChannelImpl.finishConnect(SocketChannelImpl.java:717)
	at org.jboss.netty.channel.socket.nio.NioClientBoss.connect(NioClientBoss.java:152)
	at org.jboss.netty.channel.socket.nio.NioClientBoss.processSelectedKeys(NioClientBoss.java:105)
	at org.jboss.netty.channel.socket.nio.NioClientBoss.process(NioClientBoss.java:79)
	at org.jboss.netty.channel.socket.nio.AbstractNioSelector.run(AbstractNioSelector.java:337)
	at org.jboss.netty.channel.socket.nio.NioClientBoss.run(NioClientBoss.java:42)
	at org.jboss.netty.util.ThreadRenamingRunnable.run(ThreadRenamingRunnable.java:108)
	at org.jboss.netty.util.internal.DeadLockProofWorker$1.run(DeadLockProofWorker.java:42)
	... 3 more
[2016-03-30 14:01:59,085][TRACE][org.elasticsearch.discovery.zen.ping.unicast] [node_t0] [3] failed to connect to {#zen_unicast_4#}{127.0.0.1}{127.0.0.1:9663}
ConnectTransportException[[][127.0.0.1:9663] connect_timeout[30s]]; nested: ConnectException[Connection refused: /127.0.0.1:9663];
	at org.elasticsearch.transport.netty.NettyTransport.connectToChannelsLight(NettyTransport.java:948)
	at org.elasticsearch.transport.netty.NettyTransport.connectToNode(NettyTransport.java:912)
	at org.elasticsearch.transport.netty.NettyTransport.connectToNodeLight(NettyTransport.java:884)
	at org.elasticsearch.test.transport.MockTransportService$LookupTestTransport.connectToNodeLight(MockTransportService.java:412)
	at org.elasticsearch.transport.TransportService.connectToNodeLight(TransportService.java:250)
	at org.elasticsearch.discovery.zen.ping.unicast.UnicastZenPing$3.run(UnicastZenPing.java:395)
	at java.util.concurrent.ThreadPoolExecutor.runWorker(ThreadPoolExecutor.java:1142)
	at java.util.concurrent.ThreadPoolExecutor$Worker.run(ThreadPoolExecutor.java:617)
	at java.lang.Thread.run(Thread.java:745)
Caused by: java.net.ConnectException: Connection refused: /127.0.0.1:9663
	at sun.nio.ch.SocketChannelImpl.checkConnect(Native Method)
	at sun.nio.ch.SocketChannelImpl.finishConnect(SocketChannelImpl.java:717)
	at org.jboss.netty.channel.socket.nio.NioClientBoss.connect(NioClientBoss.java:152)
	at org.jboss.netty.channel.socket.nio.NioClientBoss.processSelectedKeys(NioClientBoss.java:105)
	at org.jboss.netty.channel.socket.nio.NioClientBoss.process(NioClientBoss.java:79)
	at org.jboss.netty.channel.socket.nio.AbstractNioSelector.run(AbstractNioSelector.java:337)
	at org.jboss.netty.channel.socket.nio.NioClientBoss.run(NioClientBoss.java:42)
	at org.jboss.netty.util.ThreadRenamingRunnable.run(ThreadRenamingRunnable.java:108)
	at org.jboss.netty.util.internal.DeadLockProofWorker$1.run(DeadLockProofWorker.java:42)
	... 3 more
[2016-03-30 14:01:59,083][TRACE][org.elasticsearch.discovery.zen.ping.unicast] [node_t0] [2] disconnecting from {#zen_unicast_8#}{::1}{[::1]:9662}
[2016-03-30 14:01:59,073][TRACE][org.elasticsearch.discovery.zen.ping.unicast] [node_t0] [3] failed to connect to {#zen_unicast_10#}{::1}{[::1]:9664}
ConnectTransportException[[][[::1]:9664] connect_timeout[30s]]; nested: ConnectException[Connection refused: /0:0:0:0:0:0:0:1:9664];
	at org.elasticsearch.transport.netty.NettyTransport.connectToChannelsLight(NettyTransport.java:948)
	at org.elasticsearch.transport.netty.NettyTransport.connectToNode(NettyTransport.java:912)
	at org.elasticsearch.transport.netty.NettyTransport.connectToNodeLight(NettyTransport.java:884)
	at org.elasticsearch.test.transport.MockTransportService$LookupTestTransport.connectToNodeLight(MockTransportService.java:412)
	at org.elasticsearch.transport.TransportService.connectToNodeLight(TransportService.java:250)
	at org.elasticsearch.discovery.zen.ping.unicast.UnicastZenPing$3.run(UnicastZenPing.java:395)
	at java.util.concurrent.ThreadPoolExecutor.runWorker(ThreadPoolExecutor.java:1142)
	at java.util.concurrent.ThreadPoolExecutor$Worker.run(ThreadPoolExecutor.java:617)
	at java.lang.Thread.run(Thread.java:745)
Caused by: java.net.ConnectException: Connection refused: /0:0:0:0:0:0:0:1:9664
	at sun.nio.ch.SocketChannelImpl.checkConnect(Native Method)
	at sun.nio.ch.SocketChannelImpl.finishConnect(SocketChannelImpl.java:717)
	at org.jboss.netty.channel.socket.nio.NioClientBoss.connect(NioClientBoss.java:152)
	at org.jboss.netty.channel.socket.nio.NioClientBoss.processSelectedKeys(NioClientBoss.java:105)
	at org.jboss.netty.channel.socket.nio.NioClientBoss.process(NioClientBoss.java:79)
	at org.jboss.netty.channel.socket.nio.AbstractNioSelector.run(AbstractNioSelector.java:337)
	at org.jboss.netty.channel.socket.nio.NioClientBoss.run(NioClientBoss.java:42)
	at org.jboss.netty.util.ThreadRenamingRunnable.run(ThreadRenamingRunnable.java:108)
	at org.jboss.netty.util.internal.DeadLockProofWorker$1.run(DeadLockProofWorker.java:42)
	... 3 more
[2016-03-30 14:01:59,073][TRACE][org.elasticsearch.discovery.zen.ping.unicast] [node_t0] [3] connected to {#zen_unicast_6#}{::1}{[::1]:9660}
[2016-03-30 14:01:59,073][TRACE][org.elasticsearch.discovery.zen.ping.unicast] [node_t0] [3] failed to connect to {#zen_unicast_7#}{::1}{[::1]:9661}
ConnectTransportException[[][[::1]:9661] connect_timeout[30s]]; nested: ConnectException[Connection refused: /0:0:0:0:0:0:0:1:9661];
	at org.elasticsearch.transport.netty.NettyTransport.connectToChannelsLight(NettyTransport.java:948)
	at org.elasticsearch.transport.netty.NettyTransport.connectToNode(NettyTransport.java:912)
	at org.elasticsearch.transport.netty.NettyTransport.connectToNodeLight(NettyTransport.java:884)
	at org.elasticsearch.test.transport.MockTransportService$LookupTestTransport.connectToNodeLight(MockTransportService.java:412)
	at org.elasticsearch.transport.TransportService.connectToNodeLight(TransportService.java:250)
	at org.elasticsearch.discovery.zen.ping.unicast.UnicastZenPing$3.run(UnicastZenPing.java:395)
	at java.util.concurrent.ThreadPoolExecutor.runWorker(ThreadPoolExecutor.java:1142)
	at java.util.concurrent.ThreadPoolExecutor$Worker.run(ThreadPoolExecutor.java:617)
	at java.lang.Thread.run(Thread.java:745)
Caused by: java.net.ConnectException: Connection refused: /0:0:0:0:0:0:0:1:9661
	at sun.nio.ch.SocketChannelImpl.checkConnect(Native Method)
	at sun.nio.ch.SocketChannelImpl.finishConnect(SocketChannelImpl.java:717)
	at org.jboss.netty.channel.socket.nio.NioClientBoss.connect(NioClientBoss.java:152)
	at org.jboss.netty.channel.socket.nio.NioClientBoss.processSelectedKeys(NioClientBoss.java:105)
	at org.jboss.netty.channel.socket.nio.NioClientBoss.process(NioClientBoss.java:79)
	at org.jboss.netty.channel.socket.nio.AbstractNioSelector.run(AbstractNioSelector.java:337)
	at org.jboss.netty.channel.socket.nio.NioClientBoss.run(NioClientBoss.java:42)
	at org.jboss.netty.util.ThreadRenamingRunnable.run(ThreadRenamingRunnable.java:108)
	at org.jboss.netty.util.internal.DeadLockProofWorker$1.run(DeadLockProofWorker.java:42)
	... 3 more
[2016-03-30 14:01:59,072][TRACE][org.elasticsearch.discovery.zen.ping.unicast] [node_t0] [3] failed to connect to {#zen_unicast_2#}{127.0.0.1}{127.0.0.1:9661}
ConnectTransportException[[][127.0.0.1:9661] connect_timeout[30s]]; nested: ConnectException[Connection refused: /127.0.0.1:9661];
	at org.elasticsearch.transport.netty.NettyTransport.connectToChannelsLight(NettyTransport.java:948)
	at org.elasticsearch.transport.netty.NettyTransport.connectToNode(NettyTransport.java:912)
	at org.elasticsearch.transport.netty.NettyTransport.connectToNodeLight(NettyTransport.java:884)
	at org.elasticsearch.test.transport.MockTransportService$LookupTestTransport.connectToNodeLight(MockTransportService.java:412)
	at org.elasticsearch.transport.TransportService.connectToNodeLight(TransportService.java:250)
	at org.elasticsearch.discovery.zen.ping.unicast.UnicastZenPing$3.run(UnicastZenPing.java:395)
	at java.util.concurrent.ThreadPoolExecutor.runWorker(ThreadPoolExecutor.java:1142)
	at java.util.concurrent.ThreadPoolExecutor$Worker.run(ThreadPoolExecutor.java:617)
	at java.lang.Thread.run(Thread.java:745)
Caused by: java.net.ConnectException: Connection refused: /127.0.0.1:9661
	at sun.nio.ch.SocketChannelImpl.checkConnect(Native Method)
	at sun.nio.ch.SocketChannelImpl.finishConnect(SocketChannelImpl.java:717)
	at org.jboss.netty.channel.socket.nio.NioClientBoss.connect(NioClientBoss.java:152)
	at org.jboss.netty.channel.socket.nio.NioClientBoss.processSelectedKeys(NioClientBoss.java:105)
	at org.jboss.netty.channel.socket.nio.NioClientBoss.process(NioClientBoss.java:79)
	at org.jboss.netty.channel.socket.nio.AbstractNioSelector.run(AbstractNioSelector.java:337)
	at org.jboss.netty.channel.socket.nio.NioClientBoss.run(NioClientBoss.java:42)
	at org.jboss.netty.util.ThreadRenamingRunnable.run(ThreadRenamingRunnable.java:108)
	at org.jboss.netty.util.internal.DeadLockProofWorker$1.run(DeadLockProofWorker.java:42)
	... 3 more
[2016-03-30 14:01:59,086][TRACE][org.elasticsearch.discovery.zen.ping.unicast] [node_t0] [3] sending to {#zen_unicast_6#}{::1}{[::1]:9660}
[2016-03-30 14:01:59,085][TRACE][org.elasticsearch.discovery.zen.ping.unicast] [node_t0] [2] disconnecting from {#zen_unicast_7#}{::1}{[::1]:9661}
[2016-03-30 14:01:59,085][TRACE][org.elasticsearch.discovery.zen.ping.unicast] [node_t0] [3] failed to connect to {#zen_unicast_3#}{127.0.0.1}{127.0.0.1:9662}
ConnectTransportException[[][127.0.0.1:9662] connect_timeout[30s]]; nested: ConnectException[Connection refused: /127.0.0.1:9662];
	at org.elasticsearch.transport.netty.NettyTransport.connectToChannelsLight(NettyTransport.java:948)
	at org.elasticsearch.transport.netty.NettyTransport.connectToNode(NettyTransport.java:912)
	at org.elasticsearch.transport.netty.NettyTransport.connectToNodeLight(NettyTransport.java:884)
	at org.elasticsearch.test.transport.MockTransportService$LookupTestTransport.connectToNodeLight(MockTransportService.java:412)
	at org.elasticsearch.transport.TransportService.connectToNodeLight(TransportService.java:250)
	at org.elasticsearch.discovery.zen.ping.unicast.UnicastZenPing$3.run(UnicastZenPing.java:395)
	at java.util.concurrent.ThreadPoolExecutor.runWorker(ThreadPoolExecutor.java:1142)
	at java.util.concurrent.ThreadPoolExecutor$Worker.run(ThreadPoolExecutor.java:617)
	at java.lang.Thread.run(Thread.java:745)
Caused by: java.net.ConnectException: Connection refused: /127.0.0.1:9662
	at sun.nio.ch.SocketChannelImpl.checkConnect(Native Method)
	at sun.nio.ch.SocketChannelImpl.finishConnect(SocketChannelImpl.java:717)
	at org.jboss.netty.channel.socket.nio.NioClientBoss.connect(NioClientBoss.java:152)
	at org.jboss.netty.channel.socket.nio.NioClientBoss.processSelectedKeys(NioClientBoss.java:105)
	at org.jboss.netty.channel.socket.nio.NioClientBoss.process(NioClientBoss.java:79)
	at org.jboss.netty.channel.socket.nio.AbstractNioSelector.run(AbstractNioSelector.java:337)
	at org.jboss.netty.channel.socket.nio.NioClientBoss.run(NioClientBoss.java:42)
	at org.jboss.netty.util.ThreadRenamingRunnable.run(ThreadRenamingRunnable.java:108)
	at org.jboss.netty.util.internal.DeadLockProofWorker$1.run(DeadLockProofWorker.java:42)
	... 3 more
[2016-03-30 14:01:59,089][TRACE][org.elasticsearch.discovery.zen.ping.unicast] [node_t0] [3] received response from {#zen_unicast_6#}{::1}{[::1]:9660}: [ping_response{node [{node_t0}{5WFoynj2SUGDMEZmKbHSCQ}{127.0.0.1}{127.0.0.1:9660}[mode=>network]], id[768], master [null], hasJoinedOnce [false], cluster_name[TEST-CHILD_VM=[2]-CLUSTER_SEED=[2858301384796425155]-HASH=[462C14F99751D]-cluster]}, ping_response{node [{node_t0}{5WFoynj2SUGDMEZmKbHSCQ}{127.0.0.1}{127.0.0.1:9660}[mode=>network]], id[768], master [null], hasJoinedOnce [false], cluster_name[TEST-CHILD_VM=[2]-CLUSTER_SEED=[2858301384796425155]-HASH=[462C14F99751D]-cluster]}, ping_response{node [{node_t0}{5WFoynj2SUGDMEZmKbHSCQ}{127.0.0.1}{127.0.0.1:9660}[mode=>network]], id[768], master [null], hasJoinedOnce [false], cluster_name[TEST-CHILD_VM=[2]-CLUSTER_SEED=[2858301384796425155]-HASH=[462C14F99751D]-cluster]}, ping_response{node [{node_t0}{5WFoynj2SUGDMEZmKbHSCQ}{127.0.0.1}{127.0.0.1:9660}[mode=>network]], id[772], master [null], hasJoinedOnce [false], cluster_name[TEST-CHILD_VM=[2]-CLUSTER_SEED=[2858301384796425155]-HASH=[462C14F99751D]-cluster]}, ping_response{node [{node_t0}{5WFoynj2SUGDMEZmKbHSCQ}{127.0.0.1}{127.0.0.1:9660}[mode=>network]], id[772], master [null], hasJoinedOnce [false], cluster_name[TEST-CHILD_VM=[2]-CLUSTER_SEED=[2858301384796425155]-HASH=[462C14F99751D]-cluster]}, ping_response{node [{node_t0}{5WFoynj2SUGDMEZmKbHSCQ}{127.0.0.1}{127.0.0.1:9660}[mode=>network]], id[772], master [null], hasJoinedOnce [false], cluster_name[TEST-CHILD_VM=[2]-CLUSTER_SEED=[2858301384796425155]-HASH=[462C14F99751D]-cluster]}, ping_response{node [{node_t0}{5WFoynj2SUGDMEZmKbHSCQ}{127.0.0.1}{127.0.0.1:9660}[mode=>network]], id[776], master [null], hasJoinedOnce [false], cluster_name[TEST-CHILD_VM=[2]-CLUSTER_SEED=[2858301384796425155]-HASH=[462C14F99751D]-cluster]}, ping_response{node [{node_t0}{5WFoynj2SUGDMEZmKbHSCQ}{127.0.0.1}{127.0.0.1:9660}[mode=>network]], id[776], master [null], hasJoinedOnce [false], cluster_name[TEST-CHILD_VM=[2]-CLUSTER_SEED=[2858301384796425155]-HASH=[462C14F99751D]-cluster]}, ping_response{node [{node_t0}{5WFoynj2SUGDMEZmKbHSCQ}{127.0.0.1}{127.0.0.1:9660}[mode=>network]], id[776], master [null], hasJoinedOnce [false], cluster_name[TEST-CHILD_VM=[2]-CLUSTER_SEED=[2858301384796425155]-HASH=[462C14F99751D]-cluster]}, ping_response{node [{node_t0}{5WFoynj2SUGDMEZmKbHSCQ}{127.0.0.1}{127.0.0.1:9660}[mode=>network]], id[780], master [null], hasJoinedOnce [false], cluster_name[TEST-CHILD_VM=[2]-CLUSTER_SEED=[2858301384796425155]-HASH=[462C14F99751D]-cluster]}, ping_response{node [{node_t0}{5WFoynj2SUGDMEZmKbHSCQ}{127.0.0.1}{127.0.0.1:9660}[mode=>network]], id[780], master [null], hasJoinedOnce [false], cluster_name[TEST-CHILD_VM=[2]-CLUSTER_SEED=[2858301384796425155]-HASH=[462C14F99751D]-cluster]}, ping_response{node [{node_t0}{5WFoynj2SUGDMEZmKbHSCQ}{127.0.0.1}{127.0.0.1:9660}[mode=>network]], id[780], master [null], hasJoinedOnce [false], cluster_name[TEST-CHILD_VM=[2]-CLUSTER_SEED=[2858301384796425155]-HASH=[462C14F99751D]-cluster]}, ping_response{node [{node_t0}{5WFoynj2SUGDMEZmKbHSCQ}{127.0.0.1}{127.0.0.1:9660}[mode=>network]], id[784], master [null], hasJoinedOnce [false], cluster_name[TEST-CHILD_VM=[2]-CLUSTER_SEED=[2858301384796425155]-HASH=[462C14F99751D]-cluster]}, ping_response{node [{node_t0}{5WFoynj2SUGDMEZmKbHSCQ}{127.0.0.1}{127.0.0.1:9660}[mode=>network]], id[784], master [null], hasJoinedOnce [false], cluster_name[TEST-CHILD_VM=[2]-CLUSTER_SEED=[2858301384796425155]-HASH=[462C14F99751D]-cluster]}, ping_response{node [{node_t0}{5WFoynj2SUGDMEZmKbHSCQ}{127.0.0.1}{127.0.0.1:9660}[mode=>network]], id[784], master [null], hasJoinedOnce [false], cluster_name[TEST-CHILD_VM=[2]-CLUSTER_SEED=[2858301384796425155]-HASH=[462C14F99751D]-cluster]}, ping_response{node [{node_t0}{5WFoynj2SUGDMEZmKbHSCQ}{127.0.0.1}{127.0.0.1:9660}[mode=>network]], id[788], master [null], hasJoinedOnce [false], cluster_name[TEST-CHILD_VM=[2]-CLUSTER_SEED=[2858301384796425155]-HASH=[462C14F99751D]-cluster]}, ping_response{node [{node_t0}{5WFoynj2SUGDMEZmKbHSCQ}{127.0.0.1}{127.0.0.1:9660}[mode=>network]], id[788], master [null], hasJoinedOnce [false], cluster_name[TEST-CHILD_VM=[2]-CLUSTER_SEED=[2858301384796425155]-HASH=[462C14F99751D]-cluster]}, ping_response{node [{node_t0}{5WFoynj2SUGDMEZmKbHSCQ}{127.0.0.1}{127.0.0.1:9660}[mode=>network]], id[788], master [null], hasJoinedOnce [false], cluster_name[TEST-CHILD_VM=[2]-CLUSTER_SEED=[2858301384796425155]-HASH=[462C14F99751D]-cluster]}, ping_response{node [{node_t0}{5WFoynj2SUGDMEZmKbHSCQ}{127.0.0.1}{127.0.0.1:9660}[mode=>network]], id[791], master [null], hasJoinedOnce [false], cluster_name[TEST-CHILD_VM=[2]-CLUSTER_SEED=[2858301384796425155]-HASH=[462C14F99751D]-cluster]}]
[2016-03-30 14:01:59,130][WARN ][org.elasticsearch.discovery] [node_t0] waited for 500ms and no initial state was set by the discovery
[2016-03-30 14:01:59,130][TRACE][org.elasticsearch.cluster.service] [node_t0] will process [gateway_initial_state_recovery]
[2016-03-30 14:01:59,131][DEBUG][org.elasticsearch.cluster.service] [node_t0] processing [gateway_initial_state_recovery]: execute
[2016-03-30 14:01:59,131][DEBUG][org.elasticsearch.cluster.service] [node_t0] processing [gateway_initial_state_recovery]: took 0s no change in cluster_state
[2016-03-30 14:01:59,149][TRACE][org.elasticsearch.transport.tracer] [transport_client_node_t0] [1][cluster:monitor/state] sent to [{node_t0}{5WFoynj2SUGDMEZmKbHSCQ}{127.0.0.1}{127.0.0.1:9660}[mode=>network]] (timeout: [null])
[2016-03-30 14:01:59,150][TRACE][org.elasticsearch.transport.tracer] [transport_client_node_t0] [1][cluster:monitor/state] received response from [{node_t0}{5WFoynj2SUGDMEZmKbHSCQ}{127.0.0.1}{127.0.0.1:9660}[mode=>network]]
[2016-03-30 14:01:59,174][TRACE][org.elasticsearch.discovery.zen.ping.unicast] [node_t0] [3] sending to {node_t0}{5WFoynj2SUGDMEZmKbHSCQ}{127.0.0.1}{127.0.0.1:9660}[mode=>network]
[2016-03-30 14:01:59,174][TRACE][org.elasticsearch.discovery.zen.ping.unicast] [node_t0] [3] received response from {node_t0}{5WFoynj2SUGDMEZmKbHSCQ}{127.0.0.1}{127.0.0.1:9660}[mode=>network]: [ping_response{node [{node_t0}{5WFoynj2SUGDMEZmKbHSCQ}{127.0.0.1}{127.0.0.1:9660}[mode=>network]], id[772], master [null], hasJoinedOnce [false], cluster_name[TEST-CHILD_VM=[2]-CLUSTER_SEED=[2858301384796425155]-HASH=[462C14F99751D]-cluster]}, ping_response{node [{node_t0}{5WFoynj2SUGDMEZmKbHSCQ}{127.0.0.1}{127.0.0.1:9660}[mode=>network]], id[772], master [null], hasJoinedOnce [false], cluster_name[TEST-CHILD_VM=[2]-CLUSTER_SEED=[2858301384796425155]-HASH=[462C14F99751D]-cluster]}, ping_response{node [{node_t0}{5WFoynj2SUGDMEZmKbHSCQ}{127.0.0.1}{127.0.0.1:9660}[mode=>network]], id[772], master [null], hasJoinedOnce [false], cluster_name[TEST-CHILD_VM=[2]-CLUSTER_SEED=[2858301384796425155]-HASH=[462C14F99751D]-cluster]}, ping_response{node [{node_t0}{5WFoynj2SUGDMEZmKbHSCQ}{127.0.0.1}{127.0.0.1:9660}[mode=>network]], id[776], master [null], hasJoinedOnce [false], cluster_name[TEST-CHILD_VM=[2]-CLUSTER_SEED=[2858301384796425155]-HASH=[462C14F99751D]-cluster]}, ping_response{node [{node_t0}{5WFoynj2SUGDMEZmKbHSCQ}{127.0.0.1}{127.0.0.1:9660}[mode=>network]], id[776], master [null], hasJoinedOnce [false], cluster_name[TEST-CHILD_VM=[2]-CLUSTER_SEED=[2858301384796425155]-HASH=[462C14F99751D]-cluster]}, ping_response{node [{node_t0}{5WFoynj2SUGDMEZmKbHSCQ}{127.0.0.1}{127.0.0.1:9660}[mode=>network]], id[776], master [null], hasJoinedOnce [false], cluster_name[TEST-CHILD_VM=[2]-CLUSTER_SEED=[2858301384796425155]-HASH=[462C14F99751D]-cluster]}, ping_response{node [{node_t0}{5WFoynj2SUGDMEZmKbHSCQ}{127.0.0.1}{127.0.0.1:9660}[mode=>network]], id[780], master [null], hasJoinedOnce [false], cluster_name[TEST-CHILD_VM=[2]-CLUSTER_SEED=[2858301384796425155]-HASH=[462C14F99751D]-cluster]}, ping_response{node [{node_t0}{5WFoynj2SUGDMEZmKbHSCQ}{127.0.0.1}{127.0.0.1:9660}[mode=>network]], id[780], master [null], hasJoinedOnce [false], cluster_name[TEST-CHILD_VM=[2]-CLUSTER_SEED=[2858301384796425155]-HASH=[462C14F99751D]-cluster]}, ping_response{node [{node_t0}{5WFoynj2SUGDMEZmKbHSCQ}{127.0.0.1}{127.0.0.1:9660}[mode=>network]], id[780], master [null], hasJoinedOnce [false], cluster_name[TEST-CHILD_VM=[2]-CLUSTER_SEED=[2858301384796425155]-HASH=[462C14F99751D]-cluster]}, ping_response{node [{node_t0}{5WFoynj2SUGDMEZmKbHSCQ}{127.0.0.1}{127.0.0.1:9660}[mode=>network]], id[784], master [null], hasJoinedOnce [false], cluster_name[TEST-CHILD_VM=[2]-CLUSTER_SEED=[2858301384796425155]-HASH=[462C14F99751D]-cluster]}, ping_response{node [{node_t0}{5WFoynj2SUGDMEZmKbHSCQ}{127.0.0.1}{127.0.0.1:9660}[mode=>network]], id[784], master [null], hasJoinedOnce [false], cluster_name[TEST-CHILD_VM=[2]-CLUSTER_SEED=[2858301384796425155]-HASH=[462C14F99751D]-cluster]}, ping_response{node [{node_t0}{5WFoynj2SUGDMEZmKbHSCQ}{127.0.0.1}{127.0.0.1:9660}[mode=>network]], id[784], master [null], hasJoinedOnce [false], cluster_name[TEST-CHILD_VM=[2]-CLUSTER_SEED=[2858301384796425155]-HASH=[462C14F99751D]-cluster]}, ping_response{node [{node_t0}{5WFoynj2SUGDMEZmKbHSCQ}{127.0.0.1}{127.0.0.1:9660}[mode=>network]], id[788], master [null], hasJoinedOnce [false], cluster_name[TEST-CHILD_VM=[2]-CLUSTER_SEED=[2858301384796425155]-HASH=[462C14F99751D]-cluster]}, ping_response{node [{node_t0}{5WFoynj2SUGDMEZmKbHSCQ}{127.0.0.1}{127.0.0.1:9660}[mode=>network]], id[788], master [null], hasJoinedOnce [false], cluster_name[TEST-CHILD_VM=[2]-CLUSTER_SEED=[2858301384796425155]-HASH=[462C14F99751D]-cluster]}, ping_response{node [{node_t0}{5WFoynj2SUGDMEZmKbHSCQ}{127.0.0.1}{127.0.0.1:9660}[mode=>network]], id[788], master [null], hasJoinedOnce [false], cluster_name[TEST-CHILD_VM=[2]-CLUSTER_SEED=[2858301384796425155]-HASH=[462C14F99751D]-cluster]}, ping_response{node [{node_t0}{5WFoynj2SUGDMEZmKbHSCQ}{127.0.0.1}{127.0.0.1:9660}[mode=>network]], id[792], master [null], hasJoinedOnce [false], cluster_name[TEST-CHILD_VM=[2]-CLUSTER_SEED=[2858301384796425155]-HASH=[462C14F99751D]-cluster]}, ping_response{node [{node_t0}{5WFoynj2SUGDMEZmKbHSCQ}{127.0.0.1}{127.0.0.1:9660}[mode=>network]], id[793], master [null], hasJoinedOnce [false], cluster_name[TEST-CHILD_VM=[2]-CLUSTER_SEED=[2858301384796425155]-HASH=[462C14F99751D]-cluster]}]
[2016-03-30 14:01:59,175][TRACE][org.elasticsearch.discovery.zen.ping.unicast] [node_t0] [3] connecting (light) to {#zen_unicast_2#}{127.0.0.1}{127.0.0.1:9661}
[2016-03-30 14:01:59,175][TRACE][org.elasticsearch.discovery.zen.ping.unicast] [node_t0] [3] connecting (light) to {#zen_unicast_3#}{127.0.0.1}{127.0.0.1:9662}
[2016-03-30 14:01:59,175][TRACE][org.elasticsearch.discovery.zen.ping.unicast] [node_t0] [3] connecting (light) to {#zen_unicast_5#}{127.0.0.1}{127.0.0.1:9664}
[2016-03-30 14:01:59,175][TRACE][org.elasticsearch.discovery.zen.ping.unicast] [node_t0] [3] sending to {#zen_unicast_6#}{::1}{[::1]:9660}
[2016-03-30 14:01:59,175][TRACE][org.elasticsearch.discovery.zen.ping.unicast] [node_t0] [3] connecting (light) to {#zen_unicast_4#}{127.0.0.1}{127.0.0.1:9663}
[2016-03-30 14:01:59,176][TRACE][org.elasticsearch.discovery.zen.ping.unicast] [node_t0] [3] connecting (light) to {#zen_unicast_7#}{::1}{[::1]:9661}
[2016-03-30 14:01:59,176][TRACE][org.elasticsearch.discovery.zen.ping.unicast] [node_t0] [3] connecting (light) to {#zen_unicast_8#}{::1}{[::1]:9662}
[2016-03-30 14:01:59,176][TRACE][org.elasticsearch.discovery.zen.ping.unicast] [node_t0] [3] sending to {node_t0}{5WFoynj2SUGDMEZmKbHSCQ}{127.0.0.1}{127.0.0.1:9660}[mode=>network]
[2016-03-30 14:01:59,176][TRACE][org.elasticsearch.discovery.zen.ping.unicast] [node_t0] [3] connecting (light) to {#zen_unicast_10#}{::1}{[::1]:9664}
[2016-03-30 14:01:59,176][TRACE][org.elasticsearch.discovery.zen.ping.unicast] [node_t0] [3] connecting (light) to {#zen_unicast_9#}{::1}{[::1]:9663}
[2016-03-30 14:01:59,176][TRACE][org.elasticsearch.discovery.zen.ping.unicast] [node_t0] [3] received response from {node_t0}{5WFoynj2SUGDMEZmKbHSCQ}{127.0.0.1}{127.0.0.1:9660}[mode=>network]: [ping_response{node [{node_t0}{5WFoynj2SUGDMEZmKbHSCQ}{127.0.0.1}{127.0.0.1:9660}[mode=>network]], id[772], master [null], hasJoinedOnce [false], cluster_name[TEST-CHILD_VM=[2]-CLUSTER_SEED=[2858301384796425155]-HASH=[462C14F99751D]-cluster]}, ping_response{node [{node_t0}{5WFoynj2SUGDMEZmKbHSCQ}{127.0.0.1}{127.0.0.1:9660}[mode=>network]], id[772], master [null], hasJoinedOnce [false], cluster_name[TEST-CHILD_VM=[2]-CLUSTER_SEED=[2858301384796425155]-HASH=[462C14F99751D]-cluster]}, ping_response{node [{node_t0}{5WFoynj2SUGDMEZmKbHSCQ}{127.0.0.1}{127.0.0.1:9660}[mode=>network]], id[772], master [null], hasJoinedOnce [false], cluster_name[TEST-CHILD_VM=[2]-CLUSTER_SEED=[2858301384796425155]-HASH=[462C14F99751D]-cluster]}, ping_response{node [{node_t0}{5WFoynj2SUGDMEZmKbHSCQ}{127.0.0.1}{127.0.0.1:9660}[mode=>network]], id[776], master [null], hasJoinedOnce [false], cluster_name[TEST-CHILD_VM=[2]-CLUSTER_SEED=[2858301384796425155]-HASH=[462C14F99751D]-cluster]}, ping_response{node [{node_t0}{5WFoynj2SUGDMEZmKbHSCQ}{127.0.0.1}{127.0.0.1:9660}[mode=>network]], id[776], master [null], hasJoinedOnce [false], cluster_name[TEST-CHILD_VM=[2]-CLUSTER_SEED=[2858301384796425155]-HASH=[462C14F99751D]-cluster]}, ping_response{node [{node_t0}{5WFoynj2SUGDMEZmKbHSCQ}{127.0.0.1}{127.0.0.1:9660}[mode=>network]], id[776], master [null], hasJoinedOnce [false], cluster_name[TEST-CHILD_VM=[2]-CLUSTER_SEED=[2858301384796425155]-HASH=[462C14F99751D]-cluster]}, ping_response{node [{node_t0}{5WFoynj2SUGDMEZmKbHSCQ}{127.0.0.1}{127.0.0.1:9660}[mode=>network]], id[780], master [null], hasJoinedOnce [false], cluster_name[TEST-CHILD_VM=[2]-CLUSTER_SEED=[2858301384796425155]-HASH=[462C14F99751D]-cluster]}, ping_response{node [{node_t0}{5WFoynj2SUGDMEZmKbHSCQ}{127.0.0.1}{127.0.0.1:9660}[mode=>network]], id[780], master [null], hasJoinedOnce [false], cluster_name[TEST-CHILD_VM=[2]-CLUSTER_SEED=[2858301384796425155]-HASH=[462C14F99751D]-cluster]}, ping_response{node [{node_t0}{5WFoynj2SUGDMEZmKbHSCQ}{127.0.0.1}{127.0.0.1:9660}[mode=>network]], id[780], master [null], hasJoinedOnce [false], cluster_name[TEST-CHILD_VM=[2]-CLUSTER_SEED=[2858301384796425155]-HASH=[462C14F99751D]-cluster]}, ping_response{node [{node_t0}{5WFoynj2SUGDMEZmKbHSCQ}{127.0.0.1}{127.0.0.1:9660}[mode=>network]], id[784], master [null], hasJoinedOnce [false], cluster_name[TEST-CHILD_VM=[2]-CLUSTER_SEED=[2858301384796425155]-HASH=[462C14F99751D]-cluster]}, ping_response{node [{node_t0}{5WFoynj2SUGDMEZmKbHSCQ}{127.0.0.1}{127.0.0.1:9660}[mode=>network]], id[784], master [null], hasJoinedOnce [false], cluster_name[TEST-CHILD_VM=[2]-CLUSTER_SEED=[2858301384796425155]-HASH=[462C14F99751D]-cluster]}, ping_response{node [{node_t0}{5WFoynj2SUGDMEZmKbHSCQ}{127.0.0.1}{127.0.0.1:9660}[mode=>network]], id[784], master [null], hasJoinedOnce [false], cluster_name[TEST-CHILD_VM=[2]-CLUSTER_SEED=[2858301384796425155]-HASH=[462C14F99751D]-cluster]}, ping_response{node [{node_t0}{5WFoynj2SUGDMEZmKbHSCQ}{127.0.0.1}{127.0.0.1:9660}[mode=>network]], id[788], master [null], hasJoinedOnce [false], cluster_name[TEST-CHILD_VM=[2]-CLUSTER_SEED=[2858301384796425155]-HASH=[462C14F99751D]-cluster]}, ping_response{node [{node_t0}{5WFoynj2SUGDMEZmKbHSCQ}{127.0.0.1}{127.0.0.1:9660}[mode=>network]], id[788], master [null], hasJoinedOnce [false], cluster_name[TEST-CHILD_VM=[2]-CLUSTER_SEED=[2858301384796425155]-HASH=[462C14F99751D]-cluster]}, ping_response{node [{node_t0}{5WFoynj2SUGDMEZmKbHSCQ}{127.0.0.1}{127.0.0.1:9660}[mode=>network]], id[788], master [null], hasJoinedOnce [false], cluster_name[TEST-CHILD_VM=[2]-CLUSTER_SEED=[2858301384796425155]-HASH=[462C14F99751D]-cluster]}, ping_response{node [{node_t0}{5WFoynj2SUGDMEZmKbHSCQ}{127.0.0.1}{127.0.0.1:9660}[mode=>network]], id[792], master [null], hasJoinedOnce [false], cluster_name[TEST-CHILD_VM=[2]-CLUSTER_SEED=[2858301384796425155]-HASH=[462C14F99751D]-cluster]}, ping_response{node [{node_t0}{5WFoynj2SUGDMEZmKbHSCQ}{127.0.0.1}{127.0.0.1:9660}[mode=>network]], id[792], master [null], hasJoinedOnce [false], cluster_name[TEST-CHILD_VM=[2]-CLUSTER_SEED=[2858301384796425155]-HASH=[462C14F99751D]-cluster]}, ping_response{node [{node_t0}{5WFoynj2SUGDMEZmKbHSCQ}{127.0.0.1}{127.0.0.1:9660}[mode=>network]], id[792], master [null], hasJoinedOnce [false], cluster_name[TEST-CHILD_VM=[2]-CLUSTER_SEED=[2858301384796425155]-HASH=[462C14F99751D]-cluster]}, ping_response{node [{node_t0}{5WFoynj2SUGDMEZmKbHSCQ}{127.0.0.1}{127.0.0.1:9660}[mode=>network]], id[795], master [null], hasJoinedOnce [false], cluster_name[TEST-CHILD_VM=[2]-CLUSTER_SEED=[2858301384796425155]-HASH=[462C14F99751D]-cluster]}]
[2016-03-30 14:01:59,176][TRACE][org.elasticsearch.discovery.zen.ping.unicast] [node_t0] [3] failed to connect to {#zen_unicast_5#}{127.0.0.1}{127.0.0.1:9664}
ConnectTransportException[[][127.0.0.1:9664] connect_timeout[30s]]; nested: ConnectException[Connection refused: /127.0.0.1:9664];
	at org.elasticsearch.transport.netty.NettyTransport.connectToChannelsLight(NettyTransport.java:948)
	at org.elasticsearch.transport.netty.NettyTransport.connectToNode(NettyTransport.java:912)
	at org.elasticsearch.transport.netty.NettyTransport.connectToNodeLight(NettyTransport.java:884)
	at org.elasticsearch.test.transport.MockTransportService$LookupTestTransport.connectToNodeLight(MockTransportService.java:412)
	at org.elasticsearch.transport.TransportService.connectToNodeLight(TransportService.java:250)
	at org.elasticsearch.discovery.zen.ping.unicast.UnicastZenPing$3.run(UnicastZenPing.java:395)
	at java.util.concurrent.ThreadPoolExecutor.runWorker(ThreadPoolExecutor.java:1142)
	at java.util.concurrent.ThreadPoolExecutor$Worker.run(ThreadPoolExecutor.java:617)
	at java.lang.Thread.run(Thread.java:745)
Caused by: java.net.ConnectException: Connection refused: /127.0.0.1:9664
	at sun.nio.ch.SocketChannelImpl.checkConnect(Native Method)
	at sun.nio.ch.SocketChannelImpl.finishConnect(SocketChannelImpl.java:717)
	at org.jboss.netty.channel.socket.nio.NioClientBoss.connect(NioClientBoss.java:152)
	at org.jboss.netty.channel.socket.nio.NioClientBoss.processSelectedKeys(NioClientBoss.java:105)
	at org.jboss.netty.channel.socket.nio.NioClientBoss.process(NioClientBoss.java:79)
	at org.jboss.netty.channel.socket.nio.AbstractNioSelector.run(AbstractNioSelector.java:337)
	at org.jboss.netty.channel.socket.nio.NioClientBoss.run(NioClientBoss.java:42)
	at org.jboss.netty.util.ThreadRenamingRunnable.run(ThreadRenamingRunnable.java:108)
	at org.jboss.netty.util.internal.DeadLockProofWorker$1.run(DeadLockProofWorker.java:42)
	... 3 more
[2016-03-30 14:01:59,177][TRACE][org.elasticsearch.discovery.zen.ping.unicast] [node_t0] [3] failed to connect to {#zen_unicast_10#}{::1}{[::1]:9664}
ConnectTransportException[[][[::1]:9664] connect_timeout[30s]]; nested: ConnectException[Connection refused: /0:0:0:0:0:0:0:1:9664];
	at org.elasticsearch.transport.netty.NettyTransport.connectToChannelsLight(NettyTransport.java:948)
	at org.elasticsearch.transport.netty.NettyTransport.connectToNode(NettyTransport.java:912)
	at org.elasticsearch.transport.netty.NettyTransport.connectToNodeLight(NettyTransport.java:884)
	at org.elasticsearch.test.transport.MockTransportService$LookupTestTransport.connectToNodeLight(MockTransportService.java:412)
	at org.elasticsearch.transport.TransportService.connectToNodeLight(TransportService.java:250)
	at org.elasticsearch.discovery.zen.ping.unicast.UnicastZenPing$3.run(UnicastZenPing.java:395)
	at java.util.concurrent.ThreadPoolExecutor.runWorker(ThreadPoolExecutor.java:1142)
	at java.util.concurrent.ThreadPoolExecutor$Worker.run(ThreadPoolExecutor.java:617)
	at java.lang.Thread.run(Thread.java:745)
Caused by: java.net.ConnectException: Connection refused: /0:0:0:0:0:0:0:1:9664
	at sun.nio.ch.SocketChannelImpl.checkConnect(Native Method)
	at sun.nio.ch.SocketChannelImpl.finishConnect(SocketChannelImpl.java:717)
	at org.jboss.netty.channel.socket.nio.NioClientBoss.connect(NioClientBoss.java:152)
	at org.jboss.netty.channel.socket.nio.NioClientBoss.processSelectedKeys(NioClientBoss.java:105)
	at org.jboss.netty.channel.socket.nio.NioClientBoss.process(NioClientBoss.java:79)
	at org.jboss.netty.channel.socket.nio.AbstractNioSelector.run(AbstractNioSelector.java:337)
	at org.jboss.netty.channel.socket.nio.NioClientBoss.run(NioClientBoss.java:42)
	at org.jboss.netty.util.ThreadRenamingRunnable.run(ThreadRenamingRunnable.java:108)
	at org.jboss.netty.util.internal.DeadLockProofWorker$1.run(DeadLockProofWorker.java:42)
	... 3 more
[2016-03-30 14:01:59,177][TRACE][org.elasticsearch.discovery.zen.ping.unicast] [node_t0] [3] failed to connect to {#zen_unicast_8#}{::1}{[::1]:9662}
ConnectTransportException[[][[::1]:9662] connect_timeout[30s]]; nested: ConnectException[Connection refused: /0:0:0:0:0:0:0:1:9662];
	at org.elasticsearch.transport.netty.NettyTransport.connectToChannelsLight(NettyTransport.java:948)
	at org.elasticsearch.transport.netty.NettyTransport.connectToNode(NettyTransport.java:912)
	at org.elasticsearch.transport.netty.NettyTransport.connectToNodeLight(NettyTransport.java:884)
	at org.elasticsearch.test.transport.MockTransportService$LookupTestTransport.connectToNodeLight(MockTransportService.java:412)
	at org.elasticsearch.transport.TransportService.connectToNodeLight(TransportService.java:250)
	at org.elasticsearch.discovery.zen.ping.unicast.UnicastZenPing$3.run(UnicastZenPing.java:395)
	at java.util.concurrent.ThreadPoolExecutor.runWorker(ThreadPoolExecutor.java:1142)
	at java.util.concurrent.ThreadPoolExecutor$Worker.run(ThreadPoolExecutor.java:617)
	at java.lang.Thread.run(Thread.java:745)
Caused by: java.net.ConnectException: Connection refused: /0:0:0:0:0:0:0:1:9662
	at sun.nio.ch.SocketChannelImpl.checkConnect(Native Method)
	at sun.nio.ch.SocketChannelImpl.finishConnect(SocketChannelImpl.java:717)
	at org.jboss.netty.channel.socket.nio.NioClientBoss.connect(NioClientBoss.java:152)
	at org.jboss.netty.channel.socket.nio.NioClientBoss.processSelectedKeys(NioClientBoss.java:105)
	at org.jboss.netty.channel.socket.nio.NioClientBoss.process(NioClientBoss.java:79)
	at org.jboss.netty.channel.socket.nio.AbstractNioSelector.run(AbstractNioSelector.java:337)
	at org.jboss.netty.channel.socket.nio.NioClientBoss.run(NioClientBoss.java:42)
	at org.jboss.netty.util.ThreadRenamingRunnable.run(ThreadRenamingRunnable.java:108)
	at org.jboss.netty.util.internal.DeadLockProofWorker$1.run(DeadLockProofWorker.java:42)
	... 3 more
[2016-03-30 14:01:59,177][TRACE][org.elasticsearch.discovery.zen.ping.unicast] [node_t0] [3] failed to connect to {#zen_unicast_7#}{::1}{[::1]:9661}
ConnectTransportException[[][[::1]:9661] connect_timeout[30s]]; nested: ConnectException[Connection refused: /0:0:0:0:0:0:0:1:9661];
	at org.elasticsearch.transport.netty.NettyTransport.connectToChannelsLight(NettyTransport.java:948)
	at org.elasticsearch.transport.netty.NettyTransport.connectToNode(NettyTransport.java:912)
	at org.elasticsearch.transport.netty.NettyTransport.connectToNodeLight(NettyTransport.java:884)
	at org.elasticsearch.test.transport.MockTransportService$LookupTestTransport.connectToNodeLight(MockTransportService.java:412)
	at org.elasticsearch.transport.TransportService.connectToNodeLight(TransportService.java:250)
	at org.elasticsearch.discovery.zen.ping.unicast.UnicastZenPing$3.run(UnicastZenPing.java:395)
	at java.util.concurrent.ThreadPoolExecutor.runWorker(ThreadPoolExecutor.java:1142)
	at java.util.concurrent.ThreadPoolExecutor$Worker.run(ThreadPoolExecutor.java:617)
	at java.lang.Thread.run(Thread.java:745)
Caused by: java.net.ConnectException: Connection refused: /0:0:0:0:0:0:0:1:9661
	at sun.nio.ch.SocketChannelImpl.checkConnect(Native Method)
	at sun.nio.ch.SocketChannelImpl.finishConnect(SocketChannelImpl.java:717)
	at org.jboss.netty.channel.socket.nio.NioClientBoss.connect(NioClientBoss.java:152)
	at org.jboss.netty.channel.socket.nio.NioClientBoss.processSelectedKeys(NioClientBoss.java:105)
	at org.jboss.netty.channel.socket.nio.NioClientBoss.process(NioClientBoss.java:79)
	at org.jboss.netty.channel.socket.nio.AbstractNioSelector.run(AbstractNioSelector.java:337)
	at org.jboss.netty.channel.socket.nio.NioClientBoss.run(NioClientBoss.java:42)
	at org.jboss.netty.util.ThreadRenamingRunnable.run(ThreadRenamingRunnable.java:108)
	at org.jboss.netty.util.internal.DeadLockProofWorker$1.run(DeadLockProofWorker.java:42)
	... 3 more
[2016-03-30 14:01:59,177][TRACE][org.elasticsearch.discovery.zen.ping.unicast] [node_t0] [3] failed to connect to {#zen_unicast_4#}{127.0.0.1}{127.0.0.1:9663}
ConnectTransportException[[][127.0.0.1:9663] connect_timeout[30s]]; nested: ConnectException[Connection refused: /127.0.0.1:9663];
	at org.elasticsearch.transport.netty.NettyTransport.connectToChannelsLight(NettyTransport.java:948)
	at org.elasticsearch.transport.netty.NettyTransport.connectToNode(NettyTransport.java:912)
	at org.elasticsearch.transport.netty.NettyTransport.connectToNodeLight(NettyTransport.java:884)
	at org.elasticsearch.test.transport.MockTransportService$LookupTestTransport.connectToNodeLight(MockTransportService.java:412)
	at org.elasticsearch.transport.TransportService.connectToNodeLight(TransportService.java:250)
	at org.elasticsearch.discovery.zen.ping.unicast.UnicastZenPing$3.run(UnicastZenPing.java:395)
	at java.util.concurrent.ThreadPoolExecutor.runWorker(ThreadPoolExecutor.java:1142)
	at java.util.concurrent.ThreadPoolExecutor$Worker.run(ThreadPoolExecutor.java:617)
	at java.lang.Thread.run(Thread.java:745)
Caused by: java.net.ConnectException: Connection refused: /127.0.0.1:9663
	at sun.nio.ch.SocketChannelImpl.checkConnect(Native Method)
	at sun.nio.ch.SocketChannelImpl.finishConnect(SocketChannelImpl.java:717)
	at org.jboss.netty.channel.socket.nio.NioClientBoss.connect(NioClientBoss.java:152)
	at org.jboss.netty.channel.socket.nio.NioClientBoss.processSelectedKeys(NioClientBoss.java:105)
	at org.jboss.netty.channel.socket.nio.NioClientBoss.process(NioClientBoss.java:79)
	at org.jboss.netty.channel.socket.nio.AbstractNioSelector.run(AbstractNioSelector.java:337)
	at org.jboss.netty.channel.socket.nio.NioClientBoss.run(NioClientBoss.java:42)
	at org.jboss.netty.util.ThreadRenamingRunnable.run(ThreadRenamingRunnable.java:108)
	at org.jboss.netty.util.internal.DeadLockProofWorker$1.run(DeadLockProofWorker.java:42)
	... 3 more
[2016-03-30 14:01:59,177][TRACE][org.elasticsearch.discovery.zen.ping.unicast] [node_t0] [3] failed to connect to {#zen_unicast_9#}{::1}{[::1]:9663}
ConnectTransportException[[][[::1]:9663] connect_timeout[30s]]; nested: ConnectException[Connection refused: /0:0:0:0:0:0:0:1:9663];
	at org.elasticsearch.transport.netty.NettyTransport.connectToChannelsLight(NettyTransport.java:948)
	at org.elasticsearch.transport.netty.NettyTransport.connectToNode(NettyTransport.java:912)
	at org.elasticsearch.transport.netty.NettyTransport.connectToNodeLight(NettyTransport.java:884)
	at org.elasticsearch.test.transport.MockTransportService$LookupTestTransport.connectToNodeLight(MockTransportService.java:412)
	at org.elasticsearch.transport.TransportService.connectToNodeLight(TransportService.java:250)
	at org.elasticsearch.discovery.zen.ping.unicast.UnicastZenPing$3.run(UnicastZenPing.java:395)
	at java.util.concurrent.ThreadPoolExecutor.runWorker(ThreadPoolExecutor.java:1142)
	at java.util.concurrent.ThreadPoolExecutor$Worker.run(ThreadPoolExecutor.java:617)
	at java.lang.Thread.run(Thread.java:745)
Caused by: java.net.ConnectException: Connection refused: /0:0:0:0:0:0:0:1:9663
	at sun.nio.ch.SocketChannelImpl.checkConnect(Native Method)
	at sun.nio.ch.SocketChannelImpl.finishConnect(SocketChannelImpl.java:717)
	at org.jboss.netty.channel.socket.nio.NioClientBoss.connect(NioClientBoss.java:152)
	at org.jboss.netty.channel.socket.nio.NioClientBoss.processSelectedKeys(NioClientBoss.java:105)
	at org.jboss.netty.channel.socket.nio.NioClientBoss.process(NioClientBoss.java:79)
	at org.jboss.netty.channel.socket.nio.AbstractNioSelector.run(AbstractNioSelector.java:337)
	at org.jboss.netty.channel.socket.nio.NioClientBoss.run(NioClientBoss.java:42)
	at org.jboss.netty.util.ThreadRenamingRunnable.run(ThreadRenamingRunnable.java:108)
	at org.jboss.netty.util.internal.DeadLockProofWorker$1.run(DeadLockProofWorker.java:42)
	... 3 more
[2016-03-30 14:01:59,177][TRACE][org.elasticsearch.discovery.zen.ping.unicast] [node_t0] [3] received response from {#zen_unicast_6#}{::1}{[::1]:9660}: [ping_response{node [{node_t0}{5WFoynj2SUGDMEZmKbHSCQ}{127.0.0.1}{127.0.0.1:9660}[mode=>network]], id[772], master [null], hasJoinedOnce [false], cluster_name[TEST-CHILD_VM=[2]-CLUSTER_SEED=[2858301384796425155]-HASH=[462C14F99751D]-cluster]}, ping_response{node [{node_t0}{5WFoynj2SUGDMEZmKbHSCQ}{127.0.0.1}{127.0.0.1:9660}[mode=>network]], id[772], master [null], hasJoinedOnce [false], cluster_name[TEST-CHILD_VM=[2]-CLUSTER_SEED=[2858301384796425155]-HASH=[462C14F99751D]-cluster]}, ping_response{node [{node_t0}{5WFoynj2SUGDMEZmKbHSCQ}{127.0.0.1}{127.0.0.1:9660}[mode=>network]], id[772], master [null], hasJoinedOnce [false], cluster_name[TEST-CHILD_VM=[2]-CLUSTER_SEED=[2858301384796425155]-HASH=[462C14F99751D]-cluster]}, ping_response{node [{node_t0}{5WFoynj2SUGDMEZmKbHSCQ}{127.0.0.1}{127.0.0.1:9660}[mode=>network]], id[776], master [null], hasJoinedOnce [false], cluster_name[TEST-CHILD_VM=[2]-CLUSTER_SEED=[2858301384796425155]-HASH=[462C14F99751D]-cluster]}, ping_response{node [{node_t0}{5WFoynj2SUGDMEZmKbHSCQ}{127.0.0.1}{127.0.0.1:9660}[mode=>network]], id[776], master [null], hasJoinedOnce [false], cluster_name[TEST-CHILD_VM=[2]-CLUSTER_SEED=[2858301384796425155]-HASH=[462C14F99751D]-cluster]}, ping_response{node [{node_t0}{5WFoynj2SUGDMEZmKbHSCQ}{127.0.0.1}{127.0.0.1:9660}[mode=>network]], id[776], master [null], hasJoinedOnce [false], cluster_name[TEST-CHILD_VM=[2]-CLUSTER_SEED=[2858301384796425155]-HASH=[462C14F99751D]-cluster]}, ping_response{node [{node_t0}{5WFoynj2SUGDMEZmKbHSCQ}{127.0.0.1}{127.0.0.1:9660}[mode=>network]], id[780], master [null], hasJoinedOnce [false], cluster_name[TEST-CHILD_VM=[2]-CLUSTER_SEED=[2858301384796425155]-HASH=[462C14F99751D]-cluster]}, ping_response{node [{node_t0}{5WFoynj2SUGDMEZmKbHSCQ}{127.0.0.1}{127.0.0.1:9660}[mode=>network]], id[780], master [null], hasJoinedOnce [false], cluster_name[TEST-CHILD_VM=[2]-CLUSTER_SEED=[2858301384796425155]-HASH=[462C14F99751D]-cluster]}, ping_response{node [{node_t0}{5WFoynj2SUGDMEZmKbHSCQ}{127.0.0.1}{127.0.0.1:9660}[mode=>network]], id[780], master [null], hasJoinedOnce [false], cluster_name[TEST-CHILD_VM=[2]-CLUSTER_SEED=[2858301384796425155]-HASH=[462C14F99751D]-cluster]}, ping_response{node [{node_t0}{5WFoynj2SUGDMEZmKbHSCQ}{127.0.0.1}{127.0.0.1:9660}[mode=>network]], id[784], master [null], hasJoinedOnce [false], cluster_name[TEST-CHILD_VM=[2]-CLUSTER_SEED=[2858301384796425155]-HASH=[462C14F99751D]-cluster]}, ping_response{node [{node_t0}{5WFoynj2SUGDMEZmKbHSCQ}{127.0.0.1}{127.0.0.1:9660}[mode=>network]], id[784], master [null], hasJoinedOnce [false], cluster_name[TEST-CHILD_VM=[2]-CLUSTER_SEED=[2858301384796425155]-HASH=[462C14F99751D]-cluster]}, ping_response{node [{node_t0}{5WFoynj2SUGDMEZmKbHSCQ}{127.0.0.1}{127.0.0.1:9660}[mode=>network]], id[784], master [null], hasJoinedOnce [false], cluster_name[TEST-CHILD_VM=[2]-CLUSTER_SEED=[2858301384796425155]-HASH=[462C14F99751D]-cluster]}, ping_response{node [{node_t0}{5WFoynj2SUGDMEZmKbHSCQ}{127.0.0.1}{127.0.0.1:9660}[mode=>network]], id[788], master [null], hasJoinedOnce [false], cluster_name[TEST-CHILD_VM=[2]-CLUSTER_SEED=[2858301384796425155]-HASH=[462C14F99751D]-cluster]}, ping_response{node [{node_t0}{5WFoynj2SUGDMEZmKbHSCQ}{127.0.0.1}{127.0.0.1:9660}[mode=>network]], id[788], master [null], hasJoinedOnce [false], cluster_name[TEST-CHILD_VM=[2]-CLUSTER_SEED=[2858301384796425155]-HASH=[462C14F99751D]-cluster]}, ping_response{node [{node_t0}{5WFoynj2SUGDMEZmKbHSCQ}{127.0.0.1}{127.0.0.1:9660}[mode=>network]], id[788], master [null], hasJoinedOnce [false], cluster_name[TEST-CHILD_VM=[2]-CLUSTER_SEED=[2858301384796425155]-HASH=[462C14F99751D]-cluster]}, ping_response{node [{node_t0}{5WFoynj2SUGDMEZmKbHSCQ}{127.0.0.1}{127.0.0.1:9660}[mode=>network]], id[792], master [null], hasJoinedOnce [false], cluster_name[TEST-CHILD_VM=[2]-CLUSTER_SEED=[2858301384796425155]-HASH=[462C14F99751D]-cluster]}, ping_response{node [{node_t0}{5WFoynj2SUGDMEZmKbHSCQ}{127.0.0.1}{127.0.0.1:9660}[mode=>network]], id[792], master [null], hasJoinedOnce [false], cluster_name[TEST-CHILD_VM=[2]-CLUSTER_SEED=[2858301384796425155]-HASH=[462C14F99751D]-cluster]}, ping_response{node [{node_t0}{5WFoynj2SUGDMEZmKbHSCQ}{127.0.0.1}{127.0.0.1:9660}[mode=>network]], id[794], master [null], hasJoinedOnce [false], cluster_name[TEST-CHILD_VM=[2]-CLUSTER_SEED=[2858301384796425155]-HASH=[462C14F99751D]-cluster]}]
[2016-03-30 14:01:59,177][TRACE][org.elasticsearch.discovery.zen.ping.unicast] [node_t0] [3] failed to connect to {#zen_unicast_3#}{127.0.0.1}{127.0.0.1:9662}
ConnectTransportException[[][127.0.0.1:9662] connect_timeout[30s]]; nested: ConnectException[Connection refused: /127.0.0.1:9662];
	at org.elasticsearch.transport.netty.NettyTransport.connectToChannelsLight(NettyTransport.java:948)
	at org.elasticsearch.transport.netty.NettyTransport.connectToNode(NettyTransport.java:912)
	at org.elasticsearch.transport.netty.NettyTransport.connectToNodeLight(NettyTransport.java:884)
	at org.elasticsearch.test.transport.MockTransportService$LookupTestTransport.connectToNodeLight(MockTransportService.java:412)
	at org.elasticsearch.transport.TransportService.connectToNodeLight(TransportService.java:250)
	at org.elasticsearch.discovery.zen.ping.unicast.UnicastZenPing$3.run(UnicastZenPing.java:395)
	at java.util.concurrent.ThreadPoolExecutor.runWorker(ThreadPoolExecutor.java:1142)
	at java.util.concurrent.ThreadPoolExecutor$Worker.run(ThreadPoolExecutor.java:617)
	at java.lang.Thread.run(Thread.java:745)
Caused by: java.net.ConnectException: Connection refused: /127.0.0.1:9662
	at sun.nio.ch.SocketChannelImpl.checkConnect(Native Method)
	at sun.nio.ch.SocketChannelImpl.finishConnect(SocketChannelImpl.java:717)
	at org.jboss.netty.channel.socket.nio.NioClientBoss.connect(NioClientBoss.java:152)
	at org.jboss.netty.channel.socket.nio.NioClientBoss.processSelectedKeys(NioClientBoss.java:105)
	at org.jboss.netty.channel.socket.nio.NioClientBoss.process(NioClientBoss.java:79)
	at org.jboss.netty.channel.socket.nio.AbstractNioSelector.run(AbstractNioSelector.java:337)
	at org.jboss.netty.channel.socket.nio.NioClientBoss.run(NioClientBoss.java:42)
	at org.jboss.netty.util.ThreadRenamingRunnable.run(ThreadRenamingRunnable.java:108)
	at org.jboss.netty.util.internal.DeadLockProofWorker$1.run(DeadLockProofWorker.java:42)
	... 3 more
[2016-03-30 14:01:59,176][TRACE][org.elasticsearch.discovery.zen.ping.unicast] [node_t0] [3] failed to connect to {#zen_unicast_2#}{127.0.0.1}{127.0.0.1:9661}
ConnectTransportException[[][127.0.0.1:9661] connect_timeout[30s]]; nested: ConnectException[Connection refused: /127.0.0.1:9661];
	at org.elasticsearch.transport.netty.NettyTransport.connectToChannelsLight(NettyTransport.java:948)
	at org.elasticsearch.transport.netty.NettyTransport.connectToNode(NettyTransport.java:912)
	at org.elasticsearch.transport.netty.NettyTransport.connectToNodeLight(NettyTransport.java:884)
	at org.elasticsearch.test.transport.MockTransportService$LookupTestTransport.connectToNodeLight(MockTransportService.java:412)
	at org.elasticsearch.transport.TransportService.connectToNodeLight(TransportService.java:250)
	at org.elasticsearch.discovery.zen.ping.unicast.UnicastZenPing$3.run(UnicastZenPing.java:395)
	at java.util.concurrent.ThreadPoolExecutor.runWorker(ThreadPoolExecutor.java:1142)
	at java.util.concurrent.ThreadPoolExecutor$Worker.run(ThreadPoolExecutor.java:617)
	at java.lang.Thread.run(Thread.java:745)
Caused by: java.net.ConnectException: Connection refused: /127.0.0.1:9661
	at sun.nio.ch.SocketChannelImpl.checkConnect(Native Method)
	at sun.nio.ch.SocketChannelImpl.finishConnect(SocketChannelImpl.java:717)
	at org.jboss.netty.channel.socket.nio.NioClientBoss.connect(NioClientBoss.java:152)
	at org.jboss.netty.channel.socket.nio.NioClientBoss.processSelectedKeys(NioClientBoss.java:105)
	at org.jboss.netty.channel.socket.nio.NioClientBoss.process(NioClientBoss.java:79)
	at org.jboss.netty.channel.socket.nio.AbstractNioSelector.run(AbstractNioSelector.java:337)
	at org.jboss.netty.channel.socket.nio.NioClientBoss.run(NioClientBoss.java:42)
	at org.jboss.netty.util.ThreadRenamingRunnable.run(ThreadRenamingRunnable.java:108)
	at org.jboss.netty.util.internal.DeadLockProofWorker$1.run(DeadLockProofWorker.java:42)
	... 3 more
[2016-03-30 14:01:59,253][DEBUG][org.elasticsearch.discovery.zen.elect] [node_t1] using minimum_master_nodes [2]
[2016-03-30 14:01:59,253][DEBUG][org.elasticsearch.discovery.zen.ping.unicast] [node_t1] using initial hosts [127.0.0.1, [::1]], with concurrent_connects [10]
[2016-03-30 14:01:59,253][DEBUG][org.elasticsearch.discovery.zen] [node_t1] using ping_timeout [200ms], join.timeout [4s], master_election.filter_client [true], master_election.filter_data [false]
[2016-03-30 14:01:59,253][DEBUG][org.elasticsearch.discovery.zen.fd] [node_t1] [master] uses ping_interval [1s], ping_timeout [30s], ping_retries [3]
[2016-03-30 14:01:59,253][DEBUG][org.elasticsearch.discovery.zen.fd] [node_t1] [node  ] uses ping_interval [1s], ping_timeout [30s], ping_retries [3]
[2016-03-30 14:01:59,255][DEBUG][org.elasticsearch.gateway] [node_t1] using initial_shards [quorum]
[2016-03-30 14:01:59,278][TRACE][org.elasticsearch.discovery.zen.ping.unicast] [node_t0] [3] sending to {node_t0}{5WFoynj2SUGDMEZmKbHSCQ}{127.0.0.1}{127.0.0.1:9660}[mode=>network]
[2016-03-30 14:01:59,279][TRACE][org.elasticsearch.discovery.zen.ping.unicast] [node_t0] [3] received response from {node_t0}{5WFoynj2SUGDMEZmKbHSCQ}{127.0.0.1}{127.0.0.1:9660}[mode=>network]: [ping_response{node [{node_t0}{5WFoynj2SUGDMEZmKbHSCQ}{127.0.0.1}{127.0.0.1:9660}[mode=>network]], id[780], master [null], hasJoinedOnce [false], cluster_name[TEST-CHILD_VM=[2]-CLUSTER_SEED=[2858301384796425155]-HASH=[462C14F99751D]-cluster]}, ping_response{node [{node_t0}{5WFoynj2SUGDMEZmKbHSCQ}{127.0.0.1}{127.0.0.1:9660}[mode=>network]], id[780], master [null], hasJoinedOnce [false], cluster_name[TEST-CHILD_VM=[2]-CLUSTER_SEED=[2858301384796425155]-HASH=[462C14F99751D]-cluster]}, ping_response{node [{node_t0}{5WFoynj2SUGDMEZmKbHSCQ}{127.0.0.1}{127.0.0.1:9660}[mode=>network]], id[780], master [null], hasJoinedOnce [false], cluster_name[TEST-CHILD_VM=[2]-CLUSTER_SEED=[2858301384796425155]-HASH=[462C14F99751D]-cluster]}, ping_response{node [{node_t0}{5WFoynj2SUGDMEZmKbHSCQ}{127.0.0.1}{127.0.0.1:9660}[mode=>network]], id[784], master [null], hasJoinedOnce [false], cluster_name[TEST-CHILD_VM=[2]-CLUSTER_SEED=[2858301384796425155]-HASH=[462C14F99751D]-cluster]}, ping_response{node [{node_t0}{5WFoynj2SUGDMEZmKbHSCQ}{127.0.0.1}{127.0.0.1:9660}[mode=>network]], id[784], master [null], hasJoinedOnce [false], cluster_name[TEST-CHILD_VM=[2]-CLUSTER_SEED=[2858301384796425155]-HASH=[462C14F99751D]-cluster]}, ping_response{node [{node_t0}{5WFoynj2SUGDMEZmKbHSCQ}{127.0.0.1}{127.0.0.1:9660}[mode=>network]], id[784], master [null], hasJoinedOnce [false], cluster_name[TEST-CHILD_VM=[2]-CLUSTER_SEED=[2858301384796425155]-HASH=[462C14F99751D]-cluster]}, ping_response{node [{node_t0}{5WFoynj2SUGDMEZmKbHSCQ}{127.0.0.1}{127.0.0.1:9660}[mode=>network]], id[788], master [null], hasJoinedOnce [false], cluster_name[TEST-CHILD_VM=[2]-CLUSTER_SEED=[2858301384796425155]-HASH=[462C14F99751D]-cluster]}, ping_response{node [{node_t0}{5WFoynj2SUGDMEZmKbHSCQ}{127.0.0.1}{127.0.0.1:9660}[mode=>network]], id[788], master [null], hasJoinedOnce [false], cluster_name[TEST-CHILD_VM=[2]-CLUSTER_SEED=[2858301384796425155]-HASH=[462C14F99751D]-cluster]}, ping_response{node [{node_t0}{5WFoynj2SUGDMEZmKbHSCQ}{127.0.0.1}{127.0.0.1:9660}[mode=>network]], id[788], master [null], hasJoinedOnce [false], cluster_name[TEST-CHILD_VM=[2]-CLUSTER_SEED=[2858301384796425155]-HASH=[462C14F99751D]-cluster]}, ping_response{node [{node_t0}{5WFoynj2SUGDMEZmKbHSCQ}{127.0.0.1}{127.0.0.1:9660}[mode=>network]], id[792], master [null], hasJoinedOnce [false], cluster_name[TEST-CHILD_VM=[2]-CLUSTER_SEED=[2858301384796425155]-HASH=[462C14F99751D]-cluster]}, ping_response{node [{node_t0}{5WFoynj2SUGDMEZmKbHSCQ}{127.0.0.1}{127.0.0.1:9660}[mode=>network]], id[792], master [null], hasJoinedOnce [false], cluster_name[TEST-CHILD_VM=[2]-CLUSTER_SEED=[2858301384796425155]-HASH=[462C14F99751D]-cluster]}, ping_response{node [{node_t0}{5WFoynj2SUGDMEZmKbHSCQ}{127.0.0.1}{127.0.0.1:9660}[mode=>network]], id[792], master [null], hasJoinedOnce [false], cluster_name[TEST-CHILD_VM=[2]-CLUSTER_SEED=[2858301384796425155]-HASH=[462C14F99751D]-cluster]}, ping_response{node [{node_t0}{5WFoynj2SUGDMEZmKbHSCQ}{127.0.0.1}{127.0.0.1:9660}[mode=>network]], id[796], master [null], hasJoinedOnce [false], cluster_name[TEST-CHILD_VM=[2]-CLUSTER_SEED=[2858301384796425155]-HASH=[462C14F99751D]-cluster]}, ping_response{node [{node_t0}{5WFoynj2SUGDMEZmKbHSCQ}{127.0.0.1}{127.0.0.1:9660}[mode=>network]], id[797], master [null], hasJoinedOnce [false], cluster_name[TEST-CHILD_VM=[2]-CLUSTER_SEED=[2858301384796425155]-HASH=[462C14F99751D]-cluster]}]
[2016-03-30 14:01:59,279][TRACE][org.elasticsearch.discovery.zen.ping.unicast] [node_t0] [3] connecting (light) to {#zen_unicast_2#}{127.0.0.1}{127.0.0.1:9661}
[2016-03-30 14:01:59,279][TRACE][org.elasticsearch.discovery.zen.ping.unicast] [node_t0] [3] connecting (light) to {#zen_unicast_4#}{127.0.0.1}{127.0.0.1:9663}
[2016-03-30 14:01:59,279][TRACE][org.elasticsearch.discovery.zen.ping.unicast] [node_t0] [3] connecting (light) to {#zen_unicast_5#}{127.0.0.1}{127.0.0.1:9664}
[2016-03-30 14:01:59,279][TRACE][org.elasticsearch.discovery.zen.ping.unicast] [node_t0] [3] sending to {#zen_unicast_6#}{::1}{[::1]:9660}
[2016-03-30 14:01:59,279][TRACE][org.elasticsearch.discovery.zen.ping.unicast] [node_t0] [3] connecting (light) to {#zen_unicast_3#}{127.0.0.1}{127.0.0.1:9662}
[2016-03-30 14:01:59,280][TRACE][org.elasticsearch.discovery.zen.ping.unicast] [node_t0] [3] failed to connect to {#zen_unicast_2#}{127.0.0.1}{127.0.0.1:9661}
ConnectTransportException[[][127.0.0.1:9661] connect_timeout[30s]]; nested: ConnectException[Connection refused: /127.0.0.1:9661];
	at org.elasticsearch.transport.netty.NettyTransport.connectToChannelsLight(NettyTransport.java:948)
	at org.elasticsearch.transport.netty.NettyTransport.connectToNode(NettyTransport.java:912)
	at org.elasticsearch.transport.netty.NettyTransport.connectToNodeLight(NettyTransport.java:884)
	at org.elasticsearch.test.transport.MockTransportService$LookupTestTransport.connectToNodeLight(MockTransportService.java:412)
	at org.elasticsearch.transport.TransportService.connectToNodeLight(TransportService.java:250)
	at org.elasticsearch.discovery.zen.ping.unicast.UnicastZenPing$3.run(UnicastZenPing.java:395)
	at java.util.concurrent.ThreadPoolExecutor.runWorker(ThreadPoolExecutor.java:1142)
	at java.util.concurrent.ThreadPoolExecutor$Worker.run(ThreadPoolExecutor.java:617)
	at java.lang.Thread.run(Thread.java:745)
Caused by: java.net.ConnectException: Connection refused: /127.0.0.1:9661
	at sun.nio.ch.SocketChannelImpl.checkConnect(Native Method)
	at sun.nio.ch.SocketChannelImpl.finishConnect(SocketChannelImpl.java:717)
	at org.jboss.netty.channel.socket.nio.NioClientBoss.connect(NioClientBoss.java:152)
	at org.jboss.netty.channel.socket.nio.NioClientBoss.processSelectedKeys(NioClientBoss.java:105)
	at org.jboss.netty.channel.socket.nio.NioClientBoss.process(NioClientBoss.java:79)
	at org.jboss.netty.channel.socket.nio.AbstractNioSelector.run(AbstractNioSelector.java:337)
	at org.jboss.netty.channel.socket.nio.NioClientBoss.run(NioClientBoss.java:42)
	at org.jboss.netty.util.ThreadRenamingRunnable.run(ThreadRenamingRunnable.java:108)
	at org.jboss.netty.util.internal.DeadLockProofWorker$1.run(DeadLockProofWorker.java:42)
	... 3 more
[2016-03-30 14:01:59,281][TRACE][org.elasticsearch.discovery.zen.ping.unicast] [node_t0] [3] failed to connect to {#zen_unicast_4#}{127.0.0.1}{127.0.0.1:9663}
ConnectTransportException[[][127.0.0.1:9663] connect_timeout[30s]]; nested: ConnectException[Connection refused: /127.0.0.1:9663];
	at org.elasticsearch.transport.netty.NettyTransport.connectToChannelsLight(NettyTransport.java:948)
	at org.elasticsearch.transport.netty.NettyTransport.connectToNode(NettyTransport.java:912)
	at org.elasticsearch.transport.netty.NettyTransport.connectToNodeLight(NettyTransport.java:884)
	at org.elasticsearch.test.transport.MockTransportService$LookupTestTransport.connectToNodeLight(MockTransportService.java:412)
	at org.elasticsearch.transport.TransportService.connectToNodeLight(TransportService.java:250)
	at org.elasticsearch.discovery.zen.ping.unicast.UnicastZenPing$3.run(UnicastZenPing.java:395)
	at java.util.concurrent.ThreadPoolExecutor.runWorker(ThreadPoolExecutor.java:1142)
	at java.util.concurrent.ThreadPoolExecutor$Worker.run(ThreadPoolExecutor.java:617)
	at java.lang.Thread.run(Thread.java:745)
Caused by: java.net.ConnectException: Connection refused: /127.0.0.1:9663
	at sun.nio.ch.SocketChannelImpl.checkConnect(Native Method)
	at sun.nio.ch.SocketChannelImpl.finishConnect(SocketChannelImpl.java:717)
	at org.jboss.netty.channel.socket.nio.NioClientBoss.connect(NioClientBoss.java:152)
	at org.jboss.netty.channel.socket.nio.NioClientBoss.processSelectedKeys(NioClientBoss.java:105)
	at org.jboss.netty.channel.socket.nio.NioClientBoss.process(NioClientBoss.java:79)
	at org.jboss.netty.channel.socket.nio.AbstractNioSelector.run(AbstractNioSelector.java:337)
	at org.jboss.netty.channel.socket.nio.NioClientBoss.run(NioClientBoss.java:42)
	at org.jboss.netty.util.ThreadRenamingRunnable.run(ThreadRenamingRunnable.java:108)
	at org.jboss.netty.util.internal.DeadLockProofWorker$1.run(DeadLockProofWorker.java:42)
	... 3 more
[2016-03-30 14:01:59,281][TRACE][org.elasticsearch.discovery.zen.ping.unicast] [node_t0] [3] received response from {#zen_unicast_6#}{::1}{[::1]:9660}: [ping_response{node [{node_t0}{5WFoynj2SUGDMEZmKbHSCQ}{127.0.0.1}{127.0.0.1:9660}[mode=>network]], id[780], master [null], hasJoinedOnce [false], cluster_name[TEST-CHILD_VM=[2]-CLUSTER_SEED=[2858301384796425155]-HASH=[462C14F99751D]-cluster]}, ping_response{node [{node_t0}{5WFoynj2SUGDMEZmKbHSCQ}{127.0.0.1}{127.0.0.1:9660}[mode=>network]], id[780], master [null], hasJoinedOnce [false], cluster_name[TEST-CHILD_VM=[2]-CLUSTER_SEED=[2858301384796425155]-HASH=[462C14F99751D]-cluster]}, ping_response{node [{node_t0}{5WFoynj2SUGDMEZmKbHSCQ}{127.0.0.1}{127.0.0.1:9660}[mode=>network]], id[780], master [null], hasJoinedOnce [false], cluster_name[TEST-CHILD_VM=[2]-CLUSTER_SEED=[2858301384796425155]-HASH=[462C14F99751D]-cluster]}, ping_response{node [{node_t0}{5WFoynj2SUGDMEZmKbHSCQ}{127.0.0.1}{127.0.0.1:9660}[mode=>network]], id[784], master [null], hasJoinedOnce [false], cluster_name[TEST-CHILD_VM=[2]-CLUSTER_SEED=[2858301384796425155]-HASH=[462C14F99751D]-cluster]}, ping_response{node [{node_t0}{5WFoynj2SUGDMEZmKbHSCQ}{127.0.0.1}{127.0.0.1:9660}[mode=>network]], id[784], master [null], hasJoinedOnce [false], cluster_name[TEST-CHILD_VM=[2]-CLUSTER_SEED=[2858301384796425155]-HASH=[462C14F99751D]-cluster]}, ping_response{node [{node_t0}{5WFoynj2SUGDMEZmKbHSCQ}{127.0.0.1}{127.0.0.1:9660}[mode=>network]], id[784], master [null], hasJoinedOnce [false], cluster_name[TEST-CHILD_VM=[2]-CLUSTER_SEED=[2858301384796425155]-HASH=[462C14F99751D]-cluster]}, ping_response{node [{node_t0}{5WFoynj2SUGDMEZmKbHSCQ}{127.0.0.1}{127.0.0.1:9660}[mode=>network]], id[788], master [null], hasJoinedOnce [false], cluster_name[TEST-CHILD_VM=[2]-CLUSTER_SEED=[2858301384796425155]-HASH=[462C14F99751D]-cluster]}, ping_response{node [{node_t0}{5WFoynj2SUGDMEZmKbHSCQ}{127.0.0.1}{127.0.0.1:9660}[mode=>network]], id[788], master [null], hasJoinedOnce [false], cluster_name[TEST-CHILD_VM=[2]-CLUSTER_SEED=[2858301384796425155]-HASH=[462C14F99751D]-cluster]}, ping_response{node [{node_t0}{5WFoynj2SUGDMEZmKbHSCQ}{127.0.0.1}{127.0.0.1:9660}[mode=>network]], id[788], master [null], hasJoinedOnce [false], cluster_name[TEST-CHILD_VM=[2]-CLUSTER_SEED=[2858301384796425155]-HASH=[462C14F99751D]-cluster]}, ping_response{node [{node_t0}{5WFoynj2SUGDMEZmKbHSCQ}{127.0.0.1}{127.0.0.1:9660}[mode=>network]], id[792], master [null], hasJoinedOnce [false], cluster_name[TEST-CHILD_VM=[2]-CLUSTER_SEED=[2858301384796425155]-HASH=[462C14F99751D]-cluster]}, ping_response{node [{node_t0}{5WFoynj2SUGDMEZmKbHSCQ}{127.0.0.1}{127.0.0.1:9660}[mode=>network]], id[792], master [null], hasJoinedOnce [false], cluster_name[TEST-CHILD_VM=[2]-CLUSTER_SEED=[2858301384796425155]-HASH=[462C14F99751D]-cluster]}, ping_response{node [{node_t0}{5WFoynj2SUGDMEZmKbHSCQ}{127.0.0.1}{127.0.0.1:9660}[mode=>network]], id[792], master [null], hasJoinedOnce [false], cluster_name[TEST-CHILD_VM=[2]-CLUSTER_SEED=[2858301384796425155]-HASH=[462C14F99751D]-cluster]}, ping_response{node [{node_t0}{5WFoynj2SUGDMEZmKbHSCQ}{127.0.0.1}{127.0.0.1:9660}[mode=>network]], id[796], master [null], hasJoinedOnce [false], cluster_name[TEST-CHILD_VM=[2]-CLUSTER_SEED=[2858301384796425155]-HASH=[462C14F99751D]-cluster]}, ping_response{node [{node_t0}{5WFoynj2SUGDMEZmKbHSCQ}{127.0.0.1}{127.0.0.1:9660}[mode=>network]], id[796], master [null], hasJoinedOnce [false], cluster_name[TEST-CHILD_VM=[2]-CLUSTER_SEED=[2858301384796425155]-HASH=[462C14F99751D]-cluster]}, ping_response{node [{node_t0}{5WFoynj2SUGDMEZmKbHSCQ}{127.0.0.1}{127.0.0.1:9660}[mode=>network]], id[798], master [null], hasJoinedOnce [false], cluster_name[TEST-CHILD_VM=[2]-CLUSTER_SEED=[2858301384796425155]-HASH=[462C14F99751D]-cluster]}]
[2016-03-30 14:01:59,281][TRACE][org.elasticsearch.discovery.zen.ping.unicast] [node_t0] [3] failed to connect to {#zen_unicast_3#}{127.0.0.1}{127.0.0.1:9662}
ConnectTransportException[[][127.0.0.1:9662] connect_timeout[30s]]; nested: ConnectException[Connection refused: /127.0.0.1:9662];
	at org.elasticsearch.transport.netty.NettyTransport.connectToChannelsLight(NettyTransport.java:948)
	at org.elasticsearch.transport.netty.NettyTransport.connectToNode(NettyTransport.java:912)
	at org.elasticsearch.transport.netty.NettyTransport.connectToNodeLight(NettyTransport.java:884)
	at org.elasticsearch.test.transport.MockTransportService$LookupTestTransport.connectToNodeLight(MockTransportService.java:412)
	at org.elasticsearch.transport.TransportService.connectToNodeLight(TransportService.java:250)
	at org.elasticsearch.discovery.zen.ping.unicast.UnicastZenPing$3.run(UnicastZenPing.java:395)
	at java.util.concurrent.ThreadPoolExecutor.runWorker(ThreadPoolExecutor.java:1142)
	at java.util.concurrent.ThreadPoolExecutor$Worker.run(ThreadPoolExecutor.java:617)
	at java.lang.Thread.run(Thread.java:745)
Caused by: java.net.ConnectException: Connection refused: /127.0.0.1:9662
	at sun.nio.ch.SocketChannelImpl.checkConnect(Native Method)
	at sun.nio.ch.SocketChannelImpl.finishConnect(SocketChannelImpl.java:717)
	at org.jboss.netty.channel.socket.nio.NioClientBoss.connect(NioClientBoss.java:152)
	at org.jboss.netty.channel.socket.nio.NioClientBoss.processSelectedKeys(NioClientBoss.java:105)
	at org.jboss.netty.channel.socket.nio.NioClientBoss.process(NioClientBoss.java:79)
	at org.jboss.netty.channel.socket.nio.AbstractNioSelector.run(AbstractNioSelector.java:337)
	at org.jboss.netty.channel.socket.nio.NioClientBoss.run(NioClientBoss.java:42)
	at org.jboss.netty.util.ThreadRenamingRunnable.run(ThreadRenamingRunnable.java:108)
	at org.jboss.netty.util.internal.DeadLockProofWorker$1.run(DeadLockProofWorker.java:42)
	... 3 more
[2016-03-30 14:01:59,281][TRACE][org.elasticsearch.discovery.zen.ping.unicast] [node_t0] [3] failed to connect to {#zen_unicast_5#}{127.0.0.1}{127.0.0.1:9664}
ConnectTransportException[[][127.0.0.1:9664] connect_timeout[30s]]; nested: ConnectException[Connection refused: /127.0.0.1:9664];
	at org.elasticsearch.transport.netty.NettyTransport.connectToChannelsLight(NettyTransport.java:948)
	at org.elasticsearch.transport.netty.NettyTransport.connectToNode(NettyTransport.java:912)
	at org.elasticsearch.transport.netty.NettyTransport.connectToNodeLight(NettyTransport.java:884)
	at org.elasticsearch.test.transport.MockTransportService$LookupTestTransport.connectToNodeLight(MockTransportService.java:412)
	at org.elasticsearch.transport.TransportService.connectToNodeLight(TransportService.java:250)
	at org.elasticsearch.discovery.zen.ping.unicast.UnicastZenPing$3.run(UnicastZenPing.java:395)
	at java.util.concurrent.ThreadPoolExecutor.runWorker(ThreadPoolExecutor.java:1142)
	at java.util.concurrent.ThreadPoolExecutor$Worker.run(ThreadPoolExecutor.java:617)
	at java.lang.Thread.run(Thread.java:745)
Caused by: java.net.ConnectException: Connection refused: /127.0.0.1:9664
	at sun.nio.ch.SocketChannelImpl.checkConnect(Native Method)
	at sun.nio.ch.SocketChannelImpl.finishConnect(SocketChannelImpl.java:717)
	at org.jboss.netty.channel.socket.nio.NioClientBoss.connect(NioClientBoss.java:152)
	at org.jboss.netty.channel.socket.nio.NioClientBoss.processSelectedKeys(NioClientBoss.java:105)
	at org.jboss.netty.channel.socket.nio.NioClientBoss.process(NioClientBoss.java:79)
	at org.jboss.netty.channel.socket.nio.AbstractNioSelector.run(AbstractNioSelector.java:337)
	at org.jboss.netty.channel.socket.nio.NioClientBoss.run(NioClientBoss.java:42)
	at org.jboss.netty.util.ThreadRenamingRunnable.run(ThreadRenamingRunnable.java:108)
	at org.jboss.netty.util.internal.DeadLockProofWorker$1.run(DeadLockProofWorker.java:42)
	... 3 more
[2016-03-30 14:01:59,281][TRACE][org.elasticsearch.discovery.zen.ping.unicast] [node_t0] [3] connecting (light) to {#zen_unicast_9#}{::1}{[::1]:9663}
[2016-03-30 14:01:59,281][TRACE][org.elasticsearch.discovery.zen.ping.unicast] [node_t0] [3] connecting (light) to {#zen_unicast_10#}{::1}{[::1]:9664}
[2016-03-30 14:01:59,281][TRACE][org.elasticsearch.discovery.zen.ping.unicast] [node_t0] [3] connecting (light) to {#zen_unicast_8#}{::1}{[::1]:9662}
[2016-03-30 14:01:59,281][TRACE][org.elasticsearch.discovery.zen.ping.unicast] [node_t0] [3] connecting (light) to {#zen_unicast_7#}{::1}{[::1]:9661}
[2016-03-30 14:01:59,280][TRACE][org.elasticsearch.discovery.zen.ping.unicast] [node_t0] [3] sending to {node_t0}{5WFoynj2SUGDMEZmKbHSCQ}{127.0.0.1}{127.0.0.1:9660}[mode=>network]
[2016-03-30 14:01:59,284][TRACE][org.elasticsearch.discovery.zen.ping.unicast] [node_t0] [3] received response from {node_t0}{5WFoynj2SUGDMEZmKbHSCQ}{127.0.0.1}{127.0.0.1:9660}[mode=>network]: [ping_response{node [{node_t0}{5WFoynj2SUGDMEZmKbHSCQ}{127.0.0.1}{127.0.0.1:9660}[mode=>network]], id[780], master [null], hasJoinedOnce [false], cluster_name[TEST-CHILD_VM=[2]-CLUSTER_SEED=[2858301384796425155]-HASH=[462C14F99751D]-cluster]}, ping_response{node [{node_t0}{5WFoynj2SUGDMEZmKbHSCQ}{127.0.0.1}{127.0.0.1:9660}[mode=>network]], id[780], master [null], hasJoinedOnce [false], cluster_name[TEST-CHILD_VM=[2]-CLUSTER_SEED=[2858301384796425155]-HASH=[462C14F99751D]-cluster]}, ping_response{node [{node_t0}{5WFoynj2SUGDMEZmKbHSCQ}{127.0.0.1}{127.0.0.1:9660}[mode=>network]], id[780], master [null], hasJoinedOnce [false], cluster_name[TEST-CHILD_VM=[2]-CLUSTER_SEED=[2858301384796425155]-HASH=[462C14F99751D]-cluster]}, ping_response{node [{node_t0}{5WFoynj2SUGDMEZmKbHSCQ}{127.0.0.1}{127.0.0.1:9660}[mode=>network]], id[784], master [null], hasJoinedOnce [false], cluster_name[TEST-CHILD_VM=[2]-CLUSTER_SEED=[2858301384796425155]-HASH=[462C14F99751D]-cluster]}, ping_response{node [{node_t0}{5WFoynj2SUGDMEZmKbHSCQ}{127.0.0.1}{127.0.0.1:9660}[mode=>network]], id[784], master [null], hasJoinedOnce [false], cluster_name[TEST-CHILD_VM=[2]-CLUSTER_SEED=[2858301384796425155]-HASH=[462C14F99751D]-cluster]}, ping_response{node [{node_t0}{5WFoynj2SUGDMEZmKbHSCQ}{127.0.0.1}{127.0.0.1:9660}[mode=>network]], id[784], master [null], hasJoinedOnce [false], cluster_name[TEST-CHILD_VM=[2]-CLUSTER_SEED=[2858301384796425155]-HASH=[462C14F99751D]-cluster]}, ping_response{node [{node_t0}{5WFoynj2SUGDMEZmKbHSCQ}{127.0.0.1}{127.0.0.1:9660}[mode=>network]], id[788], master [null], hasJoinedOnce [false], cluster_name[TEST-CHILD_VM=[2]-CLUSTER_SEED=[2858301384796425155]-HASH=[462C14F99751D]-cluster]}, ping_response{node [{node_t0}{5WFoynj2SUGDMEZmKbHSCQ}{127.0.0.1}{127.0.0.1:9660}[mode=>network]], id[788], master [null], hasJoinedOnce [false], cluster_name[TEST-CHILD_VM=[2]-CLUSTER_SEED=[2858301384796425155]-HASH=[462C14F99751D]-cluster]}, ping_response{node [{node_t0}{5WFoynj2SUGDMEZmKbHSCQ}{127.0.0.1}{127.0.0.1:9660}[mode=>network]], id[788], master [null], hasJoinedOnce [false], cluster_name[TEST-CHILD_VM=[2]-CLUSTER_SEED=[2858301384796425155]-HASH=[462C14F99751D]-cluster]}, ping_response{node [{node_t0}{5WFoynj2SUGDMEZmKbHSCQ}{127.0.0.1}{127.0.0.1:9660}[mode=>network]], id[792], master [null], hasJoinedOnce [false], cluster_name[TEST-CHILD_VM=[2]-CLUSTER_SEED=[2858301384796425155]-HASH=[462C14F99751D]-cluster]}, ping_response{node [{node_t0}{5WFoynj2SUGDMEZmKbHSCQ}{127.0.0.1}{127.0.0.1:9660}[mode=>network]], id[792], master [null], hasJoinedOnce [false], cluster_name[TEST-CHILD_VM=[2]-CLUSTER_SEED=[2858301384796425155]-HASH=[462C14F99751D]-cluster]}, ping_response{node [{node_t0}{5WFoynj2SUGDMEZmKbHSCQ}{127.0.0.1}{127.0.0.1:9660}[mode=>network]], id[792], master [null], hasJoinedOnce [false], cluster_name[TEST-CHILD_VM=[2]-CLUSTER_SEED=[2858301384796425155]-HASH=[462C14F99751D]-cluster]}, ping_response{node [{node_t0}{5WFoynj2SUGDMEZmKbHSCQ}{127.0.0.1}{127.0.0.1:9660}[mode=>network]], id[796], master [null], hasJoinedOnce [false], cluster_name[TEST-CHILD_VM=[2]-CLUSTER_SEED=[2858301384796425155]-HASH=[462C14F99751D]-cluster]}, ping_response{node [{node_t0}{5WFoynj2SUGDMEZmKbHSCQ}{127.0.0.1}{127.0.0.1:9660}[mode=>network]], id[796], master [null], hasJoinedOnce [false], cluster_name[TEST-CHILD_VM=[2]-CLUSTER_SEED=[2858301384796425155]-HASH=[462C14F99751D]-cluster]}, ping_response{node [{node_t0}{5WFoynj2SUGDMEZmKbHSCQ}{127.0.0.1}{127.0.0.1:9660}[mode=>network]], id[796], master [null], hasJoinedOnce [false], cluster_name[TEST-CHILD_VM=[2]-CLUSTER_SEED=[2858301384796425155]-HASH=[462C14F99751D]-cluster]}, ping_response{node [{node_t0}{5WFoynj2SUGDMEZmKbHSCQ}{127.0.0.1}{127.0.0.1:9660}[mode=>network]], id[799], master [null], hasJoinedOnce [false], cluster_name[TEST-CHILD_VM=[2]-CLUSTER_SEED=[2858301384796425155]-HASH=[462C14F99751D]-cluster]}]
[2016-03-30 14:01:59,285][TRACE][org.elasticsearch.discovery.zen.ping.unicast] [node_t0] [3] failed to connect to {#zen_unicast_8#}{::1}{[::1]:9662}
ConnectTransportException[[][[::1]:9662] connect_timeout[30s]]; nested: ConnectException[Connection refused: /0:0:0:0:0:0:0:1:9662];
	at org.elasticsearch.transport.netty.NettyTransport.connectToChannelsLight(NettyTransport.java:948)
	at org.elasticsearch.transport.netty.NettyTransport.connectToNode(NettyTransport.java:912)
	at org.elasticsearch.transport.netty.NettyTransport.connectToNodeLight(NettyTransport.java:884)
	at org.elasticsearch.test.transport.MockTransportService$LookupTestTransport.connectToNodeLight(MockTransportService.java:412)
	at org.elasticsearch.transport.TransportService.connectToNodeLight(TransportService.java:250)
	at org.elasticsearch.discovery.zen.ping.unicast.UnicastZenPing$3.run(UnicastZenPing.java:395)
	at java.util.concurrent.ThreadPoolExecutor.runWorker(ThreadPoolExecutor.java:1142)
	at java.util.concurrent.ThreadPoolExecutor$Worker.run(ThreadPoolExecutor.java:617)
	at java.lang.Thread.run(Thread.java:745)
Caused by: java.net.ConnectException: Connection refused: /0:0:0:0:0:0:0:1:9662
	at sun.nio.ch.SocketChannelImpl.checkConnect(Native Method)
	at sun.nio.ch.SocketChannelImpl.finishConnect(SocketChannelImpl.java:717)
	at org.jboss.netty.channel.socket.nio.NioClientBoss.connect(NioClientBoss.java:152)
	at org.jboss.netty.channel.socket.nio.NioClientBoss.processSelectedKeys(NioClientBoss.java:105)
	at org.jboss.netty.channel.socket.nio.NioClientBoss.process(NioClientBoss.java:79)
	at org.jboss.netty.channel.socket.nio.AbstractNioSelector.run(AbstractNioSelector.java:337)
	at org.jboss.netty.channel.socket.nio.NioClientBoss.run(NioClientBoss.java:42)
	at org.jboss.netty.util.ThreadRenamingRunnable.run(ThreadRenamingRunnable.java:108)
	at org.jboss.netty.util.internal.DeadLockProofWorker$1.run(DeadLockProofWorker.java:42)
	... 3 more
[2016-03-30 14:01:59,285][TRACE][org.elasticsearch.discovery.zen.ping.unicast] [node_t0] [3] failed to connect to {#zen_unicast_7#}{::1}{[::1]:9661}
ConnectTransportException[[][[::1]:9661] connect_timeout[30s]]; nested: ConnectException[Connection refused: /0:0:0:0:0:0:0:1:9661];
	at org.elasticsearch.transport.netty.NettyTransport.connectToChannelsLight(NettyTransport.java:948)
	at org.elasticsearch.transport.netty.NettyTransport.connectToNode(NettyTransport.java:912)
	at org.elasticsearch.transport.netty.NettyTransport.connectToNodeLight(NettyTransport.java:884)
	at org.elasticsearch.test.transport.MockTransportService$LookupTestTransport.connectToNodeLight(MockTransportService.java:412)
	at org.elasticsearch.transport.TransportService.connectToNodeLight(TransportService.java:250)
	at org.elasticsearch.discovery.zen.ping.unicast.UnicastZenPing$3.run(UnicastZenPing.java:395)
	at java.util.concurrent.ThreadPoolExecutor.runWorker(ThreadPoolExecutor.java:1142)
	at java.util.concurrent.ThreadPoolExecutor$Worker.run(ThreadPoolExecutor.java:617)
	at java.lang.Thread.run(Thread.java:745)
Caused by: java.net.ConnectException: Connection refused: /0:0:0:0:0:0:0:1:9661
	at sun.nio.ch.SocketChannelImpl.checkConnect(Native Method)
	at sun.nio.ch.SocketChannelImpl.finishConnect(SocketChannelImpl.java:717)
	at org.jboss.netty.channel.socket.nio.NioClientBoss.connect(NioClientBoss.java:152)
	at org.jboss.netty.channel.socket.nio.NioClientBoss.processSelectedKeys(NioClientBoss.java:105)
	at org.jboss.netty.channel.socket.nio.NioClientBoss.process(NioClientBoss.java:79)
	at org.jboss.netty.channel.socket.nio.AbstractNioSelector.run(AbstractNioSelector.java:337)
	at org.jboss.netty.channel.socket.nio.NioClientBoss.run(NioClientBoss.java:42)
	at org.jboss.netty.util.ThreadRenamingRunnable.run(ThreadRenamingRunnable.java:108)
	at org.jboss.netty.util.internal.DeadLockProofWorker$1.run(DeadLockProofWorker.java:42)
	... 3 more
[2016-03-30 14:01:59,285][TRACE][org.elasticsearch.discovery.zen.ping.unicast] [node_t0] [3] failed to connect to {#zen_unicast_9#}{::1}{[::1]:9663}
ConnectTransportException[[][[::1]:9663] connect_timeout[30s]]; nested: ConnectException[Connection refused: /0:0:0:0:0:0:0:1:9663];
	at org.elasticsearch.transport.netty.NettyTransport.connectToChannelsLight(NettyTransport.java:948)
	at org.elasticsearch.transport.netty.NettyTransport.connectToNode(NettyTransport.java:912)
	at org.elasticsearch.transport.netty.NettyTransport.connectToNodeLight(NettyTransport.java:884)
	at org.elasticsearch.test.transport.MockTransportService$LookupTestTransport.connectToNodeLight(MockTransportService.java:412)
	at org.elasticsearch.transport.TransportService.connectToNodeLight(TransportService.java:250)
	at org.elasticsearch.discovery.zen.ping.unicast.UnicastZenPing$3.run(UnicastZenPing.java:395)
	at java.util.concurrent.ThreadPoolExecutor.runWorker(ThreadPoolExecutor.java:1142)
	at java.util.concurrent.ThreadPoolExecutor$Worker.run(ThreadPoolExecutor.java:617)
	at java.lang.Thread.run(Thread.java:745)
Caused by: java.net.ConnectException: Connection refused: /0:0:0:0:0:0:0:1:9663
	at sun.nio.ch.SocketChannelImpl.checkConnect(Native Method)
	at sun.nio.ch.SocketChannelImpl.finishConnect(SocketChannelImpl.java:717)
	at org.jboss.netty.channel.socket.nio.NioClientBoss.connect(NioClientBoss.java:152)
	at org.jboss.netty.channel.socket.nio.NioClientBoss.processSelectedKeys(NioClientBoss.java:105)
	at org.jboss.netty.channel.socket.nio.NioClientBoss.process(NioClientBoss.java:79)
	at org.jboss.netty.channel.socket.nio.AbstractNioSelector.run(AbstractNioSelector.java:337)
	at org.jboss.netty.channel.socket.nio.NioClientBoss.run(NioClientBoss.java:42)
	at org.jboss.netty.util.ThreadRenamingRunnable.run(ThreadRenamingRunnable.java:108)
	at org.jboss.netty.util.internal.DeadLockProofWorker$1.run(DeadLockProofWorker.java:42)
	... 3 more
[2016-03-30 14:01:59,284][TRACE][org.elasticsearch.discovery.zen.ping.unicast] [node_t0] [3] failed to connect to {#zen_unicast_10#}{::1}{[::1]:9664}
ConnectTransportException[[][[::1]:9664] connect_timeout[30s]]; nested: ConnectException[Connection refused: /0:0:0:0:0:0:0:1:9664];
	at org.elasticsearch.transport.netty.NettyTransport.connectToChannelsLight(NettyTransport.java:948)
	at org.elasticsearch.transport.netty.NettyTransport.connectToNode(NettyTransport.java:912)
	at org.elasticsearch.transport.netty.NettyTransport.connectToNodeLight(NettyTransport.java:884)
	at org.elasticsearch.test.transport.MockTransportService$LookupTestTransport.connectToNodeLight(MockTransportService.java:412)
	at org.elasticsearch.transport.TransportService.connectToNodeLight(TransportService.java:250)
	at org.elasticsearch.discovery.zen.ping.unicast.UnicastZenPing$3.run(UnicastZenPing.java:395)
	at java.util.concurrent.ThreadPoolExecutor.runWorker(ThreadPoolExecutor.java:1142)
	at java.util.concurrent.ThreadPoolExecutor$Worker.run(ThreadPoolExecutor.java:617)
	at java.lang.Thread.run(Thread.java:745)
Caused by: java.net.ConnectException: Connection refused: /0:0:0:0:0:0:0:1:9664
	at sun.nio.ch.SocketChannelImpl.checkConnect(Native Method)
	at sun.nio.ch.SocketChannelImpl.finishConnect(SocketChannelImpl.java:717)
	at org.jboss.netty.channel.socket.nio.NioClientBoss.connect(NioClientBoss.java:152)
	at org.jboss.netty.channel.socket.nio.NioClientBoss.processSelectedKeys(NioClientBoss.java:105)
	at org.jboss.netty.channel.socket.nio.NioClientBoss.process(NioClientBoss.java:79)
	at org.jboss.netty.channel.socket.nio.AbstractNioSelector.run(AbstractNioSelector.java:337)
	at org.jboss.netty.channel.socket.nio.NioClientBoss.run(NioClientBoss.java:42)
	at org.jboss.netty.util.ThreadRenamingRunnable.run(ThreadRenamingRunnable.java:108)
	at org.jboss.netty.util.internal.DeadLockProofWorker$1.run(DeadLockProofWorker.java:42)
	... 3 more
[2016-03-30 14:01:59,287][TRACE][org.elasticsearch.discovery.zen] [node_t0] full ping responses: {none}
[2016-03-30 14:01:59,287][TRACE][org.elasticsearch.discovery.zen.ping.unicast] [node_t0] [3] disconnecting from {#zen_unicast_2#}{127.0.0.1}{127.0.0.1:9661}
[2016-03-30 14:01:59,287][DEBUG][org.elasticsearch.discovery.zen] [node_t0] filtered ping responses: (filter_client[true], filter_data[false]) {none}
[2016-03-30 14:01:59,287][TRACE][org.elasticsearch.discovery.zen.ping.unicast] [node_t0] [3] disconnecting from {#zen_unicast_6#}{::1}{[::1]:9660}
[2016-03-30 14:01:59,287][TRACE][org.elasticsearch.discovery.zen] [node_t0] not enough master nodes [[{node_t0}{5WFoynj2SUGDMEZmKbHSCQ}{127.0.0.1}{127.0.0.1:9660}[mode=>network]]]
[2016-03-30 14:01:59,287][TRACE][org.elasticsearch.discovery.zen] [node_t0] starting to ping
[2016-03-30 14:01:59,287][TRACE][org.elasticsearch.discovery.zen.ping.unicast] [node_t0] [3] disconnecting from {#zen_unicast_5#}{127.0.0.1}{127.0.0.1:9664}
[2016-03-30 14:01:59,287][TRACE][org.elasticsearch.discovery.zen.ping.unicast] [node_t0] [4] sending to {node_t0}{5WFoynj2SUGDMEZmKbHSCQ}{127.0.0.1}{127.0.0.1:9660}[mode=>network]
[2016-03-30 14:01:59,287][TRACE][org.elasticsearch.discovery.zen.ping.unicast] [node_t0] [3] disconnecting from {#zen_unicast_4#}{127.0.0.1}{127.0.0.1:9663}
[2016-03-30 14:01:59,288][TRACE][org.elasticsearch.discovery.zen.ping.unicast] [node_t0] [3] disconnecting from {#zen_unicast_3#}{127.0.0.1}{127.0.0.1:9662}
[2016-03-30 14:01:59,288][TRACE][org.elasticsearch.discovery.zen.ping.unicast] [node_t0] [4] received response from {node_t0}{5WFoynj2SUGDMEZmKbHSCQ}{127.0.0.1}{127.0.0.1:9660}[mode=>network]: [ping_response{node [{node_t0}{5WFoynj2SUGDMEZmKbHSCQ}{127.0.0.1}{127.0.0.1:9660}[mode=>network]], id[780], master [null], hasJoinedOnce [false], cluster_name[TEST-CHILD_VM=[2]-CLUSTER_SEED=[2858301384796425155]-HASH=[462C14F99751D]-cluster]}, ping_response{node [{node_t0}{5WFoynj2SUGDMEZmKbHSCQ}{127.0.0.1}{127.0.0.1:9660}[mode=>network]], id[780], master [null], hasJoinedOnce [false], cluster_name[TEST-CHILD_VM=[2]-CLUSTER_SEED=[2858301384796425155]-HASH=[462C14F99751D]-cluster]}, ping_response{node [{node_t0}{5WFoynj2SUGDMEZmKbHSCQ}{127.0.0.1}{127.0.0.1:9660}[mode=>network]], id[780], master [null], hasJoinedOnce [false], cluster_name[TEST-CHILD_VM=[2]-CLUSTER_SEED=[2858301384796425155]-HASH=[462C14F99751D]-cluster]}, ping_response{node [{node_t0}{5WFoynj2SUGDMEZmKbHSCQ}{127.0.0.1}{127.0.0.1:9660}[mode=>network]], id[784], master [null], hasJoinedOnce [false], cluster_name[TEST-CHILD_VM=[2]-CLUSTER_SEED=[2858301384796425155]-HASH=[462C14F99751D]-cluster]}, ping_response{node [{node_t0}{5WFoynj2SUGDMEZmKbHSCQ}{127.0.0.1}{127.0.0.1:9660}[mode=>network]], id[784], master [null], hasJoinedOnce [false], cluster_name[TEST-CHILD_VM=[2]-CLUSTER_SEED=[2858301384796425155]-HASH=[462C14F99751D]-cluster]}, ping_response{node [{node_t0}{5WFoynj2SUGDMEZmKbHSCQ}{127.0.0.1}{127.0.0.1:9660}[mode=>network]], id[784], master [null], hasJoinedOnce [false], cluster_name[TEST-CHILD_VM=[2]-CLUSTER_SEED=[2858301384796425155]-HASH=[462C14F99751D]-cluster]}, ping_response{node [{node_t0}{5WFoynj2SUGDMEZmKbHSCQ}{127.0.0.1}{127.0.0.1:9660}[mode=>network]], id[788], master [null], hasJoinedOnce [false], cluster_name[TEST-CHILD_VM=[2]-CLUSTER_SEED=[2858301384796425155]-HASH=[462C14F99751D]-cluster]}, ping_response{node [{node_t0}{5WFoynj2SUGDMEZmKbHSCQ}{127.0.0.1}{127.0.0.1:9660}[mode=>network]], id[788], master [null], hasJoinedOnce [false], cluster_name[TEST-CHILD_VM=[2]-CLUSTER_SEED=[2858301384796425155]-HASH=[462C14F99751D]-cluster]}, ping_response{node [{node_t0}{5WFoynj2SUGDMEZmKbHSCQ}{127.0.0.1}{127.0.0.1:9660}[mode=>network]], id[788], master [null], hasJoinedOnce [false], cluster_name[TEST-CHILD_VM=[2]-CLUSTER_SEED=[2858301384796425155]-HASH=[462C14F99751D]-cluster]}, ping_response{node [{node_t0}{5WFoynj2SUGDMEZmKbHSCQ}{127.0.0.1}{127.0.0.1:9660}[mode=>network]], id[792], master [null], hasJoinedOnce [false], cluster_name[TEST-CHILD_VM=[2]-CLUSTER_SEED=[2858301384796425155]-HASH=[462C14F99751D]-cluster]}, ping_response{node [{node_t0}{5WFoynj2SUGDMEZmKbHSCQ}{127.0.0.1}{127.0.0.1:9660}[mode=>network]], id[792], master [null], hasJoinedOnce [false], cluster_name[TEST-CHILD_VM=[2]-CLUSTER_SEED=[2858301384796425155]-HASH=[462C14F99751D]-cluster]}, ping_response{node [{node_t0}{5WFoynj2SUGDMEZmKbHSCQ}{127.0.0.1}{127.0.0.1:9660}[mode=>network]], id[792], master [null], hasJoinedOnce [false], cluster_name[TEST-CHILD_VM=[2]-CLUSTER_SEED=[2858301384796425155]-HASH=[462C14F99751D]-cluster]}, ping_response{node [{node_t0}{5WFoynj2SUGDMEZmKbHSCQ}{127.0.0.1}{127.0.0.1:9660}[mode=>network]], id[796], master [null], hasJoinedOnce [false], cluster_name[TEST-CHILD_VM=[2]-CLUSTER_SEED=[2858301384796425155]-HASH=[462C14F99751D]-cluster]}, ping_response{node [{node_t0}{5WFoynj2SUGDMEZmKbHSCQ}{127.0.0.1}{127.0.0.1:9660}[mode=>network]], id[796], master [null], hasJoinedOnce [false], cluster_name[TEST-CHILD_VM=[2]-CLUSTER_SEED=[2858301384796425155]-HASH=[462C14F99751D]-cluster]}, ping_response{node [{node_t0}{5WFoynj2SUGDMEZmKbHSCQ}{127.0.0.1}{127.0.0.1:9660}[mode=>network]], id[796], master [null], hasJoinedOnce [false], cluster_name[TEST-CHILD_VM=[2]-CLUSTER_SEED=[2858301384796425155]-HASH=[462C14F99751D]-cluster]}, ping_response{node [{node_t0}{5WFoynj2SUGDMEZmKbHSCQ}{127.0.0.1}{127.0.0.1:9660}[mode=>network]], id[800], master [null], hasJoinedOnce [false], cluster_name[TEST-CHILD_VM=[2]-CLUSTER_SEED=[2858301384796425155]-HASH=[462C14F99751D]-cluster]}, ping_response{node [{node_t0}{5WFoynj2SUGDMEZmKbHSCQ}{127.0.0.1}{127.0.0.1:9660}[mode=>network]], id[801], master [null], hasJoinedOnce [false], cluster_name[TEST-CHILD_VM=[2]-CLUSTER_SEED=[2858301384796425155]-HASH=[462C14F99751D]-cluster]}]
[2016-03-30 14:01:59,288][TRACE][org.elasticsearch.discovery.zen.ping.unicast] [node_t0] [3] disconnecting from {#zen_unicast_10#}{::1}{[::1]:9664}
[2016-03-30 14:01:59,288][TRACE][org.elasticsearch.discovery.zen.ping.unicast] [node_t0] [4] connecting (light) to {#zen_unicast_2#}{127.0.0.1}{127.0.0.1:9661}
[2016-03-30 14:01:59,288][TRACE][org.elasticsearch.discovery.zen.ping.unicast] [node_t0] [4] connecting (light) to {#zen_unicast_10#}{::1}{[::1]:9664}
[2016-03-30 14:01:59,288][TRACE][org.elasticsearch.discovery.zen.ping.unicast] [node_t0] [4] connecting (light) to {#zen_unicast_9#}{::1}{[::1]:9663}
[2016-03-30 14:01:59,288][TRACE][org.elasticsearch.discovery.zen.ping.unicast] [node_t0] [4] connecting (light) to {#zen_unicast_8#}{::1}{[::1]:9662}
[2016-03-30 14:01:59,288][TRACE][org.elasticsearch.discovery.zen.ping.unicast] [node_t0] [4] connecting (light) to {#zen_unicast_7#}{::1}{[::1]:9661}
[2016-03-30 14:01:59,288][TRACE][org.elasticsearch.discovery.zen.ping.unicast] [node_t0] [4] connecting (light) to {#zen_unicast_6#}{::1}{[::1]:9660}
[2016-03-30 14:01:59,288][TRACE][org.elasticsearch.discovery.zen.ping.unicast] [node_t0] [4] sending to {node_t0}{5WFoynj2SUGDMEZmKbHSCQ}{127.0.0.1}{127.0.0.1:9660}[mode=>network]
[2016-03-30 14:01:59,288][TRACE][org.elasticsearch.discovery.zen.ping.unicast] [node_t0] [4] connecting (light) to {#zen_unicast_4#}{127.0.0.1}{127.0.0.1:9663}
[2016-03-30 14:01:59,288][TRACE][org.elasticsearch.discovery.zen.ping.unicast] [node_t0] [4] connecting (light) to {#zen_unicast_5#}{127.0.0.1}{127.0.0.1:9664}
[2016-03-30 14:01:59,290][TRACE][org.elasticsearch.discovery.zen.ping.unicast] [node_t0] [4] received response from {node_t0}{5WFoynj2SUGDMEZmKbHSCQ}{127.0.0.1}{127.0.0.1:9660}[mode=>network]: [ping_response{node [{node_t0}{5WFoynj2SUGDMEZmKbHSCQ}{127.0.0.1}{127.0.0.1:9660}[mode=>network]], id[780], master [null], hasJoinedOnce [false], cluster_name[TEST-CHILD_VM=[2]-CLUSTER_SEED=[2858301384796425155]-HASH=[462C14F99751D]-cluster]}, ping_response{node [{node_t0}{5WFoynj2SUGDMEZmKbHSCQ}{127.0.0.1}{127.0.0.1:9660}[mode=>network]], id[780], master [null], hasJoinedOnce [false], cluster_name[TEST-CHILD_VM=[2]-CLUSTER_SEED=[2858301384796425155]-HASH=[462C14F99751D]-cluster]}, ping_response{node [{node_t0}{5WFoynj2SUGDMEZmKbHSCQ}{127.0.0.1}{127.0.0.1:9660}[mode=>network]], id[780], master [null], hasJoinedOnce [false], cluster_name[TEST-CHILD_VM=[2]-CLUSTER_SEED=[2858301384796425155]-HASH=[462C14F99751D]-cluster]}, ping_response{node [{node_t0}{5WFoynj2SUGDMEZmKbHSCQ}{127.0.0.1}{127.0.0.1:9660}[mode=>network]], id[784], master [null], hasJoinedOnce [false], cluster_name[TEST-CHILD_VM=[2]-CLUSTER_SEED=[2858301384796425155]-HASH=[462C14F99751D]-cluster]}, ping_response{node [{node_t0}{5WFoynj2SUGDMEZmKbHSCQ}{127.0.0.1}{127.0.0.1:9660}[mode=>network]], id[784], master [null], hasJoinedOnce [false], cluster_name[TEST-CHILD_VM=[2]-CLUSTER_SEED=[2858301384796425155]-HASH=[462C14F99751D]-cluster]}, ping_response{node [{node_t0}{5WFoynj2SUGDMEZmKbHSCQ}{127.0.0.1}{127.0.0.1:9660}[mode=>network]], id[784], master [null], hasJoinedOnce [false], cluster_name[TEST-CHILD_VM=[2]-CLUSTER_SEED=[2858301384796425155]-HASH=[462C14F99751D]-cluster]}, ping_response{node [{node_t0}{5WFoynj2SUGDMEZmKbHSCQ}{127.0.0.1}{127.0.0.1:9660}[mode=>network]], id[788], master [null], hasJoinedOnce [false], cluster_name[TEST-CHILD_VM=[2]-CLUSTER_SEED=[2858301384796425155]-HASH=[462C14F99751D]-cluster]}, ping_response{node [{node_t0}{5WFoynj2SUGDMEZmKbHSCQ}{127.0.0.1}{127.0.0.1:9660}[mode=>network]], id[788], master [null], hasJoinedOnce [false], cluster_name[TEST-CHILD_VM=[2]-CLUSTER_SEED=[2858301384796425155]-HASH=[462C14F99751D]-cluster]}, ping_response{node [{node_t0}{5WFoynj2SUGDMEZmKbHSCQ}{127.0.0.1}{127.0.0.1:9660}[mode=>network]], id[788], master [null], hasJoinedOnce [false], cluster_name[TEST-CHILD_VM=[2]-CLUSTER_SEED=[2858301384796425155]-HASH=[462C14F99751D]-cluster]}, ping_response{node [{node_t0}{5WFoynj2SUGDMEZmKbHSCQ}{127.0.0.1}{127.0.0.1:9660}[mode=>network]], id[792], master [null], hasJoinedOnce [false], cluster_name[TEST-CHILD_VM=[2]-CLUSTER_SEED=[2858301384796425155]-HASH=[462C14F99751D]-cluster]}, ping_response{node [{node_t0}{5WFoynj2SUGDMEZmKbHSCQ}{127.0.0.1}{127.0.0.1:9660}[mode=>network]], id[792], master [null], hasJoinedOnce [false], cluster_name[TEST-CHILD_VM=[2]-CLUSTER_SEED=[2858301384796425155]-HASH=[462C14F99751D]-cluster]}, ping_response{node [{node_t0}{5WFoynj2SUGDMEZmKbHSCQ}{127.0.0.1}{127.0.0.1:9660}[mode=>network]], id[792], master [null], hasJoinedOnce [false], cluster_name[TEST-CHILD_VM=[2]-CLUSTER_SEED=[2858301384796425155]-HASH=[462C14F99751D]-cluster]}, ping_response{node [{node_t0}{5WFoynj2SUGDMEZmKbHSCQ}{127.0.0.1}{127.0.0.1:9660}[mode=>network]], id[796], master [null], hasJoinedOnce [false], cluster_name[TEST-CHILD_VM=[2]-CLUSTER_SEED=[2858301384796425155]-HASH=[462C14F99751D]-cluster]}, ping_response{node [{node_t0}{5WFoynj2SUGDMEZmKbHSCQ}{127.0.0.1}{127.0.0.1:9660}[mode=>network]], id[796], master [null], hasJoinedOnce [false], cluster_name[TEST-CHILD_VM=[2]-CLUSTER_SEED=[2858301384796425155]-HASH=[462C14F99751D]-cluster]}, ping_response{node [{node_t0}{5WFoynj2SUGDMEZmKbHSCQ}{127.0.0.1}{127.0.0.1:9660}[mode=>network]], id[796], master [null], hasJoinedOnce [false], cluster_name[TEST-CHILD_VM=[2]-CLUSTER_SEED=[2858301384796425155]-HASH=[462C14F99751D]-cluster]}, ping_response{node [{node_t0}{5WFoynj2SUGDMEZmKbHSCQ}{127.0.0.1}{127.0.0.1:9660}[mode=>network]], id[800], master [null], hasJoinedOnce [false], cluster_name[TEST-CHILD_VM=[2]-CLUSTER_SEED=[2858301384796425155]-HASH=[462C14F99751D]-cluster]}, ping_response{node [{node_t0}{5WFoynj2SUGDMEZmKbHSCQ}{127.0.0.1}{127.0.0.1:9660}[mode=>network]], id[800], master [null], hasJoinedOnce [false], cluster_name[TEST-CHILD_VM=[2]-CLUSTER_SEED=[2858301384796425155]-HASH=[462C14F99751D]-cluster]}, ping_response{node [{node_t0}{5WFoynj2SUGDMEZmKbHSCQ}{127.0.0.1}{127.0.0.1:9660}[mode=>network]], id[802], master [null], hasJoinedOnce [false], cluster_name[TEST-CHILD_VM=[2]-CLUSTER_SEED=[2858301384796425155]-HASH=[462C14F99751D]-cluster]}]
[2016-03-30 14:01:59,290][TRACE][org.elasticsearch.discovery.zen.ping.unicast] [node_t0] [4] failed to connect to {#zen_unicast_8#}{::1}{[::1]:9662}
ConnectTransportException[[][[::1]:9662] connect_timeout[30s]]; nested: ConnectException[Connection refused: /0:0:0:0:0:0:0:1:9662];
	at org.elasticsearch.transport.netty.NettyTransport.connectToChannelsLight(NettyTransport.java:948)
	at org.elasticsearch.transport.netty.NettyTransport.connectToNode(NettyTransport.java:912)
	at org.elasticsearch.transport.netty.NettyTransport.connectToNodeLight(NettyTransport.java:884)
	at org.elasticsearch.test.transport.MockTransportService$LookupTestTransport.connectToNodeLight(MockTransportService.java:412)
	at org.elasticsearch.transport.TransportService.connectToNodeLight(TransportService.java:250)
	at org.elasticsearch.discovery.zen.ping.unicast.UnicastZenPing$3.run(UnicastZenPing.java:395)
	at java.util.concurrent.ThreadPoolExecutor.runWorker(ThreadPoolExecutor.java:1142)
	at java.util.concurrent.ThreadPoolExecutor$Worker.run(ThreadPoolExecutor.java:617)
	at java.lang.Thread.run(Thread.java:745)
Caused by: java.net.ConnectException: Connection refused: /0:0:0:0:0:0:0:1:9662
	at sun.nio.ch.SocketChannelImpl.checkConnect(Native Method)
	at sun.nio.ch.SocketChannelImpl.finishConnect(SocketChannelImpl.java:717)
	at org.jboss.netty.channel.socket.nio.NioClientBoss.connect(NioClientBoss.java:152)
	at org.jboss.netty.channel.socket.nio.NioClientBoss.processSelectedKeys(NioClientBoss.java:105)
	at org.jboss.netty.channel.socket.nio.NioClientBoss.process(NioClientBoss.java:79)
	at org.jboss.netty.channel.socket.nio.AbstractNioSelector.run(AbstractNioSelector.java:337)
	at org.jboss.netty.channel.socket.nio.NioClientBoss.run(NioClientBoss.java:42)
	at org.jboss.netty.util.ThreadRenamingRunnable.run(ThreadRenamingRunnable.java:108)
	at org.jboss.netty.util.internal.DeadLockProofWorker$1.run(DeadLockProofWorker.java:42)
	... 3 more
[2016-03-30 14:01:59,291][TRACE][org.elasticsearch.discovery.zen.ping.unicast] [node_t0] [4] connected to {#zen_unicast_6#}{::1}{[::1]:9660}
[2016-03-30 14:01:59,296][TRACE][org.elasticsearch.discovery.zen.ping.unicast] [node_t0] [4] sending to {#zen_unicast_6#}{::1}{[::1]:9660}
[2016-03-30 14:01:59,296][TRACE][org.elasticsearch.discovery.zen.ping.unicast] [node_t0] [4] failed to connect to {#zen_unicast_4#}{127.0.0.1}{127.0.0.1:9663}
ConnectTransportException[[][127.0.0.1:9663] connect_timeout[30s]]; nested: ConnectException[Connection refused: /127.0.0.1:9663];
	at org.elasticsearch.transport.netty.NettyTransport.connectToChannelsLight(NettyTransport.java:948)
	at org.elasticsearch.transport.netty.NettyTransport.connectToNode(NettyTransport.java:912)
	at org.elasticsearch.transport.netty.NettyTransport.connectToNodeLight(NettyTransport.java:884)
	at org.elasticsearch.test.transport.MockTransportService$LookupTestTransport.connectToNodeLight(MockTransportService.java:412)
	at org.elasticsearch.transport.TransportService.connectToNodeLight(TransportService.java:250)
	at org.elasticsearch.discovery.zen.ping.unicast.UnicastZenPing$3.run(UnicastZenPing.java:395)
	at java.util.concurrent.ThreadPoolExecutor.runWorker(ThreadPoolExecutor.java:1142)
	at java.util.concurrent.ThreadPoolExecutor$Worker.run(ThreadPoolExecutor.java:617)
	at java.lang.Thread.run(Thread.java:745)
Caused by: java.net.ConnectException: Connection refused: /127.0.0.1:9663
	at sun.nio.ch.SocketChannelImpl.checkConnect(Native Method)
	at sun.nio.ch.SocketChannelImpl.finishConnect(SocketChannelImpl.java:717)
	at org.jboss.netty.channel.socket.nio.NioClientBoss.connect(NioClientBoss.java:152)
	at org.jboss.netty.channel.socket.nio.NioClientBoss.processSelectedKeys(NioClientBoss.java:105)
	at org.jboss.netty.channel.socket.nio.NioClientBoss.process(NioClientBoss.java:79)
	at org.jboss.netty.channel.socket.nio.AbstractNioSelector.run(AbstractNioSelector.java:337)
	at org.jboss.netty.channel.socket.nio.NioClientBoss.run(NioClientBoss.java:42)
	at org.jboss.netty.util.ThreadRenamingRunnable.run(ThreadRenamingRunnable.java:108)
	at org.jboss.netty.util.internal.DeadLockProofWorker$1.run(DeadLockProofWorker.java:42)
	... 3 more
[2016-03-30 14:01:59,288][TRACE][org.elasticsearch.discovery.zen.ping.unicast] [node_t0] [4] connecting (light) to {#zen_unicast_3#}{127.0.0.1}{127.0.0.1:9662}
[2016-03-30 14:01:59,288][TRACE][org.elasticsearch.discovery.zen.ping.unicast] [node_t0] [3] disconnecting from {#zen_unicast_9#}{::1}{[::1]:9663}
[2016-03-30 14:01:59,291][TRACE][org.elasticsearch.discovery.zen.ping.unicast] [node_t0] [4] failed to connect to {#zen_unicast_5#}{127.0.0.1}{127.0.0.1:9664}
ConnectTransportException[[][127.0.0.1:9664] connect_timeout[30s]]; nested: ConnectException[Connection refused: /127.0.0.1:9664];
	at org.elasticsearch.transport.netty.NettyTransport.connectToChannelsLight(NettyTransport.java:948)
	at org.elasticsearch.transport.netty.NettyTransport.connectToNode(NettyTransport.java:912)
	at org.elasticsearch.transport.netty.NettyTransport.connectToNodeLight(NettyTransport.java:884)
	at org.elasticsearch.test.transport.MockTransportService$LookupTestTransport.connectToNodeLight(MockTransportService.java:412)
	at org.elasticsearch.transport.TransportService.connectToNodeLight(TransportService.java:250)
	at org.elasticsearch.discovery.zen.ping.unicast.UnicastZenPing$3.run(UnicastZenPing.java:395)
	at java.util.concurrent.ThreadPoolExecutor.runWorker(ThreadPoolExecutor.java:1142)
	at java.util.concurrent.ThreadPoolExecutor$Worker.run(ThreadPoolExecutor.java:617)
	at java.lang.Thread.run(Thread.java:745)
Caused by: java.net.ConnectException: Connection refused: /127.0.0.1:9664
	at sun.nio.ch.SocketChannelImpl.checkConnect(Native Method)
	at sun.nio.ch.SocketChannelImpl.finishConnect(SocketChannelImpl.java:717)
	at org.jboss.netty.channel.socket.nio.NioClientBoss.connect(NioClientBoss.java:152)
	at org.jboss.netty.channel.socket.nio.NioClientBoss.processSelectedKeys(NioClientBoss.java:105)
	at org.jboss.netty.channel.socket.nio.NioClientBoss.process(NioClientBoss.java:79)
	at org.jboss.netty.channel.socket.nio.AbstractNioSelector.run(AbstractNioSelector.java:337)
	at org.jboss.netty.channel.socket.nio.NioClientBoss.run(NioClientBoss.java:42)
	at org.jboss.netty.util.ThreadRenamingRunnable.run(ThreadRenamingRunnable.java:108)
	at org.jboss.netty.util.internal.DeadLockProofWorker$1.run(DeadLockProofWorker.java:42)
	... 3 more
[2016-03-30 14:01:59,297][TRACE][org.elasticsearch.discovery.zen.ping.unicast] [node_t0] [4] received response from {#zen_unicast_6#}{::1}{[::1]:9660}: [ping_response{node [{node_t0}{5WFoynj2SUGDMEZmKbHSCQ}{127.0.0.1}{127.0.0.1:9660}[mode=>network]], id[780], master [null], hasJoinedOnce [false], cluster_name[TEST-CHILD_VM=[2]-CLUSTER_SEED=[2858301384796425155]-HASH=[462C14F99751D]-cluster]}, ping_response{node [{node_t0}{5WFoynj2SUGDMEZmKbHSCQ}{127.0.0.1}{127.0.0.1:9660}[mode=>network]], id[780], master [null], hasJoinedOnce [false], cluster_name[TEST-CHILD_VM=[2]-CLUSTER_SEED=[2858301384796425155]-HASH=[462C14F99751D]-cluster]}, ping_response{node [{node_t0}{5WFoynj2SUGDMEZmKbHSCQ}{127.0.0.1}{127.0.0.1:9660}[mode=>network]], id[780], master [null], hasJoinedOnce [false], cluster_name[TEST-CHILD_VM=[2]-CLUSTER_SEED=[2858301384796425155]-HASH=[462C14F99751D]-cluster]}, ping_response{node [{node_t0}{5WFoynj2SUGDMEZmKbHSCQ}{127.0.0.1}{127.0.0.1:9660}[mode=>network]], id[784], master [null], hasJoinedOnce [false], cluster_name[TEST-CHILD_VM=[2]-CLUSTER_SEED=[2858301384796425155]-HASH=[462C14F99751D]-cluster]}, ping_response{node [{node_t0}{5WFoynj2SUGDMEZmKbHSCQ}{127.0.0.1}{127.0.0.1:9660}[mode=>network]], id[784], master [null], hasJoinedOnce [false], cluster_name[TEST-CHILD_VM=[2]-CLUSTER_SEED=[2858301384796425155]-HASH=[462C14F99751D]-cluster]}, ping_response{node [{node_t0}{5WFoynj2SUGDMEZmKbHSCQ}{127.0.0.1}{127.0.0.1:9660}[mode=>network]], id[784], master [null], hasJoinedOnce [false], cluster_name[TEST-CHILD_VM=[2]-CLUSTER_SEED=[2858301384796425155]-HASH=[462C14F99751D]-cluster]}, ping_response{node [{node_t0}{5WFoynj2SUGDMEZmKbHSCQ}{127.0.0.1}{127.0.0.1:9660}[mode=>network]], id[788], master [null], hasJoinedOnce [false], cluster_name[TEST-CHILD_VM=[2]-CLUSTER_SEED=[2858301384796425155]-HASH=[462C14F99751D]-cluster]}, ping_response{node [{node_t0}{5WFoynj2SUGDMEZmKbHSCQ}{127.0.0.1}{127.0.0.1:9660}[mode=>network]], id[788], master [null], hasJoinedOnce [false], cluster_name[TEST-CHILD_VM=[2]-CLUSTER_SEED=[2858301384796425155]-HASH=[462C14F99751D]-cluster]}, ping_response{node [{node_t0}{5WFoynj2SUGDMEZmKbHSCQ}{127.0.0.1}{127.0.0.1:9660}[mode=>network]], id[788], master [null], hasJoinedOnce [false], cluster_name[TEST-CHILD_VM=[2]-CLUSTER_SEED=[2858301384796425155]-HASH=[462C14F99751D]-cluster]}, ping_response{node [{node_t0}{5WFoynj2SUGDMEZmKbHSCQ}{127.0.0.1}{127.0.0.1:9660}[mode=>network]], id[792], master [null], hasJoinedOnce [false], cluster_name[TEST-CHILD_VM=[2]-CLUSTER_SEED=[2858301384796425155]-HASH=[462C14F99751D]-cluster]}, ping_response{node [{node_t0}{5WFoynj2SUGDMEZmKbHSCQ}{127.0.0.1}{127.0.0.1:9660}[mode=>network]], id[792], master [null], hasJoinedOnce [false], cluster_name[TEST-CHILD_VM=[2]-CLUSTER_SEED=[2858301384796425155]-HASH=[462C14F99751D]-cluster]}, ping_response{node [{node_t0}{5WFoynj2SUGDMEZmKbHSCQ}{127.0.0.1}{127.0.0.1:9660}[mode=>network]], id[792], master [null], hasJoinedOnce [false], cluster_name[TEST-CHILD_VM=[2]-CLUSTER_SEED=[2858301384796425155]-HASH=[462C14F99751D]-cluster]}, ping_response{node [{node_t0}{5WFoynj2SUGDMEZmKbHSCQ}{127.0.0.1}{127.0.0.1:9660}[mode=>network]], id[796], master [null], hasJoinedOnce [false], cluster_name[TEST-CHILD_VM=[2]-CLUSTER_SEED=[2858301384796425155]-HASH=[462C14F99751D]-cluster]}, ping_response{node [{node_t0}{5WFoynj2SUGDMEZmKbHSCQ}{127.0.0.1}{127.0.0.1:9660}[mode=>network]], id[796], master [null], hasJoinedOnce [false], cluster_name[TEST-CHILD_VM=[2]-CLUSTER_SEED=[2858301384796425155]-HASH=[462C14F99751D]-cluster]}, ping_response{node [{node_t0}{5WFoynj2SUGDMEZmKbHSCQ}{127.0.0.1}{127.0.0.1:9660}[mode=>network]], id[796], master [null], hasJoinedOnce [false], cluster_name[TEST-CHILD_VM=[2]-CLUSTER_SEED=[2858301384796425155]-HASH=[462C14F99751D]-cluster]}, ping_response{node [{node_t0}{5WFoynj2SUGDMEZmKbHSCQ}{127.0.0.1}{127.0.0.1:9660}[mode=>network]], id[800], master [null], hasJoinedOnce [false], cluster_name[TEST-CHILD_VM=[2]-CLUSTER_SEED=[2858301384796425155]-HASH=[462C14F99751D]-cluster]}, ping_response{node [{node_t0}{5WFoynj2SUGDMEZmKbHSCQ}{127.0.0.1}{127.0.0.1:9660}[mode=>network]], id[800], master [null], hasJoinedOnce [false], cluster_name[TEST-CHILD_VM=[2]-CLUSTER_SEED=[2858301384796425155]-HASH=[462C14F99751D]-cluster]}, ping_response{node [{node_t0}{5WFoynj2SUGDMEZmKbHSCQ}{127.0.0.1}{127.0.0.1:9660}[mode=>network]], id[800], master [null], hasJoinedOnce [false], cluster_name[TEST-CHILD_VM=[2]-CLUSTER_SEED=[2858301384796425155]-HASH=[462C14F99751D]-cluster]}, ping_response{node [{node_t0}{5WFoynj2SUGDMEZmKbHSCQ}{127.0.0.1}{127.0.0.1:9660}[mode=>network]], id[803], master [null], hasJoinedOnce [false], cluster_name[TEST-CHILD_VM=[2]-CLUSTER_SEED=[2858301384796425155]-HASH=[462C14F99751D]-cluster]}]
[2016-03-30 14:01:59,291][TRACE][org.elasticsearch.discovery.zen.ping.unicast] [node_t0] [4] failed to connect to {#zen_unicast_7#}{::1}{[::1]:9661}
ConnectTransportException[[][[::1]:9661] connect_timeout[30s]]; nested: ConnectException[Connection refused: /0:0:0:0:0:0:0:1:9661];
	at org.elasticsearch.transport.netty.NettyTransport.connectToChannelsLight(NettyTransport.java:948)
	at org.elasticsearch.transport.netty.NettyTransport.connectToNode(NettyTransport.java:912)
	at org.elasticsearch.transport.netty.NettyTransport.connectToNodeLight(NettyTransport.java:884)
	at org.elasticsearch.test.transport.MockTransportService$LookupTestTransport.connectToNodeLight(MockTransportService.java:412)
	at org.elasticsearch.transport.TransportService.connectToNodeLight(TransportService.java:250)
	at org.elasticsearch.discovery.zen.ping.unicast.UnicastZenPing$3.run(UnicastZenPing.java:395)
	at java.util.concurrent.ThreadPoolExecutor.runWorker(ThreadPoolExecutor.java:1142)
	at java.util.concurrent.ThreadPoolExecutor$Worker.run(ThreadPoolExecutor.java:617)
	at java.lang.Thread.run(Thread.java:745)
Caused by: java.net.ConnectException: Connection refused: /0:0:0:0:0:0:0:1:9661
	at sun.nio.ch.SocketChannelImpl.checkConnect(Native Method)
	at sun.nio.ch.SocketChannelImpl.finishConnect(SocketChannelImpl.java:717)
	at org.jboss.netty.channel.socket.nio.NioClientBoss.connect(NioClientBoss.java:152)
	at org.jboss.netty.channel.socket.nio.NioClientBoss.processSelectedKeys(NioClientBoss.java:105)
	at org.jboss.netty.channel.socket.nio.NioClientBoss.process(NioClientBoss.java:79)
	at org.jboss.netty.channel.socket.nio.AbstractNioSelector.run(AbstractNioSelector.java:337)
	at org.jboss.netty.channel.socket.nio.NioClientBoss.run(NioClientBoss.java:42)
	at org.jboss.netty.util.ThreadRenamingRunnable.run(ThreadRenamingRunnable.java:108)
	at org.jboss.netty.util.internal.DeadLockProofWorker$1.run(DeadLockProofWorker.java:42)
	... 3 more
[2016-03-30 14:01:59,290][TRACE][org.elasticsearch.discovery.zen.ping.unicast] [node_t0] [4] failed to connect to {#zen_unicast_9#}{::1}{[::1]:9663}
ConnectTransportException[[][[::1]:9663] connect_timeout[30s]]; nested: ConnectException[Connection refused: /0:0:0:0:0:0:0:1:9663];
	at org.elasticsearch.transport.netty.NettyTransport.connectToChannelsLight(NettyTransport.java:948)
	at org.elasticsearch.transport.netty.NettyTransport.connectToNode(NettyTransport.java:912)
	at org.elasticsearch.transport.netty.NettyTransport.connectToNodeLight(NettyTransport.java:884)
	at org.elasticsearch.test.transport.MockTransportService$LookupTestTransport.connectToNodeLight(MockTransportService.java:412)
	at org.elasticsearch.transport.TransportService.connectToNodeLight(TransportService.java:250)
	at org.elasticsearch.discovery.zen.ping.unicast.UnicastZenPing$3.run(UnicastZenPing.java:395)
	at java.util.concurrent.ThreadPoolExecutor.runWorker(ThreadPoolExecutor.java:1142)
	at java.util.concurrent.ThreadPoolExecutor$Worker.run(ThreadPoolExecutor.java:617)
	at java.lang.Thread.run(Thread.java:745)
Caused by: java.net.ConnectException: Connection refused: /0:0:0:0:0:0:0:1:9663
	at sun.nio.ch.SocketChannelImpl.checkConnect(Native Method)
	at sun.nio.ch.SocketChannelImpl.finishConnect(SocketChannelImpl.java:717)
	at org.jboss.netty.channel.socket.nio.NioClientBoss.connect(NioClientBoss.java:152)
	at org.jboss.netty.channel.socket.nio.NioClientBoss.processSelectedKeys(NioClientBoss.java:105)
	at org.jboss.netty.channel.socket.nio.NioClientBoss.process(NioClientBoss.java:79)
	at org.jboss.netty.channel.socket.nio.AbstractNioSelector.run(AbstractNioSelector.java:337)
	at org.jboss.netty.channel.socket.nio.NioClientBoss.run(NioClientBoss.java:42)
	at org.jboss.netty.util.ThreadRenamingRunnable.run(ThreadRenamingRunnable.java:108)
	at org.jboss.netty.util.internal.DeadLockProofWorker$1.run(DeadLockProofWorker.java:42)
	... 3 more
[2016-03-30 14:01:59,290][TRACE][org.elasticsearch.discovery.zen.ping.unicast] [node_t0] [4] failed to connect to {#zen_unicast_2#}{127.0.0.1}{127.0.0.1:9661}
ConnectTransportException[[][127.0.0.1:9661] connect_timeout[30s]]; nested: ConnectException[Connection refused: /127.0.0.1:9661];
	at org.elasticsearch.transport.netty.NettyTransport.connectToChannelsLight(NettyTransport.java:948)
	at org.elasticsearch.transport.netty.NettyTransport.connectToNode(NettyTransport.java:912)
	at org.elasticsearch.transport.netty.NettyTransport.connectToNodeLight(NettyTransport.java:884)
	at org.elasticsearch.test.transport.MockTransportService$LookupTestTransport.connectToNodeLight(MockTransportService.java:412)
	at org.elasticsearch.transport.TransportService.connectToNodeLight(TransportService.java:250)
	at org.elasticsearch.discovery.zen.ping.unicast.UnicastZenPing$3.run(UnicastZenPing.java:395)
	at java.util.concurrent.ThreadPoolExecutor.runWorker(ThreadPoolExecutor.java:1142)
	at java.util.concurrent.ThreadPoolExecutor$Worker.run(ThreadPoolExecutor.java:617)
	at java.lang.Thread.run(Thread.java:745)
Caused by: java.net.ConnectException: Connection refused: /127.0.0.1:9661
	at sun.nio.ch.SocketChannelImpl.checkConnect(Native Method)
	at sun.nio.ch.SocketChannelImpl.finishConnect(SocketChannelImpl.java:717)
	at org.jboss.netty.channel.socket.nio.NioClientBoss.connect(NioClientBoss.java:152)
	at org.jboss.netty.channel.socket.nio.NioClientBoss.processSelectedKeys(NioClientBoss.java:105)
	at org.jboss.netty.channel.socket.nio.NioClientBoss.process(NioClientBoss.java:79)
	at org.jboss.netty.channel.socket.nio.AbstractNioSelector.run(AbstractNioSelector.java:337)
	at org.jboss.netty.channel.socket.nio.NioClientBoss.run(NioClientBoss.java:42)
	at org.jboss.netty.util.ThreadRenamingRunnable.run(ThreadRenamingRunnable.java:108)
	at org.jboss.netty.util.internal.DeadLockProofWorker$1.run(DeadLockProofWorker.java:42)
	... 3 more
[2016-03-30 14:01:59,290][TRACE][org.elasticsearch.discovery.zen.ping.unicast] [node_t0] [4] failed to connect to {#zen_unicast_10#}{::1}{[::1]:9664}
ConnectTransportException[[][[::1]:9664] connect_timeout[30s]]; nested: ConnectException[Connection refused: /0:0:0:0:0:0:0:1:9664];
	at org.elasticsearch.transport.netty.NettyTransport.connectToChannelsLight(NettyTransport.java:948)
	at org.elasticsearch.transport.netty.NettyTransport.connectToNode(NettyTransport.java:912)
	at org.elasticsearch.transport.netty.NettyTransport.connectToNodeLight(NettyTransport.java:884)
	at org.elasticsearch.test.transport.MockTransportService$LookupTestTransport.connectToNodeLight(MockTransportService.java:412)
	at org.elasticsearch.transport.TransportService.connectToNodeLight(TransportService.java:250)
	at org.elasticsearch.discovery.zen.ping.unicast.UnicastZenPing$3.run(UnicastZenPing.java:395)
	at java.util.concurrent.ThreadPoolExecutor.runWorker(ThreadPoolExecutor.java:1142)
	at java.util.concurrent.ThreadPoolExecutor$Worker.run(ThreadPoolExecutor.java:617)
	at java.lang.Thread.run(Thread.java:745)
Caused by: java.net.ConnectException: Connection refused: /0:0:0:0:0:0:0:1:9664
	at sun.nio.ch.SocketChannelImpl.checkConnect(Native Method)
	at sun.nio.ch.SocketChannelImpl.finishConnect(SocketChannelImpl.java:717)
	at org.jboss.netty.channel.socket.nio.NioClientBoss.connect(NioClientBoss.java:152)
	at org.jboss.netty.channel.socket.nio.NioClientBoss.processSelectedKeys(NioClientBoss.java:105)
	at org.jboss.netty.channel.socket.nio.NioClientBoss.process(NioClientBoss.java:79)
	at org.jboss.netty.channel.socket.nio.AbstractNioSelector.run(AbstractNioSelector.java:337)
	at org.jboss.netty.channel.socket.nio.NioClientBoss.run(NioClientBoss.java:42)
	at org.jboss.netty.util.ThreadRenamingRunnable.run(ThreadRenamingRunnable.java:108)
	at org.jboss.netty.util.internal.DeadLockProofWorker$1.run(DeadLockProofWorker.java:42)
	... 3 more
[2016-03-30 14:01:59,297][TRACE][org.elasticsearch.discovery.zen.ping.unicast] [node_t0] [4] failed to connect to {#zen_unicast_3#}{127.0.0.1}{127.0.0.1:9662}
ConnectTransportException[[][127.0.0.1:9662] connect_timeout[30s]]; nested: ConnectException[Connection refused: /127.0.0.1:9662];
	at org.elasticsearch.transport.netty.NettyTransport.connectToChannelsLight(NettyTransport.java:948)
	at org.elasticsearch.transport.netty.NettyTransport.connectToNode(NettyTransport.java:912)
	at org.elasticsearch.transport.netty.NettyTransport.connectToNodeLight(NettyTransport.java:884)
	at org.elasticsearch.test.transport.MockTransportService$LookupTestTransport.connectToNodeLight(MockTransportService.java:412)
	at org.elasticsearch.transport.TransportService.connectToNodeLight(TransportService.java:250)
	at org.elasticsearch.discovery.zen.ping.unicast.UnicastZenPing$3.run(UnicastZenPing.java:395)
	at java.util.concurrent.ThreadPoolExecutor.runWorker(ThreadPoolExecutor.java:1142)
	at java.util.concurrent.ThreadPoolExecutor$Worker.run(ThreadPoolExecutor.java:617)
	at java.lang.Thread.run(Thread.java:745)
Caused by: java.net.ConnectException: Connection refused: /127.0.0.1:9662
	at sun.nio.ch.SocketChannelImpl.checkConnect(Native Method)
	at sun.nio.ch.SocketChannelImpl.finishConnect(SocketChannelImpl.java:717)
	at org.jboss.netty.channel.socket.nio.NioClientBoss.connect(NioClientBoss.java:152)
	at org.jboss.netty.channel.socket.nio.NioClientBoss.processSelectedKeys(NioClientBoss.java:105)
	at org.jboss.netty.channel.socket.nio.NioClientBoss.process(NioClientBoss.java:79)
	at org.jboss.netty.channel.socket.nio.AbstractNioSelector.run(AbstractNioSelector.java:337)
	at org.jboss.netty.channel.socket.nio.NioClientBoss.run(NioClientBoss.java:42)
	at org.jboss.netty.util.ThreadRenamingRunnable.run(ThreadRenamingRunnable.java:108)
	at org.jboss.netty.util.internal.DeadLockProofWorker$1.run(DeadLockProofWorker.java:42)
	... 3 more
[2016-03-30 14:01:59,297][TRACE][org.elasticsearch.discovery.zen.ping.unicast] [node_t0] [3] disconnecting from {#zen_unicast_8#}{::1}{[::1]:9662}
[2016-03-30 14:01:59,301][TRACE][org.elasticsearch.discovery.zen.ping.unicast] [node_t0] [3] disconnecting from {#zen_unicast_7#}{::1}{[::1]:9661}
[2016-03-30 14:01:59,325][DEBUG][org.elasticsearch.gateway] [node_t1] took 2ms to load state
[2016-03-30 14:01:59,336][TRACE][org.elasticsearch.cluster.service] [node_t1] will process [initial_join]
[2016-03-30 14:01:59,336][DEBUG][org.elasticsearch.cluster.service] [node_t1] processing [initial_join]: execute
[2016-03-30 14:01:59,337][DEBUG][org.elasticsearch.cluster.service] [node_t1] processing [initial_join]: took 0s no change in cluster_state
[2016-03-30 14:01:59,337][TRACE][org.elasticsearch.discovery.zen] [node_t1] starting to accumulate joins
[2016-03-30 14:01:59,337][TRACE][org.elasticsearch.discovery.zen] [node_t1] starting to ping
[2016-03-30 14:01:59,337][TRACE][org.elasticsearch.discovery.zen.ping.unicast] [node_t1] [1] sending to {node_t1}{lk7U_niVSKyTWpmVoV3sIA}{127.0.0.1}{127.0.0.1:9661}[mode=>network]
[2016-03-30 14:01:59,337][TRACE][org.elasticsearch.discovery.zen.ping.unicast] [node_t1] [1] connecting (light) to {#zen_unicast_1#}{127.0.0.1}{127.0.0.1:9660}
[2016-03-30 14:01:59,337][TRACE][org.elasticsearch.discovery.zen.ping.unicast] [node_t1] [1] received response from {node_t1}{lk7U_niVSKyTWpmVoV3sIA}{127.0.0.1}{127.0.0.1:9661}[mode=>network]: [ping_response{node [{node_t1}{lk7U_niVSKyTWpmVoV3sIA}{127.0.0.1}{127.0.0.1:9661}[mode=>network]], id[804], master [null], hasJoinedOnce [false], cluster_name[TEST-CHILD_VM=[2]-CLUSTER_SEED=[2858301384796425155]-HASH=[462C14F99751D]-cluster]}, ping_response{node [{node_t1}{lk7U_niVSKyTWpmVoV3sIA}{127.0.0.1}{127.0.0.1:9661}[mode=>network]], id[805], master [null], hasJoinedOnce [false], cluster_name[TEST-CHILD_VM=[2]-CLUSTER_SEED=[2858301384796425155]-HASH=[462C14F99751D]-cluster]}]
[2016-03-30 14:01:59,338][TRACE][org.elasticsearch.discovery.zen.ping.unicast] [node_t1] [1] connecting (light) to {#zen_unicast_3#}{127.0.0.1}{127.0.0.1:9662}
[2016-03-30 14:01:59,338][TRACE][org.elasticsearch.discovery.zen.ping.unicast] [node_t1] [1] connecting (light) to {#zen_unicast_4#}{127.0.0.1}{127.0.0.1:9663}
[2016-03-30 14:01:59,339][TRACE][org.elasticsearch.discovery.zen.ping.unicast] [node_t1] [1] connecting (light) to {#zen_unicast_5#}{127.0.0.1}{127.0.0.1:9664}
[2016-03-30 14:01:59,339][TRACE][org.elasticsearch.discovery.zen.ping.unicast] [node_t1] [1] failed to connect to {#zen_unicast_3#}{127.0.0.1}{127.0.0.1:9662}
ConnectTransportException[[][127.0.0.1:9662] connect_timeout[30s]]; nested: ConnectException[Connection refused: /127.0.0.1:9662];
	at org.elasticsearch.transport.netty.NettyTransport.connectToChannelsLight(NettyTransport.java:948)
	at org.elasticsearch.transport.netty.NettyTransport.connectToNode(NettyTransport.java:912)
	at org.elasticsearch.transport.netty.NettyTransport.connectToNodeLight(NettyTransport.java:884)
	at org.elasticsearch.test.transport.MockTransportService$LookupTestTransport.connectToNodeLight(MockTransportService.java:412)
	at org.elasticsearch.transport.TransportService.connectToNodeLight(TransportService.java:250)
	at org.elasticsearch.discovery.zen.ping.unicast.UnicastZenPing$3.run(UnicastZenPing.java:395)
	at java.util.concurrent.ThreadPoolExecutor.runWorker(ThreadPoolExecutor.java:1142)
	at java.util.concurrent.ThreadPoolExecutor$Worker.run(ThreadPoolExecutor.java:617)
	at java.lang.Thread.run(Thread.java:745)
Caused by: java.net.ConnectException: Connection refused: /127.0.0.1:9662
	at sun.nio.ch.SocketChannelImpl.checkConnect(Native Method)
	at sun.nio.ch.SocketChannelImpl.finishConnect(SocketChannelImpl.java:717)
	at org.jboss.netty.channel.socket.nio.NioClientBoss.connect(NioClientBoss.java:152)
	at org.jboss.netty.channel.socket.nio.NioClientBoss.processSelectedKeys(NioClientBoss.java:105)
	at org.jboss.netty.channel.socket.nio.NioClientBoss.process(NioClientBoss.java:79)
	at org.jboss.netty.channel.socket.nio.AbstractNioSelector.run(AbstractNioSelector.java:337)
	at org.jboss.netty.channel.socket.nio.NioClientBoss.run(NioClientBoss.java:42)
	at org.jboss.netty.util.ThreadRenamingRunnable.run(ThreadRenamingRunnable.java:108)
	at org.jboss.netty.util.internal.DeadLockProofWorker$1.run(DeadLockProofWorker.java:42)
	... 3 more
[2016-03-30 14:01:59,339][TRACE][org.elasticsearch.discovery.zen.ping.unicast] [node_t1] [1] connecting (light) to {#zen_unicast_6#}{::1}{[::1]:9660}
[2016-03-30 14:01:59,339][TRACE][org.elasticsearch.discovery.zen.ping.unicast] [node_t1] [1] failed to connect to {#zen_unicast_4#}{127.0.0.1}{127.0.0.1:9663}
ConnectTransportException[[][127.0.0.1:9663] connect_timeout[30s]]; nested: ConnectException[Connection refused: /127.0.0.1:9663];
	at org.elasticsearch.transport.netty.NettyTransport.connectToChannelsLight(NettyTransport.java:948)
	at org.elasticsearch.transport.netty.NettyTransport.connectToNode(NettyTransport.java:912)
	at org.elasticsearch.transport.netty.NettyTransport.connectToNodeLight(NettyTransport.java:884)
	at org.elasticsearch.test.transport.MockTransportService$LookupTestTransport.connectToNodeLight(MockTransportService.java:412)
	at org.elasticsearch.transport.TransportService.connectToNodeLight(TransportService.java:250)
	at org.elasticsearch.discovery.zen.ping.unicast.UnicastZenPing$3.run(UnicastZenPing.java:395)
	at java.util.concurrent.ThreadPoolExecutor.runWorker(ThreadPoolExecutor.java:1142)
	at java.util.concurrent.ThreadPoolExecutor$Worker.run(ThreadPoolExecutor.java:617)
	at java.lang.Thread.run(Thread.java:745)
Caused by: java.net.ConnectException: Connection refused: /127.0.0.1:9663
	at sun.nio.ch.SocketChannelImpl.checkConnect(Native Method)
	at sun.nio.ch.SocketChannelImpl.finishConnect(SocketChannelImpl.java:717)
	at org.jboss.netty.channel.socket.nio.NioClientBoss.connect(NioClientBoss.java:152)
	at org.jboss.netty.channel.socket.nio.NioClientBoss.processSelectedKeys(NioClientBoss.java:105)
	at org.jboss.netty.channel.socket.nio.NioClientBoss.process(NioClientBoss.java:79)
	at org.jboss.netty.channel.socket.nio.AbstractNioSelector.run(AbstractNioSelector.java:337)
	at org.jboss.netty.channel.socket.nio.NioClientBoss.run(NioClientBoss.java:42)
	at org.jboss.netty.util.ThreadRenamingRunnable.run(ThreadRenamingRunnable.java:108)
	at org.jboss.netty.util.internal.DeadLockProofWorker$1.run(DeadLockProofWorker.java:42)
	... 3 more
[2016-03-30 14:01:59,340][TRACE][org.elasticsearch.discovery.zen.ping.unicast] [node_t1] [1] connecting (light) to {#zen_unicast_10#}{::1}{[::1]:9664}
[2016-03-30 14:01:59,340][TRACE][org.elasticsearch.discovery.zen.ping.unicast] [node_t1] [1] connecting (light) to {#zen_unicast_9#}{::1}{[::1]:9663}
[2016-03-30 14:01:59,339][TRACE][org.elasticsearch.discovery.zen.ping.unicast] [node_t1] [1] connected to {#zen_unicast_1#}{127.0.0.1}{127.0.0.1:9660}
[2016-03-30 14:01:59,340][TRACE][org.elasticsearch.discovery.zen.ping.unicast] [node_t1] [1] sending to {#zen_unicast_1#}{127.0.0.1}{127.0.0.1:9660}
[2016-03-30 14:01:59,340][TRACE][org.elasticsearch.discovery.zen.ping.unicast] [node_t1] [1] connected to {#zen_unicast_6#}{::1}{[::1]:9660}
[2016-03-30 14:01:59,340][TRACE][org.elasticsearch.discovery.zen.ping.unicast] [node_t1] [1] failed to connect to {#zen_unicast_5#}{127.0.0.1}{127.0.0.1:9664}
ConnectTransportException[[][127.0.0.1:9664] connect_timeout[30s]]; nested: ConnectException[Connection refused: /127.0.0.1:9664];
	at org.elasticsearch.transport.netty.NettyTransport.connectToChannelsLight(NettyTransport.java:948)
	at org.elasticsearch.transport.netty.NettyTransport.connectToNode(NettyTransport.java:912)
	at org.elasticsearch.transport.netty.NettyTransport.connectToNodeLight(NettyTransport.java:884)
	at org.elasticsearch.test.transport.MockTransportService$LookupTestTransport.connectToNodeLight(MockTransportService.java:412)
	at org.elasticsearch.transport.TransportService.connectToNodeLight(TransportService.java:250)
	at org.elasticsearch.discovery.zen.ping.unicast.UnicastZenPing$3.run(UnicastZenPing.java:395)
	at java.util.concurrent.ThreadPoolExecutor.runWorker(ThreadPoolExecutor.java:1142)
	at java.util.concurrent.ThreadPoolExecutor$Worker.run(ThreadPoolExecutor.java:617)
	at java.lang.Thread.run(Thread.java:745)
Caused by: java.net.ConnectException: Connection refused: /127.0.0.1:9664
	at sun.nio.ch.SocketChannelImpl.checkConnect(Native Method)
	at sun.nio.ch.SocketChannelImpl.finishConnect(SocketChannelImpl.java:717)
	at org.jboss.netty.channel.socket.nio.NioClientBoss.connect(NioClientBoss.java:152)
	at org.jboss.netty.channel.socket.nio.NioClientBoss.processSelectedKeys(NioClientBoss.java:105)
	at org.jboss.netty.channel.socket.nio.NioClientBoss.process(NioClientBoss.java:79)
	at org.jboss.netty.channel.socket.nio.AbstractNioSelector.run(AbstractNioSelector.java:337)
	at org.jboss.netty.channel.socket.nio.NioClientBoss.run(NioClientBoss.java:42)
	at org.jboss.netty.util.ThreadRenamingRunnable.run(ThreadRenamingRunnable.java:108)
	at org.jboss.netty.util.internal.DeadLockProofWorker$1.run(DeadLockProofWorker.java:42)
	... 3 more
[2016-03-30 14:01:59,340][TRACE][org.elasticsearch.discovery.zen.ping.unicast] [node_t1] [1] connecting (light) to {#zen_unicast_8#}{::1}{[::1]:9662}
[2016-03-30 14:01:59,340][TRACE][org.elasticsearch.discovery.zen.ping.unicast] [node_t1] [1] sending to {node_t1}{lk7U_niVSKyTWpmVoV3sIA}{127.0.0.1}{127.0.0.1:9661}[mode=>network]
[2016-03-30 14:01:59,339][TRACE][org.elasticsearch.discovery.zen.ping.unicast] [node_t1] [1] connecting (light) to {#zen_unicast_7#}{::1}{[::1]:9661}
[2016-03-30 14:01:59,341][TRACE][org.elasticsearch.discovery.zen.ping.unicast] [node_t1] [1] received response from {node_t1}{lk7U_niVSKyTWpmVoV3sIA}{127.0.0.1}{127.0.0.1:9661}[mode=>network]: [ping_response{node [{node_t1}{lk7U_niVSKyTWpmVoV3sIA}{127.0.0.1}{127.0.0.1:9661}[mode=>network]], id[804], master [null], hasJoinedOnce [false], cluster_name[TEST-CHILD_VM=[2]-CLUSTER_SEED=[2858301384796425155]-HASH=[462C14F99751D]-cluster]}, ping_response{node [{node_t1}{lk7U_niVSKyTWpmVoV3sIA}{127.0.0.1}{127.0.0.1:9661}[mode=>network]], id[804], master [null], hasJoinedOnce [false], cluster_name[TEST-CHILD_VM=[2]-CLUSTER_SEED=[2858301384796425155]-HASH=[462C14F99751D]-cluster]}, ping_response{node [{node_t1}{lk7U_niVSKyTWpmVoV3sIA}{127.0.0.1}{127.0.0.1:9661}[mode=>network]], id[807], master [null], hasJoinedOnce [false], cluster_name[TEST-CHILD_VM=[2]-CLUSTER_SEED=[2858301384796425155]-HASH=[462C14F99751D]-cluster]}]
[2016-03-30 14:01:59,341][TRACE][org.elasticsearch.discovery.zen.ping.unicast] [node_t1] [1] failed to connect to {#zen_unicast_9#}{::1}{[::1]:9663}
ConnectTransportException[[][[::1]:9663] connect_timeout[30s]]; nested: ConnectException[Connection refused: /0:0:0:0:0:0:0:1:9663];
	at org.elasticsearch.transport.netty.NettyTransport.connectToChannelsLight(NettyTransport.java:948)
	at org.elasticsearch.transport.netty.NettyTransport.connectToNode(NettyTransport.java:912)
	at org.elasticsearch.transport.netty.NettyTransport.connectToNodeLight(NettyTransport.java:884)
	at org.elasticsearch.test.transport.MockTransportService$LookupTestTransport.connectToNodeLight(MockTransportService.java:412)
	at org.elasticsearch.transport.TransportService.connectToNodeLight(TransportService.java:250)
	at org.elasticsearch.discovery.zen.ping.unicast.UnicastZenPing$3.run(UnicastZenPing.java:395)
	at java.util.concurrent.ThreadPoolExecutor.runWorker(ThreadPoolExecutor.java:1142)
	at java.util.concurrent.ThreadPoolExecutor$Worker.run(ThreadPoolExecutor.java:617)
	at java.lang.Thread.run(Thread.java:745)
Caused by: java.net.ConnectException: Connection refused: /0:0:0:0:0:0:0:1:9663
	at sun.nio.ch.SocketChannelImpl.checkConnect(Native Method)
	at sun.nio.ch.SocketChannelImpl.finishConnect(SocketChannelImpl.java:717)
	at org.jboss.netty.channel.socket.nio.NioClientBoss.connect(NioClientBoss.java:152)
	at org.jboss.netty.channel.socket.nio.NioClientBoss.processSelectedKeys(NioClientBoss.java:105)
	at org.jboss.netty.channel.socket.nio.NioClientBoss.process(NioClientBoss.java:79)
	at org.jboss.netty.channel.socket.nio.AbstractNioSelector.run(AbstractNioSelector.java:337)
	at org.jboss.netty.channel.socket.nio.NioClientBoss.run(NioClientBoss.java:42)
	at org.jboss.netty.util.ThreadRenamingRunnable.run(ThreadRenamingRunnable.java:108)
	at org.jboss.netty.util.internal.DeadLockProofWorker$1.run(DeadLockProofWorker.java:42)
	... 3 more
[2016-03-30 14:01:59,340][TRACE][org.elasticsearch.discovery.zen.ping.unicast] [node_t1] [1] failed to connect to {#zen_unicast_10#}{::1}{[::1]:9664}
ConnectTransportException[[][[::1]:9664] connect_timeout[30s]]; nested: ConnectException[Connection refused: /0:0:0:0:0:0:0:1:9664];
	at org.elasticsearch.transport.netty.NettyTransport.connectToChannelsLight(NettyTransport.java:948)
	at org.elasticsearch.transport.netty.NettyTransport.connectToNode(NettyTransport.java:912)
	at org.elasticsearch.transport.netty.NettyTransport.connectToNodeLight(NettyTransport.java:884)
	at org.elasticsearch.test.transport.MockTransportService$LookupTestTransport.connectToNodeLight(MockTransportService.java:412)
	at org.elasticsearch.transport.TransportService.connectToNodeLight(TransportService.java:250)
	at org.elasticsearch.discovery.zen.ping.unicast.UnicastZenPing$3.run(UnicastZenPing.java:395)
	at java.util.concurrent.ThreadPoolExecutor.runWorker(ThreadPoolExecutor.java:1142)
	at java.util.concurrent.ThreadPoolExecutor$Worker.run(ThreadPoolExecutor.java:617)
	at java.lang.Thread.run(Thread.java:745)
Caused by: java.net.ConnectException: Connection refused: /0:0:0:0:0:0:0:1:9664
	at sun.nio.ch.SocketChannelImpl.checkConnect(Native Method)
	at sun.nio.ch.SocketChannelImpl.finishConnect(SocketChannelImpl.java:717)
	at org.jboss.netty.channel.socket.nio.NioClientBoss.connect(NioClientBoss.java:152)
	at org.jboss.netty.channel.socket.nio.NioClientBoss.processSelectedKeys(NioClientBoss.java:105)
	at org.jboss.netty.channel.socket.nio.NioClientBoss.process(NioClientBoss.java:79)
	at org.jboss.netty.channel.socket.nio.AbstractNioSelector.run(AbstractNioSelector.java:337)
	at org.jboss.netty.channel.socket.nio.NioClientBoss.run(NioClientBoss.java:42)
	at org.jboss.netty.util.ThreadRenamingRunnable.run(ThreadRenamingRunnable.java:108)
	at org.jboss.netty.util.internal.DeadLockProofWorker$1.run(DeadLockProofWorker.java:42)
	... 3 more
[2016-03-30 14:01:59,340][TRACE][org.elasticsearch.discovery.zen.ping.unicast] [node_t1] [1] sending to {#zen_unicast_6#}{::1}{[::1]:9660}
[2016-03-30 14:01:59,342][TRACE][org.elasticsearch.discovery.zen.ping.unicast] [node_t1] [1] received response from {#zen_unicast_1#}{127.0.0.1}{127.0.0.1:9660}: [ping_response{node [{node_t0}{5WFoynj2SUGDMEZmKbHSCQ}{127.0.0.1}{127.0.0.1:9660}[mode=>network]], id[780], master [null], hasJoinedOnce [false], cluster_name[TEST-CHILD_VM=[2]-CLUSTER_SEED=[2858301384796425155]-HASH=[462C14F99751D]-cluster]}, ping_response{node [{node_t0}{5WFoynj2SUGDMEZmKbHSCQ}{127.0.0.1}{127.0.0.1:9660}[mode=>network]], id[780], master [null], hasJoinedOnce [false], cluster_name[TEST-CHILD_VM=[2]-CLUSTER_SEED=[2858301384796425155]-HASH=[462C14F99751D]-cluster]}, ping_response{node [{node_t0}{5WFoynj2SUGDMEZmKbHSCQ}{127.0.0.1}{127.0.0.1:9660}[mode=>network]], id[780], master [null], hasJoinedOnce [false], cluster_name[TEST-CHILD_VM=[2]-CLUSTER_SEED=[2858301384796425155]-HASH=[462C14F99751D]-cluster]}, ping_response{node [{node_t0}{5WFoynj2SUGDMEZmKbHSCQ}{127.0.0.1}{127.0.0.1:9660}[mode=>network]], id[784], master [null], hasJoinedOnce [false], cluster_name[TEST-CHILD_VM=[2]-CLUSTER_SEED=[2858301384796425155]-HASH=[462C14F99751D]-cluster]}, ping_response{node [{node_t0}{5WFoynj2SUGDMEZmKbHSCQ}{127.0.0.1}{127.0.0.1:9660}[mode=>network]], id[784], master [null], hasJoinedOnce [false], cluster_name[TEST-CHILD_VM=[2]-CLUSTER_SEED=[2858301384796425155]-HASH=[462C14F99751D]-cluster]}, ping_response{node [{node_t0}{5WFoynj2SUGDMEZmKbHSCQ}{127.0.0.1}{127.0.0.1:9660}[mode=>network]], id[784], master [null], hasJoinedOnce [false], cluster_name[TEST-CHILD_VM=[2]-CLUSTER_SEED=[2858301384796425155]-HASH=[462C14F99751D]-cluster]}, ping_response{node [{node_t0}{5WFoynj2SUGDMEZmKbHSCQ}{127.0.0.1}{127.0.0.1:9660}[mode=>network]], id[788], master [null], hasJoinedOnce [false], cluster_name[TEST-CHILD_VM=[2]-CLUSTER_SEED=[2858301384796425155]-HASH=[462C14F99751D]-cluster]}, ping_response{node [{node_t0}{5WFoynj2SUGDMEZmKbHSCQ}{127.0.0.1}{127.0.0.1:9660}[mode=>network]], id[788], master [null], hasJoinedOnce [false], cluster_name[TEST-CHILD_VM=[2]-CLUSTER_SEED=[2858301384796425155]-HASH=[462C14F99751D]-cluster]}, ping_response{node [{node_t0}{5WFoynj2SUGDMEZmKbHSCQ}{127.0.0.1}{127.0.0.1:9660}[mode=>network]], id[788], master [null], hasJoinedOnce [false], cluster_name[TEST-CHILD_VM=[2]-CLUSTER_SEED=[2858301384796425155]-HASH=[462C14F99751D]-cluster]}, ping_response{node [{node_t0}{5WFoynj2SUGDMEZmKbHSCQ}{127.0.0.1}{127.0.0.1:9660}[mode=>network]], id[792], master [null], hasJoinedOnce [false], cluster_name[TEST-CHILD_VM=[2]-CLUSTER_SEED=[2858301384796425155]-HASH=[462C14F99751D]-cluster]}, ping_response{node [{node_t0}{5WFoynj2SUGDMEZmKbHSCQ}{127.0.0.1}{127.0.0.1:9660}[mode=>network]], id[792], master [null], hasJoinedOnce [false], cluster_name[TEST-CHILD_VM=[2]-CLUSTER_SEED=[2858301384796425155]-HASH=[462C14F99751D]-cluster]}, ping_response{node [{node_t0}{5WFoynj2SUGDMEZmKbHSCQ}{127.0.0.1}{127.0.0.1:9660}[mode=>network]], id[792], master [null], hasJoinedOnce [false], cluster_name[TEST-CHILD_VM=[2]-CLUSTER_SEED=[2858301384796425155]-HASH=[462C14F99751D]-cluster]}, ping_response{node [{node_t0}{5WFoynj2SUGDMEZmKbHSCQ}{127.0.0.1}{127.0.0.1:9660}[mode=>network]], id[796], master [null], hasJoinedOnce [false], cluster_name[TEST-CHILD_VM=[2]-CLUSTER_SEED=[2858301384796425155]-HASH=[462C14F99751D]-cluster]}, ping_response{node [{node_t0}{5WFoynj2SUGDMEZmKbHSCQ}{127.0.0.1}{127.0.0.1:9660}[mode=>network]], id[796], master [null], hasJoinedOnce [false], cluster_name[TEST-CHILD_VM=[2]-CLUSTER_SEED=[2858301384796425155]-HASH=[462C14F99751D]-cluster]}, ping_response{node [{node_t0}{5WFoynj2SUGDMEZmKbHSCQ}{127.0.0.1}{127.0.0.1:9660}[mode=>network]], id[796], master [null], hasJoinedOnce [false], cluster_name[TEST-CHILD_VM=[2]-CLUSTER_SEED=[2858301384796425155]-HASH=[462C14F99751D]-cluster]}, ping_response{node [{node_t0}{5WFoynj2SUGDMEZmKbHSCQ}{127.0.0.1}{127.0.0.1:9660}[mode=>network]], id[800], master [null], hasJoinedOnce [false], cluster_name[TEST-CHILD_VM=[2]-CLUSTER_SEED=[2858301384796425155]-HASH=[462C14F99751D]-cluster]}, ping_response{node [{node_t0}{5WFoynj2SUGDMEZmKbHSCQ}{127.0.0.1}{127.0.0.1:9660}[mode=>network]], id[800], master [null], hasJoinedOnce [false], cluster_name[TEST-CHILD_VM=[2]-CLUSTER_SEED=[2858301384796425155]-HASH=[462C14F99751D]-cluster]}, ping_response{node [{node_t0}{5WFoynj2SUGDMEZmKbHSCQ}{127.0.0.1}{127.0.0.1:9660}[mode=>network]], id[800], master [null], hasJoinedOnce [false], cluster_name[TEST-CHILD_VM=[2]-CLUSTER_SEED=[2858301384796425155]-HASH=[462C14F99751D]-cluster]}, ping_response{node [{node_t1}{lk7U_niVSKyTWpmVoV3sIA}{127.0.0.1}{127.0.0.1:9661}[mode=>network]], id[804], master [null], hasJoinedOnce [false], cluster_name[TEST-CHILD_VM=[2]-CLUSTER_SEED=[2858301384796425155]-HASH=[462C14F99751D]-cluster]}, ping_response{node [{node_t0}{5WFoynj2SUGDMEZmKbHSCQ}{127.0.0.1}{127.0.0.1:9660}[mode=>network]], id[806], master [null], hasJoinedOnce [false], cluster_name[TEST-CHILD_VM=[2]-CLUSTER_SEED=[2858301384796425155]-HASH=[462C14F99751D]-cluster]}]
[2016-03-30 14:01:59,341][TRACE][org.elasticsearch.discovery.zen.ping.unicast] [node_t1] [1] failed to connect to {#zen_unicast_8#}{::1}{[::1]:9662}
ConnectTransportException[[][[::1]:9662] connect_timeout[30s]]; nested: ConnectException[Connection refused: /0:0:0:0:0:0:0:1:9662];
	at org.elasticsearch.transport.netty.NettyTransport.connectToChannelsLight(NettyTransport.java:948)
	at org.elasticsearch.transport.netty.NettyTransport.connectToNode(NettyTransport.java:912)
	at org.elasticsearch.transport.netty.NettyTransport.connectToNodeLight(NettyTransport.java:884)
	at org.elasticsearch.test.transport.MockTransportService$LookupTestTransport.connectToNodeLight(MockTransportService.java:412)
	at org.elasticsearch.transport.TransportService.connectToNodeLight(TransportService.java:250)
	at org.elasticsearch.discovery.zen.ping.unicast.UnicastZenPing$3.run(UnicastZenPing.java:395)
	at java.util.concurrent.ThreadPoolExecutor.runWorker(ThreadPoolExecutor.java:1142)
	at java.util.concurrent.ThreadPoolExecutor$Worker.run(ThreadPoolExecutor.java:617)
	at java.lang.Thread.run(Thread.java:745)
Caused by: java.net.ConnectException: Connection refused: /0:0:0:0:0:0:0:1:9662
	at sun.nio.ch.SocketChannelImpl.checkConnect(Native Method)
	at sun.nio.ch.SocketChannelImpl.finishConnect(SocketChannelImpl.java:717)
	at org.jboss.netty.channel.socket.nio.NioClientBoss.connect(NioClientBoss.java:152)
	at org.jboss.netty.channel.socket.nio.NioClientBoss.processSelectedKeys(NioClientBoss.java:105)
	at org.jboss.netty.channel.socket.nio.NioClientBoss.process(NioClientBoss.java:79)
	at org.jboss.netty.channel.socket.nio.AbstractNioSelector.run(AbstractNioSelector.java:337)
	at org.jboss.netty.channel.socket.nio.NioClientBoss.run(NioClientBoss.java:42)
	at org.jboss.netty.util.ThreadRenamingRunnable.run(ThreadRenamingRunnable.java:108)
	at org.jboss.netty.util.internal.DeadLockProofWorker$1.run(DeadLockProofWorker.java:42)
	... 3 more
[2016-03-30 14:01:59,344][TRACE][org.elasticsearch.discovery.zen.ping.unicast] [node_t1] [1] connected to {#zen_unicast_7#}{::1}{[::1]:9661}
[2016-03-30 14:01:59,344][TRACE][org.elasticsearch.discovery.zen.ping.unicast] [node_t1] [1] sending to {#zen_unicast_7#}{::1}{[::1]:9661}
[2016-03-30 14:01:59,345][TRACE][org.elasticsearch.discovery.zen.ping.unicast] [node_t1] [1] received response from {#zen_unicast_6#}{::1}{[::1]:9660}: [ping_response{node [{node_t0}{5WFoynj2SUGDMEZmKbHSCQ}{127.0.0.1}{127.0.0.1:9660}[mode=>network]], id[780], master [null], hasJoinedOnce [false], cluster_name[TEST-CHILD_VM=[2]-CLUSTER_SEED=[2858301384796425155]-HASH=[462C14F99751D]-cluster]}, ping_response{node [{node_t0}{5WFoynj2SUGDMEZmKbHSCQ}{127.0.0.1}{127.0.0.1:9660}[mode=>network]], id[780], master [null], hasJoinedOnce [false], cluster_name[TEST-CHILD_VM=[2]-CLUSTER_SEED=[2858301384796425155]-HASH=[462C14F99751D]-cluster]}, ping_response{node [{node_t0}{5WFoynj2SUGDMEZmKbHSCQ}{127.0.0.1}{127.0.0.1:9660}[mode=>network]], id[780], master [null], hasJoinedOnce [false], cluster_name[TEST-CHILD_VM=[2]-CLUSTER_SEED=[2858301384796425155]-HASH=[462C14F99751D]-cluster]}, ping_response{node [{node_t0}{5WFoynj2SUGDMEZmKbHSCQ}{127.0.0.1}{127.0.0.1:9660}[mode=>network]], id[784], master [null], hasJoinedOnce [false], cluster_name[TEST-CHILD_VM=[2]-CLUSTER_SEED=[2858301384796425155]-HASH=[462C14F99751D]-cluster]}, ping_response{node [{node_t0}{5WFoynj2SUGDMEZmKbHSCQ}{127.0.0.1}{127.0.0.1:9660}[mode=>network]], id[784], master [null], hasJoinedOnce [false], cluster_name[TEST-CHILD_VM=[2]-CLUSTER_SEED=[2858301384796425155]-HASH=[462C14F99751D]-cluster]}, ping_response{node [{node_t0}{5WFoynj2SUGDMEZmKbHSCQ}{127.0.0.1}{127.0.0.1:9660}[mode=>network]], id[784], master [null], hasJoinedOnce [false], cluster_name[TEST-CHILD_VM=[2]-CLUSTER_SEED=[2858301384796425155]-HASH=[462C14F99751D]-cluster]}, ping_response{node [{node_t0}{5WFoynj2SUGDMEZmKbHSCQ}{127.0.0.1}{127.0.0.1:9660}[mode=>network]], id[788], master [null], hasJoinedOnce [false], cluster_name[TEST-CHILD_VM=[2]-CLUSTER_SEED=[2858301384796425155]-HASH=[462C14F99751D]-cluster]}, ping_response{node [{node_t0}{5WFoynj2SUGDMEZmKbHSCQ}{127.0.0.1}{127.0.0.1:9660}[mode=>network]], id[788], master [null], hasJoinedOnce [false], cluster_name[TEST-CHILD_VM=[2]-CLUSTER_SEED=[2858301384796425155]-HASH=[462C14F99751D]-cluster]}, ping_response{node [{node_t0}{5WFoynj2SUGDMEZmKbHSCQ}{127.0.0.1}{127.0.0.1:9660}[mode=>network]], id[788], master [null], hasJoinedOnce [false], cluster_name[TEST-CHILD_VM=[2]-CLUSTER_SEED=[2858301384796425155]-HASH=[462C14F99751D]-cluster]}, ping_response{node [{node_t0}{5WFoynj2SUGDMEZmKbHSCQ}{127.0.0.1}{127.0.0.1:9660}[mode=>network]], id[792], master [null], hasJoinedOnce [false], cluster_name[TEST-CHILD_VM=[2]-CLUSTER_SEED=[2858301384796425155]-HASH=[462C14F99751D]-cluster]}, ping_response{node [{node_t0}{5WFoynj2SUGDMEZmKbHSCQ}{127.0.0.1}{127.0.0.1:9660}[mode=>network]], id[792], master [null], hasJoinedOnce [false], cluster_name[TEST-CHILD_VM=[2]-CLUSTER_SEED=[2858301384796425155]-HASH=[462C14F99751D]-cluster]}, ping_response{node [{node_t0}{5WFoynj2SUGDMEZmKbHSCQ}{127.0.0.1}{127.0.0.1:9660}[mode=>network]], id[792], master [null], hasJoinedOnce [false], cluster_name[TEST-CHILD_VM=[2]-CLUSTER_SEED=[2858301384796425155]-HASH=[462C14F99751D]-cluster]}, ping_response{node [{node_t0}{5WFoynj2SUGDMEZmKbHSCQ}{127.0.0.1}{127.0.0.1:9660}[mode=>network]], id[796], master [null], hasJoinedOnce [false], cluster_name[TEST-CHILD_VM=[2]-CLUSTER_SEED=[2858301384796425155]-HASH=[462C14F99751D]-cluster]}, ping_response{node [{node_t0}{5WFoynj2SUGDMEZmKbHSCQ}{127.0.0.1}{127.0.0.1:9660}[mode=>network]], id[796], master [null], hasJoinedOnce [false], cluster_name[TEST-CHILD_VM=[2]-CLUSTER_SEED=[2858301384796425155]-HASH=[462C14F99751D]-cluster]}, ping_response{node [{node_t0}{5WFoynj2SUGDMEZmKbHSCQ}{127.0.0.1}{127.0.0.1:9660}[mode=>network]], id[796], master [null], hasJoinedOnce [false], cluster_name[TEST-CHILD_VM=[2]-CLUSTER_SEED=[2858301384796425155]-HASH=[462C14F99751D]-cluster]}, ping_response{node [{node_t0}{5WFoynj2SUGDMEZmKbHSCQ}{127.0.0.1}{127.0.0.1:9660}[mode=>network]], id[800], master [null], hasJoinedOnce [false], cluster_name[TEST-CHILD_VM=[2]-CLUSTER_SEED=[2858301384796425155]-HASH=[462C14F99751D]-cluster]}, ping_response{node [{node_t0}{5WFoynj2SUGDMEZmKbHSCQ}{127.0.0.1}{127.0.0.1:9660}[mode=>network]], id[800], master [null], hasJoinedOnce [false], cluster_name[TEST-CHILD_VM=[2]-CLUSTER_SEED=[2858301384796425155]-HASH=[462C14F99751D]-cluster]}, ping_response{node [{node_t0}{5WFoynj2SUGDMEZmKbHSCQ}{127.0.0.1}{127.0.0.1:9660}[mode=>network]], id[800], master [null], hasJoinedOnce [false], cluster_name[TEST-CHILD_VM=[2]-CLUSTER_SEED=[2858301384796425155]-HASH=[462C14F99751D]-cluster]}, ping_response{node [{node_t1}{lk7U_niVSKyTWpmVoV3sIA}{127.0.0.1}{127.0.0.1:9661}[mode=>network]], id[804], master [null], hasJoinedOnce [false], cluster_name[TEST-CHILD_VM=[2]-CLUSTER_SEED=[2858301384796425155]-HASH=[462C14F99751D]-cluster]}, ping_response{node [{node_t1}{lk7U_niVSKyTWpmVoV3sIA}{127.0.0.1}{127.0.0.1:9661}[mode=>network]], id[804], master [null], hasJoinedOnce [false], cluster_name[TEST-CHILD_VM=[2]-CLUSTER_SEED=[2858301384796425155]-HASH=[462C14F99751D]-cluster]}, ping_response{node [{node_t0}{5WFoynj2SUGDMEZmKbHSCQ}{127.0.0.1}{127.0.0.1:9660}[mode=>network]], id[808], master [null], hasJoinedOnce [false], cluster_name[TEST-CHILD_VM=[2]-CLUSTER_SEED=[2858301384796425155]-HASH=[462C14F99751D]-cluster]}]
[2016-03-30 14:01:59,347][TRACE][org.elasticsearch.discovery.zen.ping.unicast] [node_t1] [1] received response from {#zen_unicast_7#}{::1}{[::1]:9661}: [ping_response{node [{node_t1}{lk7U_niVSKyTWpmVoV3sIA}{127.0.0.1}{127.0.0.1:9661}[mode=>network]], id[804], master [null], hasJoinedOnce [false], cluster_name[TEST-CHILD_VM=[2]-CLUSTER_SEED=[2858301384796425155]-HASH=[462C14F99751D]-cluster]}, ping_response{node [{node_t1}{lk7U_niVSKyTWpmVoV3sIA}{127.0.0.1}{127.0.0.1:9661}[mode=>network]], id[804], master [null], hasJoinedOnce [false], cluster_name[TEST-CHILD_VM=[2]-CLUSTER_SEED=[2858301384796425155]-HASH=[462C14F99751D]-cluster]}, ping_response{node [{node_t1}{lk7U_niVSKyTWpmVoV3sIA}{127.0.0.1}{127.0.0.1:9661}[mode=>network]], id[804], master [null], hasJoinedOnce [false], cluster_name[TEST-CHILD_VM=[2]-CLUSTER_SEED=[2858301384796425155]-HASH=[462C14F99751D]-cluster]}, ping_response{node [{node_t1}{lk7U_niVSKyTWpmVoV3sIA}{127.0.0.1}{127.0.0.1:9661}[mode=>network]], id[809], master [null], hasJoinedOnce [false], cluster_name[TEST-CHILD_VM=[2]-CLUSTER_SEED=[2858301384796425155]-HASH=[462C14F99751D]-cluster]}]
[2016-03-30 14:01:59,391][TRACE][org.elasticsearch.discovery.zen.ping.unicast] [node_t0] [4] sending to {node_t0}{5WFoynj2SUGDMEZmKbHSCQ}{127.0.0.1}{127.0.0.1:9660}[mode=>network]
[2016-03-30 14:01:59,393][TRACE][org.elasticsearch.discovery.zen.ping.unicast] [node_t0] [4] received response from {node_t0}{5WFoynj2SUGDMEZmKbHSCQ}{127.0.0.1}{127.0.0.1:9660}[mode=>network]: [ping_response{node [{node_t0}{5WFoynj2SUGDMEZmKbHSCQ}{127.0.0.1}{127.0.0.1:9660}[mode=>network]], id[784], master [null], hasJoinedOnce [false], cluster_name[TEST-CHILD_VM=[2]-CLUSTER_SEED=[2858301384796425155]-HASH=[462C14F99751D]-cluster]}, ping_response{node [{node_t0}{5WFoynj2SUGDMEZmKbHSCQ}{127.0.0.1}{127.0.0.1:9660}[mode=>network]], id[784], master [null], hasJoinedOnce [false], cluster_name[TEST-CHILD_VM=[2]-CLUSTER_SEED=[2858301384796425155]-HASH=[462C14F99751D]-cluster]}, ping_response{node [{node_t0}{5WFoynj2SUGDMEZmKbHSCQ}{127.0.0.1}{127.0.0.1:9660}[mode=>network]], id[784], master [null], hasJoinedOnce [false], cluster_name[TEST-CHILD_VM=[2]-CLUSTER_SEED=[2858301384796425155]-HASH=[462C14F99751D]-cluster]}, ping_response{node [{node_t0}{5WFoynj2SUGDMEZmKbHSCQ}{127.0.0.1}{127.0.0.1:9660}[mode=>network]], id[788], master [null], hasJoinedOnce [false], cluster_name[TEST-CHILD_VM=[2]-CLUSTER_SEED=[2858301384796425155]-HASH=[462C14F99751D]-cluster]}, ping_response{node [{node_t0}{5WFoynj2SUGDMEZmKbHSCQ}{127.0.0.1}{127.0.0.1:9660}[mode=>network]], id[788], master [null], hasJoinedOnce [false], cluster_name[TEST-CHILD_VM=[2]-CLUSTER_SEED=[2858301384796425155]-HASH=[462C14F99751D]-cluster]}, ping_response{node [{node_t0}{5WFoynj2SUGDMEZmKbHSCQ}{127.0.0.1}{127.0.0.1:9660}[mode=>network]], id[788], master [null], hasJoinedOnce [false], cluster_name[TEST-CHILD_VM=[2]-CLUSTER_SEED=[2858301384796425155]-HASH=[462C14F99751D]-cluster]}, ping_response{node [{node_t0}{5WFoynj2SUGDMEZmKbHSCQ}{127.0.0.1}{127.0.0.1:9660}[mode=>network]], id[792], master [null], hasJoinedOnce [false], cluster_name[TEST-CHILD_VM=[2]-CLUSTER_SEED=[2858301384796425155]-HASH=[462C14F99751D]-cluster]}, ping_response{node [{node_t0}{5WFoynj2SUGDMEZmKbHSCQ}{127.0.0.1}{127.0.0.1:9660}[mode=>network]], id[792], master [null], hasJoinedOnce [false], cluster_name[TEST-CHILD_VM=[2]-CLUSTER_SEED=[2858301384796425155]-HASH=[462C14F99751D]-cluster]}, ping_response{node [{node_t0}{5WFoynj2SUGDMEZmKbHSCQ}{127.0.0.1}{127.0.0.1:9660}[mode=>network]], id[792], master [null], hasJoinedOnce [false], cluster_name[TEST-CHILD_VM=[2]-CLUSTER_SEED=[2858301384796425155]-HASH=[462C14F99751D]-cluster]}, ping_response{node [{node_t0}{5WFoynj2SUGDMEZmKbHSCQ}{127.0.0.1}{127.0.0.1:9660}[mode=>network]], id[796], master [null], hasJoinedOnce [false], cluster_name[TEST-CHILD_VM=[2]-CLUSTER_SEED=[2858301384796425155]-HASH=[462C14F99751D]-cluster]}, ping_response{node [{node_t0}{5WFoynj2SUGDMEZmKbHSCQ}{127.0.0.1}{127.0.0.1:9660}[mode=>network]], id[796], master [null], hasJoinedOnce [false], cluster_name[TEST-CHILD_VM=[2]-CLUSTER_SEED=[2858301384796425155]-HASH=[462C14F99751D]-cluster]}, ping_response{node [{node_t0}{5WFoynj2SUGDMEZmKbHSCQ}{127.0.0.1}{127.0.0.1:9660}[mode=>network]], id[796], master [null], hasJoinedOnce [false], cluster_name[TEST-CHILD_VM=[2]-CLUSTER_SEED=[2858301384796425155]-HASH=[462C14F99751D]-cluster]}, ping_response{node [{node_t0}{5WFoynj2SUGDMEZmKbHSCQ}{127.0.0.1}{127.0.0.1:9660}[mode=>network]], id[800], master [null], hasJoinedOnce [false], cluster_name[TEST-CHILD_VM=[2]-CLUSTER_SEED=[2858301384796425155]-HASH=[462C14F99751D]-cluster]}, ping_response{node [{node_t0}{5WFoynj2SUGDMEZmKbHSCQ}{127.0.0.1}{127.0.0.1:9660}[mode=>network]], id[800], master [null], hasJoinedOnce [false], cluster_name[TEST-CHILD_VM=[2]-CLUSTER_SEED=[2858301384796425155]-HASH=[462C14F99751D]-cluster]}, ping_response{node [{node_t0}{5WFoynj2SUGDMEZmKbHSCQ}{127.0.0.1}{127.0.0.1:9660}[mode=>network]], id[800], master [null], hasJoinedOnce [false], cluster_name[TEST-CHILD_VM=[2]-CLUSTER_SEED=[2858301384796425155]-HASH=[462C14F99751D]-cluster]}, ping_response{node [{node_t1}{lk7U_niVSKyTWpmVoV3sIA}{127.0.0.1}{127.0.0.1:9661}[mode=>network]], id[804], master [null], hasJoinedOnce [false], cluster_name[TEST-CHILD_VM=[2]-CLUSTER_SEED=[2858301384796425155]-HASH=[462C14F99751D]-cluster]}, ping_response{node [{node_t1}{lk7U_niVSKyTWpmVoV3sIA}{127.0.0.1}{127.0.0.1:9661}[mode=>network]], id[804], master [null], hasJoinedOnce [false], cluster_name[TEST-CHILD_VM=[2]-CLUSTER_SEED=[2858301384796425155]-HASH=[462C14F99751D]-cluster]}, ping_response{node [{node_t0}{5WFoynj2SUGDMEZmKbHSCQ}{127.0.0.1}{127.0.0.1:9660}[mode=>network]], id[810], master [null], hasJoinedOnce [false], cluster_name[TEST-CHILD_VM=[2]-CLUSTER_SEED=[2858301384796425155]-HASH=[462C14F99751D]-cluster]}, ping_response{node [{node_t0}{5WFoynj2SUGDMEZmKbHSCQ}{127.0.0.1}{127.0.0.1:9660}[mode=>network]], id[811], master [null], hasJoinedOnce [false], cluster_name[TEST-CHILD_VM=[2]-CLUSTER_SEED=[2858301384796425155]-HASH=[462C14F99751D]-cluster]}]
[2016-03-30 14:01:59,393][TRACE][org.elasticsearch.discovery.zen.ping.unicast] [node_t0] [4] connecting (light) to {#zen_unicast_2#}{127.0.0.1}{127.0.0.1:9661}
[2016-03-30 14:01:59,393][TRACE][org.elasticsearch.discovery.zen.ping.unicast] [node_t0] [4] connecting (light) to {#zen_unicast_5#}{127.0.0.1}{127.0.0.1:9664}
[2016-03-30 14:01:59,393][TRACE][org.elasticsearch.discovery.zen.ping.unicast] [node_t0] [4] connecting (light) to {#zen_unicast_4#}{127.0.0.1}{127.0.0.1:9663}
[2016-03-30 14:01:59,393][TRACE][org.elasticsearch.discovery.zen.ping.unicast] [node_t0] [4] connecting (light) to {#zen_unicast_3#}{127.0.0.1}{127.0.0.1:9662}
[2016-03-30 14:01:59,393][TRACE][org.elasticsearch.discovery.zen.ping.unicast] [node_t0] [4] sending to {#zen_unicast_6#}{::1}{[::1]:9660}
[2016-03-30 14:01:59,394][TRACE][org.elasticsearch.discovery.zen.ping.unicast] [node_t0] [4] connecting (light) to {#zen_unicast_7#}{::1}{[::1]:9661}
[2016-03-30 14:01:59,394][TRACE][org.elasticsearch.discovery.zen.ping.unicast] [node_t0] [4] connecting (light) to {#zen_unicast_8#}{::1}{[::1]:9662}
[2016-03-30 14:01:59,394][TRACE][org.elasticsearch.discovery.zen.ping.unicast] [node_t0] [4] connecting (light) to {#zen_unicast_10#}{::1}{[::1]:9664}
[2016-03-30 14:01:59,394][TRACE][org.elasticsearch.discovery.zen.ping.unicast] [node_t0] [4] sending to {node_t0}{5WFoynj2SUGDMEZmKbHSCQ}{127.0.0.1}{127.0.0.1:9660}[mode=>network]
[2016-03-30 14:01:59,394][TRACE][org.elasticsearch.discovery.zen.ping.unicast] [node_t0] [4] connecting (light) to {#zen_unicast_9#}{::1}{[::1]:9663}
[2016-03-30 14:01:59,394][TRACE][org.elasticsearch.discovery.zen.ping.unicast] [node_t0] [4] received response from {node_t0}{5WFoynj2SUGDMEZmKbHSCQ}{127.0.0.1}{127.0.0.1:9660}[mode=>network]: [ping_response{node [{node_t0}{5WFoynj2SUGDMEZmKbHSCQ}{127.0.0.1}{127.0.0.1:9660}[mode=>network]], id[784], master [null], hasJoinedOnce [false], cluster_name[TEST-CHILD_VM=[2]-CLUSTER_SEED=[2858301384796425155]-HASH=[462C14F99751D]-cluster]}, ping_response{node [{node_t0}{5WFoynj2SUGDMEZmKbHSCQ}{127.0.0.1}{127.0.0.1:9660}[mode=>network]], id[784], master [null], hasJoinedOnce [false], cluster_name[TEST-CHILD_VM=[2]-CLUSTER_SEED=[2858301384796425155]-HASH=[462C14F99751D]-cluster]}, ping_response{node [{node_t0}{5WFoynj2SUGDMEZmKbHSCQ}{127.0.0.1}{127.0.0.1:9660}[mode=>network]], id[784], master [null], hasJoinedOnce [false], cluster_name[TEST-CHILD_VM=[2]-CLUSTER_SEED=[2858301384796425155]-HASH=[462C14F99751D]-cluster]}, ping_response{node [{node_t0}{5WFoynj2SUGDMEZmKbHSCQ}{127.0.0.1}{127.0.0.1:9660}[mode=>network]], id[788], master [null], hasJoinedOnce [false], cluster_name[TEST-CHILD_VM=[2]-CLUSTER_SEED=[2858301384796425155]-HASH=[462C14F99751D]-cluster]}, ping_response{node [{node_t0}{5WFoynj2SUGDMEZmKbHSCQ}{127.0.0.1}{127.0.0.1:9660}[mode=>network]], id[788], master [null], hasJoinedOnce [false], cluster_name[TEST-CHILD_VM=[2]-CLUSTER_SEED=[2858301384796425155]-HASH=[462C14F99751D]-cluster]}, ping_response{node [{node_t0}{5WFoynj2SUGDMEZmKbHSCQ}{127.0.0.1}{127.0.0.1:9660}[mode=>network]], id[788], master [null], hasJoinedOnce [false], cluster_name[TEST-CHILD_VM=[2]-CLUSTER_SEED=[2858301384796425155]-HASH=[462C14F99751D]-cluster]}, ping_response{node [{node_t0}{5WFoynj2SUGDMEZmKbHSCQ}{127.0.0.1}{127.0.0.1:9660}[mode=>network]], id[792], master [null], hasJoinedOnce [false], cluster_name[TEST-CHILD_VM=[2]-CLUSTER_SEED=[2858301384796425155]-HASH=[462C14F99751D]-cluster]}, ping_response{node [{node_t0}{5WFoynj2SUGDMEZmKbHSCQ}{127.0.0.1}{127.0.0.1:9660}[mode=>network]], id[792], master [null], hasJoinedOnce [false], cluster_name[TEST-CHILD_VM=[2]-CLUSTER_SEED=[2858301384796425155]-HASH=[462C14F99751D]-cluster]}, ping_response{node [{node_t0}{5WFoynj2SUGDMEZmKbHSCQ}{127.0.0.1}{127.0.0.1:9660}[mode=>network]], id[792], master [null], hasJoinedOnce [false], cluster_name[TEST-CHILD_VM=[2]-CLUSTER_SEED=[2858301384796425155]-HASH=[462C14F99751D]-cluster]}, ping_response{node [{node_t0}{5WFoynj2SUGDMEZmKbHSCQ}{127.0.0.1}{127.0.0.1:9660}[mode=>network]], id[796], master [null], hasJoinedOnce [false], cluster_name[TEST-CHILD_VM=[2]-CLUSTER_SEED=[2858301384796425155]-HASH=[462C14F99751D]-cluster]}, ping_response{node [{node_t0}{5WFoynj2SUGDMEZmKbHSCQ}{127.0.0.1}{127.0.0.1:9660}[mode=>network]], id[796], master [null], hasJoinedOnce [false], cluster_name[TEST-CHILD_VM=[2]-CLUSTER_SEED=[2858301384796425155]-HASH=[462C14F99751D]-cluster]}, ping_response{node [{node_t0}{5WFoynj2SUGDMEZmKbHSCQ}{127.0.0.1}{127.0.0.1:9660}[mode=>network]], id[796], master [null], hasJoinedOnce [false], cluster_name[TEST-CHILD_VM=[2]-CLUSTER_SEED=[2858301384796425155]-HASH=[462C14F99751D]-cluster]}, ping_response{node [{node_t0}{5WFoynj2SUGDMEZmKbHSCQ}{127.0.0.1}{127.0.0.1:9660}[mode=>network]], id[800], master [null], hasJoinedOnce [false], cluster_name[TEST-CHILD_VM=[2]-CLUSTER_SEED=[2858301384796425155]-HASH=[462C14F99751D]-cluster]}, ping_response{node [{node_t0}{5WFoynj2SUGDMEZmKbHSCQ}{127.0.0.1}{127.0.0.1:9660}[mode=>network]], id[800], master [null], hasJoinedOnce [false], cluster_name[TEST-CHILD_VM=[2]-CLUSTER_SEED=[2858301384796425155]-HASH=[462C14F99751D]-cluster]}, ping_response{node [{node_t0}{5WFoynj2SUGDMEZmKbHSCQ}{127.0.0.1}{127.0.0.1:9660}[mode=>network]], id[800], master [null], hasJoinedOnce [false], cluster_name[TEST-CHILD_VM=[2]-CLUSTER_SEED=[2858301384796425155]-HASH=[462C14F99751D]-cluster]}, ping_response{node [{node_t1}{lk7U_niVSKyTWpmVoV3sIA}{127.0.0.1}{127.0.0.1:9661}[mode=>network]], id[804], master [null], hasJoinedOnce [false], cluster_name[TEST-CHILD_VM=[2]-CLUSTER_SEED=[2858301384796425155]-HASH=[462C14F99751D]-cluster]}, ping_response{node [{node_t1}{lk7U_niVSKyTWpmVoV3sIA}{127.0.0.1}{127.0.0.1:9661}[mode=>network]], id[804], master [null], hasJoinedOnce [false], cluster_name[TEST-CHILD_VM=[2]-CLUSTER_SEED=[2858301384796425155]-HASH=[462C14F99751D]-cluster]}, ping_response{node [{node_t0}{5WFoynj2SUGDMEZmKbHSCQ}{127.0.0.1}{127.0.0.1:9660}[mode=>network]], id[810], master [null], hasJoinedOnce [false], cluster_name[TEST-CHILD_VM=[2]-CLUSTER_SEED=[2858301384796425155]-HASH=[462C14F99751D]-cluster]}, ping_response{node [{node_t0}{5WFoynj2SUGDMEZmKbHSCQ}{127.0.0.1}{127.0.0.1:9660}[mode=>network]], id[810], master [null], hasJoinedOnce [false], cluster_name[TEST-CHILD_VM=[2]-CLUSTER_SEED=[2858301384796425155]-HASH=[462C14F99751D]-cluster]}, ping_response{node [{node_t0}{5WFoynj2SUGDMEZmKbHSCQ}{127.0.0.1}{127.0.0.1:9660}[mode=>network]], id[810], master [null], hasJoinedOnce [false], cluster_name[TEST-CHILD_VM=[2]-CLUSTER_SEED=[2858301384796425155]-HASH=[462C14F99751D]-cluster]}, ping_response{node [{node_t0}{5WFoynj2SUGDMEZmKbHSCQ}{127.0.0.1}{127.0.0.1:9660}[mode=>network]], id[813], master [null], hasJoinedOnce [false], cluster_name[TEST-CHILD_VM=[2]-CLUSTER_SEED=[2858301384796425155]-HASH=[462C14F99751D]-cluster]}]
[2016-03-30 14:01:59,395][TRACE][org.elasticsearch.discovery.zen.ping.unicast] [node_t0] [4] received response from {#zen_unicast_6#}{::1}{[::1]:9660}: [ping_response{node [{node_t0}{5WFoynj2SUGDMEZmKbHSCQ}{127.0.0.1}{127.0.0.1:9660}[mode=>network]], id[784], master [null], hasJoinedOnce [false], cluster_name[TEST-CHILD_VM=[2]-CLUSTER_SEED=[2858301384796425155]-HASH=[462C14F99751D]-cluster]}, ping_response{node [{node_t0}{5WFoynj2SUGDMEZmKbHSCQ}{127.0.0.1}{127.0.0.1:9660}[mode=>network]], id[784], master [null], hasJoinedOnce [false], cluster_name[TEST-CHILD_VM=[2]-CLUSTER_SEED=[2858301384796425155]-HASH=[462C14F99751D]-cluster]}, ping_response{node [{node_t0}{5WFoynj2SUGDMEZmKbHSCQ}{127.0.0.1}{127.0.0.1:9660}[mode=>network]], id[784], master [null], hasJoinedOnce [false], cluster_name[TEST-CHILD_VM=[2]-CLUSTER_SEED=[2858301384796425155]-HASH=[462C14F99751D]-cluster]}, ping_response{node [{node_t0}{5WFoynj2SUGDMEZmKbHSCQ}{127.0.0.1}{127.0.0.1:9660}[mode=>network]], id[788], master [null], hasJoinedOnce [false], cluster_name[TEST-CHILD_VM=[2]-CLUSTER_SEED=[2858301384796425155]-HASH=[462C14F99751D]-cluster]}, ping_response{node [{node_t0}{5WFoynj2SUGDMEZmKbHSCQ}{127.0.0.1}{127.0.0.1:9660}[mode=>network]], id[788], master [null], hasJoinedOnce [false], cluster_name[TEST-CHILD_VM=[2]-CLUSTER_SEED=[2858301384796425155]-HASH=[462C14F99751D]-cluster]}, ping_response{node [{node_t0}{5WFoynj2SUGDMEZmKbHSCQ}{127.0.0.1}{127.0.0.1:9660}[mode=>network]], id[788], master [null], hasJoinedOnce [false], cluster_name[TEST-CHILD_VM=[2]-CLUSTER_SEED=[2858301384796425155]-HASH=[462C14F99751D]-cluster]}, ping_response{node [{node_t0}{5WFoynj2SUGDMEZmKbHSCQ}{127.0.0.1}{127.0.0.1:9660}[mode=>network]], id[792], master [null], hasJoinedOnce [false], cluster_name[TEST-CHILD_VM=[2]-CLUSTER_SEED=[2858301384796425155]-HASH=[462C14F99751D]-cluster]}, ping_response{node [{node_t0}{5WFoynj2SUGDMEZmKbHSCQ}{127.0.0.1}{127.0.0.1:9660}[mode=>network]], id[792], master [null], hasJoinedOnce [false], cluster_name[TEST-CHILD_VM=[2]-CLUSTER_SEED=[2858301384796425155]-HASH=[462C14F99751D]-cluster]}, ping_response{node [{node_t0}{5WFoynj2SUGDMEZmKbHSCQ}{127.0.0.1}{127.0.0.1:9660}[mode=>network]], id[792], master [null], hasJoinedOnce [false], cluster_name[TEST-CHILD_VM=[2]-CLUSTER_SEED=[2858301384796425155]-HASH=[462C14F99751D]-cluster]}, ping_response{node [{node_t0}{5WFoynj2SUGDMEZmKbHSCQ}{127.0.0.1}{127.0.0.1:9660}[mode=>network]], id[796], master [null], hasJoinedOnce [false], cluster_name[TEST-CHILD_VM=[2]-CLUSTER_SEED=[2858301384796425155]-HASH=[462C14F99751D]-cluster]}, ping_response{node [{node_t0}{5WFoynj2SUGDMEZmKbHSCQ}{127.0.0.1}{127.0.0.1:9660}[mode=>network]], id[796], master [null], hasJoinedOnce [false], cluster_name[TEST-CHILD_VM=[2]-CLUSTER_SEED=[2858301384796425155]-HASH=[462C14F99751D]-cluster]}, ping_response{node [{node_t0}{5WFoynj2SUGDMEZmKbHSCQ}{127.0.0.1}{127.0.0.1:9660}[mode=>network]], id[796], master [null], hasJoinedOnce [false], cluster_name[TEST-CHILD_VM=[2]-CLUSTER_SEED=[2858301384796425155]-HASH=[462C14F99751D]-cluster]}, ping_response{node [{node_t0}{5WFoynj2SUGDMEZmKbHSCQ}{127.0.0.1}{127.0.0.1:9660}[mode=>network]], id[800], master [null], hasJoinedOnce [false], cluster_name[TEST-CHILD_VM=[2]-CLUSTER_SEED=[2858301384796425155]-HASH=[462C14F99751D]-cluster]}, ping_response{node [{node_t0}{5WFoynj2SUGDMEZmKbHSCQ}{127.0.0.1}{127.0.0.1:9660}[mode=>network]], id[800], master [null], hasJoinedOnce [false], cluster_name[TEST-CHILD_VM=[2]-CLUSTER_SEED=[2858301384796425155]-HASH=[462C14F99751D]-cluster]}, ping_response{node [{node_t0}{5WFoynj2SUGDMEZmKbHSCQ}{127.0.0.1}{127.0.0.1:9660}[mode=>network]], id[800], master [null], hasJoinedOnce [false], cluster_name[TEST-CHILD_VM=[2]-CLUSTER_SEED=[2858301384796425155]-HASH=[462C14F99751D]-cluster]}, ping_response{node [{node_t1}{lk7U_niVSKyTWpmVoV3sIA}{127.0.0.1}{127.0.0.1:9661}[mode=>network]], id[804], master [null], hasJoinedOnce [false], cluster_name[TEST-CHILD_VM=[2]-CLUSTER_SEED=[2858301384796425155]-HASH=[462C14F99751D]-cluster]}, ping_response{node [{node_t1}{lk7U_niVSKyTWpmVoV3sIA}{127.0.0.1}{127.0.0.1:9661}[mode=>network]], id[804], master [null], hasJoinedOnce [false], cluster_name[TEST-CHILD_VM=[2]-CLUSTER_SEED=[2858301384796425155]-HASH=[462C14F99751D]-cluster]}, ping_response{node [{node_t0}{5WFoynj2SUGDMEZmKbHSCQ}{127.0.0.1}{127.0.0.1:9660}[mode=>network]], id[810], master [null], hasJoinedOnce [false], cluster_name[TEST-CHILD_VM=[2]-CLUSTER_SEED=[2858301384796425155]-HASH=[462C14F99751D]-cluster]}, ping_response{node [{node_t0}{5WFoynj2SUGDMEZmKbHSCQ}{127.0.0.1}{127.0.0.1:9660}[mode=>network]], id[810], master [null], hasJoinedOnce [false], cluster_name[TEST-CHILD_VM=[2]-CLUSTER_SEED=[2858301384796425155]-HASH=[462C14F99751D]-cluster]}, ping_response{node [{node_t0}{5WFoynj2SUGDMEZmKbHSCQ}{127.0.0.1}{127.0.0.1:9660}[mode=>network]], id[812], master [null], hasJoinedOnce [false], cluster_name[TEST-CHILD_VM=[2]-CLUSTER_SEED=[2858301384796425155]-HASH=[462C14F99751D]-cluster]}]
[2016-03-30 14:01:59,395][TRACE][org.elasticsearch.discovery.zen.ping.unicast] [node_t0] [4] failed to connect to {#zen_unicast_3#}{127.0.0.1}{127.0.0.1:9662}
ConnectTransportException[[][127.0.0.1:9662] connect_timeout[30s]]; nested: ConnectException[Connection refused: /127.0.0.1:9662];
	at org.elasticsearch.transport.netty.NettyTransport.connectToChannelsLight(NettyTransport.java:948)
	at org.elasticsearch.transport.netty.NettyTransport.connectToNode(NettyTransport.java:912)
	at org.elasticsearch.transport.netty.NettyTransport.connectToNodeLight(NettyTransport.java:884)
	at org.elasticsearch.test.transport.MockTransportService$LookupTestTransport.connectToNodeLight(MockTransportService.java:412)
	at org.elasticsearch.transport.TransportService.connectToNodeLight(TransportService.java:250)
	at org.elasticsearch.discovery.zen.ping.unicast.UnicastZenPing$3.run(UnicastZenPing.java:395)
	at java.util.concurrent.ThreadPoolExecutor.runWorker(ThreadPoolExecutor.java:1142)
	at java.util.concurrent.ThreadPoolExecutor$Worker.run(ThreadPoolExecutor.java:617)
	at java.lang.Thread.run(Thread.java:745)
Caused by: java.net.ConnectException: Connection refused: /127.0.0.1:9662
	at sun.nio.ch.SocketChannelImpl.checkConnect(Native Method)
	at sun.nio.ch.SocketChannelImpl.finishConnect(SocketChannelImpl.java:717)
	at org.jboss.netty.channel.socket.nio.NioClientBoss.connect(NioClientBoss.java:152)
	at org.jboss.netty.channel.socket.nio.NioClientBoss.processSelectedKeys(NioClientBoss.java:105)
	at org.jboss.netty.channel.socket.nio.NioClientBoss.process(NioClientBoss.java:79)
	at org.jboss.netty.channel.socket.nio.AbstractNioSelector.run(AbstractNioSelector.java:337)
	at org.jboss.netty.channel.socket.nio.NioClientBoss.run(NioClientBoss.java:42)
	at org.jboss.netty.util.ThreadRenamingRunnable.run(ThreadRenamingRunnable.java:108)
	at org.jboss.netty.util.internal.DeadLockProofWorker$1.run(DeadLockProofWorker.java:42)
	... 3 more
[2016-03-30 14:01:59,395][TRACE][org.elasticsearch.discovery.zen.ping.unicast] [node_t0] [4] failed to connect to {#zen_unicast_4#}{127.0.0.1}{127.0.0.1:9663}
ConnectTransportException[[][127.0.0.1:9663] connect_timeout[30s]]; nested: ConnectException[Connection refused: /127.0.0.1:9663];
	at org.elasticsearch.transport.netty.NettyTransport.connectToChannelsLight(NettyTransport.java:948)
	at org.elasticsearch.transport.netty.NettyTransport.connectToNode(NettyTransport.java:912)
	at org.elasticsearch.transport.netty.NettyTransport.connectToNodeLight(NettyTransport.java:884)
	at org.elasticsearch.test.transport.MockTransportService$LookupTestTransport.connectToNodeLight(MockTransportService.java:412)
	at org.elasticsearch.transport.TransportService.connectToNodeLight(TransportService.java:250)
	at org.elasticsearch.discovery.zen.ping.unicast.UnicastZenPing$3.run(UnicastZenPing.java:395)
	at java.util.concurrent.ThreadPoolExecutor.runWorker(ThreadPoolExecutor.java:1142)
	at java.util.concurrent.ThreadPoolExecutor$Worker.run(ThreadPoolExecutor.java:617)
	at java.lang.Thread.run(Thread.java:745)
Caused by: java.net.ConnectException: Connection refused: /127.0.0.1:9663
	at sun.nio.ch.SocketChannelImpl.checkConnect(Native Method)
	at sun.nio.ch.SocketChannelImpl.finishConnect(SocketChannelImpl.java:717)
	at org.jboss.netty.channel.socket.nio.NioClientBoss.connect(NioClientBoss.java:152)
	at org.jboss.netty.channel.socket.nio.NioClientBoss.processSelectedKeys(NioClientBoss.java:105)
	at org.jboss.netty.channel.socket.nio.NioClientBoss.process(NioClientBoss.java:79)
	at org.jboss.netty.channel.socket.nio.AbstractNioSelector.run(AbstractNioSelector.java:337)
	at org.jboss.netty.channel.socket.nio.NioClientBoss.run(NioClientBoss.java:42)
	at org.jboss.netty.util.ThreadRenamingRunnable.run(ThreadRenamingRunnable.java:108)
	at org.jboss.netty.util.internal.DeadLockProofWorker$1.run(DeadLockProofWorker.java:42)
	... 3 more
[2016-03-30 14:01:59,394][TRACE][org.elasticsearch.discovery.zen.ping.unicast] [node_t0] [4] failed to connect to {#zen_unicast_5#}{127.0.0.1}{127.0.0.1:9664}
ConnectTransportException[[][127.0.0.1:9664] connect_timeout[30s]]; nested: ConnectException[Connection refused: /127.0.0.1:9664];
	at org.elasticsearch.transport.netty.NettyTransport.connectToChannelsLight(NettyTransport.java:948)
	at org.elasticsearch.transport.netty.NettyTransport.connectToNode(NettyTransport.java:912)
	at org.elasticsearch.transport.netty.NettyTransport.connectToNodeLight(NettyTransport.java:884)
	at org.elasticsearch.test.transport.MockTransportService$LookupTestTransport.connectToNodeLight(MockTransportService.java:412)
	at org.elasticsearch.transport.TransportService.connectToNodeLight(TransportService.java:250)
	at org.elasticsearch.discovery.zen.ping.unicast.UnicastZenPing$3.run(UnicastZenPing.java:395)
	at java.util.concurrent.ThreadPoolExecutor.runWorker(ThreadPoolExecutor.java:1142)
	at java.util.concurrent.ThreadPoolExecutor$Worker.run(ThreadPoolExecutor.java:617)
	at java.lang.Thread.run(Thread.java:745)
Caused by: java.net.ConnectException: Connection refused: /127.0.0.1:9664
	at sun.nio.ch.SocketChannelImpl.checkConnect(Native Method)
	at sun.nio.ch.SocketChannelImpl.finishConnect(SocketChannelImpl.java:717)
	at org.jboss.netty.channel.socket.nio.NioClientBoss.connect(NioClientBoss.java:152)
	at org.jboss.netty.channel.socket.nio.NioClientBoss.processSelectedKeys(NioClientBoss.java:105)
	at org.jboss.netty.channel.socket.nio.NioClientBoss.process(NioClientBoss.java:79)
	at org.jboss.netty.channel.socket.nio.AbstractNioSelector.run(AbstractNioSelector.java:337)
	at org.jboss.netty.channel.socket.nio.NioClientBoss.run(NioClientBoss.java:42)
	at org.jboss.netty.util.ThreadRenamingRunnable.run(ThreadRenamingRunnable.java:108)
	at org.jboss.netty.util.internal.DeadLockProofWorker$1.run(DeadLockProofWorker.java:42)
	... 3 more
[2016-03-30 14:01:59,394][TRACE][org.elasticsearch.discovery.zen.ping.unicast] [node_t0] [4] connected to {#zen_unicast_2#}{127.0.0.1}{127.0.0.1:9661}
[2016-03-30 14:01:59,396][TRACE][org.elasticsearch.discovery.zen.ping.unicast] [node_t0] [4] connected to {#zen_unicast_7#}{::1}{[::1]:9661}
[2016-03-30 14:01:59,397][TRACE][org.elasticsearch.discovery.zen.ping.unicast] [node_t0] [4] sending to {#zen_unicast_2#}{127.0.0.1}{127.0.0.1:9661}
[2016-03-30 14:01:59,398][TRACE][org.elasticsearch.discovery.zen.ping.unicast] [node_t0] [4] sending to {#zen_unicast_7#}{::1}{[::1]:9661}
[2016-03-30 14:01:59,395][TRACE][org.elasticsearch.discovery.zen.ping.unicast] [node_t0] [4] failed to connect to {#zen_unicast_8#}{::1}{[::1]:9662}
ConnectTransportException[[][[::1]:9662] connect_timeout[30s]]; nested: ConnectException[Connection refused: /0:0:0:0:0:0:0:1:9662];
	at org.elasticsearch.transport.netty.NettyTransport.connectToChannelsLight(NettyTransport.java:948)
	at org.elasticsearch.transport.netty.NettyTransport.connectToNode(NettyTransport.java:912)
	at org.elasticsearch.transport.netty.NettyTransport.connectToNodeLight(NettyTransport.java:884)
	at org.elasticsearch.test.transport.MockTransportService$LookupTestTransport.connectToNodeLight(MockTransportService.java:412)
	at org.elasticsearch.transport.TransportService.connectToNodeLight(TransportService.java:250)
	at org.elasticsearch.discovery.zen.ping.unicast.UnicastZenPing$3.run(UnicastZenPing.java:395)
	at java.util.concurrent.ThreadPoolExecutor.runWorker(ThreadPoolExecutor.java:1142)
	at java.util.concurrent.ThreadPoolExecutor$Worker.run(ThreadPoolExecutor.java:617)
	at java.lang.Thread.run(Thread.java:745)
Caused by: java.net.ConnectException: Connection refused: /0:0:0:0:0:0:0:1:9662
	at sun.nio.ch.SocketChannelImpl.checkConnect(Native Method)
	at sun.nio.ch.SocketChannelImpl.finishConnect(SocketChannelImpl.java:717)
	at org.jboss.netty.channel.socket.nio.NioClientBoss.connect(NioClientBoss.java:152)
	at org.jboss.netty.channel.socket.nio.NioClientBoss.processSelectedKeys(NioClientBoss.java:105)
	at org.jboss.netty.channel.socket.nio.NioClientBoss.process(NioClientBoss.java:79)
	at org.jboss.netty.channel.socket.nio.AbstractNioSelector.run(AbstractNioSelector.java:337)
	at org.jboss.netty.channel.socket.nio.NioClientBoss.run(NioClientBoss.java:42)
	at org.jboss.netty.util.ThreadRenamingRunnable.run(ThreadRenamingRunnable.java:108)
	at org.jboss.netty.util.internal.DeadLockProofWorker$1.run(DeadLockProofWorker.java:42)
	... 3 more
[2016-03-30 14:01:59,395][TRACE][org.elasticsearch.discovery.zen.ping.unicast] [node_t0] [4] failed to connect to {#zen_unicast_9#}{::1}{[::1]:9663}
ConnectTransportException[[][[::1]:9663] connect_timeout[30s]]; nested: ConnectException[Connection refused: /0:0:0:0:0:0:0:1:9663];
	at org.elasticsearch.transport.netty.NettyTransport.connectToChannelsLight(NettyTransport.java:948)
	at org.elasticsearch.transport.netty.NettyTransport.connectToNode(NettyTransport.java:912)
	at org.elasticsearch.transport.netty.NettyTransport.connectToNodeLight(NettyTransport.java:884)
	at org.elasticsearch.test.transport.MockTransportService$LookupTestTransport.connectToNodeLight(MockTransportService.java:412)
	at org.elasticsearch.transport.TransportService.connectToNodeLight(TransportService.java:250)
	at org.elasticsearch.discovery.zen.ping.unicast.UnicastZenPing$3.run(UnicastZenPing.java:395)
	at java.util.concurrent.ThreadPoolExecutor.runWorker(ThreadPoolExecutor.java:1142)
	at java.util.concurrent.ThreadPoolExecutor$Worker.run(ThreadPoolExecutor.java:617)
	at java.lang.Thread.run(Thread.java:745)
Caused by: java.net.ConnectException: Connection refused: /0:0:0:0:0:0:0:1:9663
	at sun.nio.ch.SocketChannelImpl.checkConnect(Native Method)
	at sun.nio.ch.SocketChannelImpl.finishConnect(SocketChannelImpl.java:717)
	at org.jboss.netty.channel.socket.nio.NioClientBoss.connect(NioClientBoss.java:152)
	at org.jboss.netty.channel.socket.nio.NioClientBoss.processSelectedKeys(NioClientBoss.java:105)
	at org.jboss.netty.channel.socket.nio.NioClientBoss.process(NioClientBoss.java:79)
	at org.jboss.netty.channel.socket.nio.AbstractNioSelector.run(AbstractNioSelector.java:337)
	at org.jboss.netty.channel.socket.nio.NioClientBoss.run(NioClientBoss.java:42)
	at org.jboss.netty.util.ThreadRenamingRunnable.run(ThreadRenamingRunnable.java:108)
	at org.jboss.netty.util.internal.DeadLockProofWorker$1.run(DeadLockProofWorker.java:42)
	... 3 more
[2016-03-30 14:01:59,395][TRACE][org.elasticsearch.discovery.zen.ping.unicast] [node_t0] [4] failed to connect to {#zen_unicast_10#}{::1}{[::1]:9664}
ConnectTransportException[[][[::1]:9664] connect_timeout[30s]]; nested: ConnectException[Connection refused: /0:0:0:0:0:0:0:1:9664];
	at org.elasticsearch.transport.netty.NettyTransport.connectToChannelsLight(NettyTransport.java:948)
	at org.elasticsearch.transport.netty.NettyTransport.connectToNode(NettyTransport.java:912)
	at org.elasticsearch.transport.netty.NettyTransport.connectToNodeLight(NettyTransport.java:884)
	at org.elasticsearch.test.transport.MockTransportService$LookupTestTransport.connectToNodeLight(MockTransportService.java:412)
	at org.elasticsearch.transport.TransportService.connectToNodeLight(TransportService.java:250)
	at org.elasticsearch.discovery.zen.ping.unicast.UnicastZenPing$3.run(UnicastZenPing.java:395)
	at java.util.concurrent.ThreadPoolExecutor.runWorker(ThreadPoolExecutor.java:1142)
	at java.util.concurrent.ThreadPoolExecutor$Worker.run(ThreadPoolExecutor.java:617)
	at java.lang.Thread.run(Thread.java:745)
Caused by: java.net.ConnectException: Connection refused: /0:0:0:0:0:0:0:1:9664
	at sun.nio.ch.SocketChannelImpl.checkConnect(Native Method)
	at sun.nio.ch.SocketChannelImpl.finishConnect(SocketChannelImpl.java:717)
	at org.jboss.netty.channel.socket.nio.NioClientBoss.connect(NioClientBoss.java:152)
	at org.jboss.netty.channel.socket.nio.NioClientBoss.processSelectedKeys(NioClientBoss.java:105)
	at org.jboss.netty.channel.socket.nio.NioClientBoss.process(NioClientBoss.java:79)
	at org.jboss.netty.channel.socket.nio.AbstractNioSelector.run(AbstractNioSelector.java:337)
	at org.jboss.netty.channel.socket.nio.NioClientBoss.run(NioClientBoss.java:42)
	at org.jboss.netty.util.ThreadRenamingRunnable.run(ThreadRenamingRunnable.java:108)
	at org.jboss.netty.util.internal.DeadLockProofWorker$1.run(DeadLockProofWorker.java:42)
	... 3 more
[2016-03-30 14:01:59,395][TRACE][org.elasticsearch.discovery.zen.ping.unicast] [node_t0] replacing {node_t1}{lk7U_niVSKyTWpmVoV3sIA}{127.0.0.1}{127.0.0.1:9661}[mode=>network] with temp node {#zen_unicast_11_lk7U_niVSKyTWpmVoV3sIA#}{127.0.0.1}{127.0.0.1:9661}[mode=>network]
[2016-03-30 14:01:59,398][TRACE][org.elasticsearch.discovery.zen.ping.unicast] [node_t0] [4] received response from {#zen_unicast_2#}{127.0.0.1}{127.0.0.1:9661}: [ping_response{node [{node_t1}{lk7U_niVSKyTWpmVoV3sIA}{127.0.0.1}{127.0.0.1:9661}[mode=>network]], id[804], master [null], hasJoinedOnce [false], cluster_name[TEST-CHILD_VM=[2]-CLUSTER_SEED=[2858301384796425155]-HASH=[462C14F99751D]-cluster]}, ping_response{node [{node_t1}{lk7U_niVSKyTWpmVoV3sIA}{127.0.0.1}{127.0.0.1:9661}[mode=>network]], id[804], master [null], hasJoinedOnce [false], cluster_name[TEST-CHILD_VM=[2]-CLUSTER_SEED=[2858301384796425155]-HASH=[462C14F99751D]-cluster]}, ping_response{node [{node_t1}{lk7U_niVSKyTWpmVoV3sIA}{127.0.0.1}{127.0.0.1:9661}[mode=>network]], id[804], master [null], hasJoinedOnce [false], cluster_name[TEST-CHILD_VM=[2]-CLUSTER_SEED=[2858301384796425155]-HASH=[462C14F99751D]-cluster]}, ping_response{node [{node_t0}{5WFoynj2SUGDMEZmKbHSCQ}{127.0.0.1}{127.0.0.1:9660}[mode=>network]], id[810], master [null], hasJoinedOnce [false], cluster_name[TEST-CHILD_VM=[2]-CLUSTER_SEED=[2858301384796425155]-HASH=[462C14F99751D]-cluster]}, ping_response{node [{node_t1}{lk7U_niVSKyTWpmVoV3sIA}{127.0.0.1}{127.0.0.1:9661}[mode=>network]], id[814], master [null], hasJoinedOnce [false], cluster_name[TEST-CHILD_VM=[2]-CLUSTER_SEED=[2858301384796425155]-HASH=[462C14F99751D]-cluster]}]
[2016-03-30 14:01:59,399][TRACE][org.elasticsearch.discovery.zen.ping.unicast] [node_t0] [4] connecting (light) to {#zen_unicast_11_lk7U_niVSKyTWpmVoV3sIA#}{127.0.0.1}{127.0.0.1:9661}[mode=>network]
[2016-03-30 14:01:59,399][TRACE][org.elasticsearch.discovery.zen.ping.unicast] [node_t0] [4] received response from {#zen_unicast_7#}{::1}{[::1]:9661}: [ping_response{node [{node_t1}{lk7U_niVSKyTWpmVoV3sIA}{127.0.0.1}{127.0.0.1:9661}[mode=>network]], id[804], master [null], hasJoinedOnce [false], cluster_name[TEST-CHILD_VM=[2]-CLUSTER_SEED=[2858301384796425155]-HASH=[462C14F99751D]-cluster]}, ping_response{node [{node_t1}{lk7U_niVSKyTWpmVoV3sIA}{127.0.0.1}{127.0.0.1:9661}[mode=>network]], id[804], master [null], hasJoinedOnce [false], cluster_name[TEST-CHILD_VM=[2]-CLUSTER_SEED=[2858301384796425155]-HASH=[462C14F99751D]-cluster]}, ping_response{node [{node_t1}{lk7U_niVSKyTWpmVoV3sIA}{127.0.0.1}{127.0.0.1:9661}[mode=>network]], id[804], master [null], hasJoinedOnce [false], cluster_name[TEST-CHILD_VM=[2]-CLUSTER_SEED=[2858301384796425155]-HASH=[462C14F99751D]-cluster]}, ping_response{node [{node_t0}{5WFoynj2SUGDMEZmKbHSCQ}{127.0.0.1}{127.0.0.1:9660}[mode=>network]], id[810], master [null], hasJoinedOnce [false], cluster_name[TEST-CHILD_VM=[2]-CLUSTER_SEED=[2858301384796425155]-HASH=[462C14F99751D]-cluster]}, ping_response{node [{node_t0}{5WFoynj2SUGDMEZmKbHSCQ}{127.0.0.1}{127.0.0.1:9660}[mode=>network]], id[810], master [null], hasJoinedOnce [false], cluster_name[TEST-CHILD_VM=[2]-CLUSTER_SEED=[2858301384796425155]-HASH=[462C14F99751D]-cluster]}, ping_response{node [{node_t1}{lk7U_niVSKyTWpmVoV3sIA}{127.0.0.1}{127.0.0.1:9661}[mode=>network]], id[815], master [null], hasJoinedOnce [false], cluster_name[TEST-CHILD_VM=[2]-CLUSTER_SEED=[2858301384796425155]-HASH=[462C14F99751D]-cluster]}]
[2016-03-30 14:01:59,400][TRACE][org.elasticsearch.discovery.zen.ping.unicast] [node_t0] [4] connected to {node_t1}{lk7U_niVSKyTWpmVoV3sIA}{127.0.0.1}{127.0.0.1:9661}[mode=>network]
[2016-03-30 14:01:59,400][TRACE][org.elasticsearch.discovery.zen.ping.unicast] [node_t0] [4] sending to {#zen_unicast_11_lk7U_niVSKyTWpmVoV3sIA#}{127.0.0.1}{127.0.0.1:9661}[mode=>network]
[2016-03-30 14:01:59,401][TRACE][org.elasticsearch.discovery.zen.ping.unicast] [node_t0] [4] received response from {#zen_unicast_11_lk7U_niVSKyTWpmVoV3sIA#}{127.0.0.1}{127.0.0.1:9661}[mode=>network]: [ping_response{node [{node_t1}{lk7U_niVSKyTWpmVoV3sIA}{127.0.0.1}{127.0.0.1:9661}[mode=>network]], id[804], master [null], hasJoinedOnce [false], cluster_name[TEST-CHILD_VM=[2]-CLUSTER_SEED=[2858301384796425155]-HASH=[462C14F99751D]-cluster]}, ping_response{node [{node_t1}{lk7U_niVSKyTWpmVoV3sIA}{127.0.0.1}{127.0.0.1:9661}[mode=>network]], id[804], master [null], hasJoinedOnce [false], cluster_name[TEST-CHILD_VM=[2]-CLUSTER_SEED=[2858301384796425155]-HASH=[462C14F99751D]-cluster]}, ping_response{node [{node_t1}{lk7U_niVSKyTWpmVoV3sIA}{127.0.0.1}{127.0.0.1:9661}[mode=>network]], id[804], master [null], hasJoinedOnce [false], cluster_name[TEST-CHILD_VM=[2]-CLUSTER_SEED=[2858301384796425155]-HASH=[462C14F99751D]-cluster]}, ping_response{node [{node_t0}{5WFoynj2SUGDMEZmKbHSCQ}{127.0.0.1}{127.0.0.1:9660}[mode=>network]], id[810], master [null], hasJoinedOnce [false], cluster_name[TEST-CHILD_VM=[2]-CLUSTER_SEED=[2858301384796425155]-HASH=[462C14F99751D]-cluster]}, ping_response{node [{node_t0}{5WFoynj2SUGDMEZmKbHSCQ}{127.0.0.1}{127.0.0.1:9660}[mode=>network]], id[810], master [null], hasJoinedOnce [false], cluster_name[TEST-CHILD_VM=[2]-CLUSTER_SEED=[2858301384796425155]-HASH=[462C14F99751D]-cluster]}, ping_response{node [{node_t0}{5WFoynj2SUGDMEZmKbHSCQ}{127.0.0.1}{127.0.0.1:9660}[mode=>network]], id[810], master [null], hasJoinedOnce [false], cluster_name[TEST-CHILD_VM=[2]-CLUSTER_SEED=[2858301384796425155]-HASH=[462C14F99751D]-cluster]}, ping_response{node [{node_t1}{lk7U_niVSKyTWpmVoV3sIA}{127.0.0.1}{127.0.0.1:9661}[mode=>network]], id[816], master [null], hasJoinedOnce [false], cluster_name[TEST-CHILD_VM=[2]-CLUSTER_SEED=[2858301384796425155]-HASH=[462C14F99751D]-cluster]}]
[2016-03-30 14:01:59,442][TRACE][org.elasticsearch.discovery.zen.ping.unicast] [node_t1] [1] sending to {#zen_unicast_1#}{127.0.0.1}{127.0.0.1:9660}
[2016-03-30 14:01:59,443][TRACE][org.elasticsearch.discovery.zen.ping.unicast] [node_t1] [1] sending to {node_t1}{lk7U_niVSKyTWpmVoV3sIA}{127.0.0.1}{127.0.0.1:9661}[mode=>network]
[2016-03-30 14:01:59,443][TRACE][org.elasticsearch.discovery.zen.ping.unicast] [node_t1] [1] received response from {node_t1}{lk7U_niVSKyTWpmVoV3sIA}{127.0.0.1}{127.0.0.1:9661}[mode=>network]: [ping_response{node [{node_t1}{lk7U_niVSKyTWpmVoV3sIA}{127.0.0.1}{127.0.0.1:9661}[mode=>network]], id[804], master [null], hasJoinedOnce [false], cluster_name[TEST-CHILD_VM=[2]-CLUSTER_SEED=[2858301384796425155]-HASH=[462C14F99751D]-cluster]}, ping_response{node [{node_t1}{lk7U_niVSKyTWpmVoV3sIA}{127.0.0.1}{127.0.0.1:9661}[mode=>network]], id[804], master [null], hasJoinedOnce [false], cluster_name[TEST-CHILD_VM=[2]-CLUSTER_SEED=[2858301384796425155]-HASH=[462C14F99751D]-cluster]}, ping_response{node [{node_t1}{lk7U_niVSKyTWpmVoV3sIA}{127.0.0.1}{127.0.0.1:9661}[mode=>network]], id[804], master [null], hasJoinedOnce [false], cluster_name[TEST-CHILD_VM=[2]-CLUSTER_SEED=[2858301384796425155]-HASH=[462C14F99751D]-cluster]}, ping_response{node [{node_t0}{5WFoynj2SUGDMEZmKbHSCQ}{127.0.0.1}{127.0.0.1:9660}[mode=>network]], id[810], master [null], hasJoinedOnce [false], cluster_name[TEST-CHILD_VM=[2]-CLUSTER_SEED=[2858301384796425155]-HASH=[462C14F99751D]-cluster]}, ping_response{node [{node_t0}{5WFoynj2SUGDMEZmKbHSCQ}{127.0.0.1}{127.0.0.1:9660}[mode=>network]], id[810], master [null], hasJoinedOnce [false], cluster_name[TEST-CHILD_VM=[2]-CLUSTER_SEED=[2858301384796425155]-HASH=[462C14F99751D]-cluster]}, ping_response{node [{node_t0}{5WFoynj2SUGDMEZmKbHSCQ}{127.0.0.1}{127.0.0.1:9660}[mode=>network]], id[810], master [null], hasJoinedOnce [false], cluster_name[TEST-CHILD_VM=[2]-CLUSTER_SEED=[2858301384796425155]-HASH=[462C14F99751D]-cluster]}, ping_response{node [{node_t1}{lk7U_niVSKyTWpmVoV3sIA}{127.0.0.1}{127.0.0.1:9661}[mode=>network]], id[817], master [null], hasJoinedOnce [false], cluster_name[TEST-CHILD_VM=[2]-CLUSTER_SEED=[2858301384796425155]-HASH=[462C14F99751D]-cluster]}, ping_response{node [{node_t1}{lk7U_niVSKyTWpmVoV3sIA}{127.0.0.1}{127.0.0.1:9661}[mode=>network]], id[818], master [null], hasJoinedOnce [false], cluster_name[TEST-CHILD_VM=[2]-CLUSTER_SEED=[2858301384796425155]-HASH=[462C14F99751D]-cluster]}]
[2016-03-30 14:01:59,444][TRACE][org.elasticsearch.discovery.zen.ping.unicast] [node_t1] [1] connecting (light) to {#zen_unicast_3#}{127.0.0.1}{127.0.0.1:9662}
[2016-03-30 14:01:59,444][TRACE][org.elasticsearch.discovery.zen.ping.unicast] [node_t1] [1] connecting (light) to {#zen_unicast_4#}{127.0.0.1}{127.0.0.1:9663}
[2016-03-30 14:01:59,444][TRACE][org.elasticsearch.discovery.zen.ping.unicast] [node_t1] [1] connecting (light) to {#zen_unicast_5#}{127.0.0.1}{127.0.0.1:9664}
[2016-03-30 14:01:59,444][TRACE][org.elasticsearch.discovery.zen.ping.unicast] [node_t1] [1] sending to {#zen_unicast_6#}{::1}{[::1]:9660}
[2016-03-30 14:01:59,444][TRACE][org.elasticsearch.discovery.zen.ping.unicast] [node_t1] [1] sending to {#zen_unicast_7#}{::1}{[::1]:9661}
[2016-03-30 14:01:59,444][TRACE][org.elasticsearch.discovery.zen.ping.unicast] [node_t1] [1] received response from {#zen_unicast_1#}{127.0.0.1}{127.0.0.1:9660}: [ping_response{node [{node_t0}{5WFoynj2SUGDMEZmKbHSCQ}{127.0.0.1}{127.0.0.1:9660}[mode=>network]], id[784], master [null], hasJoinedOnce [false], cluster_name[TEST-CHILD_VM=[2]-CLUSTER_SEED=[2858301384796425155]-HASH=[462C14F99751D]-cluster]}, ping_response{node [{node_t0}{5WFoynj2SUGDMEZmKbHSCQ}{127.0.0.1}{127.0.0.1:9660}[mode=>network]], id[784], master [null], hasJoinedOnce [false], cluster_name[TEST-CHILD_VM=[2]-CLUSTER_SEED=[2858301384796425155]-HASH=[462C14F99751D]-cluster]}, ping_response{node [{node_t0}{5WFoynj2SUGDMEZmKbHSCQ}{127.0.0.1}{127.0.0.1:9660}[mode=>network]], id[784], master [null], hasJoinedOnce [false], cluster_name[TEST-CHILD_VM=[2]-CLUSTER_SEED=[2858301384796425155]-HASH=[462C14F99751D]-cluster]}, ping_response{node [{node_t0}{5WFoynj2SUGDMEZmKbHSCQ}{127.0.0.1}{127.0.0.1:9660}[mode=>network]], id[788], master [null], hasJoinedOnce [false], cluster_name[TEST-CHILD_VM=[2]-CLUSTER_SEED=[2858301384796425155]-HASH=[462C14F99751D]-cluster]}, ping_response{node [{node_t0}{5WFoynj2SUGDMEZmKbHSCQ}{127.0.0.1}{127.0.0.1:9660}[mode=>network]], id[788], master [null], hasJoinedOnce [false], cluster_name[TEST-CHILD_VM=[2]-CLUSTER_SEED=[2858301384796425155]-HASH=[462C14F99751D]-cluster]}, ping_response{node [{node_t0}{5WFoynj2SUGDMEZmKbHSCQ}{127.0.0.1}{127.0.0.1:9660}[mode=>network]], id[788], master [null], hasJoinedOnce [false], cluster_name[TEST-CHILD_VM=[2]-CLUSTER_SEED=[2858301384796425155]-HASH=[462C14F99751D]-cluster]}, ping_response{node [{node_t0}{5WFoynj2SUGDMEZmKbHSCQ}{127.0.0.1}{127.0.0.1:9660}[mode=>network]], id[792], master [null], hasJoinedOnce [false], cluster_name[TEST-CHILD_VM=[2]-CLUSTER_SEED=[2858301384796425155]-HASH=[462C14F99751D]-cluster]}, ping_response{node [{node_t0}{5WFoynj2SUGDMEZmKbHSCQ}{127.0.0.1}{127.0.0.1:9660}[mode=>network]], id[792], master [null], hasJoinedOnce [false], cluster_name[TEST-CHILD_VM=[2]-CLUSTER_SEED=[2858301384796425155]-HASH=[462C14F99751D]-cluster]}, ping_response{node [{node_t0}{5WFoynj2SUGDMEZmKbHSCQ}{127.0.0.1}{127.0.0.1:9660}[mode=>network]], id[792], master [null], hasJoinedOnce [false], cluster_name[TEST-CHILD_VM=[2]-CLUSTER_SEED=[2858301384796425155]-HASH=[462C14F99751D]-cluster]}, ping_response{node [{node_t0}{5WFoynj2SUGDMEZmKbHSCQ}{127.0.0.1}{127.0.0.1:9660}[mode=>network]], id[796], master [null], hasJoinedOnce [false], cluster_name[TEST-CHILD_VM=[2]-CLUSTER_SEED=[2858301384796425155]-HASH=[462C14F99751D]-cluster]}, ping_response{node [{node_t0}{5WFoynj2SUGDMEZmKbHSCQ}{127.0.0.1}{127.0.0.1:9660}[mode=>network]], id[796], master [null], hasJoinedOnce [false], cluster_name[TEST-CHILD_VM=[2]-CLUSTER_SEED=[2858301384796425155]-HASH=[462C14F99751D]-cluster]}, ping_response{node [{node_t0}{5WFoynj2SUGDMEZmKbHSCQ}{127.0.0.1}{127.0.0.1:9660}[mode=>network]], id[796], master [null], hasJoinedOnce [false], cluster_name[TEST-CHILD_VM=[2]-CLUSTER_SEED=[2858301384796425155]-HASH=[462C14F99751D]-cluster]}, ping_response{node [{node_t0}{5WFoynj2SUGDMEZmKbHSCQ}{127.0.0.1}{127.0.0.1:9660}[mode=>network]], id[800], master [null], hasJoinedOnce [false], cluster_name[TEST-CHILD_VM=[2]-CLUSTER_SEED=[2858301384796425155]-HASH=[462C14F99751D]-cluster]}, ping_response{node [{node_t0}{5WFoynj2SUGDMEZmKbHSCQ}{127.0.0.1}{127.0.0.1:9660}[mode=>network]], id[800], master [null], hasJoinedOnce [false], cluster_name[TEST-CHILD_VM=[2]-CLUSTER_SEED=[2858301384796425155]-HASH=[462C14F99751D]-cluster]}, ping_response{node [{node_t0}{5WFoynj2SUGDMEZmKbHSCQ}{127.0.0.1}{127.0.0.1:9660}[mode=>network]], id[800], master [null], hasJoinedOnce [false], cluster_name[TEST-CHILD_VM=[2]-CLUSTER_SEED=[2858301384796425155]-HASH=[462C14F99751D]-cluster]}, ping_response{node [{node_t1}{lk7U_niVSKyTWpmVoV3sIA}{127.0.0.1}{127.0.0.1:9661}[mode=>network]], id[804], master [null], hasJoinedOnce [false], cluster_name[TEST-CHILD_VM=[2]-CLUSTER_SEED=[2858301384796425155]-HASH=[462C14F99751D]-cluster]}, ping_response{node [{node_t1}{lk7U_niVSKyTWpmVoV3sIA}{127.0.0.1}{127.0.0.1:9661}[mode=>network]], id[804], master [null], hasJoinedOnce [false], cluster_name[TEST-CHILD_VM=[2]-CLUSTER_SEED=[2858301384796425155]-HASH=[462C14F99751D]-cluster]}, ping_response{node [{node_t0}{5WFoynj2SUGDMEZmKbHSCQ}{127.0.0.1}{127.0.0.1:9660}[mode=>network]], id[810], master [null], hasJoinedOnce [false], cluster_name[TEST-CHILD_VM=[2]-CLUSTER_SEED=[2858301384796425155]-HASH=[462C14F99751D]-cluster]}, ping_response{node [{node_t0}{5WFoynj2SUGDMEZmKbHSCQ}{127.0.0.1}{127.0.0.1:9660}[mode=>network]], id[810], master [null], hasJoinedOnce [false], cluster_name[TEST-CHILD_VM=[2]-CLUSTER_SEED=[2858301384796425155]-HASH=[462C14F99751D]-cluster]}, ping_response{node [{node_t0}{5WFoynj2SUGDMEZmKbHSCQ}{127.0.0.1}{127.0.0.1:9660}[mode=>network]], id[810], master [null], hasJoinedOnce [false], cluster_name[TEST-CHILD_VM=[2]-CLUSTER_SEED=[2858301384796425155]-HASH=[462C14F99751D]-cluster]}, ping_response{node [{node_t1}{lk7U_niVSKyTWpmVoV3sIA}{127.0.0.1}{127.0.0.1:9661}[mode=>network]], id[817], master [null], hasJoinedOnce [false], cluster_name[TEST-CHILD_VM=[2]-CLUSTER_SEED=[2858301384796425155]-HASH=[462C14F99751D]-cluster]}, ping_response{node [{node_t0}{5WFoynj2SUGDMEZmKbHSCQ}{127.0.0.1}{127.0.0.1:9660}[mode=>network]], id[819], master [null], hasJoinedOnce [false], cluster_name[TEST-CHILD_VM=[2]-CLUSTER_SEED=[2858301384796425155]-HASH=[462C14F99751D]-cluster]}]
[2016-03-30 14:01:59,445][TRACE][org.elasticsearch.discovery.zen.ping.unicast] [node_t1] [1] failed to connect to {#zen_unicast_4#}{127.0.0.1}{127.0.0.1:9663}
ConnectTransportException[[][127.0.0.1:9663] connect_timeout[30s]]; nested: ConnectException[Connection refused: /127.0.0.1:9663];
	at org.elasticsearch.transport.netty.NettyTransport.connectToChannelsLight(NettyTransport.java:948)
	at org.elasticsearch.transport.netty.NettyTransport.connectToNode(NettyTransport.java:912)
	at org.elasticsearch.transport.netty.NettyTransport.connectToNodeLight(NettyTransport.java:884)
	at org.elasticsearch.test.transport.MockTransportService$LookupTestTransport.connectToNodeLight(MockTransportService.java:412)
	at org.elasticsearch.transport.TransportService.connectToNodeLight(TransportService.java:250)
	at org.elasticsearch.discovery.zen.ping.unicast.UnicastZenPing$3.run(UnicastZenPing.java:395)
	at java.util.concurrent.ThreadPoolExecutor.runWorker(ThreadPoolExecutor.java:1142)
	at java.util.concurrent.ThreadPoolExecutor$Worker.run(ThreadPoolExecutor.java:617)
	at java.lang.Thread.run(Thread.java:745)
Caused by: java.net.ConnectException: Connection refused: /127.0.0.1:9663
	at sun.nio.ch.SocketChannelImpl.checkConnect(Native Method)
	at sun.nio.ch.SocketChannelImpl.finishConnect(SocketChannelImpl.java:717)
	at org.jboss.netty.channel.socket.nio.NioClientBoss.connect(NioClientBoss.java:152)
	at org.jboss.netty.channel.socket.nio.NioClientBoss.processSelectedKeys(NioClientBoss.java:105)
	at org.jboss.netty.channel.socket.nio.NioClientBoss.process(NioClientBoss.java:79)
	at org.jboss.netty.channel.socket.nio.AbstractNioSelector.run(AbstractNioSelector.java:337)
	at org.jboss.netty.channel.socket.nio.NioClientBoss.run(NioClientBoss.java:42)
	at org.jboss.netty.util.ThreadRenamingRunnable.run(ThreadRenamingRunnable.java:108)
	at org.jboss.netty.util.internal.DeadLockProofWorker$1.run(DeadLockProofWorker.java:42)
	... 3 more
[2016-03-30 14:01:59,444][TRACE][org.elasticsearch.discovery.zen.ping.unicast] [node_t1] [1] failed to connect to {#zen_unicast_3#}{127.0.0.1}{127.0.0.1:9662}
ConnectTransportException[[][127.0.0.1:9662] connect_timeout[30s]]; nested: ConnectException[Connection refused: /127.0.0.1:9662];
	at org.elasticsearch.transport.netty.NettyTransport.connectToChannelsLight(NettyTransport.java:948)
	at org.elasticsearch.transport.netty.NettyTransport.connectToNode(NettyTransport.java:912)
	at org.elasticsearch.transport.netty.NettyTransport.connectToNodeLight(NettyTransport.java:884)
	at org.elasticsearch.test.transport.MockTransportService$LookupTestTransport.connectToNodeLight(MockTransportService.java:412)
	at org.elasticsearch.transport.TransportService.connectToNodeLight(TransportService.java:250)
	at org.elasticsearch.discovery.zen.ping.unicast.UnicastZenPing$3.run(UnicastZenPing.java:395)
	at java.util.concurrent.ThreadPoolExecutor.runWorker(ThreadPoolExecutor.java:1142)
	at java.util.concurrent.ThreadPoolExecutor$Worker.run(ThreadPoolExecutor.java:617)
	at java.lang.Thread.run(Thread.java:745)
Caused by: java.net.ConnectException: Connection refused: /127.0.0.1:9662
	at sun.nio.ch.SocketChannelImpl.checkConnect(Native Method)
	at sun.nio.ch.SocketChannelImpl.finishConnect(SocketChannelImpl.java:717)
	at org.jboss.netty.channel.socket.nio.NioClientBoss.connect(NioClientBoss.java:152)
	at org.jboss.netty.channel.socket.nio.NioClientBoss.processSelectedKeys(NioClientBoss.java:105)
	at org.jboss.netty.channel.socket.nio.NioClientBoss.process(NioClientBoss.java:79)
	at org.jboss.netty.channel.socket.nio.AbstractNioSelector.run(AbstractNioSelector.java:337)
	at org.jboss.netty.channel.socket.nio.NioClientBoss.run(NioClientBoss.java:42)
	at org.jboss.netty.util.ThreadRenamingRunnable.run(ThreadRenamingRunnable.java:108)
	at org.jboss.netty.util.internal.DeadLockProofWorker$1.run(DeadLockProofWorker.java:42)
	... 3 more
[2016-03-30 14:01:59,444][TRACE][org.elasticsearch.discovery.zen.ping.unicast] [node_t1] [1] connecting (light) to {#zen_unicast_10#}{::1}{[::1]:9664}
[2016-03-30 14:01:59,444][TRACE][org.elasticsearch.discovery.zen.ping.unicast] [node_t1] replacing {node_t0}{5WFoynj2SUGDMEZmKbHSCQ}{127.0.0.1}{127.0.0.1:9660}[mode=>network] with temp node {#zen_unicast_11_5WFoynj2SUGDMEZmKbHSCQ#}{127.0.0.1}{127.0.0.1:9660}[mode=>network]
[2016-03-30 14:01:59,444][TRACE][org.elasticsearch.discovery.zen.ping.unicast] [node_t1] [1] connecting (light) to {#zen_unicast_8#}{::1}{[::1]:9662}
[2016-03-30 14:01:59,446][TRACE][org.elasticsearch.discovery.zen.ping.unicast] [node_t1] [1] sending to {node_t1}{lk7U_niVSKyTWpmVoV3sIA}{127.0.0.1}{127.0.0.1:9661}[mode=>network]
[2016-03-30 14:01:59,444][TRACE][org.elasticsearch.discovery.zen.ping.unicast] [node_t1] [1] connecting (light) to {#zen_unicast_9#}{::1}{[::1]:9663}
[2016-03-30 14:01:59,446][TRACE][org.elasticsearch.discovery.zen.ping.unicast] [node_t1] [1] connecting (light) to {#zen_unicast_11_5WFoynj2SUGDMEZmKbHSCQ#}{127.0.0.1}{127.0.0.1:9660}[mode=>network]
[2016-03-30 14:01:59,446][TRACE][org.elasticsearch.discovery.zen.ping.unicast] [node_t1] [1] received response from {node_t1}{lk7U_niVSKyTWpmVoV3sIA}{127.0.0.1}{127.0.0.1:9661}[mode=>network]: [ping_response{node [{node_t1}{lk7U_niVSKyTWpmVoV3sIA}{127.0.0.1}{127.0.0.1:9661}[mode=>network]], id[804], master [null], hasJoinedOnce [false], cluster_name[TEST-CHILD_VM=[2]-CLUSTER_SEED=[2858301384796425155]-HASH=[462C14F99751D]-cluster]}, ping_response{node [{node_t1}{lk7U_niVSKyTWpmVoV3sIA}{127.0.0.1}{127.0.0.1:9661}[mode=>network]], id[804], master [null], hasJoinedOnce [false], cluster_name[TEST-CHILD_VM=[2]-CLUSTER_SEED=[2858301384796425155]-HASH=[462C14F99751D]-cluster]}, ping_response{node [{node_t1}{lk7U_niVSKyTWpmVoV3sIA}{127.0.0.1}{127.0.0.1:9661}[mode=>network]], id[804], master [null], hasJoinedOnce [false], cluster_name[TEST-CHILD_VM=[2]-CLUSTER_SEED=[2858301384796425155]-HASH=[462C14F99751D]-cluster]}, ping_response{node [{node_t0}{5WFoynj2SUGDMEZmKbHSCQ}{127.0.0.1}{127.0.0.1:9660}[mode=>network]], id[810], master [null], hasJoinedOnce [false], cluster_name[TEST-CHILD_VM=[2]-CLUSTER_SEED=[2858301384796425155]-HASH=[462C14F99751D]-cluster]}, ping_response{node [{node_t0}{5WFoynj2SUGDMEZmKbHSCQ}{127.0.0.1}{127.0.0.1:9660}[mode=>network]], id[810], master [null], hasJoinedOnce [false], cluster_name[TEST-CHILD_VM=[2]-CLUSTER_SEED=[2858301384796425155]-HASH=[462C14F99751D]-cluster]}, ping_response{node [{node_t0}{5WFoynj2SUGDMEZmKbHSCQ}{127.0.0.1}{127.0.0.1:9660}[mode=>network]], id[810], master [null], hasJoinedOnce [false], cluster_name[TEST-CHILD_VM=[2]-CLUSTER_SEED=[2858301384796425155]-HASH=[462C14F99751D]-cluster]}, ping_response{node [{node_t1}{lk7U_niVSKyTWpmVoV3sIA}{127.0.0.1}{127.0.0.1:9661}[mode=>network]], id[817], master [null], hasJoinedOnce [false], cluster_name[TEST-CHILD_VM=[2]-CLUSTER_SEED=[2858301384796425155]-HASH=[462C14F99751D]-cluster]}, ping_response{node [{node_t1}{lk7U_niVSKyTWpmVoV3sIA}{127.0.0.1}{127.0.0.1:9661}[mode=>network]], id[817], master [null], hasJoinedOnce [false], cluster_name[TEST-CHILD_VM=[2]-CLUSTER_SEED=[2858301384796425155]-HASH=[462C14F99751D]-cluster]}, ping_response{node [{node_t1}{lk7U_niVSKyTWpmVoV3sIA}{127.0.0.1}{127.0.0.1:9661}[mode=>network]], id[817], master [null], hasJoinedOnce [false], cluster_name[TEST-CHILD_VM=[2]-CLUSTER_SEED=[2858301384796425155]-HASH=[462C14F99751D]-cluster]}, ping_response{node [{node_t1}{lk7U_niVSKyTWpmVoV3sIA}{127.0.0.1}{127.0.0.1:9661}[mode=>network]], id[822], master [null], hasJoinedOnce [false], cluster_name[TEST-CHILD_VM=[2]-CLUSTER_SEED=[2858301384796425155]-HASH=[462C14F99751D]-cluster]}]
[2016-03-30 14:01:59,445][TRACE][org.elasticsearch.discovery.zen.ping.unicast] [node_t1] [1] received response from {#zen_unicast_7#}{::1}{[::1]:9661}: [ping_response{node [{node_t1}{lk7U_niVSKyTWpmVoV3sIA}{127.0.0.1}{127.0.0.1:9661}[mode=>network]], id[804], master [null], hasJoinedOnce [false], cluster_name[TEST-CHILD_VM=[2]-CLUSTER_SEED=[2858301384796425155]-HASH=[462C14F99751D]-cluster]}, ping_response{node [{node_t1}{lk7U_niVSKyTWpmVoV3sIA}{127.0.0.1}{127.0.0.1:9661}[mode=>network]], id[804], master [null], hasJoinedOnce [false], cluster_name[TEST-CHILD_VM=[2]-CLUSTER_SEED=[2858301384796425155]-HASH=[462C14F99751D]-cluster]}, ping_response{node [{node_t1}{lk7U_niVSKyTWpmVoV3sIA}{127.0.0.1}{127.0.0.1:9661}[mode=>network]], id[804], master [null], hasJoinedOnce [false], cluster_name[TEST-CHILD_VM=[2]-CLUSTER_SEED=[2858301384796425155]-HASH=[462C14F99751D]-cluster]}, ping_response{node [{node_t0}{5WFoynj2SUGDMEZmKbHSCQ}{127.0.0.1}{127.0.0.1:9660}[mode=>network]], id[810], master [null], hasJoinedOnce [false], cluster_name[TEST-CHILD_VM=[2]-CLUSTER_SEED=[2858301384796425155]-HASH=[462C14F99751D]-cluster]}, ping_response{node [{node_t0}{5WFoynj2SUGDMEZmKbHSCQ}{127.0.0.1}{127.0.0.1:9660}[mode=>network]], id[810], master [null], hasJoinedOnce [false], cluster_name[TEST-CHILD_VM=[2]-CLUSTER_SEED=[2858301384796425155]-HASH=[462C14F99751D]-cluster]}, ping_response{node [{node_t0}{5WFoynj2SUGDMEZmKbHSCQ}{127.0.0.1}{127.0.0.1:9660}[mode=>network]], id[810], master [null], hasJoinedOnce [false], cluster_name[TEST-CHILD_VM=[2]-CLUSTER_SEED=[2858301384796425155]-HASH=[462C14F99751D]-cluster]}, ping_response{node [{node_t1}{lk7U_niVSKyTWpmVoV3sIA}{127.0.0.1}{127.0.0.1:9661}[mode=>network]], id[817], master [null], hasJoinedOnce [false], cluster_name[TEST-CHILD_VM=[2]-CLUSTER_SEED=[2858301384796425155]-HASH=[462C14F99751D]-cluster]}, ping_response{node [{node_t1}{lk7U_niVSKyTWpmVoV3sIA}{127.0.0.1}{127.0.0.1:9661}[mode=>network]], id[817], master [null], hasJoinedOnce [false], cluster_name[TEST-CHILD_VM=[2]-CLUSTER_SEED=[2858301384796425155]-HASH=[462C14F99751D]-cluster]}, ping_response{node [{node_t1}{lk7U_niVSKyTWpmVoV3sIA}{127.0.0.1}{127.0.0.1:9661}[mode=>network]], id[820], master [null], hasJoinedOnce [false], cluster_name[TEST-CHILD_VM=[2]-CLUSTER_SEED=[2858301384796425155]-HASH=[462C14F99751D]-cluster]}]
[2016-03-30 14:01:59,447][TRACE][org.elasticsearch.discovery.zen.ping.unicast] [node_t1] [1] failed to connect to {#zen_unicast_9#}{::1}{[::1]:9663}
ConnectTransportException[[][[::1]:9663] connect_timeout[30s]]; nested: ConnectException[Connection refused: /0:0:0:0:0:0:0:1:9663];
	at org.elasticsearch.transport.netty.NettyTransport.connectToChannelsLight(NettyTransport.java:948)
	at org.elasticsearch.transport.netty.NettyTransport.connectToNode(NettyTransport.java:912)
	at org.elasticsearch.transport.netty.NettyTransport.connectToNodeLight(NettyTransport.java:884)
	at org.elasticsearch.test.transport.MockTransportService$LookupTestTransport.connectToNodeLight(MockTransportService.java:412)
	at org.elasticsearch.transport.TransportService.connectToNodeLight(TransportService.java:250)
	at org.elasticsearch.discovery.zen.ping.unicast.UnicastZenPing$3.run(UnicastZenPing.java:395)
	at java.util.concurrent.ThreadPoolExecutor.runWorker(ThreadPoolExecutor.java:1142)
	at java.util.concurrent.ThreadPoolExecutor$Worker.run(ThreadPoolExecutor.java:617)
	at java.lang.Thread.run(Thread.java:745)
Caused by: java.net.ConnectException: Connection refused: /0:0:0:0:0:0:0:1:9663
	at sun.nio.ch.SocketChannelImpl.checkConnect(Native Method)
	at sun.nio.ch.SocketChannelImpl.finishConnect(SocketChannelImpl.java:717)
	at org.jboss.netty.channel.socket.nio.NioClientBoss.connect(NioClientBoss.java:152)
	at org.jboss.netty.channel.socket.nio.NioClientBoss.processSelectedKeys(NioClientBoss.java:105)
	at org.jboss.netty.channel.socket.nio.NioClientBoss.process(NioClientBoss.java:79)
	at org.jboss.netty.channel.socket.nio.AbstractNioSelector.run(AbstractNioSelector.java:337)
	at org.jboss.netty.channel.socket.nio.NioClientBoss.run(NioClientBoss.java:42)
	at org.jboss.netty.util.ThreadRenamingRunnable.run(ThreadRenamingRunnable.java:108)
	at org.jboss.netty.util.internal.DeadLockProofWorker$1.run(DeadLockProofWorker.java:42)
	... 3 more
[2016-03-30 14:01:59,445][TRACE][org.elasticsearch.discovery.zen.ping.unicast] [node_t1] [1] failed to connect to {#zen_unicast_5#}{127.0.0.1}{127.0.0.1:9664}
ConnectTransportException[[][127.0.0.1:9664] connect_timeout[30s]]; nested: ConnectException[Connection refused: /127.0.0.1:9664];
	at org.elasticsearch.transport.netty.NettyTransport.connectToChannelsLight(NettyTransport.java:948)
	at org.elasticsearch.transport.netty.NettyTransport.connectToNode(NettyTransport.java:912)
	at org.elasticsearch.transport.netty.NettyTransport.connectToNodeLight(NettyTransport.java:884)
	at org.elasticsearch.test.transport.MockTransportService$LookupTestTransport.connectToNodeLight(MockTransportService.java:412)
	at org.elasticsearch.transport.TransportService.connectToNodeLight(TransportService.java:250)
	at org.elasticsearch.discovery.zen.ping.unicast.UnicastZenPing$3.run(UnicastZenPing.java:395)
	at java.util.concurrent.ThreadPoolExecutor.runWorker(ThreadPoolExecutor.java:1142)
	at java.util.concurrent.ThreadPoolExecutor$Worker.run(ThreadPoolExecutor.java:617)
	at java.lang.Thread.run(Thread.java:745)
Caused by: java.net.ConnectException: Connection refused: /127.0.0.1:9664
	at sun.nio.ch.SocketChannelImpl.checkConnect(Native Method)
	at sun.nio.ch.SocketChannelImpl.finishConnect(SocketChannelImpl.java:717)
	at org.jboss.netty.channel.socket.nio.NioClientBoss.connect(NioClientBoss.java:152)
	at org.jboss.netty.channel.socket.nio.NioClientBoss.processSelectedKeys(NioClientBoss.java:105)
	at org.jboss.netty.channel.socket.nio.NioClientBoss.process(NioClientBoss.java:79)
	at org.jboss.netty.channel.socket.nio.AbstractNioSelector.run(AbstractNioSelector.java:337)
	at org.jboss.netty.channel.socket.nio.NioClientBoss.run(NioClientBoss.java:42)
	at org.jboss.netty.util.ThreadRenamingRunnable.run(ThreadRenamingRunnable.java:108)
	at org.jboss.netty.util.internal.DeadLockProofWorker$1.run(DeadLockProofWorker.java:42)
	... 3 more
[2016-03-30 14:01:59,447][TRACE][org.elasticsearch.discovery.zen.ping.unicast] [node_t1] [1] received response from {#zen_unicast_6#}{::1}{[::1]:9660}: [ping_response{node [{node_t0}{5WFoynj2SUGDMEZmKbHSCQ}{127.0.0.1}{127.0.0.1:9660}[mode=>network]], id[784], master [null], hasJoinedOnce [false], cluster_name[TEST-CHILD_VM=[2]-CLUSTER_SEED=[2858301384796425155]-HASH=[462C14F99751D]-cluster]}, ping_response{node [{node_t0}{5WFoynj2SUGDMEZmKbHSCQ}{127.0.0.1}{127.0.0.1:9660}[mode=>network]], id[784], master [null], hasJoinedOnce [false], cluster_name[TEST-CHILD_VM=[2]-CLUSTER_SEED=[2858301384796425155]-HASH=[462C14F99751D]-cluster]}, ping_response{node [{node_t0}{5WFoynj2SUGDMEZmKbHSCQ}{127.0.0.1}{127.0.0.1:9660}[mode=>network]], id[784], master [null], hasJoinedOnce [false], cluster_name[TEST-CHILD_VM=[2]-CLUSTER_SEED=[2858301384796425155]-HASH=[462C14F99751D]-cluster]}, ping_response{node [{node_t0}{5WFoynj2SUGDMEZmKbHSCQ}{127.0.0.1}{127.0.0.1:9660}[mode=>network]], id[788], master [null], hasJoinedOnce [false], cluster_name[TEST-CHILD_VM=[2]-CLUSTER_SEED=[2858301384796425155]-HASH=[462C14F99751D]-cluster]}, ping_response{node [{node_t0}{5WFoynj2SUGDMEZmKbHSCQ}{127.0.0.1}{127.0.0.1:9660}[mode=>network]], id[788], master [null], hasJoinedOnce [false], cluster_name[TEST-CHILD_VM=[2]-CLUSTER_SEED=[2858301384796425155]-HASH=[462C14F99751D]-cluster]}, ping_response{node [{node_t0}{5WFoynj2SUGDMEZmKbHSCQ}{127.0.0.1}{127.0.0.1:9660}[mode=>network]], id[788], master [null], hasJoinedOnce [false], cluster_name[TEST-CHILD_VM=[2]-CLUSTER_SEED=[2858301384796425155]-HASH=[462C14F99751D]-cluster]}, ping_response{node [{node_t0}{5WFoynj2SUGDMEZmKbHSCQ}{127.0.0.1}{127.0.0.1:9660}[mode=>network]], id[792], master [null], hasJoinedOnce [false], cluster_name[TEST-CHILD_VM=[2]-CLUSTER_SEED=[2858301384796425155]-HASH=[462C14F99751D]-cluster]}, ping_response{node [{node_t0}{5WFoynj2SUGDMEZmKbHSCQ}{127.0.0.1}{127.0.0.1:9660}[mode=>network]], id[792], master [null], hasJoinedOnce [false], cluster_name[TEST-CHILD_VM=[2]-CLUSTER_SEED=[2858301384796425155]-HASH=[462C14F99751D]-cluster]}, ping_response{node [{node_t0}{5WFoynj2SUGDMEZmKbHSCQ}{127.0.0.1}{127.0.0.1:9660}[mode=>network]], id[792], master [null], hasJoinedOnce [false], cluster_name[TEST-CHILD_VM=[2]-CLUSTER_SEED=[2858301384796425155]-HASH=[462C14F99751D]-cluster]}, ping_response{node [{node_t0}{5WFoynj2SUGDMEZmKbHSCQ}{127.0.0.1}{127.0.0.1:9660}[mode=>network]], id[796], master [null], hasJoinedOnce [false], cluster_name[TEST-CHILD_VM=[2]-CLUSTER_SEED=[2858301384796425155]-HASH=[462C14F99751D]-cluster]}, ping_response{node [{node_t0}{5WFoynj2SUGDMEZmKbHSCQ}{127.0.0.1}{127.0.0.1:9660}[mode=>network]], id[796], master [null], hasJoinedOnce [false], cluster_name[TEST-CHILD_VM=[2]-CLUSTER_SEED=[2858301384796425155]-HASH=[462C14F99751D]-cluster]}, ping_response{node [{node_t0}{5WFoynj2SUGDMEZmKbHSCQ}{127.0.0.1}{127.0.0.1:9660}[mode=>network]], id[796], master [null], hasJoinedOnce [false], cluster_name[TEST-CHILD_VM=[2]-CLUSTER_SEED=[2858301384796425155]-HASH=[462C14F99751D]-cluster]}, ping_response{node [{node_t0}{5WFoynj2SUGDMEZmKbHSCQ}{127.0.0.1}{127.0.0.1:9660}[mode=>network]], id[800], master [null], hasJoinedOnce [false], cluster_name[TEST-CHILD_VM=[2]-CLUSTER_SEED=[2858301384796425155]-HASH=[462C14F99751D]-cluster]}, ping_response{node [{node_t0}{5WFoynj2SUGDMEZmKbHSCQ}{127.0.0.1}{127.0.0.1:9660}[mode=>network]], id[800], master [null], hasJoinedOnce [false], cluster_name[TEST-CHILD_VM=[2]-CLUSTER_SEED=[2858301384796425155]-HASH=[462C14F99751D]-cluster]}, ping_response{node [{node_t0}{5WFoynj2SUGDMEZmKbHSCQ}{127.0.0.1}{127.0.0.1:9660}[mode=>network]], id[800], master [null], hasJoinedOnce [false], cluster_name[TEST-CHILD_VM=[2]-CLUSTER_SEED=[2858301384796425155]-HASH=[462C14F99751D]-cluster]}, ping_response{node [{node_t1}{lk7U_niVSKyTWpmVoV3sIA}{127.0.0.1}{127.0.0.1:9661}[mode=>network]], id[804], master [null], hasJoinedOnce [false], cluster_name[TEST-CHILD_VM=[2]-CLUSTER_SEED=[2858301384796425155]-HASH=[462C14F99751D]-cluster]}, ping_response{node [{node_t1}{lk7U_niVSKyTWpmVoV3sIA}{127.0.0.1}{127.0.0.1:9661}[mode=>network]], id[804], master [null], hasJoinedOnce [false], cluster_name[TEST-CHILD_VM=[2]-CLUSTER_SEED=[2858301384796425155]-HASH=[462C14F99751D]-cluster]}, ping_response{node [{node_t0}{5WFoynj2SUGDMEZmKbHSCQ}{127.0.0.1}{127.0.0.1:9660}[mode=>network]], id[810], master [null], hasJoinedOnce [false], cluster_name[TEST-CHILD_VM=[2]-CLUSTER_SEED=[2858301384796425155]-HASH=[462C14F99751D]-cluster]}, ping_response{node [{node_t0}{5WFoynj2SUGDMEZmKbHSCQ}{127.0.0.1}{127.0.0.1:9660}[mode=>network]], id[810], master [null], hasJoinedOnce [false], cluster_name[TEST-CHILD_VM=[2]-CLUSTER_SEED=[2858301384796425155]-HASH=[462C14F99751D]-cluster]}, ping_response{node [{node_t0}{5WFoynj2SUGDMEZmKbHSCQ}{127.0.0.1}{127.0.0.1:9660}[mode=>network]], id[810], master [null], hasJoinedOnce [false], cluster_name[TEST-CHILD_VM=[2]-CLUSTER_SEED=[2858301384796425155]-HASH=[462C14F99751D]-cluster]}, ping_response{node [{node_t1}{lk7U_niVSKyTWpmVoV3sIA}{127.0.0.1}{127.0.0.1:9661}[mode=>network]], id[817], master [null], hasJoinedOnce [false], cluster_name[TEST-CHILD_VM=[2]-CLUSTER_SEED=[2858301384796425155]-HASH=[462C14F99751D]-cluster]}, ping_response{node [{node_t1}{lk7U_niVSKyTWpmVoV3sIA}{127.0.0.1}{127.0.0.1:9661}[mode=>network]], id[817], master [null], hasJoinedOnce [false], cluster_name[TEST-CHILD_VM=[2]-CLUSTER_SEED=[2858301384796425155]-HASH=[462C14F99751D]-cluster]}, ping_response{node [{node_t0}{5WFoynj2SUGDMEZmKbHSCQ}{127.0.0.1}{127.0.0.1:9660}[mode=>network]], id[821], master [null], hasJoinedOnce [false], cluster_name[TEST-CHILD_VM=[2]-CLUSTER_SEED=[2858301384796425155]-HASH=[462C14F99751D]-cluster]}]
[2016-03-30 14:01:59,447][TRACE][org.elasticsearch.discovery.zen.ping.unicast] [node_t1] [1] connected to {node_t0}{5WFoynj2SUGDMEZmKbHSCQ}{127.0.0.1}{127.0.0.1:9660}[mode=>network]
[2016-03-30 14:01:59,447][TRACE][org.elasticsearch.discovery.zen.ping.unicast] [node_t1] [1] failed to connect to {#zen_unicast_8#}{::1}{[::1]:9662}
ConnectTransportException[[][[::1]:9662] connect_timeout[30s]]; nested: ConnectException[Connection refused: /0:0:0:0:0:0:0:1:9662];
	at org.elasticsearch.transport.netty.NettyTransport.connectToChannelsLight(NettyTransport.java:948)
	at org.elasticsearch.transport.netty.NettyTransport.connectToNode(NettyTransport.java:912)
	at org.elasticsearch.transport.netty.NettyTransport.connectToNodeLight(NettyTransport.java:884)
	at org.elasticsearch.test.transport.MockTransportService$LookupTestTransport.connectToNodeLight(MockTransportService.java:412)
	at org.elasticsearch.transport.TransportService.connectToNodeLight(TransportService.java:250)
	at org.elasticsearch.discovery.zen.ping.unicast.UnicastZenPing$3.run(UnicastZenPing.java:395)
	at java.util.concurrent.ThreadPoolExecutor.runWorker(ThreadPoolExecutor.java:1142)
	at java.util.concurrent.ThreadPoolExecutor$Worker.run(ThreadPoolExecutor.java:617)
	at java.lang.Thread.run(Thread.java:745)
Caused by: java.net.ConnectException: Connection refused: /0:0:0:0:0:0:0:1:9662
	at sun.nio.ch.SocketChannelImpl.checkConnect(Native Method)
	at sun.nio.ch.SocketChannelImpl.finishConnect(SocketChannelImpl.java:717)
	at org.jboss.netty.channel.socket.nio.NioClientBoss.connect(NioClientBoss.java:152)
	at org.jboss.netty.channel.socket.nio.NioClientBoss.processSelectedKeys(NioClientBoss.java:105)
	at org.jboss.netty.channel.socket.nio.NioClientBoss.process(NioClientBoss.java:79)
	at org.jboss.netty.channel.socket.nio.AbstractNioSelector.run(AbstractNioSelector.java:337)
	at org.jboss.netty.channel.socket.nio.NioClientBoss.run(NioClientBoss.java:42)
	at org.jboss.netty.util.ThreadRenamingRunnable.run(ThreadRenamingRunnable.java:108)
	at org.jboss.netty.util.internal.DeadLockProofWorker$1.run(DeadLockProofWorker.java:42)
	... 3 more
[2016-03-30 14:01:59,446][TRACE][org.elasticsearch.discovery.zen.ping.unicast] [node_t1] [1] failed to connect to {#zen_unicast_10#}{::1}{[::1]:9664}
ConnectTransportException[[][[::1]:9664] connect_timeout[30s]]; nested: ConnectException[Connection refused: /0:0:0:0:0:0:0:1:9664];
	at org.elasticsearch.transport.netty.NettyTransport.connectToChannelsLight(NettyTransport.java:948)
	at org.elasticsearch.transport.netty.NettyTransport.connectToNode(NettyTransport.java:912)
	at org.elasticsearch.transport.netty.NettyTransport.connectToNodeLight(NettyTransport.java:884)
	at org.elasticsearch.test.transport.MockTransportService$LookupTestTransport.connectToNodeLight(MockTransportService.java:412)
	at org.elasticsearch.transport.TransportService.connectToNodeLight(TransportService.java:250)
	at org.elasticsearch.discovery.zen.ping.unicast.UnicastZenPing$3.run(UnicastZenPing.java:395)
	at java.util.concurrent.ThreadPoolExecutor.runWorker(ThreadPoolExecutor.java:1142)
	at java.util.concurrent.ThreadPoolExecutor$Worker.run(ThreadPoolExecutor.java:617)
	at java.lang.Thread.run(Thread.java:745)
Caused by: java.net.ConnectException: Connection refused: /0:0:0:0:0:0:0:1:9664
	at sun.nio.ch.SocketChannelImpl.checkConnect(Native Method)
	at sun.nio.ch.SocketChannelImpl.finishConnect(SocketChannelImpl.java:717)
	at org.jboss.netty.channel.socket.nio.NioClientBoss.connect(NioClientBoss.java:152)
	at org.jboss.netty.channel.socket.nio.NioClientBoss.processSelectedKeys(NioClientBoss.java:105)
	at org.jboss.netty.channel.socket.nio.NioClientBoss.process(NioClientBoss.java:79)
	at org.jboss.netty.channel.socket.nio.AbstractNioSelector.run(AbstractNioSelector.java:337)
	at org.jboss.netty.channel.socket.nio.NioClientBoss.run(NioClientBoss.java:42)
	at org.jboss.netty.util.ThreadRenamingRunnable.run(ThreadRenamingRunnable.java:108)
	at org.jboss.netty.util.internal.DeadLockProofWorker$1.run(DeadLockProofWorker.java:42)
	... 3 more
[2016-03-30 14:01:59,448][TRACE][org.elasticsearch.discovery.zen.ping.unicast] [node_t1] [1] sending to {#zen_unicast_11_5WFoynj2SUGDMEZmKbHSCQ#}{127.0.0.1}{127.0.0.1:9660}[mode=>network]
[2016-03-30 14:01:59,451][TRACE][org.elasticsearch.discovery.zen.ping.unicast] [node_t1] [1] received response from {#zen_unicast_11_5WFoynj2SUGDMEZmKbHSCQ#}{127.0.0.1}{127.0.0.1:9660}[mode=>network]: [ping_response{node [{node_t0}{5WFoynj2SUGDMEZmKbHSCQ}{127.0.0.1}{127.0.0.1:9660}[mode=>network]], id[784], master [null], hasJoinedOnce [false], cluster_name[TEST-CHILD_VM=[2]-CLUSTER_SEED=[2858301384796425155]-HASH=[462C14F99751D]-cluster]}, ping_response{node [{node_t0}{5WFoynj2SUGDMEZmKbHSCQ}{127.0.0.1}{127.0.0.1:9660}[mode=>network]], id[784], master [null], hasJoinedOnce [false], cluster_name[TEST-CHILD_VM=[2]-CLUSTER_SEED=[2858301384796425155]-HASH=[462C14F99751D]-cluster]}, ping_response{node [{node_t0}{5WFoynj2SUGDMEZmKbHSCQ}{127.0.0.1}{127.0.0.1:9660}[mode=>network]], id[784], master [null], hasJoinedOnce [false], cluster_name[TEST-CHILD_VM=[2]-CLUSTER_SEED=[2858301384796425155]-HASH=[462C14F99751D]-cluster]}, ping_response{node [{node_t0}{5WFoynj2SUGDMEZmKbHSCQ}{127.0.0.1}{127.0.0.1:9660}[mode=>network]], id[788], master [null], hasJoinedOnce [false], cluster_name[TEST-CHILD_VM=[2]-CLUSTER_SEED=[2858301384796425155]-HASH=[462C14F99751D]-cluster]}, ping_response{node [{node_t0}{5WFoynj2SUGDMEZmKbHSCQ}{127.0.0.1}{127.0.0.1:9660}[mode=>network]], id[788], master [null], hasJoinedOnce [false], cluster_name[TEST-CHILD_VM=[2]-CLUSTER_SEED=[2858301384796425155]-HASH=[462C14F99751D]-cluster]}, ping_response{node [{node_t0}{5WFoynj2SUGDMEZmKbHSCQ}{127.0.0.1}{127.0.0.1:9660}[mode=>network]], id[788], master [null], hasJoinedOnce [false], cluster_name[TEST-CHILD_VM=[2]-CLUSTER_SEED=[2858301384796425155]-HASH=[462C14F99751D]-cluster]}, ping_response{node [{node_t0}{5WFoynj2SUGDMEZmKbHSCQ}{127.0.0.1}{127.0.0.1:9660}[mode=>network]], id[792], master [null], hasJoinedOnce [false], cluster_name[TEST-CHILD_VM=[2]-CLUSTER_SEED=[2858301384796425155]-HASH=[462C14F99751D]-cluster]}, ping_response{node [{node_t0}{5WFoynj2SUGDMEZmKbHSCQ}{127.0.0.1}{127.0.0.1:9660}[mode=>network]], id[792], master [null], hasJoinedOnce [false], cluster_name[TEST-CHILD_VM=[2]-CLUSTER_SEED=[2858301384796425155]-HASH=[462C14F99751D]-cluster]}, ping_response{node [{node_t0}{5WFoynj2SUGDMEZmKbHSCQ}{127.0.0.1}{127.0.0.1:9660}[mode=>network]], id[792], master [null], hasJoinedOnce [false], cluster_name[TEST-CHILD_VM=[2]-CLUSTER_SEED=[2858301384796425155]-HASH=[462C14F99751D]-cluster]}, ping_response{node [{node_t0}{5WFoynj2SUGDMEZmKbHSCQ}{127.0.0.1}{127.0.0.1:9660}[mode=>network]], id[796], master [null], hasJoinedOnce [false], cluster_name[TEST-CHILD_VM=[2]-CLUSTER_SEED=[2858301384796425155]-HASH=[462C14F99751D]-cluster]}, ping_response{node [{node_t0}{5WFoynj2SUGDMEZmKbHSCQ}{127.0.0.1}{127.0.0.1:9660}[mode=>network]], id[796], master [null], hasJoinedOnce [false], cluster_name[TEST-CHILD_VM=[2]-CLUSTER_SEED=[2858301384796425155]-HASH=[462C14F99751D]-cluster]}, ping_response{node [{node_t0}{5WFoynj2SUGDMEZmKbHSCQ}{127.0.0.1}{127.0.0.1:9660}[mode=>network]], id[796], master [null], hasJoinedOnce [false], cluster_name[TEST-CHILD_VM=[2]-CLUSTER_SEED=[2858301384796425155]-HASH=[462C14F99751D]-cluster]}, ping_response{node [{node_t0}{5WFoynj2SUGDMEZmKbHSCQ}{127.0.0.1}{127.0.0.1:9660}[mode=>network]], id[800], master [null], hasJoinedOnce [false], cluster_name[TEST-CHILD_VM=[2]-CLUSTER_SEED=[2858301384796425155]-HASH=[462C14F99751D]-cluster]}, ping_response{node [{node_t0}{5WFoynj2SUGDMEZmKbHSCQ}{127.0.0.1}{127.0.0.1:9660}[mode=>network]], id[800], master [null], hasJoinedOnce [false], cluster_name[TEST-CHILD_VM=[2]-CLUSTER_SEED=[2858301384796425155]-HASH=[462C14F99751D]-cluster]}, ping_response{node [{node_t0}{5WFoynj2SUGDMEZmKbHSCQ}{127.0.0.1}{127.0.0.1:9660}[mode=>network]], id[800], master [null], hasJoinedOnce [false], cluster_name[TEST-CHILD_VM=[2]-CLUSTER_SEED=[2858301384796425155]-HASH=[462C14F99751D]-cluster]}, ping_response{node [{node_t1}{lk7U_niVSKyTWpmVoV3sIA}{127.0.0.1}{127.0.0.1:9661}[mode=>network]], id[804], master [null], hasJoinedOnce [false], cluster_name[TEST-CHILD_VM=[2]-CLUSTER_SEED=[2858301384796425155]-HASH=[462C14F99751D]-cluster]}, ping_response{node [{node_t1}{lk7U_niVSKyTWpmVoV3sIA}{127.0.0.1}{127.0.0.1:9661}[mode=>network]], id[804], master [null], hasJoinedOnce [false], cluster_name[TEST-CHILD_VM=[2]-CLUSTER_SEED=[2858301384796425155]-HASH=[462C14F99751D]-cluster]}, ping_response{node [{node_t0}{5WFoynj2SUGDMEZmKbHSCQ}{127.0.0.1}{127.0.0.1:9660}[mode=>network]], id[810], master [null], hasJoinedOnce [false], cluster_name[TEST-CHILD_VM=[2]-CLUSTER_SEED=[2858301384796425155]-HASH=[462C14F99751D]-cluster]}, ping_response{node [{node_t0}{5WFoynj2SUGDMEZmKbHSCQ}{127.0.0.1}{127.0.0.1:9660}[mode=>network]], id[810], master [null], hasJoinedOnce [false], cluster_name[TEST-CHILD_VM=[2]-CLUSTER_SEED=[2858301384796425155]-HASH=[462C14F99751D]-cluster]}, ping_response{node [{node_t0}{5WFoynj2SUGDMEZmKbHSCQ}{127.0.0.1}{127.0.0.1:9660}[mode=>network]], id[810], master [null], hasJoinedOnce [false], cluster_name[TEST-CHILD_VM=[2]-CLUSTER_SEED=[2858301384796425155]-HASH=[462C14F99751D]-cluster]}, ping_response{node [{node_t1}{lk7U_niVSKyTWpmVoV3sIA}{127.0.0.1}{127.0.0.1:9661}[mode=>network]], id[817], master [null], hasJoinedOnce [false], cluster_name[TEST-CHILD_VM=[2]-CLUSTER_SEED=[2858301384796425155]-HASH=[462C14F99751D]-cluster]}, ping_response{node [{node_t1}{lk7U_niVSKyTWpmVoV3sIA}{127.0.0.1}{127.0.0.1:9661}[mode=>network]], id[817], master [null], hasJoinedOnce [false], cluster_name[TEST-CHILD_VM=[2]-CLUSTER_SEED=[2858301384796425155]-HASH=[462C14F99751D]-cluster]}, ping_response{node [{node_t1}{lk7U_niVSKyTWpmVoV3sIA}{127.0.0.1}{127.0.0.1:9661}[mode=>network]], id[817], master [null], hasJoinedOnce [false], cluster_name[TEST-CHILD_VM=[2]-CLUSTER_SEED=[2858301384796425155]-HASH=[462C14F99751D]-cluster]}, ping_response{node [{node_t0}{5WFoynj2SUGDMEZmKbHSCQ}{127.0.0.1}{127.0.0.1:9660}[mode=>network]], id[823], master [null], hasJoinedOnce [false], cluster_name[TEST-CHILD_VM=[2]-CLUSTER_SEED=[2858301384796425155]-HASH=[462C14F99751D]-cluster]}]
[2016-03-30 14:01:59,499][TRACE][org.elasticsearch.discovery.zen.ping.unicast] [node_t0] [4] sending to {node_t0}{5WFoynj2SUGDMEZmKbHSCQ}{127.0.0.1}{127.0.0.1:9660}[mode=>network]
[2016-03-30 14:01:59,500][TRACE][org.elasticsearch.discovery.zen.ping.unicast] [node_t0] [4] received response from {node_t0}{5WFoynj2SUGDMEZmKbHSCQ}{127.0.0.1}{127.0.0.1:9660}[mode=>network]: [ping_response{node [{node_t0}{5WFoynj2SUGDMEZmKbHSCQ}{127.0.0.1}{127.0.0.1:9660}[mode=>network]], id[792], master [null], hasJoinedOnce [false], cluster_name[TEST-CHILD_VM=[2]-CLUSTER_SEED=[2858301384796425155]-HASH=[462C14F99751D]-cluster]}, ping_response{node [{node_t0}{5WFoynj2SUGDMEZmKbHSCQ}{127.0.0.1}{127.0.0.1:9660}[mode=>network]], id[792], master [null], hasJoinedOnce [false], cluster_name[TEST-CHILD_VM=[2]-CLUSTER_SEED=[2858301384796425155]-HASH=[462C14F99751D]-cluster]}, ping_response{node [{node_t0}{5WFoynj2SUGDMEZmKbHSCQ}{127.0.0.1}{127.0.0.1:9660}[mode=>network]], id[792], master [null], hasJoinedOnce [false], cluster_name[TEST-CHILD_VM=[2]-CLUSTER_SEED=[2858301384796425155]-HASH=[462C14F99751D]-cluster]}, ping_response{node [{node_t0}{5WFoynj2SUGDMEZmKbHSCQ}{127.0.0.1}{127.0.0.1:9660}[mode=>network]], id[796], master [null], hasJoinedOnce [false], cluster_name[TEST-CHILD_VM=[2]-CLUSTER_SEED=[2858301384796425155]-HASH=[462C14F99751D]-cluster]}, ping_response{node [{node_t0}{5WFoynj2SUGDMEZmKbHSCQ}{127.0.0.1}{127.0.0.1:9660}[mode=>network]], id[796], master [null], hasJoinedOnce [false], cluster_name[TEST-CHILD_VM=[2]-CLUSTER_SEED=[2858301384796425155]-HASH=[462C14F99751D]-cluster]}, ping_response{node [{node_t0}{5WFoynj2SUGDMEZmKbHSCQ}{127.0.0.1}{127.0.0.1:9660}[mode=>network]], id[796], master [null], hasJoinedOnce [false], cluster_name[TEST-CHILD_VM=[2]-CLUSTER_SEED=[2858301384796425155]-HASH=[462C14F99751D]-cluster]}, ping_response{node [{node_t0}{5WFoynj2SUGDMEZmKbHSCQ}{127.0.0.1}{127.0.0.1:9660}[mode=>network]], id[800], master [null], hasJoinedOnce [false], cluster_name[TEST-CHILD_VM=[2]-CLUSTER_SEED=[2858301384796425155]-HASH=[462C14F99751D]-cluster]}, ping_response{node [{node_t0}{5WFoynj2SUGDMEZmKbHSCQ}{127.0.0.1}{127.0.0.1:9660}[mode=>network]], id[800], master [null], hasJoinedOnce [false], cluster_name[TEST-CHILD_VM=[2]-CLUSTER_SEED=[2858301384796425155]-HASH=[462C14F99751D]-cluster]}, ping_response{node [{node_t0}{5WFoynj2SUGDMEZmKbHSCQ}{127.0.0.1}{127.0.0.1:9660}[mode=>network]], id[800], master [null], hasJoinedOnce [false], cluster_name[TEST-CHILD_VM=[2]-CLUSTER_SEED=[2858301384796425155]-HASH=[462C14F99751D]-cluster]}, ping_response{node [{node_t1}{lk7U_niVSKyTWpmVoV3sIA}{127.0.0.1}{127.0.0.1:9661}[mode=>network]], id[804], master [null], hasJoinedOnce [false], cluster_name[TEST-CHILD_VM=[2]-CLUSTER_SEED=[2858301384796425155]-HASH=[462C14F99751D]-cluster]}, ping_response{node [{node_t1}{lk7U_niVSKyTWpmVoV3sIA}{127.0.0.1}{127.0.0.1:9661}[mode=>network]], id[804], master [null], hasJoinedOnce [false], cluster_name[TEST-CHILD_VM=[2]-CLUSTER_SEED=[2858301384796425155]-HASH=[462C14F99751D]-cluster]}, ping_response{node [{node_t0}{5WFoynj2SUGDMEZmKbHSCQ}{127.0.0.1}{127.0.0.1:9660}[mode=>network]], id[810], master [null], hasJoinedOnce [false], cluster_name[TEST-CHILD_VM=[2]-CLUSTER_SEED=[2858301384796425155]-HASH=[462C14F99751D]-cluster]}, ping_response{node [{node_t0}{5WFoynj2SUGDMEZmKbHSCQ}{127.0.0.1}{127.0.0.1:9660}[mode=>network]], id[810], master [null], hasJoinedOnce [false], cluster_name[TEST-CHILD_VM=[2]-CLUSTER_SEED=[2858301384796425155]-HASH=[462C14F99751D]-cluster]}, ping_response{node [{node_t0}{5WFoynj2SUGDMEZmKbHSCQ}{127.0.0.1}{127.0.0.1:9660}[mode=>network]], id[810], master [null], hasJoinedOnce [false], cluster_name[TEST-CHILD_VM=[2]-CLUSTER_SEED=[2858301384796425155]-HASH=[462C14F99751D]-cluster]}, ping_response{node [{node_t1}{lk7U_niVSKyTWpmVoV3sIA}{127.0.0.1}{127.0.0.1:9661}[mode=>network]], id[817], master [null], hasJoinedOnce [false], cluster_name[TEST-CHILD_VM=[2]-CLUSTER_SEED=[2858301384796425155]-HASH=[462C14F99751D]-cluster]}, ping_response{node [{node_t1}{lk7U_niVSKyTWpmVoV3sIA}{127.0.0.1}{127.0.0.1:9661}[mode=>network]], id[817], master [null], hasJoinedOnce [false], cluster_name[TEST-CHILD_VM=[2]-CLUSTER_SEED=[2858301384796425155]-HASH=[462C14F99751D]-cluster]}, ping_response{node [{node_t1}{lk7U_niVSKyTWpmVoV3sIA}{127.0.0.1}{127.0.0.1:9661}[mode=>network]], id[817], master [null], hasJoinedOnce [false], cluster_name[TEST-CHILD_VM=[2]-CLUSTER_SEED=[2858301384796425155]-HASH=[462C14F99751D]-cluster]}, ping_response{node [{node_t0}{5WFoynj2SUGDMEZmKbHSCQ}{127.0.0.1}{127.0.0.1:9660}[mode=>network]], id[824], master [null], hasJoinedOnce [false], cluster_name[TEST-CHILD_VM=[2]-CLUSTER_SEED=[2858301384796425155]-HASH=[462C14F99751D]-cluster]}, ping_response{node [{node_t0}{5WFoynj2SUGDMEZmKbHSCQ}{127.0.0.1}{127.0.0.1:9660}[mode=>network]], id[825], master [null], hasJoinedOnce [false], cluster_name[TEST-CHILD_VM=[2]-CLUSTER_SEED=[2858301384796425155]-HASH=[462C14F99751D]-cluster]}]
[2016-03-30 14:01:59,500][TRACE][org.elasticsearch.discovery.zen.ping.unicast] [node_t0] [4] sending to {#zen_unicast_2#}{127.0.0.1}{127.0.0.1:9661}
[2016-03-30 14:01:59,501][TRACE][org.elasticsearch.discovery.zen.ping.unicast] [node_t0] [4] sending to {#zen_unicast_6#}{::1}{[::1]:9660}
[2016-03-30 14:01:59,501][TRACE][org.elasticsearch.discovery.zen.ping.unicast] [node_t0] [4] connecting (light) to {#zen_unicast_4#}{127.0.0.1}{127.0.0.1:9663}
[2016-03-30 14:01:59,501][TRACE][org.elasticsearch.discovery.zen.ping.unicast] [node_t0] [4] connecting (light) to {#zen_unicast_5#}{127.0.0.1}{127.0.0.1:9664}
[2016-03-30 14:01:59,501][TRACE][org.elasticsearch.discovery.zen.ping.unicast] [node_t0] [4] sending to {#zen_unicast_7#}{::1}{[::1]:9661}
[2016-03-30 14:01:59,501][TRACE][org.elasticsearch.discovery.zen.ping.unicast] [node_t0] [4] connecting (light) to {#zen_unicast_3#}{127.0.0.1}{127.0.0.1:9662}
[2016-03-30 14:01:59,501][TRACE][org.elasticsearch.discovery.zen.ping.unicast] [node_t0] [4] connecting (light) to {#zen_unicast_8#}{::1}{[::1]:9662}
[2016-03-30 14:01:59,501][TRACE][org.elasticsearch.discovery.zen.ping.unicast] [node_t0] [4] sending to {node_t0}{5WFoynj2SUGDMEZmKbHSCQ}{127.0.0.1}{127.0.0.1:9660}[mode=>network]
[2016-03-30 14:01:59,501][TRACE][org.elasticsearch.discovery.zen.ping.unicast] [node_t0] [4] connecting (light) to {#zen_unicast_10#}{::1}{[::1]:9664}
[2016-03-30 14:01:59,501][TRACE][org.elasticsearch.discovery.zen.ping.unicast] [node_t0] [4] connecting (light) to {#zen_unicast_9#}{::1}{[::1]:9663}
[2016-03-30 14:01:59,501][TRACE][org.elasticsearch.discovery.zen.ping.unicast] [node_t0] [4] received response from {node_t0}{5WFoynj2SUGDMEZmKbHSCQ}{127.0.0.1}{127.0.0.1:9660}[mode=>network]: [ping_response{node [{node_t0}{5WFoynj2SUGDMEZmKbHSCQ}{127.0.0.1}{127.0.0.1:9660}[mode=>network]], id[792], master [null], hasJoinedOnce [false], cluster_name[TEST-CHILD_VM=[2]-CLUSTER_SEED=[2858301384796425155]-HASH=[462C14F99751D]-cluster]}, ping_response{node [{node_t0}{5WFoynj2SUGDMEZmKbHSCQ}{127.0.0.1}{127.0.0.1:9660}[mode=>network]], id[792], master [null], hasJoinedOnce [false], cluster_name[TEST-CHILD_VM=[2]-CLUSTER_SEED=[2858301384796425155]-HASH=[462C14F99751D]-cluster]}, ping_response{node [{node_t0}{5WFoynj2SUGDMEZmKbHSCQ}{127.0.0.1}{127.0.0.1:9660}[mode=>network]], id[792], master [null], hasJoinedOnce [false], cluster_name[TEST-CHILD_VM=[2]-CLUSTER_SEED=[2858301384796425155]-HASH=[462C14F99751D]-cluster]}, ping_response{node [{node_t0}{5WFoynj2SUGDMEZmKbHSCQ}{127.0.0.1}{127.0.0.1:9660}[mode=>network]], id[796], master [null], hasJoinedOnce [false], cluster_name[TEST-CHILD_VM=[2]-CLUSTER_SEED=[2858301384796425155]-HASH=[462C14F99751D]-cluster]}, ping_response{node [{node_t0}{5WFoynj2SUGDMEZmKbHSCQ}{127.0.0.1}{127.0.0.1:9660}[mode=>network]], id[796], master [null], hasJoinedOnce [false], cluster_name[TEST-CHILD_VM=[2]-CLUSTER_SEED=[2858301384796425155]-HASH=[462C14F99751D]-cluster]}, ping_response{node [{node_t0}{5WFoynj2SUGDMEZmKbHSCQ}{127.0.0.1}{127.0.0.1:9660}[mode=>network]], id[796], master [null], hasJoinedOnce [false], cluster_name[TEST-CHILD_VM=[2]-CLUSTER_SEED=[2858301384796425155]-HASH=[462C14F99751D]-cluster]}, ping_response{node [{node_t0}{5WFoynj2SUGDMEZmKbHSCQ}{127.0.0.1}{127.0.0.1:9660}[mode=>network]], id[800], master [null], hasJoinedOnce [false], cluster_name[TEST-CHILD_VM=[2]-CLUSTER_SEED=[2858301384796425155]-HASH=[462C14F99751D]-cluster]}, ping_response{node [{node_t0}{5WFoynj2SUGDMEZmKbHSCQ}{127.0.0.1}{127.0.0.1:9660}[mode=>network]], id[800], master [null], hasJoinedOnce [false], cluster_name[TEST-CHILD_VM=[2]-CLUSTER_SEED=[2858301384796425155]-HASH=[462C14F99751D]-cluster]}, ping_response{node [{node_t0}{5WFoynj2SUGDMEZmKbHSCQ}{127.0.0.1}{127.0.0.1:9660}[mode=>network]], id[800], master [null], hasJoinedOnce [false], cluster_name[TEST-CHILD_VM=[2]-CLUSTER_SEED=[2858301384796425155]-HASH=[462C14F99751D]-cluster]}, ping_response{node [{node_t1}{lk7U_niVSKyTWpmVoV3sIA}{127.0.0.1}{127.0.0.1:9661}[mode=>network]], id[804], master [null], hasJoinedOnce [false], cluster_name[TEST-CHILD_VM=[2]-CLUSTER_SEED=[2858301384796425155]-HASH=[462C14F99751D]-cluster]}, ping_response{node [{node_t1}{lk7U_niVSKyTWpmVoV3sIA}{127.0.0.1}{127.0.0.1:9661}[mode=>network]], id[804], master [null], hasJoinedOnce [false], cluster_name[TEST-CHILD_VM=[2]-CLUSTER_SEED=[2858301384796425155]-HASH=[462C14F99751D]-cluster]}, ping_response{node [{node_t0}{5WFoynj2SUGDMEZmKbHSCQ}{127.0.0.1}{127.0.0.1:9660}[mode=>network]], id[810], master [null], hasJoinedOnce [false], cluster_name[TEST-CHILD_VM=[2]-CLUSTER_SEED=[2858301384796425155]-HASH=[462C14F99751D]-cluster]}, ping_response{node [{node_t0}{5WFoynj2SUGDMEZmKbHSCQ}{127.0.0.1}{127.0.0.1:9660}[mode=>network]], id[810], master [null], hasJoinedOnce [false], cluster_name[TEST-CHILD_VM=[2]-CLUSTER_SEED=[2858301384796425155]-HASH=[462C14F99751D]-cluster]}, ping_response{node [{node_t0}{5WFoynj2SUGDMEZmKbHSCQ}{127.0.0.1}{127.0.0.1:9660}[mode=>network]], id[810], master [null], hasJoinedOnce [false], cluster_name[TEST-CHILD_VM=[2]-CLUSTER_SEED=[2858301384796425155]-HASH=[462C14F99751D]-cluster]}, ping_response{node [{node_t1}{lk7U_niVSKyTWpmVoV3sIA}{127.0.0.1}{127.0.0.1:9661}[mode=>network]], id[817], master [null], hasJoinedOnce [false], cluster_name[TEST-CHILD_VM=[2]-CLUSTER_SEED=[2858301384796425155]-HASH=[462C14F99751D]-cluster]}, ping_response{node [{node_t1}{lk7U_niVSKyTWpmVoV3sIA}{127.0.0.1}{127.0.0.1:9661}[mode=>network]], id[817], master [null], hasJoinedOnce [false], cluster_name[TEST-CHILD_VM=[2]-CLUSTER_SEED=[2858301384796425155]-HASH=[462C14F99751D]-cluster]}, ping_response{node [{node_t1}{lk7U_niVSKyTWpmVoV3sIA}{127.0.0.1}{127.0.0.1:9661}[mode=>network]], id[817], master [null], hasJoinedOnce [false], cluster_name[TEST-CHILD_VM=[2]-CLUSTER_SEED=[2858301384796425155]-HASH=[462C14F99751D]-cluster]}, ping_response{node [{node_t0}{5WFoynj2SUGDMEZmKbHSCQ}{127.0.0.1}{127.0.0.1:9660}[mode=>network]], id[824], master [null], hasJoinedOnce [false], cluster_name[TEST-CHILD_VM=[2]-CLUSTER_SEED=[2858301384796425155]-HASH=[462C14F99751D]-cluster]}, ping_response{node [{node_t0}{5WFoynj2SUGDMEZmKbHSCQ}{127.0.0.1}{127.0.0.1:9660}[mode=>network]], id[824], master [null], hasJoinedOnce [false], cluster_name[TEST-CHILD_VM=[2]-CLUSTER_SEED=[2858301384796425155]-HASH=[462C14F99751D]-cluster]}, ping_response{node [{node_t0}{5WFoynj2SUGDMEZmKbHSCQ}{127.0.0.1}{127.0.0.1:9660}[mode=>network]], id[824], master [null], hasJoinedOnce [false], cluster_name[TEST-CHILD_VM=[2]-CLUSTER_SEED=[2858301384796425155]-HASH=[462C14F99751D]-cluster]}, ping_response{node [{node_t0}{5WFoynj2SUGDMEZmKbHSCQ}{127.0.0.1}{127.0.0.1:9660}[mode=>network]], id[828], master [null], hasJoinedOnce [false], cluster_name[TEST-CHILD_VM=[2]-CLUSTER_SEED=[2858301384796425155]-HASH=[462C14F99751D]-cluster]}]
[2016-03-30 14:01:59,502][TRACE][org.elasticsearch.discovery.zen.ping.unicast] [node_t0] [4] failed to connect to {#zen_unicast_9#}{::1}{[::1]:9663}
ConnectTransportException[[][[::1]:9663] connect_timeout[30s]]; nested: ConnectException[Connection refused: /0:0:0:0:0:0:0:1:9663];
	at org.elasticsearch.transport.netty.NettyTransport.connectToChannelsLight(NettyTransport.java:948)
	at org.elasticsearch.transport.netty.NettyTransport.connectToNode(NettyTransport.java:912)
	at org.elasticsearch.transport.netty.NettyTransport.connectToNodeLight(NettyTransport.java:884)
	at org.elasticsearch.test.transport.MockTransportService$LookupTestTransport.connectToNodeLight(MockTransportService.java:412)
	at org.elasticsearch.transport.TransportService.connectToNodeLight(TransportService.java:250)
	at org.elasticsearch.discovery.zen.ping.unicast.UnicastZenPing$3.run(UnicastZenPing.java:395)
	at java.util.concurrent.ThreadPoolExecutor.runWorker(ThreadPoolExecutor.java:1142)
	at java.util.concurrent.ThreadPoolExecutor$Worker.run(ThreadPoolExecutor.java:617)
	at java.lang.Thread.run(Thread.java:745)
Caused by: java.net.ConnectException: Connection refused: /0:0:0:0:0:0:0:1:9663
	at sun.nio.ch.SocketChannelImpl.checkConnect(Native Method)
	at sun.nio.ch.SocketChannelImpl.finishConnect(SocketChannelImpl.java:717)
	at org.jboss.netty.channel.socket.nio.NioClientBoss.connect(NioClientBoss.java:152)
	at org.jboss.netty.channel.socket.nio.NioClientBoss.processSelectedKeys(NioClientBoss.java:105)
	at org.jboss.netty.channel.socket.nio.NioClientBoss.process(NioClientBoss.java:79)
	at org.jboss.netty.channel.socket.nio.AbstractNioSelector.run(AbstractNioSelector.java:337)
	at org.jboss.netty.channel.socket.nio.NioClientBoss.run(NioClientBoss.java:42)
	at org.jboss.netty.util.ThreadRenamingRunnable.run(ThreadRenamingRunnable.java:108)
	at org.jboss.netty.util.internal.DeadLockProofWorker$1.run(DeadLockProofWorker.java:42)
	... 3 more
[2016-03-30 14:01:59,501][TRACE][org.elasticsearch.discovery.zen.ping.unicast] [node_t0] [4] failed to connect to {#zen_unicast_4#}{127.0.0.1}{127.0.0.1:9663}
ConnectTransportException[[][127.0.0.1:9663] connect_timeout[30s]]; nested: ConnectException[Connection refused: /127.0.0.1:9663];
	at org.elasticsearch.transport.netty.NettyTransport.connectToChannelsLight(NettyTransport.java:948)
	at org.elasticsearch.transport.netty.NettyTransport.connectToNode(NettyTransport.java:912)
	at org.elasticsearch.transport.netty.NettyTransport.connectToNodeLight(NettyTransport.java:884)
	at org.elasticsearch.test.transport.MockTransportService$LookupTestTransport.connectToNodeLight(MockTransportService.java:412)
	at org.elasticsearch.transport.TransportService.connectToNodeLight(TransportService.java:250)
	at org.elasticsearch.discovery.zen.ping.unicast.UnicastZenPing$3.run(UnicastZenPing.java:395)
	at java.util.concurrent.ThreadPoolExecutor.runWorker(ThreadPoolExecutor.java:1142)
	at java.util.concurrent.ThreadPoolExecutor$Worker.run(ThreadPoolExecutor.java:617)
	at java.lang.Thread.run(Thread.java:745)
Caused by: java.net.ConnectException: Connection refused: /127.0.0.1:9663
	at sun.nio.ch.SocketChannelImpl.checkConnect(Native Method)
	at sun.nio.ch.SocketChannelImpl.finishConnect(SocketChannelImpl.java:717)
	at org.jboss.netty.channel.socket.nio.NioClientBoss.connect(NioClientBoss.java:152)
	at org.jboss.netty.channel.socket.nio.NioClientBoss.processSelectedKeys(NioClientBoss.java:105)
	at org.jboss.netty.channel.socket.nio.NioClientBoss.process(NioClientBoss.java:79)
	at org.jboss.netty.channel.socket.nio.AbstractNioSelector.run(AbstractNioSelector.java:337)
	at org.jboss.netty.channel.socket.nio.NioClientBoss.run(NioClientBoss.java:42)
	at org.jboss.netty.util.ThreadRenamingRunnable.run(ThreadRenamingRunnable.java:108)
	at org.jboss.netty.util.internal.DeadLockProofWorker$1.run(DeadLockProofWorker.java:42)
	... 3 more
[2016-03-30 14:01:59,501][TRACE][org.elasticsearch.discovery.zen.ping.unicast] [node_t0] [4] failed to connect to {#zen_unicast_5#}{127.0.0.1}{127.0.0.1:9664}
ConnectTransportException[[][127.0.0.1:9664] connect_timeout[30s]]; nested: ConnectException[Connection refused: /127.0.0.1:9664];
	at org.elasticsearch.transport.netty.NettyTransport.connectToChannelsLight(NettyTransport.java:948)
	at org.elasticsearch.transport.netty.NettyTransport.connectToNode(NettyTransport.java:912)
	at org.elasticsearch.transport.netty.NettyTransport.connectToNodeLight(NettyTransport.java:884)
	at org.elasticsearch.test.transport.MockTransportService$LookupTestTransport.connectToNodeLight(MockTransportService.java:412)
	at org.elasticsearch.transport.TransportService.connectToNodeLight(TransportService.java:250)
	at org.elasticsearch.discovery.zen.ping.unicast.UnicastZenPing$3.run(UnicastZenPing.java:395)
	at java.util.concurrent.ThreadPoolExecutor.runWorker(ThreadPoolExecutor.java:1142)
	at java.util.concurrent.ThreadPoolExecutor$Worker.run(ThreadPoolExecutor.java:617)
	at java.lang.Thread.run(Thread.java:745)
Caused by: java.net.ConnectException: Connection refused: /127.0.0.1:9664
	at sun.nio.ch.SocketChannelImpl.checkConnect(Native Method)
	at sun.nio.ch.SocketChannelImpl.finishConnect(SocketChannelImpl.java:717)
	at org.jboss.netty.channel.socket.nio.NioClientBoss.connect(NioClientBoss.java:152)
	at org.jboss.netty.channel.socket.nio.NioClientBoss.processSelectedKeys(NioClientBoss.java:105)
	at org.jboss.netty.channel.socket.nio.NioClientBoss.process(NioClientBoss.java:79)
	at org.jboss.netty.channel.socket.nio.AbstractNioSelector.run(AbstractNioSelector.java:337)
	at org.jboss.netty.channel.socket.nio.NioClientBoss.run(NioClientBoss.java:42)
	at org.jboss.netty.util.ThreadRenamingRunnable.run(ThreadRenamingRunnable.java:108)
	at org.jboss.netty.util.internal.DeadLockProofWorker$1.run(DeadLockProofWorker.java:42)
	... 3 more
[2016-03-30 14:01:59,501][TRACE][org.elasticsearch.discovery.zen.ping.unicast] [node_t0] [4] received response from {#zen_unicast_2#}{127.0.0.1}{127.0.0.1:9661}: [ping_response{node [{node_t1}{lk7U_niVSKyTWpmVoV3sIA}{127.0.0.1}{127.0.0.1:9661}[mode=>network]], id[804], master [null], hasJoinedOnce [false], cluster_name[TEST-CHILD_VM=[2]-CLUSTER_SEED=[2858301384796425155]-HASH=[462C14F99751D]-cluster]}, ping_response{node [{node_t1}{lk7U_niVSKyTWpmVoV3sIA}{127.0.0.1}{127.0.0.1:9661}[mode=>network]], id[804], master [null], hasJoinedOnce [false], cluster_name[TEST-CHILD_VM=[2]-CLUSTER_SEED=[2858301384796425155]-HASH=[462C14F99751D]-cluster]}, ping_response{node [{node_t1}{lk7U_niVSKyTWpmVoV3sIA}{127.0.0.1}{127.0.0.1:9661}[mode=>network]], id[804], master [null], hasJoinedOnce [false], cluster_name[TEST-CHILD_VM=[2]-CLUSTER_SEED=[2858301384796425155]-HASH=[462C14F99751D]-cluster]}, ping_response{node [{node_t0}{5WFoynj2SUGDMEZmKbHSCQ}{127.0.0.1}{127.0.0.1:9660}[mode=>network]], id[810], master [null], hasJoinedOnce [false], cluster_name[TEST-CHILD_VM=[2]-CLUSTER_SEED=[2858301384796425155]-HASH=[462C14F99751D]-cluster]}, ping_response{node [{node_t0}{5WFoynj2SUGDMEZmKbHSCQ}{127.0.0.1}{127.0.0.1:9660}[mode=>network]], id[810], master [null], hasJoinedOnce [false], cluster_name[TEST-CHILD_VM=[2]-CLUSTER_SEED=[2858301384796425155]-HASH=[462C14F99751D]-cluster]}, ping_response{node [{node_t0}{5WFoynj2SUGDMEZmKbHSCQ}{127.0.0.1}{127.0.0.1:9660}[mode=>network]], id[810], master [null], hasJoinedOnce [false], cluster_name[TEST-CHILD_VM=[2]-CLUSTER_SEED=[2858301384796425155]-HASH=[462C14F99751D]-cluster]}, ping_response{node [{node_t1}{lk7U_niVSKyTWpmVoV3sIA}{127.0.0.1}{127.0.0.1:9661}[mode=>network]], id[817], master [null], hasJoinedOnce [false], cluster_name[TEST-CHILD_VM=[2]-CLUSTER_SEED=[2858301384796425155]-HASH=[462C14F99751D]-cluster]}, ping_response{node [{node_t1}{lk7U_niVSKyTWpmVoV3sIA}{127.0.0.1}{127.0.0.1:9661}[mode=>network]], id[817], master [null], hasJoinedOnce [false], cluster_name[TEST-CHILD_VM=[2]-CLUSTER_SEED=[2858301384796425155]-HASH=[462C14F99751D]-cluster]}, ping_response{node [{node_t1}{lk7U_niVSKyTWpmVoV3sIA}{127.0.0.1}{127.0.0.1:9661}[mode=>network]], id[817], master [null], hasJoinedOnce [false], cluster_name[TEST-CHILD_VM=[2]-CLUSTER_SEED=[2858301384796425155]-HASH=[462C14F99751D]-cluster]}, ping_response{node [{node_t0}{5WFoynj2SUGDMEZmKbHSCQ}{127.0.0.1}{127.0.0.1:9660}[mode=>network]], id[824], master [null], hasJoinedOnce [false], cluster_name[TEST-CHILD_VM=[2]-CLUSTER_SEED=[2858301384796425155]-HASH=[462C14F99751D]-cluster]}, ping_response{node [{node_t1}{lk7U_niVSKyTWpmVoV3sIA}{127.0.0.1}{127.0.0.1:9661}[mode=>network]], id[826], master [null], hasJoinedOnce [false], cluster_name[TEST-CHILD_VM=[2]-CLUSTER_SEED=[2858301384796425155]-HASH=[462C14F99751D]-cluster]}]
[2016-03-30 14:01:59,502][TRACE][org.elasticsearch.discovery.zen.ping.unicast] [node_t0] [4] failed to connect to {#zen_unicast_8#}{::1}{[::1]:9662}
ConnectTransportException[[][[::1]:9662] connect_timeout[30s]]; nested: ConnectException[Connection refused: /0:0:0:0:0:0:0:1:9662];
	at org.elasticsearch.transport.netty.NettyTransport.connectToChannelsLight(NettyTransport.java:948)
	at org.elasticsearch.transport.netty.NettyTransport.connectToNode(NettyTransport.java:912)
	at org.elasticsearch.transport.netty.NettyTransport.connectToNodeLight(NettyTransport.java:884)
	at org.elasticsearch.test.transport.MockTransportService$LookupTestTransport.connectToNodeLight(MockTransportService.java:412)
	at org.elasticsearch.transport.TransportService.connectToNodeLight(TransportService.java:250)
	at org.elasticsearch.discovery.zen.ping.unicast.UnicastZenPing$3.run(UnicastZenPing.java:395)
	at java.util.concurrent.ThreadPoolExecutor.runWorker(ThreadPoolExecutor.java:1142)
	at java.util.concurrent.ThreadPoolExecutor$Worker.run(ThreadPoolExecutor.java:617)
	at java.lang.Thread.run(Thread.java:745)
Caused by: java.net.ConnectException: Connection refused: /0:0:0:0:0:0:0:1:9662
	at sun.nio.ch.SocketChannelImpl.checkConnect(Native Method)
	at sun.nio.ch.SocketChannelImpl.finishConnect(SocketChannelImpl.java:717)
	at org.jboss.netty.channel.socket.nio.NioClientBoss.connect(NioClientBoss.java:152)
	at org.jboss.netty.channel.socket.nio.NioClientBoss.processSelectedKeys(NioClientBoss.java:105)
	at org.jboss.netty.channel.socket.nio.NioClientBoss.process(NioClientBoss.java:79)
	at org.jboss.netty.channel.socket.nio.AbstractNioSelector.run(AbstractNioSelector.java:337)
	at org.jboss.netty.channel.socket.nio.NioClientBoss.run(NioClientBoss.java:42)
	at org.jboss.netty.util.ThreadRenamingRunnable.run(ThreadRenamingRunnable.java:108)
	at org.jboss.netty.util.internal.DeadLockProofWorker$1.run(DeadLockProofWorker.java:42)
	... 3 more
[2016-03-30 14:01:59,502][TRACE][org.elasticsearch.discovery.zen.ping.unicast] [node_t0] [4] failed to connect to {#zen_unicast_10#}{::1}{[::1]:9664}
ConnectTransportException[[][[::1]:9664] connect_timeout[30s]]; nested: ConnectException[Connection refused: /0:0:0:0:0:0:0:1:9664];
	at org.elasticsearch.transport.netty.NettyTransport.connectToChannelsLight(NettyTransport.java:948)
	at org.elasticsearch.transport.netty.NettyTransport.connectToNode(NettyTransport.java:912)
	at org.elasticsearch.transport.netty.NettyTransport.connectToNodeLight(NettyTransport.java:884)
	at org.elasticsearch.test.transport.MockTransportService$LookupTestTransport.connectToNodeLight(MockTransportService.java:412)
	at org.elasticsearch.transport.TransportService.connectToNodeLight(TransportService.java:250)
	at org.elasticsearch.discovery.zen.ping.unicast.UnicastZenPing$3.run(UnicastZenPing.java:395)
	at java.util.concurrent.ThreadPoolExecutor.runWorker(ThreadPoolExecutor.java:1142)
	at java.util.concurrent.ThreadPoolExecutor$Worker.run(ThreadPoolExecutor.java:617)
	at java.lang.Thread.run(Thread.java:745)
Caused by: java.net.ConnectException: Connection refused: /0:0:0:0:0:0:0:1:9664
	at sun.nio.ch.SocketChannelImpl.checkConnect(Native Method)
	at sun.nio.ch.SocketChannelImpl.finishConnect(SocketChannelImpl.java:717)
	at org.jboss.netty.channel.socket.nio.NioClientBoss.connect(NioClientBoss.java:152)
	at org.jboss.netty.channel.socket.nio.NioClientBoss.processSelectedKeys(NioClientBoss.java:105)
	at org.jboss.netty.channel.socket.nio.NioClientBoss.process(NioClientBoss.java:79)
	at org.jboss.netty.channel.socket.nio.AbstractNioSelector.run(AbstractNioSelector.java:337)
	at org.jboss.netty.channel.socket.nio.NioClientBoss.run(NioClientBoss.java:42)
	at org.jboss.netty.util.ThreadRenamingRunnable.run(ThreadRenamingRunnable.java:108)
	at org.jboss.netty.util.internal.DeadLockProofWorker$1.run(DeadLockProofWorker.java:42)
	... 3 more
[2016-03-30 14:01:59,502][TRACE][org.elasticsearch.discovery.zen.ping.unicast] [node_t0] [4] failed to connect to {#zen_unicast_3#}{127.0.0.1}{127.0.0.1:9662}
ConnectTransportException[[][127.0.0.1:9662] connect_timeout[30s]]; nested: ConnectException[Connection refused: /127.0.0.1:9662];
	at org.elasticsearch.transport.netty.NettyTransport.connectToChannelsLight(NettyTransport.java:948)
	at org.elasticsearch.transport.netty.NettyTransport.connectToNode(NettyTransport.java:912)
	at org.elasticsearch.transport.netty.NettyTransport.connectToNodeLight(NettyTransport.java:884)
	at org.elasticsearch.test.transport.MockTransportService$LookupTestTransport.connectToNodeLight(MockTransportService.java:412)
	at org.elasticsearch.transport.TransportService.connectToNodeLight(TransportService.java:250)
	at org.elasticsearch.discovery.zen.ping.unicast.UnicastZenPing$3.run(UnicastZenPing.java:395)
	at java.util.concurrent.ThreadPoolExecutor.runWorker(ThreadPoolExecutor.java:1142)
	at java.util.concurrent.ThreadPoolExecutor$Worker.run(ThreadPoolExecutor.java:617)
	at java.lang.Thread.run(Thread.java:745)
Caused by: java.net.ConnectException: Connection refused: /127.0.0.1:9662
	at sun.nio.ch.SocketChannelImpl.checkConnect(Native Method)
	at sun.nio.ch.SocketChannelImpl.finishConnect(SocketChannelImpl.java:717)
	at org.jboss.netty.channel.socket.nio.NioClientBoss.connect(NioClientBoss.java:152)
	at org.jboss.netty.channel.socket.nio.NioClientBoss.processSelectedKeys(NioClientBoss.java:105)
	at org.jboss.netty.channel.socket.nio.NioClientBoss.process(NioClientBoss.java:79)
	at org.jboss.netty.channel.socket.nio.AbstractNioSelector.run(AbstractNioSelector.java:337)
	at org.jboss.netty.channel.socket.nio.NioClientBoss.run(NioClientBoss.java:42)
	at org.jboss.netty.util.ThreadRenamingRunnable.run(ThreadRenamingRunnable.java:108)
	at org.jboss.netty.util.internal.DeadLockProofWorker$1.run(DeadLockProofWorker.java:42)
	... 3 more
[2016-03-30 14:01:59,502][TRACE][org.elasticsearch.discovery.zen.ping.unicast] [node_t0] replacing {node_t1}{lk7U_niVSKyTWpmVoV3sIA}{127.0.0.1}{127.0.0.1:9661}[mode=>network] with temp node {#zen_unicast_12_lk7U_niVSKyTWpmVoV3sIA#}{127.0.0.1}{127.0.0.1:9661}[mode=>network]
[2016-03-30 14:01:59,504][TRACE][org.elasticsearch.discovery.zen.ping.unicast] [node_t0] [4] received response from {#zen_unicast_7#}{::1}{[::1]:9661}: [ping_response{node [{node_t1}{lk7U_niVSKyTWpmVoV3sIA}{127.0.0.1}{127.0.0.1:9661}[mode=>network]], id[804], master [null], hasJoinedOnce [false], cluster_name[TEST-CHILD_VM=[2]-CLUSTER_SEED=[2858301384796425155]-HASH=[462C14F99751D]-cluster]}, ping_response{node [{node_t1}{lk7U_niVSKyTWpmVoV3sIA}{127.0.0.1}{127.0.0.1:9661}[mode=>network]], id[804], master [null], hasJoinedOnce [false], cluster_name[TEST-CHILD_VM=[2]-CLUSTER_SEED=[2858301384796425155]-HASH=[462C14F99751D]-cluster]}, ping_response{node [{node_t1}{lk7U_niVSKyTWpmVoV3sIA}{127.0.0.1}{127.0.0.1:9661}[mode=>network]], id[804], master [null], hasJoinedOnce [false], cluster_name[TEST-CHILD_VM=[2]-CLUSTER_SEED=[2858301384796425155]-HASH=[462C14F99751D]-cluster]}, ping_response{node [{node_t0}{5WFoynj2SUGDMEZmKbHSCQ}{127.0.0.1}{127.0.0.1:9660}[mode=>network]], id[810], master [null], hasJoinedOnce [false], cluster_name[TEST-CHILD_VM=[2]-CLUSTER_SEED=[2858301384796425155]-HASH=[462C14F99751D]-cluster]}, ping_response{node [{node_t0}{5WFoynj2SUGDMEZmKbHSCQ}{127.0.0.1}{127.0.0.1:9660}[mode=>network]], id[810], master [null], hasJoinedOnce [false], cluster_name[TEST-CHILD_VM=[2]-CLUSTER_SEED=[2858301384796425155]-HASH=[462C14F99751D]-cluster]}, ping_response{node [{node_t0}{5WFoynj2SUGDMEZmKbHSCQ}{127.0.0.1}{127.0.0.1:9660}[mode=>network]], id[810], master [null], hasJoinedOnce [false], cluster_name[TEST-CHILD_VM=[2]-CLUSTER_SEED=[2858301384796425155]-HASH=[462C14F99751D]-cluster]}, ping_response{node [{node_t1}{lk7U_niVSKyTWpmVoV3sIA}{127.0.0.1}{127.0.0.1:9661}[mode=>network]], id[817], master [null], hasJoinedOnce [false], cluster_name[TEST-CHILD_VM=[2]-CLUSTER_SEED=[2858301384796425155]-HASH=[462C14F99751D]-cluster]}, ping_response{node [{node_t1}{lk7U_niVSKyTWpmVoV3sIA}{127.0.0.1}{127.0.0.1:9661}[mode=>network]], id[817], master [null], hasJoinedOnce [false], cluster_name[TEST-CHILD_VM=[2]-CLUSTER_SEED=[2858301384796425155]-HASH=[462C14F99751D]-cluster]}, ping_response{node [{node_t1}{lk7U_niVSKyTWpmVoV3sIA}{127.0.0.1}{127.0.0.1:9661}[mode=>network]], id[817], master [null], hasJoinedOnce [false], cluster_name[TEST-CHILD_VM=[2]-CLUSTER_SEED=[2858301384796425155]-HASH=[462C14F99751D]-cluster]}, ping_response{node [{node_t0}{5WFoynj2SUGDMEZmKbHSCQ}{127.0.0.1}{127.0.0.1:9660}[mode=>network]], id[824], master [null], hasJoinedOnce [false], cluster_name[TEST-CHILD_VM=[2]-CLUSTER_SEED=[2858301384796425155]-HASH=[462C14F99751D]-cluster]}, ping_response{node [{node_t0}{5WFoynj2SUGDMEZmKbHSCQ}{127.0.0.1}{127.0.0.1:9660}[mode=>network]], id[824], master [null], hasJoinedOnce [false], cluster_name[TEST-CHILD_VM=[2]-CLUSTER_SEED=[2858301384796425155]-HASH=[462C14F99751D]-cluster]}, ping_response{node [{node_t1}{lk7U_niVSKyTWpmVoV3sIA}{127.0.0.1}{127.0.0.1:9661}[mode=>network]], id[829], master [null], hasJoinedOnce [false], cluster_name[TEST-CHILD_VM=[2]-CLUSTER_SEED=[2858301384796425155]-HASH=[462C14F99751D]-cluster]}]
[2016-03-30 14:01:59,505][TRACE][org.elasticsearch.discovery.zen.ping.unicast] [node_t0] [4] connecting (light) to {#zen_unicast_12_lk7U_niVSKyTWpmVoV3sIA#}{127.0.0.1}{127.0.0.1:9661}[mode=>network]
[2016-03-30 14:01:59,505][TRACE][org.elasticsearch.discovery.zen.ping.unicast] [node_t0] [4] received response from {#zen_unicast_6#}{::1}{[::1]:9660}: [ping_response{node [{node_t0}{5WFoynj2SUGDMEZmKbHSCQ}{127.0.0.1}{127.0.0.1:9660}[mode=>network]], id[792], master [null], hasJoinedOnce [false], cluster_name[TEST-CHILD_VM=[2]-CLUSTER_SEED=[2858301384796425155]-HASH=[462C14F99751D]-cluster]}, ping_response{node [{node_t0}{5WFoynj2SUGDMEZmKbHSCQ}{127.0.0.1}{127.0.0.1:9660}[mode=>network]], id[792], master [null], hasJoinedOnce [false], cluster_name[TEST-CHILD_VM=[2]-CLUSTER_SEED=[2858301384796425155]-HASH=[462C14F99751D]-cluster]}, ping_response{node [{node_t0}{5WFoynj2SUGDMEZmKbHSCQ}{127.0.0.1}{127.0.0.1:9660}[mode=>network]], id[792], master [null], hasJoinedOnce [false], cluster_name[TEST-CHILD_VM=[2]-CLUSTER_SEED=[2858301384796425155]-HASH=[462C14F99751D]-cluster]}, ping_response{node [{node_t0}{5WFoynj2SUGDMEZmKbHSCQ}{127.0.0.1}{127.0.0.1:9660}[mode=>network]], id[796], master [null], hasJoinedOnce [false], cluster_name[TEST-CHILD_VM=[2]-CLUSTER_SEED=[2858301384796425155]-HASH=[462C14F99751D]-cluster]}, ping_response{node [{node_t0}{5WFoynj2SUGDMEZmKbHSCQ}{127.0.0.1}{127.0.0.1:9660}[mode=>network]], id[796], master [null], hasJoinedOnce [false], cluster_name[TEST-CHILD_VM=[2]-CLUSTER_SEED=[2858301384796425155]-HASH=[462C14F99751D]-cluster]}, ping_response{node [{node_t0}{5WFoynj2SUGDMEZmKbHSCQ}{127.0.0.1}{127.0.0.1:9660}[mode=>network]], id[796], master [null], hasJoinedOnce [false], cluster_name[TEST-CHILD_VM=[2]-CLUSTER_SEED=[2858301384796425155]-HASH=[462C14F99751D]-cluster]}, ping_response{node [{node_t0}{5WFoynj2SUGDMEZmKbHSCQ}{127.0.0.1}{127.0.0.1:9660}[mode=>network]], id[800], master [null], hasJoinedOnce [false], cluster_name[TEST-CHILD_VM=[2]-CLUSTER_SEED=[2858301384796425155]-HASH=[462C14F99751D]-cluster]}, ping_response{node [{node_t0}{5WFoynj2SUGDMEZmKbHSCQ}{127.0.0.1}{127.0.0.1:9660}[mode=>network]], id[800], master [null], hasJoinedOnce [false], cluster_name[TEST-CHILD_VM=[2]-CLUSTER_SEED=[2858301384796425155]-HASH=[462C14F99751D]-cluster]}, ping_response{node [{node_t0}{5WFoynj2SUGDMEZmKbHSCQ}{127.0.0.1}{127.0.0.1:9660}[mode=>network]], id[800], master [null], hasJoinedOnce [false], cluster_name[TEST-CHILD_VM=[2]-CLUSTER_SEED=[2858301384796425155]-HASH=[462C14F99751D]-cluster]}, ping_response{node [{node_t1}{lk7U_niVSKyTWpmVoV3sIA}{127.0.0.1}{127.0.0.1:9661}[mode=>network]], id[804], master [null], hasJoinedOnce [false], cluster_name[TEST-CHILD_VM=[2]-CLUSTER_SEED=[2858301384796425155]-HASH=[462C14F99751D]-cluster]}, ping_response{node [{node_t1}{lk7U_niVSKyTWpmVoV3sIA}{127.0.0.1}{127.0.0.1:9661}[mode=>network]], id[804], master [null], hasJoinedOnce [false], cluster_name[TEST-CHILD_VM=[2]-CLUSTER_SEED=[2858301384796425155]-HASH=[462C14F99751D]-cluster]}, ping_response{node [{node_t0}{5WFoynj2SUGDMEZmKbHSCQ}{127.0.0.1}{127.0.0.1:9660}[mode=>network]], id[810], master [null], hasJoinedOnce [false], cluster_name[TEST-CHILD_VM=[2]-CLUSTER_SEED=[2858301384796425155]-HASH=[462C14F99751D]-cluster]}, ping_response{node [{node_t0}{5WFoynj2SUGDMEZmKbHSCQ}{127.0.0.1}{127.0.0.1:9660}[mode=>network]], id[810], master [null], hasJoinedOnce [false], cluster_name[TEST-CHILD_VM=[2]-CLUSTER_SEED=[2858301384796425155]-HASH=[462C14F99751D]-cluster]}, ping_response{node [{node_t0}{5WFoynj2SUGDMEZmKbHSCQ}{127.0.0.1}{127.0.0.1:9660}[mode=>network]], id[810], master [null], hasJoinedOnce [false], cluster_name[TEST-CHILD_VM=[2]-CLUSTER_SEED=[2858301384796425155]-HASH=[462C14F99751D]-cluster]}, ping_response{node [{node_t1}{lk7U_niVSKyTWpmVoV3sIA}{127.0.0.1}{127.0.0.1:9661}[mode=>network]], id[817], master [null], hasJoinedOnce [false], cluster_name[TEST-CHILD_VM=[2]-CLUSTER_SEED=[2858301384796425155]-HASH=[462C14F99751D]-cluster]}, ping_response{node [{node_t1}{lk7U_niVSKyTWpmVoV3sIA}{127.0.0.1}{127.0.0.1:9661}[mode=>network]], id[817], master [null], hasJoinedOnce [false], cluster_name[TEST-CHILD_VM=[2]-CLUSTER_SEED=[2858301384796425155]-HASH=[462C14F99751D]-cluster]}, ping_response{node [{node_t1}{lk7U_niVSKyTWpmVoV3sIA}{127.0.0.1}{127.0.0.1:9661}[mode=>network]], id[817], master [null], hasJoinedOnce [false], cluster_name[TEST-CHILD_VM=[2]-CLUSTER_SEED=[2858301384796425155]-HASH=[462C14F99751D]-cluster]}, ping_response{node [{node_t0}{5WFoynj2SUGDMEZmKbHSCQ}{127.0.0.1}{127.0.0.1:9660}[mode=>network]], id[824], master [null], hasJoinedOnce [false], cluster_name[TEST-CHILD_VM=[2]-CLUSTER_SEED=[2858301384796425155]-HASH=[462C14F99751D]-cluster]}, ping_response{node [{node_t0}{5WFoynj2SUGDMEZmKbHSCQ}{127.0.0.1}{127.0.0.1:9660}[mode=>network]], id[824], master [null], hasJoinedOnce [false], cluster_name[TEST-CHILD_VM=[2]-CLUSTER_SEED=[2858301384796425155]-HASH=[462C14F99751D]-cluster]}, ping_response{node [{node_t0}{5WFoynj2SUGDMEZmKbHSCQ}{127.0.0.1}{127.0.0.1:9660}[mode=>network]], id[827], master [null], hasJoinedOnce [false], cluster_name[TEST-CHILD_VM=[2]-CLUSTER_SEED=[2858301384796425155]-HASH=[462C14F99751D]-cluster]}]
[2016-03-30 14:01:59,506][TRACE][org.elasticsearch.discovery.zen.ping.unicast] [node_t0] [4] connected to {node_t1}{lk7U_niVSKyTWpmVoV3sIA}{127.0.0.1}{127.0.0.1:9661}[mode=>network]
[2016-03-30 14:01:59,506][TRACE][org.elasticsearch.discovery.zen.ping.unicast] [node_t0] [4] sending to {#zen_unicast_12_lk7U_niVSKyTWpmVoV3sIA#}{127.0.0.1}{127.0.0.1:9661}[mode=>network]
[2016-03-30 14:01:59,507][TRACE][org.elasticsearch.discovery.zen.ping.unicast] [node_t0] [4] received response from {#zen_unicast_12_lk7U_niVSKyTWpmVoV3sIA#}{127.0.0.1}{127.0.0.1:9661}[mode=>network]: [ping_response{node [{node_t1}{lk7U_niVSKyTWpmVoV3sIA}{127.0.0.1}{127.0.0.1:9661}[mode=>network]], id[804], master [null], hasJoinedOnce [false], cluster_name[TEST-CHILD_VM=[2]-CLUSTER_SEED=[2858301384796425155]-HASH=[462C14F99751D]-cluster]}, ping_response{node [{node_t1}{lk7U_niVSKyTWpmVoV3sIA}{127.0.0.1}{127.0.0.1:9661}[mode=>network]], id[804], master [null], hasJoinedOnce [false], cluster_name[TEST-CHILD_VM=[2]-CLUSTER_SEED=[2858301384796425155]-HASH=[462C14F99751D]-cluster]}, ping_response{node [{node_t1}{lk7U_niVSKyTWpmVoV3sIA}{127.0.0.1}{127.0.0.1:9661}[mode=>network]], id[804], master [null], hasJoinedOnce [false], cluster_name[TEST-CHILD_VM=[2]-CLUSTER_SEED=[2858301384796425155]-HASH=[462C14F99751D]-cluster]}, ping_response{node [{node_t0}{5WFoynj2SUGDMEZmKbHSCQ}{127.0.0.1}{127.0.0.1:9660}[mode=>network]], id[810], master [null], hasJoinedOnce [false], cluster_name[TEST-CHILD_VM=[2]-CLUSTER_SEED=[2858301384796425155]-HASH=[462C14F99751D]-cluster]}, ping_response{node [{node_t0}{5WFoynj2SUGDMEZmKbHSCQ}{127.0.0.1}{127.0.0.1:9660}[mode=>network]], id[810], master [null], hasJoinedOnce [false], cluster_name[TEST-CHILD_VM=[2]-CLUSTER_SEED=[2858301384796425155]-HASH=[462C14F99751D]-cluster]}, ping_response{node [{node_t0}{5WFoynj2SUGDMEZmKbHSCQ}{127.0.0.1}{127.0.0.1:9660}[mode=>network]], id[810], master [null], hasJoinedOnce [false], cluster_name[TEST-CHILD_VM=[2]-CLUSTER_SEED=[2858301384796425155]-HASH=[462C14F99751D]-cluster]}, ping_response{node [{node_t1}{lk7U_niVSKyTWpmVoV3sIA}{127.0.0.1}{127.0.0.1:9661}[mode=>network]], id[817], master [null], hasJoinedOnce [false], cluster_name[TEST-CHILD_VM=[2]-CLUSTER_SEED=[2858301384796425155]-HASH=[462C14F99751D]-cluster]}, ping_response{node [{node_t1}{lk7U_niVSKyTWpmVoV3sIA}{127.0.0.1}{127.0.0.1:9661}[mode=>network]], id[817], master [null], hasJoinedOnce [false], cluster_name[TEST-CHILD_VM=[2]-CLUSTER_SEED=[2858301384796425155]-HASH=[462C14F99751D]-cluster]}, ping_response{node [{node_t1}{lk7U_niVSKyTWpmVoV3sIA}{127.0.0.1}{127.0.0.1:9661}[mode=>network]], id[817], master [null], hasJoinedOnce [false], cluster_name[TEST-CHILD_VM=[2]-CLUSTER_SEED=[2858301384796425155]-HASH=[462C14F99751D]-cluster]}, ping_response{node [{node_t0}{5WFoynj2SUGDMEZmKbHSCQ}{127.0.0.1}{127.0.0.1:9660}[mode=>network]], id[824], master [null], hasJoinedOnce [false], cluster_name[TEST-CHILD_VM=[2]-CLUSTER_SEED=[2858301384796425155]-HASH=[462C14F99751D]-cluster]}, ping_response{node [{node_t0}{5WFoynj2SUGDMEZmKbHSCQ}{127.0.0.1}{127.0.0.1:9660}[mode=>network]], id[824], master [null], hasJoinedOnce [false], cluster_name[TEST-CHILD_VM=[2]-CLUSTER_SEED=[2858301384796425155]-HASH=[462C14F99751D]-cluster]}, ping_response{node [{node_t0}{5WFoynj2SUGDMEZmKbHSCQ}{127.0.0.1}{127.0.0.1:9660}[mode=>network]], id[824], master [null], hasJoinedOnce [false], cluster_name[TEST-CHILD_VM=[2]-CLUSTER_SEED=[2858301384796425155]-HASH=[462C14F99751D]-cluster]}, ping_response{node [{node_t1}{lk7U_niVSKyTWpmVoV3sIA}{127.0.0.1}{127.0.0.1:9661}[mode=>network]], id[830], master [null], hasJoinedOnce [false], cluster_name[TEST-CHILD_VM=[2]-CLUSTER_SEED=[2858301384796425155]-HASH=[462C14F99751D]-cluster]}]
[2016-03-30 14:01:59,508][TRACE][org.elasticsearch.discovery.zen.ping.unicast] [node_t0] [4] disconnecting from {#zen_unicast_2#}{127.0.0.1}{127.0.0.1:9661}
[2016-03-30 14:01:59,508][TRACE][org.elasticsearch.discovery.zen] [node_t0] full ping responses:
	--> ping_response{node [{node_t1}{lk7U_niVSKyTWpmVoV3sIA}{127.0.0.1}{127.0.0.1:9661}[mode=>network]], id[830], master [null], hasJoinedOnce [false], cluster_name[TEST-CHILD_VM=[2]-CLUSTER_SEED=[2858301384796425155]-HASH=[462C14F99751D]-cluster]}
[2016-03-30 14:01:59,508][DEBUG][org.elasticsearch.discovery.zen] [node_t0] filtered ping responses: (filter_client[true], filter_data[false])
	--> ping_response{node [{node_t1}{lk7U_niVSKyTWpmVoV3sIA}{127.0.0.1}{127.0.0.1:9661}[mode=>network]], id[830], master [null], hasJoinedOnce [false], cluster_name[TEST-CHILD_VM=[2]-CLUSTER_SEED=[2858301384796425155]-HASH=[462C14F99751D]-cluster]}
[2016-03-30 14:01:59,508][TRACE][org.elasticsearch.discovery.zen.ping.unicast] [node_t0] [4] disconnecting from {#zen_unicast_12_lk7U_niVSKyTWpmVoV3sIA#}{127.0.0.1}{127.0.0.1:9661}[mode=>network]
[2016-03-30 14:01:59,508][DEBUG][org.elasticsearch.discovery.zen] [node_t0] elected as master, waiting for incoming joins ([1] needed)
[2016-03-30 14:01:59,508][TRACE][org.elasticsearch.discovery.zen] [node_t0] not enough joins for election. Got [0], required [1]
[2016-03-30 14:01:59,508][TRACE][org.elasticsearch.discovery.zen.ping.unicast] [node_t0] [4] disconnecting from {#zen_unicast_11_lk7U_niVSKyTWpmVoV3sIA#}{127.0.0.1}{127.0.0.1:9661}[mode=>network]
[2016-03-30 14:01:59,508][TRACE][org.elasticsearch.discovery.zen.ping.unicast] [node_t0] [4] disconnecting from {#zen_unicast_6#}{::1}{[::1]:9660}
[2016-03-30 14:01:59,508][TRACE][org.elasticsearch.discovery.zen.ping.unicast] [node_t0] [4] disconnecting from {#zen_unicast_5#}{127.0.0.1}{127.0.0.1:9664}
[2016-03-30 14:01:59,508][TRACE][org.elasticsearch.discovery.zen.ping.unicast] [node_t0] [4] disconnecting from {#zen_unicast_4#}{127.0.0.1}{127.0.0.1:9663}
[2016-03-30 14:01:59,508][TRACE][org.elasticsearch.discovery.zen.ping.unicast] [node_t0] [4] disconnecting from {#zen_unicast_3#}{127.0.0.1}{127.0.0.1:9662}
[2016-03-30 14:01:59,508][TRACE][org.elasticsearch.discovery.zen.ping.unicast] [node_t0] [4] disconnecting from {#zen_unicast_10#}{::1}{[::1]:9664}
[2016-03-30 14:01:59,509][TRACE][org.elasticsearch.discovery.zen.ping.unicast] [node_t0] [4] disconnecting from {#zen_unicast_9#}{::1}{[::1]:9663}
[2016-03-30 14:01:59,509][TRACE][org.elasticsearch.discovery.zen.ping.unicast] [node_t0] [4] disconnecting from {#zen_unicast_8#}{::1}{[::1]:9662}
[2016-03-30 14:01:59,509][TRACE][org.elasticsearch.discovery.zen.ping.unicast] [node_t0] [4] disconnecting from {#zen_unicast_7#}{::1}{[::1]:9661}
[2016-03-30 14:01:59,549][TRACE][org.elasticsearch.discovery.zen.ping.unicast] [node_t1] [1] sending to {#zen_unicast_1#}{127.0.0.1}{127.0.0.1:9660}
[2016-03-30 14:01:59,549][TRACE][org.elasticsearch.discovery.zen.ping.unicast] [node_t1] [1] sending to {node_t1}{lk7U_niVSKyTWpmVoV3sIA}{127.0.0.1}{127.0.0.1:9661}[mode=>network]
[2016-03-30 14:01:59,550][TRACE][org.elasticsearch.discovery.zen.ping.unicast] [node_t1] [1] received response from {node_t1}{lk7U_niVSKyTWpmVoV3sIA}{127.0.0.1}{127.0.0.1:9661}[mode=>network]: [ping_response{node [{node_t1}{lk7U_niVSKyTWpmVoV3sIA}{127.0.0.1}{127.0.0.1:9661}[mode=>network]], id[804], master [null], hasJoinedOnce [false], cluster_name[TEST-CHILD_VM=[2]-CLUSTER_SEED=[2858301384796425155]-HASH=[462C14F99751D]-cluster]}, ping_response{node [{node_t1}{lk7U_niVSKyTWpmVoV3sIA}{127.0.0.1}{127.0.0.1:9661}[mode=>network]], id[804], master [null], hasJoinedOnce [false], cluster_name[TEST-CHILD_VM=[2]-CLUSTER_SEED=[2858301384796425155]-HASH=[462C14F99751D]-cluster]}, ping_response{node [{node_t1}{lk7U_niVSKyTWpmVoV3sIA}{127.0.0.1}{127.0.0.1:9661}[mode=>network]], id[804], master [null], hasJoinedOnce [false], cluster_name[TEST-CHILD_VM=[2]-CLUSTER_SEED=[2858301384796425155]-HASH=[462C14F99751D]-cluster]}, ping_response{node [{node_t0}{5WFoynj2SUGDMEZmKbHSCQ}{127.0.0.1}{127.0.0.1:9660}[mode=>network]], id[810], master [null], hasJoinedOnce [false], cluster_name[TEST-CHILD_VM=[2]-CLUSTER_SEED=[2858301384796425155]-HASH=[462C14F99751D]-cluster]}, ping_response{node [{node_t0}{5WFoynj2SUGDMEZmKbHSCQ}{127.0.0.1}{127.0.0.1:9660}[mode=>network]], id[810], master [null], hasJoinedOnce [false], cluster_name[TEST-CHILD_VM=[2]-CLUSTER_SEED=[2858301384796425155]-HASH=[462C14F99751D]-cluster]}, ping_response{node [{node_t0}{5WFoynj2SUGDMEZmKbHSCQ}{127.0.0.1}{127.0.0.1:9660}[mode=>network]], id[810], master [null], hasJoinedOnce [false], cluster_name[TEST-CHILD_VM=[2]-CLUSTER_SEED=[2858301384796425155]-HASH=[462C14F99751D]-cluster]}, ping_response{node [{node_t1}{lk7U_niVSKyTWpmVoV3sIA}{127.0.0.1}{127.0.0.1:9661}[mode=>network]], id[817], master [null], hasJoinedOnce [false], cluster_name[TEST-CHILD_VM=[2]-CLUSTER_SEED=[2858301384796425155]-HASH=[462C14F99751D]-cluster]}, ping_response{node [{node_t1}{lk7U_niVSKyTWpmVoV3sIA}{127.0.0.1}{127.0.0.1:9661}[mode=>network]], id[817], master [null], hasJoinedOnce [false], cluster_name[TEST-CHILD_VM=[2]-CLUSTER_SEED=[2858301384796425155]-HASH=[462C14F99751D]-cluster]}, ping_response{node [{node_t1}{lk7U_niVSKyTWpmVoV3sIA}{127.0.0.1}{127.0.0.1:9661}[mode=>network]], id[817], master [null], hasJoinedOnce [false], cluster_name[TEST-CHILD_VM=[2]-CLUSTER_SEED=[2858301384796425155]-HASH=[462C14F99751D]-cluster]}, ping_response{node [{node_t0}{5WFoynj2SUGDMEZmKbHSCQ}{127.0.0.1}{127.0.0.1:9660}[mode=>network]], id[824], master [null], hasJoinedOnce [false], cluster_name[TEST-CHILD_VM=[2]-CLUSTER_SEED=[2858301384796425155]-HASH=[462C14F99751D]-cluster]}, ping_response{node [{node_t0}{5WFoynj2SUGDMEZmKbHSCQ}{127.0.0.1}{127.0.0.1:9660}[mode=>network]], id[824], master [null], hasJoinedOnce [false], cluster_name[TEST-CHILD_VM=[2]-CLUSTER_SEED=[2858301384796425155]-HASH=[462C14F99751D]-cluster]}, ping_response{node [{node_t0}{5WFoynj2SUGDMEZmKbHSCQ}{127.0.0.1}{127.0.0.1:9660}[mode=>network]], id[824], master [null], hasJoinedOnce [false], cluster_name[TEST-CHILD_VM=[2]-CLUSTER_SEED=[2858301384796425155]-HASH=[462C14F99751D]-cluster]}, ping_response{node [{node_t1}{lk7U_niVSKyTWpmVoV3sIA}{127.0.0.1}{127.0.0.1:9661}[mode=>network]], id[831], master [null], hasJoinedOnce [false], cluster_name[TEST-CHILD_VM=[2]-CLUSTER_SEED=[2858301384796425155]-HASH=[462C14F99751D]-cluster]}, ping_response{node [{node_t1}{lk7U_niVSKyTWpmVoV3sIA}{127.0.0.1}{127.0.0.1:9661}[mode=>network]], id[832], master [null], hasJoinedOnce [false], cluster_name[TEST-CHILD_VM=[2]-CLUSTER_SEED=[2858301384796425155]-HASH=[462C14F99751D]-cluster]}]
[2016-03-30 14:01:59,550][TRACE][org.elasticsearch.discovery.zen.ping.unicast] [node_t1] [1] connecting (light) to {#zen_unicast_3#}{127.0.0.1}{127.0.0.1:9662}
[2016-03-30 14:01:59,550][TRACE][org.elasticsearch.discovery.zen.ping.unicast] [node_t1] [1] connecting (light) to {#zen_unicast_5#}{127.0.0.1}{127.0.0.1:9664}
[2016-03-30 14:01:59,550][TRACE][org.elasticsearch.discovery.zen.ping.unicast] [node_t1] [1] sending to {#zen_unicast_6#}{::1}{[::1]:9660}
[2016-03-30 14:01:59,550][TRACE][org.elasticsearch.discovery.zen.ping.unicast] [node_t1] [1] connecting (light) to {#zen_unicast_4#}{127.0.0.1}{127.0.0.1:9663}
[2016-03-30 14:01:59,550][TRACE][org.elasticsearch.discovery.zen.ping.unicast] [node_t1] [1] received response from {#zen_unicast_1#}{127.0.0.1}{127.0.0.1:9660}: [ping_response{node [{node_t0}{5WFoynj2SUGDMEZmKbHSCQ}{127.0.0.1}{127.0.0.1:9660}[mode=>network]], id[792], master [null], hasJoinedOnce [false], cluster_name[TEST-CHILD_VM=[2]-CLUSTER_SEED=[2858301384796425155]-HASH=[462C14F99751D]-cluster]}, ping_response{node [{node_t0}{5WFoynj2SUGDMEZmKbHSCQ}{127.0.0.1}{127.0.0.1:9660}[mode=>network]], id[792], master [null], hasJoinedOnce [false], cluster_name[TEST-CHILD_VM=[2]-CLUSTER_SEED=[2858301384796425155]-HASH=[462C14F99751D]-cluster]}, ping_response{node [{node_t0}{5WFoynj2SUGDMEZmKbHSCQ}{127.0.0.1}{127.0.0.1:9660}[mode=>network]], id[792], master [null], hasJoinedOnce [false], cluster_name[TEST-CHILD_VM=[2]-CLUSTER_SEED=[2858301384796425155]-HASH=[462C14F99751D]-cluster]}, ping_response{node [{node_t0}{5WFoynj2SUGDMEZmKbHSCQ}{127.0.0.1}{127.0.0.1:9660}[mode=>network]], id[796], master [null], hasJoinedOnce [false], cluster_name[TEST-CHILD_VM=[2]-CLUSTER_SEED=[2858301384796425155]-HASH=[462C14F99751D]-cluster]}, ping_response{node [{node_t0}{5WFoynj2SUGDMEZmKbHSCQ}{127.0.0.1}{127.0.0.1:9660}[mode=>network]], id[796], master [null], hasJoinedOnce [false], cluster_name[TEST-CHILD_VM=[2]-CLUSTER_SEED=[2858301384796425155]-HASH=[462C14F99751D]-cluster]}, ping_response{node [{node_t0}{5WFoynj2SUGDMEZmKbHSCQ}{127.0.0.1}{127.0.0.1:9660}[mode=>network]], id[796], master [null], hasJoinedOnce [false], cluster_name[TEST-CHILD_VM=[2]-CLUSTER_SEED=[2858301384796425155]-HASH=[462C14F99751D]-cluster]}, ping_response{node [{node_t0}{5WFoynj2SUGDMEZmKbHSCQ}{127.0.0.1}{127.0.0.1:9660}[mode=>network]], id[800], master [null], hasJoinedOnce [false], cluster_name[TEST-CHILD_VM=[2]-CLUSTER_SEED=[2858301384796425155]-HASH=[462C14F99751D]-cluster]}, ping_response{node [{node_t0}{5WFoynj2SUGDMEZmKbHSCQ}{127.0.0.1}{127.0.0.1:9660}[mode=>network]], id[800], master [null], hasJoinedOnce [false], cluster_name[TEST-CHILD_VM=[2]-CLUSTER_SEED=[2858301384796425155]-HASH=[462C14F99751D]-cluster]}, ping_response{node [{node_t0}{5WFoynj2SUGDMEZmKbHSCQ}{127.0.0.1}{127.0.0.1:9660}[mode=>network]], id[800], master [null], hasJoinedOnce [false], cluster_name[TEST-CHILD_VM=[2]-CLUSTER_SEED=[2858301384796425155]-HASH=[462C14F99751D]-cluster]}, ping_response{node [{node_t1}{lk7U_niVSKyTWpmVoV3sIA}{127.0.0.1}{127.0.0.1:9661}[mode=>network]], id[804], master [null], hasJoinedOnce [false], cluster_name[TEST-CHILD_VM=[2]-CLUSTER_SEED=[2858301384796425155]-HASH=[462C14F99751D]-cluster]}, ping_response{node [{node_t1}{lk7U_niVSKyTWpmVoV3sIA}{127.0.0.1}{127.0.0.1:9661}[mode=>network]], id[804], master [null], hasJoinedOnce [false], cluster_name[TEST-CHILD_VM=[2]-CLUSTER_SEED=[2858301384796425155]-HASH=[462C14F99751D]-cluster]}, ping_response{node [{node_t0}{5WFoynj2SUGDMEZmKbHSCQ}{127.0.0.1}{127.0.0.1:9660}[mode=>network]], id[810], master [null], hasJoinedOnce [false], cluster_name[TEST-CHILD_VM=[2]-CLUSTER_SEED=[2858301384796425155]-HASH=[462C14F99751D]-cluster]}, ping_response{node [{node_t0}{5WFoynj2SUGDMEZmKbHSCQ}{127.0.0.1}{127.0.0.1:9660}[mode=>network]], id[810], master [null], hasJoinedOnce [false], cluster_name[TEST-CHILD_VM=[2]-CLUSTER_SEED=[2858301384796425155]-HASH=[462C14F99751D]-cluster]}, ping_response{node [{node_t0}{5WFoynj2SUGDMEZmKbHSCQ}{127.0.0.1}{127.0.0.1:9660}[mode=>network]], id[810], master [null], hasJoinedOnce [false], cluster_name[TEST-CHILD_VM=[2]-CLUSTER_SEED=[2858301384796425155]-HASH=[462C14F99751D]-cluster]}, ping_response{node [{node_t1}{lk7U_niVSKyTWpmVoV3sIA}{127.0.0.1}{127.0.0.1:9661}[mode=>network]], id[817], master [null], hasJoinedOnce [false], cluster_name[TEST-CHILD_VM=[2]-CLUSTER_SEED=[2858301384796425155]-HASH=[462C14F99751D]-cluster]}, ping_response{node [{node_t1}{lk7U_niVSKyTWpmVoV3sIA}{127.0.0.1}{127.0.0.1:9661}[mode=>network]], id[817], master [null], hasJoinedOnce [false], cluster_name[TEST-CHILD_VM=[2]-CLUSTER_SEED=[2858301384796425155]-HASH=[462C14F99751D]-cluster]}, ping_response{node [{node_t1}{lk7U_niVSKyTWpmVoV3sIA}{127.0.0.1}{127.0.0.1:9661}[mode=>network]], id[817], master [null], hasJoinedOnce [false], cluster_name[TEST-CHILD_VM=[2]-CLUSTER_SEED=[2858301384796425155]-HASH=[462C14F99751D]-cluster]}, ping_response{node [{node_t0}{5WFoynj2SUGDMEZmKbHSCQ}{127.0.0.1}{127.0.0.1:9660}[mode=>network]], id[824], master [null], hasJoinedOnce [false], cluster_name[TEST-CHILD_VM=[2]-CLUSTER_SEED=[2858301384796425155]-HASH=[462C14F99751D]-cluster]}, ping_response{node [{node_t0}{5WFoynj2SUGDMEZmKbHSCQ}{127.0.0.1}{127.0.0.1:9660}[mode=>network]], id[824], master [null], hasJoinedOnce [false], cluster_name[TEST-CHILD_VM=[2]-CLUSTER_SEED=[2858301384796425155]-HASH=[462C14F99751D]-cluster]}, ping_response{node [{node_t0}{5WFoynj2SUGDMEZmKbHSCQ}{127.0.0.1}{127.0.0.1:9660}[mode=>network]], id[824], master [null], hasJoinedOnce [false], cluster_name[TEST-CHILD_VM=[2]-CLUSTER_SEED=[2858301384796425155]-HASH=[462C14F99751D]-cluster]}, ping_response{node [{node_t1}{lk7U_niVSKyTWpmVoV3sIA}{127.0.0.1}{127.0.0.1:9661}[mode=>network]], id[831], master [null], hasJoinedOnce [false], cluster_name[TEST-CHILD_VM=[2]-CLUSTER_SEED=[2858301384796425155]-HASH=[462C14F99751D]-cluster]}, ping_response{node [{node_t0}{5WFoynj2SUGDMEZmKbHSCQ}{127.0.0.1}{127.0.0.1:9660}[mode=>network]], id[833], master [null], hasJoinedOnce [false], cluster_name[TEST-CHILD_VM=[2]-CLUSTER_SEED=[2858301384796425155]-HASH=[462C14F99751D]-cluster]}]
[2016-03-30 14:01:59,551][TRACE][org.elasticsearch.discovery.zen.ping.unicast] [node_t1] [1] failed to connect to {#zen_unicast_5#}{127.0.0.1}{127.0.0.1:9664}
ConnectTransportException[[][127.0.0.1:9664] connect_timeout[30s]]; nested: ConnectException[Connection refused: /127.0.0.1:9664];
	at org.elasticsearch.transport.netty.NettyTransport.connectToChannelsLight(NettyTransport.java:948)
	at org.elasticsearch.transport.netty.NettyTransport.connectToNode(NettyTransport.java:912)
	at org.elasticsearch.transport.netty.NettyTransport.connectToNodeLight(NettyTransport.java:884)
	at org.elasticsearch.test.transport.MockTransportService$LookupTestTransport.connectToNodeLight(MockTransportService.java:412)
	at org.elasticsearch.transport.TransportService.connectToNodeLight(TransportService.java:250)
	at org.elasticsearch.discovery.zen.ping.unicast.UnicastZenPing$3.run(UnicastZenPing.java:395)
	at java.util.concurrent.ThreadPoolExecutor.runWorker(ThreadPoolExecutor.java:1142)
	at java.util.concurrent.ThreadPoolExecutor$Worker.run(ThreadPoolExecutor.java:617)
	at java.lang.Thread.run(Thread.java:745)
Caused by: java.net.ConnectException: Connection refused: /127.0.0.1:9664
	at sun.nio.ch.SocketChannelImpl.checkConnect(Native Method)
	at sun.nio.ch.SocketChannelImpl.finishConnect(SocketChannelImpl.java:717)
	at org.jboss.netty.channel.socket.nio.NioClientBoss.connect(NioClientBoss.java:152)
	at org.jboss.netty.channel.socket.nio.NioClientBoss.processSelectedKeys(NioClientBoss.java:105)
	at org.jboss.netty.channel.socket.nio.NioClientBoss.process(NioClientBoss.java:79)
	at org.jboss.netty.channel.socket.nio.AbstractNioSelector.run(AbstractNioSelector.java:337)
	at org.jboss.netty.channel.socket.nio.NioClientBoss.run(NioClientBoss.java:42)
	at org.jboss.netty.util.ThreadRenamingRunnable.run(ThreadRenamingRunnable.java:108)
	at org.jboss.netty.util.internal.DeadLockProofWorker$1.run(DeadLockProofWorker.java:42)
	... 3 more
[2016-03-30 14:01:59,551][TRACE][org.elasticsearch.discovery.zen.ping.unicast] [node_t1] [1] failed to connect to {#zen_unicast_3#}{127.0.0.1}{127.0.0.1:9662}
ConnectTransportException[[][127.0.0.1:9662] connect_timeout[30s]]; nested: ConnectException[Connection refused: /127.0.0.1:9662];
	at org.elasticsearch.transport.netty.NettyTransport.connectToChannelsLight(NettyTransport.java:948)
	at org.elasticsearch.transport.netty.NettyTransport.connectToNode(NettyTransport.java:912)
	at org.elasticsearch.transport.netty.NettyTransport.connectToNodeLight(NettyTransport.java:884)
	at org.elasticsearch.test.transport.MockTransportService$LookupTestTransport.connectToNodeLight(MockTransportService.java:412)
	at org.elasticsearch.transport.TransportService.connectToNodeLight(TransportService.java:250)
	at org.elasticsearch.discovery.zen.ping.unicast.UnicastZenPing$3.run(UnicastZenPing.java:395)
	at java.util.concurrent.ThreadPoolExecutor.runWorker(ThreadPoolExecutor.java:1142)
	at java.util.concurrent.ThreadPoolExecutor$Worker.run(ThreadPoolExecutor.java:617)
	at java.lang.Thread.run(Thread.java:745)
Caused by: java.net.ConnectException: Connection refused: /127.0.0.1:9662
	at sun.nio.ch.SocketChannelImpl.checkConnect(Native Method)
	at sun.nio.ch.SocketChannelImpl.finishConnect(SocketChannelImpl.java:717)
	at org.jboss.netty.channel.socket.nio.NioClientBoss.connect(NioClientBoss.java:152)
	at org.jboss.netty.channel.socket.nio.NioClientBoss.processSelectedKeys(NioClientBoss.java:105)
	at org.jboss.netty.channel.socket.nio.NioClientBoss.process(NioClientBoss.java:79)
	at org.jboss.netty.channel.socket.nio.AbstractNioSelector.run(AbstractNioSelector.java:337)
	at org.jboss.netty.channel.socket.nio.NioClientBoss.run(NioClientBoss.java:42)
	at org.jboss.netty.util.ThreadRenamingRunnable.run(ThreadRenamingRunnable.java:108)
	at org.jboss.netty.util.internal.DeadLockProofWorker$1.run(DeadLockProofWorker.java:42)
	... 3 more
[2016-03-30 14:01:59,550][TRACE][org.elasticsearch.discovery.zen.ping.unicast] [node_t1] [1] sending to {#zen_unicast_7#}{::1}{[::1]:9661}
[2016-03-30 14:01:59,551][TRACE][org.elasticsearch.discovery.zen.ping.unicast] [node_t1] [1] failed to connect to {#zen_unicast_4#}{127.0.0.1}{127.0.0.1:9663}
ConnectTransportException[[][127.0.0.1:9663] connect_timeout[30s]]; nested: ConnectException[Connection refused: /127.0.0.1:9663];
	at org.elasticsearch.transport.netty.NettyTransport.connectToChannelsLight(NettyTransport.java:948)
	at org.elasticsearch.transport.netty.NettyTransport.connectToNode(NettyTransport.java:912)
	at org.elasticsearch.transport.netty.NettyTransport.connectToNodeLight(NettyTransport.java:884)
	at org.elasticsearch.test.transport.MockTransportService$LookupTestTransport.connectToNodeLight(MockTransportService.java:412)
	at org.elasticsearch.transport.TransportService.connectToNodeLight(TransportService.java:250)
	at org.elasticsearch.discovery.zen.ping.unicast.UnicastZenPing$3.run(UnicastZenPing.java:395)
	at java.util.concurrent.ThreadPoolExecutor.runWorker(ThreadPoolExecutor.java:1142)
	at java.util.concurrent.ThreadPoolExecutor$Worker.run(ThreadPoolExecutor.java:617)
	at java.lang.Thread.run(Thread.java:745)
Caused by: java.net.ConnectException: Connection refused: /127.0.0.1:9663
	at sun.nio.ch.SocketChannelImpl.checkConnect(Native Method)
	at sun.nio.ch.SocketChannelImpl.finishConnect(SocketChannelImpl.java:717)
	at org.jboss.netty.channel.socket.nio.NioClientBoss.connect(NioClientBoss.java:152)
	at org.jboss.netty.channel.socket.nio.NioClientBoss.processSelectedKeys(NioClientBoss.java:105)
	at org.jboss.netty.channel.socket.nio.NioClientBoss.process(NioClientBoss.java:79)
	at org.jboss.netty.channel.socket.nio.AbstractNioSelector.run(AbstractNioSelector.java:337)
	at org.jboss.netty.channel.socket.nio.NioClientBoss.run(NioClientBoss.java:42)
	at org.jboss.netty.util.ThreadRenamingRunnable.run(ThreadRenamingRunnable.java:108)
	at org.jboss.netty.util.internal.DeadLockProofWorker$1.run(DeadLockProofWorker.java:42)
	... 3 more
[2016-03-30 14:01:59,552][TRACE][org.elasticsearch.discovery.zen.ping.unicast] [node_t1] replacing {node_t0}{5WFoynj2SUGDMEZmKbHSCQ}{127.0.0.1}{127.0.0.1:9660}[mode=>network] with temp node {#zen_unicast_12_5WFoynj2SUGDMEZmKbHSCQ#}{127.0.0.1}{127.0.0.1:9660}[mode=>network]
[2016-03-30 14:01:59,553][TRACE][org.elasticsearch.discovery.zen.ping.unicast] [node_t1] [1] sending to {node_t1}{lk7U_niVSKyTWpmVoV3sIA}{127.0.0.1}{127.0.0.1:9661}[mode=>network]
[2016-03-30 14:01:59,552][TRACE][org.elasticsearch.discovery.zen.ping.unicast] [node_t1] [1] connecting (light) to {#zen_unicast_10#}{::1}{[::1]:9664}
[2016-03-30 14:01:59,552][TRACE][org.elasticsearch.discovery.zen.ping.unicast] [node_t1] [1] connecting (light) to {#zen_unicast_9#}{::1}{[::1]:9663}
[2016-03-30 14:01:59,552][TRACE][org.elasticsearch.discovery.zen.ping.unicast] [node_t1] [1] connecting (light) to {#zen_unicast_8#}{::1}{[::1]:9662}
[2016-03-30 14:01:59,552][TRACE][org.elasticsearch.discovery.zen.ping.unicast] [node_t1] [1] received response from {#zen_unicast_6#}{::1}{[::1]:9660}: [ping_response{node [{node_t0}{5WFoynj2SUGDMEZmKbHSCQ}{127.0.0.1}{127.0.0.1:9660}[mode=>network]], id[792], master [null], hasJoinedOnce [false], cluster_name[TEST-CHILD_VM=[2]-CLUSTER_SEED=[2858301384796425155]-HASH=[462C14F99751D]-cluster]}, ping_response{node [{node_t0}{5WFoynj2SUGDMEZmKbHSCQ}{127.0.0.1}{127.0.0.1:9660}[mode=>network]], id[792], master [null], hasJoinedOnce [false], cluster_name[TEST-CHILD_VM=[2]-CLUSTER_SEED=[2858301384796425155]-HASH=[462C14F99751D]-cluster]}, ping_response{node [{node_t0}{5WFoynj2SUGDMEZmKbHSCQ}{127.0.0.1}{127.0.0.1:9660}[mode=>network]], id[792], master [null], hasJoinedOnce [false], cluster_name[TEST-CHILD_VM=[2]-CLUSTER_SEED=[2858301384796425155]-HASH=[462C14F99751D]-cluster]}, ping_response{node [{node_t0}{5WFoynj2SUGDMEZmKbHSCQ}{127.0.0.1}{127.0.0.1:9660}[mode=>network]], id[796], master [null], hasJoinedOnce [false], cluster_name[TEST-CHILD_VM=[2]-CLUSTER_SEED=[2858301384796425155]-HASH=[462C14F99751D]-cluster]}, ping_response{node [{node_t0}{5WFoynj2SUGDMEZmKbHSCQ}{127.0.0.1}{127.0.0.1:9660}[mode=>network]], id[796], master [null], hasJoinedOnce [false], cluster_name[TEST-CHILD_VM=[2]-CLUSTER_SEED=[2858301384796425155]-HASH=[462C14F99751D]-cluster]}, ping_response{node [{node_t0}{5WFoynj2SUGDMEZmKbHSCQ}{127.0.0.1}{127.0.0.1:9660}[mode=>network]], id[796], master [null], hasJoinedOnce [false], cluster_name[TEST-CHILD_VM=[2]-CLUSTER_SEED=[2858301384796425155]-HASH=[462C14F99751D]-cluster]}, ping_response{node [{node_t0}{5WFoynj2SUGDMEZmKbHSCQ}{127.0.0.1}{127.0.0.1:9660}[mode=>network]], id[800], master [null], hasJoinedOnce [false], cluster_name[TEST-CHILD_VM=[2]-CLUSTER_SEED=[2858301384796425155]-HASH=[462C14F99751D]-cluster]}, ping_response{node [{node_t0}{5WFoynj2SUGDMEZmKbHSCQ}{127.0.0.1}{127.0.0.1:9660}[mode=>network]], id[800], master [null], hasJoinedOnce [false], cluster_name[TEST-CHILD_VM=[2]-CLUSTER_SEED=[2858301384796425155]-HASH=[462C14F99751D]-cluster]}, ping_response{node [{node_t0}{5WFoynj2SUGDMEZmKbHSCQ}{127.0.0.1}{127.0.0.1:9660}[mode=>network]], id[800], master [null], hasJoinedOnce [false], cluster_name[TEST-CHILD_VM=[2]-CLUSTER_SEED=[2858301384796425155]-HASH=[462C14F99751D]-cluster]}, ping_response{node [{node_t1}{lk7U_niVSKyTWpmVoV3sIA}{127.0.0.1}{127.0.0.1:9661}[mode=>network]], id[804], master [null], hasJoinedOnce [false], cluster_name[TEST-CHILD_VM=[2]-CLUSTER_SEED=[2858301384796425155]-HASH=[462C14F99751D]-cluster]}, ping_response{node [{node_t1}{lk7U_niVSKyTWpmVoV3sIA}{127.0.0.1}{127.0.0.1:9661}[mode=>network]], id[804], master [null], hasJoinedOnce [false], cluster_name[TEST-CHILD_VM=[2]-CLUSTER_SEED=[2858301384796425155]-HASH=[462C14F99751D]-cluster]}, ping_response{node [{node_t0}{5WFoynj2SUGDMEZmKbHSCQ}{127.0.0.1}{127.0.0.1:9660}[mode=>network]], id[810], master [null], hasJoinedOnce [false], cluster_name[TEST-CHILD_VM=[2]-CLUSTER_SEED=[2858301384796425155]-HASH=[462C14F99751D]-cluster]}, ping_response{node [{node_t0}{5WFoynj2SUGDMEZmKbHSCQ}{127.0.0.1}{127.0.0.1:9660}[mode=>network]], id[810], master [null], hasJoinedOnce [false], cluster_name[TEST-CHILD_VM=[2]-CLUSTER_SEED=[2858301384796425155]-HASH=[462C14F99751D]-cluster]}, ping_response{node [{node_t0}{5WFoynj2SUGDMEZmKbHSCQ}{127.0.0.1}{127.0.0.1:9660}[mode=>network]], id[810], master [null], hasJoinedOnce [false], cluster_name[TEST-CHILD_VM=[2]-CLUSTER_SEED=[2858301384796425155]-HASH=[462C14F99751D]-cluster]}, ping_response{node [{node_t1}{lk7U_niVSKyTWpmVoV3sIA}{127.0.0.1}{127.0.0.1:9661}[mode=>network]], id[817], master [null], hasJoinedOnce [false], cluster_name[TEST-CHILD_VM=[2]-CLUSTER_SEED=[2858301384796425155]-HASH=[462C14F99751D]-cluster]}, ping_response{node [{node_t1}{lk7U_niVSKyTWpmVoV3sIA}{127.0.0.1}{127.0.0.1:9661}[mode=>network]], id[817], master [null], hasJoinedOnce [false], cluster_name[TEST-CHILD_VM=[2]-CLUSTER_SEED=[2858301384796425155]-HASH=[462C14F99751D]-cluster]}, ping_response{node [{node_t1}{lk7U_niVSKyTWpmVoV3sIA}{127.0.0.1}{127.0.0.1:9661}[mode=>network]], id[817], master [null], hasJoinedOnce [false], cluster_name[TEST-CHILD_VM=[2]-CLUSTER_SEED=[2858301384796425155]-HASH=[462C14F99751D]-cluster]}, ping_response{node [{node_t0}{5WFoynj2SUGDMEZmKbHSCQ}{127.0.0.1}{127.0.0.1:9660}[mode=>network]], id[824], master [null], hasJoinedOnce [false], cluster_name[TEST-CHILD_VM=[2]-CLUSTER_SEED=[2858301384796425155]-HASH=[462C14F99751D]-cluster]}, ping_response{node [{node_t0}{5WFoynj2SUGDMEZmKbHSCQ}{127.0.0.1}{127.0.0.1:9660}[mode=>network]], id[824], master [null], hasJoinedOnce [false], cluster_name[TEST-CHILD_VM=[2]-CLUSTER_SEED=[2858301384796425155]-HASH=[462C14F99751D]-cluster]}, ping_response{node [{node_t0}{5WFoynj2SUGDMEZmKbHSCQ}{127.0.0.1}{127.0.0.1:9660}[mode=>network]], id[824], master [null], hasJoinedOnce [false], cluster_name[TEST-CHILD_VM=[2]-CLUSTER_SEED=[2858301384796425155]-HASH=[462C14F99751D]-cluster]}, ping_response{node [{node_t1}{lk7U_niVSKyTWpmVoV3sIA}{127.0.0.1}{127.0.0.1:9661}[mode=>network]], id[831], master [null], hasJoinedOnce [false], cluster_name[TEST-CHILD_VM=[2]-CLUSTER_SEED=[2858301384796425155]-HASH=[462C14F99751D]-cluster]}, ping_response{node [{node_t1}{lk7U_niVSKyTWpmVoV3sIA}{127.0.0.1}{127.0.0.1:9661}[mode=>network]], id[831], master [null], hasJoinedOnce [false], cluster_name[TEST-CHILD_VM=[2]-CLUSTER_SEED=[2858301384796425155]-HASH=[462C14F99751D]-cluster]}, ping_response{node [{node_t0}{5WFoynj2SUGDMEZmKbHSCQ}{127.0.0.1}{127.0.0.1:9660}[mode=>network]], id[834], master [null], hasJoinedOnce [false], cluster_name[TEST-CHILD_VM=[2]-CLUSTER_SEED=[2858301384796425155]-HASH=[462C14F99751D]-cluster]}]
[2016-03-30 14:01:59,553][TRACE][org.elasticsearch.discovery.zen.ping.unicast] [node_t1] [1] failed to connect to {#zen_unicast_10#}{::1}{[::1]:9664}
ConnectTransportException[[][[::1]:9664] connect_timeout[30s]]; nested: ConnectException[Connection refused: /0:0:0:0:0:0:0:1:9664];
	at org.elasticsearch.transport.netty.NettyTransport.connectToChannelsLight(NettyTransport.java:948)
	at org.elasticsearch.transport.netty.NettyTransport.connectToNode(NettyTransport.java:912)
	at org.elasticsearch.transport.netty.NettyTransport.connectToNodeLight(NettyTransport.java:884)
	at org.elasticsearch.test.transport.MockTransportService$LookupTestTransport.connectToNodeLight(MockTransportService.java:412)
	at org.elasticsearch.transport.TransportService.connectToNodeLight(TransportService.java:250)
	at org.elasticsearch.discovery.zen.ping.unicast.UnicastZenPing$3.run(UnicastZenPing.java:395)
	at java.util.concurrent.ThreadPoolExecutor.runWorker(ThreadPoolExecutor.java:1142)
	at java.util.concurrent.ThreadPoolExecutor$Worker.run(ThreadPoolExecutor.java:617)
	at java.lang.Thread.run(Thread.java:745)
Caused by: java.net.ConnectException: Connection refused: /0:0:0:0:0:0:0:1:9664
	at sun.nio.ch.SocketChannelImpl.checkConnect(Native Method)
	at sun.nio.ch.SocketChannelImpl.finishConnect(SocketChannelImpl.java:717)
	at org.jboss.netty.channel.socket.nio.NioClientBoss.connect(NioClientBoss.java:152)
	at org.jboss.netty.channel.socket.nio.NioClientBoss.processSelectedKeys(NioClientBoss.java:105)
	at org.jboss.netty.channel.socket.nio.NioClientBoss.process(NioClientBoss.java:79)
	at org.jboss.netty.channel.socket.nio.AbstractNioSelector.run(AbstractNioSelector.java:337)
	at org.jboss.netty.channel.socket.nio.NioClientBoss.run(NioClientBoss.java:42)
	at org.jboss.netty.util.ThreadRenamingRunnable.run(ThreadRenamingRunnable.java:108)
	at org.jboss.netty.util.internal.DeadLockProofWorker$1.run(DeadLockProofWorker.java:42)
	... 3 more
[2016-03-30 14:01:59,553][TRACE][org.elasticsearch.discovery.zen.ping.unicast] [node_t1] [1] received response from {node_t1}{lk7U_niVSKyTWpmVoV3sIA}{127.0.0.1}{127.0.0.1:9661}[mode=>network]: [ping_response{node [{node_t1}{lk7U_niVSKyTWpmVoV3sIA}{127.0.0.1}{127.0.0.1:9661}[mode=>network]], id[804], master [null], hasJoinedOnce [false], cluster_name[TEST-CHILD_VM=[2]-CLUSTER_SEED=[2858301384796425155]-HASH=[462C14F99751D]-cluster]}, ping_response{node [{node_t1}{lk7U_niVSKyTWpmVoV3sIA}{127.0.0.1}{127.0.0.1:9661}[mode=>network]], id[804], master [null], hasJoinedOnce [false], cluster_name[TEST-CHILD_VM=[2]-CLUSTER_SEED=[2858301384796425155]-HASH=[462C14F99751D]-cluster]}, ping_response{node [{node_t1}{lk7U_niVSKyTWpmVoV3sIA}{127.0.0.1}{127.0.0.1:9661}[mode=>network]], id[804], master [null], hasJoinedOnce [false], cluster_name[TEST-CHILD_VM=[2]-CLUSTER_SEED=[2858301384796425155]-HASH=[462C14F99751D]-cluster]}, ping_response{node [{node_t0}{5WFoynj2SUGDMEZmKbHSCQ}{127.0.0.1}{127.0.0.1:9660}[mode=>network]], id[810], master [null], hasJoinedOnce [false], cluster_name[TEST-CHILD_VM=[2]-CLUSTER_SEED=[2858301384796425155]-HASH=[462C14F99751D]-cluster]}, ping_response{node [{node_t0}{5WFoynj2SUGDMEZmKbHSCQ}{127.0.0.1}{127.0.0.1:9660}[mode=>network]], id[810], master [null], hasJoinedOnce [false], cluster_name[TEST-CHILD_VM=[2]-CLUSTER_SEED=[2858301384796425155]-HASH=[462C14F99751D]-cluster]}, ping_response{node [{node_t0}{5WFoynj2SUGDMEZmKbHSCQ}{127.0.0.1}{127.0.0.1:9660}[mode=>network]], id[810], master [null], hasJoinedOnce [false], cluster_name[TEST-CHILD_VM=[2]-CLUSTER_SEED=[2858301384796425155]-HASH=[462C14F99751D]-cluster]}, ping_response{node [{node_t1}{lk7U_niVSKyTWpmVoV3sIA}{127.0.0.1}{127.0.0.1:9661}[mode=>network]], id[817], master [null], hasJoinedOnce [false], cluster_name[TEST-CHILD_VM=[2]-CLUSTER_SEED=[2858301384796425155]-HASH=[462C14F99751D]-cluster]}, ping_response{node [{node_t1}{lk7U_niVSKyTWpmVoV3sIA}{127.0.0.1}{127.0.0.1:9661}[mode=>network]], id[817], master [null], hasJoinedOnce [false], cluster_name[TEST-CHILD_VM=[2]-CLUSTER_SEED=[2858301384796425155]-HASH=[462C14F99751D]-cluster]}, ping_response{node [{node_t1}{lk7U_niVSKyTWpmVoV3sIA}{127.0.0.1}{127.0.0.1:9661}[mode=>network]], id[817], master [null], hasJoinedOnce [false], cluster_name[TEST-CHILD_VM=[2]-CLUSTER_SEED=[2858301384796425155]-HASH=[462C14F99751D]-cluster]}, ping_response{node [{node_t0}{5WFoynj2SUGDMEZmKbHSCQ}{127.0.0.1}{127.0.0.1:9660}[mode=>network]], id[824], master [null], hasJoinedOnce [false], cluster_name[TEST-CHILD_VM=[2]-CLUSTER_SEED=[2858301384796425155]-HASH=[462C14F99751D]-cluster]}, ping_response{node [{node_t0}{5WFoynj2SUGDMEZmKbHSCQ}{127.0.0.1}{127.0.0.1:9660}[mode=>network]], id[824], master [null], hasJoinedOnce [false], cluster_name[TEST-CHILD_VM=[2]-CLUSTER_SEED=[2858301384796425155]-HASH=[462C14F99751D]-cluster]}, ping_response{node [{node_t0}{5WFoynj2SUGDMEZmKbHSCQ}{127.0.0.1}{127.0.0.1:9660}[mode=>network]], id[824], master [null], hasJoinedOnce [false], cluster_name[TEST-CHILD_VM=[2]-CLUSTER_SEED=[2858301384796425155]-HASH=[462C14F99751D]-cluster]}, ping_response{node [{node_t1}{lk7U_niVSKyTWpmVoV3sIA}{127.0.0.1}{127.0.0.1:9661}[mode=>network]], id[831], master [null], hasJoinedOnce [false], cluster_name[TEST-CHILD_VM=[2]-CLUSTER_SEED=[2858301384796425155]-HASH=[462C14F99751D]-cluster]}, ping_response{node [{node_t1}{lk7U_niVSKyTWpmVoV3sIA}{127.0.0.1}{127.0.0.1:9661}[mode=>network]], id[831], master [null], hasJoinedOnce [false], cluster_name[TEST-CHILD_VM=[2]-CLUSTER_SEED=[2858301384796425155]-HASH=[462C14F99751D]-cluster]}, ping_response{node [{node_t1}{lk7U_niVSKyTWpmVoV3sIA}{127.0.0.1}{127.0.0.1:9661}[mode=>network]], id[835], master [null], hasJoinedOnce [false], cluster_name[TEST-CHILD_VM=[2]-CLUSTER_SEED=[2858301384796425155]-HASH=[462C14F99751D]-cluster]}]
[2016-03-30 14:01:59,553][TRACE][org.elasticsearch.discovery.zen.ping.unicast] [node_t1] [1] connecting (light) to {#zen_unicast_12_5WFoynj2SUGDMEZmKbHSCQ#}{127.0.0.1}{127.0.0.1:9660}[mode=>network]
[2016-03-30 14:01:59,554][TRACE][org.elasticsearch.discovery.zen.ping.unicast] [node_t1] [1] received response from {#zen_unicast_7#}{::1}{[::1]:9661}: [ping_response{node [{node_t1}{lk7U_niVSKyTWpmVoV3sIA}{127.0.0.1}{127.0.0.1:9661}[mode=>network]], id[804], master [null], hasJoinedOnce [false], cluster_name[TEST-CHILD_VM=[2]-CLUSTER_SEED=[2858301384796425155]-HASH=[462C14F99751D]-cluster]}, ping_response{node [{node_t1}{lk7U_niVSKyTWpmVoV3sIA}{127.0.0.1}{127.0.0.1:9661}[mode=>network]], id[804], master [null], hasJoinedOnce [false], cluster_name[TEST-CHILD_VM=[2]-CLUSTER_SEED=[2858301384796425155]-HASH=[462C14F99751D]-cluster]}, ping_response{node [{node_t1}{lk7U_niVSKyTWpmVoV3sIA}{127.0.0.1}{127.0.0.1:9661}[mode=>network]], id[804], master [null], hasJoinedOnce [false], cluster_name[TEST-CHILD_VM=[2]-CLUSTER_SEED=[2858301384796425155]-HASH=[462C14F99751D]-cluster]}, ping_response{node [{node_t0}{5WFoynj2SUGDMEZmKbHSCQ}{127.0.0.1}{127.0.0.1:9660}[mode=>network]], id[810], master [null], hasJoinedOnce [false], cluster_name[TEST-CHILD_VM=[2]-CLUSTER_SEED=[2858301384796425155]-HASH=[462C14F99751D]-cluster]}, ping_response{node [{node_t0}{5WFoynj2SUGDMEZmKbHSCQ}{127.0.0.1}{127.0.0.1:9660}[mode=>network]], id[810], master [null], hasJoinedOnce [false], cluster_name[TEST-CHILD_VM=[2]-CLUSTER_SEED=[2858301384796425155]-HASH=[462C14F99751D]-cluster]}, ping_response{node [{node_t0}{5WFoynj2SUGDMEZmKbHSCQ}{127.0.0.1}{127.0.0.1:9660}[mode=>network]], id[810], master [null], hasJoinedOnce [false], cluster_name[TEST-CHILD_VM=[2]-CLUSTER_SEED=[2858301384796425155]-HASH=[462C14F99751D]-cluster]}, ping_response{node [{node_t1}{lk7U_niVSKyTWpmVoV3sIA}{127.0.0.1}{127.0.0.1:9661}[mode=>network]], id[817], master [null], hasJoinedOnce [false], cluster_name[TEST-CHILD_VM=[2]-CLUSTER_SEED=[2858301384796425155]-HASH=[462C14F99751D]-cluster]}, ping_response{node [{node_t1}{lk7U_niVSKyTWpmVoV3sIA}{127.0.0.1}{127.0.0.1:9661}[mode=>network]], id[817], master [null], hasJoinedOnce [false], cluster_name[TEST-CHILD_VM=[2]-CLUSTER_SEED=[2858301384796425155]-HASH=[462C14F99751D]-cluster]}, ping_response{node [{node_t1}{lk7U_niVSKyTWpmVoV3sIA}{127.0.0.1}{127.0.0.1:9661}[mode=>network]], id[817], master [null], hasJoinedOnce [false], cluster_name[TEST-CHILD_VM=[2]-CLUSTER_SEED=[2858301384796425155]-HASH=[462C14F99751D]-cluster]}, ping_response{node [{node_t0}{5WFoynj2SUGDMEZmKbHSCQ}{127.0.0.1}{127.0.0.1:9660}[mode=>network]], id[824], master [null], hasJoinedOnce [false], cluster_name[TEST-CHILD_VM=[2]-CLUSTER_SEED=[2858301384796425155]-HASH=[462C14F99751D]-cluster]}, ping_response{node [{node_t0}{5WFoynj2SUGDMEZmKbHSCQ}{127.0.0.1}{127.0.0.1:9660}[mode=>network]], id[824], master [null], hasJoinedOnce [false], cluster_name[TEST-CHILD_VM=[2]-CLUSTER_SEED=[2858301384796425155]-HASH=[462C14F99751D]-cluster]}, ping_response{node [{node_t0}{5WFoynj2SUGDMEZmKbHSCQ}{127.0.0.1}{127.0.0.1:9660}[mode=>network]], id[824], master [null], hasJoinedOnce [false], cluster_name[TEST-CHILD_VM=[2]-CLUSTER_SEED=[2858301384796425155]-HASH=[462C14F99751D]-cluster]}, ping_response{node [{node_t1}{lk7U_niVSKyTWpmVoV3sIA}{127.0.0.1}{127.0.0.1:9661}[mode=>network]], id[831], master [null], hasJoinedOnce [false], cluster_name[TEST-CHILD_VM=[2]-CLUSTER_SEED=[2858301384796425155]-HASH=[462C14F99751D]-cluster]}, ping_response{node [{node_t1}{lk7U_niVSKyTWpmVoV3sIA}{127.0.0.1}{127.0.0.1:9661}[mode=>network]], id[831], master [null], hasJoinedOnce [false], cluster_name[TEST-CHILD_VM=[2]-CLUSTER_SEED=[2858301384796425155]-HASH=[462C14F99751D]-cluster]}, ping_response{node [{node_t1}{lk7U_niVSKyTWpmVoV3sIA}{127.0.0.1}{127.0.0.1:9661}[mode=>network]], id[831], master [null], hasJoinedOnce [false], cluster_name[TEST-CHILD_VM=[2]-CLUSTER_SEED=[2858301384796425155]-HASH=[462C14F99751D]-cluster]}, ping_response{node [{node_t1}{lk7U_niVSKyTWpmVoV3sIA}{127.0.0.1}{127.0.0.1:9661}[mode=>network]], id[836], master [null], hasJoinedOnce [false], cluster_name[TEST-CHILD_VM=[2]-CLUSTER_SEED=[2858301384796425155]-HASH=[462C14F99751D]-cluster]}]
[2016-03-30 14:01:59,554][TRACE][org.elasticsearch.discovery.zen.ping.unicast] [node_t1] [1] failed to connect to {#zen_unicast_8#}{::1}{[::1]:9662}
ConnectTransportException[[][[::1]:9662] connect_timeout[30s]]; nested: ConnectException[Connection refused: /0:0:0:0:0:0:0:1:9662];
	at org.elasticsearch.transport.netty.NettyTransport.connectToChannelsLight(NettyTransport.java:948)
	at org.elasticsearch.transport.netty.NettyTransport.connectToNode(NettyTransport.java:912)
	at org.elasticsearch.transport.netty.NettyTransport.connectToNodeLight(NettyTransport.java:884)
	at org.elasticsearch.test.transport.MockTransportService$LookupTestTransport.connectToNodeLight(MockTransportService.java:412)
	at org.elasticsearch.transport.TransportService.connectToNodeLight(TransportService.java:250)
	at org.elasticsearch.discovery.zen.ping.unicast.UnicastZenPing$3.run(UnicastZenPing.java:395)
	at java.util.concurrent.ThreadPoolExecutor.runWorker(ThreadPoolExecutor.java:1142)
	at java.util.concurrent.ThreadPoolExecutor$Worker.run(ThreadPoolExecutor.java:617)
	at java.lang.Thread.run(Thread.java:745)
Caused by: java.net.ConnectException: Connection refused: /0:0:0:0:0:0:0:1:9662
	at sun.nio.ch.SocketChannelImpl.checkConnect(Native Method)
	at sun.nio.ch.SocketChannelImpl.finishConnect(SocketChannelImpl.java:717)
	at org.jboss.netty.channel.socket.nio.NioClientBoss.connect(NioClientBoss.java:152)
	at org.jboss.netty.channel.socket.nio.NioClientBoss.processSelectedKeys(NioClientBoss.java:105)
	at org.jboss.netty.channel.socket.nio.NioClientBoss.process(NioClientBoss.java:79)
	at org.jboss.netty.channel.socket.nio.AbstractNioSelector.run(AbstractNioSelector.java:337)
	at org.jboss.netty.channel.socket.nio.NioClientBoss.run(NioClientBoss.java:42)
	at org.jboss.netty.util.ThreadRenamingRunnable.run(ThreadRenamingRunnable.java:108)
	at org.jboss.netty.util.internal.DeadLockProofWorker$1.run(DeadLockProofWorker.java:42)
	... 3 more
[2016-03-30 14:01:59,554][TRACE][org.elasticsearch.discovery.zen.ping.unicast] [node_t1] [1] failed to connect to {#zen_unicast_9#}{::1}{[::1]:9663}
ConnectTransportException[[][[::1]:9663] connect_timeout[30s]]; nested: ConnectException[Connection refused: /0:0:0:0:0:0:0:1:9663];
	at org.elasticsearch.transport.netty.NettyTransport.connectToChannelsLight(NettyTransport.java:948)
	at org.elasticsearch.transport.netty.NettyTransport.connectToNode(NettyTransport.java:912)
	at org.elasticsearch.transport.netty.NettyTransport.connectToNodeLight(NettyTransport.java:884)
	at org.elasticsearch.test.transport.MockTransportService$LookupTestTransport.connectToNodeLight(MockTransportService.java:412)
	at org.elasticsearch.transport.TransportService.connectToNodeLight(TransportService.java:250)
	at org.elasticsearch.discovery.zen.ping.unicast.UnicastZenPing$3.run(UnicastZenPing.java:395)
	at java.util.concurrent.ThreadPoolExecutor.runWorker(ThreadPoolExecutor.java:1142)
	at java.util.concurrent.ThreadPoolExecutor$Worker.run(ThreadPoolExecutor.java:617)
	at java.lang.Thread.run(Thread.java:745)
Caused by: java.net.ConnectException: Connection refused: /0:0:0:0:0:0:0:1:9663
	at sun.nio.ch.SocketChannelImpl.checkConnect(Native Method)
	at sun.nio.ch.SocketChannelImpl.finishConnect(SocketChannelImpl.java:717)
	at org.jboss.netty.channel.socket.nio.NioClientBoss.connect(NioClientBoss.java:152)
	at org.jboss.netty.channel.socket.nio.NioClientBoss.processSelectedKeys(NioClientBoss.java:105)
	at org.jboss.netty.channel.socket.nio.NioClientBoss.process(NioClientBoss.java:79)
	at org.jboss.netty.channel.socket.nio.AbstractNioSelector.run(AbstractNioSelector.java:337)
	at org.jboss.netty.channel.socket.nio.NioClientBoss.run(NioClientBoss.java:42)
	at org.jboss.netty.util.ThreadRenamingRunnable.run(ThreadRenamingRunnable.java:108)
	at org.jboss.netty.util.internal.DeadLockProofWorker$1.run(DeadLockProofWorker.java:42)
	... 3 more
[2016-03-30 14:01:59,555][TRACE][org.elasticsearch.discovery.zen.ping.unicast] [node_t1] [1] connected to {node_t0}{5WFoynj2SUGDMEZmKbHSCQ}{127.0.0.1}{127.0.0.1:9660}[mode=>network]
[2016-03-30 14:01:59,556][TRACE][org.elasticsearch.discovery.zen.ping.unicast] [node_t1] [1] sending to {#zen_unicast_12_5WFoynj2SUGDMEZmKbHSCQ#}{127.0.0.1}{127.0.0.1:9660}[mode=>network]
[2016-03-30 14:01:59,557][TRACE][org.elasticsearch.discovery.zen.ping.unicast] [node_t1] [1] received response from {#zen_unicast_12_5WFoynj2SUGDMEZmKbHSCQ#}{127.0.0.1}{127.0.0.1:9660}[mode=>network]: [ping_response{node [{node_t0}{5WFoynj2SUGDMEZmKbHSCQ}{127.0.0.1}{127.0.0.1:9660}[mode=>network]], id[792], master [null], hasJoinedOnce [false], cluster_name[TEST-CHILD_VM=[2]-CLUSTER_SEED=[2858301384796425155]-HASH=[462C14F99751D]-cluster]}, ping_response{node [{node_t0}{5WFoynj2SUGDMEZmKbHSCQ}{127.0.0.1}{127.0.0.1:9660}[mode=>network]], id[792], master [null], hasJoinedOnce [false], cluster_name[TEST-CHILD_VM=[2]-CLUSTER_SEED=[2858301384796425155]-HASH=[462C14F99751D]-cluster]}, ping_response{node [{node_t0}{5WFoynj2SUGDMEZmKbHSCQ}{127.0.0.1}{127.0.0.1:9660}[mode=>network]], id[792], master [null], hasJoinedOnce [false], cluster_name[TEST-CHILD_VM=[2]-CLUSTER_SEED=[2858301384796425155]-HASH=[462C14F99751D]-cluster]}, ping_response{node [{node_t0}{5WFoynj2SUGDMEZmKbHSCQ}{127.0.0.1}{127.0.0.1:9660}[mode=>network]], id[796], master [null], hasJoinedOnce [false], cluster_name[TEST-CHILD_VM=[2]-CLUSTER_SEED=[2858301384796425155]-HASH=[462C14F99751D]-cluster]}, ping_response{node [{node_t0}{5WFoynj2SUGDMEZmKbHSCQ}{127.0.0.1}{127.0.0.1:9660}[mode=>network]], id[796], master [null], hasJoinedOnce [false], cluster_name[TEST-CHILD_VM=[2]-CLUSTER_SEED=[2858301384796425155]-HASH=[462C14F99751D]-cluster]}, ping_response{node [{node_t0}{5WFoynj2SUGDMEZmKbHSCQ}{127.0.0.1}{127.0.0.1:9660}[mode=>network]], id[796], master [null], hasJoinedOnce [false], cluster_name[TEST-CHILD_VM=[2]-CLUSTER_SEED=[2858301384796425155]-HASH=[462C14F99751D]-cluster]}, ping_response{node [{node_t0}{5WFoynj2SUGDMEZmKbHSCQ}{127.0.0.1}{127.0.0.1:9660}[mode=>network]], id[800], master [null], hasJoinedOnce [false], cluster_name[TEST-CHILD_VM=[2]-CLUSTER_SEED=[2858301384796425155]-HASH=[462C14F99751D]-cluster]}, ping_response{node [{node_t0}{5WFoynj2SUGDMEZmKbHSCQ}{127.0.0.1}{127.0.0.1:9660}[mode=>network]], id[800], master [null], hasJoinedOnce [false], cluster_name[TEST-CHILD_VM=[2]-CLUSTER_SEED=[2858301384796425155]-HASH=[462C14F99751D]-cluster]}, ping_response{node [{node_t0}{5WFoynj2SUGDMEZmKbHSCQ}{127.0.0.1}{127.0.0.1:9660}[mode=>network]], id[800], master [null], hasJoinedOnce [false], cluster_name[TEST-CHILD_VM=[2]-CLUSTER_SEED=[2858301384796425155]-HASH=[462C14F99751D]-cluster]}, ping_response{node [{node_t1}{lk7U_niVSKyTWpmVoV3sIA}{127.0.0.1}{127.0.0.1:9661}[mode=>network]], id[804], master [null], hasJoinedOnce [false], cluster_name[TEST-CHILD_VM=[2]-CLUSTER_SEED=[2858301384796425155]-HASH=[462C14F99751D]-cluster]}, ping_response{node [{node_t1}{lk7U_niVSKyTWpmVoV3sIA}{127.0.0.1}{127.0.0.1:9661}[mode=>network]], id[804], master [null], hasJoinedOnce [false], cluster_name[TEST-CHILD_VM=[2]-CLUSTER_SEED=[2858301384796425155]-HASH=[462C14F99751D]-cluster]}, ping_response{node [{node_t0}{5WFoynj2SUGDMEZmKbHSCQ}{127.0.0.1}{127.0.0.1:9660}[mode=>network]], id[810], master [null], hasJoinedOnce [false], cluster_name[TEST-CHILD_VM=[2]-CLUSTER_SEED=[2858301384796425155]-HASH=[462C14F99751D]-cluster]}, ping_response{node [{node_t0}{5WFoynj2SUGDMEZmKbHSCQ}{127.0.0.1}{127.0.0.1:9660}[mode=>network]], id[810], master [null], hasJoinedOnce [false], cluster_name[TEST-CHILD_VM=[2]-CLUSTER_SEED=[2858301384796425155]-HASH=[462C14F99751D]-cluster]}, ping_response{node [{node_t0}{5WFoynj2SUGDMEZmKbHSCQ}{127.0.0.1}{127.0.0.1:9660}[mode=>network]], id[810], master [null], hasJoinedOnce [false], cluster_name[TEST-CHILD_VM=[2]-CLUSTER_SEED=[2858301384796425155]-HASH=[462C14F99751D]-cluster]}, ping_response{node [{node_t1}{lk7U_niVSKyTWpmVoV3sIA}{127.0.0.1}{127.0.0.1:9661}[mode=>network]], id[817], master [null], hasJoinedOnce [false], cluster_name[TEST-CHILD_VM=[2]-CLUSTER_SEED=[2858301384796425155]-HASH=[462C14F99751D]-cluster]}, ping_response{node [{node_t1}{lk7U_niVSKyTWpmVoV3sIA}{127.0.0.1}{127.0.0.1:9661}[mode=>network]], id[817], master [null], hasJoinedOnce [false], cluster_name[TEST-CHILD_VM=[2]-CLUSTER_SEED=[2858301384796425155]-HASH=[462C14F99751D]-cluster]}, ping_response{node [{node_t1}{lk7U_niVSKyTWpmVoV3sIA}{127.0.0.1}{127.0.0.1:9661}[mode=>network]], id[817], master [null], hasJoinedOnce [false], cluster_name[TEST-CHILD_VM=[2]-CLUSTER_SEED=[2858301384796425155]-HASH=[462C14F99751D]-cluster]}, ping_response{node [{node_t0}{5WFoynj2SUGDMEZmKbHSCQ}{127.0.0.1}{127.0.0.1:9660}[mode=>network]], id[824], master [null], hasJoinedOnce [false], cluster_name[TEST-CHILD_VM=[2]-CLUSTER_SEED=[2858301384796425155]-HASH=[462C14F99751D]-cluster]}, ping_response{node [{node_t0}{5WFoynj2SUGDMEZmKbHSCQ}{127.0.0.1}{127.0.0.1:9660}[mode=>network]], id[824], master [null], hasJoinedOnce [false], cluster_name[TEST-CHILD_VM=[2]-CLUSTER_SEED=[2858301384796425155]-HASH=[462C14F99751D]-cluster]}, ping_response{node [{node_t0}{5WFoynj2SUGDMEZmKbHSCQ}{127.0.0.1}{127.0.0.1:9660}[mode=>network]], id[824], master [null], hasJoinedOnce [false], cluster_name[TEST-CHILD_VM=[2]-CLUSTER_SEED=[2858301384796425155]-HASH=[462C14F99751D]-cluster]}, ping_response{node [{node_t1}{lk7U_niVSKyTWpmVoV3sIA}{127.0.0.1}{127.0.0.1:9661}[mode=>network]], id[831], master [null], hasJoinedOnce [false], cluster_name[TEST-CHILD_VM=[2]-CLUSTER_SEED=[2858301384796425155]-HASH=[462C14F99751D]-cluster]}, ping_response{node [{node_t1}{lk7U_niVSKyTWpmVoV3sIA}{127.0.0.1}{127.0.0.1:9661}[mode=>network]], id[831], master [null], hasJoinedOnce [false], cluster_name[TEST-CHILD_VM=[2]-CLUSTER_SEED=[2858301384796425155]-HASH=[462C14F99751D]-cluster]}, ping_response{node [{node_t1}{lk7U_niVSKyTWpmVoV3sIA}{127.0.0.1}{127.0.0.1:9661}[mode=>network]], id[831], master [null], hasJoinedOnce [false], cluster_name[TEST-CHILD_VM=[2]-CLUSTER_SEED=[2858301384796425155]-HASH=[462C14F99751D]-cluster]}, ping_response{node [{node_t0}{5WFoynj2SUGDMEZmKbHSCQ}{127.0.0.1}{127.0.0.1:9660}[mode=>network]], id[837], master [null], hasJoinedOnce [false], cluster_name[TEST-CHILD_VM=[2]-CLUSTER_SEED=[2858301384796425155]-HASH=[462C14F99751D]-cluster]}]
[2016-03-30 14:01:59,558][TRACE][org.elasticsearch.discovery.zen.ping.unicast] [node_t1] [1] disconnecting from {#zen_unicast_1#}{127.0.0.1}{127.0.0.1:9660}
[2016-03-30 14:01:59,558][TRACE][org.elasticsearch.discovery.zen] [node_t1] full ping responses:
	--> ping_response{node [{node_t0}{5WFoynj2SUGDMEZmKbHSCQ}{127.0.0.1}{127.0.0.1:9660}[mode=>network]], id[837], master [null], hasJoinedOnce [false], cluster_name[TEST-CHILD_VM=[2]-CLUSTER_SEED=[2858301384796425155]-HASH=[462C14F99751D]-cluster]}
[2016-03-30 14:01:59,558][DEBUG][org.elasticsearch.discovery.zen] [node_t1] filtered ping responses: (filter_client[true], filter_data[false])
	--> ping_response{node [{node_t0}{5WFoynj2SUGDMEZmKbHSCQ}{127.0.0.1}{127.0.0.1:9660}[mode=>network]], id[837], master [null], hasJoinedOnce [false], cluster_name[TEST-CHILD_VM=[2]-CLUSTER_SEED=[2858301384796425155]-HASH=[462C14F99751D]-cluster]}
[2016-03-30 14:01:59,558][TRACE][org.elasticsearch.discovery.zen.ping.unicast] [node_t1] [1] disconnecting from {#zen_unicast_6#}{::1}{[::1]:9660}
[2016-03-30 14:01:59,558][TRACE][org.elasticsearch.discovery.zen] [node_t1] stopping join accumulation ([not master])
[2016-03-30 14:01:59,558][TRACE][org.elasticsearch.discovery.zen.ping.unicast] [node_t1] [1] disconnecting from {#zen_unicast_5#}{127.0.0.1}{127.0.0.1:9664}
[2016-03-30 14:01:59,558][TRACE][org.elasticsearch.discovery.zen.ping.unicast] [node_t1] [1] disconnecting from {#zen_unicast_4#}{127.0.0.1}{127.0.0.1:9663}
[2016-03-30 14:01:59,558][TRACE][org.elasticsearch.discovery.zen.ping.unicast] [node_t1] [1] disconnecting from {#zen_unicast_3#}{127.0.0.1}{127.0.0.1:9662}
[2016-03-30 14:01:59,558][TRACE][org.elasticsearch.discovery.zen.ping.unicast] [node_t1] [1] disconnecting from {#zen_unicast_10#}{::1}{[::1]:9664}
[2016-03-30 14:01:59,559][TRACE][org.elasticsearch.discovery.zen.ping.unicast] [node_t1] [1] disconnecting from {#zen_unicast_9#}{::1}{[::1]:9663}
[2016-03-30 14:01:59,559][TRACE][org.elasticsearch.discovery.zen.ping.unicast] [node_t1] [1] disconnecting from {#zen_unicast_12_5WFoynj2SUGDMEZmKbHSCQ#}{127.0.0.1}{127.0.0.1:9660}[mode=>network]
[2016-03-30 14:01:59,559][TRACE][org.elasticsearch.discovery.zen.ping.unicast] [node_t1] [1] disconnecting from {#zen_unicast_8#}{::1}{[::1]:9662}
[2016-03-30 14:01:59,559][TRACE][org.elasticsearch.discovery.zen.ping.unicast] [node_t1] [1] disconnecting from {#zen_unicast_11_5WFoynj2SUGDMEZmKbHSCQ#}{127.0.0.1}{127.0.0.1:9660}[mode=>network]
[2016-03-30 14:01:59,559][TRACE][org.elasticsearch.discovery.zen.ping.unicast] [node_t1] [1] disconnecting from {#zen_unicast_7#}{::1}{[::1]:9661}
[2016-03-30 14:01:59,561][TRACE][org.elasticsearch.discovery.zen] [node_t1] joining master {node_t0}{5WFoynj2SUGDMEZmKbHSCQ}{127.0.0.1}{127.0.0.1:9660}[mode=>network]
[2016-03-30 14:01:59,564][TRACE][org.elasticsearch.cluster.service] [node_t0] will process [zen-disco-join(elected_as_master, [1] joins received)]
[2016-03-30 14:01:59,564][DEBUG][org.elasticsearch.cluster.service] [node_t0] processing [zen-disco-join(elected_as_master, [1] joins received)]: execute
[2016-03-30 14:01:59,565][TRACE][org.elasticsearch.cluster.service] [node_t0] cluster state updated, source [zen-disco-join(elected_as_master, [1] joins received)]
version: 1
state uuid: xhb8S1ccRLC_u-ChRYU0_Q
from_diff: false
meta data version: 0
blocks: 
   _global_:
      1,state not recovered / initialized, blocks READ,WRITE,METADATA_READ,METADATA_WRITE
nodes: 
   {node_t1}{lk7U_niVSKyTWpmVoV3sIA}{127.0.0.1}{127.0.0.1:9661}[mode=>network]
   {node_t0}{5WFoynj2SUGDMEZmKbHSCQ}{127.0.0.1}{127.0.0.1:9660}[mode=>network], local, master
routing_table (version 0):
routing_nodes:
-----node_id[lk7U_niVSKyTWpmVoV3sIA][V]
-----node_id[5WFoynj2SUGDMEZmKbHSCQ][V]
---- unassigned

[2016-03-30 14:01:59,565][INFO ][org.elasticsearch.cluster.service] [node_t0] new_master {node_t0}{5WFoynj2SUGDMEZmKbHSCQ}{127.0.0.1}{127.0.0.1:9660}[mode=>network], added {{node_t1}{lk7U_niVSKyTWpmVoV3sIA}{127.0.0.1}{127.0.0.1:9661}[mode=>network],}, reason: zen-disco-join(elected_as_master, [1] joins received)
[2016-03-30 14:01:59,566][DEBUG][org.elasticsearch.cluster.service] [node_t0] publishing cluster state version [1]
[2016-03-30 14:01:59,567][DEBUG][org.elasticsearch.discovery.zen.publish] [node_t1] received full cluster state version [1] with size [299]
[2016-03-30 14:01:59,567][TRACE][org.elasticsearch.discovery.zen.publish] [node_t0] master node {node_t1}{lk7U_niVSKyTWpmVoV3sIA}{127.0.0.1}{127.0.0.1:9661}[mode=>network] acked cluster state version [1]. processing ... (current pending [1], needed [1])
[2016-03-30 14:01:59,568][TRACE][org.elasticsearch.discovery.zen.publish] [node_t0] committing version [1]
[2016-03-30 14:01:59,568][TRACE][org.elasticsearch.discovery.zen.publish] [node_t0] sending commit for cluster state (uuid: [xhb8S1ccRLC_u-ChRYU0_Q], version [1]) to [{node_t1}{lk7U_niVSKyTWpmVoV3sIA}{127.0.0.1}{127.0.0.1:9661}[mode=>network]]
[2016-03-30 14:01:59,568][TRACE][org.elasticsearch.cluster.service] [node_t1] will process [zen-disco-receive(from master [master {node_t0}{5WFoynj2SUGDMEZmKbHSCQ}{127.0.0.1}{127.0.0.1:9660}[mode=>network] committed version [1]])]
[2016-03-30 14:01:59,569][DEBUG][org.elasticsearch.cluster.service] [node_t1] processing [zen-disco-receive(from master [master {node_t0}{5WFoynj2SUGDMEZmKbHSCQ}{127.0.0.1}{127.0.0.1:9660}[mode=>network] committed version [1]])]: execute
[2016-03-30 14:01:59,569][DEBUG][org.elasticsearch.discovery.zen.fd] [node_t1] [master] restarting fault detection against master [{node_t0}{5WFoynj2SUGDMEZmKbHSCQ}{127.0.0.1}{127.0.0.1:9660}[mode=>network]], reason [new cluster state received and we are monitoring the wrong master [null]]
[2016-03-30 14:01:59,570][DEBUG][org.elasticsearch.discovery.zen] [node_t1] got first state from fresh master [5WFoynj2SUGDMEZmKbHSCQ]
[2016-03-30 14:01:59,570][TRACE][org.elasticsearch.discovery.zen] [node_t1] updated cluster join cluster to [1]
[2016-03-30 14:01:59,570][TRACE][org.elasticsearch.cluster.service] [node_t1] cluster state updated, source [zen-disco-receive(from master [master {node_t0}{5WFoynj2SUGDMEZmKbHSCQ}{127.0.0.1}{127.0.0.1:9660}[mode=>network] committed version [1]])]
version: 1
state uuid: xhb8S1ccRLC_u-ChRYU0_Q
from_diff: false
meta data version: 0
blocks: 
   _global_:
      1,state not recovered / initialized, blocks READ,WRITE,METADATA_READ,METADATA_WRITE
nodes: 
   {node_t1}{lk7U_niVSKyTWpmVoV3sIA}{127.0.0.1}{127.0.0.1:9661}[mode=>network], local
   {node_t0}{5WFoynj2SUGDMEZmKbHSCQ}{127.0.0.1}{127.0.0.1:9660}[mode=>network], master
routing_table (version 0):
routing_nodes:
-----node_id[lk7U_niVSKyTWpmVoV3sIA][V]
-----node_id[5WFoynj2SUGDMEZmKbHSCQ][V]
---- unassigned

[2016-03-30 14:01:59,570][INFO ][org.elasticsearch.cluster.service] [node_t1] detected_master {node_t0}{5WFoynj2SUGDMEZmKbHSCQ}{127.0.0.1}{127.0.0.1:9660}[mode=>network], added {{node_t0}{5WFoynj2SUGDMEZmKbHSCQ}{127.0.0.1}{127.0.0.1:9660}[mode=>network],}, reason: zen-disco-receive(from master [master {node_t0}{5WFoynj2SUGDMEZmKbHSCQ}{127.0.0.1}{127.0.0.1:9660}[mode=>network] committed version [1]])
[2016-03-30 14:01:59,570][DEBUG][org.elasticsearch.cluster.service] [node_t1] set local cluster state to version 1
[2016-03-30 14:01:59,571][DEBUG][org.elasticsearch.cluster.service] [node_t1] processing [zen-disco-receive(from master [master {node_t0}{5WFoynj2SUGDMEZmKbHSCQ}{127.0.0.1}{127.0.0.1:9660}[mode=>network] committed version [1]])]: took 1ms done applying updated cluster_state (version: 1, uuid: xhb8S1ccRLC_u-ChRYU0_Q)
[2016-03-30 14:01:59,571][DEBUG][org.elasticsearch.cluster.service] [node_t0] set local cluster state to version 1
[2016-03-30 14:01:59,571][TRACE][org.elasticsearch.cluster.service] [node_t1] will process [gateway_initial_state_recovery]
[2016-03-30 14:01:59,571][DEBUG][org.elasticsearch.cluster.service] [node_t1] processing [gateway_initial_state_recovery]: execute
[2016-03-30 14:01:59,571][DEBUG][org.elasticsearch.cluster.service] [node_t1] processing [gateway_initial_state_recovery]: took 0s no change in cluster_state
[2016-03-30 14:01:59,571][TRACE][org.elasticsearch.discovery.zen] [node_t0] stopping join accumulation ([election closed])
[2016-03-30 14:01:59,571][TRACE][org.elasticsearch.gateway] [node_t0] performing state recovery from [5WFoynj2SUGDMEZmKbHSCQ, lk7U_niVSKyTWpmVoV3sIA]
[2016-03-30 14:01:59,571][TRACE][org.elasticsearch.discovery.zen] [node_t0] cluster joins counter set to [1] (elected as master)
[2016-03-30 14:01:59,571][DEBUG][org.elasticsearch.cluster.service] [node_t0] processing [zen-disco-join(elected_as_master, [1] joins received)]: took 7ms done applying updated cluster_state (version: 1, uuid: xhb8S1ccRLC_u-ChRYU0_Q)
[2016-03-30 14:01:59,571][TRACE][org.elasticsearch.cluster.service] [node_t1] will process [finalize_join ({node_t0}{5WFoynj2SUGDMEZmKbHSCQ}{127.0.0.1}{127.0.0.1:9660}[mode=>network])]
[2016-03-30 14:01:59,571][TRACE][org.elasticsearch.cluster.service] [node_t0] will process [cluster_reroute(post_node_add)]
[2016-03-30 14:01:59,572][DEBUG][org.elasticsearch.cluster.service] [node_t1] processing [finalize_join ({node_t0}{5WFoynj2SUGDMEZmKbHSCQ}{127.0.0.1}{127.0.0.1:9660}[mode=>network])]: execute
[2016-03-30 14:01:59,572][DEBUG][org.elasticsearch.cluster.service] [node_t0] processing [cluster_reroute(post_node_add)]: execute
[2016-03-30 14:01:59,572][DEBUG][org.elasticsearch.cluster.service] [node_t1] processing [finalize_join ({node_t0}{5WFoynj2SUGDMEZmKbHSCQ}{127.0.0.1}{127.0.0.1:9660}[mode=>network])]: took 0s no change in cluster_state
[2016-03-30 14:01:59,572][DEBUG][org.elasticsearch.cluster.service] [node_t0] processing [cluster_reroute(post_node_add)]: took 0s no change in cluster_state
[2016-03-30 14:01:59,574][TRACE][org.elasticsearch.gateway] [node_t0] successful state recovery, importing cluster state...
[2016-03-30 14:01:59,574][TRACE][org.elasticsearch.cluster.service] [node_t0] will process [local-gateway-elected-state]
[2016-03-30 14:01:59,574][DEBUG][org.elasticsearch.cluster.service] [node_t0] processing [local-gateway-elected-state]: execute
[2016-03-30 14:01:59,575][TRACE][org.elasticsearch.cluster.service] [node_t0] cluster state updated, source [local-gateway-elected-state]
version: 2
state uuid: 68A9bu91TruhrZ1eMcPj4w
from_diff: false
meta data version: 1
nodes: 
   {node_t1}{lk7U_niVSKyTWpmVoV3sIA}{127.0.0.1}{127.0.0.1:9661}[mode=>network]
   {node_t0}{5WFoynj2SUGDMEZmKbHSCQ}{127.0.0.1}{127.0.0.1:9660}[mode=>network], local, master
routing_table (version 1):
routing_nodes:
-----node_id[lk7U_niVSKyTWpmVoV3sIA][V]
-----node_id[5WFoynj2SUGDMEZmKbHSCQ][V]
---- unassigned

[2016-03-30 14:01:59,575][DEBUG][org.elasticsearch.cluster.service] [node_t0] publishing cluster state version [2]
[2016-03-30 14:01:59,575][DEBUG][org.elasticsearch.discovery.zen.publish] [node_t1] received diff cluster state version [2] with uuid [68A9bu91TruhrZ1eMcPj4w], diff size [172]
[2016-03-30 14:01:59,576][TRACE][org.elasticsearch.discovery.zen.publish] [node_t0] master node {node_t1}{lk7U_niVSKyTWpmVoV3sIA}{127.0.0.1}{127.0.0.1:9661}[mode=>network] acked cluster state version [2]. processing ... (current pending [1], needed [1])
[2016-03-30 14:01:59,576][TRACE][org.elasticsearch.discovery.zen.publish] [node_t0] committing version [2]
[2016-03-30 14:01:59,576][TRACE][org.elasticsearch.discovery.zen.publish] [node_t0] sending commit for cluster state (uuid: [68A9bu91TruhrZ1eMcPj4w], version [2]) to [{node_t1}{lk7U_niVSKyTWpmVoV3sIA}{127.0.0.1}{127.0.0.1:9661}[mode=>network]]
[2016-03-30 14:01:59,583][TRACE][org.elasticsearch.cluster.service] [node_t1] will process [zen-disco-receive(from master [master {node_t0}{5WFoynj2SUGDMEZmKbHSCQ}{127.0.0.1}{127.0.0.1:9660}[mode=>network] committed version [2]])]
[2016-03-30 14:01:59,583][DEBUG][org.elasticsearch.cluster.service] [node_t1] processing [zen-disco-receive(from master [master {node_t0}{5WFoynj2SUGDMEZmKbHSCQ}{127.0.0.1}{127.0.0.1:9660}[mode=>network] committed version [2]])]: execute
[2016-03-30 14:01:59,583][TRACE][org.elasticsearch.cluster.service] [node_t1] cluster state updated, source [zen-disco-receive(from master [master {node_t0}{5WFoynj2SUGDMEZmKbHSCQ}{127.0.0.1}{127.0.0.1:9660}[mode=>network] committed version [2]])]
version: 2
state uuid: 68A9bu91TruhrZ1eMcPj4w
from_diff: false
meta data version: 1
nodes: 
   {node_t1}{lk7U_niVSKyTWpmVoV3sIA}{127.0.0.1}{127.0.0.1:9661}[mode=>network], local
   {node_t0}{5WFoynj2SUGDMEZmKbHSCQ}{127.0.0.1}{127.0.0.1:9660}[mode=>network], master
routing_table (version 1):
routing_nodes:
-----node_id[lk7U_niVSKyTWpmVoV3sIA][V]
-----node_id[5WFoynj2SUGDMEZmKbHSCQ][V]
---- unassigned

[2016-03-30 14:01:59,583][DEBUG][org.elasticsearch.cluster.service] [node_t1] set local cluster state to version 2
[2016-03-30 14:01:59,583][TRACE][org.elasticsearch.gateway] [node_t1] [_global] writing state, reason [changed]
[2016-03-30 14:01:59,595][TRACE][org.elasticsearch.transport.tracer] [transport_client_node_t1] [1][cluster:monitor/health] sent to [{node_t1}{lk7U_niVSKyTWpmVoV3sIA}{127.0.0.1}{127.0.0.1:9661}[mode=>network]] (timeout: [null])
[2016-03-30 14:01:59,611][DEBUG][org.elasticsearch.cluster.service] [node_t1] processing [zen-disco-receive(from master [master {node_t0}{5WFoynj2SUGDMEZmKbHSCQ}{127.0.0.1}{127.0.0.1:9660}[mode=>network] committed version [2]])]: took 27ms done applying updated cluster_state (version: 2, uuid: 68A9bu91TruhrZ1eMcPj4w)
[2016-03-30 14:01:59,611][DEBUG][org.elasticsearch.cluster.service] [node_t0] set local cluster state to version 2
[2016-03-30 14:01:59,611][TRACE][org.elasticsearch.gateway] [node_t0] [_global] writing state, reason [changed]
[2016-03-30 14:01:59,642][INFO ][org.elasticsearch.gateway] [node_t0] recovered [0] indices into cluster_state
[2016-03-30 14:01:59,642][DEBUG][org.elasticsearch.cluster.service] [node_t0] processing [local-gateway-elected-state]: took 67ms done applying updated cluster_state (version: 2, uuid: 68A9bu91TruhrZ1eMcPj4w)
[2016-03-30 14:01:59,642][TRACE][org.elasticsearch.cluster.service] [node_t0] will process [cluster_health (wait_for_events [LANGUID])]
[2016-03-30 14:01:59,642][DEBUG][org.elasticsearch.cluster.service] [node_t0] processing [cluster_health (wait_for_events [LANGUID])]: execute
[2016-03-30 14:01:59,643][DEBUG][org.elasticsearch.cluster.service] [node_t0] processing [cluster_health (wait_for_events [LANGUID])]: took 0s no change in cluster_state
[2016-03-30 14:01:59,644][TRACE][org.elasticsearch.transport.tracer] [transport_client_node_t1] [1][cluster:monitor/health] received response from [{node_t1}{lk7U_niVSKyTWpmVoV3sIA}{127.0.0.1}{127.0.0.1:9661}[mode=>network]]
[2016-03-30 14:01:59,645][TRACE][org.elasticsearch.transport.tracer] [transport_client_node_t0] [2][cluster:monitor/state] sent to [{node_t0}{5WFoynj2SUGDMEZmKbHSCQ}{127.0.0.1}{127.0.0.1:9660}[mode=>network]] (timeout: [null])
[2016-03-30 14:01:59,648][TRACE][org.elasticsearch.transport.tracer] [transport_client_node_t0] [2][cluster:monitor/state] received response from [{node_t0}{5WFoynj2SUGDMEZmKbHSCQ}{127.0.0.1}{127.0.0.1:9660}[mode=>network]]
[2016-03-30 14:01:59,649][TRACE][org.elasticsearch.transport.tracer] [transport_client_node_t0] [3][cluster:monitor/state] sent to [{node_t0}{5WFoynj2SUGDMEZmKbHSCQ}{127.0.0.1}{127.0.0.1:9660}[mode=>network]] (timeout: [null])
[2016-03-30 14:01:59,650][TRACE][org.elasticsearch.transport.tracer] [transport_client_node_t0] [3][cluster:monitor/state] received response from [{node_t0}{5WFoynj2SUGDMEZmKbHSCQ}{127.0.0.1}{127.0.0.1:9660}[mode=>network]]
[2016-03-30 14:01:59,651][TRACE][org.elasticsearch.transport.tracer] [transport_client_node_t0] [4][indices:admin/create] sent to [{node_t0}{5WFoynj2SUGDMEZmKbHSCQ}{127.0.0.1}{127.0.0.1:9660}[mode=>network]] (timeout: [null])
[2016-03-30 14:01:59,651][TRACE][org.elasticsearch.cluster.service] [node_t0] will process [create-index [test], cause [api]]
[2016-03-30 14:01:59,651][DEBUG][org.elasticsearch.cluster.service] [node_t0] processing [create-index [test], cause [api]]: execute
[2016-03-30 14:01:59,654][TRACE][org.elasticsearch.cluster.service] expecting 2 acknowledgements for cluster_state update (version: 3)
[2016-03-30 14:01:59,658][TRACE][org.elasticsearch.cluster.service] [node_t0] cluster state updated, source [create-index [test], cause [api]]
version: 3
state uuid: nYUQ6Zd5RAqp1IySMrqwvw
from_diff: false
meta data version: 2
nodes: 
   {node_t1}{lk7U_niVSKyTWpmVoV3sIA}{127.0.0.1}{127.0.0.1:9661}[mode=>network]
   {node_t0}{5WFoynj2SUGDMEZmKbHSCQ}{127.0.0.1}{127.0.0.1:9660}[mode=>network], local, master
routing_table (version 2):
-- index [test]
----shard_id [test][0]
--------[test][0], node[lk7U_niVSKyTWpmVoV3sIA], [P], v[1], s[INITIALIZING], a[id=uC3ewIfZRDW-4Ye1pl4ULw], unassigned_info[[reason=INDEX_CREATED], at[2016-03-30T21:01:59.653Z]]
----shard_id [test][1]
--------[test][1], node[5WFoynj2SUGDMEZmKbHSCQ], [P], v[1], s[INITIALIZING], a[id=7v3L-zOpSdGFdWjmgBQoEg], unassigned_info[[reason=INDEX_CREATED], at[2016-03-30T21:01:59.653Z]]
----shard_id [test][2]
--------[test][2], node[lk7U_niVSKyTWpmVoV3sIA], [P], v[1], s[INITIALIZING], a[id=aldfZzscRt6PWb38x5_cjA], unassigned_info[[reason=INDEX_CREATED], at[2016-03-30T21:01:59.653Z]]
----shard_id [test][3]
--------[test][3], node[5WFoynj2SUGDMEZmKbHSCQ], [P], v[1], s[INITIALIZING], a[id=R5NTof8yScKzImVZa2Cmfw], unassigned_info[[reason=INDEX_CREATED], at[2016-03-30T21:01:59.653Z]]
----shard_id [test][4]
--------[test][4], node[lk7U_niVSKyTWpmVoV3sIA], [P], v[1], s[INITIALIZING], a[id=7dKyNkRvT0WKMiTTjDRO4A], unassigned_info[[reason=INDEX_CREATED], at[2016-03-30T21:01:59.653Z]]
----shard_id [test][5]
--------[test][5], node[5WFoynj2SUGDMEZmKbHSCQ], [P], v[1], s[INITIALIZING], a[id=63rcVyKZTgaKOOleK_yqDw], unassigned_info[[reason=INDEX_CREATED], at[2016-03-30T21:01:59.653Z]]
----shard_id [test][6]
--------[test][6], node[lk7U_niVSKyTWpmVoV3sIA], [P], v[1], s[INITIALIZING], a[id=RFLG2DrFRBCCZsSxxCrbog], unassigned_info[[reason=INDEX_CREATED], at[2016-03-30T21:01:59.653Z]]
----shard_id [test][7]
--------[test][7], node[5WFoynj2SUGDMEZmKbHSCQ], [P], v[1], s[INITIALIZING], a[id=RGDxkoxeQnyJLtqpsLyP0w], unassigned_info[[reason=INDEX_CREATED], at[2016-03-30T21:01:59.653Z]]

routing_nodes:
-----node_id[lk7U_niVSKyTWpmVoV3sIA][V]
--------[test][6], node[lk7U_niVSKyTWpmVoV3sIA], [P], v[1], s[INITIALIZING], a[id=RFLG2DrFRBCCZsSxxCrbog], unassigned_info[[reason=INDEX_CREATED], at[2016-03-30T21:01:59.653Z]]
--------[test][4], node[lk7U_niVSKyTWpmVoV3sIA], [P], v[1], s[INITIALIZING], a[id=7dKyNkRvT0WKMiTTjDRO4A], unassigned_info[[reason=INDEX_CREATED], at[2016-03-30T21:01:59.653Z]]
--------[test][2], node[lk7U_niVSKyTWpmVoV3sIA], [P], v[1], s[INITIALIZING], a[id=aldfZzscRt6PWb38x5_cjA], unassigned_info[[reason=INDEX_CREATED], at[2016-03-30T21:01:59.653Z]]
--------[test][0], node[lk7U_niVSKyTWpmVoV3sIA], [P], v[1], s[INITIALIZING], a[id=uC3ewIfZRDW-4Ye1pl4ULw], unassigned_info[[reason=INDEX_CREATED], at[2016-03-30T21:01:59.653Z]]
-----node_id[5WFoynj2SUGDMEZmKbHSCQ][V]
--------[test][1], node[5WFoynj2SUGDMEZmKbHSCQ], [P], v[1], s[INITIALIZING], a[id=7v3L-zOpSdGFdWjmgBQoEg], unassigned_info[[reason=INDEX_CREATED], at[2016-03-30T21:01:59.653Z]]
--------[test][7], node[5WFoynj2SUGDMEZmKbHSCQ], [P], v[1], s[INITIALIZING], a[id=RGDxkoxeQnyJLtqpsLyP0w], unassigned_info[[reason=INDEX_CREATED], at[2016-03-30T21:01:59.653Z]]
--------[test][5], node[5WFoynj2SUGDMEZmKbHSCQ], [P], v[1], s[INITIALIZING], a[id=63rcVyKZTgaKOOleK_yqDw], unassigned_info[[reason=INDEX_CREATED], at[2016-03-30T21:01:59.653Z]]
--------[test][3], node[5WFoynj2SUGDMEZmKbHSCQ], [P], v[1], s[INITIALIZING], a[id=R5NTof8yScKzImVZa2Cmfw], unassigned_info[[reason=INDEX_CREATED], at[2016-03-30T21:01:59.653Z]]
---- unassigned

[2016-03-30 14:01:59,659][DEBUG][org.elasticsearch.cluster.service] [node_t0] publishing cluster state version [3]
[2016-03-30 14:01:59,660][DEBUG][org.elasticsearch.discovery.zen.publish] [node_t1] received diff cluster state version [3] with uuid [nYUQ6Zd5RAqp1IySMrqwvw], diff size [562]
[2016-03-30 14:01:59,660][TRACE][org.elasticsearch.discovery.zen.publish] [node_t0] master node {node_t1}{lk7U_niVSKyTWpmVoV3sIA}{127.0.0.1}{127.0.0.1:9661}[mode=>network] acked cluster state version [3]. processing ... (current pending [1], needed [1])
[2016-03-30 14:01:59,661][TRACE][org.elasticsearch.discovery.zen.publish] [node_t0] committing version [3]
[2016-03-30 14:01:59,661][TRACE][org.elasticsearch.discovery.zen.publish] [node_t0] sending commit for cluster state (uuid: [nYUQ6Zd5RAqp1IySMrqwvw], version [3]) to [{node_t1}{lk7U_niVSKyTWpmVoV3sIA}{127.0.0.1}{127.0.0.1:9661}[mode=>network]]
[2016-03-30 14:01:59,670][TRACE][org.elasticsearch.cluster.service] [node_t1] will process [zen-disco-receive(from master [master {node_t0}{5WFoynj2SUGDMEZmKbHSCQ}{127.0.0.1}{127.0.0.1:9660}[mode=>network] committed version [3]])]
[2016-03-30 14:01:59,670][DEBUG][org.elasticsearch.cluster.service] [node_t1] processing [zen-disco-receive(from master [master {node_t0}{5WFoynj2SUGDMEZmKbHSCQ}{127.0.0.1}{127.0.0.1:9660}[mode=>network] committed version [3]])]: execute
[2016-03-30 14:01:59,670][TRACE][org.elasticsearch.cluster.service] [node_t1] cluster state updated, source [zen-disco-receive(from master [master {node_t0}{5WFoynj2SUGDMEZmKbHSCQ}{127.0.0.1}{127.0.0.1:9660}[mode=>network] committed version [3]])]
version: 3
state uuid: nYUQ6Zd5RAqp1IySMrqwvw
from_diff: false
meta data version: 2
nodes: 
   {node_t1}{lk7U_niVSKyTWpmVoV3sIA}{127.0.0.1}{127.0.0.1:9661}[mode=>network], local
   {node_t0}{5WFoynj2SUGDMEZmKbHSCQ}{127.0.0.1}{127.0.0.1:9660}[mode=>network], master
routing_table (version 2):
-- index [test]
----shard_id [test][0]
--------[test][0], node[lk7U_niVSKyTWpmVoV3sIA], [P], v[1], s[INITIALIZING], a[id=uC3ewIfZRDW-4Ye1pl4ULw], unassigned_info[[reason=INDEX_CREATED], at[2016-03-30T21:01:59.653Z]]
----shard_id [test][1]
--------[test][1], node[5WFoynj2SUGDMEZmKbHSCQ], [P], v[1], s[INITIALIZING], a[id=7v3L-zOpSdGFdWjmgBQoEg], unassigned_info[[reason=INDEX_CREATED], at[2016-03-30T21:01:59.653Z]]
----shard_id [test][2]
--------[test][2], node[lk7U_niVSKyTWpmVoV3sIA], [P], v[1], s[INITIALIZING], a[id=aldfZzscRt6PWb38x5_cjA], unassigned_info[[reason=INDEX_CREATED], at[2016-03-30T21:01:59.653Z]]
----shard_id [test][3]
--------[test][3], node[5WFoynj2SUGDMEZmKbHSCQ], [P], v[1], s[INITIALIZING], a[id=R5NTof8yScKzImVZa2Cmfw], unassigned_info[[reason=INDEX_CREATED], at[2016-03-30T21:01:59.653Z]]
----shard_id [test][4]
--------[test][4], node[lk7U_niVSKyTWpmVoV3sIA], [P], v[1], s[INITIALIZING], a[id=7dKyNkRvT0WKMiTTjDRO4A], unassigned_info[[reason=INDEX_CREATED], at[2016-03-30T21:01:59.653Z]]
----shard_id [test][5]
--------[test][5], node[5WFoynj2SUGDMEZmKbHSCQ], [P], v[1], s[INITIALIZING], a[id=63rcVyKZTgaKOOleK_yqDw], unassigned_info[[reason=INDEX_CREATED], at[2016-03-30T21:01:59.653Z]]
----shard_id [test][6]
--------[test][6], node[lk7U_niVSKyTWpmVoV3sIA], [P], v[1], s[INITIALIZING], a[id=RFLG2DrFRBCCZsSxxCrbog], unassigned_info[[reason=INDEX_CREATED], at[2016-03-30T21:01:59.653Z]]
----shard_id [test][7]
--------[test][7], node[5WFoynj2SUGDMEZmKbHSCQ], [P], v[1], s[INITIALIZING], a[id=RGDxkoxeQnyJLtqpsLyP0w], unassigned_info[[reason=INDEX_CREATED], at[2016-03-30T21:01:59.653Z]]

routing_nodes:
-----node_id[lk7U_niVSKyTWpmVoV3sIA][V]
--------[test][2], node[lk7U_niVSKyTWpmVoV3sIA], [P], v[1], s[INITIALIZING], a[id=aldfZzscRt6PWb38x5_cjA], unassigned_info[[reason=INDEX_CREATED], at[2016-03-30T21:01:59.653Z]]
--------[test][4], node[lk7U_niVSKyTWpmVoV3sIA], [P], v[1], s[INITIALIZING], a[id=7dKyNkRvT0WKMiTTjDRO4A], unassigned_info[[reason=INDEX_CREATED], at[2016-03-30T21:01:59.653Z]]
--------[test][6], node[lk7U_niVSKyTWpmVoV3sIA], [P], v[1], s[INITIALIZING], a[id=RFLG2DrFRBCCZsSxxCrbog], unassigned_info[[reason=INDEX_CREATED], at[2016-03-30T21:01:59.653Z]]
--------[test][0], node[lk7U_niVSKyTWpmVoV3sIA], [P], v[1], s[INITIALIZING], a[id=uC3ewIfZRDW-4Ye1pl4ULw], unassigned_info[[reason=INDEX_CREATED], at[2016-03-30T21:01:59.653Z]]
-----node_id[5WFoynj2SUGDMEZmKbHSCQ][V]
--------[test][5], node[5WFoynj2SUGDMEZmKbHSCQ], [P], v[1], s[INITIALIZING], a[id=63rcVyKZTgaKOOleK_yqDw], unassigned_info[[reason=INDEX_CREATED], at[2016-03-30T21:01:59.653Z]]
--------[test][1], node[5WFoynj2SUGDMEZmKbHSCQ], [P], v[1], s[INITIALIZING], a[id=7v3L-zOpSdGFdWjmgBQoEg], unassigned_info[[reason=INDEX_CREATED], at[2016-03-30T21:01:59.653Z]]
--------[test][7], node[5WFoynj2SUGDMEZmKbHSCQ], [P], v[1], s[INITIALIZING], a[id=RGDxkoxeQnyJLtqpsLyP0w], unassigned_info[[reason=INDEX_CREATED], at[2016-03-30T21:01:59.653Z]]
--------[test][3], node[5WFoynj2SUGDMEZmKbHSCQ], [P], v[1], s[INITIALIZING], a[id=R5NTof8yScKzImVZa2Cmfw], unassigned_info[[reason=INDEX_CREATED], at[2016-03-30T21:01:59.653Z]]
---- unassigned

[2016-03-30 14:01:59,671][DEBUG][org.elasticsearch.cluster.service] [node_t1] set local cluster state to version 3
[2016-03-30 14:01:59,860][TRACE][org.elasticsearch.gateway] [node_t1] [test] writing state, reason [freshly created]
[2016-03-30 14:01:59,908][DEBUG][org.elasticsearch.cluster.service] [node_t1] processing [zen-disco-receive(from master [master {node_t0}{5WFoynj2SUGDMEZmKbHSCQ}{127.0.0.1}{127.0.0.1:9660}[mode=>network] committed version [3]])]: took 237ms done applying updated cluster_state (version: 3, uuid: nYUQ6Zd5RAqp1IySMrqwvw)
[2016-03-30 14:01:59,908][DEBUG][org.elasticsearch.cluster.service] [node_t0] set local cluster state to version 3
[2016-03-30 14:01:59,908][TRACE][org.elasticsearch.cluster.service] ack received from node [{node_t1}{lk7U_niVSKyTWpmVoV3sIA}{127.0.0.1}{127.0.0.1:9661}[mode=>network]], cluster_state update (version: 3)
[2016-03-30 14:02:00,073][TRACE][org.elasticsearch.gateway] [node_t0] [test] writing state, reason [freshly created]
[2016-03-30 14:02:00,119][TRACE][org.elasticsearch.cluster.service] ack received from node [{node_t0}{5WFoynj2SUGDMEZmKbHSCQ}{127.0.0.1}{127.0.0.1:9660}[mode=>network]], cluster_state update (version: 3)
[2016-03-30 14:02:00,120][TRACE][org.elasticsearch.cluster.service] all expected nodes acknowledged cluster_state update (version: 3)
[2016-03-30 14:02:00,120][DEBUG][org.elasticsearch.cluster.service] [node_t0] processing [create-index [test], cause [api]]: took 468ms done applying updated cluster_state (version: 3, uuid: nYUQ6Zd5RAqp1IySMrqwvw)
[2016-03-30 14:02:00,120][TRACE][org.elasticsearch.cluster.service] [node_t0] will process [shard-started ([test][2], node[lk7U_niVSKyTWpmVoV3sIA], [P], v[1], s[INITIALIZING], a[id=aldfZzscRt6PWb38x5_cjA], unassigned_info[[reason=INDEX_CREATED], at[2016-03-30T21:01:59.653Z]]), reason [after recovery from store]]
[2016-03-30 14:02:00,120][TRACE][org.elasticsearch.cluster.service] [node_t0] will process [shard-started ([test][4], node[lk7U_niVSKyTWpmVoV3sIA], [P], v[1], s[INITIALIZING], a[id=7dKyNkRvT0WKMiTTjDRO4A], unassigned_info[[reason=INDEX_CREATED], at[2016-03-30T21:01:59.653Z]]), reason [after recovery from store]]
[2016-03-30 14:02:00,120][TRACE][org.elasticsearch.cluster.service] [node_t0] will process [shard-started ([test][6], node[lk7U_niVSKyTWpmVoV3sIA], [P], v[1], s[INITIALIZING], a[id=RFLG2DrFRBCCZsSxxCrbog], unassigned_info[[reason=INDEX_CREATED], at[2016-03-30T21:01:59.653Z]]), reason [after recovery from store]]
[2016-03-30 14:02:00,120][TRACE][org.elasticsearch.cluster.service] [node_t0] will process [shard-started ([test][0], node[lk7U_niVSKyTWpmVoV3sIA], [P], v[1], s[INITIALIZING], a[id=uC3ewIfZRDW-4Ye1pl4ULw], unassigned_info[[reason=INDEX_CREATED], at[2016-03-30T21:01:59.653Z]]), reason [after recovery from store]]
[2016-03-30 14:02:00,120][TRACE][org.elasticsearch.cluster.service] [node_t0] will process [shard-started ([test][1], node[5WFoynj2SUGDMEZmKbHSCQ], [P], v[1], s[INITIALIZING], a[id=7v3L-zOpSdGFdWjmgBQoEg], unassigned_info[[reason=INDEX_CREATED], at[2016-03-30T21:01:59.653Z]]), reason [after recovery from store]]
[2016-03-30 14:02:00,120][TRACE][org.elasticsearch.cluster.service] [node_t0] will process [shard-started ([test][7], node[5WFoynj2SUGDMEZmKbHSCQ], [P], v[1], s[INITIALIZING], a[id=RGDxkoxeQnyJLtqpsLyP0w], unassigned_info[[reason=INDEX_CREATED], at[2016-03-30T21:01:59.653Z]]), reason [after recovery from store]]
[2016-03-30 14:02:00,120][TRACE][org.elasticsearch.cluster.service] [node_t0] will process [shard-started ([test][5], node[5WFoynj2SUGDMEZmKbHSCQ], [P], v[1], s[INITIALIZING], a[id=63rcVyKZTgaKOOleK_yqDw], unassigned_info[[reason=INDEX_CREATED], at[2016-03-30T21:01:59.653Z]]), reason [after recovery from store]]
[2016-03-30 14:02:00,120][TRACE][org.elasticsearch.transport.tracer] [transport_client_node_t0] [4][indices:admin/create] received response from [{node_t0}{5WFoynj2SUGDMEZmKbHSCQ}{127.0.0.1}{127.0.0.1:9660}[mode=>network]]
[2016-03-30 14:02:00,120][TRACE][org.elasticsearch.cluster.service] [node_t0] will process [shard-started ([test][3], node[5WFoynj2SUGDMEZmKbHSCQ], [P], v[1], s[INITIALIZING], a[id=R5NTof8yScKzImVZa2Cmfw], unassigned_info[[reason=INDEX_CREATED], at[2016-03-30T21:01:59.653Z]]), reason [after recovery from store]]
[2016-03-30 14:02:00,120][DEBUG][org.elasticsearch.cluster.service] [node_t0] processing [shard-started ([test][2], node[lk7U_niVSKyTWpmVoV3sIA], [P], v[1], s[INITIALIZING], a[id=aldfZzscRt6PWb38x5_cjA], unassigned_info[[reason=INDEX_CREATED], at[2016-03-30T21:01:59.653Z]]), reason [after recovery from store],shard-started ([test][4], node[lk7U_niVSKyTWpmVoV3sIA], [P], v[1], s[INITIALIZING], a[id=7dKyNkRvT0WKMiTTjDRO4A], unassigned_info[[reason=INDEX_CREATED], at[2016-03-30T21:01:59.653Z]]), reason [after recovery from store],shard-started ([test][6], node[lk7U_niVSKyTWpmVoV3sIA], [P], v[1], s[INITIALIZING], a[id=RFLG2DrFRBCCZsSxxCrbog], unassigned_info[[reason=INDEX_CREATED], at[2016-03-30T21:01:59.653Z]]), reason [after recovery from store],shard-started ([test][0], node[lk7U_niVSKyTWpmVoV3sIA], [P], v[1], s[INITIALIZING], a[id=uC3ewIfZRDW-4Ye1pl4ULw], unassigned_info[[reason=INDEX_CREATED], at[2016-03-30T21:01:59.653Z]]), reason [after recovery from store],shard-started ([test][1], node[5WFoynj2SUGDMEZmKbHSCQ], [P], v[1], s[INITIALIZING], a[id=7v3L-zOpSdGFdWjmgBQoEg], unassigned_info[[reason=INDEX_CREATED], at[2016-03-30T21:01:59.653Z]]), reason [after recovery from store],shard-started ([test][7], node[5WFoynj2SUGDMEZmKbHSCQ], [P], v[1], s[INITIALIZING], a[id=RGDxkoxeQnyJLtqpsLyP0w], unassigned_info[[reason=INDEX_CREATED], at[2016-03-30T21:01:59.653Z]]), reason [after recovery from store],shard-started ([test][5], node[5WFoynj2SUGDMEZmKbHSCQ], [P], v[1], s[INITIALIZING], a[id=63rcVyKZTgaKOOleK_yqDw], unassigned_info[[reason=INDEX_CREATED], at[2016-03-30T21:01:59.653Z]]), reason [after recovery from store],shard-started ([test][3], node[5WFoynj2SUGDMEZmKbHSCQ], [P], v[1], s[INITIALIZING], a[id=R5NTof8yScKzImVZa2Cmfw], unassigned_info[[reason=INDEX_CREATED], at[2016-03-30T21:01:59.653Z]]), reason [after recovery from store]]: execute
[2016-03-30 14:02:00,121][TRACE][org.elasticsearch.transport.tracer] [transport_client_node_t0] [5][cluster:monitor/state] sent to [{node_t0}{5WFoynj2SUGDMEZmKbHSCQ}{127.0.0.1}{127.0.0.1:9660}[mode=>network]] (timeout: [null])
[2016-03-30 14:02:00,121][TRACE][org.elasticsearch.transport.tracer] [transport_client_node_t0] [5][cluster:monitor/state] received response from [{node_t0}{5WFoynj2SUGDMEZmKbHSCQ}{127.0.0.1}{127.0.0.1:9660}[mode=>network]]
[2016-03-30 14:02:00,122][TRACE][org.elasticsearch.cluster.service] [node_t0] cluster state updated, source [shard-started ([test][2], node[lk7U_niVSKyTWpmVoV3sIA], [P], v[1], s[INITIALIZING], a[id=aldfZzscRt6PWb38x5_cjA], unassigned_info[[reason=INDEX_CREATED], at[2016-03-30T21:01:59.653Z]]), reason [after recovery from store],shard-started ([test][4], node[lk7U_niVSKyTWpmVoV3sIA], [P], v[1], s[INITIALIZING], a[id=7dKyNkRvT0WKMiTTjDRO4A], unassigned_info[[reason=INDEX_CREATED], at[2016-03-30T21:01:59.653Z]]), reason [after recovery from store],shard-started ([test][6], node[lk7U_niVSKyTWpmVoV3sIA], [P], v[1], s[INITIALIZING], a[id=RFLG2DrFRBCCZsSxxCrbog], unassigned_info[[reason=INDEX_CREATED], at[2016-03-30T21:01:59.653Z]]), reason [after recovery from store],shard-started ([test][0], node[lk7U_niVSKyTWpmVoV3sIA], [P], v[1], s[INITIALIZING], a[id=uC3ewIfZRDW-4Ye1pl4ULw], unassigned_info[[reason=INDEX_CREATED], at[2016-03-30T21:01:59.653Z]]), reason [after recovery from store],shard-started ([test][1], node[5WFoynj2SUGDMEZmKbHSCQ], [P], v[1], s[INITIALIZING], a[id=7v3L-zOpSdGFdWjmgBQoEg], unassigned_info[[reason=INDEX_CREATED], at[2016-03-30T21:01:59.653Z]]), reason [after recovery from store],shard-started ([test][7], node[5WFoynj2SUGDMEZmKbHSCQ], [P], v[1], s[INITIALIZING], a[id=RGDxkoxeQnyJLtqpsLyP0w], unassigned_info[[reason=INDEX_CREATED], at[2016-03-30T21:01:59.653Z]]), reason [after recovery from store],shard-started ([test][5], node[5WFoynj2SUGDMEZmKbHSCQ], [P], v[1], s[INITIALIZING], a[id=63rcVyKZTgaKOOleK_yqDw], unassigned_info[[reason=INDEX_CREATED], at[2016-03-30T21:01:59.653Z]]), reason [after recovery from store],shard-started ([test][3], node[5WFoynj2SUGDMEZmKbHSCQ], [P], v[1], s[INITIALIZING], a[id=R5NTof8yScKzImVZa2Cmfw], unassigned_info[[reason=INDEX_CREATED], at[2016-03-30T21:01:59.653Z]]), reason [after recovery from store]]
version: 4
state uuid: LK6okAOuR-m5MgFnIOIpSA
from_diff: false
meta data version: 3
nodes: 
   {node_t1}{lk7U_niVSKyTWpmVoV3sIA}{127.0.0.1}{127.0.0.1:9661}[mode=>network]
   {node_t0}{5WFoynj2SUGDMEZmKbHSCQ}{127.0.0.1}{127.0.0.1:9660}[mode=>network], local, master
routing_table (version 3):
-- index [test]
----shard_id [test][0]
--------[test][0], node[lk7U_niVSKyTWpmVoV3sIA], [P], v[2], s[STARTED], a[id=uC3ewIfZRDW-4Ye1pl4ULw]
----shard_id [test][1]
--------[test][1], node[5WFoynj2SUGDMEZmKbHSCQ], [P], v[2], s[STARTED], a[id=7v3L-zOpSdGFdWjmgBQoEg]
----shard_id [test][2]
--------[test][2], node[lk7U_niVSKyTWpmVoV3sIA], [P], v[2], s[STARTED], a[id=aldfZzscRt6PWb38x5_cjA]
----shard_id [test][3]
--------[test][3], node[5WFoynj2SUGDMEZmKbHSCQ], [P], v[2], s[STARTED], a[id=R5NTof8yScKzImVZa2Cmfw]
----shard_id [test][4]
--------[test][4], node[lk7U_niVSKyTWpmVoV3sIA], [P], v[2], s[STARTED], a[id=7dKyNkRvT0WKMiTTjDRO4A]
----shard_id [test][5]
--------[test][5], node[5WFoynj2SUGDMEZmKbHSCQ], [P], v[2], s[STARTED], a[id=63rcVyKZTgaKOOleK_yqDw]
----shard_id [test][6]
--------[test][6], node[lk7U_niVSKyTWpmVoV3sIA], [P], v[2], s[STARTED], a[id=RFLG2DrFRBCCZsSxxCrbog]
----shard_id [test][7]
--------[test][7], node[5WFoynj2SUGDMEZmKbHSCQ], [P], v[2], s[STARTED], a[id=RGDxkoxeQnyJLtqpsLyP0w]

routing_nodes:
-----node_id[lk7U_niVSKyTWpmVoV3sIA][V]
--------[test][6], node[lk7U_niVSKyTWpmVoV3sIA], [P], v[2], s[STARTED], a[id=RFLG2DrFRBCCZsSxxCrbog]
--------[test][4], node[lk7U_niVSKyTWpmVoV3sIA], [P], v[2], s[STARTED], a[id=7dKyNkRvT0WKMiTTjDRO4A]
--------[test][2], node[lk7U_niVSKyTWpmVoV3sIA], [P], v[2], s[STARTED], a[id=aldfZzscRt6PWb38x5_cjA]
--------[test][0], node[lk7U_niVSKyTWpmVoV3sIA], [P], v[2], s[STARTED], a[id=uC3ewIfZRDW-4Ye1pl4ULw]
-----node_id[5WFoynj2SUGDMEZmKbHSCQ][V]
--------[test][7], node[5WFoynj2SUGDMEZmKbHSCQ], [P], v[2], s[STARTED], a[id=RGDxkoxeQnyJLtqpsLyP0w]
--------[test][1], node[5WFoynj2SUGDMEZmKbHSCQ], [P], v[2], s[STARTED], a[id=7v3L-zOpSdGFdWjmgBQoEg]
--------[test][5], node[5WFoynj2SUGDMEZmKbHSCQ], [P], v[2], s[STARTED], a[id=63rcVyKZTgaKOOleK_yqDw]
--------[test][3], node[5WFoynj2SUGDMEZmKbHSCQ], [P], v[2], s[STARTED], a[id=R5NTof8yScKzImVZa2Cmfw]
---- unassigned

[2016-03-30 14:02:00,122][TRACE][org.elasticsearch.transport.tracer] [transport_client_node_t0] [6][indices:data/write/index] sent to [{node_t0}{5WFoynj2SUGDMEZmKbHSCQ}{127.0.0.1}{127.0.0.1:9660}[mode=>network]] (timeout: [null])
[2016-03-30 14:02:00,122][DEBUG][org.elasticsearch.cluster.service] [node_t0] publishing cluster state version [4]
[2016-03-30 14:02:00,123][DEBUG][org.elasticsearch.discovery.zen.publish] [node_t1] received diff cluster state version [4] with uuid [LK6okAOuR-m5MgFnIOIpSA], diff size [579]
[2016-03-30 14:02:00,124][TRACE][org.elasticsearch.discovery.zen.publish] [node_t0] master node {node_t1}{lk7U_niVSKyTWpmVoV3sIA}{127.0.0.1}{127.0.0.1:9661}[mode=>network] acked cluster state version [4]. processing ... (current pending [1], needed [1])
[2016-03-30 14:02:00,124][TRACE][org.elasticsearch.discovery.zen.publish] [node_t0] committing version [4]
[2016-03-30 14:02:00,124][TRACE][org.elasticsearch.discovery.zen.publish] [node_t0] sending commit for cluster state (uuid: [LK6okAOuR-m5MgFnIOIpSA], version [4]) to [{node_t1}{lk7U_niVSKyTWpmVoV3sIA}{127.0.0.1}{127.0.0.1:9661}[mode=>network]]
[2016-03-30 14:02:00,125][TRACE][org.elasticsearch.cluster.service] [node_t1] will process [zen-disco-receive(from master [master {node_t0}{5WFoynj2SUGDMEZmKbHSCQ}{127.0.0.1}{127.0.0.1:9660}[mode=>network] committed version [4]])]
[2016-03-30 14:02:00,125][DEBUG][org.elasticsearch.cluster.service] [node_t1] processing [zen-disco-receive(from master [master {node_t0}{5WFoynj2SUGDMEZmKbHSCQ}{127.0.0.1}{127.0.0.1:9660}[mode=>network] committed version [4]])]: execute
[2016-03-30 14:02:00,125][TRACE][org.elasticsearch.cluster.service] [node_t1] cluster state updated, source [zen-disco-receive(from master [master {node_t0}{5WFoynj2SUGDMEZmKbHSCQ}{127.0.0.1}{127.0.0.1:9660}[mode=>network] committed version [4]])]
version: 4
state uuid: LK6okAOuR-m5MgFnIOIpSA
from_diff: false
meta data version: 3
nodes: 
   {node_t1}{lk7U_niVSKyTWpmVoV3sIA}{127.0.0.1}{127.0.0.1:9661}[mode=>network], local
   {node_t0}{5WFoynj2SUGDMEZmKbHSCQ}{127.0.0.1}{127.0.0.1:9660}[mode=>network], master
routing_table (version 3):
-- index [test]
----shard_id [test][0]
--------[test][0], node[lk7U_niVSKyTWpmVoV3sIA], [P], v[2], s[STARTED], a[id=uC3ewIfZRDW-4Ye1pl4ULw]
----shard_id [test][1]
--------[test][1], node[5WFoynj2SUGDMEZmKbHSCQ], [P], v[2], s[STARTED], a[id=7v3L-zOpSdGFdWjmgBQoEg]
----shard_id [test][2]
--------[test][2], node[lk7U_niVSKyTWpmVoV3sIA], [P], v[2], s[STARTED], a[id=aldfZzscRt6PWb38x5_cjA]
----shard_id [test][3]
--------[test][3], node[5WFoynj2SUGDMEZmKbHSCQ], [P], v[2], s[STARTED], a[id=R5NTof8yScKzImVZa2Cmfw]
----shard_id [test][4]
--------[test][4], node[lk7U_niVSKyTWpmVoV3sIA], [P], v[2], s[STARTED], a[id=7dKyNkRvT0WKMiTTjDRO4A]
----shard_id [test][5]
--------[test][5], node[5WFoynj2SUGDMEZmKbHSCQ], [P], v[2], s[STARTED], a[id=63rcVyKZTgaKOOleK_yqDw]
----shard_id [test][6]
--------[test][6], node[lk7U_niVSKyTWpmVoV3sIA], [P], v[2], s[STARTED], a[id=RFLG2DrFRBCCZsSxxCrbog]
----shard_id [test][7]
--------[test][7], node[5WFoynj2SUGDMEZmKbHSCQ], [P], v[2], s[STARTED], a[id=RGDxkoxeQnyJLtqpsLyP0w]

routing_nodes:
-----node_id[lk7U_niVSKyTWpmVoV3sIA][V]
--------[test][2], node[lk7U_niVSKyTWpmVoV3sIA], [P], v[2], s[STARTED], a[id=aldfZzscRt6PWb38x5_cjA]
--------[test][6], node[lk7U_niVSKyTWpmVoV3sIA], [P], v[2], s[STARTED], a[id=RFLG2DrFRBCCZsSxxCrbog]
--------[test][4], node[lk7U_niVSKyTWpmVoV3sIA], [P], v[2], s[STARTED], a[id=7dKyNkRvT0WKMiTTjDRO4A]
--------[test][0], node[lk7U_niVSKyTWpmVoV3sIA], [P], v[2], s[STARTED], a[id=uC3ewIfZRDW-4Ye1pl4ULw]
-----node_id[5WFoynj2SUGDMEZmKbHSCQ][V]
--------[test][7], node[5WFoynj2SUGDMEZmKbHSCQ], [P], v[2], s[STARTED], a[id=RGDxkoxeQnyJLtqpsLyP0w]
--------[test][3], node[5WFoynj2SUGDMEZmKbHSCQ], [P], v[2], s[STARTED], a[id=R5NTof8yScKzImVZa2Cmfw]
--------[test][5], node[5WFoynj2SUGDMEZmKbHSCQ], [P], v[2], s[STARTED], a[id=63rcVyKZTgaKOOleK_yqDw]
--------[test][1], node[5WFoynj2SUGDMEZmKbHSCQ], [P], v[2], s[STARTED], a[id=7v3L-zOpSdGFdWjmgBQoEg]
---- unassigned

[2016-03-30 14:02:00,126][DEBUG][org.elasticsearch.cluster.service] [node_t1] set local cluster state to version 4
[2016-03-30 14:02:00,153][TRACE][org.elasticsearch.gateway] [node_t1] [test] writing state, reason [version changed from [1] to [2]]
[2016-03-30 14:02:00,187][DEBUG][org.elasticsearch.cluster.service] [node_t1] processing [zen-disco-receive(from master [master {node_t0}{5WFoynj2SUGDMEZmKbHSCQ}{127.0.0.1}{127.0.0.1:9660}[mode=>network] committed version [4]])]: took 61ms done applying updated cluster_state (version: 4, uuid: LK6okAOuR-m5MgFnIOIpSA)
[2016-03-30 14:02:00,187][DEBUG][org.elasticsearch.cluster.service] [node_t0] set local cluster state to version 4
[2016-03-30 14:02:00,218][TRACE][org.elasticsearch.gateway] [node_t0] [test] writing state, reason [version changed from [1] to [2]]
[2016-03-30 14:02:00,266][DEBUG][org.elasticsearch.cluster.service] [node_t0] processing [shard-started ([test][2], node[lk7U_niVSKyTWpmVoV3sIA], [P], v[1], s[INITIALIZING], a[id=aldfZzscRt6PWb38x5_cjA], unassigned_info[[reason=INDEX_CREATED], at[2016-03-30T21:01:59.653Z]]), reason [after recovery from store],shard-started ([test][4], node[lk7U_niVSKyTWpmVoV3sIA], [P], v[1], s[INITIALIZING], a[id=7dKyNkRvT0WKMiTTjDRO4A], unassigned_info[[reason=INDEX_CREATED], at[2016-03-30T21:01:59.653Z]]), reason [after recovery from store],shard-started ([test][6], node[lk7U_niVSKyTWpmVoV3sIA], [P], v[1], s[INITIALIZING], a[id=RFLG2DrFRBCCZsSxxCrbog], unassigned_info[[reason=INDEX_CREATED], at[2016-03-30T21:01:59.653Z]]), reason [after recovery from store],shard-started ([test][0], node[lk7U_niVSKyTWpmVoV3sIA], [P], v[1], s[INITIALIZING], a[id=uC3ewIfZRDW-4Ye1pl4ULw], unassigned_info[[reason=INDEX_CREATED], at[2016-03-30T21:01:59.653Z]]), reason [after recovery from store],shard-started ([test][1], node[5WFoynj2SUGDMEZmKbHSCQ], [P], v[1], s[INITIALIZING], a[id=7v3L-zOpSdGFdWjmgBQoEg], unassigned_info[[reason=INDEX_CREATED], at[2016-03-30T21:01:59.653Z]]), reason [after recovery from store],shard-started ([test][7], node[5WFoynj2SUGDMEZmKbHSCQ], [P], v[1], s[INITIALIZING], a[id=RGDxkoxeQnyJLtqpsLyP0w], unassigned_info[[reason=INDEX_CREATED], at[2016-03-30T21:01:59.653Z]]), reason [after recovery from store],shard-started ([test][5], node[5WFoynj2SUGDMEZmKbHSCQ], [P], v[1], s[INITIALIZING], a[id=63rcVyKZTgaKOOleK_yqDw], unassigned_info[[reason=INDEX_CREATED], at[2016-03-30T21:01:59.653Z]]), reason [after recovery from store],shard-started ([test][3], node[5WFoynj2SUGDMEZmKbHSCQ], [P], v[1], s[INITIALIZING], a[id=R5NTof8yScKzImVZa2Cmfw], unassigned_info[[reason=INDEX_CREATED], at[2016-03-30T21:01:59.653Z]]), reason [after recovery from store]]: took 145ms done applying updated cluster_state (version: 4, uuid: LK6okAOuR-m5MgFnIOIpSA)
[2016-03-30 14:02:00,267][TRACE][org.elasticsearch.cluster.service] [node_t1] will process [indices_store ([[test][7]] active fully on other nodes)]
[2016-03-30 14:02:00,268][DEBUG][org.elasticsearch.cluster.service] [node_t1] processing [indices_store ([[test][7]] active fully on other nodes)]: execute
[2016-03-30 14:02:00,268][TRACE][org.elasticsearch.cluster.service] [node_t0] will process [indices_store ([[test][6]] active fully on other nodes)]
[2016-03-30 14:02:00,268][DEBUG][org.elasticsearch.cluster.service] [node_t0] processing [indices_store ([[test][6]] active fully on other nodes)]: execute
[2016-03-30 14:02:00,334][DEBUG][org.elasticsearch.cluster.service] [node_t0] processing [indices_store ([[test][6]] active fully on other nodes)]: took 66ms no change in cluster_state
[2016-03-30 14:02:00,334][DEBUG][org.elasticsearch.cluster.service] [node_t1] processing [indices_store ([[test][7]] active fully on other nodes)]: took 66ms no change in cluster_state
[2016-03-30 14:02:00,335][TRACE][org.elasticsearch.cluster.service] [node_t1] will process [indices_store ([[test][3]] active fully on other nodes)]
[2016-03-30 14:02:00,335][DEBUG][org.elasticsearch.cluster.service] [node_t1] processing [indices_store ([[test][3]] active fully on other nodes)]: execute
[2016-03-30 14:02:00,334][TRACE][org.elasticsearch.cluster.service] [node_t0] will process [put-mapping [type1]]
[2016-03-30 14:02:00,335][DEBUG][org.elasticsearch.cluster.service] [node_t0] processing [put-mapping [type1]]: execute
[2016-03-30 14:02:00,336][TRACE][org.elasticsearch.cluster.service] expecting 2 acknowledgements for cluster_state update (version: 5)
[2016-03-30 14:02:00,337][TRACE][org.elasticsearch.cluster.service] [node_t0] cluster state updated, source [put-mapping [type1]]
version: 5
state uuid: fRlJvz35Rh-XUj5bmeT8Yg
from_diff: false
meta data version: 4
nodes: 
   {node_t1}{lk7U_niVSKyTWpmVoV3sIA}{127.0.0.1}{127.0.0.1:9661}[mode=>network]
   {node_t0}{5WFoynj2SUGDMEZmKbHSCQ}{127.0.0.1}{127.0.0.1:9660}[mode=>network], local, master
routing_table (version 3):
-- index [test]
----shard_id [test][0]
--------[test][0], node[lk7U_niVSKyTWpmVoV3sIA], [P], v[2], s[STARTED], a[id=uC3ewIfZRDW-4Ye1pl4ULw]
----shard_id [test][1]
--------[test][1], node[5WFoynj2SUGDMEZmKbHSCQ], [P], v[2], s[STARTED], a[id=7v3L-zOpSdGFdWjmgBQoEg]
----shard_id [test][2]
--------[test][2], node[lk7U_niVSKyTWpmVoV3sIA], [P], v[2], s[STARTED], a[id=aldfZzscRt6PWb38x5_cjA]
----shard_id [test][3]
--------[test][3], node[5WFoynj2SUGDMEZmKbHSCQ], [P], v[2], s[STARTED], a[id=R5NTof8yScKzImVZa2Cmfw]
----shard_id [test][4]
--------[test][4], node[lk7U_niVSKyTWpmVoV3sIA], [P], v[2], s[STARTED], a[id=7dKyNkRvT0WKMiTTjDRO4A]
----shard_id [test][5]
--------[test][5], node[5WFoynj2SUGDMEZmKbHSCQ], [P], v[2], s[STARTED], a[id=63rcVyKZTgaKOOleK_yqDw]
----shard_id [test][6]
--------[test][6], node[lk7U_niVSKyTWpmVoV3sIA], [P], v[2], s[STARTED], a[id=RFLG2DrFRBCCZsSxxCrbog]
----shard_id [test][7]
--------[test][7], node[5WFoynj2SUGDMEZmKbHSCQ], [P], v[2], s[STARTED], a[id=RGDxkoxeQnyJLtqpsLyP0w]

routing_nodes:
-----node_id[lk7U_niVSKyTWpmVoV3sIA][V]
--------[test][6], node[lk7U_niVSKyTWpmVoV3sIA], [P], v[2], s[STARTED], a[id=RFLG2DrFRBCCZsSxxCrbog]
--------[test][4], node[lk7U_niVSKyTWpmVoV3sIA], [P], v[2], s[STARTED], a[id=7dKyNkRvT0WKMiTTjDRO4A]
--------[test][2], node[lk7U_niVSKyTWpmVoV3sIA], [P], v[2], s[STARTED], a[id=aldfZzscRt6PWb38x5_cjA]
--------[test][0], node[lk7U_niVSKyTWpmVoV3sIA], [P], v[2], s[STARTED], a[id=uC3ewIfZRDW-4Ye1pl4ULw]
-----node_id[5WFoynj2SUGDMEZmKbHSCQ][V]
--------[test][7], node[5WFoynj2SUGDMEZmKbHSCQ], [P], v[2], s[STARTED], a[id=RGDxkoxeQnyJLtqpsLyP0w]
--------[test][1], node[5WFoynj2SUGDMEZmKbHSCQ], [P], v[2], s[STARTED], a[id=7v3L-zOpSdGFdWjmgBQoEg]
--------[test][5], node[5WFoynj2SUGDMEZmKbHSCQ], [P], v[2], s[STARTED], a[id=63rcVyKZTgaKOOleK_yqDw]
--------[test][3], node[5WFoynj2SUGDMEZmKbHSCQ], [P], v[2], s[STARTED], a[id=R5NTof8yScKzImVZa2Cmfw]
---- unassigned

[2016-03-30 14:02:00,337][DEBUG][org.elasticsearch.cluster.service] [node_t0] publishing cluster state version [5]
[2016-03-30 14:02:00,338][DEBUG][org.elasticsearch.discovery.zen.publish] [node_t1] received diff cluster state version [5] with uuid [fRlJvz35Rh-XUj5bmeT8Yg], diff size [416]
[2016-03-30 14:02:00,338][TRACE][org.elasticsearch.discovery.zen.publish] [node_t0] master node {node_t1}{lk7U_niVSKyTWpmVoV3sIA}{127.0.0.1}{127.0.0.1:9661}[mode=>network] acked cluster state version [5]. processing ... (current pending [1], needed [1])
[2016-03-30 14:02:00,338][TRACE][org.elasticsearch.discovery.zen.publish] [node_t0] committing version [5]
[2016-03-30 14:02:00,339][TRACE][org.elasticsearch.discovery.zen.publish] [node_t0] sending commit for cluster state (uuid: [fRlJvz35Rh-XUj5bmeT8Yg], version [5]) to [{node_t1}{lk7U_niVSKyTWpmVoV3sIA}{127.0.0.1}{127.0.0.1:9661}[mode=>network]]
[2016-03-30 14:02:00,413][DEBUG][org.elasticsearch.cluster.service] [node_t1] processing [indices_store ([[test][3]] active fully on other nodes)]: took 78ms no change in cluster_state
[2016-03-30 14:02:00,413][TRACE][org.elasticsearch.cluster.service] [node_t1] will process [zen-disco-receive(from master [master {node_t0}{5WFoynj2SUGDMEZmKbHSCQ}{127.0.0.1}{127.0.0.1:9660}[mode=>network] committed version [5]])]
[2016-03-30 14:02:00,413][DEBUG][org.elasticsearch.cluster.service] [node_t1] processing [zen-disco-receive(from master [master {node_t0}{5WFoynj2SUGDMEZmKbHSCQ}{127.0.0.1}{127.0.0.1:9660}[mode=>network] committed version [5]])]: execute
[2016-03-30 14:02:00,413][TRACE][org.elasticsearch.cluster.service] [node_t1] cluster state updated, source [zen-disco-receive(from master [master {node_t0}{5WFoynj2SUGDMEZmKbHSCQ}{127.0.0.1}{127.0.0.1:9660}[mode=>network] committed version [5]])]
version: 5
state uuid: fRlJvz35Rh-XUj5bmeT8Yg
from_diff: false
meta data version: 4
nodes: 
   {node_t1}{lk7U_niVSKyTWpmVoV3sIA}{127.0.0.1}{127.0.0.1:9661}[mode=>network], local
   {node_t0}{5WFoynj2SUGDMEZmKbHSCQ}{127.0.0.1}{127.0.0.1:9660}[mode=>network], master
routing_table (version 3):
-- index [test]
----shard_id [test][0]
--------[test][0], node[lk7U_niVSKyTWpmVoV3sIA], [P], v[2], s[STARTED], a[id=uC3ewIfZRDW-4Ye1pl4ULw]
----shard_id [test][1]
--------[test][1], node[5WFoynj2SUGDMEZmKbHSCQ], [P], v[2], s[STARTED], a[id=7v3L-zOpSdGFdWjmgBQoEg]
----shard_id [test][2]
--------[test][2], node[lk7U_niVSKyTWpmVoV3sIA], [P], v[2], s[STARTED], a[id=aldfZzscRt6PWb38x5_cjA]
----shard_id [test][3]
--------[test][3], node[5WFoynj2SUGDMEZmKbHSCQ], [P], v[2], s[STARTED], a[id=R5NTof8yScKzImVZa2Cmfw]
----shard_id [test][4]
--------[test][4], node[lk7U_niVSKyTWpmVoV3sIA], [P], v[2], s[STARTED], a[id=7dKyNkRvT0WKMiTTjDRO4A]
----shard_id [test][5]
--------[test][5], node[5WFoynj2SUGDMEZmKbHSCQ], [P], v[2], s[STARTED], a[id=63rcVyKZTgaKOOleK_yqDw]
----shard_id [test][6]
--------[test][6], node[lk7U_niVSKyTWpmVoV3sIA], [P], v[2], s[STARTED], a[id=RFLG2DrFRBCCZsSxxCrbog]
----shard_id [test][7]
--------[test][7], node[5WFoynj2SUGDMEZmKbHSCQ], [P], v[2], s[STARTED], a[id=RGDxkoxeQnyJLtqpsLyP0w]

routing_nodes:
-----node_id[lk7U_niVSKyTWpmVoV3sIA][V]
--------[test][2], node[lk7U_niVSKyTWpmVoV3sIA], [P], v[2], s[STARTED], a[id=aldfZzscRt6PWb38x5_cjA]
--------[test][6], node[lk7U_niVSKyTWpmVoV3sIA], [P], v[2], s[STARTED], a[id=RFLG2DrFRBCCZsSxxCrbog]
--------[test][4], node[lk7U_niVSKyTWpmVoV3sIA], [P], v[2], s[STARTED], a[id=7dKyNkRvT0WKMiTTjDRO4A]
--------[test][0], node[lk7U_niVSKyTWpmVoV3sIA], [P], v[2], s[STARTED], a[id=uC3ewIfZRDW-4Ye1pl4ULw]
-----node_id[5WFoynj2SUGDMEZmKbHSCQ][V]
--------[test][7], node[5WFoynj2SUGDMEZmKbHSCQ], [P], v[2], s[STARTED], a[id=RGDxkoxeQnyJLtqpsLyP0w]
--------[test][3], node[5WFoynj2SUGDMEZmKbHSCQ], [P], v[2], s[STARTED], a[id=R5NTof8yScKzImVZa2Cmfw]
--------[test][5], node[5WFoynj2SUGDMEZmKbHSCQ], [P], v[2], s[STARTED], a[id=63rcVyKZTgaKOOleK_yqDw]
--------[test][1], node[5WFoynj2SUGDMEZmKbHSCQ], [P], v[2], s[STARTED], a[id=7v3L-zOpSdGFdWjmgBQoEg]
---- unassigned

[2016-03-30 14:02:00,414][DEBUG][org.elasticsearch.cluster.service] [node_t1] set local cluster state to version 5
[2016-03-30 14:02:00,416][TRACE][org.elasticsearch.gateway] [node_t1] [test] writing state, reason [version changed from [2] to [3]]
[2016-03-30 14:02:00,480][DEBUG][org.elasticsearch.cluster.service] [node_t1] processing [zen-disco-receive(from master [master {node_t0}{5WFoynj2SUGDMEZmKbHSCQ}{127.0.0.1}{127.0.0.1:9660}[mode=>network] committed version [5]])]: took 67ms done applying updated cluster_state (version: 5, uuid: fRlJvz35Rh-XUj5bmeT8Yg)
[2016-03-30 14:02:00,480][TRACE][org.elasticsearch.cluster.service] [node_t1] will process [indices_store ([[test][5]] active fully on other nodes)]
[2016-03-30 14:02:00,480][TRACE][org.elasticsearch.cluster.service] ack received from node [{node_t1}{lk7U_niVSKyTWpmVoV3sIA}{127.0.0.1}{127.0.0.1:9661}[mode=>network]], cluster_state update (version: 5)
[2016-03-30 14:02:00,480][DEBUG][org.elasticsearch.cluster.service] [node_t1] processing [indices_store ([[test][5]] active fully on other nodes)]: execute
[2016-03-30 14:02:00,480][DEBUG][org.elasticsearch.cluster.service] [node_t0] set local cluster state to version 5
[2016-03-30 14:02:00,481][DEBUG][org.elasticsearch.cluster.service] [node_t1] processing [indices_store ([[test][5]] active fully on other nodes)]: took 0s no change in cluster_state
[2016-03-30 14:02:00,481][TRACE][org.elasticsearch.cluster.service] [node_t1] will process [indices_store ([[test][1]] active fully on other nodes)]
[2016-03-30 14:02:00,481][DEBUG][org.elasticsearch.cluster.service] [node_t1] processing [indices_store ([[test][1]] active fully on other nodes)]: execute
[2016-03-30 14:02:00,481][DEBUG][org.elasticsearch.cluster.service] [node_t1] processing [indices_store ([[test][1]] active fully on other nodes)]: took 0s no change in cluster_state
[2016-03-30 14:02:00,481][TRACE][org.elasticsearch.gateway] [node_t0] [test] writing state, reason [version changed from [2] to [3]]
[2016-03-30 14:02:00,531][TRACE][org.elasticsearch.cluster.service] ack received from node [{node_t0}{5WFoynj2SUGDMEZmKbHSCQ}{127.0.0.1}{127.0.0.1:9660}[mode=>network]], cluster_state update (version: 5)
[2016-03-30 14:02:00,531][TRACE][org.elasticsearch.cluster.service] all expected nodes acknowledged cluster_state update (version: 5)
[2016-03-30 14:02:00,531][DEBUG][org.elasticsearch.cluster.service] [node_t0] processing [put-mapping [type1]]: took 196ms done applying updated cluster_state (version: 5, uuid: fRlJvz35Rh-XUj5bmeT8Yg)
[2016-03-30 14:02:00,531][TRACE][org.elasticsearch.cluster.service] [node_t0] will process [indices_store ([[test][4]] active fully on other nodes)]
[2016-03-30 14:02:00,531][DEBUG][org.elasticsearch.cluster.service] [node_t0] processing [indices_store ([[test][4]] active fully on other nodes)]: execute
[2016-03-30 14:02:00,532][DEBUG][org.elasticsearch.cluster.service] [node_t0] processing [indices_store ([[test][4]] active fully on other nodes)]: took 0s no change in cluster_state
[2016-03-30 14:02:00,532][TRACE][org.elasticsearch.cluster.service] [node_t0] will process [indices_store ([[test][2]] active fully on other nodes)]
[2016-03-30 14:02:00,532][DEBUG][org.elasticsearch.cluster.service] [node_t0] processing [indices_store ([[test][2]] active fully on other nodes)]: execute
[2016-03-30 14:02:00,532][DEBUG][org.elasticsearch.cluster.service] [node_t0] processing [indices_store ([[test][2]] active fully on other nodes)]: took 0s no change in cluster_state
[2016-03-30 14:02:00,532][TRACE][org.elasticsearch.cluster.service] [node_t0] will process [indices_store ([[test][0]] active fully on other nodes)]
[2016-03-30 14:02:00,532][DEBUG][org.elasticsearch.cluster.service] [node_t0] processing [indices_store ([[test][0]] active fully on other nodes)]: execute
[2016-03-30 14:02:00,532][DEBUG][org.elasticsearch.cluster.service] [node_t0] processing [indices_store ([[test][0]] active fully on other nodes)]: took 0s no change in cluster_state
[2016-03-30 14:02:00,555][TRACE][org.elasticsearch.transport.tracer] [transport_client_node_t0] [6][indices:data/write/index] received response from [{node_t0}{5WFoynj2SUGDMEZmKbHSCQ}{127.0.0.1}{127.0.0.1:9660}[mode=>network]]
[2016-03-30 14:02:00,556][TRACE][org.elasticsearch.transport.tracer] [transport_client_node_t1] [2][indices:data/write/index] sent to [{node_t1}{lk7U_niVSKyTWpmVoV3sIA}{127.0.0.1}{127.0.0.1:9661}[mode=>network]] (timeout: [null])
[2016-03-30 14:02:00,586][TRACE][org.elasticsearch.transport.tracer] [transport_client_node_t1] [2][indices:data/write/index] received response from [{node_t1}{lk7U_niVSKyTWpmVoV3sIA}{127.0.0.1}{127.0.0.1:9661}[mode=>network]]
[2016-03-30 14:02:00,588][TRACE][org.elasticsearch.transport.tracer] [transport_client_node_t0] [8][indices:data/write/index] sent to [{node_t0}{5WFoynj2SUGDMEZmKbHSCQ}{127.0.0.1}{127.0.0.1:9660}[mode=>network]] (timeout: [null])
[2016-03-30 14:02:00,608][TRACE][org.elasticsearch.transport.tracer] [transport_client_node_t0] [8][indices:data/write/index] received response from [{node_t0}{5WFoynj2SUGDMEZmKbHSCQ}{127.0.0.1}{127.0.0.1:9660}[mode=>network]]
[2016-03-30 14:02:00,608][TRACE][org.elasticsearch.transport.tracer] [transport_client_node_t0] [9][indices:data/write/index] sent to [{node_t0}{5WFoynj2SUGDMEZmKbHSCQ}{127.0.0.1}{127.0.0.1:9660}[mode=>network]] (timeout: [null])
[2016-03-30 14:02:00,609][TRACE][org.elasticsearch.transport.tracer] [transport_client_node_t0] [9][indices:data/write/index] received response from [{node_t0}{5WFoynj2SUGDMEZmKbHSCQ}{127.0.0.1}{127.0.0.1:9660}[mode=>network]]
[2016-03-30 14:02:00,610][TRACE][org.elasticsearch.transport.tracer] [transport_client_node_t0] [10][indices:data/write/index] sent to [{node_t0}{5WFoynj2SUGDMEZmKbHSCQ}{127.0.0.1}{127.0.0.1:9660}[mode=>network]] (timeout: [null])
[2016-03-30 14:02:00,631][TRACE][org.elasticsearch.transport.tracer] [transport_client_node_t0] [10][indices:data/write/index] received response from [{node_t0}{5WFoynj2SUGDMEZmKbHSCQ}{127.0.0.1}{127.0.0.1:9660}[mode=>network]]
[2016-03-30 14:02:00,632][TRACE][org.elasticsearch.transport.tracer] [transport_client_node_t0] [11][indices:data/write/index] sent to [{node_t0}{5WFoynj2SUGDMEZmKbHSCQ}{127.0.0.1}{127.0.0.1:9660}[mode=>network]] (timeout: [null])
[2016-03-30 14:02:00,642][TRACE][org.elasticsearch.transport.tracer] [transport_client_node_t0] [11][indices:data/write/index] received response from [{node_t0}{5WFoynj2SUGDMEZmKbHSCQ}{127.0.0.1}{127.0.0.1:9660}[mode=>network]]
[2016-03-30 14:02:00,642][TRACE][org.elasticsearch.transport.tracer] [transport_client_node_t1] [4][indices:data/write/index] sent to [{node_t1}{lk7U_niVSKyTWpmVoV3sIA}{127.0.0.1}{127.0.0.1:9661}[mode=>network]] (timeout: [null])
[2016-03-30 14:02:00,665][TRACE][org.elasticsearch.transport.tracer] [transport_client_node_t1] [4][indices:data/write/index] received response from [{node_t1}{lk7U_niVSKyTWpmVoV3sIA}{127.0.0.1}{127.0.0.1:9661}[mode=>network]]
[2016-03-30 14:02:00,667][TRACE][org.elasticsearch.transport.tracer] [transport_client_node_t1] [5][indices:data/write/index] sent to [{node_t1}{lk7U_niVSKyTWpmVoV3sIA}{127.0.0.1}{127.0.0.1:9661}[mode=>network]] (timeout: [null])
[2016-03-30 14:02:00,684][TRACE][org.elasticsearch.transport.tracer] [transport_client_node_t1] [5][indices:data/write/index] received response from [{node_t1}{lk7U_niVSKyTWpmVoV3sIA}{127.0.0.1}{127.0.0.1:9661}[mode=>network]]
[2016-03-30 14:02:00,685][TRACE][org.elasticsearch.transport.tracer] [transport_client_node_t1] [6][indices:data/write/index] sent to [{node_t1}{lk7U_niVSKyTWpmVoV3sIA}{127.0.0.1}{127.0.0.1:9661}[mode=>network]] (timeout: [null])
[2016-03-30 14:02:00,687][TRACE][org.elasticsearch.transport.tracer] [transport_client_node_t1] [6][indices:data/write/index] received response from [{node_t1}{lk7U_niVSKyTWpmVoV3sIA}{127.0.0.1}{127.0.0.1:9661}[mode=>network]]
[2016-03-30 14:02:00,687][TRACE][org.elasticsearch.transport.tracer] [transport_client_node_t0] [12][indices:data/write/index] sent to [{node_t0}{5WFoynj2SUGDMEZmKbHSCQ}{127.0.0.1}{127.0.0.1:9660}[mode=>network]] (timeout: [null])
[2016-03-30 14:02:00,689][TRACE][org.elasticsearch.transport.tracer] [transport_client_node_t0] [12][indices:data/write/index] received response from [{node_t0}{5WFoynj2SUGDMEZmKbHSCQ}{127.0.0.1}{127.0.0.1:9660}[mode=>network]]
[2016-03-30 14:02:00,689][TRACE][org.elasticsearch.transport.tracer] [transport_client_node_t1] [7][indices:data/write/index] sent to [{node_t1}{lk7U_niVSKyTWpmVoV3sIA}{127.0.0.1}{127.0.0.1:9661}[mode=>network]] (timeout: [null])
[2016-03-30 14:02:00,708][TRACE][org.elasticsearch.transport.tracer] [transport_client_node_t1] [7][indices:data/write/index] received response from [{node_t1}{lk7U_niVSKyTWpmVoV3sIA}{127.0.0.1}{127.0.0.1:9661}[mode=>network]]
[2016-03-30 14:02:00,708][TRACE][org.elasticsearch.transport.tracer] [transport_client_node_t0] [13][indices:data/write/index] sent to [{node_t0}{5WFoynj2SUGDMEZmKbHSCQ}{127.0.0.1}{127.0.0.1:9660}[mode=>network]] (timeout: [null])
[2016-03-30 14:02:00,710][TRACE][org.elasticsearch.transport.tracer] [transport_client_node_t0] [13][indices:data/write/index] received response from [{node_t0}{5WFoynj2SUGDMEZmKbHSCQ}{127.0.0.1}{127.0.0.1:9660}[mode=>network]]
[2016-03-30 14:02:00,710][TRACE][org.elasticsearch.transport.tracer] [transport_client_node_t0] [14][indices:data/write/index] sent to [{node_t0}{5WFoynj2SUGDMEZmKbHSCQ}{127.0.0.1}{127.0.0.1:9660}[mode=>network]] (timeout: [null])
[2016-03-30 14:02:00,712][TRACE][org.elasticsearch.transport.tracer] [transport_client_node_t0] [14][indices:data/write/index] received response from [{node_t0}{5WFoynj2SUGDMEZmKbHSCQ}{127.0.0.1}{127.0.0.1:9660}[mode=>network]]
[2016-03-30 14:02:00,712][TRACE][org.elasticsearch.transport.tracer] [transport_client_node_t0] [15][indices:data/write/index] sent to [{node_t0}{5WFoynj2SUGDMEZmKbHSCQ}{127.0.0.1}{127.0.0.1:9660}[mode=>network]] (timeout: [null])
[2016-03-30 14:02:00,714][TRACE][org.elasticsearch.transport.tracer] [transport_client_node_t0] [15][indices:data/write/index] received response from [{node_t0}{5WFoynj2SUGDMEZmKbHSCQ}{127.0.0.1}{127.0.0.1:9660}[mode=>network]]
[2016-03-30 14:02:00,714][TRACE][org.elasticsearch.transport.tracer] [transport_client_node_t1] [8][indices:data/write/index] sent to [{node_t1}{lk7U_niVSKyTWpmVoV3sIA}{127.0.0.1}{127.0.0.1:9661}[mode=>network]] (timeout: [null])
[2016-03-30 14:02:00,735][TRACE][org.elasticsearch.transport.tracer] [transport_client_node_t1] [8][indices:data/write/index] received response from [{node_t1}{lk7U_niVSKyTWpmVoV3sIA}{127.0.0.1}{127.0.0.1:9661}[mode=>network]]
[2016-03-30 14:02:00,735][TRACE][org.elasticsearch.transport.tracer] [transport_client_node_t1] [9][indices:data/write/index] sent to [{node_t1}{lk7U_niVSKyTWpmVoV3sIA}{127.0.0.1}{127.0.0.1:9661}[mode=>network]] (timeout: [null])
[2016-03-30 14:02:00,737][TRACE][org.elasticsearch.transport.tracer] [transport_client_node_t1] [9][indices:data/write/index] received response from [{node_t1}{lk7U_niVSKyTWpmVoV3sIA}{127.0.0.1}{127.0.0.1:9661}[mode=>network]]
[2016-03-30 14:02:00,737][TRACE][org.elasticsearch.transport.tracer] [transport_client_node_t1] [10][indices:data/write/index] sent to [{node_t1}{lk7U_niVSKyTWpmVoV3sIA}{127.0.0.1}{127.0.0.1:9661}[mode=>network]] (timeout: [null])
[2016-03-30 14:02:00,739][TRACE][org.elasticsearch.transport.tracer] [transport_client_node_t1] [10][indices:data/write/index] received response from [{node_t1}{lk7U_niVSKyTWpmVoV3sIA}{127.0.0.1}{127.0.0.1:9661}[mode=>network]]
[2016-03-30 14:02:00,739][TRACE][org.elasticsearch.transport.tracer] [transport_client_node_t0] [16][indices:data/write/index] sent to [{node_t0}{5WFoynj2SUGDMEZmKbHSCQ}{127.0.0.1}{127.0.0.1:9660}[mode=>network]] (timeout: [null])
[2016-03-30 14:02:00,741][TRACE][org.elasticsearch.transport.tracer] [transport_client_node_t0] [16][indices:data/write/index] received response from [{node_t0}{5WFoynj2SUGDMEZmKbHSCQ}{127.0.0.1}{127.0.0.1:9660}[mode=>network]]
[2016-03-30 14:02:00,741][TRACE][org.elasticsearch.transport.tracer] [transport_client_node_t0] [17][indices:data/write/index] sent to [{node_t0}{5WFoynj2SUGDMEZmKbHSCQ}{127.0.0.1}{127.0.0.1:9660}[mode=>network]] (timeout: [null])
[2016-03-30 14:02:00,742][TRACE][org.elasticsearch.transport.tracer] [transport_client_node_t0] [17][indices:data/write/index] received response from [{node_t0}{5WFoynj2SUGDMEZmKbHSCQ}{127.0.0.1}{127.0.0.1:9660}[mode=>network]]
[2016-03-30 14:02:00,743][TRACE][org.elasticsearch.transport.tracer] [transport_client_node_t1] [11][indices:data/write/index] sent to [{node_t1}{lk7U_niVSKyTWpmVoV3sIA}{127.0.0.1}{127.0.0.1:9661}[mode=>network]] (timeout: [null])
[2016-03-30 14:02:00,744][TRACE][org.elasticsearch.transport.tracer] [transport_client_node_t1] [11][indices:data/write/index] received response from [{node_t1}{lk7U_niVSKyTWpmVoV3sIA}{127.0.0.1}{127.0.0.1:9661}[mode=>network]]
[2016-03-30 14:02:00,744][TRACE][org.elasticsearch.transport.tracer] [transport_client_node_t0] [18][indices:data/write/index] sent to [{node_t0}{5WFoynj2SUGDMEZmKbHSCQ}{127.0.0.1}{127.0.0.1:9660}[mode=>network]] (timeout: [null])
[2016-03-30 14:02:00,746][TRACE][org.elasticsearch.transport.tracer] [transport_client_node_t0] [18][indices:data/write/index] received response from [{node_t0}{5WFoynj2SUGDMEZmKbHSCQ}{127.0.0.1}{127.0.0.1:9660}[mode=>network]]
[2016-03-30 14:02:00,746][TRACE][org.elasticsearch.transport.tracer] [transport_client_node_t0] [19][indices:data/write/index] sent to [{node_t0}{5WFoynj2SUGDMEZmKbHSCQ}{127.0.0.1}{127.0.0.1:9660}[mode=>network]] (timeout: [null])
[2016-03-30 14:02:00,748][TRACE][org.elasticsearch.transport.tracer] [transport_client_node_t0] [19][indices:data/write/index] received response from [{node_t0}{5WFoynj2SUGDMEZmKbHSCQ}{127.0.0.1}{127.0.0.1:9660}[mode=>network]]
[2016-03-30 14:02:00,748][TRACE][org.elasticsearch.transport.tracer] [transport_client_node_t0] [20][indices:data/write/index] sent to [{node_t0}{5WFoynj2SUGDMEZmKbHSCQ}{127.0.0.1}{127.0.0.1:9660}[mode=>network]] (timeout: [null])
[2016-03-30 14:02:00,749][TRACE][org.elasticsearch.transport.tracer] [transport_client_node_t0] [20][indices:data/write/index] received response from [{node_t0}{5WFoynj2SUGDMEZmKbHSCQ}{127.0.0.1}{127.0.0.1:9660}[mode=>network]]
[2016-03-30 14:02:00,749][TRACE][org.elasticsearch.transport.tracer] [transport_client_node_t1] [12][indices:data/write/index] sent to [{node_t1}{lk7U_niVSKyTWpmVoV3sIA}{127.0.0.1}{127.0.0.1:9661}[mode=>network]] (timeout: [null])
[2016-03-30 14:02:00,751][TRACE][org.elasticsearch.transport.tracer] [transport_client_node_t1] [12][indices:data/write/index] received response from [{node_t1}{lk7U_niVSKyTWpmVoV3sIA}{127.0.0.1}{127.0.0.1:9661}[mode=>network]]
[2016-03-30 14:02:00,751][TRACE][org.elasticsearch.transport.tracer] [transport_client_node_t0] [21][indices:data/write/index] sent to [{node_t0}{5WFoynj2SUGDMEZmKbHSCQ}{127.0.0.1}{127.0.0.1:9660}[mode=>network]] (timeout: [null])
[2016-03-30 14:02:00,753][TRACE][org.elasticsearch.transport.tracer] [transport_client_node_t0] [21][indices:data/write/index] received response from [{node_t0}{5WFoynj2SUGDMEZmKbHSCQ}{127.0.0.1}{127.0.0.1:9660}[mode=>network]]
[2016-03-30 14:02:00,753][TRACE][org.elasticsearch.transport.tracer] [transport_client_node_t0] [22][indices:data/write/index] sent to [{node_t0}{5WFoynj2SUGDMEZmKbHSCQ}{127.0.0.1}{127.0.0.1:9660}[mode=>network]] (timeout: [null])
[2016-03-30 14:02:00,754][TRACE][org.elasticsearch.transport.tracer] [transport_client_node_t0] [22][indices:data/write/index] received response from [{node_t0}{5WFoynj2SUGDMEZmKbHSCQ}{127.0.0.1}{127.0.0.1:9660}[mode=>network]]
[2016-03-30 14:02:00,755][TRACE][org.elasticsearch.transport.tracer] [transport_client_node_t0] [23][indices:data/write/index] sent to [{node_t0}{5WFoynj2SUGDMEZmKbHSCQ}{127.0.0.1}{127.0.0.1:9660}[mode=>network]] (timeout: [null])
[2016-03-30 14:02:00,756][TRACE][org.elasticsearch.transport.tracer] [transport_client_node_t0] [23][indices:data/write/index] received response from [{node_t0}{5WFoynj2SUGDMEZmKbHSCQ}{127.0.0.1}{127.0.0.1:9660}[mode=>network]]
[2016-03-30 14:02:00,756][TRACE][org.elasticsearch.transport.tracer] [transport_client_node_t1] [13][indices:data/write/index] sent to [{node_t1}{lk7U_niVSKyTWpmVoV3sIA}{127.0.0.1}{127.0.0.1:9661}[mode=>network]] (timeout: [null])
[2016-03-30 14:02:00,757][TRACE][org.elasticsearch.transport.tracer] [transport_client_node_t1] [13][indices:data/write/index] received response from [{node_t1}{lk7U_niVSKyTWpmVoV3sIA}{127.0.0.1}{127.0.0.1:9661}[mode=>network]]
[2016-03-30 14:02:00,758][TRACE][org.elasticsearch.transport.tracer] [transport_client_node_t0] [24][indices:data/write/index] sent to [{node_t0}{5WFoynj2SUGDMEZmKbHSCQ}{127.0.0.1}{127.0.0.1:9660}[mode=>network]] (timeout: [null])
[2016-03-30 14:02:00,760][TRACE][org.elasticsearch.transport.tracer] [transport_client_node_t0] [24][indices:data/write/index] received response from [{node_t0}{5WFoynj2SUGDMEZmKbHSCQ}{127.0.0.1}{127.0.0.1:9660}[mode=>network]]
[2016-03-30 14:02:00,760][TRACE][org.elasticsearch.transport.tracer] [transport_client_node_t0] [25][indices:data/write/index] sent to [{node_t0}{5WFoynj2SUGDMEZmKbHSCQ}{127.0.0.1}{127.0.0.1:9660}[mode=>network]] (timeout: [null])
[2016-03-30 14:02:00,761][TRACE][org.elasticsearch.transport.tracer] [transport_client_node_t0] [25][indices:data/write/index] received response from [{node_t0}{5WFoynj2SUGDMEZmKbHSCQ}{127.0.0.1}{127.0.0.1:9660}[mode=>network]]
[2016-03-30 14:02:00,761][TRACE][org.elasticsearch.transport.tracer] [transport_client_node_t0] [26][indices:data/write/index] sent to [{node_t0}{5WFoynj2SUGDMEZmKbHSCQ}{127.0.0.1}{127.0.0.1:9660}[mode=>network]] (timeout: [null])
[2016-03-30 14:02:00,763][TRACE][org.elasticsearch.transport.tracer] [transport_client_node_t0] [26][indices:data/write/index] received response from [{node_t0}{5WFoynj2SUGDMEZmKbHSCQ}{127.0.0.1}{127.0.0.1:9660}[mode=>network]]
[2016-03-30 14:02:00,763][TRACE][org.elasticsearch.transport.tracer] [transport_client_node_t0] [27][indices:data/write/index] sent to [{node_t0}{5WFoynj2SUGDMEZmKbHSCQ}{127.0.0.1}{127.0.0.1:9660}[mode=>network]] (timeout: [null])
[2016-03-30 14:02:00,765][TRACE][org.elasticsearch.transport.tracer] [transport_client_node_t0] [27][indices:data/write/index] received response from [{node_t0}{5WFoynj2SUGDMEZmKbHSCQ}{127.0.0.1}{127.0.0.1:9660}[mode=>network]]
[2016-03-30 14:02:00,765][TRACE][org.elasticsearch.transport.tracer] [transport_client_node_t1] [14][indices:data/write/index] sent to [{node_t1}{lk7U_niVSKyTWpmVoV3sIA}{127.0.0.1}{127.0.0.1:9661}[mode=>network]] (timeout: [null])
[2016-03-30 14:02:00,767][TRACE][org.elasticsearch.transport.tracer] [transport_client_node_t1] [14][indices:data/write/index] received response from [{node_t1}{lk7U_niVSKyTWpmVoV3sIA}{127.0.0.1}{127.0.0.1:9661}[mode=>network]]
[2016-03-30 14:02:00,767][TRACE][org.elasticsearch.transport.tracer] [transport_client_node_t1] [15][indices:data/write/index] sent to [{node_t1}{lk7U_niVSKyTWpmVoV3sIA}{127.0.0.1}{127.0.0.1:9661}[mode=>network]] (timeout: [null])
[2016-03-30 14:02:00,769][TRACE][org.elasticsearch.transport.tracer] [transport_client_node_t1] [15][indices:data/write/index] received response from [{node_t1}{lk7U_niVSKyTWpmVoV3sIA}{127.0.0.1}{127.0.0.1:9661}[mode=>network]]
[2016-03-30 14:02:00,769][TRACE][org.elasticsearch.transport.tracer] [transport_client_node_t1] [16][indices:data/write/index] sent to [{node_t1}{lk7U_niVSKyTWpmVoV3sIA}{127.0.0.1}{127.0.0.1:9661}[mode=>network]] (timeout: [null])
[2016-03-30 14:02:00,770][TRACE][org.elasticsearch.transport.tracer] [transport_client_node_t1] [16][indices:data/write/index] received response from [{node_t1}{lk7U_niVSKyTWpmVoV3sIA}{127.0.0.1}{127.0.0.1:9661}[mode=>network]]
[2016-03-30 14:02:00,771][TRACE][org.elasticsearch.transport.tracer] [transport_client_node_t0] [28][indices:data/write/index] sent to [{node_t0}{5WFoynj2SUGDMEZmKbHSCQ}{127.0.0.1}{127.0.0.1:9660}[mode=>network]] (timeout: [null])
[2016-03-30 14:02:00,773][TRACE][org.elasticsearch.transport.tracer] [transport_client_node_t0] [28][indices:data/write/index] received response from [{node_t0}{5WFoynj2SUGDMEZmKbHSCQ}{127.0.0.1}{127.0.0.1:9660}[mode=>network]]
[2016-03-30 14:02:00,775][TRACE][org.elasticsearch.transport.tracer] [transport_client_node_t0] [29][indices:data/write/index] sent to [{node_t0}{5WFoynj2SUGDMEZmKbHSCQ}{127.0.0.1}{127.0.0.1:9660}[mode=>network]] (timeout: [null])
[2016-03-30 14:02:00,776][TRACE][org.elasticsearch.transport.tracer] [transport_client_node_t0] [29][indices:data/write/index] received response from [{node_t0}{5WFoynj2SUGDMEZmKbHSCQ}{127.0.0.1}{127.0.0.1:9660}[mode=>network]]
[2016-03-30 14:02:00,776][TRACE][org.elasticsearch.transport.tracer] [transport_client_node_t0] [30][indices:data/write/index] sent to [{node_t0}{5WFoynj2SUGDMEZmKbHSCQ}{127.0.0.1}{127.0.0.1:9660}[mode=>network]] (timeout: [null])
[2016-03-30 14:02:00,777][TRACE][org.elasticsearch.transport.tracer] [transport_client_node_t0] [30][indices:data/write/index] received response from [{node_t0}{5WFoynj2SUGDMEZmKbHSCQ}{127.0.0.1}{127.0.0.1:9660}[mode=>network]]
[2016-03-30 14:02:00,778][TRACE][org.elasticsearch.transport.tracer] [transport_client_node_t1] [17][indices:data/write/index] sent to [{node_t1}{lk7U_niVSKyTWpmVoV3sIA}{127.0.0.1}{127.0.0.1:9661}[mode=>network]] (timeout: [null])
[2016-03-30 14:02:00,779][TRACE][org.elasticsearch.transport.tracer] [transport_client_node_t1] [17][indices:data/write/index] received response from [{node_t1}{lk7U_niVSKyTWpmVoV3sIA}{127.0.0.1}{127.0.0.1:9661}[mode=>network]]
[2016-03-30 14:02:00,779][TRACE][org.elasticsearch.transport.tracer] [transport_client_node_t0] [31][indices:data/write/index] sent to [{node_t0}{5WFoynj2SUGDMEZmKbHSCQ}{127.0.0.1}{127.0.0.1:9660}[mode=>network]] (timeout: [null])
[2016-03-30 14:02:00,781][TRACE][org.elasticsearch.transport.tracer] [transport_client_node_t0] [31][indices:data/write/index] received response from [{node_t0}{5WFoynj2SUGDMEZmKbHSCQ}{127.0.0.1}{127.0.0.1:9660}[mode=>network]]
[2016-03-30 14:02:00,781][TRACE][org.elasticsearch.transport.tracer] [transport_client_node_t1] [18][indices:data/write/index] sent to [{node_t1}{lk7U_niVSKyTWpmVoV3sIA}{127.0.0.1}{127.0.0.1:9661}[mode=>network]] (timeout: [null])
[2016-03-30 14:02:00,783][TRACE][org.elasticsearch.transport.tracer] [transport_client_node_t1] [18][indices:data/write/index] received response from [{node_t1}{lk7U_niVSKyTWpmVoV3sIA}{127.0.0.1}{127.0.0.1:9661}[mode=>network]]
[2016-03-30 14:02:00,784][TRACE][org.elasticsearch.transport.tracer] [transport_client_node_t1] [19][indices:data/write/index] sent to [{node_t1}{lk7U_niVSKyTWpmVoV3sIA}{127.0.0.1}{127.0.0.1:9661}[mode=>network]] (timeout: [null])
[2016-03-30 14:02:00,785][TRACE][org.elasticsearch.transport.tracer] [transport_client_node_t1] [19][indices:data/write/index] received response from [{node_t1}{lk7U_niVSKyTWpmVoV3sIA}{127.0.0.1}{127.0.0.1:9661}[mode=>network]]
[2016-03-30 14:02:00,785][TRACE][org.elasticsearch.transport.tracer] [transport_client_node_t0] [32][indices:data/write/index] sent to [{node_t0}{5WFoynj2SUGDMEZmKbHSCQ}{127.0.0.1}{127.0.0.1:9660}[mode=>network]] (timeout: [null])
[2016-03-30 14:02:00,786][TRACE][org.elasticsearch.transport.tracer] [transport_client_node_t0] [32][indices:data/write/index] received response from [{node_t0}{5WFoynj2SUGDMEZmKbHSCQ}{127.0.0.1}{127.0.0.1:9660}[mode=>network]]
[2016-03-30 14:02:00,787][TRACE][org.elasticsearch.transport.tracer] [transport_client_node_t1] [20][indices:data/write/index] sent to [{node_t1}{lk7U_niVSKyTWpmVoV3sIA}{127.0.0.1}{127.0.0.1:9661}[mode=>network]] (timeout: [null])
[2016-03-30 14:02:00,804][TRACE][org.elasticsearch.transport.tracer] [transport_client_node_t1] [20][indices:data/write/index] received response from [{node_t1}{lk7U_niVSKyTWpmVoV3sIA}{127.0.0.1}{127.0.0.1:9661}[mode=>network]]
[2016-03-30 14:02:00,805][TRACE][org.elasticsearch.transport.tracer] [transport_client_node_t0] [33][indices:data/write/index] sent to [{node_t0}{5WFoynj2SUGDMEZmKbHSCQ}{127.0.0.1}{127.0.0.1:9660}[mode=>network]] (timeout: [null])
[2016-03-30 14:02:00,806][TRACE][org.elasticsearch.transport.tracer] [transport_client_node_t0] [33][indices:data/write/index] received response from [{node_t0}{5WFoynj2SUGDMEZmKbHSCQ}{127.0.0.1}{127.0.0.1:9660}[mode=>network]]
[2016-03-30 14:02:00,807][TRACE][org.elasticsearch.transport.tracer] [transport_client_node_t0] [34][indices:data/write/index] sent to [{node_t0}{5WFoynj2SUGDMEZmKbHSCQ}{127.0.0.1}{127.0.0.1:9660}[mode=>network]] (timeout: [null])
[2016-03-30 14:02:00,808][TRACE][org.elasticsearch.transport.tracer] [transport_client_node_t0] [34][indices:data/write/index] received response from [{node_t0}{5WFoynj2SUGDMEZmKbHSCQ}{127.0.0.1}{127.0.0.1:9660}[mode=>network]]
[2016-03-30 14:02:00,820][TRACE][org.elasticsearch.transport.tracer] [transport_client_node_t0] [35][indices:data/write/index] sent to [{node_t0}{5WFoynj2SUGDMEZmKbHSCQ}{127.0.0.1}{127.0.0.1:9660}[mode=>network]] (timeout: [null])
[2016-03-30 14:02:00,822][TRACE][org.elasticsearch.transport.tracer] [transport_client_node_t0] [35][indices:data/write/index] received response from [{node_t0}{5WFoynj2SUGDMEZmKbHSCQ}{127.0.0.1}{127.0.0.1:9660}[mode=>network]]
[2016-03-30 14:02:00,822][TRACE][org.elasticsearch.transport.tracer] [transport_client_node_t1] [21][indices:data/write/index] sent to [{node_t1}{lk7U_niVSKyTWpmVoV3sIA}{127.0.0.1}{127.0.0.1:9661}[mode=>network]] (timeout: [null])
[2016-03-30 14:02:00,823][TRACE][org.elasticsearch.transport.tracer] [transport_client_node_t1] [21][indices:data/write/index] received response from [{node_t1}{lk7U_niVSKyTWpmVoV3sIA}{127.0.0.1}{127.0.0.1:9661}[mode=>network]]
[2016-03-30 14:02:00,824][TRACE][org.elasticsearch.transport.tracer] [transport_client_node_t0] [36][indices:data/write/index] sent to [{node_t0}{5WFoynj2SUGDMEZmKbHSCQ}{127.0.0.1}{127.0.0.1:9660}[mode=>network]] (timeout: [null])
[2016-03-30 14:02:00,825][TRACE][org.elasticsearch.transport.tracer] [transport_client_node_t0] [36][indices:data/write/index] received response from [{node_t0}{5WFoynj2SUGDMEZmKbHSCQ}{127.0.0.1}{127.0.0.1:9660}[mode=>network]]
[2016-03-30 14:02:00,825][TRACE][org.elasticsearch.transport.tracer] [transport_client_node_t1] [22][indices:data/write/index] sent to [{node_t1}{lk7U_niVSKyTWpmVoV3sIA}{127.0.0.1}{127.0.0.1:9661}[mode=>network]] (timeout: [null])
[2016-03-30 14:02:00,827][TRACE][org.elasticsearch.transport.tracer] [transport_client_node_t1] [22][indices:data/write/index] received response from [{node_t1}{lk7U_niVSKyTWpmVoV3sIA}{127.0.0.1}{127.0.0.1:9661}[mode=>network]]
[2016-03-30 14:02:00,827][TRACE][org.elasticsearch.transport.tracer] [transport_client_node_t1] [23][indices:data/write/index] sent to [{node_t1}{lk7U_niVSKyTWpmVoV3sIA}{127.0.0.1}{127.0.0.1:9661}[mode=>network]] (timeout: [null])
[2016-03-30 14:02:00,829][TRACE][org.elasticsearch.transport.tracer] [transport_client_node_t1] [23][indices:data/write/index] received response from [{node_t1}{lk7U_niVSKyTWpmVoV3sIA}{127.0.0.1}{127.0.0.1:9661}[mode=>network]]
[2016-03-30 14:02:00,829][TRACE][org.elasticsearch.transport.tracer] [transport_client_node_t0] [37][indices:data/write/index] sent to [{node_t0}{5WFoynj2SUGDMEZmKbHSCQ}{127.0.0.1}{127.0.0.1:9660}[mode=>network]] (timeout: [null])
[2016-03-30 14:02:00,831][TRACE][org.elasticsearch.transport.tracer] [transport_client_node_t0] [37][indices:data/write/index] received response from [{node_t0}{5WFoynj2SUGDMEZmKbHSCQ}{127.0.0.1}{127.0.0.1:9660}[mode=>network]]
[2016-03-30 14:02:00,831][TRACE][org.elasticsearch.transport.tracer] [transport_client_node_t1] [24][indices:data/write/index] sent to [{node_t1}{lk7U_niVSKyTWpmVoV3sIA}{127.0.0.1}{127.0.0.1:9661}[mode=>network]] (timeout: [null])
[2016-03-30 14:02:00,833][TRACE][org.elasticsearch.transport.tracer] [transport_client_node_t1] [24][indices:data/write/index] received response from [{node_t1}{lk7U_niVSKyTWpmVoV3sIA}{127.0.0.1}{127.0.0.1:9661}[mode=>network]]
[2016-03-30 14:02:00,833][TRACE][org.elasticsearch.transport.tracer] [transport_client_node_t0] [38][indices:data/write/index] sent to [{node_t0}{5WFoynj2SUGDMEZmKbHSCQ}{127.0.0.1}{127.0.0.1:9660}[mode=>network]] (timeout: [null])
[2016-03-30 14:02:00,834][TRACE][org.elasticsearch.transport.tracer] [transport_client_node_t0] [38][indices:data/write/index] received response from [{node_t0}{5WFoynj2SUGDMEZmKbHSCQ}{127.0.0.1}{127.0.0.1:9660}[mode=>network]]
[2016-03-30 14:02:00,835][TRACE][org.elasticsearch.transport.tracer] [transport_client_node_t1] [25][indices:data/write/index] sent to [{node_t1}{lk7U_niVSKyTWpmVoV3sIA}{127.0.0.1}{127.0.0.1:9661}[mode=>network]] (timeout: [null])
[2016-03-30 14:02:00,837][TRACE][org.elasticsearch.transport.tracer] [transport_client_node_t1] [25][indices:data/write/index] received response from [{node_t1}{lk7U_niVSKyTWpmVoV3sIA}{127.0.0.1}{127.0.0.1:9661}[mode=>network]]
[2016-03-30 14:02:00,837][TRACE][org.elasticsearch.transport.tracer] [transport_client_node_t1] [26][indices:data/write/index] sent to [{node_t1}{lk7U_niVSKyTWpmVoV3sIA}{127.0.0.1}{127.0.0.1:9661}[mode=>network]] (timeout: [null])
[2016-03-30 14:02:00,839][TRACE][org.elasticsearch.transport.tracer] [transport_client_node_t1] [26][indices:data/write/index] received response from [{node_t1}{lk7U_niVSKyTWpmVoV3sIA}{127.0.0.1}{127.0.0.1:9661}[mode=>network]]
[2016-03-30 14:02:00,840][TRACE][org.elasticsearch.transport.tracer] [transport_client_node_t0] [39][indices:data/write/index] sent to [{node_t0}{5WFoynj2SUGDMEZmKbHSCQ}{127.0.0.1}{127.0.0.1:9660}[mode=>network]] (timeout: [null])
[2016-03-30 14:02:00,842][TRACE][org.elasticsearch.transport.tracer] [transport_client_node_t0] [39][indices:data/write/index] received response from [{node_t0}{5WFoynj2SUGDMEZmKbHSCQ}{127.0.0.1}{127.0.0.1:9660}[mode=>network]]
[2016-03-30 14:02:00,842][TRACE][org.elasticsearch.transport.tracer] [transport_client_node_t1] [27][indices:data/write/index] sent to [{node_t1}{lk7U_niVSKyTWpmVoV3sIA}{127.0.0.1}{127.0.0.1:9661}[mode=>network]] (timeout: [null])
[2016-03-30 14:02:00,843][TRACE][org.elasticsearch.transport.tracer] [transport_client_node_t1] [27][indices:data/write/index] received response from [{node_t1}{lk7U_niVSKyTWpmVoV3sIA}{127.0.0.1}{127.0.0.1:9661}[mode=>network]]
[2016-03-30 14:02:00,843][TRACE][org.elasticsearch.transport.tracer] [transport_client_node_t0] [40][indices:data/write/index] sent to [{node_t0}{5WFoynj2SUGDMEZmKbHSCQ}{127.0.0.1}{127.0.0.1:9660}[mode=>network]] (timeout: [null])
[2016-03-30 14:02:00,845][TRACE][org.elasticsearch.transport.tracer] [transport_client_node_t0] [40][indices:data/write/index] received response from [{node_t0}{5WFoynj2SUGDMEZmKbHSCQ}{127.0.0.1}{127.0.0.1:9660}[mode=>network]]
[2016-03-30 14:02:00,845][TRACE][org.elasticsearch.transport.tracer] [transport_client_node_t1] [28][indices:data/write/index] sent to [{node_t1}{lk7U_niVSKyTWpmVoV3sIA}{127.0.0.1}{127.0.0.1:9661}[mode=>network]] (timeout: [null])
[2016-03-30 14:02:00,847][TRACE][org.elasticsearch.transport.tracer] [transport_client_node_t1] [28][indices:data/write/index] received response from [{node_t1}{lk7U_niVSKyTWpmVoV3sIA}{127.0.0.1}{127.0.0.1:9661}[mode=>network]]
[2016-03-30 14:02:00,847][TRACE][org.elasticsearch.transport.tracer] [transport_client_node_t1] [29][indices:data/write/index] sent to [{node_t1}{lk7U_niVSKyTWpmVoV3sIA}{127.0.0.1}{127.0.0.1:9661}[mode=>network]] (timeout: [null])
[2016-03-30 14:02:00,848][TRACE][org.elasticsearch.transport.tracer] [transport_client_node_t1] [29][indices:data/write/index] received response from [{node_t1}{lk7U_niVSKyTWpmVoV3sIA}{127.0.0.1}{127.0.0.1:9661}[mode=>network]]
[2016-03-30 14:02:00,852][TRACE][org.elasticsearch.transport.tracer] [transport_client_node_t1] [30][indices:data/write/index] sent to [{node_t1}{lk7U_niVSKyTWpmVoV3sIA}{127.0.0.1}{127.0.0.1:9661}[mode=>network]] (timeout: [null])
[2016-03-30 14:02:00,853][TRACE][org.elasticsearch.transport.tracer] [transport_client_node_t1] [30][indices:data/write/index] received response from [{node_t1}{lk7U_niVSKyTWpmVoV3sIA}{127.0.0.1}{127.0.0.1:9661}[mode=>network]]
[2016-03-30 14:02:00,854][TRACE][org.elasticsearch.transport.tracer] [transport_client_node_t0] [41][indices:data/write/index] sent to [{node_t0}{5WFoynj2SUGDMEZmKbHSCQ}{127.0.0.1}{127.0.0.1:9660}[mode=>network]] (timeout: [null])
[2016-03-30 14:02:00,855][TRACE][org.elasticsearch.transport.tracer] [transport_client_node_t0] [41][indices:data/write/index] received response from [{node_t0}{5WFoynj2SUGDMEZmKbHSCQ}{127.0.0.1}{127.0.0.1:9660}[mode=>network]]
[2016-03-30 14:02:00,855][TRACE][org.elasticsearch.transport.tracer] [transport_client_node_t0] [42][indices:data/write/index] sent to [{node_t0}{5WFoynj2SUGDMEZmKbHSCQ}{127.0.0.1}{127.0.0.1:9660}[mode=>network]] (timeout: [null])
[2016-03-30 14:02:00,857][TRACE][org.elasticsearch.transport.tracer] [transport_client_node_t0] [42][indices:data/write/index] received response from [{node_t0}{5WFoynj2SUGDMEZmKbHSCQ}{127.0.0.1}{127.0.0.1:9660}[mode=>network]]
[2016-03-30 14:02:00,857][TRACE][org.elasticsearch.transport.tracer] [transport_client_node_t1] [31][indices:data/write/index] sent to [{node_t1}{lk7U_niVSKyTWpmVoV3sIA}{127.0.0.1}{127.0.0.1:9661}[mode=>network]] (timeout: [null])
[2016-03-30 14:02:00,858][TRACE][org.elasticsearch.transport.tracer] [transport_client_node_t1] [31][indices:data/write/index] received response from [{node_t1}{lk7U_niVSKyTWpmVoV3sIA}{127.0.0.1}{127.0.0.1:9661}[mode=>network]]
[2016-03-30 14:02:00,859][TRACE][org.elasticsearch.transport.tracer] [transport_client_node_t1] [32][indices:data/write/index] sent to [{node_t1}{lk7U_niVSKyTWpmVoV3sIA}{127.0.0.1}{127.0.0.1:9661}[mode=>network]] (timeout: [null])
[2016-03-30 14:02:00,860][TRACE][org.elasticsearch.transport.tracer] [transport_client_node_t1] [32][indices:data/write/index] received response from [{node_t1}{lk7U_niVSKyTWpmVoV3sIA}{127.0.0.1}{127.0.0.1:9661}[mode=>network]]
[2016-03-30 14:02:00,861][TRACE][org.elasticsearch.transport.tracer] [transport_client_node_t0] [43][indices:data/write/index] sent to [{node_t0}{5WFoynj2SUGDMEZmKbHSCQ}{127.0.0.1}{127.0.0.1:9660}[mode=>network]] (timeout: [null])
[2016-03-30 14:02:00,862][TRACE][org.elasticsearch.transport.tracer] [transport_client_node_t0] [43][indices:data/write/index] received response from [{node_t0}{5WFoynj2SUGDMEZmKbHSCQ}{127.0.0.1}{127.0.0.1:9660}[mode=>network]]
[2016-03-30 14:02:00,862][TRACE][org.elasticsearch.transport.tracer] [transport_client_node_t0] [44][indices:data/write/index] sent to [{node_t0}{5WFoynj2SUGDMEZmKbHSCQ}{127.0.0.1}{127.0.0.1:9660}[mode=>network]] (timeout: [null])
[2016-03-30 14:02:00,864][TRACE][org.elasticsearch.transport.tracer] [transport_client_node_t0] [44][indices:data/write/index] received response from [{node_t0}{5WFoynj2SUGDMEZmKbHSCQ}{127.0.0.1}{127.0.0.1:9660}[mode=>network]]
[2016-03-30 14:02:00,864][TRACE][org.elasticsearch.transport.tracer] [transport_client_node_t1] [33][indices:data/write/index] sent to [{node_t1}{lk7U_niVSKyTWpmVoV3sIA}{127.0.0.1}{127.0.0.1:9661}[mode=>network]] (timeout: [null])
[2016-03-30 14:02:00,865][TRACE][org.elasticsearch.transport.tracer] [transport_client_node_t1] [33][indices:data/write/index] received response from [{node_t1}{lk7U_niVSKyTWpmVoV3sIA}{127.0.0.1}{127.0.0.1:9661}[mode=>network]]
[2016-03-30 14:02:00,865][TRACE][org.elasticsearch.transport.tracer] [transport_client_node_t1] [34][indices:data/write/index] sent to [{node_t1}{lk7U_niVSKyTWpmVoV3sIA}{127.0.0.1}{127.0.0.1:9661}[mode=>network]] (timeout: [null])
[2016-03-30 14:02:00,866][TRACE][org.elasticsearch.transport.tracer] [transport_client_node_t1] [34][indices:data/write/index] received response from [{node_t1}{lk7U_niVSKyTWpmVoV3sIA}{127.0.0.1}{127.0.0.1:9661}[mode=>network]]
[2016-03-30 14:02:00,867][TRACE][org.elasticsearch.transport.tracer] [transport_client_node_t0] [45][indices:data/write/index] sent to [{node_t0}{5WFoynj2SUGDMEZmKbHSCQ}{127.0.0.1}{127.0.0.1:9660}[mode=>network]] (timeout: [null])
[2016-03-30 14:02:00,868][TRACE][org.elasticsearch.transport.tracer] [transport_client_node_t0] [45][indices:data/write/index] received response from [{node_t0}{5WFoynj2SUGDMEZmKbHSCQ}{127.0.0.1}{127.0.0.1:9660}[mode=>network]]
[2016-03-30 14:02:00,868][TRACE][org.elasticsearch.transport.tracer] [transport_client_node_t0] [46][indices:data/write/index] sent to [{node_t0}{5WFoynj2SUGDMEZmKbHSCQ}{127.0.0.1}{127.0.0.1:9660}[mode=>network]] (timeout: [null])
[2016-03-30 14:02:00,870][TRACE][org.elasticsearch.transport.tracer] [transport_client_node_t0] [46][indices:data/write/index] received response from [{node_t0}{5WFoynj2SUGDMEZmKbHSCQ}{127.0.0.1}{127.0.0.1:9660}[mode=>network]]
[2016-03-30 14:02:00,870][TRACE][org.elasticsearch.transport.tracer] [transport_client_node_t0] [47][indices:data/write/index] sent to [{node_t0}{5WFoynj2SUGDMEZmKbHSCQ}{127.0.0.1}{127.0.0.1:9660}[mode=>network]] (timeout: [null])
[2016-03-30 14:02:00,872][TRACE][org.elasticsearch.transport.tracer] [transport_client_node_t0] [47][indices:data/write/index] received response from [{node_t0}{5WFoynj2SUGDMEZmKbHSCQ}{127.0.0.1}{127.0.0.1:9660}[mode=>network]]
[2016-03-30 14:02:00,872][TRACE][org.elasticsearch.transport.tracer] [transport_client_node_t0] [48][indices:data/write/index] sent to [{node_t0}{5WFoynj2SUGDMEZmKbHSCQ}{127.0.0.1}{127.0.0.1:9660}[mode=>network]] (timeout: [null])
[2016-03-30 14:02:00,874][TRACE][org.elasticsearch.transport.tracer] [transport_client_node_t0] [48][indices:data/write/index] received response from [{node_t0}{5WFoynj2SUGDMEZmKbHSCQ}{127.0.0.1}{127.0.0.1:9660}[mode=>network]]
[2016-03-30 14:02:00,874][TRACE][org.elasticsearch.transport.tracer] [transport_client_node_t1] [35][indices:data/write/index] sent to [{node_t1}{lk7U_niVSKyTWpmVoV3sIA}{127.0.0.1}{127.0.0.1:9661}[mode=>network]] (timeout: [null])
[2016-03-30 14:02:00,875][TRACE][org.elasticsearch.transport.tracer] [transport_client_node_t1] [35][indices:data/write/index] received response from [{node_t1}{lk7U_niVSKyTWpmVoV3sIA}{127.0.0.1}{127.0.0.1:9661}[mode=>network]]
[2016-03-30 14:02:00,876][TRACE][org.elasticsearch.transport.tracer] [transport_client_node_t0] [49][indices:data/write/index] sent to [{node_t0}{5WFoynj2SUGDMEZmKbHSCQ}{127.0.0.1}{127.0.0.1:9660}[mode=>network]] (timeout: [null])
[2016-03-30 14:02:00,877][TRACE][org.elasticsearch.transport.tracer] [transport_client_node_t0] [49][indices:data/write/index] received response from [{node_t0}{5WFoynj2SUGDMEZmKbHSCQ}{127.0.0.1}{127.0.0.1:9660}[mode=>network]]
[2016-03-30 14:02:00,877][TRACE][org.elasticsearch.transport.tracer] [transport_client_node_t1] [36][indices:data/write/index] sent to [{node_t1}{lk7U_niVSKyTWpmVoV3sIA}{127.0.0.1}{127.0.0.1:9661}[mode=>network]] (timeout: [null])
[2016-03-30 14:02:00,879][TRACE][org.elasticsearch.transport.tracer] [transport_client_node_t1] [36][indices:data/write/index] received response from [{node_t1}{lk7U_niVSKyTWpmVoV3sIA}{127.0.0.1}{127.0.0.1:9661}[mode=>network]]
[2016-03-30 14:02:00,879][TRACE][org.elasticsearch.transport.tracer] [transport_client_node_t0] [50][indices:data/write/index] sent to [{node_t0}{5WFoynj2SUGDMEZmKbHSCQ}{127.0.0.1}{127.0.0.1:9660}[mode=>network]] (timeout: [null])
[2016-03-30 14:02:00,881][TRACE][org.elasticsearch.transport.tracer] [transport_client_node_t0] [50][indices:data/write/index] received response from [{node_t0}{5WFoynj2SUGDMEZmKbHSCQ}{127.0.0.1}{127.0.0.1:9660}[mode=>network]]
[2016-03-30 14:02:00,881][TRACE][org.elasticsearch.transport.tracer] [transport_client_node_t0] [51][indices:data/write/index] sent to [{node_t0}{5WFoynj2SUGDMEZmKbHSCQ}{127.0.0.1}{127.0.0.1:9660}[mode=>network]] (timeout: [null])
[2016-03-30 14:02:00,883][TRACE][org.elasticsearch.transport.tracer] [transport_client_node_t0] [51][indices:data/write/index] received response from [{node_t0}{5WFoynj2SUGDMEZmKbHSCQ}{127.0.0.1}{127.0.0.1:9660}[mode=>network]]
[2016-03-30 14:02:00,883][TRACE][org.elasticsearch.transport.tracer] [transport_client_node_t1] [37][indices:data/write/index] sent to [{node_t1}{lk7U_niVSKyTWpmVoV3sIA}{127.0.0.1}{127.0.0.1:9661}[mode=>network]] (timeout: [null])
[2016-03-30 14:02:00,885][TRACE][org.elasticsearch.transport.tracer] [transport_client_node_t1] [37][indices:data/write/index] received response from [{node_t1}{lk7U_niVSKyTWpmVoV3sIA}{127.0.0.1}{127.0.0.1:9661}[mode=>network]]
[2016-03-30 14:02:00,886][TRACE][org.elasticsearch.transport.tracer] [transport_client_node_t0] [52][indices:data/write/index] sent to [{node_t0}{5WFoynj2SUGDMEZmKbHSCQ}{127.0.0.1}{127.0.0.1:9660}[mode=>network]] (timeout: [null])
[2016-03-30 14:02:00,887][TRACE][org.elasticsearch.transport.tracer] [transport_client_node_t0] [52][indices:data/write/index] received response from [{node_t0}{5WFoynj2SUGDMEZmKbHSCQ}{127.0.0.1}{127.0.0.1:9660}[mode=>network]]
[2016-03-30 14:02:00,887][TRACE][org.elasticsearch.transport.tracer] [transport_client_node_t1] [38][indices:data/write/index] sent to [{node_t1}{lk7U_niVSKyTWpmVoV3sIA}{127.0.0.1}{127.0.0.1:9661}[mode=>network]] (timeout: [null])
[2016-03-30 14:02:00,888][TRACE][org.elasticsearch.transport.tracer] [transport_client_node_t1] [38][indices:data/write/index] received response from [{node_t1}{lk7U_niVSKyTWpmVoV3sIA}{127.0.0.1}{127.0.0.1:9661}[mode=>network]]
[2016-03-30 14:02:00,889][TRACE][org.elasticsearch.transport.tracer] [transport_client_node_t0] [53][indices:data/write/index] sent to [{node_t0}{5WFoynj2SUGDMEZmKbHSCQ}{127.0.0.1}{127.0.0.1:9660}[mode=>network]] (timeout: [null])
[2016-03-30 14:02:00,890][TRACE][org.elasticsearch.transport.tracer] [transport_client_node_t0] [53][indices:data/write/index] received response from [{node_t0}{5WFoynj2SUGDMEZmKbHSCQ}{127.0.0.1}{127.0.0.1:9660}[mode=>network]]
[2016-03-30 14:02:00,890][TRACE][org.elasticsearch.transport.tracer] [transport_client_node_t0] [54][indices:data/write/index] sent to [{node_t0}{5WFoynj2SUGDMEZmKbHSCQ}{127.0.0.1}{127.0.0.1:9660}[mode=>network]] (timeout: [null])
[2016-03-30 14:02:00,891][TRACE][org.elasticsearch.transport.tracer] [transport_client_node_t0] [54][indices:data/write/index] received response from [{node_t0}{5WFoynj2SUGDMEZmKbHSCQ}{127.0.0.1}{127.0.0.1:9660}[mode=>network]]
[2016-03-30 14:02:00,892][TRACE][org.elasticsearch.transport.tracer] [transport_client_node_t0] [55][indices:data/write/index] sent to [{node_t0}{5WFoynj2SUGDMEZmKbHSCQ}{127.0.0.1}{127.0.0.1:9660}[mode=>network]] (timeout: [null])
[2016-03-30 14:02:00,893][TRACE][org.elasticsearch.transport.tracer] [transport_client_node_t0] [55][indices:data/write/index] received response from [{node_t0}{5WFoynj2SUGDMEZmKbHSCQ}{127.0.0.1}{127.0.0.1:9660}[mode=>network]]
[2016-03-30 14:02:00,894][TRACE][org.elasticsearch.transport.tracer] [transport_client_node_t1] [39][indices:data/write/index] sent to [{node_t1}{lk7U_niVSKyTWpmVoV3sIA}{127.0.0.1}{127.0.0.1:9661}[mode=>network]] (timeout: [null])
[2016-03-30 14:02:00,895][TRACE][org.elasticsearch.transport.tracer] [transport_client_node_t1] [39][indices:data/write/index] received response from [{node_t1}{lk7U_niVSKyTWpmVoV3sIA}{127.0.0.1}{127.0.0.1:9661}[mode=>network]]
[2016-03-30 14:02:00,895][TRACE][org.elasticsearch.transport.tracer] [transport_client_node_t0] [56][indices:data/write/index] sent to [{node_t0}{5WFoynj2SUGDMEZmKbHSCQ}{127.0.0.1}{127.0.0.1:9660}[mode=>network]] (timeout: [null])
[2016-03-30 14:02:00,897][TRACE][org.elasticsearch.transport.tracer] [transport_client_node_t0] [56][indices:data/write/index] received response from [{node_t0}{5WFoynj2SUGDMEZmKbHSCQ}{127.0.0.1}{127.0.0.1:9660}[mode=>network]]
[2016-03-30 14:02:00,897][TRACE][org.elasticsearch.transport.tracer] [transport_client_node_t1] [40][indices:data/write/index] sent to [{node_t1}{lk7U_niVSKyTWpmVoV3sIA}{127.0.0.1}{127.0.0.1:9661}[mode=>network]] (timeout: [null])
[2016-03-30 14:02:00,899][TRACE][org.elasticsearch.transport.tracer] [transport_client_node_t1] [40][indices:data/write/index] received response from [{node_t1}{lk7U_niVSKyTWpmVoV3sIA}{127.0.0.1}{127.0.0.1:9661}[mode=>network]]
[2016-03-30 14:02:00,899][TRACE][org.elasticsearch.transport.tracer] [transport_client_node_t0] [57][indices:data/write/index] sent to [{node_t0}{5WFoynj2SUGDMEZmKbHSCQ}{127.0.0.1}{127.0.0.1:9660}[mode=>network]] (timeout: [null])
[2016-03-30 14:02:00,900][TRACE][org.elasticsearch.transport.tracer] [transport_client_node_t0] [57][indices:data/write/index] received response from [{node_t0}{5WFoynj2SUGDMEZmKbHSCQ}{127.0.0.1}{127.0.0.1:9660}[mode=>network]]
[2016-03-30 14:02:00,900][TRACE][org.elasticsearch.transport.tracer] [transport_client_node_t1] [41][indices:data/write/index] sent to [{node_t1}{lk7U_niVSKyTWpmVoV3sIA}{127.0.0.1}{127.0.0.1:9661}[mode=>network]] (timeout: [null])
[2016-03-30 14:02:00,902][TRACE][org.elasticsearch.transport.tracer] [transport_client_node_t1] [41][indices:data/write/index] received response from [{node_t1}{lk7U_niVSKyTWpmVoV3sIA}{127.0.0.1}{127.0.0.1:9661}[mode=>network]]
[2016-03-30 14:02:00,902][TRACE][org.elasticsearch.transport.tracer] [transport_client_node_t0] [58][indices:data/write/index] sent to [{node_t0}{5WFoynj2SUGDMEZmKbHSCQ}{127.0.0.1}{127.0.0.1:9660}[mode=>network]] (timeout: [null])
[2016-03-30 14:02:00,903][TRACE][org.elasticsearch.transport.tracer] [transport_client_node_t0] [58][indices:data/write/index] received response from [{node_t0}{5WFoynj2SUGDMEZmKbHSCQ}{127.0.0.1}{127.0.0.1:9660}[mode=>network]]
[2016-03-30 14:02:00,904][TRACE][org.elasticsearch.transport.tracer] [transport_client_node_t1] [42][cluster:monitor/health] sent to [{node_t1}{lk7U_niVSKyTWpmVoV3sIA}{127.0.0.1}{127.0.0.1:9661}[mode=>network]] (timeout: [null])
[2016-03-30 14:02:00,905][TRACE][org.elasticsearch.transport.tracer] [transport_client_node_t1] [42][cluster:monitor/health] received response from [{node_t1}{lk7U_niVSKyTWpmVoV3sIA}{127.0.0.1}{127.0.0.1:9661}[mode=>network]]
[2016-03-30 14:02:00,905][TRACE][org.elasticsearch.transport.tracer] [transport_client_node_t0] [59][cluster:monitor/health] sent to [{node_t0}{5WFoynj2SUGDMEZmKbHSCQ}{127.0.0.1}{127.0.0.1:9660}[mode=>network]] (timeout: [null])
[2016-03-30 14:02:00,906][TRACE][org.elasticsearch.transport.tracer] [transport_client_node_t0] [59][cluster:monitor/health] received response from [{node_t0}{5WFoynj2SUGDMEZmKbHSCQ}{127.0.0.1}{127.0.0.1:9660}[mode=>network]]
[2016-03-30 14:02:00,906][TRACE][org.elasticsearch.transport.tracer] [transport_client_node_t1] [43][indices:admin/flush] sent to [{node_t1}{lk7U_niVSKyTWpmVoV3sIA}{127.0.0.1}{127.0.0.1:9661}[mode=>network]] (timeout: [null])
[2016-03-30 14:02:01,524][TRACE][org.elasticsearch.transport.tracer] [transport_client_node_t1] [43][indices:admin/flush] received response from [{node_t1}{lk7U_niVSKyTWpmVoV3sIA}{127.0.0.1}{127.0.0.1:9661}[mode=>network]]
[2016-03-30 14:02:01,524][TRACE][org.elasticsearch.transport.tracer] [transport_client_node_t0] [61][cluster:monitor/health] sent to [{node_t0}{5WFoynj2SUGDMEZmKbHSCQ}{127.0.0.1}{127.0.0.1:9660}[mode=>network]] (timeout: [null])
[2016-03-30 14:02:01,525][TRACE][org.elasticsearch.transport.tracer] [transport_client_node_t0] [61][cluster:monitor/health] received response from [{node_t0}{5WFoynj2SUGDMEZmKbHSCQ}{127.0.0.1}{127.0.0.1:9660}[mode=>network]]
[2016-03-30 14:02:01,525][TRACE][org.elasticsearch.transport.tracer] [transport_client_node_t0] [62][indices:admin/refresh] sent to [{node_t0}{5WFoynj2SUGDMEZmKbHSCQ}{127.0.0.1}{127.0.0.1:9660}[mode=>network]] (timeout: [null])
[2016-03-30 14:02:01,534][TRACE][org.elasticsearch.transport.tracer] [transport_client_node_t0] [62][indices:admin/refresh] received response from [{node_t0}{5WFoynj2SUGDMEZmKbHSCQ}{127.0.0.1}{127.0.0.1:9660}[mode=>network]]
[2016-03-30 14:02:01,535][TRACE][org.elasticsearch.transport.tracer] [transport_client_node_t1] [44][indices:data/read/search] sent to [{node_t1}{lk7U_niVSKyTWpmVoV3sIA}{127.0.0.1}{127.0.0.1:9661}[mode=>network]] (timeout: [null])
[2016-03-30 14:02:01,540][TRACE][org.elasticsearch.transport.tracer] [transport_client_node_t1] [44][indices:data/read/search] received response from [{node_t1}{lk7U_niVSKyTWpmVoV3sIA}{127.0.0.1}{127.0.0.1:9661}[mode=>network]]
[2016-03-30 14:02:01,540][TRACE][org.elasticsearch.transport.tracer] [transport_client_node_t0] [63][indices:data/read/search] sent to [{node_t0}{5WFoynj2SUGDMEZmKbHSCQ}{127.0.0.1}{127.0.0.1:9660}[mode=>network]] (timeout: [null])
[2016-03-30 14:02:01,541][TRACE][org.elasticsearch.transport.tracer] [transport_client_node_t0] [63][indices:data/read/search] received response from [{node_t0}{5WFoynj2SUGDMEZmKbHSCQ}{127.0.0.1}{127.0.0.1:9660}[mode=>network]]
[2016-03-30 14:02:01,542][TRACE][org.elasticsearch.transport.tracer] [transport_client_node_t0] [64][indices:data/read/search] sent to [{node_t0}{5WFoynj2SUGDMEZmKbHSCQ}{127.0.0.1}{127.0.0.1:9660}[mode=>network]] (timeout: [null])
[2016-03-30 14:02:01,543][TRACE][org.elasticsearch.transport.tracer] [transport_client_node_t0] [64][indices:data/read/search] received response from [{node_t0}{5WFoynj2SUGDMEZmKbHSCQ}{127.0.0.1}{127.0.0.1:9660}[mode=>network]]
[2016-03-30 14:02:01,543][TRACE][org.elasticsearch.transport.tracer] [transport_client_node_t1] [45][indices:data/read/search] sent to [{node_t1}{lk7U_niVSKyTWpmVoV3sIA}{127.0.0.1}{127.0.0.1:9661}[mode=>network]] (timeout: [null])
[2016-03-30 14:02:01,545][TRACE][org.elasticsearch.transport.tracer] [transport_client_node_t1] [45][indices:data/read/search] received response from [{node_t1}{lk7U_niVSKyTWpmVoV3sIA}{127.0.0.1}{127.0.0.1:9661}[mode=>network]]
[2016-03-30 14:02:01,545][TRACE][org.elasticsearch.transport.tracer] [transport_client_node_t0] [65][indices:data/read/search] sent to [{node_t0}{5WFoynj2SUGDMEZmKbHSCQ}{127.0.0.1}{127.0.0.1:9660}[mode=>network]] (timeout: [null])
[2016-03-30 14:02:01,547][TRACE][org.elasticsearch.transport.tracer] [transport_client_node_t0] [65][indices:data/read/search] received response from [{node_t0}{5WFoynj2SUGDMEZmKbHSCQ}{127.0.0.1}{127.0.0.1:9660}[mode=>network]]
[2016-03-30 14:02:01,547][TRACE][org.elasticsearch.transport.tracer] [transport_client_node_t1] [46][indices:data/read/search] sent to [{node_t1}{lk7U_niVSKyTWpmVoV3sIA}{127.0.0.1}{127.0.0.1:9661}[mode=>network]] (timeout: [null])
[2016-03-30 14:02:01,549][TRACE][org.elasticsearch.transport.tracer] [transport_client_node_t1] [46][indices:data/read/search] received response from [{node_t1}{lk7U_niVSKyTWpmVoV3sIA}{127.0.0.1}{127.0.0.1:9661}[mode=>network]]
[2016-03-30 14:02:01,549][TRACE][org.elasticsearch.transport.tracer] [transport_client_node_t1] [47][indices:data/read/search] sent to [{node_t1}{lk7U_niVSKyTWpmVoV3sIA}{127.0.0.1}{127.0.0.1:9661}[mode=>network]] (timeout: [null])
[2016-03-30 14:02:01,553][TRACE][org.elasticsearch.transport.tracer] [transport_client_node_t1] [47][indices:data/read/search] received response from [{node_t1}{lk7U_niVSKyTWpmVoV3sIA}{127.0.0.1}{127.0.0.1:9661}[mode=>network]]
[2016-03-30 14:02:01,554][TRACE][org.elasticsearch.transport.tracer] [transport_client_node_t0] [66][indices:data/read/search] sent to [{node_t0}{5WFoynj2SUGDMEZmKbHSCQ}{127.0.0.1}{127.0.0.1:9660}[mode=>network]] (timeout: [null])
[2016-03-30 14:02:01,556][TRACE][org.elasticsearch.transport.tracer] [transport_client_node_t0] [66][indices:data/read/search] received response from [{node_t0}{5WFoynj2SUGDMEZmKbHSCQ}{127.0.0.1}{127.0.0.1:9660}[mode=>network]]
[2016-03-30 14:02:01,557][TRACE][org.elasticsearch.transport.tracer] [transport_client_node_t1] [48][indices:data/read/search] sent to [{node_t1}{lk7U_niVSKyTWpmVoV3sIA}{127.0.0.1}{127.0.0.1:9661}[mode=>network]] (timeout: [null])
[2016-03-30 14:02:01,560][TRACE][org.elasticsearch.transport.tracer] [transport_client_node_t1] [48][indices:data/read/search] received response from [{node_t1}{lk7U_niVSKyTWpmVoV3sIA}{127.0.0.1}{127.0.0.1:9661}[mode=>network]]
[2016-03-30 14:02:01,560][TRACE][org.elasticsearch.transport.tracer] [transport_client_node_t1] [49][cluster:monitor/state] sent to [{node_t1}{lk7U_niVSKyTWpmVoV3sIA}{127.0.0.1}{127.0.0.1:9661}[mode=>network]] (timeout: [null])
[2016-03-30 14:02:01,561][TRACE][org.elasticsearch.transport.tracer] [transport_client_node_t1] [49][cluster:monitor/state] received response from [{node_t1}{lk7U_niVSKyTWpmVoV3sIA}{127.0.0.1}{127.0.0.1:9661}[mode=>network]]
[2016-03-30 14:02:01,570][INFO ][org.elasticsearch.discovery.zen] [node_t1] master_left [{node_t0}{5WFoynj2SUGDMEZmKbHSCQ}{127.0.0.1}{127.0.0.1:9660}[mode=>network]], reason [shut_down]
[2016-03-30 14:02:01,570][TRACE][org.elasticsearch.cluster.service] [node_t1] will process [zen-disco-master_failed ({node_t0}{5WFoynj2SUGDMEZmKbHSCQ}{127.0.0.1}{127.0.0.1:9660}[mode=>network])]
[2016-03-30 14:02:01,570][DEBUG][org.elasticsearch.cluster.service] [node_t1] processing [zen-disco-master_failed ({node_t0}{5WFoynj2SUGDMEZmKbHSCQ}{127.0.0.1}{127.0.0.1:9660}[mode=>network])]: execute
[2016-03-30 14:02:01,571][WARN ][org.elasticsearch.discovery.zen] [node_t1] master left (reason = shut_down), current nodes: {{node_t1}{lk7U_niVSKyTWpmVoV3sIA}{127.0.0.1}{127.0.0.1:9661}[mode=>network],}
[2016-03-30 14:02:01,571][DEBUG][org.elasticsearch.discovery.zen.fd] [node_t1] [master] stopping fault detection against master [{node_t0}{5WFoynj2SUGDMEZmKbHSCQ}{127.0.0.1}{127.0.0.1:9660}[mode=>network]], reason [master left (reason = shut_down)]
[2016-03-30 14:02:01,571][TRACE][org.elasticsearch.discovery.zen] [node_t1] starting to accumulate joins
[2016-03-30 14:02:01,571][TRACE][org.elasticsearch.discovery.zen] [node_t1] starting to ping
[2016-03-30 14:02:01,571][TRACE][org.elasticsearch.cluster.service] [node_t1] cluster state updated, source [zen-disco-master_failed ({node_t0}{5WFoynj2SUGDMEZmKbHSCQ}{127.0.0.1}{127.0.0.1:9660}[mode=>network])]
version: 5
state uuid: fRlJvz35Rh-XUj5bmeT8Yg
from_diff: false
meta data version: 4
blocks: 
   _global_:
      2,no master, blocks WRITE,METADATA_WRITE
nodes: 
   {node_t1}{lk7U_niVSKyTWpmVoV3sIA}{127.0.0.1}{127.0.0.1:9661}[mode=>network], local
routing_table (version 3):
-- index [test]
----shard_id [test][0]
--------[test][0], node[lk7U_niVSKyTWpmVoV3sIA], [P], v[2], s[STARTED], a[id=uC3ewIfZRDW-4Ye1pl4ULw]
----shard_id [test][1]
--------[test][1], node[5WFoynj2SUGDMEZmKbHSCQ], [P], v[2], s[STARTED], a[id=7v3L-zOpSdGFdWjmgBQoEg]
----shard_id [test][2]
--------[test][2], node[lk7U_niVSKyTWpmVoV3sIA], [P], v[2], s[STARTED], a[id=aldfZzscRt6PWb38x5_cjA]
----shard_id [test][3]
--------[test][3], node[5WFoynj2SUGDMEZmKbHSCQ], [P], v[2], s[STARTED], a[id=R5NTof8yScKzImVZa2Cmfw]
----shard_id [test][4]
--------[test][4], node[lk7U_niVSKyTWpmVoV3sIA], [P], v[2], s[STARTED], a[id=7dKyNkRvT0WKMiTTjDRO4A]
----shard_id [test][5]
--------[test][5], node[5WFoynj2SUGDMEZmKbHSCQ], [P], v[2], s[STARTED], a[id=63rcVyKZTgaKOOleK_yqDw]
----shard_id [test][6]
--------[test][6], node[lk7U_niVSKyTWpmVoV3sIA], [P], v[2], s[STARTED], a[id=RFLG2DrFRBCCZsSxxCrbog]
----shard_id [test][7]
--------[test][7], node[5WFoynj2SUGDMEZmKbHSCQ], [P], v[2], s[STARTED], a[id=RGDxkoxeQnyJLtqpsLyP0w]

routing_nodes:
-----node_id[lk7U_niVSKyTWpmVoV3sIA][V]
--------[test][2], node[lk7U_niVSKyTWpmVoV3sIA], [P], v[2], s[STARTED], a[id=aldfZzscRt6PWb38x5_cjA]
--------[test][6], node[lk7U_niVSKyTWpmVoV3sIA], [P], v[2], s[STARTED], a[id=RFLG2DrFRBCCZsSxxCrbog]
--------[test][4], node[lk7U_niVSKyTWpmVoV3sIA], [P], v[2], s[STARTED], a[id=7dKyNkRvT0WKMiTTjDRO4A]
--------[test][0], node[lk7U_niVSKyTWpmVoV3sIA], [P], v[2], s[STARTED], a[id=uC3ewIfZRDW-4Ye1pl4ULw]
-----node_id[5WFoynj2SUGDMEZmKbHSCQ][X]
--------[test][7], node[5WFoynj2SUGDMEZmKbHSCQ], [P], v[2], s[STARTED], a[id=RGDxkoxeQnyJLtqpsLyP0w]
--------[test][3], node[5WFoynj2SUGDMEZmKbHSCQ], [P], v[2], s[STARTED], a[id=R5NTof8yScKzImVZa2Cmfw]
--------[test][5], node[5WFoynj2SUGDMEZmKbHSCQ], [P], v[2], s[STARTED], a[id=63rcVyKZTgaKOOleK_yqDw]
--------[test][1], node[5WFoynj2SUGDMEZmKbHSCQ], [P], v[2], s[STARTED], a[id=7v3L-zOpSdGFdWjmgBQoEg]
---- unassigned

[2016-03-30 14:02:01,571][TRACE][org.elasticsearch.discovery.zen.ping.unicast] [node_t1] [2] connecting to {node_t0}{5WFoynj2SUGDMEZmKbHSCQ}{127.0.0.1}{127.0.0.1:9660}[mode=>network]
[2016-03-30 14:02:01,571][INFO ][org.elasticsearch.cluster.service] [node_t1] removed {{node_t0}{5WFoynj2SUGDMEZmKbHSCQ}{127.0.0.1}{127.0.0.1:9660}[mode=>network],}, reason: zen-disco-master_failed ({node_t0}{5WFoynj2SUGDMEZmKbHSCQ}{127.0.0.1}{127.0.0.1:9660}[mode=>network])
[2016-03-30 14:02:01,571][DEBUG][org.elasticsearch.cluster.service] [node_t1] set local cluster state to version 5
[2016-03-30 14:02:01,571][TRACE][org.elasticsearch.discovery.zen.ping.unicast] [node_t1] [2] sending to {node_t1}{lk7U_niVSKyTWpmVoV3sIA}{127.0.0.1}{127.0.0.1:9661}[mode=>network]
[2016-03-30 14:02:01,572][TRACE][org.elasticsearch.discovery.zen.ping.unicast] [node_t1] [2] received response from {node_t1}{lk7U_niVSKyTWpmVoV3sIA}{127.0.0.1}{127.0.0.1:9661}[mode=>network]: [ping_response{node [{node_t1}{lk7U_niVSKyTWpmVoV3sIA}{127.0.0.1}{127.0.0.1:9661}[mode=>network]], id[838], master [{node_t0}{5WFoynj2SUGDMEZmKbHSCQ}{127.0.0.1}{127.0.0.1:9660}[mode=>network]], hasJoinedOnce [true], cluster_name[TEST-CHILD_VM=[2]-CLUSTER_SEED=[2858301384796425155]-HASH=[462C14F99751D]-cluster]}, ping_response{node [{node_t1}{lk7U_niVSKyTWpmVoV3sIA}{127.0.0.1}{127.0.0.1:9661}[mode=>network]], id[839], master [null], hasJoinedOnce [true], cluster_name[TEST-CHILD_VM=[2]-CLUSTER_SEED=[2858301384796425155]-HASH=[462C14F99751D]-cluster]}]
[2016-03-30 14:02:01,572][TRACE][org.elasticsearch.discovery.zen.ping.unicast] [node_t1] [2] connecting (light) to {#zen_unicast_3#}{127.0.0.1}{127.0.0.1:9662}
[2016-03-30 14:02:01,572][TRACE][org.elasticsearch.discovery.zen.ping.unicast] [node_t1] [2] connecting (light) to {#zen_unicast_4#}{127.0.0.1}{127.0.0.1:9663}
[2016-03-30 14:02:01,572][TRACE][org.elasticsearch.discovery.zen.ping.unicast] [node_t1] [2] connecting (light) to {#zen_unicast_5#}{127.0.0.1}{127.0.0.1:9664}
[2016-03-30 14:02:01,572][TRACE][org.elasticsearch.discovery.zen.ping.unicast] [node_t1] [2] connecting (light) to {#zen_unicast_6#}{::1}{[::1]:9660}
[2016-03-30 14:02:01,573][TRACE][org.elasticsearch.discovery.zen.ping.unicast] [node_t1] [2] connecting (light) to {#zen_unicast_7#}{::1}{[::1]:9661}
[2016-03-30 14:02:01,573][TRACE][org.elasticsearch.discovery.zen.ping.unicast] [node_t1] [2] connecting (light) to {#zen_unicast_8#}{::1}{[::1]:9662}
[2016-03-30 14:02:01,573][TRACE][org.elasticsearch.discovery.zen.ping.unicast] [node_t1] [2] connecting (light) to {#zen_unicast_9#}{::1}{[::1]:9663}
[2016-03-30 14:02:01,573][TRACE][org.elasticsearch.discovery.zen.ping.unicast] [node_t1] [2] connecting (light) to {#zen_unicast_10#}{::1}{[::1]:9664}
[2016-03-30 14:02:01,573][TRACE][org.elasticsearch.discovery.zen.ping.unicast] [node_t1] [2] sending to {node_t1}{lk7U_niVSKyTWpmVoV3sIA}{127.0.0.1}{127.0.0.1:9661}[mode=>network]
[2016-03-30 14:02:01,573][TRACE][org.elasticsearch.discovery.zen.ping.unicast] [node_t1] [2] received response from {node_t1}{lk7U_niVSKyTWpmVoV3sIA}{127.0.0.1}{127.0.0.1:9661}[mode=>network]: [ping_response{node [{node_t1}{lk7U_niVSKyTWpmVoV3sIA}{127.0.0.1}{127.0.0.1:9661}[mode=>network]], id[838], master [{node_t0}{5WFoynj2SUGDMEZmKbHSCQ}{127.0.0.1}{127.0.0.1:9660}[mode=>network]], hasJoinedOnce [true], cluster_name[TEST-CHILD_VM=[2]-CLUSTER_SEED=[2858301384796425155]-HASH=[462C14F99751D]-cluster]}, ping_response{node [{node_t1}{lk7U_niVSKyTWpmVoV3sIA}{127.0.0.1}{127.0.0.1:9661}[mode=>network]], id[838], master [{node_t0}{5WFoynj2SUGDMEZmKbHSCQ}{127.0.0.1}{127.0.0.1:9660}[mode=>network]], hasJoinedOnce [true], cluster_name[TEST-CHILD_VM=[2]-CLUSTER_SEED=[2858301384796425155]-HASH=[462C14F99751D]-cluster]}, ping_response{node [{node_t1}{lk7U_niVSKyTWpmVoV3sIA}{127.0.0.1}{127.0.0.1:9661}[mode=>network]], id[840], master [null], hasJoinedOnce [true], cluster_name[TEST-CHILD_VM=[2]-CLUSTER_SEED=[2858301384796425155]-HASH=[462C14F99751D]-cluster]}]
[2016-03-30 14:02:01,573][TRACE][org.elasticsearch.discovery.zen.ping.unicast] [node_t1] [2] connecting to {node_t0}{5WFoynj2SUGDMEZmKbHSCQ}{127.0.0.1}{127.0.0.1:9660}[mode=>network]
[2016-03-30 14:02:01,573][TRACE][org.elasticsearch.discovery.zen.ping.unicast] [node_t1] [2] failed to connect to {node_t0}{5WFoynj2SUGDMEZmKbHSCQ}{127.0.0.1}{127.0.0.1:9660}[mode=>network]
ConnectTransportException[[node_t0][127.0.0.1:9660] connect_timeout[30s]]; nested: ConnectException[Connection refused: /127.0.0.1:9660];
	at org.elasticsearch.transport.netty.NettyTransport.connectToChannels(NettyTransport.java:983)
	at org.elasticsearch.transport.netty.NettyTransport.connectToNode(NettyTransport.java:916)
	at org.elasticsearch.transport.netty.NettyTransport.connectToNode(NettyTransport.java:889)
	at org.elasticsearch.test.transport.MockTransportService$LookupTestTransport.connectToNode(MockTransportService.java:407)
	at org.elasticsearch.transport.TransportService.connectToNode(TransportService.java:243)
	at org.elasticsearch.discovery.zen.ping.unicast.UnicastZenPing$3.run(UnicastZenPing.java:398)
	at java.util.concurrent.ThreadPoolExecutor.runWorker(ThreadPoolExecutor.java:1142)
	at java.util.concurrent.ThreadPoolExecutor$Worker.run(ThreadPoolExecutor.java:617)
	at java.lang.Thread.run(Thread.java:745)
Caused by: java.net.ConnectException: Connection refused: /127.0.0.1:9660
	at sun.nio.ch.SocketChannelImpl.checkConnect(Native Method)
	at sun.nio.ch.SocketChannelImpl.finishConnect(SocketChannelImpl.java:717)
	at org.jboss.netty.channel.socket.nio.NioClientBoss.connect(NioClientBoss.java:152)
	at org.jboss.netty.channel.socket.nio.NioClientBoss.processSelectedKeys(NioClientBoss.java:105)
	at org.jboss.netty.channel.socket.nio.NioClientBoss.process(NioClientBoss.java:79)
	at org.jboss.netty.channel.socket.nio.AbstractNioSelector.run(AbstractNioSelector.java:337)
	at org.jboss.netty.channel.socket.nio.NioClientBoss.run(NioClientBoss.java:42)
	at org.jboss.netty.util.ThreadRenamingRunnable.run(ThreadRenamingRunnable.java:108)
	at org.jboss.netty.util.internal.DeadLockProofWorker$1.run(DeadLockProofWorker.java:42)
	... 3 more
[2016-03-30 14:02:01,574][TRACE][org.elasticsearch.discovery.zen.ping.unicast] [node_t1] [2] failed to connect to {#zen_unicast_5#}{127.0.0.1}{127.0.0.1:9664}
ConnectTransportException[[][127.0.0.1:9664] connect_timeout[30s]]; nested: ConnectException[Connection refused: /127.0.0.1:9664];
	at org.elasticsearch.transport.netty.NettyTransport.connectToChannelsLight(NettyTransport.java:948)
	at org.elasticsearch.transport.netty.NettyTransport.connectToNode(NettyTransport.java:912)
	at org.elasticsearch.transport.netty.NettyTransport.connectToNodeLight(NettyTransport.java:884)
	at org.elasticsearch.test.transport.MockTransportService$LookupTestTransport.connectToNodeLight(MockTransportService.java:412)
	at org.elasticsearch.transport.TransportService.connectToNodeLight(TransportService.java:250)
	at org.elasticsearch.discovery.zen.ping.unicast.UnicastZenPing$3.run(UnicastZenPing.java:395)
	at java.util.concurrent.ThreadPoolExecutor.runWorker(ThreadPoolExecutor.java:1142)
	at java.util.concurrent.ThreadPoolExecutor$Worker.run(ThreadPoolExecutor.java:617)
	at java.lang.Thread.run(Thread.java:745)
Caused by: java.net.ConnectException: Connection refused: /127.0.0.1:9664
	at sun.nio.ch.SocketChannelImpl.checkConnect(Native Method)
	at sun.nio.ch.SocketChannelImpl.finishConnect(SocketChannelImpl.java:717)
	at org.jboss.netty.channel.socket.nio.NioClientBoss.connect(NioClientBoss.java:152)
	at org.jboss.netty.channel.socket.nio.NioClientBoss.processSelectedKeys(NioClientBoss.java:105)
	at org.jboss.netty.channel.socket.nio.NioClientBoss.process(NioClientBoss.java:79)
	at org.jboss.netty.channel.socket.nio.AbstractNioSelector.run(AbstractNioSelector.java:337)
	at org.jboss.netty.channel.socket.nio.NioClientBoss.run(NioClientBoss.java:42)
	at org.jboss.netty.util.ThreadRenamingRunnable.run(ThreadRenamingRunnable.java:108)
	at org.jboss.netty.util.internal.DeadLockProofWorker$1.run(DeadLockProofWorker.java:42)
	... 3 more
[2016-03-30 14:02:01,575][TRACE][org.elasticsearch.discovery.zen.ping.unicast] [node_t1] [2] failed to connect to {#zen_unicast_9#}{::1}{[::1]:9663}
ConnectTransportException[[][[::1]:9663] connect_timeout[30s]]; nested: ConnectException[Connection refused: /0:0:0:0:0:0:0:1:9663];
	at org.elasticsearch.transport.netty.NettyTransport.connectToChannelsLight(NettyTransport.java:948)
	at org.elasticsearch.transport.netty.NettyTransport.connectToNode(NettyTransport.java:912)
	at org.elasticsearch.transport.netty.NettyTransport.connectToNodeLight(NettyTransport.java:884)
	at org.elasticsearch.test.transport.MockTransportService$LookupTestTransport.connectToNodeLight(MockTransportService.java:412)
	at org.elasticsearch.transport.TransportService.connectToNodeLight(TransportService.java:250)
	at org.elasticsearch.discovery.zen.ping.unicast.UnicastZenPing$3.run(UnicastZenPing.java:395)
	at java.util.concurrent.ThreadPoolExecutor.runWorker(ThreadPoolExecutor.java:1142)
	at java.util.concurrent.ThreadPoolExecutor$Worker.run(ThreadPoolExecutor.java:617)
	at java.lang.Thread.run(Thread.java:745)
Caused by: java.net.ConnectException: Connection refused: /0:0:0:0:0:0:0:1:9663
	at sun.nio.ch.SocketChannelImpl.checkConnect(Native Method)
	at sun.nio.ch.SocketChannelImpl.finishConnect(SocketChannelImpl.java:717)
	at org.jboss.netty.channel.socket.nio.NioClientBoss.connect(NioClientBoss.java:152)
	at org.jboss.netty.channel.socket.nio.NioClientBoss.processSelectedKeys(NioClientBoss.java:105)
	at org.jboss.netty.channel.socket.nio.NioClientBoss.process(NioClientBoss.java:79)
	at org.jboss.netty.channel.socket.nio.AbstractNioSelector.run(AbstractNioSelector.java:337)
	at org.jboss.netty.channel.socket.nio.NioClientBoss.run(NioClientBoss.java:42)
	at org.jboss.netty.util.ThreadRenamingRunnable.run(ThreadRenamingRunnable.java:108)
	at org.jboss.netty.util.internal.DeadLockProofWorker$1.run(DeadLockProofWorker.java:42)
	... 3 more
[2016-03-30 14:02:01,574][TRACE][org.elasticsearch.discovery.zen.ping.unicast] [node_t1] [2] failed to connect to {#zen_unicast_6#}{::1}{[::1]:9660}
ConnectTransportException[[][[::1]:9660] connect_timeout[30s]]; nested: ConnectException[Connection refused: /0:0:0:0:0:0:0:1:9660];
	at org.elasticsearch.transport.netty.NettyTransport.connectToChannelsLight(NettyTransport.java:948)
	at org.elasticsearch.transport.netty.NettyTransport.connectToNode(NettyTransport.java:912)
	at org.elasticsearch.transport.netty.NettyTransport.connectToNodeLight(NettyTransport.java:884)
	at org.elasticsearch.test.transport.MockTransportService$LookupTestTransport.connectToNodeLight(MockTransportService.java:412)
	at org.elasticsearch.transport.TransportService.connectToNodeLight(TransportService.java:250)
	at org.elasticsearch.discovery.zen.ping.unicast.UnicastZenPing$3.run(UnicastZenPing.java:395)
	at java.util.concurrent.ThreadPoolExecutor.runWorker(ThreadPoolExecutor.java:1142)
	at java.util.concurrent.ThreadPoolExecutor$Worker.run(ThreadPoolExecutor.java:617)
	at java.lang.Thread.run(Thread.java:745)
Caused by: java.net.ConnectException: Connection refused: /0:0:0:0:0:0:0:1:9660
	at sun.nio.ch.SocketChannelImpl.checkConnect(Native Method)
	at sun.nio.ch.SocketChannelImpl.finishConnect(SocketChannelImpl.java:717)
	at org.jboss.netty.channel.socket.nio.NioClientBoss.connect(NioClientBoss.java:152)
	at org.jboss.netty.channel.socket.nio.NioClientBoss.processSelectedKeys(NioClientBoss.java:105)
	at org.jboss.netty.channel.socket.nio.NioClientBoss.process(NioClientBoss.java:79)
	at org.jboss.netty.channel.socket.nio.AbstractNioSelector.run(AbstractNioSelector.java:337)
	at org.jboss.netty.channel.socket.nio.NioClientBoss.run(NioClientBoss.java:42)
	at org.jboss.netty.util.ThreadRenamingRunnable.run(ThreadRenamingRunnable.java:108)
	at org.jboss.netty.util.internal.DeadLockProofWorker$1.run(DeadLockProofWorker.java:42)
	... 3 more
[2016-03-30 14:02:01,574][TRACE][org.elasticsearch.discovery.zen.ping.unicast] [node_t1] [2] failed to connect to {#zen_unicast_3#}{127.0.0.1}{127.0.0.1:9662}
ConnectTransportException[[][127.0.0.1:9662] connect_timeout[30s]]; nested: ConnectException[Connection refused: /127.0.0.1:9662];
	at org.elasticsearch.transport.netty.NettyTransport.connectToChannelsLight(NettyTransport.java:948)
	at org.elasticsearch.transport.netty.NettyTransport.connectToNode(NettyTransport.java:912)
	at org.elasticsearch.transport.netty.NettyTransport.connectToNodeLight(NettyTransport.java:884)
	at org.elasticsearch.test.transport.MockTransportService$LookupTestTransport.connectToNodeLight(MockTransportService.java:412)
	at org.elasticsearch.transport.TransportService.connectToNodeLight(TransportService.java:250)
	at org.elasticsearch.discovery.zen.ping.unicast.UnicastZenPing$3.run(UnicastZenPing.java:395)
	at java.util.concurrent.ThreadPoolExecutor.runWorker(ThreadPoolExecutor.java:1142)
	at java.util.concurrent.ThreadPoolExecutor$Worker.run(ThreadPoolExecutor.java:617)
	at java.lang.Thread.run(Thread.java:745)
Caused by: java.net.ConnectException: Connection refused: /127.0.0.1:9662
	at sun.nio.ch.SocketChannelImpl.checkConnect(Native Method)
	at sun.nio.ch.SocketChannelImpl.finishConnect(SocketChannelImpl.java:717)
	at org.jboss.netty.channel.socket.nio.NioClientBoss.connect(NioClientBoss.java:152)
	at org.jboss.netty.channel.socket.nio.NioClientBoss.processSelectedKeys(NioClientBoss.java:105)
	at org.jboss.netty.channel.socket.nio.NioClientBoss.process(NioClientBoss.java:79)
	at org.jboss.netty.channel.socket.nio.AbstractNioSelector.run(AbstractNioSelector.java:337)
	at org.jboss.netty.channel.socket.nio.NioClientBoss.run(NioClientBoss.java:42)
	at org.jboss.netty.util.ThreadRenamingRunnable.run(ThreadRenamingRunnable.java:108)
	at org.jboss.netty.util.internal.DeadLockProofWorker$1.run(DeadLockProofWorker.java:42)
	... 3 more
[2016-03-30 14:02:01,576][TRACE][org.elasticsearch.discovery.zen.ping.unicast] [node_t1] [2] failed to connect to {#zen_unicast_4#}{127.0.0.1}{127.0.0.1:9663}
ConnectTransportException[[][127.0.0.1:9663] connect_timeout[30s]]; nested: ConnectException[Connection refused: /127.0.0.1:9663];
	at org.elasticsearch.transport.netty.NettyTransport.connectToChannelsLight(NettyTransport.java:948)
	at org.elasticsearch.transport.netty.NettyTransport.connectToNode(NettyTransport.java:912)
	at org.elasticsearch.transport.netty.NettyTransport.connectToNodeLight(NettyTransport.java:884)
	at org.elasticsearch.test.transport.MockTransportService$LookupTestTransport.connectToNodeLight(MockTransportService.java:412)
	at org.elasticsearch.transport.TransportService.connectToNodeLight(TransportService.java:250)
	at org.elasticsearch.discovery.zen.ping.unicast.UnicastZenPing$3.run(UnicastZenPing.java:395)
	at java.util.concurrent.ThreadPoolExecutor.runWorker(ThreadPoolExecutor.java:1142)
	at java.util.concurrent.ThreadPoolExecutor$Worker.run(ThreadPoolExecutor.java:617)
	at java.lang.Thread.run(Thread.java:745)
Caused by: java.net.ConnectException: Connection refused: /127.0.0.1:9663
	at sun.nio.ch.SocketChannelImpl.checkConnect(Native Method)
	at sun.nio.ch.SocketChannelImpl.finishConnect(SocketChannelImpl.java:717)
	at org.jboss.netty.channel.socket.nio.NioClientBoss.connect(NioClientBoss.java:152)
	at org.jboss.netty.channel.socket.nio.NioClientBoss.processSelectedKeys(NioClientBoss.java:105)
	at org.jboss.netty.channel.socket.nio.NioClientBoss.process(NioClientBoss.java:79)
	at org.jboss.netty.channel.socket.nio.AbstractNioSelector.run(AbstractNioSelector.java:337)
	at org.jboss.netty.channel.socket.nio.NioClientBoss.run(NioClientBoss.java:42)
	at org.jboss.netty.util.ThreadRenamingRunnable.run(ThreadRenamingRunnable.java:108)
	at org.jboss.netty.util.internal.DeadLockProofWorker$1.run(DeadLockProofWorker.java:42)
	... 3 more
[2016-03-30 14:02:01,576][TRACE][org.elasticsearch.discovery.zen.ping.unicast] [node_t1] [2] failed to connect to {#zen_unicast_10#}{::1}{[::1]:9664}
ConnectTransportException[[][[::1]:9664] connect_timeout[30s]]; nested: ConnectException[Connection refused: /0:0:0:0:0:0:0:1:9664];
	at org.elasticsearch.transport.netty.NettyTransport.connectToChannelsLight(NettyTransport.java:948)
	at org.elasticsearch.transport.netty.NettyTransport.connectToNode(NettyTransport.java:912)
	at org.elasticsearch.transport.netty.NettyTransport.connectToNodeLight(NettyTransport.java:884)
	at org.elasticsearch.test.transport.MockTransportService$LookupTestTransport.connectToNodeLight(MockTransportService.java:412)
	at org.elasticsearch.transport.TransportService.connectToNodeLight(TransportService.java:250)
	at org.elasticsearch.discovery.zen.ping.unicast.UnicastZenPing$3.run(UnicastZenPing.java:395)
	at java.util.concurrent.ThreadPoolExecutor.runWorker(ThreadPoolExecutor.java:1142)
	at java.util.concurrent.ThreadPoolExecutor$Worker.run(ThreadPoolExecutor.java:617)
	at java.lang.Thread.run(Thread.java:745)
Caused by: java.net.ConnectException: Connection refused: /0:0:0:0:0:0:0:1:9664
	at sun.nio.ch.SocketChannelImpl.checkConnect(Native Method)
	at sun.nio.ch.SocketChannelImpl.finishConnect(SocketChannelImpl.java:717)
	at org.jboss.netty.channel.socket.nio.NioClientBoss.connect(NioClientBoss.java:152)
	at org.jboss.netty.channel.socket.nio.NioClientBoss.processSelectedKeys(NioClientBoss.java:105)
	at org.jboss.netty.channel.socket.nio.NioClientBoss.process(NioClientBoss.java:79)
	at org.jboss.netty.channel.socket.nio.AbstractNioSelector.run(AbstractNioSelector.java:337)
	at org.jboss.netty.channel.socket.nio.NioClientBoss.run(NioClientBoss.java:42)
	at org.jboss.netty.util.ThreadRenamingRunnable.run(ThreadRenamingRunnable.java:108)
	at org.jboss.netty.util.internal.DeadLockProofWorker$1.run(DeadLockProofWorker.java:42)
	... 3 more
[2016-03-30 14:02:01,575][TRACE][org.elasticsearch.discovery.zen.ping.unicast] [node_t1] [2] failed to connect to {#zen_unicast_8#}{::1}{[::1]:9662}
ConnectTransportException[[][[::1]:9662] connect_timeout[30s]]; nested: ConnectException[Connection refused: /0:0:0:0:0:0:0:1:9662];
	at org.elasticsearch.transport.netty.NettyTransport.connectToChannelsLight(NettyTransport.java:948)
	at org.elasticsearch.transport.netty.NettyTransport.connectToNode(NettyTransport.java:912)
	at org.elasticsearch.transport.netty.NettyTransport.connectToNodeLight(NettyTransport.java:884)
	at org.elasticsearch.test.transport.MockTransportService$LookupTestTransport.connectToNodeLight(MockTransportService.java:412)
	at org.elasticsearch.transport.TransportService.connectToNodeLight(TransportService.java:250)
	at org.elasticsearch.discovery.zen.ping.unicast.UnicastZenPing$3.run(UnicastZenPing.java:395)
	at java.util.concurrent.ThreadPoolExecutor.runWorker(ThreadPoolExecutor.java:1142)
	at java.util.concurrent.ThreadPoolExecutor$Worker.run(ThreadPoolExecutor.java:617)
	at java.lang.Thread.run(Thread.java:745)
Caused by: java.net.ConnectException: Connection refused: /0:0:0:0:0:0:0:1:9662
	at sun.nio.ch.SocketChannelImpl.checkConnect(Native Method)
	at sun.nio.ch.SocketChannelImpl.finishConnect(SocketChannelImpl.java:717)
	at org.jboss.netty.channel.socket.nio.NioClientBoss.connect(NioClientBoss.java:152)
	at org.jboss.netty.channel.socket.nio.NioClientBoss.processSelectedKeys(NioClientBoss.java:105)
	at org.jboss.netty.channel.socket.nio.NioClientBoss.process(NioClientBoss.java:79)
	at org.jboss.netty.channel.socket.nio.AbstractNioSelector.run(AbstractNioSelector.java:337)
	at org.jboss.netty.channel.socket.nio.NioClientBoss.run(NioClientBoss.java:42)
	at org.jboss.netty.util.ThreadRenamingRunnable.run(ThreadRenamingRunnable.java:108)
	at org.jboss.netty.util.internal.DeadLockProofWorker$1.run(DeadLockProofWorker.java:42)
	... 3 more
[2016-03-30 14:02:01,575][TRACE][org.elasticsearch.discovery.zen.ping.unicast] [node_t1] [2] connected to {#zen_unicast_7#}{::1}{[::1]:9661}
[2016-03-30 14:02:01,578][TRACE][org.elasticsearch.discovery.zen.ping.unicast] [node_t1] [2] failed to connect to {node_t0}{5WFoynj2SUGDMEZmKbHSCQ}{127.0.0.1}{127.0.0.1:9660}[mode=>network]
ConnectTransportException[[node_t0][127.0.0.1:9660] connect_timeout[30s]]; nested: ConnectException[Connection refused: /127.0.0.1:9660];
	at org.elasticsearch.transport.netty.NettyTransport.connectToChannels(NettyTransport.java:983)
	at org.elasticsearch.transport.netty.NettyTransport.connectToNode(NettyTransport.java:916)
	at org.elasticsearch.transport.netty.NettyTransport.connectToNode(NettyTransport.java:889)
	at org.elasticsearch.test.transport.MockTransportService$LookupTestTransport.connectToNode(MockTransportService.java:407)
	at org.elasticsearch.transport.TransportService.connectToNode(TransportService.java:243)
	at org.elasticsearch.discovery.zen.ping.unicast.UnicastZenPing$3.run(UnicastZenPing.java:398)
	at java.util.concurrent.ThreadPoolExecutor.runWorker(ThreadPoolExecutor.java:1142)
	at java.util.concurrent.ThreadPoolExecutor$Worker.run(ThreadPoolExecutor.java:617)
	at java.lang.Thread.run(Thread.java:745)
Caused by: java.net.ConnectException: Connection refused: /127.0.0.1:9660
	at sun.nio.ch.SocketChannelImpl.checkConnect(Native Method)
	at sun.nio.ch.SocketChannelImpl.finishConnect(SocketChannelImpl.java:717)
	at org.jboss.netty.channel.socket.nio.NioClientBoss.connect(NioClientBoss.java:152)
	at org.jboss.netty.channel.socket.nio.NioClientBoss.processSelectedKeys(NioClientBoss.java:105)
	at org.jboss.netty.channel.socket.nio.NioClientBoss.process(NioClientBoss.java:79)
	at org.jboss.netty.channel.socket.nio.AbstractNioSelector.run(AbstractNioSelector.java:337)
	at org.jboss.netty.channel.socket.nio.NioClientBoss.run(NioClientBoss.java:42)
	at org.jboss.netty.util.ThreadRenamingRunnable.run(ThreadRenamingRunnable.java:108)
	at org.jboss.netty.util.internal.DeadLockProofWorker$1.run(DeadLockProofWorker.java:42)
	... 3 more
[2016-03-30 14:02:01,578][TRACE][org.elasticsearch.discovery.zen.ping.unicast] [node_t1] [2] sending to {#zen_unicast_7#}{::1}{[::1]:9661}
[2016-03-30 14:02:01,579][TRACE][org.elasticsearch.discovery.zen.ping.unicast] [node_t1] [2] received response from {#zen_unicast_7#}{::1}{[::1]:9661}: [ping_response{node [{node_t1}{lk7U_niVSKyTWpmVoV3sIA}{127.0.0.1}{127.0.0.1:9661}[mode=>network]], id[838], master [{node_t0}{5WFoynj2SUGDMEZmKbHSCQ}{127.0.0.1}{127.0.0.1:9660}[mode=>network]], hasJoinedOnce [true], cluster_name[TEST-CHILD_VM=[2]-CLUSTER_SEED=[2858301384796425155]-HASH=[462C14F99751D]-cluster]}, ping_response{node [{node_t1}{lk7U_niVSKyTWpmVoV3sIA}{127.0.0.1}{127.0.0.1:9661}[mode=>network]], id[838], master [{node_t0}{5WFoynj2SUGDMEZmKbHSCQ}{127.0.0.1}{127.0.0.1:9660}[mode=>network]], hasJoinedOnce [true], cluster_name[TEST-CHILD_VM=[2]-CLUSTER_SEED=[2858301384796425155]-HASH=[462C14F99751D]-cluster]}, ping_response{node [{node_t1}{lk7U_niVSKyTWpmVoV3sIA}{127.0.0.1}{127.0.0.1:9661}[mode=>network]], id[838], master [{node_t0}{5WFoynj2SUGDMEZmKbHSCQ}{127.0.0.1}{127.0.0.1:9660}[mode=>network]], hasJoinedOnce [true], cluster_name[TEST-CHILD_VM=[2]-CLUSTER_SEED=[2858301384796425155]-HASH=[462C14F99751D]-cluster]}, ping_response{node [{node_t1}{lk7U_niVSKyTWpmVoV3sIA}{127.0.0.1}{127.0.0.1:9661}[mode=>network]], id[841], master [null], hasJoinedOnce [true], cluster_name[TEST-CHILD_VM=[2]-CLUSTER_SEED=[2858301384796425155]-HASH=[462C14F99751D]-cluster]}]
[2016-03-30 14:02:01,584][DEBUG][org.elasticsearch.cluster.service] [node_t1] processing [zen-disco-master_failed ({node_t0}{5WFoynj2SUGDMEZmKbHSCQ}{127.0.0.1}{127.0.0.1:9660}[mode=>network])]: took 13ms done applying updated cluster_state (version: 5, uuid: fRlJvz35Rh-XUj5bmeT8Yg)
[2016-03-30 14:02:01,668][TRACE][org.elasticsearch.transport.tracer] [transport_client_node_t1] [51][cluster:monitor/state] sent to [{node_t1}{lk7U_niVSKyTWpmVoV3sIA}{127.0.0.1}{127.0.0.1:9661}[mode=>network]] (timeout: [null])
[2016-03-30 14:02:01,669][TRACE][org.elasticsearch.transport.tracer] [transport_client_node_t1] [51][cluster:monitor/state] received response from [{node_t1}{lk7U_niVSKyTWpmVoV3sIA}{127.0.0.1}{127.0.0.1:9661}[mode=>network]]
[2016-03-30 14:02:01,679][TRACE][org.elasticsearch.discovery.zen.ping.unicast] [node_t1] [2] connecting (light) to {#zen_unicast_1#}{127.0.0.1}{127.0.0.1:9660}
[2016-03-30 14:02:01,679][TRACE][org.elasticsearch.discovery.zen.ping.unicast] [node_t1] [2] sending to {node_t1}{lk7U_niVSKyTWpmVoV3sIA}{127.0.0.1}{127.0.0.1:9661}[mode=>network]
[2016-03-30 14:02:01,679][TRACE][org.elasticsearch.discovery.zen.ping.unicast] [node_t1] [2] received response from {node_t1}{lk7U_niVSKyTWpmVoV3sIA}{127.0.0.1}{127.0.0.1:9661}[mode=>network]: [ping_response{node [{node_t1}{lk7U_niVSKyTWpmVoV3sIA}{127.0.0.1}{127.0.0.1:9661}[mode=>network]], id[838], master [{node_t0}{5WFoynj2SUGDMEZmKbHSCQ}{127.0.0.1}{127.0.0.1:9660}[mode=>network]], hasJoinedOnce [true], cluster_name[TEST-CHILD_VM=[2]-CLUSTER_SEED=[2858301384796425155]-HASH=[462C14F99751D]-cluster]}, ping_response{node [{node_t1}{lk7U_niVSKyTWpmVoV3sIA}{127.0.0.1}{127.0.0.1:9661}[mode=>network]], id[838], master [{node_t0}{5WFoynj2SUGDMEZmKbHSCQ}{127.0.0.1}{127.0.0.1:9660}[mode=>network]], hasJoinedOnce [true], cluster_name[TEST-CHILD_VM=[2]-CLUSTER_SEED=[2858301384796425155]-HASH=[462C14F99751D]-cluster]}, ping_response{node [{node_t1}{lk7U_niVSKyTWpmVoV3sIA}{127.0.0.1}{127.0.0.1:9661}[mode=>network]], id[838], master [{node_t0}{5WFoynj2SUGDMEZmKbHSCQ}{127.0.0.1}{127.0.0.1:9660}[mode=>network]], hasJoinedOnce [true], cluster_name[TEST-CHILD_VM=[2]-CLUSTER_SEED=[2858301384796425155]-HASH=[462C14F99751D]-cluster]}, ping_response{node [{node_t1}{lk7U_niVSKyTWpmVoV3sIA}{127.0.0.1}{127.0.0.1:9661}[mode=>network]], id[842], master [null], hasJoinedOnce [true], cluster_name[TEST-CHILD_VM=[2]-CLUSTER_SEED=[2858301384796425155]-HASH=[462C14F99751D]-cluster]}, ping_response{node [{node_t1}{lk7U_niVSKyTWpmVoV3sIA}{127.0.0.1}{127.0.0.1:9661}[mode=>network]], id[843], master [null], hasJoinedOnce [true], cluster_name[TEST-CHILD_VM=[2]-CLUSTER_SEED=[2858301384796425155]-HASH=[462C14F99751D]-cluster]}]
[2016-03-30 14:02:01,679][TRACE][org.elasticsearch.discovery.zen.ping.unicast] [node_t1] [2] sending to {#zen_unicast_7#}{::1}{[::1]:9661}
[2016-03-30 14:02:01,679][TRACE][org.elasticsearch.discovery.zen.ping.unicast] [node_t1] [2] connecting (light) to {#zen_unicast_4#}{127.0.0.1}{127.0.0.1:9663}
[2016-03-30 14:02:01,679][TRACE][org.elasticsearch.discovery.zen.ping.unicast] [node_t1] [2] connecting (light) to {#zen_unicast_5#}{127.0.0.1}{127.0.0.1:9664}
[2016-03-30 14:02:01,679][TRACE][org.elasticsearch.discovery.zen.ping.unicast] [node_t1] [2] sending to {node_t1}{lk7U_niVSKyTWpmVoV3sIA}{127.0.0.1}{127.0.0.1:9661}[mode=>network]
[2016-03-30 14:02:01,679][TRACE][org.elasticsearch.discovery.zen.ping.unicast] [node_t1] [2] received response from {node_t1}{lk7U_niVSKyTWpmVoV3sIA}{127.0.0.1}{127.0.0.1:9661}[mode=>network]: [ping_response{node [{node_t1}{lk7U_niVSKyTWpmVoV3sIA}{127.0.0.1}{127.0.0.1:9661}[mode=>network]], id[838], master [{node_t0}{5WFoynj2SUGDMEZmKbHSCQ}{127.0.0.1}{127.0.0.1:9660}[mode=>network]], hasJoinedOnce [true], cluster_name[TEST-CHILD_VM=[2]-CLUSTER_SEED=[2858301384796425155]-HASH=[462C14F99751D]-cluster]}, ping_response{node [{node_t1}{lk7U_niVSKyTWpmVoV3sIA}{127.0.0.1}{127.0.0.1:9661}[mode=>network]], id[838], master [{node_t0}{5WFoynj2SUGDMEZmKbHSCQ}{127.0.0.1}{127.0.0.1:9660}[mode=>network]], hasJoinedOnce [true], cluster_name[TEST-CHILD_VM=[2]-CLUSTER_SEED=[2858301384796425155]-HASH=[462C14F99751D]-cluster]}, ping_response{node [{node_t1}{lk7U_niVSKyTWpmVoV3sIA}{127.0.0.1}{127.0.0.1:9661}[mode=>network]], id[838], master [{node_t0}{5WFoynj2SUGDMEZmKbHSCQ}{127.0.0.1}{127.0.0.1:9660}[mode=>network]], hasJoinedOnce [true], cluster_name[TEST-CHILD_VM=[2]-CLUSTER_SEED=[2858301384796425155]-HASH=[462C14F99751D]-cluster]}, ping_response{node [{node_t1}{lk7U_niVSKyTWpmVoV3sIA}{127.0.0.1}{127.0.0.1:9661}[mode=>network]], id[842], master [null], hasJoinedOnce [true], cluster_name[TEST-CHILD_VM=[2]-CLUSTER_SEED=[2858301384796425155]-HASH=[462C14F99751D]-cluster]}, ping_response{node [{node_t1}{lk7U_niVSKyTWpmVoV3sIA}{127.0.0.1}{127.0.0.1:9661}[mode=>network]], id[842], master [null], hasJoinedOnce [true], cluster_name[TEST-CHILD_VM=[2]-CLUSTER_SEED=[2858301384796425155]-HASH=[462C14F99751D]-cluster]}, ping_response{node [{node_t1}{lk7U_niVSKyTWpmVoV3sIA}{127.0.0.1}{127.0.0.1:9661}[mode=>network]], id[844], master [null], hasJoinedOnce [true], cluster_name[TEST-CHILD_VM=[2]-CLUSTER_SEED=[2858301384796425155]-HASH=[462C14F99751D]-cluster]}]
[2016-03-30 14:02:01,680][TRACE][org.elasticsearch.discovery.zen.ping.unicast] [node_t1] [2] connecting (light) to {#zen_unicast_10#}{::1}{[::1]:9664}
[2016-03-30 14:02:01,679][TRACE][org.elasticsearch.discovery.zen.ping.unicast] [node_t1] [2] connecting (light) to {#zen_unicast_3#}{127.0.0.1}{127.0.0.1:9662}
[2016-03-30 14:02:01,680][TRACE][org.elasticsearch.discovery.zen.ping.unicast] [node_t1] [2] failed to connect to {#zen_unicast_1#}{127.0.0.1}{127.0.0.1:9660}
ConnectTransportException[[][127.0.0.1:9660] connect_timeout[30s]]; nested: ConnectException[Connection refused: /127.0.0.1:9660];
	at org.elasticsearch.transport.netty.NettyTransport.connectToChannelsLight(NettyTransport.java:948)
	at org.elasticsearch.transport.netty.NettyTransport.connectToNode(NettyTransport.java:912)
	at org.elasticsearch.transport.netty.NettyTransport.connectToNodeLight(NettyTransport.java:884)
	at org.elasticsearch.test.transport.MockTransportService$LookupTestTransport.connectToNodeLight(MockTransportService.java:412)
	at org.elasticsearch.transport.TransportService.connectToNodeLight(TransportService.java:250)
	at org.elasticsearch.discovery.zen.ping.unicast.UnicastZenPing$3.run(UnicastZenPing.java:395)
	at java.util.concurrent.ThreadPoolExecutor.runWorker(ThreadPoolExecutor.java:1142)
	at java.util.concurrent.ThreadPoolExecutor$Worker.run(ThreadPoolExecutor.java:617)
	at java.lang.Thread.run(Thread.java:745)
Caused by: java.net.ConnectException: Connection refused: /127.0.0.1:9660
	at sun.nio.ch.SocketChannelImpl.checkConnect(Native Method)
	at sun.nio.ch.SocketChannelImpl.finishConnect(SocketChannelImpl.java:717)
	at org.jboss.netty.channel.socket.nio.NioClientBoss.connect(NioClientBoss.java:152)
	at org.jboss.netty.channel.socket.nio.NioClientBoss.processSelectedKeys(NioClientBoss.java:105)
	at org.jboss.netty.channel.socket.nio.NioClientBoss.process(NioClientBoss.java:79)
	at org.jboss.netty.channel.socket.nio.AbstractNioSelector.run(AbstractNioSelector.java:337)
	at org.jboss.netty.channel.socket.nio.NioClientBoss.run(NioClientBoss.java:42)
	at org.jboss.netty.util.ThreadRenamingRunnable.run(ThreadRenamingRunnable.java:108)
	at org.jboss.netty.util.internal.DeadLockProofWorker$1.run(DeadLockProofWorker.java:42)
	... 3 more
[2016-03-30 14:02:01,681][TRACE][org.elasticsearch.discovery.zen.ping.unicast] [node_t1] [2] failed to connect to {#zen_unicast_3#}{127.0.0.1}{127.0.0.1:9662}
ConnectTransportException[[][127.0.0.1:9662] connect_timeout[30s]]; nested: ConnectException[Connection refused: /127.0.0.1:9662];
	at org.elasticsearch.transport.netty.NettyTransport.connectToChannelsLight(NettyTransport.java:948)
	at org.elasticsearch.transport.netty.NettyTransport.connectToNode(NettyTransport.java:912)
	at org.elasticsearch.transport.netty.NettyTransport.connectToNodeLight(NettyTransport.java:884)
	at org.elasticsearch.test.transport.MockTransportService$LookupTestTransport.connectToNodeLight(MockTransportService.java:412)
	at org.elasticsearch.transport.TransportService.connectToNodeLight(TransportService.java:250)
	at org.elasticsearch.discovery.zen.ping.unicast.UnicastZenPing$3.run(UnicastZenPing.java:395)
	at java.util.concurrent.ThreadPoolExecutor.runWorker(ThreadPoolExecutor.java:1142)
	at java.util.concurrent.ThreadPoolExecutor$Worker.run(ThreadPoolExecutor.java:617)
	at java.lang.Thread.run(Thread.java:745)
Caused by: java.net.ConnectException: Connection refused: /127.0.0.1:9662
	at sun.nio.ch.SocketChannelImpl.checkConnect(Native Method)
	at sun.nio.ch.SocketChannelImpl.finishConnect(SocketChannelImpl.java:717)
	at org.jboss.netty.channel.socket.nio.NioClientBoss.connect(NioClientBoss.java:152)
	at org.jboss.netty.channel.socket.nio.NioClientBoss.processSelectedKeys(NioClientBoss.java:105)
	at org.jboss.netty.channel.socket.nio.NioClientBoss.process(NioClientBoss.java:79)
	at org.jboss.netty.channel.socket.nio.AbstractNioSelector.run(AbstractNioSelector.java:337)
	at org.jboss.netty.channel.socket.nio.NioClientBoss.run(NioClientBoss.java:42)
	at org.jboss.netty.util.ThreadRenamingRunnable.run(ThreadRenamingRunnable.java:108)
	at org.jboss.netty.util.internal.DeadLockProofWorker$1.run(DeadLockProofWorker.java:42)
	... 3 more
[2016-03-30 14:02:01,680][TRACE][org.elasticsearch.discovery.zen.ping.unicast] [node_t1] [2] connecting (light) to {#zen_unicast_9#}{::1}{[::1]:9663}
[2016-03-30 14:02:01,680][TRACE][org.elasticsearch.discovery.zen.ping.unicast] [node_t1] [2] connecting (light) to {#zen_unicast_8#}{::1}{[::1]:9662}
[2016-03-30 14:02:01,679][TRACE][org.elasticsearch.discovery.zen.ping.unicast] [node_t1] [2] connecting (light) to {#zen_unicast_6#}{::1}{[::1]:9660}
[2016-03-30 14:02:01,681][TRACE][org.elasticsearch.discovery.zen.ping.unicast] [node_t1] [2] failed to connect to {#zen_unicast_10#}{::1}{[::1]:9664}
ConnectTransportException[[][[::1]:9664] connect_timeout[30s]]; nested: ConnectException[Connection refused: /0:0:0:0:0:0:0:1:9664];
	at org.elasticsearch.transport.netty.NettyTransport.connectToChannelsLight(NettyTransport.java:948)
	at org.elasticsearch.transport.netty.NettyTransport.connectToNode(NettyTransport.java:912)
	at org.elasticsearch.transport.netty.NettyTransport.connectToNodeLight(NettyTransport.java:884)
	at org.elasticsearch.test.transport.MockTransportService$LookupTestTransport.connectToNodeLight(MockTransportService.java:412)
	at org.elasticsearch.transport.TransportService.connectToNodeLight(TransportService.java:250)
	at org.elasticsearch.discovery.zen.ping.unicast.UnicastZenPing$3.run(UnicastZenPing.java:395)
	at java.util.concurrent.ThreadPoolExecutor.runWorker(ThreadPoolExecutor.java:1142)
	at java.util.concurrent.ThreadPoolExecutor$Worker.run(ThreadPoolExecutor.java:617)
	at java.lang.Thread.run(Thread.java:745)
Caused by: java.net.ConnectException: Connection refused: /0:0:0:0:0:0:0:1:9664
	at sun.nio.ch.SocketChannelImpl.checkConnect(Native Method)
	at sun.nio.ch.SocketChannelImpl.finishConnect(SocketChannelImpl.java:717)
	at org.jboss.netty.channel.socket.nio.NioClientBoss.connect(NioClientBoss.java:152)
	at org.jboss.netty.channel.socket.nio.NioClientBoss.processSelectedKeys(NioClientBoss.java:105)
	at org.jboss.netty.channel.socket.nio.NioClientBoss.process(NioClientBoss.java:79)
	at org.jboss.netty.channel.socket.nio.AbstractNioSelector.run(AbstractNioSelector.java:337)
	at org.jboss.netty.channel.socket.nio.NioClientBoss.run(NioClientBoss.java:42)
	at org.jboss.netty.util.ThreadRenamingRunnable.run(ThreadRenamingRunnable.java:108)
	at org.jboss.netty.util.internal.DeadLockProofWorker$1.run(DeadLockProofWorker.java:42)
	... 3 more
[2016-03-30 14:02:01,682][TRACE][org.elasticsearch.discovery.zen.ping.unicast] [node_t1] [2] failed to connect to {#zen_unicast_6#}{::1}{[::1]:9660}
ConnectTransportException[[][[::1]:9660] connect_timeout[30s]]; nested: ConnectException[Connection refused: /0:0:0:0:0:0:0:1:9660];
	at org.elasticsearch.transport.netty.NettyTransport.connectToChannelsLight(NettyTransport.java:948)
	at org.elasticsearch.transport.netty.NettyTransport.connectToNode(NettyTransport.java:912)
	at org.elasticsearch.transport.netty.NettyTransport.connectToNodeLight(NettyTransport.java:884)
	at org.elasticsearch.test.transport.MockTransportService$LookupTestTransport.connectToNodeLight(MockTransportService.java:412)
	at org.elasticsearch.transport.TransportService.connectToNodeLight(TransportService.java:250)
	at org.elasticsearch.discovery.zen.ping.unicast.UnicastZenPing$3.run(UnicastZenPing.java:395)
	at java.util.concurrent.ThreadPoolExecutor.runWorker(ThreadPoolExecutor.java:1142)
	at java.util.concurrent.ThreadPoolExecutor$Worker.run(ThreadPoolExecutor.java:617)
	at java.lang.Thread.run(Thread.java:745)
Caused by: java.net.ConnectException: Connection refused: /0:0:0:0:0:0:0:1:9660
	at sun.nio.ch.SocketChannelImpl.checkConnect(Native Method)
	at sun.nio.ch.SocketChannelImpl.finishConnect(SocketChannelImpl.java:717)
	at org.jboss.netty.channel.socket.nio.NioClientBoss.connect(NioClientBoss.java:152)
	at org.jboss.netty.channel.socket.nio.NioClientBoss.processSelectedKeys(NioClientBoss.java:105)
	at org.jboss.netty.channel.socket.nio.NioClientBoss.process(NioClientBoss.java:79)
	at org.jboss.netty.channel.socket.nio.AbstractNioSelector.run(AbstractNioSelector.java:337)
	at org.jboss.netty.channel.socket.nio.NioClientBoss.run(NioClientBoss.java:42)
	at org.jboss.netty.util.ThreadRenamingRunnable.run(ThreadRenamingRunnable.java:108)
	at org.jboss.netty.util.internal.DeadLockProofWorker$1.run(DeadLockProofWorker.java:42)
	... 3 more
[2016-03-30 14:02:01,682][TRACE][org.elasticsearch.discovery.zen.ping.unicast] [node_t1] [2] failed to connect to {#zen_unicast_8#}{::1}{[::1]:9662}
ConnectTransportException[[][[::1]:9662] connect_timeout[30s]]; nested: ConnectException[Connection refused: /0:0:0:0:0:0:0:1:9662];
	at org.elasticsearch.transport.netty.NettyTransport.connectToChannelsLight(NettyTransport.java:948)
	at org.elasticsearch.transport.netty.NettyTransport.connectToNode(NettyTransport.java:912)
	at org.elasticsearch.transport.netty.NettyTransport.connectToNodeLight(NettyTransport.java:884)
	at org.elasticsearch.test.transport.MockTransportService$LookupTestTransport.connectToNodeLight(MockTransportService.java:412)
	at org.elasticsearch.transport.TransportService.connectToNodeLight(TransportService.java:250)
	at org.elasticsearch.discovery.zen.ping.unicast.UnicastZenPing$3.run(UnicastZenPing.java:395)
	at java.util.concurrent.ThreadPoolExecutor.runWorker(ThreadPoolExecutor.java:1142)
	at java.util.concurrent.ThreadPoolExecutor$Worker.run(ThreadPoolExecutor.java:617)
	at java.lang.Thread.run(Thread.java:745)
Caused by: java.net.ConnectException: Connection refused: /0:0:0:0:0:0:0:1:9662
	at sun.nio.ch.SocketChannelImpl.checkConnect(Native Method)
	at sun.nio.ch.SocketChannelImpl.finishConnect(SocketChannelImpl.java:717)
	at org.jboss.netty.channel.socket.nio.NioClientBoss.connect(NioClientBoss.java:152)
	at org.jboss.netty.channel.socket.nio.NioClientBoss.processSelectedKeys(NioClientBoss.java:105)
	at org.jboss.netty.channel.socket.nio.NioClientBoss.process(NioClientBoss.java:79)
	at org.jboss.netty.channel.socket.nio.AbstractNioSelector.run(AbstractNioSelector.java:337)
	at org.jboss.netty.channel.socket.nio.NioClientBoss.run(NioClientBoss.java:42)
	at org.jboss.netty.util.ThreadRenamingRunnable.run(ThreadRenamingRunnable.java:108)
	at org.jboss.netty.util.internal.DeadLockProofWorker$1.run(DeadLockProofWorker.java:42)
	... 3 more
[2016-03-30 14:02:01,680][TRACE][org.elasticsearch.discovery.zen.ping.unicast] [node_t1] [2] failed to connect to {#zen_unicast_4#}{127.0.0.1}{127.0.0.1:9663}
ConnectTransportException[[][127.0.0.1:9663] connect_timeout[30s]]; nested: ConnectException[Connection refused: /127.0.0.1:9663];
	at org.elasticsearch.transport.netty.NettyTransport.connectToChannelsLight(NettyTransport.java:948)
	at org.elasticsearch.transport.netty.NettyTransport.connectToNode(NettyTransport.java:912)
	at org.elasticsearch.transport.netty.NettyTransport.connectToNodeLight(NettyTransport.java:884)
	at org.elasticsearch.test.transport.MockTransportService$LookupTestTransport.connectToNodeLight(MockTransportService.java:412)
	at org.elasticsearch.transport.TransportService.connectToNodeLight(TransportService.java:250)
	at org.elasticsearch.discovery.zen.ping.unicast.UnicastZenPing$3.run(UnicastZenPing.java:395)
	at java.util.concurrent.ThreadPoolExecutor.runWorker(ThreadPoolExecutor.java:1142)
	at java.util.concurrent.ThreadPoolExecutor$Worker.run(ThreadPoolExecutor.java:617)
	at java.lang.Thread.run(Thread.java:745)
Caused by: java.net.ConnectException: Connection refused: /127.0.0.1:9663
	at sun.nio.ch.SocketChannelImpl.checkConnect(Native Method)
	at sun.nio.ch.SocketChannelImpl.finishConnect(SocketChannelImpl.java:717)
	at org.jboss.netty.channel.socket.nio.NioClientBoss.connect(NioClientBoss.java:152)
	at org.jboss.netty.channel.socket.nio.NioClientBoss.processSelectedKeys(NioClientBoss.java:105)
	at org.jboss.netty.channel.socket.nio.NioClientBoss.process(NioClientBoss.java:79)
	at org.jboss.netty.channel.socket.nio.AbstractNioSelector.run(AbstractNioSelector.java:337)
	at org.jboss.netty.channel.socket.nio.NioClientBoss.run(NioClientBoss.java:42)
	at org.jboss.netty.util.ThreadRenamingRunnable.run(ThreadRenamingRunnable.java:108)
	at org.jboss.netty.util.internal.DeadLockProofWorker$1.run(DeadLockProofWorker.java:42)
	... 3 more
[2016-03-30 14:02:01,680][TRACE][org.elasticsearch.discovery.zen.ping.unicast] [node_t1] [2] received response from {#zen_unicast_7#}{::1}{[::1]:9661}: [ping_response{node [{node_t1}{lk7U_niVSKyTWpmVoV3sIA}{127.0.0.1}{127.0.0.1:9661}[mode=>network]], id[838], master [{node_t0}{5WFoynj2SUGDMEZmKbHSCQ}{127.0.0.1}{127.0.0.1:9660}[mode=>network]], hasJoinedOnce [true], cluster_name[TEST-CHILD_VM=[2]-CLUSTER_SEED=[2858301384796425155]-HASH=[462C14F99751D]-cluster]}, ping_response{node [{node_t1}{lk7U_niVSKyTWpmVoV3sIA}{127.0.0.1}{127.0.0.1:9661}[mode=>network]], id[838], master [{node_t0}{5WFoynj2SUGDMEZmKbHSCQ}{127.0.0.1}{127.0.0.1:9660}[mode=>network]], hasJoinedOnce [true], cluster_name[TEST-CHILD_VM=[2]-CLUSTER_SEED=[2858301384796425155]-HASH=[462C14F99751D]-cluster]}, ping_response{node [{node_t1}{lk7U_niVSKyTWpmVoV3sIA}{127.0.0.1}{127.0.0.1:9661}[mode=>network]], id[838], master [{node_t0}{5WFoynj2SUGDMEZmKbHSCQ}{127.0.0.1}{127.0.0.1:9660}[mode=>network]], hasJoinedOnce [true], cluster_name[TEST-CHILD_VM=[2]-CLUSTER_SEED=[2858301384796425155]-HASH=[462C14F99751D]-cluster]}, ping_response{node [{node_t1}{lk7U_niVSKyTWpmVoV3sIA}{127.0.0.1}{127.0.0.1:9661}[mode=>network]], id[842], master [null], hasJoinedOnce [true], cluster_name[TEST-CHILD_VM=[2]-CLUSTER_SEED=[2858301384796425155]-HASH=[462C14F99751D]-cluster]}, ping_response{node [{node_t1}{lk7U_niVSKyTWpmVoV3sIA}{127.0.0.1}{127.0.0.1:9661}[mode=>network]], id[842], master [null], hasJoinedOnce [true], cluster_name[TEST-CHILD_VM=[2]-CLUSTER_SEED=[2858301384796425155]-HASH=[462C14F99751D]-cluster]}, ping_response{node [{node_t1}{lk7U_niVSKyTWpmVoV3sIA}{127.0.0.1}{127.0.0.1:9661}[mode=>network]], id[842], master [null], hasJoinedOnce [true], cluster_name[TEST-CHILD_VM=[2]-CLUSTER_SEED=[2858301384796425155]-HASH=[462C14F99751D]-cluster]}, ping_response{node [{node_t1}{lk7U_niVSKyTWpmVoV3sIA}{127.0.0.1}{127.0.0.1:9661}[mode=>network]], id[845], master [null], hasJoinedOnce [true], cluster_name[TEST-CHILD_VM=[2]-CLUSTER_SEED=[2858301384796425155]-HASH=[462C14F99751D]-cluster]}]
[2016-03-30 14:02:01,680][TRACE][org.elasticsearch.discovery.zen.ping.unicast] [node_t1] [2] failed to connect to {#zen_unicast_5#}{127.0.0.1}{127.0.0.1:9664}
ConnectTransportException[[][127.0.0.1:9664] connect_timeout[30s]]; nested: ConnectException[Connection refused: /127.0.0.1:9664];
	at org.elasticsearch.transport.netty.NettyTransport.connectToChannelsLight(NettyTransport.java:948)
	at org.elasticsearch.transport.netty.NettyTransport.connectToNode(NettyTransport.java:912)
	at org.elasticsearch.transport.netty.NettyTransport.connectToNodeLight(NettyTransport.java:884)
	at org.elasticsearch.test.transport.MockTransportService$LookupTestTransport.connectToNodeLight(MockTransportService.java:412)
	at org.elasticsearch.transport.TransportService.connectToNodeLight(TransportService.java:250)
	at org.elasticsearch.discovery.zen.ping.unicast.UnicastZenPing$3.run(UnicastZenPing.java:395)
	at java.util.concurrent.ThreadPoolExecutor.runWorker(ThreadPoolExecutor.java:1142)
	at java.util.concurrent.ThreadPoolExecutor$Worker.run(ThreadPoolExecutor.java:617)
	at java.lang.Thread.run(Thread.java:745)
Caused by: java.net.ConnectException: Connection refused: /127.0.0.1:9664
	at sun.nio.ch.SocketChannelImpl.checkConnect(Native Method)
	at sun.nio.ch.SocketChannelImpl.finishConnect(SocketChannelImpl.java:717)
	at org.jboss.netty.channel.socket.nio.NioClientBoss.connect(NioClientBoss.java:152)
	at org.jboss.netty.channel.socket.nio.NioClientBoss.processSelectedKeys(NioClientBoss.java:105)
	at org.jboss.netty.channel.socket.nio.NioClientBoss.process(NioClientBoss.java:79)
	at org.jboss.netty.channel.socket.nio.AbstractNioSelector.run(AbstractNioSelector.java:337)
	at org.jboss.netty.channel.socket.nio.NioClientBoss.run(NioClientBoss.java:42)
	at org.jboss.netty.util.ThreadRenamingRunnable.run(ThreadRenamingRunnable.java:108)
	at org.jboss.netty.util.internal.DeadLockProofWorker$1.run(DeadLockProofWorker.java:42)
	... 3 more
[2016-03-30 14:02:01,682][TRACE][org.elasticsearch.discovery.zen.ping.unicast] [node_t1] [2] failed to connect to {#zen_unicast_9#}{::1}{[::1]:9663}
ConnectTransportException[[][[::1]:9663] connect_timeout[30s]]; nested: ConnectException[Connection refused: /0:0:0:0:0:0:0:1:9663];
	at org.elasticsearch.transport.netty.NettyTransport.connectToChannelsLight(NettyTransport.java:948)
	at org.elasticsearch.transport.netty.NettyTransport.connectToNode(NettyTransport.java:912)
	at org.elasticsearch.transport.netty.NettyTransport.connectToNodeLight(NettyTransport.java:884)
	at org.elasticsearch.test.transport.MockTransportService$LookupTestTransport.connectToNodeLight(MockTransportService.java:412)
	at org.elasticsearch.transport.TransportService.connectToNodeLight(TransportService.java:250)
	at org.elasticsearch.discovery.zen.ping.unicast.UnicastZenPing$3.run(UnicastZenPing.java:395)
	at java.util.concurrent.ThreadPoolExecutor.runWorker(ThreadPoolExecutor.java:1142)
	at java.util.concurrent.ThreadPoolExecutor$Worker.run(ThreadPoolExecutor.java:617)
	at java.lang.Thread.run(Thread.java:745)
Caused by: java.net.ConnectException: Connection refused: /0:0:0:0:0:0:0:1:9663
	at sun.nio.ch.SocketChannelImpl.checkConnect(Native Method)
	at sun.nio.ch.SocketChannelImpl.finishConnect(SocketChannelImpl.java:717)
	at org.jboss.netty.channel.socket.nio.NioClientBoss.connect(NioClientBoss.java:152)
	at org.jboss.netty.channel.socket.nio.NioClientBoss.processSelectedKeys(NioClientBoss.java:105)
	at org.jboss.netty.channel.socket.nio.NioClientBoss.process(NioClientBoss.java:79)
	at org.jboss.netty.channel.socket.nio.AbstractNioSelector.run(AbstractNioSelector.java:337)
	at org.jboss.netty.channel.socket.nio.NioClientBoss.run(NioClientBoss.java:42)
	at org.jboss.netty.util.ThreadRenamingRunnable.run(ThreadRenamingRunnable.java:108)
	at org.jboss.netty.util.internal.DeadLockProofWorker$1.run(DeadLockProofWorker.java:42)
	... 3 more
[2016-03-30 14:02:01,749][DEBUG][org.elasticsearch.discovery.zen.elect] [node_t2] using minimum_master_nodes [2]
[2016-03-30 14:02:01,749][DEBUG][org.elasticsearch.discovery.zen.ping.unicast] [node_t2] using initial hosts [127.0.0.1, [::1]], with concurrent_connects [10]
[2016-03-30 14:02:01,749][DEBUG][org.elasticsearch.discovery.zen] [node_t2] using ping_timeout [200ms], join.timeout [4s], master_election.filter_client [true], master_election.filter_data [false]
[2016-03-30 14:02:01,749][DEBUG][org.elasticsearch.discovery.zen.fd] [node_t2] [master] uses ping_interval [1s], ping_timeout [30s], ping_retries [3]
[2016-03-30 14:02:01,749][DEBUG][org.elasticsearch.discovery.zen.fd] [node_t2] [node  ] uses ping_interval [1s], ping_timeout [30s], ping_retries [3]
[2016-03-30 14:02:01,754][DEBUG][org.elasticsearch.gateway] [node_t2] using initial_shards [quorum]
[2016-03-30 14:02:01,780][TRACE][org.elasticsearch.discovery.zen.ping.unicast] [node_t1] [2] sending to {node_t1}{lk7U_niVSKyTWpmVoV3sIA}{127.0.0.1}{127.0.0.1:9661}[mode=>network]
[2016-03-30 14:02:01,780][TRACE][org.elasticsearch.discovery.zen.ping.unicast] [node_t1] [2] connecting (light) to {#zen_unicast_1#}{127.0.0.1}{127.0.0.1:9660}
[2016-03-30 14:02:01,781][TRACE][org.elasticsearch.discovery.zen.ping.unicast] [node_t1] [2] received response from {node_t1}{lk7U_niVSKyTWpmVoV3sIA}{127.0.0.1}{127.0.0.1:9661}[mode=>network]: [ping_response{node [{node_t1}{lk7U_niVSKyTWpmVoV3sIA}{127.0.0.1}{127.0.0.1:9661}[mode=>network]], id[838], master [{node_t0}{5WFoynj2SUGDMEZmKbHSCQ}{127.0.0.1}{127.0.0.1:9660}[mode=>network]], hasJoinedOnce [true], cluster_name[TEST-CHILD_VM=[2]-CLUSTER_SEED=[2858301384796425155]-HASH=[462C14F99751D]-cluster]}, ping_response{node [{node_t1}{lk7U_niVSKyTWpmVoV3sIA}{127.0.0.1}{127.0.0.1:9661}[mode=>network]], id[838], master [{node_t0}{5WFoynj2SUGDMEZmKbHSCQ}{127.0.0.1}{127.0.0.1:9660}[mode=>network]], hasJoinedOnce [true], cluster_name[TEST-CHILD_VM=[2]-CLUSTER_SEED=[2858301384796425155]-HASH=[462C14F99751D]-cluster]}, ping_response{node [{node_t1}{lk7U_niVSKyTWpmVoV3sIA}{127.0.0.1}{127.0.0.1:9661}[mode=>network]], id[838], master [{node_t0}{5WFoynj2SUGDMEZmKbHSCQ}{127.0.0.1}{127.0.0.1:9660}[mode=>network]], hasJoinedOnce [true], cluster_name[TEST-CHILD_VM=[2]-CLUSTER_SEED=[2858301384796425155]-HASH=[462C14F99751D]-cluster]}, ping_response{node [{node_t1}{lk7U_niVSKyTWpmVoV3sIA}{127.0.0.1}{127.0.0.1:9661}[mode=>network]], id[842], master [null], hasJoinedOnce [true], cluster_name[TEST-CHILD_VM=[2]-CLUSTER_SEED=[2858301384796425155]-HASH=[462C14F99751D]-cluster]}, ping_response{node [{node_t1}{lk7U_niVSKyTWpmVoV3sIA}{127.0.0.1}{127.0.0.1:9661}[mode=>network]], id[842], master [null], hasJoinedOnce [true], cluster_name[TEST-CHILD_VM=[2]-CLUSTER_SEED=[2858301384796425155]-HASH=[462C14F99751D]-cluster]}, ping_response{node [{node_t1}{lk7U_niVSKyTWpmVoV3sIA}{127.0.0.1}{127.0.0.1:9661}[mode=>network]], id[842], master [null], hasJoinedOnce [true], cluster_name[TEST-CHILD_VM=[2]-CLUSTER_SEED=[2858301384796425155]-HASH=[462C14F99751D]-cluster]}, ping_response{node [{node_t1}{lk7U_niVSKyTWpmVoV3sIA}{127.0.0.1}{127.0.0.1:9661}[mode=>network]], id[846], master [null], hasJoinedOnce [true], cluster_name[TEST-CHILD_VM=[2]-CLUSTER_SEED=[2858301384796425155]-HASH=[462C14F99751D]-cluster]}, ping_response{node [{node_t1}{lk7U_niVSKyTWpmVoV3sIA}{127.0.0.1}{127.0.0.1:9661}[mode=>network]], id[847], master [null], hasJoinedOnce [true], cluster_name[TEST-CHILD_VM=[2]-CLUSTER_SEED=[2858301384796425155]-HASH=[462C14F99751D]-cluster]}]
[2016-03-30 14:02:01,781][TRACE][org.elasticsearch.discovery.zen.ping.unicast] [node_t1] [2] connecting (light) to {#zen_unicast_3#}{127.0.0.1}{127.0.0.1:9662}
[2016-03-30 14:02:01,781][TRACE][org.elasticsearch.discovery.zen.ping.unicast] [node_t1] [2] sending to {#zen_unicast_7#}{::1}{[::1]:9661}
[2016-03-30 14:02:01,781][TRACE][org.elasticsearch.discovery.zen.ping.unicast] [node_t1] [2] connecting (light) to {#zen_unicast_5#}{127.0.0.1}{127.0.0.1:9664}
[2016-03-30 14:02:01,781][TRACE][org.elasticsearch.discovery.zen.ping.unicast] [node_t1] [2] connecting (light) to {#zen_unicast_6#}{::1}{[::1]:9660}
[2016-03-30 14:02:01,781][TRACE][org.elasticsearch.discovery.zen.ping.unicast] [node_t1] [2] sending to {node_t1}{lk7U_niVSKyTWpmVoV3sIA}{127.0.0.1}{127.0.0.1:9661}[mode=>network]
[2016-03-30 14:02:01,781][TRACE][org.elasticsearch.discovery.zen.ping.unicast] [node_t1] [2] failed to connect to {#zen_unicast_1#}{127.0.0.1}{127.0.0.1:9660}
ConnectTransportException[[][127.0.0.1:9660] connect_timeout[30s]]; nested: ConnectException[Connection refused: /127.0.0.1:9660];
	at org.elasticsearch.transport.netty.NettyTransport.connectToChannelsLight(NettyTransport.java:948)
	at org.elasticsearch.transport.netty.NettyTransport.connectToNode(NettyTransport.java:912)
	at org.elasticsearch.transport.netty.NettyTransport.connectToNodeLight(NettyTransport.java:884)
	at org.elasticsearch.test.transport.MockTransportService$LookupTestTransport.connectToNodeLight(MockTransportService.java:412)
	at org.elasticsearch.transport.TransportService.connectToNodeLight(TransportService.java:250)
	at org.elasticsearch.discovery.zen.ping.unicast.UnicastZenPing$3.run(UnicastZenPing.java:395)
	at java.util.concurrent.ThreadPoolExecutor.runWorker(ThreadPoolExecutor.java:1142)
	at java.util.concurrent.ThreadPoolExecutor$Worker.run(ThreadPoolExecutor.java:617)
	at java.lang.Thread.run(Thread.java:745)
Caused by: java.net.ConnectException: Connection refused: /127.0.0.1:9660
	at sun.nio.ch.SocketChannelImpl.checkConnect(Native Method)
	at sun.nio.ch.SocketChannelImpl.finishConnect(SocketChannelImpl.java:717)
	at org.jboss.netty.channel.socket.nio.NioClientBoss.connect(NioClientBoss.java:152)
	at org.jboss.netty.channel.socket.nio.NioClientBoss.processSelectedKeys(NioClientBoss.java:105)
	at org.jboss.netty.channel.socket.nio.NioClientBoss.process(NioClientBoss.java:79)
	at org.jboss.netty.channel.socket.nio.AbstractNioSelector.run(AbstractNioSelector.java:337)
	at org.jboss.netty.channel.socket.nio.NioClientBoss.run(NioClientBoss.java:42)
	at org.jboss.netty.util.ThreadRenamingRunnable.run(ThreadRenamingRunnable.java:108)
	at org.jboss.netty.util.internal.DeadLockProofWorker$1.run(DeadLockProofWorker.java:42)
	... 3 more
[2016-03-30 14:02:01,781][TRACE][org.elasticsearch.discovery.zen.ping.unicast] [node_t1] [2] connecting (light) to {#zen_unicast_4#}{127.0.0.1}{127.0.0.1:9663}
[2016-03-30 14:02:01,782][TRACE][org.elasticsearch.discovery.zen.ping.unicast] [node_t1] [2] failed to connect to {#zen_unicast_5#}{127.0.0.1}{127.0.0.1:9664}
ConnectTransportException[[][127.0.0.1:9664] connect_timeout[30s]]; nested: ConnectException[Connection refused: /127.0.0.1:9664];
	at org.elasticsearch.transport.netty.NettyTransport.connectToChannelsLight(NettyTransport.java:948)
	at org.elasticsearch.transport.netty.NettyTransport.connectToNode(NettyTransport.java:912)
	at org.elasticsearch.transport.netty.NettyTransport.connectToNodeLight(NettyTransport.java:884)
	at org.elasticsearch.test.transport.MockTransportService$LookupTestTransport.connectToNodeLight(MockTransportService.java:412)
	at org.elasticsearch.transport.TransportService.connectToNodeLight(TransportService.java:250)
	at org.elasticsearch.discovery.zen.ping.unicast.UnicastZenPing$3.run(UnicastZenPing.java:395)
	at java.util.concurrent.ThreadPoolExecutor.runWorker(ThreadPoolExecutor.java:1142)
	at java.util.concurrent.ThreadPoolExecutor$Worker.run(ThreadPoolExecutor.java:617)
	at java.lang.Thread.run(Thread.java:745)
Caused by: java.net.ConnectException: Connection refused: /127.0.0.1:9664
	at sun.nio.ch.SocketChannelImpl.checkConnect(Native Method)
	at sun.nio.ch.SocketChannelImpl.finishConnect(SocketChannelImpl.java:717)
	at org.jboss.netty.channel.socket.nio.NioClientBoss.connect(NioClientBoss.java:152)
	at org.jboss.netty.channel.socket.nio.NioClientBoss.processSelectedKeys(NioClientBoss.java:105)
	at org.jboss.netty.channel.socket.nio.NioClientBoss.process(NioClientBoss.java:79)
	at org.jboss.netty.channel.socket.nio.AbstractNioSelector.run(AbstractNioSelector.java:337)
	at org.jboss.netty.channel.socket.nio.NioClientBoss.run(NioClientBoss.java:42)
	at org.jboss.netty.util.ThreadRenamingRunnable.run(ThreadRenamingRunnable.java:108)
	at org.jboss.netty.util.internal.DeadLockProofWorker$1.run(DeadLockProofWorker.java:42)
	... 3 more
[2016-03-30 14:02:01,782][TRACE][org.elasticsearch.discovery.zen.ping.unicast] [node_t1] [2] received response from {#zen_unicast_7#}{::1}{[::1]:9661}: [ping_response{node [{node_t1}{lk7U_niVSKyTWpmVoV3sIA}{127.0.0.1}{127.0.0.1:9661}[mode=>network]], id[838], master [{node_t0}{5WFoynj2SUGDMEZmKbHSCQ}{127.0.0.1}{127.0.0.1:9660}[mode=>network]], hasJoinedOnce [true], cluster_name[TEST-CHILD_VM=[2]-CLUSTER_SEED=[2858301384796425155]-HASH=[462C14F99751D]-cluster]}, ping_response{node [{node_t1}{lk7U_niVSKyTWpmVoV3sIA}{127.0.0.1}{127.0.0.1:9661}[mode=>network]], id[838], master [{node_t0}{5WFoynj2SUGDMEZmKbHSCQ}{127.0.0.1}{127.0.0.1:9660}[mode=>network]], hasJoinedOnce [true], cluster_name[TEST-CHILD_VM=[2]-CLUSTER_SEED=[2858301384796425155]-HASH=[462C14F99751D]-cluster]}, ping_response{node [{node_t1}{lk7U_niVSKyTWpmVoV3sIA}{127.0.0.1}{127.0.0.1:9661}[mode=>network]], id[838], master [{node_t0}{5WFoynj2SUGDMEZmKbHSCQ}{127.0.0.1}{127.0.0.1:9660}[mode=>network]], hasJoinedOnce [true], cluster_name[TEST-CHILD_VM=[2]-CLUSTER_SEED=[2858301384796425155]-HASH=[462C14F99751D]-cluster]}, ping_response{node [{node_t1}{lk7U_niVSKyTWpmVoV3sIA}{127.0.0.1}{127.0.0.1:9661}[mode=>network]], id[842], master [null], hasJoinedOnce [true], cluster_name[TEST-CHILD_VM=[2]-CLUSTER_SEED=[2858301384796425155]-HASH=[462C14F99751D]-cluster]}, ping_response{node [{node_t1}{lk7U_niVSKyTWpmVoV3sIA}{127.0.0.1}{127.0.0.1:9661}[mode=>network]], id[842], master [null], hasJoinedOnce [true], cluster_name[TEST-CHILD_VM=[2]-CLUSTER_SEED=[2858301384796425155]-HASH=[462C14F99751D]-cluster]}, ping_response{node [{node_t1}{lk7U_niVSKyTWpmVoV3sIA}{127.0.0.1}{127.0.0.1:9661}[mode=>network]], id[842], master [null], hasJoinedOnce [true], cluster_name[TEST-CHILD_VM=[2]-CLUSTER_SEED=[2858301384796425155]-HASH=[462C14F99751D]-cluster]}, ping_response{node [{node_t1}{lk7U_niVSKyTWpmVoV3sIA}{127.0.0.1}{127.0.0.1:9661}[mode=>network]], id[846], master [null], hasJoinedOnce [true], cluster_name[TEST-CHILD_VM=[2]-CLUSTER_SEED=[2858301384796425155]-HASH=[462C14F99751D]-cluster]}, ping_response{node [{node_t1}{lk7U_niVSKyTWpmVoV3sIA}{127.0.0.1}{127.0.0.1:9661}[mode=>network]], id[846], master [null], hasJoinedOnce [true], cluster_name[TEST-CHILD_VM=[2]-CLUSTER_SEED=[2858301384796425155]-HASH=[462C14F99751D]-cluster]}, ping_response{node [{node_t1}{lk7U_niVSKyTWpmVoV3sIA}{127.0.0.1}{127.0.0.1:9661}[mode=>network]], id[846], master [null], hasJoinedOnce [true], cluster_name[TEST-CHILD_VM=[2]-CLUSTER_SEED=[2858301384796425155]-HASH=[462C14F99751D]-cluster]}, ping_response{node [{node_t1}{lk7U_niVSKyTWpmVoV3sIA}{127.0.0.1}{127.0.0.1:9661}[mode=>network]], id[849], master [null], hasJoinedOnce [true], cluster_name[TEST-CHILD_VM=[2]-CLUSTER_SEED=[2858301384796425155]-HASH=[462C14F99751D]-cluster]}]
[2016-03-30 14:02:01,782][TRACE][org.elasticsearch.discovery.zen.ping.unicast] [node_t1] [2] failed to connect to {#zen_unicast_6#}{::1}{[::1]:9660}
ConnectTransportException[[][[::1]:9660] connect_timeout[30s]]; nested: ConnectException[Connection refused: /0:0:0:0:0:0:0:1:9660];
	at org.elasticsearch.transport.netty.NettyTransport.connectToChannelsLight(NettyTransport.java:948)
	at org.elasticsearch.transport.netty.NettyTransport.connectToNode(NettyTransport.java:912)
	at org.elasticsearch.transport.netty.NettyTransport.connectToNodeLight(NettyTransport.java:884)
	at org.elasticsearch.test.transport.MockTransportService$LookupTestTransport.connectToNodeLight(MockTransportService.java:412)
	at org.elasticsearch.transport.TransportService.connectToNodeLight(TransportService.java:250)
	at org.elasticsearch.discovery.zen.ping.unicast.UnicastZenPing$3.run(UnicastZenPing.java:395)
	at java.util.concurrent.ThreadPoolExecutor.runWorker(ThreadPoolExecutor.java:1142)
	at java.util.concurrent.ThreadPoolExecutor$Worker.run(ThreadPoolExecutor.java:617)
	at java.lang.Thread.run(Thread.java:745)
Caused by: java.net.ConnectException: Connection refused: /0:0:0:0:0:0:0:1:9660
	at sun.nio.ch.SocketChannelImpl.checkConnect(Native Method)
	at sun.nio.ch.SocketChannelImpl.finishConnect(SocketChannelImpl.java:717)
	at org.jboss.netty.channel.socket.nio.NioClientBoss.connect(NioClientBoss.java:152)
	at org.jboss.netty.channel.socket.nio.NioClientBoss.processSelectedKeys(NioClientBoss.java:105)
	at org.jboss.netty.channel.socket.nio.NioClientBoss.process(NioClientBoss.java:79)
	at org.jboss.netty.channel.socket.nio.AbstractNioSelector.run(AbstractNioSelector.java:337)
	at org.jboss.netty.channel.socket.nio.NioClientBoss.run(NioClientBoss.java:42)
	at org.jboss.netty.util.ThreadRenamingRunnable.run(ThreadRenamingRunnable.java:108)
	at org.jboss.netty.util.internal.DeadLockProofWorker$1.run(DeadLockProofWorker.java:42)
	... 3 more
[2016-03-30 14:02:01,782][TRACE][org.elasticsearch.discovery.zen.ping.unicast] [node_t1] [2] failed to connect to {#zen_unicast_3#}{127.0.0.1}{127.0.0.1:9662}
ConnectTransportException[[][127.0.0.1:9662] connect_timeout[30s]]; nested: ConnectException[Connection refused: /127.0.0.1:9662];
	at org.elasticsearch.transport.netty.NettyTransport.connectToChannelsLight(NettyTransport.java:948)
	at org.elasticsearch.transport.netty.NettyTransport.connectToNode(NettyTransport.java:912)
	at org.elasticsearch.transport.netty.NettyTransport.connectToNodeLight(NettyTransport.java:884)
	at org.elasticsearch.test.transport.MockTransportService$LookupTestTransport.connectToNodeLight(MockTransportService.java:412)
	at org.elasticsearch.transport.TransportService.connectToNodeLight(TransportService.java:250)
	at org.elasticsearch.discovery.zen.ping.unicast.UnicastZenPing$3.run(UnicastZenPing.java:395)
	at java.util.concurrent.ThreadPoolExecutor.runWorker(ThreadPoolExecutor.java:1142)
	at java.util.concurrent.ThreadPoolExecutor$Worker.run(ThreadPoolExecutor.java:617)
	at java.lang.Thread.run(Thread.java:745)
Caused by: java.net.ConnectException: Connection refused: /127.0.0.1:9662
	at sun.nio.ch.SocketChannelImpl.checkConnect(Native Method)
	at sun.nio.ch.SocketChannelImpl.finishConnect(SocketChannelImpl.java:717)
	at org.jboss.netty.channel.socket.nio.NioClientBoss.connect(NioClientBoss.java:152)
	at org.jboss.netty.channel.socket.nio.NioClientBoss.processSelectedKeys(NioClientBoss.java:105)
	at org.jboss.netty.channel.socket.nio.NioClientBoss.process(NioClientBoss.java:79)
	at org.jboss.netty.channel.socket.nio.AbstractNioSelector.run(AbstractNioSelector.java:337)
	at org.jboss.netty.channel.socket.nio.NioClientBoss.run(NioClientBoss.java:42)
	at org.jboss.netty.util.ThreadRenamingRunnable.run(ThreadRenamingRunnable.java:108)
	at org.jboss.netty.util.internal.DeadLockProofWorker$1.run(DeadLockProofWorker.java:42)
	... 3 more
[2016-03-30 14:02:01,782][TRACE][org.elasticsearch.discovery.zen.ping.unicast] [node_t1] [2] received response from {node_t1}{lk7U_niVSKyTWpmVoV3sIA}{127.0.0.1}{127.0.0.1:9661}[mode=>network]: [ping_response{node [{node_t1}{lk7U_niVSKyTWpmVoV3sIA}{127.0.0.1}{127.0.0.1:9661}[mode=>network]], id[838], master [{node_t0}{5WFoynj2SUGDMEZmKbHSCQ}{127.0.0.1}{127.0.0.1:9660}[mode=>network]], hasJoinedOnce [true], cluster_name[TEST-CHILD_VM=[2]-CLUSTER_SEED=[2858301384796425155]-HASH=[462C14F99751D]-cluster]}, ping_response{node [{node_t1}{lk7U_niVSKyTWpmVoV3sIA}{127.0.0.1}{127.0.0.1:9661}[mode=>network]], id[838], master [{node_t0}{5WFoynj2SUGDMEZmKbHSCQ}{127.0.0.1}{127.0.0.1:9660}[mode=>network]], hasJoinedOnce [true], cluster_name[TEST-CHILD_VM=[2]-CLUSTER_SEED=[2858301384796425155]-HASH=[462C14F99751D]-cluster]}, ping_response{node [{node_t1}{lk7U_niVSKyTWpmVoV3sIA}{127.0.0.1}{127.0.0.1:9661}[mode=>network]], id[838], master [{node_t0}{5WFoynj2SUGDMEZmKbHSCQ}{127.0.0.1}{127.0.0.1:9660}[mode=>network]], hasJoinedOnce [true], cluster_name[TEST-CHILD_VM=[2]-CLUSTER_SEED=[2858301384796425155]-HASH=[462C14F99751D]-cluster]}, ping_response{node [{node_t1}{lk7U_niVSKyTWpmVoV3sIA}{127.0.0.1}{127.0.0.1:9661}[mode=>network]], id[842], master [null], hasJoinedOnce [true], cluster_name[TEST-CHILD_VM=[2]-CLUSTER_SEED=[2858301384796425155]-HASH=[462C14F99751D]-cluster]}, ping_response{node [{node_t1}{lk7U_niVSKyTWpmVoV3sIA}{127.0.0.1}{127.0.0.1:9661}[mode=>network]], id[842], master [null], hasJoinedOnce [true], cluster_name[TEST-CHILD_VM=[2]-CLUSTER_SEED=[2858301384796425155]-HASH=[462C14F99751D]-cluster]}, ping_response{node [{node_t1}{lk7U_niVSKyTWpmVoV3sIA}{127.0.0.1}{127.0.0.1:9661}[mode=>network]], id[842], master [null], hasJoinedOnce [true], cluster_name[TEST-CHILD_VM=[2]-CLUSTER_SEED=[2858301384796425155]-HASH=[462C14F99751D]-cluster]}, ping_response{node [{node_t1}{lk7U_niVSKyTWpmVoV3sIA}{127.0.0.1}{127.0.0.1:9661}[mode=>network]], id[846], master [null], hasJoinedOnce [true], cluster_name[TEST-CHILD_VM=[2]-CLUSTER_SEED=[2858301384796425155]-HASH=[462C14F99751D]-cluster]}, ping_response{node [{node_t1}{lk7U_niVSKyTWpmVoV3sIA}{127.0.0.1}{127.0.0.1:9661}[mode=>network]], id[846], master [null], hasJoinedOnce [true], cluster_name[TEST-CHILD_VM=[2]-CLUSTER_SEED=[2858301384796425155]-HASH=[462C14F99751D]-cluster]}, ping_response{node [{node_t1}{lk7U_niVSKyTWpmVoV3sIA}{127.0.0.1}{127.0.0.1:9661}[mode=>network]], id[848], master [null], hasJoinedOnce [true], cluster_name[TEST-CHILD_VM=[2]-CLUSTER_SEED=[2858301384796425155]-HASH=[462C14F99751D]-cluster]}]
[2016-03-30 14:02:01,781][TRACE][org.elasticsearch.discovery.zen.ping.unicast] [node_t1] [2] connecting (light) to {#zen_unicast_10#}{::1}{[::1]:9664}
[2016-03-30 14:02:01,781][TRACE][org.elasticsearch.discovery.zen.ping.unicast] [node_t1] [2] connecting (light) to {#zen_unicast_9#}{::1}{[::1]:9663}
[2016-03-30 14:02:01,781][TRACE][org.elasticsearch.discovery.zen.ping.unicast] [node_t1] [2] connecting (light) to {#zen_unicast_8#}{::1}{[::1]:9662}
[2016-03-30 14:02:01,782][TRACE][org.elasticsearch.discovery.zen.ping.unicast] [node_t1] [2] failed to connect to {#zen_unicast_4#}{127.0.0.1}{127.0.0.1:9663}
ConnectTransportException[[][127.0.0.1:9663] connect_timeout[30s]]; nested: ConnectException[Connection refused: /127.0.0.1:9663];
	at org.elasticsearch.transport.netty.NettyTransport.connectToChannelsLight(NettyTransport.java:948)
	at org.elasticsearch.transport.netty.NettyTransport.connectToNode(NettyTransport.java:912)
	at org.elasticsearch.transport.netty.NettyTransport.connectToNodeLight(NettyTransport.java:884)
	at org.elasticsearch.test.transport.MockTransportService$LookupTestTransport.connectToNodeLight(MockTransportService.java:412)
	at org.elasticsearch.transport.TransportService.connectToNodeLight(TransportService.java:250)
	at org.elasticsearch.discovery.zen.ping.unicast.UnicastZenPing$3.run(UnicastZenPing.java:395)
	at java.util.concurrent.ThreadPoolExecutor.runWorker(ThreadPoolExecutor.java:1142)
	at java.util.concurrent.ThreadPoolExecutor$Worker.run(ThreadPoolExecutor.java:617)
	at java.lang.Thread.run(Thread.java:745)
Caused by: java.net.ConnectException: Connection refused: /127.0.0.1:9663
	at sun.nio.ch.SocketChannelImpl.checkConnect(Native Method)
	at sun.nio.ch.SocketChannelImpl.finishConnect(SocketChannelImpl.java:717)
	at org.jboss.netty.channel.socket.nio.NioClientBoss.connect(NioClientBoss.java:152)
	at org.jboss.netty.channel.socket.nio.NioClientBoss.processSelectedKeys(NioClientBoss.java:105)
	at org.jboss.netty.channel.socket.nio.NioClientBoss.process(NioClientBoss.java:79)
	at org.jboss.netty.channel.socket.nio.AbstractNioSelector.run(AbstractNioSelector.java:337)
	at org.jboss.netty.channel.socket.nio.NioClientBoss.run(NioClientBoss.java:42)
	at org.jboss.netty.util.ThreadRenamingRunnable.run(ThreadRenamingRunnable.java:108)
	at org.jboss.netty.util.internal.DeadLockProofWorker$1.run(DeadLockProofWorker.java:42)
	... 3 more
[2016-03-30 14:02:01,785][TRACE][org.elasticsearch.discovery.zen.ping.unicast] [node_t1] [2] failed to connect to {#zen_unicast_9#}{::1}{[::1]:9663}
ConnectTransportException[[][[::1]:9663] connect_timeout[30s]]; nested: ConnectException[Connection refused: /0:0:0:0:0:0:0:1:9663];
	at org.elasticsearch.transport.netty.NettyTransport.connectToChannelsLight(NettyTransport.java:948)
	at org.elasticsearch.transport.netty.NettyTransport.connectToNode(NettyTransport.java:912)
	at org.elasticsearch.transport.netty.NettyTransport.connectToNodeLight(NettyTransport.java:884)
	at org.elasticsearch.test.transport.MockTransportService$LookupTestTransport.connectToNodeLight(MockTransportService.java:412)
	at org.elasticsearch.transport.TransportService.connectToNodeLight(TransportService.java:250)
	at org.elasticsearch.discovery.zen.ping.unicast.UnicastZenPing$3.run(UnicastZenPing.java:395)
	at java.util.concurrent.ThreadPoolExecutor.runWorker(ThreadPoolExecutor.java:1142)
	at java.util.concurrent.ThreadPoolExecutor$Worker.run(ThreadPoolExecutor.java:617)
	at java.lang.Thread.run(Thread.java:745)
Caused by: java.net.ConnectException: Connection refused: /0:0:0:0:0:0:0:1:9663
	at sun.nio.ch.SocketChannelImpl.checkConnect(Native Method)
	at sun.nio.ch.SocketChannelImpl.finishConnect(SocketChannelImpl.java:717)
	at org.jboss.netty.channel.socket.nio.NioClientBoss.connect(NioClientBoss.java:152)
	at org.jboss.netty.channel.socket.nio.NioClientBoss.processSelectedKeys(NioClientBoss.java:105)
	at org.jboss.netty.channel.socket.nio.NioClientBoss.process(NioClientBoss.java:79)
	at org.jboss.netty.channel.socket.nio.AbstractNioSelector.run(AbstractNioSelector.java:337)
	at org.jboss.netty.channel.socket.nio.NioClientBoss.run(NioClientBoss.java:42)
	at org.jboss.netty.util.ThreadRenamingRunnable.run(ThreadRenamingRunnable.java:108)
	at org.jboss.netty.util.internal.DeadLockProofWorker$1.run(DeadLockProofWorker.java:42)
	... 3 more
[2016-03-30 14:02:01,785][TRACE][org.elasticsearch.discovery.zen.ping.unicast] [node_t1] [2] failed to connect to {#zen_unicast_8#}{::1}{[::1]:9662}
ConnectTransportException[[][[::1]:9662] connect_timeout[30s]]; nested: ConnectException[Connection refused: /0:0:0:0:0:0:0:1:9662];
	at org.elasticsearch.transport.netty.NettyTransport.connectToChannelsLight(NettyTransport.java:948)
	at org.elasticsearch.transport.netty.NettyTransport.connectToNode(NettyTransport.java:912)
	at org.elasticsearch.transport.netty.NettyTransport.connectToNodeLight(NettyTransport.java:884)
	at org.elasticsearch.test.transport.MockTransportService$LookupTestTransport.connectToNodeLight(MockTransportService.java:412)
	at org.elasticsearch.transport.TransportService.connectToNodeLight(TransportService.java:250)
	at org.elasticsearch.discovery.zen.ping.unicast.UnicastZenPing$3.run(UnicastZenPing.java:395)
	at java.util.concurrent.ThreadPoolExecutor.runWorker(ThreadPoolExecutor.java:1142)
	at java.util.concurrent.ThreadPoolExecutor$Worker.run(ThreadPoolExecutor.java:617)
	at java.lang.Thread.run(Thread.java:745)
Caused by: java.net.ConnectException: Connection refused: /0:0:0:0:0:0:0:1:9662
	at sun.nio.ch.SocketChannelImpl.checkConnect(Native Method)
	at sun.nio.ch.SocketChannelImpl.finishConnect(SocketChannelImpl.java:717)
	at org.jboss.netty.channel.socket.nio.NioClientBoss.connect(NioClientBoss.java:152)
	at org.jboss.netty.channel.socket.nio.NioClientBoss.processSelectedKeys(NioClientBoss.java:105)
	at org.jboss.netty.channel.socket.nio.NioClientBoss.process(NioClientBoss.java:79)
	at org.jboss.netty.channel.socket.nio.AbstractNioSelector.run(AbstractNioSelector.java:337)
	at org.jboss.netty.channel.socket.nio.NioClientBoss.run(NioClientBoss.java:42)
	at org.jboss.netty.util.ThreadRenamingRunnable.run(ThreadRenamingRunnable.java:108)
	at org.jboss.netty.util.internal.DeadLockProofWorker$1.run(DeadLockProofWorker.java:42)
	... 3 more
[2016-03-30 14:02:01,785][TRACE][org.elasticsearch.discovery.zen.ping.unicast] [node_t1] [2] failed to connect to {#zen_unicast_10#}{::1}{[::1]:9664}
ConnectTransportException[[][[::1]:9664] connect_timeout[30s]]; nested: ConnectException[Connection refused: /0:0:0:0:0:0:0:1:9664];
	at org.elasticsearch.transport.netty.NettyTransport.connectToChannelsLight(NettyTransport.java:948)
	at org.elasticsearch.transport.netty.NettyTransport.connectToNode(NettyTransport.java:912)
	at org.elasticsearch.transport.netty.NettyTransport.connectToNodeLight(NettyTransport.java:884)
	at org.elasticsearch.test.transport.MockTransportService$LookupTestTransport.connectToNodeLight(MockTransportService.java:412)
	at org.elasticsearch.transport.TransportService.connectToNodeLight(TransportService.java:250)
	at org.elasticsearch.discovery.zen.ping.unicast.UnicastZenPing$3.run(UnicastZenPing.java:395)
	at java.util.concurrent.ThreadPoolExecutor.runWorker(ThreadPoolExecutor.java:1142)
	at java.util.concurrent.ThreadPoolExecutor$Worker.run(ThreadPoolExecutor.java:617)
	at java.lang.Thread.run(Thread.java:745)
Caused by: java.net.ConnectException: Connection refused: /0:0:0:0:0:0:0:1:9664
	at sun.nio.ch.SocketChannelImpl.checkConnect(Native Method)
	at sun.nio.ch.SocketChannelImpl.finishConnect(SocketChannelImpl.java:717)
	at org.jboss.netty.channel.socket.nio.NioClientBoss.connect(NioClientBoss.java:152)
	at org.jboss.netty.channel.socket.nio.NioClientBoss.processSelectedKeys(NioClientBoss.java:105)
	at org.jboss.netty.channel.socket.nio.NioClientBoss.process(NioClientBoss.java:79)
	at org.jboss.netty.channel.socket.nio.AbstractNioSelector.run(AbstractNioSelector.java:337)
	at org.jboss.netty.channel.socket.nio.NioClientBoss.run(NioClientBoss.java:42)
	at org.jboss.netty.util.ThreadRenamingRunnable.run(ThreadRenamingRunnable.java:108)
	at org.jboss.netty.util.internal.DeadLockProofWorker$1.run(DeadLockProofWorker.java:42)
	... 3 more
[2016-03-30 14:02:01,786][TRACE][org.elasticsearch.discovery.zen.ping.unicast] [node_t1] [2] disconnecting from {#zen_unicast_1#}{127.0.0.1}{127.0.0.1:9660}
[2016-03-30 14:02:01,786][TRACE][org.elasticsearch.discovery.zen] [node_t1] full ping responses: {none}
[2016-03-30 14:02:01,786][TRACE][org.elasticsearch.discovery.zen.ping.unicast] [node_t1] [2] disconnecting from {#zen_unicast_6#}{::1}{[::1]:9660}
[2016-03-30 14:02:01,786][TRACE][org.elasticsearch.discovery.zen.ping.unicast] [node_t1] [2] disconnecting from {#zen_unicast_5#}{127.0.0.1}{127.0.0.1:9664}
[2016-03-30 14:02:01,786][DEBUG][org.elasticsearch.discovery.zen] [node_t1] filtered ping responses: (filter_client[true], filter_data[false]) {none}
[2016-03-30 14:02:01,786][TRACE][org.elasticsearch.discovery.zen.ping.unicast] [node_t1] [2] disconnecting from {#zen_unicast_4#}{127.0.0.1}{127.0.0.1:9663}
[2016-03-30 14:02:01,786][TRACE][org.elasticsearch.discovery.zen] [node_t1] adding local node to the list of active nodes who has previously joined the cluster (joins counter is [1})
[2016-03-30 14:02:01,786][TRACE][org.elasticsearch.discovery.zen.ping.unicast] [node_t1] [2] disconnecting from {#zen_unicast_3#}{127.0.0.1}{127.0.0.1:9662}
[2016-03-30 14:02:01,786][TRACE][org.elasticsearch.discovery.zen] [node_t1] not enough master nodes [[{node_t1}{lk7U_niVSKyTWpmVoV3sIA}{127.0.0.1}{127.0.0.1:9661}[mode=>network]]]
[2016-03-30 14:02:01,786][TRACE][org.elasticsearch.discovery.zen.ping.unicast] [node_t1] [2] disconnecting from {#zen_unicast_10#}{::1}{[::1]:9664}
[2016-03-30 14:02:01,786][TRACE][org.elasticsearch.discovery.zen] [node_t1] starting to ping
[2016-03-30 14:02:01,787][TRACE][org.elasticsearch.discovery.zen.ping.unicast] [node_t1] [2] disconnecting from {#zen_unicast_9#}{::1}{[::1]:9663}
[2016-03-30 14:02:01,787][TRACE][org.elasticsearch.discovery.zen.ping.unicast] [node_t1] [2] disconnecting from {#zen_unicast_8#}{::1}{[::1]:9662}
[2016-03-30 14:02:01,787][TRACE][org.elasticsearch.discovery.zen.ping.unicast] [node_t1] [3] sending to {node_t1}{lk7U_niVSKyTWpmVoV3sIA}{127.0.0.1}{127.0.0.1:9661}[mode=>network]
[2016-03-30 14:02:01,787][TRACE][org.elasticsearch.discovery.zen.ping.unicast] [node_t1] [2] disconnecting from {#zen_unicast_7#}{::1}{[::1]:9661}
[2016-03-30 14:02:01,787][TRACE][org.elasticsearch.discovery.zen.ping.unicast] [node_t1] [3] connecting (light) to {#zen_unicast_1#}{127.0.0.1}{127.0.0.1:9660}
[2016-03-30 14:02:01,787][TRACE][org.elasticsearch.discovery.zen.ping.unicast] [node_t1] [3] received response from {node_t1}{lk7U_niVSKyTWpmVoV3sIA}{127.0.0.1}{127.0.0.1:9661}[mode=>network]: [ping_response{node [{node_t1}{lk7U_niVSKyTWpmVoV3sIA}{127.0.0.1}{127.0.0.1:9661}[mode=>network]], id[838], master [{node_t0}{5WFoynj2SUGDMEZmKbHSCQ}{127.0.0.1}{127.0.0.1:9660}[mode=>network]], hasJoinedOnce [true], cluster_name[TEST-CHILD_VM=[2]-CLUSTER_SEED=[2858301384796425155]-HASH=[462C14F99751D]-cluster]}, ping_response{node [{node_t1}{lk7U_niVSKyTWpmVoV3sIA}{127.0.0.1}{127.0.0.1:9661}[mode=>network]], id[838], master [{node_t0}{5WFoynj2SUGDMEZmKbHSCQ}{127.0.0.1}{127.0.0.1:9660}[mode=>network]], hasJoinedOnce [true], cluster_name[TEST-CHILD_VM=[2]-CLUSTER_SEED=[2858301384796425155]-HASH=[462C14F99751D]-cluster]}, ping_response{node [{node_t1}{lk7U_niVSKyTWpmVoV3sIA}{127.0.0.1}{127.0.0.1:9661}[mode=>network]], id[838], master [{node_t0}{5WFoynj2SUGDMEZmKbHSCQ}{127.0.0.1}{127.0.0.1:9660}[mode=>network]], hasJoinedOnce [true], cluster_name[TEST-CHILD_VM=[2]-CLUSTER_SEED=[2858301384796425155]-HASH=[462C14F99751D]-cluster]}, ping_response{node [{node_t1}{lk7U_niVSKyTWpmVoV3sIA}{127.0.0.1}{127.0.0.1:9661}[mode=>network]], id[842], master [null], hasJoinedOnce [true], cluster_name[TEST-CHILD_VM=[2]-CLUSTER_SEED=[2858301384796425155]-HASH=[462C14F99751D]-cluster]}, ping_response{node [{node_t1}{lk7U_niVSKyTWpmVoV3sIA}{127.0.0.1}{127.0.0.1:9661}[mode=>network]], id[842], master [null], hasJoinedOnce [true], cluster_name[TEST-CHILD_VM=[2]-CLUSTER_SEED=[2858301384796425155]-HASH=[462C14F99751D]-cluster]}, ping_response{node [{node_t1}{lk7U_niVSKyTWpmVoV3sIA}{127.0.0.1}{127.0.0.1:9661}[mode=>network]], id[842], master [null], hasJoinedOnce [true], cluster_name[TEST-CHILD_VM=[2]-CLUSTER_SEED=[2858301384796425155]-HASH=[462C14F99751D]-cluster]}, ping_response{node [{node_t1}{lk7U_niVSKyTWpmVoV3sIA}{127.0.0.1}{127.0.0.1:9661}[mode=>network]], id[846], master [null], hasJoinedOnce [true], cluster_name[TEST-CHILD_VM=[2]-CLUSTER_SEED=[2858301384796425155]-HASH=[462C14F99751D]-cluster]}, ping_response{node [{node_t1}{lk7U_niVSKyTWpmVoV3sIA}{127.0.0.1}{127.0.0.1:9661}[mode=>network]], id[846], master [null], hasJoinedOnce [true], cluster_name[TEST-CHILD_VM=[2]-CLUSTER_SEED=[2858301384796425155]-HASH=[462C14F99751D]-cluster]}, ping_response{node [{node_t1}{lk7U_niVSKyTWpmVoV3sIA}{127.0.0.1}{127.0.0.1:9661}[mode=>network]], id[846], master [null], hasJoinedOnce [true], cluster_name[TEST-CHILD_VM=[2]-CLUSTER_SEED=[2858301384796425155]-HASH=[462C14F99751D]-cluster]}, ping_response{node [{node_t1}{lk7U_niVSKyTWpmVoV3sIA}{127.0.0.1}{127.0.0.1:9661}[mode=>network]], id[850], master [null], hasJoinedOnce [true], cluster_name[TEST-CHILD_VM=[2]-CLUSTER_SEED=[2858301384796425155]-HASH=[462C14F99751D]-cluster]}, ping_response{node [{node_t1}{lk7U_niVSKyTWpmVoV3sIA}{127.0.0.1}{127.0.0.1:9661}[mode=>network]], id[851], master [null], hasJoinedOnce [true], cluster_name[TEST-CHILD_VM=[2]-CLUSTER_SEED=[2858301384796425155]-HASH=[462C14F99751D]-cluster]}]
[2016-03-30 14:02:01,787][TRACE][org.elasticsearch.discovery.zen.ping.unicast] [node_t1] [3] sending to {node_t1}{lk7U_niVSKyTWpmVoV3sIA}{127.0.0.1}{127.0.0.1:9661}[mode=>network]
[2016-03-30 14:02:01,787][TRACE][org.elasticsearch.discovery.zen.ping.unicast] [node_t1] [3] connecting (light) to {#zen_unicast_5#}{127.0.0.1}{127.0.0.1:9664}
[2016-03-30 14:02:01,787][TRACE][org.elasticsearch.discovery.zen.ping.unicast] [node_t1] [3] connecting (light) to {#zen_unicast_7#}{::1}{[::1]:9661}
[2016-03-30 14:02:01,787][TRACE][org.elasticsearch.discovery.zen.ping.unicast] [node_t1] [3] received response from {node_t1}{lk7U_niVSKyTWpmVoV3sIA}{127.0.0.1}{127.0.0.1:9661}[mode=>network]: [ping_response{node [{node_t1}{lk7U_niVSKyTWpmVoV3sIA}{127.0.0.1}{127.0.0.1:9661}[mode=>network]], id[838], master [{node_t0}{5WFoynj2SUGDMEZmKbHSCQ}{127.0.0.1}{127.0.0.1:9660}[mode=>network]], hasJoinedOnce [true], cluster_name[TEST-CHILD_VM=[2]-CLUSTER_SEED=[2858301384796425155]-HASH=[462C14F99751D]-cluster]}, ping_response{node [{node_t1}{lk7U_niVSKyTWpmVoV3sIA}{127.0.0.1}{127.0.0.1:9661}[mode=>network]], id[838], master [{node_t0}{5WFoynj2SUGDMEZmKbHSCQ}{127.0.0.1}{127.0.0.1:9660}[mode=>network]], hasJoinedOnce [true], cluster_name[TEST-CHILD_VM=[2]-CLUSTER_SEED=[2858301384796425155]-HASH=[462C14F99751D]-cluster]}, ping_response{node [{node_t1}{lk7U_niVSKyTWpmVoV3sIA}{127.0.0.1}{127.0.0.1:9661}[mode=>network]], id[838], master [{node_t0}{5WFoynj2SUGDMEZmKbHSCQ}{127.0.0.1}{127.0.0.1:9660}[mode=>network]], hasJoinedOnce [true], cluster_name[TEST-CHILD_VM=[2]-CLUSTER_SEED=[2858301384796425155]-HASH=[462C14F99751D]-cluster]}, ping_response{node [{node_t1}{lk7U_niVSKyTWpmVoV3sIA}{127.0.0.1}{127.0.0.1:9661}[mode=>network]], id[842], master [null], hasJoinedOnce [true], cluster_name[TEST-CHILD_VM=[2]-CLUSTER_SEED=[2858301384796425155]-HASH=[462C14F99751D]-cluster]}, ping_response{node [{node_t1}{lk7U_niVSKyTWpmVoV3sIA}{127.0.0.1}{127.0.0.1:9661}[mode=>network]], id[842], master [null], hasJoinedOnce [true], cluster_name[TEST-CHILD_VM=[2]-CLUSTER_SEED=[2858301384796425155]-HASH=[462C14F99751D]-cluster]}, ping_response{node [{node_t1}{lk7U_niVSKyTWpmVoV3sIA}{127.0.0.1}{127.0.0.1:9661}[mode=>network]], id[842], master [null], hasJoinedOnce [true], cluster_name[TEST-CHILD_VM=[2]-CLUSTER_SEED=[2858301384796425155]-HASH=[462C14F99751D]-cluster]}, ping_response{node [{node_t1}{lk7U_niVSKyTWpmVoV3sIA}{127.0.0.1}{127.0.0.1:9661}[mode=>network]], id[846], master [null], hasJoinedOnce [true], cluster_name[TEST-CHILD_VM=[2]-CLUSTER_SEED=[2858301384796425155]-HASH=[462C14F99751D]-cluster]}, ping_response{node [{node_t1}{lk7U_niVSKyTWpmVoV3sIA}{127.0.0.1}{127.0.0.1:9661}[mode=>network]], id[846], master [null], hasJoinedOnce [true], cluster_name[TEST-CHILD_VM=[2]-CLUSTER_SEED=[2858301384796425155]-HASH=[462C14F99751D]-cluster]}, ping_response{node [{node_t1}{lk7U_niVSKyTWpmVoV3sIA}{127.0.0.1}{127.0.0.1:9661}[mode=>network]], id[846], master [null], hasJoinedOnce [true], cluster_name[TEST-CHILD_VM=[2]-CLUSTER_SEED=[2858301384796425155]-HASH=[462C14F99751D]-cluster]}, ping_response{node [{node_t1}{lk7U_niVSKyTWpmVoV3sIA}{127.0.0.1}{127.0.0.1:9661}[mode=>network]], id[850], master [null], hasJoinedOnce [true], cluster_name[TEST-CHILD_VM=[2]-CLUSTER_SEED=[2858301384796425155]-HASH=[462C14F99751D]-cluster]}, ping_response{node [{node_t1}{lk7U_niVSKyTWpmVoV3sIA}{127.0.0.1}{127.0.0.1:9661}[mode=>network]], id[850], master [null], hasJoinedOnce [true], cluster_name[TEST-CHILD_VM=[2]-CLUSTER_SEED=[2858301384796425155]-HASH=[462C14F99751D]-cluster]}, ping_response{node [{node_t1}{lk7U_niVSKyTWpmVoV3sIA}{127.0.0.1}{127.0.0.1:9661}[mode=>network]], id[852], master [null], hasJoinedOnce [true], cluster_name[TEST-CHILD_VM=[2]-CLUSTER_SEED=[2858301384796425155]-HASH=[462C14F99751D]-cluster]}]
[2016-03-30 14:02:01,788][TRACE][org.elasticsearch.discovery.zen.ping.unicast] [node_t1] [3] failed to connect to {#zen_unicast_1#}{127.0.0.1}{127.0.0.1:9660}
ConnectTransportException[[][127.0.0.1:9660] connect_timeout[30s]]; nested: ConnectException[Connection refused: /127.0.0.1:9660];
	at org.elasticsearch.transport.netty.NettyTransport.connectToChannelsLight(NettyTransport.java:948)
	at org.elasticsearch.transport.netty.NettyTransport.connectToNode(NettyTransport.java:912)
	at org.elasticsearch.transport.netty.NettyTransport.connectToNodeLight(NettyTransport.java:884)
	at org.elasticsearch.test.transport.MockTransportService$LookupTestTransport.connectToNodeLight(MockTransportService.java:412)
	at org.elasticsearch.transport.TransportService.connectToNodeLight(TransportService.java:250)
	at org.elasticsearch.discovery.zen.ping.unicast.UnicastZenPing$3.run(UnicastZenPing.java:395)
	at java.util.concurrent.ThreadPoolExecutor.runWorker(ThreadPoolExecutor.java:1142)
	at java.util.concurrent.ThreadPoolExecutor$Worker.run(ThreadPoolExecutor.java:617)
	at java.lang.Thread.run(Thread.java:745)
Caused by: java.net.ConnectException: Connection refused: /127.0.0.1:9660
	at sun.nio.ch.SocketChannelImpl.checkConnect(Native Method)
	at sun.nio.ch.SocketChannelImpl.finishConnect(SocketChannelImpl.java:717)
	at org.jboss.netty.channel.socket.nio.NioClientBoss.connect(NioClientBoss.java:152)
	at org.jboss.netty.channel.socket.nio.NioClientBoss.processSelectedKeys(NioClientBoss.java:105)
	at org.jboss.netty.channel.socket.nio.NioClientBoss.process(NioClientBoss.java:79)
	at org.jboss.netty.channel.socket.nio.AbstractNioSelector.run(AbstractNioSelector.java:337)
	at org.jboss.netty.channel.socket.nio.NioClientBoss.run(NioClientBoss.java:42)
	at org.jboss.netty.util.ThreadRenamingRunnable.run(ThreadRenamingRunnable.java:108)
	at org.jboss.netty.util.internal.DeadLockProofWorker$1.run(DeadLockProofWorker.java:42)
	... 3 more
[2016-03-30 14:02:01,787][TRACE][org.elasticsearch.discovery.zen.ping.unicast] [node_t1] [3] connecting (light) to {#zen_unicast_10#}{::1}{[::1]:9664}
[2016-03-30 14:02:01,787][TRACE][org.elasticsearch.discovery.zen.ping.unicast] [node_t1] [3] connecting (light) to {#zen_unicast_9#}{::1}{[::1]:9663}
[2016-03-30 14:02:01,787][TRACE][org.elasticsearch.discovery.zen.ping.unicast] [node_t1] [3] connecting (light) to {#zen_unicast_8#}{::1}{[::1]:9662}
[2016-03-30 14:02:01,787][TRACE][org.elasticsearch.discovery.zen.ping.unicast] [node_t1] [3] connecting (light) to {#zen_unicast_6#}{::1}{[::1]:9660}
[2016-03-30 14:02:01,787][TRACE][org.elasticsearch.discovery.zen.ping.unicast] [node_t1] [3] connecting (light) to {#zen_unicast_3#}{127.0.0.1}{127.0.0.1:9662}
[2016-03-30 14:02:01,787][TRACE][org.elasticsearch.discovery.zen.ping.unicast] [node_t1] [3] connecting (light) to {#zen_unicast_4#}{127.0.0.1}{127.0.0.1:9663}
[2016-03-30 14:02:01,788][TRACE][org.elasticsearch.discovery.zen.ping.unicast] [node_t1] [3] connected to {#zen_unicast_7#}{::1}{[::1]:9661}
[2016-03-30 14:02:01,788][TRACE][org.elasticsearch.discovery.zen.ping.unicast] [node_t1] [3] failed to connect to {#zen_unicast_5#}{127.0.0.1}{127.0.0.1:9664}
ConnectTransportException[[][127.0.0.1:9664] connect_timeout[30s]]; nested: ConnectException[Connection refused: /127.0.0.1:9664];
	at org.elasticsearch.transport.netty.NettyTransport.connectToChannelsLight(NettyTransport.java:948)
	at org.elasticsearch.transport.netty.NettyTransport.connectToNode(NettyTransport.java:912)
	at org.elasticsearch.transport.netty.NettyTransport.connectToNodeLight(NettyTransport.java:884)
	at org.elasticsearch.test.transport.MockTransportService$LookupTestTransport.connectToNodeLight(MockTransportService.java:412)
	at org.elasticsearch.transport.TransportService.connectToNodeLight(TransportService.java:250)
	at org.elasticsearch.discovery.zen.ping.unicast.UnicastZenPing$3.run(UnicastZenPing.java:395)
	at java.util.concurrent.ThreadPoolExecutor.runWorker(ThreadPoolExecutor.java:1142)
	at java.util.concurrent.ThreadPoolExecutor$Worker.run(ThreadPoolExecutor.java:617)
	at java.lang.Thread.run(Thread.java:745)
Caused by: java.net.ConnectException: Connection refused: /127.0.0.1:9664
	at sun.nio.ch.SocketChannelImpl.checkConnect(Native Method)
	at sun.nio.ch.SocketChannelImpl.finishConnect(SocketChannelImpl.java:717)
	at org.jboss.netty.channel.socket.nio.NioClientBoss.connect(NioClientBoss.java:152)
	at org.jboss.netty.channel.socket.nio.NioClientBoss.processSelectedKeys(NioClientBoss.java:105)
	at org.jboss.netty.channel.socket.nio.NioClientBoss.process(NioClientBoss.java:79)
	at org.jboss.netty.channel.socket.nio.AbstractNioSelector.run(AbstractNioSelector.java:337)
	at org.jboss.netty.channel.socket.nio.NioClientBoss.run(NioClientBoss.java:42)
	at org.jboss.netty.util.ThreadRenamingRunnable.run(ThreadRenamingRunnable.java:108)
	at org.jboss.netty.util.internal.DeadLockProofWorker$1.run(DeadLockProofWorker.java:42)
	... 3 more
[2016-03-30 14:02:01,789][TRACE][org.elasticsearch.discovery.zen.ping.unicast] [node_t1] [3] failed to connect to {#zen_unicast_10#}{::1}{[::1]:9664}
ConnectTransportException[[][[::1]:9664] connect_timeout[30s]]; nested: ConnectException[Connection refused: /0:0:0:0:0:0:0:1:9664];
	at org.elasticsearch.transport.netty.NettyTransport.connectToChannelsLight(NettyTransport.java:948)
	at org.elasticsearch.transport.netty.NettyTransport.connectToNode(NettyTransport.java:912)
	at org.elasticsearch.transport.netty.NettyTransport.connectToNodeLight(NettyTransport.java:884)
	at org.elasticsearch.test.transport.MockTransportService$LookupTestTransport.connectToNodeLight(MockTransportService.java:412)
	at org.elasticsearch.transport.TransportService.connectToNodeLight(TransportService.java:250)
	at org.elasticsearch.discovery.zen.ping.unicast.UnicastZenPing$3.run(UnicastZenPing.java:395)
	at java.util.concurrent.ThreadPoolExecutor.runWorker(ThreadPoolExecutor.java:1142)
	at java.util.concurrent.ThreadPoolExecutor$Worker.run(ThreadPoolExecutor.java:617)
	at java.lang.Thread.run(Thread.java:745)
Caused by: java.net.ConnectException: Connection refused: /0:0:0:0:0:0:0:1:9664
	at sun.nio.ch.SocketChannelImpl.checkConnect(Native Method)
	at sun.nio.ch.SocketChannelImpl.finishConnect(SocketChannelImpl.java:717)
	at org.jboss.netty.channel.socket.nio.NioClientBoss.connect(NioClientBoss.java:152)
	at org.jboss.netty.channel.socket.nio.NioClientBoss.processSelectedKeys(NioClientBoss.java:105)
	at org.jboss.netty.channel.socket.nio.NioClientBoss.process(NioClientBoss.java:79)
	at org.jboss.netty.channel.socket.nio.AbstractNioSelector.run(AbstractNioSelector.java:337)
	at org.jboss.netty.channel.socket.nio.NioClientBoss.run(NioClientBoss.java:42)
	at org.jboss.netty.util.ThreadRenamingRunnable.run(ThreadRenamingRunnable.java:108)
	at org.jboss.netty.util.internal.DeadLockProofWorker$1.run(DeadLockProofWorker.java:42)
	... 3 more
[2016-03-30 14:02:01,790][TRACE][org.elasticsearch.discovery.zen.ping.unicast] [node_t1] [3] failed to connect to {#zen_unicast_3#}{127.0.0.1}{127.0.0.1:9662}
ConnectTransportException[[][127.0.0.1:9662] connect_timeout[30s]]; nested: ConnectException[Connection refused: /127.0.0.1:9662];
	at org.elasticsearch.transport.netty.NettyTransport.connectToChannelsLight(NettyTransport.java:948)
	at org.elasticsearch.transport.netty.NettyTransport.connectToNode(NettyTransport.java:912)
	at org.elasticsearch.transport.netty.NettyTransport.connectToNodeLight(NettyTransport.java:884)
	at org.elasticsearch.test.transport.MockTransportService$LookupTestTransport.connectToNodeLight(MockTransportService.java:412)
	at org.elasticsearch.transport.TransportService.connectToNodeLight(TransportService.java:250)
	at org.elasticsearch.discovery.zen.ping.unicast.UnicastZenPing$3.run(UnicastZenPing.java:395)
	at java.util.concurrent.ThreadPoolExecutor.runWorker(ThreadPoolExecutor.java:1142)
	at java.util.concurrent.ThreadPoolExecutor$Worker.run(ThreadPoolExecutor.java:617)
	at java.lang.Thread.run(Thread.java:745)
Caused by: java.net.ConnectException: Connection refused: /127.0.0.1:9662
	at sun.nio.ch.SocketChannelImpl.checkConnect(Native Method)
	at sun.nio.ch.SocketChannelImpl.finishConnect(SocketChannelImpl.java:717)
	at org.jboss.netty.channel.socket.nio.NioClientBoss.connect(NioClientBoss.java:152)
	at org.jboss.netty.channel.socket.nio.NioClientBoss.processSelectedKeys(NioClientBoss.java:105)
	at org.jboss.netty.channel.socket.nio.NioClientBoss.process(NioClientBoss.java:79)
	at org.jboss.netty.channel.socket.nio.AbstractNioSelector.run(AbstractNioSelector.java:337)
	at org.jboss.netty.channel.socket.nio.NioClientBoss.run(NioClientBoss.java:42)
	at org.jboss.netty.util.ThreadRenamingRunnable.run(ThreadRenamingRunnable.java:108)
	at org.jboss.netty.util.internal.DeadLockProofWorker$1.run(DeadLockProofWorker.java:42)
	... 3 more
[2016-03-30 14:02:01,789][TRACE][org.elasticsearch.discovery.zen.ping.unicast] [node_t1] [3] failed to connect to {#zen_unicast_8#}{::1}{[::1]:9662}
ConnectTransportException[[][[::1]:9662] connect_timeout[30s]]; nested: ConnectException[Connection refused: /0:0:0:0:0:0:0:1:9662];
	at org.elasticsearch.transport.netty.NettyTransport.connectToChannelsLight(NettyTransport.java:948)
	at org.elasticsearch.transport.netty.NettyTransport.connectToNode(NettyTransport.java:912)
	at org.elasticsearch.transport.netty.NettyTransport.connectToNodeLight(NettyTransport.java:884)
	at org.elasticsearch.test.transport.MockTransportService$LookupTestTransport.connectToNodeLight(MockTransportService.java:412)
	at org.elasticsearch.transport.TransportService.connectToNodeLight(TransportService.java:250)
	at org.elasticsearch.discovery.zen.ping.unicast.UnicastZenPing$3.run(UnicastZenPing.java:395)
	at java.util.concurrent.ThreadPoolExecutor.runWorker(ThreadPoolExecutor.java:1142)
	at java.util.concurrent.ThreadPoolExecutor$Worker.run(ThreadPoolExecutor.java:617)
	at java.lang.Thread.run(Thread.java:745)
Caused by: java.net.ConnectException: Connection refused: /0:0:0:0:0:0:0:1:9662
	at sun.nio.ch.SocketChannelImpl.checkConnect(Native Method)
	at sun.nio.ch.SocketChannelImpl.finishConnect(SocketChannelImpl.java:717)
	at org.jboss.netty.channel.socket.nio.NioClientBoss.connect(NioClientBoss.java:152)
	at org.jboss.netty.channel.socket.nio.NioClientBoss.processSelectedKeys(NioClientBoss.java:105)
	at org.jboss.netty.channel.socket.nio.NioClientBoss.process(NioClientBoss.java:79)
	at org.jboss.netty.channel.socket.nio.AbstractNioSelector.run(AbstractNioSelector.java:337)
	at org.jboss.netty.channel.socket.nio.NioClientBoss.run(NioClientBoss.java:42)
	at org.jboss.netty.util.ThreadRenamingRunnable.run(ThreadRenamingRunnable.java:108)
	at org.jboss.netty.util.internal.DeadLockProofWorker$1.run(DeadLockProofWorker.java:42)
	... 3 more
[2016-03-30 14:02:01,789][TRACE][org.elasticsearch.discovery.zen.ping.unicast] [node_t1] [3] failed to connect to {#zen_unicast_9#}{::1}{[::1]:9663}
ConnectTransportException[[][[::1]:9663] connect_timeout[30s]]; nested: ConnectException[Connection refused: /0:0:0:0:0:0:0:1:9663];
	at org.elasticsearch.transport.netty.NettyTransport.connectToChannelsLight(NettyTransport.java:948)
	at org.elasticsearch.transport.netty.NettyTransport.connectToNode(NettyTransport.java:912)
	at org.elasticsearch.transport.netty.NettyTransport.connectToNodeLight(NettyTransport.java:884)
	at org.elasticsearch.test.transport.MockTransportService$LookupTestTransport.connectToNodeLight(MockTransportService.java:412)
	at org.elasticsearch.transport.TransportService.connectToNodeLight(TransportService.java:250)
	at org.elasticsearch.discovery.zen.ping.unicast.UnicastZenPing$3.run(UnicastZenPing.java:395)
	at java.util.concurrent.ThreadPoolExecutor.runWorker(ThreadPoolExecutor.java:1142)
	at java.util.concurrent.ThreadPoolExecutor$Worker.run(ThreadPoolExecutor.java:617)
	at java.lang.Thread.run(Thread.java:745)
Caused by: java.net.ConnectException: Connection refused: /0:0:0:0:0:0:0:1:9663
	at sun.nio.ch.SocketChannelImpl.checkConnect(Native Method)
	at sun.nio.ch.SocketChannelImpl.finishConnect(SocketChannelImpl.java:717)
	at org.jboss.netty.channel.socket.nio.NioClientBoss.connect(NioClientBoss.java:152)
	at org.jboss.netty.channel.socket.nio.NioClientBoss.processSelectedKeys(NioClientBoss.java:105)
	at org.jboss.netty.channel.socket.nio.NioClientBoss.process(NioClientBoss.java:79)
	at org.jboss.netty.channel.socket.nio.AbstractNioSelector.run(AbstractNioSelector.java:337)
	at org.jboss.netty.channel.socket.nio.NioClientBoss.run(NioClientBoss.java:42)
	at org.jboss.netty.util.ThreadRenamingRunnable.run(ThreadRenamingRunnable.java:108)
	at org.jboss.netty.util.internal.DeadLockProofWorker$1.run(DeadLockProofWorker.java:42)
	... 3 more
[2016-03-30 14:02:01,789][TRACE][org.elasticsearch.discovery.zen.ping.unicast] [node_t1] [3] sending to {#zen_unicast_7#}{::1}{[::1]:9661}
[2016-03-30 14:02:01,790][TRACE][org.elasticsearch.discovery.zen.ping.unicast] [node_t1] [3] failed to connect to {#zen_unicast_4#}{127.0.0.1}{127.0.0.1:9663}
ConnectTransportException[[][127.0.0.1:9663] connect_timeout[30s]]; nested: ConnectException[Connection refused: /127.0.0.1:9663];
	at org.elasticsearch.transport.netty.NettyTransport.connectToChannelsLight(NettyTransport.java:948)
	at org.elasticsearch.transport.netty.NettyTransport.connectToNode(NettyTransport.java:912)
	at org.elasticsearch.transport.netty.NettyTransport.connectToNodeLight(NettyTransport.java:884)
	at org.elasticsearch.test.transport.MockTransportService$LookupTestTransport.connectToNodeLight(MockTransportService.java:412)
	at org.elasticsearch.transport.TransportService.connectToNodeLight(TransportService.java:250)
	at org.elasticsearch.discovery.zen.ping.unicast.UnicastZenPing$3.run(UnicastZenPing.java:395)
	at java.util.concurrent.ThreadPoolExecutor.runWorker(ThreadPoolExecutor.java:1142)
	at java.util.concurrent.ThreadPoolExecutor$Worker.run(ThreadPoolExecutor.java:617)
	at java.lang.Thread.run(Thread.java:745)
Caused by: java.net.ConnectException: Connection refused: /127.0.0.1:9663
	at sun.nio.ch.SocketChannelImpl.checkConnect(Native Method)
	at sun.nio.ch.SocketChannelImpl.finishConnect(SocketChannelImpl.java:717)
	at org.jboss.netty.channel.socket.nio.NioClientBoss.connect(NioClientBoss.java:152)
	at org.jboss.netty.channel.socket.nio.NioClientBoss.processSelectedKeys(NioClientBoss.java:105)
	at org.jboss.netty.channel.socket.nio.NioClientBoss.process(NioClientBoss.java:79)
	at org.jboss.netty.channel.socket.nio.AbstractNioSelector.run(AbstractNioSelector.java:337)
	at org.jboss.netty.channel.socket.nio.NioClientBoss.run(NioClientBoss.java:42)
	at org.jboss.netty.util.ThreadRenamingRunnable.run(ThreadRenamingRunnable.java:108)
	at org.jboss.netty.util.internal.DeadLockProofWorker$1.run(DeadLockProofWorker.java:42)
	... 3 more
[2016-03-30 14:02:01,790][TRACE][org.elasticsearch.discovery.zen.ping.unicast] [node_t1] [3] failed to connect to {#zen_unicast_6#}{::1}{[::1]:9660}
ConnectTransportException[[][[::1]:9660] connect_timeout[30s]]; nested: ConnectException[Connection refused: /0:0:0:0:0:0:0:1:9660];
	at org.elasticsearch.transport.netty.NettyTransport.connectToChannelsLight(NettyTransport.java:948)
	at org.elasticsearch.transport.netty.NettyTransport.connectToNode(NettyTransport.java:912)
	at org.elasticsearch.transport.netty.NettyTransport.connectToNodeLight(NettyTransport.java:884)
	at org.elasticsearch.test.transport.MockTransportService$LookupTestTransport.connectToNodeLight(MockTransportService.java:412)
	at org.elasticsearch.transport.TransportService.connectToNodeLight(TransportService.java:250)
	at org.elasticsearch.discovery.zen.ping.unicast.UnicastZenPing$3.run(UnicastZenPing.java:395)
	at java.util.concurrent.ThreadPoolExecutor.runWorker(ThreadPoolExecutor.java:1142)
	at java.util.concurrent.ThreadPoolExecutor$Worker.run(ThreadPoolExecutor.java:617)
	at java.lang.Thread.run(Thread.java:745)
Caused by: java.net.ConnectException: Connection refused: /0:0:0:0:0:0:0:1:9660
	at sun.nio.ch.SocketChannelImpl.checkConnect(Native Method)
	at sun.nio.ch.SocketChannelImpl.finishConnect(SocketChannelImpl.java:717)
	at org.jboss.netty.channel.socket.nio.NioClientBoss.connect(NioClientBoss.java:152)
	at org.jboss.netty.channel.socket.nio.NioClientBoss.processSelectedKeys(NioClientBoss.java:105)
	at org.jboss.netty.channel.socket.nio.NioClientBoss.process(NioClientBoss.java:79)
	at org.jboss.netty.channel.socket.nio.AbstractNioSelector.run(AbstractNioSelector.java:337)
	at org.jboss.netty.channel.socket.nio.NioClientBoss.run(NioClientBoss.java:42)
	at org.jboss.netty.util.ThreadRenamingRunnable.run(ThreadRenamingRunnable.java:108)
	at org.jboss.netty.util.internal.DeadLockProofWorker$1.run(DeadLockProofWorker.java:42)
	... 3 more
[2016-03-30 14:02:01,792][TRACE][org.elasticsearch.discovery.zen.ping.unicast] [node_t1] [3] received response from {#zen_unicast_7#}{::1}{[::1]:9661}: [ping_response{node [{node_t1}{lk7U_niVSKyTWpmVoV3sIA}{127.0.0.1}{127.0.0.1:9661}[mode=>network]], id[838], master [{node_t0}{5WFoynj2SUGDMEZmKbHSCQ}{127.0.0.1}{127.0.0.1:9660}[mode=>network]], hasJoinedOnce [true], cluster_name[TEST-CHILD_VM=[2]-CLUSTER_SEED=[2858301384796425155]-HASH=[462C14F99751D]-cluster]}, ping_response{node [{node_t1}{lk7U_niVSKyTWpmVoV3sIA}{127.0.0.1}{127.0.0.1:9661}[mode=>network]], id[838], master [{node_t0}{5WFoynj2SUGDMEZmKbHSCQ}{127.0.0.1}{127.0.0.1:9660}[mode=>network]], hasJoinedOnce [true], cluster_name[TEST-CHILD_VM=[2]-CLUSTER_SEED=[2858301384796425155]-HASH=[462C14F99751D]-cluster]}, ping_response{node [{node_t1}{lk7U_niVSKyTWpmVoV3sIA}{127.0.0.1}{127.0.0.1:9661}[mode=>network]], id[838], master [{node_t0}{5WFoynj2SUGDMEZmKbHSCQ}{127.0.0.1}{127.0.0.1:9660}[mode=>network]], hasJoinedOnce [true], cluster_name[TEST-CHILD_VM=[2]-CLUSTER_SEED=[2858301384796425155]-HASH=[462C14F99751D]-cluster]}, ping_response{node [{node_t1}{lk7U_niVSKyTWpmVoV3sIA}{127.0.0.1}{127.0.0.1:9661}[mode=>network]], id[842], master [null], hasJoinedOnce [true], cluster_name[TEST-CHILD_VM=[2]-CLUSTER_SEED=[2858301384796425155]-HASH=[462C14F99751D]-cluster]}, ping_response{node [{node_t1}{lk7U_niVSKyTWpmVoV3sIA}{127.0.0.1}{127.0.0.1:9661}[mode=>network]], id[842], master [null], hasJoinedOnce [true], cluster_name[TEST-CHILD_VM=[2]-CLUSTER_SEED=[2858301384796425155]-HASH=[462C14F99751D]-cluster]}, ping_response{node [{node_t1}{lk7U_niVSKyTWpmVoV3sIA}{127.0.0.1}{127.0.0.1:9661}[mode=>network]], id[842], master [null], hasJoinedOnce [true], cluster_name[TEST-CHILD_VM=[2]-CLUSTER_SEED=[2858301384796425155]-HASH=[462C14F99751D]-cluster]}, ping_response{node [{node_t1}{lk7U_niVSKyTWpmVoV3sIA}{127.0.0.1}{127.0.0.1:9661}[mode=>network]], id[846], master [null], hasJoinedOnce [true], cluster_name[TEST-CHILD_VM=[2]-CLUSTER_SEED=[2858301384796425155]-HASH=[462C14F99751D]-cluster]}, ping_response{node [{node_t1}{lk7U_niVSKyTWpmVoV3sIA}{127.0.0.1}{127.0.0.1:9661}[mode=>network]], id[846], master [null], hasJoinedOnce [true], cluster_name[TEST-CHILD_VM=[2]-CLUSTER_SEED=[2858301384796425155]-HASH=[462C14F99751D]-cluster]}, ping_response{node [{node_t1}{lk7U_niVSKyTWpmVoV3sIA}{127.0.0.1}{127.0.0.1:9661}[mode=>network]], id[846], master [null], hasJoinedOnce [true], cluster_name[TEST-CHILD_VM=[2]-CLUSTER_SEED=[2858301384796425155]-HASH=[462C14F99751D]-cluster]}, ping_response{node [{node_t1}{lk7U_niVSKyTWpmVoV3sIA}{127.0.0.1}{127.0.0.1:9661}[mode=>network]], id[850], master [null], hasJoinedOnce [true], cluster_name[TEST-CHILD_VM=[2]-CLUSTER_SEED=[2858301384796425155]-HASH=[462C14F99751D]-cluster]}, ping_response{node [{node_t1}{lk7U_niVSKyTWpmVoV3sIA}{127.0.0.1}{127.0.0.1:9661}[mode=>network]], id[850], master [null], hasJoinedOnce [true], cluster_name[TEST-CHILD_VM=[2]-CLUSTER_SEED=[2858301384796425155]-HASH=[462C14F99751D]-cluster]}, ping_response{node [{node_t1}{lk7U_niVSKyTWpmVoV3sIA}{127.0.0.1}{127.0.0.1:9661}[mode=>network]], id[850], master [null], hasJoinedOnce [true], cluster_name[TEST-CHILD_VM=[2]-CLUSTER_SEED=[2858301384796425155]-HASH=[462C14F99751D]-cluster]}, ping_response{node [{node_t1}{lk7U_niVSKyTWpmVoV3sIA}{127.0.0.1}{127.0.0.1:9661}[mode=>network]], id[853], master [null], hasJoinedOnce [true], cluster_name[TEST-CHILD_VM=[2]-CLUSTER_SEED=[2858301384796425155]-HASH=[462C14F99751D]-cluster]}]
[2016-03-30 14:02:01,833][DEBUG][org.elasticsearch.gateway] [node_t2] {} no upgrade needed - already upgraded
[2016-03-30 14:02:01,847][DEBUG][org.elasticsearch.gateway] [node_t2] {} no upgrade needed - already upgraded
[2016-03-30 14:02:01,861][DEBUG][org.elasticsearch.gateway] [node_t2] {} no upgrade needed - already upgraded
[2016-03-30 14:02:01,878][DEBUG][org.elasticsearch.gateway] [node_t2] {} no upgrade needed - already upgraded
[2016-03-30 14:02:01,889][TRACE][org.elasticsearch.discovery.zen.ping.unicast] [node_t1] [3] sending to {node_t1}{lk7U_niVSKyTWpmVoV3sIA}{127.0.0.1}{127.0.0.1:9661}[mode=>network]
[2016-03-30 14:02:01,889][TRACE][org.elasticsearch.discovery.zen.ping.unicast] [node_t1] [3] connecting (light) to {#zen_unicast_1#}{127.0.0.1}{127.0.0.1:9660}
[2016-03-30 14:02:01,889][TRACE][org.elasticsearch.discovery.zen.ping.unicast] [node_t1] [3] received response from {node_t1}{lk7U_niVSKyTWpmVoV3sIA}{127.0.0.1}{127.0.0.1:9661}[mode=>network]: [ping_response{node [{node_t1}{lk7U_niVSKyTWpmVoV3sIA}{127.0.0.1}{127.0.0.1:9661}[mode=>network]], id[838], master [{node_t0}{5WFoynj2SUGDMEZmKbHSCQ}{127.0.0.1}{127.0.0.1:9660}[mode=>network]], hasJoinedOnce [true], cluster_name[TEST-CHILD_VM=[2]-CLUSTER_SEED=[2858301384796425155]-HASH=[462C14F99751D]-cluster]}, ping_response{node [{node_t1}{lk7U_niVSKyTWpmVoV3sIA}{127.0.0.1}{127.0.0.1:9661}[mode=>network]], id[838], master [{node_t0}{5WFoynj2SUGDMEZmKbHSCQ}{127.0.0.1}{127.0.0.1:9660}[mode=>network]], hasJoinedOnce [true], cluster_name[TEST-CHILD_VM=[2]-CLUSTER_SEED=[2858301384796425155]-HASH=[462C14F99751D]-cluster]}, ping_response{node [{node_t1}{lk7U_niVSKyTWpmVoV3sIA}{127.0.0.1}{127.0.0.1:9661}[mode=>network]], id[838], master [{node_t0}{5WFoynj2SUGDMEZmKbHSCQ}{127.0.0.1}{127.0.0.1:9660}[mode=>network]], hasJoinedOnce [true], cluster_name[TEST-CHILD_VM=[2]-CLUSTER_SEED=[2858301384796425155]-HASH=[462C14F99751D]-cluster]}, ping_response{node [{node_t1}{lk7U_niVSKyTWpmVoV3sIA}{127.0.0.1}{127.0.0.1:9661}[mode=>network]], id[842], master [null], hasJoinedOnce [true], cluster_name[TEST-CHILD_VM=[2]-CLUSTER_SEED=[2858301384796425155]-HASH=[462C14F99751D]-cluster]}, ping_response{node [{node_t1}{lk7U_niVSKyTWpmVoV3sIA}{127.0.0.1}{127.0.0.1:9661}[mode=>network]], id[842], master [null], hasJoinedOnce [true], cluster_name[TEST-CHILD_VM=[2]-CLUSTER_SEED=[2858301384796425155]-HASH=[462C14F99751D]-cluster]}, ping_response{node [{node_t1}{lk7U_niVSKyTWpmVoV3sIA}{127.0.0.1}{127.0.0.1:9661}[mode=>network]], id[842], master [null], hasJoinedOnce [true], cluster_name[TEST-CHILD_VM=[2]-CLUSTER_SEED=[2858301384796425155]-HASH=[462C14F99751D]-cluster]}, ping_response{node [{node_t1}{lk7U_niVSKyTWpmVoV3sIA}{127.0.0.1}{127.0.0.1:9661}[mode=>network]], id[846], master [null], hasJoinedOnce [true], cluster_name[TEST-CHILD_VM=[2]-CLUSTER_SEED=[2858301384796425155]-HASH=[462C14F99751D]-cluster]}, ping_response{node [{node_t1}{lk7U_niVSKyTWpmVoV3sIA}{127.0.0.1}{127.0.0.1:9661}[mode=>network]], id[846], master [null], hasJoinedOnce [true], cluster_name[TEST-CHILD_VM=[2]-CLUSTER_SEED=[2858301384796425155]-HASH=[462C14F99751D]-cluster]}, ping_response{node [{node_t1}{lk7U_niVSKyTWpmVoV3sIA}{127.0.0.1}{127.0.0.1:9661}[mode=>network]], id[846], master [null], hasJoinedOnce [true], cluster_name[TEST-CHILD_VM=[2]-CLUSTER_SEED=[2858301384796425155]-HASH=[462C14F99751D]-cluster]}, ping_response{node [{node_t1}{lk7U_niVSKyTWpmVoV3sIA}{127.0.0.1}{127.0.0.1:9661}[mode=>network]], id[850], master [null], hasJoinedOnce [true], cluster_name[TEST-CHILD_VM=[2]-CLUSTER_SEED=[2858301384796425155]-HASH=[462C14F99751D]-cluster]}, ping_response{node [{node_t1}{lk7U_niVSKyTWpmVoV3sIA}{127.0.0.1}{127.0.0.1:9661}[mode=>network]], id[850], master [null], hasJoinedOnce [true], cluster_name[TEST-CHILD_VM=[2]-CLUSTER_SEED=[2858301384796425155]-HASH=[462C14F99751D]-cluster]}, ping_response{node [{node_t1}{lk7U_niVSKyTWpmVoV3sIA}{127.0.0.1}{127.0.0.1:9661}[mode=>network]], id[850], master [null], hasJoinedOnce [true], cluster_name[TEST-CHILD_VM=[2]-CLUSTER_SEED=[2858301384796425155]-HASH=[462C14F99751D]-cluster]}, ping_response{node [{node_t1}{lk7U_niVSKyTWpmVoV3sIA}{127.0.0.1}{127.0.0.1:9661}[mode=>network]], id[854], master [null], hasJoinedOnce [true], cluster_name[TEST-CHILD_VM=[2]-CLUSTER_SEED=[2858301384796425155]-HASH=[462C14F99751D]-cluster]}, ping_response{node [{node_t1}{lk7U_niVSKyTWpmVoV3sIA}{127.0.0.1}{127.0.0.1:9661}[mode=>network]], id[855], master [null], hasJoinedOnce [true], cluster_name[TEST-CHILD_VM=[2]-CLUSTER_SEED=[2858301384796425155]-HASH=[462C14F99751D]-cluster]}]
[2016-03-30 14:02:01,890][TRACE][org.elasticsearch.discovery.zen.ping.unicast] [node_t1] [3] connecting (light) to {#zen_unicast_3#}{127.0.0.1}{127.0.0.1:9662}
[2016-03-30 14:02:01,890][TRACE][org.elasticsearch.discovery.zen.ping.unicast] [node_t1] [3] connecting (light) to {#zen_unicast_6#}{::1}{[::1]:9660}
[2016-03-30 14:02:01,890][TRACE][org.elasticsearch.discovery.zen.ping.unicast] [node_t1] [3] failed to connect to {#zen_unicast_1#}{127.0.0.1}{127.0.0.1:9660}
ConnectTransportException[[][127.0.0.1:9660] connect_timeout[30s]]; nested: ConnectException[Connection refused: /127.0.0.1:9660];
	at org.elasticsearch.transport.netty.NettyTransport.connectToChannelsLight(NettyTransport.java:948)
	at org.elasticsearch.transport.netty.NettyTransport.connectToNode(NettyTransport.java:912)
	at org.elasticsearch.transport.netty.NettyTransport.connectToNodeLight(NettyTransport.java:884)
	at org.elasticsearch.test.transport.MockTransportService$LookupTestTransport.connectToNodeLight(MockTransportService.java:412)
	at org.elasticsearch.transport.TransportService.connectToNodeLight(TransportService.java:250)
	at org.elasticsearch.discovery.zen.ping.unicast.UnicastZenPing$3.run(UnicastZenPing.java:395)
	at java.util.concurrent.ThreadPoolExecutor.runWorker(ThreadPoolExecutor.java:1142)
	at java.util.concurrent.ThreadPoolExecutor$Worker.run(ThreadPoolExecutor.java:617)
	at java.lang.Thread.run(Thread.java:745)
Caused by: java.net.ConnectException: Connection refused: /127.0.0.1:9660
	at sun.nio.ch.SocketChannelImpl.checkConnect(Native Method)
	at sun.nio.ch.SocketChannelImpl.finishConnect(SocketChannelImpl.java:717)
	at org.jboss.netty.channel.socket.nio.NioClientBoss.connect(NioClientBoss.java:152)
	at org.jboss.netty.channel.socket.nio.NioClientBoss.processSelectedKeys(NioClientBoss.java:105)
	at org.jboss.netty.channel.socket.nio.NioClientBoss.process(NioClientBoss.java:79)
	at org.jboss.netty.channel.socket.nio.AbstractNioSelector.run(AbstractNioSelector.java:337)
	at org.jboss.netty.channel.socket.nio.NioClientBoss.run(NioClientBoss.java:42)
	at org.jboss.netty.util.ThreadRenamingRunnable.run(ThreadRenamingRunnable.java:108)
	at org.jboss.netty.util.internal.DeadLockProofWorker$1.run(DeadLockProofWorker.java:42)
	... 3 more
[2016-03-30 14:02:01,890][TRACE][org.elasticsearch.discovery.zen.ping.unicast] [node_t1] [3] failed to connect to {#zen_unicast_3#}{127.0.0.1}{127.0.0.1:9662}
ConnectTransportException[[][127.0.0.1:9662] connect_timeout[30s]]; nested: ConnectException[Connection refused: /127.0.0.1:9662];
	at org.elasticsearch.transport.netty.NettyTransport.connectToChannelsLight(NettyTransport.java:948)
	at org.elasticsearch.transport.netty.NettyTransport.connectToNode(NettyTransport.java:912)
	at org.elasticsearch.transport.netty.NettyTransport.connectToNodeLight(NettyTransport.java:884)
	at org.elasticsearch.test.transport.MockTransportService$LookupTestTransport.connectToNodeLight(MockTransportService.java:412)
	at org.elasticsearch.transport.TransportService.connectToNodeLight(TransportService.java:250)
	at org.elasticsearch.discovery.zen.ping.unicast.UnicastZenPing$3.run(UnicastZenPing.java:395)
	at java.util.concurrent.ThreadPoolExecutor.runWorker(ThreadPoolExecutor.java:1142)
	at java.util.concurrent.ThreadPoolExecutor$Worker.run(ThreadPoolExecutor.java:617)
	at java.lang.Thread.run(Thread.java:745)
Caused by: java.net.ConnectException: Connection refused: /127.0.0.1:9662
	at sun.nio.ch.SocketChannelImpl.checkConnect(Native Method)
	at sun.nio.ch.SocketChannelImpl.finishConnect(SocketChannelImpl.java:717)
	at org.jboss.netty.channel.socket.nio.NioClientBoss.connect(NioClientBoss.java:152)
	at org.jboss.netty.channel.socket.nio.NioClientBoss.processSelectedKeys(NioClientBoss.java:105)
	at org.jboss.netty.channel.socket.nio.NioClientBoss.process(NioClientBoss.java:79)
	at org.jboss.netty.channel.socket.nio.AbstractNioSelector.run(AbstractNioSelector.java:337)
	at org.jboss.netty.channel.socket.nio.NioClientBoss.run(NioClientBoss.java:42)
	at org.jboss.netty.util.ThreadRenamingRunnable.run(ThreadRenamingRunnable.java:108)
	at org.jboss.netty.util.internal.DeadLockProofWorker$1.run(DeadLockProofWorker.java:42)
	... 3 more
[2016-03-30 14:02:01,890][TRACE][org.elasticsearch.discovery.zen.ping.unicast] [node_t1] [3] connecting (light) to {#zen_unicast_5#}{127.0.0.1}{127.0.0.1:9664}
[2016-03-30 14:02:01,890][TRACE][org.elasticsearch.discovery.zen.ping.unicast] [node_t1] [3] connecting (light) to {#zen_unicast_4#}{127.0.0.1}{127.0.0.1:9663}
[2016-03-30 14:02:01,890][TRACE][org.elasticsearch.discovery.zen.ping.unicast] [node_t1] [3] sending to {#zen_unicast_7#}{::1}{[::1]:9661}
[2016-03-30 14:02:01,891][TRACE][org.elasticsearch.discovery.zen.ping.unicast] [node_t1] [3] failed to connect to {#zen_unicast_6#}{::1}{[::1]:9660}
ConnectTransportException[[][[::1]:9660] connect_timeout[30s]]; nested: ConnectException[Connection refused: /0:0:0:0:0:0:0:1:9660];
	at org.elasticsearch.transport.netty.NettyTransport.connectToChannelsLight(NettyTransport.java:948)
	at org.elasticsearch.transport.netty.NettyTransport.connectToNode(NettyTransport.java:912)
	at org.elasticsearch.transport.netty.NettyTransport.connectToNodeLight(NettyTransport.java:884)
	at org.elasticsearch.test.transport.MockTransportService$LookupTestTransport.connectToNodeLight(MockTransportService.java:412)
	at org.elasticsearch.transport.TransportService.connectToNodeLight(TransportService.java:250)
	at org.elasticsearch.discovery.zen.ping.unicast.UnicastZenPing$3.run(UnicastZenPing.java:395)
	at java.util.concurrent.ThreadPoolExecutor.runWorker(ThreadPoolExecutor.java:1142)
	at java.util.concurrent.ThreadPoolExecutor$Worker.run(ThreadPoolExecutor.java:617)
	at java.lang.Thread.run(Thread.java:745)
Caused by: java.net.ConnectException: Connection refused: /0:0:0:0:0:0:0:1:9660
	at sun.nio.ch.SocketChannelImpl.checkConnect(Native Method)
	at sun.nio.ch.SocketChannelImpl.finishConnect(SocketChannelImpl.java:717)
	at org.jboss.netty.channel.socket.nio.NioClientBoss.connect(NioClientBoss.java:152)
	at org.jboss.netty.channel.socket.nio.NioClientBoss.processSelectedKeys(NioClientBoss.java:105)
	at org.jboss.netty.channel.socket.nio.NioClientBoss.process(NioClientBoss.java:79)
	at org.jboss.netty.channel.socket.nio.AbstractNioSelector.run(AbstractNioSelector.java:337)
	at org.jboss.netty.channel.socket.nio.NioClientBoss.run(NioClientBoss.java:42)
	at org.jboss.netty.util.ThreadRenamingRunnable.run(ThreadRenamingRunnable.java:108)
	at org.jboss.netty.util.internal.DeadLockProofWorker$1.run(DeadLockProofWorker.java:42)
	... 3 more
[2016-03-30 14:02:01,891][TRACE][org.elasticsearch.discovery.zen.ping.unicast] [node_t1] [3] sending to {node_t1}{lk7U_niVSKyTWpmVoV3sIA}{127.0.0.1}{127.0.0.1:9661}[mode=>network]
[2016-03-30 14:02:01,892][TRACE][org.elasticsearch.discovery.zen.ping.unicast] [node_t1] [3] failed to connect to {#zen_unicast_4#}{127.0.0.1}{127.0.0.1:9663}
ConnectTransportException[[][127.0.0.1:9663] connect_timeout[30s]]; nested: ConnectException[Connection refused: /127.0.0.1:9663];
	at org.elasticsearch.transport.netty.NettyTransport.connectToChannelsLight(NettyTransport.java:948)
	at org.elasticsearch.transport.netty.NettyTransport.connectToNode(NettyTransport.java:912)
	at org.elasticsearch.transport.netty.NettyTransport.connectToNodeLight(NettyTransport.java:884)
	at org.elasticsearch.test.transport.MockTransportService$LookupTestTransport.connectToNodeLight(MockTransportService.java:412)
	at org.elasticsearch.transport.TransportService.connectToNodeLight(TransportService.java:250)
	at org.elasticsearch.discovery.zen.ping.unicast.UnicastZenPing$3.run(UnicastZenPing.java:395)
	at java.util.concurrent.ThreadPoolExecutor.runWorker(ThreadPoolExecutor.java:1142)
	at java.util.concurrent.ThreadPoolExecutor$Worker.run(ThreadPoolExecutor.java:617)
	at java.lang.Thread.run(Thread.java:745)
Caused by: java.net.ConnectException: Connection refused: /127.0.0.1:9663
	at sun.nio.ch.SocketChannelImpl.checkConnect(Native Method)
	at sun.nio.ch.SocketChannelImpl.finishConnect(SocketChannelImpl.java:717)
	at org.jboss.netty.channel.socket.nio.NioClientBoss.connect(NioClientBoss.java:152)
	at org.jboss.netty.channel.socket.nio.NioClientBoss.processSelectedKeys(NioClientBoss.java:105)
	at org.jboss.netty.channel.socket.nio.NioClientBoss.process(NioClientBoss.java:79)
	at org.jboss.netty.channel.socket.nio.AbstractNioSelector.run(AbstractNioSelector.java:337)
	at org.jboss.netty.channel.socket.nio.NioClientBoss.run(NioClientBoss.java:42)
	at org.jboss.netty.util.ThreadRenamingRunnable.run(ThreadRenamingRunnable.java:108)
	at org.jboss.netty.util.internal.DeadLockProofWorker$1.run(DeadLockProofWorker.java:42)
	... 3 more
[2016-03-30 14:02:01,891][TRACE][org.elasticsearch.discovery.zen.ping.unicast] [node_t1] [3] connecting (light) to {#zen_unicast_10#}{::1}{[::1]:9664}
[2016-03-30 14:02:01,891][TRACE][org.elasticsearch.discovery.zen.ping.unicast] [node_t1] [3] connecting (light) to {#zen_unicast_9#}{::1}{[::1]:9663}
[2016-03-30 14:02:01,892][TRACE][org.elasticsearch.discovery.zen.ping.unicast] [node_t1] [3] received response from {#zen_unicast_7#}{::1}{[::1]:9661}: [ping_response{node [{node_t1}{lk7U_niVSKyTWpmVoV3sIA}{127.0.0.1}{127.0.0.1:9661}[mode=>network]], id[838], master [{node_t0}{5WFoynj2SUGDMEZmKbHSCQ}{127.0.0.1}{127.0.0.1:9660}[mode=>network]], hasJoinedOnce [true], cluster_name[TEST-CHILD_VM=[2]-CLUSTER_SEED=[2858301384796425155]-HASH=[462C14F99751D]-cluster]}, ping_response{node [{node_t1}{lk7U_niVSKyTWpmVoV3sIA}{127.0.0.1}{127.0.0.1:9661}[mode=>network]], id[838], master [{node_t0}{5WFoynj2SUGDMEZmKbHSCQ}{127.0.0.1}{127.0.0.1:9660}[mode=>network]], hasJoinedOnce [true], cluster_name[TEST-CHILD_VM=[2]-CLUSTER_SEED=[2858301384796425155]-HASH=[462C14F99751D]-cluster]}, ping_response{node [{node_t1}{lk7U_niVSKyTWpmVoV3sIA}{127.0.0.1}{127.0.0.1:9661}[mode=>network]], id[838], master [{node_t0}{5WFoynj2SUGDMEZmKbHSCQ}{127.0.0.1}{127.0.0.1:9660}[mode=>network]], hasJoinedOnce [true], cluster_name[TEST-CHILD_VM=[2]-CLUSTER_SEED=[2858301384796425155]-HASH=[462C14F99751D]-cluster]}, ping_response{node [{node_t1}{lk7U_niVSKyTWpmVoV3sIA}{127.0.0.1}{127.0.0.1:9661}[mode=>network]], id[842], master [null], hasJoinedOnce [true], cluster_name[TEST-CHILD_VM=[2]-CLUSTER_SEED=[2858301384796425155]-HASH=[462C14F99751D]-cluster]}, ping_response{node [{node_t1}{lk7U_niVSKyTWpmVoV3sIA}{127.0.0.1}{127.0.0.1:9661}[mode=>network]], id[842], master [null], hasJoinedOnce [true], cluster_name[TEST-CHILD_VM=[2]-CLUSTER_SEED=[2858301384796425155]-HASH=[462C14F99751D]-cluster]}, ping_response{node [{node_t1}{lk7U_niVSKyTWpmVoV3sIA}{127.0.0.1}{127.0.0.1:9661}[mode=>network]], id[842], master [null], hasJoinedOnce [true], cluster_name[TEST-CHILD_VM=[2]-CLUSTER_SEED=[2858301384796425155]-HASH=[462C14F99751D]-cluster]}, ping_response{node [{node_t1}{lk7U_niVSKyTWpmVoV3sIA}{127.0.0.1}{127.0.0.1:9661}[mode=>network]], id[846], master [null], hasJoinedOnce [true], cluster_name[TEST-CHILD_VM=[2]-CLUSTER_SEED=[2858301384796425155]-HASH=[462C14F99751D]-cluster]}, ping_response{node [{node_t1}{lk7U_niVSKyTWpmVoV3sIA}{127.0.0.1}{127.0.0.1:9661}[mode=>network]], id[846], master [null], hasJoinedOnce [true], cluster_name[TEST-CHILD_VM=[2]-CLUSTER_SEED=[2858301384796425155]-HASH=[462C14F99751D]-cluster]}, ping_response{node [{node_t1}{lk7U_niVSKyTWpmVoV3sIA}{127.0.0.1}{127.0.0.1:9661}[mode=>network]], id[846], master [null], hasJoinedOnce [true], cluster_name[TEST-CHILD_VM=[2]-CLUSTER_SEED=[2858301384796425155]-HASH=[462C14F99751D]-cluster]}, ping_response{node [{node_t1}{lk7U_niVSKyTWpmVoV3sIA}{127.0.0.1}{127.0.0.1:9661}[mode=>network]], id[850], master [null], hasJoinedOnce [true], cluster_name[TEST-CHILD_VM=[2]-CLUSTER_SEED=[2858301384796425155]-HASH=[462C14F99751D]-cluster]}, ping_response{node [{node_t1}{lk7U_niVSKyTWpmVoV3sIA}{127.0.0.1}{127.0.0.1:9661}[mode=>network]], id[850], master [null], hasJoinedOnce [true], cluster_name[TEST-CHILD_VM=[2]-CLUSTER_SEED=[2858301384796425155]-HASH=[462C14F99751D]-cluster]}, ping_response{node [{node_t1}{lk7U_niVSKyTWpmVoV3sIA}{127.0.0.1}{127.0.0.1:9661}[mode=>network]], id[850], master [null], hasJoinedOnce [true], cluster_name[TEST-CHILD_VM=[2]-CLUSTER_SEED=[2858301384796425155]-HASH=[462C14F99751D]-cluster]}, ping_response{node [{node_t1}{lk7U_niVSKyTWpmVoV3sIA}{127.0.0.1}{127.0.0.1:9661}[mode=>network]], id[854], master [null], hasJoinedOnce [true], cluster_name[TEST-CHILD_VM=[2]-CLUSTER_SEED=[2858301384796425155]-HASH=[462C14F99751D]-cluster]}, ping_response{node [{node_t1}{lk7U_niVSKyTWpmVoV3sIA}{127.0.0.1}{127.0.0.1:9661}[mode=>network]], id[854], master [null], hasJoinedOnce [true], cluster_name[TEST-CHILD_VM=[2]-CLUSTER_SEED=[2858301384796425155]-HASH=[462C14F99751D]-cluster]}, ping_response{node [{node_t1}{lk7U_niVSKyTWpmVoV3sIA}{127.0.0.1}{127.0.0.1:9661}[mode=>network]], id[854], master [null], hasJoinedOnce [true], cluster_name[TEST-CHILD_VM=[2]-CLUSTER_SEED=[2858301384796425155]-HASH=[462C14F99751D]-cluster]}, ping_response{node [{node_t1}{lk7U_niVSKyTWpmVoV3sIA}{127.0.0.1}{127.0.0.1:9661}[mode=>network]], id[857], master [null], hasJoinedOnce [true], cluster_name[TEST-CHILD_VM=[2]-CLUSTER_SEED=[2858301384796425155]-HASH=[462C14F99751D]-cluster]}]
[2016-03-30 14:02:01,891][TRACE][org.elasticsearch.discovery.zen.ping.unicast] [node_t1] [3] connecting (light) to {#zen_unicast_8#}{::1}{[::1]:9662}
[2016-03-30 14:02:01,893][TRACE][org.elasticsearch.discovery.zen.ping.unicast] [node_t1] [3] failed to connect to {#zen_unicast_10#}{::1}{[::1]:9664}
ConnectTransportException[[][[::1]:9664] connect_timeout[30s]]; nested: ConnectException[Connection refused: /0:0:0:0:0:0:0:1:9664];
	at org.elasticsearch.transport.netty.NettyTransport.connectToChannelsLight(NettyTransport.java:948)
	at org.elasticsearch.transport.netty.NettyTransport.connectToNode(NettyTransport.java:912)
	at org.elasticsearch.transport.netty.NettyTransport.connectToNodeLight(NettyTransport.java:884)
	at org.elasticsearch.test.transport.MockTransportService$LookupTestTransport.connectToNodeLight(MockTransportService.java:412)
	at org.elasticsearch.transport.TransportService.connectToNodeLight(TransportService.java:250)
	at org.elasticsearch.discovery.zen.ping.unicast.UnicastZenPing$3.run(UnicastZenPing.java:395)
	at java.util.concurrent.ThreadPoolExecutor.runWorker(ThreadPoolExecutor.java:1142)
	at java.util.concurrent.ThreadPoolExecutor$Worker.run(ThreadPoolExecutor.java:617)
	at java.lang.Thread.run(Thread.java:745)
Caused by: java.net.ConnectException: Connection refused: /0:0:0:0:0:0:0:1:9664
	at sun.nio.ch.SocketChannelImpl.checkConnect(Native Method)
	at sun.nio.ch.SocketChannelImpl.finishConnect(SocketChannelImpl.java:717)
	at org.jboss.netty.channel.socket.nio.NioClientBoss.connect(NioClientBoss.java:152)
	at org.jboss.netty.channel.socket.nio.NioClientBoss.processSelectedKeys(NioClientBoss.java:105)
	at org.jboss.netty.channel.socket.nio.NioClientBoss.process(NioClientBoss.java:79)
	at org.jboss.netty.channel.socket.nio.AbstractNioSelector.run(AbstractNioSelector.java:337)
	at org.jboss.netty.channel.socket.nio.NioClientBoss.run(NioClientBoss.java:42)
	at org.jboss.netty.util.ThreadRenamingRunnable.run(ThreadRenamingRunnable.java:108)
	at org.jboss.netty.util.internal.DeadLockProofWorker$1.run(DeadLockProofWorker.java:42)
	... 3 more
[2016-03-30 14:02:01,893][TRACE][org.elasticsearch.discovery.zen.ping.unicast] [node_t1] [3] failed to connect to {#zen_unicast_9#}{::1}{[::1]:9663}
ConnectTransportException[[][[::1]:9663] connect_timeout[30s]]; nested: ConnectException[Connection refused: /0:0:0:0:0:0:0:1:9663];
	at org.elasticsearch.transport.netty.NettyTransport.connectToChannelsLight(NettyTransport.java:948)
	at org.elasticsearch.transport.netty.NettyTransport.connectToNode(NettyTransport.java:912)
	at org.elasticsearch.transport.netty.NettyTransport.connectToNodeLight(NettyTransport.java:884)
	at org.elasticsearch.test.transport.MockTransportService$LookupTestTransport.connectToNodeLight(MockTransportService.java:412)
	at org.elasticsearch.transport.TransportService.connectToNodeLight(TransportService.java:250)
	at org.elasticsearch.discovery.zen.ping.unicast.UnicastZenPing$3.run(UnicastZenPing.java:395)
	at java.util.concurrent.ThreadPoolExecutor.runWorker(ThreadPoolExecutor.java:1142)
	at java.util.concurrent.ThreadPoolExecutor$Worker.run(ThreadPoolExecutor.java:617)
	at java.lang.Thread.run(Thread.java:745)
Caused by: java.net.ConnectException: Connection refused: /0:0:0:0:0:0:0:1:9663
	at sun.nio.ch.SocketChannelImpl.checkConnect(Native Method)
	at sun.nio.ch.SocketChannelImpl.finishConnect(SocketChannelImpl.java:717)
	at org.jboss.netty.channel.socket.nio.NioClientBoss.connect(NioClientBoss.java:152)
	at org.jboss.netty.channel.socket.nio.NioClientBoss.processSelectedKeys(NioClientBoss.java:105)
	at org.jboss.netty.channel.socket.nio.NioClientBoss.process(NioClientBoss.java:79)
	at org.jboss.netty.channel.socket.nio.AbstractNioSelector.run(AbstractNioSelector.java:337)
	at org.jboss.netty.channel.socket.nio.NioClientBoss.run(NioClientBoss.java:42)
	at org.jboss.netty.util.ThreadRenamingRunnable.run(ThreadRenamingRunnable.java:108)
	at org.jboss.netty.util.internal.DeadLockProofWorker$1.run(DeadLockProofWorker.java:42)
	... 3 more
[2016-03-30 14:02:01,892][TRACE][org.elasticsearch.discovery.zen.ping.unicast] [node_t1] [3] received response from {node_t1}{lk7U_niVSKyTWpmVoV3sIA}{127.0.0.1}{127.0.0.1:9661}[mode=>network]: [ping_response{node [{node_t1}{lk7U_niVSKyTWpmVoV3sIA}{127.0.0.1}{127.0.0.1:9661}[mode=>network]], id[838], master [{node_t0}{5WFoynj2SUGDMEZmKbHSCQ}{127.0.0.1}{127.0.0.1:9660}[mode=>network]], hasJoinedOnce [true], cluster_name[TEST-CHILD_VM=[2]-CLUSTER_SEED=[2858301384796425155]-HASH=[462C14F99751D]-cluster]}, ping_response{node [{node_t1}{lk7U_niVSKyTWpmVoV3sIA}{127.0.0.1}{127.0.0.1:9661}[mode=>network]], id[838], master [{node_t0}{5WFoynj2SUGDMEZmKbHSCQ}{127.0.0.1}{127.0.0.1:9660}[mode=>network]], hasJoinedOnce [true], cluster_name[TEST-CHILD_VM=[2]-CLUSTER_SEED=[2858301384796425155]-HASH=[462C14F99751D]-cluster]}, ping_response{node [{node_t1}{lk7U_niVSKyTWpmVoV3sIA}{127.0.0.1}{127.0.0.1:9661}[mode=>network]], id[838], master [{node_t0}{5WFoynj2SUGDMEZmKbHSCQ}{127.0.0.1}{127.0.0.1:9660}[mode=>network]], hasJoinedOnce [true], cluster_name[TEST-CHILD_VM=[2]-CLUSTER_SEED=[2858301384796425155]-HASH=[462C14F99751D]-cluster]}, ping_response{node [{node_t1}{lk7U_niVSKyTWpmVoV3sIA}{127.0.0.1}{127.0.0.1:9661}[mode=>network]], id[842], master [null], hasJoinedOnce [true], cluster_name[TEST-CHILD_VM=[2]-CLUSTER_SEED=[2858301384796425155]-HASH=[462C14F99751D]-cluster]}, ping_response{node [{node_t1}{lk7U_niVSKyTWpmVoV3sIA}{127.0.0.1}{127.0.0.1:9661}[mode=>network]], id[842], master [null], hasJoinedOnce [true], cluster_name[TEST-CHILD_VM=[2]-CLUSTER_SEED=[2858301384796425155]-HASH=[462C14F99751D]-cluster]}, ping_response{node [{node_t1}{lk7U_niVSKyTWpmVoV3sIA}{127.0.0.1}{127.0.0.1:9661}[mode=>network]], id[842], master [null], hasJoinedOnce [true], cluster_name[TEST-CHILD_VM=[2]-CLUSTER_SEED=[2858301384796425155]-HASH=[462C14F99751D]-cluster]}, ping_response{node [{node_t1}{lk7U_niVSKyTWpmVoV3sIA}{127.0.0.1}{127.0.0.1:9661}[mode=>network]], id[846], master [null], hasJoinedOnce [true], cluster_name[TEST-CHILD_VM=[2]-CLUSTER_SEED=[2858301384796425155]-HASH=[462C14F99751D]-cluster]}, ping_response{node [{node_t1}{lk7U_niVSKyTWpmVoV3sIA}{127.0.0.1}{127.0.0.1:9661}[mode=>network]], id[846], master [null], hasJoinedOnce [true], cluster_name[TEST-CHILD_VM=[2]-CLUSTER_SEED=[2858301384796425155]-HASH=[462C14F99751D]-cluster]}, ping_response{node [{node_t1}{lk7U_niVSKyTWpmVoV3sIA}{127.0.0.1}{127.0.0.1:9661}[mode=>network]], id[846], master [null], hasJoinedOnce [true], cluster_name[TEST-CHILD_VM=[2]-CLUSTER_SEED=[2858301384796425155]-HASH=[462C14F99751D]-cluster]}, ping_response{node [{node_t1}{lk7U_niVSKyTWpmVoV3sIA}{127.0.0.1}{127.0.0.1:9661}[mode=>network]], id[850], master [null], hasJoinedOnce [true], cluster_name[TEST-CHILD_VM=[2]-CLUSTER_SEED=[2858301384796425155]-HASH=[462C14F99751D]-cluster]}, ping_response{node [{node_t1}{lk7U_niVSKyTWpmVoV3sIA}{127.0.0.1}{127.0.0.1:9661}[mode=>network]], id[850], master [null], hasJoinedOnce [true], cluster_name[TEST-CHILD_VM=[2]-CLUSTER_SEED=[2858301384796425155]-HASH=[462C14F99751D]-cluster]}, ping_response{node [{node_t1}{lk7U_niVSKyTWpmVoV3sIA}{127.0.0.1}{127.0.0.1:9661}[mode=>network]], id[850], master [null], hasJoinedOnce [true], cluster_name[TEST-CHILD_VM=[2]-CLUSTER_SEED=[2858301384796425155]-HASH=[462C14F99751D]-cluster]}, ping_response{node [{node_t1}{lk7U_niVSKyTWpmVoV3sIA}{127.0.0.1}{127.0.0.1:9661}[mode=>network]], id[854], master [null], hasJoinedOnce [true], cluster_name[TEST-CHILD_VM=[2]-CLUSTER_SEED=[2858301384796425155]-HASH=[462C14F99751D]-cluster]}, ping_response{node [{node_t1}{lk7U_niVSKyTWpmVoV3sIA}{127.0.0.1}{127.0.0.1:9661}[mode=>network]], id[854], master [null], hasJoinedOnce [true], cluster_name[TEST-CHILD_VM=[2]-CLUSTER_SEED=[2858301384796425155]-HASH=[462C14F99751D]-cluster]}, ping_response{node [{node_t1}{lk7U_niVSKyTWpmVoV3sIA}{127.0.0.1}{127.0.0.1:9661}[mode=>network]], id[854], master [null], hasJoinedOnce [true], cluster_name[TEST-CHILD_VM=[2]-CLUSTER_SEED=[2858301384796425155]-HASH=[462C14F99751D]-cluster]}, ping_response{node [{node_t1}{lk7U_niVSKyTWpmVoV3sIA}{127.0.0.1}{127.0.0.1:9661}[mode=>network]], id[856], master [null], hasJoinedOnce [true], cluster_name[TEST-CHILD_VM=[2]-CLUSTER_SEED=[2858301384796425155]-HASH=[462C14F99751D]-cluster]}]
[2016-03-30 14:02:01,892][TRACE][org.elasticsearch.discovery.zen.ping.unicast] [node_t1] [3] failed to connect to {#zen_unicast_5#}{127.0.0.1}{127.0.0.1:9664}
ConnectTransportException[[][127.0.0.1:9664] connect_timeout[30s]]; nested: ConnectException[Connection refused: /127.0.0.1:9664];
	at org.elasticsearch.transport.netty.NettyTransport.connectToChannelsLight(NettyTransport.java:948)
	at org.elasticsearch.transport.netty.NettyTransport.connectToNode(NettyTransport.java:912)
	at org.elasticsearch.transport.netty.NettyTransport.connectToNodeLight(NettyTransport.java:884)
	at org.elasticsearch.test.transport.MockTransportService$LookupTestTransport.connectToNodeLight(MockTransportService.java:412)
	at org.elasticsearch.transport.TransportService.connectToNodeLight(TransportService.java:250)
	at org.elasticsearch.discovery.zen.ping.unicast.UnicastZenPing$3.run(UnicastZenPing.java:395)
	at java.util.concurrent.ThreadPoolExecutor.runWorker(ThreadPoolExecutor.java:1142)
	at java.util.concurrent.ThreadPoolExecutor$Worker.run(ThreadPoolExecutor.java:617)
	at java.lang.Thread.run(Thread.java:745)
Caused by: java.net.ConnectException: Connection refused: /127.0.0.1:9664
	at sun.nio.ch.SocketChannelImpl.checkConnect(Native Method)
	at sun.nio.ch.SocketChannelImpl.finishConnect(SocketChannelImpl.java:717)
	at org.jboss.netty.channel.socket.nio.NioClientBoss.connect(NioClientBoss.java:152)
	at org.jboss.netty.channel.socket.nio.NioClientBoss.processSelectedKeys(NioClientBoss.java:105)
	at org.jboss.netty.channel.socket.nio.NioClientBoss.process(NioClientBoss.java:79)
	at org.jboss.netty.channel.socket.nio.AbstractNioSelector.run(AbstractNioSelector.java:337)
	at org.jboss.netty.channel.socket.nio.NioClientBoss.run(NioClientBoss.java:42)
	at org.jboss.netty.util.ThreadRenamingRunnable.run(ThreadRenamingRunnable.java:108)
	at org.jboss.netty.util.internal.DeadLockProofWorker$1.run(DeadLockProofWorker.java:42)
	... 3 more
[2016-03-30 14:02:01,893][TRACE][org.elasticsearch.discovery.zen.ping.unicast] [node_t1] [3] failed to connect to {#zen_unicast_8#}{::1}{[::1]:9662}
ConnectTransportException[[][[::1]:9662] connect_timeout[30s]]; nested: ConnectException[Connection refused: /0:0:0:0:0:0:0:1:9662];
	at org.elasticsearch.transport.netty.NettyTransport.connectToChannelsLight(NettyTransport.java:948)
	at org.elasticsearch.transport.netty.NettyTransport.connectToNode(NettyTransport.java:912)
	at org.elasticsearch.transport.netty.NettyTransport.connectToNodeLight(NettyTransport.java:884)
	at org.elasticsearch.test.transport.MockTransportService$LookupTestTransport.connectToNodeLight(MockTransportService.java:412)
	at org.elasticsearch.transport.TransportService.connectToNodeLight(TransportService.java:250)
	at org.elasticsearch.discovery.zen.ping.unicast.UnicastZenPing$3.run(UnicastZenPing.java:395)
	at java.util.concurrent.ThreadPoolExecutor.runWorker(ThreadPoolExecutor.java:1142)
	at java.util.concurrent.ThreadPoolExecutor$Worker.run(ThreadPoolExecutor.java:617)
	at java.lang.Thread.run(Thread.java:745)
Caused by: java.net.ConnectException: Connection refused: /0:0:0:0:0:0:0:1:9662
	at sun.nio.ch.SocketChannelImpl.checkConnect(Native Method)
	at sun.nio.ch.SocketChannelImpl.finishConnect(SocketChannelImpl.java:717)
	at org.jboss.netty.channel.socket.nio.NioClientBoss.connect(NioClientBoss.java:152)
	at org.jboss.netty.channel.socket.nio.NioClientBoss.processSelectedKeys(NioClientBoss.java:105)
	at org.jboss.netty.channel.socket.nio.NioClientBoss.process(NioClientBoss.java:79)
	at org.jboss.netty.channel.socket.nio.AbstractNioSelector.run(AbstractNioSelector.java:337)
	at org.jboss.netty.channel.socket.nio.NioClientBoss.run(NioClientBoss.java:42)
	at org.jboss.netty.util.ThreadRenamingRunnable.run(ThreadRenamingRunnable.java:108)
	at org.jboss.netty.util.internal.DeadLockProofWorker$1.run(DeadLockProofWorker.java:42)
	... 3 more
[2016-03-30 14:02:01,906][TRACE][org.elasticsearch.gateway] [node_t2] [upgrade]: processing [global-0.st]
[2016-03-30 14:02:01,907][TRACE][org.elasticsearch.gateway] [node_t2] [upgrade]: processing [global-0.st]
[2016-03-30 14:02:01,907][TRACE][org.elasticsearch.gateway] [node_t2] [upgrade]: processing [global-0.st]
[2016-03-30 14:02:01,907][TRACE][org.elasticsearch.gateway] [node_t2] [upgrade]: processing [global-0.st]
[2016-03-30 14:02:01,909][TRACE][org.elasticsearch.gateway] [node_t2] found state file: [id:0, legacy:false, file:/Users/brijeshs/Documents/elasticsearch_sort_netbeans/elasticsearch/core/build/testrun/integTest/J2/temp/org.elasticsearch.cluster.MinimumMasterNodesIT_F7928424F380CF7C-001/tempDir-004/d0/TEST-CHILD_VM=[2]-CLUSTER_SEED=[2858301384796425155]-HASH=[462C14F99751D]-cluster/nodes/0/_state/global-0.st]
[2016-03-30 14:02:01,909][TRACE][org.elasticsearch.gateway] [node_t2] found state file: [id:0, legacy:false, file:/Users/brijeshs/Documents/elasticsearch_sort_netbeans/elasticsearch/core/build/testrun/integTest/J2/temp/org.elasticsearch.cluster.MinimumMasterNodesIT_F7928424F380CF7C-001/tempDir-004/d1/TEST-CHILD_VM=[2]-CLUSTER_SEED=[2858301384796425155]-HASH=[462C14F99751D]-cluster/nodes/0/_state/global-0.st]
[2016-03-30 14:02:01,910][TRACE][org.elasticsearch.gateway] [node_t2] found state file: [id:0, legacy:false, file:/Users/brijeshs/Documents/elasticsearch_sort_netbeans/elasticsearch/core/build/testrun/integTest/J2/temp/org.elasticsearch.cluster.MinimumMasterNodesIT_F7928424F380CF7C-001/tempDir-004/d2/TEST-CHILD_VM=[2]-CLUSTER_SEED=[2858301384796425155]-HASH=[462C14F99751D]-cluster/nodes/0/_state/global-0.st]
[2016-03-30 14:02:01,910][TRACE][org.elasticsearch.gateway] [node_t2] found state file: [id:0, legacy:false, file:/Users/brijeshs/Documents/elasticsearch_sort_netbeans/elasticsearch/core/build/testrun/integTest/J2/temp/org.elasticsearch.cluster.MinimumMasterNodesIT_F7928424F380CF7C-001/tempDir-004/d3/TEST-CHILD_VM=[2]-CLUSTER_SEED=[2858301384796425155]-HASH=[462C14F99751D]-cluster/nodes/0/_state/global-0.st]
[2016-03-30 14:02:01,913][TRACE][org.elasticsearch.gateway] [node_t2] state id [0] read from [global-0.st]
[2016-03-30 14:02:01,918][TRACE][org.elasticsearch.gateway] [node_t2] found state file: [id:2, legacy:false, file:/Users/brijeshs/Documents/elasticsearch_sort_netbeans/elasticsearch/core/build/testrun/integTest/J2/temp/org.elasticsearch.cluster.MinimumMasterNodesIT_F7928424F380CF7C-001/tempDir-004/d0/TEST-CHILD_VM=[2]-CLUSTER_SEED=[2858301384796425155]-HASH=[462C14F99751D]-cluster/nodes/0/indices/test/_state/state-2.st]
[2016-03-30 14:02:01,919][TRACE][org.elasticsearch.gateway] [node_t2] found state file: [id:2, legacy:false, file:/Users/brijeshs/Documents/elasticsearch_sort_netbeans/elasticsearch/core/build/testrun/integTest/J2/temp/org.elasticsearch.cluster.MinimumMasterNodesIT_F7928424F380CF7C-001/tempDir-004/d1/TEST-CHILD_VM=[2]-CLUSTER_SEED=[2858301384796425155]-HASH=[462C14F99751D]-cluster/nodes/0/indices/test/_state/state-2.st]
[2016-03-30 14:02:01,919][TRACE][org.elasticsearch.gateway] [node_t2] found state file: [id:2, legacy:false, file:/Users/brijeshs/Documents/elasticsearch_sort_netbeans/elasticsearch/core/build/testrun/integTest/J2/temp/org.elasticsearch.cluster.MinimumMasterNodesIT_F7928424F380CF7C-001/tempDir-004/d2/TEST-CHILD_VM=[2]-CLUSTER_SEED=[2858301384796425155]-HASH=[462C14F99751D]-cluster/nodes/0/indices/test/_state/state-2.st]
[2016-03-30 14:02:01,919][TRACE][org.elasticsearch.gateway] [node_t2] found state file: [id:2, legacy:false, file:/Users/brijeshs/Documents/elasticsearch_sort_netbeans/elasticsearch/core/build/testrun/integTest/J2/temp/org.elasticsearch.cluster.MinimumMasterNodesIT_F7928424F380CF7C-001/tempDir-004/d3/TEST-CHILD_VM=[2]-CLUSTER_SEED=[2858301384796425155]-HASH=[462C14F99751D]-cluster/nodes/0/indices/test/_state/state-2.st]
[2016-03-30 14:02:01,924][TRACE][org.elasticsearch.gateway] [node_t2] state id [2] read from [state-2.st]
[2016-03-30 14:02:01,925][TRACE][org.elasticsearch.gateway] [node_t2] found state file: [id:0, legacy:false, file:/Users/brijeshs/Documents/elasticsearch_sort_netbeans/elasticsearch/core/build/testrun/integTest/J2/temp/org.elasticsearch.cluster.MinimumMasterNodesIT_F7928424F380CF7C-001/tempDir-004/d0/TEST-CHILD_VM=[2]-CLUSTER_SEED=[2858301384796425155]-HASH=[462C14F99751D]-cluster/nodes/0/_state/global-0.st]
[2016-03-30 14:02:01,925][TRACE][org.elasticsearch.gateway] [node_t2] found state file: [id:0, legacy:false, file:/Users/brijeshs/Documents/elasticsearch_sort_netbeans/elasticsearch/core/build/testrun/integTest/J2/temp/org.elasticsearch.cluster.MinimumMasterNodesIT_F7928424F380CF7C-001/tempDir-004/d1/TEST-CHILD_VM=[2]-CLUSTER_SEED=[2858301384796425155]-HASH=[462C14F99751D]-cluster/nodes/0/_state/global-0.st]
[2016-03-30 14:02:01,926][TRACE][org.elasticsearch.gateway] [node_t2] found state file: [id:0, legacy:false, file:/Users/brijeshs/Documents/elasticsearch_sort_netbeans/elasticsearch/core/build/testrun/integTest/J2/temp/org.elasticsearch.cluster.MinimumMasterNodesIT_F7928424F380CF7C-001/tempDir-004/d2/TEST-CHILD_VM=[2]-CLUSTER_SEED=[2858301384796425155]-HASH=[462C14F99751D]-cluster/nodes/0/_state/global-0.st]
[2016-03-30 14:02:01,926][TRACE][org.elasticsearch.gateway] [node_t2] found state file: [id:0, legacy:false, file:/Users/brijeshs/Documents/elasticsearch_sort_netbeans/elasticsearch/core/build/testrun/integTest/J2/temp/org.elasticsearch.cluster.MinimumMasterNodesIT_F7928424F380CF7C-001/tempDir-004/d3/TEST-CHILD_VM=[2]-CLUSTER_SEED=[2858301384796425155]-HASH=[462C14F99751D]-cluster/nodes/0/_state/global-0.st]
[2016-03-30 14:02:01,929][TRACE][org.elasticsearch.gateway] [node_t2] state id [0] read from [global-0.st]
[2016-03-30 14:02:01,933][TRACE][org.elasticsearch.gateway] [node_t2] found state file: [id:2, legacy:false, file:/Users/brijeshs/Documents/elasticsearch_sort_netbeans/elasticsearch/core/build/testrun/integTest/J2/temp/org.elasticsearch.cluster.MinimumMasterNodesIT_F7928424F380CF7C-001/tempDir-004/d0/TEST-CHILD_VM=[2]-CLUSTER_SEED=[2858301384796425155]-HASH=[462C14F99751D]-cluster/nodes/0/indices/test/_state/state-2.st]
[2016-03-30 14:02:01,934][TRACE][org.elasticsearch.gateway] [node_t2] found state file: [id:2, legacy:false, file:/Users/brijeshs/Documents/elasticsearch_sort_netbeans/elasticsearch/core/build/testrun/integTest/J2/temp/org.elasticsearch.cluster.MinimumMasterNodesIT_F7928424F380CF7C-001/tempDir-004/d1/TEST-CHILD_VM=[2]-CLUSTER_SEED=[2858301384796425155]-HASH=[462C14F99751D]-cluster/nodes/0/indices/test/_state/state-2.st]
[2016-03-30 14:02:01,934][TRACE][org.elasticsearch.gateway] [node_t2] found state file: [id:2, legacy:false, file:/Users/brijeshs/Documents/elasticsearch_sort_netbeans/elasticsearch/core/build/testrun/integTest/J2/temp/org.elasticsearch.cluster.MinimumMasterNodesIT_F7928424F380CF7C-001/tempDir-004/d2/TEST-CHILD_VM=[2]-CLUSTER_SEED=[2858301384796425155]-HASH=[462C14F99751D]-cluster/nodes/0/indices/test/_state/state-2.st]
[2016-03-30 14:02:01,934][TRACE][org.elasticsearch.gateway] [node_t2] found state file: [id:2, legacy:false, file:/Users/brijeshs/Documents/elasticsearch_sort_netbeans/elasticsearch/core/build/testrun/integTest/J2/temp/org.elasticsearch.cluster.MinimumMasterNodesIT_F7928424F380CF7C-001/tempDir-004/d3/TEST-CHILD_VM=[2]-CLUSTER_SEED=[2858301384796425155]-HASH=[462C14F99751D]-cluster/nodes/0/indices/test/_state/state-2.st]
[2016-03-30 14:02:01,937][TRACE][org.elasticsearch.gateway] [node_t2] state id [2] read from [state-2.st]
[2016-03-30 14:02:01,937][DEBUG][org.elasticsearch.gateway] [node_t2] took 13ms to load state
[2016-03-30 14:02:01,947][TRACE][org.elasticsearch.cluster.service] [node_t2] will process [initial_join]
[2016-03-30 14:02:01,947][DEBUG][org.elasticsearch.cluster.service] [node_t2] processing [initial_join]: execute
[2016-03-30 14:02:01,947][DEBUG][org.elasticsearch.cluster.service] [node_t2] processing [initial_join]: took 0s no change in cluster_state
[2016-03-30 14:02:01,947][TRACE][org.elasticsearch.discovery.zen] [node_t2] starting to accumulate joins
[2016-03-30 14:02:01,947][TRACE][org.elasticsearch.discovery.zen] [node_t2] starting to ping
[2016-03-30 14:02:01,947][TRACE][org.elasticsearch.discovery.zen.ping.unicast] [node_t2] [1] sending to {node_t2}{D8L07SziRtqglEhU0dOiNA}{127.0.0.1}{127.0.0.1:9660}[mode=>network]
[2016-03-30 14:02:01,948][TRACE][org.elasticsearch.discovery.zen.ping.unicast] [node_t2] [1] received response from {node_t2}{D8L07SziRtqglEhU0dOiNA}{127.0.0.1}{127.0.0.1:9660}[mode=>network]: [ping_response{node [{node_t2}{D8L07SziRtqglEhU0dOiNA}{127.0.0.1}{127.0.0.1:9660}[mode=>network]], id[858], master [null], hasJoinedOnce [false], cluster_name[TEST-CHILD_VM=[2]-CLUSTER_SEED=[2858301384796425155]-HASH=[462C14F99751D]-cluster]}, ping_response{node [{node_t2}{D8L07SziRtqglEhU0dOiNA}{127.0.0.1}{127.0.0.1:9660}[mode=>network]], id[859], master [null], hasJoinedOnce [false], cluster_name[TEST-CHILD_VM=[2]-CLUSTER_SEED=[2858301384796425155]-HASH=[462C14F99751D]-cluster]}]
[2016-03-30 14:02:01,948][TRACE][org.elasticsearch.discovery.zen.ping.unicast] [node_t2] [1] connecting (light) to {#zen_unicast_2#}{127.0.0.1}{127.0.0.1:9661}
[2016-03-30 14:02:01,948][TRACE][org.elasticsearch.discovery.zen.ping.unicast] [node_t2] [1] connecting (light) to {#zen_unicast_3#}{127.0.0.1}{127.0.0.1:9662}
[2016-03-30 14:02:01,948][TRACE][org.elasticsearch.discovery.zen.ping.unicast] [node_t2] [1] connecting (light) to {#zen_unicast_4#}{127.0.0.1}{127.0.0.1:9663}
[2016-03-30 14:02:01,949][TRACE][org.elasticsearch.discovery.zen.ping.unicast] [node_t2] [1] connecting (light) to {#zen_unicast_5#}{127.0.0.1}{127.0.0.1:9664}
[2016-03-30 14:02:01,949][TRACE][org.elasticsearch.discovery.zen.ping.unicast] [node_t2] [1] connecting (light) to {#zen_unicast_6#}{::1}{[::1]:9660}
[2016-03-30 14:02:01,949][TRACE][org.elasticsearch.discovery.zen.ping.unicast] [node_t2] [1] connecting (light) to {#zen_unicast_7#}{::1}{[::1]:9661}
[2016-03-30 14:02:01,949][TRACE][org.elasticsearch.discovery.zen.ping.unicast] [node_t2] [1] connecting (light) to {#zen_unicast_8#}{::1}{[::1]:9662}
[2016-03-30 14:02:01,949][TRACE][org.elasticsearch.discovery.zen.ping.unicast] [node_t2] [1] failed to connect to {#zen_unicast_3#}{127.0.0.1}{127.0.0.1:9662}
ConnectTransportException[[][127.0.0.1:9662] connect_timeout[30s]]; nested: ConnectException[Connection refused: /127.0.0.1:9662];
	at org.elasticsearch.transport.netty.NettyTransport.connectToChannelsLight(NettyTransport.java:948)
	at org.elasticsearch.transport.netty.NettyTransport.connectToNode(NettyTransport.java:912)
	at org.elasticsearch.transport.netty.NettyTransport.connectToNodeLight(NettyTransport.java:884)
	at org.elasticsearch.test.transport.MockTransportService$LookupTestTransport.connectToNodeLight(MockTransportService.java:412)
	at org.elasticsearch.transport.TransportService.connectToNodeLight(TransportService.java:250)
	at org.elasticsearch.discovery.zen.ping.unicast.UnicastZenPing$3.run(UnicastZenPing.java:395)
	at java.util.concurrent.ThreadPoolExecutor.runWorker(ThreadPoolExecutor.java:1142)
	at java.util.concurrent.ThreadPoolExecutor$Worker.run(ThreadPoolExecutor.java:617)
	at java.lang.Thread.run(Thread.java:745)
Caused by: java.net.ConnectException: Connection refused: /127.0.0.1:9662
	at sun.nio.ch.SocketChannelImpl.checkConnect(Native Method)
	at sun.nio.ch.SocketChannelImpl.finishConnect(SocketChannelImpl.java:717)
	at org.jboss.netty.channel.socket.nio.NioClientBoss.connect(NioClientBoss.java:152)
	at org.jboss.netty.channel.socket.nio.NioClientBoss.processSelectedKeys(NioClientBoss.java:105)
	at org.jboss.netty.channel.socket.nio.NioClientBoss.process(NioClientBoss.java:79)
	at org.jboss.netty.channel.socket.nio.AbstractNioSelector.run(AbstractNioSelector.java:337)
	at org.jboss.netty.channel.socket.nio.NioClientBoss.run(NioClientBoss.java:42)
	at org.jboss.netty.util.ThreadRenamingRunnable.run(ThreadRenamingRunnable.java:108)
	at org.jboss.netty.util.internal.DeadLockProofWorker$1.run(DeadLockProofWorker.java:42)
	... 3 more
[2016-03-30 14:02:01,950][TRACE][org.elasticsearch.discovery.zen.ping.unicast] [node_t2] [1] failed to connect to {#zen_unicast_4#}{127.0.0.1}{127.0.0.1:9663}
ConnectTransportException[[][127.0.0.1:9663] connect_timeout[30s]]; nested: ConnectException[Connection refused: /127.0.0.1:9663];
	at org.elasticsearch.transport.netty.NettyTransport.connectToChannelsLight(NettyTransport.java:948)
	at org.elasticsearch.transport.netty.NettyTransport.connectToNode(NettyTransport.java:912)
	at org.elasticsearch.transport.netty.NettyTransport.connectToNodeLight(NettyTransport.java:884)
	at org.elasticsearch.test.transport.MockTransportService$LookupTestTransport.connectToNodeLight(MockTransportService.java:412)
	at org.elasticsearch.transport.TransportService.connectToNodeLight(TransportService.java:250)
	at org.elasticsearch.discovery.zen.ping.unicast.UnicastZenPing$3.run(UnicastZenPing.java:395)
	at java.util.concurrent.ThreadPoolExecutor.runWorker(ThreadPoolExecutor.java:1142)
	at java.util.concurrent.ThreadPoolExecutor$Worker.run(ThreadPoolExecutor.java:617)
	at java.lang.Thread.run(Thread.java:745)
Caused by: java.net.ConnectException: Connection refused: /127.0.0.1:9663
	at sun.nio.ch.SocketChannelImpl.checkConnect(Native Method)
	at sun.nio.ch.SocketChannelImpl.finishConnect(SocketChannelImpl.java:717)
	at org.jboss.netty.channel.socket.nio.NioClientBoss.connect(NioClientBoss.java:152)
	at org.jboss.netty.channel.socket.nio.NioClientBoss.processSelectedKeys(NioClientBoss.java:105)
	at org.jboss.netty.channel.socket.nio.NioClientBoss.process(NioClientBoss.java:79)
	at org.jboss.netty.channel.socket.nio.AbstractNioSelector.run(AbstractNioSelector.java:337)
	at org.jboss.netty.channel.socket.nio.NioClientBoss.run(NioClientBoss.java:42)
	at org.jboss.netty.util.ThreadRenamingRunnable.run(ThreadRenamingRunnable.java:108)
	at org.jboss.netty.util.internal.DeadLockProofWorker$1.run(DeadLockProofWorker.java:42)
	... 3 more
[2016-03-30 14:02:01,950][TRACE][org.elasticsearch.discovery.zen.ping.unicast] [node_t2] [1] connected to {#zen_unicast_7#}{::1}{[::1]:9661}
[2016-03-30 14:02:01,950][TRACE][org.elasticsearch.discovery.zen.ping.unicast] [node_t2] [1] failed to connect to {#zen_unicast_8#}{::1}{[::1]:9662}
ConnectTransportException[[][[::1]:9662] connect_timeout[30s]]; nested: ConnectException[Connection refused: /0:0:0:0:0:0:0:1:9662];
	at org.elasticsearch.transport.netty.NettyTransport.connectToChannelsLight(NettyTransport.java:948)
	at org.elasticsearch.transport.netty.NettyTransport.connectToNode(NettyTransport.java:912)
	at org.elasticsearch.transport.netty.NettyTransport.connectToNodeLight(NettyTransport.java:884)
	at org.elasticsearch.test.transport.MockTransportService$LookupTestTransport.connectToNodeLight(MockTransportService.java:412)
	at org.elasticsearch.transport.TransportService.connectToNodeLight(TransportService.java:250)
	at org.elasticsearch.discovery.zen.ping.unicast.UnicastZenPing$3.run(UnicastZenPing.java:395)
	at java.util.concurrent.ThreadPoolExecutor.runWorker(ThreadPoolExecutor.java:1142)
	at java.util.concurrent.ThreadPoolExecutor$Worker.run(ThreadPoolExecutor.java:617)
	at java.lang.Thread.run(Thread.java:745)
Caused by: java.net.ConnectException: Connection refused: /0:0:0:0:0:0:0:1:9662
	at sun.nio.ch.SocketChannelImpl.checkConnect(Native Method)
	at sun.nio.ch.SocketChannelImpl.finishConnect(SocketChannelImpl.java:717)
	at org.jboss.netty.channel.socket.nio.NioClientBoss.connect(NioClientBoss.java:152)
	at org.jboss.netty.channel.socket.nio.NioClientBoss.processSelectedKeys(NioClientBoss.java:105)
	at org.jboss.netty.channel.socket.nio.NioClientBoss.process(NioClientBoss.java:79)
	at org.jboss.netty.channel.socket.nio.AbstractNioSelector.run(AbstractNioSelector.java:337)
	at org.jboss.netty.channel.socket.nio.NioClientBoss.run(NioClientBoss.java:42)
	at org.jboss.netty.util.ThreadRenamingRunnable.run(ThreadRenamingRunnable.java:108)
	at org.jboss.netty.util.internal.DeadLockProofWorker$1.run(DeadLockProofWorker.java:42)
	... 3 more
[2016-03-30 14:02:01,950][TRACE][org.elasticsearch.discovery.zen.ping.unicast] [node_t2] [1] connected to {#zen_unicast_2#}{127.0.0.1}{127.0.0.1:9661}
[2016-03-30 14:02:01,951][TRACE][org.elasticsearch.discovery.zen.ping.unicast] [node_t2] [1] sending to {#zen_unicast_2#}{127.0.0.1}{127.0.0.1:9661}
[2016-03-30 14:02:01,950][TRACE][org.elasticsearch.discovery.zen.ping.unicast] [node_t2] [1] connecting (light) to {#zen_unicast_9#}{::1}{[::1]:9663}
[2016-03-30 14:02:01,951][TRACE][org.elasticsearch.discovery.zen.ping.unicast] [node_t2] [1] connected to {#zen_unicast_6#}{::1}{[::1]:9660}
[2016-03-30 14:02:01,951][TRACE][org.elasticsearch.discovery.zen.ping.unicast] [node_t2] [1] sending to {#zen_unicast_6#}{::1}{[::1]:9660}
[2016-03-30 14:02:01,950][TRACE][org.elasticsearch.discovery.zen.ping.unicast] [node_t2] [1] sending to {#zen_unicast_7#}{::1}{[::1]:9661}
[2016-03-30 14:02:01,950][TRACE][org.elasticsearch.discovery.zen.ping.unicast] [node_t2] [1] failed to connect to {#zen_unicast_5#}{127.0.0.1}{127.0.0.1:9664}
ConnectTransportException[[][127.0.0.1:9664] connect_timeout[30s]]; nested: ConnectException[Connection refused: /127.0.0.1:9664];
	at org.elasticsearch.transport.netty.NettyTransport.connectToChannelsLight(NettyTransport.java:948)
	at org.elasticsearch.transport.netty.NettyTransport.connectToNode(NettyTransport.java:912)
	at org.elasticsearch.transport.netty.NettyTransport.connectToNodeLight(NettyTransport.java:884)
	at org.elasticsearch.test.transport.MockTransportService$LookupTestTransport.connectToNodeLight(MockTransportService.java:412)
	at org.elasticsearch.transport.TransportService.connectToNodeLight(TransportService.java:250)
	at org.elasticsearch.discovery.zen.ping.unicast.UnicastZenPing$3.run(UnicastZenPing.java:395)
	at java.util.concurrent.ThreadPoolExecutor.runWorker(ThreadPoolExecutor.java:1142)
	at java.util.concurrent.ThreadPoolExecutor$Worker.run(ThreadPoolExecutor.java:617)
	at java.lang.Thread.run(Thread.java:745)
Caused by: java.net.ConnectException: Connection refused: /127.0.0.1:9664
	at sun.nio.ch.SocketChannelImpl.checkConnect(Native Method)
	at sun.nio.ch.SocketChannelImpl.finishConnect(SocketChannelImpl.java:717)
	at org.jboss.netty.channel.socket.nio.NioClientBoss.connect(NioClientBoss.java:152)
	at org.jboss.netty.channel.socket.nio.NioClientBoss.processSelectedKeys(NioClientBoss.java:105)
	at org.jboss.netty.channel.socket.nio.NioClientBoss.process(NioClientBoss.java:79)
	at org.jboss.netty.channel.socket.nio.AbstractNioSelector.run(AbstractNioSelector.java:337)
	at org.jboss.netty.channel.socket.nio.NioClientBoss.run(NioClientBoss.java:42)
	at org.jboss.netty.util.ThreadRenamingRunnable.run(ThreadRenamingRunnable.java:108)
	at org.jboss.netty.util.internal.DeadLockProofWorker$1.run(DeadLockProofWorker.java:42)
	... 3 more
[2016-03-30 14:02:01,950][TRACE][org.elasticsearch.discovery.zen.ping.unicast] [node_t2] [1] connecting (light) to {#zen_unicast_10#}{::1}{[::1]:9664}
[2016-03-30 14:02:01,952][TRACE][org.elasticsearch.discovery.zen.ping.unicast] [node_t2] [1] failed to connect to {#zen_unicast_9#}{::1}{[::1]:9663}
ConnectTransportException[[][[::1]:9663] connect_timeout[30s]]; nested: ConnectException[Connection refused: /0:0:0:0:0:0:0:1:9663];
	at org.elasticsearch.transport.netty.NettyTransport.connectToChannelsLight(NettyTransport.java:948)
	at org.elasticsearch.transport.netty.NettyTransport.connectToNode(NettyTransport.java:912)
	at org.elasticsearch.transport.netty.NettyTransport.connectToNodeLight(NettyTransport.java:884)
	at org.elasticsearch.test.transport.MockTransportService$LookupTestTransport.connectToNodeLight(MockTransportService.java:412)
	at org.elasticsearch.transport.TransportService.connectToNodeLight(TransportService.java:250)
	at org.elasticsearch.discovery.zen.ping.unicast.UnicastZenPing$3.run(UnicastZenPing.java:395)
	at java.util.concurrent.ThreadPoolExecutor.runWorker(ThreadPoolExecutor.java:1142)
	at java.util.concurrent.ThreadPoolExecutor$Worker.run(ThreadPoolExecutor.java:617)
	at java.lang.Thread.run(Thread.java:745)
Caused by: java.net.ConnectException: Connection refused: /0:0:0:0:0:0:0:1:9663
	at sun.nio.ch.SocketChannelImpl.checkConnect(Native Method)
	at sun.nio.ch.SocketChannelImpl.finishConnect(SocketChannelImpl.java:717)
	at org.jboss.netty.channel.socket.nio.NioClientBoss.connect(NioClientBoss.java:152)
	at org.jboss.netty.channel.socket.nio.NioClientBoss.processSelectedKeys(NioClientBoss.java:105)
	at org.jboss.netty.channel.socket.nio.NioClientBoss.process(NioClientBoss.java:79)
	at org.jboss.netty.channel.socket.nio.AbstractNioSelector.run(AbstractNioSelector.java:337)
	at org.jboss.netty.channel.socket.nio.NioClientBoss.run(NioClientBoss.java:42)
	at org.jboss.netty.util.ThreadRenamingRunnable.run(ThreadRenamingRunnable.java:108)
	at org.jboss.netty.util.internal.DeadLockProofWorker$1.run(DeadLockProofWorker.java:42)
	... 3 more
[2016-03-30 14:02:01,950][TRACE][org.elasticsearch.discovery.zen.ping.unicast] [node_t2] [1] sending to {node_t2}{D8L07SziRtqglEhU0dOiNA}{127.0.0.1}{127.0.0.1:9660}[mode=>network]
[2016-03-30 14:02:01,952][TRACE][org.elasticsearch.discovery.zen.ping.unicast] [node_t2] [1] received response from {#zen_unicast_2#}{127.0.0.1}{127.0.0.1:9661}: [ping_response{node [{node_t1}{lk7U_niVSKyTWpmVoV3sIA}{127.0.0.1}{127.0.0.1:9661}[mode=>network]], id[838], master [{node_t0}{5WFoynj2SUGDMEZmKbHSCQ}{127.0.0.1}{127.0.0.1:9660}[mode=>network]], hasJoinedOnce [true], cluster_name[TEST-CHILD_VM=[2]-CLUSTER_SEED=[2858301384796425155]-HASH=[462C14F99751D]-cluster]}, ping_response{node [{node_t1}{lk7U_niVSKyTWpmVoV3sIA}{127.0.0.1}{127.0.0.1:9661}[mode=>network]], id[838], master [{node_t0}{5WFoynj2SUGDMEZmKbHSCQ}{127.0.0.1}{127.0.0.1:9660}[mode=>network]], hasJoinedOnce [true], cluster_name[TEST-CHILD_VM=[2]-CLUSTER_SEED=[2858301384796425155]-HASH=[462C14F99751D]-cluster]}, ping_response{node [{node_t1}{lk7U_niVSKyTWpmVoV3sIA}{127.0.0.1}{127.0.0.1:9661}[mode=>network]], id[838], master [{node_t0}{5WFoynj2SUGDMEZmKbHSCQ}{127.0.0.1}{127.0.0.1:9660}[mode=>network]], hasJoinedOnce [true], cluster_name[TEST-CHILD_VM=[2]-CLUSTER_SEED=[2858301384796425155]-HASH=[462C14F99751D]-cluster]}, ping_response{node [{node_t1}{lk7U_niVSKyTWpmVoV3sIA}{127.0.0.1}{127.0.0.1:9661}[mode=>network]], id[842], master [null], hasJoinedOnce [true], cluster_name[TEST-CHILD_VM=[2]-CLUSTER_SEED=[2858301384796425155]-HASH=[462C14F99751D]-cluster]}, ping_response{node [{node_t1}{lk7U_niVSKyTWpmVoV3sIA}{127.0.0.1}{127.0.0.1:9661}[mode=>network]], id[842], master [null], hasJoinedOnce [true], cluster_name[TEST-CHILD_VM=[2]-CLUSTER_SEED=[2858301384796425155]-HASH=[462C14F99751D]-cluster]}, ping_response{node [{node_t1}{lk7U_niVSKyTWpmVoV3sIA}{127.0.0.1}{127.0.0.1:9661}[mode=>network]], id[842], master [null], hasJoinedOnce [true], cluster_name[TEST-CHILD_VM=[2]-CLUSTER_SEED=[2858301384796425155]-HASH=[462C14F99751D]-cluster]}, ping_response{node [{node_t1}{lk7U_niVSKyTWpmVoV3sIA}{127.0.0.1}{127.0.0.1:9661}[mode=>network]], id[846], master [null], hasJoinedOnce [true], cluster_name[TEST-CHILD_VM=[2]-CLUSTER_SEED=[2858301384796425155]-HASH=[462C14F99751D]-cluster]}, ping_response{node [{node_t1}{lk7U_niVSKyTWpmVoV3sIA}{127.0.0.1}{127.0.0.1:9661}[mode=>network]], id[846], master [null], hasJoinedOnce [true], cluster_name[TEST-CHILD_VM=[2]-CLUSTER_SEED=[2858301384796425155]-HASH=[462C14F99751D]-cluster]}, ping_response{node [{node_t1}{lk7U_niVSKyTWpmVoV3sIA}{127.0.0.1}{127.0.0.1:9661}[mode=>network]], id[846], master [null], hasJoinedOnce [true], cluster_name[TEST-CHILD_VM=[2]-CLUSTER_SEED=[2858301384796425155]-HASH=[462C14F99751D]-cluster]}, ping_response{node [{node_t1}{lk7U_niVSKyTWpmVoV3sIA}{127.0.0.1}{127.0.0.1:9661}[mode=>network]], id[850], master [null], hasJoinedOnce [true], cluster_name[TEST-CHILD_VM=[2]-CLUSTER_SEED=[2858301384796425155]-HASH=[462C14F99751D]-cluster]}, ping_response{node [{node_t1}{lk7U_niVSKyTWpmVoV3sIA}{127.0.0.1}{127.0.0.1:9661}[mode=>network]], id[850], master [null], hasJoinedOnce [true], cluster_name[TEST-CHILD_VM=[2]-CLUSTER_SEED=[2858301384796425155]-HASH=[462C14F99751D]-cluster]}, ping_response{node [{node_t1}{lk7U_niVSKyTWpmVoV3sIA}{127.0.0.1}{127.0.0.1:9661}[mode=>network]], id[850], master [null], hasJoinedOnce [true], cluster_name[TEST-CHILD_VM=[2]-CLUSTER_SEED=[2858301384796425155]-HASH=[462C14F99751D]-cluster]}, ping_response{node [{node_t1}{lk7U_niVSKyTWpmVoV3sIA}{127.0.0.1}{127.0.0.1:9661}[mode=>network]], id[854], master [null], hasJoinedOnce [true], cluster_name[TEST-CHILD_VM=[2]-CLUSTER_SEED=[2858301384796425155]-HASH=[462C14F99751D]-cluster]}, ping_response{node [{node_t1}{lk7U_niVSKyTWpmVoV3sIA}{127.0.0.1}{127.0.0.1:9661}[mode=>network]], id[854], master [null], hasJoinedOnce [true], cluster_name[TEST-CHILD_VM=[2]-CLUSTER_SEED=[2858301384796425155]-HASH=[462C14F99751D]-cluster]}, ping_response{node [{node_t1}{lk7U_niVSKyTWpmVoV3sIA}{127.0.0.1}{127.0.0.1:9661}[mode=>network]], id[854], master [null], hasJoinedOnce [true], cluster_name[TEST-CHILD_VM=[2]-CLUSTER_SEED=[2858301384796425155]-HASH=[462C14F99751D]-cluster]}, ping_response{node [{node_t2}{D8L07SziRtqglEhU0dOiNA}{127.0.0.1}{127.0.0.1:9660}[mode=>network]], id[858], master [null], hasJoinedOnce [false], cluster_name[TEST-CHILD_VM=[2]-CLUSTER_SEED=[2858301384796425155]-HASH=[462C14F99751D]-cluster]}, ping_response{node [{node_t1}{lk7U_niVSKyTWpmVoV3sIA}{127.0.0.1}{127.0.0.1:9661}[mode=>network]], id[860], master [null], hasJoinedOnce [true], cluster_name[TEST-CHILD_VM=[2]-CLUSTER_SEED=[2858301384796425155]-HASH=[462C14F99751D]-cluster]}]
[2016-03-30 14:02:01,952][TRACE][org.elasticsearch.discovery.zen.ping.unicast] [node_t2] [1] failed to connect to {#zen_unicast_10#}{::1}{[::1]:9664}
ConnectTransportException[[][[::1]:9664] connect_timeout[30s]]; nested: ConnectException[Connection refused: /0:0:0:0:0:0:0:1:9664];
	at org.elasticsearch.transport.netty.NettyTransport.connectToChannelsLight(NettyTransport.java:948)
	at org.elasticsearch.transport.netty.NettyTransport.connectToNode(NettyTransport.java:912)
	at org.elasticsearch.transport.netty.NettyTransport.connectToNodeLight(NettyTransport.java:884)
	at org.elasticsearch.test.transport.MockTransportService$LookupTestTransport.connectToNodeLight(MockTransportService.java:412)
	at org.elasticsearch.transport.TransportService.connectToNodeLight(TransportService.java:250)
	at org.elasticsearch.discovery.zen.ping.unicast.UnicastZenPing$3.run(UnicastZenPing.java:395)
	at java.util.concurrent.ThreadPoolExecutor.runWorker(ThreadPoolExecutor.java:1142)
	at java.util.concurrent.ThreadPoolExecutor$Worker.run(ThreadPoolExecutor.java:617)
	at java.lang.Thread.run(Thread.java:745)
Caused by: java.net.ConnectException: Connection refused: /0:0:0:0:0:0:0:1:9664
	at sun.nio.ch.SocketChannelImpl.checkConnect(Native Method)
	at sun.nio.ch.SocketChannelImpl.finishConnect(SocketChannelImpl.java:717)
	at org.jboss.netty.channel.socket.nio.NioClientBoss.connect(NioClientBoss.java:152)
	at org.jboss.netty.channel.socket.nio.NioClientBoss.processSelectedKeys(NioClientBoss.java:105)
	at org.jboss.netty.channel.socket.nio.NioClientBoss.process(NioClientBoss.java:79)
	at org.jboss.netty.channel.socket.nio.AbstractNioSelector.run(AbstractNioSelector.java:337)
	at org.jboss.netty.channel.socket.nio.NioClientBoss.run(NioClientBoss.java:42)
	at org.jboss.netty.util.ThreadRenamingRunnable.run(ThreadRenamingRunnable.java:108)
	at org.jboss.netty.util.internal.DeadLockProofWorker$1.run(DeadLockProofWorker.java:42)
	... 3 more
[2016-03-30 14:02:01,952][TRACE][org.elasticsearch.discovery.zen.ping.unicast] [node_t2] [1] received response from {#zen_unicast_7#}{::1}{[::1]:9661}: [ping_response{node [{node_t1}{lk7U_niVSKyTWpmVoV3sIA}{127.0.0.1}{127.0.0.1:9661}[mode=>network]], id[838], master [{node_t0}{5WFoynj2SUGDMEZmKbHSCQ}{127.0.0.1}{127.0.0.1:9660}[mode=>network]], hasJoinedOnce [true], cluster_name[TEST-CHILD_VM=[2]-CLUSTER_SEED=[2858301384796425155]-HASH=[462C14F99751D]-cluster]}, ping_response{node [{node_t1}{lk7U_niVSKyTWpmVoV3sIA}{127.0.0.1}{127.0.0.1:9661}[mode=>network]], id[838], master [{node_t0}{5WFoynj2SUGDMEZmKbHSCQ}{127.0.0.1}{127.0.0.1:9660}[mode=>network]], hasJoinedOnce [true], cluster_name[TEST-CHILD_VM=[2]-CLUSTER_SEED=[2858301384796425155]-HASH=[462C14F99751D]-cluster]}, ping_response{node [{node_t1}{lk7U_niVSKyTWpmVoV3sIA}{127.0.0.1}{127.0.0.1:9661}[mode=>network]], id[838], master [{node_t0}{5WFoynj2SUGDMEZmKbHSCQ}{127.0.0.1}{127.0.0.1:9660}[mode=>network]], hasJoinedOnce [true], cluster_name[TEST-CHILD_VM=[2]-CLUSTER_SEED=[2858301384796425155]-HASH=[462C14F99751D]-cluster]}, ping_response{node [{node_t1}{lk7U_niVSKyTWpmVoV3sIA}{127.0.0.1}{127.0.0.1:9661}[mode=>network]], id[842], master [null], hasJoinedOnce [true], cluster_name[TEST-CHILD_VM=[2]-CLUSTER_SEED=[2858301384796425155]-HASH=[462C14F99751D]-cluster]}, ping_response{node [{node_t1}{lk7U_niVSKyTWpmVoV3sIA}{127.0.0.1}{127.0.0.1:9661}[mode=>network]], id[842], master [null], hasJoinedOnce [true], cluster_name[TEST-CHILD_VM=[2]-CLUSTER_SEED=[2858301384796425155]-HASH=[462C14F99751D]-cluster]}, ping_response{node [{node_t1}{lk7U_niVSKyTWpmVoV3sIA}{127.0.0.1}{127.0.0.1:9661}[mode=>network]], id[842], master [null], hasJoinedOnce [true], cluster_name[TEST-CHILD_VM=[2]-CLUSTER_SEED=[2858301384796425155]-HASH=[462C14F99751D]-cluster]}, ping_response{node [{node_t1}{lk7U_niVSKyTWpmVoV3sIA}{127.0.0.1}{127.0.0.1:9661}[mode=>network]], id[846], master [null], hasJoinedOnce [true], cluster_name[TEST-CHILD_VM=[2]-CLUSTER_SEED=[2858301384796425155]-HASH=[462C14F99751D]-cluster]}, ping_response{node [{node_t1}{lk7U_niVSKyTWpmVoV3sIA}{127.0.0.1}{127.0.0.1:9661}[mode=>network]], id[846], master [null], hasJoinedOnce [true], cluster_name[TEST-CHILD_VM=[2]-CLUSTER_SEED=[2858301384796425155]-HASH=[462C14F99751D]-cluster]}, ping_response{node [{node_t1}{lk7U_niVSKyTWpmVoV3sIA}{127.0.0.1}{127.0.0.1:9661}[mode=>network]], id[846], master [null], hasJoinedOnce [true], cluster_name[TEST-CHILD_VM=[2]-CLUSTER_SEED=[2858301384796425155]-HASH=[462C14F99751D]-cluster]}, ping_response{node [{node_t1}{lk7U_niVSKyTWpmVoV3sIA}{127.0.0.1}{127.0.0.1:9661}[mode=>network]], id[850], master [null], hasJoinedOnce [true], cluster_name[TEST-CHILD_VM=[2]-CLUSTER_SEED=[2858301384796425155]-HASH=[462C14F99751D]-cluster]}, ping_response{node [{node_t1}{lk7U_niVSKyTWpmVoV3sIA}{127.0.0.1}{127.0.0.1:9661}[mode=>network]], id[850], master [null], hasJoinedOnce [true], cluster_name[TEST-CHILD_VM=[2]-CLUSTER_SEED=[2858301384796425155]-HASH=[462C14F99751D]-cluster]}, ping_response{node [{node_t1}{lk7U_niVSKyTWpmVoV3sIA}{127.0.0.1}{127.0.0.1:9661}[mode=>network]], id[850], master [null], hasJoinedOnce [true], cluster_name[TEST-CHILD_VM=[2]-CLUSTER_SEED=[2858301384796425155]-HASH=[462C14F99751D]-cluster]}, ping_response{node [{node_t1}{lk7U_niVSKyTWpmVoV3sIA}{127.0.0.1}{127.0.0.1:9661}[mode=>network]], id[854], master [null], hasJoinedOnce [true], cluster_name[TEST-CHILD_VM=[2]-CLUSTER_SEED=[2858301384796425155]-HASH=[462C14F99751D]-cluster]}, ping_response{node [{node_t1}{lk7U_niVSKyTWpmVoV3sIA}{127.0.0.1}{127.0.0.1:9661}[mode=>network]], id[854], master [null], hasJoinedOnce [true], cluster_name[TEST-CHILD_VM=[2]-CLUSTER_SEED=[2858301384796425155]-HASH=[462C14F99751D]-cluster]}, ping_response{node [{node_t1}{lk7U_niVSKyTWpmVoV3sIA}{127.0.0.1}{127.0.0.1:9661}[mode=>network]], id[854], master [null], hasJoinedOnce [true], cluster_name[TEST-CHILD_VM=[2]-CLUSTER_SEED=[2858301384796425155]-HASH=[462C14F99751D]-cluster]}, ping_response{node [{node_t2}{D8L07SziRtqglEhU0dOiNA}{127.0.0.1}{127.0.0.1:9660}[mode=>network]], id[858], master [null], hasJoinedOnce [false], cluster_name[TEST-CHILD_VM=[2]-CLUSTER_SEED=[2858301384796425155]-HASH=[462C14F99751D]-cluster]}, ping_response{node [{node_t2}{D8L07SziRtqglEhU0dOiNA}{127.0.0.1}{127.0.0.1:9660}[mode=>network]], id[858], master [null], hasJoinedOnce [false], cluster_name[TEST-CHILD_VM=[2]-CLUSTER_SEED=[2858301384796425155]-HASH=[462C14F99751D]-cluster]}, ping_response{node [{node_t1}{lk7U_niVSKyTWpmVoV3sIA}{127.0.0.1}{127.0.0.1:9661}[mode=>network]], id[862], master [null], hasJoinedOnce [true], cluster_name[TEST-CHILD_VM=[2]-CLUSTER_SEED=[2858301384796425155]-HASH=[462C14F99751D]-cluster]}]
[2016-03-30 14:02:01,952][TRACE][org.elasticsearch.discovery.zen.ping.unicast] [node_t2] [1] received response from {node_t2}{D8L07SziRtqglEhU0dOiNA}{127.0.0.1}{127.0.0.1:9660}[mode=>network]: [ping_response{node [{node_t2}{D8L07SziRtqglEhU0dOiNA}{127.0.0.1}{127.0.0.1:9660}[mode=>network]], id[858], master [null], hasJoinedOnce [false], cluster_name[TEST-CHILD_VM=[2]-CLUSTER_SEED=[2858301384796425155]-HASH=[462C14F99751D]-cluster]}, ping_response{node [{node_t2}{D8L07SziRtqglEhU0dOiNA}{127.0.0.1}{127.0.0.1:9660}[mode=>network]], id[858], master [null], hasJoinedOnce [false], cluster_name[TEST-CHILD_VM=[2]-CLUSTER_SEED=[2858301384796425155]-HASH=[462C14F99751D]-cluster]}, ping_response{node [{node_t2}{D8L07SziRtqglEhU0dOiNA}{127.0.0.1}{127.0.0.1:9660}[mode=>network]], id[858], master [null], hasJoinedOnce [false], cluster_name[TEST-CHILD_VM=[2]-CLUSTER_SEED=[2858301384796425155]-HASH=[462C14F99751D]-cluster]}, ping_response{node [{node_t2}{D8L07SziRtqglEhU0dOiNA}{127.0.0.1}{127.0.0.1:9660}[mode=>network]], id[863], master [null], hasJoinedOnce [false], cluster_name[TEST-CHILD_VM=[2]-CLUSTER_SEED=[2858301384796425155]-HASH=[462C14F99751D]-cluster]}]
[2016-03-30 14:02:01,953][TRACE][org.elasticsearch.discovery.zen.ping.unicast] [node_t2] [1] received response from {#zen_unicast_6#}{::1}{[::1]:9660}: [ping_response{node [{node_t2}{D8L07SziRtqglEhU0dOiNA}{127.0.0.1}{127.0.0.1:9660}[mode=>network]], id[858], master [null], hasJoinedOnce [false], cluster_name[TEST-CHILD_VM=[2]-CLUSTER_SEED=[2858301384796425155]-HASH=[462C14F99751D]-cluster]}, ping_response{node [{node_t2}{D8L07SziRtqglEhU0dOiNA}{127.0.0.1}{127.0.0.1:9660}[mode=>network]], id[858], master [null], hasJoinedOnce [false], cluster_name[TEST-CHILD_VM=[2]-CLUSTER_SEED=[2858301384796425155]-HASH=[462C14F99751D]-cluster]}, ping_response{node [{node_t2}{D8L07SziRtqglEhU0dOiNA}{127.0.0.1}{127.0.0.1:9660}[mode=>network]], id[861], master [null], hasJoinedOnce [false], cluster_name[TEST-CHILD_VM=[2]-CLUSTER_SEED=[2858301384796425155]-HASH=[462C14F99751D]-cluster]}]
[2016-03-30 14:02:01,997][TRACE][org.elasticsearch.discovery.zen.ping.unicast] [node_t1] [3] sending to {node_t1}{lk7U_niVSKyTWpmVoV3sIA}{127.0.0.1}{127.0.0.1:9661}[mode=>network]
[2016-03-30 14:02:01,997][TRACE][org.elasticsearch.discovery.zen.ping.unicast] [node_t1] [3] connecting (light) to {#zen_unicast_1#}{127.0.0.1}{127.0.0.1:9660}
[2016-03-30 14:02:01,997][TRACE][org.elasticsearch.discovery.zen.ping.unicast] [node_t1] [3] received response from {node_t1}{lk7U_niVSKyTWpmVoV3sIA}{127.0.0.1}{127.0.0.1:9661}[mode=>network]: [ping_response{node [{node_t1}{lk7U_niVSKyTWpmVoV3sIA}{127.0.0.1}{127.0.0.1:9661}[mode=>network]], id[842], master [null], hasJoinedOnce [true], cluster_name[TEST-CHILD_VM=[2]-CLUSTER_SEED=[2858301384796425155]-HASH=[462C14F99751D]-cluster]}, ping_response{node [{node_t1}{lk7U_niVSKyTWpmVoV3sIA}{127.0.0.1}{127.0.0.1:9661}[mode=>network]], id[842], master [null], hasJoinedOnce [true], cluster_name[TEST-CHILD_VM=[2]-CLUSTER_SEED=[2858301384796425155]-HASH=[462C14F99751D]-cluster]}, ping_response{node [{node_t1}{lk7U_niVSKyTWpmVoV3sIA}{127.0.0.1}{127.0.0.1:9661}[mode=>network]], id[842], master [null], hasJoinedOnce [true], cluster_name[TEST-CHILD_VM=[2]-CLUSTER_SEED=[2858301384796425155]-HASH=[462C14F99751D]-cluster]}, ping_response{node [{node_t1}{lk7U_niVSKyTWpmVoV3sIA}{127.0.0.1}{127.0.0.1:9661}[mode=>network]], id[846], master [null], hasJoinedOnce [true], cluster_name[TEST-CHILD_VM=[2]-CLUSTER_SEED=[2858301384796425155]-HASH=[462C14F99751D]-cluster]}, ping_response{node [{node_t1}{lk7U_niVSKyTWpmVoV3sIA}{127.0.0.1}{127.0.0.1:9661}[mode=>network]], id[846], master [null], hasJoinedOnce [true], cluster_name[TEST-CHILD_VM=[2]-CLUSTER_SEED=[2858301384796425155]-HASH=[462C14F99751D]-cluster]}, ping_response{node [{node_t1}{lk7U_niVSKyTWpmVoV3sIA}{127.0.0.1}{127.0.0.1:9661}[mode=>network]], id[846], master [null], hasJoinedOnce [true], cluster_name[TEST-CHILD_VM=[2]-CLUSTER_SEED=[2858301384796425155]-HASH=[462C14F99751D]-cluster]}, ping_response{node [{node_t1}{lk7U_niVSKyTWpmVoV3sIA}{127.0.0.1}{127.0.0.1:9661}[mode=>network]], id[850], master [null], hasJoinedOnce [true], cluster_name[TEST-CHILD_VM=[2]-CLUSTER_SEED=[2858301384796425155]-HASH=[462C14F99751D]-cluster]}, ping_response{node [{node_t1}{lk7U_niVSKyTWpmVoV3sIA}{127.0.0.1}{127.0.0.1:9661}[mode=>network]], id[850], master [null], hasJoinedOnce [true], cluster_name[TEST-CHILD_VM=[2]-CLUSTER_SEED=[2858301384796425155]-HASH=[462C14F99751D]-cluster]}, ping_response{node [{node_t1}{lk7U_niVSKyTWpmVoV3sIA}{127.0.0.1}{127.0.0.1:9661}[mode=>network]], id[850], master [null], hasJoinedOnce [true], cluster_name[TEST-CHILD_VM=[2]-CLUSTER_SEED=[2858301384796425155]-HASH=[462C14F99751D]-cluster]}, ping_response{node [{node_t1}{lk7U_niVSKyTWpmVoV3sIA}{127.0.0.1}{127.0.0.1:9661}[mode=>network]], id[854], master [null], hasJoinedOnce [true], cluster_name[TEST-CHILD_VM=[2]-CLUSTER_SEED=[2858301384796425155]-HASH=[462C14F99751D]-cluster]}, ping_response{node [{node_t1}{lk7U_niVSKyTWpmVoV3sIA}{127.0.0.1}{127.0.0.1:9661}[mode=>network]], id[854], master [null], hasJoinedOnce [true], cluster_name[TEST-CHILD_VM=[2]-CLUSTER_SEED=[2858301384796425155]-HASH=[462C14F99751D]-cluster]}, ping_response{node [{node_t1}{lk7U_niVSKyTWpmVoV3sIA}{127.0.0.1}{127.0.0.1:9661}[mode=>network]], id[854], master [null], hasJoinedOnce [true], cluster_name[TEST-CHILD_VM=[2]-CLUSTER_SEED=[2858301384796425155]-HASH=[462C14F99751D]-cluster]}, ping_response{node [{node_t2}{D8L07SziRtqglEhU0dOiNA}{127.0.0.1}{127.0.0.1:9660}[mode=>network]], id[858], master [null], hasJoinedOnce [false], cluster_name[TEST-CHILD_VM=[2]-CLUSTER_SEED=[2858301384796425155]-HASH=[462C14F99751D]-cluster]}, ping_response{node [{node_t2}{D8L07SziRtqglEhU0dOiNA}{127.0.0.1}{127.0.0.1:9660}[mode=>network]], id[858], master [null], hasJoinedOnce [false], cluster_name[TEST-CHILD_VM=[2]-CLUSTER_SEED=[2858301384796425155]-HASH=[462C14F99751D]-cluster]}, ping_response{node [{node_t1}{lk7U_niVSKyTWpmVoV3sIA}{127.0.0.1}{127.0.0.1:9661}[mode=>network]], id[864], master [null], hasJoinedOnce [true], cluster_name[TEST-CHILD_VM=[2]-CLUSTER_SEED=[2858301384796425155]-HASH=[462C14F99751D]-cluster]}, ping_response{node [{node_t1}{lk7U_niVSKyTWpmVoV3sIA}{127.0.0.1}{127.0.0.1:9661}[mode=>network]], id[865], master [null], hasJoinedOnce [true], cluster_name[TEST-CHILD_VM=[2]-CLUSTER_SEED=[2858301384796425155]-HASH=[462C14F99751D]-cluster]}]
[2016-03-30 14:02:01,997][TRACE][org.elasticsearch.discovery.zen.ping.unicast] [node_t1] [3] connecting (light) to {#zen_unicast_3#}{127.0.0.1}{127.0.0.1:9662}
[2016-03-30 14:02:01,997][TRACE][org.elasticsearch.discovery.zen.ping.unicast] [node_t1] [3] connecting (light) to {#zen_unicast_4#}{127.0.0.1}{127.0.0.1:9663}
[2016-03-30 14:02:01,997][TRACE][org.elasticsearch.discovery.zen.ping.unicast] [node_t1] [3] connecting (light) to {#zen_unicast_6#}{::1}{[::1]:9660}
[2016-03-30 14:02:01,997][TRACE][org.elasticsearch.discovery.zen.ping.unicast] [node_t1] [3] connecting (light) to {#zen_unicast_5#}{127.0.0.1}{127.0.0.1:9664}
[2016-03-30 14:02:01,998][TRACE][org.elasticsearch.discovery.zen.ping.unicast] [node_t1] [3] connected to {#zen_unicast_1#}{127.0.0.1}{127.0.0.1:9660}
[2016-03-30 14:02:01,998][TRACE][org.elasticsearch.discovery.zen.ping.unicast] [node_t1] [3] sending to {#zen_unicast_1#}{127.0.0.1}{127.0.0.1:9660}
[2016-03-30 14:02:01,997][TRACE][org.elasticsearch.discovery.zen.ping.unicast] [node_t1] [3] sending to {#zen_unicast_7#}{::1}{[::1]:9661}
[2016-03-30 14:02:01,998][TRACE][org.elasticsearch.discovery.zen.ping.unicast] [node_t1] [3] connecting (light) to {#zen_unicast_8#}{::1}{[::1]:9662}
[2016-03-30 14:02:01,998][TRACE][org.elasticsearch.discovery.zen.ping.unicast] [node_t1] [3] connecting (light) to {#zen_unicast_10#}{::1}{[::1]:9664}
[2016-03-30 14:02:01,998][TRACE][org.elasticsearch.discovery.zen.ping.unicast] [node_t1] [3] failed to connect to {#zen_unicast_4#}{127.0.0.1}{127.0.0.1:9663}
ConnectTransportException[[][127.0.0.1:9663] connect_timeout[30s]]; nested: ConnectException[Connection refused: /127.0.0.1:9663];
	at org.elasticsearch.transport.netty.NettyTransport.connectToChannelsLight(NettyTransport.java:948)
	at org.elasticsearch.transport.netty.NettyTransport.connectToNode(NettyTransport.java:912)
	at org.elasticsearch.transport.netty.NettyTransport.connectToNodeLight(NettyTransport.java:884)
	at org.elasticsearch.test.transport.MockTransportService$LookupTestTransport.connectToNodeLight(MockTransportService.java:412)
	at org.elasticsearch.transport.TransportService.connectToNodeLight(TransportService.java:250)
	at org.elasticsearch.discovery.zen.ping.unicast.UnicastZenPing$3.run(UnicastZenPing.java:395)
	at java.util.concurrent.ThreadPoolExecutor.runWorker(ThreadPoolExecutor.java:1142)
	at java.util.concurrent.ThreadPoolExecutor$Worker.run(ThreadPoolExecutor.java:617)
	at java.lang.Thread.run(Thread.java:745)
Caused by: java.net.ConnectException: Connection refused: /127.0.0.1:9663
	at sun.nio.ch.SocketChannelImpl.checkConnect(Native Method)
	at sun.nio.ch.SocketChannelImpl.finishConnect(SocketChannelImpl.java:717)
	at org.jboss.netty.channel.socket.nio.NioClientBoss.connect(NioClientBoss.java:152)
	at org.jboss.netty.channel.socket.nio.NioClientBoss.processSelectedKeys(NioClientBoss.java:105)
	at org.jboss.netty.channel.socket.nio.NioClientBoss.process(NioClientBoss.java:79)
	at org.jboss.netty.channel.socket.nio.AbstractNioSelector.run(AbstractNioSelector.java:337)
	at org.jboss.netty.channel.socket.nio.NioClientBoss.run(NioClientBoss.java:42)
	at org.jboss.netty.util.ThreadRenamingRunnable.run(ThreadRenamingRunnable.java:108)
	at org.jboss.netty.util.internal.DeadLockProofWorker$1.run(DeadLockProofWorker.java:42)
	... 3 more
[2016-03-30 14:02:01,998][TRACE][org.elasticsearch.discovery.zen.ping.unicast] [node_t1] [3] failed to connect to {#zen_unicast_5#}{127.0.0.1}{127.0.0.1:9664}
ConnectTransportException[[][127.0.0.1:9664] connect_timeout[30s]]; nested: ConnectException[Connection refused: /127.0.0.1:9664];
	at org.elasticsearch.transport.netty.NettyTransport.connectToChannelsLight(NettyTransport.java:948)
	at org.elasticsearch.transport.netty.NettyTransport.connectToNode(NettyTransport.java:912)
	at org.elasticsearch.transport.netty.NettyTransport.connectToNodeLight(NettyTransport.java:884)
	at org.elasticsearch.test.transport.MockTransportService$LookupTestTransport.connectToNodeLight(MockTransportService.java:412)
	at org.elasticsearch.transport.TransportService.connectToNodeLight(TransportService.java:250)
	at org.elasticsearch.discovery.zen.ping.unicast.UnicastZenPing$3.run(UnicastZenPing.java:395)
	at java.util.concurrent.ThreadPoolExecutor.runWorker(ThreadPoolExecutor.java:1142)
	at java.util.concurrent.ThreadPoolExecutor$Worker.run(ThreadPoolExecutor.java:617)
	at java.lang.Thread.run(Thread.java:745)
Caused by: java.net.ConnectException: Connection refused: /127.0.0.1:9664
	at sun.nio.ch.SocketChannelImpl.checkConnect(Native Method)
	at sun.nio.ch.SocketChannelImpl.finishConnect(SocketChannelImpl.java:717)
	at org.jboss.netty.channel.socket.nio.NioClientBoss.connect(NioClientBoss.java:152)
	at org.jboss.netty.channel.socket.nio.NioClientBoss.processSelectedKeys(NioClientBoss.java:105)
	at org.jboss.netty.channel.socket.nio.NioClientBoss.process(NioClientBoss.java:79)
	at org.jboss.netty.channel.socket.nio.AbstractNioSelector.run(AbstractNioSelector.java:337)
	at org.jboss.netty.channel.socket.nio.NioClientBoss.run(NioClientBoss.java:42)
	at org.jboss.netty.util.ThreadRenamingRunnable.run(ThreadRenamingRunnable.java:108)
	at org.jboss.netty.util.internal.DeadLockProofWorker$1.run(DeadLockProofWorker.java:42)
	... 3 more
[2016-03-30 14:02:01,998][TRACE][org.elasticsearch.discovery.zen.ping.unicast] [node_t1] [3] connecting (light) to {#zen_unicast_9#}{::1}{[::1]:9663}
[2016-03-30 14:02:01,998][TRACE][org.elasticsearch.discovery.zen.ping.unicast] [node_t1] replacing {node_t2}{D8L07SziRtqglEhU0dOiNA}{127.0.0.1}{127.0.0.1:9660}[mode=>network] with temp node {#zen_unicast_13_D8L07SziRtqglEhU0dOiNA#}{127.0.0.1}{127.0.0.1:9660}[mode=>network]
[2016-03-30 14:02:01,999][TRACE][org.elasticsearch.discovery.zen.ping.unicast] [node_t1] [3] failed to connect to {#zen_unicast_10#}{::1}{[::1]:9664}
ConnectTransportException[[][[::1]:9664] connect_timeout[30s]]; nested: ConnectException[Connection refused: /0:0:0:0:0:0:0:1:9664];
	at org.elasticsearch.transport.netty.NettyTransport.connectToChannelsLight(NettyTransport.java:948)
	at org.elasticsearch.transport.netty.NettyTransport.connectToNode(NettyTransport.java:912)
	at org.elasticsearch.transport.netty.NettyTransport.connectToNodeLight(NettyTransport.java:884)
	at org.elasticsearch.test.transport.MockTransportService$LookupTestTransport.connectToNodeLight(MockTransportService.java:412)
	at org.elasticsearch.transport.TransportService.connectToNodeLight(TransportService.java:250)
	at org.elasticsearch.discovery.zen.ping.unicast.UnicastZenPing$3.run(UnicastZenPing.java:395)
	at java.util.concurrent.ThreadPoolExecutor.runWorker(ThreadPoolExecutor.java:1142)
	at java.util.concurrent.ThreadPoolExecutor$Worker.run(ThreadPoolExecutor.java:617)
	at java.lang.Thread.run(Thread.java:745)
Caused by: java.net.ConnectException: Connection refused: /0:0:0:0:0:0:0:1:9664
	at sun.nio.ch.SocketChannelImpl.checkConnect(Native Method)
	at sun.nio.ch.SocketChannelImpl.finishConnect(SocketChannelImpl.java:717)
	at org.jboss.netty.channel.socket.nio.NioClientBoss.connect(NioClientBoss.java:152)
	at org.jboss.netty.channel.socket.nio.NioClientBoss.processSelectedKeys(NioClientBoss.java:105)
	at org.jboss.netty.channel.socket.nio.NioClientBoss.process(NioClientBoss.java:79)
	at org.jboss.netty.channel.socket.nio.AbstractNioSelector.run(AbstractNioSelector.java:337)
	at org.jboss.netty.channel.socket.nio.NioClientBoss.run(NioClientBoss.java:42)
	at org.jboss.netty.util.ThreadRenamingRunnable.run(ThreadRenamingRunnable.java:108)
	at org.jboss.netty.util.internal.DeadLockProofWorker$1.run(DeadLockProofWorker.java:42)
	... 3 more
[2016-03-30 14:02:01,999][TRACE][org.elasticsearch.discovery.zen.ping.unicast] [node_t1] [3] failed to connect to {#zen_unicast_8#}{::1}{[::1]:9662}
ConnectTransportException[[][[::1]:9662] connect_timeout[30s]]; nested: ConnectException[Connection refused: /0:0:0:0:0:0:0:1:9662];
	at org.elasticsearch.transport.netty.NettyTransport.connectToChannelsLight(NettyTransport.java:948)
	at org.elasticsearch.transport.netty.NettyTransport.connectToNode(NettyTransport.java:912)
	at org.elasticsearch.transport.netty.NettyTransport.connectToNodeLight(NettyTransport.java:884)
	at org.elasticsearch.test.transport.MockTransportService$LookupTestTransport.connectToNodeLight(MockTransportService.java:412)
	at org.elasticsearch.transport.TransportService.connectToNodeLight(TransportService.java:250)
	at org.elasticsearch.discovery.zen.ping.unicast.UnicastZenPing$3.run(UnicastZenPing.java:395)
	at java.util.concurrent.ThreadPoolExecutor.runWorker(ThreadPoolExecutor.java:1142)
	at java.util.concurrent.ThreadPoolExecutor$Worker.run(ThreadPoolExecutor.java:617)
	at java.lang.Thread.run(Thread.java:745)
Caused by: java.net.ConnectException: Connection refused: /0:0:0:0:0:0:0:1:9662
	at sun.nio.ch.SocketChannelImpl.checkConnect(Native Method)
	at sun.nio.ch.SocketChannelImpl.finishConnect(SocketChannelImpl.java:717)
	at org.jboss.netty.channel.socket.nio.NioClientBoss.connect(NioClientBoss.java:152)
	at org.jboss.netty.channel.socket.nio.NioClientBoss.processSelectedKeys(NioClientBoss.java:105)
	at org.jboss.netty.channel.socket.nio.NioClientBoss.process(NioClientBoss.java:79)
	at org.jboss.netty.channel.socket.nio.AbstractNioSelector.run(AbstractNioSelector.java:337)
	at org.jboss.netty.channel.socket.nio.NioClientBoss.run(NioClientBoss.java:42)
	at org.jboss.netty.util.ThreadRenamingRunnable.run(ThreadRenamingRunnable.java:108)
	at org.jboss.netty.util.internal.DeadLockProofWorker$1.run(DeadLockProofWorker.java:42)
	... 3 more
[2016-03-30 14:02:01,999][TRACE][org.elasticsearch.discovery.zen.ping.unicast] [node_t1] [3] connected to {#zen_unicast_6#}{::1}{[::1]:9660}
[2016-03-30 14:02:01,998][TRACE][org.elasticsearch.discovery.zen.ping.unicast] [node_t1] [3] received response from {#zen_unicast_1#}{127.0.0.1}{127.0.0.1:9660}: [ping_response{node [{node_t2}{D8L07SziRtqglEhU0dOiNA}{127.0.0.1}{127.0.0.1:9660}[mode=>network]], id[858], master [null], hasJoinedOnce [false], cluster_name[TEST-CHILD_VM=[2]-CLUSTER_SEED=[2858301384796425155]-HASH=[462C14F99751D]-cluster]}, ping_response{node [{node_t2}{D8L07SziRtqglEhU0dOiNA}{127.0.0.1}{127.0.0.1:9660}[mode=>network]], id[858], master [null], hasJoinedOnce [false], cluster_name[TEST-CHILD_VM=[2]-CLUSTER_SEED=[2858301384796425155]-HASH=[462C14F99751D]-cluster]}, ping_response{node [{node_t2}{D8L07SziRtqglEhU0dOiNA}{127.0.0.1}{127.0.0.1:9660}[mode=>network]], id[858], master [null], hasJoinedOnce [false], cluster_name[TEST-CHILD_VM=[2]-CLUSTER_SEED=[2858301384796425155]-HASH=[462C14F99751D]-cluster]}, ping_response{node [{node_t1}{lk7U_niVSKyTWpmVoV3sIA}{127.0.0.1}{127.0.0.1:9661}[mode=>network]], id[864], master [null], hasJoinedOnce [true], cluster_name[TEST-CHILD_VM=[2]-CLUSTER_SEED=[2858301384796425155]-HASH=[462C14F99751D]-cluster]}, ping_response{node [{node_t2}{D8L07SziRtqglEhU0dOiNA}{127.0.0.1}{127.0.0.1:9660}[mode=>network]], id[867], master [null], hasJoinedOnce [false], cluster_name[TEST-CHILD_VM=[2]-CLUSTER_SEED=[2858301384796425155]-HASH=[462C14F99751D]-cluster]}]
[2016-03-30 14:02:01,998][TRACE][org.elasticsearch.discovery.zen.ping.unicast] [node_t1] [3] failed to connect to {#zen_unicast_3#}{127.0.0.1}{127.0.0.1:9662}
ConnectTransportException[[][127.0.0.1:9662] connect_timeout[30s]]; nested: ConnectException[Connection refused: /127.0.0.1:9662];
	at org.elasticsearch.transport.netty.NettyTransport.connectToChannelsLight(NettyTransport.java:948)
	at org.elasticsearch.transport.netty.NettyTransport.connectToNode(NettyTransport.java:912)
	at org.elasticsearch.transport.netty.NettyTransport.connectToNodeLight(NettyTransport.java:884)
	at org.elasticsearch.test.transport.MockTransportService$LookupTestTransport.connectToNodeLight(MockTransportService.java:412)
	at org.elasticsearch.transport.TransportService.connectToNodeLight(TransportService.java:250)
	at org.elasticsearch.discovery.zen.ping.unicast.UnicastZenPing$3.run(UnicastZenPing.java:395)
	at java.util.concurrent.ThreadPoolExecutor.runWorker(ThreadPoolExecutor.java:1142)
	at java.util.concurrent.ThreadPoolExecutor$Worker.run(ThreadPoolExecutor.java:617)
	at java.lang.Thread.run(Thread.java:745)
Caused by: java.net.ConnectException: Connection refused: /127.0.0.1:9662
	at sun.nio.ch.SocketChannelImpl.checkConnect(Native Method)
	at sun.nio.ch.SocketChannelImpl.finishConnect(SocketChannelImpl.java:717)
	at org.jboss.netty.channel.socket.nio.NioClientBoss.connect(NioClientBoss.java:152)
	at org.jboss.netty.channel.socket.nio.NioClientBoss.processSelectedKeys(NioClientBoss.java:105)
	at org.jboss.netty.channel.socket.nio.NioClientBoss.process(NioClientBoss.java:79)
	at org.jboss.netty.channel.socket.nio.AbstractNioSelector.run(AbstractNioSelector.java:337)
	at org.jboss.netty.channel.socket.nio.NioClientBoss.run(NioClientBoss.java:42)
	at org.jboss.netty.util.ThreadRenamingRunnable.run(ThreadRenamingRunnable.java:108)
	at org.jboss.netty.util.internal.DeadLockProofWorker$1.run(DeadLockProofWorker.java:42)
	... 3 more
[2016-03-30 14:02:02,001][TRACE][org.elasticsearch.discovery.zen.ping.unicast] [node_t1] [3] received response from {#zen_unicast_7#}{::1}{[::1]:9661}: [ping_response{node [{node_t1}{lk7U_niVSKyTWpmVoV3sIA}{127.0.0.1}{127.0.0.1:9661}[mode=>network]], id[842], master [null], hasJoinedOnce [true], cluster_name[TEST-CHILD_VM=[2]-CLUSTER_SEED=[2858301384796425155]-HASH=[462C14F99751D]-cluster]}, ping_response{node [{node_t1}{lk7U_niVSKyTWpmVoV3sIA}{127.0.0.1}{127.0.0.1:9661}[mode=>network]], id[842], master [null], hasJoinedOnce [true], cluster_name[TEST-CHILD_VM=[2]-CLUSTER_SEED=[2858301384796425155]-HASH=[462C14F99751D]-cluster]}, ping_response{node [{node_t1}{lk7U_niVSKyTWpmVoV3sIA}{127.0.0.1}{127.0.0.1:9661}[mode=>network]], id[842], master [null], hasJoinedOnce [true], cluster_name[TEST-CHILD_VM=[2]-CLUSTER_SEED=[2858301384796425155]-HASH=[462C14F99751D]-cluster]}, ping_response{node [{node_t1}{lk7U_niVSKyTWpmVoV3sIA}{127.0.0.1}{127.0.0.1:9661}[mode=>network]], id[846], master [null], hasJoinedOnce [true], cluster_name[TEST-CHILD_VM=[2]-CLUSTER_SEED=[2858301384796425155]-HASH=[462C14F99751D]-cluster]}, ping_response{node [{node_t1}{lk7U_niVSKyTWpmVoV3sIA}{127.0.0.1}{127.0.0.1:9661}[mode=>network]], id[846], master [null], hasJoinedOnce [true], cluster_name[TEST-CHILD_VM=[2]-CLUSTER_SEED=[2858301384796425155]-HASH=[462C14F99751D]-cluster]}, ping_response{node [{node_t1}{lk7U_niVSKyTWpmVoV3sIA}{127.0.0.1}{127.0.0.1:9661}[mode=>network]], id[846], master [null], hasJoinedOnce [true], cluster_name[TEST-CHILD_VM=[2]-CLUSTER_SEED=[2858301384796425155]-HASH=[462C14F99751D]-cluster]}, ping_response{node [{node_t1}{lk7U_niVSKyTWpmVoV3sIA}{127.0.0.1}{127.0.0.1:9661}[mode=>network]], id[850], master [null], hasJoinedOnce [true], cluster_name[TEST-CHILD_VM=[2]-CLUSTER_SEED=[2858301384796425155]-HASH=[462C14F99751D]-cluster]}, ping_response{node [{node_t1}{lk7U_niVSKyTWpmVoV3sIA}{127.0.0.1}{127.0.0.1:9661}[mode=>network]], id[850], master [null], hasJoinedOnce [true], cluster_name[TEST-CHILD_VM=[2]-CLUSTER_SEED=[2858301384796425155]-HASH=[462C14F99751D]-cluster]}, ping_response{node [{node_t1}{lk7U_niVSKyTWpmVoV3sIA}{127.0.0.1}{127.0.0.1:9661}[mode=>network]], id[850], master [null], hasJoinedOnce [true], cluster_name[TEST-CHILD_VM=[2]-CLUSTER_SEED=[2858301384796425155]-HASH=[462C14F99751D]-cluster]}, ping_response{node [{node_t1}{lk7U_niVSKyTWpmVoV3sIA}{127.0.0.1}{127.0.0.1:9661}[mode=>network]], id[854], master [null], hasJoinedOnce [true], cluster_name[TEST-CHILD_VM=[2]-CLUSTER_SEED=[2858301384796425155]-HASH=[462C14F99751D]-cluster]}, ping_response{node [{node_t1}{lk7U_niVSKyTWpmVoV3sIA}{127.0.0.1}{127.0.0.1:9661}[mode=>network]], id[854], master [null], hasJoinedOnce [true], cluster_name[TEST-CHILD_VM=[2]-CLUSTER_SEED=[2858301384796425155]-HASH=[462C14F99751D]-cluster]}, ping_response{node [{node_t1}{lk7U_niVSKyTWpmVoV3sIA}{127.0.0.1}{127.0.0.1:9661}[mode=>network]], id[854], master [null], hasJoinedOnce [true], cluster_name[TEST-CHILD_VM=[2]-CLUSTER_SEED=[2858301384796425155]-HASH=[462C14F99751D]-cluster]}, ping_response{node [{node_t2}{D8L07SziRtqglEhU0dOiNA}{127.0.0.1}{127.0.0.1:9660}[mode=>network]], id[858], master [null], hasJoinedOnce [false], cluster_name[TEST-CHILD_VM=[2]-CLUSTER_SEED=[2858301384796425155]-HASH=[462C14F99751D]-cluster]}, ping_response{node [{node_t2}{D8L07SziRtqglEhU0dOiNA}{127.0.0.1}{127.0.0.1:9660}[mode=>network]], id[858], master [null], hasJoinedOnce [false], cluster_name[TEST-CHILD_VM=[2]-CLUSTER_SEED=[2858301384796425155]-HASH=[462C14F99751D]-cluster]}, ping_response{node [{node_t1}{lk7U_niVSKyTWpmVoV3sIA}{127.0.0.1}{127.0.0.1:9661}[mode=>network]], id[864], master [null], hasJoinedOnce [true], cluster_name[TEST-CHILD_VM=[2]-CLUSTER_SEED=[2858301384796425155]-HASH=[462C14F99751D]-cluster]}, ping_response{node [{node_t1}{lk7U_niVSKyTWpmVoV3sIA}{127.0.0.1}{127.0.0.1:9661}[mode=>network]], id[864], master [null], hasJoinedOnce [true], cluster_name[TEST-CHILD_VM=[2]-CLUSTER_SEED=[2858301384796425155]-HASH=[462C14F99751D]-cluster]}, ping_response{node [{node_t1}{lk7U_niVSKyTWpmVoV3sIA}{127.0.0.1}{127.0.0.1:9661}[mode=>network]], id[866], master [null], hasJoinedOnce [true], cluster_name[TEST-CHILD_VM=[2]-CLUSTER_SEED=[2858301384796425155]-HASH=[462C14F99751D]-cluster]}]
[2016-03-30 14:02:02,000][TRACE][org.elasticsearch.discovery.zen.ping.unicast] [node_t1] [3] sending to {#zen_unicast_6#}{::1}{[::1]:9660}
[2016-03-30 14:02:01,999][TRACE][org.elasticsearch.discovery.zen.ping.unicast] [node_t1] [3] failed to connect to {#zen_unicast_9#}{::1}{[::1]:9663}
ConnectTransportException[[][[::1]:9663] connect_timeout[30s]]; nested: ConnectException[Connection refused: /0:0:0:0:0:0:0:1:9663];
	at org.elasticsearch.transport.netty.NettyTransport.connectToChannelsLight(NettyTransport.java:948)
	at org.elasticsearch.transport.netty.NettyTransport.connectToNode(NettyTransport.java:912)
	at org.elasticsearch.transport.netty.NettyTransport.connectToNodeLight(NettyTransport.java:884)
	at org.elasticsearch.test.transport.MockTransportService$LookupTestTransport.connectToNodeLight(MockTransportService.java:412)
	at org.elasticsearch.transport.TransportService.connectToNodeLight(TransportService.java:250)
	at org.elasticsearch.discovery.zen.ping.unicast.UnicastZenPing$3.run(UnicastZenPing.java:395)
	at java.util.concurrent.ThreadPoolExecutor.runWorker(ThreadPoolExecutor.java:1142)
	at java.util.concurrent.ThreadPoolExecutor$Worker.run(ThreadPoolExecutor.java:617)
	at java.lang.Thread.run(Thread.java:745)
Caused by: java.net.ConnectException: Connection refused: /0:0:0:0:0:0:0:1:9663
	at sun.nio.ch.SocketChannelImpl.checkConnect(Native Method)
	at sun.nio.ch.SocketChannelImpl.finishConnect(SocketChannelImpl.java:717)
	at org.jboss.netty.channel.socket.nio.NioClientBoss.connect(NioClientBoss.java:152)
	at org.jboss.netty.channel.socket.nio.NioClientBoss.processSelectedKeys(NioClientBoss.java:105)
	at org.jboss.netty.channel.socket.nio.NioClientBoss.process(NioClientBoss.java:79)
	at org.jboss.netty.channel.socket.nio.AbstractNioSelector.run(AbstractNioSelector.java:337)
	at org.jboss.netty.channel.socket.nio.NioClientBoss.run(NioClientBoss.java:42)
	at org.jboss.netty.util.ThreadRenamingRunnable.run(ThreadRenamingRunnable.java:108)
	at org.jboss.netty.util.internal.DeadLockProofWorker$1.run(DeadLockProofWorker.java:42)
	... 3 more
[2016-03-30 14:02:01,999][TRACE][org.elasticsearch.discovery.zen.ping.unicast] [node_t1] [3] connecting (light) to {#zen_unicast_13_D8L07SziRtqglEhU0dOiNA#}{127.0.0.1}{127.0.0.1:9660}[mode=>network]
[2016-03-30 14:02:01,999][TRACE][org.elasticsearch.discovery.zen.ping.unicast] [node_t1] [3] sending to {node_t1}{lk7U_niVSKyTWpmVoV3sIA}{127.0.0.1}{127.0.0.1:9661}[mode=>network]
[2016-03-30 14:02:02,002][TRACE][org.elasticsearch.discovery.zen.ping.unicast] [node_t1] [3] received response from {#zen_unicast_6#}{::1}{[::1]:9660}: [ping_response{node [{node_t2}{D8L07SziRtqglEhU0dOiNA}{127.0.0.1}{127.0.0.1:9660}[mode=>network]], id[858], master [null], hasJoinedOnce [false], cluster_name[TEST-CHILD_VM=[2]-CLUSTER_SEED=[2858301384796425155]-HASH=[462C14F99751D]-cluster]}, ping_response{node [{node_t2}{D8L07SziRtqglEhU0dOiNA}{127.0.0.1}{127.0.0.1:9660}[mode=>network]], id[858], master [null], hasJoinedOnce [false], cluster_name[TEST-CHILD_VM=[2]-CLUSTER_SEED=[2858301384796425155]-HASH=[462C14F99751D]-cluster]}, ping_response{node [{node_t2}{D8L07SziRtqglEhU0dOiNA}{127.0.0.1}{127.0.0.1:9660}[mode=>network]], id[858], master [null], hasJoinedOnce [false], cluster_name[TEST-CHILD_VM=[2]-CLUSTER_SEED=[2858301384796425155]-HASH=[462C14F99751D]-cluster]}, ping_response{node [{node_t1}{lk7U_niVSKyTWpmVoV3sIA}{127.0.0.1}{127.0.0.1:9661}[mode=>network]], id[864], master [null], hasJoinedOnce [true], cluster_name[TEST-CHILD_VM=[2]-CLUSTER_SEED=[2858301384796425155]-HASH=[462C14F99751D]-cluster]}, ping_response{node [{node_t1}{lk7U_niVSKyTWpmVoV3sIA}{127.0.0.1}{127.0.0.1:9661}[mode=>network]], id[864], master [null], hasJoinedOnce [true], cluster_name[TEST-CHILD_VM=[2]-CLUSTER_SEED=[2858301384796425155]-HASH=[462C14F99751D]-cluster]}, ping_response{node [{node_t2}{D8L07SziRtqglEhU0dOiNA}{127.0.0.1}{127.0.0.1:9660}[mode=>network]], id[868], master [null], hasJoinedOnce [false], cluster_name[TEST-CHILD_VM=[2]-CLUSTER_SEED=[2858301384796425155]-HASH=[462C14F99751D]-cluster]}]
[2016-03-30 14:02:02,002][TRACE][org.elasticsearch.discovery.zen.ping.unicast] [node_t1] [3] received response from {node_t1}{lk7U_niVSKyTWpmVoV3sIA}{127.0.0.1}{127.0.0.1:9661}[mode=>network]: [ping_response{node [{node_t1}{lk7U_niVSKyTWpmVoV3sIA}{127.0.0.1}{127.0.0.1:9661}[mode=>network]], id[842], master [null], hasJoinedOnce [true], cluster_name[TEST-CHILD_VM=[2]-CLUSTER_SEED=[2858301384796425155]-HASH=[462C14F99751D]-cluster]}, ping_response{node [{node_t1}{lk7U_niVSKyTWpmVoV3sIA}{127.0.0.1}{127.0.0.1:9661}[mode=>network]], id[842], master [null], hasJoinedOnce [true], cluster_name[TEST-CHILD_VM=[2]-CLUSTER_SEED=[2858301384796425155]-HASH=[462C14F99751D]-cluster]}, ping_response{node [{node_t1}{lk7U_niVSKyTWpmVoV3sIA}{127.0.0.1}{127.0.0.1:9661}[mode=>network]], id[842], master [null], hasJoinedOnce [true], cluster_name[TEST-CHILD_VM=[2]-CLUSTER_SEED=[2858301384796425155]-HASH=[462C14F99751D]-cluster]}, ping_response{node [{node_t1}{lk7U_niVSKyTWpmVoV3sIA}{127.0.0.1}{127.0.0.1:9661}[mode=>network]], id[846], master [null], hasJoinedOnce [true], cluster_name[TEST-CHILD_VM=[2]-CLUSTER_SEED=[2858301384796425155]-HASH=[462C14F99751D]-cluster]}, ping_response{node [{node_t1}{lk7U_niVSKyTWpmVoV3sIA}{127.0.0.1}{127.0.0.1:9661}[mode=>network]], id[846], master [null], hasJoinedOnce [true], cluster_name[TEST-CHILD_VM=[2]-CLUSTER_SEED=[2858301384796425155]-HASH=[462C14F99751D]-cluster]}, ping_response{node [{node_t1}{lk7U_niVSKyTWpmVoV3sIA}{127.0.0.1}{127.0.0.1:9661}[mode=>network]], id[846], master [null], hasJoinedOnce [true], cluster_name[TEST-CHILD_VM=[2]-CLUSTER_SEED=[2858301384796425155]-HASH=[462C14F99751D]-cluster]}, ping_response{node [{node_t1}{lk7U_niVSKyTWpmVoV3sIA}{127.0.0.1}{127.0.0.1:9661}[mode=>network]], id[850], master [null], hasJoinedOnce [true], cluster_name[TEST-CHILD_VM=[2]-CLUSTER_SEED=[2858301384796425155]-HASH=[462C14F99751D]-cluster]}, ping_response{node [{node_t1}{lk7U_niVSKyTWpmVoV3sIA}{127.0.0.1}{127.0.0.1:9661}[mode=>network]], id[850], master [null], hasJoinedOnce [true], cluster_name[TEST-CHILD_VM=[2]-CLUSTER_SEED=[2858301384796425155]-HASH=[462C14F99751D]-cluster]}, ping_response{node [{node_t1}{lk7U_niVSKyTWpmVoV3sIA}{127.0.0.1}{127.0.0.1:9661}[mode=>network]], id[850], master [null], hasJoinedOnce [true], cluster_name[TEST-CHILD_VM=[2]-CLUSTER_SEED=[2858301384796425155]-HASH=[462C14F99751D]-cluster]}, ping_response{node [{node_t1}{lk7U_niVSKyTWpmVoV3sIA}{127.0.0.1}{127.0.0.1:9661}[mode=>network]], id[854], master [null], hasJoinedOnce [true], cluster_name[TEST-CHILD_VM=[2]-CLUSTER_SEED=[2858301384796425155]-HASH=[462C14F99751D]-cluster]}, ping_response{node [{node_t1}{lk7U_niVSKyTWpmVoV3sIA}{127.0.0.1}{127.0.0.1:9661}[mode=>network]], id[854], master [null], hasJoinedOnce [true], cluster_name[TEST-CHILD_VM=[2]-CLUSTER_SEED=[2858301384796425155]-HASH=[462C14F99751D]-cluster]}, ping_response{node [{node_t1}{lk7U_niVSKyTWpmVoV3sIA}{127.0.0.1}{127.0.0.1:9661}[mode=>network]], id[854], master [null], hasJoinedOnce [true], cluster_name[TEST-CHILD_VM=[2]-CLUSTER_SEED=[2858301384796425155]-HASH=[462C14F99751D]-cluster]}, ping_response{node [{node_t2}{D8L07SziRtqglEhU0dOiNA}{127.0.0.1}{127.0.0.1:9660}[mode=>network]], id[858], master [null], hasJoinedOnce [false], cluster_name[TEST-CHILD_VM=[2]-CLUSTER_SEED=[2858301384796425155]-HASH=[462C14F99751D]-cluster]}, ping_response{node [{node_t2}{D8L07SziRtqglEhU0dOiNA}{127.0.0.1}{127.0.0.1:9660}[mode=>network]], id[858], master [null], hasJoinedOnce [false], cluster_name[TEST-CHILD_VM=[2]-CLUSTER_SEED=[2858301384796425155]-HASH=[462C14F99751D]-cluster]}, ping_response{node [{node_t1}{lk7U_niVSKyTWpmVoV3sIA}{127.0.0.1}{127.0.0.1:9661}[mode=>network]], id[864], master [null], hasJoinedOnce [true], cluster_name[TEST-CHILD_VM=[2]-CLUSTER_SEED=[2858301384796425155]-HASH=[462C14F99751D]-cluster]}, ping_response{node [{node_t1}{lk7U_niVSKyTWpmVoV3sIA}{127.0.0.1}{127.0.0.1:9661}[mode=>network]], id[864], master [null], hasJoinedOnce [true], cluster_name[TEST-CHILD_VM=[2]-CLUSTER_SEED=[2858301384796425155]-HASH=[462C14F99751D]-cluster]}, ping_response{node [{node_t1}{lk7U_niVSKyTWpmVoV3sIA}{127.0.0.1}{127.0.0.1:9661}[mode=>network]], id[864], master [null], hasJoinedOnce [true], cluster_name[TEST-CHILD_VM=[2]-CLUSTER_SEED=[2858301384796425155]-HASH=[462C14F99751D]-cluster]}, ping_response{node [{node_t1}{lk7U_niVSKyTWpmVoV3sIA}{127.0.0.1}{127.0.0.1:9661}[mode=>network]], id[869], master [null], hasJoinedOnce [true], cluster_name[TEST-CHILD_VM=[2]-CLUSTER_SEED=[2858301384796425155]-HASH=[462C14F99751D]-cluster]}]
[2016-03-30 14:02:02,003][TRACE][org.elasticsearch.discovery.zen.ping.unicast] [node_t1] [3] connected to {node_t2}{D8L07SziRtqglEhU0dOiNA}{127.0.0.1}{127.0.0.1:9660}[mode=>network]
[2016-03-30 14:02:02,003][TRACE][org.elasticsearch.discovery.zen.ping.unicast] [node_t1] [3] sending to {#zen_unicast_13_D8L07SziRtqglEhU0dOiNA#}{127.0.0.1}{127.0.0.1:9660}[mode=>network]
[2016-03-30 14:02:02,004][TRACE][org.elasticsearch.discovery.zen.ping.unicast] [node_t1] [3] received response from {#zen_unicast_13_D8L07SziRtqglEhU0dOiNA#}{127.0.0.1}{127.0.0.1:9660}[mode=>network]: [ping_response{node [{node_t2}{D8L07SziRtqglEhU0dOiNA}{127.0.0.1}{127.0.0.1:9660}[mode=>network]], id[858], master [null], hasJoinedOnce [false], cluster_name[TEST-CHILD_VM=[2]-CLUSTER_SEED=[2858301384796425155]-HASH=[462C14F99751D]-cluster]}, ping_response{node [{node_t2}{D8L07SziRtqglEhU0dOiNA}{127.0.0.1}{127.0.0.1:9660}[mode=>network]], id[858], master [null], hasJoinedOnce [false], cluster_name[TEST-CHILD_VM=[2]-CLUSTER_SEED=[2858301384796425155]-HASH=[462C14F99751D]-cluster]}, ping_response{node [{node_t2}{D8L07SziRtqglEhU0dOiNA}{127.0.0.1}{127.0.0.1:9660}[mode=>network]], id[858], master [null], hasJoinedOnce [false], cluster_name[TEST-CHILD_VM=[2]-CLUSTER_SEED=[2858301384796425155]-HASH=[462C14F99751D]-cluster]}, ping_response{node [{node_t1}{lk7U_niVSKyTWpmVoV3sIA}{127.0.0.1}{127.0.0.1:9661}[mode=>network]], id[864], master [null], hasJoinedOnce [true], cluster_name[TEST-CHILD_VM=[2]-CLUSTER_SEED=[2858301384796425155]-HASH=[462C14F99751D]-cluster]}, ping_response{node [{node_t1}{lk7U_niVSKyTWpmVoV3sIA}{127.0.0.1}{127.0.0.1:9661}[mode=>network]], id[864], master [null], hasJoinedOnce [true], cluster_name[TEST-CHILD_VM=[2]-CLUSTER_SEED=[2858301384796425155]-HASH=[462C14F99751D]-cluster]}, ping_response{node [{node_t1}{lk7U_niVSKyTWpmVoV3sIA}{127.0.0.1}{127.0.0.1:9661}[mode=>network]], id[864], master [null], hasJoinedOnce [true], cluster_name[TEST-CHILD_VM=[2]-CLUSTER_SEED=[2858301384796425155]-HASH=[462C14F99751D]-cluster]}, ping_response{node [{node_t2}{D8L07SziRtqglEhU0dOiNA}{127.0.0.1}{127.0.0.1:9660}[mode=>network]], id[870], master [null], hasJoinedOnce [false], cluster_name[TEST-CHILD_VM=[2]-CLUSTER_SEED=[2858301384796425155]-HASH=[462C14F99751D]-cluster]}]
[2016-03-30 14:02:02,004][TRACE][org.elasticsearch.discovery.zen.ping.unicast] [node_t1] [3] disconnecting from {#zen_unicast_13_D8L07SziRtqglEhU0dOiNA#}{127.0.0.1}{127.0.0.1:9660}[mode=>network]
[2016-03-30 14:02:02,004][TRACE][org.elasticsearch.discovery.zen] [node_t1] full ping responses:
	--> ping_response{node [{node_t2}{D8L07SziRtqglEhU0dOiNA}{127.0.0.1}{127.0.0.1:9660}[mode=>network]], id[870], master [null], hasJoinedOnce [false], cluster_name[TEST-CHILD_VM=[2]-CLUSTER_SEED=[2858301384796425155]-HASH=[462C14F99751D]-cluster]}
[2016-03-30 14:02:02,004][DEBUG][org.elasticsearch.discovery.zen] [node_t1] filtered ping responses: (filter_client[true], filter_data[false])
	--> ping_response{node [{node_t2}{D8L07SziRtqglEhU0dOiNA}{127.0.0.1}{127.0.0.1:9660}[mode=>network]], id[870], master [null], hasJoinedOnce [false], cluster_name[TEST-CHILD_VM=[2]-CLUSTER_SEED=[2858301384796425155]-HASH=[462C14F99751D]-cluster]}
[2016-03-30 14:02:02,004][TRACE][org.elasticsearch.discovery.zen.ping.unicast] [node_t1] [3] disconnecting from {#zen_unicast_1#}{127.0.0.1}{127.0.0.1:9660}
[2016-03-30 14:02:02,004][TRACE][org.elasticsearch.discovery.zen] [node_t1] adding local node to the list of active nodes who has previously joined the cluster (joins counter is [1})
[2016-03-30 14:02:02,004][DEBUG][org.elasticsearch.discovery.zen] [node_t1] elected as master, waiting for incoming joins ([1] needed)
[2016-03-30 14:02:02,004][TRACE][org.elasticsearch.discovery.zen.ping.unicast] [node_t1] [3] disconnecting from {#zen_unicast_6#}{::1}{[::1]:9660}
[2016-03-30 14:02:02,005][TRACE][org.elasticsearch.discovery.zen] [node_t1] not enough joins for election. Got [0], required [1]
[2016-03-30 14:02:02,005][TRACE][org.elasticsearch.discovery.zen.ping.unicast] [node_t1] [3] disconnecting from {#zen_unicast_5#}{127.0.0.1}{127.0.0.1:9664}
[2016-03-30 14:02:02,005][TRACE][org.elasticsearch.discovery.zen.ping.unicast] [node_t1] [3] disconnecting from {#zen_unicast_4#}{127.0.0.1}{127.0.0.1:9663}
[2016-03-30 14:02:02,005][TRACE][org.elasticsearch.discovery.zen.ping.unicast] [node_t1] [3] disconnecting from {#zen_unicast_3#}{127.0.0.1}{127.0.0.1:9662}
[2016-03-30 14:02:02,005][TRACE][org.elasticsearch.discovery.zen.ping.unicast] [node_t1] [3] disconnecting from {#zen_unicast_10#}{::1}{[::1]:9664}
[2016-03-30 14:02:02,005][TRACE][org.elasticsearch.discovery.zen.ping.unicast] [node_t1] [3] disconnecting from {#zen_unicast_9#}{::1}{[::1]:9663}
[2016-03-30 14:02:02,005][TRACE][org.elasticsearch.discovery.zen.ping.unicast] [node_t1] [3] disconnecting from {#zen_unicast_8#}{::1}{[::1]:9662}
[2016-03-30 14:02:02,005][TRACE][org.elasticsearch.discovery.zen.ping.unicast] [node_t1] [3] disconnecting from {#zen_unicast_7#}{::1}{[::1]:9661}
[2016-03-30 14:02:02,059][TRACE][org.elasticsearch.discovery.zen.ping.unicast] [node_t2] [1] sending to {node_t2}{D8L07SziRtqglEhU0dOiNA}{127.0.0.1}{127.0.0.1:9660}[mode=>network]
[2016-03-30 14:02:02,060][TRACE][org.elasticsearch.discovery.zen.ping.unicast] [node_t2] [1] received response from {node_t2}{D8L07SziRtqglEhU0dOiNA}{127.0.0.1}{127.0.0.1:9660}[mode=>network]: [ping_response{node [{node_t2}{D8L07SziRtqglEhU0dOiNA}{127.0.0.1}{127.0.0.1:9660}[mode=>network]], id[858], master [null], hasJoinedOnce [false], cluster_name[TEST-CHILD_VM=[2]-CLUSTER_SEED=[2858301384796425155]-HASH=[462C14F99751D]-cluster]}, ping_response{node [{node_t2}{D8L07SziRtqglEhU0dOiNA}{127.0.0.1}{127.0.0.1:9660}[mode=>network]], id[858], master [null], hasJoinedOnce [false], cluster_name[TEST-CHILD_VM=[2]-CLUSTER_SEED=[2858301384796425155]-HASH=[462C14F99751D]-cluster]}, ping_response{node [{node_t2}{D8L07SziRtqglEhU0dOiNA}{127.0.0.1}{127.0.0.1:9660}[mode=>network]], id[858], master [null], hasJoinedOnce [false], cluster_name[TEST-CHILD_VM=[2]-CLUSTER_SEED=[2858301384796425155]-HASH=[462C14F99751D]-cluster]}, ping_response{node [{node_t1}{lk7U_niVSKyTWpmVoV3sIA}{127.0.0.1}{127.0.0.1:9661}[mode=>network]], id[864], master [null], hasJoinedOnce [true], cluster_name[TEST-CHILD_VM=[2]-CLUSTER_SEED=[2858301384796425155]-HASH=[462C14F99751D]-cluster]}, ping_response{node [{node_t1}{lk7U_niVSKyTWpmVoV3sIA}{127.0.0.1}{127.0.0.1:9661}[mode=>network]], id[864], master [null], hasJoinedOnce [true], cluster_name[TEST-CHILD_VM=[2]-CLUSTER_SEED=[2858301384796425155]-HASH=[462C14F99751D]-cluster]}, ping_response{node [{node_t1}{lk7U_niVSKyTWpmVoV3sIA}{127.0.0.1}{127.0.0.1:9661}[mode=>network]], id[864], master [null], hasJoinedOnce [true], cluster_name[TEST-CHILD_VM=[2]-CLUSTER_SEED=[2858301384796425155]-HASH=[462C14F99751D]-cluster]}, ping_response{node [{node_t2}{D8L07SziRtqglEhU0dOiNA}{127.0.0.1}{127.0.0.1:9660}[mode=>network]], id[871], master [null], hasJoinedOnce [false], cluster_name[TEST-CHILD_VM=[2]-CLUSTER_SEED=[2858301384796425155]-HASH=[462C14F99751D]-cluster]}, ping_response{node [{node_t2}{D8L07SziRtqglEhU0dOiNA}{127.0.0.1}{127.0.0.1:9660}[mode=>network]], id[872], master [null], hasJoinedOnce [false], cluster_name[TEST-CHILD_VM=[2]-CLUSTER_SEED=[2858301384796425155]-HASH=[462C14F99751D]-cluster]}]
[2016-03-30 14:02:02,060][TRACE][org.elasticsearch.discovery.zen.ping.unicast] [node_t2] [1] sending to {#zen_unicast_2#}{127.0.0.1}{127.0.0.1:9661}
[2016-03-30 14:02:02,060][TRACE][org.elasticsearch.discovery.zen.ping.unicast] [node_t2] [1] connecting (light) to {#zen_unicast_3#}{127.0.0.1}{127.0.0.1:9662}
[2016-03-30 14:02:02,060][TRACE][org.elasticsearch.discovery.zen.ping.unicast] [node_t2] [1] connecting (light) to {#zen_unicast_4#}{127.0.0.1}{127.0.0.1:9663}
[2016-03-30 14:02:02,060][TRACE][org.elasticsearch.discovery.zen.ping.unicast] [node_t2] [1] connecting (light) to {#zen_unicast_5#}{127.0.0.1}{127.0.0.1:9664}
[2016-03-30 14:02:02,060][TRACE][org.elasticsearch.discovery.zen.ping.unicast] [node_t2] [1] sending to {#zen_unicast_6#}{::1}{[::1]:9660}
[2016-03-30 14:02:02,060][TRACE][org.elasticsearch.discovery.zen.ping.unicast] [node_t2] [1] sending to {#zen_unicast_7#}{::1}{[::1]:9661}
[2016-03-30 14:02:02,061][TRACE][org.elasticsearch.discovery.zen.ping.unicast] [node_t2] [1] connecting (light) to {#zen_unicast_8#}{::1}{[::1]:9662}
[2016-03-30 14:02:02,061][TRACE][org.elasticsearch.discovery.zen.ping.unicast] [node_t2] [1] connecting (light) to {#zen_unicast_10#}{::1}{[::1]:9664}
[2016-03-30 14:02:02,061][TRACE][org.elasticsearch.discovery.zen.ping.unicast] [node_t2] [1] sending to {node_t2}{D8L07SziRtqglEhU0dOiNA}{127.0.0.1}{127.0.0.1:9660}[mode=>network]
[2016-03-30 14:02:02,061][TRACE][org.elasticsearch.discovery.zen.ping.unicast] [node_t2] [1] connecting (light) to {#zen_unicast_9#}{::1}{[::1]:9663}
[2016-03-30 14:02:02,061][TRACE][org.elasticsearch.discovery.zen.ping.unicast] [node_t2] [1] received response from {#zen_unicast_2#}{127.0.0.1}{127.0.0.1:9661}: [ping_response{node [{node_t1}{lk7U_niVSKyTWpmVoV3sIA}{127.0.0.1}{127.0.0.1:9661}[mode=>network]], id[842], master [null], hasJoinedOnce [true], cluster_name[TEST-CHILD_VM=[2]-CLUSTER_SEED=[2858301384796425155]-HASH=[462C14F99751D]-cluster]}, ping_response{node [{node_t1}{lk7U_niVSKyTWpmVoV3sIA}{127.0.0.1}{127.0.0.1:9661}[mode=>network]], id[842], master [null], hasJoinedOnce [true], cluster_name[TEST-CHILD_VM=[2]-CLUSTER_SEED=[2858301384796425155]-HASH=[462C14F99751D]-cluster]}, ping_response{node [{node_t1}{lk7U_niVSKyTWpmVoV3sIA}{127.0.0.1}{127.0.0.1:9661}[mode=>network]], id[842], master [null], hasJoinedOnce [true], cluster_name[TEST-CHILD_VM=[2]-CLUSTER_SEED=[2858301384796425155]-HASH=[462C14F99751D]-cluster]}, ping_response{node [{node_t1}{lk7U_niVSKyTWpmVoV3sIA}{127.0.0.1}{127.0.0.1:9661}[mode=>network]], id[846], master [null], hasJoinedOnce [true], cluster_name[TEST-CHILD_VM=[2]-CLUSTER_SEED=[2858301384796425155]-HASH=[462C14F99751D]-cluster]}, ping_response{node [{node_t1}{lk7U_niVSKyTWpmVoV3sIA}{127.0.0.1}{127.0.0.1:9661}[mode=>network]], id[846], master [null], hasJoinedOnce [true], cluster_name[TEST-CHILD_VM=[2]-CLUSTER_SEED=[2858301384796425155]-HASH=[462C14F99751D]-cluster]}, ping_response{node [{node_t1}{lk7U_niVSKyTWpmVoV3sIA}{127.0.0.1}{127.0.0.1:9661}[mode=>network]], id[846], master [null], hasJoinedOnce [true], cluster_name[TEST-CHILD_VM=[2]-CLUSTER_SEED=[2858301384796425155]-HASH=[462C14F99751D]-cluster]}, ping_response{node [{node_t1}{lk7U_niVSKyTWpmVoV3sIA}{127.0.0.1}{127.0.0.1:9661}[mode=>network]], id[850], master [null], hasJoinedOnce [true], cluster_name[TEST-CHILD_VM=[2]-CLUSTER_SEED=[2858301384796425155]-HASH=[462C14F99751D]-cluster]}, ping_response{node [{node_t1}{lk7U_niVSKyTWpmVoV3sIA}{127.0.0.1}{127.0.0.1:9661}[mode=>network]], id[850], master [null], hasJoinedOnce [true], cluster_name[TEST-CHILD_VM=[2]-CLUSTER_SEED=[2858301384796425155]-HASH=[462C14F99751D]-cluster]}, ping_response{node [{node_t1}{lk7U_niVSKyTWpmVoV3sIA}{127.0.0.1}{127.0.0.1:9661}[mode=>network]], id[850], master [null], hasJoinedOnce [true], cluster_name[TEST-CHILD_VM=[2]-CLUSTER_SEED=[2858301384796425155]-HASH=[462C14F99751D]-cluster]}, ping_response{node [{node_t1}{lk7U_niVSKyTWpmVoV3sIA}{127.0.0.1}{127.0.0.1:9661}[mode=>network]], id[854], master [null], hasJoinedOnce [true], cluster_name[TEST-CHILD_VM=[2]-CLUSTER_SEED=[2858301384796425155]-HASH=[462C14F99751D]-cluster]}, ping_response{node [{node_t1}{lk7U_niVSKyTWpmVoV3sIA}{127.0.0.1}{127.0.0.1:9661}[mode=>network]], id[854], master [null], hasJoinedOnce [true], cluster_name[TEST-CHILD_VM=[2]-CLUSTER_SEED=[2858301384796425155]-HASH=[462C14F99751D]-cluster]}, ping_response{node [{node_t1}{lk7U_niVSKyTWpmVoV3sIA}{127.0.0.1}{127.0.0.1:9661}[mode=>network]], id[854], master [null], hasJoinedOnce [true], cluster_name[TEST-CHILD_VM=[2]-CLUSTER_SEED=[2858301384796425155]-HASH=[462C14F99751D]-cluster]}, ping_response{node [{node_t2}{D8L07SziRtqglEhU0dOiNA}{127.0.0.1}{127.0.0.1:9660}[mode=>network]], id[858], master [null], hasJoinedOnce [false], cluster_name[TEST-CHILD_VM=[2]-CLUSTER_SEED=[2858301384796425155]-HASH=[462C14F99751D]-cluster]}, ping_response{node [{node_t2}{D8L07SziRtqglEhU0dOiNA}{127.0.0.1}{127.0.0.1:9660}[mode=>network]], id[858], master [null], hasJoinedOnce [false], cluster_name[TEST-CHILD_VM=[2]-CLUSTER_SEED=[2858301384796425155]-HASH=[462C14F99751D]-cluster]}, ping_response{node [{node_t1}{lk7U_niVSKyTWpmVoV3sIA}{127.0.0.1}{127.0.0.1:9661}[mode=>network]], id[864], master [null], hasJoinedOnce [true], cluster_name[TEST-CHILD_VM=[2]-CLUSTER_SEED=[2858301384796425155]-HASH=[462C14F99751D]-cluster]}, ping_response{node [{node_t1}{lk7U_niVSKyTWpmVoV3sIA}{127.0.0.1}{127.0.0.1:9661}[mode=>network]], id[864], master [null], hasJoinedOnce [true], cluster_name[TEST-CHILD_VM=[2]-CLUSTER_SEED=[2858301384796425155]-HASH=[462C14F99751D]-cluster]}, ping_response{node [{node_t1}{lk7U_niVSKyTWpmVoV3sIA}{127.0.0.1}{127.0.0.1:9661}[mode=>network]], id[864], master [null], hasJoinedOnce [true], cluster_name[TEST-CHILD_VM=[2]-CLUSTER_SEED=[2858301384796425155]-HASH=[462C14F99751D]-cluster]}, ping_response{node [{node_t2}{D8L07SziRtqglEhU0dOiNA}{127.0.0.1}{127.0.0.1:9660}[mode=>network]], id[871], master [null], hasJoinedOnce [false], cluster_name[TEST-CHILD_VM=[2]-CLUSTER_SEED=[2858301384796425155]-HASH=[462C14F99751D]-cluster]}, ping_response{node [{node_t1}{lk7U_niVSKyTWpmVoV3sIA}{127.0.0.1}{127.0.0.1:9661}[mode=>network]], id[873], master [null], hasJoinedOnce [true], cluster_name[TEST-CHILD_VM=[2]-CLUSTER_SEED=[2858301384796425155]-HASH=[462C14F99751D]-cluster]}]
[2016-03-30 14:02:02,061][TRACE][org.elasticsearch.discovery.zen.ping.unicast] [node_t2] [1] received response from {#zen_unicast_7#}{::1}{[::1]:9661}: [ping_response{node [{node_t1}{lk7U_niVSKyTWpmVoV3sIA}{127.0.0.1}{127.0.0.1:9661}[mode=>network]], id[842], master [null], hasJoinedOnce [true], cluster_name[TEST-CHILD_VM=[2]-CLUSTER_SEED=[2858301384796425155]-HASH=[462C14F99751D]-cluster]}, ping_response{node [{node_t1}{lk7U_niVSKyTWpmVoV3sIA}{127.0.0.1}{127.0.0.1:9661}[mode=>network]], id[842], master [null], hasJoinedOnce [true], cluster_name[TEST-CHILD_VM=[2]-CLUSTER_SEED=[2858301384796425155]-HASH=[462C14F99751D]-cluster]}, ping_response{node [{node_t1}{lk7U_niVSKyTWpmVoV3sIA}{127.0.0.1}{127.0.0.1:9661}[mode=>network]], id[842], master [null], hasJoinedOnce [true], cluster_name[TEST-CHILD_VM=[2]-CLUSTER_SEED=[2858301384796425155]-HASH=[462C14F99751D]-cluster]}, ping_response{node [{node_t1}{lk7U_niVSKyTWpmVoV3sIA}{127.0.0.1}{127.0.0.1:9661}[mode=>network]], id[846], master [null], hasJoinedOnce [true], cluster_name[TEST-CHILD_VM=[2]-CLUSTER_SEED=[2858301384796425155]-HASH=[462C14F99751D]-cluster]}, ping_response{node [{node_t1}{lk7U_niVSKyTWpmVoV3sIA}{127.0.0.1}{127.0.0.1:9661}[mode=>network]], id[846], master [null], hasJoinedOnce [true], cluster_name[TEST-CHILD_VM=[2]-CLUSTER_SEED=[2858301384796425155]-HASH=[462C14F99751D]-cluster]}, ping_response{node [{node_t1}{lk7U_niVSKyTWpmVoV3sIA}{127.0.0.1}{127.0.0.1:9661}[mode=>network]], id[846], master [null], hasJoinedOnce [true], cluster_name[TEST-CHILD_VM=[2]-CLUSTER_SEED=[2858301384796425155]-HASH=[462C14F99751D]-cluster]}, ping_response{node [{node_t1}{lk7U_niVSKyTWpmVoV3sIA}{127.0.0.1}{127.0.0.1:9661}[mode=>network]], id[850], master [null], hasJoinedOnce [true], cluster_name[TEST-CHILD_VM=[2]-CLUSTER_SEED=[2858301384796425155]-HASH=[462C14F99751D]-cluster]}, ping_response{node [{node_t1}{lk7U_niVSKyTWpmVoV3sIA}{127.0.0.1}{127.0.0.1:9661}[mode=>network]], id[850], master [null], hasJoinedOnce [true], cluster_name[TEST-CHILD_VM=[2]-CLUSTER_SEED=[2858301384796425155]-HASH=[462C14F99751D]-cluster]}, ping_response{node [{node_t1}{lk7U_niVSKyTWpmVoV3sIA}{127.0.0.1}{127.0.0.1:9661}[mode=>network]], id[850], master [null], hasJoinedOnce [true], cluster_name[TEST-CHILD_VM=[2]-CLUSTER_SEED=[2858301384796425155]-HASH=[462C14F99751D]-cluster]}, ping_response{node [{node_t1}{lk7U_niVSKyTWpmVoV3sIA}{127.0.0.1}{127.0.0.1:9661}[mode=>network]], id[854], master [null], hasJoinedOnce [true], cluster_name[TEST-CHILD_VM=[2]-CLUSTER_SEED=[2858301384796425155]-HASH=[462C14F99751D]-cluster]}, ping_response{node [{node_t1}{lk7U_niVSKyTWpmVoV3sIA}{127.0.0.1}{127.0.0.1:9661}[mode=>network]], id[854], master [null], hasJoinedOnce [true], cluster_name[TEST-CHILD_VM=[2]-CLUSTER_SEED=[2858301384796425155]-HASH=[462C14F99751D]-cluster]}, ping_response{node [{node_t1}{lk7U_niVSKyTWpmVoV3sIA}{127.0.0.1}{127.0.0.1:9661}[mode=>network]], id[854], master [null], hasJoinedOnce [true], cluster_name[TEST-CHILD_VM=[2]-CLUSTER_SEED=[2858301384796425155]-HASH=[462C14F99751D]-cluster]}, ping_response{node [{node_t2}{D8L07SziRtqglEhU0dOiNA}{127.0.0.1}{127.0.0.1:9660}[mode=>network]], id[858], master [null], hasJoinedOnce [false], cluster_name[TEST-CHILD_VM=[2]-CLUSTER_SEED=[2858301384796425155]-HASH=[462C14F99751D]-cluster]}, ping_response{node [{node_t2}{D8L07SziRtqglEhU0dOiNA}{127.0.0.1}{127.0.0.1:9660}[mode=>network]], id[858], master [null], hasJoinedOnce [false], cluster_name[TEST-CHILD_VM=[2]-CLUSTER_SEED=[2858301384796425155]-HASH=[462C14F99751D]-cluster]}, ping_response{node [{node_t1}{lk7U_niVSKyTWpmVoV3sIA}{127.0.0.1}{127.0.0.1:9661}[mode=>network]], id[864], master [null], hasJoinedOnce [true], cluster_name[TEST-CHILD_VM=[2]-CLUSTER_SEED=[2858301384796425155]-HASH=[462C14F99751D]-cluster]}, ping_response{node [{node_t1}{lk7U_niVSKyTWpmVoV3sIA}{127.0.0.1}{127.0.0.1:9661}[mode=>network]], id[864], master [null], hasJoinedOnce [true], cluster_name[TEST-CHILD_VM=[2]-CLUSTER_SEED=[2858301384796425155]-HASH=[462C14F99751D]-cluster]}, ping_response{node [{node_t1}{lk7U_niVSKyTWpmVoV3sIA}{127.0.0.1}{127.0.0.1:9661}[mode=>network]], id[864], master [null], hasJoinedOnce [true], cluster_name[TEST-CHILD_VM=[2]-CLUSTER_SEED=[2858301384796425155]-HASH=[462C14F99751D]-cluster]}, ping_response{node [{node_t2}{D8L07SziRtqglEhU0dOiNA}{127.0.0.1}{127.0.0.1:9660}[mode=>network]], id[871], master [null], hasJoinedOnce [false], cluster_name[TEST-CHILD_VM=[2]-CLUSTER_SEED=[2858301384796425155]-HASH=[462C14F99751D]-cluster]}, ping_response{node [{node_t2}{D8L07SziRtqglEhU0dOiNA}{127.0.0.1}{127.0.0.1:9660}[mode=>network]], id[871], master [null], hasJoinedOnce [false], cluster_name[TEST-CHILD_VM=[2]-CLUSTER_SEED=[2858301384796425155]-HASH=[462C14F99751D]-cluster]}, ping_response{node [{node_t1}{lk7U_niVSKyTWpmVoV3sIA}{127.0.0.1}{127.0.0.1:9661}[mode=>network]], id[875], master [null], hasJoinedOnce [true], cluster_name[TEST-CHILD_VM=[2]-CLUSTER_SEED=[2858301384796425155]-HASH=[462C14F99751D]-cluster]}]
[2016-03-30 14:02:02,061][TRACE][org.elasticsearch.discovery.zen.ping.unicast] [node_t2] [1] received response from {node_t2}{D8L07SziRtqglEhU0dOiNA}{127.0.0.1}{127.0.0.1:9660}[mode=>network]: [ping_response{node [{node_t2}{D8L07SziRtqglEhU0dOiNA}{127.0.0.1}{127.0.0.1:9660}[mode=>network]], id[858], master [null], hasJoinedOnce [false], cluster_name[TEST-CHILD_VM=[2]-CLUSTER_SEED=[2858301384796425155]-HASH=[462C14F99751D]-cluster]}, ping_response{node [{node_t2}{D8L07SziRtqglEhU0dOiNA}{127.0.0.1}{127.0.0.1:9660}[mode=>network]], id[858], master [null], hasJoinedOnce [false], cluster_name[TEST-CHILD_VM=[2]-CLUSTER_SEED=[2858301384796425155]-HASH=[462C14F99751D]-cluster]}, ping_response{node [{node_t2}{D8L07SziRtqglEhU0dOiNA}{127.0.0.1}{127.0.0.1:9660}[mode=>network]], id[858], master [null], hasJoinedOnce [false], cluster_name[TEST-CHILD_VM=[2]-CLUSTER_SEED=[2858301384796425155]-HASH=[462C14F99751D]-cluster]}, ping_response{node [{node_t1}{lk7U_niVSKyTWpmVoV3sIA}{127.0.0.1}{127.0.0.1:9661}[mode=>network]], id[864], master [null], hasJoinedOnce [true], cluster_name[TEST-CHILD_VM=[2]-CLUSTER_SEED=[2858301384796425155]-HASH=[462C14F99751D]-cluster]}, ping_response{node [{node_t1}{lk7U_niVSKyTWpmVoV3sIA}{127.0.0.1}{127.0.0.1:9661}[mode=>network]], id[864], master [null], hasJoinedOnce [true], cluster_name[TEST-CHILD_VM=[2]-CLUSTER_SEED=[2858301384796425155]-HASH=[462C14F99751D]-cluster]}, ping_response{node [{node_t1}{lk7U_niVSKyTWpmVoV3sIA}{127.0.0.1}{127.0.0.1:9661}[mode=>network]], id[864], master [null], hasJoinedOnce [true], cluster_name[TEST-CHILD_VM=[2]-CLUSTER_SEED=[2858301384796425155]-HASH=[462C14F99751D]-cluster]}, ping_response{node [{node_t2}{D8L07SziRtqglEhU0dOiNA}{127.0.0.1}{127.0.0.1:9660}[mode=>network]], id[871], master [null], hasJoinedOnce [false], cluster_name[TEST-CHILD_VM=[2]-CLUSTER_SEED=[2858301384796425155]-HASH=[462C14F99751D]-cluster]}, ping_response{node [{node_t2}{D8L07SziRtqglEhU0dOiNA}{127.0.0.1}{127.0.0.1:9660}[mode=>network]], id[871], master [null], hasJoinedOnce [false], cluster_name[TEST-CHILD_VM=[2]-CLUSTER_SEED=[2858301384796425155]-HASH=[462C14F99751D]-cluster]}, ping_response{node [{node_t2}{D8L07SziRtqglEhU0dOiNA}{127.0.0.1}{127.0.0.1:9660}[mode=>network]], id[871], master [null], hasJoinedOnce [false], cluster_name[TEST-CHILD_VM=[2]-CLUSTER_SEED=[2858301384796425155]-HASH=[462C14F99751D]-cluster]}, ping_response{node [{node_t2}{D8L07SziRtqglEhU0dOiNA}{127.0.0.1}{127.0.0.1:9660}[mode=>network]], id[876], master [null], hasJoinedOnce [false], cluster_name[TEST-CHILD_VM=[2]-CLUSTER_SEED=[2858301384796425155]-HASH=[462C14F99751D]-cluster]}]
[2016-03-30 14:02:02,061][TRACE][org.elasticsearch.discovery.zen.ping.unicast] [node_t2] [1] failed to connect to {#zen_unicast_5#}{127.0.0.1}{127.0.0.1:9664}
ConnectTransportException[[][127.0.0.1:9664] connect_timeout[30s]]; nested: ConnectException[Connection refused: /127.0.0.1:9664];
	at org.elasticsearch.transport.netty.NettyTransport.connectToChannelsLight(NettyTransport.java:948)
	at org.elasticsearch.transport.netty.NettyTransport.connectToNode(NettyTransport.java:912)
	at org.elasticsearch.transport.netty.NettyTransport.connectToNodeLight(NettyTransport.java:884)
	at org.elasticsearch.test.transport.MockTransportService$LookupTestTransport.connectToNodeLight(MockTransportService.java:412)
	at org.elasticsearch.transport.TransportService.connectToNodeLight(TransportService.java:250)
	at org.elasticsearch.discovery.zen.ping.unicast.UnicastZenPing$3.run(UnicastZenPing.java:395)
	at java.util.concurrent.ThreadPoolExecutor.runWorker(ThreadPoolExecutor.java:1142)
	at java.util.concurrent.ThreadPoolExecutor$Worker.run(ThreadPoolExecutor.java:617)
	at java.lang.Thread.run(Thread.java:745)
Caused by: java.net.ConnectException: Connection refused: /127.0.0.1:9664
	at sun.nio.ch.SocketChannelImpl.checkConnect(Native Method)
	at sun.nio.ch.SocketChannelImpl.finishConnect(SocketChannelImpl.java:717)
	at org.jboss.netty.channel.socket.nio.NioClientBoss.connect(NioClientBoss.java:152)
	at org.jboss.netty.channel.socket.nio.NioClientBoss.processSelectedKeys(NioClientBoss.java:105)
	at org.jboss.netty.channel.socket.nio.NioClientBoss.process(NioClientBoss.java:79)
	at org.jboss.netty.channel.socket.nio.AbstractNioSelector.run(AbstractNioSelector.java:337)
	at org.jboss.netty.channel.socket.nio.NioClientBoss.run(NioClientBoss.java:42)
	at org.jboss.netty.util.ThreadRenamingRunnable.run(ThreadRenamingRunnable.java:108)
	at org.jboss.netty.util.internal.DeadLockProofWorker$1.run(DeadLockProofWorker.java:42)
	... 3 more
[2016-03-30 14:02:02,063][TRACE][org.elasticsearch.discovery.zen.ping.unicast] [node_t2] replacing {node_t1}{lk7U_niVSKyTWpmVoV3sIA}{127.0.0.1}{127.0.0.1:9661}[mode=>network] with temp node {#zen_unicast_11_lk7U_niVSKyTWpmVoV3sIA#}{127.0.0.1}{127.0.0.1:9661}[mode=>network]
[2016-03-30 14:02:02,062][TRACE][org.elasticsearch.discovery.zen.ping.unicast] [node_t2] [1] failed to connect to {#zen_unicast_10#}{::1}{[::1]:9664}
ConnectTransportException[[][[::1]:9664] connect_timeout[30s]]; nested: ConnectException[Connection refused: /0:0:0:0:0:0:0:1:9664];
	at org.elasticsearch.transport.netty.NettyTransport.connectToChannelsLight(NettyTransport.java:948)
	at org.elasticsearch.transport.netty.NettyTransport.connectToNode(NettyTransport.java:912)
	at org.elasticsearch.transport.netty.NettyTransport.connectToNodeLight(NettyTransport.java:884)
	at org.elasticsearch.test.transport.MockTransportService$LookupTestTransport.connectToNodeLight(MockTransportService.java:412)
	at org.elasticsearch.transport.TransportService.connectToNodeLight(TransportService.java:250)
	at org.elasticsearch.discovery.zen.ping.unicast.UnicastZenPing$3.run(UnicastZenPing.java:395)
	at java.util.concurrent.ThreadPoolExecutor.runWorker(ThreadPoolExecutor.java:1142)
	at java.util.concurrent.ThreadPoolExecutor$Worker.run(ThreadPoolExecutor.java:617)
	at java.lang.Thread.run(Thread.java:745)
Caused by: java.net.ConnectException: Connection refused: /0:0:0:0:0:0:0:1:9664
	at sun.nio.ch.SocketChannelImpl.checkConnect(Native Method)
	at sun.nio.ch.SocketChannelImpl.finishConnect(SocketChannelImpl.java:717)
	at org.jboss.netty.channel.socket.nio.NioClientBoss.connect(NioClientBoss.java:152)
	at org.jboss.netty.channel.socket.nio.NioClientBoss.processSelectedKeys(NioClientBoss.java:105)
	at org.jboss.netty.channel.socket.nio.NioClientBoss.process(NioClientBoss.java:79)
	at org.jboss.netty.channel.socket.nio.AbstractNioSelector.run(AbstractNioSelector.java:337)
	at org.jboss.netty.channel.socket.nio.NioClientBoss.run(NioClientBoss.java:42)
	at org.jboss.netty.util.ThreadRenamingRunnable.run(ThreadRenamingRunnable.java:108)
	at org.jboss.netty.util.internal.DeadLockProofWorker$1.run(DeadLockProofWorker.java:42)
	... 3 more
[2016-03-30 14:02:02,062][TRACE][org.elasticsearch.discovery.zen.ping.unicast] [node_t2] [1] received response from {#zen_unicast_6#}{::1}{[::1]:9660}: [ping_response{node [{node_t2}{D8L07SziRtqglEhU0dOiNA}{127.0.0.1}{127.0.0.1:9660}[mode=>network]], id[858], master [null], hasJoinedOnce [false], cluster_name[TEST-CHILD_VM=[2]-CLUSTER_SEED=[2858301384796425155]-HASH=[462C14F99751D]-cluster]}, ping_response{node [{node_t2}{D8L07SziRtqglEhU0dOiNA}{127.0.0.1}{127.0.0.1:9660}[mode=>network]], id[858], master [null], hasJoinedOnce [false], cluster_name[TEST-CHILD_VM=[2]-CLUSTER_SEED=[2858301384796425155]-HASH=[462C14F99751D]-cluster]}, ping_response{node [{node_t2}{D8L07SziRtqglEhU0dOiNA}{127.0.0.1}{127.0.0.1:9660}[mode=>network]], id[858], master [null], hasJoinedOnce [false], cluster_name[TEST-CHILD_VM=[2]-CLUSTER_SEED=[2858301384796425155]-HASH=[462C14F99751D]-cluster]}, ping_response{node [{node_t1}{lk7U_niVSKyTWpmVoV3sIA}{127.0.0.1}{127.0.0.1:9661}[mode=>network]], id[864], master [null], hasJoinedOnce [true], cluster_name[TEST-CHILD_VM=[2]-CLUSTER_SEED=[2858301384796425155]-HASH=[462C14F99751D]-cluster]}, ping_response{node [{node_t1}{lk7U_niVSKyTWpmVoV3sIA}{127.0.0.1}{127.0.0.1:9661}[mode=>network]], id[864], master [null], hasJoinedOnce [true], cluster_name[TEST-CHILD_VM=[2]-CLUSTER_SEED=[2858301384796425155]-HASH=[462C14F99751D]-cluster]}, ping_response{node [{node_t1}{lk7U_niVSKyTWpmVoV3sIA}{127.0.0.1}{127.0.0.1:9661}[mode=>network]], id[864], master [null], hasJoinedOnce [true], cluster_name[TEST-CHILD_VM=[2]-CLUSTER_SEED=[2858301384796425155]-HASH=[462C14F99751D]-cluster]}, ping_response{node [{node_t2}{D8L07SziRtqglEhU0dOiNA}{127.0.0.1}{127.0.0.1:9660}[mode=>network]], id[871], master [null], hasJoinedOnce [false], cluster_name[TEST-CHILD_VM=[2]-CLUSTER_SEED=[2858301384796425155]-HASH=[462C14F99751D]-cluster]}, ping_response{node [{node_t2}{D8L07SziRtqglEhU0dOiNA}{127.0.0.1}{127.0.0.1:9660}[mode=>network]], id[871], master [null], hasJoinedOnce [false], cluster_name[TEST-CHILD_VM=[2]-CLUSTER_SEED=[2858301384796425155]-HASH=[462C14F99751D]-cluster]}, ping_response{node [{node_t2}{D8L07SziRtqglEhU0dOiNA}{127.0.0.1}{127.0.0.1:9660}[mode=>network]], id[874], master [null], hasJoinedOnce [false], cluster_name[TEST-CHILD_VM=[2]-CLUSTER_SEED=[2858301384796425155]-HASH=[462C14F99751D]-cluster]}]
[2016-03-30 14:02:02,062][TRACE][org.elasticsearch.discovery.zen.ping.unicast] [node_t2] [1] failed to connect to {#zen_unicast_9#}{::1}{[::1]:9663}
ConnectTransportException[[][[::1]:9663] connect_timeout[30s]]; nested: ConnectException[Connection refused: /0:0:0:0:0:0:0:1:9663];
	at org.elasticsearch.transport.netty.NettyTransport.connectToChannelsLight(NettyTransport.java:948)
	at org.elasticsearch.transport.netty.NettyTransport.connectToNode(NettyTransport.java:912)
	at org.elasticsearch.transport.netty.NettyTransport.connectToNodeLight(NettyTransport.java:884)
	at org.elasticsearch.test.transport.MockTransportService$LookupTestTransport.connectToNodeLight(MockTransportService.java:412)
	at org.elasticsearch.transport.TransportService.connectToNodeLight(TransportService.java:250)
	at org.elasticsearch.discovery.zen.ping.unicast.UnicastZenPing$3.run(UnicastZenPing.java:395)
	at java.util.concurrent.ThreadPoolExecutor.runWorker(ThreadPoolExecutor.java:1142)
	at java.util.concurrent.ThreadPoolExecutor$Worker.run(ThreadPoolExecutor.java:617)
	at java.lang.Thread.run(Thread.java:745)
Caused by: java.net.ConnectException: Connection refused: /0:0:0:0:0:0:0:1:9663
	at sun.nio.ch.SocketChannelImpl.checkConnect(Native Method)
	at sun.nio.ch.SocketChannelImpl.finishConnect(SocketChannelImpl.java:717)
	at org.jboss.netty.channel.socket.nio.NioClientBoss.connect(NioClientBoss.java:152)
	at org.jboss.netty.channel.socket.nio.NioClientBoss.processSelectedKeys(NioClientBoss.java:105)
	at org.jboss.netty.channel.socket.nio.NioClientBoss.process(NioClientBoss.java:79)
	at org.jboss.netty.channel.socket.nio.AbstractNioSelector.run(AbstractNioSelector.java:337)
	at org.jboss.netty.channel.socket.nio.NioClientBoss.run(NioClientBoss.java:42)
	at org.jboss.netty.util.ThreadRenamingRunnable.run(ThreadRenamingRunnable.java:108)
	at org.jboss.netty.util.internal.DeadLockProofWorker$1.run(DeadLockProofWorker.java:42)
	... 3 more
[2016-03-30 14:02:02,061][TRACE][org.elasticsearch.discovery.zen.ping.unicast] [node_t2] [1] failed to connect to {#zen_unicast_8#}{::1}{[::1]:9662}
ConnectTransportException[[][[::1]:9662] connect_timeout[30s]]; nested: ConnectException[Connection refused: /0:0:0:0:0:0:0:1:9662];
	at org.elasticsearch.transport.netty.NettyTransport.connectToChannelsLight(NettyTransport.java:948)
	at org.elasticsearch.transport.netty.NettyTransport.connectToNode(NettyTransport.java:912)
	at org.elasticsearch.transport.netty.NettyTransport.connectToNodeLight(NettyTransport.java:884)
	at org.elasticsearch.test.transport.MockTransportService$LookupTestTransport.connectToNodeLight(MockTransportService.java:412)
	at org.elasticsearch.transport.TransportService.connectToNodeLight(TransportService.java:250)
	at org.elasticsearch.discovery.zen.ping.unicast.UnicastZenPing$3.run(UnicastZenPing.java:395)
	at java.util.concurrent.ThreadPoolExecutor.runWorker(ThreadPoolExecutor.java:1142)
	at java.util.concurrent.ThreadPoolExecutor$Worker.run(ThreadPoolExecutor.java:617)
	at java.lang.Thread.run(Thread.java:745)
Caused by: java.net.ConnectException: Connection refused: /0:0:0:0:0:0:0:1:9662
	at sun.nio.ch.SocketChannelImpl.checkConnect(Native Method)
	at sun.nio.ch.SocketChannelImpl.finishConnect(SocketChannelImpl.java:717)
	at org.jboss.netty.channel.socket.nio.NioClientBoss.connect(NioClientBoss.java:152)
	at org.jboss.netty.channel.socket.nio.NioClientBoss.processSelectedKeys(NioClientBoss.java:105)
	at org.jboss.netty.channel.socket.nio.NioClientBoss.process(NioClientBoss.java:79)
	at org.jboss.netty.channel.socket.nio.AbstractNioSelector.run(AbstractNioSelector.java:337)
	at org.jboss.netty.channel.socket.nio.NioClientBoss.run(NioClientBoss.java:42)
	at org.jboss.netty.util.ThreadRenamingRunnable.run(ThreadRenamingRunnable.java:108)
	at org.jboss.netty.util.internal.DeadLockProofWorker$1.run(DeadLockProofWorker.java:42)
	... 3 more
[2016-03-30 14:02:02,061][TRACE][org.elasticsearch.discovery.zen.ping.unicast] [node_t2] [1] failed to connect to {#zen_unicast_3#}{127.0.0.1}{127.0.0.1:9662}
ConnectTransportException[[][127.0.0.1:9662] connect_timeout[30s]]; nested: ConnectException[Connection refused: /127.0.0.1:9662];
	at org.elasticsearch.transport.netty.NettyTransport.connectToChannelsLight(NettyTransport.java:948)
	at org.elasticsearch.transport.netty.NettyTransport.connectToNode(NettyTransport.java:912)
	at org.elasticsearch.transport.netty.NettyTransport.connectToNodeLight(NettyTransport.java:884)
	at org.elasticsearch.test.transport.MockTransportService$LookupTestTransport.connectToNodeLight(MockTransportService.java:412)
	at org.elasticsearch.transport.TransportService.connectToNodeLight(TransportService.java:250)
	at org.elasticsearch.discovery.zen.ping.unicast.UnicastZenPing$3.run(UnicastZenPing.java:395)
	at java.util.concurrent.ThreadPoolExecutor.runWorker(ThreadPoolExecutor.java:1142)
	at java.util.concurrent.ThreadPoolExecutor$Worker.run(ThreadPoolExecutor.java:617)
	at java.lang.Thread.run(Thread.java:745)
Caused by: java.net.ConnectException: Connection refused: /127.0.0.1:9662
	at sun.nio.ch.SocketChannelImpl.checkConnect(Native Method)
	at sun.nio.ch.SocketChannelImpl.finishConnect(SocketChannelImpl.java:717)
	at org.jboss.netty.channel.socket.nio.NioClientBoss.connect(NioClientBoss.java:152)
	at org.jboss.netty.channel.socket.nio.NioClientBoss.processSelectedKeys(NioClientBoss.java:105)
	at org.jboss.netty.channel.socket.nio.NioClientBoss.process(NioClientBoss.java:79)
	at org.jboss.netty.channel.socket.nio.AbstractNioSelector.run(AbstractNioSelector.java:337)
	at org.jboss.netty.channel.socket.nio.NioClientBoss.run(NioClientBoss.java:42)
	at org.jboss.netty.util.ThreadRenamingRunnable.run(ThreadRenamingRunnable.java:108)
	at org.jboss.netty.util.internal.DeadLockProofWorker$1.run(DeadLockProofWorker.java:42)
	... 3 more
[2016-03-30 14:02:02,061][TRACE][org.elasticsearch.discovery.zen.ping.unicast] [node_t2] [1] failed to connect to {#zen_unicast_4#}{127.0.0.1}{127.0.0.1:9663}
ConnectTransportException[[][127.0.0.1:9663] connect_timeout[30s]]; nested: ConnectException[Connection refused: /127.0.0.1:9663];
	at org.elasticsearch.transport.netty.NettyTransport.connectToChannelsLight(NettyTransport.java:948)
	at org.elasticsearch.transport.netty.NettyTransport.connectToNode(NettyTransport.java:912)
	at org.elasticsearch.transport.netty.NettyTransport.connectToNodeLight(NettyTransport.java:884)
	at org.elasticsearch.test.transport.MockTransportService$LookupTestTransport.connectToNodeLight(MockTransportService.java:412)
	at org.elasticsearch.transport.TransportService.connectToNodeLight(TransportService.java:250)
	at org.elasticsearch.discovery.zen.ping.unicast.UnicastZenPing$3.run(UnicastZenPing.java:395)
	at java.util.concurrent.ThreadPoolExecutor.runWorker(ThreadPoolExecutor.java:1142)
	at java.util.concurrent.ThreadPoolExecutor$Worker.run(ThreadPoolExecutor.java:617)
	at java.lang.Thread.run(Thread.java:745)
Caused by: java.net.ConnectException: Connection refused: /127.0.0.1:9663
	at sun.nio.ch.SocketChannelImpl.checkConnect(Native Method)
	at sun.nio.ch.SocketChannelImpl.finishConnect(SocketChannelImpl.java:717)
	at org.jboss.netty.channel.socket.nio.NioClientBoss.connect(NioClientBoss.java:152)
	at org.jboss.netty.channel.socket.nio.NioClientBoss.processSelectedKeys(NioClientBoss.java:105)
	at org.jboss.netty.channel.socket.nio.NioClientBoss.process(NioClientBoss.java:79)
	at org.jboss.netty.channel.socket.nio.AbstractNioSelector.run(AbstractNioSelector.java:337)
	at org.jboss.netty.channel.socket.nio.NioClientBoss.run(NioClientBoss.java:42)
	at org.jboss.netty.util.ThreadRenamingRunnable.run(ThreadRenamingRunnable.java:108)
	at org.jboss.netty.util.internal.DeadLockProofWorker$1.run(DeadLockProofWorker.java:42)
	... 3 more
[2016-03-30 14:02:02,063][TRACE][org.elasticsearch.discovery.zen.ping.unicast] [node_t2] [1] connecting (light) to {#zen_unicast_11_lk7U_niVSKyTWpmVoV3sIA#}{127.0.0.1}{127.0.0.1:9661}[mode=>network]
[2016-03-30 14:02:02,066][TRACE][org.elasticsearch.discovery.zen.ping.unicast] [node_t2] [1] connected to {node_t1}{lk7U_niVSKyTWpmVoV3sIA}{127.0.0.1}{127.0.0.1:9661}[mode=>network]
[2016-03-30 14:02:02,066][TRACE][org.elasticsearch.discovery.zen.ping.unicast] [node_t2] [1] sending to {#zen_unicast_11_lk7U_niVSKyTWpmVoV3sIA#}{127.0.0.1}{127.0.0.1:9661}[mode=>network]
[2016-03-30 14:02:02,068][TRACE][org.elasticsearch.discovery.zen.ping.unicast] [node_t2] [1] received response from {#zen_unicast_11_lk7U_niVSKyTWpmVoV3sIA#}{127.0.0.1}{127.0.0.1:9661}[mode=>network]: [ping_response{node [{node_t1}{lk7U_niVSKyTWpmVoV3sIA}{127.0.0.1}{127.0.0.1:9661}[mode=>network]], id[842], master [null], hasJoinedOnce [true], cluster_name[TEST-CHILD_VM=[2]-CLUSTER_SEED=[2858301384796425155]-HASH=[462C14F99751D]-cluster]}, ping_response{node [{node_t1}{lk7U_niVSKyTWpmVoV3sIA}{127.0.0.1}{127.0.0.1:9661}[mode=>network]], id[842], master [null], hasJoinedOnce [true], cluster_name[TEST-CHILD_VM=[2]-CLUSTER_SEED=[2858301384796425155]-HASH=[462C14F99751D]-cluster]}, ping_response{node [{node_t1}{lk7U_niVSKyTWpmVoV3sIA}{127.0.0.1}{127.0.0.1:9661}[mode=>network]], id[842], master [null], hasJoinedOnce [true], cluster_name[TEST-CHILD_VM=[2]-CLUSTER_SEED=[2858301384796425155]-HASH=[462C14F99751D]-cluster]}, ping_response{node [{node_t1}{lk7U_niVSKyTWpmVoV3sIA}{127.0.0.1}{127.0.0.1:9661}[mode=>network]], id[846], master [null], hasJoinedOnce [true], cluster_name[TEST-CHILD_VM=[2]-CLUSTER_SEED=[2858301384796425155]-HASH=[462C14F99751D]-cluster]}, ping_response{node [{node_t1}{lk7U_niVSKyTWpmVoV3sIA}{127.0.0.1}{127.0.0.1:9661}[mode=>network]], id[846], master [null], hasJoinedOnce [true], cluster_name[TEST-CHILD_VM=[2]-CLUSTER_SEED=[2858301384796425155]-HASH=[462C14F99751D]-cluster]}, ping_response{node [{node_t1}{lk7U_niVSKyTWpmVoV3sIA}{127.0.0.1}{127.0.0.1:9661}[mode=>network]], id[846], master [null], hasJoinedOnce [true], cluster_name[TEST-CHILD_VM=[2]-CLUSTER_SEED=[2858301384796425155]-HASH=[462C14F99751D]-cluster]}, ping_response{node [{node_t1}{lk7U_niVSKyTWpmVoV3sIA}{127.0.0.1}{127.0.0.1:9661}[mode=>network]], id[850], master [null], hasJoinedOnce [true], cluster_name[TEST-CHILD_VM=[2]-CLUSTER_SEED=[2858301384796425155]-HASH=[462C14F99751D]-cluster]}, ping_response{node [{node_t1}{lk7U_niVSKyTWpmVoV3sIA}{127.0.0.1}{127.0.0.1:9661}[mode=>network]], id[850], master [null], hasJoinedOnce [true], cluster_name[TEST-CHILD_VM=[2]-CLUSTER_SEED=[2858301384796425155]-HASH=[462C14F99751D]-cluster]}, ping_response{node [{node_t1}{lk7U_niVSKyTWpmVoV3sIA}{127.0.0.1}{127.0.0.1:9661}[mode=>network]], id[850], master [null], hasJoinedOnce [true], cluster_name[TEST-CHILD_VM=[2]-CLUSTER_SEED=[2858301384796425155]-HASH=[462C14F99751D]-cluster]}, ping_response{node [{node_t1}{lk7U_niVSKyTWpmVoV3sIA}{127.0.0.1}{127.0.0.1:9661}[mode=>network]], id[854], master [null], hasJoinedOnce [true], cluster_name[TEST-CHILD_VM=[2]-CLUSTER_SEED=[2858301384796425155]-HASH=[462C14F99751D]-cluster]}, ping_response{node [{node_t1}{lk7U_niVSKyTWpmVoV3sIA}{127.0.0.1}{127.0.0.1:9661}[mode=>network]], id[854], master [null], hasJoinedOnce [true], cluster_name[TEST-CHILD_VM=[2]-CLUSTER_SEED=[2858301384796425155]-HASH=[462C14F99751D]-cluster]}, ping_response{node [{node_t1}{lk7U_niVSKyTWpmVoV3sIA}{127.0.0.1}{127.0.0.1:9661}[mode=>network]], id[854], master [null], hasJoinedOnce [true], cluster_name[TEST-CHILD_VM=[2]-CLUSTER_SEED=[2858301384796425155]-HASH=[462C14F99751D]-cluster]}, ping_response{node [{node_t2}{D8L07SziRtqglEhU0dOiNA}{127.0.0.1}{127.0.0.1:9660}[mode=>network]], id[858], master [null], hasJoinedOnce [false], cluster_name[TEST-CHILD_VM=[2]-CLUSTER_SEED=[2858301384796425155]-HASH=[462C14F99751D]-cluster]}, ping_response{node [{node_t2}{D8L07SziRtqglEhU0dOiNA}{127.0.0.1}{127.0.0.1:9660}[mode=>network]], id[858], master [null], hasJoinedOnce [false], cluster_name[TEST-CHILD_VM=[2]-CLUSTER_SEED=[2858301384796425155]-HASH=[462C14F99751D]-cluster]}, ping_response{node [{node_t1}{lk7U_niVSKyTWpmVoV3sIA}{127.0.0.1}{127.0.0.1:9661}[mode=>network]], id[864], master [null], hasJoinedOnce [true], cluster_name[TEST-CHILD_VM=[2]-CLUSTER_SEED=[2858301384796425155]-HASH=[462C14F99751D]-cluster]}, ping_response{node [{node_t1}{lk7U_niVSKyTWpmVoV3sIA}{127.0.0.1}{127.0.0.1:9661}[mode=>network]], id[864], master [null], hasJoinedOnce [true], cluster_name[TEST-CHILD_VM=[2]-CLUSTER_SEED=[2858301384796425155]-HASH=[462C14F99751D]-cluster]}, ping_response{node [{node_t1}{lk7U_niVSKyTWpmVoV3sIA}{127.0.0.1}{127.0.0.1:9661}[mode=>network]], id[864], master [null], hasJoinedOnce [true], cluster_name[TEST-CHILD_VM=[2]-CLUSTER_SEED=[2858301384796425155]-HASH=[462C14F99751D]-cluster]}, ping_response{node [{node_t2}{D8L07SziRtqglEhU0dOiNA}{127.0.0.1}{127.0.0.1:9660}[mode=>network]], id[871], master [null], hasJoinedOnce [false], cluster_name[TEST-CHILD_VM=[2]-CLUSTER_SEED=[2858301384796425155]-HASH=[462C14F99751D]-cluster]}, ping_response{node [{node_t2}{D8L07SziRtqglEhU0dOiNA}{127.0.0.1}{127.0.0.1:9660}[mode=>network]], id[871], master [null], hasJoinedOnce [false], cluster_name[TEST-CHILD_VM=[2]-CLUSTER_SEED=[2858301384796425155]-HASH=[462C14F99751D]-cluster]}, ping_response{node [{node_t2}{D8L07SziRtqglEhU0dOiNA}{127.0.0.1}{127.0.0.1:9660}[mode=>network]], id[871], master [null], hasJoinedOnce [false], cluster_name[TEST-CHILD_VM=[2]-CLUSTER_SEED=[2858301384796425155]-HASH=[462C14F99751D]-cluster]}, ping_response{node [{node_t1}{lk7U_niVSKyTWpmVoV3sIA}{127.0.0.1}{127.0.0.1:9661}[mode=>network]], id[877], master [null], hasJoinedOnce [true], cluster_name[TEST-CHILD_VM=[2]-CLUSTER_SEED=[2858301384796425155]-HASH=[462C14F99751D]-cluster]}]
[2016-03-30 14:02:02,167][TRACE][org.elasticsearch.discovery.zen.ping.unicast] [node_t2] [1] sending to {node_t2}{D8L07SziRtqglEhU0dOiNA}{127.0.0.1}{127.0.0.1:9660}[mode=>network]
[2016-03-30 14:02:02,167][TRACE][org.elasticsearch.discovery.zen.ping.unicast] [node_t2] [1] received response from {node_t2}{D8L07SziRtqglEhU0dOiNA}{127.0.0.1}{127.0.0.1:9660}[mode=>network]: [ping_response{node [{node_t2}{D8L07SziRtqglEhU0dOiNA}{127.0.0.1}{127.0.0.1:9660}[mode=>network]], id[858], master [null], hasJoinedOnce [false], cluster_name[TEST-CHILD_VM=[2]-CLUSTER_SEED=[2858301384796425155]-HASH=[462C14F99751D]-cluster]}, ping_response{node [{node_t2}{D8L07SziRtqglEhU0dOiNA}{127.0.0.1}{127.0.0.1:9660}[mode=>network]], id[858], master [null], hasJoinedOnce [false], cluster_name[TEST-CHILD_VM=[2]-CLUSTER_SEED=[2858301384796425155]-HASH=[462C14F99751D]-cluster]}, ping_response{node [{node_t2}{D8L07SziRtqglEhU0dOiNA}{127.0.0.1}{127.0.0.1:9660}[mode=>network]], id[858], master [null], hasJoinedOnce [false], cluster_name[TEST-CHILD_VM=[2]-CLUSTER_SEED=[2858301384796425155]-HASH=[462C14F99751D]-cluster]}, ping_response{node [{node_t1}{lk7U_niVSKyTWpmVoV3sIA}{127.0.0.1}{127.0.0.1:9661}[mode=>network]], id[864], master [null], hasJoinedOnce [true], cluster_name[TEST-CHILD_VM=[2]-CLUSTER_SEED=[2858301384796425155]-HASH=[462C14F99751D]-cluster]}, ping_response{node [{node_t1}{lk7U_niVSKyTWpmVoV3sIA}{127.0.0.1}{127.0.0.1:9661}[mode=>network]], id[864], master [null], hasJoinedOnce [true], cluster_name[TEST-CHILD_VM=[2]-CLUSTER_SEED=[2858301384796425155]-HASH=[462C14F99751D]-cluster]}, ping_response{node [{node_t1}{lk7U_niVSKyTWpmVoV3sIA}{127.0.0.1}{127.0.0.1:9661}[mode=>network]], id[864], master [null], hasJoinedOnce [true], cluster_name[TEST-CHILD_VM=[2]-CLUSTER_SEED=[2858301384796425155]-HASH=[462C14F99751D]-cluster]}, ping_response{node [{node_t2}{D8L07SziRtqglEhU0dOiNA}{127.0.0.1}{127.0.0.1:9660}[mode=>network]], id[871], master [null], hasJoinedOnce [false], cluster_name[TEST-CHILD_VM=[2]-CLUSTER_SEED=[2858301384796425155]-HASH=[462C14F99751D]-cluster]}, ping_response{node [{node_t2}{D8L07SziRtqglEhU0dOiNA}{127.0.0.1}{127.0.0.1:9660}[mode=>network]], id[871], master [null], hasJoinedOnce [false], cluster_name[TEST-CHILD_VM=[2]-CLUSTER_SEED=[2858301384796425155]-HASH=[462C14F99751D]-cluster]}, ping_response{node [{node_t2}{D8L07SziRtqglEhU0dOiNA}{127.0.0.1}{127.0.0.1:9660}[mode=>network]], id[871], master [null], hasJoinedOnce [false], cluster_name[TEST-CHILD_VM=[2]-CLUSTER_SEED=[2858301384796425155]-HASH=[462C14F99751D]-cluster]}, ping_response{node [{node_t2}{D8L07SziRtqglEhU0dOiNA}{127.0.0.1}{127.0.0.1:9660}[mode=>network]], id[878], master [null], hasJoinedOnce [false], cluster_name[TEST-CHILD_VM=[2]-CLUSTER_SEED=[2858301384796425155]-HASH=[462C14F99751D]-cluster]}, ping_response{node [{node_t2}{D8L07SziRtqglEhU0dOiNA}{127.0.0.1}{127.0.0.1:9660}[mode=>network]], id[879], master [null], hasJoinedOnce [false], cluster_name[TEST-CHILD_VM=[2]-CLUSTER_SEED=[2858301384796425155]-HASH=[462C14F99751D]-cluster]}]
[2016-03-30 14:02:02,168][TRACE][org.elasticsearch.discovery.zen.ping.unicast] [node_t2] [1] sending to {#zen_unicast_2#}{127.0.0.1}{127.0.0.1:9661}
[2016-03-30 14:02:02,168][TRACE][org.elasticsearch.discovery.zen.ping.unicast] [node_t2] [1] connecting (light) to {#zen_unicast_4#}{127.0.0.1}{127.0.0.1:9663}
[2016-03-30 14:02:02,168][TRACE][org.elasticsearch.discovery.zen.ping.unicast] [node_t2] [1] connecting (light) to {#zen_unicast_3#}{127.0.0.1}{127.0.0.1:9662}
[2016-03-30 14:02:02,168][TRACE][org.elasticsearch.discovery.zen.ping.unicast] [node_t2] [1] connecting (light) to {#zen_unicast_5#}{127.0.0.1}{127.0.0.1:9664}
[2016-03-30 14:02:02,168][TRACE][org.elasticsearch.discovery.zen.ping.unicast] [node_t2] [1] sending to {#zen_unicast_6#}{::1}{[::1]:9660}
[2016-03-30 14:02:02,168][TRACE][org.elasticsearch.discovery.zen.ping.unicast] [node_t2] [1] sending to {#zen_unicast_7#}{::1}{[::1]:9661}
[2016-03-30 14:02:02,169][TRACE][org.elasticsearch.discovery.zen.ping.unicast] [node_t2] [1] sending to {node_t2}{D8L07SziRtqglEhU0dOiNA}{127.0.0.1}{127.0.0.1:9660}[mode=>network]
[2016-03-30 14:02:02,169][TRACE][org.elasticsearch.discovery.zen.ping.unicast] [node_t2] [1] connecting (light) to {#zen_unicast_8#}{::1}{[::1]:9662}
[2016-03-30 14:02:02,169][TRACE][org.elasticsearch.discovery.zen.ping.unicast] [node_t2] [1] received response from {node_t2}{D8L07SziRtqglEhU0dOiNA}{127.0.0.1}{127.0.0.1:9660}[mode=>network]: [ping_response{node [{node_t2}{D8L07SziRtqglEhU0dOiNA}{127.0.0.1}{127.0.0.1:9660}[mode=>network]], id[858], master [null], hasJoinedOnce [false], cluster_name[TEST-CHILD_VM=[2]-CLUSTER_SEED=[2858301384796425155]-HASH=[462C14F99751D]-cluster]}, ping_response{node [{node_t2}{D8L07SziRtqglEhU0dOiNA}{127.0.0.1}{127.0.0.1:9660}[mode=>network]], id[858], master [null], hasJoinedOnce [false], cluster_name[TEST-CHILD_VM=[2]-CLUSTER_SEED=[2858301384796425155]-HASH=[462C14F99751D]-cluster]}, ping_response{node [{node_t2}{D8L07SziRtqglEhU0dOiNA}{127.0.0.1}{127.0.0.1:9660}[mode=>network]], id[858], master [null], hasJoinedOnce [false], cluster_name[TEST-CHILD_VM=[2]-CLUSTER_SEED=[2858301384796425155]-HASH=[462C14F99751D]-cluster]}, ping_response{node [{node_t1}{lk7U_niVSKyTWpmVoV3sIA}{127.0.0.1}{127.0.0.1:9661}[mode=>network]], id[864], master [null], hasJoinedOnce [true], cluster_name[TEST-CHILD_VM=[2]-CLUSTER_SEED=[2858301384796425155]-HASH=[462C14F99751D]-cluster]}, ping_response{node [{node_t1}{lk7U_niVSKyTWpmVoV3sIA}{127.0.0.1}{127.0.0.1:9661}[mode=>network]], id[864], master [null], hasJoinedOnce [true], cluster_name[TEST-CHILD_VM=[2]-CLUSTER_SEED=[2858301384796425155]-HASH=[462C14F99751D]-cluster]}, ping_response{node [{node_t1}{lk7U_niVSKyTWpmVoV3sIA}{127.0.0.1}{127.0.0.1:9661}[mode=>network]], id[864], master [null], hasJoinedOnce [true], cluster_name[TEST-CHILD_VM=[2]-CLUSTER_SEED=[2858301384796425155]-HASH=[462C14F99751D]-cluster]}, ping_response{node [{node_t2}{D8L07SziRtqglEhU0dOiNA}{127.0.0.1}{127.0.0.1:9660}[mode=>network]], id[871], master [null], hasJoinedOnce [false], cluster_name[TEST-CHILD_VM=[2]-CLUSTER_SEED=[2858301384796425155]-HASH=[462C14F99751D]-cluster]}, ping_response{node [{node_t2}{D8L07SziRtqglEhU0dOiNA}{127.0.0.1}{127.0.0.1:9660}[mode=>network]], id[871], master [null], hasJoinedOnce [false], cluster_name[TEST-CHILD_VM=[2]-CLUSTER_SEED=[2858301384796425155]-HASH=[462C14F99751D]-cluster]}, ping_response{node [{node_t2}{D8L07SziRtqglEhU0dOiNA}{127.0.0.1}{127.0.0.1:9660}[mode=>network]], id[871], master [null], hasJoinedOnce [false], cluster_name[TEST-CHILD_VM=[2]-CLUSTER_SEED=[2858301384796425155]-HASH=[462C14F99751D]-cluster]}, ping_response{node [{node_t2}{D8L07SziRtqglEhU0dOiNA}{127.0.0.1}{127.0.0.1:9660}[mode=>network]], id[878], master [null], hasJoinedOnce [false], cluster_name[TEST-CHILD_VM=[2]-CLUSTER_SEED=[2858301384796425155]-HASH=[462C14F99751D]-cluster]}, ping_response{node [{node_t2}{D8L07SziRtqglEhU0dOiNA}{127.0.0.1}{127.0.0.1:9660}[mode=>network]], id[878], master [null], hasJoinedOnce [false], cluster_name[TEST-CHILD_VM=[2]-CLUSTER_SEED=[2858301384796425155]-HASH=[462C14F99751D]-cluster]}, ping_response{node [{node_t2}{D8L07SziRtqglEhU0dOiNA}{127.0.0.1}{127.0.0.1:9660}[mode=>network]], id[878], master [null], hasJoinedOnce [false], cluster_name[TEST-CHILD_VM=[2]-CLUSTER_SEED=[2858301384796425155]-HASH=[462C14F99751D]-cluster]}, ping_response{node [{node_t2}{D8L07SziRtqglEhU0dOiNA}{127.0.0.1}{127.0.0.1:9660}[mode=>network]], id[882], master [null], hasJoinedOnce [false], cluster_name[TEST-CHILD_VM=[2]-CLUSTER_SEED=[2858301384796425155]-HASH=[462C14F99751D]-cluster]}]
[2016-03-30 14:02:02,170][TRACE][org.elasticsearch.discovery.zen.ping.unicast] [node_t2] [1] failed to connect to {#zen_unicast_8#}{::1}{[::1]:9662}
ConnectTransportException[[][[::1]:9662] connect_timeout[30s]]; nested: ConnectException[Connection refused: /0:0:0:0:0:0:0:1:9662];
	at org.elasticsearch.transport.netty.NettyTransport.connectToChannelsLight(NettyTransport.java:948)
	at org.elasticsearch.transport.netty.NettyTransport.connectToNode(NettyTransport.java:912)
	at org.elasticsearch.transport.netty.NettyTransport.connectToNodeLight(NettyTransport.java:884)
	at org.elasticsearch.test.transport.MockTransportService$LookupTestTransport.connectToNodeLight(MockTransportService.java:412)
	at org.elasticsearch.transport.TransportService.connectToNodeLight(TransportService.java:250)
	at org.elasticsearch.discovery.zen.ping.unicast.UnicastZenPing$3.run(UnicastZenPing.java:395)
	at java.util.concurrent.ThreadPoolExecutor.runWorker(ThreadPoolExecutor.java:1142)
	at java.util.concurrent.ThreadPoolExecutor$Worker.run(ThreadPoolExecutor.java:617)
	at java.lang.Thread.run(Thread.java:745)
Caused by: java.net.ConnectException: Connection refused: /0:0:0:0:0:0:0:1:9662
	at sun.nio.ch.SocketChannelImpl.checkConnect(Native Method)
	at sun.nio.ch.SocketChannelImpl.finishConnect(SocketChannelImpl.java:717)
	at org.jboss.netty.channel.socket.nio.NioClientBoss.connect(NioClientBoss.java:152)
	at org.jboss.netty.channel.socket.nio.NioClientBoss.processSelectedKeys(NioClientBoss.java:105)
	at org.jboss.netty.channel.socket.nio.NioClientBoss.process(NioClientBoss.java:79)
	at org.jboss.netty.channel.socket.nio.AbstractNioSelector.run(AbstractNioSelector.java:337)
	at org.jboss.netty.channel.socket.nio.NioClientBoss.run(NioClientBoss.java:42)
	at org.jboss.netty.util.ThreadRenamingRunnable.run(ThreadRenamingRunnable.java:108)
	at org.jboss.netty.util.internal.DeadLockProofWorker$1.run(DeadLockProofWorker.java:42)
	... 3 more
[2016-03-30 14:02:02,170][TRACE][org.elasticsearch.discovery.zen.ping.unicast] [node_t2] [1] failed to connect to {#zen_unicast_5#}{127.0.0.1}{127.0.0.1:9664}
ConnectTransportException[[][127.0.0.1:9664] connect_timeout[30s]]; nested: ConnectException[Connection refused: /127.0.0.1:9664];
	at org.elasticsearch.transport.netty.NettyTransport.connectToChannelsLight(NettyTransport.java:948)
	at org.elasticsearch.transport.netty.NettyTransport.connectToNode(NettyTransport.java:912)
	at org.elasticsearch.transport.netty.NettyTransport.connectToNodeLight(NettyTransport.java:884)
	at org.elasticsearch.test.transport.MockTransportService$LookupTestTransport.connectToNodeLight(MockTransportService.java:412)
	at org.elasticsearch.transport.TransportService.connectToNodeLight(TransportService.java:250)
	at org.elasticsearch.discovery.zen.ping.unicast.UnicastZenPing$3.run(UnicastZenPing.java:395)
	at java.util.concurrent.ThreadPoolExecutor.runWorker(ThreadPoolExecutor.java:1142)
	at java.util.concurrent.ThreadPoolExecutor$Worker.run(ThreadPoolExecutor.java:617)
	at java.lang.Thread.run(Thread.java:745)
Caused by: java.net.ConnectException: Connection refused: /127.0.0.1:9664
	at sun.nio.ch.SocketChannelImpl.checkConnect(Native Method)
	at sun.nio.ch.SocketChannelImpl.finishConnect(SocketChannelImpl.java:717)
	at org.jboss.netty.channel.socket.nio.NioClientBoss.connect(NioClientBoss.java:152)
	at org.jboss.netty.channel.socket.nio.NioClientBoss.processSelectedKeys(NioClientBoss.java:105)
	at org.jboss.netty.channel.socket.nio.NioClientBoss.process(NioClientBoss.java:79)
	at org.jboss.netty.channel.socket.nio.AbstractNioSelector.run(AbstractNioSelector.java:337)
	at org.jboss.netty.channel.socket.nio.NioClientBoss.run(NioClientBoss.java:42)
	at org.jboss.netty.util.ThreadRenamingRunnable.run(ThreadRenamingRunnable.java:108)
	at org.jboss.netty.util.internal.DeadLockProofWorker$1.run(DeadLockProofWorker.java:42)
	... 3 more
[2016-03-30 14:02:02,170][TRACE][org.elasticsearch.discovery.zen.ping.unicast] [node_t2] [1] received response from {#zen_unicast_7#}{::1}{[::1]:9661}: [ping_response{node [{node_t1}{lk7U_niVSKyTWpmVoV3sIA}{127.0.0.1}{127.0.0.1:9661}[mode=>network]], id[846], master [null], hasJoinedOnce [true], cluster_name[TEST-CHILD_VM=[2]-CLUSTER_SEED=[2858301384796425155]-HASH=[462C14F99751D]-cluster]}, ping_response{node [{node_t1}{lk7U_niVSKyTWpmVoV3sIA}{127.0.0.1}{127.0.0.1:9661}[mode=>network]], id[846], master [null], hasJoinedOnce [true], cluster_name[TEST-CHILD_VM=[2]-CLUSTER_SEED=[2858301384796425155]-HASH=[462C14F99751D]-cluster]}, ping_response{node [{node_t1}{lk7U_niVSKyTWpmVoV3sIA}{127.0.0.1}{127.0.0.1:9661}[mode=>network]], id[846], master [null], hasJoinedOnce [true], cluster_name[TEST-CHILD_VM=[2]-CLUSTER_SEED=[2858301384796425155]-HASH=[462C14F99751D]-cluster]}, ping_response{node [{node_t1}{lk7U_niVSKyTWpmVoV3sIA}{127.0.0.1}{127.0.0.1:9661}[mode=>network]], id[850], master [null], hasJoinedOnce [true], cluster_name[TEST-CHILD_VM=[2]-CLUSTER_SEED=[2858301384796425155]-HASH=[462C14F99751D]-cluster]}, ping_response{node [{node_t1}{lk7U_niVSKyTWpmVoV3sIA}{127.0.0.1}{127.0.0.1:9661}[mode=>network]], id[850], master [null], hasJoinedOnce [true], cluster_name[TEST-CHILD_VM=[2]-CLUSTER_SEED=[2858301384796425155]-HASH=[462C14F99751D]-cluster]}, ping_response{node [{node_t1}{lk7U_niVSKyTWpmVoV3sIA}{127.0.0.1}{127.0.0.1:9661}[mode=>network]], id[850], master [null], hasJoinedOnce [true], cluster_name[TEST-CHILD_VM=[2]-CLUSTER_SEED=[2858301384796425155]-HASH=[462C14F99751D]-cluster]}, ping_response{node [{node_t1}{lk7U_niVSKyTWpmVoV3sIA}{127.0.0.1}{127.0.0.1:9661}[mode=>network]], id[854], master [null], hasJoinedOnce [true], cluster_name[TEST-CHILD_VM=[2]-CLUSTER_SEED=[2858301384796425155]-HASH=[462C14F99751D]-cluster]}, ping_response{node [{node_t1}{lk7U_niVSKyTWpmVoV3sIA}{127.0.0.1}{127.0.0.1:9661}[mode=>network]], id[854], master [null], hasJoinedOnce [true], cluster_name[TEST-CHILD_VM=[2]-CLUSTER_SEED=[2858301384796425155]-HASH=[462C14F99751D]-cluster]}, ping_response{node [{node_t1}{lk7U_niVSKyTWpmVoV3sIA}{127.0.0.1}{127.0.0.1:9661}[mode=>network]], id[854], master [null], hasJoinedOnce [true], cluster_name[TEST-CHILD_VM=[2]-CLUSTER_SEED=[2858301384796425155]-HASH=[462C14F99751D]-cluster]}, ping_response{node [{node_t2}{D8L07SziRtqglEhU0dOiNA}{127.0.0.1}{127.0.0.1:9660}[mode=>network]], id[858], master [null], hasJoinedOnce [false], cluster_name[TEST-CHILD_VM=[2]-CLUSTER_SEED=[2858301384796425155]-HASH=[462C14F99751D]-cluster]}, ping_response{node [{node_t2}{D8L07SziRtqglEhU0dOiNA}{127.0.0.1}{127.0.0.1:9660}[mode=>network]], id[858], master [null], hasJoinedOnce [false], cluster_name[TEST-CHILD_VM=[2]-CLUSTER_SEED=[2858301384796425155]-HASH=[462C14F99751D]-cluster]}, ping_response{node [{node_t1}{lk7U_niVSKyTWpmVoV3sIA}{127.0.0.1}{127.0.0.1:9661}[mode=>network]], id[864], master [null], hasJoinedOnce [true], cluster_name[TEST-CHILD_VM=[2]-CLUSTER_SEED=[2858301384796425155]-HASH=[462C14F99751D]-cluster]}, ping_response{node [{node_t1}{lk7U_niVSKyTWpmVoV3sIA}{127.0.0.1}{127.0.0.1:9661}[mode=>network]], id[864], master [null], hasJoinedOnce [true], cluster_name[TEST-CHILD_VM=[2]-CLUSTER_SEED=[2858301384796425155]-HASH=[462C14F99751D]-cluster]}, ping_response{node [{node_t1}{lk7U_niVSKyTWpmVoV3sIA}{127.0.0.1}{127.0.0.1:9661}[mode=>network]], id[864], master [null], hasJoinedOnce [true], cluster_name[TEST-CHILD_VM=[2]-CLUSTER_SEED=[2858301384796425155]-HASH=[462C14F99751D]-cluster]}, ping_response{node [{node_t2}{D8L07SziRtqglEhU0dOiNA}{127.0.0.1}{127.0.0.1:9660}[mode=>network]], id[871], master [null], hasJoinedOnce [false], cluster_name[TEST-CHILD_VM=[2]-CLUSTER_SEED=[2858301384796425155]-HASH=[462C14F99751D]-cluster]}, ping_response{node [{node_t2}{D8L07SziRtqglEhU0dOiNA}{127.0.0.1}{127.0.0.1:9660}[mode=>network]], id[871], master [null], hasJoinedOnce [false], cluster_name[TEST-CHILD_VM=[2]-CLUSTER_SEED=[2858301384796425155]-HASH=[462C14F99751D]-cluster]}, ping_response{node [{node_t2}{D8L07SziRtqglEhU0dOiNA}{127.0.0.1}{127.0.0.1:9660}[mode=>network]], id[871], master [null], hasJoinedOnce [false], cluster_name[TEST-CHILD_VM=[2]-CLUSTER_SEED=[2858301384796425155]-HASH=[462C14F99751D]-cluster]}, ping_response{node [{node_t2}{D8L07SziRtqglEhU0dOiNA}{127.0.0.1}{127.0.0.1:9660}[mode=>network]], id[878], master [null], hasJoinedOnce [false], cluster_name[TEST-CHILD_VM=[2]-CLUSTER_SEED=[2858301384796425155]-HASH=[462C14F99751D]-cluster]}, ping_response{node [{node_t2}{D8L07SziRtqglEhU0dOiNA}{127.0.0.1}{127.0.0.1:9660}[mode=>network]], id[878], master [null], hasJoinedOnce [false], cluster_name[TEST-CHILD_VM=[2]-CLUSTER_SEED=[2858301384796425155]-HASH=[462C14F99751D]-cluster]}, ping_response{node [{node_t1}{lk7U_niVSKyTWpmVoV3sIA}{127.0.0.1}{127.0.0.1:9661}[mode=>network]], id[883], master [null], hasJoinedOnce [true], cluster_name[TEST-CHILD_VM=[2]-CLUSTER_SEED=[2858301384796425155]-HASH=[462C14F99751D]-cluster]}]
[2016-03-30 14:02:02,169][TRACE][org.elasticsearch.discovery.zen.ping.unicast] [node_t2] [1] failed to connect to {#zen_unicast_3#}{127.0.0.1}{127.0.0.1:9662}
ConnectTransportException[[][127.0.0.1:9662] connect_timeout[30s]]; nested: ConnectException[Connection refused: /127.0.0.1:9662];
	at org.elasticsearch.transport.netty.NettyTransport.connectToChannelsLight(NettyTransport.java:948)
	at org.elasticsearch.transport.netty.NettyTransport.connectToNode(NettyTransport.java:912)
	at org.elasticsearch.transport.netty.NettyTransport.connectToNodeLight(NettyTransport.java:884)
	at org.elasticsearch.test.transport.MockTransportService$LookupTestTransport.connectToNodeLight(MockTransportService.java:412)
	at org.elasticsearch.transport.TransportService.connectToNodeLight(TransportService.java:250)
	at org.elasticsearch.discovery.zen.ping.unicast.UnicastZenPing$3.run(UnicastZenPing.java:395)
	at java.util.concurrent.ThreadPoolExecutor.runWorker(ThreadPoolExecutor.java:1142)
	at java.util.concurrent.ThreadPoolExecutor$Worker.run(ThreadPoolExecutor.java:617)
	at java.lang.Thread.run(Thread.java:745)
Caused by: java.net.ConnectException: Connection refused: /127.0.0.1:9662
	at sun.nio.ch.SocketChannelImpl.checkConnect(Native Method)
	at sun.nio.ch.SocketChannelImpl.finishConnect(SocketChannelImpl.java:717)
	at org.jboss.netty.channel.socket.nio.NioClientBoss.connect(NioClientBoss.java:152)
	at org.jboss.netty.channel.socket.nio.NioClientBoss.processSelectedKeys(NioClientBoss.java:105)
	at org.jboss.netty.channel.socket.nio.NioClientBoss.process(NioClientBoss.java:79)
	at org.jboss.netty.channel.socket.nio.AbstractNioSelector.run(AbstractNioSelector.java:337)
	at org.jboss.netty.channel.socket.nio.NioClientBoss.run(NioClientBoss.java:42)
	at org.jboss.netty.util.ThreadRenamingRunnable.run(ThreadRenamingRunnable.java:108)
	at org.jboss.netty.util.internal.DeadLockProofWorker$1.run(DeadLockProofWorker.java:42)
	... 3 more
[2016-03-30 14:02:02,169][TRACE][org.elasticsearch.discovery.zen.ping.unicast] [node_t2] [1] failed to connect to {#zen_unicast_4#}{127.0.0.1}{127.0.0.1:9663}
ConnectTransportException[[][127.0.0.1:9663] connect_timeout[30s]]; nested: ConnectException[Connection refused: /127.0.0.1:9663];
	at org.elasticsearch.transport.netty.NettyTransport.connectToChannelsLight(NettyTransport.java:948)
	at org.elasticsearch.transport.netty.NettyTransport.connectToNode(NettyTransport.java:912)
	at org.elasticsearch.transport.netty.NettyTransport.connectToNodeLight(NettyTransport.java:884)
	at org.elasticsearch.test.transport.MockTransportService$LookupTestTransport.connectToNodeLight(MockTransportService.java:412)
	at org.elasticsearch.transport.TransportService.connectToNodeLight(TransportService.java:250)
	at org.elasticsearch.discovery.zen.ping.unicast.UnicastZenPing$3.run(UnicastZenPing.java:395)
	at java.util.concurrent.ThreadPoolExecutor.runWorker(ThreadPoolExecutor.java:1142)
	at java.util.concurrent.ThreadPoolExecutor$Worker.run(ThreadPoolExecutor.java:617)
	at java.lang.Thread.run(Thread.java:745)
Caused by: java.net.ConnectException: Connection refused: /127.0.0.1:9663
	at sun.nio.ch.SocketChannelImpl.checkConnect(Native Method)
	at sun.nio.ch.SocketChannelImpl.finishConnect(SocketChannelImpl.java:717)
	at org.jboss.netty.channel.socket.nio.NioClientBoss.connect(NioClientBoss.java:152)
	at org.jboss.netty.channel.socket.nio.NioClientBoss.processSelectedKeys(NioClientBoss.java:105)
	at org.jboss.netty.channel.socket.nio.NioClientBoss.process(NioClientBoss.java:79)
	at org.jboss.netty.channel.socket.nio.AbstractNioSelector.run(AbstractNioSelector.java:337)
	at org.jboss.netty.channel.socket.nio.NioClientBoss.run(NioClientBoss.java:42)
	at org.jboss.netty.util.ThreadRenamingRunnable.run(ThreadRenamingRunnable.java:108)
	at org.jboss.netty.util.internal.DeadLockProofWorker$1.run(DeadLockProofWorker.java:42)
	... 3 more
[2016-03-30 14:02:02,169][TRACE][org.elasticsearch.discovery.zen.ping.unicast] [node_t2] [1] received response from {#zen_unicast_2#}{127.0.0.1}{127.0.0.1:9661}: [ping_response{node [{node_t1}{lk7U_niVSKyTWpmVoV3sIA}{127.0.0.1}{127.0.0.1:9661}[mode=>network]], id[846], master [null], hasJoinedOnce [true], cluster_name[TEST-CHILD_VM=[2]-CLUSTER_SEED=[2858301384796425155]-HASH=[462C14F99751D]-cluster]}, ping_response{node [{node_t1}{lk7U_niVSKyTWpmVoV3sIA}{127.0.0.1}{127.0.0.1:9661}[mode=>network]], id[846], master [null], hasJoinedOnce [true], cluster_name[TEST-CHILD_VM=[2]-CLUSTER_SEED=[2858301384796425155]-HASH=[462C14F99751D]-cluster]}, ping_response{node [{node_t1}{lk7U_niVSKyTWpmVoV3sIA}{127.0.0.1}{127.0.0.1:9661}[mode=>network]], id[846], master [null], hasJoinedOnce [true], cluster_name[TEST-CHILD_VM=[2]-CLUSTER_SEED=[2858301384796425155]-HASH=[462C14F99751D]-cluster]}, ping_response{node [{node_t1}{lk7U_niVSKyTWpmVoV3sIA}{127.0.0.1}{127.0.0.1:9661}[mode=>network]], id[850], master [null], hasJoinedOnce [true], cluster_name[TEST-CHILD_VM=[2]-CLUSTER_SEED=[2858301384796425155]-HASH=[462C14F99751D]-cluster]}, ping_response{node [{node_t1}{lk7U_niVSKyTWpmVoV3sIA}{127.0.0.1}{127.0.0.1:9661}[mode=>network]], id[850], master [null], hasJoinedOnce [true], cluster_name[TEST-CHILD_VM=[2]-CLUSTER_SEED=[2858301384796425155]-HASH=[462C14F99751D]-cluster]}, ping_response{node [{node_t1}{lk7U_niVSKyTWpmVoV3sIA}{127.0.0.1}{127.0.0.1:9661}[mode=>network]], id[850], master [null], hasJoinedOnce [true], cluster_name[TEST-CHILD_VM=[2]-CLUSTER_SEED=[2858301384796425155]-HASH=[462C14F99751D]-cluster]}, ping_response{node [{node_t1}{lk7U_niVSKyTWpmVoV3sIA}{127.0.0.1}{127.0.0.1:9661}[mode=>network]], id[854], master [null], hasJoinedOnce [true], cluster_name[TEST-CHILD_VM=[2]-CLUSTER_SEED=[2858301384796425155]-HASH=[462C14F99751D]-cluster]}, ping_response{node [{node_t1}{lk7U_niVSKyTWpmVoV3sIA}{127.0.0.1}{127.0.0.1:9661}[mode=>network]], id[854], master [null], hasJoinedOnce [true], cluster_name[TEST-CHILD_VM=[2]-CLUSTER_SEED=[2858301384796425155]-HASH=[462C14F99751D]-cluster]}, ping_response{node [{node_t1}{lk7U_niVSKyTWpmVoV3sIA}{127.0.0.1}{127.0.0.1:9661}[mode=>network]], id[854], master [null], hasJoinedOnce [true], cluster_name[TEST-CHILD_VM=[2]-CLUSTER_SEED=[2858301384796425155]-HASH=[462C14F99751D]-cluster]}, ping_response{node [{node_t2}{D8L07SziRtqglEhU0dOiNA}{127.0.0.1}{127.0.0.1:9660}[mode=>network]], id[858], master [null], hasJoinedOnce [false], cluster_name[TEST-CHILD_VM=[2]-CLUSTER_SEED=[2858301384796425155]-HASH=[462C14F99751D]-cluster]}, ping_response{node [{node_t2}{D8L07SziRtqglEhU0dOiNA}{127.0.0.1}{127.0.0.1:9660}[mode=>network]], id[858], master [null], hasJoinedOnce [false], cluster_name[TEST-CHILD_VM=[2]-CLUSTER_SEED=[2858301384796425155]-HASH=[462C14F99751D]-cluster]}, ping_response{node [{node_t1}{lk7U_niVSKyTWpmVoV3sIA}{127.0.0.1}{127.0.0.1:9661}[mode=>network]], id[864], master [null], hasJoinedOnce [true], cluster_name[TEST-CHILD_VM=[2]-CLUSTER_SEED=[2858301384796425155]-HASH=[462C14F99751D]-cluster]}, ping_response{node [{node_t1}{lk7U_niVSKyTWpmVoV3sIA}{127.0.0.1}{127.0.0.1:9661}[mode=>network]], id[864], master [null], hasJoinedOnce [true], cluster_name[TEST-CHILD_VM=[2]-CLUSTER_SEED=[2858301384796425155]-HASH=[462C14F99751D]-cluster]}, ping_response{node [{node_t1}{lk7U_niVSKyTWpmVoV3sIA}{127.0.0.1}{127.0.0.1:9661}[mode=>network]], id[864], master [null], hasJoinedOnce [true], cluster_name[TEST-CHILD_VM=[2]-CLUSTER_SEED=[2858301384796425155]-HASH=[462C14F99751D]-cluster]}, ping_response{node [{node_t2}{D8L07SziRtqglEhU0dOiNA}{127.0.0.1}{127.0.0.1:9660}[mode=>network]], id[871], master [null], hasJoinedOnce [false], cluster_name[TEST-CHILD_VM=[2]-CLUSTER_SEED=[2858301384796425155]-HASH=[462C14F99751D]-cluster]}, ping_response{node [{node_t2}{D8L07SziRtqglEhU0dOiNA}{127.0.0.1}{127.0.0.1:9660}[mode=>network]], id[871], master [null], hasJoinedOnce [false], cluster_name[TEST-CHILD_VM=[2]-CLUSTER_SEED=[2858301384796425155]-HASH=[462C14F99751D]-cluster]}, ping_response{node [{node_t2}{D8L07SziRtqglEhU0dOiNA}{127.0.0.1}{127.0.0.1:9660}[mode=>network]], id[871], master [null], hasJoinedOnce [false], cluster_name[TEST-CHILD_VM=[2]-CLUSTER_SEED=[2858301384796425155]-HASH=[462C14F99751D]-cluster]}, ping_response{node [{node_t2}{D8L07SziRtqglEhU0dOiNA}{127.0.0.1}{127.0.0.1:9660}[mode=>network]], id[878], master [null], hasJoinedOnce [false], cluster_name[TEST-CHILD_VM=[2]-CLUSTER_SEED=[2858301384796425155]-HASH=[462C14F99751D]-cluster]}, ping_response{node [{node_t1}{lk7U_niVSKyTWpmVoV3sIA}{127.0.0.1}{127.0.0.1:9661}[mode=>network]], id[880], master [null], hasJoinedOnce [true], cluster_name[TEST-CHILD_VM=[2]-CLUSTER_SEED=[2858301384796425155]-HASH=[462C14F99751D]-cluster]}]
[2016-03-30 14:02:02,169][TRACE][org.elasticsearch.discovery.zen.ping.unicast] [node_t2] [1] connecting (light) to {#zen_unicast_10#}{::1}{[::1]:9664}
[2016-03-30 14:02:02,169][TRACE][org.elasticsearch.discovery.zen.ping.unicast] [node_t2] [1] connecting (light) to {#zen_unicast_9#}{::1}{[::1]:9663}
[2016-03-30 14:02:02,171][TRACE][org.elasticsearch.discovery.zen.ping.unicast] [node_t2] replacing {node_t1}{lk7U_niVSKyTWpmVoV3sIA}{127.0.0.1}{127.0.0.1:9661}[mode=>network] with temp node {#zen_unicast_12_lk7U_niVSKyTWpmVoV3sIA#}{127.0.0.1}{127.0.0.1:9661}[mode=>network]
[2016-03-30 14:02:02,174][TRACE][org.elasticsearch.discovery.zen.ping.unicast] [node_t2] [1] connecting (light) to {#zen_unicast_12_lk7U_niVSKyTWpmVoV3sIA#}{127.0.0.1}{127.0.0.1:9661}[mode=>network]
[2016-03-30 14:02:02,174][TRACE][org.elasticsearch.discovery.zen.ping.unicast] [node_t2] [1] received response from {#zen_unicast_6#}{::1}{[::1]:9660}: [ping_response{node [{node_t2}{D8L07SziRtqglEhU0dOiNA}{127.0.0.1}{127.0.0.1:9660}[mode=>network]], id[858], master [null], hasJoinedOnce [false], cluster_name[TEST-CHILD_VM=[2]-CLUSTER_SEED=[2858301384796425155]-HASH=[462C14F99751D]-cluster]}, ping_response{node [{node_t2}{D8L07SziRtqglEhU0dOiNA}{127.0.0.1}{127.0.0.1:9660}[mode=>network]], id[858], master [null], hasJoinedOnce [false], cluster_name[TEST-CHILD_VM=[2]-CLUSTER_SEED=[2858301384796425155]-HASH=[462C14F99751D]-cluster]}, ping_response{node [{node_t2}{D8L07SziRtqglEhU0dOiNA}{127.0.0.1}{127.0.0.1:9660}[mode=>network]], id[858], master [null], hasJoinedOnce [false], cluster_name[TEST-CHILD_VM=[2]-CLUSTER_SEED=[2858301384796425155]-HASH=[462C14F99751D]-cluster]}, ping_response{node [{node_t1}{lk7U_niVSKyTWpmVoV3sIA}{127.0.0.1}{127.0.0.1:9661}[mode=>network]], id[864], master [null], hasJoinedOnce [true], cluster_name[TEST-CHILD_VM=[2]-CLUSTER_SEED=[2858301384796425155]-HASH=[462C14F99751D]-cluster]}, ping_response{node [{node_t1}{lk7U_niVSKyTWpmVoV3sIA}{127.0.0.1}{127.0.0.1:9661}[mode=>network]], id[864], master [null], hasJoinedOnce [true], cluster_name[TEST-CHILD_VM=[2]-CLUSTER_SEED=[2858301384796425155]-HASH=[462C14F99751D]-cluster]}, ping_response{node [{node_t1}{lk7U_niVSKyTWpmVoV3sIA}{127.0.0.1}{127.0.0.1:9661}[mode=>network]], id[864], master [null], hasJoinedOnce [true], cluster_name[TEST-CHILD_VM=[2]-CLUSTER_SEED=[2858301384796425155]-HASH=[462C14F99751D]-cluster]}, ping_response{node [{node_t2}{D8L07SziRtqglEhU0dOiNA}{127.0.0.1}{127.0.0.1:9660}[mode=>network]], id[871], master [null], hasJoinedOnce [false], cluster_name[TEST-CHILD_VM=[2]-CLUSTER_SEED=[2858301384796425155]-HASH=[462C14F99751D]-cluster]}, ping_response{node [{node_t2}{D8L07SziRtqglEhU0dOiNA}{127.0.0.1}{127.0.0.1:9660}[mode=>network]], id[871], master [null], hasJoinedOnce [false], cluster_name[TEST-CHILD_VM=[2]-CLUSTER_SEED=[2858301384796425155]-HASH=[462C14F99751D]-cluster]}, ping_response{node [{node_t2}{D8L07SziRtqglEhU0dOiNA}{127.0.0.1}{127.0.0.1:9660}[mode=>network]], id[871], master [null], hasJoinedOnce [false], cluster_name[TEST-CHILD_VM=[2]-CLUSTER_SEED=[2858301384796425155]-HASH=[462C14F99751D]-cluster]}, ping_response{node [{node_t2}{D8L07SziRtqglEhU0dOiNA}{127.0.0.1}{127.0.0.1:9660}[mode=>network]], id[878], master [null], hasJoinedOnce [false], cluster_name[TEST-CHILD_VM=[2]-CLUSTER_SEED=[2858301384796425155]-HASH=[462C14F99751D]-cluster]}, ping_response{node [{node_t2}{D8L07SziRtqglEhU0dOiNA}{127.0.0.1}{127.0.0.1:9660}[mode=>network]], id[878], master [null], hasJoinedOnce [false], cluster_name[TEST-CHILD_VM=[2]-CLUSTER_SEED=[2858301384796425155]-HASH=[462C14F99751D]-cluster]}, ping_response{node [{node_t2}{D8L07SziRtqglEhU0dOiNA}{127.0.0.1}{127.0.0.1:9660}[mode=>network]], id[881], master [null], hasJoinedOnce [false], cluster_name[TEST-CHILD_VM=[2]-CLUSTER_SEED=[2858301384796425155]-HASH=[462C14F99751D]-cluster]}]
[2016-03-30 14:02:02,174][TRACE][org.elasticsearch.discovery.zen.ping.unicast] [node_t2] [1] failed to connect to {#zen_unicast_10#}{::1}{[::1]:9664}
ConnectTransportException[[][[::1]:9664] connect_timeout[30s]]; nested: ConnectException[Connection refused: /0:0:0:0:0:0:0:1:9664];
	at org.elasticsearch.transport.netty.NettyTransport.connectToChannelsLight(NettyTransport.java:948)
	at org.elasticsearch.transport.netty.NettyTransport.connectToNode(NettyTransport.java:912)
	at org.elasticsearch.transport.netty.NettyTransport.connectToNodeLight(NettyTransport.java:884)
	at org.elasticsearch.test.transport.MockTransportService$LookupTestTransport.connectToNodeLight(MockTransportService.java:412)
	at org.elasticsearch.transport.TransportService.connectToNodeLight(TransportService.java:250)
	at org.elasticsearch.discovery.zen.ping.unicast.UnicastZenPing$3.run(UnicastZenPing.java:395)
	at java.util.concurrent.ThreadPoolExecutor.runWorker(ThreadPoolExecutor.java:1142)
	at java.util.concurrent.ThreadPoolExecutor$Worker.run(ThreadPoolExecutor.java:617)
	at java.lang.Thread.run(Thread.java:745)
Caused by: java.net.ConnectException: Connection refused: /0:0:0:0:0:0:0:1:9664
	at sun.nio.ch.SocketChannelImpl.checkConnect(Native Method)
	at sun.nio.ch.SocketChannelImpl.finishConnect(SocketChannelImpl.java:717)
	at org.jboss.netty.channel.socket.nio.NioClientBoss.connect(NioClientBoss.java:152)
	at org.jboss.netty.channel.socket.nio.NioClientBoss.processSelectedKeys(NioClientBoss.java:105)
	at org.jboss.netty.channel.socket.nio.NioClientBoss.process(NioClientBoss.java:79)
	at org.jboss.netty.channel.socket.nio.AbstractNioSelector.run(AbstractNioSelector.java:337)
	at org.jboss.netty.channel.socket.nio.NioClientBoss.run(NioClientBoss.java:42)
	at org.jboss.netty.util.ThreadRenamingRunnable.run(ThreadRenamingRunnable.java:108)
	at org.jboss.netty.util.internal.DeadLockProofWorker$1.run(DeadLockProofWorker.java:42)
	... 3 more
[2016-03-30 14:02:02,174][TRACE][org.elasticsearch.discovery.zen.ping.unicast] [node_t2] [1] connected to {node_t1}{lk7U_niVSKyTWpmVoV3sIA}{127.0.0.1}{127.0.0.1:9661}[mode=>network]
[2016-03-30 14:02:02,175][TRACE][org.elasticsearch.discovery.zen.ping.unicast] [node_t2] [1] sending to {#zen_unicast_12_lk7U_niVSKyTWpmVoV3sIA#}{127.0.0.1}{127.0.0.1:9661}[mode=>network]
[2016-03-30 14:02:02,174][TRACE][org.elasticsearch.discovery.zen.ping.unicast] [node_t2] [1] failed to connect to {#zen_unicast_9#}{::1}{[::1]:9663}
ConnectTransportException[[][[::1]:9663] connect_timeout[30s]]; nested: ConnectException[Connection refused: /0:0:0:0:0:0:0:1:9663];
	at org.elasticsearch.transport.netty.NettyTransport.connectToChannelsLight(NettyTransport.java:948)
	at org.elasticsearch.transport.netty.NettyTransport.connectToNode(NettyTransport.java:912)
	at org.elasticsearch.transport.netty.NettyTransport.connectToNodeLight(NettyTransport.java:884)
	at org.elasticsearch.test.transport.MockTransportService$LookupTestTransport.connectToNodeLight(MockTransportService.java:412)
	at org.elasticsearch.transport.TransportService.connectToNodeLight(TransportService.java:250)
	at org.elasticsearch.discovery.zen.ping.unicast.UnicastZenPing$3.run(UnicastZenPing.java:395)
	at java.util.concurrent.ThreadPoolExecutor.runWorker(ThreadPoolExecutor.java:1142)
	at java.util.concurrent.ThreadPoolExecutor$Worker.run(ThreadPoolExecutor.java:617)
	at java.lang.Thread.run(Thread.java:745)
Caused by: java.net.ConnectException: Connection refused: /0:0:0:0:0:0:0:1:9663
	at sun.nio.ch.SocketChannelImpl.checkConnect(Native Method)
	at sun.nio.ch.SocketChannelImpl.finishConnect(SocketChannelImpl.java:717)
	at org.jboss.netty.channel.socket.nio.NioClientBoss.connect(NioClientBoss.java:152)
	at org.jboss.netty.channel.socket.nio.NioClientBoss.processSelectedKeys(NioClientBoss.java:105)
	at org.jboss.netty.channel.socket.nio.NioClientBoss.process(NioClientBoss.java:79)
	at org.jboss.netty.channel.socket.nio.AbstractNioSelector.run(AbstractNioSelector.java:337)
	at org.jboss.netty.channel.socket.nio.NioClientBoss.run(NioClientBoss.java:42)
	at org.jboss.netty.util.ThreadRenamingRunnable.run(ThreadRenamingRunnable.java:108)
	at org.jboss.netty.util.internal.DeadLockProofWorker$1.run(DeadLockProofWorker.java:42)
	... 3 more
[2016-03-30 14:02:02,176][TRACE][org.elasticsearch.discovery.zen.ping.unicast] [node_t2] [1] received response from {#zen_unicast_12_lk7U_niVSKyTWpmVoV3sIA#}{127.0.0.1}{127.0.0.1:9661}[mode=>network]: [ping_response{node [{node_t1}{lk7U_niVSKyTWpmVoV3sIA}{127.0.0.1}{127.0.0.1:9661}[mode=>network]], id[846], master [null], hasJoinedOnce [true], cluster_name[TEST-CHILD_VM=[2]-CLUSTER_SEED=[2858301384796425155]-HASH=[462C14F99751D]-cluster]}, ping_response{node [{node_t1}{lk7U_niVSKyTWpmVoV3sIA}{127.0.0.1}{127.0.0.1:9661}[mode=>network]], id[846], master [null], hasJoinedOnce [true], cluster_name[TEST-CHILD_VM=[2]-CLUSTER_SEED=[2858301384796425155]-HASH=[462C14F99751D]-cluster]}, ping_response{node [{node_t1}{lk7U_niVSKyTWpmVoV3sIA}{127.0.0.1}{127.0.0.1:9661}[mode=>network]], id[846], master [null], hasJoinedOnce [true], cluster_name[TEST-CHILD_VM=[2]-CLUSTER_SEED=[2858301384796425155]-HASH=[462C14F99751D]-cluster]}, ping_response{node [{node_t1}{lk7U_niVSKyTWpmVoV3sIA}{127.0.0.1}{127.0.0.1:9661}[mode=>network]], id[850], master [null], hasJoinedOnce [true], cluster_name[TEST-CHILD_VM=[2]-CLUSTER_SEED=[2858301384796425155]-HASH=[462C14F99751D]-cluster]}, ping_response{node [{node_t1}{lk7U_niVSKyTWpmVoV3sIA}{127.0.0.1}{127.0.0.1:9661}[mode=>network]], id[850], master [null], hasJoinedOnce [true], cluster_name[TEST-CHILD_VM=[2]-CLUSTER_SEED=[2858301384796425155]-HASH=[462C14F99751D]-cluster]}, ping_response{node [{node_t1}{lk7U_niVSKyTWpmVoV3sIA}{127.0.0.1}{127.0.0.1:9661}[mode=>network]], id[850], master [null], hasJoinedOnce [true], cluster_name[TEST-CHILD_VM=[2]-CLUSTER_SEED=[2858301384796425155]-HASH=[462C14F99751D]-cluster]}, ping_response{node [{node_t1}{lk7U_niVSKyTWpmVoV3sIA}{127.0.0.1}{127.0.0.1:9661}[mode=>network]], id[854], master [null], hasJoinedOnce [true], cluster_name[TEST-CHILD_VM=[2]-CLUSTER_SEED=[2858301384796425155]-HASH=[462C14F99751D]-cluster]}, ping_response{node [{node_t1}{lk7U_niVSKyTWpmVoV3sIA}{127.0.0.1}{127.0.0.1:9661}[mode=>network]], id[854], master [null], hasJoinedOnce [true], cluster_name[TEST-CHILD_VM=[2]-CLUSTER_SEED=[2858301384796425155]-HASH=[462C14F99751D]-cluster]}, ping_response{node [{node_t1}{lk7U_niVSKyTWpmVoV3sIA}{127.0.0.1}{127.0.0.1:9661}[mode=>network]], id[854], master [null], hasJoinedOnce [true], cluster_name[TEST-CHILD_VM=[2]-CLUSTER_SEED=[2858301384796425155]-HASH=[462C14F99751D]-cluster]}, ping_response{node [{node_t2}{D8L07SziRtqglEhU0dOiNA}{127.0.0.1}{127.0.0.1:9660}[mode=>network]], id[858], master [null], hasJoinedOnce [false], cluster_name[TEST-CHILD_VM=[2]-CLUSTER_SEED=[2858301384796425155]-HASH=[462C14F99751D]-cluster]}, ping_response{node [{node_t2}{D8L07SziRtqglEhU0dOiNA}{127.0.0.1}{127.0.0.1:9660}[mode=>network]], id[858], master [null], hasJoinedOnce [false], cluster_name[TEST-CHILD_VM=[2]-CLUSTER_SEED=[2858301384796425155]-HASH=[462C14F99751D]-cluster]}, ping_response{node [{node_t1}{lk7U_niVSKyTWpmVoV3sIA}{127.0.0.1}{127.0.0.1:9661}[mode=>network]], id[864], master [null], hasJoinedOnce [true], cluster_name[TEST-CHILD_VM=[2]-CLUSTER_SEED=[2858301384796425155]-HASH=[462C14F99751D]-cluster]}, ping_response{node [{node_t1}{lk7U_niVSKyTWpmVoV3sIA}{127.0.0.1}{127.0.0.1:9661}[mode=>network]], id[864], master [null], hasJoinedOnce [true], cluster_name[TEST-CHILD_VM=[2]-CLUSTER_SEED=[2858301384796425155]-HASH=[462C14F99751D]-cluster]}, ping_response{node [{node_t1}{lk7U_niVSKyTWpmVoV3sIA}{127.0.0.1}{127.0.0.1:9661}[mode=>network]], id[864], master [null], hasJoinedOnce [true], cluster_name[TEST-CHILD_VM=[2]-CLUSTER_SEED=[2858301384796425155]-HASH=[462C14F99751D]-cluster]}, ping_response{node [{node_t2}{D8L07SziRtqglEhU0dOiNA}{127.0.0.1}{127.0.0.1:9660}[mode=>network]], id[871], master [null], hasJoinedOnce [false], cluster_name[TEST-CHILD_VM=[2]-CLUSTER_SEED=[2858301384796425155]-HASH=[462C14F99751D]-cluster]}, ping_response{node [{node_t2}{D8L07SziRtqglEhU0dOiNA}{127.0.0.1}{127.0.0.1:9660}[mode=>network]], id[871], master [null], hasJoinedOnce [false], cluster_name[TEST-CHILD_VM=[2]-CLUSTER_SEED=[2858301384796425155]-HASH=[462C14F99751D]-cluster]}, ping_response{node [{node_t2}{D8L07SziRtqglEhU0dOiNA}{127.0.0.1}{127.0.0.1:9660}[mode=>network]], id[871], master [null], hasJoinedOnce [false], cluster_name[TEST-CHILD_VM=[2]-CLUSTER_SEED=[2858301384796425155]-HASH=[462C14F99751D]-cluster]}, ping_response{node [{node_t2}{D8L07SziRtqglEhU0dOiNA}{127.0.0.1}{127.0.0.1:9660}[mode=>network]], id[878], master [null], hasJoinedOnce [false], cluster_name[TEST-CHILD_VM=[2]-CLUSTER_SEED=[2858301384796425155]-HASH=[462C14F99751D]-cluster]}, ping_response{node [{node_t2}{D8L07SziRtqglEhU0dOiNA}{127.0.0.1}{127.0.0.1:9660}[mode=>network]], id[878], master [null], hasJoinedOnce [false], cluster_name[TEST-CHILD_VM=[2]-CLUSTER_SEED=[2858301384796425155]-HASH=[462C14F99751D]-cluster]}, ping_response{node [{node_t2}{D8L07SziRtqglEhU0dOiNA}{127.0.0.1}{127.0.0.1:9660}[mode=>network]], id[878], master [null], hasJoinedOnce [false], cluster_name[TEST-CHILD_VM=[2]-CLUSTER_SEED=[2858301384796425155]-HASH=[462C14F99751D]-cluster]}, ping_response{node [{node_t1}{lk7U_niVSKyTWpmVoV3sIA}{127.0.0.1}{127.0.0.1:9661}[mode=>network]], id[884], master [null], hasJoinedOnce [true], cluster_name[TEST-CHILD_VM=[2]-CLUSTER_SEED=[2858301384796425155]-HASH=[462C14F99751D]-cluster]}]
[2016-03-30 14:02:02,176][TRACE][org.elasticsearch.discovery.zen.ping.unicast] [node_t2] [1] disconnecting from {#zen_unicast_2#}{127.0.0.1}{127.0.0.1:9661}
[2016-03-30 14:02:02,176][TRACE][org.elasticsearch.discovery.zen] [node_t2] full ping responses:
	--> ping_response{node [{node_t1}{lk7U_niVSKyTWpmVoV3sIA}{127.0.0.1}{127.0.0.1:9661}[mode=>network]], id[884], master [null], hasJoinedOnce [true], cluster_name[TEST-CHILD_VM=[2]-CLUSTER_SEED=[2858301384796425155]-HASH=[462C14F99751D]-cluster]}
[2016-03-30 14:02:02,177][DEBUG][org.elasticsearch.discovery.zen] [node_t2] filtered ping responses: (filter_client[true], filter_data[false])
	--> ping_response{node [{node_t1}{lk7U_niVSKyTWpmVoV3sIA}{127.0.0.1}{127.0.0.1:9661}[mode=>network]], id[884], master [null], hasJoinedOnce [true], cluster_name[TEST-CHILD_VM=[2]-CLUSTER_SEED=[2858301384796425155]-HASH=[462C14F99751D]-cluster]}
[2016-03-30 14:02:02,177][TRACE][org.elasticsearch.discovery.zen] [node_t2] stopping join accumulation ([not master])
[2016-03-30 14:02:02,177][TRACE][org.elasticsearch.discovery.zen.ping.unicast] [node_t2] [1] disconnecting from {#zen_unicast_12_lk7U_niVSKyTWpmVoV3sIA#}{127.0.0.1}{127.0.0.1:9661}[mode=>network]
[2016-03-30 14:02:02,177][TRACE][org.elasticsearch.discovery.zen.ping.unicast] [node_t2] [1] disconnecting from {#zen_unicast_11_lk7U_niVSKyTWpmVoV3sIA#}{127.0.0.1}{127.0.0.1:9661}[mode=>network]
[2016-03-30 14:02:02,177][TRACE][org.elasticsearch.discovery.zen.ping.unicast] [node_t2] [1] disconnecting from {#zen_unicast_6#}{::1}{[::1]:9660}
[2016-03-30 14:02:02,177][TRACE][org.elasticsearch.discovery.zen.ping.unicast] [node_t2] [1] disconnecting from {#zen_unicast_5#}{127.0.0.1}{127.0.0.1:9664}
[2016-03-30 14:02:02,177][TRACE][org.elasticsearch.discovery.zen.ping.unicast] [node_t2] [1] disconnecting from {#zen_unicast_4#}{127.0.0.1}{127.0.0.1:9663}
[2016-03-30 14:02:02,177][TRACE][org.elasticsearch.discovery.zen.ping.unicast] [node_t2] [1] disconnecting from {#zen_unicast_3#}{127.0.0.1}{127.0.0.1:9662}
[2016-03-30 14:02:02,177][TRACE][org.elasticsearch.discovery.zen.ping.unicast] [node_t2] [1] disconnecting from {#zen_unicast_10#}{::1}{[::1]:9664}
[2016-03-30 14:02:02,177][TRACE][org.elasticsearch.discovery.zen.ping.unicast] [node_t2] [1] disconnecting from {#zen_unicast_9#}{::1}{[::1]:9663}
[2016-03-30 14:02:02,177][TRACE][org.elasticsearch.discovery.zen.ping.unicast] [node_t2] [1] disconnecting from {#zen_unicast_8#}{::1}{[::1]:9662}
[2016-03-30 14:02:02,178][TRACE][org.elasticsearch.discovery.zen.ping.unicast] [node_t2] [1] disconnecting from {#zen_unicast_7#}{::1}{[::1]:9661}
[2016-03-30 14:02:02,179][TRACE][org.elasticsearch.discovery.zen] [node_t2] joining master {node_t1}{lk7U_niVSKyTWpmVoV3sIA}{127.0.0.1}{127.0.0.1:9661}[mode=>network]
[2016-03-30 14:02:02,181][TRACE][org.elasticsearch.cluster.service] [node_t1] will process [zen-disco-join(elected_as_master, [1] joins received)]
[2016-03-30 14:02:02,181][DEBUG][org.elasticsearch.cluster.service] [node_t1] processing [zen-disco-join(elected_as_master, [1] joins received)]: execute
[2016-03-30 14:02:02,182][TRACE][org.elasticsearch.gateway] [node_t1] [test][7] fetching [shard_started] from [lk7U_niVSKyTWpmVoV3sIA]
[2016-03-30 14:02:02,183][TRACE][org.elasticsearch.gateway] [node_t1] [test][7], node[null], [P], v[3], s[UNASSIGNED], unassigned_info[[reason=NODE_LEFT], at[2016-03-30T21:02:02.182Z], details[node_left[5WFoynj2SUGDMEZmKbHSCQ]]]: ignoring allocation, still fetching shard started state
[2016-03-30 14:02:02,183][TRACE][org.elasticsearch.gateway] [node_t1] [test][7] loading local shard state info
[2016-03-30 14:02:02,183][TRACE][org.elasticsearch.gateway] [node_t1] [test][3] fetching [shard_started] from [lk7U_niVSKyTWpmVoV3sIA]
[2016-03-30 14:02:02,183][TRACE][org.elasticsearch.gateway] [node_t1] [test][3], node[null], [P], v[3], s[UNASSIGNED], unassigned_info[[reason=NODE_LEFT], at[2016-03-30T21:02:02.182Z], details[node_left[5WFoynj2SUGDMEZmKbHSCQ]]]: ignoring allocation, still fetching shard started state
[2016-03-30 14:02:02,183][TRACE][org.elasticsearch.gateway] [node_t1] [test][3] loading local shard state info
[2016-03-30 14:02:02,183][TRACE][org.elasticsearch.gateway] [node_t1] [test][5] fetching [shard_started] from [lk7U_niVSKyTWpmVoV3sIA]
[2016-03-30 14:02:02,183][TRACE][org.elasticsearch.gateway] [node_t1] [test][5], node[null], [P], v[3], s[UNASSIGNED], unassigned_info[[reason=NODE_LEFT], at[2016-03-30T21:02:02.182Z], details[node_left[5WFoynj2SUGDMEZmKbHSCQ]]]: ignoring allocation, still fetching shard started state
[2016-03-30 14:02:02,184][TRACE][org.elasticsearch.gateway] [node_t1] [test][5] loading local shard state info
[2016-03-30 14:02:02,184][TRACE][org.elasticsearch.gateway] [node_t1] [test][1] fetching [shard_started] from [lk7U_niVSKyTWpmVoV3sIA]
[2016-03-30 14:02:02,184][TRACE][org.elasticsearch.gateway] [node_t1] [test][1], node[null], [P], v[3], s[UNASSIGNED], unassigned_info[[reason=NODE_LEFT], at[2016-03-30T21:02:02.182Z], details[node_left[5WFoynj2SUGDMEZmKbHSCQ]]]: ignoring allocation, still fetching shard started state
[2016-03-30 14:02:02,184][TRACE][org.elasticsearch.gateway] [node_t1] [test][1] loading local shard state info
[2016-03-30 14:02:02,185][TRACE][org.elasticsearch.cluster.service] [node_t1] cluster state updated, source [zen-disco-join(elected_as_master, [1] joins received)]
version: 6
state uuid: tdgcfY_DQk2ue6uwlDP_Mw
from_diff: false
meta data version: 4
nodes: 
   {node_t1}{lk7U_niVSKyTWpmVoV3sIA}{127.0.0.1}{127.0.0.1:9661}[mode=>network], local, master
   {node_t2}{D8L07SziRtqglEhU0dOiNA}{127.0.0.1}{127.0.0.1:9660}[mode=>network]
routing_table (version 4):
-- index [test]
----shard_id [test][0]
--------[test][0], node[lk7U_niVSKyTWpmVoV3sIA], [P], v[2], s[STARTED], a[id=uC3ewIfZRDW-4Ye1pl4ULw]
----shard_id [test][1]
--------[test][1], node[null], [P], v[3], s[UNASSIGNED], unassigned_info[[reason=NODE_LEFT], at[2016-03-30T21:02:02.182Z], details[node_left[5WFoynj2SUGDMEZmKbHSCQ]]]
----shard_id [test][2]
--------[test][2], node[lk7U_niVSKyTWpmVoV3sIA], [P], v[2], s[STARTED], a[id=aldfZzscRt6PWb38x5_cjA]
----shard_id [test][3]
--------[test][3], node[null], [P], v[3], s[UNASSIGNED], unassigned_info[[reason=NODE_LEFT], at[2016-03-30T21:02:02.182Z], details[node_left[5WFoynj2SUGDMEZmKbHSCQ]]]
----shard_id [test][4]
--------[test][4], node[lk7U_niVSKyTWpmVoV3sIA], [P], v[2], s[STARTED], a[id=7dKyNkRvT0WKMiTTjDRO4A]
----shard_id [test][5]
--------[test][5], node[null], [P], v[3], s[UNASSIGNED], unassigned_info[[reason=NODE_LEFT], at[2016-03-30T21:02:02.182Z], details[node_left[5WFoynj2SUGDMEZmKbHSCQ]]]
----shard_id [test][6]
--------[test][6], node[lk7U_niVSKyTWpmVoV3sIA], [P], v[2], s[STARTED], a[id=RFLG2DrFRBCCZsSxxCrbog]
----shard_id [test][7]
--------[test][7], node[null], [P], v[3], s[UNASSIGNED], unassigned_info[[reason=NODE_LEFT], at[2016-03-30T21:02:02.182Z], details[node_left[5WFoynj2SUGDMEZmKbHSCQ]]]

routing_nodes:
-----node_id[D8L07SziRtqglEhU0dOiNA][V]
-----node_id[lk7U_niVSKyTWpmVoV3sIA][V]
--------[test][4], node[lk7U_niVSKyTWpmVoV3sIA], [P], v[2], s[STARTED], a[id=7dKyNkRvT0WKMiTTjDRO4A]
--------[test][6], node[lk7U_niVSKyTWpmVoV3sIA], [P], v[2], s[STARTED], a[id=RFLG2DrFRBCCZsSxxCrbog]
--------[test][2], node[lk7U_niVSKyTWpmVoV3sIA], [P], v[2], s[STARTED], a[id=aldfZzscRt6PWb38x5_cjA]
--------[test][0], node[lk7U_niVSKyTWpmVoV3sIA], [P], v[2], s[STARTED], a[id=uC3ewIfZRDW-4Ye1pl4ULw]
---- unassigned
--------[test][7], node[null], [P], v[3], s[UNASSIGNED], unassigned_info[[reason=NODE_LEFT], at[2016-03-30T21:02:02.182Z], details[node_left[5WFoynj2SUGDMEZmKbHSCQ]]]
--------[test][5], node[null], [P], v[3], s[UNASSIGNED], unassigned_info[[reason=NODE_LEFT], at[2016-03-30T21:02:02.182Z], details[node_left[5WFoynj2SUGDMEZmKbHSCQ]]]
--------[test][3], node[null], [P], v[3], s[UNASSIGNED], unassigned_info[[reason=NODE_LEFT], at[2016-03-30T21:02:02.182Z], details[node_left[5WFoynj2SUGDMEZmKbHSCQ]]]
--------[test][1], node[null], [P], v[3], s[UNASSIGNED], unassigned_info[[reason=NODE_LEFT], at[2016-03-30T21:02:02.182Z], details[node_left[5WFoynj2SUGDMEZmKbHSCQ]]]

[2016-03-30 14:02:02,185][INFO ][org.elasticsearch.cluster.service] [node_t1] new_master {node_t1}{lk7U_niVSKyTWpmVoV3sIA}{127.0.0.1}{127.0.0.1:9661}[mode=>network], added {{node_t2}{D8L07SziRtqglEhU0dOiNA}{127.0.0.1}{127.0.0.1:9660}[mode=>network],}, reason: zen-disco-join(elected_as_master, [1] joins received)
[2016-03-30 14:02:02,185][DEBUG][org.elasticsearch.cluster.service] [node_t1] publishing cluster state version [6]
[2016-03-30 14:02:02,186][DEBUG][org.elasticsearch.discovery.zen.publish] [node_t2] received full cluster state version [6] with size [748]
[2016-03-30 14:02:02,187][TRACE][org.elasticsearch.discovery.zen.publish] [node_t1] master node {node_t2}{D8L07SziRtqglEhU0dOiNA}{127.0.0.1}{127.0.0.1:9660}[mode=>network] acked cluster state version [6]. processing ... (current pending [1], needed [1])
[2016-03-30 14:02:02,187][TRACE][org.elasticsearch.discovery.zen.publish] [node_t1] committing version [6]
[2016-03-30 14:02:02,187][TRACE][org.elasticsearch.discovery.zen.publish] [node_t1] sending commit for cluster state (uuid: [tdgcfY_DQk2ue6uwlDP_Mw], version [6]) to [{node_t2}{D8L07SziRtqglEhU0dOiNA}{127.0.0.1}{127.0.0.1:9660}[mode=>network]]
[2016-03-30 14:02:02,188][TRACE][org.elasticsearch.cluster.service] [node_t2] will process [zen-disco-receive(from master [master {node_t1}{lk7U_niVSKyTWpmVoV3sIA}{127.0.0.1}{127.0.0.1:9661}[mode=>network] committed version [6]])]
[2016-03-30 14:02:02,188][DEBUG][org.elasticsearch.cluster.service] [node_t2] processing [zen-disco-receive(from master [master {node_t1}{lk7U_niVSKyTWpmVoV3sIA}{127.0.0.1}{127.0.0.1:9661}[mode=>network] committed version [6]])]: execute
[2016-03-30 14:02:02,188][DEBUG][org.elasticsearch.discovery.zen.fd] [node_t2] [master] restarting fault detection against master [{node_t1}{lk7U_niVSKyTWpmVoV3sIA}{127.0.0.1}{127.0.0.1:9661}[mode=>network]], reason [new cluster state received and we are monitoring the wrong master [null]]
[2016-03-30 14:02:02,189][DEBUG][org.elasticsearch.discovery.zen] [node_t2] got first state from fresh master [lk7U_niVSKyTWpmVoV3sIA]
[2016-03-30 14:02:02,189][TRACE][org.elasticsearch.discovery.zen] [node_t2] updated cluster join cluster to [1]
[2016-03-30 14:02:02,189][TRACE][org.elasticsearch.cluster.service] [node_t2] cluster state updated, source [zen-disco-receive(from master [master {node_t1}{lk7U_niVSKyTWpmVoV3sIA}{127.0.0.1}{127.0.0.1:9661}[mode=>network] committed version [6]])]
version: 6
state uuid: tdgcfY_DQk2ue6uwlDP_Mw
from_diff: false
meta data version: 4
nodes: 
   {node_t1}{lk7U_niVSKyTWpmVoV3sIA}{127.0.0.1}{127.0.0.1:9661}[mode=>network], master
   {node_t2}{D8L07SziRtqglEhU0dOiNA}{127.0.0.1}{127.0.0.1:9660}[mode=>network], local
routing_table (version 4):
-- index [test]
----shard_id [test][0]
--------[test][0], node[lk7U_niVSKyTWpmVoV3sIA], [P], v[2], s[STARTED], a[id=uC3ewIfZRDW-4Ye1pl4ULw]
----shard_id [test][1]
--------[test][1], node[null], [P], v[3], s[UNASSIGNED], unassigned_info[[reason=NODE_LEFT], at[2016-03-30T21:02:02.182Z], details[node_left[5WFoynj2SUGDMEZmKbHSCQ]]]
----shard_id [test][2]
--------[test][2], node[lk7U_niVSKyTWpmVoV3sIA], [P], v[2], s[STARTED], a[id=aldfZzscRt6PWb38x5_cjA]
----shard_id [test][3]
--------[test][3], node[null], [P], v[3], s[UNASSIGNED], unassigned_info[[reason=NODE_LEFT], at[2016-03-30T21:02:02.182Z], details[node_left[5WFoynj2SUGDMEZmKbHSCQ]]]
----shard_id [test][4]
--------[test][4], node[lk7U_niVSKyTWpmVoV3sIA], [P], v[2], s[STARTED], a[id=7dKyNkRvT0WKMiTTjDRO4A]
----shard_id [test][5]
--------[test][5], node[null], [P], v[3], s[UNASSIGNED], unassigned_info[[reason=NODE_LEFT], at[2016-03-30T21:02:02.182Z], details[node_left[5WFoynj2SUGDMEZmKbHSCQ]]]
----shard_id [test][6]
--------[test][6], node[lk7U_niVSKyTWpmVoV3sIA], [P], v[2], s[STARTED], a[id=RFLG2DrFRBCCZsSxxCrbog]
----shard_id [test][7]
--------[test][7], node[null], [P], v[3], s[UNASSIGNED], unassigned_info[[reason=NODE_LEFT], at[2016-03-30T21:02:02.182Z], details[node_left[5WFoynj2SUGDMEZmKbHSCQ]]]

routing_nodes:
-----node_id[D8L07SziRtqglEhU0dOiNA][V]
-----node_id[lk7U_niVSKyTWpmVoV3sIA][V]
--------[test][4], node[lk7U_niVSKyTWpmVoV3sIA], [P], v[2], s[STARTED], a[id=7dKyNkRvT0WKMiTTjDRO4A]
--------[test][2], node[lk7U_niVSKyTWpmVoV3sIA], [P], v[2], s[STARTED], a[id=aldfZzscRt6PWb38x5_cjA]
--------[test][6], node[lk7U_niVSKyTWpmVoV3sIA], [P], v[2], s[STARTED], a[id=RFLG2DrFRBCCZsSxxCrbog]
--------[test][0], node[lk7U_niVSKyTWpmVoV3sIA], [P], v[2], s[STARTED], a[id=uC3ewIfZRDW-4Ye1pl4ULw]
---- unassigned
--------[test][1], node[null], [P], v[3], s[UNASSIGNED], unassigned_info[[reason=NODE_LEFT], at[2016-03-30T21:02:02.182Z], details[node_left[5WFoynj2SUGDMEZmKbHSCQ]]]
--------[test][5], node[null], [P], v[3], s[UNASSIGNED], unassigned_info[[reason=NODE_LEFT], at[2016-03-30T21:02:02.182Z], details[node_left[5WFoynj2SUGDMEZmKbHSCQ]]]
--------[test][7], node[null], [P], v[3], s[UNASSIGNED], unassigned_info[[reason=NODE_LEFT], at[2016-03-30T21:02:02.182Z], details[node_left[5WFoynj2SUGDMEZmKbHSCQ]]]
--------[test][3], node[null], [P], v[3], s[UNASSIGNED], unassigned_info[[reason=NODE_LEFT], at[2016-03-30T21:02:02.182Z], details[node_left[5WFoynj2SUGDMEZmKbHSCQ]]]

[2016-03-30 14:02:02,189][INFO ][org.elasticsearch.cluster.service] [node_t2] detected_master {node_t1}{lk7U_niVSKyTWpmVoV3sIA}{127.0.0.1}{127.0.0.1:9661}[mode=>network], added {{node_t1}{lk7U_niVSKyTWpmVoV3sIA}{127.0.0.1}{127.0.0.1:9661}[mode=>network],}, reason: zen-disco-receive(from master [master {node_t1}{lk7U_niVSKyTWpmVoV3sIA}{127.0.0.1}{127.0.0.1:9661}[mode=>network] committed version [6]])
[2016-03-30 14:02:02,189][DEBUG][org.elasticsearch.cluster.service] [node_t2] set local cluster state to version 6
[2016-03-30 14:02:02,195][TRACE][org.elasticsearch.gateway] [node_t1] [test][7] no local shard info found
[2016-03-30 14:02:02,195][TRACE][org.elasticsearch.gateway] [node_t1] [test][1] no local shard info found
[2016-03-30 14:02:02,195][TRACE][org.elasticsearch.gateway] [node_t1] [test][5] no local shard info found
[2016-03-30 14:02:02,195][TRACE][org.elasticsearch.gateway] [node_t1] [test][1] processing fetched [shard_started] results
[2016-03-30 14:02:02,195][TRACE][org.elasticsearch.gateway] [node_t1] [test][5] processing fetched [shard_started] results
[2016-03-30 14:02:02,195][TRACE][org.elasticsearch.gateway] [node_t1] [test][1] marking lk7U_niVSKyTWpmVoV3sIA as done for [shard_started]
[2016-03-30 14:02:02,195][TRACE][org.elasticsearch.gateway] [node_t1] [test][1] scheduling reroute for post_response
[2016-03-30 14:02:02,195][TRACE][org.elasticsearch.gateway] [node_t1] [test][5] marking lk7U_niVSKyTWpmVoV3sIA as done for [shard_started]
[2016-03-30 14:02:02,195][TRACE][org.elasticsearch.gateway] [node_t1] [test][7] processing fetched [shard_started] results
[2016-03-30 14:02:02,195][TRACE][org.elasticsearch.gateway] [node_t1] [test][5] scheduling reroute for post_response
[2016-03-30 14:02:02,195][TRACE][org.elasticsearch.gateway] [node_t1] [test][7] marking lk7U_niVSKyTWpmVoV3sIA as done for [shard_started]
[2016-03-30 14:02:02,195][TRACE][org.elasticsearch.gateway] [node_t1] [test][7] scheduling reroute for post_response
[2016-03-30 14:02:02,195][TRACE][org.elasticsearch.gateway] [node_t1] [test][3] no local shard info found
[2016-03-30 14:02:02,195][TRACE][org.elasticsearch.gateway] [node_t1] [test][3] processing fetched [shard_started] results
[2016-03-30 14:02:02,196][TRACE][org.elasticsearch.gateway] [node_t1] [test][3] marking lk7U_niVSKyTWpmVoV3sIA as done for [shard_started]
[2016-03-30 14:02:02,196][TRACE][org.elasticsearch.gateway] [node_t1] [test][3] scheduling reroute for post_response
[2016-03-30 14:02:02,232][TRACE][org.elasticsearch.gateway] [node_t2] [_global] writing state, reason [changed]
[2016-03-30 14:02:02,265][TRACE][org.elasticsearch.gateway] [node_t2] [test] writing state, reason [freshly created]
[2016-03-30 14:02:02,306][DEBUG][org.elasticsearch.cluster.service] [node_t2] processing [zen-disco-receive(from master [master {node_t1}{lk7U_niVSKyTWpmVoV3sIA}{127.0.0.1}{127.0.0.1:9661}[mode=>network] committed version [6]])]: took 117ms done applying updated cluster_state (version: 6, uuid: tdgcfY_DQk2ue6uwlDP_Mw)
[2016-03-30 14:02:02,306][DEBUG][org.elasticsearch.cluster.service] [node_t1] set local cluster state to version 6
[2016-03-30 14:02:02,306][TRACE][org.elasticsearch.cluster.service] [node_t2] will process [gateway_initial_state_recovery]
[2016-03-30 14:02:02,306][DEBUG][org.elasticsearch.cluster.service] [node_t2] processing [gateway_initial_state_recovery]: execute
[2016-03-30 14:02:02,306][DEBUG][org.elasticsearch.cluster.service] [node_t2] processing [gateway_initial_state_recovery]: took 0s no change in cluster_state
[2016-03-30 14:02:02,309][TRACE][org.elasticsearch.discovery.zen] [node_t1] stopping join accumulation ([election closed])
[2016-03-30 14:02:02,309][TRACE][org.elasticsearch.discovery.zen] [node_t1] cluster joins counter set to [2] (elected as master)
[2016-03-30 14:02:02,309][TRACE][org.elasticsearch.cluster.service] [node_t2] will process [finalize_join ({node_t1}{lk7U_niVSKyTWpmVoV3sIA}{127.0.0.1}{127.0.0.1:9661}[mode=>network])]
[2016-03-30 14:02:02,309][DEBUG][org.elasticsearch.cluster.service] [node_t1] processing [zen-disco-join(elected_as_master, [1] joins received)]: took 127ms done applying updated cluster_state (version: 6, uuid: tdgcfY_DQk2ue6uwlDP_Mw)
[2016-03-30 14:02:02,309][DEBUG][org.elasticsearch.cluster.service] [node_t2] processing [finalize_join ({node_t1}{lk7U_niVSKyTWpmVoV3sIA}{127.0.0.1}{127.0.0.1:9661}[mode=>network])]: execute
[2016-03-30 14:02:02,309][TRACE][org.elasticsearch.cluster.service] [node_t1] will process [cluster_reroute(async_shard_fetch)]
[2016-03-30 14:02:02,309][DEBUG][org.elasticsearch.cluster.service] [node_t1] processing [cluster_reroute(async_shard_fetch)]: execute
[2016-03-30 14:02:02,309][DEBUG][org.elasticsearch.cluster.service] [node_t2] processing [finalize_join ({node_t1}{lk7U_niVSKyTWpmVoV3sIA}{127.0.0.1}{127.0.0.1:9661}[mode=>network])]: took 0s no change in cluster_state
[2016-03-30 14:02:02,309][TRACE][org.elasticsearch.gateway] [node_t1] [test][5] fetching [shard_started] from [D8L07SziRtqglEhU0dOiNA]
[2016-03-30 14:02:02,310][TRACE][org.elasticsearch.gateway] [node_t1] [test][5], node[null], [P], v[3], s[UNASSIGNED], unassigned_info[[reason=NODE_LEFT], at[2016-03-30T21:02:02.182Z], details[node_left[5WFoynj2SUGDMEZmKbHSCQ]]]: ignoring allocation, still fetching shard started state
[2016-03-30 14:02:02,310][TRACE][org.elasticsearch.gateway] [node_t1] [test][1] fetching [shard_started] from [D8L07SziRtqglEhU0dOiNA]
[2016-03-30 14:02:02,310][TRACE][org.elasticsearch.gateway] [node_t1] [test][1], node[null], [P], v[3], s[UNASSIGNED], unassigned_info[[reason=NODE_LEFT], at[2016-03-30T21:02:02.182Z], details[node_left[5WFoynj2SUGDMEZmKbHSCQ]]]: ignoring allocation, still fetching shard started state
[2016-03-30 14:02:02,310][TRACE][org.elasticsearch.gateway] [node_t1] [test][7] fetching [shard_started] from [D8L07SziRtqglEhU0dOiNA]
[2016-03-30 14:02:02,310][TRACE][org.elasticsearch.gateway] [node_t1] [test][7], node[null], [P], v[3], s[UNASSIGNED], unassigned_info[[reason=NODE_LEFT], at[2016-03-30T21:02:02.182Z], details[node_left[5WFoynj2SUGDMEZmKbHSCQ]]]: ignoring allocation, still fetching shard started state
[2016-03-30 14:02:02,310][TRACE][org.elasticsearch.gateway] [node_t2] [test][5] loading local shard state info
[2016-03-30 14:02:02,310][TRACE][org.elasticsearch.gateway] [node_t1] [test][3] fetching [shard_started] from [D8L07SziRtqglEhU0dOiNA]
[2016-03-30 14:02:02,311][TRACE][org.elasticsearch.gateway] [node_t1] [test][3], node[null], [P], v[3], s[UNASSIGNED], unassigned_info[[reason=NODE_LEFT], at[2016-03-30T21:02:02.182Z], details[node_left[5WFoynj2SUGDMEZmKbHSCQ]]]: ignoring allocation, still fetching shard started state
[2016-03-30 14:02:02,311][TRACE][org.elasticsearch.gateway] [node_t2] [test][1] loading local shard state info
[2016-03-30 14:02:02,311][TRACE][org.elasticsearch.gateway] [node_t2] [test][7] loading local shard state info
[2016-03-30 14:02:02,311][DEBUG][org.elasticsearch.cluster.service] [node_t1] processing [cluster_reroute(async_shard_fetch)]: took 1ms no change in cluster_state
[2016-03-30 14:02:02,311][TRACE][org.elasticsearch.gateway] [node_t2] [test][3] loading local shard state info
[2016-03-30 14:02:02,311][TRACE][org.elasticsearch.cluster.service] [node_t1] will process [cluster_health (wait_for_events [LANGUID])]
[2016-03-30 14:02:02,311][DEBUG][org.elasticsearch.cluster.service] [node_t1] processing [cluster_health (wait_for_events [LANGUID])]: execute
[2016-03-30 14:02:02,311][DEBUG][org.elasticsearch.cluster.service] [node_t1] processing [cluster_health (wait_for_events [LANGUID])]: took 0s no change in cluster_state
[2016-03-30 14:02:02,312][TRACE][org.elasticsearch.gateway] [node_t2] found state file: [id:0, legacy:false, file:/Users/brijeshs/Documents/elasticsearch_sort_netbeans/elasticsearch/core/build/testrun/integTest/J2/temp/org.elasticsearch.cluster.MinimumMasterNodesIT_F7928424F380CF7C-001/tempDir-004/d0/TEST-CHILD_VM=[2]-CLUSTER_SEED=[2858301384796425155]-HASH=[462C14F99751D]-cluster/nodes/0/indices/test/1/_state/state-0.st]
[2016-03-30 14:02:02,312][TRACE][org.elasticsearch.gateway] [node_t2] found state file: [id:0, legacy:false, file:/Users/brijeshs/Documents/elasticsearch_sort_netbeans/elasticsearch/core/build/testrun/integTest/J2/temp/org.elasticsearch.cluster.MinimumMasterNodesIT_F7928424F380CF7C-001/tempDir-004/d1/TEST-CHILD_VM=[2]-CLUSTER_SEED=[2858301384796425155]-HASH=[462C14F99751D]-cluster/nodes/0/indices/test/7/_state/state-0.st]
[2016-03-30 14:02:02,312][TRACE][org.elasticsearch.gateway] [node_t2] found state file: [id:0, legacy:false, file:/Users/brijeshs/Documents/elasticsearch_sort_netbeans/elasticsearch/core/build/testrun/integTest/J2/temp/org.elasticsearch.cluster.MinimumMasterNodesIT_F7928424F380CF7C-001/tempDir-004/d2/TEST-CHILD_VM=[2]-CLUSTER_SEED=[2858301384796425155]-HASH=[462C14F99751D]-cluster/nodes/0/indices/test/5/_state/state-0.st]
[2016-03-30 14:02:02,313][TRACE][org.elasticsearch.gateway] [node_t2] found state file: [id:0, legacy:false, file:/Users/brijeshs/Documents/elasticsearch_sort_netbeans/elasticsearch/core/build/testrun/integTest/J2/temp/org.elasticsearch.cluster.MinimumMasterNodesIT_F7928424F380CF7C-001/tempDir-004/d3/TEST-CHILD_VM=[2]-CLUSTER_SEED=[2858301384796425155]-HASH=[462C14F99751D]-cluster/nodes/0/indices/test/3/_state/state-0.st]
[2016-03-30 14:02:02,315][TRACE][org.elasticsearch.gateway] [node_t2] state id [0] read from [state-0.st]
[2016-03-30 14:02:02,315][TRACE][org.elasticsearch.gateway] [node_t2] state id [0] read from [state-0.st]
[2016-03-30 14:02:02,315][TRACE][org.elasticsearch.gateway] [node_t2] state id [0] read from [state-0.st]
[2016-03-30 14:02:02,316][TRACE][org.elasticsearch.gateway] [node_t2] state id [0] read from [state-0.st]
[2016-03-30 14:02:02,317][TRACE][org.elasticsearch.gateway] [node_t2] found state file: [id:0, legacy:false, file:/Users/brijeshs/Documents/elasticsearch_sort_netbeans/elasticsearch/core/build/testrun/integTest/J2/temp/org.elasticsearch.cluster.MinimumMasterNodesIT_F7928424F380CF7C-001/tempDir-004/d1/TEST-CHILD_VM=[2]-CLUSTER_SEED=[2858301384796425155]-HASH=[462C14F99751D]-cluster/nodes/0/indices/test/7/_state/state-0.st]
[2016-03-30 14:02:02,317][TRACE][org.elasticsearch.gateway] [node_t2] found state file: [id:0, legacy:false, file:/Users/brijeshs/Documents/elasticsearch_sort_netbeans/elasticsearch/core/build/testrun/integTest/J2/temp/org.elasticsearch.cluster.MinimumMasterNodesIT_F7928424F380CF7C-001/tempDir-004/d0/TEST-CHILD_VM=[2]-CLUSTER_SEED=[2858301384796425155]-HASH=[462C14F99751D]-cluster/nodes/0/indices/test/1/_state/state-0.st]
[2016-03-30 14:02:02,317][TRACE][org.elasticsearch.gateway] [node_t2] found state file: [id:0, legacy:false, file:/Users/brijeshs/Documents/elasticsearch_sort_netbeans/elasticsearch/core/build/testrun/integTest/J2/temp/org.elasticsearch.cluster.MinimumMasterNodesIT_F7928424F380CF7C-001/tempDir-004/d3/TEST-CHILD_VM=[2]-CLUSTER_SEED=[2858301384796425155]-HASH=[462C14F99751D]-cluster/nodes/0/indices/test/3/_state/state-0.st]
[2016-03-30 14:02:02,318][TRACE][org.elasticsearch.gateway] [node_t2] found state file: [id:0, legacy:false, file:/Users/brijeshs/Documents/elasticsearch_sort_netbeans/elasticsearch/core/build/testrun/integTest/J2/temp/org.elasticsearch.cluster.MinimumMasterNodesIT_F7928424F380CF7C-001/tempDir-004/d2/TEST-CHILD_VM=[2]-CLUSTER_SEED=[2858301384796425155]-HASH=[462C14F99751D]-cluster/nodes/0/indices/test/5/_state/state-0.st]
[2016-03-30 14:02:02,318][TRACE][org.elasticsearch.gateway] [node_t2] state id [0] read from [state-0.st]
[2016-03-30 14:02:02,318][TRACE][org.elasticsearch.gateway] [node_t2] state id [0] read from [state-0.st]
[2016-03-30 14:02:02,318][TRACE][org.elasticsearch.gateway] [node_t2] state id [0] read from [state-0.st]
[2016-03-30 14:02:02,319][DEBUG][org.elasticsearch.gateway] [node_t2] [test][7] loaded data path [/Users/brijeshs/Documents/elasticsearch_sort_netbeans/elasticsearch/core/build/testrun/integTest/J2/temp/org.elasticsearch.cluster.MinimumMasterNodesIT_F7928424F380CF7C-001/tempDir-004/d1/TEST-CHILD_VM=[2]-CLUSTER_SEED=[2858301384796425155]-HASH=[462C14F99751D]-cluster/nodes/0/indices/test/7], state path [/Users/brijeshs/Documents/elasticsearch_sort_netbeans/elasticsearch/core/build/testrun/integTest/J2/temp/org.elasticsearch.cluster.MinimumMasterNodesIT_F7928424F380CF7C-001/tempDir-004/d1/TEST-CHILD_VM=[2]-CLUSTER_SEED=[2858301384796425155]-HASH=[462C14F99751D]-cluster/nodes/0/indices/test/7]
[2016-03-30 14:02:02,319][DEBUG][org.elasticsearch.gateway] [node_t2] [test][3] loaded data path [/Users/brijeshs/Documents/elasticsearch_sort_netbeans/elasticsearch/core/build/testrun/integTest/J2/temp/org.elasticsearch.cluster.MinimumMasterNodesIT_F7928424F380CF7C-001/tempDir-004/d3/TEST-CHILD_VM=[2]-CLUSTER_SEED=[2858301384796425155]-HASH=[462C14F99751D]-cluster/nodes/0/indices/test/3], state path [/Users/brijeshs/Documents/elasticsearch_sort_netbeans/elasticsearch/core/build/testrun/integTest/J2/temp/org.elasticsearch.cluster.MinimumMasterNodesIT_F7928424F380CF7C-001/tempDir-004/d3/TEST-CHILD_VM=[2]-CLUSTER_SEED=[2858301384796425155]-HASH=[462C14F99751D]-cluster/nodes/0/indices/test/3]
[2016-03-30 14:02:02,319][DEBUG][org.elasticsearch.gateway] [node_t2] [test][1] loaded data path [/Users/brijeshs/Documents/elasticsearch_sort_netbeans/elasticsearch/core/build/testrun/integTest/J2/temp/org.elasticsearch.cluster.MinimumMasterNodesIT_F7928424F380CF7C-001/tempDir-004/d0/TEST-CHILD_VM=[2]-CLUSTER_SEED=[2858301384796425155]-HASH=[462C14F99751D]-cluster/nodes/0/indices/test/1], state path [/Users/brijeshs/Documents/elasticsearch_sort_netbeans/elasticsearch/core/build/testrun/integTest/J2/temp/org.elasticsearch.cluster.MinimumMasterNodesIT_F7928424F380CF7C-001/tempDir-004/d0/TEST-CHILD_VM=[2]-CLUSTER_SEED=[2858301384796425155]-HASH=[462C14F99751D]-cluster/nodes/0/indices/test/1]
[2016-03-30 14:02:02,319][TRACE][org.elasticsearch.gateway] [node_t2] state id [0] read from [state-0.st]
[2016-03-30 14:02:02,319][DEBUG][org.elasticsearch.gateway] [node_t2] [test][5] loaded data path [/Users/brijeshs/Documents/elasticsearch_sort_netbeans/elasticsearch/core/build/testrun/integTest/J2/temp/org.elasticsearch.cluster.MinimumMasterNodesIT_F7928424F380CF7C-001/tempDir-004/d2/TEST-CHILD_VM=[2]-CLUSTER_SEED=[2858301384796425155]-HASH=[462C14F99751D]-cluster/nodes/0/indices/test/5], state path [/Users/brijeshs/Documents/elasticsearch_sort_netbeans/elasticsearch/core/build/testrun/integTest/J2/temp/org.elasticsearch.cluster.MinimumMasterNodesIT_F7928424F380CF7C-001/tempDir-004/d2/TEST-CHILD_VM=[2]-CLUSTER_SEED=[2858301384796425155]-HASH=[462C14F99751D]-cluster/nodes/0/indices/test/5]
[2016-03-30 14:02:02,321][DEBUG][org.elasticsearch.gateway] [node_t2] [test][3] shard state info found: [version [2], primary [true], allocation [[id=R5NTof8yScKzImVZa2Cmfw]]]
[2016-03-30 14:02:02,322][TRACE][org.elasticsearch.gateway] [node_t1] [test][3] processing fetched [shard_started] results
[2016-03-30 14:02:02,322][TRACE][org.elasticsearch.gateway] [node_t1] [test][3] marking D8L07SziRtqglEhU0dOiNA as done for [shard_started]
[2016-03-30 14:02:02,322][TRACE][org.elasticsearch.gateway] [node_t1] [test][3] scheduling reroute for post_response
[2016-03-30 14:02:02,322][TRACE][org.elasticsearch.cluster.service] [node_t1] will process [cluster_reroute(async_shard_fetch)]
[2016-03-30 14:02:02,322][DEBUG][org.elasticsearch.cluster.service] [node_t1] processing [cluster_reroute(async_shard_fetch)]: execute
[2016-03-30 14:02:02,322][DEBUG][org.elasticsearch.gateway] [node_t2] [test][5] shard state info found: [version [2], primary [true], allocation [[id=63rcVyKZTgaKOOleK_yqDw]]]
[2016-03-30 14:02:02,322][DEBUG][org.elasticsearch.gateway] [node_t2] [test][1] shard state info found: [version [2], primary [true], allocation [[id=7v3L-zOpSdGFdWjmgBQoEg]]]
[2016-03-30 14:02:02,322][TRACE][org.elasticsearch.gateway] [node_t1] [test][7], node[null], [P], v[3], s[UNASSIGNED], unassigned_info[[reason=NODE_LEFT], at[2016-03-30T21:02:02.182Z], details[node_left[5WFoynj2SUGDMEZmKbHSCQ]]]: ignoring allocation, still fetching shard started state
[2016-03-30 14:02:02,322][TRACE][org.elasticsearch.gateway] [node_t1] [test][5] processing fetched [shard_started] results
[2016-03-30 14:02:02,322][TRACE][org.elasticsearch.gateway] [node_t1] [test][5] marking D8L07SziRtqglEhU0dOiNA as done for [shard_started]
[2016-03-30 14:02:02,322][TRACE][org.elasticsearch.gateway] [node_t1] [test][5] scheduling reroute for post_response
[2016-03-30 14:02:02,322][TRACE][org.elasticsearch.gateway] [node_t1] [test][1] processing fetched [shard_started] results
[2016-03-30 14:02:02,322][TRACE][org.elasticsearch.gateway] [node_t1] [[test][3], node[null], [P], v[3], s[UNASSIGNED], unassigned_info[[reason=NODE_LEFT], at[2016-03-30T21:02:02.182Z], details[node_left[5WFoynj2SUGDMEZmKbHSCQ]]]] on node [{node_t2}{D8L07SziRtqglEhU0dOiNA}{127.0.0.1}{127.0.0.1:9660}[mode=>network]] has version [2] of shard
[2016-03-30 14:02:02,323][TRACE][org.elasticsearch.gateway] [node_t1] [test][1] marking D8L07SziRtqglEhU0dOiNA as done for [shard_started]
[2016-03-30 14:02:02,323][TRACE][org.elasticsearch.gateway] [node_t1] [[test][3], node[null], [P], v[3], s[UNASSIGNED], unassigned_info[[reason=NODE_LEFT], at[2016-03-30T21:02:02.182Z], details[node_left[5WFoynj2SUGDMEZmKbHSCQ]]]] on node [{node_t1}{lk7U_niVSKyTWpmVoV3sIA}{127.0.0.1}{127.0.0.1:9661}[mode=>network]] has version [-1] of shard
[2016-03-30 14:02:02,323][TRACE][org.elasticsearch.gateway] [node_t1] [test][1] scheduling reroute for post_response
[2016-03-30 14:02:02,323][TRACE][org.elasticsearch.gateway] [node_t1] [test][3], node[null], [P], v[3], s[UNASSIGNED], unassigned_info[[reason=NODE_LEFT], at[2016-03-30T21:02:02.182Z], details[node_left[5WFoynj2SUGDMEZmKbHSCQ]]] candidates for allocation: [[node_t2] -> 2, ]
[2016-03-30 14:02:02,323][DEBUG][org.elasticsearch.gateway] [node_t1] [test][3] found 1 allocations of [test][3], node[null], [P], v[3], s[UNASSIGNED], unassigned_info[[reason=NODE_LEFT], at[2016-03-30T21:02:02.182Z], details[node_left[5WFoynj2SUGDMEZmKbHSCQ]]], highest version: [2]
[2016-03-30 14:02:02,323][DEBUG][org.elasticsearch.gateway] [node_t1] [test][3]: allocating [[test][3], node[null], [P], v[3], s[UNASSIGNED], unassigned_info[[reason=NODE_LEFT], at[2016-03-30T21:02:02.182Z], details[node_left[5WFoynj2SUGDMEZmKbHSCQ]]]] to [{node_t2}{D8L07SziRtqglEhU0dOiNA}{127.0.0.1}{127.0.0.1:9660}[mode=>network]] on primary allocation
[2016-03-30 14:02:02,324][TRACE][org.elasticsearch.gateway] [node_t1] [[test][5], node[null], [P], v[3], s[UNASSIGNED], unassigned_info[[reason=NODE_LEFT], at[2016-03-30T21:02:02.182Z], details[node_left[5WFoynj2SUGDMEZmKbHSCQ]]]] on node [{node_t2}{D8L07SziRtqglEhU0dOiNA}{127.0.0.1}{127.0.0.1:9660}[mode=>network]] has version [2] of shard
[2016-03-30 14:02:02,324][TRACE][org.elasticsearch.gateway] [node_t1] [[test][5], node[null], [P], v[3], s[UNASSIGNED], unassigned_info[[reason=NODE_LEFT], at[2016-03-30T21:02:02.182Z], details[node_left[5WFoynj2SUGDMEZmKbHSCQ]]]] on node [{node_t1}{lk7U_niVSKyTWpmVoV3sIA}{127.0.0.1}{127.0.0.1:9661}[mode=>network]] has version [-1] of shard
[2016-03-30 14:02:02,324][TRACE][org.elasticsearch.gateway] [node_t1] [test][5], node[null], [P], v[3], s[UNASSIGNED], unassigned_info[[reason=NODE_LEFT], at[2016-03-30T21:02:02.182Z], details[node_left[5WFoynj2SUGDMEZmKbHSCQ]]] candidates for allocation: [[node_t2] -> 2, ]
[2016-03-30 14:02:02,324][DEBUG][org.elasticsearch.gateway] [node_t1] [test][5] found 1 allocations of [test][5], node[null], [P], v[3], s[UNASSIGNED], unassigned_info[[reason=NODE_LEFT], at[2016-03-30T21:02:02.182Z], details[node_left[5WFoynj2SUGDMEZmKbHSCQ]]], highest version: [2]
[2016-03-30 14:02:02,324][DEBUG][org.elasticsearch.gateway] [node_t1] [test][5]: allocating [[test][5], node[null], [P], v[3], s[UNASSIGNED], unassigned_info[[reason=NODE_LEFT], at[2016-03-30T21:02:02.182Z], details[node_left[5WFoynj2SUGDMEZmKbHSCQ]]]] to [{node_t2}{D8L07SziRtqglEhU0dOiNA}{127.0.0.1}{127.0.0.1:9660}[mode=>network]] on primary allocation
[2016-03-30 14:02:02,324][TRACE][org.elasticsearch.gateway] [node_t1] [[test][1], node[null], [P], v[3], s[UNASSIGNED], unassigned_info[[reason=NODE_LEFT], at[2016-03-30T21:02:02.182Z], details[node_left[5WFoynj2SUGDMEZmKbHSCQ]]]] on node [{node_t2}{D8L07SziRtqglEhU0dOiNA}{127.0.0.1}{127.0.0.1:9660}[mode=>network]] has version [2] of shard
[2016-03-30 14:02:02,324][TRACE][org.elasticsearch.gateway] [node_t1] [[test][1], node[null], [P], v[3], s[UNASSIGNED], unassigned_info[[reason=NODE_LEFT], at[2016-03-30T21:02:02.182Z], details[node_left[5WFoynj2SUGDMEZmKbHSCQ]]]] on node [{node_t1}{lk7U_niVSKyTWpmVoV3sIA}{127.0.0.1}{127.0.0.1:9661}[mode=>network]] has version [-1] of shard
[2016-03-30 14:02:02,325][DEBUG][org.elasticsearch.gateway] [node_t2] [test][7] shard state info found: [version [2], primary [true], allocation [[id=RGDxkoxeQnyJLtqpsLyP0w]]]
[2016-03-30 14:02:02,325][TRACE][org.elasticsearch.gateway] [node_t1] [test][1], node[null], [P], v[3], s[UNASSIGNED], unassigned_info[[reason=NODE_LEFT], at[2016-03-30T21:02:02.182Z], details[node_left[5WFoynj2SUGDMEZmKbHSCQ]]] candidates for allocation: [[node_t2] -> 2, ]
[2016-03-30 14:02:02,325][DEBUG][org.elasticsearch.gateway] [node_t1] [test][1] found 1 allocations of [test][1], node[null], [P], v[3], s[UNASSIGNED], unassigned_info[[reason=NODE_LEFT], at[2016-03-30T21:02:02.182Z], details[node_left[5WFoynj2SUGDMEZmKbHSCQ]]], highest version: [2]
[2016-03-30 14:02:02,325][DEBUG][org.elasticsearch.gateway] [node_t1] [test][1]: allocating [[test][1], node[null], [P], v[3], s[UNASSIGNED], unassigned_info[[reason=NODE_LEFT], at[2016-03-30T21:02:02.182Z], details[node_left[5WFoynj2SUGDMEZmKbHSCQ]]]] to [{node_t2}{D8L07SziRtqglEhU0dOiNA}{127.0.0.1}{127.0.0.1:9660}[mode=>network]] on primary allocation
[2016-03-30 14:02:02,325][TRACE][org.elasticsearch.gateway] [node_t1] [test][7] processing fetched [shard_started] results
[2016-03-30 14:02:02,325][TRACE][org.elasticsearch.gateway] [node_t1] [test][7] marking D8L07SziRtqglEhU0dOiNA as done for [shard_started]
[2016-03-30 14:02:02,325][TRACE][org.elasticsearch.gateway] [node_t1] [test][7] scheduling reroute for post_response
[2016-03-30 14:02:02,326][TRACE][org.elasticsearch.cluster.service] [node_t1] cluster state updated, source [cluster_reroute(async_shard_fetch)]
version: 7
state uuid: aoo-xy3CSvOZY_XkoJuooQ
from_diff: false
meta data version: 4
nodes: 
   {node_t1}{lk7U_niVSKyTWpmVoV3sIA}{127.0.0.1}{127.0.0.1:9661}[mode=>network], local, master
   {node_t2}{D8L07SziRtqglEhU0dOiNA}{127.0.0.1}{127.0.0.1:9660}[mode=>network]
routing_table (version 5):
-- index [test]
----shard_id [test][0]
--------[test][0], node[lk7U_niVSKyTWpmVoV3sIA], [P], v[2], s[STARTED], a[id=uC3ewIfZRDW-4Ye1pl4ULw]
----shard_id [test][1]
--------[test][1], node[D8L07SziRtqglEhU0dOiNA], [P], v[3], s[INITIALIZING], a[id=-DkrkBluSumfel6UqU1A8A], unassigned_info[[reason=NODE_LEFT], at[2016-03-30T21:02:02.182Z], details[node_left[5WFoynj2SUGDMEZmKbHSCQ]]]
----shard_id [test][2]
--------[test][2], node[lk7U_niVSKyTWpmVoV3sIA], [P], v[2], s[STARTED], a[id=aldfZzscRt6PWb38x5_cjA]
----shard_id [test][3]
--------[test][3], node[D8L07SziRtqglEhU0dOiNA], [P], v[3], s[INITIALIZING], a[id=J-H0aUGsQSGAL77vJG85_g], unassigned_info[[reason=NODE_LEFT], at[2016-03-30T21:02:02.182Z], details[node_left[5WFoynj2SUGDMEZmKbHSCQ]]]
----shard_id [test][4]
--------[test][4], node[lk7U_niVSKyTWpmVoV3sIA], [P], v[2], s[STARTED], a[id=7dKyNkRvT0WKMiTTjDRO4A]
----shard_id [test][5]
--------[test][5], node[D8L07SziRtqglEhU0dOiNA], [P], v[3], s[INITIALIZING], a[id=R7TzP3mnTOSq3iJxHgqpRQ], unassigned_info[[reason=NODE_LEFT], at[2016-03-30T21:02:02.182Z], details[node_left[5WFoynj2SUGDMEZmKbHSCQ]]]
----shard_id [test][6]
--------[test][6], node[lk7U_niVSKyTWpmVoV3sIA], [P], v[2], s[STARTED], a[id=RFLG2DrFRBCCZsSxxCrbog]
----shard_id [test][7]
--------[test][7], node[null], [P], v[3], s[UNASSIGNED], unassigned_info[[reason=NODE_LEFT], at[2016-03-30T21:02:02.182Z], details[node_left[5WFoynj2SUGDMEZmKbHSCQ]]]

routing_nodes:
-----node_id[D8L07SziRtqglEhU0dOiNA][V]
--------[test][3], node[D8L07SziRtqglEhU0dOiNA], [P], v[3], s[INITIALIZING], a[id=J-H0aUGsQSGAL77vJG85_g], unassigned_info[[reason=NODE_LEFT], at[2016-03-30T21:02:02.182Z], details[node_left[5WFoynj2SUGDMEZmKbHSCQ]]]
--------[test][5], node[D8L07SziRtqglEhU0dOiNA], [P], v[3], s[INITIALIZING], a[id=R7TzP3mnTOSq3iJxHgqpRQ], unassigned_info[[reason=NODE_LEFT], at[2016-03-30T21:02:02.182Z], details[node_left[5WFoynj2SUGDMEZmKbHSCQ]]]
--------[test][1], node[D8L07SziRtqglEhU0dOiNA], [P], v[3], s[INITIALIZING], a[id=-DkrkBluSumfel6UqU1A8A], unassigned_info[[reason=NODE_LEFT], at[2016-03-30T21:02:02.182Z], details[node_left[5WFoynj2SUGDMEZmKbHSCQ]]]
-----node_id[lk7U_niVSKyTWpmVoV3sIA][V]
--------[test][4], node[lk7U_niVSKyTWpmVoV3sIA], [P], v[2], s[STARTED], a[id=7dKyNkRvT0WKMiTTjDRO4A]
--------[test][2], node[lk7U_niVSKyTWpmVoV3sIA], [P], v[2], s[STARTED], a[id=aldfZzscRt6PWb38x5_cjA]
--------[test][6], node[lk7U_niVSKyTWpmVoV3sIA], [P], v[2], s[STARTED], a[id=RFLG2DrFRBCCZsSxxCrbog]
--------[test][0], node[lk7U_niVSKyTWpmVoV3sIA], [P], v[2], s[STARTED], a[id=uC3ewIfZRDW-4Ye1pl4ULw]
---- unassigned
--------[test][7], node[null], [P], v[3], s[UNASSIGNED], unassigned_info[[reason=NODE_LEFT], at[2016-03-30T21:02:02.182Z], details[node_left[5WFoynj2SUGDMEZmKbHSCQ]]]

[2016-03-30 14:02:02,326][DEBUG][org.elasticsearch.cluster.service] [node_t1] publishing cluster state version [7]
[2016-03-30 14:02:02,327][DEBUG][org.elasticsearch.discovery.zen.publish] [node_t2] received diff cluster state version [7] with uuid [aoo-xy3CSvOZY_XkoJuooQ], diff size [455]
[2016-03-30 14:02:02,327][TRACE][org.elasticsearch.discovery.zen.publish] [node_t1] master node {node_t2}{D8L07SziRtqglEhU0dOiNA}{127.0.0.1}{127.0.0.1:9660}[mode=>network] acked cluster state version [7]. processing ... (current pending [1], needed [1])
[2016-03-30 14:02:02,327][TRACE][org.elasticsearch.discovery.zen.publish] [node_t1] committing version [7]
[2016-03-30 14:02:02,327][TRACE][org.elasticsearch.discovery.zen.publish] [node_t1] sending commit for cluster state (uuid: [aoo-xy3CSvOZY_XkoJuooQ], version [7]) to [{node_t2}{D8L07SziRtqglEhU0dOiNA}{127.0.0.1}{127.0.0.1:9660}[mode=>network]]
[2016-03-30 14:02:02,328][TRACE][org.elasticsearch.cluster.service] [node_t2] will process [zen-disco-receive(from master [master {node_t1}{lk7U_niVSKyTWpmVoV3sIA}{127.0.0.1}{127.0.0.1:9661}[mode=>network] committed version [7]])]
[2016-03-30 14:02:02,328][DEBUG][org.elasticsearch.cluster.service] [node_t2] processing [zen-disco-receive(from master [master {node_t1}{lk7U_niVSKyTWpmVoV3sIA}{127.0.0.1}{127.0.0.1:9661}[mode=>network] committed version [7]])]: execute
[2016-03-30 14:02:02,329][TRACE][org.elasticsearch.cluster.service] [node_t2] cluster state updated, source [zen-disco-receive(from master [master {node_t1}{lk7U_niVSKyTWpmVoV3sIA}{127.0.0.1}{127.0.0.1:9661}[mode=>network] committed version [7]])]
version: 7
state uuid: aoo-xy3CSvOZY_XkoJuooQ
from_diff: false
meta data version: 4
nodes: 
   {node_t1}{lk7U_niVSKyTWpmVoV3sIA}{127.0.0.1}{127.0.0.1:9661}[mode=>network], master
   {node_t2}{D8L07SziRtqglEhU0dOiNA}{127.0.0.1}{127.0.0.1:9660}[mode=>network], local
routing_table (version 5):
-- index [test]
----shard_id [test][0]
--------[test][0], node[lk7U_niVSKyTWpmVoV3sIA], [P], v[2], s[STARTED], a[id=uC3ewIfZRDW-4Ye1pl4ULw]
----shard_id [test][1]
--------[test][1], node[D8L07SziRtqglEhU0dOiNA], [P], v[3], s[INITIALIZING], a[id=-DkrkBluSumfel6UqU1A8A], unassigned_info[[reason=NODE_LEFT], at[2016-03-30T21:02:02.182Z], details[node_left[5WFoynj2SUGDMEZmKbHSCQ]]]
----shard_id [test][2]
--------[test][2], node[lk7U_niVSKyTWpmVoV3sIA], [P], v[2], s[STARTED], a[id=aldfZzscRt6PWb38x5_cjA]
----shard_id [test][3]
--------[test][3], node[D8L07SziRtqglEhU0dOiNA], [P], v[3], s[INITIALIZING], a[id=J-H0aUGsQSGAL77vJG85_g], unassigned_info[[reason=NODE_LEFT], at[2016-03-30T21:02:02.182Z], details[node_left[5WFoynj2SUGDMEZmKbHSCQ]]]
----shard_id [test][4]
--------[test][4], node[lk7U_niVSKyTWpmVoV3sIA], [P], v[2], s[STARTED], a[id=7dKyNkRvT0WKMiTTjDRO4A]
----shard_id [test][5]
--------[test][5], node[D8L07SziRtqglEhU0dOiNA], [P], v[3], s[INITIALIZING], a[id=R7TzP3mnTOSq3iJxHgqpRQ], unassigned_info[[reason=NODE_LEFT], at[2016-03-30T21:02:02.182Z], details[node_left[5WFoynj2SUGDMEZmKbHSCQ]]]
----shard_id [test][6]
--------[test][6], node[lk7U_niVSKyTWpmVoV3sIA], [P], v[2], s[STARTED], a[id=RFLG2DrFRBCCZsSxxCrbog]
----shard_id [test][7]
--------[test][7], node[null], [P], v[3], s[UNASSIGNED], unassigned_info[[reason=NODE_LEFT], at[2016-03-30T21:02:02.182Z], details[node_left[5WFoynj2SUGDMEZmKbHSCQ]]]

routing_nodes:
-----node_id[D8L07SziRtqglEhU0dOiNA][V]
--------[test][1], node[D8L07SziRtqglEhU0dOiNA], [P], v[3], s[INITIALIZING], a[id=-DkrkBluSumfel6UqU1A8A], unassigned_info[[reason=NODE_LEFT], at[2016-03-30T21:02:02.182Z], details[node_left[5WFoynj2SUGDMEZmKbHSCQ]]]
--------[test][5], node[D8L07SziRtqglEhU0dOiNA], [P], v[3], s[INITIALIZING], a[id=R7TzP3mnTOSq3iJxHgqpRQ], unassigned_info[[reason=NODE_LEFT], at[2016-03-30T21:02:02.182Z], details[node_left[5WFoynj2SUGDMEZmKbHSCQ]]]
--------[test][3], node[D8L07SziRtqglEhU0dOiNA], [P], v[3], s[INITIALIZING], a[id=J-H0aUGsQSGAL77vJG85_g], unassigned_info[[reason=NODE_LEFT], at[2016-03-30T21:02:02.182Z], details[node_left[5WFoynj2SUGDMEZmKbHSCQ]]]
-----node_id[lk7U_niVSKyTWpmVoV3sIA][V]
--------[test][2], node[lk7U_niVSKyTWpmVoV3sIA], [P], v[2], s[STARTED], a[id=aldfZzscRt6PWb38x5_cjA]
--------[test][6], node[lk7U_niVSKyTWpmVoV3sIA], [P], v[2], s[STARTED], a[id=RFLG2DrFRBCCZsSxxCrbog]
--------[test][4], node[lk7U_niVSKyTWpmVoV3sIA], [P], v[2], s[STARTED], a[id=7dKyNkRvT0WKMiTTjDRO4A]
--------[test][0], node[lk7U_niVSKyTWpmVoV3sIA], [P], v[2], s[STARTED], a[id=uC3ewIfZRDW-4Ye1pl4ULw]
---- unassigned
--------[test][7], node[null], [P], v[3], s[UNASSIGNED], unassigned_info[[reason=NODE_LEFT], at[2016-03-30T21:02:02.182Z], details[node_left[5WFoynj2SUGDMEZmKbHSCQ]]]

[2016-03-30 14:02:02,329][DEBUG][org.elasticsearch.cluster.service] [node_t2] set local cluster state to version 7
[2016-03-30 14:02:02,393][DEBUG][org.elasticsearch.cluster.service] [node_t2] processing [zen-disco-receive(from master [master {node_t1}{lk7U_niVSKyTWpmVoV3sIA}{127.0.0.1}{127.0.0.1:9661}[mode=>network] committed version [7]])]: took 64ms done applying updated cluster_state (version: 7, uuid: aoo-xy3CSvOZY_XkoJuooQ)
[2016-03-30 14:02:02,393][TRACE][org.elasticsearch.cluster.service] [node_t2] will process [indices_store ([[test][2]] active fully on other nodes)]
[2016-03-30 14:02:02,393][DEBUG][org.elasticsearch.cluster.service] [node_t2] processing [indices_store ([[test][2]] active fully on other nodes)]: execute
[2016-03-30 14:02:02,393][DEBUG][org.elasticsearch.cluster.service] [node_t1] set local cluster state to version 7
[2016-03-30 14:02:02,396][DEBUG][org.elasticsearch.cluster.service] [node_t1] processing [cluster_reroute(async_shard_fetch)]: took 73ms done applying updated cluster_state (version: 7, uuid: aoo-xy3CSvOZY_XkoJuooQ)
[2016-03-30 14:02:02,396][TRACE][org.elasticsearch.cluster.service] [node_t1] will process [cluster_reroute(async_shard_fetch)]
[2016-03-30 14:02:02,396][DEBUG][org.elasticsearch.cluster.service] [node_t1] processing [cluster_reroute(async_shard_fetch)]: execute
[2016-03-30 14:02:02,396][TRACE][org.elasticsearch.gateway] [node_t1] [[test][7], node[null], [P], v[3], s[UNASSIGNED], unassigned_info[[reason=NODE_LEFT], at[2016-03-30T21:02:02.182Z], details[node_left[5WFoynj2SUGDMEZmKbHSCQ]]]] on node [{node_t2}{D8L07SziRtqglEhU0dOiNA}{127.0.0.1}{127.0.0.1:9660}[mode=>network]] has version [2] of shard
[2016-03-30 14:02:02,397][TRACE][org.elasticsearch.gateway] [node_t1] [[test][7], node[null], [P], v[3], s[UNASSIGNED], unassigned_info[[reason=NODE_LEFT], at[2016-03-30T21:02:02.182Z], details[node_left[5WFoynj2SUGDMEZmKbHSCQ]]]] on node [{node_t1}{lk7U_niVSKyTWpmVoV3sIA}{127.0.0.1}{127.0.0.1:9661}[mode=>network]] has version [-1] of shard
[2016-03-30 14:02:02,397][TRACE][org.elasticsearch.gateway] [node_t1] [test][7], node[null], [P], v[3], s[UNASSIGNED], unassigned_info[[reason=NODE_LEFT], at[2016-03-30T21:02:02.182Z], details[node_left[5WFoynj2SUGDMEZmKbHSCQ]]] candidates for allocation: [[node_t2] -> 2, ]
[2016-03-30 14:02:02,397][DEBUG][org.elasticsearch.gateway] [node_t1] [test][7] found 1 allocations of [test][7], node[null], [P], v[3], s[UNASSIGNED], unassigned_info[[reason=NODE_LEFT], at[2016-03-30T21:02:02.182Z], details[node_left[5WFoynj2SUGDMEZmKbHSCQ]]], highest version: [2]
[2016-03-30 14:02:02,397][DEBUG][org.elasticsearch.gateway] [node_t1] [test][7]: allocating [[test][7], node[null], [P], v[3], s[UNASSIGNED], unassigned_info[[reason=NODE_LEFT], at[2016-03-30T21:02:02.182Z], details[node_left[5WFoynj2SUGDMEZmKbHSCQ]]]] to [{node_t2}{D8L07SziRtqglEhU0dOiNA}{127.0.0.1}{127.0.0.1:9660}[mode=>network]] on primary allocation
[2016-03-30 14:02:02,398][TRACE][org.elasticsearch.cluster.service] [node_t1] cluster state updated, source [cluster_reroute(async_shard_fetch)]
version: 8
state uuid: BqCZJjTrQUOcKYXUeFRC3A
from_diff: false
meta data version: 4
nodes: 
   {node_t1}{lk7U_niVSKyTWpmVoV3sIA}{127.0.0.1}{127.0.0.1:9661}[mode=>network], local, master
   {node_t2}{D8L07SziRtqglEhU0dOiNA}{127.0.0.1}{127.0.0.1:9660}[mode=>network]
routing_table (version 6):
-- index [test]
----shard_id [test][0]
--------[test][0], node[lk7U_niVSKyTWpmVoV3sIA], [P], v[2], s[STARTED], a[id=uC3ewIfZRDW-4Ye1pl4ULw]
----shard_id [test][1]
--------[test][1], node[D8L07SziRtqglEhU0dOiNA], [P], v[3], s[INITIALIZING], a[id=-DkrkBluSumfel6UqU1A8A], unassigned_info[[reason=NODE_LEFT], at[2016-03-30T21:02:02.182Z], details[node_left[5WFoynj2SUGDMEZmKbHSCQ]]]
----shard_id [test][2]
--------[test][2], node[lk7U_niVSKyTWpmVoV3sIA], [P], v[2], s[STARTED], a[id=aldfZzscRt6PWb38x5_cjA]
----shard_id [test][3]
--------[test][3], node[D8L07SziRtqglEhU0dOiNA], [P], v[3], s[INITIALIZING], a[id=J-H0aUGsQSGAL77vJG85_g], unassigned_info[[reason=NODE_LEFT], at[2016-03-30T21:02:02.182Z], details[node_left[5WFoynj2SUGDMEZmKbHSCQ]]]
----shard_id [test][4]
--------[test][4], node[lk7U_niVSKyTWpmVoV3sIA], [P], v[2], s[STARTED], a[id=7dKyNkRvT0WKMiTTjDRO4A]
----shard_id [test][5]
--------[test][5], node[D8L07SziRtqglEhU0dOiNA], [P], v[3], s[INITIALIZING], a[id=R7TzP3mnTOSq3iJxHgqpRQ], unassigned_info[[reason=NODE_LEFT], at[2016-03-30T21:02:02.182Z], details[node_left[5WFoynj2SUGDMEZmKbHSCQ]]]
----shard_id [test][6]
--------[test][6], node[lk7U_niVSKyTWpmVoV3sIA], [P], v[2], s[STARTED], a[id=RFLG2DrFRBCCZsSxxCrbog]
----shard_id [test][7]
--------[test][7], node[D8L07SziRtqglEhU0dOiNA], [P], v[3], s[INITIALIZING], a[id=cPd2tOOJS4aJ_7P9-xS3dg], unassigned_info[[reason=NODE_LEFT], at[2016-03-30T21:02:02.182Z], details[node_left[5WFoynj2SUGDMEZmKbHSCQ]]]

routing_nodes:
-----node_id[D8L07SziRtqglEhU0dOiNA][V]
--------[test][1], node[D8L07SziRtqglEhU0dOiNA], [P], v[3], s[INITIALIZING], a[id=-DkrkBluSumfel6UqU1A8A], unassigned_info[[reason=NODE_LEFT], at[2016-03-30T21:02:02.182Z], details[node_left[5WFoynj2SUGDMEZmKbHSCQ]]]
--------[test][5], node[D8L07SziRtqglEhU0dOiNA], [P], v[3], s[INITIALIZING], a[id=R7TzP3mnTOSq3iJxHgqpRQ], unassigned_info[[reason=NODE_LEFT], at[2016-03-30T21:02:02.182Z], details[node_left[5WFoynj2SUGDMEZmKbHSCQ]]]
--------[test][3], node[D8L07SziRtqglEhU0dOiNA], [P], v[3], s[INITIALIZING], a[id=J-H0aUGsQSGAL77vJG85_g], unassigned_info[[reason=NODE_LEFT], at[2016-03-30T21:02:02.182Z], details[node_left[5WFoynj2SUGDMEZmKbHSCQ]]]
--------[test][7], node[D8L07SziRtqglEhU0dOiNA], [P], v[3], s[INITIALIZING], a[id=cPd2tOOJS4aJ_7P9-xS3dg], unassigned_info[[reason=NODE_LEFT], at[2016-03-30T21:02:02.182Z], details[node_left[5WFoynj2SUGDMEZmKbHSCQ]]]
-----node_id[lk7U_niVSKyTWpmVoV3sIA][V]
--------[test][6], node[lk7U_niVSKyTWpmVoV3sIA], [P], v[2], s[STARTED], a[id=RFLG2DrFRBCCZsSxxCrbog]
--------[test][4], node[lk7U_niVSKyTWpmVoV3sIA], [P], v[2], s[STARTED], a[id=7dKyNkRvT0WKMiTTjDRO4A]
--------[test][2], node[lk7U_niVSKyTWpmVoV3sIA], [P], v[2], s[STARTED], a[id=aldfZzscRt6PWb38x5_cjA]
--------[test][0], node[lk7U_niVSKyTWpmVoV3sIA], [P], v[2], s[STARTED], a[id=uC3ewIfZRDW-4Ye1pl4ULw]
---- unassigned

[2016-03-30 14:02:02,398][DEBUG][org.elasticsearch.cluster.service] [node_t1] publishing cluster state version [8]
[2016-03-30 14:02:02,399][DEBUG][org.elasticsearch.discovery.zen.publish] [node_t2] received diff cluster state version [8] with uuid [BqCZJjTrQUOcKYXUeFRC3A], diff size [467]
[2016-03-30 14:02:02,399][TRACE][org.elasticsearch.discovery.zen.publish] [node_t1] master node {node_t2}{D8L07SziRtqglEhU0dOiNA}{127.0.0.1}{127.0.0.1:9660}[mode=>network] acked cluster state version [8]. processing ... (current pending [1], needed [1])
[2016-03-30 14:02:02,399][TRACE][org.elasticsearch.discovery.zen.publish] [node_t1] committing version [8]
[2016-03-30 14:02:02,399][TRACE][org.elasticsearch.discovery.zen.publish] [node_t1] sending commit for cluster state (uuid: [BqCZJjTrQUOcKYXUeFRC3A], version [8]) to [{node_t2}{D8L07SziRtqglEhU0dOiNA}{127.0.0.1}{127.0.0.1:9660}[mode=>network]]
[2016-03-30 14:02:02,445][DEBUG][org.elasticsearch.cluster.service] [node_t2] processing [indices_store ([[test][2]] active fully on other nodes)]: took 52ms no change in cluster_state
[2016-03-30 14:02:02,445][TRACE][org.elasticsearch.cluster.service] [node_t2] will process [zen-disco-receive(from master [master {node_t1}{lk7U_niVSKyTWpmVoV3sIA}{127.0.0.1}{127.0.0.1:9661}[mode=>network] committed version [8]])]
[2016-03-30 14:02:02,445][DEBUG][org.elasticsearch.cluster.service] [node_t2] processing [zen-disco-receive(from master [master {node_t1}{lk7U_niVSKyTWpmVoV3sIA}{127.0.0.1}{127.0.0.1:9661}[mode=>network] committed version [8]])]: execute
[2016-03-30 14:02:02,446][TRACE][org.elasticsearch.cluster.service] [node_t2] cluster state updated, source [zen-disco-receive(from master [master {node_t1}{lk7U_niVSKyTWpmVoV3sIA}{127.0.0.1}{127.0.0.1:9661}[mode=>network] committed version [8]])]
version: 8
state uuid: BqCZJjTrQUOcKYXUeFRC3A
from_diff: false
meta data version: 4
nodes: 
   {node_t1}{lk7U_niVSKyTWpmVoV3sIA}{127.0.0.1}{127.0.0.1:9661}[mode=>network], master
   {node_t2}{D8L07SziRtqglEhU0dOiNA}{127.0.0.1}{127.0.0.1:9660}[mode=>network], local
routing_table (version 6):
-- index [test]
----shard_id [test][0]
--------[test][0], node[lk7U_niVSKyTWpmVoV3sIA], [P], v[2], s[STARTED], a[id=uC3ewIfZRDW-4Ye1pl4ULw]
----shard_id [test][1]
--------[test][1], node[D8L07SziRtqglEhU0dOiNA], [P], v[3], s[INITIALIZING], a[id=-DkrkBluSumfel6UqU1A8A], unassigned_info[[reason=NODE_LEFT], at[2016-03-30T21:02:02.182Z], details[node_left[5WFoynj2SUGDMEZmKbHSCQ]]]
----shard_id [test][2]
--------[test][2], node[lk7U_niVSKyTWpmVoV3sIA], [P], v[2], s[STARTED], a[id=aldfZzscRt6PWb38x5_cjA]
----shard_id [test][3]
--------[test][3], node[D8L07SziRtqglEhU0dOiNA], [P], v[3], s[INITIALIZING], a[id=J-H0aUGsQSGAL77vJG85_g], unassigned_info[[reason=NODE_LEFT], at[2016-03-30T21:02:02.182Z], details[node_left[5WFoynj2SUGDMEZmKbHSCQ]]]
----shard_id [test][4]
--------[test][4], node[lk7U_niVSKyTWpmVoV3sIA], [P], v[2], s[STARTED], a[id=7dKyNkRvT0WKMiTTjDRO4A]
----shard_id [test][5]
--------[test][5], node[D8L07SziRtqglEhU0dOiNA], [P], v[3], s[INITIALIZING], a[id=R7TzP3mnTOSq3iJxHgqpRQ], unassigned_info[[reason=NODE_LEFT], at[2016-03-30T21:02:02.182Z], details[node_left[5WFoynj2SUGDMEZmKbHSCQ]]]
----shard_id [test][6]
--------[test][6], node[lk7U_niVSKyTWpmVoV3sIA], [P], v[2], s[STARTED], a[id=RFLG2DrFRBCCZsSxxCrbog]
----shard_id [test][7]
--------[test][7], node[D8L07SziRtqglEhU0dOiNA], [P], v[3], s[INITIALIZING], a[id=cPd2tOOJS4aJ_7P9-xS3dg], unassigned_info[[reason=NODE_LEFT], at[2016-03-30T21:02:02.182Z], details[node_left[5WFoynj2SUGDMEZmKbHSCQ]]]

routing_nodes:
-----node_id[D8L07SziRtqglEhU0dOiNA][V]
--------[test][1], node[D8L07SziRtqglEhU0dOiNA], [P], v[3], s[INITIALIZING], a[id=-DkrkBluSumfel6UqU1A8A], unassigned_info[[reason=NODE_LEFT], at[2016-03-30T21:02:02.182Z], details[node_left[5WFoynj2SUGDMEZmKbHSCQ]]]
--------[test][7], node[D8L07SziRtqglEhU0dOiNA], [P], v[3], s[INITIALIZING], a[id=cPd2tOOJS4aJ_7P9-xS3dg], unassigned_info[[reason=NODE_LEFT], at[2016-03-30T21:02:02.182Z], details[node_left[5WFoynj2SUGDMEZmKbHSCQ]]]
--------[test][3], node[D8L07SziRtqglEhU0dOiNA], [P], v[3], s[INITIALIZING], a[id=J-H0aUGsQSGAL77vJG85_g], unassigned_info[[reason=NODE_LEFT], at[2016-03-30T21:02:02.182Z], details[node_left[5WFoynj2SUGDMEZmKbHSCQ]]]
--------[test][5], node[D8L07SziRtqglEhU0dOiNA], [P], v[3], s[INITIALIZING], a[id=R7TzP3mnTOSq3iJxHgqpRQ], unassigned_info[[reason=NODE_LEFT], at[2016-03-30T21:02:02.182Z], details[node_left[5WFoynj2SUGDMEZmKbHSCQ]]]
-----node_id[lk7U_niVSKyTWpmVoV3sIA][V]
--------[test][6], node[lk7U_niVSKyTWpmVoV3sIA], [P], v[2], s[STARTED], a[id=RFLG2DrFRBCCZsSxxCrbog]
--------[test][4], node[lk7U_niVSKyTWpmVoV3sIA], [P], v[2], s[STARTED], a[id=7dKyNkRvT0WKMiTTjDRO4A]
--------[test][2], node[lk7U_niVSKyTWpmVoV3sIA], [P], v[2], s[STARTED], a[id=aldfZzscRt6PWb38x5_cjA]
--------[test][0], node[lk7U_niVSKyTWpmVoV3sIA], [P], v[2], s[STARTED], a[id=uC3ewIfZRDW-4Ye1pl4ULw]
---- unassigned

[2016-03-30 14:02:02,446][DEBUG][org.elasticsearch.cluster.service] [node_t2] set local cluster state to version 8
[2016-03-30 14:02:02,480][DEBUG][org.elasticsearch.cluster.service] [node_t2] processing [zen-disco-receive(from master [master {node_t1}{lk7U_niVSKyTWpmVoV3sIA}{127.0.0.1}{127.0.0.1:9661}[mode=>network] committed version [8]])]: took 35ms done applying updated cluster_state (version: 8, uuid: BqCZJjTrQUOcKYXUeFRC3A)
[2016-03-30 14:02:02,480][TRACE][org.elasticsearch.cluster.service] [node_t2] will process [indices_store ([[test][0]] active fully on other nodes)]
[2016-03-30 14:02:02,480][DEBUG][org.elasticsearch.cluster.service] [node_t2] processing [indices_store ([[test][0]] active fully on other nodes)]: execute
[2016-03-30 14:02:02,480][DEBUG][org.elasticsearch.cluster.service] [node_t1] set local cluster state to version 8
[2016-03-30 14:02:02,480][DEBUG][org.elasticsearch.cluster.service] [node_t2] processing [indices_store ([[test][0]] active fully on other nodes)]: took 0s no change in cluster_state
[2016-03-30 14:02:02,481][TRACE][org.elasticsearch.cluster.service] [node_t2] will process [indices_store ([[test][4]] active fully on other nodes)]
[2016-03-30 14:02:02,481][DEBUG][org.elasticsearch.cluster.service] [node_t2] processing [indices_store ([[test][4]] active fully on other nodes)]: execute
[2016-03-30 14:02:02,481][DEBUG][org.elasticsearch.cluster.service] [node_t2] processing [indices_store ([[test][4]] active fully on other nodes)]: took 0s no change in cluster_state
[2016-03-30 14:02:02,481][TRACE][org.elasticsearch.cluster.service] [node_t2] will process [indices_store ([[test][6]] active fully on other nodes)]
[2016-03-30 14:02:02,481][DEBUG][org.elasticsearch.cluster.service] [node_t2] processing [indices_store ([[test][6]] active fully on other nodes)]: execute
[2016-03-30 14:02:02,481][DEBUG][org.elasticsearch.cluster.service] [node_t2] processing [indices_store ([[test][6]] active fully on other nodes)]: took 0s no change in cluster_state
[2016-03-30 14:02:02,481][TRACE][org.elasticsearch.cluster.service] [node_t2] will process [indices_store ([[test][6]] active fully on other nodes)]
[2016-03-30 14:02:02,481][DEBUG][org.elasticsearch.cluster.service] [node_t2] processing [indices_store ([[test][6]] active fully on other nodes)]: execute
[2016-03-30 14:02:02,484][DEBUG][org.elasticsearch.cluster.service] [node_t1] processing [cluster_reroute(async_shard_fetch)]: took 87ms done applying updated cluster_state (version: 8, uuid: BqCZJjTrQUOcKYXUeFRC3A)
[2016-03-30 14:02:02,484][TRACE][org.elasticsearch.cluster.service] [node_t1] will process [shard-started ([test][1], node[D8L07SziRtqglEhU0dOiNA], [P], v[3], s[INITIALIZING], a[id=-DkrkBluSumfel6UqU1A8A], unassigned_info[[reason=NODE_LEFT], at[2016-03-30T21:02:02.182Z], details[node_left[5WFoynj2SUGDMEZmKbHSCQ]]]), reason [after recovery from store]]
[2016-03-30 14:02:02,484][TRACE][org.elasticsearch.cluster.service] [node_t1] will process [shard-started ([test][1], node[D8L07SziRtqglEhU0dOiNA], [P], v[3], s[INITIALIZING], a[id=-DkrkBluSumfel6UqU1A8A], unassigned_info[[reason=NODE_LEFT], at[2016-03-30T21:02:02.182Z], details[node_left[5WFoynj2SUGDMEZmKbHSCQ]]]), reason [master {node_t1}{lk7U_niVSKyTWpmVoV3sIA}{127.0.0.1}{127.0.0.1:9661}[mode=>network] marked shard as initializing, but shard state is [POST_RECOVERY], mark shard as started]]
[2016-03-30 14:02:02,484][TRACE][org.elasticsearch.cluster.service] [node_t1] will process [shard-started ([test][5], node[D8L07SziRtqglEhU0dOiNA], [P], v[3], s[INITIALIZING], a[id=R7TzP3mnTOSq3iJxHgqpRQ], unassigned_info[[reason=NODE_LEFT], at[2016-03-30T21:02:02.182Z], details[node_left[5WFoynj2SUGDMEZmKbHSCQ]]]), reason [after recovery from store]]
[2016-03-30 14:02:02,484][TRACE][org.elasticsearch.cluster.service] [node_t1] will process [shard-started ([test][3], node[D8L07SziRtqglEhU0dOiNA], [P], v[3], s[INITIALIZING], a[id=J-H0aUGsQSGAL77vJG85_g], unassigned_info[[reason=NODE_LEFT], at[2016-03-30T21:02:02.182Z], details[node_left[5WFoynj2SUGDMEZmKbHSCQ]]]), reason [after recovery from store]]
[2016-03-30 14:02:02,484][TRACE][org.elasticsearch.cluster.service] [node_t1] will process [shard-started ([test][3], node[D8L07SziRtqglEhU0dOiNA], [P], v[3], s[INITIALIZING], a[id=J-H0aUGsQSGAL77vJG85_g], unassigned_info[[reason=NODE_LEFT], at[2016-03-30T21:02:02.182Z], details[node_left[5WFoynj2SUGDMEZmKbHSCQ]]]), reason [master {node_t1}{lk7U_niVSKyTWpmVoV3sIA}{127.0.0.1}{127.0.0.1:9661}[mode=>network] marked shard as initializing, but shard state is [POST_RECOVERY], mark shard as started]]
[2016-03-30 14:02:02,484][TRACE][org.elasticsearch.cluster.service] [node_t1] will process [shard-started ([test][5], node[D8L07SziRtqglEhU0dOiNA], [P], v[3], s[INITIALIZING], a[id=R7TzP3mnTOSq3iJxHgqpRQ], unassigned_info[[reason=NODE_LEFT], at[2016-03-30T21:02:02.182Z], details[node_left[5WFoynj2SUGDMEZmKbHSCQ]]]), reason [master {node_t1}{lk7U_niVSKyTWpmVoV3sIA}{127.0.0.1}{127.0.0.1:9661}[mode=>network] marked shard as initializing, but shard state is [POST_RECOVERY], mark shard as started]]
[2016-03-30 14:02:02,484][DEBUG][org.elasticsearch.cluster.service] [node_t1] processing [shard-started ([test][1], node[D8L07SziRtqglEhU0dOiNA], [P], v[3], s[INITIALIZING], a[id=-DkrkBluSumfel6UqU1A8A], unassigned_info[[reason=NODE_LEFT], at[2016-03-30T21:02:02.182Z], details[node_left[5WFoynj2SUGDMEZmKbHSCQ]]]), reason [after recovery from store],shard-started ([test][1], node[D8L07SziRtqglEhU0dOiNA], [P], v[3], s[INITIALIZING], a[id=-DkrkBluSumfel6UqU1A8A], unassigned_info[[reason=NODE_LEFT], at[2016-03-30T21:02:02.182Z], details[node_left[5WFoynj2SUGDMEZmKbHSCQ]]]), reason [master {node_t1}{lk7U_niVSKyTWpmVoV3sIA}{127.0.0.1}{127.0.0.1:9661}[mode=>network] marked shard as initializing, but shard state is [POST_RECOVERY], mark shard as started],shard-started ([test][5], node[D8L07SziRtqglEhU0dOiNA], [P], v[3], s[INITIALIZING], a[id=R7TzP3mnTOSq3iJxHgqpRQ], unassigned_info[[reason=NODE_LEFT], at[2016-03-30T21:02:02.182Z], details[node_left[5WFoynj2SUGDMEZmKbHSCQ]]]), reason [after recovery from store],shard-started ([test][3], node[D8L07SziRtqglEhU0dOiNA], [P], v[3], s[INITIALIZING], a[id=J-H0aUGsQSGAL77vJG85_g], unassigned_info[[reason=NODE_LEFT], at[2016-03-30T21:02:02.182Z], details[node_left[5WFoynj2SUGDMEZmKbHSCQ]]]), reason [after recovery from store],shard-started ([test][3], node[D8L07SziRtqglEhU0dOiNA], [P], v[3], s[INITIALIZING], a[id=J-H0aUGsQSGAL77vJG85_g], unassigned_info[[reason=NODE_LEFT], at[2016-03-30T21:02:02.182Z], details[node_left[5WFoynj2SUGDMEZmKbHSCQ]]]), reason [master {node_t1}{lk7U_niVSKyTWpmVoV3sIA}{127.0.0.1}{127.0.0.1:9661}[mode=>network] marked shard as initializing, but shard state is [POST_RECOVERY], mark shard as started],shard-started ([test][5], node[D8L07SziRtqglEhU0dOiNA], [P], v[3], s[INITIALIZING], a[id=R7TzP3mnTOSq3iJxHgqpRQ], unassigned_info[[reason=NODE_LEFT], at[2016-03-30T21:02:02.182Z], details[node_left[5WFoynj2SUGDMEZmKbHSCQ]]]), reason [master {node_t1}{lk7U_niVSKyTWpmVoV3sIA}{127.0.0.1}{127.0.0.1:9661}[mode=>network] marked shard as initializing, but shard state is [POST_RECOVERY], mark shard as started]]: execute
[2016-03-30 14:02:02,486][TRACE][org.elasticsearch.cluster.service] [node_t1] cluster state updated, source [shard-started ([test][1], node[D8L07SziRtqglEhU0dOiNA], [P], v[3], s[INITIALIZING], a[id=-DkrkBluSumfel6UqU1A8A], unassigned_info[[reason=NODE_LEFT], at[2016-03-30T21:02:02.182Z], details[node_left[5WFoynj2SUGDMEZmKbHSCQ]]]), reason [after recovery from store],shard-started ([test][1], node[D8L07SziRtqglEhU0dOiNA], [P], v[3], s[INITIALIZING], a[id=-DkrkBluSumfel6UqU1A8A], unassigned_info[[reason=NODE_LEFT], at[2016-03-30T21:02:02.182Z], details[node_left[5WFoynj2SUGDMEZmKbHSCQ]]]), reason [master {node_t1}{lk7U_niVSKyTWpmVoV3sIA}{127.0.0.1}{127.0.0.1:9661}[mode=>network] marked shard as initializing, but shard state is [POST_RECOVERY], mark shard as started],shard-started ([test][5], node[D8L07SziRtqglEhU0dOiNA], [P], v[3], s[INITIALIZING], a[id=R7TzP3mnTOSq3iJxHgqpRQ], unassigned_info[[reason=NODE_LEFT], at[2016-03-30T21:02:02.182Z], details[node_left[5WFoynj2SUGDMEZmKbHSCQ]]]), reason [after recovery from store],shard-started ([test][3], node[D8L07SziRtqglEhU0dOiNA], [P], v[3], s[INITIALIZING], a[id=J-H0aUGsQSGAL77vJG85_g], unassigned_info[[reason=NODE_LEFT], at[2016-03-30T21:02:02.182Z], details[node_left[5WFoynj2SUGDMEZmKbHSCQ]]]), reason [after recovery from store],shard-started ([test][3], node[D8L07SziRtqglEhU0dOiNA], [P], v[3], s[INITIALIZING], a[id=J-H0aUGsQSGAL77vJG85_g], unassigned_info[[reason=NODE_LEFT], at[2016-03-30T21:02:02.182Z], details[node_left[5WFoynj2SUGDMEZmKbHSCQ]]]), reason [master {node_t1}{lk7U_niVSKyTWpmVoV3sIA}{127.0.0.1}{127.0.0.1:9661}[mode=>network] marked shard as initializing, but shard state is [POST_RECOVERY], mark shard as started],shard-started ([test][5], node[D8L07SziRtqglEhU0dOiNA], [P], v[3], s[INITIALIZING], a[id=R7TzP3mnTOSq3iJxHgqpRQ], unassigned_info[[reason=NODE_LEFT], at[2016-03-30T21:02:02.182Z], details[node_left[5WFoynj2SUGDMEZmKbHSCQ]]]), reason [master {node_t1}{lk7U_niVSKyTWpmVoV3sIA}{127.0.0.1}{127.0.0.1:9661}[mode=>network] marked shard as initializing, but shard state is [POST_RECOVERY], mark shard as started]]
version: 9
state uuid: MIiSkS7IRZuxn_QRSHiItA
from_diff: false
meta data version: 5
nodes: 
   {node_t1}{lk7U_niVSKyTWpmVoV3sIA}{127.0.0.1}{127.0.0.1:9661}[mode=>network], local, master
   {node_t2}{D8L07SziRtqglEhU0dOiNA}{127.0.0.1}{127.0.0.1:9660}[mode=>network]
routing_table (version 7):
-- index [test]
----shard_id [test][0]
--------[test][0], node[lk7U_niVSKyTWpmVoV3sIA], [P], v[2], s[STARTED], a[id=uC3ewIfZRDW-4Ye1pl4ULw]
----shard_id [test][1]
--------[test][1], node[D8L07SziRtqglEhU0dOiNA], [P], v[4], s[STARTED], a[id=-DkrkBluSumfel6UqU1A8A]
----shard_id [test][2]
--------[test][2], node[lk7U_niVSKyTWpmVoV3sIA], [P], v[2], s[STARTED], a[id=aldfZzscRt6PWb38x5_cjA]
----shard_id [test][3]
--------[test][3], node[D8L07SziRtqglEhU0dOiNA], [P], v[4], s[STARTED], a[id=J-H0aUGsQSGAL77vJG85_g]
----shard_id [test][4]
--------[test][4], node[lk7U_niVSKyTWpmVoV3sIA], [P], v[2], s[STARTED], a[id=7dKyNkRvT0WKMiTTjDRO4A]
----shard_id [test][5]
--------[test][5], node[D8L07SziRtqglEhU0dOiNA], [P], v[4], s[STARTED], a[id=R7TzP3mnTOSq3iJxHgqpRQ]
----shard_id [test][6]
--------[test][6], node[lk7U_niVSKyTWpmVoV3sIA], [P], v[2], s[STARTED], a[id=RFLG2DrFRBCCZsSxxCrbog]
----shard_id [test][7]
--------[test][7], node[D8L07SziRtqglEhU0dOiNA], [P], v[3], s[INITIALIZING], a[id=cPd2tOOJS4aJ_7P9-xS3dg], unassigned_info[[reason=NODE_LEFT], at[2016-03-30T21:02:02.182Z], details[node_left[5WFoynj2SUGDMEZmKbHSCQ]]]

routing_nodes:
-----node_id[D8L07SziRtqglEhU0dOiNA][V]
--------[test][7], node[D8L07SziRtqglEhU0dOiNA], [P], v[3], s[INITIALIZING], a[id=cPd2tOOJS4aJ_7P9-xS3dg], unassigned_info[[reason=NODE_LEFT], at[2016-03-30T21:02:02.182Z], details[node_left[5WFoynj2SUGDMEZmKbHSCQ]]]
--------[test][5], node[D8L07SziRtqglEhU0dOiNA], [P], v[4], s[STARTED], a[id=R7TzP3mnTOSq3iJxHgqpRQ]
--------[test][3], node[D8L07SziRtqglEhU0dOiNA], [P], v[4], s[STARTED], a[id=J-H0aUGsQSGAL77vJG85_g]
--------[test][1], node[D8L07SziRtqglEhU0dOiNA], [P], v[4], s[STARTED], a[id=-DkrkBluSumfel6UqU1A8A]
-----node_id[lk7U_niVSKyTWpmVoV3sIA][V]
--------[test][6], node[lk7U_niVSKyTWpmVoV3sIA], [P], v[2], s[STARTED], a[id=RFLG2DrFRBCCZsSxxCrbog]
--------[test][2], node[lk7U_niVSKyTWpmVoV3sIA], [P], v[2], s[STARTED], a[id=aldfZzscRt6PWb38x5_cjA]
--------[test][4], node[lk7U_niVSKyTWpmVoV3sIA], [P], v[2], s[STARTED], a[id=7dKyNkRvT0WKMiTTjDRO4A]
--------[test][0], node[lk7U_niVSKyTWpmVoV3sIA], [P], v[2], s[STARTED], a[id=uC3ewIfZRDW-4Ye1pl4ULw]
---- unassigned

[2016-03-30 14:02:02,486][DEBUG][org.elasticsearch.cluster.service] [node_t1] publishing cluster state version [9]
[2016-03-30 14:02:02,487][DEBUG][org.elasticsearch.discovery.zen.publish] [node_t2] received diff cluster state version [9] with uuid [MIiSkS7IRZuxn_QRSHiItA], diff size [597]
[2016-03-30 14:02:02,487][TRACE][org.elasticsearch.discovery.zen.publish] [node_t1] master node {node_t2}{D8L07SziRtqglEhU0dOiNA}{127.0.0.1}{127.0.0.1:9660}[mode=>network] acked cluster state version [9]. processing ... (current pending [1], needed [1])
[2016-03-30 14:02:02,487][TRACE][org.elasticsearch.discovery.zen.publish] [node_t1] committing version [9]
[2016-03-30 14:02:02,488][TRACE][org.elasticsearch.discovery.zen.publish] [node_t1] sending commit for cluster state (uuid: [MIiSkS7IRZuxn_QRSHiItA], version [9]) to [{node_t2}{D8L07SziRtqglEhU0dOiNA}{127.0.0.1}{127.0.0.1:9660}[mode=>network]]
[2016-03-30 14:02:02,535][DEBUG][org.elasticsearch.cluster.service] [node_t2] processing [indices_store ([[test][6]] active fully on other nodes)]: took 54ms no change in cluster_state
[2016-03-30 14:02:02,535][TRACE][org.elasticsearch.cluster.service] [node_t2] will process [zen-disco-receive(from master [master {node_t1}{lk7U_niVSKyTWpmVoV3sIA}{127.0.0.1}{127.0.0.1:9661}[mode=>network] committed version [9]])]
[2016-03-30 14:02:02,535][DEBUG][org.elasticsearch.cluster.service] [node_t2] processing [zen-disco-receive(from master [master {node_t1}{lk7U_niVSKyTWpmVoV3sIA}{127.0.0.1}{127.0.0.1:9661}[mode=>network] committed version [9]])]: execute
[2016-03-30 14:02:02,536][TRACE][org.elasticsearch.cluster.service] [node_t2] cluster state updated, source [zen-disco-receive(from master [master {node_t1}{lk7U_niVSKyTWpmVoV3sIA}{127.0.0.1}{127.0.0.1:9661}[mode=>network] committed version [9]])]
version: 9
state uuid: MIiSkS7IRZuxn_QRSHiItA
from_diff: false
meta data version: 5
nodes: 
   {node_t1}{lk7U_niVSKyTWpmVoV3sIA}{127.0.0.1}{127.0.0.1:9661}[mode=>network], master
   {node_t2}{D8L07SziRtqglEhU0dOiNA}{127.0.0.1}{127.0.0.1:9660}[mode=>network], local
routing_table (version 7):
-- index [test]
----shard_id [test][0]
--------[test][0], node[lk7U_niVSKyTWpmVoV3sIA], [P], v[2], s[STARTED], a[id=uC3ewIfZRDW-4Ye1pl4ULw]
----shard_id [test][1]
--------[test][1], node[D8L07SziRtqglEhU0dOiNA], [P], v[4], s[STARTED], a[id=-DkrkBluSumfel6UqU1A8A]
----shard_id [test][2]
--------[test][2], node[lk7U_niVSKyTWpmVoV3sIA], [P], v[2], s[STARTED], a[id=aldfZzscRt6PWb38x5_cjA]
----shard_id [test][3]
--------[test][3], node[D8L07SziRtqglEhU0dOiNA], [P], v[4], s[STARTED], a[id=J-H0aUGsQSGAL77vJG85_g]
----shard_id [test][4]
--------[test][4], node[lk7U_niVSKyTWpmVoV3sIA], [P], v[2], s[STARTED], a[id=7dKyNkRvT0WKMiTTjDRO4A]
----shard_id [test][5]
--------[test][5], node[D8L07SziRtqglEhU0dOiNA], [P], v[4], s[STARTED], a[id=R7TzP3mnTOSq3iJxHgqpRQ]
----shard_id [test][6]
--------[test][6], node[lk7U_niVSKyTWpmVoV3sIA], [P], v[2], s[STARTED], a[id=RFLG2DrFRBCCZsSxxCrbog]
----shard_id [test][7]
--------[test][7], node[D8L07SziRtqglEhU0dOiNA], [P], v[3], s[INITIALIZING], a[id=cPd2tOOJS4aJ_7P9-xS3dg], unassigned_info[[reason=NODE_LEFT], at[2016-03-30T21:02:02.182Z], details[node_left[5WFoynj2SUGDMEZmKbHSCQ]]]

routing_nodes:
-----node_id[D8L07SziRtqglEhU0dOiNA][V]
--------[test][1], node[D8L07SziRtqglEhU0dOiNA], [P], v[4], s[STARTED], a[id=-DkrkBluSumfel6UqU1A8A]
--------[test][7], node[D8L07SziRtqglEhU0dOiNA], [P], v[3], s[INITIALIZING], a[id=cPd2tOOJS4aJ_7P9-xS3dg], unassigned_info[[reason=NODE_LEFT], at[2016-03-30T21:02:02.182Z], details[node_left[5WFoynj2SUGDMEZmKbHSCQ]]]
--------[test][3], node[D8L07SziRtqglEhU0dOiNA], [P], v[4], s[STARTED], a[id=J-H0aUGsQSGAL77vJG85_g]
--------[test][5], node[D8L07SziRtqglEhU0dOiNA], [P], v[4], s[STARTED], a[id=R7TzP3mnTOSq3iJxHgqpRQ]
-----node_id[lk7U_niVSKyTWpmVoV3sIA][V]
--------[test][6], node[lk7U_niVSKyTWpmVoV3sIA], [P], v[2], s[STARTED], a[id=RFLG2DrFRBCCZsSxxCrbog]
--------[test][4], node[lk7U_niVSKyTWpmVoV3sIA], [P], v[2], s[STARTED], a[id=7dKyNkRvT0WKMiTTjDRO4A]
--------[test][2], node[lk7U_niVSKyTWpmVoV3sIA], [P], v[2], s[STARTED], a[id=aldfZzscRt6PWb38x5_cjA]
--------[test][0], node[lk7U_niVSKyTWpmVoV3sIA], [P], v[2], s[STARTED], a[id=uC3ewIfZRDW-4Ye1pl4ULw]
---- unassigned

[2016-03-30 14:02:02,536][DEBUG][org.elasticsearch.cluster.service] [node_t2] set local cluster state to version 9
[2016-03-30 14:02:02,573][TRACE][org.elasticsearch.gateway] [node_t2] [test] writing state, reason [version changed from [3] to [4]]
[2016-03-30 14:02:02,621][DEBUG][org.elasticsearch.cluster.service] [node_t2] processing [zen-disco-receive(from master [master {node_t1}{lk7U_niVSKyTWpmVoV3sIA}{127.0.0.1}{127.0.0.1:9661}[mode=>network] committed version [9]])]: took 85ms done applying updated cluster_state (version: 9, uuid: MIiSkS7IRZuxn_QRSHiItA)
[2016-03-30 14:02:02,622][DEBUG][org.elasticsearch.cluster.service] [node_t1] set local cluster state to version 9
[2016-03-30 14:02:02,622][TRACE][org.elasticsearch.cluster.service] [node_t2] will process [indices_store ([[test][4]] active fully on other nodes)]
[2016-03-30 14:02:02,622][DEBUG][org.elasticsearch.cluster.service] [node_t2] processing [indices_store ([[test][4]] active fully on other nodes)]: execute
[2016-03-30 14:02:02,622][DEBUG][org.elasticsearch.cluster.service] [node_t2] processing [indices_store ([[test][4]] active fully on other nodes)]: took 0s no change in cluster_state
[2016-03-30 14:02:02,622][TRACE][org.elasticsearch.cluster.service] [node_t2] will process [indices_store ([[test][2]] active fully on other nodes)]
[2016-03-30 14:02:02,622][DEBUG][org.elasticsearch.cluster.service] [node_t2] processing [indices_store ([[test][2]] active fully on other nodes)]: execute
[2016-03-30 14:02:02,622][DEBUG][org.elasticsearch.cluster.service] [node_t2] processing [indices_store ([[test][2]] active fully on other nodes)]: took 0s no change in cluster_state
[2016-03-30 14:02:02,622][TRACE][org.elasticsearch.cluster.service] [node_t2] will process [indices_store ([[test][0]] active fully on other nodes)]
[2016-03-30 14:02:02,622][DEBUG][org.elasticsearch.cluster.service] [node_t2] processing [indices_store ([[test][0]] active fully on other nodes)]: execute
[2016-03-30 14:02:02,622][DEBUG][org.elasticsearch.cluster.service] [node_t2] processing [indices_store ([[test][0]] active fully on other nodes)]: took 0s no change in cluster_state
[2016-03-30 14:02:02,622][TRACE][org.elasticsearch.cluster.service] [node_t2] will process [indices_store ([[test][6]] active fully on other nodes)]
[2016-03-30 14:02:02,622][DEBUG][org.elasticsearch.cluster.service] [node_t2] processing [indices_store ([[test][6]] active fully on other nodes)]: execute
[2016-03-30 14:02:02,623][TRACE][org.elasticsearch.gateway] [node_t1] [test] writing state, reason [version changed from [3] to [4]]
[2016-03-30 14:02:02,658][DEBUG][org.elasticsearch.cluster.service] [node_t2] processing [indices_store ([[test][6]] active fully on other nodes)]: took 35ms no change in cluster_state
[2016-03-30 14:02:02,658][TRACE][org.elasticsearch.cluster.service] [node_t2] will process [indices_store ([[test][4]] active fully on other nodes)]
[2016-03-30 14:02:02,658][DEBUG][org.elasticsearch.cluster.service] [node_t2] processing [indices_store ([[test][4]] active fully on other nodes)]: execute
[2016-03-30 14:02:02,675][DEBUG][org.elasticsearch.cluster.service] [node_t1] processing [shard-started ([test][1], node[D8L07SziRtqglEhU0dOiNA], [P], v[3], s[INITIALIZING], a[id=-DkrkBluSumfel6UqU1A8A], unassigned_info[[reason=NODE_LEFT], at[2016-03-30T21:02:02.182Z], details[node_left[5WFoynj2SUGDMEZmKbHSCQ]]]), reason [after recovery from store],shard-started ([test][1], node[D8L07SziRtqglEhU0dOiNA], [P], v[3], s[INITIALIZING], a[id=-DkrkBluSumfel6UqU1A8A], unassigned_info[[reason=NODE_LEFT], at[2016-03-30T21:02:02.182Z], details[node_left[5WFoynj2SUGDMEZmKbHSCQ]]]), reason [master {node_t1}{lk7U_niVSKyTWpmVoV3sIA}{127.0.0.1}{127.0.0.1:9661}[mode=>network] marked shard as initializing, but shard state is [POST_RECOVERY], mark shard as started],shard-started ([test][5], node[D8L07SziRtqglEhU0dOiNA], [P], v[3], s[INITIALIZING], a[id=R7TzP3mnTOSq3iJxHgqpRQ], unassigned_info[[reason=NODE_LEFT], at[2016-03-30T21:02:02.182Z], details[node_left[5WFoynj2SUGDMEZmKbHSCQ]]]), reason [after recovery from store],shard-started ([test][3], node[D8L07SziRtqglEhU0dOiNA], [P], v[3], s[INITIALIZING], a[id=J-H0aUGsQSGAL77vJG85_g], unassigned_info[[reason=NODE_LEFT], at[2016-03-30T21:02:02.182Z], details[node_left[5WFoynj2SUGDMEZmKbHSCQ]]]), reason [after recovery from store],shard-started ([test][3], node[D8L07SziRtqglEhU0dOiNA], [P], v[3], s[INITIALIZING], a[id=J-H0aUGsQSGAL77vJG85_g], unassigned_info[[reason=NODE_LEFT], at[2016-03-30T21:02:02.182Z], details[node_left[5WFoynj2SUGDMEZmKbHSCQ]]]), reason [master {node_t1}{lk7U_niVSKyTWpmVoV3sIA}{127.0.0.1}{127.0.0.1:9661}[mode=>network] marked shard as initializing, but shard state is [POST_RECOVERY], mark shard as started],shard-started ([test][5], node[D8L07SziRtqglEhU0dOiNA], [P], v[3], s[INITIALIZING], a[id=R7TzP3mnTOSq3iJxHgqpRQ], unassigned_info[[reason=NODE_LEFT], at[2016-03-30T21:02:02.182Z], details[node_left[5WFoynj2SUGDMEZmKbHSCQ]]]), reason [master {node_t1}{lk7U_niVSKyTWpmVoV3sIA}{127.0.0.1}{127.0.0.1:9661}[mode=>network] marked shard as initializing, but shard state is [POST_RECOVERY], mark shard as started]]: took 190ms done applying updated cluster_state (version: 9, uuid: MIiSkS7IRZuxn_QRSHiItA)
[2016-03-30 14:02:02,675][TRACE][org.elasticsearch.cluster.service] [node_t1] will process [shard-started ([test][7], node[D8L07SziRtqglEhU0dOiNA], [P], v[3], s[INITIALIZING], a[id=cPd2tOOJS4aJ_7P9-xS3dg], unassigned_info[[reason=NODE_LEFT], at[2016-03-30T21:02:02.182Z], details[node_left[5WFoynj2SUGDMEZmKbHSCQ]]]), reason [after recovery from store]]
[2016-03-30 14:02:02,675][TRACE][org.elasticsearch.cluster.service] [node_t1] will process [shard-started ([test][7], node[D8L07SziRtqglEhU0dOiNA], [P], v[3], s[INITIALIZING], a[id=cPd2tOOJS4aJ_7P9-xS3dg], unassigned_info[[reason=NODE_LEFT], at[2016-03-30T21:02:02.182Z], details[node_left[5WFoynj2SUGDMEZmKbHSCQ]]]), reason [master {node_t1}{lk7U_niVSKyTWpmVoV3sIA}{127.0.0.1}{127.0.0.1:9661}[mode=>network] marked shard as initializing, but shard state is [POST_RECOVERY], mark shard as started]]
[2016-03-30 14:02:02,675][DEBUG][org.elasticsearch.cluster.service] [node_t1] processing [shard-started ([test][7], node[D8L07SziRtqglEhU0dOiNA], [P], v[3], s[INITIALIZING], a[id=cPd2tOOJS4aJ_7P9-xS3dg], unassigned_info[[reason=NODE_LEFT], at[2016-03-30T21:02:02.182Z], details[node_left[5WFoynj2SUGDMEZmKbHSCQ]]]), reason [after recovery from store],shard-started ([test][7], node[D8L07SziRtqglEhU0dOiNA], [P], v[3], s[INITIALIZING], a[id=cPd2tOOJS4aJ_7P9-xS3dg], unassigned_info[[reason=NODE_LEFT], at[2016-03-30T21:02:02.182Z], details[node_left[5WFoynj2SUGDMEZmKbHSCQ]]]), reason [master {node_t1}{lk7U_niVSKyTWpmVoV3sIA}{127.0.0.1}{127.0.0.1:9661}[mode=>network] marked shard as initializing, but shard state is [POST_RECOVERY], mark shard as started]]: execute
[2016-03-30 14:02:02,676][TRACE][org.elasticsearch.cluster.service] [node_t1] cluster state updated, source [shard-started ([test][7], node[D8L07SziRtqglEhU0dOiNA], [P], v[3], s[INITIALIZING], a[id=cPd2tOOJS4aJ_7P9-xS3dg], unassigned_info[[reason=NODE_LEFT], at[2016-03-30T21:02:02.182Z], details[node_left[5WFoynj2SUGDMEZmKbHSCQ]]]), reason [after recovery from store],shard-started ([test][7], node[D8L07SziRtqglEhU0dOiNA], [P], v[3], s[INITIALIZING], a[id=cPd2tOOJS4aJ_7P9-xS3dg], unassigned_info[[reason=NODE_LEFT], at[2016-03-30T21:02:02.182Z], details[node_left[5WFoynj2SUGDMEZmKbHSCQ]]]), reason [master {node_t1}{lk7U_niVSKyTWpmVoV3sIA}{127.0.0.1}{127.0.0.1:9661}[mode=>network] marked shard as initializing, but shard state is [POST_RECOVERY], mark shard as started]]
version: 10
state uuid: 8HOMCiRnQqy46rgd2-fYNA
from_diff: false
meta data version: 6
nodes: 
   {node_t1}{lk7U_niVSKyTWpmVoV3sIA}{127.0.0.1}{127.0.0.1:9661}[mode=>network], local, master
   {node_t2}{D8L07SziRtqglEhU0dOiNA}{127.0.0.1}{127.0.0.1:9660}[mode=>network]
routing_table (version 8):
-- index [test]
----shard_id [test][0]
--------[test][0], node[lk7U_niVSKyTWpmVoV3sIA], [P], v[2], s[STARTED], a[id=uC3ewIfZRDW-4Ye1pl4ULw]
----shard_id [test][1]
--------[test][1], node[D8L07SziRtqglEhU0dOiNA], [P], v[4], s[STARTED], a[id=-DkrkBluSumfel6UqU1A8A]
----shard_id [test][2]
--------[test][2], node[lk7U_niVSKyTWpmVoV3sIA], [P], v[2], s[STARTED], a[id=aldfZzscRt6PWb38x5_cjA]
----shard_id [test][3]
--------[test][3], node[D8L07SziRtqglEhU0dOiNA], [P], v[4], s[STARTED], a[id=J-H0aUGsQSGAL77vJG85_g]
----shard_id [test][4]
--------[test][4], node[lk7U_niVSKyTWpmVoV3sIA], [P], v[2], s[STARTED], a[id=7dKyNkRvT0WKMiTTjDRO4A]
----shard_id [test][5]
--------[test][5], node[D8L07SziRtqglEhU0dOiNA], [P], v[4], s[STARTED], a[id=R7TzP3mnTOSq3iJxHgqpRQ]
----shard_id [test][6]
--------[test][6], node[lk7U_niVSKyTWpmVoV3sIA], [P], v[2], s[STARTED], a[id=RFLG2DrFRBCCZsSxxCrbog]
----shard_id [test][7]
--------[test][7], node[D8L07SziRtqglEhU0dOiNA], [P], v[4], s[STARTED], a[id=cPd2tOOJS4aJ_7P9-xS3dg]

routing_nodes:
-----node_id[D8L07SziRtqglEhU0dOiNA][V]
--------[test][5], node[D8L07SziRtqglEhU0dOiNA], [P], v[4], s[STARTED], a[id=R7TzP3mnTOSq3iJxHgqpRQ]
--------[test][7], node[D8L07SziRtqglEhU0dOiNA], [P], v[4], s[STARTED], a[id=cPd2tOOJS4aJ_7P9-xS3dg]
--------[test][3], node[D8L07SziRtqglEhU0dOiNA], [P], v[4], s[STARTED], a[id=J-H0aUGsQSGAL77vJG85_g]
--------[test][1], node[D8L07SziRtqglEhU0dOiNA], [P], v[4], s[STARTED], a[id=-DkrkBluSumfel6UqU1A8A]
-----node_id[lk7U_niVSKyTWpmVoV3sIA][V]
--------[test][2], node[lk7U_niVSKyTWpmVoV3sIA], [P], v[2], s[STARTED], a[id=aldfZzscRt6PWb38x5_cjA]
--------[test][4], node[lk7U_niVSKyTWpmVoV3sIA], [P], v[2], s[STARTED], a[id=7dKyNkRvT0WKMiTTjDRO4A]
--------[test][6], node[lk7U_niVSKyTWpmVoV3sIA], [P], v[2], s[STARTED], a[id=RFLG2DrFRBCCZsSxxCrbog]
--------[test][0], node[lk7U_niVSKyTWpmVoV3sIA], [P], v[2], s[STARTED], a[id=uC3ewIfZRDW-4Ye1pl4ULw]
---- unassigned

[2016-03-30 14:02:02,676][DEBUG][org.elasticsearch.cluster.service] [node_t1] publishing cluster state version [10]
[2016-03-30 14:02:02,677][DEBUG][org.elasticsearch.discovery.zen.publish] [node_t2] received diff cluster state version [10] with uuid [8HOMCiRnQqy46rgd2-fYNA], diff size [533]
[2016-03-30 14:02:02,678][TRACE][org.elasticsearch.discovery.zen.publish] [node_t1] master node {node_t2}{D8L07SziRtqglEhU0dOiNA}{127.0.0.1}{127.0.0.1:9660}[mode=>network] acked cluster state version [10]. processing ... (current pending [1], needed [1])
[2016-03-30 14:02:02,678][TRACE][org.elasticsearch.discovery.zen.publish] [node_t1] committing version [10]
[2016-03-30 14:02:02,678][TRACE][org.elasticsearch.discovery.zen.publish] [node_t1] sending commit for cluster state (uuid: [8HOMCiRnQqy46rgd2-fYNA], version [10]) to [{node_t2}{D8L07SziRtqglEhU0dOiNA}{127.0.0.1}{127.0.0.1:9660}[mode=>network]]
[2016-03-30 14:02:02,710][DEBUG][org.elasticsearch.cluster.service] [node_t2] processing [indices_store ([[test][4]] active fully on other nodes)]: took 51ms no change in cluster_state
[2016-03-30 14:02:02,710][TRACE][org.elasticsearch.cluster.service] [node_t2] will process [zen-disco-receive(from master [master {node_t1}{lk7U_niVSKyTWpmVoV3sIA}{127.0.0.1}{127.0.0.1:9661}[mode=>network] committed version [10]])]
[2016-03-30 14:02:02,711][DEBUG][org.elasticsearch.cluster.service] [node_t2] processing [zen-disco-receive(from master [master {node_t1}{lk7U_niVSKyTWpmVoV3sIA}{127.0.0.1}{127.0.0.1:9661}[mode=>network] committed version [10]])]: execute
[2016-03-30 14:02:02,711][TRACE][org.elasticsearch.cluster.service] [node_t2] cluster state updated, source [zen-disco-receive(from master [master {node_t1}{lk7U_niVSKyTWpmVoV3sIA}{127.0.0.1}{127.0.0.1:9661}[mode=>network] committed version [10]])]
version: 10
state uuid: 8HOMCiRnQqy46rgd2-fYNA
from_diff: false
meta data version: 6
nodes: 
   {node_t1}{lk7U_niVSKyTWpmVoV3sIA}{127.0.0.1}{127.0.0.1:9661}[mode=>network], master
   {node_t2}{D8L07SziRtqglEhU0dOiNA}{127.0.0.1}{127.0.0.1:9660}[mode=>network], local
routing_table (version 8):
-- index [test]
----shard_id [test][0]
--------[test][0], node[lk7U_niVSKyTWpmVoV3sIA], [P], v[2], s[STARTED], a[id=uC3ewIfZRDW-4Ye1pl4ULw]
----shard_id [test][1]
--------[test][1], node[D8L07SziRtqglEhU0dOiNA], [P], v[4], s[STARTED], a[id=-DkrkBluSumfel6UqU1A8A]
----shard_id [test][2]
--------[test][2], node[lk7U_niVSKyTWpmVoV3sIA], [P], v[2], s[STARTED], a[id=aldfZzscRt6PWb38x5_cjA]
----shard_id [test][3]
--------[test][3], node[D8L07SziRtqglEhU0dOiNA], [P], v[4], s[STARTED], a[id=J-H0aUGsQSGAL77vJG85_g]
----shard_id [test][4]
--------[test][4], node[lk7U_niVSKyTWpmVoV3sIA], [P], v[2], s[STARTED], a[id=7dKyNkRvT0WKMiTTjDRO4A]
----shard_id [test][5]
--------[test][5], node[D8L07SziRtqglEhU0dOiNA], [P], v[4], s[STARTED], a[id=R7TzP3mnTOSq3iJxHgqpRQ]
----shard_id [test][6]
--------[test][6], node[lk7U_niVSKyTWpmVoV3sIA], [P], v[2], s[STARTED], a[id=RFLG2DrFRBCCZsSxxCrbog]
----shard_id [test][7]
--------[test][7], node[D8L07SziRtqglEhU0dOiNA], [P], v[4], s[STARTED], a[id=cPd2tOOJS4aJ_7P9-xS3dg]

routing_nodes:
-----node_id[D8L07SziRtqglEhU0dOiNA][V]
--------[test][3], node[D8L07SziRtqglEhU0dOiNA], [P], v[4], s[STARTED], a[id=J-H0aUGsQSGAL77vJG85_g]
--------[test][1], node[D8L07SziRtqglEhU0dOiNA], [P], v[4], s[STARTED], a[id=-DkrkBluSumfel6UqU1A8A]
--------[test][5], node[D8L07SziRtqglEhU0dOiNA], [P], v[4], s[STARTED], a[id=R7TzP3mnTOSq3iJxHgqpRQ]
--------[test][7], node[D8L07SziRtqglEhU0dOiNA], [P], v[4], s[STARTED], a[id=cPd2tOOJS4aJ_7P9-xS3dg]
-----node_id[lk7U_niVSKyTWpmVoV3sIA][V]
--------[test][2], node[lk7U_niVSKyTWpmVoV3sIA], [P], v[2], s[STARTED], a[id=aldfZzscRt6PWb38x5_cjA]
--------[test][4], node[lk7U_niVSKyTWpmVoV3sIA], [P], v[2], s[STARTED], a[id=7dKyNkRvT0WKMiTTjDRO4A]
--------[test][6], node[lk7U_niVSKyTWpmVoV3sIA], [P], v[2], s[STARTED], a[id=RFLG2DrFRBCCZsSxxCrbog]
--------[test][0], node[lk7U_niVSKyTWpmVoV3sIA], [P], v[2], s[STARTED], a[id=uC3ewIfZRDW-4Ye1pl4ULw]
---- unassigned

[2016-03-30 14:02:02,711][DEBUG][org.elasticsearch.cluster.service] [node_t2] set local cluster state to version 10
[2016-03-30 14:02:02,722][TRACE][org.elasticsearch.gateway] [node_t2] [test] writing state, reason [version changed from [4] to [5]]
[2016-03-30 14:02:02,775][DEBUG][org.elasticsearch.cluster.service] [node_t2] processing [zen-disco-receive(from master [master {node_t1}{lk7U_niVSKyTWpmVoV3sIA}{127.0.0.1}{127.0.0.1:9661}[mode=>network] committed version [10]])]: took 63ms done applying updated cluster_state (version: 10, uuid: 8HOMCiRnQqy46rgd2-fYNA)
[2016-03-30 14:02:02,775][TRACE][org.elasticsearch.cluster.service] [node_t2] will process [indices_store ([[test][2]] active fully on other nodes)]
[2016-03-30 14:02:02,775][DEBUG][org.elasticsearch.cluster.service] [node_t1] set local cluster state to version 10
[2016-03-30 14:02:02,775][DEBUG][org.elasticsearch.cluster.service] [node_t2] processing [indices_store ([[test][2]] active fully on other nodes)]: execute
[2016-03-30 14:02:02,775][DEBUG][org.elasticsearch.cluster.service] [node_t2] processing [indices_store ([[test][2]] active fully on other nodes)]: took 0s no change in cluster_state
[2016-03-30 14:02:02,775][TRACE][org.elasticsearch.cluster.service] [node_t2] will process [indices_store ([[test][0]] active fully on other nodes)]
[2016-03-30 14:02:02,775][DEBUG][org.elasticsearch.cluster.service] [node_t2] processing [indices_store ([[test][0]] active fully on other nodes)]: execute
[2016-03-30 14:02:02,775][DEBUG][org.elasticsearch.cluster.service] [node_t2] processing [indices_store ([[test][0]] active fully on other nodes)]: took 0s no change in cluster_state
[2016-03-30 14:02:02,775][TRACE][org.elasticsearch.cluster.service] [node_t2] will process [indices_store ([[test][2]] active fully on other nodes)]
[2016-03-30 14:02:02,775][DEBUG][org.elasticsearch.cluster.service] [node_t2] processing [indices_store ([[test][2]] active fully on other nodes)]: execute
[2016-03-30 14:02:02,776][TRACE][org.elasticsearch.gateway] [node_t1] [test] writing state, reason [version changed from [4] to [5]]
[2016-03-30 14:02:02,804][DEBUG][org.elasticsearch.cluster.service] [node_t1] processing [shard-started ([test][7], node[D8L07SziRtqglEhU0dOiNA], [P], v[3], s[INITIALIZING], a[id=cPd2tOOJS4aJ_7P9-xS3dg], unassigned_info[[reason=NODE_LEFT], at[2016-03-30T21:02:02.182Z], details[node_left[5WFoynj2SUGDMEZmKbHSCQ]]]), reason [after recovery from store],shard-started ([test][7], node[D8L07SziRtqglEhU0dOiNA], [P], v[3], s[INITIALIZING], a[id=cPd2tOOJS4aJ_7P9-xS3dg], unassigned_info[[reason=NODE_LEFT], at[2016-03-30T21:02:02.182Z], details[node_left[5WFoynj2SUGDMEZmKbHSCQ]]]), reason [master {node_t1}{lk7U_niVSKyTWpmVoV3sIA}{127.0.0.1}{127.0.0.1:9661}[mode=>network] marked shard as initializing, but shard state is [POST_RECOVERY], mark shard as started]]: took 129ms done applying updated cluster_state (version: 10, uuid: 8HOMCiRnQqy46rgd2-fYNA)
[2016-03-30 14:02:02,805][TRACE][org.elasticsearch.cluster.service] [node_t1] will process [indices_store ([[test][3]] active fully on other nodes)]
[2016-03-30 14:02:02,805][DEBUG][org.elasticsearch.cluster.service] [node_t1] processing [indices_store ([[test][3]] active fully on other nodes)]: execute
[2016-03-30 14:02:02,805][DEBUG][org.elasticsearch.cluster.service] [node_t1] processing [indices_store ([[test][3]] active fully on other nodes)]: took 0s no change in cluster_state
[2016-03-30 14:02:02,805][TRACE][org.elasticsearch.cluster.service] [node_t1] will process [indices_store ([[test][5]] active fully on other nodes)]
[2016-03-30 14:02:02,805][TRACE][org.elasticsearch.transport.tracer] [transport_client_node_t1] [53][cluster:monitor/state] sent to [{node_t1}{lk7U_niVSKyTWpmVoV3sIA}{127.0.0.1}{127.0.0.1:9661}[mode=>network]] (timeout: [null])
[2016-03-30 14:02:02,805][DEBUG][org.elasticsearch.cluster.service] [node_t1] processing [indices_store ([[test][5]] active fully on other nodes)]: execute
[2016-03-30 14:02:02,805][DEBUG][org.elasticsearch.cluster.service] [node_t1] processing [indices_store ([[test][5]] active fully on other nodes)]: took 0s no change in cluster_state
[2016-03-30 14:02:02,805][TRACE][org.elasticsearch.cluster.service] [node_t1] will process [indices_store ([[test][1]] active fully on other nodes)]
[2016-03-30 14:02:02,805][DEBUG][org.elasticsearch.cluster.service] [node_t1] processing [indices_store ([[test][1]] active fully on other nodes)]: execute
[2016-03-30 14:02:02,805][DEBUG][org.elasticsearch.cluster.service] [node_t1] processing [indices_store ([[test][1]] active fully on other nodes)]: took 0s no change in cluster_state
[2016-03-30 14:02:02,805][TRACE][org.elasticsearch.cluster.service] [node_t1] will process [indices_store ([[test][7]] active fully on other nodes)]
[2016-03-30 14:02:02,805][DEBUG][org.elasticsearch.cluster.service] [node_t1] processing [indices_store ([[test][7]] active fully on other nodes)]: execute
[2016-03-30 14:02:02,808][TRACE][org.elasticsearch.transport.tracer] [transport_client_node_t1] [53][cluster:monitor/state] received response from [{node_t1}{lk7U_niVSKyTWpmVoV3sIA}{127.0.0.1}{127.0.0.1:9661}[mode=>network]]
[2016-03-30 14:02:02,821][DEBUG][org.elasticsearch.cluster.service] [node_t2] processing [indices_store ([[test][2]] active fully on other nodes)]: took 45ms no change in cluster_state
[2016-03-30 14:02:02,821][TRACE][org.elasticsearch.cluster.service] [node_t2] will process [indices_store ([[test][0]] active fully on other nodes)]
[2016-03-30 14:02:02,821][DEBUG][org.elasticsearch.cluster.service] [node_t2] processing [indices_store ([[test][0]] active fully on other nodes)]: execute
[2016-03-30 14:02:02,824][TRACE][org.elasticsearch.transport.tracer] [transport_client_node_t2] [1][cluster:monitor/state] sent to [{node_t2}{D8L07SziRtqglEhU0dOiNA}{127.0.0.1}{127.0.0.1:9660}[mode=>network]] (timeout: [null])
[2016-03-30 14:02:02,826][TRACE][org.elasticsearch.transport.tracer] [transport_client_node_t2] [1][cluster:monitor/state] received response from [{node_t2}{D8L07SziRtqglEhU0dOiNA}{127.0.0.1}{127.0.0.1:9660}[mode=>network]]
[2016-03-30 14:02:02,826][TRACE][org.elasticsearch.transport.tracer] [transport_client_node_t2] [2][cluster:monitor/state] sent to [{node_t2}{D8L07SziRtqglEhU0dOiNA}{127.0.0.1}{127.0.0.1:9660}[mode=>network]] (timeout: [null])
[2016-03-30 14:02:02,828][TRACE][org.elasticsearch.transport.tracer] [transport_client_node_t2] [2][cluster:monitor/state] received response from [{node_t2}{D8L07SziRtqglEhU0dOiNA}{127.0.0.1}{127.0.0.1:9660}[mode=>network]]
[2016-03-30 14:02:02,829][TRACE][org.elasticsearch.transport.tracer] [transport_client_node_t2] [3][cluster:monitor/health] sent to [{node_t2}{D8L07SziRtqglEhU0dOiNA}{127.0.0.1}{127.0.0.1:9660}[mode=>network]] (timeout: [null])
[2016-03-30 14:02:02,864][DEBUG][org.elasticsearch.cluster.service] [node_t1] processing [indices_store ([[test][7]] active fully on other nodes)]: took 58ms no change in cluster_state
[2016-03-30 14:02:02,864][TRACE][org.elasticsearch.cluster.service] [node_t1] will process [indices_store ([[test][5]] active fully on other nodes)]
[2016-03-30 14:02:02,864][DEBUG][org.elasticsearch.cluster.service] [node_t1] processing [indices_store ([[test][5]] active fully on other nodes)]: execute
[2016-03-30 14:02:02,931][DEBUG][org.elasticsearch.cluster.service] [node_t1] processing [indices_store ([[test][5]] active fully on other nodes)]: took 66ms no change in cluster_state
[2016-03-30 14:02:02,931][TRACE][org.elasticsearch.cluster.service] [node_t1] will process [indices_store ([[test][3]] active fully on other nodes)]
[2016-03-30 14:02:02,931][DEBUG][org.elasticsearch.cluster.service] [node_t1] processing [indices_store ([[test][3]] active fully on other nodes)]: execute
[2016-03-30 14:02:02,937][DEBUG][org.elasticsearch.cluster.service] [node_t2] processing [indices_store ([[test][0]] active fully on other nodes)]: took 115ms no change in cluster_state
[2016-03-30 14:02:02,937][TRACE][org.elasticsearch.cluster.service] [node_t2] will process [indices_store ([[test][4]] active fully on other nodes)]
[2016-03-30 14:02:02,937][DEBUG][org.elasticsearch.cluster.service] [node_t2] processing [indices_store ([[test][4]] active fully on other nodes)]: execute
[2016-03-30 14:02:03,001][DEBUG][org.elasticsearch.cluster.service] [node_t1] processing [indices_store ([[test][3]] active fully on other nodes)]: took 69ms no change in cluster_state
[2016-03-30 14:02:03,001][TRACE][org.elasticsearch.cluster.service] [node_t1] will process [indices_store ([[test][1]] active fully on other nodes)]
[2016-03-30 14:02:03,001][DEBUG][org.elasticsearch.cluster.service] [node_t1] processing [indices_store ([[test][1]] active fully on other nodes)]: execute
[2016-03-30 14:02:03,054][DEBUG][org.elasticsearch.cluster.service] [node_t2] processing [indices_store ([[test][4]] active fully on other nodes)]: took 108ms no change in cluster_state
[2016-03-30 14:02:03,054][TRACE][org.elasticsearch.cluster.service] [node_t2] will process [indices_store ([[test][6]] active fully on other nodes)]
[2016-03-30 14:02:03,054][DEBUG][org.elasticsearch.cluster.service] [node_t2] processing [indices_store ([[test][6]] active fully on other nodes)]: execute
[2016-03-30 14:02:03,122][DEBUG][org.elasticsearch.cluster.service] [node_t1] processing [indices_store ([[test][1]] active fully on other nodes)]: took 120ms no change in cluster_state
[2016-03-30 14:02:03,122][TRACE][org.elasticsearch.cluster.service] [node_t1] will process [cluster_health (wait_for_events [LANGUID])]
[2016-03-30 14:02:03,122][DEBUG][org.elasticsearch.cluster.service] [node_t1] processing [cluster_health (wait_for_events [LANGUID])]: execute
[2016-03-30 14:02:03,122][DEBUG][org.elasticsearch.cluster.service] [node_t1] processing [cluster_health (wait_for_events [LANGUID])]: took 0s no change in cluster_state
[2016-03-30 14:02:03,124][TRACE][org.elasticsearch.transport.tracer] [transport_client_node_t2] [3][cluster:monitor/health] received response from [{node_t2}{D8L07SziRtqglEhU0dOiNA}{127.0.0.1}{127.0.0.1:9660}[mode=>network]]
[2016-03-30 14:02:03,124][TRACE][org.elasticsearch.transport.tracer] [transport_client_node_t2] [4][indices:data/read/search] sent to [{node_t2}{D8L07SziRtqglEhU0dOiNA}{127.0.0.1}{127.0.0.1:9660}[mode=>network]] (timeout: [null])
[2016-03-30 14:02:03,136][TRACE][org.elasticsearch.transport.tracer] [transport_client_node_t2] [4][indices:data/read/search] received response from [{node_t2}{D8L07SziRtqglEhU0dOiNA}{127.0.0.1}{127.0.0.1:9660}[mode=>network]]
[2016-03-30 14:02:03,137][TRACE][org.elasticsearch.transport.tracer] [transport_client_node_t2] [5][indices:data/read/search] sent to [{node_t2}{D8L07SziRtqglEhU0dOiNA}{127.0.0.1}{127.0.0.1:9660}[mode=>network]] (timeout: [null])
[2016-03-30 14:02:03,139][TRACE][org.elasticsearch.transport.tracer] [transport_client_node_t2] [5][indices:data/read/search] received response from [{node_t2}{D8L07SziRtqglEhU0dOiNA}{127.0.0.1}{127.0.0.1:9660}[mode=>network]]
[2016-03-30 14:02:03,139][TRACE][org.elasticsearch.transport.tracer] [transport_client_node_t1] [54][indices:data/read/search] sent to [{node_t1}{lk7U_niVSKyTWpmVoV3sIA}{127.0.0.1}{127.0.0.1:9661}[mode=>network]] (timeout: [null])
[2016-03-30 14:02:03,151][TRACE][org.elasticsearch.transport.tracer] [transport_client_node_t1] [54][indices:data/read/search] received response from [{node_t1}{lk7U_niVSKyTWpmVoV3sIA}{127.0.0.1}{127.0.0.1:9661}[mode=>network]]
[2016-03-30 14:02:03,152][TRACE][org.elasticsearch.transport.tracer] [transport_client_node_t1] [55][indices:data/read/search] sent to [{node_t1}{lk7U_niVSKyTWpmVoV3sIA}{127.0.0.1}{127.0.0.1:9661}[mode=>network]] (timeout: [null])
[2016-03-30 14:02:03,163][TRACE][org.elasticsearch.transport.tracer] [transport_client_node_t1] [55][indices:data/read/search] received response from [{node_t1}{lk7U_niVSKyTWpmVoV3sIA}{127.0.0.1}{127.0.0.1:9661}[mode=>network]]
[2016-03-30 14:02:03,163][TRACE][org.elasticsearch.transport.tracer] [transport_client_node_t2] [6][indices:data/read/search] sent to [{node_t2}{D8L07SziRtqglEhU0dOiNA}{127.0.0.1}{127.0.0.1:9660}[mode=>network]] (timeout: [null])
[2016-03-30 14:02:03,164][TRACE][org.elasticsearch.transport.tracer] [transport_client_node_t2] [6][indices:data/read/search] received response from [{node_t2}{D8L07SziRtqglEhU0dOiNA}{127.0.0.1}{127.0.0.1:9660}[mode=>network]]
[2016-03-30 14:02:03,164][TRACE][org.elasticsearch.transport.tracer] [transport_client_node_t1] [56][indices:data/read/search] sent to [{node_t1}{lk7U_niVSKyTWpmVoV3sIA}{127.0.0.1}{127.0.0.1:9661}[mode=>network]] (timeout: [null])
[2016-03-30 14:02:03,166][TRACE][org.elasticsearch.transport.tracer] [transport_client_node_t1] [56][indices:data/read/search] received response from [{node_t1}{lk7U_niVSKyTWpmVoV3sIA}{127.0.0.1}{127.0.0.1:9661}[mode=>network]]
[2016-03-30 14:02:03,166][TRACE][org.elasticsearch.transport.tracer] [transport_client_node_t2] [7][indices:data/read/search] sent to [{node_t2}{D8L07SziRtqglEhU0dOiNA}{127.0.0.1}{127.0.0.1:9660}[mode=>network]] (timeout: [null])
[2016-03-30 14:02:03,167][TRACE][org.elasticsearch.transport.tracer] [transport_client_node_t2] [7][indices:data/read/search] received response from [{node_t2}{D8L07SziRtqglEhU0dOiNA}{127.0.0.1}{127.0.0.1:9660}[mode=>network]]
[2016-03-30 14:02:03,168][TRACE][org.elasticsearch.transport.tracer] [transport_client_node_t1] [57][indices:data/read/search] sent to [{node_t1}{lk7U_niVSKyTWpmVoV3sIA}{127.0.0.1}{127.0.0.1:9661}[mode=>network]] (timeout: [null])
[2016-03-30 14:02:03,169][TRACE][org.elasticsearch.transport.tracer] [transport_client_node_t1] [57][indices:data/read/search] received response from [{node_t1}{lk7U_niVSKyTWpmVoV3sIA}{127.0.0.1}{127.0.0.1:9661}[mode=>network]]
[2016-03-30 14:02:03,169][TRACE][org.elasticsearch.transport.tracer] [transport_client_node_t2] [8][indices:data/read/search] sent to [{node_t2}{D8L07SziRtqglEhU0dOiNA}{127.0.0.1}{127.0.0.1:9660}[mode=>network]] (timeout: [null])
[2016-03-30 14:02:03,189][TRACE][org.elasticsearch.transport.tracer] [transport_client_node_t2] [8][indices:data/read/search] received response from [{node_t2}{D8L07SziRtqglEhU0dOiNA}{127.0.0.1}{127.0.0.1:9660}[mode=>network]]
[2016-03-30 14:02:03,190][TRACE][org.elasticsearch.transport.tracer] [transport_client_node_t2] [9][indices:data/read/search] sent to [{node_t2}{D8L07SziRtqglEhU0dOiNA}{127.0.0.1}{127.0.0.1:9660}[mode=>network]] (timeout: [null])
[2016-03-30 14:02:03,207][TRACE][org.elasticsearch.transport.tracer] [transport_client_node_t2] [9][indices:data/read/search] received response from [{node_t2}{D8L07SziRtqglEhU0dOiNA}{127.0.0.1}{127.0.0.1:9660}[mode=>network]]
[2016-03-30 14:02:03,208][TRACE][org.elasticsearch.transport.tracer] [transport_client_node_t1] [58][cluster:monitor/state] sent to [{node_t1}{lk7U_niVSKyTWpmVoV3sIA}{127.0.0.1}{127.0.0.1:9661}[mode=>network]] (timeout: [null])
[2016-03-30 14:02:03,209][TRACE][org.elasticsearch.transport.tracer] [transport_client_node_t1] [58][cluster:monitor/state] received response from [{node_t1}{lk7U_niVSKyTWpmVoV3sIA}{127.0.0.1}{127.0.0.1:9661}[mode=>network]]
[2016-03-30 14:02:03,272][DEBUG][org.elasticsearch.cluster.service] [node_t2] processing [indices_store ([[test][6]] active fully on other nodes)]: took 213ms no change in cluster_state
[2016-03-30 14:02:03,273][DEBUG][org.elasticsearch.discovery.zen.fd] [node_t2] [master] stopping fault detection against master [{node_t1}{lk7U_niVSKyTWpmVoV3sIA}{127.0.0.1}{127.0.0.1:9661}[mode=>network]], reason [zen disco stop]
[2016-03-30 14:02:03,273][TRACE][org.elasticsearch.cluster.service] [node_t1] will process [zen-disco-node_left({node_t2}{D8L07SziRtqglEhU0dOiNA}{127.0.0.1}{127.0.0.1:9660}[mode=>network])]
[2016-03-30 14:02:03,274][TRACE][org.elasticsearch.discovery.zen.fd] [node_t1] [node  ] [{node_t2}{D8L07SziRtqglEhU0dOiNA}{127.0.0.1}{127.0.0.1:9660}[mode=>network]] transport disconnected
[2016-03-30 14:02:03,275][DEBUG][org.elasticsearch.cluster.service] [node_t1] processing [zen-disco-node_left({node_t2}{D8L07SziRtqglEhU0dOiNA}{127.0.0.1}{127.0.0.1:9660}[mode=>network])]: execute
[2016-03-30 14:02:03,275][WARN ][org.elasticsearch.discovery.zen] [node_t1] not enough master nodes, current nodes: {{node_t1}{lk7U_niVSKyTWpmVoV3sIA}{127.0.0.1}{127.0.0.1:9661}[mode=>network],}
[2016-03-30 14:02:03,276][TRACE][org.elasticsearch.discovery.zen] [node_t1] starting to accumulate joins
[2016-03-30 14:02:03,277][TRACE][org.elasticsearch.discovery.zen] [node_t1] starting to ping
[2016-03-30 14:02:03,277][TRACE][org.elasticsearch.discovery.zen.ping.unicast] [node_t1] [4] sending to {node_t1}{lk7U_niVSKyTWpmVoV3sIA}{127.0.0.1}{127.0.0.1:9661}[mode=>network]
[2016-03-30 14:02:03,277][TRACE][org.elasticsearch.discovery.zen.ping.unicast] [node_t1] [4] connecting to {node_t2}{D8L07SziRtqglEhU0dOiNA}{127.0.0.1}{127.0.0.1:9660}[mode=>network]
[2016-03-30 14:02:03,277][TRACE][org.elasticsearch.discovery.zen.ping.unicast] [node_t1] [4] received response from {node_t1}{lk7U_niVSKyTWpmVoV3sIA}{127.0.0.1}{127.0.0.1:9661}[mode=>network]: [ping_response{node [{node_t1}{lk7U_niVSKyTWpmVoV3sIA}{127.0.0.1}{127.0.0.1:9661}[mode=>network]], id[885], master [{node_t1}{lk7U_niVSKyTWpmVoV3sIA}{127.0.0.1}{127.0.0.1:9661}[mode=>network]], hasJoinedOnce [true], cluster_name[TEST-CHILD_VM=[2]-CLUSTER_SEED=[2858301384796425155]-HASH=[462C14F99751D]-cluster]}, ping_response{node [{node_t1}{lk7U_niVSKyTWpmVoV3sIA}{127.0.0.1}{127.0.0.1:9661}[mode=>network]], id[886], master [{node_t1}{lk7U_niVSKyTWpmVoV3sIA}{127.0.0.1}{127.0.0.1:9661}[mode=>network]], hasJoinedOnce [true], cluster_name[TEST-CHILD_VM=[2]-CLUSTER_SEED=[2858301384796425155]-HASH=[462C14F99751D]-cluster]}]
[2016-03-30 14:02:03,277][TRACE][org.elasticsearch.discovery.zen.ping.unicast] [node_t1] [4] connecting (light) to {#zen_unicast_3#}{127.0.0.1}{127.0.0.1:9662}
[2016-03-30 14:02:03,277][TRACE][org.elasticsearch.discovery.zen.ping.unicast] [node_t1] [4] sending to {node_t1}{lk7U_niVSKyTWpmVoV3sIA}{127.0.0.1}{127.0.0.1:9661}[mode=>network]
[2016-03-30 14:02:03,277][TRACE][org.elasticsearch.discovery.zen.ping.unicast] [node_t1] [4] connecting (light) to {#zen_unicast_5#}{127.0.0.1}{127.0.0.1:9664}
[2016-03-30 14:02:03,277][TRACE][org.elasticsearch.discovery.zen.ping.unicast] [node_t1] [4] connecting (light) to {#zen_unicast_6#}{::1}{[::1]:9660}
[2016-03-30 14:02:03,277][TRACE][org.elasticsearch.discovery.zen.ping.unicast] [node_t1] [4] connecting (light) to {#zen_unicast_8#}{::1}{[::1]:9662}
[2016-03-30 14:02:03,277][TRACE][org.elasticsearch.discovery.zen.ping.unicast] [node_t1] [4] connecting (light) to {#zen_unicast_9#}{::1}{[::1]:9663}
[2016-03-30 14:02:03,277][TRACE][org.elasticsearch.discovery.zen.ping.unicast] [node_t1] [4] connecting to {node_t2}{D8L07SziRtqglEhU0dOiNA}{127.0.0.1}{127.0.0.1:9660}[mode=>network]
[2016-03-30 14:02:03,277][TRACE][org.elasticsearch.discovery.zen.ping.unicast] [node_t1] [4] connecting (light) to {#zen_unicast_4#}{127.0.0.1}{127.0.0.1:9663}
[2016-03-30 14:02:03,277][TRACE][org.elasticsearch.discovery.zen.ping.unicast] [node_t1] [4] connecting (light) to {#zen_unicast_10#}{::1}{[::1]:9664}
[2016-03-30 14:02:03,277][TRACE][org.elasticsearch.discovery.zen.ping.unicast] [node_t1] [4] connecting (light) to {#zen_unicast_7#}{::1}{[::1]:9661}
[2016-03-30 14:02:03,277][TRACE][org.elasticsearch.discovery.zen.ping.unicast] [node_t1] [4] received response from {node_t1}{lk7U_niVSKyTWpmVoV3sIA}{127.0.0.1}{127.0.0.1:9661}[mode=>network]: [ping_response{node [{node_t1}{lk7U_niVSKyTWpmVoV3sIA}{127.0.0.1}{127.0.0.1:9661}[mode=>network]], id[885], master [{node_t1}{lk7U_niVSKyTWpmVoV3sIA}{127.0.0.1}{127.0.0.1:9661}[mode=>network]], hasJoinedOnce [true], cluster_name[TEST-CHILD_VM=[2]-CLUSTER_SEED=[2858301384796425155]-HASH=[462C14F99751D]-cluster]}, ping_response{node [{node_t1}{lk7U_niVSKyTWpmVoV3sIA}{127.0.0.1}{127.0.0.1:9661}[mode=>network]], id[885], master [{node_t1}{lk7U_niVSKyTWpmVoV3sIA}{127.0.0.1}{127.0.0.1:9661}[mode=>network]], hasJoinedOnce [true], cluster_name[TEST-CHILD_VM=[2]-CLUSTER_SEED=[2858301384796425155]-HASH=[462C14F99751D]-cluster]}, ping_response{node [{node_t1}{lk7U_niVSKyTWpmVoV3sIA}{127.0.0.1}{127.0.0.1:9661}[mode=>network]], id[887], master [{node_t1}{lk7U_niVSKyTWpmVoV3sIA}{127.0.0.1}{127.0.0.1:9661}[mode=>network]], hasJoinedOnce [true], cluster_name[TEST-CHILD_VM=[2]-CLUSTER_SEED=[2858301384796425155]-HASH=[462C14F99751D]-cluster]}]
[2016-03-30 14:02:03,278][TRACE][org.elasticsearch.discovery.zen.ping.unicast] [node_t1] [4] failed to connect to {#zen_unicast_6#}{::1}{[::1]:9660}
ConnectTransportException[[][[::1]:9660] connect_timeout[30s]]; nested: ConnectException[Connection refused: /0:0:0:0:0:0:0:1:9660];
	at org.elasticsearch.transport.netty.NettyTransport.connectToChannelsLight(NettyTransport.java:948)
	at org.elasticsearch.transport.netty.NettyTransport.connectToNode(NettyTransport.java:912)
	at org.elasticsearch.transport.netty.NettyTransport.connectToNodeLight(NettyTransport.java:884)
	at org.elasticsearch.test.transport.MockTransportService$LookupTestTransport.connectToNodeLight(MockTransportService.java:412)
	at org.elasticsearch.transport.TransportService.connectToNodeLight(TransportService.java:250)
	at org.elasticsearch.discovery.zen.ping.unicast.UnicastZenPing$3.run(UnicastZenPing.java:395)
	at java.util.concurrent.ThreadPoolExecutor.runWorker(ThreadPoolExecutor.java:1142)
	at java.util.concurrent.ThreadPoolExecutor$Worker.run(ThreadPoolExecutor.java:617)
	at java.lang.Thread.run(Thread.java:745)
Caused by: java.net.ConnectException: Connection refused: /0:0:0:0:0:0:0:1:9660
	at sun.nio.ch.SocketChannelImpl.checkConnect(Native Method)
	at sun.nio.ch.SocketChannelImpl.finishConnect(SocketChannelImpl.java:717)
	at org.jboss.netty.channel.socket.nio.NioClientBoss.connect(NioClientBoss.java:152)
	at org.jboss.netty.channel.socket.nio.NioClientBoss.processSelectedKeys(NioClientBoss.java:105)
	at org.jboss.netty.channel.socket.nio.NioClientBoss.process(NioClientBoss.java:79)
	at org.jboss.netty.channel.socket.nio.AbstractNioSelector.run(AbstractNioSelector.java:337)
	at org.jboss.netty.channel.socket.nio.NioClientBoss.run(NioClientBoss.java:42)
	at org.jboss.netty.util.ThreadRenamingRunnable.run(ThreadRenamingRunnable.java:108)
	at org.jboss.netty.util.internal.DeadLockProofWorker$1.run(DeadLockProofWorker.java:42)
	... 3 more
[2016-03-30 14:02:03,278][TRACE][org.elasticsearch.discovery.zen.ping.unicast] [node_t1] [4] failed to connect to {#zen_unicast_3#}{127.0.0.1}{127.0.0.1:9662}
ConnectTransportException[[][127.0.0.1:9662] connect_timeout[30s]]; nested: ConnectException[Connection refused: /127.0.0.1:9662];
	at org.elasticsearch.transport.netty.NettyTransport.connectToChannelsLight(NettyTransport.java:948)
	at org.elasticsearch.transport.netty.NettyTransport.connectToNode(NettyTransport.java:912)
	at org.elasticsearch.transport.netty.NettyTransport.connectToNodeLight(NettyTransport.java:884)
	at org.elasticsearch.test.transport.MockTransportService$LookupTestTransport.connectToNodeLight(MockTransportService.java:412)
	at org.elasticsearch.transport.TransportService.connectToNodeLight(TransportService.java:250)
	at org.elasticsearch.discovery.zen.ping.unicast.UnicastZenPing$3.run(UnicastZenPing.java:395)
	at java.util.concurrent.ThreadPoolExecutor.runWorker(ThreadPoolExecutor.java:1142)
	at java.util.concurrent.ThreadPoolExecutor$Worker.run(ThreadPoolExecutor.java:617)
	at java.lang.Thread.run(Thread.java:745)
Caused by: java.net.ConnectException: Connection refused: /127.0.0.1:9662
	at sun.nio.ch.SocketChannelImpl.checkConnect(Native Method)
	at sun.nio.ch.SocketChannelImpl.finishConnect(SocketChannelImpl.java:717)
	at org.jboss.netty.channel.socket.nio.NioClientBoss.connect(NioClientBoss.java:152)
	at org.jboss.netty.channel.socket.nio.NioClientBoss.processSelectedKeys(NioClientBoss.java:105)
	at org.jboss.netty.channel.socket.nio.NioClientBoss.process(NioClientBoss.java:79)
	at org.jboss.netty.channel.socket.nio.AbstractNioSelector.run(AbstractNioSelector.java:337)
	at org.jboss.netty.channel.socket.nio.NioClientBoss.run(NioClientBoss.java:42)
	at org.jboss.netty.util.ThreadRenamingRunnable.run(ThreadRenamingRunnable.java:108)
	at org.jboss.netty.util.internal.DeadLockProofWorker$1.run(DeadLockProofWorker.java:42)
	... 3 more
[2016-03-30 14:02:03,279][TRACE][org.elasticsearch.discovery.zen.ping.unicast] [node_t1] [4] failed to connect to {#zen_unicast_5#}{127.0.0.1}{127.0.0.1:9664}
ConnectTransportException[[][127.0.0.1:9664] connect_timeout[30s]]; nested: ConnectException[Connection refused: /127.0.0.1:9664];
	at org.elasticsearch.transport.netty.NettyTransport.connectToChannelsLight(NettyTransport.java:948)
	at org.elasticsearch.transport.netty.NettyTransport.connectToNode(NettyTransport.java:912)
	at org.elasticsearch.transport.netty.NettyTransport.connectToNodeLight(NettyTransport.java:884)
	at org.elasticsearch.test.transport.MockTransportService$LookupTestTransport.connectToNodeLight(MockTransportService.java:412)
	at org.elasticsearch.transport.TransportService.connectToNodeLight(TransportService.java:250)
	at org.elasticsearch.discovery.zen.ping.unicast.UnicastZenPing$3.run(UnicastZenPing.java:395)
	at java.util.concurrent.ThreadPoolExecutor.runWorker(ThreadPoolExecutor.java:1142)
	at java.util.concurrent.ThreadPoolExecutor$Worker.run(ThreadPoolExecutor.java:617)
	at java.lang.Thread.run(Thread.java:745)
Caused by: java.net.ConnectException: Connection refused: /127.0.0.1:9664
	at sun.nio.ch.SocketChannelImpl.checkConnect(Native Method)
	at sun.nio.ch.SocketChannelImpl.finishConnect(SocketChannelImpl.java:717)
	at org.jboss.netty.channel.socket.nio.NioClientBoss.connect(NioClientBoss.java:152)
	at org.jboss.netty.channel.socket.nio.NioClientBoss.processSelectedKeys(NioClientBoss.java:105)
	at org.jboss.netty.channel.socket.nio.NioClientBoss.process(NioClientBoss.java:79)
	at org.jboss.netty.channel.socket.nio.AbstractNioSelector.run(AbstractNioSelector.java:337)
	at org.jboss.netty.channel.socket.nio.NioClientBoss.run(NioClientBoss.java:42)
	at org.jboss.netty.util.ThreadRenamingRunnable.run(ThreadRenamingRunnable.java:108)
	at org.jboss.netty.util.internal.DeadLockProofWorker$1.run(DeadLockProofWorker.java:42)
	... 3 more
[2016-03-30 14:02:03,279][TRACE][org.elasticsearch.discovery.zen.ping.unicast] [node_t1] [4] failed to connect to {#zen_unicast_9#}{::1}{[::1]:9663}
ConnectTransportException[[][[::1]:9663] connect_timeout[30s]]; nested: ConnectException[Connection refused: /0:0:0:0:0:0:0:1:9663];
	at org.elasticsearch.transport.netty.NettyTransport.connectToChannelsLight(NettyTransport.java:948)
	at org.elasticsearch.transport.netty.NettyTransport.connectToNode(NettyTransport.java:912)
	at org.elasticsearch.transport.netty.NettyTransport.connectToNodeLight(NettyTransport.java:884)
	at org.elasticsearch.test.transport.MockTransportService$LookupTestTransport.connectToNodeLight(MockTransportService.java:412)
	at org.elasticsearch.transport.TransportService.connectToNodeLight(TransportService.java:250)
	at org.elasticsearch.discovery.zen.ping.unicast.UnicastZenPing$3.run(UnicastZenPing.java:395)
	at java.util.concurrent.ThreadPoolExecutor.runWorker(ThreadPoolExecutor.java:1142)
	at java.util.concurrent.ThreadPoolExecutor$Worker.run(ThreadPoolExecutor.java:617)
	at java.lang.Thread.run(Thread.java:745)
Caused by: java.net.ConnectException: Connection refused: /0:0:0:0:0:0:0:1:9663
	at sun.nio.ch.SocketChannelImpl.checkConnect(Native Method)
	at sun.nio.ch.SocketChannelImpl.finishConnect(SocketChannelImpl.java:717)
	at org.jboss.netty.channel.socket.nio.NioClientBoss.connect(NioClientBoss.java:152)
	at org.jboss.netty.channel.socket.nio.NioClientBoss.processSelectedKeys(NioClientBoss.java:105)
	at org.jboss.netty.channel.socket.nio.NioClientBoss.process(NioClientBoss.java:79)
	at org.jboss.netty.channel.socket.nio.AbstractNioSelector.run(AbstractNioSelector.java:337)
	at org.jboss.netty.channel.socket.nio.NioClientBoss.run(NioClientBoss.java:42)
	at org.jboss.netty.util.ThreadRenamingRunnable.run(ThreadRenamingRunnable.java:108)
	at org.jboss.netty.util.internal.DeadLockProofWorker$1.run(DeadLockProofWorker.java:42)
	... 3 more
[2016-03-30 14:02:03,279][TRACE][org.elasticsearch.discovery.zen.ping.unicast] [node_t1] [4] failed to connect to {#zen_unicast_10#}{::1}{[::1]:9664}
ConnectTransportException[[][[::1]:9664] connect_timeout[30s]]; nested: ConnectException[Connection refused: /0:0:0:0:0:0:0:1:9664];
	at org.elasticsearch.transport.netty.NettyTransport.connectToChannelsLight(NettyTransport.java:948)
	at org.elasticsearch.transport.netty.NettyTransport.connectToNode(NettyTransport.java:912)
	at org.elasticsearch.transport.netty.NettyTransport.connectToNodeLight(NettyTransport.java:884)
	at org.elasticsearch.test.transport.MockTransportService$LookupTestTransport.connectToNodeLight(MockTransportService.java:412)
	at org.elasticsearch.transport.TransportService.connectToNodeLight(TransportService.java:250)
	at org.elasticsearch.discovery.zen.ping.unicast.UnicastZenPing$3.run(UnicastZenPing.java:395)
	at java.util.concurrent.ThreadPoolExecutor.runWorker(ThreadPoolExecutor.java:1142)
	at java.util.concurrent.ThreadPoolExecutor$Worker.run(ThreadPoolExecutor.java:617)
	at java.lang.Thread.run(Thread.java:745)
Caused by: java.net.ConnectException: Connection refused: /0:0:0:0:0:0:0:1:9664
	at sun.nio.ch.SocketChannelImpl.checkConnect(Native Method)
	at sun.nio.ch.SocketChannelImpl.finishConnect(SocketChannelImpl.java:717)
	at org.jboss.netty.channel.socket.nio.NioClientBoss.connect(NioClientBoss.java:152)
	at org.jboss.netty.channel.socket.nio.NioClientBoss.processSelectedKeys(NioClientBoss.java:105)
	at org.jboss.netty.channel.socket.nio.NioClientBoss.process(NioClientBoss.java:79)
	at org.jboss.netty.channel.socket.nio.AbstractNioSelector.run(AbstractNioSelector.java:337)
	at org.jboss.netty.channel.socket.nio.NioClientBoss.run(NioClientBoss.java:42)
	at org.jboss.netty.util.ThreadRenamingRunnable.run(ThreadRenamingRunnable.java:108)
	at org.jboss.netty.util.internal.DeadLockProofWorker$1.run(DeadLockProofWorker.java:42)
	... 3 more
[2016-03-30 14:02:03,279][TRACE][org.elasticsearch.discovery.zen.ping.unicast] [node_t1] [4] failed to connect to {node_t2}{D8L07SziRtqglEhU0dOiNA}{127.0.0.1}{127.0.0.1:9660}[mode=>network]
ConnectTransportException[[node_t2][127.0.0.1:9660] connect_timeout[30s]]; nested: ConnectException[Connection refused: /127.0.0.1:9660];
	at org.elasticsearch.transport.netty.NettyTransport.connectToChannels(NettyTransport.java:983)
	at org.elasticsearch.transport.netty.NettyTransport.connectToNode(NettyTransport.java:916)
	at org.elasticsearch.transport.netty.NettyTransport.connectToNode(NettyTransport.java:889)
	at org.elasticsearch.test.transport.MockTransportService$LookupTestTransport.connectToNode(MockTransportService.java:407)
	at org.elasticsearch.transport.TransportService.connectToNode(TransportService.java:243)
	at org.elasticsearch.discovery.zen.ping.unicast.UnicastZenPing$3.run(UnicastZenPing.java:398)
	at java.util.concurrent.ThreadPoolExecutor.runWorker(ThreadPoolExecutor.java:1142)
	at java.util.concurrent.ThreadPoolExecutor$Worker.run(ThreadPoolExecutor.java:617)
	at java.lang.Thread.run(Thread.java:745)
Caused by: java.net.ConnectException: Connection refused: /127.0.0.1:9660
	at sun.nio.ch.SocketChannelImpl.checkConnect(Native Method)
	at sun.nio.ch.SocketChannelImpl.finishConnect(SocketChannelImpl.java:717)
	at org.jboss.netty.channel.socket.nio.NioClientBoss.connect(NioClientBoss.java:152)
	at org.jboss.netty.channel.socket.nio.NioClientBoss.processSelectedKeys(NioClientBoss.java:105)
	at org.jboss.netty.channel.socket.nio.NioClientBoss.process(NioClientBoss.java:79)
	at org.jboss.netty.channel.socket.nio.AbstractNioSelector.run(AbstractNioSelector.java:337)
	at org.jboss.netty.channel.socket.nio.NioClientBoss.run(NioClientBoss.java:42)
	at org.jboss.netty.util.ThreadRenamingRunnable.run(ThreadRenamingRunnable.java:108)
	at org.jboss.netty.util.internal.DeadLockProofWorker$1.run(DeadLockProofWorker.java:42)
	... 3 more
[2016-03-30 14:02:03,279][TRACE][org.elasticsearch.cluster.service] [node_t1] cluster state updated, source [zen-disco-node_left({node_t2}{D8L07SziRtqglEhU0dOiNA}{127.0.0.1}{127.0.0.1:9660}[mode=>network])]
version: 10
state uuid: 8HOMCiRnQqy46rgd2-fYNA
from_diff: false
meta data version: 6
blocks: 
   _global_:
      2,no master, blocks WRITE,METADATA_WRITE
nodes: 
   {node_t1}{lk7U_niVSKyTWpmVoV3sIA}{127.0.0.1}{127.0.0.1:9661}[mode=>network], local
routing_table (version 8):
-- index [test]
----shard_id [test][0]
--------[test][0], node[lk7U_niVSKyTWpmVoV3sIA], [P], v[2], s[STARTED], a[id=uC3ewIfZRDW-4Ye1pl4ULw]
----shard_id [test][1]
--------[test][1], node[D8L07SziRtqglEhU0dOiNA], [P], v[4], s[STARTED], a[id=-DkrkBluSumfel6UqU1A8A]
----shard_id [test][2]
--------[test][2], node[lk7U_niVSKyTWpmVoV3sIA], [P], v[2], s[STARTED], a[id=aldfZzscRt6PWb38x5_cjA]
----shard_id [test][3]
--------[test][3], node[D8L07SziRtqglEhU0dOiNA], [P], v[4], s[STARTED], a[id=J-H0aUGsQSGAL77vJG85_g]
----shard_id [test][4]
--------[test][4], node[lk7U_niVSKyTWpmVoV3sIA], [P], v[2], s[STARTED], a[id=7dKyNkRvT0WKMiTTjDRO4A]
----shard_id [test][5]
--------[test][5], node[D8L07SziRtqglEhU0dOiNA], [P], v[4], s[STARTED], a[id=R7TzP3mnTOSq3iJxHgqpRQ]
----shard_id [test][6]
--------[test][6], node[lk7U_niVSKyTWpmVoV3sIA], [P], v[2], s[STARTED], a[id=RFLG2DrFRBCCZsSxxCrbog]
----shard_id [test][7]
--------[test][7], node[D8L07SziRtqglEhU0dOiNA], [P], v[4], s[STARTED], a[id=cPd2tOOJS4aJ_7P9-xS3dg]

routing_nodes:
-----node_id[D8L07SziRtqglEhU0dOiNA][X]
--------[test][5], node[D8L07SziRtqglEhU0dOiNA], [P], v[4], s[STARTED], a[id=R7TzP3mnTOSq3iJxHgqpRQ]
--------[test][7], node[D8L07SziRtqglEhU0dOiNA], [P], v[4], s[STARTED], a[id=cPd2tOOJS4aJ_7P9-xS3dg]
--------[test][3], node[D8L07SziRtqglEhU0dOiNA], [P], v[4], s[STARTED], a[id=J-H0aUGsQSGAL77vJG85_g]
--------[test][1], node[D8L07SziRtqglEhU0dOiNA], [P], v[4], s[STARTED], a[id=-DkrkBluSumfel6UqU1A8A]
-----node_id[lk7U_niVSKyTWpmVoV3sIA][V]
--------[test][2], node[lk7U_niVSKyTWpmVoV3sIA], [P], v[2], s[STARTED], a[id=aldfZzscRt6PWb38x5_cjA]
--------[test][4], node[lk7U_niVSKyTWpmVoV3sIA], [P], v[2], s[STARTED], a[id=7dKyNkRvT0WKMiTTjDRO4A]
--------[test][6], node[lk7U_niVSKyTWpmVoV3sIA], [P], v[2], s[STARTED], a[id=RFLG2DrFRBCCZsSxxCrbog]
--------[test][0], node[lk7U_niVSKyTWpmVoV3sIA], [P], v[2], s[STARTED], a[id=uC3ewIfZRDW-4Ye1pl4ULw]
---- unassigned

[2016-03-30 14:02:03,279][TRACE][org.elasticsearch.discovery.zen.ping.unicast] [node_t1] [4] failed to connect to {#zen_unicast_4#}{127.0.0.1}{127.0.0.1:9663}
ConnectTransportException[[][127.0.0.1:9663] connect_timeout[30s]]; nested: ConnectException[Connection refused: /127.0.0.1:9663];
	at org.elasticsearch.transport.netty.NettyTransport.connectToChannelsLight(NettyTransport.java:948)
	at org.elasticsearch.transport.netty.NettyTransport.connectToNode(NettyTransport.java:912)
	at org.elasticsearch.transport.netty.NettyTransport.connectToNodeLight(NettyTransport.java:884)
	at org.elasticsearch.test.transport.MockTransportService$LookupTestTransport.connectToNodeLight(MockTransportService.java:412)
	at org.elasticsearch.transport.TransportService.connectToNodeLight(TransportService.java:250)
	at org.elasticsearch.discovery.zen.ping.unicast.UnicastZenPing$3.run(UnicastZenPing.java:395)
	at java.util.concurrent.ThreadPoolExecutor.runWorker(ThreadPoolExecutor.java:1142)
	at java.util.concurrent.ThreadPoolExecutor$Worker.run(ThreadPoolExecutor.java:617)
	at java.lang.Thread.run(Thread.java:745)
Caused by: java.net.ConnectException: Connection refused: /127.0.0.1:9663
	at sun.nio.ch.SocketChannelImpl.checkConnect(Native Method)
	at sun.nio.ch.SocketChannelImpl.finishConnect(SocketChannelImpl.java:717)
	at org.jboss.netty.channel.socket.nio.NioClientBoss.connect(NioClientBoss.java:152)
	at org.jboss.netty.channel.socket.nio.NioClientBoss.processSelectedKeys(NioClientBoss.java:105)
	at org.jboss.netty.channel.socket.nio.NioClientBoss.process(NioClientBoss.java:79)
	at org.jboss.netty.channel.socket.nio.AbstractNioSelector.run(AbstractNioSelector.java:337)
	at org.jboss.netty.channel.socket.nio.NioClientBoss.run(NioClientBoss.java:42)
	at org.jboss.netty.util.ThreadRenamingRunnable.run(ThreadRenamingRunnable.java:108)
	at org.jboss.netty.util.internal.DeadLockProofWorker$1.run(DeadLockProofWorker.java:42)
	... 3 more
[2016-03-30 14:02:03,279][TRACE][org.elasticsearch.discovery.zen.ping.unicast] [node_t1] [4] connected to {#zen_unicast_7#}{::1}{[::1]:9661}
[2016-03-30 14:02:03,311][TRACE][org.elasticsearch.discovery.zen.ping.unicast] [node_t1] [4] sending to {#zen_unicast_7#}{::1}{[::1]:9661}
[2016-03-30 14:02:03,279][TRACE][org.elasticsearch.discovery.zen.ping.unicast] [node_t1] [4] failed to connect to {#zen_unicast_8#}{::1}{[::1]:9662}
ConnectTransportException[[][[::1]:9662] connect_timeout[30s]]; nested: ConnectException[Connection refused: /0:0:0:0:0:0:0:1:9662];
	at org.elasticsearch.transport.netty.NettyTransport.connectToChannelsLight(NettyTransport.java:948)
	at org.elasticsearch.transport.netty.NettyTransport.connectToNode(NettyTransport.java:912)
	at org.elasticsearch.transport.netty.NettyTransport.connectToNodeLight(NettyTransport.java:884)
	at org.elasticsearch.test.transport.MockTransportService$LookupTestTransport.connectToNodeLight(MockTransportService.java:412)
	at org.elasticsearch.transport.TransportService.connectToNodeLight(TransportService.java:250)
	at org.elasticsearch.discovery.zen.ping.unicast.UnicastZenPing$3.run(UnicastZenPing.java:395)
	at java.util.concurrent.ThreadPoolExecutor.runWorker(ThreadPoolExecutor.java:1142)
	at java.util.concurrent.ThreadPoolExecutor$Worker.run(ThreadPoolExecutor.java:617)
	at java.lang.Thread.run(Thread.java:745)
Caused by: java.net.ConnectException: Connection refused: /0:0:0:0:0:0:0:1:9662
	at sun.nio.ch.SocketChannelImpl.checkConnect(Native Method)
	at sun.nio.ch.SocketChannelImpl.finishConnect(SocketChannelImpl.java:717)
	at org.jboss.netty.channel.socket.nio.NioClientBoss.connect(NioClientBoss.java:152)
	at org.jboss.netty.channel.socket.nio.NioClientBoss.processSelectedKeys(NioClientBoss.java:105)
	at org.jboss.netty.channel.socket.nio.NioClientBoss.process(NioClientBoss.java:79)
	at org.jboss.netty.channel.socket.nio.AbstractNioSelector.run(AbstractNioSelector.java:337)
	at org.jboss.netty.channel.socket.nio.NioClientBoss.run(NioClientBoss.java:42)
	at org.jboss.netty.util.ThreadRenamingRunnable.run(ThreadRenamingRunnable.java:108)
	at org.jboss.netty.util.internal.DeadLockProofWorker$1.run(DeadLockProofWorker.java:42)
	... 3 more
[2016-03-30 14:02:03,310][INFO ][org.elasticsearch.cluster.service] [node_t1] removed {{node_t2}{D8L07SziRtqglEhU0dOiNA}{127.0.0.1}{127.0.0.1:9660}[mode=>network],}, reason: zen-disco-node_left({node_t2}{D8L07SziRtqglEhU0dOiNA}{127.0.0.1}{127.0.0.1:9660}[mode=>network])
[2016-03-30 14:02:03,310][TRACE][org.elasticsearch.discovery.zen.ping.unicast] [node_t1] [4] failed to connect to {node_t2}{D8L07SziRtqglEhU0dOiNA}{127.0.0.1}{127.0.0.1:9660}[mode=>network]
ConnectTransportException[[node_t2][127.0.0.1:9660] connect_timeout[30s]]; nested: ConnectException[Connection refused: /127.0.0.1:9660];
	at org.elasticsearch.transport.netty.NettyTransport.connectToChannels(NettyTransport.java:983)
	at org.elasticsearch.transport.netty.NettyTransport.connectToNode(NettyTransport.java:916)
	at org.elasticsearch.transport.netty.NettyTransport.connectToNode(NettyTransport.java:889)
	at org.elasticsearch.test.transport.MockTransportService$LookupTestTransport.connectToNode(MockTransportService.java:407)
	at org.elasticsearch.transport.TransportService.connectToNode(TransportService.java:243)
	at org.elasticsearch.discovery.zen.ping.unicast.UnicastZenPing$3.run(UnicastZenPing.java:398)
	at java.util.concurrent.ThreadPoolExecutor.runWorker(ThreadPoolExecutor.java:1142)
	at java.util.concurrent.ThreadPoolExecutor$Worker.run(ThreadPoolExecutor.java:617)
	at java.lang.Thread.run(Thread.java:745)
Caused by: java.net.ConnectException: Connection refused: /127.0.0.1:9660
	at sun.nio.ch.SocketChannelImpl.checkConnect(Native Method)
	at sun.nio.ch.SocketChannelImpl.finishConnect(SocketChannelImpl.java:717)
	at org.jboss.netty.channel.socket.nio.NioClientBoss.connect(NioClientBoss.java:152)
	at org.jboss.netty.channel.socket.nio.NioClientBoss.processSelectedKeys(NioClientBoss.java:105)
	at org.jboss.netty.channel.socket.nio.NioClientBoss.process(NioClientBoss.java:79)
	at org.jboss.netty.channel.socket.nio.AbstractNioSelector.run(AbstractNioSelector.java:337)
	at org.jboss.netty.channel.socket.nio.NioClientBoss.run(NioClientBoss.java:42)
	at org.jboss.netty.util.ThreadRenamingRunnable.run(ThreadRenamingRunnable.java:108)
	at org.jboss.netty.util.internal.DeadLockProofWorker$1.run(DeadLockProofWorker.java:42)
	... 3 more
[2016-03-30 14:02:03,312][DEBUG][org.elasticsearch.cluster.service] [node_t1] set local cluster state to version 10
[2016-03-30 14:02:03,311][TRACE][org.elasticsearch.discovery.zen.ping.unicast] [node_t1] [4] received response from {#zen_unicast_7#}{::1}{[::1]:9661}: [ping_response{node [{node_t1}{lk7U_niVSKyTWpmVoV3sIA}{127.0.0.1}{127.0.0.1:9661}[mode=>network]], id[885], master [{node_t1}{lk7U_niVSKyTWpmVoV3sIA}{127.0.0.1}{127.0.0.1:9661}[mode=>network]], hasJoinedOnce [true], cluster_name[TEST-CHILD_VM=[2]-CLUSTER_SEED=[2858301384796425155]-HASH=[462C14F99751D]-cluster]}, ping_response{node [{node_t1}{lk7U_niVSKyTWpmVoV3sIA}{127.0.0.1}{127.0.0.1:9661}[mode=>network]], id[885], master [{node_t1}{lk7U_niVSKyTWpmVoV3sIA}{127.0.0.1}{127.0.0.1:9661}[mode=>network]], hasJoinedOnce [true], cluster_name[TEST-CHILD_VM=[2]-CLUSTER_SEED=[2858301384796425155]-HASH=[462C14F99751D]-cluster]}, ping_response{node [{node_t1}{lk7U_niVSKyTWpmVoV3sIA}{127.0.0.1}{127.0.0.1:9661}[mode=>network]], id[885], master [{node_t1}{lk7U_niVSKyTWpmVoV3sIA}{127.0.0.1}{127.0.0.1:9661}[mode=>network]], hasJoinedOnce [true], cluster_name[TEST-CHILD_VM=[2]-CLUSTER_SEED=[2858301384796425155]-HASH=[462C14F99751D]-cluster]}, ping_response{node [{node_t1}{lk7U_niVSKyTWpmVoV3sIA}{127.0.0.1}{127.0.0.1:9661}[mode=>network]], id[888], master [{node_t1}{lk7U_niVSKyTWpmVoV3sIA}{127.0.0.1}{127.0.0.1:9661}[mode=>network]], hasJoinedOnce [true], cluster_name[TEST-CHILD_VM=[2]-CLUSTER_SEED=[2858301384796425155]-HASH=[462C14F99751D]-cluster]}]
[2016-03-30 14:02:03,324][DEBUG][org.elasticsearch.cluster.service] [node_t1] processing [zen-disco-node_left({node_t2}{D8L07SziRtqglEhU0dOiNA}{127.0.0.1}{127.0.0.1:9660}[mode=>network])]: took 48ms done applying updated cluster_state (version: 10, uuid: 8HOMCiRnQqy46rgd2-fYNA)
[2016-03-30 14:02:03,324][TRACE][org.elasticsearch.cluster.service] [node_t1] will process [zen-disco-node_failed({node_t2}{D8L07SziRtqglEhU0dOiNA}{127.0.0.1}{127.0.0.1:9660}[mode=>network]), reason transport disconnected]
[2016-03-30 14:02:03,324][DEBUG][org.elasticsearch.cluster.service] [node_t1] processing [zen-disco-node_failed({node_t2}{D8L07SziRtqglEhU0dOiNA}{127.0.0.1}{127.0.0.1:9660}[mode=>network]), reason transport disconnected]: execute
[2016-03-30 14:02:03,324][DEBUG][org.elasticsearch.cluster.service] [node_t1] failing [zen-disco-node_failed({node_t2}{D8L07SziRtqglEhU0dOiNA}{127.0.0.1}{127.0.0.1:9660}[mode=>network]), reason transport disconnected]: local node is no longer master
[2016-03-30 14:02:03,378][TRACE][org.elasticsearch.discovery.zen.ping.unicast] [node_t1] [4] connecting (light) to {#zen_unicast_1#}{127.0.0.1}{127.0.0.1:9660}
[2016-03-30 14:02:03,378][TRACE][org.elasticsearch.discovery.zen.ping.unicast] [node_t1] [4] sending to {node_t1}{lk7U_niVSKyTWpmVoV3sIA}{127.0.0.1}{127.0.0.1:9661}[mode=>network]
[2016-03-30 14:02:03,379][TRACE][org.elasticsearch.discovery.zen.ping.unicast] [node_t1] [4] received response from {node_t1}{lk7U_niVSKyTWpmVoV3sIA}{127.0.0.1}{127.0.0.1:9661}[mode=>network]: [ping_response{node [{node_t1}{lk7U_niVSKyTWpmVoV3sIA}{127.0.0.1}{127.0.0.1:9661}[mode=>network]], id[885], master [{node_t1}{lk7U_niVSKyTWpmVoV3sIA}{127.0.0.1}{127.0.0.1:9661}[mode=>network]], hasJoinedOnce [true], cluster_name[TEST-CHILD_VM=[2]-CLUSTER_SEED=[2858301384796425155]-HASH=[462C14F99751D]-cluster]}, ping_response{node [{node_t1}{lk7U_niVSKyTWpmVoV3sIA}{127.0.0.1}{127.0.0.1:9661}[mode=>network]], id[885], master [{node_t1}{lk7U_niVSKyTWpmVoV3sIA}{127.0.0.1}{127.0.0.1:9661}[mode=>network]], hasJoinedOnce [true], cluster_name[TEST-CHILD_VM=[2]-CLUSTER_SEED=[2858301384796425155]-HASH=[462C14F99751D]-cluster]}, ping_response{node [{node_t1}{lk7U_niVSKyTWpmVoV3sIA}{127.0.0.1}{127.0.0.1:9661}[mode=>network]], id[885], master [{node_t1}{lk7U_niVSKyTWpmVoV3sIA}{127.0.0.1}{127.0.0.1:9661}[mode=>network]], hasJoinedOnce [true], cluster_name[TEST-CHILD_VM=[2]-CLUSTER_SEED=[2858301384796425155]-HASH=[462C14F99751D]-cluster]}, ping_response{node [{node_t1}{lk7U_niVSKyTWpmVoV3sIA}{127.0.0.1}{127.0.0.1:9661}[mode=>network]], id[889], master [null], hasJoinedOnce [true], cluster_name[TEST-CHILD_VM=[2]-CLUSTER_SEED=[2858301384796425155]-HASH=[462C14F99751D]-cluster]}, ping_response{node [{node_t1}{lk7U_niVSKyTWpmVoV3sIA}{127.0.0.1}{127.0.0.1:9661}[mode=>network]], id[890], master [null], hasJoinedOnce [true], cluster_name[TEST-CHILD_VM=[2]-CLUSTER_SEED=[2858301384796425155]-HASH=[462C14F99751D]-cluster]}]
[2016-03-30 14:02:03,379][TRACE][org.elasticsearch.discovery.zen.ping.unicast] [node_t1] [4] connecting (light) to {#zen_unicast_3#}{127.0.0.1}{127.0.0.1:9662}
[2016-03-30 14:02:03,379][TRACE][org.elasticsearch.discovery.zen.ping.unicast] [node_t1] [4] sending to {#zen_unicast_7#}{::1}{[::1]:9661}
[2016-03-30 14:02:03,379][TRACE][org.elasticsearch.discovery.zen.ping.unicast] [node_t1] [4] connecting (light) to {#zen_unicast_5#}{127.0.0.1}{127.0.0.1:9664}
[2016-03-30 14:02:03,379][TRACE][org.elasticsearch.discovery.zen.ping.unicast] [node_t1] [4] connecting (light) to {#zen_unicast_6#}{::1}{[::1]:9660}
[2016-03-30 14:02:03,379][TRACE][org.elasticsearch.discovery.zen.ping.unicast] [node_t1] [4] sending to {node_t1}{lk7U_niVSKyTWpmVoV3sIA}{127.0.0.1}{127.0.0.1:9661}[mode=>network]
[2016-03-30 14:02:03,379][TRACE][org.elasticsearch.discovery.zen.ping.unicast] [node_t1] [4] failed to connect to {#zen_unicast_1#}{127.0.0.1}{127.0.0.1:9660}
ConnectTransportException[[][127.0.0.1:9660] connect_timeout[30s]]; nested: ConnectException[Connection refused: /127.0.0.1:9660];
	at org.elasticsearch.transport.netty.NettyTransport.connectToChannelsLight(NettyTransport.java:948)
	at org.elasticsearch.transport.netty.NettyTransport.connectToNode(NettyTransport.java:912)
	at org.elasticsearch.transport.netty.NettyTransport.connectToNodeLight(NettyTransport.java:884)
	at org.elasticsearch.test.transport.MockTransportService$LookupTestTransport.connectToNodeLight(MockTransportService.java:412)
	at org.elasticsearch.transport.TransportService.connectToNodeLight(TransportService.java:250)
	at org.elasticsearch.discovery.zen.ping.unicast.UnicastZenPing$3.run(UnicastZenPing.java:395)
	at java.util.concurrent.ThreadPoolExecutor.runWorker(ThreadPoolExecutor.java:1142)
	at java.util.concurrent.ThreadPoolExecutor$Worker.run(ThreadPoolExecutor.java:617)
	at java.lang.Thread.run(Thread.java:745)
Caused by: java.net.ConnectException: Connection refused: /127.0.0.1:9660
	at sun.nio.ch.SocketChannelImpl.checkConnect(Native Method)
	at sun.nio.ch.SocketChannelImpl.finishConnect(SocketChannelImpl.java:717)
	at org.jboss.netty.channel.socket.nio.NioClientBoss.connect(NioClientBoss.java:152)
	at org.jboss.netty.channel.socket.nio.NioClientBoss.processSelectedKeys(NioClientBoss.java:105)
	at org.jboss.netty.channel.socket.nio.NioClientBoss.process(NioClientBoss.java:79)
	at org.jboss.netty.channel.socket.nio.AbstractNioSelector.run(AbstractNioSelector.java:337)
	at org.jboss.netty.channel.socket.nio.NioClientBoss.run(NioClientBoss.java:42)
	at org.jboss.netty.util.ThreadRenamingRunnable.run(ThreadRenamingRunnable.java:108)
	at org.jboss.netty.util.internal.DeadLockProofWorker$1.run(DeadLockProofWorker.java:42)
	... 3 more
[2016-03-30 14:02:03,380][TRACE][org.elasticsearch.discovery.zen.ping.unicast] [node_t1] [4] failed to connect to {#zen_unicast_3#}{127.0.0.1}{127.0.0.1:9662}
ConnectTransportException[[][127.0.0.1:9662] connect_timeout[30s]]; nested: ConnectException[Connection refused: /127.0.0.1:9662];
	at org.elasticsearch.transport.netty.NettyTransport.connectToChannelsLight(NettyTransport.java:948)
	at org.elasticsearch.transport.netty.NettyTransport.connectToNode(NettyTransport.java:912)
	at org.elasticsearch.transport.netty.NettyTransport.connectToNodeLight(NettyTransport.java:884)
	at org.elasticsearch.test.transport.MockTransportService$LookupTestTransport.connectToNodeLight(MockTransportService.java:412)
	at org.elasticsearch.transport.TransportService.connectToNodeLight(TransportService.java:250)
	at org.elasticsearch.discovery.zen.ping.unicast.UnicastZenPing$3.run(UnicastZenPing.java:395)
	at java.util.concurrent.ThreadPoolExecutor.runWorker(ThreadPoolExecutor.java:1142)
	at java.util.concurrent.ThreadPoolExecutor$Worker.run(ThreadPoolExecutor.java:617)
	at java.lang.Thread.run(Thread.java:745)
Caused by: java.net.ConnectException: Connection refused: /127.0.0.1:9662
	at sun.nio.ch.SocketChannelImpl.checkConnect(Native Method)
	at sun.nio.ch.SocketChannelImpl.finishConnect(SocketChannelImpl.java:717)
	at org.jboss.netty.channel.socket.nio.NioClientBoss.connect(NioClientBoss.java:152)
	at org.jboss.netty.channel.socket.nio.NioClientBoss.processSelectedKeys(NioClientBoss.java:105)
	at org.jboss.netty.channel.socket.nio.NioClientBoss.process(NioClientBoss.java:79)
	at org.jboss.netty.channel.socket.nio.AbstractNioSelector.run(AbstractNioSelector.java:337)
	at org.jboss.netty.channel.socket.nio.NioClientBoss.run(NioClientBoss.java:42)
	at org.jboss.netty.util.ThreadRenamingRunnable.run(ThreadRenamingRunnable.java:108)
	at org.jboss.netty.util.internal.DeadLockProofWorker$1.run(DeadLockProofWorker.java:42)
	... 3 more
[2016-03-30 14:02:03,379][TRACE][org.elasticsearch.discovery.zen.ping.unicast] [node_t1] [4] connecting (light) to {#zen_unicast_4#}{127.0.0.1}{127.0.0.1:9663}
[2016-03-30 14:02:03,380][TRACE][org.elasticsearch.discovery.zen.ping.unicast] [node_t1] [4] failed to connect to {#zen_unicast_6#}{::1}{[::1]:9660}
ConnectTransportException[[][[::1]:9660] connect_timeout[30s]]; nested: ConnectException[Connection refused: /0:0:0:0:0:0:0:1:9660];
	at org.elasticsearch.transport.netty.NettyTransport.connectToChannelsLight(NettyTransport.java:948)
	at org.elasticsearch.transport.netty.NettyTransport.connectToNode(NettyTransport.java:912)
	at org.elasticsearch.transport.netty.NettyTransport.connectToNodeLight(NettyTransport.java:884)
	at org.elasticsearch.test.transport.MockTransportService$LookupTestTransport.connectToNodeLight(MockTransportService.java:412)
	at org.elasticsearch.transport.TransportService.connectToNodeLight(TransportService.java:250)
	at org.elasticsearch.discovery.zen.ping.unicast.UnicastZenPing$3.run(UnicastZenPing.java:395)
	at java.util.concurrent.ThreadPoolExecutor.runWorker(ThreadPoolExecutor.java:1142)
	at java.util.concurrent.ThreadPoolExecutor$Worker.run(ThreadPoolExecutor.java:617)
	at java.lang.Thread.run(Thread.java:745)
Caused by: java.net.ConnectException: Connection refused: /0:0:0:0:0:0:0:1:9660
	at sun.nio.ch.SocketChannelImpl.checkConnect(Native Method)
	at sun.nio.ch.SocketChannelImpl.finishConnect(SocketChannelImpl.java:717)
	at org.jboss.netty.channel.socket.nio.NioClientBoss.connect(NioClientBoss.java:152)
	at org.jboss.netty.channel.socket.nio.NioClientBoss.processSelectedKeys(NioClientBoss.java:105)
	at org.jboss.netty.channel.socket.nio.NioClientBoss.process(NioClientBoss.java:79)
	at org.jboss.netty.channel.socket.nio.AbstractNioSelector.run(AbstractNioSelector.java:337)
	at org.jboss.netty.channel.socket.nio.NioClientBoss.run(NioClientBoss.java:42)
	at org.jboss.netty.util.ThreadRenamingRunnable.run(ThreadRenamingRunnable.java:108)
	at org.jboss.netty.util.internal.DeadLockProofWorker$1.run(DeadLockProofWorker.java:42)
	... 3 more
[2016-03-30 14:02:03,380][TRACE][org.elasticsearch.discovery.zen.ping.unicast] [node_t1] [4] received response from {#zen_unicast_7#}{::1}{[::1]:9661}: [ping_response{node [{node_t1}{lk7U_niVSKyTWpmVoV3sIA}{127.0.0.1}{127.0.0.1:9661}[mode=>network]], id[885], master [{node_t1}{lk7U_niVSKyTWpmVoV3sIA}{127.0.0.1}{127.0.0.1:9661}[mode=>network]], hasJoinedOnce [true], cluster_name[TEST-CHILD_VM=[2]-CLUSTER_SEED=[2858301384796425155]-HASH=[462C14F99751D]-cluster]}, ping_response{node [{node_t1}{lk7U_niVSKyTWpmVoV3sIA}{127.0.0.1}{127.0.0.1:9661}[mode=>network]], id[885], master [{node_t1}{lk7U_niVSKyTWpmVoV3sIA}{127.0.0.1}{127.0.0.1:9661}[mode=>network]], hasJoinedOnce [true], cluster_name[TEST-CHILD_VM=[2]-CLUSTER_SEED=[2858301384796425155]-HASH=[462C14F99751D]-cluster]}, ping_response{node [{node_t1}{lk7U_niVSKyTWpmVoV3sIA}{127.0.0.1}{127.0.0.1:9661}[mode=>network]], id[885], master [{node_t1}{lk7U_niVSKyTWpmVoV3sIA}{127.0.0.1}{127.0.0.1:9661}[mode=>network]], hasJoinedOnce [true], cluster_name[TEST-CHILD_VM=[2]-CLUSTER_SEED=[2858301384796425155]-HASH=[462C14F99751D]-cluster]}, ping_response{node [{node_t1}{lk7U_niVSKyTWpmVoV3sIA}{127.0.0.1}{127.0.0.1:9661}[mode=>network]], id[889], master [null], hasJoinedOnce [true], cluster_name[TEST-CHILD_VM=[2]-CLUSTER_SEED=[2858301384796425155]-HASH=[462C14F99751D]-cluster]}, ping_response{node [{node_t1}{lk7U_niVSKyTWpmVoV3sIA}{127.0.0.1}{127.0.0.1:9661}[mode=>network]], id[889], master [null], hasJoinedOnce [true], cluster_name[TEST-CHILD_VM=[2]-CLUSTER_SEED=[2858301384796425155]-HASH=[462C14F99751D]-cluster]}, ping_response{node [{node_t1}{lk7U_niVSKyTWpmVoV3sIA}{127.0.0.1}{127.0.0.1:9661}[mode=>network]], id[889], master [null], hasJoinedOnce [true], cluster_name[TEST-CHILD_VM=[2]-CLUSTER_SEED=[2858301384796425155]-HASH=[462C14F99751D]-cluster]}, ping_response{node [{node_t1}{lk7U_niVSKyTWpmVoV3sIA}{127.0.0.1}{127.0.0.1:9661}[mode=>network]], id[892], master [null], hasJoinedOnce [true], cluster_name[TEST-CHILD_VM=[2]-CLUSTER_SEED=[2858301384796425155]-HASH=[462C14F99751D]-cluster]}]
[2016-03-30 14:02:03,380][TRACE][org.elasticsearch.discovery.zen.ping.unicast] [node_t1] [4] failed to connect to {#zen_unicast_5#}{127.0.0.1}{127.0.0.1:9664}
ConnectTransportException[[][127.0.0.1:9664] connect_timeout[30s]]; nested: ConnectException[Connection refused: /127.0.0.1:9664];
	at org.elasticsearch.transport.netty.NettyTransport.connectToChannelsLight(NettyTransport.java:948)
	at org.elasticsearch.transport.netty.NettyTransport.connectToNode(NettyTransport.java:912)
	at org.elasticsearch.transport.netty.NettyTransport.connectToNodeLight(NettyTransport.java:884)
	at org.elasticsearch.test.transport.MockTransportService$LookupTestTransport.connectToNodeLight(MockTransportService.java:412)
	at org.elasticsearch.transport.TransportService.connectToNodeLight(TransportService.java:250)
	at org.elasticsearch.discovery.zen.ping.unicast.UnicastZenPing$3.run(UnicastZenPing.java:395)
	at java.util.concurrent.ThreadPoolExecutor.runWorker(ThreadPoolExecutor.java:1142)
	at java.util.concurrent.ThreadPoolExecutor$Worker.run(ThreadPoolExecutor.java:617)
	at java.lang.Thread.run(Thread.java:745)
Caused by: java.net.ConnectException: Connection refused: /127.0.0.1:9664
	at sun.nio.ch.SocketChannelImpl.checkConnect(Native Method)
	at sun.nio.ch.SocketChannelImpl.finishConnect(SocketChannelImpl.java:717)
	at org.jboss.netty.channel.socket.nio.NioClientBoss.connect(NioClientBoss.java:152)
	at org.jboss.netty.channel.socket.nio.NioClientBoss.processSelectedKeys(NioClientBoss.java:105)
	at org.jboss.netty.channel.socket.nio.NioClientBoss.process(NioClientBoss.java:79)
	at org.jboss.netty.channel.socket.nio.AbstractNioSelector.run(AbstractNioSelector.java:337)
	at org.jboss.netty.channel.socket.nio.NioClientBoss.run(NioClientBoss.java:42)
	at org.jboss.netty.util.ThreadRenamingRunnable.run(ThreadRenamingRunnable.java:108)
	at org.jboss.netty.util.internal.DeadLockProofWorker$1.run(DeadLockProofWorker.java:42)
	... 3 more
[2016-03-30 14:02:03,379][TRACE][org.elasticsearch.discovery.zen.ping.unicast] [node_t1] [4] received response from {node_t1}{lk7U_niVSKyTWpmVoV3sIA}{127.0.0.1}{127.0.0.1:9661}[mode=>network]: [ping_response{node [{node_t1}{lk7U_niVSKyTWpmVoV3sIA}{127.0.0.1}{127.0.0.1:9661}[mode=>network]], id[885], master [{node_t1}{lk7U_niVSKyTWpmVoV3sIA}{127.0.0.1}{127.0.0.1:9661}[mode=>network]], hasJoinedOnce [true], cluster_name[TEST-CHILD_VM=[2]-CLUSTER_SEED=[2858301384796425155]-HASH=[462C14F99751D]-cluster]}, ping_response{node [{node_t1}{lk7U_niVSKyTWpmVoV3sIA}{127.0.0.1}{127.0.0.1:9661}[mode=>network]], id[885], master [{node_t1}{lk7U_niVSKyTWpmVoV3sIA}{127.0.0.1}{127.0.0.1:9661}[mode=>network]], hasJoinedOnce [true], cluster_name[TEST-CHILD_VM=[2]-CLUSTER_SEED=[2858301384796425155]-HASH=[462C14F99751D]-cluster]}, ping_response{node [{node_t1}{lk7U_niVSKyTWpmVoV3sIA}{127.0.0.1}{127.0.0.1:9661}[mode=>network]], id[885], master [{node_t1}{lk7U_niVSKyTWpmVoV3sIA}{127.0.0.1}{127.0.0.1:9661}[mode=>network]], hasJoinedOnce [true], cluster_name[TEST-CHILD_VM=[2]-CLUSTER_SEED=[2858301384796425155]-HASH=[462C14F99751D]-cluster]}, ping_response{node [{node_t1}{lk7U_niVSKyTWpmVoV3sIA}{127.0.0.1}{127.0.0.1:9661}[mode=>network]], id[889], master [null], hasJoinedOnce [true], cluster_name[TEST-CHILD_VM=[2]-CLUSTER_SEED=[2858301384796425155]-HASH=[462C14F99751D]-cluster]}, ping_response{node [{node_t1}{lk7U_niVSKyTWpmVoV3sIA}{127.0.0.1}{127.0.0.1:9661}[mode=>network]], id[889], master [null], hasJoinedOnce [true], cluster_name[TEST-CHILD_VM=[2]-CLUSTER_SEED=[2858301384796425155]-HASH=[462C14F99751D]-cluster]}, ping_response{node [{node_t1}{lk7U_niVSKyTWpmVoV3sIA}{127.0.0.1}{127.0.0.1:9661}[mode=>network]], id[891], master [null], hasJoinedOnce [true], cluster_name[TEST-CHILD_VM=[2]-CLUSTER_SEED=[2858301384796425155]-HASH=[462C14F99751D]-cluster]}]
[2016-03-30 14:02:03,379][TRACE][org.elasticsearch.discovery.zen.ping.unicast] [node_t1] [4] connecting (light) to {#zen_unicast_10#}{::1}{[::1]:9664}
[2016-03-30 14:02:03,379][TRACE][org.elasticsearch.discovery.zen.ping.unicast] [node_t1] [4] connecting (light) to {#zen_unicast_9#}{::1}{[::1]:9663}
[2016-03-30 14:02:03,379][TRACE][org.elasticsearch.discovery.zen.ping.unicast] [node_t1] [4] connecting (light) to {#zen_unicast_8#}{::1}{[::1]:9662}
[2016-03-30 14:02:03,380][TRACE][org.elasticsearch.discovery.zen.ping.unicast] [node_t1] [4] failed to connect to {#zen_unicast_4#}{127.0.0.1}{127.0.0.1:9663}
ConnectTransportException[[][127.0.0.1:9663] connect_timeout[30s]]; nested: ConnectException[Connection refused: /127.0.0.1:9663];
	at org.elasticsearch.transport.netty.NettyTransport.connectToChannelsLight(NettyTransport.java:948)
	at org.elasticsearch.transport.netty.NettyTransport.connectToNode(NettyTransport.java:912)
	at org.elasticsearch.transport.netty.NettyTransport.connectToNodeLight(NettyTransport.java:884)
	at org.elasticsearch.test.transport.MockTransportService$LookupTestTransport.connectToNodeLight(MockTransportService.java:412)
	at org.elasticsearch.transport.TransportService.connectToNodeLight(TransportService.java:250)
	at org.elasticsearch.discovery.zen.ping.unicast.UnicastZenPing$3.run(UnicastZenPing.java:395)
	at java.util.concurrent.ThreadPoolExecutor.runWorker(ThreadPoolExecutor.java:1142)
	at java.util.concurrent.ThreadPoolExecutor$Worker.run(ThreadPoolExecutor.java:617)
	at java.lang.Thread.run(Thread.java:745)
Caused by: java.net.ConnectException: Connection refused: /127.0.0.1:9663
	at sun.nio.ch.SocketChannelImpl.checkConnect(Native Method)
	at sun.nio.ch.SocketChannelImpl.finishConnect(SocketChannelImpl.java:717)
	at org.jboss.netty.channel.socket.nio.NioClientBoss.connect(NioClientBoss.java:152)
	at org.jboss.netty.channel.socket.nio.NioClientBoss.processSelectedKeys(NioClientBoss.java:105)
	at org.jboss.netty.channel.socket.nio.NioClientBoss.process(NioClientBoss.java:79)
	at org.jboss.netty.channel.socket.nio.AbstractNioSelector.run(AbstractNioSelector.java:337)
	at org.jboss.netty.channel.socket.nio.NioClientBoss.run(NioClientBoss.java:42)
	at org.jboss.netty.util.ThreadRenamingRunnable.run(ThreadRenamingRunnable.java:108)
	at org.jboss.netty.util.internal.DeadLockProofWorker$1.run(DeadLockProofWorker.java:42)
	... 3 more
[2016-03-30 14:02:03,382][TRACE][org.elasticsearch.discovery.zen.ping.unicast] [node_t1] [4] failed to connect to {#zen_unicast_9#}{::1}{[::1]:9663}
ConnectTransportException[[][[::1]:9663] connect_timeout[30s]]; nested: ConnectException[Connection refused: /0:0:0:0:0:0:0:1:9663];
	at org.elasticsearch.transport.netty.NettyTransport.connectToChannelsLight(NettyTransport.java:948)
	at org.elasticsearch.transport.netty.NettyTransport.connectToNode(NettyTransport.java:912)
	at org.elasticsearch.transport.netty.NettyTransport.connectToNodeLight(NettyTransport.java:884)
	at org.elasticsearch.test.transport.MockTransportService$LookupTestTransport.connectToNodeLight(MockTransportService.java:412)
	at org.elasticsearch.transport.TransportService.connectToNodeLight(TransportService.java:250)
	at org.elasticsearch.discovery.zen.ping.unicast.UnicastZenPing$3.run(UnicastZenPing.java:395)
	at java.util.concurrent.ThreadPoolExecutor.runWorker(ThreadPoolExecutor.java:1142)
	at java.util.concurrent.ThreadPoolExecutor$Worker.run(ThreadPoolExecutor.java:617)
	at java.lang.Thread.run(Thread.java:745)
Caused by: java.net.ConnectException: Connection refused: /0:0:0:0:0:0:0:1:9663
	at sun.nio.ch.SocketChannelImpl.checkConnect(Native Method)
	at sun.nio.ch.SocketChannelImpl.finishConnect(SocketChannelImpl.java:717)
	at org.jboss.netty.channel.socket.nio.NioClientBoss.connect(NioClientBoss.java:152)
	at org.jboss.netty.channel.socket.nio.NioClientBoss.processSelectedKeys(NioClientBoss.java:105)
	at org.jboss.netty.channel.socket.nio.NioClientBoss.process(NioClientBoss.java:79)
	at org.jboss.netty.channel.socket.nio.AbstractNioSelector.run(AbstractNioSelector.java:337)
	at org.jboss.netty.channel.socket.nio.NioClientBoss.run(NioClientBoss.java:42)
	at org.jboss.netty.util.ThreadRenamingRunnable.run(ThreadRenamingRunnable.java:108)
	at org.jboss.netty.util.internal.DeadLockProofWorker$1.run(DeadLockProofWorker.java:42)
	... 3 more
[2016-03-30 14:02:03,382][TRACE][org.elasticsearch.discovery.zen.ping.unicast] [node_t1] [4] failed to connect to {#zen_unicast_8#}{::1}{[::1]:9662}
ConnectTransportException[[][[::1]:9662] connect_timeout[30s]]; nested: ConnectException[Connection refused: /0:0:0:0:0:0:0:1:9662];
	at org.elasticsearch.transport.netty.NettyTransport.connectToChannelsLight(NettyTransport.java:948)
	at org.elasticsearch.transport.netty.NettyTransport.connectToNode(NettyTransport.java:912)
	at org.elasticsearch.transport.netty.NettyTransport.connectToNodeLight(NettyTransport.java:884)
	at org.elasticsearch.test.transport.MockTransportService$LookupTestTransport.connectToNodeLight(MockTransportService.java:412)
	at org.elasticsearch.transport.TransportService.connectToNodeLight(TransportService.java:250)
	at org.elasticsearch.discovery.zen.ping.unicast.UnicastZenPing$3.run(UnicastZenPing.java:395)
	at java.util.concurrent.ThreadPoolExecutor.runWorker(ThreadPoolExecutor.java:1142)
	at java.util.concurrent.ThreadPoolExecutor$Worker.run(ThreadPoolExecutor.java:617)
	at java.lang.Thread.run(Thread.java:745)
Caused by: java.net.ConnectException: Connection refused: /0:0:0:0:0:0:0:1:9662
	at sun.nio.ch.SocketChannelImpl.checkConnect(Native Method)
	at sun.nio.ch.SocketChannelImpl.finishConnect(SocketChannelImpl.java:717)
	at org.jboss.netty.channel.socket.nio.NioClientBoss.connect(NioClientBoss.java:152)
	at org.jboss.netty.channel.socket.nio.NioClientBoss.processSelectedKeys(NioClientBoss.java:105)
	at org.jboss.netty.channel.socket.nio.NioClientBoss.process(NioClientBoss.java:79)
	at org.jboss.netty.channel.socket.nio.AbstractNioSelector.run(AbstractNioSelector.java:337)
	at org.jboss.netty.channel.socket.nio.NioClientBoss.run(NioClientBoss.java:42)
	at org.jboss.netty.util.ThreadRenamingRunnable.run(ThreadRenamingRunnable.java:108)
	at org.jboss.netty.util.internal.DeadLockProofWorker$1.run(DeadLockProofWorker.java:42)
	... 3 more
[2016-03-30 14:02:03,382][TRACE][org.elasticsearch.discovery.zen.ping.unicast] [node_t1] [4] failed to connect to {#zen_unicast_10#}{::1}{[::1]:9664}
ConnectTransportException[[][[::1]:9664] connect_timeout[30s]]; nested: ConnectException[Connection refused: /0:0:0:0:0:0:0:1:9664];
	at org.elasticsearch.transport.netty.NettyTransport.connectToChannelsLight(NettyTransport.java:948)
	at org.elasticsearch.transport.netty.NettyTransport.connectToNode(NettyTransport.java:912)
	at org.elasticsearch.transport.netty.NettyTransport.connectToNodeLight(NettyTransport.java:884)
	at org.elasticsearch.test.transport.MockTransportService$LookupTestTransport.connectToNodeLight(MockTransportService.java:412)
	at org.elasticsearch.transport.TransportService.connectToNodeLight(TransportService.java:250)
	at org.elasticsearch.discovery.zen.ping.unicast.UnicastZenPing$3.run(UnicastZenPing.java:395)
	at java.util.concurrent.ThreadPoolExecutor.runWorker(ThreadPoolExecutor.java:1142)
	at java.util.concurrent.ThreadPoolExecutor$Worker.run(ThreadPoolExecutor.java:617)
	at java.lang.Thread.run(Thread.java:745)
Caused by: java.net.ConnectException: Connection refused: /0:0:0:0:0:0:0:1:9664
	at sun.nio.ch.SocketChannelImpl.checkConnect(Native Method)
	at sun.nio.ch.SocketChannelImpl.finishConnect(SocketChannelImpl.java:717)
	at org.jboss.netty.channel.socket.nio.NioClientBoss.connect(NioClientBoss.java:152)
	at org.jboss.netty.channel.socket.nio.NioClientBoss.processSelectedKeys(NioClientBoss.java:105)
	at org.jboss.netty.channel.socket.nio.NioClientBoss.process(NioClientBoss.java:79)
	at org.jboss.netty.channel.socket.nio.AbstractNioSelector.run(AbstractNioSelector.java:337)
	at org.jboss.netty.channel.socket.nio.NioClientBoss.run(NioClientBoss.java:42)
	at org.jboss.netty.util.ThreadRenamingRunnable.run(ThreadRenamingRunnable.java:108)
	at org.jboss.netty.util.internal.DeadLockProofWorker$1.run(DeadLockProofWorker.java:42)
	... 3 more
[2016-03-30 14:02:03,482][TRACE][org.elasticsearch.discovery.zen.ping.unicast] [node_t1] [4] sending to {node_t1}{lk7U_niVSKyTWpmVoV3sIA}{127.0.0.1}{127.0.0.1:9661}[mode=>network]
[2016-03-30 14:02:03,482][TRACE][org.elasticsearch.discovery.zen.ping.unicast] [node_t1] [4] connecting (light) to {#zen_unicast_1#}{127.0.0.1}{127.0.0.1:9660}
[2016-03-30 14:02:03,482][TRACE][org.elasticsearch.discovery.zen.ping.unicast] [node_t1] [4] received response from {node_t1}{lk7U_niVSKyTWpmVoV3sIA}{127.0.0.1}{127.0.0.1:9661}[mode=>network]: [ping_response{node [{node_t1}{lk7U_niVSKyTWpmVoV3sIA}{127.0.0.1}{127.0.0.1:9661}[mode=>network]], id[885], master [{node_t1}{lk7U_niVSKyTWpmVoV3sIA}{127.0.0.1}{127.0.0.1:9661}[mode=>network]], hasJoinedOnce [true], cluster_name[TEST-CHILD_VM=[2]-CLUSTER_SEED=[2858301384796425155]-HASH=[462C14F99751D]-cluster]}, ping_response{node [{node_t1}{lk7U_niVSKyTWpmVoV3sIA}{127.0.0.1}{127.0.0.1:9661}[mode=>network]], id[885], master [{node_t1}{lk7U_niVSKyTWpmVoV3sIA}{127.0.0.1}{127.0.0.1:9661}[mode=>network]], hasJoinedOnce [true], cluster_name[TEST-CHILD_VM=[2]-CLUSTER_SEED=[2858301384796425155]-HASH=[462C14F99751D]-cluster]}, ping_response{node [{node_t1}{lk7U_niVSKyTWpmVoV3sIA}{127.0.0.1}{127.0.0.1:9661}[mode=>network]], id[885], master [{node_t1}{lk7U_niVSKyTWpmVoV3sIA}{127.0.0.1}{127.0.0.1:9661}[mode=>network]], hasJoinedOnce [true], cluster_name[TEST-CHILD_VM=[2]-CLUSTER_SEED=[2858301384796425155]-HASH=[462C14F99751D]-cluster]}, ping_response{node [{node_t1}{lk7U_niVSKyTWpmVoV3sIA}{127.0.0.1}{127.0.0.1:9661}[mode=>network]], id[889], master [null], hasJoinedOnce [true], cluster_name[TEST-CHILD_VM=[2]-CLUSTER_SEED=[2858301384796425155]-HASH=[462C14F99751D]-cluster]}, ping_response{node [{node_t1}{lk7U_niVSKyTWpmVoV3sIA}{127.0.0.1}{127.0.0.1:9661}[mode=>network]], id[889], master [null], hasJoinedOnce [true], cluster_name[TEST-CHILD_VM=[2]-CLUSTER_SEED=[2858301384796425155]-HASH=[462C14F99751D]-cluster]}, ping_response{node [{node_t1}{lk7U_niVSKyTWpmVoV3sIA}{127.0.0.1}{127.0.0.1:9661}[mode=>network]], id[889], master [null], hasJoinedOnce [true], cluster_name[TEST-CHILD_VM=[2]-CLUSTER_SEED=[2858301384796425155]-HASH=[462C14F99751D]-cluster]}, ping_response{node [{node_t1}{lk7U_niVSKyTWpmVoV3sIA}{127.0.0.1}{127.0.0.1:9661}[mode=>network]], id[893], master [null], hasJoinedOnce [true], cluster_name[TEST-CHILD_VM=[2]-CLUSTER_SEED=[2858301384796425155]-HASH=[462C14F99751D]-cluster]}, ping_response{node [{node_t1}{lk7U_niVSKyTWpmVoV3sIA}{127.0.0.1}{127.0.0.1:9661}[mode=>network]], id[894], master [null], hasJoinedOnce [true], cluster_name[TEST-CHILD_VM=[2]-CLUSTER_SEED=[2858301384796425155]-HASH=[462C14F99751D]-cluster]}]
[2016-03-30 14:02:03,482][TRACE][org.elasticsearch.discovery.zen.ping.unicast] [node_t1] [4] connecting (light) to {#zen_unicast_3#}{127.0.0.1}{127.0.0.1:9662}
[2016-03-30 14:02:03,482][TRACE][org.elasticsearch.discovery.zen.ping.unicast] [node_t1] [4] connecting (light) to {#zen_unicast_4#}{127.0.0.1}{127.0.0.1:9663}
[2016-03-30 14:02:03,482][TRACE][org.elasticsearch.discovery.zen.ping.unicast] [node_t1] [4] connecting (light) to {#zen_unicast_6#}{::1}{[::1]:9660}
[2016-03-30 14:02:03,482][TRACE][org.elasticsearch.discovery.zen.ping.unicast] [node_t1] [4] sending to {#zen_unicast_7#}{::1}{[::1]:9661}
[2016-03-30 14:02:03,482][TRACE][org.elasticsearch.discovery.zen.ping.unicast] [node_t1] [4] failed to connect to {#zen_unicast_1#}{127.0.0.1}{127.0.0.1:9660}
ConnectTransportException[[][127.0.0.1:9660] connect_timeout[30s]]; nested: ConnectException[Connection refused: /127.0.0.1:9660];
	at org.elasticsearch.transport.netty.NettyTransport.connectToChannelsLight(NettyTransport.java:948)
	at org.elasticsearch.transport.netty.NettyTransport.connectToNode(NettyTransport.java:912)
	at org.elasticsearch.transport.netty.NettyTransport.connectToNodeLight(NettyTransport.java:884)
	at org.elasticsearch.test.transport.MockTransportService$LookupTestTransport.connectToNodeLight(MockTransportService.java:412)
	at org.elasticsearch.transport.TransportService.connectToNodeLight(TransportService.java:250)
	at org.elasticsearch.discovery.zen.ping.unicast.UnicastZenPing$3.run(UnicastZenPing.java:395)
	at java.util.concurrent.ThreadPoolExecutor.runWorker(ThreadPoolExecutor.java:1142)
	at java.util.concurrent.ThreadPoolExecutor$Worker.run(ThreadPoolExecutor.java:617)
	at java.lang.Thread.run(Thread.java:745)
Caused by: java.net.ConnectException: Connection refused: /127.0.0.1:9660
	at sun.nio.ch.SocketChannelImpl.checkConnect(Native Method)
	at sun.nio.ch.SocketChannelImpl.finishConnect(SocketChannelImpl.java:717)
	at org.jboss.netty.channel.socket.nio.NioClientBoss.connect(NioClientBoss.java:152)
	at org.jboss.netty.channel.socket.nio.NioClientBoss.processSelectedKeys(NioClientBoss.java:105)
	at org.jboss.netty.channel.socket.nio.NioClientBoss.process(NioClientBoss.java:79)
	at org.jboss.netty.channel.socket.nio.AbstractNioSelector.run(AbstractNioSelector.java:337)
	at org.jboss.netty.channel.socket.nio.NioClientBoss.run(NioClientBoss.java:42)
	at org.jboss.netty.util.ThreadRenamingRunnable.run(ThreadRenamingRunnable.java:108)
	at org.jboss.netty.util.internal.DeadLockProofWorker$1.run(DeadLockProofWorker.java:42)
	... 3 more
[2016-03-30 14:02:03,483][TRACE][org.elasticsearch.discovery.zen.ping.unicast] [node_t1] [4] connecting (light) to {#zen_unicast_10#}{::1}{[::1]:9664}
[2016-03-30 14:02:03,483][TRACE][org.elasticsearch.discovery.zen.ping.unicast] [node_t1] [4] failed to connect to {#zen_unicast_4#}{127.0.0.1}{127.0.0.1:9663}
ConnectTransportException[[][127.0.0.1:9663] connect_timeout[30s]]; nested: ConnectException[Connection refused: /127.0.0.1:9663];
	at org.elasticsearch.transport.netty.NettyTransport.connectToChannelsLight(NettyTransport.java:948)
	at org.elasticsearch.transport.netty.NettyTransport.connectToNode(NettyTransport.java:912)
	at org.elasticsearch.transport.netty.NettyTransport.connectToNodeLight(NettyTransport.java:884)
	at org.elasticsearch.test.transport.MockTransportService$LookupTestTransport.connectToNodeLight(MockTransportService.java:412)
	at org.elasticsearch.transport.TransportService.connectToNodeLight(TransportService.java:250)
	at org.elasticsearch.discovery.zen.ping.unicast.UnicastZenPing$3.run(UnicastZenPing.java:395)
	at java.util.concurrent.ThreadPoolExecutor.runWorker(ThreadPoolExecutor.java:1142)
	at java.util.concurrent.ThreadPoolExecutor$Worker.run(ThreadPoolExecutor.java:617)
	at java.lang.Thread.run(Thread.java:745)
Caused by: java.net.ConnectException: Connection refused: /127.0.0.1:9663
	at sun.nio.ch.SocketChannelImpl.checkConnect(Native Method)
	at sun.nio.ch.SocketChannelImpl.finishConnect(SocketChannelImpl.java:717)
	at org.jboss.netty.channel.socket.nio.NioClientBoss.connect(NioClientBoss.java:152)
	at org.jboss.netty.channel.socket.nio.NioClientBoss.processSelectedKeys(NioClientBoss.java:105)
	at org.jboss.netty.channel.socket.nio.NioClientBoss.process(NioClientBoss.java:79)
	at org.jboss.netty.channel.socket.nio.AbstractNioSelector.run(AbstractNioSelector.java:337)
	at org.jboss.netty.channel.socket.nio.NioClientBoss.run(NioClientBoss.java:42)
	at org.jboss.netty.util.ThreadRenamingRunnable.run(ThreadRenamingRunnable.java:108)
	at org.jboss.netty.util.internal.DeadLockProofWorker$1.run(DeadLockProofWorker.java:42)
	... 3 more
[2016-03-30 14:02:03,482][TRACE][org.elasticsearch.discovery.zen.ping.unicast] [node_t1] [4] connecting (light) to {#zen_unicast_5#}{127.0.0.1}{127.0.0.1:9664}
[2016-03-30 14:02:03,483][TRACE][org.elasticsearch.discovery.zen.ping.unicast] [node_t1] [4] failed to connect to {#zen_unicast_10#}{::1}{[::1]:9664}
ConnectTransportException[[][[::1]:9664] connect_timeout[30s]]; nested: ConnectException[Connection refused: /0:0:0:0:0:0:0:1:9664];
	at org.elasticsearch.transport.netty.NettyTransport.connectToChannelsLight(NettyTransport.java:948)
	at org.elasticsearch.transport.netty.NettyTransport.connectToNode(NettyTransport.java:912)
	at org.elasticsearch.transport.netty.NettyTransport.connectToNodeLight(NettyTransport.java:884)
	at org.elasticsearch.test.transport.MockTransportService$LookupTestTransport.connectToNodeLight(MockTransportService.java:412)
	at org.elasticsearch.transport.TransportService.connectToNodeLight(TransportService.java:250)
	at org.elasticsearch.discovery.zen.ping.unicast.UnicastZenPing$3.run(UnicastZenPing.java:395)
	at java.util.concurrent.ThreadPoolExecutor.runWorker(ThreadPoolExecutor.java:1142)
	at java.util.concurrent.ThreadPoolExecutor$Worker.run(ThreadPoolExecutor.java:617)
	at java.lang.Thread.run(Thread.java:745)
Caused by: java.net.ConnectException: Connection refused: /0:0:0:0:0:0:0:1:9664
	at sun.nio.ch.SocketChannelImpl.checkConnect(Native Method)
	at sun.nio.ch.SocketChannelImpl.finishConnect(SocketChannelImpl.java:717)
	at org.jboss.netty.channel.socket.nio.NioClientBoss.connect(NioClientBoss.java:152)
	at org.jboss.netty.channel.socket.nio.NioClientBoss.processSelectedKeys(NioClientBoss.java:105)
	at org.jboss.netty.channel.socket.nio.NioClientBoss.process(NioClientBoss.java:79)
	at org.jboss.netty.channel.socket.nio.AbstractNioSelector.run(AbstractNioSelector.java:337)
	at org.jboss.netty.channel.socket.nio.NioClientBoss.run(NioClientBoss.java:42)
	at org.jboss.netty.util.ThreadRenamingRunnable.run(ThreadRenamingRunnable.java:108)
	at org.jboss.netty.util.internal.DeadLockProofWorker$1.run(DeadLockProofWorker.java:42)
	... 3 more
[2016-03-30 14:02:03,483][TRACE][org.elasticsearch.discovery.zen.ping.unicast] [node_t1] [4] failed to connect to {#zen_unicast_6#}{::1}{[::1]:9660}
ConnectTransportException[[][[::1]:9660] connect_timeout[30s]]; nested: ConnectException[Connection refused: /0:0:0:0:0:0:0:1:9660];
	at org.elasticsearch.transport.netty.NettyTransport.connectToChannelsLight(NettyTransport.java:948)
	at org.elasticsearch.transport.netty.NettyTransport.connectToNode(NettyTransport.java:912)
	at org.elasticsearch.transport.netty.NettyTransport.connectToNodeLight(NettyTransport.java:884)
	at org.elasticsearch.test.transport.MockTransportService$LookupTestTransport.connectToNodeLight(MockTransportService.java:412)
	at org.elasticsearch.transport.TransportService.connectToNodeLight(TransportService.java:250)
	at org.elasticsearch.discovery.zen.ping.unicast.UnicastZenPing$3.run(UnicastZenPing.java:395)
	at java.util.concurrent.ThreadPoolExecutor.runWorker(ThreadPoolExecutor.java:1142)
	at java.util.concurrent.ThreadPoolExecutor$Worker.run(ThreadPoolExecutor.java:617)
	at java.lang.Thread.run(Thread.java:745)
Caused by: java.net.ConnectException: Connection refused: /0:0:0:0:0:0:0:1:9660
	at sun.nio.ch.SocketChannelImpl.checkConnect(Native Method)
	at sun.nio.ch.SocketChannelImpl.finishConnect(SocketChannelImpl.java:717)
	at org.jboss.netty.channel.socket.nio.NioClientBoss.connect(NioClientBoss.java:152)
	at org.jboss.netty.channel.socket.nio.NioClientBoss.processSelectedKeys(NioClientBoss.java:105)
	at org.jboss.netty.channel.socket.nio.NioClientBoss.process(NioClientBoss.java:79)
	at org.jboss.netty.channel.socket.nio.AbstractNioSelector.run(AbstractNioSelector.java:337)
	at org.jboss.netty.channel.socket.nio.NioClientBoss.run(NioClientBoss.java:42)
	at org.jboss.netty.util.ThreadRenamingRunnable.run(ThreadRenamingRunnable.java:108)
	at org.jboss.netty.util.internal.DeadLockProofWorker$1.run(DeadLockProofWorker.java:42)
	... 3 more
[2016-03-30 14:02:03,483][TRACE][org.elasticsearch.discovery.zen.ping.unicast] [node_t1] [4] failed to connect to {#zen_unicast_3#}{127.0.0.1}{127.0.0.1:9662}
ConnectTransportException[[][127.0.0.1:9662] connect_timeout[30s]]; nested: ConnectException[Connection refused: /127.0.0.1:9662];
	at org.elasticsearch.transport.netty.NettyTransport.connectToChannelsLight(NettyTransport.java:948)
	at org.elasticsearch.transport.netty.NettyTransport.connectToNode(NettyTransport.java:912)
	at org.elasticsearch.transport.netty.NettyTransport.connectToNodeLight(NettyTransport.java:884)
	at org.elasticsearch.test.transport.MockTransportService$LookupTestTransport.connectToNodeLight(MockTransportService.java:412)
	at org.elasticsearch.transport.TransportService.connectToNodeLight(TransportService.java:250)
	at org.elasticsearch.discovery.zen.ping.unicast.UnicastZenPing$3.run(UnicastZenPing.java:395)
	at java.util.concurrent.ThreadPoolExecutor.runWorker(ThreadPoolExecutor.java:1142)
	at java.util.concurrent.ThreadPoolExecutor$Worker.run(ThreadPoolExecutor.java:617)
	at java.lang.Thread.run(Thread.java:745)
Caused by: java.net.ConnectException: Connection refused: /127.0.0.1:9662
	at sun.nio.ch.SocketChannelImpl.checkConnect(Native Method)
	at sun.nio.ch.SocketChannelImpl.finishConnect(SocketChannelImpl.java:717)
	at org.jboss.netty.channel.socket.nio.NioClientBoss.connect(NioClientBoss.java:152)
	at org.jboss.netty.channel.socket.nio.NioClientBoss.processSelectedKeys(NioClientBoss.java:105)
	at org.jboss.netty.channel.socket.nio.NioClientBoss.process(NioClientBoss.java:79)
	at org.jboss.netty.channel.socket.nio.AbstractNioSelector.run(AbstractNioSelector.java:337)
	at org.jboss.netty.channel.socket.nio.NioClientBoss.run(NioClientBoss.java:42)
	at org.jboss.netty.util.ThreadRenamingRunnable.run(ThreadRenamingRunnable.java:108)
	at org.jboss.netty.util.internal.DeadLockProofWorker$1.run(DeadLockProofWorker.java:42)
	... 3 more
[2016-03-30 14:02:03,483][TRACE][org.elasticsearch.discovery.zen.ping.unicast] [node_t1] [4] connecting (light) to {#zen_unicast_9#}{::1}{[::1]:9663}
[2016-03-30 14:02:03,483][TRACE][org.elasticsearch.discovery.zen.ping.unicast] [node_t1] [4] connecting (light) to {#zen_unicast_8#}{::1}{[::1]:9662}
[2016-03-30 14:02:03,483][TRACE][org.elasticsearch.discovery.zen.ping.unicast] [node_t1] [4] sending to {node_t1}{lk7U_niVSKyTWpmVoV3sIA}{127.0.0.1}{127.0.0.1:9661}[mode=>network]
[2016-03-30 14:02:03,484][TRACE][org.elasticsearch.discovery.zen.ping.unicast] [node_t1] [4] failed to connect to {#zen_unicast_5#}{127.0.0.1}{127.0.0.1:9664}
ConnectTransportException[[][127.0.0.1:9664] connect_timeout[30s]]; nested: ConnectException[Connection refused: /127.0.0.1:9664];
	at org.elasticsearch.transport.netty.NettyTransport.connectToChannelsLight(NettyTransport.java:948)
	at org.elasticsearch.transport.netty.NettyTransport.connectToNode(NettyTransport.java:912)
	at org.elasticsearch.transport.netty.NettyTransport.connectToNodeLight(NettyTransport.java:884)
	at org.elasticsearch.test.transport.MockTransportService$LookupTestTransport.connectToNodeLight(MockTransportService.java:412)
	at org.elasticsearch.transport.TransportService.connectToNodeLight(TransportService.java:250)
	at org.elasticsearch.discovery.zen.ping.unicast.UnicastZenPing$3.run(UnicastZenPing.java:395)
	at java.util.concurrent.ThreadPoolExecutor.runWorker(ThreadPoolExecutor.java:1142)
	at java.util.concurrent.ThreadPoolExecutor$Worker.run(ThreadPoolExecutor.java:617)
	at java.lang.Thread.run(Thread.java:745)
Caused by: java.net.ConnectException: Connection refused: /127.0.0.1:9664
	at sun.nio.ch.SocketChannelImpl.checkConnect(Native Method)
	at sun.nio.ch.SocketChannelImpl.finishConnect(SocketChannelImpl.java:717)
	at org.jboss.netty.channel.socket.nio.NioClientBoss.connect(NioClientBoss.java:152)
	at org.jboss.netty.channel.socket.nio.NioClientBoss.processSelectedKeys(NioClientBoss.java:105)
	at org.jboss.netty.channel.socket.nio.NioClientBoss.process(NioClientBoss.java:79)
	at org.jboss.netty.channel.socket.nio.AbstractNioSelector.run(AbstractNioSelector.java:337)
	at org.jboss.netty.channel.socket.nio.NioClientBoss.run(NioClientBoss.java:42)
	at org.jboss.netty.util.ThreadRenamingRunnable.run(ThreadRenamingRunnable.java:108)
	at org.jboss.netty.util.internal.DeadLockProofWorker$1.run(DeadLockProofWorker.java:42)
	... 3 more
[2016-03-30 14:02:03,485][TRACE][org.elasticsearch.discovery.zen.ping.unicast] [node_t1] [4] failed to connect to {#zen_unicast_9#}{::1}{[::1]:9663}
ConnectTransportException[[][[::1]:9663] connect_timeout[30s]]; nested: ConnectException[Connection refused: /0:0:0:0:0:0:0:1:9663];
	at org.elasticsearch.transport.netty.NettyTransport.connectToChannelsLight(NettyTransport.java:948)
	at org.elasticsearch.transport.netty.NettyTransport.connectToNode(NettyTransport.java:912)
	at org.elasticsearch.transport.netty.NettyTransport.connectToNodeLight(NettyTransport.java:884)
	at org.elasticsearch.test.transport.MockTransportService$LookupTestTransport.connectToNodeLight(MockTransportService.java:412)
	at org.elasticsearch.transport.TransportService.connectToNodeLight(TransportService.java:250)
	at org.elasticsearch.discovery.zen.ping.unicast.UnicastZenPing$3.run(UnicastZenPing.java:395)
	at java.util.concurrent.ThreadPoolExecutor.runWorker(ThreadPoolExecutor.java:1142)
	at java.util.concurrent.ThreadPoolExecutor$Worker.run(ThreadPoolExecutor.java:617)
	at java.lang.Thread.run(Thread.java:745)
Caused by: java.net.ConnectException: Connection refused: /0:0:0:0:0:0:0:1:9663
	at sun.nio.ch.SocketChannelImpl.checkConnect(Native Method)
	at sun.nio.ch.SocketChannelImpl.finishConnect(SocketChannelImpl.java:717)
	at org.jboss.netty.channel.socket.nio.NioClientBoss.connect(NioClientBoss.java:152)
	at org.jboss.netty.channel.socket.nio.NioClientBoss.processSelectedKeys(NioClientBoss.java:105)
	at org.jboss.netty.channel.socket.nio.NioClientBoss.process(NioClientBoss.java:79)
	at org.jboss.netty.channel.socket.nio.AbstractNioSelector.run(AbstractNioSelector.java:337)
	at org.jboss.netty.channel.socket.nio.NioClientBoss.run(NioClientBoss.java:42)
	at org.jboss.netty.util.ThreadRenamingRunnable.run(ThreadRenamingRunnable.java:108)
	at org.jboss.netty.util.internal.DeadLockProofWorker$1.run(DeadLockProofWorker.java:42)
	... 3 more
[2016-03-30 14:02:03,483][TRACE][org.elasticsearch.discovery.zen.ping.unicast] [node_t1] [4] received response from {#zen_unicast_7#}{::1}{[::1]:9661}: [ping_response{node [{node_t1}{lk7U_niVSKyTWpmVoV3sIA}{127.0.0.1}{127.0.0.1:9661}[mode=>network]], id[885], master [{node_t1}{lk7U_niVSKyTWpmVoV3sIA}{127.0.0.1}{127.0.0.1:9661}[mode=>network]], hasJoinedOnce [true], cluster_name[TEST-CHILD_VM=[2]-CLUSTER_SEED=[2858301384796425155]-HASH=[462C14F99751D]-cluster]}, ping_response{node [{node_t1}{lk7U_niVSKyTWpmVoV3sIA}{127.0.0.1}{127.0.0.1:9661}[mode=>network]], id[885], master [{node_t1}{lk7U_niVSKyTWpmVoV3sIA}{127.0.0.1}{127.0.0.1:9661}[mode=>network]], hasJoinedOnce [true], cluster_name[TEST-CHILD_VM=[2]-CLUSTER_SEED=[2858301384796425155]-HASH=[462C14F99751D]-cluster]}, ping_response{node [{node_t1}{lk7U_niVSKyTWpmVoV3sIA}{127.0.0.1}{127.0.0.1:9661}[mode=>network]], id[885], master [{node_t1}{lk7U_niVSKyTWpmVoV3sIA}{127.0.0.1}{127.0.0.1:9661}[mode=>network]], hasJoinedOnce [true], cluster_name[TEST-CHILD_VM=[2]-CLUSTER_SEED=[2858301384796425155]-HASH=[462C14F99751D]-cluster]}, ping_response{node [{node_t1}{lk7U_niVSKyTWpmVoV3sIA}{127.0.0.1}{127.0.0.1:9661}[mode=>network]], id[889], master [null], hasJoinedOnce [true], cluster_name[TEST-CHILD_VM=[2]-CLUSTER_SEED=[2858301384796425155]-HASH=[462C14F99751D]-cluster]}, ping_response{node [{node_t1}{lk7U_niVSKyTWpmVoV3sIA}{127.0.0.1}{127.0.0.1:9661}[mode=>network]], id[889], master [null], hasJoinedOnce [true], cluster_name[TEST-CHILD_VM=[2]-CLUSTER_SEED=[2858301384796425155]-HASH=[462C14F99751D]-cluster]}, ping_response{node [{node_t1}{lk7U_niVSKyTWpmVoV3sIA}{127.0.0.1}{127.0.0.1:9661}[mode=>network]], id[889], master [null], hasJoinedOnce [true], cluster_name[TEST-CHILD_VM=[2]-CLUSTER_SEED=[2858301384796425155]-HASH=[462C14F99751D]-cluster]}, ping_response{node [{node_t1}{lk7U_niVSKyTWpmVoV3sIA}{127.0.0.1}{127.0.0.1:9661}[mode=>network]], id[893], master [null], hasJoinedOnce [true], cluster_name[TEST-CHILD_VM=[2]-CLUSTER_SEED=[2858301384796425155]-HASH=[462C14F99751D]-cluster]}, ping_response{node [{node_t1}{lk7U_niVSKyTWpmVoV3sIA}{127.0.0.1}{127.0.0.1:9661}[mode=>network]], id[893], master [null], hasJoinedOnce [true], cluster_name[TEST-CHILD_VM=[2]-CLUSTER_SEED=[2858301384796425155]-HASH=[462C14F99751D]-cluster]}, ping_response{node [{node_t1}{lk7U_niVSKyTWpmVoV3sIA}{127.0.0.1}{127.0.0.1:9661}[mode=>network]], id[895], master [null], hasJoinedOnce [true], cluster_name[TEST-CHILD_VM=[2]-CLUSTER_SEED=[2858301384796425155]-HASH=[462C14F99751D]-cluster]}]
[2016-03-30 14:02:03,485][TRACE][org.elasticsearch.discovery.zen.ping.unicast] [node_t1] [4] failed to connect to {#zen_unicast_8#}{::1}{[::1]:9662}
ConnectTransportException[[][[::1]:9662] connect_timeout[30s]]; nested: ConnectException[Connection refused: /0:0:0:0:0:0:0:1:9662];
	at org.elasticsearch.transport.netty.NettyTransport.connectToChannelsLight(NettyTransport.java:948)
	at org.elasticsearch.transport.netty.NettyTransport.connectToNode(NettyTransport.java:912)
	at org.elasticsearch.transport.netty.NettyTransport.connectToNodeLight(NettyTransport.java:884)
	at org.elasticsearch.test.transport.MockTransportService$LookupTestTransport.connectToNodeLight(MockTransportService.java:412)
	at org.elasticsearch.transport.TransportService.connectToNodeLight(TransportService.java:250)
	at org.elasticsearch.discovery.zen.ping.unicast.UnicastZenPing$3.run(UnicastZenPing.java:395)
	at java.util.concurrent.ThreadPoolExecutor.runWorker(ThreadPoolExecutor.java:1142)
	at java.util.concurrent.ThreadPoolExecutor$Worker.run(ThreadPoolExecutor.java:617)
	at java.lang.Thread.run(Thread.java:745)
Caused by: java.net.ConnectException: Connection refused: /0:0:0:0:0:0:0:1:9662
	at sun.nio.ch.SocketChannelImpl.checkConnect(Native Method)
	at sun.nio.ch.SocketChannelImpl.finishConnect(SocketChannelImpl.java:717)
	at org.jboss.netty.channel.socket.nio.NioClientBoss.connect(NioClientBoss.java:152)
	at org.jboss.netty.channel.socket.nio.NioClientBoss.processSelectedKeys(NioClientBoss.java:105)
	at org.jboss.netty.channel.socket.nio.NioClientBoss.process(NioClientBoss.java:79)
	at org.jboss.netty.channel.socket.nio.AbstractNioSelector.run(AbstractNioSelector.java:337)
	at org.jboss.netty.channel.socket.nio.NioClientBoss.run(NioClientBoss.java:42)
	at org.jboss.netty.util.ThreadRenamingRunnable.run(ThreadRenamingRunnable.java:108)
	at org.jboss.netty.util.internal.DeadLockProofWorker$1.run(DeadLockProofWorker.java:42)
	... 3 more
[2016-03-30 14:02:03,485][TRACE][org.elasticsearch.discovery.zen.ping.unicast] [node_t1] [4] received response from {node_t1}{lk7U_niVSKyTWpmVoV3sIA}{127.0.0.1}{127.0.0.1:9661}[mode=>network]: [ping_response{node [{node_t1}{lk7U_niVSKyTWpmVoV3sIA}{127.0.0.1}{127.0.0.1:9661}[mode=>network]], id[885], master [{node_t1}{lk7U_niVSKyTWpmVoV3sIA}{127.0.0.1}{127.0.0.1:9661}[mode=>network]], hasJoinedOnce [true], cluster_name[TEST-CHILD_VM=[2]-CLUSTER_SEED=[2858301384796425155]-HASH=[462C14F99751D]-cluster]}, ping_response{node [{node_t1}{lk7U_niVSKyTWpmVoV3sIA}{127.0.0.1}{127.0.0.1:9661}[mode=>network]], id[885], master [{node_t1}{lk7U_niVSKyTWpmVoV3sIA}{127.0.0.1}{127.0.0.1:9661}[mode=>network]], hasJoinedOnce [true], cluster_name[TEST-CHILD_VM=[2]-CLUSTER_SEED=[2858301384796425155]-HASH=[462C14F99751D]-cluster]}, ping_response{node [{node_t1}{lk7U_niVSKyTWpmVoV3sIA}{127.0.0.1}{127.0.0.1:9661}[mode=>network]], id[885], master [{node_t1}{lk7U_niVSKyTWpmVoV3sIA}{127.0.0.1}{127.0.0.1:9661}[mode=>network]], hasJoinedOnce [true], cluster_name[TEST-CHILD_VM=[2]-CLUSTER_SEED=[2858301384796425155]-HASH=[462C14F99751D]-cluster]}, ping_response{node [{node_t1}{lk7U_niVSKyTWpmVoV3sIA}{127.0.0.1}{127.0.0.1:9661}[mode=>network]], id[889], master [null], hasJoinedOnce [true], cluster_name[TEST-CHILD_VM=[2]-CLUSTER_SEED=[2858301384796425155]-HASH=[462C14F99751D]-cluster]}, ping_response{node [{node_t1}{lk7U_niVSKyTWpmVoV3sIA}{127.0.0.1}{127.0.0.1:9661}[mode=>network]], id[889], master [null], hasJoinedOnce [true], cluster_name[TEST-CHILD_VM=[2]-CLUSTER_SEED=[2858301384796425155]-HASH=[462C14F99751D]-cluster]}, ping_response{node [{node_t1}{lk7U_niVSKyTWpmVoV3sIA}{127.0.0.1}{127.0.0.1:9661}[mode=>network]], id[889], master [null], hasJoinedOnce [true], cluster_name[TEST-CHILD_VM=[2]-CLUSTER_SEED=[2858301384796425155]-HASH=[462C14F99751D]-cluster]}, ping_response{node [{node_t1}{lk7U_niVSKyTWpmVoV3sIA}{127.0.0.1}{127.0.0.1:9661}[mode=>network]], id[893], master [null], hasJoinedOnce [true], cluster_name[TEST-CHILD_VM=[2]-CLUSTER_SEED=[2858301384796425155]-HASH=[462C14F99751D]-cluster]}, ping_response{node [{node_t1}{lk7U_niVSKyTWpmVoV3sIA}{127.0.0.1}{127.0.0.1:9661}[mode=>network]], id[893], master [null], hasJoinedOnce [true], cluster_name[TEST-CHILD_VM=[2]-CLUSTER_SEED=[2858301384796425155]-HASH=[462C14F99751D]-cluster]}, ping_response{node [{node_t1}{lk7U_niVSKyTWpmVoV3sIA}{127.0.0.1}{127.0.0.1:9661}[mode=>network]], id[893], master [null], hasJoinedOnce [true], cluster_name[TEST-CHILD_VM=[2]-CLUSTER_SEED=[2858301384796425155]-HASH=[462C14F99751D]-cluster]}, ping_response{node [{node_t1}{lk7U_niVSKyTWpmVoV3sIA}{127.0.0.1}{127.0.0.1:9661}[mode=>network]], id[896], master [null], hasJoinedOnce [true], cluster_name[TEST-CHILD_VM=[2]-CLUSTER_SEED=[2858301384796425155]-HASH=[462C14F99751D]-cluster]}]
[2016-03-30 14:02:03,487][TRACE][org.elasticsearch.discovery.zen] [node_t1] full ping responses: {none}
[2016-03-30 14:02:03,487][TRACE][org.elasticsearch.discovery.zen.ping.unicast] [node_t1] [4] disconnecting from {#zen_unicast_1#}{127.0.0.1}{127.0.0.1:9660}
[2016-03-30 14:02:03,487][DEBUG][org.elasticsearch.discovery.zen] [node_t1] filtered ping responses: (filter_client[true], filter_data[false]) {none}
[2016-03-30 14:02:03,487][TRACE][org.elasticsearch.discovery.zen.ping.unicast] [node_t1] [4] disconnecting from {#zen_unicast_6#}{::1}{[::1]:9660}
[2016-03-30 14:02:03,487][TRACE][org.elasticsearch.discovery.zen] [node_t1] adding local node to the list of active nodes who has previously joined the cluster (joins counter is [2})
[2016-03-30 14:02:03,487][TRACE][org.elasticsearch.discovery.zen.ping.unicast] [node_t1] [4] disconnecting from {#zen_unicast_5#}{127.0.0.1}{127.0.0.1:9664}
[2016-03-30 14:02:03,487][TRACE][org.elasticsearch.discovery.zen] [node_t1] not enough master nodes [[{node_t1}{lk7U_niVSKyTWpmVoV3sIA}{127.0.0.1}{127.0.0.1:9661}[mode=>network]]]
[2016-03-30 14:02:03,487][TRACE][org.elasticsearch.discovery.zen.ping.unicast] [node_t1] [4] disconnecting from {#zen_unicast_4#}{127.0.0.1}{127.0.0.1:9663}
[2016-03-30 14:02:03,487][TRACE][org.elasticsearch.discovery.zen] [node_t1] starting to ping
[2016-03-30 14:02:03,487][TRACE][org.elasticsearch.discovery.zen.ping.unicast] [node_t1] [4] disconnecting from {#zen_unicast_3#}{127.0.0.1}{127.0.0.1:9662}
[2016-03-30 14:02:03,487][TRACE][org.elasticsearch.discovery.zen.ping.unicast] [node_t1] [5] sending to {node_t1}{lk7U_niVSKyTWpmVoV3sIA}{127.0.0.1}{127.0.0.1:9661}[mode=>network]
[2016-03-30 14:02:03,488][TRACE][org.elasticsearch.discovery.zen.ping.unicast] [node_t1] [5] received response from {node_t1}{lk7U_niVSKyTWpmVoV3sIA}{127.0.0.1}{127.0.0.1:9661}[mode=>network]: [ping_response{node [{node_t1}{lk7U_niVSKyTWpmVoV3sIA}{127.0.0.1}{127.0.0.1:9661}[mode=>network]], id[885], master [{node_t1}{lk7U_niVSKyTWpmVoV3sIA}{127.0.0.1}{127.0.0.1:9661}[mode=>network]], hasJoinedOnce [true], cluster_name[TEST-CHILD_VM=[2]-CLUSTER_SEED=[2858301384796425155]-HASH=[462C14F99751D]-cluster]}, ping_response{node [{node_t1}{lk7U_niVSKyTWpmVoV3sIA}{127.0.0.1}{127.0.0.1:9661}[mode=>network]], id[885], master [{node_t1}{lk7U_niVSKyTWpmVoV3sIA}{127.0.0.1}{127.0.0.1:9661}[mode=>network]], hasJoinedOnce [true], cluster_name[TEST-CHILD_VM=[2]-CLUSTER_SEED=[2858301384796425155]-HASH=[462C14F99751D]-cluster]}, ping_response{node [{node_t1}{lk7U_niVSKyTWpmVoV3sIA}{127.0.0.1}{127.0.0.1:9661}[mode=>network]], id[885], master [{node_t1}{lk7U_niVSKyTWpmVoV3sIA}{127.0.0.1}{127.0.0.1:9661}[mode=>network]], hasJoinedOnce [true], cluster_name[TEST-CHILD_VM=[2]-CLUSTER_SEED=[2858301384796425155]-HASH=[462C14F99751D]-cluster]}, ping_response{node [{node_t1}{lk7U_niVSKyTWpmVoV3sIA}{127.0.0.1}{127.0.0.1:9661}[mode=>network]], id[889], master [null], hasJoinedOnce [true], cluster_name[TEST-CHILD_VM=[2]-CLUSTER_SEED=[2858301384796425155]-HASH=[462C14F99751D]-cluster]}, ping_response{node [{node_t1}{lk7U_niVSKyTWpmVoV3sIA}{127.0.0.1}{127.0.0.1:9661}[mode=>network]], id[889], master [null], hasJoinedOnce [true], cluster_name[TEST-CHILD_VM=[2]-CLUSTER_SEED=[2858301384796425155]-HASH=[462C14F99751D]-cluster]}, ping_response{node [{node_t1}{lk7U_niVSKyTWpmVoV3sIA}{127.0.0.1}{127.0.0.1:9661}[mode=>network]], id[889], master [null], hasJoinedOnce [true], cluster_name[TEST-CHILD_VM=[2]-CLUSTER_SEED=[2858301384796425155]-HASH=[462C14F99751D]-cluster]}, ping_response{node [{node_t1}{lk7U_niVSKyTWpmVoV3sIA}{127.0.0.1}{127.0.0.1:9661}[mode=>network]], id[893], master [null], hasJoinedOnce [true], cluster_name[TEST-CHILD_VM=[2]-CLUSTER_SEED=[2858301384796425155]-HASH=[462C14F99751D]-cluster]}, ping_response{node [{node_t1}{lk7U_niVSKyTWpmVoV3sIA}{127.0.0.1}{127.0.0.1:9661}[mode=>network]], id[893], master [null], hasJoinedOnce [true], cluster_name[TEST-CHILD_VM=[2]-CLUSTER_SEED=[2858301384796425155]-HASH=[462C14F99751D]-cluster]}, ping_response{node [{node_t1}{lk7U_niVSKyTWpmVoV3sIA}{127.0.0.1}{127.0.0.1:9661}[mode=>network]], id[893], master [null], hasJoinedOnce [true], cluster_name[TEST-CHILD_VM=[2]-CLUSTER_SEED=[2858301384796425155]-HASH=[462C14F99751D]-cluster]}, ping_response{node [{node_t1}{lk7U_niVSKyTWpmVoV3sIA}{127.0.0.1}{127.0.0.1:9661}[mode=>network]], id[897], master [null], hasJoinedOnce [true], cluster_name[TEST-CHILD_VM=[2]-CLUSTER_SEED=[2858301384796425155]-HASH=[462C14F99751D]-cluster]}, ping_response{node [{node_t1}{lk7U_niVSKyTWpmVoV3sIA}{127.0.0.1}{127.0.0.1:9661}[mode=>network]], id[898], master [null], hasJoinedOnce [true], cluster_name[TEST-CHILD_VM=[2]-CLUSTER_SEED=[2858301384796425155]-HASH=[462C14F99751D]-cluster]}]
[2016-03-30 14:02:03,488][TRACE][org.elasticsearch.discovery.zen.ping.unicast] [node_t1] [5] connecting (light) to {#zen_unicast_1#}{127.0.0.1}{127.0.0.1:9660}
[2016-03-30 14:02:03,488][TRACE][org.elasticsearch.discovery.zen.ping.unicast] [node_t1] [5] sending to {#zen_unicast_7#}{::1}{[::1]:9661}
[2016-03-30 14:02:03,488][TRACE][org.elasticsearch.discovery.zen.ping.unicast] [node_t1] [5] connecting (light) to {#zen_unicast_3#}{127.0.0.1}{127.0.0.1:9662}
[2016-03-30 14:02:03,488][TRACE][org.elasticsearch.discovery.zen.ping.unicast] [node_t1] [5] connecting (light) to {#zen_unicast_4#}{127.0.0.1}{127.0.0.1:9663}
[2016-03-30 14:02:03,488][TRACE][org.elasticsearch.discovery.zen.ping.unicast] [node_t1] [4] disconnecting from {#zen_unicast_10#}{::1}{[::1]:9664}
[2016-03-30 14:02:03,488][TRACE][org.elasticsearch.discovery.zen.ping.unicast] [node_t1] [5] connecting (light) to {#zen_unicast_5#}{127.0.0.1}{127.0.0.1:9664}
[2016-03-30 14:02:03,488][TRACE][org.elasticsearch.discovery.zen.ping.unicast] [node_t1] [5] sending to {node_t1}{lk7U_niVSKyTWpmVoV3sIA}{127.0.0.1}{127.0.0.1:9661}[mode=>network]
[2016-03-30 14:02:03,488][TRACE][org.elasticsearch.discovery.zen.ping.unicast] [node_t1] [5] connecting (light) to {#zen_unicast_6#}{::1}{[::1]:9660}
[2016-03-30 14:02:03,488][TRACE][org.elasticsearch.discovery.zen.ping.unicast] [node_t1] [5] connecting (light) to {#zen_unicast_8#}{::1}{[::1]:9662}
[2016-03-30 14:02:03,488][TRACE][org.elasticsearch.discovery.zen.ping.unicast] [node_t1] [5] connecting (light) to {#zen_unicast_9#}{::1}{[::1]:9663}
[2016-03-30 14:02:03,488][TRACE][org.elasticsearch.discovery.zen.ping.unicast] [node_t1] [5] received response from {node_t1}{lk7U_niVSKyTWpmVoV3sIA}{127.0.0.1}{127.0.0.1:9661}[mode=>network]: [ping_response{node [{node_t1}{lk7U_niVSKyTWpmVoV3sIA}{127.0.0.1}{127.0.0.1:9661}[mode=>network]], id[885], master [{node_t1}{lk7U_niVSKyTWpmVoV3sIA}{127.0.0.1}{127.0.0.1:9661}[mode=>network]], hasJoinedOnce [true], cluster_name[TEST-CHILD_VM=[2]-CLUSTER_SEED=[2858301384796425155]-HASH=[462C14F99751D]-cluster]}, ping_response{node [{node_t1}{lk7U_niVSKyTWpmVoV3sIA}{127.0.0.1}{127.0.0.1:9661}[mode=>network]], id[885], master [{node_t1}{lk7U_niVSKyTWpmVoV3sIA}{127.0.0.1}{127.0.0.1:9661}[mode=>network]], hasJoinedOnce [true], cluster_name[TEST-CHILD_VM=[2]-CLUSTER_SEED=[2858301384796425155]-HASH=[462C14F99751D]-cluster]}, ping_response{node [{node_t1}{lk7U_niVSKyTWpmVoV3sIA}{127.0.0.1}{127.0.0.1:9661}[mode=>network]], id[885], master [{node_t1}{lk7U_niVSKyTWpmVoV3sIA}{127.0.0.1}{127.0.0.1:9661}[mode=>network]], hasJoinedOnce [true], cluster_name[TEST-CHILD_VM=[2]-CLUSTER_SEED=[2858301384796425155]-HASH=[462C14F99751D]-cluster]}, ping_response{node [{node_t1}{lk7U_niVSKyTWpmVoV3sIA}{127.0.0.1}{127.0.0.1:9661}[mode=>network]], id[889], master [null], hasJoinedOnce [true], cluster_name[TEST-CHILD_VM=[2]-CLUSTER_SEED=[2858301384796425155]-HASH=[462C14F99751D]-cluster]}, ping_response{node [{node_t1}{lk7U_niVSKyTWpmVoV3sIA}{127.0.0.1}{127.0.0.1:9661}[mode=>network]], id[889], master [null], hasJoinedOnce [true], cluster_name[TEST-CHILD_VM=[2]-CLUSTER_SEED=[2858301384796425155]-HASH=[462C14F99751D]-cluster]}, ping_response{node [{node_t1}{lk7U_niVSKyTWpmVoV3sIA}{127.0.0.1}{127.0.0.1:9661}[mode=>network]], id[889], master [null], hasJoinedOnce [true], cluster_name[TEST-CHILD_VM=[2]-CLUSTER_SEED=[2858301384796425155]-HASH=[462C14F99751D]-cluster]}, ping_response{node [{node_t1}{lk7U_niVSKyTWpmVoV3sIA}{127.0.0.1}{127.0.0.1:9661}[mode=>network]], id[893], master [null], hasJoinedOnce [true], cluster_name[TEST-CHILD_VM=[2]-CLUSTER_SEED=[2858301384796425155]-HASH=[462C14F99751D]-cluster]}, ping_response{node [{node_t1}{lk7U_niVSKyTWpmVoV3sIA}{127.0.0.1}{127.0.0.1:9661}[mode=>network]], id[893], master [null], hasJoinedOnce [true], cluster_name[TEST-CHILD_VM=[2]-CLUSTER_SEED=[2858301384796425155]-HASH=[462C14F99751D]-cluster]}, ping_response{node [{node_t1}{lk7U_niVSKyTWpmVoV3sIA}{127.0.0.1}{127.0.0.1:9661}[mode=>network]], id[893], master [null], hasJoinedOnce [true], cluster_name[TEST-CHILD_VM=[2]-CLUSTER_SEED=[2858301384796425155]-HASH=[462C14F99751D]-cluster]}, ping_response{node [{node_t1}{lk7U_niVSKyTWpmVoV3sIA}{127.0.0.1}{127.0.0.1:9661}[mode=>network]], id[897], master [null], hasJoinedOnce [true], cluster_name[TEST-CHILD_VM=[2]-CLUSTER_SEED=[2858301384796425155]-HASH=[462C14F99751D]-cluster]}, ping_response{node [{node_t1}{lk7U_niVSKyTWpmVoV3sIA}{127.0.0.1}{127.0.0.1:9661}[mode=>network]], id[897], master [null], hasJoinedOnce [true], cluster_name[TEST-CHILD_VM=[2]-CLUSTER_SEED=[2858301384796425155]-HASH=[462C14F99751D]-cluster]}, ping_response{node [{node_t1}{lk7U_niVSKyTWpmVoV3sIA}{127.0.0.1}{127.0.0.1:9661}[mode=>network]], id[899], master [null], hasJoinedOnce [true], cluster_name[TEST-CHILD_VM=[2]-CLUSTER_SEED=[2858301384796425155]-HASH=[462C14F99751D]-cluster]}]
[2016-03-30 14:02:03,489][TRACE][org.elasticsearch.discovery.zen.ping.unicast] [node_t1] [5] failed to connect to {#zen_unicast_4#}{127.0.0.1}{127.0.0.1:9663}
ConnectTransportException[[][127.0.0.1:9663] connect_timeout[30s]]; nested: ConnectException[Connection refused: /127.0.0.1:9663];
	at org.elasticsearch.transport.netty.NettyTransport.connectToChannelsLight(NettyTransport.java:948)
	at org.elasticsearch.transport.netty.NettyTransport.connectToNode(NettyTransport.java:912)
	at org.elasticsearch.transport.netty.NettyTransport.connectToNodeLight(NettyTransport.java:884)
	at org.elasticsearch.test.transport.MockTransportService$LookupTestTransport.connectToNodeLight(MockTransportService.java:412)
	at org.elasticsearch.transport.TransportService.connectToNodeLight(TransportService.java:250)
	at org.elasticsearch.discovery.zen.ping.unicast.UnicastZenPing$3.run(UnicastZenPing.java:395)
	at java.util.concurrent.ThreadPoolExecutor.runWorker(ThreadPoolExecutor.java:1142)
	at java.util.concurrent.ThreadPoolExecutor$Worker.run(ThreadPoolExecutor.java:617)
	at java.lang.Thread.run(Thread.java:745)
Caused by: java.net.ConnectException: Connection refused: /127.0.0.1:9663
	at sun.nio.ch.SocketChannelImpl.checkConnect(Native Method)
	at sun.nio.ch.SocketChannelImpl.finishConnect(SocketChannelImpl.java:717)
	at org.jboss.netty.channel.socket.nio.NioClientBoss.connect(NioClientBoss.java:152)
	at org.jboss.netty.channel.socket.nio.NioClientBoss.processSelectedKeys(NioClientBoss.java:105)
	at org.jboss.netty.channel.socket.nio.NioClientBoss.process(NioClientBoss.java:79)
	at org.jboss.netty.channel.socket.nio.AbstractNioSelector.run(AbstractNioSelector.java:337)
	at org.jboss.netty.channel.socket.nio.NioClientBoss.run(NioClientBoss.java:42)
	at org.jboss.netty.util.ThreadRenamingRunnable.run(ThreadRenamingRunnable.java:108)
	at org.jboss.netty.util.internal.DeadLockProofWorker$1.run(DeadLockProofWorker.java:42)
	... 3 more
[2016-03-30 14:02:03,489][TRACE][org.elasticsearch.discovery.zen.ping.unicast] [node_t1] [5] received response from {#zen_unicast_7#}{::1}{[::1]:9661}: [ping_response{node [{node_t1}{lk7U_niVSKyTWpmVoV3sIA}{127.0.0.1}{127.0.0.1:9661}[mode=>network]], id[885], master [{node_t1}{lk7U_niVSKyTWpmVoV3sIA}{127.0.0.1}{127.0.0.1:9661}[mode=>network]], hasJoinedOnce [true], cluster_name[TEST-CHILD_VM=[2]-CLUSTER_SEED=[2858301384796425155]-HASH=[462C14F99751D]-cluster]}, ping_response{node [{node_t1}{lk7U_niVSKyTWpmVoV3sIA}{127.0.0.1}{127.0.0.1:9661}[mode=>network]], id[885], master [{node_t1}{lk7U_niVSKyTWpmVoV3sIA}{127.0.0.1}{127.0.0.1:9661}[mode=>network]], hasJoinedOnce [true], cluster_name[TEST-CHILD_VM=[2]-CLUSTER_SEED=[2858301384796425155]-HASH=[462C14F99751D]-cluster]}, ping_response{node [{node_t1}{lk7U_niVSKyTWpmVoV3sIA}{127.0.0.1}{127.0.0.1:9661}[mode=>network]], id[885], master [{node_t1}{lk7U_niVSKyTWpmVoV3sIA}{127.0.0.1}{127.0.0.1:9661}[mode=>network]], hasJoinedOnce [true], cluster_name[TEST-CHILD_VM=[2]-CLUSTER_SEED=[2858301384796425155]-HASH=[462C14F99751D]-cluster]}, ping_response{node [{node_t1}{lk7U_niVSKyTWpmVoV3sIA}{127.0.0.1}{127.0.0.1:9661}[mode=>network]], id[889], master [null], hasJoinedOnce [true], cluster_name[TEST-CHILD_VM=[2]-CLUSTER_SEED=[2858301384796425155]-HASH=[462C14F99751D]-cluster]}, ping_response{node [{node_t1}{lk7U_niVSKyTWpmVoV3sIA}{127.0.0.1}{127.0.0.1:9661}[mode=>network]], id[889], master [null], hasJoinedOnce [true], cluster_name[TEST-CHILD_VM=[2]-CLUSTER_SEED=[2858301384796425155]-HASH=[462C14F99751D]-cluster]}, ping_response{node [{node_t1}{lk7U_niVSKyTWpmVoV3sIA}{127.0.0.1}{127.0.0.1:9661}[mode=>network]], id[889], master [null], hasJoinedOnce [true], cluster_name[TEST-CHILD_VM=[2]-CLUSTER_SEED=[2858301384796425155]-HASH=[462C14F99751D]-cluster]}, ping_response{node [{node_t1}{lk7U_niVSKyTWpmVoV3sIA}{127.0.0.1}{127.0.0.1:9661}[mode=>network]], id[893], master [null], hasJoinedOnce [true], cluster_name[TEST-CHILD_VM=[2]-CLUSTER_SEED=[2858301384796425155]-HASH=[462C14F99751D]-cluster]}, ping_response{node [{node_t1}{lk7U_niVSKyTWpmVoV3sIA}{127.0.0.1}{127.0.0.1:9661}[mode=>network]], id[893], master [null], hasJoinedOnce [true], cluster_name[TEST-CHILD_VM=[2]-CLUSTER_SEED=[2858301384796425155]-HASH=[462C14F99751D]-cluster]}, ping_response{node [{node_t1}{lk7U_niVSKyTWpmVoV3sIA}{127.0.0.1}{127.0.0.1:9661}[mode=>network]], id[893], master [null], hasJoinedOnce [true], cluster_name[TEST-CHILD_VM=[2]-CLUSTER_SEED=[2858301384796425155]-HASH=[462C14F99751D]-cluster]}, ping_response{node [{node_t1}{lk7U_niVSKyTWpmVoV3sIA}{127.0.0.1}{127.0.0.1:9661}[mode=>network]], id[897], master [null], hasJoinedOnce [true], cluster_name[TEST-CHILD_VM=[2]-CLUSTER_SEED=[2858301384796425155]-HASH=[462C14F99751D]-cluster]}, ping_response{node [{node_t1}{lk7U_niVSKyTWpmVoV3sIA}{127.0.0.1}{127.0.0.1:9661}[mode=>network]], id[897], master [null], hasJoinedOnce [true], cluster_name[TEST-CHILD_VM=[2]-CLUSTER_SEED=[2858301384796425155]-HASH=[462C14F99751D]-cluster]}, ping_response{node [{node_t1}{lk7U_niVSKyTWpmVoV3sIA}{127.0.0.1}{127.0.0.1:9661}[mode=>network]], id[897], master [null], hasJoinedOnce [true], cluster_name[TEST-CHILD_VM=[2]-CLUSTER_SEED=[2858301384796425155]-HASH=[462C14F99751D]-cluster]}, ping_response{node [{node_t1}{lk7U_niVSKyTWpmVoV3sIA}{127.0.0.1}{127.0.0.1:9661}[mode=>network]], id[900], master [null], hasJoinedOnce [true], cluster_name[TEST-CHILD_VM=[2]-CLUSTER_SEED=[2858301384796425155]-HASH=[462C14F99751D]-cluster]}]
[2016-03-30 14:02:03,488][TRACE][org.elasticsearch.discovery.zen.ping.unicast] [node_t1] [5] connecting (light) to {#zen_unicast_10#}{::1}{[::1]:9664}
[2016-03-30 14:02:03,490][TRACE][org.elasticsearch.discovery.zen.ping.unicast] [node_t1] [5] failed to connect to {#zen_unicast_6#}{::1}{[::1]:9660}
ConnectTransportException[[][[::1]:9660] connect_timeout[30s]]; nested: ConnectException[Connection refused: /0:0:0:0:0:0:0:1:9660];
	at org.elasticsearch.transport.netty.NettyTransport.connectToChannelsLight(NettyTransport.java:948)
	at org.elasticsearch.transport.netty.NettyTransport.connectToNode(NettyTransport.java:912)
	at org.elasticsearch.transport.netty.NettyTransport.connectToNodeLight(NettyTransport.java:884)
	at org.elasticsearch.test.transport.MockTransportService$LookupTestTransport.connectToNodeLight(MockTransportService.java:412)
	at org.elasticsearch.transport.TransportService.connectToNodeLight(TransportService.java:250)
	at org.elasticsearch.discovery.zen.ping.unicast.UnicastZenPing$3.run(UnicastZenPing.java:395)
	at java.util.concurrent.ThreadPoolExecutor.runWorker(ThreadPoolExecutor.java:1142)
	at java.util.concurrent.ThreadPoolExecutor$Worker.run(ThreadPoolExecutor.java:617)
	at java.lang.Thread.run(Thread.java:745)
Caused by: java.net.ConnectException: Connection refused: /0:0:0:0:0:0:0:1:9660
	at sun.nio.ch.SocketChannelImpl.checkConnect(Native Method)
	at sun.nio.ch.SocketChannelImpl.finishConnect(SocketChannelImpl.java:717)
	at org.jboss.netty.channel.socket.nio.NioClientBoss.connect(NioClientBoss.java:152)
	at org.jboss.netty.channel.socket.nio.NioClientBoss.processSelectedKeys(NioClientBoss.java:105)
	at org.jboss.netty.channel.socket.nio.NioClientBoss.process(NioClientBoss.java:79)
	at org.jboss.netty.channel.socket.nio.AbstractNioSelector.run(AbstractNioSelector.java:337)
	at org.jboss.netty.channel.socket.nio.NioClientBoss.run(NioClientBoss.java:42)
	at org.jboss.netty.util.ThreadRenamingRunnable.run(ThreadRenamingRunnable.java:108)
	at org.jboss.netty.util.internal.DeadLockProofWorker$1.run(DeadLockProofWorker.java:42)
	... 3 more
[2016-03-30 14:02:03,488][TRACE][org.elasticsearch.discovery.zen.ping.unicast] [node_t1] [4] disconnecting from {#zen_unicast_9#}{::1}{[::1]:9663}
[2016-03-30 14:02:03,490][TRACE][org.elasticsearch.discovery.zen.ping.unicast] [node_t1] [5] failed to connect to {#zen_unicast_9#}{::1}{[::1]:9663}
ConnectTransportException[[][[::1]:9663] connect_timeout[30s]]; nested: ConnectException[Connection refused: /0:0:0:0:0:0:0:1:9663];
	at org.elasticsearch.transport.netty.NettyTransport.connectToChannelsLight(NettyTransport.java:948)
	at org.elasticsearch.transport.netty.NettyTransport.connectToNode(NettyTransport.java:912)
	at org.elasticsearch.transport.netty.NettyTransport.connectToNodeLight(NettyTransport.java:884)
	at org.elasticsearch.test.transport.MockTransportService$LookupTestTransport.connectToNodeLight(MockTransportService.java:412)
	at org.elasticsearch.transport.TransportService.connectToNodeLight(TransportService.java:250)
	at org.elasticsearch.discovery.zen.ping.unicast.UnicastZenPing$3.run(UnicastZenPing.java:395)
	at java.util.concurrent.ThreadPoolExecutor.runWorker(ThreadPoolExecutor.java:1142)
	at java.util.concurrent.ThreadPoolExecutor$Worker.run(ThreadPoolExecutor.java:617)
	at java.lang.Thread.run(Thread.java:745)
Caused by: java.net.ConnectException: Connection refused: /0:0:0:0:0:0:0:1:9663
	at sun.nio.ch.SocketChannelImpl.checkConnect(Native Method)
	at sun.nio.ch.SocketChannelImpl.finishConnect(SocketChannelImpl.java:717)
	at org.jboss.netty.channel.socket.nio.NioClientBoss.connect(NioClientBoss.java:152)
	at org.jboss.netty.channel.socket.nio.NioClientBoss.processSelectedKeys(NioClientBoss.java:105)
	at org.jboss.netty.channel.socket.nio.NioClientBoss.process(NioClientBoss.java:79)
	at org.jboss.netty.channel.socket.nio.AbstractNioSelector.run(AbstractNioSelector.java:337)
	at org.jboss.netty.channel.socket.nio.NioClientBoss.run(NioClientBoss.java:42)
	at org.jboss.netty.util.ThreadRenamingRunnable.run(ThreadRenamingRunnable.java:108)
	at org.jboss.netty.util.internal.DeadLockProofWorker$1.run(DeadLockProofWorker.java:42)
	... 3 more
[2016-03-30 14:02:03,490][TRACE][org.elasticsearch.discovery.zen.ping.unicast] [node_t1] [5] failed to connect to {#zen_unicast_8#}{::1}{[::1]:9662}
ConnectTransportException[[][[::1]:9662] connect_timeout[30s]]; nested: ConnectException[Connection refused: /0:0:0:0:0:0:0:1:9662];
	at org.elasticsearch.transport.netty.NettyTransport.connectToChannelsLight(NettyTransport.java:948)
	at org.elasticsearch.transport.netty.NettyTransport.connectToNode(NettyTransport.java:912)
	at org.elasticsearch.transport.netty.NettyTransport.connectToNodeLight(NettyTransport.java:884)
	at org.elasticsearch.test.transport.MockTransportService$LookupTestTransport.connectToNodeLight(MockTransportService.java:412)
	at org.elasticsearch.transport.TransportService.connectToNodeLight(TransportService.java:250)
	at org.elasticsearch.discovery.zen.ping.unicast.UnicastZenPing$3.run(UnicastZenPing.java:395)
	at java.util.concurrent.ThreadPoolExecutor.runWorker(ThreadPoolExecutor.java:1142)
	at java.util.concurrent.ThreadPoolExecutor$Worker.run(ThreadPoolExecutor.java:617)
	at java.lang.Thread.run(Thread.java:745)
Caused by: java.net.ConnectException: Connection refused: /0:0:0:0:0:0:0:1:9662
	at sun.nio.ch.SocketChannelImpl.checkConnect(Native Method)
	at sun.nio.ch.SocketChannelImpl.finishConnect(SocketChannelImpl.java:717)
	at org.jboss.netty.channel.socket.nio.NioClientBoss.connect(NioClientBoss.java:152)
	at org.jboss.netty.channel.socket.nio.NioClientBoss.processSelectedKeys(NioClientBoss.java:105)
	at org.jboss.netty.channel.socket.nio.NioClientBoss.process(NioClientBoss.java:79)
	at org.jboss.netty.channel.socket.nio.AbstractNioSelector.run(AbstractNioSelector.java:337)
	at org.jboss.netty.channel.socket.nio.NioClientBoss.run(NioClientBoss.java:42)
	at org.jboss.netty.util.ThreadRenamingRunnable.run(ThreadRenamingRunnable.java:108)
	at org.jboss.netty.util.internal.DeadLockProofWorker$1.run(DeadLockProofWorker.java:42)
	... 3 more
[2016-03-30 14:02:03,489][TRACE][org.elasticsearch.discovery.zen.ping.unicast] [node_t1] [5] failed to connect to {#zen_unicast_3#}{127.0.0.1}{127.0.0.1:9662}
ConnectTransportException[[][127.0.0.1:9662] connect_timeout[30s]]; nested: ConnectException[Connection refused: /127.0.0.1:9662];
	at org.elasticsearch.transport.netty.NettyTransport.connectToChannelsLight(NettyTransport.java:948)
	at org.elasticsearch.transport.netty.NettyTransport.connectToNode(NettyTransport.java:912)
	at org.elasticsearch.transport.netty.NettyTransport.connectToNodeLight(NettyTransport.java:884)
	at org.elasticsearch.test.transport.MockTransportService$LookupTestTransport.connectToNodeLight(MockTransportService.java:412)
	at org.elasticsearch.transport.TransportService.connectToNodeLight(TransportService.java:250)
	at org.elasticsearch.discovery.zen.ping.unicast.UnicastZenPing$3.run(UnicastZenPing.java:395)
	at java.util.concurrent.ThreadPoolExecutor.runWorker(ThreadPoolExecutor.java:1142)
	at java.util.concurrent.ThreadPoolExecutor$Worker.run(ThreadPoolExecutor.java:617)
	at java.lang.Thread.run(Thread.java:745)
Caused by: java.net.ConnectException: Connection refused: /127.0.0.1:9662
	at sun.nio.ch.SocketChannelImpl.checkConnect(Native Method)
	at sun.nio.ch.SocketChannelImpl.finishConnect(SocketChannelImpl.java:717)
	at org.jboss.netty.channel.socket.nio.NioClientBoss.connect(NioClientBoss.java:152)
	at org.jboss.netty.channel.socket.nio.NioClientBoss.processSelectedKeys(NioClientBoss.java:105)
	at org.jboss.netty.channel.socket.nio.NioClientBoss.process(NioClientBoss.java:79)
	at org.jboss.netty.channel.socket.nio.AbstractNioSelector.run(AbstractNioSelector.java:337)
	at org.jboss.netty.channel.socket.nio.NioClientBoss.run(NioClientBoss.java:42)
	at org.jboss.netty.util.ThreadRenamingRunnable.run(ThreadRenamingRunnable.java:108)
	at org.jboss.netty.util.internal.DeadLockProofWorker$1.run(DeadLockProofWorker.java:42)
	... 3 more
[2016-03-30 14:02:03,489][TRACE][org.elasticsearch.discovery.zen.ping.unicast] [node_t1] [5] failed to connect to {#zen_unicast_1#}{127.0.0.1}{127.0.0.1:9660}
ConnectTransportException[[][127.0.0.1:9660] connect_timeout[30s]]; nested: ConnectException[Connection refused: /127.0.0.1:9660];
	at org.elasticsearch.transport.netty.NettyTransport.connectToChannelsLight(NettyTransport.java:948)
	at org.elasticsearch.transport.netty.NettyTransport.connectToNode(NettyTransport.java:912)
	at org.elasticsearch.transport.netty.NettyTransport.connectToNodeLight(NettyTransport.java:884)
	at org.elasticsearch.test.transport.MockTransportService$LookupTestTransport.connectToNodeLight(MockTransportService.java:412)
	at org.elasticsearch.transport.TransportService.connectToNodeLight(TransportService.java:250)
	at org.elasticsearch.discovery.zen.ping.unicast.UnicastZenPing$3.run(UnicastZenPing.java:395)
	at java.util.concurrent.ThreadPoolExecutor.runWorker(ThreadPoolExecutor.java:1142)
	at java.util.concurrent.ThreadPoolExecutor$Worker.run(ThreadPoolExecutor.java:617)
	at java.lang.Thread.run(Thread.java:745)
Caused by: java.net.ConnectException: Connection refused: /127.0.0.1:9660
	at sun.nio.ch.SocketChannelImpl.checkConnect(Native Method)
	at sun.nio.ch.SocketChannelImpl.finishConnect(SocketChannelImpl.java:717)
	at org.jboss.netty.channel.socket.nio.NioClientBoss.connect(NioClientBoss.java:152)
	at org.jboss.netty.channel.socket.nio.NioClientBoss.processSelectedKeys(NioClientBoss.java:105)
	at org.jboss.netty.channel.socket.nio.NioClientBoss.process(NioClientBoss.java:79)
	at org.jboss.netty.channel.socket.nio.AbstractNioSelector.run(AbstractNioSelector.java:337)
	at org.jboss.netty.channel.socket.nio.NioClientBoss.run(NioClientBoss.java:42)
	at org.jboss.netty.util.ThreadRenamingRunnable.run(ThreadRenamingRunnable.java:108)
	at org.jboss.netty.util.internal.DeadLockProofWorker$1.run(DeadLockProofWorker.java:42)
	... 3 more
[2016-03-30 14:02:03,489][TRACE][org.elasticsearch.discovery.zen.ping.unicast] [node_t1] [5] failed to connect to {#zen_unicast_5#}{127.0.0.1}{127.0.0.1:9664}
ConnectTransportException[[][127.0.0.1:9664] connect_timeout[30s]]; nested: ConnectException[Connection refused: /127.0.0.1:9664];
	at org.elasticsearch.transport.netty.NettyTransport.connectToChannelsLight(NettyTransport.java:948)
	at org.elasticsearch.transport.netty.NettyTransport.connectToNode(NettyTransport.java:912)
	at org.elasticsearch.transport.netty.NettyTransport.connectToNodeLight(NettyTransport.java:884)
	at org.elasticsearch.test.transport.MockTransportService$LookupTestTransport.connectToNodeLight(MockTransportService.java:412)
	at org.elasticsearch.transport.TransportService.connectToNodeLight(TransportService.java:250)
	at org.elasticsearch.discovery.zen.ping.unicast.UnicastZenPing$3.run(UnicastZenPing.java:395)
	at java.util.concurrent.ThreadPoolExecutor.runWorker(ThreadPoolExecutor.java:1142)
	at java.util.concurrent.ThreadPoolExecutor$Worker.run(ThreadPoolExecutor.java:617)
	at java.lang.Thread.run(Thread.java:745)
Caused by: java.net.ConnectException: Connection refused: /127.0.0.1:9664
	at sun.nio.ch.SocketChannelImpl.checkConnect(Native Method)
	at sun.nio.ch.SocketChannelImpl.finishConnect(SocketChannelImpl.java:717)
	at org.jboss.netty.channel.socket.nio.NioClientBoss.connect(NioClientBoss.java:152)
	at org.jboss.netty.channel.socket.nio.NioClientBoss.processSelectedKeys(NioClientBoss.java:105)
	at org.jboss.netty.channel.socket.nio.NioClientBoss.process(NioClientBoss.java:79)
	at org.jboss.netty.channel.socket.nio.AbstractNioSelector.run(AbstractNioSelector.java:337)
	at org.jboss.netty.channel.socket.nio.NioClientBoss.run(NioClientBoss.java:42)
	at org.jboss.netty.util.ThreadRenamingRunnable.run(ThreadRenamingRunnable.java:108)
	at org.jboss.netty.util.internal.DeadLockProofWorker$1.run(DeadLockProofWorker.java:42)
	... 3 more
[2016-03-30 14:02:03,490][TRACE][org.elasticsearch.discovery.zen.ping.unicast] [node_t1] [5] failed to connect to {#zen_unicast_10#}{::1}{[::1]:9664}
ConnectTransportException[[][[::1]:9664] connect_timeout[30s]]; nested: ConnectException[Connection refused: /0:0:0:0:0:0:0:1:9664];
	at org.elasticsearch.transport.netty.NettyTransport.connectToChannelsLight(NettyTransport.java:948)
	at org.elasticsearch.transport.netty.NettyTransport.connectToNode(NettyTransport.java:912)
	at org.elasticsearch.transport.netty.NettyTransport.connectToNodeLight(NettyTransport.java:884)
	at org.elasticsearch.test.transport.MockTransportService$LookupTestTransport.connectToNodeLight(MockTransportService.java:412)
	at org.elasticsearch.transport.TransportService.connectToNodeLight(TransportService.java:250)
	at org.elasticsearch.discovery.zen.ping.unicast.UnicastZenPing$3.run(UnicastZenPing.java:395)
	at java.util.concurrent.ThreadPoolExecutor.runWorker(ThreadPoolExecutor.java:1142)
	at java.util.concurrent.ThreadPoolExecutor$Worker.run(ThreadPoolExecutor.java:617)
	at java.lang.Thread.run(Thread.java:745)
Caused by: java.net.ConnectException: Connection refused: /0:0:0:0:0:0:0:1:9664
	at sun.nio.ch.SocketChannelImpl.checkConnect(Native Method)
	at sun.nio.ch.SocketChannelImpl.finishConnect(SocketChannelImpl.java:717)
	at org.jboss.netty.channel.socket.nio.NioClientBoss.connect(NioClientBoss.java:152)
	at org.jboss.netty.channel.socket.nio.NioClientBoss.processSelectedKeys(NioClientBoss.java:105)
	at org.jboss.netty.channel.socket.nio.NioClientBoss.process(NioClientBoss.java:79)
	at org.jboss.netty.channel.socket.nio.AbstractNioSelector.run(AbstractNioSelector.java:337)
	at org.jboss.netty.channel.socket.nio.NioClientBoss.run(NioClientBoss.java:42)
	at org.jboss.netty.util.ThreadRenamingRunnable.run(ThreadRenamingRunnable.java:108)
	at org.jboss.netty.util.internal.DeadLockProofWorker$1.run(DeadLockProofWorker.java:42)
	... 3 more
[2016-03-30 14:02:03,490][TRACE][org.elasticsearch.discovery.zen.ping.unicast] [node_t1] [4] disconnecting from {#zen_unicast_8#}{::1}{[::1]:9662}
[2016-03-30 14:02:03,493][TRACE][org.elasticsearch.discovery.zen.ping.unicast] [node_t1] [4] disconnecting from {#zen_unicast_7#}{::1}{[::1]:9661}
[2016-03-30 14:02:03,590][TRACE][org.elasticsearch.discovery.zen.ping.unicast] [node_t1] [5] connecting (light) to {#zen_unicast_1#}{127.0.0.1}{127.0.0.1:9660}
[2016-03-30 14:02:03,590][TRACE][org.elasticsearch.discovery.zen.ping.unicast] [node_t1] [5] sending to {node_t1}{lk7U_niVSKyTWpmVoV3sIA}{127.0.0.1}{127.0.0.1:9661}[mode=>network]
[2016-03-30 14:02:03,590][TRACE][org.elasticsearch.discovery.zen.ping.unicast] [node_t1] [5] received response from {node_t1}{lk7U_niVSKyTWpmVoV3sIA}{127.0.0.1}{127.0.0.1:9661}[mode=>network]: [ping_response{node [{node_t1}{lk7U_niVSKyTWpmVoV3sIA}{127.0.0.1}{127.0.0.1:9661}[mode=>network]], id[885], master [{node_t1}{lk7U_niVSKyTWpmVoV3sIA}{127.0.0.1}{127.0.0.1:9661}[mode=>network]], hasJoinedOnce [true], cluster_name[TEST-CHILD_VM=[2]-CLUSTER_SEED=[2858301384796425155]-HASH=[462C14F99751D]-cluster]}, ping_response{node [{node_t1}{lk7U_niVSKyTWpmVoV3sIA}{127.0.0.1}{127.0.0.1:9661}[mode=>network]], id[885], master [{node_t1}{lk7U_niVSKyTWpmVoV3sIA}{127.0.0.1}{127.0.0.1:9661}[mode=>network]], hasJoinedOnce [true], cluster_name[TEST-CHILD_VM=[2]-CLUSTER_SEED=[2858301384796425155]-HASH=[462C14F99751D]-cluster]}, ping_response{node [{node_t1}{lk7U_niVSKyTWpmVoV3sIA}{127.0.0.1}{127.0.0.1:9661}[mode=>network]], id[885], master [{node_t1}{lk7U_niVSKyTWpmVoV3sIA}{127.0.0.1}{127.0.0.1:9661}[mode=>network]], hasJoinedOnce [true], cluster_name[TEST-CHILD_VM=[2]-CLUSTER_SEED=[2858301384796425155]-HASH=[462C14F99751D]-cluster]}, ping_response{node [{node_t1}{lk7U_niVSKyTWpmVoV3sIA}{127.0.0.1}{127.0.0.1:9661}[mode=>network]], id[889], master [null], hasJoinedOnce [true], cluster_name[TEST-CHILD_VM=[2]-CLUSTER_SEED=[2858301384796425155]-HASH=[462C14F99751D]-cluster]}, ping_response{node [{node_t1}{lk7U_niVSKyTWpmVoV3sIA}{127.0.0.1}{127.0.0.1:9661}[mode=>network]], id[889], master [null], hasJoinedOnce [true], cluster_name[TEST-CHILD_VM=[2]-CLUSTER_SEED=[2858301384796425155]-HASH=[462C14F99751D]-cluster]}, ping_response{node [{node_t1}{lk7U_niVSKyTWpmVoV3sIA}{127.0.0.1}{127.0.0.1:9661}[mode=>network]], id[889], master [null], hasJoinedOnce [true], cluster_name[TEST-CHILD_VM=[2]-CLUSTER_SEED=[2858301384796425155]-HASH=[462C14F99751D]-cluster]}, ping_response{node [{node_t1}{lk7U_niVSKyTWpmVoV3sIA}{127.0.0.1}{127.0.0.1:9661}[mode=>network]], id[893], master [null], hasJoinedOnce [true], cluster_name[TEST-CHILD_VM=[2]-CLUSTER_SEED=[2858301384796425155]-HASH=[462C14F99751D]-cluster]}, ping_response{node [{node_t1}{lk7U_niVSKyTWpmVoV3sIA}{127.0.0.1}{127.0.0.1:9661}[mode=>network]], id[893], master [null], hasJoinedOnce [true], cluster_name[TEST-CHILD_VM=[2]-CLUSTER_SEED=[2858301384796425155]-HASH=[462C14F99751D]-cluster]}, ping_response{node [{node_t1}{lk7U_niVSKyTWpmVoV3sIA}{127.0.0.1}{127.0.0.1:9661}[mode=>network]], id[893], master [null], hasJoinedOnce [true], cluster_name[TEST-CHILD_VM=[2]-CLUSTER_SEED=[2858301384796425155]-HASH=[462C14F99751D]-cluster]}, ping_response{node [{node_t1}{lk7U_niVSKyTWpmVoV3sIA}{127.0.0.1}{127.0.0.1:9661}[mode=>network]], id[897], master [null], hasJoinedOnce [true], cluster_name[TEST-CHILD_VM=[2]-CLUSTER_SEED=[2858301384796425155]-HASH=[462C14F99751D]-cluster]}, ping_response{node [{node_t1}{lk7U_niVSKyTWpmVoV3sIA}{127.0.0.1}{127.0.0.1:9661}[mode=>network]], id[897], master [null], hasJoinedOnce [true], cluster_name[TEST-CHILD_VM=[2]-CLUSTER_SEED=[2858301384796425155]-HASH=[462C14F99751D]-cluster]}, ping_response{node [{node_t1}{lk7U_niVSKyTWpmVoV3sIA}{127.0.0.1}{127.0.0.1:9661}[mode=>network]], id[897], master [null], hasJoinedOnce [true], cluster_name[TEST-CHILD_VM=[2]-CLUSTER_SEED=[2858301384796425155]-HASH=[462C14F99751D]-cluster]}, ping_response{node [{node_t1}{lk7U_niVSKyTWpmVoV3sIA}{127.0.0.1}{127.0.0.1:9661}[mode=>network]], id[901], master [null], hasJoinedOnce [true], cluster_name[TEST-CHILD_VM=[2]-CLUSTER_SEED=[2858301384796425155]-HASH=[462C14F99751D]-cluster]}, ping_response{node [{node_t1}{lk7U_niVSKyTWpmVoV3sIA}{127.0.0.1}{127.0.0.1:9661}[mode=>network]], id[902], master [null], hasJoinedOnce [true], cluster_name[TEST-CHILD_VM=[2]-CLUSTER_SEED=[2858301384796425155]-HASH=[462C14F99751D]-cluster]}]
[2016-03-30 14:02:03,591][TRACE][org.elasticsearch.discovery.zen.ping.unicast] [node_t1] [5] failed to connect to {#zen_unicast_1#}{127.0.0.1}{127.0.0.1:9660}
ConnectTransportException[[][127.0.0.1:9660] connect_timeout[30s]]; nested: ConnectException[Connection refused: /127.0.0.1:9660];
	at org.elasticsearch.transport.netty.NettyTransport.connectToChannelsLight(NettyTransport.java:948)
	at org.elasticsearch.transport.netty.NettyTransport.connectToNode(NettyTransport.java:912)
	at org.elasticsearch.transport.netty.NettyTransport.connectToNodeLight(NettyTransport.java:884)
	at org.elasticsearch.test.transport.MockTransportService$LookupTestTransport.connectToNodeLight(MockTransportService.java:412)
	at org.elasticsearch.transport.TransportService.connectToNodeLight(TransportService.java:250)
	at org.elasticsearch.discovery.zen.ping.unicast.UnicastZenPing$3.run(UnicastZenPing.java:395)
	at java.util.concurrent.ThreadPoolExecutor.runWorker(ThreadPoolExecutor.java:1142)
	at java.util.concurrent.ThreadPoolExecutor$Worker.run(ThreadPoolExecutor.java:617)
	at java.lang.Thread.run(Thread.java:745)
Caused by: java.net.ConnectException: Connection refused: /127.0.0.1:9660
	at sun.nio.ch.SocketChannelImpl.checkConnect(Native Method)
	at sun.nio.ch.SocketChannelImpl.finishConnect(SocketChannelImpl.java:717)
	at org.jboss.netty.channel.socket.nio.NioClientBoss.connect(NioClientBoss.java:152)
	at org.jboss.netty.channel.socket.nio.NioClientBoss.processSelectedKeys(NioClientBoss.java:105)
	at org.jboss.netty.channel.socket.nio.NioClientBoss.process(NioClientBoss.java:79)
	at org.jboss.netty.channel.socket.nio.AbstractNioSelector.run(AbstractNioSelector.java:337)
	at org.jboss.netty.channel.socket.nio.NioClientBoss.run(NioClientBoss.java:42)
	at org.jboss.netty.util.ThreadRenamingRunnable.run(ThreadRenamingRunnable.java:108)
	at org.jboss.netty.util.internal.DeadLockProofWorker$1.run(DeadLockProofWorker.java:42)
	... 3 more
[2016-03-30 14:02:03,591][TRACE][org.elasticsearch.discovery.zen.ping.unicast] [node_t1] [5] connecting (light) to {#zen_unicast_8#}{::1}{[::1]:9662}
[2016-03-30 14:02:03,591][TRACE][org.elasticsearch.discovery.zen.ping.unicast] [node_t1] [5] connecting (light) to {#zen_unicast_9#}{::1}{[::1]:9663}
[2016-03-30 14:02:03,591][TRACE][org.elasticsearch.discovery.zen.ping.unicast] [node_t1] [5] connecting (light) to {#zen_unicast_10#}{::1}{[::1]:9664}
[2016-03-30 14:02:03,591][TRACE][org.elasticsearch.discovery.zen.ping.unicast] [node_t1] [5] connecting (light) to {#zen_unicast_6#}{::1}{[::1]:9660}
[2016-03-30 14:02:03,591][TRACE][org.elasticsearch.discovery.zen.ping.unicast] [node_t1] [5] sending to {node_t1}{lk7U_niVSKyTWpmVoV3sIA}{127.0.0.1}{127.0.0.1:9661}[mode=>network]
[2016-03-30 14:02:03,591][TRACE][org.elasticsearch.discovery.zen.ping.unicast] [node_t1] [5] connecting (light) to {#zen_unicast_7#}{::1}{[::1]:9661}
[2016-03-30 14:02:03,591][TRACE][org.elasticsearch.discovery.zen.ping.unicast] [node_t1] [5] connecting (light) to {#zen_unicast_5#}{127.0.0.1}{127.0.0.1:9664}
[2016-03-30 14:02:03,592][TRACE][org.elasticsearch.discovery.zen.ping.unicast] [node_t1] [5] received response from {node_t1}{lk7U_niVSKyTWpmVoV3sIA}{127.0.0.1}{127.0.0.1:9661}[mode=>network]: [ping_response{node [{node_t1}{lk7U_niVSKyTWpmVoV3sIA}{127.0.0.1}{127.0.0.1:9661}[mode=>network]], id[885], master [{node_t1}{lk7U_niVSKyTWpmVoV3sIA}{127.0.0.1}{127.0.0.1:9661}[mode=>network]], hasJoinedOnce [true], cluster_name[TEST-CHILD_VM=[2]-CLUSTER_SEED=[2858301384796425155]-HASH=[462C14F99751D]-cluster]}, ping_response{node [{node_t1}{lk7U_niVSKyTWpmVoV3sIA}{127.0.0.1}{127.0.0.1:9661}[mode=>network]], id[885], master [{node_t1}{lk7U_niVSKyTWpmVoV3sIA}{127.0.0.1}{127.0.0.1:9661}[mode=>network]], hasJoinedOnce [true], cluster_name[TEST-CHILD_VM=[2]-CLUSTER_SEED=[2858301384796425155]-HASH=[462C14F99751D]-cluster]}, ping_response{node [{node_t1}{lk7U_niVSKyTWpmVoV3sIA}{127.0.0.1}{127.0.0.1:9661}[mode=>network]], id[885], master [{node_t1}{lk7U_niVSKyTWpmVoV3sIA}{127.0.0.1}{127.0.0.1:9661}[mode=>network]], hasJoinedOnce [true], cluster_name[TEST-CHILD_VM=[2]-CLUSTER_SEED=[2858301384796425155]-HASH=[462C14F99751D]-cluster]}, ping_response{node [{node_t1}{lk7U_niVSKyTWpmVoV3sIA}{127.0.0.1}{127.0.0.1:9661}[mode=>network]], id[889], master [null], hasJoinedOnce [true], cluster_name[TEST-CHILD_VM=[2]-CLUSTER_SEED=[2858301384796425155]-HASH=[462C14F99751D]-cluster]}, ping_response{node [{node_t1}{lk7U_niVSKyTWpmVoV3sIA}{127.0.0.1}{127.0.0.1:9661}[mode=>network]], id[889], master [null], hasJoinedOnce [true], cluster_name[TEST-CHILD_VM=[2]-CLUSTER_SEED=[2858301384796425155]-HASH=[462C14F99751D]-cluster]}, ping_response{node [{node_t1}{lk7U_niVSKyTWpmVoV3sIA}{127.0.0.1}{127.0.0.1:9661}[mode=>network]], id[889], master [null], hasJoinedOnce [true], cluster_name[TEST-CHILD_VM=[2]-CLUSTER_SEED=[2858301384796425155]-HASH=[462C14F99751D]-cluster]}, ping_response{node [{node_t1}{lk7U_niVSKyTWpmVoV3sIA}{127.0.0.1}{127.0.0.1:9661}[mode=>network]], id[893], master [null], hasJoinedOnce [true], cluster_name[TEST-CHILD_VM=[2]-CLUSTER_SEED=[2858301384796425155]-HASH=[462C14F99751D]-cluster]}, ping_response{node [{node_t1}{lk7U_niVSKyTWpmVoV3sIA}{127.0.0.1}{127.0.0.1:9661}[mode=>network]], id[893], master [null], hasJoinedOnce [true], cluster_name[TEST-CHILD_VM=[2]-CLUSTER_SEED=[2858301384796425155]-HASH=[462C14F99751D]-cluster]}, ping_response{node [{node_t1}{lk7U_niVSKyTWpmVoV3sIA}{127.0.0.1}{127.0.0.1:9661}[mode=>network]], id[893], master [null], hasJoinedOnce [true], cluster_name[TEST-CHILD_VM=[2]-CLUSTER_SEED=[2858301384796425155]-HASH=[462C14F99751D]-cluster]}, ping_response{node [{node_t1}{lk7U_niVSKyTWpmVoV3sIA}{127.0.0.1}{127.0.0.1:9661}[mode=>network]], id[897], master [null], hasJoinedOnce [true], cluster_name[TEST-CHILD_VM=[2]-CLUSTER_SEED=[2858301384796425155]-HASH=[462C14F99751D]-cluster]}, ping_response{node [{node_t1}{lk7U_niVSKyTWpmVoV3sIA}{127.0.0.1}{127.0.0.1:9661}[mode=>network]], id[897], master [null], hasJoinedOnce [true], cluster_name[TEST-CHILD_VM=[2]-CLUSTER_SEED=[2858301384796425155]-HASH=[462C14F99751D]-cluster]}, ping_response{node [{node_t1}{lk7U_niVSKyTWpmVoV3sIA}{127.0.0.1}{127.0.0.1:9661}[mode=>network]], id[897], master [null], hasJoinedOnce [true], cluster_name[TEST-CHILD_VM=[2]-CLUSTER_SEED=[2858301384796425155]-HASH=[462C14F99751D]-cluster]}, ping_response{node [{node_t1}{lk7U_niVSKyTWpmVoV3sIA}{127.0.0.1}{127.0.0.1:9661}[mode=>network]], id[901], master [null], hasJoinedOnce [true], cluster_name[TEST-CHILD_VM=[2]-CLUSTER_SEED=[2858301384796425155]-HASH=[462C14F99751D]-cluster]}, ping_response{node [{node_t1}{lk7U_niVSKyTWpmVoV3sIA}{127.0.0.1}{127.0.0.1:9661}[mode=>network]], id[901], master [null], hasJoinedOnce [true], cluster_name[TEST-CHILD_VM=[2]-CLUSTER_SEED=[2858301384796425155]-HASH=[462C14F99751D]-cluster]}, ping_response{node [{node_t1}{lk7U_niVSKyTWpmVoV3sIA}{127.0.0.1}{127.0.0.1:9661}[mode=>network]], id[903], master [null], hasJoinedOnce [true], cluster_name[TEST-CHILD_VM=[2]-CLUSTER_SEED=[2858301384796425155]-HASH=[462C14F99751D]-cluster]}]
[2016-03-30 14:02:03,591][TRACE][org.elasticsearch.discovery.zen.ping.unicast] [node_t1] [5] connecting (light) to {#zen_unicast_4#}{127.0.0.1}{127.0.0.1:9663}
[2016-03-30 14:02:03,591][TRACE][org.elasticsearch.discovery.zen.ping.unicast] [node_t1] [5] connecting (light) to {#zen_unicast_3#}{127.0.0.1}{127.0.0.1:9662}
[2016-03-30 14:02:03,592][TRACE][org.elasticsearch.discovery.zen.ping.unicast] [node_t1] [5] failed to connect to {#zen_unicast_6#}{::1}{[::1]:9660}
ConnectTransportException[[][[::1]:9660] connect_timeout[30s]]; nested: ConnectException[Connection refused: /0:0:0:0:0:0:0:1:9660];
	at org.elasticsearch.transport.netty.NettyTransport.connectToChannelsLight(NettyTransport.java:948)
	at org.elasticsearch.transport.netty.NettyTransport.connectToNode(NettyTransport.java:912)
	at org.elasticsearch.transport.netty.NettyTransport.connectToNodeLight(NettyTransport.java:884)
	at org.elasticsearch.test.transport.MockTransportService$LookupTestTransport.connectToNodeLight(MockTransportService.java:412)
	at org.elasticsearch.transport.TransportService.connectToNodeLight(TransportService.java:250)
	at org.elasticsearch.discovery.zen.ping.unicast.UnicastZenPing$3.run(UnicastZenPing.java:395)
	at java.util.concurrent.ThreadPoolExecutor.runWorker(ThreadPoolExecutor.java:1142)
	at java.util.concurrent.ThreadPoolExecutor$Worker.run(ThreadPoolExecutor.java:617)
	at java.lang.Thread.run(Thread.java:745)
Caused by: java.net.ConnectException: Connection refused: /0:0:0:0:0:0:0:1:9660
	at sun.nio.ch.SocketChannelImpl.checkConnect(Native Method)
	at sun.nio.ch.SocketChannelImpl.finishConnect(SocketChannelImpl.java:717)
	at org.jboss.netty.channel.socket.nio.NioClientBoss.connect(NioClientBoss.java:152)
	at org.jboss.netty.channel.socket.nio.NioClientBoss.processSelectedKeys(NioClientBoss.java:105)
	at org.jboss.netty.channel.socket.nio.NioClientBoss.process(NioClientBoss.java:79)
	at org.jboss.netty.channel.socket.nio.AbstractNioSelector.run(AbstractNioSelector.java:337)
	at org.jboss.netty.channel.socket.nio.NioClientBoss.run(NioClientBoss.java:42)
	at org.jboss.netty.util.ThreadRenamingRunnable.run(ThreadRenamingRunnable.java:108)
	at org.jboss.netty.util.internal.DeadLockProofWorker$1.run(DeadLockProofWorker.java:42)
	... 3 more
[2016-03-30 14:02:03,593][TRACE][org.elasticsearch.discovery.zen.ping.unicast] [node_t1] [5] failed to connect to {#zen_unicast_5#}{127.0.0.1}{127.0.0.1:9664}
ConnectTransportException[[][127.0.0.1:9664] connect_timeout[30s]]; nested: ConnectException[Connection refused: /127.0.0.1:9664];
	at org.elasticsearch.transport.netty.NettyTransport.connectToChannelsLight(NettyTransport.java:948)
	at org.elasticsearch.transport.netty.NettyTransport.connectToNode(NettyTransport.java:912)
	at org.elasticsearch.transport.netty.NettyTransport.connectToNodeLight(NettyTransport.java:884)
	at org.elasticsearch.test.transport.MockTransportService$LookupTestTransport.connectToNodeLight(MockTransportService.java:412)
	at org.elasticsearch.transport.TransportService.connectToNodeLight(TransportService.java:250)
	at org.elasticsearch.discovery.zen.ping.unicast.UnicastZenPing$3.run(UnicastZenPing.java:395)
	at java.util.concurrent.ThreadPoolExecutor.runWorker(ThreadPoolExecutor.java:1142)
	at java.util.concurrent.ThreadPoolExecutor$Worker.run(ThreadPoolExecutor.java:617)
	at java.lang.Thread.run(Thread.java:745)
Caused by: java.net.ConnectException: Connection refused: /127.0.0.1:9664
	at sun.nio.ch.SocketChannelImpl.checkConnect(Native Method)
	at sun.nio.ch.SocketChannelImpl.finishConnect(SocketChannelImpl.java:717)
	at org.jboss.netty.channel.socket.nio.NioClientBoss.connect(NioClientBoss.java:152)
	at org.jboss.netty.channel.socket.nio.NioClientBoss.processSelectedKeys(NioClientBoss.java:105)
	at org.jboss.netty.channel.socket.nio.NioClientBoss.process(NioClientBoss.java:79)
	at org.jboss.netty.channel.socket.nio.AbstractNioSelector.run(AbstractNioSelector.java:337)
	at org.jboss.netty.channel.socket.nio.NioClientBoss.run(NioClientBoss.java:42)
	at org.jboss.netty.util.ThreadRenamingRunnable.run(ThreadRenamingRunnable.java:108)
	at org.jboss.netty.util.internal.DeadLockProofWorker$1.run(DeadLockProofWorker.java:42)
	... 3 more
[2016-03-30 14:02:03,593][TRACE][org.elasticsearch.discovery.zen.ping.unicast] [node_t1] [5] failed to connect to {#zen_unicast_4#}{127.0.0.1}{127.0.0.1:9663}
ConnectTransportException[[][127.0.0.1:9663] connect_timeout[30s]]; nested: ConnectException[Connection refused: /127.0.0.1:9663];
	at org.elasticsearch.transport.netty.NettyTransport.connectToChannelsLight(NettyTransport.java:948)
	at org.elasticsearch.transport.netty.NettyTransport.connectToNode(NettyTransport.java:912)
	at org.elasticsearch.transport.netty.NettyTransport.connectToNodeLight(NettyTransport.java:884)
	at org.elasticsearch.test.transport.MockTransportService$LookupTestTransport.connectToNodeLight(MockTransportService.java:412)
	at org.elasticsearch.transport.TransportService.connectToNodeLight(TransportService.java:250)
	at org.elasticsearch.discovery.zen.ping.unicast.UnicastZenPing$3.run(UnicastZenPing.java:395)
	at java.util.concurrent.ThreadPoolExecutor.runWorker(ThreadPoolExecutor.java:1142)
	at java.util.concurrent.ThreadPoolExecutor$Worker.run(ThreadPoolExecutor.java:617)
	at java.lang.Thread.run(Thread.java:745)
Caused by: java.net.ConnectException: Connection refused: /127.0.0.1:9663
	at sun.nio.ch.SocketChannelImpl.checkConnect(Native Method)
	at sun.nio.ch.SocketChannelImpl.finishConnect(SocketChannelImpl.java:717)
	at org.jboss.netty.channel.socket.nio.NioClientBoss.connect(NioClientBoss.java:152)
	at org.jboss.netty.channel.socket.nio.NioClientBoss.processSelectedKeys(NioClientBoss.java:105)
	at org.jboss.netty.channel.socket.nio.NioClientBoss.process(NioClientBoss.java:79)
	at org.jboss.netty.channel.socket.nio.AbstractNioSelector.run(AbstractNioSelector.java:337)
	at org.jboss.netty.channel.socket.nio.NioClientBoss.run(NioClientBoss.java:42)
	at org.jboss.netty.util.ThreadRenamingRunnable.run(ThreadRenamingRunnable.java:108)
	at org.jboss.netty.util.internal.DeadLockProofWorker$1.run(DeadLockProofWorker.java:42)
	... 3 more
[2016-03-30 14:02:03,593][TRACE][org.elasticsearch.discovery.zen.ping.unicast] [node_t1] [5] failed to connect to {#zen_unicast_3#}{127.0.0.1}{127.0.0.1:9662}
ConnectTransportException[[][127.0.0.1:9662] connect_timeout[30s]]; nested: ConnectException[Connection refused: /127.0.0.1:9662];
	at org.elasticsearch.transport.netty.NettyTransport.connectToChannelsLight(NettyTransport.java:948)
	at org.elasticsearch.transport.netty.NettyTransport.connectToNode(NettyTransport.java:912)
	at org.elasticsearch.transport.netty.NettyTransport.connectToNodeLight(NettyTransport.java:884)
	at org.elasticsearch.test.transport.MockTransportService$LookupTestTransport.connectToNodeLight(MockTransportService.java:412)
	at org.elasticsearch.transport.TransportService.connectToNodeLight(TransportService.java:250)
	at org.elasticsearch.discovery.zen.ping.unicast.UnicastZenPing$3.run(UnicastZenPing.java:395)
	at java.util.concurrent.ThreadPoolExecutor.runWorker(ThreadPoolExecutor.java:1142)
	at java.util.concurrent.ThreadPoolExecutor$Worker.run(ThreadPoolExecutor.java:617)
	at java.lang.Thread.run(Thread.java:745)
Caused by: java.net.ConnectException: Connection refused: /127.0.0.1:9662
	at sun.nio.ch.SocketChannelImpl.checkConnect(Native Method)
	at sun.nio.ch.SocketChannelImpl.finishConnect(SocketChannelImpl.java:717)
	at org.jboss.netty.channel.socket.nio.NioClientBoss.connect(NioClientBoss.java:152)
	at org.jboss.netty.channel.socket.nio.NioClientBoss.processSelectedKeys(NioClientBoss.java:105)
	at org.jboss.netty.channel.socket.nio.NioClientBoss.process(NioClientBoss.java:79)
	at org.jboss.netty.channel.socket.nio.AbstractNioSelector.run(AbstractNioSelector.java:337)
	at org.jboss.netty.channel.socket.nio.NioClientBoss.run(NioClientBoss.java:42)
	at org.jboss.netty.util.ThreadRenamingRunnable.run(ThreadRenamingRunnable.java:108)
	at org.jboss.netty.util.internal.DeadLockProofWorker$1.run(DeadLockProofWorker.java:42)
	... 3 more
[2016-03-30 14:02:03,592][TRACE][org.elasticsearch.discovery.zen.ping.unicast] [node_t1] [5] connected to {#zen_unicast_7#}{::1}{[::1]:9661}
[2016-03-30 14:02:03,592][TRACE][org.elasticsearch.discovery.zen.ping.unicast] [node_t1] [5] failed to connect to {#zen_unicast_10#}{::1}{[::1]:9664}
ConnectTransportException[[][[::1]:9664] connect_timeout[30s]]; nested: ConnectException[Connection refused: /0:0:0:0:0:0:0:1:9664];
	at org.elasticsearch.transport.netty.NettyTransport.connectToChannelsLight(NettyTransport.java:948)
	at org.elasticsearch.transport.netty.NettyTransport.connectToNode(NettyTransport.java:912)
	at org.elasticsearch.transport.netty.NettyTransport.connectToNodeLight(NettyTransport.java:884)
	at org.elasticsearch.test.transport.MockTransportService$LookupTestTransport.connectToNodeLight(MockTransportService.java:412)
	at org.elasticsearch.transport.TransportService.connectToNodeLight(TransportService.java:250)
	at org.elasticsearch.discovery.zen.ping.unicast.UnicastZenPing$3.run(UnicastZenPing.java:395)
	at java.util.concurrent.ThreadPoolExecutor.runWorker(ThreadPoolExecutor.java:1142)
	at java.util.concurrent.ThreadPoolExecutor$Worker.run(ThreadPoolExecutor.java:617)
	at java.lang.Thread.run(Thread.java:745)
Caused by: java.net.ConnectException: Connection refused: /0:0:0:0:0:0:0:1:9664
	at sun.nio.ch.SocketChannelImpl.checkConnect(Native Method)
	at sun.nio.ch.SocketChannelImpl.finishConnect(SocketChannelImpl.java:717)
	at org.jboss.netty.channel.socket.nio.NioClientBoss.connect(NioClientBoss.java:152)
	at org.jboss.netty.channel.socket.nio.NioClientBoss.processSelectedKeys(NioClientBoss.java:105)
	at org.jboss.netty.channel.socket.nio.NioClientBoss.process(NioClientBoss.java:79)
	at org.jboss.netty.channel.socket.nio.AbstractNioSelector.run(AbstractNioSelector.java:337)
	at org.jboss.netty.channel.socket.nio.NioClientBoss.run(NioClientBoss.java:42)
	at org.jboss.netty.util.ThreadRenamingRunnable.run(ThreadRenamingRunnable.java:108)
	at org.jboss.netty.util.internal.DeadLockProofWorker$1.run(DeadLockProofWorker.java:42)
	... 3 more
[2016-03-30 14:02:03,592][TRACE][org.elasticsearch.discovery.zen.ping.unicast] [node_t1] [5] failed to connect to {#zen_unicast_9#}{::1}{[::1]:9663}
ConnectTransportException[[][[::1]:9663] connect_timeout[30s]]; nested: ConnectException[Connection refused: /0:0:0:0:0:0:0:1:9663];
	at org.elasticsearch.transport.netty.NettyTransport.connectToChannelsLight(NettyTransport.java:948)
	at org.elasticsearch.transport.netty.NettyTransport.connectToNode(NettyTransport.java:912)
	at org.elasticsearch.transport.netty.NettyTransport.connectToNodeLight(NettyTransport.java:884)
	at org.elasticsearch.test.transport.MockTransportService$LookupTestTransport.connectToNodeLight(MockTransportService.java:412)
	at org.elasticsearch.transport.TransportService.connectToNodeLight(TransportService.java:250)
	at org.elasticsearch.discovery.zen.ping.unicast.UnicastZenPing$3.run(UnicastZenPing.java:395)
	at java.util.concurrent.ThreadPoolExecutor.runWorker(ThreadPoolExecutor.java:1142)
	at java.util.concurrent.ThreadPoolExecutor$Worker.run(ThreadPoolExecutor.java:617)
	at java.lang.Thread.run(Thread.java:745)
Caused by: java.net.ConnectException: Connection refused: /0:0:0:0:0:0:0:1:9663
	at sun.nio.ch.SocketChannelImpl.checkConnect(Native Method)
	at sun.nio.ch.SocketChannelImpl.finishConnect(SocketChannelImpl.java:717)
	at org.jboss.netty.channel.socket.nio.NioClientBoss.connect(NioClientBoss.java:152)
	at org.jboss.netty.channel.socket.nio.NioClientBoss.processSelectedKeys(NioClientBoss.java:105)
	at org.jboss.netty.channel.socket.nio.NioClientBoss.process(NioClientBoss.java:79)
	at org.jboss.netty.channel.socket.nio.AbstractNioSelector.run(AbstractNioSelector.java:337)
	at org.jboss.netty.channel.socket.nio.NioClientBoss.run(NioClientBoss.java:42)
	at org.jboss.netty.util.ThreadRenamingRunnable.run(ThreadRenamingRunnable.java:108)
	at org.jboss.netty.util.internal.DeadLockProofWorker$1.run(DeadLockProofWorker.java:42)
	... 3 more
[2016-03-30 14:02:03,592][TRACE][org.elasticsearch.discovery.zen.ping.unicast] [node_t1] [5] failed to connect to {#zen_unicast_8#}{::1}{[::1]:9662}
ConnectTransportException[[][[::1]:9662] connect_timeout[30s]]; nested: ConnectException[Connection refused: /0:0:0:0:0:0:0:1:9662];
	at org.elasticsearch.transport.netty.NettyTransport.connectToChannelsLight(NettyTransport.java:948)
	at org.elasticsearch.transport.netty.NettyTransport.connectToNode(NettyTransport.java:912)
	at org.elasticsearch.transport.netty.NettyTransport.connectToNodeLight(NettyTransport.java:884)
	at org.elasticsearch.test.transport.MockTransportService$LookupTestTransport.connectToNodeLight(MockTransportService.java:412)
	at org.elasticsearch.transport.TransportService.connectToNodeLight(TransportService.java:250)
	at org.elasticsearch.discovery.zen.ping.unicast.UnicastZenPing$3.run(UnicastZenPing.java:395)
	at java.util.concurrent.ThreadPoolExecutor.runWorker(ThreadPoolExecutor.java:1142)
	at java.util.concurrent.ThreadPoolExecutor$Worker.run(ThreadPoolExecutor.java:617)
	at java.lang.Thread.run(Thread.java:745)
Caused by: java.net.ConnectException: Connection refused: /0:0:0:0:0:0:0:1:9662
	at sun.nio.ch.SocketChannelImpl.checkConnect(Native Method)
	at sun.nio.ch.SocketChannelImpl.finishConnect(SocketChannelImpl.java:717)
	at org.jboss.netty.channel.socket.nio.NioClientBoss.connect(NioClientBoss.java:152)
	at org.jboss.netty.channel.socket.nio.NioClientBoss.processSelectedKeys(NioClientBoss.java:105)
	at org.jboss.netty.channel.socket.nio.NioClientBoss.process(NioClientBoss.java:79)
	at org.jboss.netty.channel.socket.nio.AbstractNioSelector.run(AbstractNioSelector.java:337)
	at org.jboss.netty.channel.socket.nio.NioClientBoss.run(NioClientBoss.java:42)
	at org.jboss.netty.util.ThreadRenamingRunnable.run(ThreadRenamingRunnable.java:108)
	at org.jboss.netty.util.internal.DeadLockProofWorker$1.run(DeadLockProofWorker.java:42)
	... 3 more
[2016-03-30 14:02:03,594][TRACE][org.elasticsearch.discovery.zen.ping.unicast] [node_t1] [5] sending to {#zen_unicast_7#}{::1}{[::1]:9661}
[2016-03-30 14:02:03,596][TRACE][org.elasticsearch.discovery.zen.ping.unicast] [node_t1] [5] received response from {#zen_unicast_7#}{::1}{[::1]:9661}: [ping_response{node [{node_t1}{lk7U_niVSKyTWpmVoV3sIA}{127.0.0.1}{127.0.0.1:9661}[mode=>network]], id[885], master [{node_t1}{lk7U_niVSKyTWpmVoV3sIA}{127.0.0.1}{127.0.0.1:9661}[mode=>network]], hasJoinedOnce [true], cluster_name[TEST-CHILD_VM=[2]-CLUSTER_SEED=[2858301384796425155]-HASH=[462C14F99751D]-cluster]}, ping_response{node [{node_t1}{lk7U_niVSKyTWpmVoV3sIA}{127.0.0.1}{127.0.0.1:9661}[mode=>network]], id[885], master [{node_t1}{lk7U_niVSKyTWpmVoV3sIA}{127.0.0.1}{127.0.0.1:9661}[mode=>network]], hasJoinedOnce [true], cluster_name[TEST-CHILD_VM=[2]-CLUSTER_SEED=[2858301384796425155]-HASH=[462C14F99751D]-cluster]}, ping_response{node [{node_t1}{lk7U_niVSKyTWpmVoV3sIA}{127.0.0.1}{127.0.0.1:9661}[mode=>network]], id[885], master [{node_t1}{lk7U_niVSKyTWpmVoV3sIA}{127.0.0.1}{127.0.0.1:9661}[mode=>network]], hasJoinedOnce [true], cluster_name[TEST-CHILD_VM=[2]-CLUSTER_SEED=[2858301384796425155]-HASH=[462C14F99751D]-cluster]}, ping_response{node [{node_t1}{lk7U_niVSKyTWpmVoV3sIA}{127.0.0.1}{127.0.0.1:9661}[mode=>network]], id[889], master [null], hasJoinedOnce [true], cluster_name[TEST-CHILD_VM=[2]-CLUSTER_SEED=[2858301384796425155]-HASH=[462C14F99751D]-cluster]}, ping_response{node [{node_t1}{lk7U_niVSKyTWpmVoV3sIA}{127.0.0.1}{127.0.0.1:9661}[mode=>network]], id[889], master [null], hasJoinedOnce [true], cluster_name[TEST-CHILD_VM=[2]-CLUSTER_SEED=[2858301384796425155]-HASH=[462C14F99751D]-cluster]}, ping_response{node [{node_t1}{lk7U_niVSKyTWpmVoV3sIA}{127.0.0.1}{127.0.0.1:9661}[mode=>network]], id[889], master [null], hasJoinedOnce [true], cluster_name[TEST-CHILD_VM=[2]-CLUSTER_SEED=[2858301384796425155]-HASH=[462C14F99751D]-cluster]}, ping_response{node [{node_t1}{lk7U_niVSKyTWpmVoV3sIA}{127.0.0.1}{127.0.0.1:9661}[mode=>network]], id[893], master [null], hasJoinedOnce [true], cluster_name[TEST-CHILD_VM=[2]-CLUSTER_SEED=[2858301384796425155]-HASH=[462C14F99751D]-cluster]}, ping_response{node [{node_t1}{lk7U_niVSKyTWpmVoV3sIA}{127.0.0.1}{127.0.0.1:9661}[mode=>network]], id[893], master [null], hasJoinedOnce [true], cluster_name[TEST-CHILD_VM=[2]-CLUSTER_SEED=[2858301384796425155]-HASH=[462C14F99751D]-cluster]}, ping_response{node [{node_t1}{lk7U_niVSKyTWpmVoV3sIA}{127.0.0.1}{127.0.0.1:9661}[mode=>network]], id[893], master [null], hasJoinedOnce [true], cluster_name[TEST-CHILD_VM=[2]-CLUSTER_SEED=[2858301384796425155]-HASH=[462C14F99751D]-cluster]}, ping_response{node [{node_t1}{lk7U_niVSKyTWpmVoV3sIA}{127.0.0.1}{127.0.0.1:9661}[mode=>network]], id[897], master [null], hasJoinedOnce [true], cluster_name[TEST-CHILD_VM=[2]-CLUSTER_SEED=[2858301384796425155]-HASH=[462C14F99751D]-cluster]}, ping_response{node [{node_t1}{lk7U_niVSKyTWpmVoV3sIA}{127.0.0.1}{127.0.0.1:9661}[mode=>network]], id[897], master [null], hasJoinedOnce [true], cluster_name[TEST-CHILD_VM=[2]-CLUSTER_SEED=[2858301384796425155]-HASH=[462C14F99751D]-cluster]}, ping_response{node [{node_t1}{lk7U_niVSKyTWpmVoV3sIA}{127.0.0.1}{127.0.0.1:9661}[mode=>network]], id[897], master [null], hasJoinedOnce [true], cluster_name[TEST-CHILD_VM=[2]-CLUSTER_SEED=[2858301384796425155]-HASH=[462C14F99751D]-cluster]}, ping_response{node [{node_t1}{lk7U_niVSKyTWpmVoV3sIA}{127.0.0.1}{127.0.0.1:9661}[mode=>network]], id[901], master [null], hasJoinedOnce [true], cluster_name[TEST-CHILD_VM=[2]-CLUSTER_SEED=[2858301384796425155]-HASH=[462C14F99751D]-cluster]}, ping_response{node [{node_t1}{lk7U_niVSKyTWpmVoV3sIA}{127.0.0.1}{127.0.0.1:9661}[mode=>network]], id[901], master [null], hasJoinedOnce [true], cluster_name[TEST-CHILD_VM=[2]-CLUSTER_SEED=[2858301384796425155]-HASH=[462C14F99751D]-cluster]}, ping_response{node [{node_t1}{lk7U_niVSKyTWpmVoV3sIA}{127.0.0.1}{127.0.0.1:9661}[mode=>network]], id[901], master [null], hasJoinedOnce [true], cluster_name[TEST-CHILD_VM=[2]-CLUSTER_SEED=[2858301384796425155]-HASH=[462C14F99751D]-cluster]}, ping_response{node [{node_t1}{lk7U_niVSKyTWpmVoV3sIA}{127.0.0.1}{127.0.0.1:9661}[mode=>network]], id[904], master [null], hasJoinedOnce [true], cluster_name[TEST-CHILD_VM=[2]-CLUSTER_SEED=[2858301384796425155]-HASH=[462C14F99751D]-cluster]}]
[2016-03-30 14:02:03,692][TRACE][org.elasticsearch.discovery.zen.ping.unicast] [node_t1] [5] sending to {node_t1}{lk7U_niVSKyTWpmVoV3sIA}{127.0.0.1}{127.0.0.1:9661}[mode=>network]
[2016-03-30 14:02:03,692][TRACE][org.elasticsearch.discovery.zen.ping.unicast] [node_t1] [5] connecting (light) to {#zen_unicast_1#}{127.0.0.1}{127.0.0.1:9660}
[2016-03-30 14:02:03,693][TRACE][org.elasticsearch.discovery.zen.ping.unicast] [node_t1] [5] received response from {node_t1}{lk7U_niVSKyTWpmVoV3sIA}{127.0.0.1}{127.0.0.1:9661}[mode=>network]: [ping_response{node [{node_t1}{lk7U_niVSKyTWpmVoV3sIA}{127.0.0.1}{127.0.0.1:9661}[mode=>network]], id[885], master [{node_t1}{lk7U_niVSKyTWpmVoV3sIA}{127.0.0.1}{127.0.0.1:9661}[mode=>network]], hasJoinedOnce [true], cluster_name[TEST-CHILD_VM=[2]-CLUSTER_SEED=[2858301384796425155]-HASH=[462C14F99751D]-cluster]}, ping_response{node [{node_t1}{lk7U_niVSKyTWpmVoV3sIA}{127.0.0.1}{127.0.0.1:9661}[mode=>network]], id[889], master [null], hasJoinedOnce [true], cluster_name[TEST-CHILD_VM=[2]-CLUSTER_SEED=[2858301384796425155]-HASH=[462C14F99751D]-cluster]}, ping_response{node [{node_t1}{lk7U_niVSKyTWpmVoV3sIA}{127.0.0.1}{127.0.0.1:9661}[mode=>network]], id[889], master [null], hasJoinedOnce [true], cluster_name[TEST-CHILD_VM=[2]-CLUSTER_SEED=[2858301384796425155]-HASH=[462C14F99751D]-cluster]}, ping_response{node [{node_t1}{lk7U_niVSKyTWpmVoV3sIA}{127.0.0.1}{127.0.0.1:9661}[mode=>network]], id[889], master [null], hasJoinedOnce [true], cluster_name[TEST-CHILD_VM=[2]-CLUSTER_SEED=[2858301384796425155]-HASH=[462C14F99751D]-cluster]}, ping_response{node [{node_t1}{lk7U_niVSKyTWpmVoV3sIA}{127.0.0.1}{127.0.0.1:9661}[mode=>network]], id[893], master [null], hasJoinedOnce [true], cluster_name[TEST-CHILD_VM=[2]-CLUSTER_SEED=[2858301384796425155]-HASH=[462C14F99751D]-cluster]}, ping_response{node [{node_t1}{lk7U_niVSKyTWpmVoV3sIA}{127.0.0.1}{127.0.0.1:9661}[mode=>network]], id[893], master [null], hasJoinedOnce [true], cluster_name[TEST-CHILD_VM=[2]-CLUSTER_SEED=[2858301384796425155]-HASH=[462C14F99751D]-cluster]}, ping_response{node [{node_t1}{lk7U_niVSKyTWpmVoV3sIA}{127.0.0.1}{127.0.0.1:9661}[mode=>network]], id[893], master [null], hasJoinedOnce [true], cluster_name[TEST-CHILD_VM=[2]-CLUSTER_SEED=[2858301384796425155]-HASH=[462C14F99751D]-cluster]}, ping_response{node [{node_t1}{lk7U_niVSKyTWpmVoV3sIA}{127.0.0.1}{127.0.0.1:9661}[mode=>network]], id[897], master [null], hasJoinedOnce [true], cluster_name[TEST-CHILD_VM=[2]-CLUSTER_SEED=[2858301384796425155]-HASH=[462C14F99751D]-cluster]}, ping_response{node [{node_t1}{lk7U_niVSKyTWpmVoV3sIA}{127.0.0.1}{127.0.0.1:9661}[mode=>network]], id[897], master [null], hasJoinedOnce [true], cluster_name[TEST-CHILD_VM=[2]-CLUSTER_SEED=[2858301384796425155]-HASH=[462C14F99751D]-cluster]}, ping_response{node [{node_t1}{lk7U_niVSKyTWpmVoV3sIA}{127.0.0.1}{127.0.0.1:9661}[mode=>network]], id[897], master [null], hasJoinedOnce [true], cluster_name[TEST-CHILD_VM=[2]-CLUSTER_SEED=[2858301384796425155]-HASH=[462C14F99751D]-cluster]}, ping_response{node [{node_t1}{lk7U_niVSKyTWpmVoV3sIA}{127.0.0.1}{127.0.0.1:9661}[mode=>network]], id[901], master [null], hasJoinedOnce [true], cluster_name[TEST-CHILD_VM=[2]-CLUSTER_SEED=[2858301384796425155]-HASH=[462C14F99751D]-cluster]}, ping_response{node [{node_t1}{lk7U_niVSKyTWpmVoV3sIA}{127.0.0.1}{127.0.0.1:9661}[mode=>network]], id[901], master [null], hasJoinedOnce [true], cluster_name[TEST-CHILD_VM=[2]-CLUSTER_SEED=[2858301384796425155]-HASH=[462C14F99751D]-cluster]}, ping_response{node [{node_t1}{lk7U_niVSKyTWpmVoV3sIA}{127.0.0.1}{127.0.0.1:9661}[mode=>network]], id[901], master [null], hasJoinedOnce [true], cluster_name[TEST-CHILD_VM=[2]-CLUSTER_SEED=[2858301384796425155]-HASH=[462C14F99751D]-cluster]}, ping_response{node [{node_t1}{lk7U_niVSKyTWpmVoV3sIA}{127.0.0.1}{127.0.0.1:9661}[mode=>network]], id[905], master [null], hasJoinedOnce [true], cluster_name[TEST-CHILD_VM=[2]-CLUSTER_SEED=[2858301384796425155]-HASH=[462C14F99751D]-cluster]}, ping_response{node [{node_t1}{lk7U_niVSKyTWpmVoV3sIA}{127.0.0.1}{127.0.0.1:9661}[mode=>network]], id[906], master [null], hasJoinedOnce [true], cluster_name[TEST-CHILD_VM=[2]-CLUSTER_SEED=[2858301384796425155]-HASH=[462C14F99751D]-cluster]}]
[2016-03-30 14:02:03,693][TRACE][org.elasticsearch.discovery.zen.ping.unicast] [node_t1] [5] connecting (light) to {#zen_unicast_3#}{127.0.0.1}{127.0.0.1:9662}
[2016-03-30 14:02:03,693][TRACE][org.elasticsearch.discovery.zen.ping.unicast] [node_t1] [5] connecting (light) to {#zen_unicast_4#}{127.0.0.1}{127.0.0.1:9663}
[2016-03-30 14:02:03,693][TRACE][org.elasticsearch.discovery.zen.ping.unicast] [node_t1] [5] connecting (light) to {#zen_unicast_5#}{127.0.0.1}{127.0.0.1:9664}
[2016-03-30 14:02:03,693][TRACE][org.elasticsearch.discovery.zen.ping.unicast] [node_t1] [5] failed to connect to {#zen_unicast_1#}{127.0.0.1}{127.0.0.1:9660}
ConnectTransportException[[][127.0.0.1:9660] connect_timeout[30s]]; nested: ConnectException[Connection refused: /127.0.0.1:9660];
	at org.elasticsearch.transport.netty.NettyTransport.connectToChannelsLight(NettyTransport.java:948)
	at org.elasticsearch.transport.netty.NettyTransport.connectToNode(NettyTransport.java:912)
	at org.elasticsearch.transport.netty.NettyTransport.connectToNodeLight(NettyTransport.java:884)
	at org.elasticsearch.test.transport.MockTransportService$LookupTestTransport.connectToNodeLight(MockTransportService.java:412)
	at org.elasticsearch.transport.TransportService.connectToNodeLight(TransportService.java:250)
	at org.elasticsearch.discovery.zen.ping.unicast.UnicastZenPing$3.run(UnicastZenPing.java:395)
	at java.util.concurrent.ThreadPoolExecutor.runWorker(ThreadPoolExecutor.java:1142)
	at java.util.concurrent.ThreadPoolExecutor$Worker.run(ThreadPoolExecutor.java:617)
	at java.lang.Thread.run(Thread.java:745)
Caused by: java.net.ConnectException: Connection refused: /127.0.0.1:9660
	at sun.nio.ch.SocketChannelImpl.checkConnect(Native Method)
	at sun.nio.ch.SocketChannelImpl.finishConnect(SocketChannelImpl.java:717)
	at org.jboss.netty.channel.socket.nio.NioClientBoss.connect(NioClientBoss.java:152)
	at org.jboss.netty.channel.socket.nio.NioClientBoss.processSelectedKeys(NioClientBoss.java:105)
	at org.jboss.netty.channel.socket.nio.NioClientBoss.process(NioClientBoss.java:79)
	at org.jboss.netty.channel.socket.nio.AbstractNioSelector.run(AbstractNioSelector.java:337)
	at org.jboss.netty.channel.socket.nio.NioClientBoss.run(NioClientBoss.java:42)
	at org.jboss.netty.util.ThreadRenamingRunnable.run(ThreadRenamingRunnable.java:108)
	at org.jboss.netty.util.internal.DeadLockProofWorker$1.run(DeadLockProofWorker.java:42)
	... 3 more
[2016-03-30 14:02:03,693][TRACE][org.elasticsearch.discovery.zen.ping.unicast] [node_t1] [5] sending to {#zen_unicast_7#}{::1}{[::1]:9661}
[2016-03-30 14:02:03,694][TRACE][org.elasticsearch.discovery.zen.ping.unicast] [node_t1] [5] failed to connect to {#zen_unicast_5#}{127.0.0.1}{127.0.0.1:9664}
ConnectTransportException[[][127.0.0.1:9664] connect_timeout[30s]]; nested: ConnectException[Connection refused: /127.0.0.1:9664];
	at org.elasticsearch.transport.netty.NettyTransport.connectToChannelsLight(NettyTransport.java:948)
	at org.elasticsearch.transport.netty.NettyTransport.connectToNode(NettyTransport.java:912)
	at org.elasticsearch.transport.netty.NettyTransport.connectToNodeLight(NettyTransport.java:884)
	at org.elasticsearch.test.transport.MockTransportService$LookupTestTransport.connectToNodeLight(MockTransportService.java:412)
	at org.elasticsearch.transport.TransportService.connectToNodeLight(TransportService.java:250)
	at org.elasticsearch.discovery.zen.ping.unicast.UnicastZenPing$3.run(UnicastZenPing.java:395)
	at java.util.concurrent.ThreadPoolExecutor.runWorker(ThreadPoolExecutor.java:1142)
	at java.util.concurrent.ThreadPoolExecutor$Worker.run(ThreadPoolExecutor.java:617)
	at java.lang.Thread.run(Thread.java:745)
Caused by: java.net.ConnectException: Connection refused: /127.0.0.1:9664
	at sun.nio.ch.SocketChannelImpl.checkConnect(Native Method)
	at sun.nio.ch.SocketChannelImpl.finishConnect(SocketChannelImpl.java:717)
	at org.jboss.netty.channel.socket.nio.NioClientBoss.connect(NioClientBoss.java:152)
	at org.jboss.netty.channel.socket.nio.NioClientBoss.processSelectedKeys(NioClientBoss.java:105)
	at org.jboss.netty.channel.socket.nio.NioClientBoss.process(NioClientBoss.java:79)
	at org.jboss.netty.channel.socket.nio.AbstractNioSelector.run(AbstractNioSelector.java:337)
	at org.jboss.netty.channel.socket.nio.NioClientBoss.run(NioClientBoss.java:42)
	at org.jboss.netty.util.ThreadRenamingRunnable.run(ThreadRenamingRunnable.java:108)
	at org.jboss.netty.util.internal.DeadLockProofWorker$1.run(DeadLockProofWorker.java:42)
	... 3 more
[2016-03-30 14:02:03,694][TRACE][org.elasticsearch.discovery.zen.ping.unicast] [node_t1] [5] connecting (light) to {#zen_unicast_8#}{::1}{[::1]:9662}
[2016-03-30 14:02:03,694][TRACE][org.elasticsearch.discovery.zen.ping.unicast] [node_t1] [5] failed to connect to {#zen_unicast_4#}{127.0.0.1}{127.0.0.1:9663}
ConnectTransportException[[][127.0.0.1:9663] connect_timeout[30s]]; nested: ConnectException[Connection refused: /127.0.0.1:9663];
	at org.elasticsearch.transport.netty.NettyTransport.connectToChannelsLight(NettyTransport.java:948)
	at org.elasticsearch.transport.netty.NettyTransport.connectToNode(NettyTransport.java:912)
	at org.elasticsearch.transport.netty.NettyTransport.connectToNodeLight(NettyTransport.java:884)
	at org.elasticsearch.test.transport.MockTransportService$LookupTestTransport.connectToNodeLight(MockTransportService.java:412)
	at org.elasticsearch.transport.TransportService.connectToNodeLight(TransportService.java:250)
	at org.elasticsearch.discovery.zen.ping.unicast.UnicastZenPing$3.run(UnicastZenPing.java:395)
	at java.util.concurrent.ThreadPoolExecutor.runWorker(ThreadPoolExecutor.java:1142)
	at java.util.concurrent.ThreadPoolExecutor$Worker.run(ThreadPoolExecutor.java:617)
	at java.lang.Thread.run(Thread.java:745)
Caused by: java.net.ConnectException: Connection refused: /127.0.0.1:9663
	at sun.nio.ch.SocketChannelImpl.checkConnect(Native Method)
	at sun.nio.ch.SocketChannelImpl.finishConnect(SocketChannelImpl.java:717)
	at org.jboss.netty.channel.socket.nio.NioClientBoss.connect(NioClientBoss.java:152)
	at org.jboss.netty.channel.socket.nio.NioClientBoss.processSelectedKeys(NioClientBoss.java:105)
	at org.jboss.netty.channel.socket.nio.NioClientBoss.process(NioClientBoss.java:79)
	at org.jboss.netty.channel.socket.nio.AbstractNioSelector.run(AbstractNioSelector.java:337)
	at org.jboss.netty.channel.socket.nio.NioClientBoss.run(NioClientBoss.java:42)
	at org.jboss.netty.util.ThreadRenamingRunnable.run(ThreadRenamingRunnable.java:108)
	at org.jboss.netty.util.internal.DeadLockProofWorker$1.run(DeadLockProofWorker.java:42)
	... 3 more
[2016-03-30 14:02:03,694][TRACE][org.elasticsearch.discovery.zen.ping.unicast] [node_t1] [5] connecting (light) to {#zen_unicast_9#}{::1}{[::1]:9663}
[2016-03-30 14:02:03,695][TRACE][org.elasticsearch.discovery.zen.ping.unicast] [node_t1] [5] failed to connect to {#zen_unicast_8#}{::1}{[::1]:9662}
ConnectTransportException[[][[::1]:9662] connect_timeout[30s]]; nested: ConnectException[Connection refused: /0:0:0:0:0:0:0:1:9662];
	at org.elasticsearch.transport.netty.NettyTransport.connectToChannelsLight(NettyTransport.java:948)
	at org.elasticsearch.transport.netty.NettyTransport.connectToNode(NettyTransport.java:912)
	at org.elasticsearch.transport.netty.NettyTransport.connectToNodeLight(NettyTransport.java:884)
	at org.elasticsearch.test.transport.MockTransportService$LookupTestTransport.connectToNodeLight(MockTransportService.java:412)
	at org.elasticsearch.transport.TransportService.connectToNodeLight(TransportService.java:250)
	at org.elasticsearch.discovery.zen.ping.unicast.UnicastZenPing$3.run(UnicastZenPing.java:395)
	at java.util.concurrent.ThreadPoolExecutor.runWorker(ThreadPoolExecutor.java:1142)
	at java.util.concurrent.ThreadPoolExecutor$Worker.run(ThreadPoolExecutor.java:617)
	at java.lang.Thread.run(Thread.java:745)
Caused by: java.net.ConnectException: Connection refused: /0:0:0:0:0:0:0:1:9662
	at sun.nio.ch.SocketChannelImpl.checkConnect(Native Method)
	at sun.nio.ch.SocketChannelImpl.finishConnect(SocketChannelImpl.java:717)
	at org.jboss.netty.channel.socket.nio.NioClientBoss.connect(NioClientBoss.java:152)
	at org.jboss.netty.channel.socket.nio.NioClientBoss.processSelectedKeys(NioClientBoss.java:105)
	at org.jboss.netty.channel.socket.nio.NioClientBoss.process(NioClientBoss.java:79)
	at org.jboss.netty.channel.socket.nio.AbstractNioSelector.run(AbstractNioSelector.java:337)
	at org.jboss.netty.channel.socket.nio.NioClientBoss.run(NioClientBoss.java:42)
	at org.jboss.netty.util.ThreadRenamingRunnable.run(ThreadRenamingRunnable.java:108)
	at org.jboss.netty.util.internal.DeadLockProofWorker$1.run(DeadLockProofWorker.java:42)
	... 3 more
[2016-03-30 14:02:03,694][TRACE][org.elasticsearch.discovery.zen.ping.unicast] [node_t1] [5] connecting (light) to {#zen_unicast_10#}{::1}{[::1]:9664}
[2016-03-30 14:02:03,695][TRACE][org.elasticsearch.discovery.zen.ping.unicast] [node_t1] [5] failed to connect to {#zen_unicast_9#}{::1}{[::1]:9663}
ConnectTransportException[[][[::1]:9663] connect_timeout[30s]]; nested: ConnectException[Connection refused: /0:0:0:0:0:0:0:1:9663];
	at org.elasticsearch.transport.netty.NettyTransport.connectToChannelsLight(NettyTransport.java:948)
	at org.elasticsearch.transport.netty.NettyTransport.connectToNode(NettyTransport.java:912)
	at org.elasticsearch.transport.netty.NettyTransport.connectToNodeLight(NettyTransport.java:884)
	at org.elasticsearch.test.transport.MockTransportService$LookupTestTransport.connectToNodeLight(MockTransportService.java:412)
	at org.elasticsearch.transport.TransportService.connectToNodeLight(TransportService.java:250)
	at org.elasticsearch.discovery.zen.ping.unicast.UnicastZenPing$3.run(UnicastZenPing.java:395)
	at java.util.concurrent.ThreadPoolExecutor.runWorker(ThreadPoolExecutor.java:1142)
	at java.util.concurrent.ThreadPoolExecutor$Worker.run(ThreadPoolExecutor.java:617)
	at java.lang.Thread.run(Thread.java:745)
Caused by: java.net.ConnectException: Connection refused: /0:0:0:0:0:0:0:1:9663
	at sun.nio.ch.SocketChannelImpl.checkConnect(Native Method)
	at sun.nio.ch.SocketChannelImpl.finishConnect(SocketChannelImpl.java:717)
	at org.jboss.netty.channel.socket.nio.NioClientBoss.connect(NioClientBoss.java:152)
	at org.jboss.netty.channel.socket.nio.NioClientBoss.processSelectedKeys(NioClientBoss.java:105)
	at org.jboss.netty.channel.socket.nio.NioClientBoss.process(NioClientBoss.java:79)
	at org.jboss.netty.channel.socket.nio.AbstractNioSelector.run(AbstractNioSelector.java:337)
	at org.jboss.netty.channel.socket.nio.NioClientBoss.run(NioClientBoss.java:42)
	at org.jboss.netty.util.ThreadRenamingRunnable.run(ThreadRenamingRunnable.java:108)
	at org.jboss.netty.util.internal.DeadLockProofWorker$1.run(DeadLockProofWorker.java:42)
	... 3 more
[2016-03-30 14:02:03,694][TRACE][org.elasticsearch.discovery.zen.ping.unicast] [node_t1] [5] sending to {node_t1}{lk7U_niVSKyTWpmVoV3sIA}{127.0.0.1}{127.0.0.1:9661}[mode=>network]
[2016-03-30 14:02:03,696][TRACE][org.elasticsearch.discovery.zen.ping.unicast] [node_t1] [5] failed to connect to {#zen_unicast_10#}{::1}{[::1]:9664}
ConnectTransportException[[][[::1]:9664] connect_timeout[30s]]; nested: ConnectException[Connection refused: /0:0:0:0:0:0:0:1:9664];
	at org.elasticsearch.transport.netty.NettyTransport.connectToChannelsLight(NettyTransport.java:948)
	at org.elasticsearch.transport.netty.NettyTransport.connectToNode(NettyTransport.java:912)
	at org.elasticsearch.transport.netty.NettyTransport.connectToNodeLight(NettyTransport.java:884)
	at org.elasticsearch.test.transport.MockTransportService$LookupTestTransport.connectToNodeLight(MockTransportService.java:412)
	at org.elasticsearch.transport.TransportService.connectToNodeLight(TransportService.java:250)
	at org.elasticsearch.discovery.zen.ping.unicast.UnicastZenPing$3.run(UnicastZenPing.java:395)
	at java.util.concurrent.ThreadPoolExecutor.runWorker(ThreadPoolExecutor.java:1142)
	at java.util.concurrent.ThreadPoolExecutor$Worker.run(ThreadPoolExecutor.java:617)
	at java.lang.Thread.run(Thread.java:745)
Caused by: java.net.ConnectException: Connection refused: /0:0:0:0:0:0:0:1:9664
	at sun.nio.ch.SocketChannelImpl.checkConnect(Native Method)
	at sun.nio.ch.SocketChannelImpl.finishConnect(SocketChannelImpl.java:717)
	at org.jboss.netty.channel.socket.nio.NioClientBoss.connect(NioClientBoss.java:152)
	at org.jboss.netty.channel.socket.nio.NioClientBoss.processSelectedKeys(NioClientBoss.java:105)
	at org.jboss.netty.channel.socket.nio.NioClientBoss.process(NioClientBoss.java:79)
	at org.jboss.netty.channel.socket.nio.AbstractNioSelector.run(AbstractNioSelector.java:337)
	at org.jboss.netty.channel.socket.nio.NioClientBoss.run(NioClientBoss.java:42)
	at org.jboss.netty.util.ThreadRenamingRunnable.run(ThreadRenamingRunnable.java:108)
	at org.jboss.netty.util.internal.DeadLockProofWorker$1.run(DeadLockProofWorker.java:42)
	... 3 more
[2016-03-30 14:02:03,694][TRACE][org.elasticsearch.discovery.zen.ping.unicast] [node_t1] [5] failed to connect to {#zen_unicast_3#}{127.0.0.1}{127.0.0.1:9662}
ConnectTransportException[[][127.0.0.1:9662] connect_timeout[30s]]; nested: ConnectException[Connection refused: /127.0.0.1:9662];
	at org.elasticsearch.transport.netty.NettyTransport.connectToChannelsLight(NettyTransport.java:948)
	at org.elasticsearch.transport.netty.NettyTransport.connectToNode(NettyTransport.java:912)
	at org.elasticsearch.transport.netty.NettyTransport.connectToNodeLight(NettyTransport.java:884)
	at org.elasticsearch.test.transport.MockTransportService$LookupTestTransport.connectToNodeLight(MockTransportService.java:412)
	at org.elasticsearch.transport.TransportService.connectToNodeLight(TransportService.java:250)
	at org.elasticsearch.discovery.zen.ping.unicast.UnicastZenPing$3.run(UnicastZenPing.java:395)
	at java.util.concurrent.ThreadPoolExecutor.runWorker(ThreadPoolExecutor.java:1142)
	at java.util.concurrent.ThreadPoolExecutor$Worker.run(ThreadPoolExecutor.java:617)
	at java.lang.Thread.run(Thread.java:745)
Caused by: java.net.ConnectException: Connection refused: /127.0.0.1:9662
	at sun.nio.ch.SocketChannelImpl.checkConnect(Native Method)
	at sun.nio.ch.SocketChannelImpl.finishConnect(SocketChannelImpl.java:717)
	at org.jboss.netty.channel.socket.nio.NioClientBoss.connect(NioClientBoss.java:152)
	at org.jboss.netty.channel.socket.nio.NioClientBoss.processSelectedKeys(NioClientBoss.java:105)
	at org.jboss.netty.channel.socket.nio.NioClientBoss.process(NioClientBoss.java:79)
	at org.jboss.netty.channel.socket.nio.AbstractNioSelector.run(AbstractNioSelector.java:337)
	at org.jboss.netty.channel.socket.nio.NioClientBoss.run(NioClientBoss.java:42)
	at org.jboss.netty.util.ThreadRenamingRunnable.run(ThreadRenamingRunnable.java:108)
	at org.jboss.netty.util.internal.DeadLockProofWorker$1.run(DeadLockProofWorker.java:42)
	... 3 more
[2016-03-30 14:02:03,693][TRACE][org.elasticsearch.discovery.zen.ping.unicast] [node_t1] [5] connecting (light) to {#zen_unicast_6#}{::1}{[::1]:9660}
[2016-03-30 14:02:03,696][TRACE][org.elasticsearch.discovery.zen.ping.unicast] [node_t1] [5] received response from {node_t1}{lk7U_niVSKyTWpmVoV3sIA}{127.0.0.1}{127.0.0.1:9661}[mode=>network]: [ping_response{node [{node_t1}{lk7U_niVSKyTWpmVoV3sIA}{127.0.0.1}{127.0.0.1:9661}[mode=>network]], id[885], master [{node_t1}{lk7U_niVSKyTWpmVoV3sIA}{127.0.0.1}{127.0.0.1:9661}[mode=>network]], hasJoinedOnce [true], cluster_name[TEST-CHILD_VM=[2]-CLUSTER_SEED=[2858301384796425155]-HASH=[462C14F99751D]-cluster]}, ping_response{node [{node_t1}{lk7U_niVSKyTWpmVoV3sIA}{127.0.0.1}{127.0.0.1:9661}[mode=>network]], id[889], master [null], hasJoinedOnce [true], cluster_name[TEST-CHILD_VM=[2]-CLUSTER_SEED=[2858301384796425155]-HASH=[462C14F99751D]-cluster]}, ping_response{node [{node_t1}{lk7U_niVSKyTWpmVoV3sIA}{127.0.0.1}{127.0.0.1:9661}[mode=>network]], id[889], master [null], hasJoinedOnce [true], cluster_name[TEST-CHILD_VM=[2]-CLUSTER_SEED=[2858301384796425155]-HASH=[462C14F99751D]-cluster]}, ping_response{node [{node_t1}{lk7U_niVSKyTWpmVoV3sIA}{127.0.0.1}{127.0.0.1:9661}[mode=>network]], id[889], master [null], hasJoinedOnce [true], cluster_name[TEST-CHILD_VM=[2]-CLUSTER_SEED=[2858301384796425155]-HASH=[462C14F99751D]-cluster]}, ping_response{node [{node_t1}{lk7U_niVSKyTWpmVoV3sIA}{127.0.0.1}{127.0.0.1:9661}[mode=>network]], id[893], master [null], hasJoinedOnce [true], cluster_name[TEST-CHILD_VM=[2]-CLUSTER_SEED=[2858301384796425155]-HASH=[462C14F99751D]-cluster]}, ping_response{node [{node_t1}{lk7U_niVSKyTWpmVoV3sIA}{127.0.0.1}{127.0.0.1:9661}[mode=>network]], id[893], master [null], hasJoinedOnce [true], cluster_name[TEST-CHILD_VM=[2]-CLUSTER_SEED=[2858301384796425155]-HASH=[462C14F99751D]-cluster]}, ping_response{node [{node_t1}{lk7U_niVSKyTWpmVoV3sIA}{127.0.0.1}{127.0.0.1:9661}[mode=>network]], id[893], master [null], hasJoinedOnce [true], cluster_name[TEST-CHILD_VM=[2]-CLUSTER_SEED=[2858301384796425155]-HASH=[462C14F99751D]-cluster]}, ping_response{node [{node_t1}{lk7U_niVSKyTWpmVoV3sIA}{127.0.0.1}{127.0.0.1:9661}[mode=>network]], id[897], master [null], hasJoinedOnce [true], cluster_name[TEST-CHILD_VM=[2]-CLUSTER_SEED=[2858301384796425155]-HASH=[462C14F99751D]-cluster]}, ping_response{node [{node_t1}{lk7U_niVSKyTWpmVoV3sIA}{127.0.0.1}{127.0.0.1:9661}[mode=>network]], id[897], master [null], hasJoinedOnce [true], cluster_name[TEST-CHILD_VM=[2]-CLUSTER_SEED=[2858301384796425155]-HASH=[462C14F99751D]-cluster]}, ping_response{node [{node_t1}{lk7U_niVSKyTWpmVoV3sIA}{127.0.0.1}{127.0.0.1:9661}[mode=>network]], id[897], master [null], hasJoinedOnce [true], cluster_name[TEST-CHILD_VM=[2]-CLUSTER_SEED=[2858301384796425155]-HASH=[462C14F99751D]-cluster]}, ping_response{node [{node_t1}{lk7U_niVSKyTWpmVoV3sIA}{127.0.0.1}{127.0.0.1:9661}[mode=>network]], id[901], master [null], hasJoinedOnce [true], cluster_name[TEST-CHILD_VM=[2]-CLUSTER_SEED=[2858301384796425155]-HASH=[462C14F99751D]-cluster]}, ping_response{node [{node_t1}{lk7U_niVSKyTWpmVoV3sIA}{127.0.0.1}{127.0.0.1:9661}[mode=>network]], id[901], master [null], hasJoinedOnce [true], cluster_name[TEST-CHILD_VM=[2]-CLUSTER_SEED=[2858301384796425155]-HASH=[462C14F99751D]-cluster]}, ping_response{node [{node_t1}{lk7U_niVSKyTWpmVoV3sIA}{127.0.0.1}{127.0.0.1:9661}[mode=>network]], id[901], master [null], hasJoinedOnce [true], cluster_name[TEST-CHILD_VM=[2]-CLUSTER_SEED=[2858301384796425155]-HASH=[462C14F99751D]-cluster]}, ping_response{node [{node_t1}{lk7U_niVSKyTWpmVoV3sIA}{127.0.0.1}{127.0.0.1:9661}[mode=>network]], id[905], master [null], hasJoinedOnce [true], cluster_name[TEST-CHILD_VM=[2]-CLUSTER_SEED=[2858301384796425155]-HASH=[462C14F99751D]-cluster]}, ping_response{node [{node_t1}{lk7U_niVSKyTWpmVoV3sIA}{127.0.0.1}{127.0.0.1:9661}[mode=>network]], id[905], master [null], hasJoinedOnce [true], cluster_name[TEST-CHILD_VM=[2]-CLUSTER_SEED=[2858301384796425155]-HASH=[462C14F99751D]-cluster]}, ping_response{node [{node_t1}{lk7U_niVSKyTWpmVoV3sIA}{127.0.0.1}{127.0.0.1:9661}[mode=>network]], id[905], master [null], hasJoinedOnce [true], cluster_name[TEST-CHILD_VM=[2]-CLUSTER_SEED=[2858301384796425155]-HASH=[462C14F99751D]-cluster]}, ping_response{node [{node_t1}{lk7U_niVSKyTWpmVoV3sIA}{127.0.0.1}{127.0.0.1:9661}[mode=>network]], id[908], master [null], hasJoinedOnce [true], cluster_name[TEST-CHILD_VM=[2]-CLUSTER_SEED=[2858301384796425155]-HASH=[462C14F99751D]-cluster]}]
[2016-03-30 14:02:03,695][TRACE][org.elasticsearch.discovery.zen.ping.unicast] [node_t1] [5] received response from {#zen_unicast_7#}{::1}{[::1]:9661}: [ping_response{node [{node_t1}{lk7U_niVSKyTWpmVoV3sIA}{127.0.0.1}{127.0.0.1:9661}[mode=>network]], id[885], master [{node_t1}{lk7U_niVSKyTWpmVoV3sIA}{127.0.0.1}{127.0.0.1:9661}[mode=>network]], hasJoinedOnce [true], cluster_name[TEST-CHILD_VM=[2]-CLUSTER_SEED=[2858301384796425155]-HASH=[462C14F99751D]-cluster]}, ping_response{node [{node_t1}{lk7U_niVSKyTWpmVoV3sIA}{127.0.0.1}{127.0.0.1:9661}[mode=>network]], id[889], master [null], hasJoinedOnce [true], cluster_name[TEST-CHILD_VM=[2]-CLUSTER_SEED=[2858301384796425155]-HASH=[462C14F99751D]-cluster]}, ping_response{node [{node_t1}{lk7U_niVSKyTWpmVoV3sIA}{127.0.0.1}{127.0.0.1:9661}[mode=>network]], id[889], master [null], hasJoinedOnce [true], cluster_name[TEST-CHILD_VM=[2]-CLUSTER_SEED=[2858301384796425155]-HASH=[462C14F99751D]-cluster]}, ping_response{node [{node_t1}{lk7U_niVSKyTWpmVoV3sIA}{127.0.0.1}{127.0.0.1:9661}[mode=>network]], id[889], master [null], hasJoinedOnce [true], cluster_name[TEST-CHILD_VM=[2]-CLUSTER_SEED=[2858301384796425155]-HASH=[462C14F99751D]-cluster]}, ping_response{node [{node_t1}{lk7U_niVSKyTWpmVoV3sIA}{127.0.0.1}{127.0.0.1:9661}[mode=>network]], id[893], master [null], hasJoinedOnce [true], cluster_name[TEST-CHILD_VM=[2]-CLUSTER_SEED=[2858301384796425155]-HASH=[462C14F99751D]-cluster]}, ping_response{node [{node_t1}{lk7U_niVSKyTWpmVoV3sIA}{127.0.0.1}{127.0.0.1:9661}[mode=>network]], id[893], master [null], hasJoinedOnce [true], cluster_name[TEST-CHILD_VM=[2]-CLUSTER_SEED=[2858301384796425155]-HASH=[462C14F99751D]-cluster]}, ping_response{node [{node_t1}{lk7U_niVSKyTWpmVoV3sIA}{127.0.0.1}{127.0.0.1:9661}[mode=>network]], id[893], master [null], hasJoinedOnce [true], cluster_name[TEST-CHILD_VM=[2]-CLUSTER_SEED=[2858301384796425155]-HASH=[462C14F99751D]-cluster]}, ping_response{node [{node_t1}{lk7U_niVSKyTWpmVoV3sIA}{127.0.0.1}{127.0.0.1:9661}[mode=>network]], id[897], master [null], hasJoinedOnce [true], cluster_name[TEST-CHILD_VM=[2]-CLUSTER_SEED=[2858301384796425155]-HASH=[462C14F99751D]-cluster]}, ping_response{node [{node_t1}{lk7U_niVSKyTWpmVoV3sIA}{127.0.0.1}{127.0.0.1:9661}[mode=>network]], id[897], master [null], hasJoinedOnce [true], cluster_name[TEST-CHILD_VM=[2]-CLUSTER_SEED=[2858301384796425155]-HASH=[462C14F99751D]-cluster]}, ping_response{node [{node_t1}{lk7U_niVSKyTWpmVoV3sIA}{127.0.0.1}{127.0.0.1:9661}[mode=>network]], id[897], master [null], hasJoinedOnce [true], cluster_name[TEST-CHILD_VM=[2]-CLUSTER_SEED=[2858301384796425155]-HASH=[462C14F99751D]-cluster]}, ping_response{node [{node_t1}{lk7U_niVSKyTWpmVoV3sIA}{127.0.0.1}{127.0.0.1:9661}[mode=>network]], id[901], master [null], hasJoinedOnce [true], cluster_name[TEST-CHILD_VM=[2]-CLUSTER_SEED=[2858301384796425155]-HASH=[462C14F99751D]-cluster]}, ping_response{node [{node_t1}{lk7U_niVSKyTWpmVoV3sIA}{127.0.0.1}{127.0.0.1:9661}[mode=>network]], id[901], master [null], hasJoinedOnce [true], cluster_name[TEST-CHILD_VM=[2]-CLUSTER_SEED=[2858301384796425155]-HASH=[462C14F99751D]-cluster]}, ping_response{node [{node_t1}{lk7U_niVSKyTWpmVoV3sIA}{127.0.0.1}{127.0.0.1:9661}[mode=>network]], id[901], master [null], hasJoinedOnce [true], cluster_name[TEST-CHILD_VM=[2]-CLUSTER_SEED=[2858301384796425155]-HASH=[462C14F99751D]-cluster]}, ping_response{node [{node_t1}{lk7U_niVSKyTWpmVoV3sIA}{127.0.0.1}{127.0.0.1:9661}[mode=>network]], id[905], master [null], hasJoinedOnce [true], cluster_name[TEST-CHILD_VM=[2]-CLUSTER_SEED=[2858301384796425155]-HASH=[462C14F99751D]-cluster]}, ping_response{node [{node_t1}{lk7U_niVSKyTWpmVoV3sIA}{127.0.0.1}{127.0.0.1:9661}[mode=>network]], id[905], master [null], hasJoinedOnce [true], cluster_name[TEST-CHILD_VM=[2]-CLUSTER_SEED=[2858301384796425155]-HASH=[462C14F99751D]-cluster]}, ping_response{node [{node_t1}{lk7U_niVSKyTWpmVoV3sIA}{127.0.0.1}{127.0.0.1:9661}[mode=>network]], id[907], master [null], hasJoinedOnce [true], cluster_name[TEST-CHILD_VM=[2]-CLUSTER_SEED=[2858301384796425155]-HASH=[462C14F99751D]-cluster]}]
[2016-03-30 14:02:03,697][TRACE][org.elasticsearch.discovery.zen.ping.unicast] [node_t1] [5] failed to connect to {#zen_unicast_6#}{::1}{[::1]:9660}
ConnectTransportException[[][[::1]:9660] connect_timeout[30s]]; nested: ConnectException[Connection refused: /0:0:0:0:0:0:0:1:9660];
	at org.elasticsearch.transport.netty.NettyTransport.connectToChannelsLight(NettyTransport.java:948)
	at org.elasticsearch.transport.netty.NettyTransport.connectToNode(NettyTransport.java:912)
	at org.elasticsearch.transport.netty.NettyTransport.connectToNodeLight(NettyTransport.java:884)
	at org.elasticsearch.test.transport.MockTransportService$LookupTestTransport.connectToNodeLight(MockTransportService.java:412)
	at org.elasticsearch.transport.TransportService.connectToNodeLight(TransportService.java:250)
	at org.elasticsearch.discovery.zen.ping.unicast.UnicastZenPing$3.run(UnicastZenPing.java:395)
	at java.util.concurrent.ThreadPoolExecutor.runWorker(ThreadPoolExecutor.java:1142)
	at java.util.concurrent.ThreadPoolExecutor$Worker.run(ThreadPoolExecutor.java:617)
	at java.lang.Thread.run(Thread.java:745)
Caused by: java.net.ConnectException: Connection refused: /0:0:0:0:0:0:0:1:9660
	at sun.nio.ch.SocketChannelImpl.checkConnect(Native Method)
	at sun.nio.ch.SocketChannelImpl.finishConnect(SocketChannelImpl.java:717)
	at org.jboss.netty.channel.socket.nio.NioClientBoss.connect(NioClientBoss.java:152)
	at org.jboss.netty.channel.socket.nio.NioClientBoss.processSelectedKeys(NioClientBoss.java:105)
	at org.jboss.netty.channel.socket.nio.NioClientBoss.process(NioClientBoss.java:79)
	at org.jboss.netty.channel.socket.nio.AbstractNioSelector.run(AbstractNioSelector.java:337)
	at org.jboss.netty.channel.socket.nio.NioClientBoss.run(NioClientBoss.java:42)
	at org.jboss.netty.util.ThreadRenamingRunnable.run(ThreadRenamingRunnable.java:108)
	at org.jboss.netty.util.internal.DeadLockProofWorker$1.run(DeadLockProofWorker.java:42)
	... 3 more
[2016-03-30 14:02:03,698][TRACE][org.elasticsearch.discovery.zen.ping.unicast] [node_t1] [5] disconnecting from {#zen_unicast_1#}{127.0.0.1}{127.0.0.1:9660}
[2016-03-30 14:02:03,698][TRACE][org.elasticsearch.discovery.zen] [node_t1] full ping responses: {none}
[2016-03-30 14:02:03,698][TRACE][org.elasticsearch.discovery.zen.ping.unicast] [node_t1] [5] disconnecting from {#zen_unicast_6#}{::1}{[::1]:9660}
[2016-03-30 14:02:03,698][DEBUG][org.elasticsearch.discovery.zen] [node_t1] filtered ping responses: (filter_client[true], filter_data[false]) {none}
[2016-03-30 14:02:03,698][TRACE][org.elasticsearch.discovery.zen.ping.unicast] [node_t1] [5] disconnecting from {#zen_unicast_5#}{127.0.0.1}{127.0.0.1:9664}
[2016-03-30 14:02:03,698][TRACE][org.elasticsearch.discovery.zen] [node_t1] adding local node to the list of active nodes who has previously joined the cluster (joins counter is [2})
[2016-03-30 14:02:03,698][TRACE][org.elasticsearch.discovery.zen.ping.unicast] [node_t1] [5] disconnecting from {#zen_unicast_4#}{127.0.0.1}{127.0.0.1:9663}
[2016-03-30 14:02:03,698][TRACE][org.elasticsearch.discovery.zen] [node_t1] not enough master nodes [[{node_t1}{lk7U_niVSKyTWpmVoV3sIA}{127.0.0.1}{127.0.0.1:9661}[mode=>network]]]
[2016-03-30 14:02:03,698][TRACE][org.elasticsearch.discovery.zen.ping.unicast] [node_t1] [5] disconnecting from {#zen_unicast_3#}{127.0.0.1}{127.0.0.1:9662}
[2016-03-30 14:02:03,698][TRACE][org.elasticsearch.discovery.zen] [node_t1] starting to ping
[2016-03-30 14:02:03,698][TRACE][org.elasticsearch.discovery.zen.ping.unicast] [node_t1] [5] disconnecting from {#zen_unicast_10#}{::1}{[::1]:9664}
[2016-03-30 14:02:03,698][TRACE][org.elasticsearch.discovery.zen.ping.unicast] [node_t1] [5] disconnecting from {#zen_unicast_9#}{::1}{[::1]:9663}
[2016-03-30 14:02:03,699][TRACE][org.elasticsearch.discovery.zen.ping.unicast] [node_t1] [6] sending to {node_t1}{lk7U_niVSKyTWpmVoV3sIA}{127.0.0.1}{127.0.0.1:9661}[mode=>network]
[2016-03-30 14:02:03,699][TRACE][org.elasticsearch.discovery.zen.ping.unicast] [node_t1] [5] disconnecting from {#zen_unicast_8#}{::1}{[::1]:9662}
[2016-03-30 14:02:03,699][TRACE][org.elasticsearch.discovery.zen.ping.unicast] [node_t1] [6] connecting (light) to {#zen_unicast_1#}{127.0.0.1}{127.0.0.1:9660}
[2016-03-30 14:02:03,699][TRACE][org.elasticsearch.discovery.zen.ping.unicast] [node_t1] [5] disconnecting from {#zen_unicast_7#}{::1}{[::1]:9661}
[2016-03-30 14:02:03,699][TRACE][org.elasticsearch.discovery.zen.ping.unicast] [node_t1] [6] received response from {node_t1}{lk7U_niVSKyTWpmVoV3sIA}{127.0.0.1}{127.0.0.1:9661}[mode=>network]: [ping_response{node [{node_t1}{lk7U_niVSKyTWpmVoV3sIA}{127.0.0.1}{127.0.0.1:9661}[mode=>network]], id[885], master [{node_t1}{lk7U_niVSKyTWpmVoV3sIA}{127.0.0.1}{127.0.0.1:9661}[mode=>network]], hasJoinedOnce [true], cluster_name[TEST-CHILD_VM=[2]-CLUSTER_SEED=[2858301384796425155]-HASH=[462C14F99751D]-cluster]}, ping_response{node [{node_t1}{lk7U_niVSKyTWpmVoV3sIA}{127.0.0.1}{127.0.0.1:9661}[mode=>network]], id[889], master [null], hasJoinedOnce [true], cluster_name[TEST-CHILD_VM=[2]-CLUSTER_SEED=[2858301384796425155]-HASH=[462C14F99751D]-cluster]}, ping_response{node [{node_t1}{lk7U_niVSKyTWpmVoV3sIA}{127.0.0.1}{127.0.0.1:9661}[mode=>network]], id[889], master [null], hasJoinedOnce [true], cluster_name[TEST-CHILD_VM=[2]-CLUSTER_SEED=[2858301384796425155]-HASH=[462C14F99751D]-cluster]}, ping_response{node [{node_t1}{lk7U_niVSKyTWpmVoV3sIA}{127.0.0.1}{127.0.0.1:9661}[mode=>network]], id[889], master [null], hasJoinedOnce [true], cluster_name[TEST-CHILD_VM=[2]-CLUSTER_SEED=[2858301384796425155]-HASH=[462C14F99751D]-cluster]}, ping_response{node [{node_t1}{lk7U_niVSKyTWpmVoV3sIA}{127.0.0.1}{127.0.0.1:9661}[mode=>network]], id[893], master [null], hasJoinedOnce [true], cluster_name[TEST-CHILD_VM=[2]-CLUSTER_SEED=[2858301384796425155]-HASH=[462C14F99751D]-cluster]}, ping_response{node [{node_t1}{lk7U_niVSKyTWpmVoV3sIA}{127.0.0.1}{127.0.0.1:9661}[mode=>network]], id[893], master [null], hasJoinedOnce [true], cluster_name[TEST-CHILD_VM=[2]-CLUSTER_SEED=[2858301384796425155]-HASH=[462C14F99751D]-cluster]}, ping_response{node [{node_t1}{lk7U_niVSKyTWpmVoV3sIA}{127.0.0.1}{127.0.0.1:9661}[mode=>network]], id[893], master [null], hasJoinedOnce [true], cluster_name[TEST-CHILD_VM=[2]-CLUSTER_SEED=[2858301384796425155]-HASH=[462C14F99751D]-cluster]}, ping_response{node [{node_t1}{lk7U_niVSKyTWpmVoV3sIA}{127.0.0.1}{127.0.0.1:9661}[mode=>network]], id[897], master [null], hasJoinedOnce [true], cluster_name[TEST-CHILD_VM=[2]-CLUSTER_SEED=[2858301384796425155]-HASH=[462C14F99751D]-cluster]}, ping_response{node [{node_t1}{lk7U_niVSKyTWpmVoV3sIA}{127.0.0.1}{127.0.0.1:9661}[mode=>network]], id[897], master [null], hasJoinedOnce [true], cluster_name[TEST-CHILD_VM=[2]-CLUSTER_SEED=[2858301384796425155]-HASH=[462C14F99751D]-cluster]}, ping_response{node [{node_t1}{lk7U_niVSKyTWpmVoV3sIA}{127.0.0.1}{127.0.0.1:9661}[mode=>network]], id[897], master [null], hasJoinedOnce [true], cluster_name[TEST-CHILD_VM=[2]-CLUSTER_SEED=[2858301384796425155]-HASH=[462C14F99751D]-cluster]}, ping_response{node [{node_t1}{lk7U_niVSKyTWpmVoV3sIA}{127.0.0.1}{127.0.0.1:9661}[mode=>network]], id[901], master [null], hasJoinedOnce [true], cluster_name[TEST-CHILD_VM=[2]-CLUSTER_SEED=[2858301384796425155]-HASH=[462C14F99751D]-cluster]}, ping_response{node [{node_t1}{lk7U_niVSKyTWpmVoV3sIA}{127.0.0.1}{127.0.0.1:9661}[mode=>network]], id[901], master [null], hasJoinedOnce [true], cluster_name[TEST-CHILD_VM=[2]-CLUSTER_SEED=[2858301384796425155]-HASH=[462C14F99751D]-cluster]}, ping_response{node [{node_t1}{lk7U_niVSKyTWpmVoV3sIA}{127.0.0.1}{127.0.0.1:9661}[mode=>network]], id[901], master [null], hasJoinedOnce [true], cluster_name[TEST-CHILD_VM=[2]-CLUSTER_SEED=[2858301384796425155]-HASH=[462C14F99751D]-cluster]}, ping_response{node [{node_t1}{lk7U_niVSKyTWpmVoV3sIA}{127.0.0.1}{127.0.0.1:9661}[mode=>network]], id[905], master [null], hasJoinedOnce [true], cluster_name[TEST-CHILD_VM=[2]-CLUSTER_SEED=[2858301384796425155]-HASH=[462C14F99751D]-cluster]}, ping_response{node [{node_t1}{lk7U_niVSKyTWpmVoV3sIA}{127.0.0.1}{127.0.0.1:9661}[mode=>network]], id[905], master [null], hasJoinedOnce [true], cluster_name[TEST-CHILD_VM=[2]-CLUSTER_SEED=[2858301384796425155]-HASH=[462C14F99751D]-cluster]}, ping_response{node [{node_t1}{lk7U_niVSKyTWpmVoV3sIA}{127.0.0.1}{127.0.0.1:9661}[mode=>network]], id[905], master [null], hasJoinedOnce [true], cluster_name[TEST-CHILD_VM=[2]-CLUSTER_SEED=[2858301384796425155]-HASH=[462C14F99751D]-cluster]}, ping_response{node [{node_t1}{lk7U_niVSKyTWpmVoV3sIA}{127.0.0.1}{127.0.0.1:9661}[mode=>network]], id[909], master [null], hasJoinedOnce [true], cluster_name[TEST-CHILD_VM=[2]-CLUSTER_SEED=[2858301384796425155]-HASH=[462C14F99751D]-cluster]}, ping_response{node [{node_t1}{lk7U_niVSKyTWpmVoV3sIA}{127.0.0.1}{127.0.0.1:9661}[mode=>network]], id[910], master [null], hasJoinedOnce [true], cluster_name[TEST-CHILD_VM=[2]-CLUSTER_SEED=[2858301384796425155]-HASH=[462C14F99751D]-cluster]}]
[2016-03-30 14:02:03,699][TRACE][org.elasticsearch.discovery.zen.ping.unicast] [node_t1] [6] failed to connect to {#zen_unicast_1#}{127.0.0.1}{127.0.0.1:9660}
ConnectTransportException[[][127.0.0.1:9660] connect_timeout[30s]]; nested: ConnectException[Connection refused: /127.0.0.1:9660];
	at org.elasticsearch.transport.netty.NettyTransport.connectToChannelsLight(NettyTransport.java:948)
	at org.elasticsearch.transport.netty.NettyTransport.connectToNode(NettyTransport.java:912)
	at org.elasticsearch.transport.netty.NettyTransport.connectToNodeLight(NettyTransport.java:884)
	at org.elasticsearch.test.transport.MockTransportService$LookupTestTransport.connectToNodeLight(MockTransportService.java:412)
	at org.elasticsearch.transport.TransportService.connectToNodeLight(TransportService.java:250)
	at org.elasticsearch.discovery.zen.ping.unicast.UnicastZenPing$3.run(UnicastZenPing.java:395)
	at java.util.concurrent.ThreadPoolExecutor.runWorker(ThreadPoolExecutor.java:1142)
	at java.util.concurrent.ThreadPoolExecutor$Worker.run(ThreadPoolExecutor.java:617)
	at java.lang.Thread.run(Thread.java:745)
Caused by: java.net.ConnectException: Connection refused: /127.0.0.1:9660
	at sun.nio.ch.SocketChannelImpl.checkConnect(Native Method)
	at sun.nio.ch.SocketChannelImpl.finishConnect(SocketChannelImpl.java:717)
	at org.jboss.netty.channel.socket.nio.NioClientBoss.connect(NioClientBoss.java:152)
	at org.jboss.netty.channel.socket.nio.NioClientBoss.processSelectedKeys(NioClientBoss.java:105)
	at org.jboss.netty.channel.socket.nio.NioClientBoss.process(NioClientBoss.java:79)
	at org.jboss.netty.channel.socket.nio.AbstractNioSelector.run(AbstractNioSelector.java:337)
	at org.jboss.netty.channel.socket.nio.NioClientBoss.run(NioClientBoss.java:42)
	at org.jboss.netty.util.ThreadRenamingRunnable.run(ThreadRenamingRunnable.java:108)
	at org.jboss.netty.util.internal.DeadLockProofWorker$1.run(DeadLockProofWorker.java:42)
	... 3 more
[2016-03-30 14:02:03,700][TRACE][org.elasticsearch.discovery.zen.ping.unicast] [node_t1] [6] connecting (light) to {#zen_unicast_9#}{::1}{[::1]:9663}
[2016-03-30 14:02:03,700][TRACE][org.elasticsearch.discovery.zen.ping.unicast] [node_t1] [6] connecting (light) to {#zen_unicast_10#}{::1}{[::1]:9664}
[2016-03-30 14:02:03,700][TRACE][org.elasticsearch.discovery.zen.ping.unicast] [node_t1] [6] connecting (light) to {#zen_unicast_8#}{::1}{[::1]:9662}
[2016-03-30 14:02:03,699][TRACE][org.elasticsearch.discovery.zen.ping.unicast] [node_t1] [6] connecting (light) to {#zen_unicast_4#}{127.0.0.1}{127.0.0.1:9663}
[2016-03-30 14:02:03,700][TRACE][org.elasticsearch.discovery.zen.ping.unicast] [node_t1] [6] connecting (light) to {#zen_unicast_7#}{::1}{[::1]:9661}
[2016-03-30 14:02:03,699][TRACE][org.elasticsearch.discovery.zen.ping.unicast] [node_t1] [6] connecting (light) to {#zen_unicast_5#}{127.0.0.1}{127.0.0.1:9664}
[2016-03-30 14:02:03,700][TRACE][org.elasticsearch.discovery.zen.ping.unicast] [node_t1] [6] connecting (light) to {#zen_unicast_6#}{::1}{[::1]:9660}
[2016-03-30 14:02:03,699][TRACE][org.elasticsearch.discovery.zen.ping.unicast] [node_t1] [6] connecting (light) to {#zen_unicast_3#}{127.0.0.1}{127.0.0.1:9662}
[2016-03-30 14:02:03,699][TRACE][org.elasticsearch.discovery.zen.ping.unicast] [node_t1] [6] sending to {node_t1}{lk7U_niVSKyTWpmVoV3sIA}{127.0.0.1}{127.0.0.1:9661}[mode=>network]
[2016-03-30 14:02:03,701][TRACE][org.elasticsearch.discovery.zen.ping.unicast] [node_t1] [6] received response from {node_t1}{lk7U_niVSKyTWpmVoV3sIA}{127.0.0.1}{127.0.0.1:9661}[mode=>network]: [ping_response{node [{node_t1}{lk7U_niVSKyTWpmVoV3sIA}{127.0.0.1}{127.0.0.1:9661}[mode=>network]], id[885], master [{node_t1}{lk7U_niVSKyTWpmVoV3sIA}{127.0.0.1}{127.0.0.1:9661}[mode=>network]], hasJoinedOnce [true], cluster_name[TEST-CHILD_VM=[2]-CLUSTER_SEED=[2858301384796425155]-HASH=[462C14F99751D]-cluster]}, ping_response{node [{node_t1}{lk7U_niVSKyTWpmVoV3sIA}{127.0.0.1}{127.0.0.1:9661}[mode=>network]], id[889], master [null], hasJoinedOnce [true], cluster_name[TEST-CHILD_VM=[2]-CLUSTER_SEED=[2858301384796425155]-HASH=[462C14F99751D]-cluster]}, ping_response{node [{node_t1}{lk7U_niVSKyTWpmVoV3sIA}{127.0.0.1}{127.0.0.1:9661}[mode=>network]], id[889], master [null], hasJoinedOnce [true], cluster_name[TEST-CHILD_VM=[2]-CLUSTER_SEED=[2858301384796425155]-HASH=[462C14F99751D]-cluster]}, ping_response{node [{node_t1}{lk7U_niVSKyTWpmVoV3sIA}{127.0.0.1}{127.0.0.1:9661}[mode=>network]], id[889], master [null], hasJoinedOnce [true], cluster_name[TEST-CHILD_VM=[2]-CLUSTER_SEED=[2858301384796425155]-HASH=[462C14F99751D]-cluster]}, ping_response{node [{node_t1}{lk7U_niVSKyTWpmVoV3sIA}{127.0.0.1}{127.0.0.1:9661}[mode=>network]], id[893], master [null], hasJoinedOnce [true], cluster_name[TEST-CHILD_VM=[2]-CLUSTER_SEED=[2858301384796425155]-HASH=[462C14F99751D]-cluster]}, ping_response{node [{node_t1}{lk7U_niVSKyTWpmVoV3sIA}{127.0.0.1}{127.0.0.1:9661}[mode=>network]], id[893], master [null], hasJoinedOnce [true], cluster_name[TEST-CHILD_VM=[2]-CLUSTER_SEED=[2858301384796425155]-HASH=[462C14F99751D]-cluster]}, ping_response{node [{node_t1}{lk7U_niVSKyTWpmVoV3sIA}{127.0.0.1}{127.0.0.1:9661}[mode=>network]], id[893], master [null], hasJoinedOnce [true], cluster_name[TEST-CHILD_VM=[2]-CLUSTER_SEED=[2858301384796425155]-HASH=[462C14F99751D]-cluster]}, ping_response{node [{node_t1}{lk7U_niVSKyTWpmVoV3sIA}{127.0.0.1}{127.0.0.1:9661}[mode=>network]], id[897], master [null], hasJoinedOnce [true], cluster_name[TEST-CHILD_VM=[2]-CLUSTER_SEED=[2858301384796425155]-HASH=[462C14F99751D]-cluster]}, ping_response{node [{node_t1}{lk7U_niVSKyTWpmVoV3sIA}{127.0.0.1}{127.0.0.1:9661}[mode=>network]], id[897], master [null], hasJoinedOnce [true], cluster_name[TEST-CHILD_VM=[2]-CLUSTER_SEED=[2858301384796425155]-HASH=[462C14F99751D]-cluster]}, ping_response{node [{node_t1}{lk7U_niVSKyTWpmVoV3sIA}{127.0.0.1}{127.0.0.1:9661}[mode=>network]], id[897], master [null], hasJoinedOnce [true], cluster_name[TEST-CHILD_VM=[2]-CLUSTER_SEED=[2858301384796425155]-HASH=[462C14F99751D]-cluster]}, ping_response{node [{node_t1}{lk7U_niVSKyTWpmVoV3sIA}{127.0.0.1}{127.0.0.1:9661}[mode=>network]], id[901], master [null], hasJoinedOnce [true], cluster_name[TEST-CHILD_VM=[2]-CLUSTER_SEED=[2858301384796425155]-HASH=[462C14F99751D]-cluster]}, ping_response{node [{node_t1}{lk7U_niVSKyTWpmVoV3sIA}{127.0.0.1}{127.0.0.1:9661}[mode=>network]], id[901], master [null], hasJoinedOnce [true], cluster_name[TEST-CHILD_VM=[2]-CLUSTER_SEED=[2858301384796425155]-HASH=[462C14F99751D]-cluster]}, ping_response{node [{node_t1}{lk7U_niVSKyTWpmVoV3sIA}{127.0.0.1}{127.0.0.1:9661}[mode=>network]], id[901], master [null], hasJoinedOnce [true], cluster_name[TEST-CHILD_VM=[2]-CLUSTER_SEED=[2858301384796425155]-HASH=[462C14F99751D]-cluster]}, ping_response{node [{node_t1}{lk7U_niVSKyTWpmVoV3sIA}{127.0.0.1}{127.0.0.1:9661}[mode=>network]], id[905], master [null], hasJoinedOnce [true], cluster_name[TEST-CHILD_VM=[2]-CLUSTER_SEED=[2858301384796425155]-HASH=[462C14F99751D]-cluster]}, ping_response{node [{node_t1}{lk7U_niVSKyTWpmVoV3sIA}{127.0.0.1}{127.0.0.1:9661}[mode=>network]], id[905], master [null], hasJoinedOnce [true], cluster_name[TEST-CHILD_VM=[2]-CLUSTER_SEED=[2858301384796425155]-HASH=[462C14F99751D]-cluster]}, ping_response{node [{node_t1}{lk7U_niVSKyTWpmVoV3sIA}{127.0.0.1}{127.0.0.1:9661}[mode=>network]], id[905], master [null], hasJoinedOnce [true], cluster_name[TEST-CHILD_VM=[2]-CLUSTER_SEED=[2858301384796425155]-HASH=[462C14F99751D]-cluster]}, ping_response{node [{node_t1}{lk7U_niVSKyTWpmVoV3sIA}{127.0.0.1}{127.0.0.1:9661}[mode=>network]], id[909], master [null], hasJoinedOnce [true], cluster_name[TEST-CHILD_VM=[2]-CLUSTER_SEED=[2858301384796425155]-HASH=[462C14F99751D]-cluster]}, ping_response{node [{node_t1}{lk7U_niVSKyTWpmVoV3sIA}{127.0.0.1}{127.0.0.1:9661}[mode=>network]], id[909], master [null], hasJoinedOnce [true], cluster_name[TEST-CHILD_VM=[2]-CLUSTER_SEED=[2858301384796425155]-HASH=[462C14F99751D]-cluster]}, ping_response{node [{node_t1}{lk7U_niVSKyTWpmVoV3sIA}{127.0.0.1}{127.0.0.1:9661}[mode=>network]], id[911], master [null], hasJoinedOnce [true], cluster_name[TEST-CHILD_VM=[2]-CLUSTER_SEED=[2858301384796425155]-HASH=[462C14F99751D]-cluster]}]
[2016-03-30 14:02:03,701][TRACE][org.elasticsearch.discovery.zen.ping.unicast] [node_t1] [6] failed to connect to {#zen_unicast_9#}{::1}{[::1]:9663}
ConnectTransportException[[][[::1]:9663] connect_timeout[30s]]; nested: ConnectException[Connection refused: /0:0:0:0:0:0:0:1:9663];
	at org.elasticsearch.transport.netty.NettyTransport.connectToChannelsLight(NettyTransport.java:948)
	at org.elasticsearch.transport.netty.NettyTransport.connectToNode(NettyTransport.java:912)
	at org.elasticsearch.transport.netty.NettyTransport.connectToNodeLight(NettyTransport.java:884)
	at org.elasticsearch.test.transport.MockTransportService$LookupTestTransport.connectToNodeLight(MockTransportService.java:412)
	at org.elasticsearch.transport.TransportService.connectToNodeLight(TransportService.java:250)
	at org.elasticsearch.discovery.zen.ping.unicast.UnicastZenPing$3.run(UnicastZenPing.java:395)
	at java.util.concurrent.ThreadPoolExecutor.runWorker(ThreadPoolExecutor.java:1142)
	at java.util.concurrent.ThreadPoolExecutor$Worker.run(ThreadPoolExecutor.java:617)
	at java.lang.Thread.run(Thread.java:745)
Caused by: java.net.ConnectException: Connection refused: /0:0:0:0:0:0:0:1:9663
	at sun.nio.ch.SocketChannelImpl.checkConnect(Native Method)
	at sun.nio.ch.SocketChannelImpl.finishConnect(SocketChannelImpl.java:717)
	at org.jboss.netty.channel.socket.nio.NioClientBoss.connect(NioClientBoss.java:152)
	at org.jboss.netty.channel.socket.nio.NioClientBoss.processSelectedKeys(NioClientBoss.java:105)
	at org.jboss.netty.channel.socket.nio.NioClientBoss.process(NioClientBoss.java:79)
	at org.jboss.netty.channel.socket.nio.AbstractNioSelector.run(AbstractNioSelector.java:337)
	at org.jboss.netty.channel.socket.nio.NioClientBoss.run(NioClientBoss.java:42)
	at org.jboss.netty.util.ThreadRenamingRunnable.run(ThreadRenamingRunnable.java:108)
	at org.jboss.netty.util.internal.DeadLockProofWorker$1.run(DeadLockProofWorker.java:42)
	... 3 more
[2016-03-30 14:02:03,701][TRACE][org.elasticsearch.discovery.zen.ping.unicast] [node_t1] [6] failed to connect to {#zen_unicast_4#}{127.0.0.1}{127.0.0.1:9663}
ConnectTransportException[[][127.0.0.1:9663] connect_timeout[30s]]; nested: ConnectException[Connection refused: /127.0.0.1:9663];
	at org.elasticsearch.transport.netty.NettyTransport.connectToChannelsLight(NettyTransport.java:948)
	at org.elasticsearch.transport.netty.NettyTransport.connectToNode(NettyTransport.java:912)
	at org.elasticsearch.transport.netty.NettyTransport.connectToNodeLight(NettyTransport.java:884)
	at org.elasticsearch.test.transport.MockTransportService$LookupTestTransport.connectToNodeLight(MockTransportService.java:412)
	at org.elasticsearch.transport.TransportService.connectToNodeLight(TransportService.java:250)
	at org.elasticsearch.discovery.zen.ping.unicast.UnicastZenPing$3.run(UnicastZenPing.java:395)
	at java.util.concurrent.ThreadPoolExecutor.runWorker(ThreadPoolExecutor.java:1142)
	at java.util.concurrent.ThreadPoolExecutor$Worker.run(ThreadPoolExecutor.java:617)
	at java.lang.Thread.run(Thread.java:745)
Caused by: java.net.ConnectException: Connection refused: /127.0.0.1:9663
	at sun.nio.ch.SocketChannelImpl.checkConnect(Native Method)
	at sun.nio.ch.SocketChannelImpl.finishConnect(SocketChannelImpl.java:717)
	at org.jboss.netty.channel.socket.nio.NioClientBoss.connect(NioClientBoss.java:152)
	at org.jboss.netty.channel.socket.nio.NioClientBoss.processSelectedKeys(NioClientBoss.java:105)
	at org.jboss.netty.channel.socket.nio.NioClientBoss.process(NioClientBoss.java:79)
	at org.jboss.netty.channel.socket.nio.AbstractNioSelector.run(AbstractNioSelector.java:337)
	at org.jboss.netty.channel.socket.nio.NioClientBoss.run(NioClientBoss.java:42)
	at org.jboss.netty.util.ThreadRenamingRunnable.run(ThreadRenamingRunnable.java:108)
	at org.jboss.netty.util.internal.DeadLockProofWorker$1.run(DeadLockProofWorker.java:42)
	... 3 more
[2016-03-30 14:02:03,701][TRACE][org.elasticsearch.discovery.zen.ping.unicast] [node_t1] [6] failed to connect to {#zen_unicast_8#}{::1}{[::1]:9662}
ConnectTransportException[[][[::1]:9662] connect_timeout[30s]]; nested: ConnectException[Connection refused: /0:0:0:0:0:0:0:1:9662];
	at org.elasticsearch.transport.netty.NettyTransport.connectToChannelsLight(NettyTransport.java:948)
	at org.elasticsearch.transport.netty.NettyTransport.connectToNode(NettyTransport.java:912)
	at org.elasticsearch.transport.netty.NettyTransport.connectToNodeLight(NettyTransport.java:884)
	at org.elasticsearch.test.transport.MockTransportService$LookupTestTransport.connectToNodeLight(MockTransportService.java:412)
	at org.elasticsearch.transport.TransportService.connectToNodeLight(TransportService.java:250)
	at org.elasticsearch.discovery.zen.ping.unicast.UnicastZenPing$3.run(UnicastZenPing.java:395)
	at java.util.concurrent.ThreadPoolExecutor.runWorker(ThreadPoolExecutor.java:1142)
	at java.util.concurrent.ThreadPoolExecutor$Worker.run(ThreadPoolExecutor.java:617)
	at java.lang.Thread.run(Thread.java:745)
Caused by: java.net.ConnectException: Connection refused: /0:0:0:0:0:0:0:1:9662
	at sun.nio.ch.SocketChannelImpl.checkConnect(Native Method)
	at sun.nio.ch.SocketChannelImpl.finishConnect(SocketChannelImpl.java:717)
	at org.jboss.netty.channel.socket.nio.NioClientBoss.connect(NioClientBoss.java:152)
	at org.jboss.netty.channel.socket.nio.NioClientBoss.processSelectedKeys(NioClientBoss.java:105)
	at org.jboss.netty.channel.socket.nio.NioClientBoss.process(NioClientBoss.java:79)
	at org.jboss.netty.channel.socket.nio.AbstractNioSelector.run(AbstractNioSelector.java:337)
	at org.jboss.netty.channel.socket.nio.NioClientBoss.run(NioClientBoss.java:42)
	at org.jboss.netty.util.ThreadRenamingRunnable.run(ThreadRenamingRunnable.java:108)
	at org.jboss.netty.util.internal.DeadLockProofWorker$1.run(DeadLockProofWorker.java:42)
	... 3 more
[2016-03-30 14:02:03,701][TRACE][org.elasticsearch.discovery.zen.ping.unicast] [node_t1] [6] failed to connect to {#zen_unicast_10#}{::1}{[::1]:9664}
ConnectTransportException[[][[::1]:9664] connect_timeout[30s]]; nested: ConnectException[Connection refused: /0:0:0:0:0:0:0:1:9664];
	at org.elasticsearch.transport.netty.NettyTransport.connectToChannelsLight(NettyTransport.java:948)
	at org.elasticsearch.transport.netty.NettyTransport.connectToNode(NettyTransport.java:912)
	at org.elasticsearch.transport.netty.NettyTransport.connectToNodeLight(NettyTransport.java:884)
	at org.elasticsearch.test.transport.MockTransportService$LookupTestTransport.connectToNodeLight(MockTransportService.java:412)
	at org.elasticsearch.transport.TransportService.connectToNodeLight(TransportService.java:250)
	at org.elasticsearch.discovery.zen.ping.unicast.UnicastZenPing$3.run(UnicastZenPing.java:395)
	at java.util.concurrent.ThreadPoolExecutor.runWorker(ThreadPoolExecutor.java:1142)
	at java.util.concurrent.ThreadPoolExecutor$Worker.run(ThreadPoolExecutor.java:617)
	at java.lang.Thread.run(Thread.java:745)
Caused by: java.net.ConnectException: Connection refused: /0:0:0:0:0:0:0:1:9664
	at sun.nio.ch.SocketChannelImpl.checkConnect(Native Method)
	at sun.nio.ch.SocketChannelImpl.finishConnect(SocketChannelImpl.java:717)
	at org.jboss.netty.channel.socket.nio.NioClientBoss.connect(NioClientBoss.java:152)
	at org.jboss.netty.channel.socket.nio.NioClientBoss.processSelectedKeys(NioClientBoss.java:105)
	at org.jboss.netty.channel.socket.nio.NioClientBoss.process(NioClientBoss.java:79)
	at org.jboss.netty.channel.socket.nio.AbstractNioSelector.run(AbstractNioSelector.java:337)
	at org.jboss.netty.channel.socket.nio.NioClientBoss.run(NioClientBoss.java:42)
	at org.jboss.netty.util.ThreadRenamingRunnable.run(ThreadRenamingRunnable.java:108)
	at org.jboss.netty.util.internal.DeadLockProofWorker$1.run(DeadLockProofWorker.java:42)
	... 3 more
[2016-03-30 14:02:03,702][TRACE][org.elasticsearch.discovery.zen.ping.unicast] [node_t1] [6] failed to connect to {#zen_unicast_3#}{127.0.0.1}{127.0.0.1:9662}
ConnectTransportException[[][127.0.0.1:9662] connect_timeout[30s]]; nested: ConnectException[Connection refused: /127.0.0.1:9662];
	at org.elasticsearch.transport.netty.NettyTransport.connectToChannelsLight(NettyTransport.java:948)
	at org.elasticsearch.transport.netty.NettyTransport.connectToNode(NettyTransport.java:912)
	at org.elasticsearch.transport.netty.NettyTransport.connectToNodeLight(NettyTransport.java:884)
	at org.elasticsearch.test.transport.MockTransportService$LookupTestTransport.connectToNodeLight(MockTransportService.java:412)
	at org.elasticsearch.transport.TransportService.connectToNodeLight(TransportService.java:250)
	at org.elasticsearch.discovery.zen.ping.unicast.UnicastZenPing$3.run(UnicastZenPing.java:395)
	at java.util.concurrent.ThreadPoolExecutor.runWorker(ThreadPoolExecutor.java:1142)
	at java.util.concurrent.ThreadPoolExecutor$Worker.run(ThreadPoolExecutor.java:617)
	at java.lang.Thread.run(Thread.java:745)
Caused by: java.net.ConnectException: Connection refused: /127.0.0.1:9662
	at sun.nio.ch.SocketChannelImpl.checkConnect(Native Method)
	at sun.nio.ch.SocketChannelImpl.finishConnect(SocketChannelImpl.java:717)
	at org.jboss.netty.channel.socket.nio.NioClientBoss.connect(NioClientBoss.java:152)
	at org.jboss.netty.channel.socket.nio.NioClientBoss.processSelectedKeys(NioClientBoss.java:105)
	at org.jboss.netty.channel.socket.nio.NioClientBoss.process(NioClientBoss.java:79)
	at org.jboss.netty.channel.socket.nio.AbstractNioSelector.run(AbstractNioSelector.java:337)
	at org.jboss.netty.channel.socket.nio.NioClientBoss.run(NioClientBoss.java:42)
	at org.jboss.netty.util.ThreadRenamingRunnable.run(ThreadRenamingRunnable.java:108)
	at org.jboss.netty.util.internal.DeadLockProofWorker$1.run(DeadLockProofWorker.java:42)
	... 3 more
[2016-03-30 14:02:03,702][TRACE][org.elasticsearch.discovery.zen.ping.unicast] [node_t1] [6] failed to connect to {#zen_unicast_5#}{127.0.0.1}{127.0.0.1:9664}
ConnectTransportException[[][127.0.0.1:9664] connect_timeout[30s]]; nested: ConnectException[Connection refused: /127.0.0.1:9664];
	at org.elasticsearch.transport.netty.NettyTransport.connectToChannelsLight(NettyTransport.java:948)
	at org.elasticsearch.transport.netty.NettyTransport.connectToNode(NettyTransport.java:912)
	at org.elasticsearch.transport.netty.NettyTransport.connectToNodeLight(NettyTransport.java:884)
	at org.elasticsearch.test.transport.MockTransportService$LookupTestTransport.connectToNodeLight(MockTransportService.java:412)
	at org.elasticsearch.transport.TransportService.connectToNodeLight(TransportService.java:250)
	at org.elasticsearch.discovery.zen.ping.unicast.UnicastZenPing$3.run(UnicastZenPing.java:395)
	at java.util.concurrent.ThreadPoolExecutor.runWorker(ThreadPoolExecutor.java:1142)
	at java.util.concurrent.ThreadPoolExecutor$Worker.run(ThreadPoolExecutor.java:617)
	at java.lang.Thread.run(Thread.java:745)
Caused by: java.net.ConnectException: Connection refused: /127.0.0.1:9664
	at sun.nio.ch.SocketChannelImpl.checkConnect(Native Method)
	at sun.nio.ch.SocketChannelImpl.finishConnect(SocketChannelImpl.java:717)
	at org.jboss.netty.channel.socket.nio.NioClientBoss.connect(NioClientBoss.java:152)
	at org.jboss.netty.channel.socket.nio.NioClientBoss.processSelectedKeys(NioClientBoss.java:105)
	at org.jboss.netty.channel.socket.nio.NioClientBoss.process(NioClientBoss.java:79)
	at org.jboss.netty.channel.socket.nio.AbstractNioSelector.run(AbstractNioSelector.java:337)
	at org.jboss.netty.channel.socket.nio.NioClientBoss.run(NioClientBoss.java:42)
	at org.jboss.netty.util.ThreadRenamingRunnable.run(ThreadRenamingRunnable.java:108)
	at org.jboss.netty.util.internal.DeadLockProofWorker$1.run(DeadLockProofWorker.java:42)
	... 3 more
[2016-03-30 14:02:03,701][TRACE][org.elasticsearch.discovery.zen.ping.unicast] [node_t1] [6] failed to connect to {#zen_unicast_6#}{::1}{[::1]:9660}
ConnectTransportException[[][[::1]:9660] connect_timeout[30s]]; nested: ConnectException[Connection refused: /0:0:0:0:0:0:0:1:9660];
	at org.elasticsearch.transport.netty.NettyTransport.connectToChannelsLight(NettyTransport.java:948)
	at org.elasticsearch.transport.netty.NettyTransport.connectToNode(NettyTransport.java:912)
	at org.elasticsearch.transport.netty.NettyTransport.connectToNodeLight(NettyTransport.java:884)
	at org.elasticsearch.test.transport.MockTransportService$LookupTestTransport.connectToNodeLight(MockTransportService.java:412)
	at org.elasticsearch.transport.TransportService.connectToNodeLight(TransportService.java:250)
	at org.elasticsearch.discovery.zen.ping.unicast.UnicastZenPing$3.run(UnicastZenPing.java:395)
	at java.util.concurrent.ThreadPoolExecutor.runWorker(ThreadPoolExecutor.java:1142)
	at java.util.concurrent.ThreadPoolExecutor$Worker.run(ThreadPoolExecutor.java:617)
	at java.lang.Thread.run(Thread.java:745)
Caused by: java.net.ConnectException: Connection refused: /0:0:0:0:0:0:0:1:9660
	at sun.nio.ch.SocketChannelImpl.checkConnect(Native Method)
	at sun.nio.ch.SocketChannelImpl.finishConnect(SocketChannelImpl.java:717)
	at org.jboss.netty.channel.socket.nio.NioClientBoss.connect(NioClientBoss.java:152)
	at org.jboss.netty.channel.socket.nio.NioClientBoss.processSelectedKeys(NioClientBoss.java:105)
	at org.jboss.netty.channel.socket.nio.NioClientBoss.process(NioClientBoss.java:79)
	at org.jboss.netty.channel.socket.nio.AbstractNioSelector.run(AbstractNioSelector.java:337)
	at org.jboss.netty.channel.socket.nio.NioClientBoss.run(NioClientBoss.java:42)
	at org.jboss.netty.util.ThreadRenamingRunnable.run(ThreadRenamingRunnable.java:108)
	at org.jboss.netty.util.internal.DeadLockProofWorker$1.run(DeadLockProofWorker.java:42)
	... 3 more
[2016-03-30 14:02:03,701][TRACE][org.elasticsearch.discovery.zen.ping.unicast] [node_t1] [6] connected to {#zen_unicast_7#}{::1}{[::1]:9661}
[2016-03-30 14:02:03,704][TRACE][org.elasticsearch.discovery.zen.ping.unicast] [node_t1] [6] sending to {#zen_unicast_7#}{::1}{[::1]:9661}
[2016-03-30 14:02:03,705][TRACE][org.elasticsearch.discovery.zen.ping.unicast] [node_t1] [6] received response from {#zen_unicast_7#}{::1}{[::1]:9661}: [ping_response{node [{node_t1}{lk7U_niVSKyTWpmVoV3sIA}{127.0.0.1}{127.0.0.1:9661}[mode=>network]], id[885], master [{node_t1}{lk7U_niVSKyTWpmVoV3sIA}{127.0.0.1}{127.0.0.1:9661}[mode=>network]], hasJoinedOnce [true], cluster_name[TEST-CHILD_VM=[2]-CLUSTER_SEED=[2858301384796425155]-HASH=[462C14F99751D]-cluster]}, ping_response{node [{node_t1}{lk7U_niVSKyTWpmVoV3sIA}{127.0.0.1}{127.0.0.1:9661}[mode=>network]], id[889], master [null], hasJoinedOnce [true], cluster_name[TEST-CHILD_VM=[2]-CLUSTER_SEED=[2858301384796425155]-HASH=[462C14F99751D]-cluster]}, ping_response{node [{node_t1}{lk7U_niVSKyTWpmVoV3sIA}{127.0.0.1}{127.0.0.1:9661}[mode=>network]], id[889], master [null], hasJoinedOnce [true], cluster_name[TEST-CHILD_VM=[2]-CLUSTER_SEED=[2858301384796425155]-HASH=[462C14F99751D]-cluster]}, ping_response{node [{node_t1}{lk7U_niVSKyTWpmVoV3sIA}{127.0.0.1}{127.0.0.1:9661}[mode=>network]], id[889], master [null], hasJoinedOnce [true], cluster_name[TEST-CHILD_VM=[2]-CLUSTER_SEED=[2858301384796425155]-HASH=[462C14F99751D]-cluster]}, ping_response{node [{node_t1}{lk7U_niVSKyTWpmVoV3sIA}{127.0.0.1}{127.0.0.1:9661}[mode=>network]], id[893], master [null], hasJoinedOnce [true], cluster_name[TEST-CHILD_VM=[2]-CLUSTER_SEED=[2858301384796425155]-HASH=[462C14F99751D]-cluster]}, ping_response{node [{node_t1}{lk7U_niVSKyTWpmVoV3sIA}{127.0.0.1}{127.0.0.1:9661}[mode=>network]], id[893], master [null], hasJoinedOnce [true], cluster_name[TEST-CHILD_VM=[2]-CLUSTER_SEED=[2858301384796425155]-HASH=[462C14F99751D]-cluster]}, ping_response{node [{node_t1}{lk7U_niVSKyTWpmVoV3sIA}{127.0.0.1}{127.0.0.1:9661}[mode=>network]], id[893], master [null], hasJoinedOnce [true], cluster_name[TEST-CHILD_VM=[2]-CLUSTER_SEED=[2858301384796425155]-HASH=[462C14F99751D]-cluster]}, ping_response{node [{node_t1}{lk7U_niVSKyTWpmVoV3sIA}{127.0.0.1}{127.0.0.1:9661}[mode=>network]], id[897], master [null], hasJoinedOnce [true], cluster_name[TEST-CHILD_VM=[2]-CLUSTER_SEED=[2858301384796425155]-HASH=[462C14F99751D]-cluster]}, ping_response{node [{node_t1}{lk7U_niVSKyTWpmVoV3sIA}{127.0.0.1}{127.0.0.1:9661}[mode=>network]], id[897], master [null], hasJoinedOnce [true], cluster_name[TEST-CHILD_VM=[2]-CLUSTER_SEED=[2858301384796425155]-HASH=[462C14F99751D]-cluster]}, ping_response{node [{node_t1}{lk7U_niVSKyTWpmVoV3sIA}{127.0.0.1}{127.0.0.1:9661}[mode=>network]], id[897], master [null], hasJoinedOnce [true], cluster_name[TEST-CHILD_VM=[2]-CLUSTER_SEED=[2858301384796425155]-HASH=[462C14F99751D]-cluster]}, ping_response{node [{node_t1}{lk7U_niVSKyTWpmVoV3sIA}{127.0.0.1}{127.0.0.1:9661}[mode=>network]], id[901], master [null], hasJoinedOnce [true], cluster_name[TEST-CHILD_VM=[2]-CLUSTER_SEED=[2858301384796425155]-HASH=[462C14F99751D]-cluster]}, ping_response{node [{node_t1}{lk7U_niVSKyTWpmVoV3sIA}{127.0.0.1}{127.0.0.1:9661}[mode=>network]], id[901], master [null], hasJoinedOnce [true], cluster_name[TEST-CHILD_VM=[2]-CLUSTER_SEED=[2858301384796425155]-HASH=[462C14F99751D]-cluster]}, ping_response{node [{node_t1}{lk7U_niVSKyTWpmVoV3sIA}{127.0.0.1}{127.0.0.1:9661}[mode=>network]], id[901], master [null], hasJoinedOnce [true], cluster_name[TEST-CHILD_VM=[2]-CLUSTER_SEED=[2858301384796425155]-HASH=[462C14F99751D]-cluster]}, ping_response{node [{node_t1}{lk7U_niVSKyTWpmVoV3sIA}{127.0.0.1}{127.0.0.1:9661}[mode=>network]], id[905], master [null], hasJoinedOnce [true], cluster_name[TEST-CHILD_VM=[2]-CLUSTER_SEED=[2858301384796425155]-HASH=[462C14F99751D]-cluster]}, ping_response{node [{node_t1}{lk7U_niVSKyTWpmVoV3sIA}{127.0.0.1}{127.0.0.1:9661}[mode=>network]], id[905], master [null], hasJoinedOnce [true], cluster_name[TEST-CHILD_VM=[2]-CLUSTER_SEED=[2858301384796425155]-HASH=[462C14F99751D]-cluster]}, ping_response{node [{node_t1}{lk7U_niVSKyTWpmVoV3sIA}{127.0.0.1}{127.0.0.1:9661}[mode=>network]], id[905], master [null], hasJoinedOnce [true], cluster_name[TEST-CHILD_VM=[2]-CLUSTER_SEED=[2858301384796425155]-HASH=[462C14F99751D]-cluster]}, ping_response{node [{node_t1}{lk7U_niVSKyTWpmVoV3sIA}{127.0.0.1}{127.0.0.1:9661}[mode=>network]], id[909], master [null], hasJoinedOnce [true], cluster_name[TEST-CHILD_VM=[2]-CLUSTER_SEED=[2858301384796425155]-HASH=[462C14F99751D]-cluster]}, ping_response{node [{node_t1}{lk7U_niVSKyTWpmVoV3sIA}{127.0.0.1}{127.0.0.1:9661}[mode=>network]], id[909], master [null], hasJoinedOnce [true], cluster_name[TEST-CHILD_VM=[2]-CLUSTER_SEED=[2858301384796425155]-HASH=[462C14F99751D]-cluster]}, ping_response{node [{node_t1}{lk7U_niVSKyTWpmVoV3sIA}{127.0.0.1}{127.0.0.1:9661}[mode=>network]], id[909], master [null], hasJoinedOnce [true], cluster_name[TEST-CHILD_VM=[2]-CLUSTER_SEED=[2858301384796425155]-HASH=[462C14F99751D]-cluster]}, ping_response{node [{node_t1}{lk7U_niVSKyTWpmVoV3sIA}{127.0.0.1}{127.0.0.1:9661}[mode=>network]], id[912], master [null], hasJoinedOnce [true], cluster_name[TEST-CHILD_VM=[2]-CLUSTER_SEED=[2858301384796425155]-HASH=[462C14F99751D]-cluster]}]
[2016-03-30 14:02:03,717][DEBUG][org.elasticsearch.discovery.zen.elect] [node_t3] using minimum_master_nodes [2]
[2016-03-30 14:02:03,717][DEBUG][org.elasticsearch.discovery.zen.ping.unicast] [node_t3] using initial hosts [127.0.0.1, [::1]], with concurrent_connects [10]
[2016-03-30 14:02:03,718][DEBUG][org.elasticsearch.discovery.zen] [node_t3] using ping_timeout [200ms], join.timeout [4s], master_election.filter_client [true], master_election.filter_data [false]
[2016-03-30 14:02:03,718][DEBUG][org.elasticsearch.discovery.zen.fd] [node_t3] [master] uses ping_interval [1s], ping_timeout [30s], ping_retries [3]
[2016-03-30 14:02:03,718][DEBUG][org.elasticsearch.discovery.zen.fd] [node_t3] [node  ] uses ping_interval [1s], ping_timeout [30s], ping_retries [3]
[2016-03-30 14:02:03,724][DEBUG][org.elasticsearch.gateway] [node_t3] using initial_shards [quorum]
[2016-03-30 14:02:03,776][DEBUG][org.elasticsearch.gateway] [node_t3] {} no upgrade needed - already upgraded
[2016-03-30 14:02:03,792][DEBUG][org.elasticsearch.gateway] [node_t3] {} no upgrade needed - already upgraded
[2016-03-30 14:02:03,801][TRACE][org.elasticsearch.discovery.zen.ping.unicast] [node_t1] [6] sending to {node_t1}{lk7U_niVSKyTWpmVoV3sIA}{127.0.0.1}{127.0.0.1:9661}[mode=>network]
[2016-03-30 14:02:03,801][TRACE][org.elasticsearch.discovery.zen.ping.unicast] [node_t1] [6] connecting (light) to {#zen_unicast_1#}{127.0.0.1}{127.0.0.1:9660}
[2016-03-30 14:02:03,802][TRACE][org.elasticsearch.discovery.zen.ping.unicast] [node_t1] [6] received response from {node_t1}{lk7U_niVSKyTWpmVoV3sIA}{127.0.0.1}{127.0.0.1:9661}[mode=>network]: [ping_response{node [{node_t1}{lk7U_niVSKyTWpmVoV3sIA}{127.0.0.1}{127.0.0.1:9661}[mode=>network]], id[893], master [null], hasJoinedOnce [true], cluster_name[TEST-CHILD_VM=[2]-CLUSTER_SEED=[2858301384796425155]-HASH=[462C14F99751D]-cluster]}, ping_response{node [{node_t1}{lk7U_niVSKyTWpmVoV3sIA}{127.0.0.1}{127.0.0.1:9661}[mode=>network]], id[893], master [null], hasJoinedOnce [true], cluster_name[TEST-CHILD_VM=[2]-CLUSTER_SEED=[2858301384796425155]-HASH=[462C14F99751D]-cluster]}, ping_response{node [{node_t1}{lk7U_niVSKyTWpmVoV3sIA}{127.0.0.1}{127.0.0.1:9661}[mode=>network]], id[893], master [null], hasJoinedOnce [true], cluster_name[TEST-CHILD_VM=[2]-CLUSTER_SEED=[2858301384796425155]-HASH=[462C14F99751D]-cluster]}, ping_response{node [{node_t1}{lk7U_niVSKyTWpmVoV3sIA}{127.0.0.1}{127.0.0.1:9661}[mode=>network]], id[897], master [null], hasJoinedOnce [true], cluster_name[TEST-CHILD_VM=[2]-CLUSTER_SEED=[2858301384796425155]-HASH=[462C14F99751D]-cluster]}, ping_response{node [{node_t1}{lk7U_niVSKyTWpmVoV3sIA}{127.0.0.1}{127.0.0.1:9661}[mode=>network]], id[897], master [null], hasJoinedOnce [true], cluster_name[TEST-CHILD_VM=[2]-CLUSTER_SEED=[2858301384796425155]-HASH=[462C14F99751D]-cluster]}, ping_response{node [{node_t1}{lk7U_niVSKyTWpmVoV3sIA}{127.0.0.1}{127.0.0.1:9661}[mode=>network]], id[897], master [null], hasJoinedOnce [true], cluster_name[TEST-CHILD_VM=[2]-CLUSTER_SEED=[2858301384796425155]-HASH=[462C14F99751D]-cluster]}, ping_response{node [{node_t1}{lk7U_niVSKyTWpmVoV3sIA}{127.0.0.1}{127.0.0.1:9661}[mode=>network]], id[901], master [null], hasJoinedOnce [true], cluster_name[TEST-CHILD_VM=[2]-CLUSTER_SEED=[2858301384796425155]-HASH=[462C14F99751D]-cluster]}, ping_response{node [{node_t1}{lk7U_niVSKyTWpmVoV3sIA}{127.0.0.1}{127.0.0.1:9661}[mode=>network]], id[901], master [null], hasJoinedOnce [true], cluster_name[TEST-CHILD_VM=[2]-CLUSTER_SEED=[2858301384796425155]-HASH=[462C14F99751D]-cluster]}, ping_response{node [{node_t1}{lk7U_niVSKyTWpmVoV3sIA}{127.0.0.1}{127.0.0.1:9661}[mode=>network]], id[901], master [null], hasJoinedOnce [true], cluster_name[TEST-CHILD_VM=[2]-CLUSTER_SEED=[2858301384796425155]-HASH=[462C14F99751D]-cluster]}, ping_response{node [{node_t1}{lk7U_niVSKyTWpmVoV3sIA}{127.0.0.1}{127.0.0.1:9661}[mode=>network]], id[905], master [null], hasJoinedOnce [true], cluster_name[TEST-CHILD_VM=[2]-CLUSTER_SEED=[2858301384796425155]-HASH=[462C14F99751D]-cluster]}, ping_response{node [{node_t1}{lk7U_niVSKyTWpmVoV3sIA}{127.0.0.1}{127.0.0.1:9661}[mode=>network]], id[905], master [null], hasJoinedOnce [true], cluster_name[TEST-CHILD_VM=[2]-CLUSTER_SEED=[2858301384796425155]-HASH=[462C14F99751D]-cluster]}, ping_response{node [{node_t1}{lk7U_niVSKyTWpmVoV3sIA}{127.0.0.1}{127.0.0.1:9661}[mode=>network]], id[905], master [null], hasJoinedOnce [true], cluster_name[TEST-CHILD_VM=[2]-CLUSTER_SEED=[2858301384796425155]-HASH=[462C14F99751D]-cluster]}, ping_response{node [{node_t1}{lk7U_niVSKyTWpmVoV3sIA}{127.0.0.1}{127.0.0.1:9661}[mode=>network]], id[909], master [null], hasJoinedOnce [true], cluster_name[TEST-CHILD_VM=[2]-CLUSTER_SEED=[2858301384796425155]-HASH=[462C14F99751D]-cluster]}, ping_response{node [{node_t1}{lk7U_niVSKyTWpmVoV3sIA}{127.0.0.1}{127.0.0.1:9661}[mode=>network]], id[909], master [null], hasJoinedOnce [true], cluster_name[TEST-CHILD_VM=[2]-CLUSTER_SEED=[2858301384796425155]-HASH=[462C14F99751D]-cluster]}, ping_response{node [{node_t1}{lk7U_niVSKyTWpmVoV3sIA}{127.0.0.1}{127.0.0.1:9661}[mode=>network]], id[909], master [null], hasJoinedOnce [true], cluster_name[TEST-CHILD_VM=[2]-CLUSTER_SEED=[2858301384796425155]-HASH=[462C14F99751D]-cluster]}, ping_response{node [{node_t1}{lk7U_niVSKyTWpmVoV3sIA}{127.0.0.1}{127.0.0.1:9661}[mode=>network]], id[913], master [null], hasJoinedOnce [true], cluster_name[TEST-CHILD_VM=[2]-CLUSTER_SEED=[2858301384796425155]-HASH=[462C14F99751D]-cluster]}, ping_response{node [{node_t1}{lk7U_niVSKyTWpmVoV3sIA}{127.0.0.1}{127.0.0.1:9661}[mode=>network]], id[914], master [null], hasJoinedOnce [true], cluster_name[TEST-CHILD_VM=[2]-CLUSTER_SEED=[2858301384796425155]-HASH=[462C14F99751D]-cluster]}]
[2016-03-30 14:02:03,802][TRACE][org.elasticsearch.discovery.zen.ping.unicast] [node_t1] [6] connecting (light) to {#zen_unicast_3#}{127.0.0.1}{127.0.0.1:9662}
[2016-03-30 14:02:03,802][TRACE][org.elasticsearch.discovery.zen.ping.unicast] [node_t1] [6] sending to {#zen_unicast_7#}{::1}{[::1]:9661}
[2016-03-30 14:02:03,802][TRACE][org.elasticsearch.discovery.zen.ping.unicast] [node_t1] [6] connecting (light) to {#zen_unicast_6#}{::1}{[::1]:9660}
[2016-03-30 14:02:03,802][TRACE][org.elasticsearch.discovery.zen.ping.unicast] [node_t1] [6] connecting (light) to {#zen_unicast_5#}{127.0.0.1}{127.0.0.1:9664}
[2016-03-30 14:02:03,802][TRACE][org.elasticsearch.discovery.zen.ping.unicast] [node_t1] [6] connecting (light) to {#zen_unicast_4#}{127.0.0.1}{127.0.0.1:9663}
[2016-03-30 14:02:03,802][TRACE][org.elasticsearch.discovery.zen.ping.unicast] [node_t1] [6] sending to {node_t1}{lk7U_niVSKyTWpmVoV3sIA}{127.0.0.1}{127.0.0.1:9661}[mode=>network]
[2016-03-30 14:02:03,802][TRACE][org.elasticsearch.discovery.zen.ping.unicast] [node_t1] [6] connecting (light) to {#zen_unicast_9#}{::1}{[::1]:9663}
[2016-03-30 14:02:03,803][TRACE][org.elasticsearch.discovery.zen.ping.unicast] [node_t1] [6] connecting (light) to {#zen_unicast_10#}{::1}{[::1]:9664}
[2016-03-30 14:02:03,803][TRACE][org.elasticsearch.discovery.zen.ping.unicast] [node_t1] [6] received response from {node_t1}{lk7U_niVSKyTWpmVoV3sIA}{127.0.0.1}{127.0.0.1:9661}[mode=>network]: [ping_response{node [{node_t1}{lk7U_niVSKyTWpmVoV3sIA}{127.0.0.1}{127.0.0.1:9661}[mode=>network]], id[893], master [null], hasJoinedOnce [true], cluster_name[TEST-CHILD_VM=[2]-CLUSTER_SEED=[2858301384796425155]-HASH=[462C14F99751D]-cluster]}, ping_response{node [{node_t1}{lk7U_niVSKyTWpmVoV3sIA}{127.0.0.1}{127.0.0.1:9661}[mode=>network]], id[893], master [null], hasJoinedOnce [true], cluster_name[TEST-CHILD_VM=[2]-CLUSTER_SEED=[2858301384796425155]-HASH=[462C14F99751D]-cluster]}, ping_response{node [{node_t1}{lk7U_niVSKyTWpmVoV3sIA}{127.0.0.1}{127.0.0.1:9661}[mode=>network]], id[893], master [null], hasJoinedOnce [true], cluster_name[TEST-CHILD_VM=[2]-CLUSTER_SEED=[2858301384796425155]-HASH=[462C14F99751D]-cluster]}, ping_response{node [{node_t1}{lk7U_niVSKyTWpmVoV3sIA}{127.0.0.1}{127.0.0.1:9661}[mode=>network]], id[897], master [null], hasJoinedOnce [true], cluster_name[TEST-CHILD_VM=[2]-CLUSTER_SEED=[2858301384796425155]-HASH=[462C14F99751D]-cluster]}, ping_response{node [{node_t1}{lk7U_niVSKyTWpmVoV3sIA}{127.0.0.1}{127.0.0.1:9661}[mode=>network]], id[897], master [null], hasJoinedOnce [true], cluster_name[TEST-CHILD_VM=[2]-CLUSTER_SEED=[2858301384796425155]-HASH=[462C14F99751D]-cluster]}, ping_response{node [{node_t1}{lk7U_niVSKyTWpmVoV3sIA}{127.0.0.1}{127.0.0.1:9661}[mode=>network]], id[897], master [null], hasJoinedOnce [true], cluster_name[TEST-CHILD_VM=[2]-CLUSTER_SEED=[2858301384796425155]-HASH=[462C14F99751D]-cluster]}, ping_response{node [{node_t1}{lk7U_niVSKyTWpmVoV3sIA}{127.0.0.1}{127.0.0.1:9661}[mode=>network]], id[901], master [null], hasJoinedOnce [true], cluster_name[TEST-CHILD_VM=[2]-CLUSTER_SEED=[2858301384796425155]-HASH=[462C14F99751D]-cluster]}, ping_response{node [{node_t1}{lk7U_niVSKyTWpmVoV3sIA}{127.0.0.1}{127.0.0.1:9661}[mode=>network]], id[901], master [null], hasJoinedOnce [true], cluster_name[TEST-CHILD_VM=[2]-CLUSTER_SEED=[2858301384796425155]-HASH=[462C14F99751D]-cluster]}, ping_response{node [{node_t1}{lk7U_niVSKyTWpmVoV3sIA}{127.0.0.1}{127.0.0.1:9661}[mode=>network]], id[901], master [null], hasJoinedOnce [true], cluster_name[TEST-CHILD_VM=[2]-CLUSTER_SEED=[2858301384796425155]-HASH=[462C14F99751D]-cluster]}, ping_response{node [{node_t1}{lk7U_niVSKyTWpmVoV3sIA}{127.0.0.1}{127.0.0.1:9661}[mode=>network]], id[905], master [null], hasJoinedOnce [true], cluster_name[TEST-CHILD_VM=[2]-CLUSTER_SEED=[2858301384796425155]-HASH=[462C14F99751D]-cluster]}, ping_response{node [{node_t1}{lk7U_niVSKyTWpmVoV3sIA}{127.0.0.1}{127.0.0.1:9661}[mode=>network]], id[905], master [null], hasJoinedOnce [true], cluster_name[TEST-CHILD_VM=[2]-CLUSTER_SEED=[2858301384796425155]-HASH=[462C14F99751D]-cluster]}, ping_response{node [{node_t1}{lk7U_niVSKyTWpmVoV3sIA}{127.0.0.1}{127.0.0.1:9661}[mode=>network]], id[905], master [null], hasJoinedOnce [true], cluster_name[TEST-CHILD_VM=[2]-CLUSTER_SEED=[2858301384796425155]-HASH=[462C14F99751D]-cluster]}, ping_response{node [{node_t1}{lk7U_niVSKyTWpmVoV3sIA}{127.0.0.1}{127.0.0.1:9661}[mode=>network]], id[909], master [null], hasJoinedOnce [true], cluster_name[TEST-CHILD_VM=[2]-CLUSTER_SEED=[2858301384796425155]-HASH=[462C14F99751D]-cluster]}, ping_response{node [{node_t1}{lk7U_niVSKyTWpmVoV3sIA}{127.0.0.1}{127.0.0.1:9661}[mode=>network]], id[909], master [null], hasJoinedOnce [true], cluster_name[TEST-CHILD_VM=[2]-CLUSTER_SEED=[2858301384796425155]-HASH=[462C14F99751D]-cluster]}, ping_response{node [{node_t1}{lk7U_niVSKyTWpmVoV3sIA}{127.0.0.1}{127.0.0.1:9661}[mode=>network]], id[909], master [null], hasJoinedOnce [true], cluster_name[TEST-CHILD_VM=[2]-CLUSTER_SEED=[2858301384796425155]-HASH=[462C14F99751D]-cluster]}, ping_response{node [{node_t1}{lk7U_niVSKyTWpmVoV3sIA}{127.0.0.1}{127.0.0.1:9661}[mode=>network]], id[913], master [null], hasJoinedOnce [true], cluster_name[TEST-CHILD_VM=[2]-CLUSTER_SEED=[2858301384796425155]-HASH=[462C14F99751D]-cluster]}, ping_response{node [{node_t1}{lk7U_niVSKyTWpmVoV3sIA}{127.0.0.1}{127.0.0.1:9661}[mode=>network]], id[913], master [null], hasJoinedOnce [true], cluster_name[TEST-CHILD_VM=[2]-CLUSTER_SEED=[2858301384796425155]-HASH=[462C14F99751D]-cluster]}, ping_response{node [{node_t1}{lk7U_niVSKyTWpmVoV3sIA}{127.0.0.1}{127.0.0.1:9661}[mode=>network]], id[915], master [null], hasJoinedOnce [true], cluster_name[TEST-CHILD_VM=[2]-CLUSTER_SEED=[2858301384796425155]-HASH=[462C14F99751D]-cluster]}]
[2016-03-30 14:02:03,803][TRACE][org.elasticsearch.discovery.zen.ping.unicast] [node_t1] [6] failed to connect to {#zen_unicast_5#}{127.0.0.1}{127.0.0.1:9664}
ConnectTransportException[[][127.0.0.1:9664] connect_timeout[30s]]; nested: ConnectException[Connection refused: /127.0.0.1:9664];
	at org.elasticsearch.transport.netty.NettyTransport.connectToChannelsLight(NettyTransport.java:948)
	at org.elasticsearch.transport.netty.NettyTransport.connectToNode(NettyTransport.java:912)
	at org.elasticsearch.transport.netty.NettyTransport.connectToNodeLight(NettyTransport.java:884)
	at org.elasticsearch.test.transport.MockTransportService$LookupTestTransport.connectToNodeLight(MockTransportService.java:412)
	at org.elasticsearch.transport.TransportService.connectToNodeLight(TransportService.java:250)
	at org.elasticsearch.discovery.zen.ping.unicast.UnicastZenPing$3.run(UnicastZenPing.java:395)
	at java.util.concurrent.ThreadPoolExecutor.runWorker(ThreadPoolExecutor.java:1142)
	at java.util.concurrent.ThreadPoolExecutor$Worker.run(ThreadPoolExecutor.java:617)
	at java.lang.Thread.run(Thread.java:745)
Caused by: java.net.ConnectException: Connection refused: /127.0.0.1:9664
	at sun.nio.ch.SocketChannelImpl.checkConnect(Native Method)
	at sun.nio.ch.SocketChannelImpl.finishConnect(SocketChannelImpl.java:717)
	at org.jboss.netty.channel.socket.nio.NioClientBoss.connect(NioClientBoss.java:152)
	at org.jboss.netty.channel.socket.nio.NioClientBoss.processSelectedKeys(NioClientBoss.java:105)
	at org.jboss.netty.channel.socket.nio.NioClientBoss.process(NioClientBoss.java:79)
	at org.jboss.netty.channel.socket.nio.AbstractNioSelector.run(AbstractNioSelector.java:337)
	at org.jboss.netty.channel.socket.nio.NioClientBoss.run(NioClientBoss.java:42)
	at org.jboss.netty.util.ThreadRenamingRunnable.run(ThreadRenamingRunnable.java:108)
	at org.jboss.netty.util.internal.DeadLockProofWorker$1.run(DeadLockProofWorker.java:42)
	... 3 more
[2016-03-30 14:02:03,804][TRACE][org.elasticsearch.discovery.zen.ping.unicast] [node_t1] [6] failed to connect to {#zen_unicast_9#}{::1}{[::1]:9663}
ConnectTransportException[[][[::1]:9663] connect_timeout[30s]]; nested: ConnectException[Connection refused: /0:0:0:0:0:0:0:1:9663];
	at org.elasticsearch.transport.netty.NettyTransport.connectToChannelsLight(NettyTransport.java:948)
	at org.elasticsearch.transport.netty.NettyTransport.connectToNode(NettyTransport.java:912)
	at org.elasticsearch.transport.netty.NettyTransport.connectToNodeLight(NettyTransport.java:884)
	at org.elasticsearch.test.transport.MockTransportService$LookupTestTransport.connectToNodeLight(MockTransportService.java:412)
	at org.elasticsearch.transport.TransportService.connectToNodeLight(TransportService.java:250)
	at org.elasticsearch.discovery.zen.ping.unicast.UnicastZenPing$3.run(UnicastZenPing.java:395)
	at java.util.concurrent.ThreadPoolExecutor.runWorker(ThreadPoolExecutor.java:1142)
	at java.util.concurrent.ThreadPoolExecutor$Worker.run(ThreadPoolExecutor.java:617)
	at java.lang.Thread.run(Thread.java:745)
Caused by: java.net.ConnectException: Connection refused: /0:0:0:0:0:0:0:1:9663
	at sun.nio.ch.SocketChannelImpl.checkConnect(Native Method)
	at sun.nio.ch.SocketChannelImpl.finishConnect(SocketChannelImpl.java:717)
	at org.jboss.netty.channel.socket.nio.NioClientBoss.connect(NioClientBoss.java:152)
	at org.jboss.netty.channel.socket.nio.NioClientBoss.processSelectedKeys(NioClientBoss.java:105)
	at org.jboss.netty.channel.socket.nio.NioClientBoss.process(NioClientBoss.java:79)
	at org.jboss.netty.channel.socket.nio.AbstractNioSelector.run(AbstractNioSelector.java:337)
	at org.jboss.netty.channel.socket.nio.NioClientBoss.run(NioClientBoss.java:42)
	at org.jboss.netty.util.ThreadRenamingRunnable.run(ThreadRenamingRunnable.java:108)
	at org.jboss.netty.util.internal.DeadLockProofWorker$1.run(DeadLockProofWorker.java:42)
	... 3 more
[2016-03-30 14:02:03,802][TRACE][org.elasticsearch.discovery.zen.ping.unicast] [node_t1] [6] connecting (light) to {#zen_unicast_8#}{::1}{[::1]:9662}
[2016-03-30 14:02:03,802][TRACE][org.elasticsearch.discovery.zen.ping.unicast] [node_t1] [6] failed to connect to {#zen_unicast_1#}{127.0.0.1}{127.0.0.1:9660}
ConnectTransportException[[][127.0.0.1:9660] connect_timeout[30s]]; nested: ConnectException[Connection refused: /127.0.0.1:9660];
	at org.elasticsearch.transport.netty.NettyTransport.connectToChannelsLight(NettyTransport.java:948)
	at org.elasticsearch.transport.netty.NettyTransport.connectToNode(NettyTransport.java:912)
	at org.elasticsearch.transport.netty.NettyTransport.connectToNodeLight(NettyTransport.java:884)
	at org.elasticsearch.test.transport.MockTransportService$LookupTestTransport.connectToNodeLight(MockTransportService.java:412)
	at org.elasticsearch.transport.TransportService.connectToNodeLight(TransportService.java:250)
	at org.elasticsearch.discovery.zen.ping.unicast.UnicastZenPing$3.run(UnicastZenPing.java:395)
	at java.util.concurrent.ThreadPoolExecutor.runWorker(ThreadPoolExecutor.java:1142)
	at java.util.concurrent.ThreadPoolExecutor$Worker.run(ThreadPoolExecutor.java:617)
	at java.lang.Thread.run(Thread.java:745)
Caused by: java.net.ConnectException: Connection refused: /127.0.0.1:9660
	at sun.nio.ch.SocketChannelImpl.checkConnect(Native Method)
	at sun.nio.ch.SocketChannelImpl.finishConnect(SocketChannelImpl.java:717)
	at org.jboss.netty.channel.socket.nio.NioClientBoss.connect(NioClientBoss.java:152)
	at org.jboss.netty.channel.socket.nio.NioClientBoss.processSelectedKeys(NioClientBoss.java:105)
	at org.jboss.netty.channel.socket.nio.NioClientBoss.process(NioClientBoss.java:79)
	at org.jboss.netty.channel.socket.nio.AbstractNioSelector.run(AbstractNioSelector.java:337)
	at org.jboss.netty.channel.socket.nio.NioClientBoss.run(NioClientBoss.java:42)
	at org.jboss.netty.util.ThreadRenamingRunnable.run(ThreadRenamingRunnable.java:108)
	at org.jboss.netty.util.internal.DeadLockProofWorker$1.run(DeadLockProofWorker.java:42)
	... 3 more
[2016-03-30 14:02:03,803][TRACE][org.elasticsearch.discovery.zen.ping.unicast] [node_t1] [6] received response from {#zen_unicast_7#}{::1}{[::1]:9661}: [ping_response{node [{node_t1}{lk7U_niVSKyTWpmVoV3sIA}{127.0.0.1}{127.0.0.1:9661}[mode=>network]], id[893], master [null], hasJoinedOnce [true], cluster_name[TEST-CHILD_VM=[2]-CLUSTER_SEED=[2858301384796425155]-HASH=[462C14F99751D]-cluster]}, ping_response{node [{node_t1}{lk7U_niVSKyTWpmVoV3sIA}{127.0.0.1}{127.0.0.1:9661}[mode=>network]], id[893], master [null], hasJoinedOnce [true], cluster_name[TEST-CHILD_VM=[2]-CLUSTER_SEED=[2858301384796425155]-HASH=[462C14F99751D]-cluster]}, ping_response{node [{node_t1}{lk7U_niVSKyTWpmVoV3sIA}{127.0.0.1}{127.0.0.1:9661}[mode=>network]], id[893], master [null], hasJoinedOnce [true], cluster_name[TEST-CHILD_VM=[2]-CLUSTER_SEED=[2858301384796425155]-HASH=[462C14F99751D]-cluster]}, ping_response{node [{node_t1}{lk7U_niVSKyTWpmVoV3sIA}{127.0.0.1}{127.0.0.1:9661}[mode=>network]], id[897], master [null], hasJoinedOnce [true], cluster_name[TEST-CHILD_VM=[2]-CLUSTER_SEED=[2858301384796425155]-HASH=[462C14F99751D]-cluster]}, ping_response{node [{node_t1}{lk7U_niVSKyTWpmVoV3sIA}{127.0.0.1}{127.0.0.1:9661}[mode=>network]], id[897], master [null], hasJoinedOnce [true], cluster_name[TEST-CHILD_VM=[2]-CLUSTER_SEED=[2858301384796425155]-HASH=[462C14F99751D]-cluster]}, ping_response{node [{node_t1}{lk7U_niVSKyTWpmVoV3sIA}{127.0.0.1}{127.0.0.1:9661}[mode=>network]], id[897], master [null], hasJoinedOnce [true], cluster_name[TEST-CHILD_VM=[2]-CLUSTER_SEED=[2858301384796425155]-HASH=[462C14F99751D]-cluster]}, ping_response{node [{node_t1}{lk7U_niVSKyTWpmVoV3sIA}{127.0.0.1}{127.0.0.1:9661}[mode=>network]], id[901], master [null], hasJoinedOnce [true], cluster_name[TEST-CHILD_VM=[2]-CLUSTER_SEED=[2858301384796425155]-HASH=[462C14F99751D]-cluster]}, ping_response{node [{node_t1}{lk7U_niVSKyTWpmVoV3sIA}{127.0.0.1}{127.0.0.1:9661}[mode=>network]], id[901], master [null], hasJoinedOnce [true], cluster_name[TEST-CHILD_VM=[2]-CLUSTER_SEED=[2858301384796425155]-HASH=[462C14F99751D]-cluster]}, ping_response{node [{node_t1}{lk7U_niVSKyTWpmVoV3sIA}{127.0.0.1}{127.0.0.1:9661}[mode=>network]], id[901], master [null], hasJoinedOnce [true], cluster_name[TEST-CHILD_VM=[2]-CLUSTER_SEED=[2858301384796425155]-HASH=[462C14F99751D]-cluster]}, ping_response{node [{node_t1}{lk7U_niVSKyTWpmVoV3sIA}{127.0.0.1}{127.0.0.1:9661}[mode=>network]], id[905], master [null], hasJoinedOnce [true], cluster_name[TEST-CHILD_VM=[2]-CLUSTER_SEED=[2858301384796425155]-HASH=[462C14F99751D]-cluster]}, ping_response{node [{node_t1}{lk7U_niVSKyTWpmVoV3sIA}{127.0.0.1}{127.0.0.1:9661}[mode=>network]], id[905], master [null], hasJoinedOnce [true], cluster_name[TEST-CHILD_VM=[2]-CLUSTER_SEED=[2858301384796425155]-HASH=[462C14F99751D]-cluster]}, ping_response{node [{node_t1}{lk7U_niVSKyTWpmVoV3sIA}{127.0.0.1}{127.0.0.1:9661}[mode=>network]], id[905], master [null], hasJoinedOnce [true], cluster_name[TEST-CHILD_VM=[2]-CLUSTER_SEED=[2858301384796425155]-HASH=[462C14F99751D]-cluster]}, ping_response{node [{node_t1}{lk7U_niVSKyTWpmVoV3sIA}{127.0.0.1}{127.0.0.1:9661}[mode=>network]], id[909], master [null], hasJoinedOnce [true], cluster_name[TEST-CHILD_VM=[2]-CLUSTER_SEED=[2858301384796425155]-HASH=[462C14F99751D]-cluster]}, ping_response{node [{node_t1}{lk7U_niVSKyTWpmVoV3sIA}{127.0.0.1}{127.0.0.1:9661}[mode=>network]], id[909], master [null], hasJoinedOnce [true], cluster_name[TEST-CHILD_VM=[2]-CLUSTER_SEED=[2858301384796425155]-HASH=[462C14F99751D]-cluster]}, ping_response{node [{node_t1}{lk7U_niVSKyTWpmVoV3sIA}{127.0.0.1}{127.0.0.1:9661}[mode=>network]], id[909], master [null], hasJoinedOnce [true], cluster_name[TEST-CHILD_VM=[2]-CLUSTER_SEED=[2858301384796425155]-HASH=[462C14F99751D]-cluster]}, ping_response{node [{node_t1}{lk7U_niVSKyTWpmVoV3sIA}{127.0.0.1}{127.0.0.1:9661}[mode=>network]], id[913], master [null], hasJoinedOnce [true], cluster_name[TEST-CHILD_VM=[2]-CLUSTER_SEED=[2858301384796425155]-HASH=[462C14F99751D]-cluster]}, ping_response{node [{node_t1}{lk7U_niVSKyTWpmVoV3sIA}{127.0.0.1}{127.0.0.1:9661}[mode=>network]], id[913], master [null], hasJoinedOnce [true], cluster_name[TEST-CHILD_VM=[2]-CLUSTER_SEED=[2858301384796425155]-HASH=[462C14F99751D]-cluster]}, ping_response{node [{node_t1}{lk7U_niVSKyTWpmVoV3sIA}{127.0.0.1}{127.0.0.1:9661}[mode=>network]], id[913], master [null], hasJoinedOnce [true], cluster_name[TEST-CHILD_VM=[2]-CLUSTER_SEED=[2858301384796425155]-HASH=[462C14F99751D]-cluster]}, ping_response{node [{node_t1}{lk7U_niVSKyTWpmVoV3sIA}{127.0.0.1}{127.0.0.1:9661}[mode=>network]], id[916], master [null], hasJoinedOnce [true], cluster_name[TEST-CHILD_VM=[2]-CLUSTER_SEED=[2858301384796425155]-HASH=[462C14F99751D]-cluster]}]
[2016-03-30 14:02:03,803][TRACE][org.elasticsearch.discovery.zen.ping.unicast] [node_t1] [6] failed to connect to {#zen_unicast_10#}{::1}{[::1]:9664}
ConnectTransportException[[][[::1]:9664] connect_timeout[30s]]; nested: ConnectException[Connection refused: /0:0:0:0:0:0:0:1:9664];
	at org.elasticsearch.transport.netty.NettyTransport.connectToChannelsLight(NettyTransport.java:948)
	at org.elasticsearch.transport.netty.NettyTransport.connectToNode(NettyTransport.java:912)
	at org.elasticsearch.transport.netty.NettyTransport.connectToNodeLight(NettyTransport.java:884)
	at org.elasticsearch.test.transport.MockTransportService$LookupTestTransport.connectToNodeLight(MockTransportService.java:412)
	at org.elasticsearch.transport.TransportService.connectToNodeLight(TransportService.java:250)
	at org.elasticsearch.discovery.zen.ping.unicast.UnicastZenPing$3.run(UnicastZenPing.java:395)
	at java.util.concurrent.ThreadPoolExecutor.runWorker(ThreadPoolExecutor.java:1142)
	at java.util.concurrent.ThreadPoolExecutor$Worker.run(ThreadPoolExecutor.java:617)
	at java.lang.Thread.run(Thread.java:745)
Caused by: java.net.ConnectException: Connection refused: /0:0:0:0:0:0:0:1:9664
	at sun.nio.ch.SocketChannelImpl.checkConnect(Native Method)
	at sun.nio.ch.SocketChannelImpl.finishConnect(SocketChannelImpl.java:717)
	at org.jboss.netty.channel.socket.nio.NioClientBoss.connect(NioClientBoss.java:152)
	at org.jboss.netty.channel.socket.nio.NioClientBoss.processSelectedKeys(NioClientBoss.java:105)
	at org.jboss.netty.channel.socket.nio.NioClientBoss.process(NioClientBoss.java:79)
	at org.jboss.netty.channel.socket.nio.AbstractNioSelector.run(AbstractNioSelector.java:337)
	at org.jboss.netty.channel.socket.nio.NioClientBoss.run(NioClientBoss.java:42)
	at org.jboss.netty.util.ThreadRenamingRunnable.run(ThreadRenamingRunnable.java:108)
	at org.jboss.netty.util.internal.DeadLockProofWorker$1.run(DeadLockProofWorker.java:42)
	... 3 more
[2016-03-30 14:02:03,803][TRACE][org.elasticsearch.discovery.zen.ping.unicast] [node_t1] [6] failed to connect to {#zen_unicast_4#}{127.0.0.1}{127.0.0.1:9663}
ConnectTransportException[[][127.0.0.1:9663] connect_timeout[30s]]; nested: ConnectException[Connection refused: /127.0.0.1:9663];
	at org.elasticsearch.transport.netty.NettyTransport.connectToChannelsLight(NettyTransport.java:948)
	at org.elasticsearch.transport.netty.NettyTransport.connectToNode(NettyTransport.java:912)
	at org.elasticsearch.transport.netty.NettyTransport.connectToNodeLight(NettyTransport.java:884)
	at org.elasticsearch.test.transport.MockTransportService$LookupTestTransport.connectToNodeLight(MockTransportService.java:412)
	at org.elasticsearch.transport.TransportService.connectToNodeLight(TransportService.java:250)
	at org.elasticsearch.discovery.zen.ping.unicast.UnicastZenPing$3.run(UnicastZenPing.java:395)
	at java.util.concurrent.ThreadPoolExecutor.runWorker(ThreadPoolExecutor.java:1142)
	at java.util.concurrent.ThreadPoolExecutor$Worker.run(ThreadPoolExecutor.java:617)
	at java.lang.Thread.run(Thread.java:745)
Caused by: java.net.ConnectException: Connection refused: /127.0.0.1:9663
	at sun.nio.ch.SocketChannelImpl.checkConnect(Native Method)
	at sun.nio.ch.SocketChannelImpl.finishConnect(SocketChannelImpl.java:717)
	at org.jboss.netty.channel.socket.nio.NioClientBoss.connect(NioClientBoss.java:152)
	at org.jboss.netty.channel.socket.nio.NioClientBoss.processSelectedKeys(NioClientBoss.java:105)
	at org.jboss.netty.channel.socket.nio.NioClientBoss.process(NioClientBoss.java:79)
	at org.jboss.netty.channel.socket.nio.AbstractNioSelector.run(AbstractNioSelector.java:337)
	at org.jboss.netty.channel.socket.nio.NioClientBoss.run(NioClientBoss.java:42)
	at org.jboss.netty.util.ThreadRenamingRunnable.run(ThreadRenamingRunnable.java:108)
	at org.jboss.netty.util.internal.DeadLockProofWorker$1.run(DeadLockProofWorker.java:42)
	... 3 more
[2016-03-30 14:02:03,803][TRACE][org.elasticsearch.discovery.zen.ping.unicast] [node_t1] [6] failed to connect to {#zen_unicast_6#}{::1}{[::1]:9660}
ConnectTransportException[[][[::1]:9660] connect_timeout[30s]]; nested: ConnectException[Connection refused: /0:0:0:0:0:0:0:1:9660];
	at org.elasticsearch.transport.netty.NettyTransport.connectToChannelsLight(NettyTransport.java:948)
	at org.elasticsearch.transport.netty.NettyTransport.connectToNode(NettyTransport.java:912)
	at org.elasticsearch.transport.netty.NettyTransport.connectToNodeLight(NettyTransport.java:884)
	at org.elasticsearch.test.transport.MockTransportService$LookupTestTransport.connectToNodeLight(MockTransportService.java:412)
	at org.elasticsearch.transport.TransportService.connectToNodeLight(TransportService.java:250)
	at org.elasticsearch.discovery.zen.ping.unicast.UnicastZenPing$3.run(UnicastZenPing.java:395)
	at java.util.concurrent.ThreadPoolExecutor.runWorker(ThreadPoolExecutor.java:1142)
	at java.util.concurrent.ThreadPoolExecutor$Worker.run(ThreadPoolExecutor.java:617)
	at java.lang.Thread.run(Thread.java:745)
Caused by: java.net.ConnectException: Connection refused: /0:0:0:0:0:0:0:1:9660
	at sun.nio.ch.SocketChannelImpl.checkConnect(Native Method)
	at sun.nio.ch.SocketChannelImpl.finishConnect(SocketChannelImpl.java:717)
	at org.jboss.netty.channel.socket.nio.NioClientBoss.connect(NioClientBoss.java:152)
	at org.jboss.netty.channel.socket.nio.NioClientBoss.processSelectedKeys(NioClientBoss.java:105)
	at org.jboss.netty.channel.socket.nio.NioClientBoss.process(NioClientBoss.java:79)
	at org.jboss.netty.channel.socket.nio.AbstractNioSelector.run(AbstractNioSelector.java:337)
	at org.jboss.netty.channel.socket.nio.NioClientBoss.run(NioClientBoss.java:42)
	at org.jboss.netty.util.ThreadRenamingRunnable.run(ThreadRenamingRunnable.java:108)
	at org.jboss.netty.util.internal.DeadLockProofWorker$1.run(DeadLockProofWorker.java:42)
	... 3 more
[2016-03-30 14:02:03,803][TRACE][org.elasticsearch.discovery.zen.ping.unicast] [node_t1] [6] failed to connect to {#zen_unicast_3#}{127.0.0.1}{127.0.0.1:9662}
ConnectTransportException[[][127.0.0.1:9662] connect_timeout[30s]]; nested: ConnectException[Connection refused: /127.0.0.1:9662];
	at org.elasticsearch.transport.netty.NettyTransport.connectToChannelsLight(NettyTransport.java:948)
	at org.elasticsearch.transport.netty.NettyTransport.connectToNode(NettyTransport.java:912)
	at org.elasticsearch.transport.netty.NettyTransport.connectToNodeLight(NettyTransport.java:884)
	at org.elasticsearch.test.transport.MockTransportService$LookupTestTransport.connectToNodeLight(MockTransportService.java:412)
	at org.elasticsearch.transport.TransportService.connectToNodeLight(TransportService.java:250)
	at org.elasticsearch.discovery.zen.ping.unicast.UnicastZenPing$3.run(UnicastZenPing.java:395)
	at java.util.concurrent.ThreadPoolExecutor.runWorker(ThreadPoolExecutor.java:1142)
	at java.util.concurrent.ThreadPoolExecutor$Worker.run(ThreadPoolExecutor.java:617)
	at java.lang.Thread.run(Thread.java:745)
Caused by: java.net.ConnectException: Connection refused: /127.0.0.1:9662
	at sun.nio.ch.SocketChannelImpl.checkConnect(Native Method)
	at sun.nio.ch.SocketChannelImpl.finishConnect(SocketChannelImpl.java:717)
	at org.jboss.netty.channel.socket.nio.NioClientBoss.connect(NioClientBoss.java:152)
	at org.jboss.netty.channel.socket.nio.NioClientBoss.processSelectedKeys(NioClientBoss.java:105)
	at org.jboss.netty.channel.socket.nio.NioClientBoss.process(NioClientBoss.java:79)
	at org.jboss.netty.channel.socket.nio.AbstractNioSelector.run(AbstractNioSelector.java:337)
	at org.jboss.netty.channel.socket.nio.NioClientBoss.run(NioClientBoss.java:42)
	at org.jboss.netty.util.ThreadRenamingRunnable.run(ThreadRenamingRunnable.java:108)
	at org.jboss.netty.util.internal.DeadLockProofWorker$1.run(DeadLockProofWorker.java:42)
	... 3 more
[2016-03-30 14:02:03,805][TRACE][org.elasticsearch.discovery.zen.ping.unicast] [node_t1] [6] failed to connect to {#zen_unicast_8#}{::1}{[::1]:9662}
ConnectTransportException[[][[::1]:9662] connect_timeout[30s]]; nested: ConnectException[Connection refused: /0:0:0:0:0:0:0:1:9662];
	at org.elasticsearch.transport.netty.NettyTransport.connectToChannelsLight(NettyTransport.java:948)
	at org.elasticsearch.transport.netty.NettyTransport.connectToNode(NettyTransport.java:912)
	at org.elasticsearch.transport.netty.NettyTransport.connectToNodeLight(NettyTransport.java:884)
	at org.elasticsearch.test.transport.MockTransportService$LookupTestTransport.connectToNodeLight(MockTransportService.java:412)
	at org.elasticsearch.transport.TransportService.connectToNodeLight(TransportService.java:250)
	at org.elasticsearch.discovery.zen.ping.unicast.UnicastZenPing$3.run(UnicastZenPing.java:395)
	at java.util.concurrent.ThreadPoolExecutor.runWorker(ThreadPoolExecutor.java:1142)
	at java.util.concurrent.ThreadPoolExecutor$Worker.run(ThreadPoolExecutor.java:617)
	at java.lang.Thread.run(Thread.java:745)
Caused by: java.net.ConnectException: Connection refused: /0:0:0:0:0:0:0:1:9662
	at sun.nio.ch.SocketChannelImpl.checkConnect(Native Method)
	at sun.nio.ch.SocketChannelImpl.finishConnect(SocketChannelImpl.java:717)
	at org.jboss.netty.channel.socket.nio.NioClientBoss.connect(NioClientBoss.java:152)
	at org.jboss.netty.channel.socket.nio.NioClientBoss.processSelectedKeys(NioClientBoss.java:105)
	at org.jboss.netty.channel.socket.nio.NioClientBoss.process(NioClientBoss.java:79)
	at org.jboss.netty.channel.socket.nio.AbstractNioSelector.run(AbstractNioSelector.java:337)
	at org.jboss.netty.channel.socket.nio.NioClientBoss.run(NioClientBoss.java:42)
	at org.jboss.netty.util.ThreadRenamingRunnable.run(ThreadRenamingRunnable.java:108)
	at org.jboss.netty.util.internal.DeadLockProofWorker$1.run(DeadLockProofWorker.java:42)
	... 3 more
[2016-03-30 14:02:03,807][DEBUG][org.elasticsearch.gateway] [node_t3] {} no upgrade needed - already upgraded
[2016-03-30 14:02:03,820][DEBUG][org.elasticsearch.gateway] [node_t3] {} no upgrade needed - already upgraded
[2016-03-30 14:02:03,844][TRACE][org.elasticsearch.gateway] [node_t3] [upgrade]: processing [global-1.st]
[2016-03-30 14:02:03,845][TRACE][org.elasticsearch.gateway] [node_t3] [upgrade]: processing [global-1.st]
[2016-03-30 14:02:03,845][TRACE][org.elasticsearch.gateway] [node_t3] [upgrade]: processing [global-1.st]
[2016-03-30 14:02:03,845][TRACE][org.elasticsearch.gateway] [node_t3] [upgrade]: processing [global-1.st]
[2016-03-30 14:02:03,846][TRACE][org.elasticsearch.gateway] [node_t3] found state file: [id:1, legacy:false, file:/Users/brijeshs/Documents/elasticsearch_sort_netbeans/elasticsearch/core/build/testrun/integTest/J2/temp/org.elasticsearch.cluster.MinimumMasterNodesIT_F7928424F380CF7C-001/tempDir-004/d0/TEST-CHILD_VM=[2]-CLUSTER_SEED=[2858301384796425155]-HASH=[462C14F99751D]-cluster/nodes/0/_state/global-1.st]
[2016-03-30 14:02:03,847][TRACE][org.elasticsearch.gateway] [node_t3] found state file: [id:1, legacy:false, file:/Users/brijeshs/Documents/elasticsearch_sort_netbeans/elasticsearch/core/build/testrun/integTest/J2/temp/org.elasticsearch.cluster.MinimumMasterNodesIT_F7928424F380CF7C-001/tempDir-004/d1/TEST-CHILD_VM=[2]-CLUSTER_SEED=[2858301384796425155]-HASH=[462C14F99751D]-cluster/nodes/0/_state/global-1.st]
[2016-03-30 14:02:03,847][TRACE][org.elasticsearch.gateway] [node_t3] found state file: [id:1, legacy:false, file:/Users/brijeshs/Documents/elasticsearch_sort_netbeans/elasticsearch/core/build/testrun/integTest/J2/temp/org.elasticsearch.cluster.MinimumMasterNodesIT_F7928424F380CF7C-001/tempDir-004/d2/TEST-CHILD_VM=[2]-CLUSTER_SEED=[2858301384796425155]-HASH=[462C14F99751D]-cluster/nodes/0/_state/global-1.st]
[2016-03-30 14:02:03,847][TRACE][org.elasticsearch.gateway] [node_t3] found state file: [id:1, legacy:false, file:/Users/brijeshs/Documents/elasticsearch_sort_netbeans/elasticsearch/core/build/testrun/integTest/J2/temp/org.elasticsearch.cluster.MinimumMasterNodesIT_F7928424F380CF7C-001/tempDir-004/d3/TEST-CHILD_VM=[2]-CLUSTER_SEED=[2858301384796425155]-HASH=[462C14F99751D]-cluster/nodes/0/_state/global-1.st]
[2016-03-30 14:02:03,864][TRACE][org.elasticsearch.gateway] [node_t3] state id [1] read from [global-1.st]
[2016-03-30 14:02:03,874][TRACE][org.elasticsearch.gateway] [node_t3] found state file: [id:5, legacy:false, file:/Users/brijeshs/Documents/elasticsearch_sort_netbeans/elasticsearch/core/build/testrun/integTest/J2/temp/org.elasticsearch.cluster.MinimumMasterNodesIT_F7928424F380CF7C-001/tempDir-004/d0/TEST-CHILD_VM=[2]-CLUSTER_SEED=[2858301384796425155]-HASH=[462C14F99751D]-cluster/nodes/0/indices/test/_state/state-5.st]
[2016-03-30 14:02:03,876][TRACE][org.elasticsearch.gateway] [node_t3] found state file: [id:5, legacy:false, file:/Users/brijeshs/Documents/elasticsearch_sort_netbeans/elasticsearch/core/build/testrun/integTest/J2/temp/org.elasticsearch.cluster.MinimumMasterNodesIT_F7928424F380CF7C-001/tempDir-004/d1/TEST-CHILD_VM=[2]-CLUSTER_SEED=[2858301384796425155]-HASH=[462C14F99751D]-cluster/nodes/0/indices/test/_state/state-5.st]
[2016-03-30 14:02:03,878][TRACE][org.elasticsearch.gateway] [node_t3] found state file: [id:5, legacy:false, file:/Users/brijeshs/Documents/elasticsearch_sort_netbeans/elasticsearch/core/build/testrun/integTest/J2/temp/org.elasticsearch.cluster.MinimumMasterNodesIT_F7928424F380CF7C-001/tempDir-004/d2/TEST-CHILD_VM=[2]-CLUSTER_SEED=[2858301384796425155]-HASH=[462C14F99751D]-cluster/nodes/0/indices/test/_state/state-5.st]
[2016-03-30 14:02:03,879][TRACE][org.elasticsearch.gateway] [node_t3] found state file: [id:5, legacy:false, file:/Users/brijeshs/Documents/elasticsearch_sort_netbeans/elasticsearch/core/build/testrun/integTest/J2/temp/org.elasticsearch.cluster.MinimumMasterNodesIT_F7928424F380CF7C-001/tempDir-004/d3/TEST-CHILD_VM=[2]-CLUSTER_SEED=[2858301384796425155]-HASH=[462C14F99751D]-cluster/nodes/0/indices/test/_state/state-5.st]
[2016-03-30 14:02:03,881][TRACE][org.elasticsearch.gateway] [node_t3] state id [5] read from [state-5.st]
[2016-03-30 14:02:03,882][TRACE][org.elasticsearch.gateway] [node_t3] found state file: [id:1, legacy:false, file:/Users/brijeshs/Documents/elasticsearch_sort_netbeans/elasticsearch/core/build/testrun/integTest/J2/temp/org.elasticsearch.cluster.MinimumMasterNodesIT_F7928424F380CF7C-001/tempDir-004/d0/TEST-CHILD_VM=[2]-CLUSTER_SEED=[2858301384796425155]-HASH=[462C14F99751D]-cluster/nodes/0/_state/global-1.st]
[2016-03-30 14:02:03,884][TRACE][org.elasticsearch.gateway] [node_t3] found state file: [id:1, legacy:false, file:/Users/brijeshs/Documents/elasticsearch_sort_netbeans/elasticsearch/core/build/testrun/integTest/J2/temp/org.elasticsearch.cluster.MinimumMasterNodesIT_F7928424F380CF7C-001/tempDir-004/d1/TEST-CHILD_VM=[2]-CLUSTER_SEED=[2858301384796425155]-HASH=[462C14F99751D]-cluster/nodes/0/_state/global-1.st]
[2016-03-30 14:02:03,884][TRACE][org.elasticsearch.gateway] [node_t3] found state file: [id:1, legacy:false, file:/Users/brijeshs/Documents/elasticsearch_sort_netbeans/elasticsearch/core/build/testrun/integTest/J2/temp/org.elasticsearch.cluster.MinimumMasterNodesIT_F7928424F380CF7C-001/tempDir-004/d2/TEST-CHILD_VM=[2]-CLUSTER_SEED=[2858301384796425155]-HASH=[462C14F99751D]-cluster/nodes/0/_state/global-1.st]
[2016-03-30 14:02:03,885][TRACE][org.elasticsearch.gateway] [node_t3] found state file: [id:1, legacy:false, file:/Users/brijeshs/Documents/elasticsearch_sort_netbeans/elasticsearch/core/build/testrun/integTest/J2/temp/org.elasticsearch.cluster.MinimumMasterNodesIT_F7928424F380CF7C-001/tempDir-004/d3/TEST-CHILD_VM=[2]-CLUSTER_SEED=[2858301384796425155]-HASH=[462C14F99751D]-cluster/nodes/0/_state/global-1.st]
[2016-03-30 14:02:03,886][TRACE][org.elasticsearch.gateway] [node_t3] state id [1] read from [global-1.st]
[2016-03-30 14:02:03,890][TRACE][org.elasticsearch.gateway] [node_t3] found state file: [id:5, legacy:false, file:/Users/brijeshs/Documents/elasticsearch_sort_netbeans/elasticsearch/core/build/testrun/integTest/J2/temp/org.elasticsearch.cluster.MinimumMasterNodesIT_F7928424F380CF7C-001/tempDir-004/d0/TEST-CHILD_VM=[2]-CLUSTER_SEED=[2858301384796425155]-HASH=[462C14F99751D]-cluster/nodes/0/indices/test/_state/state-5.st]
[2016-03-30 14:02:03,890][TRACE][org.elasticsearch.gateway] [node_t3] found state file: [id:5, legacy:false, file:/Users/brijeshs/Documents/elasticsearch_sort_netbeans/elasticsearch/core/build/testrun/integTest/J2/temp/org.elasticsearch.cluster.MinimumMasterNodesIT_F7928424F380CF7C-001/tempDir-004/d1/TEST-CHILD_VM=[2]-CLUSTER_SEED=[2858301384796425155]-HASH=[462C14F99751D]-cluster/nodes/0/indices/test/_state/state-5.st]
[2016-03-30 14:02:03,891][TRACE][org.elasticsearch.gateway] [node_t3] found state file: [id:5, legacy:false, file:/Users/brijeshs/Documents/elasticsearch_sort_netbeans/elasticsearch/core/build/testrun/integTest/J2/temp/org.elasticsearch.cluster.MinimumMasterNodesIT_F7928424F380CF7C-001/tempDir-004/d2/TEST-CHILD_VM=[2]-CLUSTER_SEED=[2858301384796425155]-HASH=[462C14F99751D]-cluster/nodes/0/indices/test/_state/state-5.st]
[2016-03-30 14:02:03,891][TRACE][org.elasticsearch.gateway] [node_t3] found state file: [id:5, legacy:false, file:/Users/brijeshs/Documents/elasticsearch_sort_netbeans/elasticsearch/core/build/testrun/integTest/J2/temp/org.elasticsearch.cluster.MinimumMasterNodesIT_F7928424F380CF7C-001/tempDir-004/d3/TEST-CHILD_VM=[2]-CLUSTER_SEED=[2858301384796425155]-HASH=[462C14F99751D]-cluster/nodes/0/indices/test/_state/state-5.st]
[2016-03-30 14:02:03,893][TRACE][org.elasticsearch.gateway] [node_t3] state id [5] read from [state-5.st]
[2016-03-30 14:02:03,893][DEBUG][org.elasticsearch.gateway] [node_t3] took 12ms to load state
[2016-03-30 14:02:03,903][TRACE][org.elasticsearch.discovery.zen.ping.unicast] [node_t1] [6] sending to {node_t1}{lk7U_niVSKyTWpmVoV3sIA}{127.0.0.1}{127.0.0.1:9661}[mode=>network]
[2016-03-30 14:02:03,903][TRACE][org.elasticsearch.discovery.zen.ping.unicast] [node_t1] [6] connecting (light) to {#zen_unicast_1#}{127.0.0.1}{127.0.0.1:9660}
[2016-03-30 14:02:03,904][TRACE][org.elasticsearch.discovery.zen.ping.unicast] [node_t1] [6] received response from {node_t1}{lk7U_niVSKyTWpmVoV3sIA}{127.0.0.1}{127.0.0.1:9661}[mode=>network]: [ping_response{node [{node_t1}{lk7U_niVSKyTWpmVoV3sIA}{127.0.0.1}{127.0.0.1:9661}[mode=>network]], id[901], master [null], hasJoinedOnce [true], cluster_name[TEST-CHILD_VM=[2]-CLUSTER_SEED=[2858301384796425155]-HASH=[462C14F99751D]-cluster]}, ping_response{node [{node_t1}{lk7U_niVSKyTWpmVoV3sIA}{127.0.0.1}{127.0.0.1:9661}[mode=>network]], id[901], master [null], hasJoinedOnce [true], cluster_name[TEST-CHILD_VM=[2]-CLUSTER_SEED=[2858301384796425155]-HASH=[462C14F99751D]-cluster]}, ping_response{node [{node_t1}{lk7U_niVSKyTWpmVoV3sIA}{127.0.0.1}{127.0.0.1:9661}[mode=>network]], id[901], master [null], hasJoinedOnce [true], cluster_name[TEST-CHILD_VM=[2]-CLUSTER_SEED=[2858301384796425155]-HASH=[462C14F99751D]-cluster]}, ping_response{node [{node_t1}{lk7U_niVSKyTWpmVoV3sIA}{127.0.0.1}{127.0.0.1:9661}[mode=>network]], id[905], master [null], hasJoinedOnce [true], cluster_name[TEST-CHILD_VM=[2]-CLUSTER_SEED=[2858301384796425155]-HASH=[462C14F99751D]-cluster]}, ping_response{node [{node_t1}{lk7U_niVSKyTWpmVoV3sIA}{127.0.0.1}{127.0.0.1:9661}[mode=>network]], id[905], master [null], hasJoinedOnce [true], cluster_name[TEST-CHILD_VM=[2]-CLUSTER_SEED=[2858301384796425155]-HASH=[462C14F99751D]-cluster]}, ping_response{node [{node_t1}{lk7U_niVSKyTWpmVoV3sIA}{127.0.0.1}{127.0.0.1:9661}[mode=>network]], id[905], master [null], hasJoinedOnce [true], cluster_name[TEST-CHILD_VM=[2]-CLUSTER_SEED=[2858301384796425155]-HASH=[462C14F99751D]-cluster]}, ping_response{node [{node_t1}{lk7U_niVSKyTWpmVoV3sIA}{127.0.0.1}{127.0.0.1:9661}[mode=>network]], id[909], master [null], hasJoinedOnce [true], cluster_name[TEST-CHILD_VM=[2]-CLUSTER_SEED=[2858301384796425155]-HASH=[462C14F99751D]-cluster]}, ping_response{node [{node_t1}{lk7U_niVSKyTWpmVoV3sIA}{127.0.0.1}{127.0.0.1:9661}[mode=>network]], id[909], master [null], hasJoinedOnce [true], cluster_name[TEST-CHILD_VM=[2]-CLUSTER_SEED=[2858301384796425155]-HASH=[462C14F99751D]-cluster]}, ping_response{node [{node_t1}{lk7U_niVSKyTWpmVoV3sIA}{127.0.0.1}{127.0.0.1:9661}[mode=>network]], id[909], master [null], hasJoinedOnce [true], cluster_name[TEST-CHILD_VM=[2]-CLUSTER_SEED=[2858301384796425155]-HASH=[462C14F99751D]-cluster]}, ping_response{node [{node_t1}{lk7U_niVSKyTWpmVoV3sIA}{127.0.0.1}{127.0.0.1:9661}[mode=>network]], id[913], master [null], hasJoinedOnce [true], cluster_name[TEST-CHILD_VM=[2]-CLUSTER_SEED=[2858301384796425155]-HASH=[462C14F99751D]-cluster]}, ping_response{node [{node_t1}{lk7U_niVSKyTWpmVoV3sIA}{127.0.0.1}{127.0.0.1:9661}[mode=>network]], id[913], master [null], hasJoinedOnce [true], cluster_name[TEST-CHILD_VM=[2]-CLUSTER_SEED=[2858301384796425155]-HASH=[462C14F99751D]-cluster]}, ping_response{node [{node_t1}{lk7U_niVSKyTWpmVoV3sIA}{127.0.0.1}{127.0.0.1:9661}[mode=>network]], id[913], master [null], hasJoinedOnce [true], cluster_name[TEST-CHILD_VM=[2]-CLUSTER_SEED=[2858301384796425155]-HASH=[462C14F99751D]-cluster]}, ping_response{node [{node_t1}{lk7U_niVSKyTWpmVoV3sIA}{127.0.0.1}{127.0.0.1:9661}[mode=>network]], id[917], master [null], hasJoinedOnce [true], cluster_name[TEST-CHILD_VM=[2]-CLUSTER_SEED=[2858301384796425155]-HASH=[462C14F99751D]-cluster]}, ping_response{node [{node_t1}{lk7U_niVSKyTWpmVoV3sIA}{127.0.0.1}{127.0.0.1:9661}[mode=>network]], id[918], master [null], hasJoinedOnce [true], cluster_name[TEST-CHILD_VM=[2]-CLUSTER_SEED=[2858301384796425155]-HASH=[462C14F99751D]-cluster]}]
[2016-03-30 14:02:03,904][TRACE][org.elasticsearch.discovery.zen.ping.unicast] [node_t1] [6] connecting (light) to {#zen_unicast_3#}{127.0.0.1}{127.0.0.1:9662}
[2016-03-30 14:02:03,904][TRACE][org.elasticsearch.discovery.zen.ping.unicast] [node_t1] [6] connecting (light) to {#zen_unicast_6#}{::1}{[::1]:9660}
[2016-03-30 14:02:03,904][TRACE][org.elasticsearch.discovery.zen.ping.unicast] [node_t1] [6] connecting (light) to {#zen_unicast_4#}{127.0.0.1}{127.0.0.1:9663}
[2016-03-30 14:02:03,904][TRACE][org.elasticsearch.discovery.zen.ping.unicast] [node_t1] [6] connecting (light) to {#zen_unicast_5#}{127.0.0.1}{127.0.0.1:9664}
[2016-03-30 14:02:03,904][TRACE][org.elasticsearch.discovery.zen.ping.unicast] [node_t1] [6] sending to {#zen_unicast_7#}{::1}{[::1]:9661}
[2016-03-30 14:02:03,904][TRACE][org.elasticsearch.discovery.zen.ping.unicast] [node_t1] [6] failed to connect to {#zen_unicast_1#}{127.0.0.1}{127.0.0.1:9660}
ConnectTransportException[[][127.0.0.1:9660] connect_timeout[30s]]; nested: ConnectException[Connection refused: /127.0.0.1:9660];
	at org.elasticsearch.transport.netty.NettyTransport.connectToChannelsLight(NettyTransport.java:948)
	at org.elasticsearch.transport.netty.NettyTransport.connectToNode(NettyTransport.java:912)
	at org.elasticsearch.transport.netty.NettyTransport.connectToNodeLight(NettyTransport.java:884)
	at org.elasticsearch.test.transport.MockTransportService$LookupTestTransport.connectToNodeLight(MockTransportService.java:412)
	at org.elasticsearch.transport.TransportService.connectToNodeLight(TransportService.java:250)
	at org.elasticsearch.discovery.zen.ping.unicast.UnicastZenPing$3.run(UnicastZenPing.java:395)
	at java.util.concurrent.ThreadPoolExecutor.runWorker(ThreadPoolExecutor.java:1142)
	at java.util.concurrent.ThreadPoolExecutor$Worker.run(ThreadPoolExecutor.java:617)
	at java.lang.Thread.run(Thread.java:745)
Caused by: java.net.ConnectException: Connection refused: /127.0.0.1:9660
	at sun.nio.ch.SocketChannelImpl.checkConnect(Native Method)
	at sun.nio.ch.SocketChannelImpl.finishConnect(SocketChannelImpl.java:717)
	at org.jboss.netty.channel.socket.nio.NioClientBoss.connect(NioClientBoss.java:152)
	at org.jboss.netty.channel.socket.nio.NioClientBoss.processSelectedKeys(NioClientBoss.java:105)
	at org.jboss.netty.channel.socket.nio.NioClientBoss.process(NioClientBoss.java:79)
	at org.jboss.netty.channel.socket.nio.AbstractNioSelector.run(AbstractNioSelector.java:337)
	at org.jboss.netty.channel.socket.nio.NioClientBoss.run(NioClientBoss.java:42)
	at org.jboss.netty.util.ThreadRenamingRunnable.run(ThreadRenamingRunnable.java:108)
	at org.jboss.netty.util.internal.DeadLockProofWorker$1.run(DeadLockProofWorker.java:42)
	... 3 more
[2016-03-30 14:02:03,905][TRACE][org.elasticsearch.discovery.zen.ping.unicast] [node_t1] [6] failed to connect to {#zen_unicast_3#}{127.0.0.1}{127.0.0.1:9662}
ConnectTransportException[[][127.0.0.1:9662] connect_timeout[30s]]; nested: ConnectException[Connection refused: /127.0.0.1:9662];
	at org.elasticsearch.transport.netty.NettyTransport.connectToChannelsLight(NettyTransport.java:948)
	at org.elasticsearch.transport.netty.NettyTransport.connectToNode(NettyTransport.java:912)
	at org.elasticsearch.transport.netty.NettyTransport.connectToNodeLight(NettyTransport.java:884)
	at org.elasticsearch.test.transport.MockTransportService$LookupTestTransport.connectToNodeLight(MockTransportService.java:412)
	at org.elasticsearch.transport.TransportService.connectToNodeLight(TransportService.java:250)
	at org.elasticsearch.discovery.zen.ping.unicast.UnicastZenPing$3.run(UnicastZenPing.java:395)
	at java.util.concurrent.ThreadPoolExecutor.runWorker(ThreadPoolExecutor.java:1142)
	at java.util.concurrent.ThreadPoolExecutor$Worker.run(ThreadPoolExecutor.java:617)
	at java.lang.Thread.run(Thread.java:745)
Caused by: java.net.ConnectException: Connection refused: /127.0.0.1:9662
	at sun.nio.ch.SocketChannelImpl.checkConnect(Native Method)
	at sun.nio.ch.SocketChannelImpl.finishConnect(SocketChannelImpl.java:717)
	at org.jboss.netty.channel.socket.nio.NioClientBoss.connect(NioClientBoss.java:152)
	at org.jboss.netty.channel.socket.nio.NioClientBoss.processSelectedKeys(NioClientBoss.java:105)
	at org.jboss.netty.channel.socket.nio.NioClientBoss.process(NioClientBoss.java:79)
	at org.jboss.netty.channel.socket.nio.AbstractNioSelector.run(AbstractNioSelector.java:337)
	at org.jboss.netty.channel.socket.nio.NioClientBoss.run(NioClientBoss.java:42)
	at org.jboss.netty.util.ThreadRenamingRunnable.run(ThreadRenamingRunnable.java:108)
	at org.jboss.netty.util.internal.DeadLockProofWorker$1.run(DeadLockProofWorker.java:42)
	... 3 more
[2016-03-30 14:02:03,905][TRACE][org.elasticsearch.discovery.zen.ping.unicast] [node_t1] [6] failed to connect to {#zen_unicast_4#}{127.0.0.1}{127.0.0.1:9663}
ConnectTransportException[[][127.0.0.1:9663] connect_timeout[30s]]; nested: ConnectException[Connection refused: /127.0.0.1:9663];
	at org.elasticsearch.transport.netty.NettyTransport.connectToChannelsLight(NettyTransport.java:948)
	at org.elasticsearch.transport.netty.NettyTransport.connectToNode(NettyTransport.java:912)
	at org.elasticsearch.transport.netty.NettyTransport.connectToNodeLight(NettyTransport.java:884)
	at org.elasticsearch.test.transport.MockTransportService$LookupTestTransport.connectToNodeLight(MockTransportService.java:412)
	at org.elasticsearch.transport.TransportService.connectToNodeLight(TransportService.java:250)
	at org.elasticsearch.discovery.zen.ping.unicast.UnicastZenPing$3.run(UnicastZenPing.java:395)
	at java.util.concurrent.ThreadPoolExecutor.runWorker(ThreadPoolExecutor.java:1142)
	at java.util.concurrent.ThreadPoolExecutor$Worker.run(ThreadPoolExecutor.java:617)
	at java.lang.Thread.run(Thread.java:745)
Caused by: java.net.ConnectException: Connection refused: /127.0.0.1:9663
	at sun.nio.ch.SocketChannelImpl.checkConnect(Native Method)
	at sun.nio.ch.SocketChannelImpl.finishConnect(SocketChannelImpl.java:717)
	at org.jboss.netty.channel.socket.nio.NioClientBoss.connect(NioClientBoss.java:152)
	at org.jboss.netty.channel.socket.nio.NioClientBoss.processSelectedKeys(NioClientBoss.java:105)
	at org.jboss.netty.channel.socket.nio.NioClientBoss.process(NioClientBoss.java:79)
	at org.jboss.netty.channel.socket.nio.AbstractNioSelector.run(AbstractNioSelector.java:337)
	at org.jboss.netty.channel.socket.nio.NioClientBoss.run(NioClientBoss.java:42)
	at org.jboss.netty.util.ThreadRenamingRunnable.run(ThreadRenamingRunnable.java:108)
	at org.jboss.netty.util.internal.DeadLockProofWorker$1.run(DeadLockProofWorker.java:42)
	... 3 more
[2016-03-30 14:02:03,905][TRACE][org.elasticsearch.discovery.zen.ping.unicast] [node_t1] [6] connecting (light) to {#zen_unicast_10#}{::1}{[::1]:9664}
[2016-03-30 14:02:03,905][TRACE][org.elasticsearch.discovery.zen.ping.unicast] [node_t1] [6] connecting (light) to {#zen_unicast_9#}{::1}{[::1]:9663}
[2016-03-30 14:02:03,905][TRACE][org.elasticsearch.discovery.zen.ping.unicast] [node_t1] [6] connecting (light) to {#zen_unicast_8#}{::1}{[::1]:9662}
[2016-03-30 14:02:03,905][TRACE][org.elasticsearch.discovery.zen.ping.unicast] [node_t1] [6] sending to {node_t1}{lk7U_niVSKyTWpmVoV3sIA}{127.0.0.1}{127.0.0.1:9661}[mode=>network]
[2016-03-30 14:02:03,906][TRACE][org.elasticsearch.discovery.zen.ping.unicast] [node_t1] [6] failed to connect to {#zen_unicast_5#}{127.0.0.1}{127.0.0.1:9664}
ConnectTransportException[[][127.0.0.1:9664] connect_timeout[30s]]; nested: ConnectException[Connection refused: /127.0.0.1:9664];
	at org.elasticsearch.transport.netty.NettyTransport.connectToChannelsLight(NettyTransport.java:948)
	at org.elasticsearch.transport.netty.NettyTransport.connectToNode(NettyTransport.java:912)
	at org.elasticsearch.transport.netty.NettyTransport.connectToNodeLight(NettyTransport.java:884)
	at org.elasticsearch.test.transport.MockTransportService$LookupTestTransport.connectToNodeLight(MockTransportService.java:412)
	at org.elasticsearch.transport.TransportService.connectToNodeLight(TransportService.java:250)
	at org.elasticsearch.discovery.zen.ping.unicast.UnicastZenPing$3.run(UnicastZenPing.java:395)
	at java.util.concurrent.ThreadPoolExecutor.runWorker(ThreadPoolExecutor.java:1142)
	at java.util.concurrent.ThreadPoolExecutor$Worker.run(ThreadPoolExecutor.java:617)
	at java.lang.Thread.run(Thread.java:745)
Caused by: java.net.ConnectException: Connection refused: /127.0.0.1:9664
	at sun.nio.ch.SocketChannelImpl.checkConnect(Native Method)
	at sun.nio.ch.SocketChannelImpl.finishConnect(SocketChannelImpl.java:717)
	at org.jboss.netty.channel.socket.nio.NioClientBoss.connect(NioClientBoss.java:152)
	at org.jboss.netty.channel.socket.nio.NioClientBoss.processSelectedKeys(NioClientBoss.java:105)
	at org.jboss.netty.channel.socket.nio.NioClientBoss.process(NioClientBoss.java:79)
	at org.jboss.netty.channel.socket.nio.AbstractNioSelector.run(AbstractNioSelector.java:337)
	at org.jboss.netty.channel.socket.nio.NioClientBoss.run(NioClientBoss.java:42)
	at org.jboss.netty.util.ThreadRenamingRunnable.run(ThreadRenamingRunnable.java:108)
	at org.jboss.netty.util.internal.DeadLockProofWorker$1.run(DeadLockProofWorker.java:42)
	... 3 more
[2016-03-30 14:02:03,905][TRACE][org.elasticsearch.discovery.zen.ping.unicast] [node_t1] [6] failed to connect to {#zen_unicast_6#}{::1}{[::1]:9660}
ConnectTransportException[[][[::1]:9660] connect_timeout[30s]]; nested: ConnectException[Connection refused: /0:0:0:0:0:0:0:1:9660];
	at org.elasticsearch.transport.netty.NettyTransport.connectToChannelsLight(NettyTransport.java:948)
	at org.elasticsearch.transport.netty.NettyTransport.connectToNode(NettyTransport.java:912)
	at org.elasticsearch.transport.netty.NettyTransport.connectToNodeLight(NettyTransport.java:884)
	at org.elasticsearch.test.transport.MockTransportService$LookupTestTransport.connectToNodeLight(MockTransportService.java:412)
	at org.elasticsearch.transport.TransportService.connectToNodeLight(TransportService.java:250)
	at org.elasticsearch.discovery.zen.ping.unicast.UnicastZenPing$3.run(UnicastZenPing.java:395)
	at java.util.concurrent.ThreadPoolExecutor.runWorker(ThreadPoolExecutor.java:1142)
	at java.util.concurrent.ThreadPoolExecutor$Worker.run(ThreadPoolExecutor.java:617)
	at java.lang.Thread.run(Thread.java:745)
Caused by: java.net.ConnectException: Connection refused: /0:0:0:0:0:0:0:1:9660
	at sun.nio.ch.SocketChannelImpl.checkConnect(Native Method)
	at sun.nio.ch.SocketChannelImpl.finishConnect(SocketChannelImpl.java:717)
	at org.jboss.netty.channel.socket.nio.NioClientBoss.connect(NioClientBoss.java:152)
	at org.jboss.netty.channel.socket.nio.NioClientBoss.processSelectedKeys(NioClientBoss.java:105)
	at org.jboss.netty.channel.socket.nio.NioClientBoss.process(NioClientBoss.java:79)
	at org.jboss.netty.channel.socket.nio.AbstractNioSelector.run(AbstractNioSelector.java:337)
	at org.jboss.netty.channel.socket.nio.NioClientBoss.run(NioClientBoss.java:42)
	at org.jboss.netty.util.ThreadRenamingRunnable.run(ThreadRenamingRunnable.java:108)
	at org.jboss.netty.util.internal.DeadLockProofWorker$1.run(DeadLockProofWorker.java:42)
	... 3 more
[2016-03-30 14:02:03,905][TRACE][org.elasticsearch.discovery.zen.ping.unicast] [node_t1] [6] received response from {#zen_unicast_7#}{::1}{[::1]:9661}: [ping_response{node [{node_t1}{lk7U_niVSKyTWpmVoV3sIA}{127.0.0.1}{127.0.0.1:9661}[mode=>network]], id[901], master [null], hasJoinedOnce [true], cluster_name[TEST-CHILD_VM=[2]-CLUSTER_SEED=[2858301384796425155]-HASH=[462C14F99751D]-cluster]}, ping_response{node [{node_t1}{lk7U_niVSKyTWpmVoV3sIA}{127.0.0.1}{127.0.0.1:9661}[mode=>network]], id[901], master [null], hasJoinedOnce [true], cluster_name[TEST-CHILD_VM=[2]-CLUSTER_SEED=[2858301384796425155]-HASH=[462C14F99751D]-cluster]}, ping_response{node [{node_t1}{lk7U_niVSKyTWpmVoV3sIA}{127.0.0.1}{127.0.0.1:9661}[mode=>network]], id[901], master [null], hasJoinedOnce [true], cluster_name[TEST-CHILD_VM=[2]-CLUSTER_SEED=[2858301384796425155]-HASH=[462C14F99751D]-cluster]}, ping_response{node [{node_t1}{lk7U_niVSKyTWpmVoV3sIA}{127.0.0.1}{127.0.0.1:9661}[mode=>network]], id[905], master [null], hasJoinedOnce [true], cluster_name[TEST-CHILD_VM=[2]-CLUSTER_SEED=[2858301384796425155]-HASH=[462C14F99751D]-cluster]}, ping_response{node [{node_t1}{lk7U_niVSKyTWpmVoV3sIA}{127.0.0.1}{127.0.0.1:9661}[mode=>network]], id[905], master [null], hasJoinedOnce [true], cluster_name[TEST-CHILD_VM=[2]-CLUSTER_SEED=[2858301384796425155]-HASH=[462C14F99751D]-cluster]}, ping_response{node [{node_t1}{lk7U_niVSKyTWpmVoV3sIA}{127.0.0.1}{127.0.0.1:9661}[mode=>network]], id[905], master [null], hasJoinedOnce [true], cluster_name[TEST-CHILD_VM=[2]-CLUSTER_SEED=[2858301384796425155]-HASH=[462C14F99751D]-cluster]}, ping_response{node [{node_t1}{lk7U_niVSKyTWpmVoV3sIA}{127.0.0.1}{127.0.0.1:9661}[mode=>network]], id[909], master [null], hasJoinedOnce [true], cluster_name[TEST-CHILD_VM=[2]-CLUSTER_SEED=[2858301384796425155]-HASH=[462C14F99751D]-cluster]}, ping_response{node [{node_t1}{lk7U_niVSKyTWpmVoV3sIA}{127.0.0.1}{127.0.0.1:9661}[mode=>network]], id[909], master [null], hasJoinedOnce [true], cluster_name[TEST-CHILD_VM=[2]-CLUSTER_SEED=[2858301384796425155]-HASH=[462C14F99751D]-cluster]}, ping_response{node [{node_t1}{lk7U_niVSKyTWpmVoV3sIA}{127.0.0.1}{127.0.0.1:9661}[mode=>network]], id[909], master [null], hasJoinedOnce [true], cluster_name[TEST-CHILD_VM=[2]-CLUSTER_SEED=[2858301384796425155]-HASH=[462C14F99751D]-cluster]}, ping_response{node [{node_t1}{lk7U_niVSKyTWpmVoV3sIA}{127.0.0.1}{127.0.0.1:9661}[mode=>network]], id[913], master [null], hasJoinedOnce [true], cluster_name[TEST-CHILD_VM=[2]-CLUSTER_SEED=[2858301384796425155]-HASH=[462C14F99751D]-cluster]}, ping_response{node [{node_t1}{lk7U_niVSKyTWpmVoV3sIA}{127.0.0.1}{127.0.0.1:9661}[mode=>network]], id[913], master [null], hasJoinedOnce [true], cluster_name[TEST-CHILD_VM=[2]-CLUSTER_SEED=[2858301384796425155]-HASH=[462C14F99751D]-cluster]}, ping_response{node [{node_t1}{lk7U_niVSKyTWpmVoV3sIA}{127.0.0.1}{127.0.0.1:9661}[mode=>network]], id[913], master [null], hasJoinedOnce [true], cluster_name[TEST-CHILD_VM=[2]-CLUSTER_SEED=[2858301384796425155]-HASH=[462C14F99751D]-cluster]}, ping_response{node [{node_t1}{lk7U_niVSKyTWpmVoV3sIA}{127.0.0.1}{127.0.0.1:9661}[mode=>network]], id[917], master [null], hasJoinedOnce [true], cluster_name[TEST-CHILD_VM=[2]-CLUSTER_SEED=[2858301384796425155]-HASH=[462C14F99751D]-cluster]}, ping_response{node [{node_t1}{lk7U_niVSKyTWpmVoV3sIA}{127.0.0.1}{127.0.0.1:9661}[mode=>network]], id[917], master [null], hasJoinedOnce [true], cluster_name[TEST-CHILD_VM=[2]-CLUSTER_SEED=[2858301384796425155]-HASH=[462C14F99751D]-cluster]}, ping_response{node [{node_t1}{lk7U_niVSKyTWpmVoV3sIA}{127.0.0.1}{127.0.0.1:9661}[mode=>network]], id[919], master [null], hasJoinedOnce [true], cluster_name[TEST-CHILD_VM=[2]-CLUSTER_SEED=[2858301384796425155]-HASH=[462C14F99751D]-cluster]}]
[2016-03-30 14:02:03,907][TRACE][org.elasticsearch.discovery.zen.ping.unicast] [node_t1] [6] failed to connect to {#zen_unicast_8#}{::1}{[::1]:9662}
ConnectTransportException[[][[::1]:9662] connect_timeout[30s]]; nested: ConnectException[Connection refused: /0:0:0:0:0:0:0:1:9662];
	at org.elasticsearch.transport.netty.NettyTransport.connectToChannelsLight(NettyTransport.java:948)
	at org.elasticsearch.transport.netty.NettyTransport.connectToNode(NettyTransport.java:912)
	at org.elasticsearch.transport.netty.NettyTransport.connectToNodeLight(NettyTransport.java:884)
	at org.elasticsearch.test.transport.MockTransportService$LookupTestTransport.connectToNodeLight(MockTransportService.java:412)
	at org.elasticsearch.transport.TransportService.connectToNodeLight(TransportService.java:250)
	at org.elasticsearch.discovery.zen.ping.unicast.UnicastZenPing$3.run(UnicastZenPing.java:395)
	at java.util.concurrent.ThreadPoolExecutor.runWorker(ThreadPoolExecutor.java:1142)
	at java.util.concurrent.ThreadPoolExecutor$Worker.run(ThreadPoolExecutor.java:617)
	at java.lang.Thread.run(Thread.java:745)
Caused by: java.net.ConnectException: Connection refused: /0:0:0:0:0:0:0:1:9662
	at sun.nio.ch.SocketChannelImpl.checkConnect(Native Method)
	at sun.nio.ch.SocketChannelImpl.finishConnect(SocketChannelImpl.java:717)
	at org.jboss.netty.channel.socket.nio.NioClientBoss.connect(NioClientBoss.java:152)
	at org.jboss.netty.channel.socket.nio.NioClientBoss.processSelectedKeys(NioClientBoss.java:105)
	at org.jboss.netty.channel.socket.nio.NioClientBoss.process(NioClientBoss.java:79)
	at org.jboss.netty.channel.socket.nio.AbstractNioSelector.run(AbstractNioSelector.java:337)
	at org.jboss.netty.channel.socket.nio.NioClientBoss.run(NioClientBoss.java:42)
	at org.jboss.netty.util.ThreadRenamingRunnable.run(ThreadRenamingRunnable.java:108)
	at org.jboss.netty.util.internal.DeadLockProofWorker$1.run(DeadLockProofWorker.java:42)
	... 3 more
[2016-03-30 14:02:03,906][TRACE][org.elasticsearch.discovery.zen.ping.unicast] [node_t1] [6] failed to connect to {#zen_unicast_10#}{::1}{[::1]:9664}
ConnectTransportException[[][[::1]:9664] connect_timeout[30s]]; nested: ConnectException[Connection refused: /0:0:0:0:0:0:0:1:9664];
	at org.elasticsearch.transport.netty.NettyTransport.connectToChannelsLight(NettyTransport.java:948)
	at org.elasticsearch.transport.netty.NettyTransport.connectToNode(NettyTransport.java:912)
	at org.elasticsearch.transport.netty.NettyTransport.connectToNodeLight(NettyTransport.java:884)
	at org.elasticsearch.test.transport.MockTransportService$LookupTestTransport.connectToNodeLight(MockTransportService.java:412)
	at org.elasticsearch.transport.TransportService.connectToNodeLight(TransportService.java:250)
	at org.elasticsearch.discovery.zen.ping.unicast.UnicastZenPing$3.run(UnicastZenPing.java:395)
	at java.util.concurrent.ThreadPoolExecutor.runWorker(ThreadPoolExecutor.java:1142)
	at java.util.concurrent.ThreadPoolExecutor$Worker.run(ThreadPoolExecutor.java:617)
	at java.lang.Thread.run(Thread.java:745)
Caused by: java.net.ConnectException: Connection refused: /0:0:0:0:0:0:0:1:9664
	at sun.nio.ch.SocketChannelImpl.checkConnect(Native Method)
	at sun.nio.ch.SocketChannelImpl.finishConnect(SocketChannelImpl.java:717)
	at org.jboss.netty.channel.socket.nio.NioClientBoss.connect(NioClientBoss.java:152)
	at org.jboss.netty.channel.socket.nio.NioClientBoss.processSelectedKeys(NioClientBoss.java:105)
	at org.jboss.netty.channel.socket.nio.NioClientBoss.process(NioClientBoss.java:79)
	at org.jboss.netty.channel.socket.nio.AbstractNioSelector.run(AbstractNioSelector.java:337)
	at org.jboss.netty.channel.socket.nio.NioClientBoss.run(NioClientBoss.java:42)
	at org.jboss.netty.util.ThreadRenamingRunnable.run(ThreadRenamingRunnable.java:108)
	at org.jboss.netty.util.internal.DeadLockProofWorker$1.run(DeadLockProofWorker.java:42)
	... 3 more
[2016-03-30 14:02:03,906][TRACE][org.elasticsearch.discovery.zen.ping.unicast] [node_t1] [6] failed to connect to {#zen_unicast_9#}{::1}{[::1]:9663}
ConnectTransportException[[][[::1]:9663] connect_timeout[30s]]; nested: ConnectException[Connection refused: /0:0:0:0:0:0:0:1:9663];
	at org.elasticsearch.transport.netty.NettyTransport.connectToChannelsLight(NettyTransport.java:948)
	at org.elasticsearch.transport.netty.NettyTransport.connectToNode(NettyTransport.java:912)
	at org.elasticsearch.transport.netty.NettyTransport.connectToNodeLight(NettyTransport.java:884)
	at org.elasticsearch.test.transport.MockTransportService$LookupTestTransport.connectToNodeLight(MockTransportService.java:412)
	at org.elasticsearch.transport.TransportService.connectToNodeLight(TransportService.java:250)
	at org.elasticsearch.discovery.zen.ping.unicast.UnicastZenPing$3.run(UnicastZenPing.java:395)
	at java.util.concurrent.ThreadPoolExecutor.runWorker(ThreadPoolExecutor.java:1142)
	at java.util.concurrent.ThreadPoolExecutor$Worker.run(ThreadPoolExecutor.java:617)
	at java.lang.Thread.run(Thread.java:745)
Caused by: java.net.ConnectException: Connection refused: /0:0:0:0:0:0:0:1:9663
	at sun.nio.ch.SocketChannelImpl.checkConnect(Native Method)
	at sun.nio.ch.SocketChannelImpl.finishConnect(SocketChannelImpl.java:717)
	at org.jboss.netty.channel.socket.nio.NioClientBoss.connect(NioClientBoss.java:152)
	at org.jboss.netty.channel.socket.nio.NioClientBoss.processSelectedKeys(NioClientBoss.java:105)
	at org.jboss.netty.channel.socket.nio.NioClientBoss.process(NioClientBoss.java:79)
	at org.jboss.netty.channel.socket.nio.AbstractNioSelector.run(AbstractNioSelector.java:337)
	at org.jboss.netty.channel.socket.nio.NioClientBoss.run(NioClientBoss.java:42)
	at org.jboss.netty.util.ThreadRenamingRunnable.run(ThreadRenamingRunnable.java:108)
	at org.jboss.netty.util.internal.DeadLockProofWorker$1.run(DeadLockProofWorker.java:42)
	... 3 more
[2016-03-30 14:02:03,906][TRACE][org.elasticsearch.discovery.zen.ping.unicast] [node_t1] [6] received response from {node_t1}{lk7U_niVSKyTWpmVoV3sIA}{127.0.0.1}{127.0.0.1:9661}[mode=>network]: [ping_response{node [{node_t1}{lk7U_niVSKyTWpmVoV3sIA}{127.0.0.1}{127.0.0.1:9661}[mode=>network]], id[901], master [null], hasJoinedOnce [true], cluster_name[TEST-CHILD_VM=[2]-CLUSTER_SEED=[2858301384796425155]-HASH=[462C14F99751D]-cluster]}, ping_response{node [{node_t1}{lk7U_niVSKyTWpmVoV3sIA}{127.0.0.1}{127.0.0.1:9661}[mode=>network]], id[901], master [null], hasJoinedOnce [true], cluster_name[TEST-CHILD_VM=[2]-CLUSTER_SEED=[2858301384796425155]-HASH=[462C14F99751D]-cluster]}, ping_response{node [{node_t1}{lk7U_niVSKyTWpmVoV3sIA}{127.0.0.1}{127.0.0.1:9661}[mode=>network]], id[901], master [null], hasJoinedOnce [true], cluster_name[TEST-CHILD_VM=[2]-CLUSTER_SEED=[2858301384796425155]-HASH=[462C14F99751D]-cluster]}, ping_response{node [{node_t1}{lk7U_niVSKyTWpmVoV3sIA}{127.0.0.1}{127.0.0.1:9661}[mode=>network]], id[905], master [null], hasJoinedOnce [true], cluster_name[TEST-CHILD_VM=[2]-CLUSTER_SEED=[2858301384796425155]-HASH=[462C14F99751D]-cluster]}, ping_response{node [{node_t1}{lk7U_niVSKyTWpmVoV3sIA}{127.0.0.1}{127.0.0.1:9661}[mode=>network]], id[905], master [null], hasJoinedOnce [true], cluster_name[TEST-CHILD_VM=[2]-CLUSTER_SEED=[2858301384796425155]-HASH=[462C14F99751D]-cluster]}, ping_response{node [{node_t1}{lk7U_niVSKyTWpmVoV3sIA}{127.0.0.1}{127.0.0.1:9661}[mode=>network]], id[905], master [null], hasJoinedOnce [true], cluster_name[TEST-CHILD_VM=[2]-CLUSTER_SEED=[2858301384796425155]-HASH=[462C14F99751D]-cluster]}, ping_response{node [{node_t1}{lk7U_niVSKyTWpmVoV3sIA}{127.0.0.1}{127.0.0.1:9661}[mode=>network]], id[909], master [null], hasJoinedOnce [true], cluster_name[TEST-CHILD_VM=[2]-CLUSTER_SEED=[2858301384796425155]-HASH=[462C14F99751D]-cluster]}, ping_response{node [{node_t1}{lk7U_niVSKyTWpmVoV3sIA}{127.0.0.1}{127.0.0.1:9661}[mode=>network]], id[909], master [null], hasJoinedOnce [true], cluster_name[TEST-CHILD_VM=[2]-CLUSTER_SEED=[2858301384796425155]-HASH=[462C14F99751D]-cluster]}, ping_response{node [{node_t1}{lk7U_niVSKyTWpmVoV3sIA}{127.0.0.1}{127.0.0.1:9661}[mode=>network]], id[909], master [null], hasJoinedOnce [true], cluster_name[TEST-CHILD_VM=[2]-CLUSTER_SEED=[2858301384796425155]-HASH=[462C14F99751D]-cluster]}, ping_response{node [{node_t1}{lk7U_niVSKyTWpmVoV3sIA}{127.0.0.1}{127.0.0.1:9661}[mode=>network]], id[913], master [null], hasJoinedOnce [true], cluster_name[TEST-CHILD_VM=[2]-CLUSTER_SEED=[2858301384796425155]-HASH=[462C14F99751D]-cluster]}, ping_response{node [{node_t1}{lk7U_niVSKyTWpmVoV3sIA}{127.0.0.1}{127.0.0.1:9661}[mode=>network]], id[913], master [null], hasJoinedOnce [true], cluster_name[TEST-CHILD_VM=[2]-CLUSTER_SEED=[2858301384796425155]-HASH=[462C14F99751D]-cluster]}, ping_response{node [{node_t1}{lk7U_niVSKyTWpmVoV3sIA}{127.0.0.1}{127.0.0.1:9661}[mode=>network]], id[913], master [null], hasJoinedOnce [true], cluster_name[TEST-CHILD_VM=[2]-CLUSTER_SEED=[2858301384796425155]-HASH=[462C14F99751D]-cluster]}, ping_response{node [{node_t1}{lk7U_niVSKyTWpmVoV3sIA}{127.0.0.1}{127.0.0.1:9661}[mode=>network]], id[917], master [null], hasJoinedOnce [true], cluster_name[TEST-CHILD_VM=[2]-CLUSTER_SEED=[2858301384796425155]-HASH=[462C14F99751D]-cluster]}, ping_response{node [{node_t1}{lk7U_niVSKyTWpmVoV3sIA}{127.0.0.1}{127.0.0.1:9661}[mode=>network]], id[917], master [null], hasJoinedOnce [true], cluster_name[TEST-CHILD_VM=[2]-CLUSTER_SEED=[2858301384796425155]-HASH=[462C14F99751D]-cluster]}, ping_response{node [{node_t1}{lk7U_niVSKyTWpmVoV3sIA}{127.0.0.1}{127.0.0.1:9661}[mode=>network]], id[917], master [null], hasJoinedOnce [true], cluster_name[TEST-CHILD_VM=[2]-CLUSTER_SEED=[2858301384796425155]-HASH=[462C14F99751D]-cluster]}, ping_response{node [{node_t1}{lk7U_niVSKyTWpmVoV3sIA}{127.0.0.1}{127.0.0.1:9661}[mode=>network]], id[920], master [null], hasJoinedOnce [true], cluster_name[TEST-CHILD_VM=[2]-CLUSTER_SEED=[2858301384796425155]-HASH=[462C14F99751D]-cluster]}]
[2016-03-30 14:02:03,909][TRACE][org.elasticsearch.discovery.zen] [node_t1] full ping responses: {none}
[2016-03-30 14:02:03,909][TRACE][org.elasticsearch.discovery.zen.ping.unicast] [node_t1] [6] disconnecting from {#zen_unicast_1#}{127.0.0.1}{127.0.0.1:9660}
[2016-03-30 14:02:03,909][DEBUG][org.elasticsearch.discovery.zen] [node_t1] filtered ping responses: (filter_client[true], filter_data[false]) {none}
[2016-03-30 14:02:03,909][TRACE][org.elasticsearch.discovery.zen.ping.unicast] [node_t1] [6] disconnecting from {#zen_unicast_6#}{::1}{[::1]:9660}
[2016-03-30 14:02:03,909][TRACE][org.elasticsearch.discovery.zen] [node_t1] adding local node to the list of active nodes who has previously joined the cluster (joins counter is [2})
[2016-03-30 14:02:03,909][TRACE][org.elasticsearch.discovery.zen] [node_t1] not enough master nodes [[{node_t1}{lk7U_niVSKyTWpmVoV3sIA}{127.0.0.1}{127.0.0.1:9661}[mode=>network]]]
[2016-03-30 14:02:03,909][TRACE][org.elasticsearch.discovery.zen] [node_t1] starting to ping
[2016-03-30 14:02:03,909][TRACE][org.elasticsearch.discovery.zen.ping.unicast] [node_t1] [6] disconnecting from {#zen_unicast_5#}{127.0.0.1}{127.0.0.1:9664}
[2016-03-30 14:02:03,910][TRACE][org.elasticsearch.discovery.zen.ping.unicast] [node_t1] [7] connecting (light) to {#zen_unicast_1#}{127.0.0.1}{127.0.0.1:9660}
[2016-03-30 14:02:03,909][TRACE][org.elasticsearch.discovery.zen.ping.unicast] [node_t1] [7] sending to {node_t1}{lk7U_niVSKyTWpmVoV3sIA}{127.0.0.1}{127.0.0.1:9661}[mode=>network]
[2016-03-30 14:02:03,910][TRACE][org.elasticsearch.discovery.zen.ping.unicast] [node_t1] [6] disconnecting from {#zen_unicast_4#}{127.0.0.1}{127.0.0.1:9663}
[2016-03-30 14:02:03,910][TRACE][org.elasticsearch.discovery.zen.ping.unicast] [node_t1] [6] disconnecting from {#zen_unicast_3#}{127.0.0.1}{127.0.0.1:9662}
[2016-03-30 14:02:03,910][TRACE][org.elasticsearch.discovery.zen.ping.unicast] [node_t1] [7] received response from {node_t1}{lk7U_niVSKyTWpmVoV3sIA}{127.0.0.1}{127.0.0.1:9661}[mode=>network]: [ping_response{node [{node_t1}{lk7U_niVSKyTWpmVoV3sIA}{127.0.0.1}{127.0.0.1:9661}[mode=>network]], id[901], master [null], hasJoinedOnce [true], cluster_name[TEST-CHILD_VM=[2]-CLUSTER_SEED=[2858301384796425155]-HASH=[462C14F99751D]-cluster]}, ping_response{node [{node_t1}{lk7U_niVSKyTWpmVoV3sIA}{127.0.0.1}{127.0.0.1:9661}[mode=>network]], id[901], master [null], hasJoinedOnce [true], cluster_name[TEST-CHILD_VM=[2]-CLUSTER_SEED=[2858301384796425155]-HASH=[462C14F99751D]-cluster]}, ping_response{node [{node_t1}{lk7U_niVSKyTWpmVoV3sIA}{127.0.0.1}{127.0.0.1:9661}[mode=>network]], id[901], master [null], hasJoinedOnce [true], cluster_name[TEST-CHILD_VM=[2]-CLUSTER_SEED=[2858301384796425155]-HASH=[462C14F99751D]-cluster]}, ping_response{node [{node_t1}{lk7U_niVSKyTWpmVoV3sIA}{127.0.0.1}{127.0.0.1:9661}[mode=>network]], id[905], master [null], hasJoinedOnce [true], cluster_name[TEST-CHILD_VM=[2]-CLUSTER_SEED=[2858301384796425155]-HASH=[462C14F99751D]-cluster]}, ping_response{node [{node_t1}{lk7U_niVSKyTWpmVoV3sIA}{127.0.0.1}{127.0.0.1:9661}[mode=>network]], id[905], master [null], hasJoinedOnce [true], cluster_name[TEST-CHILD_VM=[2]-CLUSTER_SEED=[2858301384796425155]-HASH=[462C14F99751D]-cluster]}, ping_response{node [{node_t1}{lk7U_niVSKyTWpmVoV3sIA}{127.0.0.1}{127.0.0.1:9661}[mode=>network]], id[905], master [null], hasJoinedOnce [true], cluster_name[TEST-CHILD_VM=[2]-CLUSTER_SEED=[2858301384796425155]-HASH=[462C14F99751D]-cluster]}, ping_response{node [{node_t1}{lk7U_niVSKyTWpmVoV3sIA}{127.0.0.1}{127.0.0.1:9661}[mode=>network]], id[909], master [null], hasJoinedOnce [true], cluster_name[TEST-CHILD_VM=[2]-CLUSTER_SEED=[2858301384796425155]-HASH=[462C14F99751D]-cluster]}, ping_response{node [{node_t1}{lk7U_niVSKyTWpmVoV3sIA}{127.0.0.1}{127.0.0.1:9661}[mode=>network]], id[909], master [null], hasJoinedOnce [true], cluster_name[TEST-CHILD_VM=[2]-CLUSTER_SEED=[2858301384796425155]-HASH=[462C14F99751D]-cluster]}, ping_response{node [{node_t1}{lk7U_niVSKyTWpmVoV3sIA}{127.0.0.1}{127.0.0.1:9661}[mode=>network]], id[909], master [null], hasJoinedOnce [true], cluster_name[TEST-CHILD_VM=[2]-CLUSTER_SEED=[2858301384796425155]-HASH=[462C14F99751D]-cluster]}, ping_response{node [{node_t1}{lk7U_niVSKyTWpmVoV3sIA}{127.0.0.1}{127.0.0.1:9661}[mode=>network]], id[913], master [null], hasJoinedOnce [true], cluster_name[TEST-CHILD_VM=[2]-CLUSTER_SEED=[2858301384796425155]-HASH=[462C14F99751D]-cluster]}, ping_response{node [{node_t1}{lk7U_niVSKyTWpmVoV3sIA}{127.0.0.1}{127.0.0.1:9661}[mode=>network]], id[913], master [null], hasJoinedOnce [true], cluster_name[TEST-CHILD_VM=[2]-CLUSTER_SEED=[2858301384796425155]-HASH=[462C14F99751D]-cluster]}, ping_response{node [{node_t1}{lk7U_niVSKyTWpmVoV3sIA}{127.0.0.1}{127.0.0.1:9661}[mode=>network]], id[913], master [null], hasJoinedOnce [true], cluster_name[TEST-CHILD_VM=[2]-CLUSTER_SEED=[2858301384796425155]-HASH=[462C14F99751D]-cluster]}, ping_response{node [{node_t1}{lk7U_niVSKyTWpmVoV3sIA}{127.0.0.1}{127.0.0.1:9661}[mode=>network]], id[917], master [null], hasJoinedOnce [true], cluster_name[TEST-CHILD_VM=[2]-CLUSTER_SEED=[2858301384796425155]-HASH=[462C14F99751D]-cluster]}, ping_response{node [{node_t1}{lk7U_niVSKyTWpmVoV3sIA}{127.0.0.1}{127.0.0.1:9661}[mode=>network]], id[917], master [null], hasJoinedOnce [true], cluster_name[TEST-CHILD_VM=[2]-CLUSTER_SEED=[2858301384796425155]-HASH=[462C14F99751D]-cluster]}, ping_response{node [{node_t1}{lk7U_niVSKyTWpmVoV3sIA}{127.0.0.1}{127.0.0.1:9661}[mode=>network]], id[917], master [null], hasJoinedOnce [true], cluster_name[TEST-CHILD_VM=[2]-CLUSTER_SEED=[2858301384796425155]-HASH=[462C14F99751D]-cluster]}, ping_response{node [{node_t1}{lk7U_niVSKyTWpmVoV3sIA}{127.0.0.1}{127.0.0.1:9661}[mode=>network]], id[921], master [null], hasJoinedOnce [true], cluster_name[TEST-CHILD_VM=[2]-CLUSTER_SEED=[2858301384796425155]-HASH=[462C14F99751D]-cluster]}, ping_response{node [{node_t1}{lk7U_niVSKyTWpmVoV3sIA}{127.0.0.1}{127.0.0.1:9661}[mode=>network]], id[922], master [null], hasJoinedOnce [true], cluster_name[TEST-CHILD_VM=[2]-CLUSTER_SEED=[2858301384796425155]-HASH=[462C14F99751D]-cluster]}]
[2016-03-30 14:02:03,910][TRACE][org.elasticsearch.discovery.zen.ping.unicast] [node_t1] [6] disconnecting from {#zen_unicast_10#}{::1}{[::1]:9664}
[2016-03-30 14:02:03,910][TRACE][org.elasticsearch.discovery.zen.ping.unicast] [node_t1] [7] sending to {#zen_unicast_7#}{::1}{[::1]:9661}
[2016-03-30 14:02:03,910][TRACE][org.elasticsearch.discovery.zen.ping.unicast] [node_t1] [7] connecting (light) to {#zen_unicast_4#}{127.0.0.1}{127.0.0.1:9663}
[2016-03-30 14:02:03,910][TRACE][org.elasticsearch.discovery.zen.ping.unicast] [node_t1] [7] connecting (light) to {#zen_unicast_3#}{127.0.0.1}{127.0.0.1:9662}
[2016-03-30 14:02:03,910][TRACE][org.elasticsearch.discovery.zen.ping.unicast] [node_t1] [7] connected to {#zen_unicast_1#}{127.0.0.1}{127.0.0.1:9660}
[2016-03-30 14:02:03,911][TRACE][org.elasticsearch.discovery.zen.ping.unicast] [node_t1] [7] connecting (light) to {#zen_unicast_9#}{::1}{[::1]:9663}
[2016-03-30 14:02:03,910][TRACE][org.elasticsearch.discovery.zen.ping.unicast] [node_t1] [6] disconnecting from {#zen_unicast_9#}{::1}{[::1]:9663}
[2016-03-30 14:02:03,910][TRACE][org.elasticsearch.discovery.zen.ping.unicast] [node_t1] [7] connecting (light) to {#zen_unicast_6#}{::1}{[::1]:9660}
[2016-03-30 14:02:03,910][TRACE][org.elasticsearch.discovery.zen.ping.unicast] [node_t1] [7] connecting (light) to {#zen_unicast_5#}{127.0.0.1}{127.0.0.1:9664}
[2016-03-30 14:02:03,911][TRACE][org.elasticsearch.discovery.zen.ping.unicast] [node_t1] [7] connecting (light) to {#zen_unicast_10#}{::1}{[::1]:9664}
[2016-03-30 14:02:03,911][TRACE][org.elasticsearch.discovery.zen.ping.unicast] [node_t1] [7] sending to {#zen_unicast_1#}{127.0.0.1}{127.0.0.1:9660}
[2016-03-30 14:02:03,911][TRACE][org.elasticsearch.discovery.zen.ping.unicast] [node_t1] [7] sending to {node_t1}{lk7U_niVSKyTWpmVoV3sIA}{127.0.0.1}{127.0.0.1:9661}[mode=>network]
[2016-03-30 14:02:03,911][TRACE][org.elasticsearch.discovery.zen.ping.unicast] [node_t1] [7] connecting (light) to {#zen_unicast_8#}{::1}{[::1]:9662}
[2016-03-30 14:02:03,911][TRACE][org.elasticsearch.discovery.zen.ping.unicast] [node_t1] [7] received response from {node_t1}{lk7U_niVSKyTWpmVoV3sIA}{127.0.0.1}{127.0.0.1:9661}[mode=>network]: [ping_response{node [{node_t1}{lk7U_niVSKyTWpmVoV3sIA}{127.0.0.1}{127.0.0.1:9661}[mode=>network]], id[901], master [null], hasJoinedOnce [true], cluster_name[TEST-CHILD_VM=[2]-CLUSTER_SEED=[2858301384796425155]-HASH=[462C14F99751D]-cluster]}, ping_response{node [{node_t1}{lk7U_niVSKyTWpmVoV3sIA}{127.0.0.1}{127.0.0.1:9661}[mode=>network]], id[901], master [null], hasJoinedOnce [true], cluster_name[TEST-CHILD_VM=[2]-CLUSTER_SEED=[2858301384796425155]-HASH=[462C14F99751D]-cluster]}, ping_response{node [{node_t1}{lk7U_niVSKyTWpmVoV3sIA}{127.0.0.1}{127.0.0.1:9661}[mode=>network]], id[901], master [null], hasJoinedOnce [true], cluster_name[TEST-CHILD_VM=[2]-CLUSTER_SEED=[2858301384796425155]-HASH=[462C14F99751D]-cluster]}, ping_response{node [{node_t1}{lk7U_niVSKyTWpmVoV3sIA}{127.0.0.1}{127.0.0.1:9661}[mode=>network]], id[905], master [null], hasJoinedOnce [true], cluster_name[TEST-CHILD_VM=[2]-CLUSTER_SEED=[2858301384796425155]-HASH=[462C14F99751D]-cluster]}, ping_response{node [{node_t1}{lk7U_niVSKyTWpmVoV3sIA}{127.0.0.1}{127.0.0.1:9661}[mode=>network]], id[905], master [null], hasJoinedOnce [true], cluster_name[TEST-CHILD_VM=[2]-CLUSTER_SEED=[2858301384796425155]-HASH=[462C14F99751D]-cluster]}, ping_response{node [{node_t1}{lk7U_niVSKyTWpmVoV3sIA}{127.0.0.1}{127.0.0.1:9661}[mode=>network]], id[905], master [null], hasJoinedOnce [true], cluster_name[TEST-CHILD_VM=[2]-CLUSTER_SEED=[2858301384796425155]-HASH=[462C14F99751D]-cluster]}, ping_response{node [{node_t1}{lk7U_niVSKyTWpmVoV3sIA}{127.0.0.1}{127.0.0.1:9661}[mode=>network]], id[909], master [null], hasJoinedOnce [true], cluster_name[TEST-CHILD_VM=[2]-CLUSTER_SEED=[2858301384796425155]-HASH=[462C14F99751D]-cluster]}, ping_response{node [{node_t1}{lk7U_niVSKyTWpmVoV3sIA}{127.0.0.1}{127.0.0.1:9661}[mode=>network]], id[909], master [null], hasJoinedOnce [true], cluster_name[TEST-CHILD_VM=[2]-CLUSTER_SEED=[2858301384796425155]-HASH=[462C14F99751D]-cluster]}, ping_response{node [{node_t1}{lk7U_niVSKyTWpmVoV3sIA}{127.0.0.1}{127.0.0.1:9661}[mode=>network]], id[909], master [null], hasJoinedOnce [true], cluster_name[TEST-CHILD_VM=[2]-CLUSTER_SEED=[2858301384796425155]-HASH=[462C14F99751D]-cluster]}, ping_response{node [{node_t1}{lk7U_niVSKyTWpmVoV3sIA}{127.0.0.1}{127.0.0.1:9661}[mode=>network]], id[913], master [null], hasJoinedOnce [true], cluster_name[TEST-CHILD_VM=[2]-CLUSTER_SEED=[2858301384796425155]-HASH=[462C14F99751D]-cluster]}, ping_response{node [{node_t1}{lk7U_niVSKyTWpmVoV3sIA}{127.0.0.1}{127.0.0.1:9661}[mode=>network]], id[913], master [null], hasJoinedOnce [true], cluster_name[TEST-CHILD_VM=[2]-CLUSTER_SEED=[2858301384796425155]-HASH=[462C14F99751D]-cluster]}, ping_response{node [{node_t1}{lk7U_niVSKyTWpmVoV3sIA}{127.0.0.1}{127.0.0.1:9661}[mode=>network]], id[913], master [null], hasJoinedOnce [true], cluster_name[TEST-CHILD_VM=[2]-CLUSTER_SEED=[2858301384796425155]-HASH=[462C14F99751D]-cluster]}, ping_response{node [{node_t1}{lk7U_niVSKyTWpmVoV3sIA}{127.0.0.1}{127.0.0.1:9661}[mode=>network]], id[917], master [null], hasJoinedOnce [true], cluster_name[TEST-CHILD_VM=[2]-CLUSTER_SEED=[2858301384796425155]-HASH=[462C14F99751D]-cluster]}, ping_response{node [{node_t1}{lk7U_niVSKyTWpmVoV3sIA}{127.0.0.1}{127.0.0.1:9661}[mode=>network]], id[917], master [null], hasJoinedOnce [true], cluster_name[TEST-CHILD_VM=[2]-CLUSTER_SEED=[2858301384796425155]-HASH=[462C14F99751D]-cluster]}, ping_response{node [{node_t1}{lk7U_niVSKyTWpmVoV3sIA}{127.0.0.1}{127.0.0.1:9661}[mode=>network]], id[917], master [null], hasJoinedOnce [true], cluster_name[TEST-CHILD_VM=[2]-CLUSTER_SEED=[2858301384796425155]-HASH=[462C14F99751D]-cluster]}, ping_response{node [{node_t1}{lk7U_niVSKyTWpmVoV3sIA}{127.0.0.1}{127.0.0.1:9661}[mode=>network]], id[921], master [null], hasJoinedOnce [true], cluster_name[TEST-CHILD_VM=[2]-CLUSTER_SEED=[2858301384796425155]-HASH=[462C14F99751D]-cluster]}, ping_response{node [{node_t1}{lk7U_niVSKyTWpmVoV3sIA}{127.0.0.1}{127.0.0.1:9661}[mode=>network]], id[921], master [null], hasJoinedOnce [true], cluster_name[TEST-CHILD_VM=[2]-CLUSTER_SEED=[2858301384796425155]-HASH=[462C14F99751D]-cluster]}, ping_response{node [{node_t1}{lk7U_niVSKyTWpmVoV3sIA}{127.0.0.1}{127.0.0.1:9661}[mode=>network]], id[921], master [null], hasJoinedOnce [true], cluster_name[TEST-CHILD_VM=[2]-CLUSTER_SEED=[2858301384796425155]-HASH=[462C14F99751D]-cluster]}, ping_response{node [{node_t1}{lk7U_niVSKyTWpmVoV3sIA}{127.0.0.1}{127.0.0.1:9661}[mode=>network]], id[924], master [null], hasJoinedOnce [true], cluster_name[TEST-CHILD_VM=[2]-CLUSTER_SEED=[2858301384796425155]-HASH=[462C14F99751D]-cluster]}]
[2016-03-30 14:02:03,912][TRACE][org.elasticsearch.discovery.zen.ping.unicast] [node_t1] [7] received response from {#zen_unicast_7#}{::1}{[::1]:9661}: [ping_response{node [{node_t1}{lk7U_niVSKyTWpmVoV3sIA}{127.0.0.1}{127.0.0.1:9661}[mode=>network]], id[901], master [null], hasJoinedOnce [true], cluster_name[TEST-CHILD_VM=[2]-CLUSTER_SEED=[2858301384796425155]-HASH=[462C14F99751D]-cluster]}, ping_response{node [{node_t1}{lk7U_niVSKyTWpmVoV3sIA}{127.0.0.1}{127.0.0.1:9661}[mode=>network]], id[901], master [null], hasJoinedOnce [true], cluster_name[TEST-CHILD_VM=[2]-CLUSTER_SEED=[2858301384796425155]-HASH=[462C14F99751D]-cluster]}, ping_response{node [{node_t1}{lk7U_niVSKyTWpmVoV3sIA}{127.0.0.1}{127.0.0.1:9661}[mode=>network]], id[901], master [null], hasJoinedOnce [true], cluster_name[TEST-CHILD_VM=[2]-CLUSTER_SEED=[2858301384796425155]-HASH=[462C14F99751D]-cluster]}, ping_response{node [{node_t1}{lk7U_niVSKyTWpmVoV3sIA}{127.0.0.1}{127.0.0.1:9661}[mode=>network]], id[905], master [null], hasJoinedOnce [true], cluster_name[TEST-CHILD_VM=[2]-CLUSTER_SEED=[2858301384796425155]-HASH=[462C14F99751D]-cluster]}, ping_response{node [{node_t1}{lk7U_niVSKyTWpmVoV3sIA}{127.0.0.1}{127.0.0.1:9661}[mode=>network]], id[905], master [null], hasJoinedOnce [true], cluster_name[TEST-CHILD_VM=[2]-CLUSTER_SEED=[2858301384796425155]-HASH=[462C14F99751D]-cluster]}, ping_response{node [{node_t1}{lk7U_niVSKyTWpmVoV3sIA}{127.0.0.1}{127.0.0.1:9661}[mode=>network]], id[905], master [null], hasJoinedOnce [true], cluster_name[TEST-CHILD_VM=[2]-CLUSTER_SEED=[2858301384796425155]-HASH=[462C14F99751D]-cluster]}, ping_response{node [{node_t1}{lk7U_niVSKyTWpmVoV3sIA}{127.0.0.1}{127.0.0.1:9661}[mode=>network]], id[909], master [null], hasJoinedOnce [true], cluster_name[TEST-CHILD_VM=[2]-CLUSTER_SEED=[2858301384796425155]-HASH=[462C14F99751D]-cluster]}, ping_response{node [{node_t1}{lk7U_niVSKyTWpmVoV3sIA}{127.0.0.1}{127.0.0.1:9661}[mode=>network]], id[909], master [null], hasJoinedOnce [true], cluster_name[TEST-CHILD_VM=[2]-CLUSTER_SEED=[2858301384796425155]-HASH=[462C14F99751D]-cluster]}, ping_response{node [{node_t1}{lk7U_niVSKyTWpmVoV3sIA}{127.0.0.1}{127.0.0.1:9661}[mode=>network]], id[909], master [null], hasJoinedOnce [true], cluster_name[TEST-CHILD_VM=[2]-CLUSTER_SEED=[2858301384796425155]-HASH=[462C14F99751D]-cluster]}, ping_response{node [{node_t1}{lk7U_niVSKyTWpmVoV3sIA}{127.0.0.1}{127.0.0.1:9661}[mode=>network]], id[913], master [null], hasJoinedOnce [true], cluster_name[TEST-CHILD_VM=[2]-CLUSTER_SEED=[2858301384796425155]-HASH=[462C14F99751D]-cluster]}, ping_response{node [{node_t1}{lk7U_niVSKyTWpmVoV3sIA}{127.0.0.1}{127.0.0.1:9661}[mode=>network]], id[913], master [null], hasJoinedOnce [true], cluster_name[TEST-CHILD_VM=[2]-CLUSTER_SEED=[2858301384796425155]-HASH=[462C14F99751D]-cluster]}, ping_response{node [{node_t1}{lk7U_niVSKyTWpmVoV3sIA}{127.0.0.1}{127.0.0.1:9661}[mode=>network]], id[913], master [null], hasJoinedOnce [true], cluster_name[TEST-CHILD_VM=[2]-CLUSTER_SEED=[2858301384796425155]-HASH=[462C14F99751D]-cluster]}, ping_response{node [{node_t1}{lk7U_niVSKyTWpmVoV3sIA}{127.0.0.1}{127.0.0.1:9661}[mode=>network]], id[917], master [null], hasJoinedOnce [true], cluster_name[TEST-CHILD_VM=[2]-CLUSTER_SEED=[2858301384796425155]-HASH=[462C14F99751D]-cluster]}, ping_response{node [{node_t1}{lk7U_niVSKyTWpmVoV3sIA}{127.0.0.1}{127.0.0.1:9661}[mode=>network]], id[917], master [null], hasJoinedOnce [true], cluster_name[TEST-CHILD_VM=[2]-CLUSTER_SEED=[2858301384796425155]-HASH=[462C14F99751D]-cluster]}, ping_response{node [{node_t1}{lk7U_niVSKyTWpmVoV3sIA}{127.0.0.1}{127.0.0.1:9661}[mode=>network]], id[917], master [null], hasJoinedOnce [true], cluster_name[TEST-CHILD_VM=[2]-CLUSTER_SEED=[2858301384796425155]-HASH=[462C14F99751D]-cluster]}, ping_response{node [{node_t1}{lk7U_niVSKyTWpmVoV3sIA}{127.0.0.1}{127.0.0.1:9661}[mode=>network]], id[921], master [null], hasJoinedOnce [true], cluster_name[TEST-CHILD_VM=[2]-CLUSTER_SEED=[2858301384796425155]-HASH=[462C14F99751D]-cluster]}, ping_response{node [{node_t1}{lk7U_niVSKyTWpmVoV3sIA}{127.0.0.1}{127.0.0.1:9661}[mode=>network]], id[921], master [null], hasJoinedOnce [true], cluster_name[TEST-CHILD_VM=[2]-CLUSTER_SEED=[2858301384796425155]-HASH=[462C14F99751D]-cluster]}, ping_response{node [{node_t1}{lk7U_niVSKyTWpmVoV3sIA}{127.0.0.1}{127.0.0.1:9661}[mode=>network]], id[923], master [null], hasJoinedOnce [true], cluster_name[TEST-CHILD_VM=[2]-CLUSTER_SEED=[2858301384796425155]-HASH=[462C14F99751D]-cluster]}]
[2016-03-30 14:02:03,911][TRACE][org.elasticsearch.discovery.zen.ping.unicast] [node_t1] [7] failed to connect to {#zen_unicast_4#}{127.0.0.1}{127.0.0.1:9663}
ConnectTransportException[[][127.0.0.1:9663] connect_timeout[30s]]; nested: ConnectException[Connection refused: /127.0.0.1:9663];
	at org.elasticsearch.transport.netty.NettyTransport.connectToChannelsLight(NettyTransport.java:948)
	at org.elasticsearch.transport.netty.NettyTransport.connectToNode(NettyTransport.java:912)
	at org.elasticsearch.transport.netty.NettyTransport.connectToNodeLight(NettyTransport.java:884)
	at org.elasticsearch.test.transport.MockTransportService$LookupTestTransport.connectToNodeLight(MockTransportService.java:412)
	at org.elasticsearch.transport.TransportService.connectToNodeLight(TransportService.java:250)
	at org.elasticsearch.discovery.zen.ping.unicast.UnicastZenPing$3.run(UnicastZenPing.java:395)
	at java.util.concurrent.ThreadPoolExecutor.runWorker(ThreadPoolExecutor.java:1142)
	at java.util.concurrent.ThreadPoolExecutor$Worker.run(ThreadPoolExecutor.java:617)
	at java.lang.Thread.run(Thread.java:745)
Caused by: java.net.ConnectException: Connection refused: /127.0.0.1:9663
	at sun.nio.ch.SocketChannelImpl.checkConnect(Native Method)
	at sun.nio.ch.SocketChannelImpl.finishConnect(SocketChannelImpl.java:717)
	at org.jboss.netty.channel.socket.nio.NioClientBoss.connect(NioClientBoss.java:152)
	at org.jboss.netty.channel.socket.nio.NioClientBoss.processSelectedKeys(NioClientBoss.java:105)
	at org.jboss.netty.channel.socket.nio.NioClientBoss.process(NioClientBoss.java:79)
	at org.jboss.netty.channel.socket.nio.AbstractNioSelector.run(AbstractNioSelector.java:337)
	at org.jboss.netty.channel.socket.nio.NioClientBoss.run(NioClientBoss.java:42)
	at org.jboss.netty.util.ThreadRenamingRunnable.run(ThreadRenamingRunnable.java:108)
	at org.jboss.netty.util.internal.DeadLockProofWorker$1.run(DeadLockProofWorker.java:42)
	... 3 more
[2016-03-30 14:02:03,913][TRACE][org.elasticsearch.discovery.zen.ping.unicast] [node_t1] [7] failed to connect to {#zen_unicast_10#}{::1}{[::1]:9664}
ConnectTransportException[[][[::1]:9664] connect_timeout[30s]]; nested: ConnectException[Connection refused: /0:0:0:0:0:0:0:1:9664];
	at org.elasticsearch.transport.netty.NettyTransport.connectToChannelsLight(NettyTransport.java:948)
	at org.elasticsearch.transport.netty.NettyTransport.connectToNode(NettyTransport.java:912)
	at org.elasticsearch.transport.netty.NettyTransport.connectToNodeLight(NettyTransport.java:884)
	at org.elasticsearch.test.transport.MockTransportService$LookupTestTransport.connectToNodeLight(MockTransportService.java:412)
	at org.elasticsearch.transport.TransportService.connectToNodeLight(TransportService.java:250)
	at org.elasticsearch.discovery.zen.ping.unicast.UnicastZenPing$3.run(UnicastZenPing.java:395)
	at java.util.concurrent.ThreadPoolExecutor.runWorker(ThreadPoolExecutor.java:1142)
	at java.util.concurrent.ThreadPoolExecutor$Worker.run(ThreadPoolExecutor.java:617)
	at java.lang.Thread.run(Thread.java:745)
Caused by: java.net.ConnectException: Connection refused: /0:0:0:0:0:0:0:1:9664
	at sun.nio.ch.SocketChannelImpl.checkConnect(Native Method)
	at sun.nio.ch.SocketChannelImpl.finishConnect(SocketChannelImpl.java:717)
	at org.jboss.netty.channel.socket.nio.NioClientBoss.connect(NioClientBoss.java:152)
	at org.jboss.netty.channel.socket.nio.NioClientBoss.processSelectedKeys(NioClientBoss.java:105)
	at org.jboss.netty.channel.socket.nio.NioClientBoss.process(NioClientBoss.java:79)
	at org.jboss.netty.channel.socket.nio.AbstractNioSelector.run(AbstractNioSelector.java:337)
	at org.jboss.netty.channel.socket.nio.NioClientBoss.run(NioClientBoss.java:42)
	at org.jboss.netty.util.ThreadRenamingRunnable.run(ThreadRenamingRunnable.java:108)
	at org.jboss.netty.util.internal.DeadLockProofWorker$1.run(DeadLockProofWorker.java:42)
	... 3 more
[2016-03-30 14:02:03,912][WARN ][org.elasticsearch.discovery.zen.ping.unicast] [node_t1] failed to send ping to [{#zen_unicast_1#}{127.0.0.1}{127.0.0.1:9660}]
RemoteTransportException[[node_t3][127.0.0.1:9660][internal:discovery/zen/unicast]]; nested: IllegalStateException[received ping request while not started];
Caused by: java.lang.IllegalStateException: received ping request while not started
	at org.elasticsearch.discovery.zen.ping.unicast.UnicastZenPing.handlePingRequest(UnicastZenPing.java:497)
	at org.elasticsearch.discovery.zen.ping.unicast.UnicastZenPing.access$2400(UnicastZenPing.java:83)
	at org.elasticsearch.discovery.zen.ping.unicast.UnicastZenPing$UnicastPingRequestHandler.messageReceived(UnicastZenPing.java:522)
	at org.elasticsearch.discovery.zen.ping.unicast.UnicastZenPing$UnicastPingRequestHandler.messageReceived(UnicastZenPing.java:518)
	at org.elasticsearch.transport.netty.MessageChannelHandler.handleRequest(MessageChannelHandler.java:244)
	at org.elasticsearch.transport.netty.MessageChannelHandler.messageReceived(MessageChannelHandler.java:114)
	at org.jboss.netty.channel.SimpleChannelUpstreamHandler.handleUpstream(SimpleChannelUpstreamHandler.java:70)
	at org.jboss.netty.channel.DefaultChannelPipeline.sendUpstream(DefaultChannelPipeline.java:564)
	at org.jboss.netty.channel.DefaultChannelPipeline$DefaultChannelHandlerContext.sendUpstream(DefaultChannelPipeline.java:791)
	at org.jboss.netty.channel.Channels.fireMessageReceived(Channels.java:296)
	at org.jboss.netty.handler.codec.frame.FrameDecoder.unfoldAndFireMessageReceived(FrameDecoder.java:462)
	at org.jboss.netty.handler.codec.frame.FrameDecoder.callDecode(FrameDecoder.java:443)
	at org.jboss.netty.handler.codec.frame.FrameDecoder.messageReceived(FrameDecoder.java:303)
	at org.jboss.netty.channel.SimpleChannelUpstreamHandler.handleUpstream(SimpleChannelUpstreamHandler.java:70)
	at org.jboss.netty.channel.DefaultChannelPipeline.sendUpstream(DefaultChannelPipeline.java:564)
	at org.jboss.netty.channel.DefaultChannelPipeline$DefaultChannelHandlerContext.sendUpstream(DefaultChannelPipeline.java:791)
	at org.elasticsearch.common.netty.OpenChannelsHandler.handleUpstream(OpenChannelsHandler.java:75)
	at org.jboss.netty.channel.DefaultChannelPipeline.sendUpstream(DefaultChannelPipeline.java:564)
	at org.jboss.netty.channel.DefaultChannelPipeline.sendUpstream(DefaultChannelPipeline.java:559)
	at org.jboss.netty.channel.Channels.fireMessageReceived(Channels.java:268)
	at org.jboss.netty.channel.Channels.fireMessageReceived(Channels.java:255)
	at org.jboss.netty.channel.socket.nio.NioWorker.read(NioWorker.java:88)
	at org.jboss.netty.channel.socket.nio.AbstractNioWorker.process(AbstractNioWorker.java:108)
	at org.jboss.netty.channel.socket.nio.AbstractNioSelector.run(AbstractNioSelector.java:337)
	at org.jboss.netty.channel.socket.nio.AbstractNioWorker.run(AbstractNioWorker.java:89)
	at org.jboss.netty.channel.socket.nio.NioWorker.run(NioWorker.java:178)
	at org.jboss.netty.util.ThreadRenamingRunnable.run(ThreadRenamingRunnable.java:108)
	at org.jboss.netty.util.internal.DeadLockProofWorker$1.run(DeadLockProofWorker.java:42)
	at java.util.concurrent.ThreadPoolExecutor.runWorker(ThreadPoolExecutor.java:1142)
	at java.util.concurrent.ThreadPoolExecutor$Worker.run(ThreadPoolExecutor.java:617)
	at java.lang.Thread.run(Thread.java:745)
[2016-03-30 14:02:03,912][TRACE][org.elasticsearch.discovery.zen.ping.unicast] [node_t1] [7] connected to {#zen_unicast_6#}{::1}{[::1]:9660}
[2016-03-30 14:02:03,912][TRACE][org.elasticsearch.discovery.zen.ping.unicast] [node_t1] [7] failed to connect to {#zen_unicast_8#}{::1}{[::1]:9662}
ConnectTransportException[[][[::1]:9662] connect_timeout[30s]]; nested: ConnectException[Connection refused: /0:0:0:0:0:0:0:1:9662];
	at org.elasticsearch.transport.netty.NettyTransport.connectToChannelsLight(NettyTransport.java:948)
	at org.elasticsearch.transport.netty.NettyTransport.connectToNode(NettyTransport.java:912)
	at org.elasticsearch.transport.netty.NettyTransport.connectToNodeLight(NettyTransport.java:884)
	at org.elasticsearch.test.transport.MockTransportService$LookupTestTransport.connectToNodeLight(MockTransportService.java:412)
	at org.elasticsearch.transport.TransportService.connectToNodeLight(TransportService.java:250)
	at org.elasticsearch.discovery.zen.ping.unicast.UnicastZenPing$3.run(UnicastZenPing.java:395)
	at java.util.concurrent.ThreadPoolExecutor.runWorker(ThreadPoolExecutor.java:1142)
	at java.util.concurrent.ThreadPoolExecutor$Worker.run(ThreadPoolExecutor.java:617)
	at java.lang.Thread.run(Thread.java:745)
Caused by: java.net.ConnectException: Connection refused: /0:0:0:0:0:0:0:1:9662
	at sun.nio.ch.SocketChannelImpl.checkConnect(Native Method)
	at sun.nio.ch.SocketChannelImpl.finishConnect(SocketChannelImpl.java:717)
	at org.jboss.netty.channel.socket.nio.NioClientBoss.connect(NioClientBoss.java:152)
	at org.jboss.netty.channel.socket.nio.NioClientBoss.processSelectedKeys(NioClientBoss.java:105)
	at org.jboss.netty.channel.socket.nio.NioClientBoss.process(NioClientBoss.java:79)
	at org.jboss.netty.channel.socket.nio.AbstractNioSelector.run(AbstractNioSelector.java:337)
	at org.jboss.netty.channel.socket.nio.NioClientBoss.run(NioClientBoss.java:42)
	at org.jboss.netty.util.ThreadRenamingRunnable.run(ThreadRenamingRunnable.java:108)
	at org.jboss.netty.util.internal.DeadLockProofWorker$1.run(DeadLockProofWorker.java:42)
	... 3 more
[2016-03-30 14:02:03,912][TRACE][org.elasticsearch.discovery.zen.ping.unicast] [node_t1] [7] failed to connect to {#zen_unicast_5#}{127.0.0.1}{127.0.0.1:9664}
ConnectTransportException[[][127.0.0.1:9664] connect_timeout[30s]]; nested: ConnectException[Connection refused: /127.0.0.1:9664];
	at org.elasticsearch.transport.netty.NettyTransport.connectToChannelsLight(NettyTransport.java:948)
	at org.elasticsearch.transport.netty.NettyTransport.connectToNode(NettyTransport.java:912)
	at org.elasticsearch.transport.netty.NettyTransport.connectToNodeLight(NettyTransport.java:884)
	at org.elasticsearch.test.transport.MockTransportService$LookupTestTransport.connectToNodeLight(MockTransportService.java:412)
	at org.elasticsearch.transport.TransportService.connectToNodeLight(TransportService.java:250)
	at org.elasticsearch.discovery.zen.ping.unicast.UnicastZenPing$3.run(UnicastZenPing.java:395)
	at java.util.concurrent.ThreadPoolExecutor.runWorker(ThreadPoolExecutor.java:1142)
	at java.util.concurrent.ThreadPoolExecutor$Worker.run(ThreadPoolExecutor.java:617)
	at java.lang.Thread.run(Thread.java:745)
Caused by: java.net.ConnectException: Connection refused: /127.0.0.1:9664
	at sun.nio.ch.SocketChannelImpl.checkConnect(Native Method)
	at sun.nio.ch.SocketChannelImpl.finishConnect(SocketChannelImpl.java:717)
	at org.jboss.netty.channel.socket.nio.NioClientBoss.connect(NioClientBoss.java:152)
	at org.jboss.netty.channel.socket.nio.NioClientBoss.processSelectedKeys(NioClientBoss.java:105)
	at org.jboss.netty.channel.socket.nio.NioClientBoss.process(NioClientBoss.java:79)
	at org.jboss.netty.channel.socket.nio.AbstractNioSelector.run(AbstractNioSelector.java:337)
	at org.jboss.netty.channel.socket.nio.NioClientBoss.run(NioClientBoss.java:42)
	at org.jboss.netty.util.ThreadRenamingRunnable.run(ThreadRenamingRunnable.java:108)
	at org.jboss.netty.util.internal.DeadLockProofWorker$1.run(DeadLockProofWorker.java:42)
	... 3 more
[2016-03-30 14:02:03,912][TRACE][org.elasticsearch.discovery.zen.ping.unicast] [node_t1] [6] disconnecting from {#zen_unicast_8#}{::1}{[::1]:9662}
[2016-03-30 14:02:03,912][TRACE][org.elasticsearch.discovery.zen.ping.unicast] [node_t1] [7] failed to connect to {#zen_unicast_9#}{::1}{[::1]:9663}
ConnectTransportException[[][[::1]:9663] connect_timeout[30s]]; nested: ConnectException[Connection refused: /0:0:0:0:0:0:0:1:9663];
	at org.elasticsearch.transport.netty.NettyTransport.connectToChannelsLight(NettyTransport.java:948)
	at org.elasticsearch.transport.netty.NettyTransport.connectToNode(NettyTransport.java:912)
	at org.elasticsearch.transport.netty.NettyTransport.connectToNodeLight(NettyTransport.java:884)
	at org.elasticsearch.test.transport.MockTransportService$LookupTestTransport.connectToNodeLight(MockTransportService.java:412)
	at org.elasticsearch.transport.TransportService.connectToNodeLight(TransportService.java:250)
	at org.elasticsearch.discovery.zen.ping.unicast.UnicastZenPing$3.run(UnicastZenPing.java:395)
	at java.util.concurrent.ThreadPoolExecutor.runWorker(ThreadPoolExecutor.java:1142)
	at java.util.concurrent.ThreadPoolExecutor$Worker.run(ThreadPoolExecutor.java:617)
	at java.lang.Thread.run(Thread.java:745)
Caused by: java.net.ConnectException: Connection refused: /0:0:0:0:0:0:0:1:9663
	at sun.nio.ch.SocketChannelImpl.checkConnect(Native Method)
	at sun.nio.ch.SocketChannelImpl.finishConnect(SocketChannelImpl.java:717)
	at org.jboss.netty.channel.socket.nio.NioClientBoss.connect(NioClientBoss.java:152)
	at org.jboss.netty.channel.socket.nio.NioClientBoss.processSelectedKeys(NioClientBoss.java:105)
	at org.jboss.netty.channel.socket.nio.NioClientBoss.process(NioClientBoss.java:79)
	at org.jboss.netty.channel.socket.nio.AbstractNioSelector.run(AbstractNioSelector.java:337)
	at org.jboss.netty.channel.socket.nio.NioClientBoss.run(NioClientBoss.java:42)
	at org.jboss.netty.util.ThreadRenamingRunnable.run(ThreadRenamingRunnable.java:108)
	at org.jboss.netty.util.internal.DeadLockProofWorker$1.run(DeadLockProofWorker.java:42)
	... 3 more
[2016-03-30 14:02:03,912][TRACE][org.elasticsearch.discovery.zen.ping.unicast] [node_t1] [7] failed to connect to {#zen_unicast_3#}{127.0.0.1}{127.0.0.1:9662}
ConnectTransportException[[][127.0.0.1:9662] connect_timeout[30s]]; nested: ConnectException[Connection refused: /127.0.0.1:9662];
	at org.elasticsearch.transport.netty.NettyTransport.connectToChannelsLight(NettyTransport.java:948)
	at org.elasticsearch.transport.netty.NettyTransport.connectToNode(NettyTransport.java:912)
	at org.elasticsearch.transport.netty.NettyTransport.connectToNodeLight(NettyTransport.java:884)
	at org.elasticsearch.test.transport.MockTransportService$LookupTestTransport.connectToNodeLight(MockTransportService.java:412)
	at org.elasticsearch.transport.TransportService.connectToNodeLight(TransportService.java:250)
	at org.elasticsearch.discovery.zen.ping.unicast.UnicastZenPing$3.run(UnicastZenPing.java:395)
	at java.util.concurrent.ThreadPoolExecutor.runWorker(ThreadPoolExecutor.java:1142)
	at java.util.concurrent.ThreadPoolExecutor$Worker.run(ThreadPoolExecutor.java:617)
	at java.lang.Thread.run(Thread.java:745)
Caused by: java.net.ConnectException: Connection refused: /127.0.0.1:9662
	at sun.nio.ch.SocketChannelImpl.checkConnect(Native Method)
	at sun.nio.ch.SocketChannelImpl.finishConnect(SocketChannelImpl.java:717)
	at org.jboss.netty.channel.socket.nio.NioClientBoss.connect(NioClientBoss.java:152)
	at org.jboss.netty.channel.socket.nio.NioClientBoss.processSelectedKeys(NioClientBoss.java:105)
	at org.jboss.netty.channel.socket.nio.NioClientBoss.process(NioClientBoss.java:79)
	at org.jboss.netty.channel.socket.nio.AbstractNioSelector.run(AbstractNioSelector.java:337)
	at org.jboss.netty.channel.socket.nio.NioClientBoss.run(NioClientBoss.java:42)
	at org.jboss.netty.util.ThreadRenamingRunnable.run(ThreadRenamingRunnable.java:108)
	at org.jboss.netty.util.internal.DeadLockProofWorker$1.run(DeadLockProofWorker.java:42)
	... 3 more
[2016-03-30 14:02:03,915][TRACE][org.elasticsearch.discovery.zen.ping.unicast] [node_t1] [6] disconnecting from {#zen_unicast_7#}{::1}{[::1]:9661}
[2016-03-30 14:02:03,914][TRACE][org.elasticsearch.discovery.zen.ping.unicast] [node_t1] [7] sending to {#zen_unicast_6#}{::1}{[::1]:9660}
[2016-03-30 14:02:03,913][TRACE][org.elasticsearch.cluster.service] [node_t3] will process [initial_join]
[2016-03-30 14:02:03,916][DEBUG][org.elasticsearch.cluster.service] [node_t3] processing [initial_join]: execute
[2016-03-30 14:02:03,916][DEBUG][org.elasticsearch.cluster.service] [node_t3] processing [initial_join]: took 0s no change in cluster_state
[2016-03-30 14:02:03,916][TRACE][org.elasticsearch.discovery.zen.ping.unicast] [node_t1] [7] received response from {#zen_unicast_6#}{::1}{[::1]:9660}: [ping_response{node [{node_t1}{lk7U_niVSKyTWpmVoV3sIA}{127.0.0.1}{127.0.0.1:9661}[mode=>network]], id[921], master [null], hasJoinedOnce [true], cluster_name[TEST-CHILD_VM=[2]-CLUSTER_SEED=[2858301384796425155]-HASH=[462C14F99751D]-cluster]}, ping_response{node [{node_t3}{pVB3V9rcTUWO-cgIIcYX3A}{127.0.0.1}{127.0.0.1:9660}[mode=>network]], id[925], master [null], hasJoinedOnce [false], cluster_name[TEST-CHILD_VM=[2]-CLUSTER_SEED=[2858301384796425155]-HASH=[462C14F99751D]-cluster]}]
[2016-03-30 14:02:03,916][TRACE][org.elasticsearch.discovery.zen] [node_t3] starting to accumulate joins
[2016-03-30 14:02:03,916][TRACE][org.elasticsearch.discovery.zen] [node_t3] starting to ping
[2016-03-30 14:02:03,916][TRACE][org.elasticsearch.discovery.zen.ping.unicast] [node_t3] [1] sending to {node_t3}{pVB3V9rcTUWO-cgIIcYX3A}{127.0.0.1}{127.0.0.1:9660}[mode=>network]
[2016-03-30 14:02:03,916][TRACE][org.elasticsearch.discovery.zen.ping.unicast] [node_t3] [1] received response from {node_t3}{pVB3V9rcTUWO-cgIIcYX3A}{127.0.0.1}{127.0.0.1:9660}[mode=>network]: [ping_response{node [{node_t1}{lk7U_niVSKyTWpmVoV3sIA}{127.0.0.1}{127.0.0.1:9661}[mode=>network]], id[921], master [null], hasJoinedOnce [true], cluster_name[TEST-CHILD_VM=[2]-CLUSTER_SEED=[2858301384796425155]-HASH=[462C14F99751D]-cluster]}, ping_response{node [{node_t3}{pVB3V9rcTUWO-cgIIcYX3A}{127.0.0.1}{127.0.0.1:9660}[mode=>network]], id[926], master [null], hasJoinedOnce [false], cluster_name[TEST-CHILD_VM=[2]-CLUSTER_SEED=[2858301384796425155]-HASH=[462C14F99751D]-cluster]}, ping_response{node [{node_t3}{pVB3V9rcTUWO-cgIIcYX3A}{127.0.0.1}{127.0.0.1:9660}[mode=>network]], id[927], master [null], hasJoinedOnce [false], cluster_name[TEST-CHILD_VM=[2]-CLUSTER_SEED=[2858301384796425155]-HASH=[462C14F99751D]-cluster]}]
[2016-03-30 14:02:03,917][TRACE][org.elasticsearch.discovery.zen.ping.unicast] [node_t3] [1] connecting (light) to {#zen_unicast_2#}{127.0.0.1}{127.0.0.1:9661}
[2016-03-30 14:02:03,917][TRACE][org.elasticsearch.discovery.zen.ping.unicast] [node_t3] [1] connecting (light) to {#zen_unicast_3#}{127.0.0.1}{127.0.0.1:9662}
[2016-03-30 14:02:03,917][TRACE][org.elasticsearch.discovery.zen.ping.unicast] [node_t3] [1] connecting (light) to {#zen_unicast_4#}{127.0.0.1}{127.0.0.1:9663}
[2016-03-30 14:02:03,917][TRACE][org.elasticsearch.discovery.zen.ping.unicast] [node_t3] [1] connecting (light) to {#zen_unicast_5#}{127.0.0.1}{127.0.0.1:9664}
[2016-03-30 14:02:03,918][TRACE][org.elasticsearch.discovery.zen.ping.unicast] [node_t3] [1] connecting (light) to {#zen_unicast_6#}{::1}{[::1]:9660}
[2016-03-30 14:02:03,918][TRACE][org.elasticsearch.discovery.zen.ping.unicast] [node_t3] [1] connecting (light) to {#zen_unicast_7#}{::1}{[::1]:9661}
[2016-03-30 14:02:03,918][TRACE][org.elasticsearch.discovery.zen.ping.unicast] [node_t3] [1] connecting (light) to {#zen_unicast_8#}{::1}{[::1]:9662}
[2016-03-30 14:02:03,918][TRACE][org.elasticsearch.discovery.zen.ping.unicast] [node_t3] [1] connecting (light) to {#zen_unicast_9#}{::1}{[::1]:9663}
[2016-03-30 14:02:03,918][TRACE][org.elasticsearch.discovery.zen.ping.unicast] [node_t3] [1] failed to connect to {#zen_unicast_4#}{127.0.0.1}{127.0.0.1:9663}
ConnectTransportException[[][127.0.0.1:9663] connect_timeout[30s]]; nested: ConnectException[Connection refused: /127.0.0.1:9663];
	at org.elasticsearch.transport.netty.NettyTransport.connectToChannelsLight(NettyTransport.java:948)
	at org.elasticsearch.transport.netty.NettyTransport.connectToNode(NettyTransport.java:912)
	at org.elasticsearch.transport.netty.NettyTransport.connectToNodeLight(NettyTransport.java:884)
	at org.elasticsearch.test.transport.MockTransportService$LookupTestTransport.connectToNodeLight(MockTransportService.java:412)
	at org.elasticsearch.transport.TransportService.connectToNodeLight(TransportService.java:250)
	at org.elasticsearch.discovery.zen.ping.unicast.UnicastZenPing$3.run(UnicastZenPing.java:395)
	at java.util.concurrent.ThreadPoolExecutor.runWorker(ThreadPoolExecutor.java:1142)
	at java.util.concurrent.ThreadPoolExecutor$Worker.run(ThreadPoolExecutor.java:617)
	at java.lang.Thread.run(Thread.java:745)
Caused by: java.net.ConnectException: Connection refused: /127.0.0.1:9663
	at sun.nio.ch.SocketChannelImpl.checkConnect(Native Method)
	at sun.nio.ch.SocketChannelImpl.finishConnect(SocketChannelImpl.java:717)
	at org.jboss.netty.channel.socket.nio.NioClientBoss.connect(NioClientBoss.java:152)
	at org.jboss.netty.channel.socket.nio.NioClientBoss.processSelectedKeys(NioClientBoss.java:105)
	at org.jboss.netty.channel.socket.nio.NioClientBoss.process(NioClientBoss.java:79)
	at org.jboss.netty.channel.socket.nio.AbstractNioSelector.run(AbstractNioSelector.java:337)
	at org.jboss.netty.channel.socket.nio.NioClientBoss.run(NioClientBoss.java:42)
	at org.jboss.netty.util.ThreadRenamingRunnable.run(ThreadRenamingRunnable.java:108)
	at org.jboss.netty.util.internal.DeadLockProofWorker$1.run(DeadLockProofWorker.java:42)
	... 3 more
[2016-03-30 14:02:03,919][TRACE][org.elasticsearch.discovery.zen.ping.unicast] [node_t3] replacing {node_t1}{lk7U_niVSKyTWpmVoV3sIA}{127.0.0.1}{127.0.0.1:9661}[mode=>network] with temp node {#zen_unicast_11_lk7U_niVSKyTWpmVoV3sIA#}{127.0.0.1}{127.0.0.1:9661}[mode=>network]
[2016-03-30 14:02:03,919][TRACE][org.elasticsearch.discovery.zen.ping.unicast] [node_t3] [1] failed to connect to {#zen_unicast_5#}{127.0.0.1}{127.0.0.1:9664}
ConnectTransportException[[][127.0.0.1:9664] connect_timeout[30s]]; nested: ConnectException[Connection refused: /127.0.0.1:9664];
	at org.elasticsearch.transport.netty.NettyTransport.connectToChannelsLight(NettyTransport.java:948)
	at org.elasticsearch.transport.netty.NettyTransport.connectToNode(NettyTransport.java:912)
	at org.elasticsearch.transport.netty.NettyTransport.connectToNodeLight(NettyTransport.java:884)
	at org.elasticsearch.test.transport.MockTransportService$LookupTestTransport.connectToNodeLight(MockTransportService.java:412)
	at org.elasticsearch.transport.TransportService.connectToNodeLight(TransportService.java:250)
	at org.elasticsearch.discovery.zen.ping.unicast.UnicastZenPing$3.run(UnicastZenPing.java:395)
	at java.util.concurrent.ThreadPoolExecutor.runWorker(ThreadPoolExecutor.java:1142)
	at java.util.concurrent.ThreadPoolExecutor$Worker.run(ThreadPoolExecutor.java:617)
	at java.lang.Thread.run(Thread.java:745)
Caused by: java.net.ConnectException: Connection refused: /127.0.0.1:9664
	at sun.nio.ch.SocketChannelImpl.checkConnect(Native Method)
	at sun.nio.ch.SocketChannelImpl.finishConnect(SocketChannelImpl.java:717)
	at org.jboss.netty.channel.socket.nio.NioClientBoss.connect(NioClientBoss.java:152)
	at org.jboss.netty.channel.socket.nio.NioClientBoss.processSelectedKeys(NioClientBoss.java:105)
	at org.jboss.netty.channel.socket.nio.NioClientBoss.process(NioClientBoss.java:79)
	at org.jboss.netty.channel.socket.nio.AbstractNioSelector.run(AbstractNioSelector.java:337)
	at org.jboss.netty.channel.socket.nio.NioClientBoss.run(NioClientBoss.java:42)
	at org.jboss.netty.util.ThreadRenamingRunnable.run(ThreadRenamingRunnable.java:108)
	at org.jboss.netty.util.internal.DeadLockProofWorker$1.run(DeadLockProofWorker.java:42)
	... 3 more
[2016-03-30 14:02:03,919][TRACE][org.elasticsearch.discovery.zen.ping.unicast] [node_t3] [1] failed to connect to {#zen_unicast_3#}{127.0.0.1}{127.0.0.1:9662}
ConnectTransportException[[][127.0.0.1:9662] connect_timeout[30s]]; nested: ConnectException[Connection refused: /127.0.0.1:9662];
	at org.elasticsearch.transport.netty.NettyTransport.connectToChannelsLight(NettyTransport.java:948)
	at org.elasticsearch.transport.netty.NettyTransport.connectToNode(NettyTransport.java:912)
	at org.elasticsearch.transport.netty.NettyTransport.connectToNodeLight(NettyTransport.java:884)
	at org.elasticsearch.test.transport.MockTransportService$LookupTestTransport.connectToNodeLight(MockTransportService.java:412)
	at org.elasticsearch.transport.TransportService.connectToNodeLight(TransportService.java:250)
	at org.elasticsearch.discovery.zen.ping.unicast.UnicastZenPing$3.run(UnicastZenPing.java:395)
	at java.util.concurrent.ThreadPoolExecutor.runWorker(ThreadPoolExecutor.java:1142)
	at java.util.concurrent.ThreadPoolExecutor$Worker.run(ThreadPoolExecutor.java:617)
	at java.lang.Thread.run(Thread.java:745)
Caused by: java.net.ConnectException: Connection refused: /127.0.0.1:9662
	at sun.nio.ch.SocketChannelImpl.checkConnect(Native Method)
	at sun.nio.ch.SocketChannelImpl.finishConnect(SocketChannelImpl.java:717)
	at org.jboss.netty.channel.socket.nio.NioClientBoss.connect(NioClientBoss.java:152)
	at org.jboss.netty.channel.socket.nio.NioClientBoss.processSelectedKeys(NioClientBoss.java:105)
	at org.jboss.netty.channel.socket.nio.NioClientBoss.process(NioClientBoss.java:79)
	at org.jboss.netty.channel.socket.nio.AbstractNioSelector.run(AbstractNioSelector.java:337)
	at org.jboss.netty.channel.socket.nio.NioClientBoss.run(NioClientBoss.java:42)
	at org.jboss.netty.util.ThreadRenamingRunnable.run(ThreadRenamingRunnable.java:108)
	at org.jboss.netty.util.internal.DeadLockProofWorker$1.run(DeadLockProofWorker.java:42)
	... 3 more
[2016-03-30 14:02:03,919][TRACE][org.elasticsearch.discovery.zen.ping.unicast] [node_t3] [1] connecting (light) to {#zen_unicast_10#}{::1}{[::1]:9664}
[2016-03-30 14:02:03,919][TRACE][org.elasticsearch.discovery.zen.ping.unicast] [node_t3] [1] connected to {#zen_unicast_7#}{::1}{[::1]:9661}
[2016-03-30 14:02:03,920][TRACE][org.elasticsearch.discovery.zen.ping.unicast] [node_t3] [1] sending to {#zen_unicast_7#}{::1}{[::1]:9661}
[2016-03-30 14:02:03,919][TRACE][org.elasticsearch.discovery.zen.ping.unicast] [node_t3] [1] failed to connect to {#zen_unicast_8#}{::1}{[::1]:9662}
ConnectTransportException[[][[::1]:9662] connect_timeout[30s]]; nested: ConnectException[Connection refused: /0:0:0:0:0:0:0:1:9662];
	at org.elasticsearch.transport.netty.NettyTransport.connectToChannelsLight(NettyTransport.java:948)
	at org.elasticsearch.transport.netty.NettyTransport.connectToNode(NettyTransport.java:912)
	at org.elasticsearch.transport.netty.NettyTransport.connectToNodeLight(NettyTransport.java:884)
	at org.elasticsearch.test.transport.MockTransportService$LookupTestTransport.connectToNodeLight(MockTransportService.java:412)
	at org.elasticsearch.transport.TransportService.connectToNodeLight(TransportService.java:250)
	at org.elasticsearch.discovery.zen.ping.unicast.UnicastZenPing$3.run(UnicastZenPing.java:395)
	at java.util.concurrent.ThreadPoolExecutor.runWorker(ThreadPoolExecutor.java:1142)
	at java.util.concurrent.ThreadPoolExecutor$Worker.run(ThreadPoolExecutor.java:617)
	at java.lang.Thread.run(Thread.java:745)
Caused by: java.net.ConnectException: Connection refused: /0:0:0:0:0:0:0:1:9662
	at sun.nio.ch.SocketChannelImpl.checkConnect(Native Method)
	at sun.nio.ch.SocketChannelImpl.finishConnect(SocketChannelImpl.java:717)
	at org.jboss.netty.channel.socket.nio.NioClientBoss.connect(NioClientBoss.java:152)
	at org.jboss.netty.channel.socket.nio.NioClientBoss.processSelectedKeys(NioClientBoss.java:105)
	at org.jboss.netty.channel.socket.nio.NioClientBoss.process(NioClientBoss.java:79)
	at org.jboss.netty.channel.socket.nio.AbstractNioSelector.run(AbstractNioSelector.java:337)
	at org.jboss.netty.channel.socket.nio.NioClientBoss.run(NioClientBoss.java:42)
	at org.jboss.netty.util.ThreadRenamingRunnable.run(ThreadRenamingRunnable.java:108)
	at org.jboss.netty.util.internal.DeadLockProofWorker$1.run(DeadLockProofWorker.java:42)
	... 3 more
[2016-03-30 14:02:03,919][TRACE][org.elasticsearch.discovery.zen.ping.unicast] [node_t3] [1] connected to {#zen_unicast_6#}{::1}{[::1]:9660}
[2016-03-30 14:02:03,919][TRACE][org.elasticsearch.discovery.zen.ping.unicast] [node_t3] [1] failed to connect to {#zen_unicast_9#}{::1}{[::1]:9663}
ConnectTransportException[[][[::1]:9663] connect_timeout[30s]]; nested: ConnectException[Connection refused: /0:0:0:0:0:0:0:1:9663];
	at org.elasticsearch.transport.netty.NettyTransport.connectToChannelsLight(NettyTransport.java:948)
	at org.elasticsearch.transport.netty.NettyTransport.connectToNode(NettyTransport.java:912)
	at org.elasticsearch.transport.netty.NettyTransport.connectToNodeLight(NettyTransport.java:884)
	at org.elasticsearch.test.transport.MockTransportService$LookupTestTransport.connectToNodeLight(MockTransportService.java:412)
	at org.elasticsearch.transport.TransportService.connectToNodeLight(TransportService.java:250)
	at org.elasticsearch.discovery.zen.ping.unicast.UnicastZenPing$3.run(UnicastZenPing.java:395)
	at java.util.concurrent.ThreadPoolExecutor.runWorker(ThreadPoolExecutor.java:1142)
	at java.util.concurrent.ThreadPoolExecutor$Worker.run(ThreadPoolExecutor.java:617)
	at java.lang.Thread.run(Thread.java:745)
Caused by: java.net.ConnectException: Connection refused: /0:0:0:0:0:0:0:1:9663
	at sun.nio.ch.SocketChannelImpl.checkConnect(Native Method)
	at sun.nio.ch.SocketChannelImpl.finishConnect(SocketChannelImpl.java:717)
	at org.jboss.netty.channel.socket.nio.NioClientBoss.connect(NioClientBoss.java:152)
	at org.jboss.netty.channel.socket.nio.NioClientBoss.processSelectedKeys(NioClientBoss.java:105)
	at org.jboss.netty.channel.socket.nio.NioClientBoss.process(NioClientBoss.java:79)
	at org.jboss.netty.channel.socket.nio.AbstractNioSelector.run(AbstractNioSelector.java:337)
	at org.jboss.netty.channel.socket.nio.NioClientBoss.run(NioClientBoss.java:42)
	at org.jboss.netty.util.ThreadRenamingRunnable.run(ThreadRenamingRunnable.java:108)
	at org.jboss.netty.util.internal.DeadLockProofWorker$1.run(DeadLockProofWorker.java:42)
	... 3 more
[2016-03-30 14:02:03,919][TRACE][org.elasticsearch.discovery.zen.ping.unicast] [node_t3] [1] connecting (light) to {#zen_unicast_11_lk7U_niVSKyTWpmVoV3sIA#}{127.0.0.1}{127.0.0.1:9661}[mode=>network]
[2016-03-30 14:02:03,919][TRACE][org.elasticsearch.discovery.zen.ping.unicast] [node_t3] [1] sending to {node_t3}{pVB3V9rcTUWO-cgIIcYX3A}{127.0.0.1}{127.0.0.1:9660}[mode=>network]
[2016-03-30 14:02:03,919][TRACE][org.elasticsearch.discovery.zen.ping.unicast] [node_t3] [1] connected to {#zen_unicast_2#}{127.0.0.1}{127.0.0.1:9661}
[2016-03-30 14:02:03,921][TRACE][org.elasticsearch.discovery.zen.ping.unicast] [node_t3] [1] received response from {node_t3}{pVB3V9rcTUWO-cgIIcYX3A}{127.0.0.1}{127.0.0.1:9660}[mode=>network]: [ping_response{node [{node_t1}{lk7U_niVSKyTWpmVoV3sIA}{127.0.0.1}{127.0.0.1:9661}[mode=>network]], id[921], master [null], hasJoinedOnce [true], cluster_name[TEST-CHILD_VM=[2]-CLUSTER_SEED=[2858301384796425155]-HASH=[462C14F99751D]-cluster]}, ping_response{node [{node_t3}{pVB3V9rcTUWO-cgIIcYX3A}{127.0.0.1}{127.0.0.1:9660}[mode=>network]], id[926], master [null], hasJoinedOnce [false], cluster_name[TEST-CHILD_VM=[2]-CLUSTER_SEED=[2858301384796425155]-HASH=[462C14F99751D]-cluster]}, ping_response{node [{node_t3}{pVB3V9rcTUWO-cgIIcYX3A}{127.0.0.1}{127.0.0.1:9660}[mode=>network]], id[926], master [null], hasJoinedOnce [false], cluster_name[TEST-CHILD_VM=[2]-CLUSTER_SEED=[2858301384796425155]-HASH=[462C14F99751D]-cluster]}, ping_response{node [{node_t3}{pVB3V9rcTUWO-cgIIcYX3A}{127.0.0.1}{127.0.0.1:9660}[mode=>network]], id[929], master [null], hasJoinedOnce [false], cluster_name[TEST-CHILD_VM=[2]-CLUSTER_SEED=[2858301384796425155]-HASH=[462C14F99751D]-cluster]}]
[2016-03-30 14:02:03,920][TRACE][org.elasticsearch.discovery.zen.ping.unicast] [node_t3] [1] sending to {#zen_unicast_6#}{::1}{[::1]:9660}
[2016-03-30 14:02:03,920][TRACE][org.elasticsearch.discovery.zen.ping.unicast] [node_t3] [1] failed to connect to {#zen_unicast_10#}{::1}{[::1]:9664}
ConnectTransportException[[][[::1]:9664] connect_timeout[30s]]; nested: ConnectException[Connection refused: /0:0:0:0:0:0:0:1:9664];
	at org.elasticsearch.transport.netty.NettyTransport.connectToChannelsLight(NettyTransport.java:948)
	at org.elasticsearch.transport.netty.NettyTransport.connectToNode(NettyTransport.java:912)
	at org.elasticsearch.transport.netty.NettyTransport.connectToNodeLight(NettyTransport.java:884)
	at org.elasticsearch.test.transport.MockTransportService$LookupTestTransport.connectToNodeLight(MockTransportService.java:412)
	at org.elasticsearch.transport.TransportService.connectToNodeLight(TransportService.java:250)
	at org.elasticsearch.discovery.zen.ping.unicast.UnicastZenPing$3.run(UnicastZenPing.java:395)
	at java.util.concurrent.ThreadPoolExecutor.runWorker(ThreadPoolExecutor.java:1142)
	at java.util.concurrent.ThreadPoolExecutor$Worker.run(ThreadPoolExecutor.java:617)
	at java.lang.Thread.run(Thread.java:745)
Caused by: java.net.ConnectException: Connection refused: /0:0:0:0:0:0:0:1:9664
	at sun.nio.ch.SocketChannelImpl.checkConnect(Native Method)
	at sun.nio.ch.SocketChannelImpl.finishConnect(SocketChannelImpl.java:717)
	at org.jboss.netty.channel.socket.nio.NioClientBoss.connect(NioClientBoss.java:152)
	at org.jboss.netty.channel.socket.nio.NioClientBoss.processSelectedKeys(NioClientBoss.java:105)
	at org.jboss.netty.channel.socket.nio.NioClientBoss.process(NioClientBoss.java:79)
	at org.jboss.netty.channel.socket.nio.AbstractNioSelector.run(AbstractNioSelector.java:337)
	at org.jboss.netty.channel.socket.nio.NioClientBoss.run(NioClientBoss.java:42)
	at org.jboss.netty.util.ThreadRenamingRunnable.run(ThreadRenamingRunnable.java:108)
	at org.jboss.netty.util.internal.DeadLockProofWorker$1.run(DeadLockProofWorker.java:42)
	... 3 more
[2016-03-30 14:02:03,921][TRACE][org.elasticsearch.discovery.zen.ping.unicast] [node_t3] [1] received response from {#zen_unicast_7#}{::1}{[::1]:9661}: [ping_response{node [{node_t1}{lk7U_niVSKyTWpmVoV3sIA}{127.0.0.1}{127.0.0.1:9661}[mode=>network]], id[901], master [null], hasJoinedOnce [true], cluster_name[TEST-CHILD_VM=[2]-CLUSTER_SEED=[2858301384796425155]-HASH=[462C14F99751D]-cluster]}, ping_response{node [{node_t1}{lk7U_niVSKyTWpmVoV3sIA}{127.0.0.1}{127.0.0.1:9661}[mode=>network]], id[901], master [null], hasJoinedOnce [true], cluster_name[TEST-CHILD_VM=[2]-CLUSTER_SEED=[2858301384796425155]-HASH=[462C14F99751D]-cluster]}, ping_response{node [{node_t1}{lk7U_niVSKyTWpmVoV3sIA}{127.0.0.1}{127.0.0.1:9661}[mode=>network]], id[901], master [null], hasJoinedOnce [true], cluster_name[TEST-CHILD_VM=[2]-CLUSTER_SEED=[2858301384796425155]-HASH=[462C14F99751D]-cluster]}, ping_response{node [{node_t1}{lk7U_niVSKyTWpmVoV3sIA}{127.0.0.1}{127.0.0.1:9661}[mode=>network]], id[905], master [null], hasJoinedOnce [true], cluster_name[TEST-CHILD_VM=[2]-CLUSTER_SEED=[2858301384796425155]-HASH=[462C14F99751D]-cluster]}, ping_response{node [{node_t1}{lk7U_niVSKyTWpmVoV3sIA}{127.0.0.1}{127.0.0.1:9661}[mode=>network]], id[905], master [null], hasJoinedOnce [true], cluster_name[TEST-CHILD_VM=[2]-CLUSTER_SEED=[2858301384796425155]-HASH=[462C14F99751D]-cluster]}, ping_response{node [{node_t1}{lk7U_niVSKyTWpmVoV3sIA}{127.0.0.1}{127.0.0.1:9661}[mode=>network]], id[905], master [null], hasJoinedOnce [true], cluster_name[TEST-CHILD_VM=[2]-CLUSTER_SEED=[2858301384796425155]-HASH=[462C14F99751D]-cluster]}, ping_response{node [{node_t1}{lk7U_niVSKyTWpmVoV3sIA}{127.0.0.1}{127.0.0.1:9661}[mode=>network]], id[909], master [null], hasJoinedOnce [true], cluster_name[TEST-CHILD_VM=[2]-CLUSTER_SEED=[2858301384796425155]-HASH=[462C14F99751D]-cluster]}, ping_response{node [{node_t1}{lk7U_niVSKyTWpmVoV3sIA}{127.0.0.1}{127.0.0.1:9661}[mode=>network]], id[909], master [null], hasJoinedOnce [true], cluster_name[TEST-CHILD_VM=[2]-CLUSTER_SEED=[2858301384796425155]-HASH=[462C14F99751D]-cluster]}, ping_response{node [{node_t1}{lk7U_niVSKyTWpmVoV3sIA}{127.0.0.1}{127.0.0.1:9661}[mode=>network]], id[909], master [null], hasJoinedOnce [true], cluster_name[TEST-CHILD_VM=[2]-CLUSTER_SEED=[2858301384796425155]-HASH=[462C14F99751D]-cluster]}, ping_response{node [{node_t1}{lk7U_niVSKyTWpmVoV3sIA}{127.0.0.1}{127.0.0.1:9661}[mode=>network]], id[913], master [null], hasJoinedOnce [true], cluster_name[TEST-CHILD_VM=[2]-CLUSTER_SEED=[2858301384796425155]-HASH=[462C14F99751D]-cluster]}, ping_response{node [{node_t1}{lk7U_niVSKyTWpmVoV3sIA}{127.0.0.1}{127.0.0.1:9661}[mode=>network]], id[913], master [null], hasJoinedOnce [true], cluster_name[TEST-CHILD_VM=[2]-CLUSTER_SEED=[2858301384796425155]-HASH=[462C14F99751D]-cluster]}, ping_response{node [{node_t1}{lk7U_niVSKyTWpmVoV3sIA}{127.0.0.1}{127.0.0.1:9661}[mode=>network]], id[913], master [null], hasJoinedOnce [true], cluster_name[TEST-CHILD_VM=[2]-CLUSTER_SEED=[2858301384796425155]-HASH=[462C14F99751D]-cluster]}, ping_response{node [{node_t1}{lk7U_niVSKyTWpmVoV3sIA}{127.0.0.1}{127.0.0.1:9661}[mode=>network]], id[917], master [null], hasJoinedOnce [true], cluster_name[TEST-CHILD_VM=[2]-CLUSTER_SEED=[2858301384796425155]-HASH=[462C14F99751D]-cluster]}, ping_response{node [{node_t1}{lk7U_niVSKyTWpmVoV3sIA}{127.0.0.1}{127.0.0.1:9661}[mode=>network]], id[917], master [null], hasJoinedOnce [true], cluster_name[TEST-CHILD_VM=[2]-CLUSTER_SEED=[2858301384796425155]-HASH=[462C14F99751D]-cluster]}, ping_response{node [{node_t1}{lk7U_niVSKyTWpmVoV3sIA}{127.0.0.1}{127.0.0.1:9661}[mode=>network]], id[917], master [null], hasJoinedOnce [true], cluster_name[TEST-CHILD_VM=[2]-CLUSTER_SEED=[2858301384796425155]-HASH=[462C14F99751D]-cluster]}, ping_response{node [{node_t1}{lk7U_niVSKyTWpmVoV3sIA}{127.0.0.1}{127.0.0.1:9661}[mode=>network]], id[921], master [null], hasJoinedOnce [true], cluster_name[TEST-CHILD_VM=[2]-CLUSTER_SEED=[2858301384796425155]-HASH=[462C14F99751D]-cluster]}, ping_response{node [{node_t1}{lk7U_niVSKyTWpmVoV3sIA}{127.0.0.1}{127.0.0.1:9661}[mode=>network]], id[921], master [null], hasJoinedOnce [true], cluster_name[TEST-CHILD_VM=[2]-CLUSTER_SEED=[2858301384796425155]-HASH=[462C14F99751D]-cluster]}, ping_response{node [{node_t1}{lk7U_niVSKyTWpmVoV3sIA}{127.0.0.1}{127.0.0.1:9661}[mode=>network]], id[921], master [null], hasJoinedOnce [true], cluster_name[TEST-CHILD_VM=[2]-CLUSTER_SEED=[2858301384796425155]-HASH=[462C14F99751D]-cluster]}, ping_response{node [{node_t3}{pVB3V9rcTUWO-cgIIcYX3A}{127.0.0.1}{127.0.0.1:9660}[mode=>network]], id[926], master [null], hasJoinedOnce [false], cluster_name[TEST-CHILD_VM=[2]-CLUSTER_SEED=[2858301384796425155]-HASH=[462C14F99751D]-cluster]}, ping_response{node [{node_t1}{lk7U_niVSKyTWpmVoV3sIA}{127.0.0.1}{127.0.0.1:9661}[mode=>network]], id[928], master [null], hasJoinedOnce [true], cluster_name[TEST-CHILD_VM=[2]-CLUSTER_SEED=[2858301384796425155]-HASH=[462C14F99751D]-cluster]}]
[2016-03-30 14:02:03,921][TRACE][org.elasticsearch.discovery.zen.ping.unicast] [node_t3] [1] sending to {#zen_unicast_2#}{127.0.0.1}{127.0.0.1:9661}
[2016-03-30 14:02:03,922][TRACE][org.elasticsearch.discovery.zen.ping.unicast] [node_t3] [1] connected to {node_t1}{lk7U_niVSKyTWpmVoV3sIA}{127.0.0.1}{127.0.0.1:9661}[mode=>network]
[2016-03-30 14:02:03,922][TRACE][org.elasticsearch.discovery.zen.ping.unicast] [node_t3] [1] sending to {#zen_unicast_11_lk7U_niVSKyTWpmVoV3sIA#}{127.0.0.1}{127.0.0.1:9661}[mode=>network]
[2016-03-30 14:02:03,923][TRACE][org.elasticsearch.discovery.zen.ping.unicast] [node_t3] [1] received response from {#zen_unicast_6#}{::1}{[::1]:9660}: [ping_response{node [{node_t1}{lk7U_niVSKyTWpmVoV3sIA}{127.0.0.1}{127.0.0.1:9661}[mode=>network]], id[921], master [null], hasJoinedOnce [true], cluster_name[TEST-CHILD_VM=[2]-CLUSTER_SEED=[2858301384796425155]-HASH=[462C14F99751D]-cluster]}, ping_response{node [{node_t3}{pVB3V9rcTUWO-cgIIcYX3A}{127.0.0.1}{127.0.0.1:9660}[mode=>network]], id[926], master [null], hasJoinedOnce [false], cluster_name[TEST-CHILD_VM=[2]-CLUSTER_SEED=[2858301384796425155]-HASH=[462C14F99751D]-cluster]}, ping_response{node [{node_t3}{pVB3V9rcTUWO-cgIIcYX3A}{127.0.0.1}{127.0.0.1:9660}[mode=>network]], id[926], master [null], hasJoinedOnce [false], cluster_name[TEST-CHILD_VM=[2]-CLUSTER_SEED=[2858301384796425155]-HASH=[462C14F99751D]-cluster]}, ping_response{node [{node_t3}{pVB3V9rcTUWO-cgIIcYX3A}{127.0.0.1}{127.0.0.1:9660}[mode=>network]], id[926], master [null], hasJoinedOnce [false], cluster_name[TEST-CHILD_VM=[2]-CLUSTER_SEED=[2858301384796425155]-HASH=[462C14F99751D]-cluster]}, ping_response{node [{node_t3}{pVB3V9rcTUWO-cgIIcYX3A}{127.0.0.1}{127.0.0.1:9660}[mode=>network]], id[930], master [null], hasJoinedOnce [false], cluster_name[TEST-CHILD_VM=[2]-CLUSTER_SEED=[2858301384796425155]-HASH=[462C14F99751D]-cluster]}]
[2016-03-30 14:02:03,923][TRACE][org.elasticsearch.discovery.zen.ping.unicast] [node_t3] [1] received response from {#zen_unicast_2#}{127.0.0.1}{127.0.0.1:9661}: [ping_response{node [{node_t1}{lk7U_niVSKyTWpmVoV3sIA}{127.0.0.1}{127.0.0.1:9661}[mode=>network]], id[901], master [null], hasJoinedOnce [true], cluster_name[TEST-CHILD_VM=[2]-CLUSTER_SEED=[2858301384796425155]-HASH=[462C14F99751D]-cluster]}, ping_response{node [{node_t1}{lk7U_niVSKyTWpmVoV3sIA}{127.0.0.1}{127.0.0.1:9661}[mode=>network]], id[901], master [null], hasJoinedOnce [true], cluster_name[TEST-CHILD_VM=[2]-CLUSTER_SEED=[2858301384796425155]-HASH=[462C14F99751D]-cluster]}, ping_response{node [{node_t1}{lk7U_niVSKyTWpmVoV3sIA}{127.0.0.1}{127.0.0.1:9661}[mode=>network]], id[901], master [null], hasJoinedOnce [true], cluster_name[TEST-CHILD_VM=[2]-CLUSTER_SEED=[2858301384796425155]-HASH=[462C14F99751D]-cluster]}, ping_response{node [{node_t1}{lk7U_niVSKyTWpmVoV3sIA}{127.0.0.1}{127.0.0.1:9661}[mode=>network]], id[905], master [null], hasJoinedOnce [true], cluster_name[TEST-CHILD_VM=[2]-CLUSTER_SEED=[2858301384796425155]-HASH=[462C14F99751D]-cluster]}, ping_response{node [{node_t1}{lk7U_niVSKyTWpmVoV3sIA}{127.0.0.1}{127.0.0.1:9661}[mode=>network]], id[905], master [null], hasJoinedOnce [true], cluster_name[TEST-CHILD_VM=[2]-CLUSTER_SEED=[2858301384796425155]-HASH=[462C14F99751D]-cluster]}, ping_response{node [{node_t1}{lk7U_niVSKyTWpmVoV3sIA}{127.0.0.1}{127.0.0.1:9661}[mode=>network]], id[905], master [null], hasJoinedOnce [true], cluster_name[TEST-CHILD_VM=[2]-CLUSTER_SEED=[2858301384796425155]-HASH=[462C14F99751D]-cluster]}, ping_response{node [{node_t1}{lk7U_niVSKyTWpmVoV3sIA}{127.0.0.1}{127.0.0.1:9661}[mode=>network]], id[909], master [null], hasJoinedOnce [true], cluster_name[TEST-CHILD_VM=[2]-CLUSTER_SEED=[2858301384796425155]-HASH=[462C14F99751D]-cluster]}, ping_response{node [{node_t1}{lk7U_niVSKyTWpmVoV3sIA}{127.0.0.1}{127.0.0.1:9661}[mode=>network]], id[909], master [null], hasJoinedOnce [true], cluster_name[TEST-CHILD_VM=[2]-CLUSTER_SEED=[2858301384796425155]-HASH=[462C14F99751D]-cluster]}, ping_response{node [{node_t1}{lk7U_niVSKyTWpmVoV3sIA}{127.0.0.1}{127.0.0.1:9661}[mode=>network]], id[909], master [null], hasJoinedOnce [true], cluster_name[TEST-CHILD_VM=[2]-CLUSTER_SEED=[2858301384796425155]-HASH=[462C14F99751D]-cluster]}, ping_response{node [{node_t1}{lk7U_niVSKyTWpmVoV3sIA}{127.0.0.1}{127.0.0.1:9661}[mode=>network]], id[913], master [null], hasJoinedOnce [true], cluster_name[TEST-CHILD_VM=[2]-CLUSTER_SEED=[2858301384796425155]-HASH=[462C14F99751D]-cluster]}, ping_response{node [{node_t1}{lk7U_niVSKyTWpmVoV3sIA}{127.0.0.1}{127.0.0.1:9661}[mode=>network]], id[913], master [null], hasJoinedOnce [true], cluster_name[TEST-CHILD_VM=[2]-CLUSTER_SEED=[2858301384796425155]-HASH=[462C14F99751D]-cluster]}, ping_response{node [{node_t1}{lk7U_niVSKyTWpmVoV3sIA}{127.0.0.1}{127.0.0.1:9661}[mode=>network]], id[913], master [null], hasJoinedOnce [true], cluster_name[TEST-CHILD_VM=[2]-CLUSTER_SEED=[2858301384796425155]-HASH=[462C14F99751D]-cluster]}, ping_response{node [{node_t1}{lk7U_niVSKyTWpmVoV3sIA}{127.0.0.1}{127.0.0.1:9661}[mode=>network]], id[917], master [null], hasJoinedOnce [true], cluster_name[TEST-CHILD_VM=[2]-CLUSTER_SEED=[2858301384796425155]-HASH=[462C14F99751D]-cluster]}, ping_response{node [{node_t1}{lk7U_niVSKyTWpmVoV3sIA}{127.0.0.1}{127.0.0.1:9661}[mode=>network]], id[917], master [null], hasJoinedOnce [true], cluster_name[TEST-CHILD_VM=[2]-CLUSTER_SEED=[2858301384796425155]-HASH=[462C14F99751D]-cluster]}, ping_response{node [{node_t1}{lk7U_niVSKyTWpmVoV3sIA}{127.0.0.1}{127.0.0.1:9661}[mode=>network]], id[917], master [null], hasJoinedOnce [true], cluster_name[TEST-CHILD_VM=[2]-CLUSTER_SEED=[2858301384796425155]-HASH=[462C14F99751D]-cluster]}, ping_response{node [{node_t1}{lk7U_niVSKyTWpmVoV3sIA}{127.0.0.1}{127.0.0.1:9661}[mode=>network]], id[921], master [null], hasJoinedOnce [true], cluster_name[TEST-CHILD_VM=[2]-CLUSTER_SEED=[2858301384796425155]-HASH=[462C14F99751D]-cluster]}, ping_response{node [{node_t1}{lk7U_niVSKyTWpmVoV3sIA}{127.0.0.1}{127.0.0.1:9661}[mode=>network]], id[921], master [null], hasJoinedOnce [true], cluster_name[TEST-CHILD_VM=[2]-CLUSTER_SEED=[2858301384796425155]-HASH=[462C14F99751D]-cluster]}, ping_response{node [{node_t1}{lk7U_niVSKyTWpmVoV3sIA}{127.0.0.1}{127.0.0.1:9661}[mode=>network]], id[921], master [null], hasJoinedOnce [true], cluster_name[TEST-CHILD_VM=[2]-CLUSTER_SEED=[2858301384796425155]-HASH=[462C14F99751D]-cluster]}, ping_response{node [{node_t3}{pVB3V9rcTUWO-cgIIcYX3A}{127.0.0.1}{127.0.0.1:9660}[mode=>network]], id[926], master [null], hasJoinedOnce [false], cluster_name[TEST-CHILD_VM=[2]-CLUSTER_SEED=[2858301384796425155]-HASH=[462C14F99751D]-cluster]}, ping_response{node [{node_t3}{pVB3V9rcTUWO-cgIIcYX3A}{127.0.0.1}{127.0.0.1:9660}[mode=>network]], id[926], master [null], hasJoinedOnce [false], cluster_name[TEST-CHILD_VM=[2]-CLUSTER_SEED=[2858301384796425155]-HASH=[462C14F99751D]-cluster]}, ping_response{node [{node_t1}{lk7U_niVSKyTWpmVoV3sIA}{127.0.0.1}{127.0.0.1:9661}[mode=>network]], id[931], master [null], hasJoinedOnce [true], cluster_name[TEST-CHILD_VM=[2]-CLUSTER_SEED=[2858301384796425155]-HASH=[462C14F99751D]-cluster]}]
[2016-03-30 14:02:03,924][TRACE][org.elasticsearch.discovery.zen.ping.unicast] [node_t3] [1] received response from {#zen_unicast_11_lk7U_niVSKyTWpmVoV3sIA#}{127.0.0.1}{127.0.0.1:9661}[mode=>network]: [ping_response{node [{node_t1}{lk7U_niVSKyTWpmVoV3sIA}{127.0.0.1}{127.0.0.1:9661}[mode=>network]], id[901], master [null], hasJoinedOnce [true], cluster_name[TEST-CHILD_VM=[2]-CLUSTER_SEED=[2858301384796425155]-HASH=[462C14F99751D]-cluster]}, ping_response{node [{node_t1}{lk7U_niVSKyTWpmVoV3sIA}{127.0.0.1}{127.0.0.1:9661}[mode=>network]], id[901], master [null], hasJoinedOnce [true], cluster_name[TEST-CHILD_VM=[2]-CLUSTER_SEED=[2858301384796425155]-HASH=[462C14F99751D]-cluster]}, ping_response{node [{node_t1}{lk7U_niVSKyTWpmVoV3sIA}{127.0.0.1}{127.0.0.1:9661}[mode=>network]], id[901], master [null], hasJoinedOnce [true], cluster_name[TEST-CHILD_VM=[2]-CLUSTER_SEED=[2858301384796425155]-HASH=[462C14F99751D]-cluster]}, ping_response{node [{node_t1}{lk7U_niVSKyTWpmVoV3sIA}{127.0.0.1}{127.0.0.1:9661}[mode=>network]], id[905], master [null], hasJoinedOnce [true], cluster_name[TEST-CHILD_VM=[2]-CLUSTER_SEED=[2858301384796425155]-HASH=[462C14F99751D]-cluster]}, ping_response{node [{node_t1}{lk7U_niVSKyTWpmVoV3sIA}{127.0.0.1}{127.0.0.1:9661}[mode=>network]], id[905], master [null], hasJoinedOnce [true], cluster_name[TEST-CHILD_VM=[2]-CLUSTER_SEED=[2858301384796425155]-HASH=[462C14F99751D]-cluster]}, ping_response{node [{node_t1}{lk7U_niVSKyTWpmVoV3sIA}{127.0.0.1}{127.0.0.1:9661}[mode=>network]], id[905], master [null], hasJoinedOnce [true], cluster_name[TEST-CHILD_VM=[2]-CLUSTER_SEED=[2858301384796425155]-HASH=[462C14F99751D]-cluster]}, ping_response{node [{node_t1}{lk7U_niVSKyTWpmVoV3sIA}{127.0.0.1}{127.0.0.1:9661}[mode=>network]], id[909], master [null], hasJoinedOnce [true], cluster_name[TEST-CHILD_VM=[2]-CLUSTER_SEED=[2858301384796425155]-HASH=[462C14F99751D]-cluster]}, ping_response{node [{node_t1}{lk7U_niVSKyTWpmVoV3sIA}{127.0.0.1}{127.0.0.1:9661}[mode=>network]], id[909], master [null], hasJoinedOnce [true], cluster_name[TEST-CHILD_VM=[2]-CLUSTER_SEED=[2858301384796425155]-HASH=[462C14F99751D]-cluster]}, ping_response{node [{node_t1}{lk7U_niVSKyTWpmVoV3sIA}{127.0.0.1}{127.0.0.1:9661}[mode=>network]], id[909], master [null], hasJoinedOnce [true], cluster_name[TEST-CHILD_VM=[2]-CLUSTER_SEED=[2858301384796425155]-HASH=[462C14F99751D]-cluster]}, ping_response{node [{node_t1}{lk7U_niVSKyTWpmVoV3sIA}{127.0.0.1}{127.0.0.1:9661}[mode=>network]], id[913], master [null], hasJoinedOnce [true], cluster_name[TEST-CHILD_VM=[2]-CLUSTER_SEED=[2858301384796425155]-HASH=[462C14F99751D]-cluster]}, ping_response{node [{node_t1}{lk7U_niVSKyTWpmVoV3sIA}{127.0.0.1}{127.0.0.1:9661}[mode=>network]], id[913], master [null], hasJoinedOnce [true], cluster_name[TEST-CHILD_VM=[2]-CLUSTER_SEED=[2858301384796425155]-HASH=[462C14F99751D]-cluster]}, ping_response{node [{node_t1}{lk7U_niVSKyTWpmVoV3sIA}{127.0.0.1}{127.0.0.1:9661}[mode=>network]], id[913], master [null], hasJoinedOnce [true], cluster_name[TEST-CHILD_VM=[2]-CLUSTER_SEED=[2858301384796425155]-HASH=[462C14F99751D]-cluster]}, ping_response{node [{node_t1}{lk7U_niVSKyTWpmVoV3sIA}{127.0.0.1}{127.0.0.1:9661}[mode=>network]], id[917], master [null], hasJoinedOnce [true], cluster_name[TEST-CHILD_VM=[2]-CLUSTER_SEED=[2858301384796425155]-HASH=[462C14F99751D]-cluster]}, ping_response{node [{node_t1}{lk7U_niVSKyTWpmVoV3sIA}{127.0.0.1}{127.0.0.1:9661}[mode=>network]], id[917], master [null], hasJoinedOnce [true], cluster_name[TEST-CHILD_VM=[2]-CLUSTER_SEED=[2858301384796425155]-HASH=[462C14F99751D]-cluster]}, ping_response{node [{node_t1}{lk7U_niVSKyTWpmVoV3sIA}{127.0.0.1}{127.0.0.1:9661}[mode=>network]], id[917], master [null], hasJoinedOnce [true], cluster_name[TEST-CHILD_VM=[2]-CLUSTER_SEED=[2858301384796425155]-HASH=[462C14F99751D]-cluster]}, ping_response{node [{node_t1}{lk7U_niVSKyTWpmVoV3sIA}{127.0.0.1}{127.0.0.1:9661}[mode=>network]], id[921], master [null], hasJoinedOnce [true], cluster_name[TEST-CHILD_VM=[2]-CLUSTER_SEED=[2858301384796425155]-HASH=[462C14F99751D]-cluster]}, ping_response{node [{node_t1}{lk7U_niVSKyTWpmVoV3sIA}{127.0.0.1}{127.0.0.1:9661}[mode=>network]], id[921], master [null], hasJoinedOnce [true], cluster_name[TEST-CHILD_VM=[2]-CLUSTER_SEED=[2858301384796425155]-HASH=[462C14F99751D]-cluster]}, ping_response{node [{node_t1}{lk7U_niVSKyTWpmVoV3sIA}{127.0.0.1}{127.0.0.1:9661}[mode=>network]], id[921], master [null], hasJoinedOnce [true], cluster_name[TEST-CHILD_VM=[2]-CLUSTER_SEED=[2858301384796425155]-HASH=[462C14F99751D]-cluster]}, ping_response{node [{node_t3}{pVB3V9rcTUWO-cgIIcYX3A}{127.0.0.1}{127.0.0.1:9660}[mode=>network]], id[926], master [null], hasJoinedOnce [false], cluster_name[TEST-CHILD_VM=[2]-CLUSTER_SEED=[2858301384796425155]-HASH=[462C14F99751D]-cluster]}, ping_response{node [{node_t3}{pVB3V9rcTUWO-cgIIcYX3A}{127.0.0.1}{127.0.0.1:9660}[mode=>network]], id[926], master [null], hasJoinedOnce [false], cluster_name[TEST-CHILD_VM=[2]-CLUSTER_SEED=[2858301384796425155]-HASH=[462C14F99751D]-cluster]}, ping_response{node [{node_t3}{pVB3V9rcTUWO-cgIIcYX3A}{127.0.0.1}{127.0.0.1:9660}[mode=>network]], id[926], master [null], hasJoinedOnce [false], cluster_name[TEST-CHILD_VM=[2]-CLUSTER_SEED=[2858301384796425155]-HASH=[462C14F99751D]-cluster]}, ping_response{node [{node_t1}{lk7U_niVSKyTWpmVoV3sIA}{127.0.0.1}{127.0.0.1:9661}[mode=>network]], id[932], master [null], hasJoinedOnce [true], cluster_name[TEST-CHILD_VM=[2]-CLUSTER_SEED=[2858301384796425155]-HASH=[462C14F99751D]-cluster]}]
[2016-03-30 14:02:04,014][TRACE][org.elasticsearch.discovery.zen.ping.unicast] [node_t1] [7] sending to {#zen_unicast_1#}{127.0.0.1}{127.0.0.1:9660}
[2016-03-30 14:02:04,014][TRACE][org.elasticsearch.discovery.zen.ping.unicast] [node_t1] [7] sending to {node_t1}{lk7U_niVSKyTWpmVoV3sIA}{127.0.0.1}{127.0.0.1:9661}[mode=>network]
[2016-03-30 14:02:04,014][TRACE][org.elasticsearch.discovery.zen.ping.unicast] [node_t1] [7] received response from {node_t1}{lk7U_niVSKyTWpmVoV3sIA}{127.0.0.1}{127.0.0.1:9661}[mode=>network]: [ping_response{node [{node_t1}{lk7U_niVSKyTWpmVoV3sIA}{127.0.0.1}{127.0.0.1:9661}[mode=>network]], id[905], master [null], hasJoinedOnce [true], cluster_name[TEST-CHILD_VM=[2]-CLUSTER_SEED=[2858301384796425155]-HASH=[462C14F99751D]-cluster]}, ping_response{node [{node_t1}{lk7U_niVSKyTWpmVoV3sIA}{127.0.0.1}{127.0.0.1:9661}[mode=>network]], id[905], master [null], hasJoinedOnce [true], cluster_name[TEST-CHILD_VM=[2]-CLUSTER_SEED=[2858301384796425155]-HASH=[462C14F99751D]-cluster]}, ping_response{node [{node_t1}{lk7U_niVSKyTWpmVoV3sIA}{127.0.0.1}{127.0.0.1:9661}[mode=>network]], id[905], master [null], hasJoinedOnce [true], cluster_name[TEST-CHILD_VM=[2]-CLUSTER_SEED=[2858301384796425155]-HASH=[462C14F99751D]-cluster]}, ping_response{node [{node_t1}{lk7U_niVSKyTWpmVoV3sIA}{127.0.0.1}{127.0.0.1:9661}[mode=>network]], id[909], master [null], hasJoinedOnce [true], cluster_name[TEST-CHILD_VM=[2]-CLUSTER_SEED=[2858301384796425155]-HASH=[462C14F99751D]-cluster]}, ping_response{node [{node_t1}{lk7U_niVSKyTWpmVoV3sIA}{127.0.0.1}{127.0.0.1:9661}[mode=>network]], id[909], master [null], hasJoinedOnce [true], cluster_name[TEST-CHILD_VM=[2]-CLUSTER_SEED=[2858301384796425155]-HASH=[462C14F99751D]-cluster]}, ping_response{node [{node_t1}{lk7U_niVSKyTWpmVoV3sIA}{127.0.0.1}{127.0.0.1:9661}[mode=>network]], id[909], master [null], hasJoinedOnce [true], cluster_name[TEST-CHILD_VM=[2]-CLUSTER_SEED=[2858301384796425155]-HASH=[462C14F99751D]-cluster]}, ping_response{node [{node_t1}{lk7U_niVSKyTWpmVoV3sIA}{127.0.0.1}{127.0.0.1:9661}[mode=>network]], id[913], master [null], hasJoinedOnce [true], cluster_name[TEST-CHILD_VM=[2]-CLUSTER_SEED=[2858301384796425155]-HASH=[462C14F99751D]-cluster]}, ping_response{node [{node_t1}{lk7U_niVSKyTWpmVoV3sIA}{127.0.0.1}{127.0.0.1:9661}[mode=>network]], id[913], master [null], hasJoinedOnce [true], cluster_name[TEST-CHILD_VM=[2]-CLUSTER_SEED=[2858301384796425155]-HASH=[462C14F99751D]-cluster]}, ping_response{node [{node_t1}{lk7U_niVSKyTWpmVoV3sIA}{127.0.0.1}{127.0.0.1:9661}[mode=>network]], id[913], master [null], hasJoinedOnce [true], cluster_name[TEST-CHILD_VM=[2]-CLUSTER_SEED=[2858301384796425155]-HASH=[462C14F99751D]-cluster]}, ping_response{node [{node_t1}{lk7U_niVSKyTWpmVoV3sIA}{127.0.0.1}{127.0.0.1:9661}[mode=>network]], id[917], master [null], hasJoinedOnce [true], cluster_name[TEST-CHILD_VM=[2]-CLUSTER_SEED=[2858301384796425155]-HASH=[462C14F99751D]-cluster]}, ping_response{node [{node_t1}{lk7U_niVSKyTWpmVoV3sIA}{127.0.0.1}{127.0.0.1:9661}[mode=>network]], id[917], master [null], hasJoinedOnce [true], cluster_name[TEST-CHILD_VM=[2]-CLUSTER_SEED=[2858301384796425155]-HASH=[462C14F99751D]-cluster]}, ping_response{node [{node_t1}{lk7U_niVSKyTWpmVoV3sIA}{127.0.0.1}{127.0.0.1:9661}[mode=>network]], id[917], master [null], hasJoinedOnce [true], cluster_name[TEST-CHILD_VM=[2]-CLUSTER_SEED=[2858301384796425155]-HASH=[462C14F99751D]-cluster]}, ping_response{node [{node_t1}{lk7U_niVSKyTWpmVoV3sIA}{127.0.0.1}{127.0.0.1:9661}[mode=>network]], id[921], master [null], hasJoinedOnce [true], cluster_name[TEST-CHILD_VM=[2]-CLUSTER_SEED=[2858301384796425155]-HASH=[462C14F99751D]-cluster]}, ping_response{node [{node_t1}{lk7U_niVSKyTWpmVoV3sIA}{127.0.0.1}{127.0.0.1:9661}[mode=>network]], id[921], master [null], hasJoinedOnce [true], cluster_name[TEST-CHILD_VM=[2]-CLUSTER_SEED=[2858301384796425155]-HASH=[462C14F99751D]-cluster]}, ping_response{node [{node_t1}{lk7U_niVSKyTWpmVoV3sIA}{127.0.0.1}{127.0.0.1:9661}[mode=>network]], id[921], master [null], hasJoinedOnce [true], cluster_name[TEST-CHILD_VM=[2]-CLUSTER_SEED=[2858301384796425155]-HASH=[462C14F99751D]-cluster]}, ping_response{node [{node_t3}{pVB3V9rcTUWO-cgIIcYX3A}{127.0.0.1}{127.0.0.1:9660}[mode=>network]], id[926], master [null], hasJoinedOnce [false], cluster_name[TEST-CHILD_VM=[2]-CLUSTER_SEED=[2858301384796425155]-HASH=[462C14F99751D]-cluster]}, ping_response{node [{node_t3}{pVB3V9rcTUWO-cgIIcYX3A}{127.0.0.1}{127.0.0.1:9660}[mode=>network]], id[926], master [null], hasJoinedOnce [false], cluster_name[TEST-CHILD_VM=[2]-CLUSTER_SEED=[2858301384796425155]-HASH=[462C14F99751D]-cluster]}, ping_response{node [{node_t3}{pVB3V9rcTUWO-cgIIcYX3A}{127.0.0.1}{127.0.0.1:9660}[mode=>network]], id[926], master [null], hasJoinedOnce [false], cluster_name[TEST-CHILD_VM=[2]-CLUSTER_SEED=[2858301384796425155]-HASH=[462C14F99751D]-cluster]}, ping_response{node [{node_t1}{lk7U_niVSKyTWpmVoV3sIA}{127.0.0.1}{127.0.0.1:9661}[mode=>network]], id[933], master [null], hasJoinedOnce [true], cluster_name[TEST-CHILD_VM=[2]-CLUSTER_SEED=[2858301384796425155]-HASH=[462C14F99751D]-cluster]}, ping_response{node [{node_t1}{lk7U_niVSKyTWpmVoV3sIA}{127.0.0.1}{127.0.0.1:9661}[mode=>network]], id[935], master [null], hasJoinedOnce [true], cluster_name[TEST-CHILD_VM=[2]-CLUSTER_SEED=[2858301384796425155]-HASH=[462C14F99751D]-cluster]}]
[2016-03-30 14:02:04,015][TRACE][org.elasticsearch.discovery.zen.ping.unicast] [node_t1] [7] received response from {#zen_unicast_1#}{127.0.0.1}{127.0.0.1:9660}: [ping_response{node [{node_t1}{lk7U_niVSKyTWpmVoV3sIA}{127.0.0.1}{127.0.0.1:9661}[mode=>network]], id[921], master [null], hasJoinedOnce [true], cluster_name[TEST-CHILD_VM=[2]-CLUSTER_SEED=[2858301384796425155]-HASH=[462C14F99751D]-cluster]}, ping_response{node [{node_t3}{pVB3V9rcTUWO-cgIIcYX3A}{127.0.0.1}{127.0.0.1:9660}[mode=>network]], id[926], master [null], hasJoinedOnce [false], cluster_name[TEST-CHILD_VM=[2]-CLUSTER_SEED=[2858301384796425155]-HASH=[462C14F99751D]-cluster]}, ping_response{node [{node_t3}{pVB3V9rcTUWO-cgIIcYX3A}{127.0.0.1}{127.0.0.1:9660}[mode=>network]], id[926], master [null], hasJoinedOnce [false], cluster_name[TEST-CHILD_VM=[2]-CLUSTER_SEED=[2858301384796425155]-HASH=[462C14F99751D]-cluster]}, ping_response{node [{node_t3}{pVB3V9rcTUWO-cgIIcYX3A}{127.0.0.1}{127.0.0.1:9660}[mode=>network]], id[926], master [null], hasJoinedOnce [false], cluster_name[TEST-CHILD_VM=[2]-CLUSTER_SEED=[2858301384796425155]-HASH=[462C14F99751D]-cluster]}, ping_response{node [{node_t1}{lk7U_niVSKyTWpmVoV3sIA}{127.0.0.1}{127.0.0.1:9661}[mode=>network]], id[933], master [null], hasJoinedOnce [true], cluster_name[TEST-CHILD_VM=[2]-CLUSTER_SEED=[2858301384796425155]-HASH=[462C14F99751D]-cluster]}, ping_response{node [{node_t3}{pVB3V9rcTUWO-cgIIcYX3A}{127.0.0.1}{127.0.0.1:9660}[mode=>network]], id[934], master [null], hasJoinedOnce [false], cluster_name[TEST-CHILD_VM=[2]-CLUSTER_SEED=[2858301384796425155]-HASH=[462C14F99751D]-cluster]}]
[2016-03-30 14:02:04,015][TRACE][org.elasticsearch.discovery.zen.ping.unicast] [node_t1] [7] connecting (light) to {#zen_unicast_3#}{127.0.0.1}{127.0.0.1:9662}
[2016-03-30 14:02:04,015][TRACE][org.elasticsearch.discovery.zen.ping.unicast] [node_t1] [7] connecting (light) to {#zen_unicast_4#}{127.0.0.1}{127.0.0.1:9663}
[2016-03-30 14:02:04,015][TRACE][org.elasticsearch.discovery.zen.ping.unicast] [node_t1] [7] connecting (light) to {#zen_unicast_5#}{127.0.0.1}{127.0.0.1:9664}
[2016-03-30 14:02:04,015][TRACE][org.elasticsearch.discovery.zen.ping.unicast] [node_t1] [7] sending to {#zen_unicast_6#}{::1}{[::1]:9660}
[2016-03-30 14:02:04,016][TRACE][org.elasticsearch.discovery.zen.ping.unicast] [node_t1] [7] connecting (light) to {#zen_unicast_7#}{::1}{[::1]:9661}
[2016-03-30 14:02:04,016][TRACE][org.elasticsearch.discovery.zen.ping.unicast] [node_t1] [7] connecting (light) to {#zen_unicast_10#}{::1}{[::1]:9664}
[2016-03-30 14:02:04,016][TRACE][org.elasticsearch.discovery.zen.ping.unicast] [node_t1] [7] connecting (light) to {#zen_unicast_9#}{::1}{[::1]:9663}
[2016-03-30 14:02:04,016][TRACE][org.elasticsearch.discovery.zen.ping.unicast] [node_t1] [7] connecting (light) to {#zen_unicast_8#}{::1}{[::1]:9662}
[2016-03-30 14:02:04,016][TRACE][org.elasticsearch.discovery.zen.ping.unicast] [node_t1] [7] sending to {node_t1}{lk7U_niVSKyTWpmVoV3sIA}{127.0.0.1}{127.0.0.1:9661}[mode=>network]
[2016-03-30 14:02:04,016][TRACE][org.elasticsearch.discovery.zen.ping.unicast] [node_t1] [7] failed to connect to {#zen_unicast_4#}{127.0.0.1}{127.0.0.1:9663}
ConnectTransportException[[][127.0.0.1:9663] connect_timeout[30s]]; nested: ConnectException[Connection refused: /127.0.0.1:9663];
	at org.elasticsearch.transport.netty.NettyTransport.connectToChannelsLight(NettyTransport.java:948)
	at org.elasticsearch.transport.netty.NettyTransport.connectToNode(NettyTransport.java:912)
	at org.elasticsearch.transport.netty.NettyTransport.connectToNodeLight(NettyTransport.java:884)
	at org.elasticsearch.test.transport.MockTransportService$LookupTestTransport.connectToNodeLight(MockTransportService.java:412)
	at org.elasticsearch.transport.TransportService.connectToNodeLight(TransportService.java:250)
	at org.elasticsearch.discovery.zen.ping.unicast.UnicastZenPing$3.run(UnicastZenPing.java:395)
	at java.util.concurrent.ThreadPoolExecutor.runWorker(ThreadPoolExecutor.java:1142)
	at java.util.concurrent.ThreadPoolExecutor$Worker.run(ThreadPoolExecutor.java:617)
	at java.lang.Thread.run(Thread.java:745)
Caused by: java.net.ConnectException: Connection refused: /127.0.0.1:9663
	at sun.nio.ch.SocketChannelImpl.checkConnect(Native Method)
	at sun.nio.ch.SocketChannelImpl.finishConnect(SocketChannelImpl.java:717)
	at org.jboss.netty.channel.socket.nio.NioClientBoss.connect(NioClientBoss.java:152)
	at org.jboss.netty.channel.socket.nio.NioClientBoss.processSelectedKeys(NioClientBoss.java:105)
	at org.jboss.netty.channel.socket.nio.NioClientBoss.process(NioClientBoss.java:79)
	at org.jboss.netty.channel.socket.nio.AbstractNioSelector.run(AbstractNioSelector.java:337)
	at org.jboss.netty.channel.socket.nio.NioClientBoss.run(NioClientBoss.java:42)
	at org.jboss.netty.util.ThreadRenamingRunnable.run(ThreadRenamingRunnable.java:108)
	at org.jboss.netty.util.internal.DeadLockProofWorker$1.run(DeadLockProofWorker.java:42)
	... 3 more
[2016-03-30 14:02:04,016][TRACE][org.elasticsearch.discovery.zen.ping.unicast] [node_t1] [7] failed to connect to {#zen_unicast_3#}{127.0.0.1}{127.0.0.1:9662}
ConnectTransportException[[][127.0.0.1:9662] connect_timeout[30s]]; nested: ConnectException[Connection refused: /127.0.0.1:9662];
	at org.elasticsearch.transport.netty.NettyTransport.connectToChannelsLight(NettyTransport.java:948)
	at org.elasticsearch.transport.netty.NettyTransport.connectToNode(NettyTransport.java:912)
	at org.elasticsearch.transport.netty.NettyTransport.connectToNodeLight(NettyTransport.java:884)
	at org.elasticsearch.test.transport.MockTransportService$LookupTestTransport.connectToNodeLight(MockTransportService.java:412)
	at org.elasticsearch.transport.TransportService.connectToNodeLight(TransportService.java:250)
	at org.elasticsearch.discovery.zen.ping.unicast.UnicastZenPing$3.run(UnicastZenPing.java:395)
	at java.util.concurrent.ThreadPoolExecutor.runWorker(ThreadPoolExecutor.java:1142)
	at java.util.concurrent.ThreadPoolExecutor$Worker.run(ThreadPoolExecutor.java:617)
	at java.lang.Thread.run(Thread.java:745)
Caused by: java.net.ConnectException: Connection refused: /127.0.0.1:9662
	at sun.nio.ch.SocketChannelImpl.checkConnect(Native Method)
	at sun.nio.ch.SocketChannelImpl.finishConnect(SocketChannelImpl.java:717)
	at org.jboss.netty.channel.socket.nio.NioClientBoss.connect(NioClientBoss.java:152)
	at org.jboss.netty.channel.socket.nio.NioClientBoss.processSelectedKeys(NioClientBoss.java:105)
	at org.jboss.netty.channel.socket.nio.NioClientBoss.process(NioClientBoss.java:79)
	at org.jboss.netty.channel.socket.nio.AbstractNioSelector.run(AbstractNioSelector.java:337)
	at org.jboss.netty.channel.socket.nio.NioClientBoss.run(NioClientBoss.java:42)
	at org.jboss.netty.util.ThreadRenamingRunnable.run(ThreadRenamingRunnable.java:108)
	at org.jboss.netty.util.internal.DeadLockProofWorker$1.run(DeadLockProofWorker.java:42)
	... 3 more
[2016-03-30 14:02:04,016][TRACE][org.elasticsearch.discovery.zen.ping.unicast] [node_t1] [7] received response from {#zen_unicast_6#}{::1}{[::1]:9660}: [ping_response{node [{node_t1}{lk7U_niVSKyTWpmVoV3sIA}{127.0.0.1}{127.0.0.1:9661}[mode=>network]], id[921], master [null], hasJoinedOnce [true], cluster_name[TEST-CHILD_VM=[2]-CLUSTER_SEED=[2858301384796425155]-HASH=[462C14F99751D]-cluster]}, ping_response{node [{node_t3}{pVB3V9rcTUWO-cgIIcYX3A}{127.0.0.1}{127.0.0.1:9660}[mode=>network]], id[926], master [null], hasJoinedOnce [false], cluster_name[TEST-CHILD_VM=[2]-CLUSTER_SEED=[2858301384796425155]-HASH=[462C14F99751D]-cluster]}, ping_response{node [{node_t3}{pVB3V9rcTUWO-cgIIcYX3A}{127.0.0.1}{127.0.0.1:9660}[mode=>network]], id[926], master [null], hasJoinedOnce [false], cluster_name[TEST-CHILD_VM=[2]-CLUSTER_SEED=[2858301384796425155]-HASH=[462C14F99751D]-cluster]}, ping_response{node [{node_t3}{pVB3V9rcTUWO-cgIIcYX3A}{127.0.0.1}{127.0.0.1:9660}[mode=>network]], id[926], master [null], hasJoinedOnce [false], cluster_name[TEST-CHILD_VM=[2]-CLUSTER_SEED=[2858301384796425155]-HASH=[462C14F99751D]-cluster]}, ping_response{node [{node_t1}{lk7U_niVSKyTWpmVoV3sIA}{127.0.0.1}{127.0.0.1:9661}[mode=>network]], id[933], master [null], hasJoinedOnce [true], cluster_name[TEST-CHILD_VM=[2]-CLUSTER_SEED=[2858301384796425155]-HASH=[462C14F99751D]-cluster]}, ping_response{node [{node_t1}{lk7U_niVSKyTWpmVoV3sIA}{127.0.0.1}{127.0.0.1:9661}[mode=>network]], id[933], master [null], hasJoinedOnce [true], cluster_name[TEST-CHILD_VM=[2]-CLUSTER_SEED=[2858301384796425155]-HASH=[462C14F99751D]-cluster]}, ping_response{node [{node_t3}{pVB3V9rcTUWO-cgIIcYX3A}{127.0.0.1}{127.0.0.1:9660}[mode=>network]], id[936], master [null], hasJoinedOnce [false], cluster_name[TEST-CHILD_VM=[2]-CLUSTER_SEED=[2858301384796425155]-HASH=[462C14F99751D]-cluster]}]
[2016-03-30 14:02:04,016][TRACE][org.elasticsearch.discovery.zen.ping.unicast] [node_t1] [7] failed to connect to {#zen_unicast_5#}{127.0.0.1}{127.0.0.1:9664}
ConnectTransportException[[][127.0.0.1:9664] connect_timeout[30s]]; nested: ConnectException[Connection refused: /127.0.0.1:9664];
	at org.elasticsearch.transport.netty.NettyTransport.connectToChannelsLight(NettyTransport.java:948)
	at org.elasticsearch.transport.netty.NettyTransport.connectToNode(NettyTransport.java:912)
	at org.elasticsearch.transport.netty.NettyTransport.connectToNodeLight(NettyTransport.java:884)
	at org.elasticsearch.test.transport.MockTransportService$LookupTestTransport.connectToNodeLight(MockTransportService.java:412)
	at org.elasticsearch.transport.TransportService.connectToNodeLight(TransportService.java:250)
	at org.elasticsearch.discovery.zen.ping.unicast.UnicastZenPing$3.run(UnicastZenPing.java:395)
	at java.util.concurrent.ThreadPoolExecutor.runWorker(ThreadPoolExecutor.java:1142)
	at java.util.concurrent.ThreadPoolExecutor$Worker.run(ThreadPoolExecutor.java:617)
	at java.lang.Thread.run(Thread.java:745)
Caused by: java.net.ConnectException: Connection refused: /127.0.0.1:9664
	at sun.nio.ch.SocketChannelImpl.checkConnect(Native Method)
	at sun.nio.ch.SocketChannelImpl.finishConnect(SocketChannelImpl.java:717)
	at org.jboss.netty.channel.socket.nio.NioClientBoss.connect(NioClientBoss.java:152)
	at org.jboss.netty.channel.socket.nio.NioClientBoss.processSelectedKeys(NioClientBoss.java:105)
	at org.jboss.netty.channel.socket.nio.NioClientBoss.process(NioClientBoss.java:79)
	at org.jboss.netty.channel.socket.nio.AbstractNioSelector.run(AbstractNioSelector.java:337)
	at org.jboss.netty.channel.socket.nio.NioClientBoss.run(NioClientBoss.java:42)
	at org.jboss.netty.util.ThreadRenamingRunnable.run(ThreadRenamingRunnable.java:108)
	at org.jboss.netty.util.internal.DeadLockProofWorker$1.run(DeadLockProofWorker.java:42)
	... 3 more
[2016-03-30 14:02:04,016][TRACE][org.elasticsearch.discovery.zen.ping.unicast] [node_t1] [7] received response from {node_t1}{lk7U_niVSKyTWpmVoV3sIA}{127.0.0.1}{127.0.0.1:9661}[mode=>network]: [ping_response{node [{node_t1}{lk7U_niVSKyTWpmVoV3sIA}{127.0.0.1}{127.0.0.1:9661}[mode=>network]], id[905], master [null], hasJoinedOnce [true], cluster_name[TEST-CHILD_VM=[2]-CLUSTER_SEED=[2858301384796425155]-HASH=[462C14F99751D]-cluster]}, ping_response{node [{node_t1}{lk7U_niVSKyTWpmVoV3sIA}{127.0.0.1}{127.0.0.1:9661}[mode=>network]], id[905], master [null], hasJoinedOnce [true], cluster_name[TEST-CHILD_VM=[2]-CLUSTER_SEED=[2858301384796425155]-HASH=[462C14F99751D]-cluster]}, ping_response{node [{node_t1}{lk7U_niVSKyTWpmVoV3sIA}{127.0.0.1}{127.0.0.1:9661}[mode=>network]], id[905], master [null], hasJoinedOnce [true], cluster_name[TEST-CHILD_VM=[2]-CLUSTER_SEED=[2858301384796425155]-HASH=[462C14F99751D]-cluster]}, ping_response{node [{node_t1}{lk7U_niVSKyTWpmVoV3sIA}{127.0.0.1}{127.0.0.1:9661}[mode=>network]], id[909], master [null], hasJoinedOnce [true], cluster_name[TEST-CHILD_VM=[2]-CLUSTER_SEED=[2858301384796425155]-HASH=[462C14F99751D]-cluster]}, ping_response{node [{node_t1}{lk7U_niVSKyTWpmVoV3sIA}{127.0.0.1}{127.0.0.1:9661}[mode=>network]], id[909], master [null], hasJoinedOnce [true], cluster_name[TEST-CHILD_VM=[2]-CLUSTER_SEED=[2858301384796425155]-HASH=[462C14F99751D]-cluster]}, ping_response{node [{node_t1}{lk7U_niVSKyTWpmVoV3sIA}{127.0.0.1}{127.0.0.1:9661}[mode=>network]], id[909], master [null], hasJoinedOnce [true], cluster_name[TEST-CHILD_VM=[2]-CLUSTER_SEED=[2858301384796425155]-HASH=[462C14F99751D]-cluster]}, ping_response{node [{node_t1}{lk7U_niVSKyTWpmVoV3sIA}{127.0.0.1}{127.0.0.1:9661}[mode=>network]], id[913], master [null], hasJoinedOnce [true], cluster_name[TEST-CHILD_VM=[2]-CLUSTER_SEED=[2858301384796425155]-HASH=[462C14F99751D]-cluster]}, ping_response{node [{node_t1}{lk7U_niVSKyTWpmVoV3sIA}{127.0.0.1}{127.0.0.1:9661}[mode=>network]], id[913], master [null], hasJoinedOnce [true], cluster_name[TEST-CHILD_VM=[2]-CLUSTER_SEED=[2858301384796425155]-HASH=[462C14F99751D]-cluster]}, ping_response{node [{node_t1}{lk7U_niVSKyTWpmVoV3sIA}{127.0.0.1}{127.0.0.1:9661}[mode=>network]], id[913], master [null], hasJoinedOnce [true], cluster_name[TEST-CHILD_VM=[2]-CLUSTER_SEED=[2858301384796425155]-HASH=[462C14F99751D]-cluster]}, ping_response{node [{node_t1}{lk7U_niVSKyTWpmVoV3sIA}{127.0.0.1}{127.0.0.1:9661}[mode=>network]], id[917], master [null], hasJoinedOnce [true], cluster_name[TEST-CHILD_VM=[2]-CLUSTER_SEED=[2858301384796425155]-HASH=[462C14F99751D]-cluster]}, ping_response{node [{node_t1}{lk7U_niVSKyTWpmVoV3sIA}{127.0.0.1}{127.0.0.1:9661}[mode=>network]], id[917], master [null], hasJoinedOnce [true], cluster_name[TEST-CHILD_VM=[2]-CLUSTER_SEED=[2858301384796425155]-HASH=[462C14F99751D]-cluster]}, ping_response{node [{node_t1}{lk7U_niVSKyTWpmVoV3sIA}{127.0.0.1}{127.0.0.1:9661}[mode=>network]], id[917], master [null], hasJoinedOnce [true], cluster_name[TEST-CHILD_VM=[2]-CLUSTER_SEED=[2858301384796425155]-HASH=[462C14F99751D]-cluster]}, ping_response{node [{node_t1}{lk7U_niVSKyTWpmVoV3sIA}{127.0.0.1}{127.0.0.1:9661}[mode=>network]], id[921], master [null], hasJoinedOnce [true], cluster_name[TEST-CHILD_VM=[2]-CLUSTER_SEED=[2858301384796425155]-HASH=[462C14F99751D]-cluster]}, ping_response{node [{node_t1}{lk7U_niVSKyTWpmVoV3sIA}{127.0.0.1}{127.0.0.1:9661}[mode=>network]], id[921], master [null], hasJoinedOnce [true], cluster_name[TEST-CHILD_VM=[2]-CLUSTER_SEED=[2858301384796425155]-HASH=[462C14F99751D]-cluster]}, ping_response{node [{node_t1}{lk7U_niVSKyTWpmVoV3sIA}{127.0.0.1}{127.0.0.1:9661}[mode=>network]], id[921], master [null], hasJoinedOnce [true], cluster_name[TEST-CHILD_VM=[2]-CLUSTER_SEED=[2858301384796425155]-HASH=[462C14F99751D]-cluster]}, ping_response{node [{node_t3}{pVB3V9rcTUWO-cgIIcYX3A}{127.0.0.1}{127.0.0.1:9660}[mode=>network]], id[926], master [null], hasJoinedOnce [false], cluster_name[TEST-CHILD_VM=[2]-CLUSTER_SEED=[2858301384796425155]-HASH=[462C14F99751D]-cluster]}, ping_response{node [{node_t3}{pVB3V9rcTUWO-cgIIcYX3A}{127.0.0.1}{127.0.0.1:9660}[mode=>network]], id[926], master [null], hasJoinedOnce [false], cluster_name[TEST-CHILD_VM=[2]-CLUSTER_SEED=[2858301384796425155]-HASH=[462C14F99751D]-cluster]}, ping_response{node [{node_t3}{pVB3V9rcTUWO-cgIIcYX3A}{127.0.0.1}{127.0.0.1:9660}[mode=>network]], id[926], master [null], hasJoinedOnce [false], cluster_name[TEST-CHILD_VM=[2]-CLUSTER_SEED=[2858301384796425155]-HASH=[462C14F99751D]-cluster]}, ping_response{node [{node_t1}{lk7U_niVSKyTWpmVoV3sIA}{127.0.0.1}{127.0.0.1:9661}[mode=>network]], id[933], master [null], hasJoinedOnce [true], cluster_name[TEST-CHILD_VM=[2]-CLUSTER_SEED=[2858301384796425155]-HASH=[462C14F99751D]-cluster]}, ping_response{node [{node_t1}{lk7U_niVSKyTWpmVoV3sIA}{127.0.0.1}{127.0.0.1:9661}[mode=>network]], id[933], master [null], hasJoinedOnce [true], cluster_name[TEST-CHILD_VM=[2]-CLUSTER_SEED=[2858301384796425155]-HASH=[462C14F99751D]-cluster]}, ping_response{node [{node_t1}{lk7U_niVSKyTWpmVoV3sIA}{127.0.0.1}{127.0.0.1:9661}[mode=>network]], id[937], master [null], hasJoinedOnce [true], cluster_name[TEST-CHILD_VM=[2]-CLUSTER_SEED=[2858301384796425155]-HASH=[462C14F99751D]-cluster]}]
[2016-03-30 14:02:04,017][TRACE][org.elasticsearch.discovery.zen.ping.unicast] [node_t1] [7] connected to {#zen_unicast_7#}{::1}{[::1]:9661}
[2016-03-30 14:02:04,018][TRACE][org.elasticsearch.discovery.zen.ping.unicast] [node_t1] replacing {node_t3}{pVB3V9rcTUWO-cgIIcYX3A}{127.0.0.1}{127.0.0.1:9660}[mode=>network] with temp node {#zen_unicast_14_pVB3V9rcTUWO-cgIIcYX3A#}{127.0.0.1}{127.0.0.1:9660}[mode=>network]
[2016-03-30 14:02:04,017][TRACE][org.elasticsearch.discovery.zen.ping.unicast] [node_t1] [7] failed to connect to {#zen_unicast_10#}{::1}{[::1]:9664}
ConnectTransportException[[][[::1]:9664] connect_timeout[30s]]; nested: ConnectException[Connection refused: /0:0:0:0:0:0:0:1:9664];
	at org.elasticsearch.transport.netty.NettyTransport.connectToChannelsLight(NettyTransport.java:948)
	at org.elasticsearch.transport.netty.NettyTransport.connectToNode(NettyTransport.java:912)
	at org.elasticsearch.transport.netty.NettyTransport.connectToNodeLight(NettyTransport.java:884)
	at org.elasticsearch.test.transport.MockTransportService$LookupTestTransport.connectToNodeLight(MockTransportService.java:412)
	at org.elasticsearch.transport.TransportService.connectToNodeLight(TransportService.java:250)
	at org.elasticsearch.discovery.zen.ping.unicast.UnicastZenPing$3.run(UnicastZenPing.java:395)
	at java.util.concurrent.ThreadPoolExecutor.runWorker(ThreadPoolExecutor.java:1142)
	at java.util.concurrent.ThreadPoolExecutor$Worker.run(ThreadPoolExecutor.java:617)
	at java.lang.Thread.run(Thread.java:745)
Caused by: java.net.ConnectException: Connection refused: /0:0:0:0:0:0:0:1:9664
	at sun.nio.ch.SocketChannelImpl.checkConnect(Native Method)
	at sun.nio.ch.SocketChannelImpl.finishConnect(SocketChannelImpl.java:717)
	at org.jboss.netty.channel.socket.nio.NioClientBoss.connect(NioClientBoss.java:152)
	at org.jboss.netty.channel.socket.nio.NioClientBoss.processSelectedKeys(NioClientBoss.java:105)
	at org.jboss.netty.channel.socket.nio.NioClientBoss.process(NioClientBoss.java:79)
	at org.jboss.netty.channel.socket.nio.AbstractNioSelector.run(AbstractNioSelector.java:337)
	at org.jboss.netty.channel.socket.nio.NioClientBoss.run(NioClientBoss.java:42)
	at org.jboss.netty.util.ThreadRenamingRunnable.run(ThreadRenamingRunnable.java:108)
	at org.jboss.netty.util.internal.DeadLockProofWorker$1.run(DeadLockProofWorker.java:42)
	... 3 more
[2016-03-30 14:02:04,017][TRACE][org.elasticsearch.discovery.zen.ping.unicast] [node_t1] [7] failed to connect to {#zen_unicast_9#}{::1}{[::1]:9663}
ConnectTransportException[[][[::1]:9663] connect_timeout[30s]]; nested: ConnectException[Connection refused: /0:0:0:0:0:0:0:1:9663];
	at org.elasticsearch.transport.netty.NettyTransport.connectToChannelsLight(NettyTransport.java:948)
	at org.elasticsearch.transport.netty.NettyTransport.connectToNode(NettyTransport.java:912)
	at org.elasticsearch.transport.netty.NettyTransport.connectToNodeLight(NettyTransport.java:884)
	at org.elasticsearch.test.transport.MockTransportService$LookupTestTransport.connectToNodeLight(MockTransportService.java:412)
	at org.elasticsearch.transport.TransportService.connectToNodeLight(TransportService.java:250)
	at org.elasticsearch.discovery.zen.ping.unicast.UnicastZenPing$3.run(UnicastZenPing.java:395)
	at java.util.concurrent.ThreadPoolExecutor.runWorker(ThreadPoolExecutor.java:1142)
	at java.util.concurrent.ThreadPoolExecutor$Worker.run(ThreadPoolExecutor.java:617)
	at java.lang.Thread.run(Thread.java:745)
Caused by: java.net.ConnectException: Connection refused: /0:0:0:0:0:0:0:1:9663
	at sun.nio.ch.SocketChannelImpl.checkConnect(Native Method)
	at sun.nio.ch.SocketChannelImpl.finishConnect(SocketChannelImpl.java:717)
	at org.jboss.netty.channel.socket.nio.NioClientBoss.connect(NioClientBoss.java:152)
	at org.jboss.netty.channel.socket.nio.NioClientBoss.processSelectedKeys(NioClientBoss.java:105)
	at org.jboss.netty.channel.socket.nio.NioClientBoss.process(NioClientBoss.java:79)
	at org.jboss.netty.channel.socket.nio.AbstractNioSelector.run(AbstractNioSelector.java:337)
	at org.jboss.netty.channel.socket.nio.NioClientBoss.run(NioClientBoss.java:42)
	at org.jboss.netty.util.ThreadRenamingRunnable.run(ThreadRenamingRunnable.java:108)
	at org.jboss.netty.util.internal.DeadLockProofWorker$1.run(DeadLockProofWorker.java:42)
	... 3 more
[2016-03-30 14:02:04,017][TRACE][org.elasticsearch.discovery.zen.ping.unicast] [node_t1] [7] failed to connect to {#zen_unicast_8#}{::1}{[::1]:9662}
ConnectTransportException[[][[::1]:9662] connect_timeout[30s]]; nested: ConnectException[Connection refused: /0:0:0:0:0:0:0:1:9662];
	at org.elasticsearch.transport.netty.NettyTransport.connectToChannelsLight(NettyTransport.java:948)
	at org.elasticsearch.transport.netty.NettyTransport.connectToNode(NettyTransport.java:912)
	at org.elasticsearch.transport.netty.NettyTransport.connectToNodeLight(NettyTransport.java:884)
	at org.elasticsearch.test.transport.MockTransportService$LookupTestTransport.connectToNodeLight(MockTransportService.java:412)
	at org.elasticsearch.transport.TransportService.connectToNodeLight(TransportService.java:250)
	at org.elasticsearch.discovery.zen.ping.unicast.UnicastZenPing$3.run(UnicastZenPing.java:395)
	at java.util.concurrent.ThreadPoolExecutor.runWorker(ThreadPoolExecutor.java:1142)
	at java.util.concurrent.ThreadPoolExecutor$Worker.run(ThreadPoolExecutor.java:617)
	at java.lang.Thread.run(Thread.java:745)
Caused by: java.net.ConnectException: Connection refused: /0:0:0:0:0:0:0:1:9662
	at sun.nio.ch.SocketChannelImpl.checkConnect(Native Method)
	at sun.nio.ch.SocketChannelImpl.finishConnect(SocketChannelImpl.java:717)
	at org.jboss.netty.channel.socket.nio.NioClientBoss.connect(NioClientBoss.java:152)
	at org.jboss.netty.channel.socket.nio.NioClientBoss.processSelectedKeys(NioClientBoss.java:105)
	at org.jboss.netty.channel.socket.nio.NioClientBoss.process(NioClientBoss.java:79)
	at org.jboss.netty.channel.socket.nio.AbstractNioSelector.run(AbstractNioSelector.java:337)
	at org.jboss.netty.channel.socket.nio.NioClientBoss.run(NioClientBoss.java:42)
	at org.jboss.netty.util.ThreadRenamingRunnable.run(ThreadRenamingRunnable.java:108)
	at org.jboss.netty.util.internal.DeadLockProofWorker$1.run(DeadLockProofWorker.java:42)
	... 3 more
[2016-03-30 14:02:04,018][TRACE][org.elasticsearch.discovery.zen.ping.unicast] [node_t1] [7] connecting (light) to {#zen_unicast_14_pVB3V9rcTUWO-cgIIcYX3A#}{127.0.0.1}{127.0.0.1:9660}[mode=>network]
[2016-03-30 14:02:04,018][TRACE][org.elasticsearch.discovery.zen.ping.unicast] [node_t1] [7] sending to {#zen_unicast_7#}{::1}{[::1]:9661}
[2016-03-30 14:02:04,020][TRACE][org.elasticsearch.discovery.zen.ping.unicast] [node_t1] [7] connected to {node_t3}{pVB3V9rcTUWO-cgIIcYX3A}{127.0.0.1}{127.0.0.1:9660}[mode=>network]
[2016-03-30 14:02:04,020][TRACE][org.elasticsearch.discovery.zen.ping.unicast] [node_t1] [7] sending to {#zen_unicast_14_pVB3V9rcTUWO-cgIIcYX3A#}{127.0.0.1}{127.0.0.1:9660}[mode=>network]
[2016-03-30 14:02:04,021][TRACE][org.elasticsearch.discovery.zen.ping.unicast] [node_t1] [7] received response from {#zen_unicast_7#}{::1}{[::1]:9661}: [ping_response{node [{node_t1}{lk7U_niVSKyTWpmVoV3sIA}{127.0.0.1}{127.0.0.1:9661}[mode=>network]], id[905], master [null], hasJoinedOnce [true], cluster_name[TEST-CHILD_VM=[2]-CLUSTER_SEED=[2858301384796425155]-HASH=[462C14F99751D]-cluster]}, ping_response{node [{node_t1}{lk7U_niVSKyTWpmVoV3sIA}{127.0.0.1}{127.0.0.1:9661}[mode=>network]], id[905], master [null], hasJoinedOnce [true], cluster_name[TEST-CHILD_VM=[2]-CLUSTER_SEED=[2858301384796425155]-HASH=[462C14F99751D]-cluster]}, ping_response{node [{node_t1}{lk7U_niVSKyTWpmVoV3sIA}{127.0.0.1}{127.0.0.1:9661}[mode=>network]], id[905], master [null], hasJoinedOnce [true], cluster_name[TEST-CHILD_VM=[2]-CLUSTER_SEED=[2858301384796425155]-HASH=[462C14F99751D]-cluster]}, ping_response{node [{node_t1}{lk7U_niVSKyTWpmVoV3sIA}{127.0.0.1}{127.0.0.1:9661}[mode=>network]], id[909], master [null], hasJoinedOnce [true], cluster_name[TEST-CHILD_VM=[2]-CLUSTER_SEED=[2858301384796425155]-HASH=[462C14F99751D]-cluster]}, ping_response{node [{node_t1}{lk7U_niVSKyTWpmVoV3sIA}{127.0.0.1}{127.0.0.1:9661}[mode=>network]], id[909], master [null], hasJoinedOnce [true], cluster_name[TEST-CHILD_VM=[2]-CLUSTER_SEED=[2858301384796425155]-HASH=[462C14F99751D]-cluster]}, ping_response{node [{node_t1}{lk7U_niVSKyTWpmVoV3sIA}{127.0.0.1}{127.0.0.1:9661}[mode=>network]], id[909], master [null], hasJoinedOnce [true], cluster_name[TEST-CHILD_VM=[2]-CLUSTER_SEED=[2858301384796425155]-HASH=[462C14F99751D]-cluster]}, ping_response{node [{node_t1}{lk7U_niVSKyTWpmVoV3sIA}{127.0.0.1}{127.0.0.1:9661}[mode=>network]], id[913], master [null], hasJoinedOnce [true], cluster_name[TEST-CHILD_VM=[2]-CLUSTER_SEED=[2858301384796425155]-HASH=[462C14F99751D]-cluster]}, ping_response{node [{node_t1}{lk7U_niVSKyTWpmVoV3sIA}{127.0.0.1}{127.0.0.1:9661}[mode=>network]], id[913], master [null], hasJoinedOnce [true], cluster_name[TEST-CHILD_VM=[2]-CLUSTER_SEED=[2858301384796425155]-HASH=[462C14F99751D]-cluster]}, ping_response{node [{node_t1}{lk7U_niVSKyTWpmVoV3sIA}{127.0.0.1}{127.0.0.1:9661}[mode=>network]], id[913], master [null], hasJoinedOnce [true], cluster_name[TEST-CHILD_VM=[2]-CLUSTER_SEED=[2858301384796425155]-HASH=[462C14F99751D]-cluster]}, ping_response{node [{node_t1}{lk7U_niVSKyTWpmVoV3sIA}{127.0.0.1}{127.0.0.1:9661}[mode=>network]], id[917], master [null], hasJoinedOnce [true], cluster_name[TEST-CHILD_VM=[2]-CLUSTER_SEED=[2858301384796425155]-HASH=[462C14F99751D]-cluster]}, ping_response{node [{node_t1}{lk7U_niVSKyTWpmVoV3sIA}{127.0.0.1}{127.0.0.1:9661}[mode=>network]], id[917], master [null], hasJoinedOnce [true], cluster_name[TEST-CHILD_VM=[2]-CLUSTER_SEED=[2858301384796425155]-HASH=[462C14F99751D]-cluster]}, ping_response{node [{node_t1}{lk7U_niVSKyTWpmVoV3sIA}{127.0.0.1}{127.0.0.1:9661}[mode=>network]], id[917], master [null], hasJoinedOnce [true], cluster_name[TEST-CHILD_VM=[2]-CLUSTER_SEED=[2858301384796425155]-HASH=[462C14F99751D]-cluster]}, ping_response{node [{node_t1}{lk7U_niVSKyTWpmVoV3sIA}{127.0.0.1}{127.0.0.1:9661}[mode=>network]], id[921], master [null], hasJoinedOnce [true], cluster_name[TEST-CHILD_VM=[2]-CLUSTER_SEED=[2858301384796425155]-HASH=[462C14F99751D]-cluster]}, ping_response{node [{node_t1}{lk7U_niVSKyTWpmVoV3sIA}{127.0.0.1}{127.0.0.1:9661}[mode=>network]], id[921], master [null], hasJoinedOnce [true], cluster_name[TEST-CHILD_VM=[2]-CLUSTER_SEED=[2858301384796425155]-HASH=[462C14F99751D]-cluster]}, ping_response{node [{node_t1}{lk7U_niVSKyTWpmVoV3sIA}{127.0.0.1}{127.0.0.1:9661}[mode=>network]], id[921], master [null], hasJoinedOnce [true], cluster_name[TEST-CHILD_VM=[2]-CLUSTER_SEED=[2858301384796425155]-HASH=[462C14F99751D]-cluster]}, ping_response{node [{node_t3}{pVB3V9rcTUWO-cgIIcYX3A}{127.0.0.1}{127.0.0.1:9660}[mode=>network]], id[926], master [null], hasJoinedOnce [false], cluster_name[TEST-CHILD_VM=[2]-CLUSTER_SEED=[2858301384796425155]-HASH=[462C14F99751D]-cluster]}, ping_response{node [{node_t3}{pVB3V9rcTUWO-cgIIcYX3A}{127.0.0.1}{127.0.0.1:9660}[mode=>network]], id[926], master [null], hasJoinedOnce [false], cluster_name[TEST-CHILD_VM=[2]-CLUSTER_SEED=[2858301384796425155]-HASH=[462C14F99751D]-cluster]}, ping_response{node [{node_t3}{pVB3V9rcTUWO-cgIIcYX3A}{127.0.0.1}{127.0.0.1:9660}[mode=>network]], id[926], master [null], hasJoinedOnce [false], cluster_name[TEST-CHILD_VM=[2]-CLUSTER_SEED=[2858301384796425155]-HASH=[462C14F99751D]-cluster]}, ping_response{node [{node_t1}{lk7U_niVSKyTWpmVoV3sIA}{127.0.0.1}{127.0.0.1:9661}[mode=>network]], id[933], master [null], hasJoinedOnce [true], cluster_name[TEST-CHILD_VM=[2]-CLUSTER_SEED=[2858301384796425155]-HASH=[462C14F99751D]-cluster]}, ping_response{node [{node_t1}{lk7U_niVSKyTWpmVoV3sIA}{127.0.0.1}{127.0.0.1:9661}[mode=>network]], id[933], master [null], hasJoinedOnce [true], cluster_name[TEST-CHILD_VM=[2]-CLUSTER_SEED=[2858301384796425155]-HASH=[462C14F99751D]-cluster]}, ping_response{node [{node_t1}{lk7U_niVSKyTWpmVoV3sIA}{127.0.0.1}{127.0.0.1:9661}[mode=>network]], id[933], master [null], hasJoinedOnce [true], cluster_name[TEST-CHILD_VM=[2]-CLUSTER_SEED=[2858301384796425155]-HASH=[462C14F99751D]-cluster]}, ping_response{node [{node_t1}{lk7U_niVSKyTWpmVoV3sIA}{127.0.0.1}{127.0.0.1:9661}[mode=>network]], id[938], master [null], hasJoinedOnce [true], cluster_name[TEST-CHILD_VM=[2]-CLUSTER_SEED=[2858301384796425155]-HASH=[462C14F99751D]-cluster]}]
[2016-03-30 14:02:04,022][TRACE][org.elasticsearch.discovery.zen.ping.unicast] [node_t1] [7] received response from {#zen_unicast_14_pVB3V9rcTUWO-cgIIcYX3A#}{127.0.0.1}{127.0.0.1:9660}[mode=>network]: [ping_response{node [{node_t1}{lk7U_niVSKyTWpmVoV3sIA}{127.0.0.1}{127.0.0.1:9661}[mode=>network]], id[921], master [null], hasJoinedOnce [true], cluster_name[TEST-CHILD_VM=[2]-CLUSTER_SEED=[2858301384796425155]-HASH=[462C14F99751D]-cluster]}, ping_response{node [{node_t3}{pVB3V9rcTUWO-cgIIcYX3A}{127.0.0.1}{127.0.0.1:9660}[mode=>network]], id[926], master [null], hasJoinedOnce [false], cluster_name[TEST-CHILD_VM=[2]-CLUSTER_SEED=[2858301384796425155]-HASH=[462C14F99751D]-cluster]}, ping_response{node [{node_t3}{pVB3V9rcTUWO-cgIIcYX3A}{127.0.0.1}{127.0.0.1:9660}[mode=>network]], id[926], master [null], hasJoinedOnce [false], cluster_name[TEST-CHILD_VM=[2]-CLUSTER_SEED=[2858301384796425155]-HASH=[462C14F99751D]-cluster]}, ping_response{node [{node_t3}{pVB3V9rcTUWO-cgIIcYX3A}{127.0.0.1}{127.0.0.1:9660}[mode=>network]], id[926], master [null], hasJoinedOnce [false], cluster_name[TEST-CHILD_VM=[2]-CLUSTER_SEED=[2858301384796425155]-HASH=[462C14F99751D]-cluster]}, ping_response{node [{node_t1}{lk7U_niVSKyTWpmVoV3sIA}{127.0.0.1}{127.0.0.1:9661}[mode=>network]], id[933], master [null], hasJoinedOnce [true], cluster_name[TEST-CHILD_VM=[2]-CLUSTER_SEED=[2858301384796425155]-HASH=[462C14F99751D]-cluster]}, ping_response{node [{node_t1}{lk7U_niVSKyTWpmVoV3sIA}{127.0.0.1}{127.0.0.1:9661}[mode=>network]], id[933], master [null], hasJoinedOnce [true], cluster_name[TEST-CHILD_VM=[2]-CLUSTER_SEED=[2858301384796425155]-HASH=[462C14F99751D]-cluster]}, ping_response{node [{node_t1}{lk7U_niVSKyTWpmVoV3sIA}{127.0.0.1}{127.0.0.1:9661}[mode=>network]], id[933], master [null], hasJoinedOnce [true], cluster_name[TEST-CHILD_VM=[2]-CLUSTER_SEED=[2858301384796425155]-HASH=[462C14F99751D]-cluster]}, ping_response{node [{node_t3}{pVB3V9rcTUWO-cgIIcYX3A}{127.0.0.1}{127.0.0.1:9660}[mode=>network]], id[939], master [null], hasJoinedOnce [false], cluster_name[TEST-CHILD_VM=[2]-CLUSTER_SEED=[2858301384796425155]-HASH=[462C14F99751D]-cluster]}]
[2016-03-30 14:02:04,025][TRACE][org.elasticsearch.discovery.zen.ping.unicast] [node_t3] [1] sending to {node_t3}{pVB3V9rcTUWO-cgIIcYX3A}{127.0.0.1}{127.0.0.1:9660}[mode=>network]
[2016-03-30 14:02:04,025][TRACE][org.elasticsearch.discovery.zen.ping.unicast] [node_t3] [1] received response from {node_t3}{pVB3V9rcTUWO-cgIIcYX3A}{127.0.0.1}{127.0.0.1:9660}[mode=>network]: [ping_response{node [{node_t1}{lk7U_niVSKyTWpmVoV3sIA}{127.0.0.1}{127.0.0.1:9661}[mode=>network]], id[921], master [null], hasJoinedOnce [true], cluster_name[TEST-CHILD_VM=[2]-CLUSTER_SEED=[2858301384796425155]-HASH=[462C14F99751D]-cluster]}, ping_response{node [{node_t3}{pVB3V9rcTUWO-cgIIcYX3A}{127.0.0.1}{127.0.0.1:9660}[mode=>network]], id[926], master [null], hasJoinedOnce [false], cluster_name[TEST-CHILD_VM=[2]-CLUSTER_SEED=[2858301384796425155]-HASH=[462C14F99751D]-cluster]}, ping_response{node [{node_t3}{pVB3V9rcTUWO-cgIIcYX3A}{127.0.0.1}{127.0.0.1:9660}[mode=>network]], id[926], master [null], hasJoinedOnce [false], cluster_name[TEST-CHILD_VM=[2]-CLUSTER_SEED=[2858301384796425155]-HASH=[462C14F99751D]-cluster]}, ping_response{node [{node_t3}{pVB3V9rcTUWO-cgIIcYX3A}{127.0.0.1}{127.0.0.1:9660}[mode=>network]], id[926], master [null], hasJoinedOnce [false], cluster_name[TEST-CHILD_VM=[2]-CLUSTER_SEED=[2858301384796425155]-HASH=[462C14F99751D]-cluster]}, ping_response{node [{node_t1}{lk7U_niVSKyTWpmVoV3sIA}{127.0.0.1}{127.0.0.1:9661}[mode=>network]], id[933], master [null], hasJoinedOnce [true], cluster_name[TEST-CHILD_VM=[2]-CLUSTER_SEED=[2858301384796425155]-HASH=[462C14F99751D]-cluster]}, ping_response{node [{node_t1}{lk7U_niVSKyTWpmVoV3sIA}{127.0.0.1}{127.0.0.1:9661}[mode=>network]], id[933], master [null], hasJoinedOnce [true], cluster_name[TEST-CHILD_VM=[2]-CLUSTER_SEED=[2858301384796425155]-HASH=[462C14F99751D]-cluster]}, ping_response{node [{node_t1}{lk7U_niVSKyTWpmVoV3sIA}{127.0.0.1}{127.0.0.1:9661}[mode=>network]], id[933], master [null], hasJoinedOnce [true], cluster_name[TEST-CHILD_VM=[2]-CLUSTER_SEED=[2858301384796425155]-HASH=[462C14F99751D]-cluster]}, ping_response{node [{node_t3}{pVB3V9rcTUWO-cgIIcYX3A}{127.0.0.1}{127.0.0.1:9660}[mode=>network]], id[940], master [null], hasJoinedOnce [false], cluster_name[TEST-CHILD_VM=[2]-CLUSTER_SEED=[2858301384796425155]-HASH=[462C14F99751D]-cluster]}, ping_response{node [{node_t3}{pVB3V9rcTUWO-cgIIcYX3A}{127.0.0.1}{127.0.0.1:9660}[mode=>network]], id[941], master [null], hasJoinedOnce [false], cluster_name[TEST-CHILD_VM=[2]-CLUSTER_SEED=[2858301384796425155]-HASH=[462C14F99751D]-cluster]}]
[2016-03-30 14:02:04,025][TRACE][org.elasticsearch.discovery.zen.ping.unicast] [node_t3] [1] sending to {#zen_unicast_2#}{127.0.0.1}{127.0.0.1:9661}
[2016-03-30 14:02:04,026][TRACE][org.elasticsearch.discovery.zen.ping.unicast] [node_t3] [1] sending to {#zen_unicast_6#}{::1}{[::1]:9660}
[2016-03-30 14:02:04,026][TRACE][org.elasticsearch.discovery.zen.ping.unicast] [node_t3] [1] connecting (light) to {#zen_unicast_3#}{127.0.0.1}{127.0.0.1:9662}
[2016-03-30 14:02:04,026][TRACE][org.elasticsearch.discovery.zen.ping.unicast] [node_t3] [1] sending to {#zen_unicast_7#}{::1}{[::1]:9661}
[2016-03-30 14:02:04,026][TRACE][org.elasticsearch.discovery.zen.ping.unicast] [node_t3] [1] connecting (light) to {#zen_unicast_5#}{127.0.0.1}{127.0.0.1:9664}
[2016-03-30 14:02:04,026][TRACE][org.elasticsearch.discovery.zen.ping.unicast] [node_t3] [1] connecting (light) to {#zen_unicast_8#}{::1}{[::1]:9662}
[2016-03-30 14:02:04,026][TRACE][org.elasticsearch.discovery.zen.ping.unicast] [node_t3] replacing {node_t1}{lk7U_niVSKyTWpmVoV3sIA}{127.0.0.1}{127.0.0.1:9661}[mode=>network] with temp node {#zen_unicast_12_lk7U_niVSKyTWpmVoV3sIA#}{127.0.0.1}{127.0.0.1:9661}[mode=>network]
[2016-03-30 14:02:04,026][TRACE][org.elasticsearch.discovery.zen.ping.unicast] [node_t3] [1] connecting (light) to {#zen_unicast_4#}{127.0.0.1}{127.0.0.1:9663}
[2016-03-30 14:02:04,026][TRACE][org.elasticsearch.discovery.zen.ping.unicast] [node_t3] [1] connecting (light) to {#zen_unicast_12_lk7U_niVSKyTWpmVoV3sIA#}{127.0.0.1}{127.0.0.1:9661}[mode=>network]
[2016-03-30 14:02:04,026][TRACE][org.elasticsearch.discovery.zen.ping.unicast] [node_t3] [1] sending to {node_t3}{pVB3V9rcTUWO-cgIIcYX3A}{127.0.0.1}{127.0.0.1:9660}[mode=>network]
[2016-03-30 14:02:04,026][TRACE][org.elasticsearch.discovery.zen.ping.unicast] [node_t3] [1] connecting (light) to {#zen_unicast_10#}{::1}{[::1]:9664}
[2016-03-30 14:02:04,026][TRACE][org.elasticsearch.discovery.zen.ping.unicast] [node_t3] [1] failed to connect to {#zen_unicast_3#}{127.0.0.1}{127.0.0.1:9662}
ConnectTransportException[[][127.0.0.1:9662] connect_timeout[30s]]; nested: ConnectException[Connection refused: /127.0.0.1:9662];
	at org.elasticsearch.transport.netty.NettyTransport.connectToChannelsLight(NettyTransport.java:948)
	at org.elasticsearch.transport.netty.NettyTransport.connectToNode(NettyTransport.java:912)
	at org.elasticsearch.transport.netty.NettyTransport.connectToNodeLight(NettyTransport.java:884)
	at org.elasticsearch.test.transport.MockTransportService$LookupTestTransport.connectToNodeLight(MockTransportService.java:412)
	at org.elasticsearch.transport.TransportService.connectToNodeLight(TransportService.java:250)
	at org.elasticsearch.discovery.zen.ping.unicast.UnicastZenPing$3.run(UnicastZenPing.java:395)
	at java.util.concurrent.ThreadPoolExecutor.runWorker(ThreadPoolExecutor.java:1142)
	at java.util.concurrent.ThreadPoolExecutor$Worker.run(ThreadPoolExecutor.java:617)
	at java.lang.Thread.run(Thread.java:745)
Caused by: java.net.ConnectException: Connection refused: /127.0.0.1:9662
	at sun.nio.ch.SocketChannelImpl.checkConnect(Native Method)
	at sun.nio.ch.SocketChannelImpl.finishConnect(SocketChannelImpl.java:717)
	at org.jboss.netty.channel.socket.nio.NioClientBoss.connect(NioClientBoss.java:152)
	at org.jboss.netty.channel.socket.nio.NioClientBoss.processSelectedKeys(NioClientBoss.java:105)
	at org.jboss.netty.channel.socket.nio.NioClientBoss.process(NioClientBoss.java:79)
	at org.jboss.netty.channel.socket.nio.AbstractNioSelector.run(AbstractNioSelector.java:337)
	at org.jboss.netty.channel.socket.nio.NioClientBoss.run(NioClientBoss.java:42)
	at org.jboss.netty.util.ThreadRenamingRunnable.run(ThreadRenamingRunnable.java:108)
	at org.jboss.netty.util.internal.DeadLockProofWorker$1.run(DeadLockProofWorker.java:42)
	... 3 more
[2016-03-30 14:02:04,026][TRACE][org.elasticsearch.discovery.zen.ping.unicast] [node_t3] [1] connecting (light) to {#zen_unicast_9#}{::1}{[::1]:9663}
[2016-03-30 14:02:04,027][TRACE][org.elasticsearch.discovery.zen.ping.unicast] [node_t3] [1] received response from {#zen_unicast_6#}{::1}{[::1]:9660}: [ping_response{node [{node_t1}{lk7U_niVSKyTWpmVoV3sIA}{127.0.0.1}{127.0.0.1:9661}[mode=>network]], id[921], master [null], hasJoinedOnce [true], cluster_name[TEST-CHILD_VM=[2]-CLUSTER_SEED=[2858301384796425155]-HASH=[462C14F99751D]-cluster]}, ping_response{node [{node_t3}{pVB3V9rcTUWO-cgIIcYX3A}{127.0.0.1}{127.0.0.1:9660}[mode=>network]], id[926], master [null], hasJoinedOnce [false], cluster_name[TEST-CHILD_VM=[2]-CLUSTER_SEED=[2858301384796425155]-HASH=[462C14F99751D]-cluster]}, ping_response{node [{node_t3}{pVB3V9rcTUWO-cgIIcYX3A}{127.0.0.1}{127.0.0.1:9660}[mode=>network]], id[926], master [null], hasJoinedOnce [false], cluster_name[TEST-CHILD_VM=[2]-CLUSTER_SEED=[2858301384796425155]-HASH=[462C14F99751D]-cluster]}, ping_response{node [{node_t3}{pVB3V9rcTUWO-cgIIcYX3A}{127.0.0.1}{127.0.0.1:9660}[mode=>network]], id[926], master [null], hasJoinedOnce [false], cluster_name[TEST-CHILD_VM=[2]-CLUSTER_SEED=[2858301384796425155]-HASH=[462C14F99751D]-cluster]}, ping_response{node [{node_t1}{lk7U_niVSKyTWpmVoV3sIA}{127.0.0.1}{127.0.0.1:9661}[mode=>network]], id[933], master [null], hasJoinedOnce [true], cluster_name[TEST-CHILD_VM=[2]-CLUSTER_SEED=[2858301384796425155]-HASH=[462C14F99751D]-cluster]}, ping_response{node [{node_t1}{lk7U_niVSKyTWpmVoV3sIA}{127.0.0.1}{127.0.0.1:9661}[mode=>network]], id[933], master [null], hasJoinedOnce [true], cluster_name[TEST-CHILD_VM=[2]-CLUSTER_SEED=[2858301384796425155]-HASH=[462C14F99751D]-cluster]}, ping_response{node [{node_t1}{lk7U_niVSKyTWpmVoV3sIA}{127.0.0.1}{127.0.0.1:9661}[mode=>network]], id[933], master [null], hasJoinedOnce [true], cluster_name[TEST-CHILD_VM=[2]-CLUSTER_SEED=[2858301384796425155]-HASH=[462C14F99751D]-cluster]}, ping_response{node [{node_t3}{pVB3V9rcTUWO-cgIIcYX3A}{127.0.0.1}{127.0.0.1:9660}[mode=>network]], id[940], master [null], hasJoinedOnce [false], cluster_name[TEST-CHILD_VM=[2]-CLUSTER_SEED=[2858301384796425155]-HASH=[462C14F99751D]-cluster]}, ping_response{node [{node_t3}{pVB3V9rcTUWO-cgIIcYX3A}{127.0.0.1}{127.0.0.1:9660}[mode=>network]], id[940], master [null], hasJoinedOnce [false], cluster_name[TEST-CHILD_VM=[2]-CLUSTER_SEED=[2858301384796425155]-HASH=[462C14F99751D]-cluster]}, ping_response{node [{node_t3}{pVB3V9rcTUWO-cgIIcYX3A}{127.0.0.1}{127.0.0.1:9660}[mode=>network]], id[943], master [null], hasJoinedOnce [false], cluster_name[TEST-CHILD_VM=[2]-CLUSTER_SEED=[2858301384796425155]-HASH=[462C14F99751D]-cluster]}]
[2016-03-30 14:02:04,026][TRACE][org.elasticsearch.discovery.zen.ping.unicast] [node_t3] [1] received response from {node_t3}{pVB3V9rcTUWO-cgIIcYX3A}{127.0.0.1}{127.0.0.1:9660}[mode=>network]: [ping_response{node [{node_t1}{lk7U_niVSKyTWpmVoV3sIA}{127.0.0.1}{127.0.0.1:9661}[mode=>network]], id[921], master [null], hasJoinedOnce [true], cluster_name[TEST-CHILD_VM=[2]-CLUSTER_SEED=[2858301384796425155]-HASH=[462C14F99751D]-cluster]}, ping_response{node [{node_t3}{pVB3V9rcTUWO-cgIIcYX3A}{127.0.0.1}{127.0.0.1:9660}[mode=>network]], id[926], master [null], hasJoinedOnce [false], cluster_name[TEST-CHILD_VM=[2]-CLUSTER_SEED=[2858301384796425155]-HASH=[462C14F99751D]-cluster]}, ping_response{node [{node_t3}{pVB3V9rcTUWO-cgIIcYX3A}{127.0.0.1}{127.0.0.1:9660}[mode=>network]], id[926], master [null], hasJoinedOnce [false], cluster_name[TEST-CHILD_VM=[2]-CLUSTER_SEED=[2858301384796425155]-HASH=[462C14F99751D]-cluster]}, ping_response{node [{node_t3}{pVB3V9rcTUWO-cgIIcYX3A}{127.0.0.1}{127.0.0.1:9660}[mode=>network]], id[926], master [null], hasJoinedOnce [false], cluster_name[TEST-CHILD_VM=[2]-CLUSTER_SEED=[2858301384796425155]-HASH=[462C14F99751D]-cluster]}, ping_response{node [{node_t1}{lk7U_niVSKyTWpmVoV3sIA}{127.0.0.1}{127.0.0.1:9661}[mode=>network]], id[933], master [null], hasJoinedOnce [true], cluster_name[TEST-CHILD_VM=[2]-CLUSTER_SEED=[2858301384796425155]-HASH=[462C14F99751D]-cluster]}, ping_response{node [{node_t1}{lk7U_niVSKyTWpmVoV3sIA}{127.0.0.1}{127.0.0.1:9661}[mode=>network]], id[933], master [null], hasJoinedOnce [true], cluster_name[TEST-CHILD_VM=[2]-CLUSTER_SEED=[2858301384796425155]-HASH=[462C14F99751D]-cluster]}, ping_response{node [{node_t1}{lk7U_niVSKyTWpmVoV3sIA}{127.0.0.1}{127.0.0.1:9661}[mode=>network]], id[933], master [null], hasJoinedOnce [true], cluster_name[TEST-CHILD_VM=[2]-CLUSTER_SEED=[2858301384796425155]-HASH=[462C14F99751D]-cluster]}, ping_response{node [{node_t3}{pVB3V9rcTUWO-cgIIcYX3A}{127.0.0.1}{127.0.0.1:9660}[mode=>network]], id[940], master [null], hasJoinedOnce [false], cluster_name[TEST-CHILD_VM=[2]-CLUSTER_SEED=[2858301384796425155]-HASH=[462C14F99751D]-cluster]}, ping_response{node [{node_t3}{pVB3V9rcTUWO-cgIIcYX3A}{127.0.0.1}{127.0.0.1:9660}[mode=>network]], id[940], master [null], hasJoinedOnce [false], cluster_name[TEST-CHILD_VM=[2]-CLUSTER_SEED=[2858301384796425155]-HASH=[462C14F99751D]-cluster]}, ping_response{node [{node_t3}{pVB3V9rcTUWO-cgIIcYX3A}{127.0.0.1}{127.0.0.1:9660}[mode=>network]], id[940], master [null], hasJoinedOnce [false], cluster_name[TEST-CHILD_VM=[2]-CLUSTER_SEED=[2858301384796425155]-HASH=[462C14F99751D]-cluster]}, ping_response{node [{node_t3}{pVB3V9rcTUWO-cgIIcYX3A}{127.0.0.1}{127.0.0.1:9660}[mode=>network]], id[944], master [null], hasJoinedOnce [false], cluster_name[TEST-CHILD_VM=[2]-CLUSTER_SEED=[2858301384796425155]-HASH=[462C14F99751D]-cluster]}]
[2016-03-30 14:02:04,027][TRACE][org.elasticsearch.discovery.zen.ping.unicast] [node_t3] [1] failed to connect to {#zen_unicast_10#}{::1}{[::1]:9664}
ConnectTransportException[[][[::1]:9664] connect_timeout[30s]]; nested: ConnectException[Connection refused: /0:0:0:0:0:0:0:1:9664];
	at org.elasticsearch.transport.netty.NettyTransport.connectToChannelsLight(NettyTransport.java:948)
	at org.elasticsearch.transport.netty.NettyTransport.connectToNode(NettyTransport.java:912)
	at org.elasticsearch.transport.netty.NettyTransport.connectToNodeLight(NettyTransport.java:884)
	at org.elasticsearch.test.transport.MockTransportService$LookupTestTransport.connectToNodeLight(MockTransportService.java:412)
	at org.elasticsearch.transport.TransportService.connectToNodeLight(TransportService.java:250)
	at org.elasticsearch.discovery.zen.ping.unicast.UnicastZenPing$3.run(UnicastZenPing.java:395)
	at java.util.concurrent.ThreadPoolExecutor.runWorker(ThreadPoolExecutor.java:1142)
	at java.util.concurrent.ThreadPoolExecutor$Worker.run(ThreadPoolExecutor.java:617)
	at java.lang.Thread.run(Thread.java:745)
Caused by: java.net.ConnectException: Connection refused: /0:0:0:0:0:0:0:1:9664
	at sun.nio.ch.SocketChannelImpl.checkConnect(Native Method)
	at sun.nio.ch.SocketChannelImpl.finishConnect(SocketChannelImpl.java:717)
	at org.jboss.netty.channel.socket.nio.NioClientBoss.connect(NioClientBoss.java:152)
	at org.jboss.netty.channel.socket.nio.NioClientBoss.processSelectedKeys(NioClientBoss.java:105)
	at org.jboss.netty.channel.socket.nio.NioClientBoss.process(NioClientBoss.java:79)
	at org.jboss.netty.channel.socket.nio.AbstractNioSelector.run(AbstractNioSelector.java:337)
	at org.jboss.netty.channel.socket.nio.NioClientBoss.run(NioClientBoss.java:42)
	at org.jboss.netty.util.ThreadRenamingRunnable.run(ThreadRenamingRunnable.java:108)
	at org.jboss.netty.util.internal.DeadLockProofWorker$1.run(DeadLockProofWorker.java:42)
	... 3 more
[2016-03-30 14:02:04,027][TRACE][org.elasticsearch.discovery.zen.ping.unicast] [node_t3] [1] failed to connect to {#zen_unicast_4#}{127.0.0.1}{127.0.0.1:9663}
ConnectTransportException[[][127.0.0.1:9663] connect_timeout[30s]]; nested: ConnectException[Connection refused: /127.0.0.1:9663];
	at org.elasticsearch.transport.netty.NettyTransport.connectToChannelsLight(NettyTransport.java:948)
	at org.elasticsearch.transport.netty.NettyTransport.connectToNode(NettyTransport.java:912)
	at org.elasticsearch.transport.netty.NettyTransport.connectToNodeLight(NettyTransport.java:884)
	at org.elasticsearch.test.transport.MockTransportService$LookupTestTransport.connectToNodeLight(MockTransportService.java:412)
	at org.elasticsearch.transport.TransportService.connectToNodeLight(TransportService.java:250)
	at org.elasticsearch.discovery.zen.ping.unicast.UnicastZenPing$3.run(UnicastZenPing.java:395)
	at java.util.concurrent.ThreadPoolExecutor.runWorker(ThreadPoolExecutor.java:1142)
	at java.util.concurrent.ThreadPoolExecutor$Worker.run(ThreadPoolExecutor.java:617)
	at java.lang.Thread.run(Thread.java:745)
Caused by: java.net.ConnectException: Connection refused: /127.0.0.1:9663
	at sun.nio.ch.SocketChannelImpl.checkConnect(Native Method)
	at sun.nio.ch.SocketChannelImpl.finishConnect(SocketChannelImpl.java:717)
	at org.jboss.netty.channel.socket.nio.NioClientBoss.connect(NioClientBoss.java:152)
	at org.jboss.netty.channel.socket.nio.NioClientBoss.processSelectedKeys(NioClientBoss.java:105)
	at org.jboss.netty.channel.socket.nio.NioClientBoss.process(NioClientBoss.java:79)
	at org.jboss.netty.channel.socket.nio.AbstractNioSelector.run(AbstractNioSelector.java:337)
	at org.jboss.netty.channel.socket.nio.NioClientBoss.run(NioClientBoss.java:42)
	at org.jboss.netty.util.ThreadRenamingRunnable.run(ThreadRenamingRunnable.java:108)
	at org.jboss.netty.util.internal.DeadLockProofWorker$1.run(DeadLockProofWorker.java:42)
	... 3 more
[2016-03-30 14:02:04,027][TRACE][org.elasticsearch.discovery.zen.ping.unicast] [node_t3] [1] connected to {node_t1}{lk7U_niVSKyTWpmVoV3sIA}{127.0.0.1}{127.0.0.1:9661}[mode=>network]
[2016-03-30 14:02:04,027][TRACE][org.elasticsearch.discovery.zen.ping.unicast] [node_t3] [1] failed to connect to {#zen_unicast_8#}{::1}{[::1]:9662}
ConnectTransportException[[][[::1]:9662] connect_timeout[30s]]; nested: ConnectException[Connection refused: /0:0:0:0:0:0:0:1:9662];
	at org.elasticsearch.transport.netty.NettyTransport.connectToChannelsLight(NettyTransport.java:948)
	at org.elasticsearch.transport.netty.NettyTransport.connectToNode(NettyTransport.java:912)
	at org.elasticsearch.transport.netty.NettyTransport.connectToNodeLight(NettyTransport.java:884)
	at org.elasticsearch.test.transport.MockTransportService$LookupTestTransport.connectToNodeLight(MockTransportService.java:412)
	at org.elasticsearch.transport.TransportService.connectToNodeLight(TransportService.java:250)
	at org.elasticsearch.discovery.zen.ping.unicast.UnicastZenPing$3.run(UnicastZenPing.java:395)
	at java.util.concurrent.ThreadPoolExecutor.runWorker(ThreadPoolExecutor.java:1142)
	at java.util.concurrent.ThreadPoolExecutor$Worker.run(ThreadPoolExecutor.java:617)
	at java.lang.Thread.run(Thread.java:745)
Caused by: java.net.ConnectException: Connection refused: /0:0:0:0:0:0:0:1:9662
	at sun.nio.ch.SocketChannelImpl.checkConnect(Native Method)
	at sun.nio.ch.SocketChannelImpl.finishConnect(SocketChannelImpl.java:717)
	at org.jboss.netty.channel.socket.nio.NioClientBoss.connect(NioClientBoss.java:152)
	at org.jboss.netty.channel.socket.nio.NioClientBoss.processSelectedKeys(NioClientBoss.java:105)
	at org.jboss.netty.channel.socket.nio.NioClientBoss.process(NioClientBoss.java:79)
	at org.jboss.netty.channel.socket.nio.AbstractNioSelector.run(AbstractNioSelector.java:337)
	at org.jboss.netty.channel.socket.nio.NioClientBoss.run(NioClientBoss.java:42)
	at org.jboss.netty.util.ThreadRenamingRunnable.run(ThreadRenamingRunnable.java:108)
	at org.jboss.netty.util.internal.DeadLockProofWorker$1.run(DeadLockProofWorker.java:42)
	... 3 more
[2016-03-30 14:02:04,027][TRACE][org.elasticsearch.discovery.zen.ping.unicast] [node_t3] [1] failed to connect to {#zen_unicast_5#}{127.0.0.1}{127.0.0.1:9664}
ConnectTransportException[[][127.0.0.1:9664] connect_timeout[30s]]; nested: ConnectException[Connection refused: /127.0.0.1:9664];
	at org.elasticsearch.transport.netty.NettyTransport.connectToChannelsLight(NettyTransport.java:948)
	at org.elasticsearch.transport.netty.NettyTransport.connectToNode(NettyTransport.java:912)
	at org.elasticsearch.transport.netty.NettyTransport.connectToNodeLight(NettyTransport.java:884)
	at org.elasticsearch.test.transport.MockTransportService$LookupTestTransport.connectToNodeLight(MockTransportService.java:412)
	at org.elasticsearch.transport.TransportService.connectToNodeLight(TransportService.java:250)
	at org.elasticsearch.discovery.zen.ping.unicast.UnicastZenPing$3.run(UnicastZenPing.java:395)
	at java.util.concurrent.ThreadPoolExecutor.runWorker(ThreadPoolExecutor.java:1142)
	at java.util.concurrent.ThreadPoolExecutor$Worker.run(ThreadPoolExecutor.java:617)
	at java.lang.Thread.run(Thread.java:745)
Caused by: java.net.ConnectException: Connection refused: /127.0.0.1:9664
	at sun.nio.ch.SocketChannelImpl.checkConnect(Native Method)
	at sun.nio.ch.SocketChannelImpl.finishConnect(SocketChannelImpl.java:717)
	at org.jboss.netty.channel.socket.nio.NioClientBoss.connect(NioClientBoss.java:152)
	at org.jboss.netty.channel.socket.nio.NioClientBoss.processSelectedKeys(NioClientBoss.java:105)
	at org.jboss.netty.channel.socket.nio.NioClientBoss.process(NioClientBoss.java:79)
	at org.jboss.netty.channel.socket.nio.AbstractNioSelector.run(AbstractNioSelector.java:337)
	at org.jboss.netty.channel.socket.nio.NioClientBoss.run(NioClientBoss.java:42)
	at org.jboss.netty.util.ThreadRenamingRunnable.run(ThreadRenamingRunnable.java:108)
	at org.jboss.netty.util.internal.DeadLockProofWorker$1.run(DeadLockProofWorker.java:42)
	... 3 more
[2016-03-30 14:02:04,041][TRACE][org.elasticsearch.discovery.zen.ping.unicast] [node_t3] [1] sending to {#zen_unicast_12_lk7U_niVSKyTWpmVoV3sIA#}{127.0.0.1}{127.0.0.1:9661}[mode=>network]
[2016-03-30 14:02:04,028][TRACE][org.elasticsearch.discovery.zen.ping.unicast] [node_t3] [1] failed to connect to {#zen_unicast_9#}{::1}{[::1]:9663}
ConnectTransportException[[][[::1]:9663] connect_timeout[30s]]; nested: ConnectException[Connection refused: /0:0:0:0:0:0:0:1:9663];
	at org.elasticsearch.transport.netty.NettyTransport.connectToChannelsLight(NettyTransport.java:948)
	at org.elasticsearch.transport.netty.NettyTransport.connectToNode(NettyTransport.java:912)
	at org.elasticsearch.transport.netty.NettyTransport.connectToNodeLight(NettyTransport.java:884)
	at org.elasticsearch.test.transport.MockTransportService$LookupTestTransport.connectToNodeLight(MockTransportService.java:412)
	at org.elasticsearch.transport.TransportService.connectToNodeLight(TransportService.java:250)
	at org.elasticsearch.discovery.zen.ping.unicast.UnicastZenPing$3.run(UnicastZenPing.java:395)
	at java.util.concurrent.ThreadPoolExecutor.runWorker(ThreadPoolExecutor.java:1142)
	at java.util.concurrent.ThreadPoolExecutor$Worker.run(ThreadPoolExecutor.java:617)
	at java.lang.Thread.run(Thread.java:745)
Caused by: java.net.ConnectException: Connection refused: /0:0:0:0:0:0:0:1:9663
	at sun.nio.ch.SocketChannelImpl.checkConnect(Native Method)
	at sun.nio.ch.SocketChannelImpl.finishConnect(SocketChannelImpl.java:717)
	at org.jboss.netty.channel.socket.nio.NioClientBoss.connect(NioClientBoss.java:152)
	at org.jboss.netty.channel.socket.nio.NioClientBoss.processSelectedKeys(NioClientBoss.java:105)
	at org.jboss.netty.channel.socket.nio.NioClientBoss.process(NioClientBoss.java:79)
	at org.jboss.netty.channel.socket.nio.AbstractNioSelector.run(AbstractNioSelector.java:337)
	at org.jboss.netty.channel.socket.nio.NioClientBoss.run(NioClientBoss.java:42)
	at org.jboss.netty.util.ThreadRenamingRunnable.run(ThreadRenamingRunnable.java:108)
	at org.jboss.netty.util.internal.DeadLockProofWorker$1.run(DeadLockProofWorker.java:42)
	... 3 more
[2016-03-30 14:02:04,028][TRACE][org.elasticsearch.discovery.zen.ping.unicast] [node_t3] [1] received response from {#zen_unicast_7#}{::1}{[::1]:9661}: [ping_response{node [{node_t1}{lk7U_niVSKyTWpmVoV3sIA}{127.0.0.1}{127.0.0.1:9661}[mode=>network]], id[905], master [null], hasJoinedOnce [true], cluster_name[TEST-CHILD_VM=[2]-CLUSTER_SEED=[2858301384796425155]-HASH=[462C14F99751D]-cluster]}, ping_response{node [{node_t1}{lk7U_niVSKyTWpmVoV3sIA}{127.0.0.1}{127.0.0.1:9661}[mode=>network]], id[905], master [null], hasJoinedOnce [true], cluster_name[TEST-CHILD_VM=[2]-CLUSTER_SEED=[2858301384796425155]-HASH=[462C14F99751D]-cluster]}, ping_response{node [{node_t1}{lk7U_niVSKyTWpmVoV3sIA}{127.0.0.1}{127.0.0.1:9661}[mode=>network]], id[905], master [null], hasJoinedOnce [true], cluster_name[TEST-CHILD_VM=[2]-CLUSTER_SEED=[2858301384796425155]-HASH=[462C14F99751D]-cluster]}, ping_response{node [{node_t1}{lk7U_niVSKyTWpmVoV3sIA}{127.0.0.1}{127.0.0.1:9661}[mode=>network]], id[909], master [null], hasJoinedOnce [true], cluster_name[TEST-CHILD_VM=[2]-CLUSTER_SEED=[2858301384796425155]-HASH=[462C14F99751D]-cluster]}, ping_response{node [{node_t1}{lk7U_niVSKyTWpmVoV3sIA}{127.0.0.1}{127.0.0.1:9661}[mode=>network]], id[909], master [null], hasJoinedOnce [true], cluster_name[TEST-CHILD_VM=[2]-CLUSTER_SEED=[2858301384796425155]-HASH=[462C14F99751D]-cluster]}, ping_response{node [{node_t1}{lk7U_niVSKyTWpmVoV3sIA}{127.0.0.1}{127.0.0.1:9661}[mode=>network]], id[909], master [null], hasJoinedOnce [true], cluster_name[TEST-CHILD_VM=[2]-CLUSTER_SEED=[2858301384796425155]-HASH=[462C14F99751D]-cluster]}, ping_response{node [{node_t1}{lk7U_niVSKyTWpmVoV3sIA}{127.0.0.1}{127.0.0.1:9661}[mode=>network]], id[913], master [null], hasJoinedOnce [true], cluster_name[TEST-CHILD_VM=[2]-CLUSTER_SEED=[2858301384796425155]-HASH=[462C14F99751D]-cluster]}, ping_response{node [{node_t1}{lk7U_niVSKyTWpmVoV3sIA}{127.0.0.1}{127.0.0.1:9661}[mode=>network]], id[913], master [null], hasJoinedOnce [true], cluster_name[TEST-CHILD_VM=[2]-CLUSTER_SEED=[2858301384796425155]-HASH=[462C14F99751D]-cluster]}, ping_response{node [{node_t1}{lk7U_niVSKyTWpmVoV3sIA}{127.0.0.1}{127.0.0.1:9661}[mode=>network]], id[913], master [null], hasJoinedOnce [true], cluster_name[TEST-CHILD_VM=[2]-CLUSTER_SEED=[2858301384796425155]-HASH=[462C14F99751D]-cluster]}, ping_response{node [{node_t1}{lk7U_niVSKyTWpmVoV3sIA}{127.0.0.1}{127.0.0.1:9661}[mode=>network]], id[917], master [null], hasJoinedOnce [true], cluster_name[TEST-CHILD_VM=[2]-CLUSTER_SEED=[2858301384796425155]-HASH=[462C14F99751D]-cluster]}, ping_response{node [{node_t1}{lk7U_niVSKyTWpmVoV3sIA}{127.0.0.1}{127.0.0.1:9661}[mode=>network]], id[917], master [null], hasJoinedOnce [true], cluster_name[TEST-CHILD_VM=[2]-CLUSTER_SEED=[2858301384796425155]-HASH=[462C14F99751D]-cluster]}, ping_response{node [{node_t1}{lk7U_niVSKyTWpmVoV3sIA}{127.0.0.1}{127.0.0.1:9661}[mode=>network]], id[917], master [null], hasJoinedOnce [true], cluster_name[TEST-CHILD_VM=[2]-CLUSTER_SEED=[2858301384796425155]-HASH=[462C14F99751D]-cluster]}, ping_response{node [{node_t1}{lk7U_niVSKyTWpmVoV3sIA}{127.0.0.1}{127.0.0.1:9661}[mode=>network]], id[921], master [null], hasJoinedOnce [true], cluster_name[TEST-CHILD_VM=[2]-CLUSTER_SEED=[2858301384796425155]-HASH=[462C14F99751D]-cluster]}, ping_response{node [{node_t1}{lk7U_niVSKyTWpmVoV3sIA}{127.0.0.1}{127.0.0.1:9661}[mode=>network]], id[921], master [null], hasJoinedOnce [true], cluster_name[TEST-CHILD_VM=[2]-CLUSTER_SEED=[2858301384796425155]-HASH=[462C14F99751D]-cluster]}, ping_response{node [{node_t1}{lk7U_niVSKyTWpmVoV3sIA}{127.0.0.1}{127.0.0.1:9661}[mode=>network]], id[921], master [null], hasJoinedOnce [true], cluster_name[TEST-CHILD_VM=[2]-CLUSTER_SEED=[2858301384796425155]-HASH=[462C14F99751D]-cluster]}, ping_response{node [{node_t3}{pVB3V9rcTUWO-cgIIcYX3A}{127.0.0.1}{127.0.0.1:9660}[mode=>network]], id[926], master [null], hasJoinedOnce [false], cluster_name[TEST-CHILD_VM=[2]-CLUSTER_SEED=[2858301384796425155]-HASH=[462C14F99751D]-cluster]}, ping_response{node [{node_t3}{pVB3V9rcTUWO-cgIIcYX3A}{127.0.0.1}{127.0.0.1:9660}[mode=>network]], id[926], master [null], hasJoinedOnce [false], cluster_name[TEST-CHILD_VM=[2]-CLUSTER_SEED=[2858301384796425155]-HASH=[462C14F99751D]-cluster]}, ping_response{node [{node_t3}{pVB3V9rcTUWO-cgIIcYX3A}{127.0.0.1}{127.0.0.1:9660}[mode=>network]], id[926], master [null], hasJoinedOnce [false], cluster_name[TEST-CHILD_VM=[2]-CLUSTER_SEED=[2858301384796425155]-HASH=[462C14F99751D]-cluster]}, ping_response{node [{node_t1}{lk7U_niVSKyTWpmVoV3sIA}{127.0.0.1}{127.0.0.1:9661}[mode=>network]], id[933], master [null], hasJoinedOnce [true], cluster_name[TEST-CHILD_VM=[2]-CLUSTER_SEED=[2858301384796425155]-HASH=[462C14F99751D]-cluster]}, ping_response{node [{node_t1}{lk7U_niVSKyTWpmVoV3sIA}{127.0.0.1}{127.0.0.1:9661}[mode=>network]], id[933], master [null], hasJoinedOnce [true], cluster_name[TEST-CHILD_VM=[2]-CLUSTER_SEED=[2858301384796425155]-HASH=[462C14F99751D]-cluster]}, ping_response{node [{node_t1}{lk7U_niVSKyTWpmVoV3sIA}{127.0.0.1}{127.0.0.1:9661}[mode=>network]], id[933], master [null], hasJoinedOnce [true], cluster_name[TEST-CHILD_VM=[2]-CLUSTER_SEED=[2858301384796425155]-HASH=[462C14F99751D]-cluster]}, ping_response{node [{node_t3}{pVB3V9rcTUWO-cgIIcYX3A}{127.0.0.1}{127.0.0.1:9660}[mode=>network]], id[940], master [null], hasJoinedOnce [false], cluster_name[TEST-CHILD_VM=[2]-CLUSTER_SEED=[2858301384796425155]-HASH=[462C14F99751D]-cluster]}, ping_response{node [{node_t3}{pVB3V9rcTUWO-cgIIcYX3A}{127.0.0.1}{127.0.0.1:9660}[mode=>network]], id[940], master [null], hasJoinedOnce [false], cluster_name[TEST-CHILD_VM=[2]-CLUSTER_SEED=[2858301384796425155]-HASH=[462C14F99751D]-cluster]}, ping_response{node [{node_t1}{lk7U_niVSKyTWpmVoV3sIA}{127.0.0.1}{127.0.0.1:9661}[mode=>network]], id[945], master [null], hasJoinedOnce [true], cluster_name[TEST-CHILD_VM=[2]-CLUSTER_SEED=[2858301384796425155]-HASH=[462C14F99751D]-cluster]}]
[2016-03-30 14:02:04,044][TRACE][org.elasticsearch.discovery.zen.ping.unicast] [node_t3] [1] received response from {#zen_unicast_2#}{127.0.0.1}{127.0.0.1:9661}: [ping_response{node [{node_t1}{lk7U_niVSKyTWpmVoV3sIA}{127.0.0.1}{127.0.0.1:9661}[mode=>network]], id[905], master [null], hasJoinedOnce [true], cluster_name[TEST-CHILD_VM=[2]-CLUSTER_SEED=[2858301384796425155]-HASH=[462C14F99751D]-cluster]}, ping_response{node [{node_t1}{lk7U_niVSKyTWpmVoV3sIA}{127.0.0.1}{127.0.0.1:9661}[mode=>network]], id[905], master [null], hasJoinedOnce [true], cluster_name[TEST-CHILD_VM=[2]-CLUSTER_SEED=[2858301384796425155]-HASH=[462C14F99751D]-cluster]}, ping_response{node [{node_t1}{lk7U_niVSKyTWpmVoV3sIA}{127.0.0.1}{127.0.0.1:9661}[mode=>network]], id[905], master [null], hasJoinedOnce [true], cluster_name[TEST-CHILD_VM=[2]-CLUSTER_SEED=[2858301384796425155]-HASH=[462C14F99751D]-cluster]}, ping_response{node [{node_t1}{lk7U_niVSKyTWpmVoV3sIA}{127.0.0.1}{127.0.0.1:9661}[mode=>network]], id[909], master [null], hasJoinedOnce [true], cluster_name[TEST-CHILD_VM=[2]-CLUSTER_SEED=[2858301384796425155]-HASH=[462C14F99751D]-cluster]}, ping_response{node [{node_t1}{lk7U_niVSKyTWpmVoV3sIA}{127.0.0.1}{127.0.0.1:9661}[mode=>network]], id[909], master [null], hasJoinedOnce [true], cluster_name[TEST-CHILD_VM=[2]-CLUSTER_SEED=[2858301384796425155]-HASH=[462C14F99751D]-cluster]}, ping_response{node [{node_t1}{lk7U_niVSKyTWpmVoV3sIA}{127.0.0.1}{127.0.0.1:9661}[mode=>network]], id[909], master [null], hasJoinedOnce [true], cluster_name[TEST-CHILD_VM=[2]-CLUSTER_SEED=[2858301384796425155]-HASH=[462C14F99751D]-cluster]}, ping_response{node [{node_t1}{lk7U_niVSKyTWpmVoV3sIA}{127.0.0.1}{127.0.0.1:9661}[mode=>network]], id[913], master [null], hasJoinedOnce [true], cluster_name[TEST-CHILD_VM=[2]-CLUSTER_SEED=[2858301384796425155]-HASH=[462C14F99751D]-cluster]}, ping_response{node [{node_t1}{lk7U_niVSKyTWpmVoV3sIA}{127.0.0.1}{127.0.0.1:9661}[mode=>network]], id[913], master [null], hasJoinedOnce [true], cluster_name[TEST-CHILD_VM=[2]-CLUSTER_SEED=[2858301384796425155]-HASH=[462C14F99751D]-cluster]}, ping_response{node [{node_t1}{lk7U_niVSKyTWpmVoV3sIA}{127.0.0.1}{127.0.0.1:9661}[mode=>network]], id[913], master [null], hasJoinedOnce [true], cluster_name[TEST-CHILD_VM=[2]-CLUSTER_SEED=[2858301384796425155]-HASH=[462C14F99751D]-cluster]}, ping_response{node [{node_t1}{lk7U_niVSKyTWpmVoV3sIA}{127.0.0.1}{127.0.0.1:9661}[mode=>network]], id[917], master [null], hasJoinedOnce [true], cluster_name[TEST-CHILD_VM=[2]-CLUSTER_SEED=[2858301384796425155]-HASH=[462C14F99751D]-cluster]}, ping_response{node [{node_t1}{lk7U_niVSKyTWpmVoV3sIA}{127.0.0.1}{127.0.0.1:9661}[mode=>network]], id[917], master [null], hasJoinedOnce [true], cluster_name[TEST-CHILD_VM=[2]-CLUSTER_SEED=[2858301384796425155]-HASH=[462C14F99751D]-cluster]}, ping_response{node [{node_t1}{lk7U_niVSKyTWpmVoV3sIA}{127.0.0.1}{127.0.0.1:9661}[mode=>network]], id[917], master [null], hasJoinedOnce [true], cluster_name[TEST-CHILD_VM=[2]-CLUSTER_SEED=[2858301384796425155]-HASH=[462C14F99751D]-cluster]}, ping_response{node [{node_t1}{lk7U_niVSKyTWpmVoV3sIA}{127.0.0.1}{127.0.0.1:9661}[mode=>network]], id[921], master [null], hasJoinedOnce [true], cluster_name[TEST-CHILD_VM=[2]-CLUSTER_SEED=[2858301384796425155]-HASH=[462C14F99751D]-cluster]}, ping_response{node [{node_t1}{lk7U_niVSKyTWpmVoV3sIA}{127.0.0.1}{127.0.0.1:9661}[mode=>network]], id[921], master [null], hasJoinedOnce [true], cluster_name[TEST-CHILD_VM=[2]-CLUSTER_SEED=[2858301384796425155]-HASH=[462C14F99751D]-cluster]}, ping_response{node [{node_t1}{lk7U_niVSKyTWpmVoV3sIA}{127.0.0.1}{127.0.0.1:9661}[mode=>network]], id[921], master [null], hasJoinedOnce [true], cluster_name[TEST-CHILD_VM=[2]-CLUSTER_SEED=[2858301384796425155]-HASH=[462C14F99751D]-cluster]}, ping_response{node [{node_t3}{pVB3V9rcTUWO-cgIIcYX3A}{127.0.0.1}{127.0.0.1:9660}[mode=>network]], id[926], master [null], hasJoinedOnce [false], cluster_name[TEST-CHILD_VM=[2]-CLUSTER_SEED=[2858301384796425155]-HASH=[462C14F99751D]-cluster]}, ping_response{node [{node_t3}{pVB3V9rcTUWO-cgIIcYX3A}{127.0.0.1}{127.0.0.1:9660}[mode=>network]], id[926], master [null], hasJoinedOnce [false], cluster_name[TEST-CHILD_VM=[2]-CLUSTER_SEED=[2858301384796425155]-HASH=[462C14F99751D]-cluster]}, ping_response{node [{node_t3}{pVB3V9rcTUWO-cgIIcYX3A}{127.0.0.1}{127.0.0.1:9660}[mode=>network]], id[926], master [null], hasJoinedOnce [false], cluster_name[TEST-CHILD_VM=[2]-CLUSTER_SEED=[2858301384796425155]-HASH=[462C14F99751D]-cluster]}, ping_response{node [{node_t1}{lk7U_niVSKyTWpmVoV3sIA}{127.0.0.1}{127.0.0.1:9661}[mode=>network]], id[933], master [null], hasJoinedOnce [true], cluster_name[TEST-CHILD_VM=[2]-CLUSTER_SEED=[2858301384796425155]-HASH=[462C14F99751D]-cluster]}, ping_response{node [{node_t1}{lk7U_niVSKyTWpmVoV3sIA}{127.0.0.1}{127.0.0.1:9661}[mode=>network]], id[933], master [null], hasJoinedOnce [true], cluster_name[TEST-CHILD_VM=[2]-CLUSTER_SEED=[2858301384796425155]-HASH=[462C14F99751D]-cluster]}, ping_response{node [{node_t1}{lk7U_niVSKyTWpmVoV3sIA}{127.0.0.1}{127.0.0.1:9661}[mode=>network]], id[933], master [null], hasJoinedOnce [true], cluster_name[TEST-CHILD_VM=[2]-CLUSTER_SEED=[2858301384796425155]-HASH=[462C14F99751D]-cluster]}, ping_response{node [{node_t3}{pVB3V9rcTUWO-cgIIcYX3A}{127.0.0.1}{127.0.0.1:9660}[mode=>network]], id[940], master [null], hasJoinedOnce [false], cluster_name[TEST-CHILD_VM=[2]-CLUSTER_SEED=[2858301384796425155]-HASH=[462C14F99751D]-cluster]}, ping_response{node [{node_t1}{lk7U_niVSKyTWpmVoV3sIA}{127.0.0.1}{127.0.0.1:9661}[mode=>network]], id[942], master [null], hasJoinedOnce [true], cluster_name[TEST-CHILD_VM=[2]-CLUSTER_SEED=[2858301384796425155]-HASH=[462C14F99751D]-cluster]}]
[2016-03-30 14:02:04,045][TRACE][org.elasticsearch.discovery.zen.ping.unicast] [node_t3] [1] received response from {#zen_unicast_12_lk7U_niVSKyTWpmVoV3sIA#}{127.0.0.1}{127.0.0.1:9661}[mode=>network]: [ping_response{node [{node_t1}{lk7U_niVSKyTWpmVoV3sIA}{127.0.0.1}{127.0.0.1:9661}[mode=>network]], id[905], master [null], hasJoinedOnce [true], cluster_name[TEST-CHILD_VM=[2]-CLUSTER_SEED=[2858301384796425155]-HASH=[462C14F99751D]-cluster]}, ping_response{node [{node_t1}{lk7U_niVSKyTWpmVoV3sIA}{127.0.0.1}{127.0.0.1:9661}[mode=>network]], id[905], master [null], hasJoinedOnce [true], cluster_name[TEST-CHILD_VM=[2]-CLUSTER_SEED=[2858301384796425155]-HASH=[462C14F99751D]-cluster]}, ping_response{node [{node_t1}{lk7U_niVSKyTWpmVoV3sIA}{127.0.0.1}{127.0.0.1:9661}[mode=>network]], id[905], master [null], hasJoinedOnce [true], cluster_name[TEST-CHILD_VM=[2]-CLUSTER_SEED=[2858301384796425155]-HASH=[462C14F99751D]-cluster]}, ping_response{node [{node_t1}{lk7U_niVSKyTWpmVoV3sIA}{127.0.0.1}{127.0.0.1:9661}[mode=>network]], id[909], master [null], hasJoinedOnce [true], cluster_name[TEST-CHILD_VM=[2]-CLUSTER_SEED=[2858301384796425155]-HASH=[462C14F99751D]-cluster]}, ping_response{node [{node_t1}{lk7U_niVSKyTWpmVoV3sIA}{127.0.0.1}{127.0.0.1:9661}[mode=>network]], id[909], master [null], hasJoinedOnce [true], cluster_name[TEST-CHILD_VM=[2]-CLUSTER_SEED=[2858301384796425155]-HASH=[462C14F99751D]-cluster]}, ping_response{node [{node_t1}{lk7U_niVSKyTWpmVoV3sIA}{127.0.0.1}{127.0.0.1:9661}[mode=>network]], id[909], master [null], hasJoinedOnce [true], cluster_name[TEST-CHILD_VM=[2]-CLUSTER_SEED=[2858301384796425155]-HASH=[462C14F99751D]-cluster]}, ping_response{node [{node_t1}{lk7U_niVSKyTWpmVoV3sIA}{127.0.0.1}{127.0.0.1:9661}[mode=>network]], id[913], master [null], hasJoinedOnce [true], cluster_name[TEST-CHILD_VM=[2]-CLUSTER_SEED=[2858301384796425155]-HASH=[462C14F99751D]-cluster]}, ping_response{node [{node_t1}{lk7U_niVSKyTWpmVoV3sIA}{127.0.0.1}{127.0.0.1:9661}[mode=>network]], id[913], master [null], hasJoinedOnce [true], cluster_name[TEST-CHILD_VM=[2]-CLUSTER_SEED=[2858301384796425155]-HASH=[462C14F99751D]-cluster]}, ping_response{node [{node_t1}{lk7U_niVSKyTWpmVoV3sIA}{127.0.0.1}{127.0.0.1:9661}[mode=>network]], id[913], master [null], hasJoinedOnce [true], cluster_name[TEST-CHILD_VM=[2]-CLUSTER_SEED=[2858301384796425155]-HASH=[462C14F99751D]-cluster]}, ping_response{node [{node_t1}{lk7U_niVSKyTWpmVoV3sIA}{127.0.0.1}{127.0.0.1:9661}[mode=>network]], id[917], master [null], hasJoinedOnce [true], cluster_name[TEST-CHILD_VM=[2]-CLUSTER_SEED=[2858301384796425155]-HASH=[462C14F99751D]-cluster]}, ping_response{node [{node_t1}{lk7U_niVSKyTWpmVoV3sIA}{127.0.0.1}{127.0.0.1:9661}[mode=>network]], id[917], master [null], hasJoinedOnce [true], cluster_name[TEST-CHILD_VM=[2]-CLUSTER_SEED=[2858301384796425155]-HASH=[462C14F99751D]-cluster]}, ping_response{node [{node_t1}{lk7U_niVSKyTWpmVoV3sIA}{127.0.0.1}{127.0.0.1:9661}[mode=>network]], id[917], master [null], hasJoinedOnce [true], cluster_name[TEST-CHILD_VM=[2]-CLUSTER_SEED=[2858301384796425155]-HASH=[462C14F99751D]-cluster]}, ping_response{node [{node_t1}{lk7U_niVSKyTWpmVoV3sIA}{127.0.0.1}{127.0.0.1:9661}[mode=>network]], id[921], master [null], hasJoinedOnce [true], cluster_name[TEST-CHILD_VM=[2]-CLUSTER_SEED=[2858301384796425155]-HASH=[462C14F99751D]-cluster]}, ping_response{node [{node_t1}{lk7U_niVSKyTWpmVoV3sIA}{127.0.0.1}{127.0.0.1:9661}[mode=>network]], id[921], master [null], hasJoinedOnce [true], cluster_name[TEST-CHILD_VM=[2]-CLUSTER_SEED=[2858301384796425155]-HASH=[462C14F99751D]-cluster]}, ping_response{node [{node_t1}{lk7U_niVSKyTWpmVoV3sIA}{127.0.0.1}{127.0.0.1:9661}[mode=>network]], id[921], master [null], hasJoinedOnce [true], cluster_name[TEST-CHILD_VM=[2]-CLUSTER_SEED=[2858301384796425155]-HASH=[462C14F99751D]-cluster]}, ping_response{node [{node_t3}{pVB3V9rcTUWO-cgIIcYX3A}{127.0.0.1}{127.0.0.1:9660}[mode=>network]], id[926], master [null], hasJoinedOnce [false], cluster_name[TEST-CHILD_VM=[2]-CLUSTER_SEED=[2858301384796425155]-HASH=[462C14F99751D]-cluster]}, ping_response{node [{node_t3}{pVB3V9rcTUWO-cgIIcYX3A}{127.0.0.1}{127.0.0.1:9660}[mode=>network]], id[926], master [null], hasJoinedOnce [false], cluster_name[TEST-CHILD_VM=[2]-CLUSTER_SEED=[2858301384796425155]-HASH=[462C14F99751D]-cluster]}, ping_response{node [{node_t3}{pVB3V9rcTUWO-cgIIcYX3A}{127.0.0.1}{127.0.0.1:9660}[mode=>network]], id[926], master [null], hasJoinedOnce [false], cluster_name[TEST-CHILD_VM=[2]-CLUSTER_SEED=[2858301384796425155]-HASH=[462C14F99751D]-cluster]}, ping_response{node [{node_t1}{lk7U_niVSKyTWpmVoV3sIA}{127.0.0.1}{127.0.0.1:9661}[mode=>network]], id[933], master [null], hasJoinedOnce [true], cluster_name[TEST-CHILD_VM=[2]-CLUSTER_SEED=[2858301384796425155]-HASH=[462C14F99751D]-cluster]}, ping_response{node [{node_t1}{lk7U_niVSKyTWpmVoV3sIA}{127.0.0.1}{127.0.0.1:9661}[mode=>network]], id[933], master [null], hasJoinedOnce [true], cluster_name[TEST-CHILD_VM=[2]-CLUSTER_SEED=[2858301384796425155]-HASH=[462C14F99751D]-cluster]}, ping_response{node [{node_t1}{lk7U_niVSKyTWpmVoV3sIA}{127.0.0.1}{127.0.0.1:9661}[mode=>network]], id[933], master [null], hasJoinedOnce [true], cluster_name[TEST-CHILD_VM=[2]-CLUSTER_SEED=[2858301384796425155]-HASH=[462C14F99751D]-cluster]}, ping_response{node [{node_t3}{pVB3V9rcTUWO-cgIIcYX3A}{127.0.0.1}{127.0.0.1:9660}[mode=>network]], id[940], master [null], hasJoinedOnce [false], cluster_name[TEST-CHILD_VM=[2]-CLUSTER_SEED=[2858301384796425155]-HASH=[462C14F99751D]-cluster]}, ping_response{node [{node_t3}{pVB3V9rcTUWO-cgIIcYX3A}{127.0.0.1}{127.0.0.1:9660}[mode=>network]], id[940], master [null], hasJoinedOnce [false], cluster_name[TEST-CHILD_VM=[2]-CLUSTER_SEED=[2858301384796425155]-HASH=[462C14F99751D]-cluster]}, ping_response{node [{node_t3}{pVB3V9rcTUWO-cgIIcYX3A}{127.0.0.1}{127.0.0.1:9660}[mode=>network]], id[940], master [null], hasJoinedOnce [false], cluster_name[TEST-CHILD_VM=[2]-CLUSTER_SEED=[2858301384796425155]-HASH=[462C14F99751D]-cluster]}, ping_response{node [{node_t1}{lk7U_niVSKyTWpmVoV3sIA}{127.0.0.1}{127.0.0.1:9661}[mode=>network]], id[946], master [null], hasJoinedOnce [true], cluster_name[TEST-CHILD_VM=[2]-CLUSTER_SEED=[2858301384796425155]-HASH=[462C14F99751D]-cluster]}]
[2016-03-30 14:02:04,122][TRACE][org.elasticsearch.discovery.zen.ping.unicast] [node_t1] [7] sending to {#zen_unicast_1#}{127.0.0.1}{127.0.0.1:9660}
[2016-03-30 14:02:04,122][TRACE][org.elasticsearch.discovery.zen.ping.unicast] [node_t1] [7] sending to {node_t1}{lk7U_niVSKyTWpmVoV3sIA}{127.0.0.1}{127.0.0.1:9661}[mode=>network]
[2016-03-30 14:02:04,122][TRACE][org.elasticsearch.discovery.zen.ping.unicast] [node_t1] [7] received response from {node_t1}{lk7U_niVSKyTWpmVoV3sIA}{127.0.0.1}{127.0.0.1:9661}[mode=>network]: [ping_response{node [{node_t1}{lk7U_niVSKyTWpmVoV3sIA}{127.0.0.1}{127.0.0.1:9661}[mode=>network]], id[913], master [null], hasJoinedOnce [true], cluster_name[TEST-CHILD_VM=[2]-CLUSTER_SEED=[2858301384796425155]-HASH=[462C14F99751D]-cluster]}, ping_response{node [{node_t1}{lk7U_niVSKyTWpmVoV3sIA}{127.0.0.1}{127.0.0.1:9661}[mode=>network]], id[913], master [null], hasJoinedOnce [true], cluster_name[TEST-CHILD_VM=[2]-CLUSTER_SEED=[2858301384796425155]-HASH=[462C14F99751D]-cluster]}, ping_response{node [{node_t1}{lk7U_niVSKyTWpmVoV3sIA}{127.0.0.1}{127.0.0.1:9661}[mode=>network]], id[913], master [null], hasJoinedOnce [true], cluster_name[TEST-CHILD_VM=[2]-CLUSTER_SEED=[2858301384796425155]-HASH=[462C14F99751D]-cluster]}, ping_response{node [{node_t1}{lk7U_niVSKyTWpmVoV3sIA}{127.0.0.1}{127.0.0.1:9661}[mode=>network]], id[917], master [null], hasJoinedOnce [true], cluster_name[TEST-CHILD_VM=[2]-CLUSTER_SEED=[2858301384796425155]-HASH=[462C14F99751D]-cluster]}, ping_response{node [{node_t1}{lk7U_niVSKyTWpmVoV3sIA}{127.0.0.1}{127.0.0.1:9661}[mode=>network]], id[917], master [null], hasJoinedOnce [true], cluster_name[TEST-CHILD_VM=[2]-CLUSTER_SEED=[2858301384796425155]-HASH=[462C14F99751D]-cluster]}, ping_response{node [{node_t1}{lk7U_niVSKyTWpmVoV3sIA}{127.0.0.1}{127.0.0.1:9661}[mode=>network]], id[917], master [null], hasJoinedOnce [true], cluster_name[TEST-CHILD_VM=[2]-CLUSTER_SEED=[2858301384796425155]-HASH=[462C14F99751D]-cluster]}, ping_response{node [{node_t1}{lk7U_niVSKyTWpmVoV3sIA}{127.0.0.1}{127.0.0.1:9661}[mode=>network]], id[921], master [null], hasJoinedOnce [true], cluster_name[TEST-CHILD_VM=[2]-CLUSTER_SEED=[2858301384796425155]-HASH=[462C14F99751D]-cluster]}, ping_response{node [{node_t1}{lk7U_niVSKyTWpmVoV3sIA}{127.0.0.1}{127.0.0.1:9661}[mode=>network]], id[921], master [null], hasJoinedOnce [true], cluster_name[TEST-CHILD_VM=[2]-CLUSTER_SEED=[2858301384796425155]-HASH=[462C14F99751D]-cluster]}, ping_response{node [{node_t1}{lk7U_niVSKyTWpmVoV3sIA}{127.0.0.1}{127.0.0.1:9661}[mode=>network]], id[921], master [null], hasJoinedOnce [true], cluster_name[TEST-CHILD_VM=[2]-CLUSTER_SEED=[2858301384796425155]-HASH=[462C14F99751D]-cluster]}, ping_response{node [{node_t3}{pVB3V9rcTUWO-cgIIcYX3A}{127.0.0.1}{127.0.0.1:9660}[mode=>network]], id[926], master [null], hasJoinedOnce [false], cluster_name[TEST-CHILD_VM=[2]-CLUSTER_SEED=[2858301384796425155]-HASH=[462C14F99751D]-cluster]}, ping_response{node [{node_t3}{pVB3V9rcTUWO-cgIIcYX3A}{127.0.0.1}{127.0.0.1:9660}[mode=>network]], id[926], master [null], hasJoinedOnce [false], cluster_name[TEST-CHILD_VM=[2]-CLUSTER_SEED=[2858301384796425155]-HASH=[462C14F99751D]-cluster]}, ping_response{node [{node_t3}{pVB3V9rcTUWO-cgIIcYX3A}{127.0.0.1}{127.0.0.1:9660}[mode=>network]], id[926], master [null], hasJoinedOnce [false], cluster_name[TEST-CHILD_VM=[2]-CLUSTER_SEED=[2858301384796425155]-HASH=[462C14F99751D]-cluster]}, ping_response{node [{node_t1}{lk7U_niVSKyTWpmVoV3sIA}{127.0.0.1}{127.0.0.1:9661}[mode=>network]], id[933], master [null], hasJoinedOnce [true], cluster_name[TEST-CHILD_VM=[2]-CLUSTER_SEED=[2858301384796425155]-HASH=[462C14F99751D]-cluster]}, ping_response{node [{node_t1}{lk7U_niVSKyTWpmVoV3sIA}{127.0.0.1}{127.0.0.1:9661}[mode=>network]], id[933], master [null], hasJoinedOnce [true], cluster_name[TEST-CHILD_VM=[2]-CLUSTER_SEED=[2858301384796425155]-HASH=[462C14F99751D]-cluster]}, ping_response{node [{node_t1}{lk7U_niVSKyTWpmVoV3sIA}{127.0.0.1}{127.0.0.1:9661}[mode=>network]], id[933], master [null], hasJoinedOnce [true], cluster_name[TEST-CHILD_VM=[2]-CLUSTER_SEED=[2858301384796425155]-HASH=[462C14F99751D]-cluster]}, ping_response{node [{node_t3}{pVB3V9rcTUWO-cgIIcYX3A}{127.0.0.1}{127.0.0.1:9660}[mode=>network]], id[940], master [null], hasJoinedOnce [false], cluster_name[TEST-CHILD_VM=[2]-CLUSTER_SEED=[2858301384796425155]-HASH=[462C14F99751D]-cluster]}, ping_response{node [{node_t3}{pVB3V9rcTUWO-cgIIcYX3A}{127.0.0.1}{127.0.0.1:9660}[mode=>network]], id[940], master [null], hasJoinedOnce [false], cluster_name[TEST-CHILD_VM=[2]-CLUSTER_SEED=[2858301384796425155]-HASH=[462C14F99751D]-cluster]}, ping_response{node [{node_t3}{pVB3V9rcTUWO-cgIIcYX3A}{127.0.0.1}{127.0.0.1:9660}[mode=>network]], id[940], master [null], hasJoinedOnce [false], cluster_name[TEST-CHILD_VM=[2]-CLUSTER_SEED=[2858301384796425155]-HASH=[462C14F99751D]-cluster]}, ping_response{node [{node_t1}{lk7U_niVSKyTWpmVoV3sIA}{127.0.0.1}{127.0.0.1:9661}[mode=>network]], id[947], master [null], hasJoinedOnce [true], cluster_name[TEST-CHILD_VM=[2]-CLUSTER_SEED=[2858301384796425155]-HASH=[462C14F99751D]-cluster]}, ping_response{node [{node_t1}{lk7U_niVSKyTWpmVoV3sIA}{127.0.0.1}{127.0.0.1:9661}[mode=>network]], id[948], master [null], hasJoinedOnce [true], cluster_name[TEST-CHILD_VM=[2]-CLUSTER_SEED=[2858301384796425155]-HASH=[462C14F99751D]-cluster]}]
[2016-03-30 14:02:04,123][TRACE][org.elasticsearch.discovery.zen.ping.unicast] [node_t1] [7] received response from {#zen_unicast_1#}{127.0.0.1}{127.0.0.1:9660}: [ping_response{node [{node_t1}{lk7U_niVSKyTWpmVoV3sIA}{127.0.0.1}{127.0.0.1:9661}[mode=>network]], id[921], master [null], hasJoinedOnce [true], cluster_name[TEST-CHILD_VM=[2]-CLUSTER_SEED=[2858301384796425155]-HASH=[462C14F99751D]-cluster]}, ping_response{node [{node_t3}{pVB3V9rcTUWO-cgIIcYX3A}{127.0.0.1}{127.0.0.1:9660}[mode=>network]], id[926], master [null], hasJoinedOnce [false], cluster_name[TEST-CHILD_VM=[2]-CLUSTER_SEED=[2858301384796425155]-HASH=[462C14F99751D]-cluster]}, ping_response{node [{node_t3}{pVB3V9rcTUWO-cgIIcYX3A}{127.0.0.1}{127.0.0.1:9660}[mode=>network]], id[926], master [null], hasJoinedOnce [false], cluster_name[TEST-CHILD_VM=[2]-CLUSTER_SEED=[2858301384796425155]-HASH=[462C14F99751D]-cluster]}, ping_response{node [{node_t3}{pVB3V9rcTUWO-cgIIcYX3A}{127.0.0.1}{127.0.0.1:9660}[mode=>network]], id[926], master [null], hasJoinedOnce [false], cluster_name[TEST-CHILD_VM=[2]-CLUSTER_SEED=[2858301384796425155]-HASH=[462C14F99751D]-cluster]}, ping_response{node [{node_t1}{lk7U_niVSKyTWpmVoV3sIA}{127.0.0.1}{127.0.0.1:9661}[mode=>network]], id[933], master [null], hasJoinedOnce [true], cluster_name[TEST-CHILD_VM=[2]-CLUSTER_SEED=[2858301384796425155]-HASH=[462C14F99751D]-cluster]}, ping_response{node [{node_t1}{lk7U_niVSKyTWpmVoV3sIA}{127.0.0.1}{127.0.0.1:9661}[mode=>network]], id[933], master [null], hasJoinedOnce [true], cluster_name[TEST-CHILD_VM=[2]-CLUSTER_SEED=[2858301384796425155]-HASH=[462C14F99751D]-cluster]}, ping_response{node [{node_t1}{lk7U_niVSKyTWpmVoV3sIA}{127.0.0.1}{127.0.0.1:9661}[mode=>network]], id[933], master [null], hasJoinedOnce [true], cluster_name[TEST-CHILD_VM=[2]-CLUSTER_SEED=[2858301384796425155]-HASH=[462C14F99751D]-cluster]}, ping_response{node [{node_t3}{pVB3V9rcTUWO-cgIIcYX3A}{127.0.0.1}{127.0.0.1:9660}[mode=>network]], id[940], master [null], hasJoinedOnce [false], cluster_name[TEST-CHILD_VM=[2]-CLUSTER_SEED=[2858301384796425155]-HASH=[462C14F99751D]-cluster]}, ping_response{node [{node_t3}{pVB3V9rcTUWO-cgIIcYX3A}{127.0.0.1}{127.0.0.1:9660}[mode=>network]], id[940], master [null], hasJoinedOnce [false], cluster_name[TEST-CHILD_VM=[2]-CLUSTER_SEED=[2858301384796425155]-HASH=[462C14F99751D]-cluster]}, ping_response{node [{node_t3}{pVB3V9rcTUWO-cgIIcYX3A}{127.0.0.1}{127.0.0.1:9660}[mode=>network]], id[940], master [null], hasJoinedOnce [false], cluster_name[TEST-CHILD_VM=[2]-CLUSTER_SEED=[2858301384796425155]-HASH=[462C14F99751D]-cluster]}, ping_response{node [{node_t1}{lk7U_niVSKyTWpmVoV3sIA}{127.0.0.1}{127.0.0.1:9661}[mode=>network]], id[947], master [null], hasJoinedOnce [true], cluster_name[TEST-CHILD_VM=[2]-CLUSTER_SEED=[2858301384796425155]-HASH=[462C14F99751D]-cluster]}, ping_response{node [{node_t3}{pVB3V9rcTUWO-cgIIcYX3A}{127.0.0.1}{127.0.0.1:9660}[mode=>network]], id[949], master [null], hasJoinedOnce [false], cluster_name[TEST-CHILD_VM=[2]-CLUSTER_SEED=[2858301384796425155]-HASH=[462C14F99751D]-cluster]}]
[2016-03-30 14:02:04,123][TRACE][org.elasticsearch.discovery.zen.ping.unicast] [node_t1] [7] connecting (light) to {#zen_unicast_4#}{127.0.0.1}{127.0.0.1:9663}
[2016-03-30 14:02:04,123][TRACE][org.elasticsearch.discovery.zen.ping.unicast] [node_t1] [7] connecting (light) to {#zen_unicast_5#}{127.0.0.1}{127.0.0.1:9664}
[2016-03-30 14:02:04,123][TRACE][org.elasticsearch.discovery.zen.ping.unicast] [node_t1] [7] sending to {#zen_unicast_6#}{::1}{[::1]:9660}
[2016-03-30 14:02:04,123][TRACE][org.elasticsearch.discovery.zen.ping.unicast] [node_t1] [7] connecting (light) to {#zen_unicast_3#}{127.0.0.1}{127.0.0.1:9662}
[2016-03-30 14:02:04,124][TRACE][org.elasticsearch.discovery.zen.ping.unicast] [node_t1] [7] sending to {#zen_unicast_7#}{::1}{[::1]:9661}
[2016-03-30 14:02:04,124][TRACE][org.elasticsearch.discovery.zen.ping.unicast] [node_t1] [7] sending to {node_t1}{lk7U_niVSKyTWpmVoV3sIA}{127.0.0.1}{127.0.0.1:9661}[mode=>network]
[2016-03-30 14:02:04,124][TRACE][org.elasticsearch.discovery.zen.ping.unicast] [node_t1] [7] connecting (light) to {#zen_unicast_10#}{::1}{[::1]:9664}
[2016-03-30 14:02:04,124][TRACE][org.elasticsearch.discovery.zen.ping.unicast] [node_t1] [7] connecting (light) to {#zen_unicast_9#}{::1}{[::1]:9663}
[2016-03-30 14:02:04,124][TRACE][org.elasticsearch.discovery.zen.ping.unicast] [node_t1] [7] received response from {node_t1}{lk7U_niVSKyTWpmVoV3sIA}{127.0.0.1}{127.0.0.1:9661}[mode=>network]: [ping_response{node [{node_t1}{lk7U_niVSKyTWpmVoV3sIA}{127.0.0.1}{127.0.0.1:9661}[mode=>network]], id[913], master [null], hasJoinedOnce [true], cluster_name[TEST-CHILD_VM=[2]-CLUSTER_SEED=[2858301384796425155]-HASH=[462C14F99751D]-cluster]}, ping_response{node [{node_t1}{lk7U_niVSKyTWpmVoV3sIA}{127.0.0.1}{127.0.0.1:9661}[mode=>network]], id[913], master [null], hasJoinedOnce [true], cluster_name[TEST-CHILD_VM=[2]-CLUSTER_SEED=[2858301384796425155]-HASH=[462C14F99751D]-cluster]}, ping_response{node [{node_t1}{lk7U_niVSKyTWpmVoV3sIA}{127.0.0.1}{127.0.0.1:9661}[mode=>network]], id[913], master [null], hasJoinedOnce [true], cluster_name[TEST-CHILD_VM=[2]-CLUSTER_SEED=[2858301384796425155]-HASH=[462C14F99751D]-cluster]}, ping_response{node [{node_t1}{lk7U_niVSKyTWpmVoV3sIA}{127.0.0.1}{127.0.0.1:9661}[mode=>network]], id[917], master [null], hasJoinedOnce [true], cluster_name[TEST-CHILD_VM=[2]-CLUSTER_SEED=[2858301384796425155]-HASH=[462C14F99751D]-cluster]}, ping_response{node [{node_t1}{lk7U_niVSKyTWpmVoV3sIA}{127.0.0.1}{127.0.0.1:9661}[mode=>network]], id[917], master [null], hasJoinedOnce [true], cluster_name[TEST-CHILD_VM=[2]-CLUSTER_SEED=[2858301384796425155]-HASH=[462C14F99751D]-cluster]}, ping_response{node [{node_t1}{lk7U_niVSKyTWpmVoV3sIA}{127.0.0.1}{127.0.0.1:9661}[mode=>network]], id[917], master [null], hasJoinedOnce [true], cluster_name[TEST-CHILD_VM=[2]-CLUSTER_SEED=[2858301384796425155]-HASH=[462C14F99751D]-cluster]}, ping_response{node [{node_t1}{lk7U_niVSKyTWpmVoV3sIA}{127.0.0.1}{127.0.0.1:9661}[mode=>network]], id[921], master [null], hasJoinedOnce [true], cluster_name[TEST-CHILD_VM=[2]-CLUSTER_SEED=[2858301384796425155]-HASH=[462C14F99751D]-cluster]}, ping_response{node [{node_t1}{lk7U_niVSKyTWpmVoV3sIA}{127.0.0.1}{127.0.0.1:9661}[mode=>network]], id[921], master [null], hasJoinedOnce [true], cluster_name[TEST-CHILD_VM=[2]-CLUSTER_SEED=[2858301384796425155]-HASH=[462C14F99751D]-cluster]}, ping_response{node [{node_t1}{lk7U_niVSKyTWpmVoV3sIA}{127.0.0.1}{127.0.0.1:9661}[mode=>network]], id[921], master [null], hasJoinedOnce [true], cluster_name[TEST-CHILD_VM=[2]-CLUSTER_SEED=[2858301384796425155]-HASH=[462C14F99751D]-cluster]}, ping_response{node [{node_t3}{pVB3V9rcTUWO-cgIIcYX3A}{127.0.0.1}{127.0.0.1:9660}[mode=>network]], id[926], master [null], hasJoinedOnce [false], cluster_name[TEST-CHILD_VM=[2]-CLUSTER_SEED=[2858301384796425155]-HASH=[462C14F99751D]-cluster]}, ping_response{node [{node_t3}{pVB3V9rcTUWO-cgIIcYX3A}{127.0.0.1}{127.0.0.1:9660}[mode=>network]], id[926], master [null], hasJoinedOnce [false], cluster_name[TEST-CHILD_VM=[2]-CLUSTER_SEED=[2858301384796425155]-HASH=[462C14F99751D]-cluster]}, ping_response{node [{node_t3}{pVB3V9rcTUWO-cgIIcYX3A}{127.0.0.1}{127.0.0.1:9660}[mode=>network]], id[926], master [null], hasJoinedOnce [false], cluster_name[TEST-CHILD_VM=[2]-CLUSTER_SEED=[2858301384796425155]-HASH=[462C14F99751D]-cluster]}, ping_response{node [{node_t1}{lk7U_niVSKyTWpmVoV3sIA}{127.0.0.1}{127.0.0.1:9661}[mode=>network]], id[933], master [null], hasJoinedOnce [true], cluster_name[TEST-CHILD_VM=[2]-CLUSTER_SEED=[2858301384796425155]-HASH=[462C14F99751D]-cluster]}, ping_response{node [{node_t1}{lk7U_niVSKyTWpmVoV3sIA}{127.0.0.1}{127.0.0.1:9661}[mode=>network]], id[933], master [null], hasJoinedOnce [true], cluster_name[TEST-CHILD_VM=[2]-CLUSTER_SEED=[2858301384796425155]-HASH=[462C14F99751D]-cluster]}, ping_response{node [{node_t1}{lk7U_niVSKyTWpmVoV3sIA}{127.0.0.1}{127.0.0.1:9661}[mode=>network]], id[933], master [null], hasJoinedOnce [true], cluster_name[TEST-CHILD_VM=[2]-CLUSTER_SEED=[2858301384796425155]-HASH=[462C14F99751D]-cluster]}, ping_response{node [{node_t3}{pVB3V9rcTUWO-cgIIcYX3A}{127.0.0.1}{127.0.0.1:9660}[mode=>network]], id[940], master [null], hasJoinedOnce [false], cluster_name[TEST-CHILD_VM=[2]-CLUSTER_SEED=[2858301384796425155]-HASH=[462C14F99751D]-cluster]}, ping_response{node [{node_t3}{pVB3V9rcTUWO-cgIIcYX3A}{127.0.0.1}{127.0.0.1:9660}[mode=>network]], id[940], master [null], hasJoinedOnce [false], cluster_name[TEST-CHILD_VM=[2]-CLUSTER_SEED=[2858301384796425155]-HASH=[462C14F99751D]-cluster]}, ping_response{node [{node_t3}{pVB3V9rcTUWO-cgIIcYX3A}{127.0.0.1}{127.0.0.1:9660}[mode=>network]], id[940], master [null], hasJoinedOnce [false], cluster_name[TEST-CHILD_VM=[2]-CLUSTER_SEED=[2858301384796425155]-HASH=[462C14F99751D]-cluster]}, ping_response{node [{node_t1}{lk7U_niVSKyTWpmVoV3sIA}{127.0.0.1}{127.0.0.1:9661}[mode=>network]], id[947], master [null], hasJoinedOnce [true], cluster_name[TEST-CHILD_VM=[2]-CLUSTER_SEED=[2858301384796425155]-HASH=[462C14F99751D]-cluster]}, ping_response{node [{node_t1}{lk7U_niVSKyTWpmVoV3sIA}{127.0.0.1}{127.0.0.1:9661}[mode=>network]], id[947], master [null], hasJoinedOnce [true], cluster_name[TEST-CHILD_VM=[2]-CLUSTER_SEED=[2858301384796425155]-HASH=[462C14F99751D]-cluster]}, ping_response{node [{node_t1}{lk7U_niVSKyTWpmVoV3sIA}{127.0.0.1}{127.0.0.1:9661}[mode=>network]], id[951], master [null], hasJoinedOnce [true], cluster_name[TEST-CHILD_VM=[2]-CLUSTER_SEED=[2858301384796425155]-HASH=[462C14F99751D]-cluster]}]
[2016-03-30 14:02:04,124][TRACE][org.elasticsearch.discovery.zen.ping.unicast] [node_t1] [7] connecting (light) to {#zen_unicast_8#}{::1}{[::1]:9662}
[2016-03-30 14:02:04,125][TRACE][org.elasticsearch.discovery.zen.ping.unicast] [node_t1] replacing {node_t3}{pVB3V9rcTUWO-cgIIcYX3A}{127.0.0.1}{127.0.0.1:9660}[mode=>network] with temp node {#zen_unicast_15_pVB3V9rcTUWO-cgIIcYX3A#}{127.0.0.1}{127.0.0.1:9660}[mode=>network]
[2016-03-30 14:02:04,125][TRACE][org.elasticsearch.discovery.zen.ping.unicast] [node_t1] [7] failed to connect to {#zen_unicast_3#}{127.0.0.1}{127.0.0.1:9662}
ConnectTransportException[[][127.0.0.1:9662] connect_timeout[30s]]; nested: ConnectException[Connection refused: /127.0.0.1:9662];
	at org.elasticsearch.transport.netty.NettyTransport.connectToChannelsLight(NettyTransport.java:948)
	at org.elasticsearch.transport.netty.NettyTransport.connectToNode(NettyTransport.java:912)
	at org.elasticsearch.transport.netty.NettyTransport.connectToNodeLight(NettyTransport.java:884)
	at org.elasticsearch.test.transport.MockTransportService$LookupTestTransport.connectToNodeLight(MockTransportService.java:412)
	at org.elasticsearch.transport.TransportService.connectToNodeLight(TransportService.java:250)
	at org.elasticsearch.discovery.zen.ping.unicast.UnicastZenPing$3.run(UnicastZenPing.java:395)
	at java.util.concurrent.ThreadPoolExecutor.runWorker(ThreadPoolExecutor.java:1142)
	at java.util.concurrent.ThreadPoolExecutor$Worker.run(ThreadPoolExecutor.java:617)
	at java.lang.Thread.run(Thread.java:745)
Caused by: java.net.ConnectException: Connection refused: /127.0.0.1:9662
	at sun.nio.ch.SocketChannelImpl.checkConnect(Native Method)
	at sun.nio.ch.SocketChannelImpl.finishConnect(SocketChannelImpl.java:717)
	at org.jboss.netty.channel.socket.nio.NioClientBoss.connect(NioClientBoss.java:152)
	at org.jboss.netty.channel.socket.nio.NioClientBoss.processSelectedKeys(NioClientBoss.java:105)
	at org.jboss.netty.channel.socket.nio.NioClientBoss.process(NioClientBoss.java:79)
	at org.jboss.netty.channel.socket.nio.AbstractNioSelector.run(AbstractNioSelector.java:337)
	at org.jboss.netty.channel.socket.nio.NioClientBoss.run(NioClientBoss.java:42)
	at org.jboss.netty.util.ThreadRenamingRunnable.run(ThreadRenamingRunnable.java:108)
	at org.jboss.netty.util.internal.DeadLockProofWorker$1.run(DeadLockProofWorker.java:42)
	... 3 more
[2016-03-30 14:02:04,124][TRACE][org.elasticsearch.discovery.zen.ping.unicast] [node_t1] [7] received response from {#zen_unicast_6#}{::1}{[::1]:9660}: [ping_response{node [{node_t1}{lk7U_niVSKyTWpmVoV3sIA}{127.0.0.1}{127.0.0.1:9661}[mode=>network]], id[921], master [null], hasJoinedOnce [true], cluster_name[TEST-CHILD_VM=[2]-CLUSTER_SEED=[2858301384796425155]-HASH=[462C14F99751D]-cluster]}, ping_response{node [{node_t3}{pVB3V9rcTUWO-cgIIcYX3A}{127.0.0.1}{127.0.0.1:9660}[mode=>network]], id[926], master [null], hasJoinedOnce [false], cluster_name[TEST-CHILD_VM=[2]-CLUSTER_SEED=[2858301384796425155]-HASH=[462C14F99751D]-cluster]}, ping_response{node [{node_t3}{pVB3V9rcTUWO-cgIIcYX3A}{127.0.0.1}{127.0.0.1:9660}[mode=>network]], id[926], master [null], hasJoinedOnce [false], cluster_name[TEST-CHILD_VM=[2]-CLUSTER_SEED=[2858301384796425155]-HASH=[462C14F99751D]-cluster]}, ping_response{node [{node_t3}{pVB3V9rcTUWO-cgIIcYX3A}{127.0.0.1}{127.0.0.1:9660}[mode=>network]], id[926], master [null], hasJoinedOnce [false], cluster_name[TEST-CHILD_VM=[2]-CLUSTER_SEED=[2858301384796425155]-HASH=[462C14F99751D]-cluster]}, ping_response{node [{node_t1}{lk7U_niVSKyTWpmVoV3sIA}{127.0.0.1}{127.0.0.1:9661}[mode=>network]], id[933], master [null], hasJoinedOnce [true], cluster_name[TEST-CHILD_VM=[2]-CLUSTER_SEED=[2858301384796425155]-HASH=[462C14F99751D]-cluster]}, ping_response{node [{node_t1}{lk7U_niVSKyTWpmVoV3sIA}{127.0.0.1}{127.0.0.1:9661}[mode=>network]], id[933], master [null], hasJoinedOnce [true], cluster_name[TEST-CHILD_VM=[2]-CLUSTER_SEED=[2858301384796425155]-HASH=[462C14F99751D]-cluster]}, ping_response{node [{node_t1}{lk7U_niVSKyTWpmVoV3sIA}{127.0.0.1}{127.0.0.1:9661}[mode=>network]], id[933], master [null], hasJoinedOnce [true], cluster_name[TEST-CHILD_VM=[2]-CLUSTER_SEED=[2858301384796425155]-HASH=[462C14F99751D]-cluster]}, ping_response{node [{node_t3}{pVB3V9rcTUWO-cgIIcYX3A}{127.0.0.1}{127.0.0.1:9660}[mode=>network]], id[940], master [null], hasJoinedOnce [false], cluster_name[TEST-CHILD_VM=[2]-CLUSTER_SEED=[2858301384796425155]-HASH=[462C14F99751D]-cluster]}, ping_response{node [{node_t3}{pVB3V9rcTUWO-cgIIcYX3A}{127.0.0.1}{127.0.0.1:9660}[mode=>network]], id[940], master [null], hasJoinedOnce [false], cluster_name[TEST-CHILD_VM=[2]-CLUSTER_SEED=[2858301384796425155]-HASH=[462C14F99751D]-cluster]}, ping_response{node [{node_t3}{pVB3V9rcTUWO-cgIIcYX3A}{127.0.0.1}{127.0.0.1:9660}[mode=>network]], id[940], master [null], hasJoinedOnce [false], cluster_name[TEST-CHILD_VM=[2]-CLUSTER_SEED=[2858301384796425155]-HASH=[462C14F99751D]-cluster]}, ping_response{node [{node_t1}{lk7U_niVSKyTWpmVoV3sIA}{127.0.0.1}{127.0.0.1:9661}[mode=>network]], id[947], master [null], hasJoinedOnce [true], cluster_name[TEST-CHILD_VM=[2]-CLUSTER_SEED=[2858301384796425155]-HASH=[462C14F99751D]-cluster]}, ping_response{node [{node_t1}{lk7U_niVSKyTWpmVoV3sIA}{127.0.0.1}{127.0.0.1:9661}[mode=>network]], id[947], master [null], hasJoinedOnce [true], cluster_name[TEST-CHILD_VM=[2]-CLUSTER_SEED=[2858301384796425155]-HASH=[462C14F99751D]-cluster]}, ping_response{node [{node_t3}{pVB3V9rcTUWO-cgIIcYX3A}{127.0.0.1}{127.0.0.1:9660}[mode=>network]], id[950], master [null], hasJoinedOnce [false], cluster_name[TEST-CHILD_VM=[2]-CLUSTER_SEED=[2858301384796425155]-HASH=[462C14F99751D]-cluster]}]
[2016-03-30 14:02:04,124][TRACE][org.elasticsearch.discovery.zen.ping.unicast] [node_t1] [7] failed to connect to {#zen_unicast_5#}{127.0.0.1}{127.0.0.1:9664}
ConnectTransportException[[][127.0.0.1:9664] connect_timeout[30s]]; nested: ConnectException[Connection refused: /127.0.0.1:9664];
	at org.elasticsearch.transport.netty.NettyTransport.connectToChannelsLight(NettyTransport.java:948)
	at org.elasticsearch.transport.netty.NettyTransport.connectToNode(NettyTransport.java:912)
	at org.elasticsearch.transport.netty.NettyTransport.connectToNodeLight(NettyTransport.java:884)
	at org.elasticsearch.test.transport.MockTransportService$LookupTestTransport.connectToNodeLight(MockTransportService.java:412)
	at org.elasticsearch.transport.TransportService.connectToNodeLight(TransportService.java:250)
	at org.elasticsearch.discovery.zen.ping.unicast.UnicastZenPing$3.run(UnicastZenPing.java:395)
	at java.util.concurrent.ThreadPoolExecutor.runWorker(ThreadPoolExecutor.java:1142)
	at java.util.concurrent.ThreadPoolExecutor$Worker.run(ThreadPoolExecutor.java:617)
	at java.lang.Thread.run(Thread.java:745)
Caused by: java.net.ConnectException: Connection refused: /127.0.0.1:9664
	at sun.nio.ch.SocketChannelImpl.checkConnect(Native Method)
	at sun.nio.ch.SocketChannelImpl.finishConnect(SocketChannelImpl.java:717)
	at org.jboss.netty.channel.socket.nio.NioClientBoss.connect(NioClientBoss.java:152)
	at org.jboss.netty.channel.socket.nio.NioClientBoss.processSelectedKeys(NioClientBoss.java:105)
	at org.jboss.netty.channel.socket.nio.NioClientBoss.process(NioClientBoss.java:79)
	at org.jboss.netty.channel.socket.nio.AbstractNioSelector.run(AbstractNioSelector.java:337)
	at org.jboss.netty.channel.socket.nio.NioClientBoss.run(NioClientBoss.java:42)
	at org.jboss.netty.util.ThreadRenamingRunnable.run(ThreadRenamingRunnable.java:108)
	at org.jboss.netty.util.internal.DeadLockProofWorker$1.run(DeadLockProofWorker.java:42)
	... 3 more
[2016-03-30 14:02:04,124][TRACE][org.elasticsearch.discovery.zen.ping.unicast] [node_t1] [7] failed to connect to {#zen_unicast_4#}{127.0.0.1}{127.0.0.1:9663}
ConnectTransportException[[][127.0.0.1:9663] connect_timeout[30s]]; nested: ConnectException[Connection refused: /127.0.0.1:9663];
	at org.elasticsearch.transport.netty.NettyTransport.connectToChannelsLight(NettyTransport.java:948)
	at org.elasticsearch.transport.netty.NettyTransport.connectToNode(NettyTransport.java:912)
	at org.elasticsearch.transport.netty.NettyTransport.connectToNodeLight(NettyTransport.java:884)
	at org.elasticsearch.test.transport.MockTransportService$LookupTestTransport.connectToNodeLight(MockTransportService.java:412)
	at org.elasticsearch.transport.TransportService.connectToNodeLight(TransportService.java:250)
	at org.elasticsearch.discovery.zen.ping.unicast.UnicastZenPing$3.run(UnicastZenPing.java:395)
	at java.util.concurrent.ThreadPoolExecutor.runWorker(ThreadPoolExecutor.java:1142)
	at java.util.concurrent.ThreadPoolExecutor$Worker.run(ThreadPoolExecutor.java:617)
	at java.lang.Thread.run(Thread.java:745)
Caused by: java.net.ConnectException: Connection refused: /127.0.0.1:9663
	at sun.nio.ch.SocketChannelImpl.checkConnect(Native Method)
	at sun.nio.ch.SocketChannelImpl.finishConnect(SocketChannelImpl.java:717)
	at org.jboss.netty.channel.socket.nio.NioClientBoss.connect(NioClientBoss.java:152)
	at org.jboss.netty.channel.socket.nio.NioClientBoss.processSelectedKeys(NioClientBoss.java:105)
	at org.jboss.netty.channel.socket.nio.NioClientBoss.process(NioClientBoss.java:79)
	at org.jboss.netty.channel.socket.nio.AbstractNioSelector.run(AbstractNioSelector.java:337)
	at org.jboss.netty.channel.socket.nio.NioClientBoss.run(NioClientBoss.java:42)
	at org.jboss.netty.util.ThreadRenamingRunnable.run(ThreadRenamingRunnable.java:108)
	at org.jboss.netty.util.internal.DeadLockProofWorker$1.run(DeadLockProofWorker.java:42)
	... 3 more
[2016-03-30 14:02:04,126][TRACE][org.elasticsearch.discovery.zen.ping.unicast] [node_t1] [7] received response from {#zen_unicast_7#}{::1}{[::1]:9661}: [ping_response{node [{node_t1}{lk7U_niVSKyTWpmVoV3sIA}{127.0.0.1}{127.0.0.1:9661}[mode=>network]], id[913], master [null], hasJoinedOnce [true], cluster_name[TEST-CHILD_VM=[2]-CLUSTER_SEED=[2858301384796425155]-HASH=[462C14F99751D]-cluster]}, ping_response{node [{node_t1}{lk7U_niVSKyTWpmVoV3sIA}{127.0.0.1}{127.0.0.1:9661}[mode=>network]], id[913], master [null], hasJoinedOnce [true], cluster_name[TEST-CHILD_VM=[2]-CLUSTER_SEED=[2858301384796425155]-HASH=[462C14F99751D]-cluster]}, ping_response{node [{node_t1}{lk7U_niVSKyTWpmVoV3sIA}{127.0.0.1}{127.0.0.1:9661}[mode=>network]], id[913], master [null], hasJoinedOnce [true], cluster_name[TEST-CHILD_VM=[2]-CLUSTER_SEED=[2858301384796425155]-HASH=[462C14F99751D]-cluster]}, ping_response{node [{node_t1}{lk7U_niVSKyTWpmVoV3sIA}{127.0.0.1}{127.0.0.1:9661}[mode=>network]], id[917], master [null], hasJoinedOnce [true], cluster_name[TEST-CHILD_VM=[2]-CLUSTER_SEED=[2858301384796425155]-HASH=[462C14F99751D]-cluster]}, ping_response{node [{node_t1}{lk7U_niVSKyTWpmVoV3sIA}{127.0.0.1}{127.0.0.1:9661}[mode=>network]], id[917], master [null], hasJoinedOnce [true], cluster_name[TEST-CHILD_VM=[2]-CLUSTER_SEED=[2858301384796425155]-HASH=[462C14F99751D]-cluster]}, ping_response{node [{node_t1}{lk7U_niVSKyTWpmVoV3sIA}{127.0.0.1}{127.0.0.1:9661}[mode=>network]], id[917], master [null], hasJoinedOnce [true], cluster_name[TEST-CHILD_VM=[2]-CLUSTER_SEED=[2858301384796425155]-HASH=[462C14F99751D]-cluster]}, ping_response{node [{node_t1}{lk7U_niVSKyTWpmVoV3sIA}{127.0.0.1}{127.0.0.1:9661}[mode=>network]], id[921], master [null], hasJoinedOnce [true], cluster_name[TEST-CHILD_VM=[2]-CLUSTER_SEED=[2858301384796425155]-HASH=[462C14F99751D]-cluster]}, ping_response{node [{node_t1}{lk7U_niVSKyTWpmVoV3sIA}{127.0.0.1}{127.0.0.1:9661}[mode=>network]], id[921], master [null], hasJoinedOnce [true], cluster_name[TEST-CHILD_VM=[2]-CLUSTER_SEED=[2858301384796425155]-HASH=[462C14F99751D]-cluster]}, ping_response{node [{node_t1}{lk7U_niVSKyTWpmVoV3sIA}{127.0.0.1}{127.0.0.1:9661}[mode=>network]], id[921], master [null], hasJoinedOnce [true], cluster_name[TEST-CHILD_VM=[2]-CLUSTER_SEED=[2858301384796425155]-HASH=[462C14F99751D]-cluster]}, ping_response{node [{node_t3}{pVB3V9rcTUWO-cgIIcYX3A}{127.0.0.1}{127.0.0.1:9660}[mode=>network]], id[926], master [null], hasJoinedOnce [false], cluster_name[TEST-CHILD_VM=[2]-CLUSTER_SEED=[2858301384796425155]-HASH=[462C14F99751D]-cluster]}, ping_response{node [{node_t3}{pVB3V9rcTUWO-cgIIcYX3A}{127.0.0.1}{127.0.0.1:9660}[mode=>network]], id[926], master [null], hasJoinedOnce [false], cluster_name[TEST-CHILD_VM=[2]-CLUSTER_SEED=[2858301384796425155]-HASH=[462C14F99751D]-cluster]}, ping_response{node [{node_t3}{pVB3V9rcTUWO-cgIIcYX3A}{127.0.0.1}{127.0.0.1:9660}[mode=>network]], id[926], master [null], hasJoinedOnce [false], cluster_name[TEST-CHILD_VM=[2]-CLUSTER_SEED=[2858301384796425155]-HASH=[462C14F99751D]-cluster]}, ping_response{node [{node_t1}{lk7U_niVSKyTWpmVoV3sIA}{127.0.0.1}{127.0.0.1:9661}[mode=>network]], id[933], master [null], hasJoinedOnce [true], cluster_name[TEST-CHILD_VM=[2]-CLUSTER_SEED=[2858301384796425155]-HASH=[462C14F99751D]-cluster]}, ping_response{node [{node_t1}{lk7U_niVSKyTWpmVoV3sIA}{127.0.0.1}{127.0.0.1:9661}[mode=>network]], id[933], master [null], hasJoinedOnce [true], cluster_name[TEST-CHILD_VM=[2]-CLUSTER_SEED=[2858301384796425155]-HASH=[462C14F99751D]-cluster]}, ping_response{node [{node_t1}{lk7U_niVSKyTWpmVoV3sIA}{127.0.0.1}{127.0.0.1:9661}[mode=>network]], id[933], master [null], hasJoinedOnce [true], cluster_name[TEST-CHILD_VM=[2]-CLUSTER_SEED=[2858301384796425155]-HASH=[462C14F99751D]-cluster]}, ping_response{node [{node_t3}{pVB3V9rcTUWO-cgIIcYX3A}{127.0.0.1}{127.0.0.1:9660}[mode=>network]], id[940], master [null], hasJoinedOnce [false], cluster_name[TEST-CHILD_VM=[2]-CLUSTER_SEED=[2858301384796425155]-HASH=[462C14F99751D]-cluster]}, ping_response{node [{node_t3}{pVB3V9rcTUWO-cgIIcYX3A}{127.0.0.1}{127.0.0.1:9660}[mode=>network]], id[940], master [null], hasJoinedOnce [false], cluster_name[TEST-CHILD_VM=[2]-CLUSTER_SEED=[2858301384796425155]-HASH=[462C14F99751D]-cluster]}, ping_response{node [{node_t3}{pVB3V9rcTUWO-cgIIcYX3A}{127.0.0.1}{127.0.0.1:9660}[mode=>network]], id[940], master [null], hasJoinedOnce [false], cluster_name[TEST-CHILD_VM=[2]-CLUSTER_SEED=[2858301384796425155]-HASH=[462C14F99751D]-cluster]}, ping_response{node [{node_t1}{lk7U_niVSKyTWpmVoV3sIA}{127.0.0.1}{127.0.0.1:9661}[mode=>network]], id[947], master [null], hasJoinedOnce [true], cluster_name[TEST-CHILD_VM=[2]-CLUSTER_SEED=[2858301384796425155]-HASH=[462C14F99751D]-cluster]}, ping_response{node [{node_t1}{lk7U_niVSKyTWpmVoV3sIA}{127.0.0.1}{127.0.0.1:9661}[mode=>network]], id[947], master [null], hasJoinedOnce [true], cluster_name[TEST-CHILD_VM=[2]-CLUSTER_SEED=[2858301384796425155]-HASH=[462C14F99751D]-cluster]}, ping_response{node [{node_t1}{lk7U_niVSKyTWpmVoV3sIA}{127.0.0.1}{127.0.0.1:9661}[mode=>network]], id[947], master [null], hasJoinedOnce [true], cluster_name[TEST-CHILD_VM=[2]-CLUSTER_SEED=[2858301384796425155]-HASH=[462C14F99751D]-cluster]}, ping_response{node [{node_t1}{lk7U_niVSKyTWpmVoV3sIA}{127.0.0.1}{127.0.0.1:9661}[mode=>network]], id[952], master [null], hasJoinedOnce [true], cluster_name[TEST-CHILD_VM=[2]-CLUSTER_SEED=[2858301384796425155]-HASH=[462C14F99751D]-cluster]}]
[2016-03-30 14:02:04,125][TRACE][org.elasticsearch.discovery.zen.ping.unicast] [node_t1] [7] failed to connect to {#zen_unicast_8#}{::1}{[::1]:9662}
ConnectTransportException[[][[::1]:9662] connect_timeout[30s]]; nested: ConnectException[Connection refused: /0:0:0:0:0:0:0:1:9662];
	at org.elasticsearch.transport.netty.NettyTransport.connectToChannelsLight(NettyTransport.java:948)
	at org.elasticsearch.transport.netty.NettyTransport.connectToNode(NettyTransport.java:912)
	at org.elasticsearch.transport.netty.NettyTransport.connectToNodeLight(NettyTransport.java:884)
	at org.elasticsearch.test.transport.MockTransportService$LookupTestTransport.connectToNodeLight(MockTransportService.java:412)
	at org.elasticsearch.transport.TransportService.connectToNodeLight(TransportService.java:250)
	at org.elasticsearch.discovery.zen.ping.unicast.UnicastZenPing$3.run(UnicastZenPing.java:395)
	at java.util.concurrent.ThreadPoolExecutor.runWorker(ThreadPoolExecutor.java:1142)
	at java.util.concurrent.ThreadPoolExecutor$Worker.run(ThreadPoolExecutor.java:617)
	at java.lang.Thread.run(Thread.java:745)
Caused by: java.net.ConnectException: Connection refused: /0:0:0:0:0:0:0:1:9662
	at sun.nio.ch.SocketChannelImpl.checkConnect(Native Method)
	at sun.nio.ch.SocketChannelImpl.finishConnect(SocketChannelImpl.java:717)
	at org.jboss.netty.channel.socket.nio.NioClientBoss.connect(NioClientBoss.java:152)
	at org.jboss.netty.channel.socket.nio.NioClientBoss.processSelectedKeys(NioClientBoss.java:105)
	at org.jboss.netty.channel.socket.nio.NioClientBoss.process(NioClientBoss.java:79)
	at org.jboss.netty.channel.socket.nio.AbstractNioSelector.run(AbstractNioSelector.java:337)
	at org.jboss.netty.channel.socket.nio.NioClientBoss.run(NioClientBoss.java:42)
	at org.jboss.netty.util.ThreadRenamingRunnable.run(ThreadRenamingRunnable.java:108)
	at org.jboss.netty.util.internal.DeadLockProofWorker$1.run(DeadLockProofWorker.java:42)
	... 3 more
[2016-03-30 14:02:04,125][TRACE][org.elasticsearch.discovery.zen.ping.unicast] [node_t1] [7] failed to connect to {#zen_unicast_10#}{::1}{[::1]:9664}
ConnectTransportException[[][[::1]:9664] connect_timeout[30s]]; nested: ConnectException[Connection refused: /0:0:0:0:0:0:0:1:9664];
	at org.elasticsearch.transport.netty.NettyTransport.connectToChannelsLight(NettyTransport.java:948)
	at org.elasticsearch.transport.netty.NettyTransport.connectToNode(NettyTransport.java:912)
	at org.elasticsearch.transport.netty.NettyTransport.connectToNodeLight(NettyTransport.java:884)
	at org.elasticsearch.test.transport.MockTransportService$LookupTestTransport.connectToNodeLight(MockTransportService.java:412)
	at org.elasticsearch.transport.TransportService.connectToNodeLight(TransportService.java:250)
	at org.elasticsearch.discovery.zen.ping.unicast.UnicastZenPing$3.run(UnicastZenPing.java:395)
	at java.util.concurrent.ThreadPoolExecutor.runWorker(ThreadPoolExecutor.java:1142)
	at java.util.concurrent.ThreadPoolExecutor$Worker.run(ThreadPoolExecutor.java:617)
	at java.lang.Thread.run(Thread.java:745)
Caused by: java.net.ConnectException: Connection refused: /0:0:0:0:0:0:0:1:9664
	at sun.nio.ch.SocketChannelImpl.checkConnect(Native Method)
	at sun.nio.ch.SocketChannelImpl.finishConnect(SocketChannelImpl.java:717)
	at org.jboss.netty.channel.socket.nio.NioClientBoss.connect(NioClientBoss.java:152)
	at org.jboss.netty.channel.socket.nio.NioClientBoss.processSelectedKeys(NioClientBoss.java:105)
	at org.jboss.netty.channel.socket.nio.NioClientBoss.process(NioClientBoss.java:79)
	at org.jboss.netty.channel.socket.nio.AbstractNioSelector.run(AbstractNioSelector.java:337)
	at org.jboss.netty.channel.socket.nio.NioClientBoss.run(NioClientBoss.java:42)
	at org.jboss.netty.util.ThreadRenamingRunnable.run(ThreadRenamingRunnable.java:108)
	at org.jboss.netty.util.internal.DeadLockProofWorker$1.run(DeadLockProofWorker.java:42)
	... 3 more
[2016-03-30 14:02:04,125][TRACE][org.elasticsearch.discovery.zen.ping.unicast] [node_t1] [7] connecting (light) to {#zen_unicast_15_pVB3V9rcTUWO-cgIIcYX3A#}{127.0.0.1}{127.0.0.1:9660}[mode=>network]
[2016-03-30 14:02:04,125][TRACE][org.elasticsearch.discovery.zen.ping.unicast] [node_t1] [7] failed to connect to {#zen_unicast_9#}{::1}{[::1]:9663}
ConnectTransportException[[][[::1]:9663] connect_timeout[30s]]; nested: ConnectException[Connection refused: /0:0:0:0:0:0:0:1:9663];
	at org.elasticsearch.transport.netty.NettyTransport.connectToChannelsLight(NettyTransport.java:948)
	at org.elasticsearch.transport.netty.NettyTransport.connectToNode(NettyTransport.java:912)
	at org.elasticsearch.transport.netty.NettyTransport.connectToNodeLight(NettyTransport.java:884)
	at org.elasticsearch.test.transport.MockTransportService$LookupTestTransport.connectToNodeLight(MockTransportService.java:412)
	at org.elasticsearch.transport.TransportService.connectToNodeLight(TransportService.java:250)
	at org.elasticsearch.discovery.zen.ping.unicast.UnicastZenPing$3.run(UnicastZenPing.java:395)
	at java.util.concurrent.ThreadPoolExecutor.runWorker(ThreadPoolExecutor.java:1142)
	at java.util.concurrent.ThreadPoolExecutor$Worker.run(ThreadPoolExecutor.java:617)
	at java.lang.Thread.run(Thread.java:745)
Caused by: java.net.ConnectException: Connection refused: /0:0:0:0:0:0:0:1:9663
	at sun.nio.ch.SocketChannelImpl.checkConnect(Native Method)
	at sun.nio.ch.SocketChannelImpl.finishConnect(SocketChannelImpl.java:717)
	at org.jboss.netty.channel.socket.nio.NioClientBoss.connect(NioClientBoss.java:152)
	at org.jboss.netty.channel.socket.nio.NioClientBoss.processSelectedKeys(NioClientBoss.java:105)
	at org.jboss.netty.channel.socket.nio.NioClientBoss.process(NioClientBoss.java:79)
	at org.jboss.netty.channel.socket.nio.AbstractNioSelector.run(AbstractNioSelector.java:337)
	at org.jboss.netty.channel.socket.nio.NioClientBoss.run(NioClientBoss.java:42)
	at org.jboss.netty.util.ThreadRenamingRunnable.run(ThreadRenamingRunnable.java:108)
	at org.jboss.netty.util.internal.DeadLockProofWorker$1.run(DeadLockProofWorker.java:42)
	... 3 more
[2016-03-30 14:02:04,129][TRACE][org.elasticsearch.discovery.zen.ping.unicast] [node_t1] [7] connected to {node_t3}{pVB3V9rcTUWO-cgIIcYX3A}{127.0.0.1}{127.0.0.1:9660}[mode=>network]
[2016-03-30 14:02:04,129][TRACE][org.elasticsearch.discovery.zen.ping.unicast] [node_t1] [7] sending to {#zen_unicast_15_pVB3V9rcTUWO-cgIIcYX3A#}{127.0.0.1}{127.0.0.1:9660}[mode=>network]
[2016-03-30 14:02:04,130][TRACE][org.elasticsearch.discovery.zen.ping.unicast] [node_t1] [7] received response from {#zen_unicast_15_pVB3V9rcTUWO-cgIIcYX3A#}{127.0.0.1}{127.0.0.1:9660}[mode=>network]: [ping_response{node [{node_t1}{lk7U_niVSKyTWpmVoV3sIA}{127.0.0.1}{127.0.0.1:9661}[mode=>network]], id[921], master [null], hasJoinedOnce [true], cluster_name[TEST-CHILD_VM=[2]-CLUSTER_SEED=[2858301384796425155]-HASH=[462C14F99751D]-cluster]}, ping_response{node [{node_t3}{pVB3V9rcTUWO-cgIIcYX3A}{127.0.0.1}{127.0.0.1:9660}[mode=>network]], id[926], master [null], hasJoinedOnce [false], cluster_name[TEST-CHILD_VM=[2]-CLUSTER_SEED=[2858301384796425155]-HASH=[462C14F99751D]-cluster]}, ping_response{node [{node_t3}{pVB3V9rcTUWO-cgIIcYX3A}{127.0.0.1}{127.0.0.1:9660}[mode=>network]], id[926], master [null], hasJoinedOnce [false], cluster_name[TEST-CHILD_VM=[2]-CLUSTER_SEED=[2858301384796425155]-HASH=[462C14F99751D]-cluster]}, ping_response{node [{node_t3}{pVB3V9rcTUWO-cgIIcYX3A}{127.0.0.1}{127.0.0.1:9660}[mode=>network]], id[926], master [null], hasJoinedOnce [false], cluster_name[TEST-CHILD_VM=[2]-CLUSTER_SEED=[2858301384796425155]-HASH=[462C14F99751D]-cluster]}, ping_response{node [{node_t1}{lk7U_niVSKyTWpmVoV3sIA}{127.0.0.1}{127.0.0.1:9661}[mode=>network]], id[933], master [null], hasJoinedOnce [true], cluster_name[TEST-CHILD_VM=[2]-CLUSTER_SEED=[2858301384796425155]-HASH=[462C14F99751D]-cluster]}, ping_response{node [{node_t1}{lk7U_niVSKyTWpmVoV3sIA}{127.0.0.1}{127.0.0.1:9661}[mode=>network]], id[933], master [null], hasJoinedOnce [true], cluster_name[TEST-CHILD_VM=[2]-CLUSTER_SEED=[2858301384796425155]-HASH=[462C14F99751D]-cluster]}, ping_response{node [{node_t1}{lk7U_niVSKyTWpmVoV3sIA}{127.0.0.1}{127.0.0.1:9661}[mode=>network]], id[933], master [null], hasJoinedOnce [true], cluster_name[TEST-CHILD_VM=[2]-CLUSTER_SEED=[2858301384796425155]-HASH=[462C14F99751D]-cluster]}, ping_response{node [{node_t3}{pVB3V9rcTUWO-cgIIcYX3A}{127.0.0.1}{127.0.0.1:9660}[mode=>network]], id[940], master [null], hasJoinedOnce [false], cluster_name[TEST-CHILD_VM=[2]-CLUSTER_SEED=[2858301384796425155]-HASH=[462C14F99751D]-cluster]}, ping_response{node [{node_t3}{pVB3V9rcTUWO-cgIIcYX3A}{127.0.0.1}{127.0.0.1:9660}[mode=>network]], id[940], master [null], hasJoinedOnce [false], cluster_name[TEST-CHILD_VM=[2]-CLUSTER_SEED=[2858301384796425155]-HASH=[462C14F99751D]-cluster]}, ping_response{node [{node_t3}{pVB3V9rcTUWO-cgIIcYX3A}{127.0.0.1}{127.0.0.1:9660}[mode=>network]], id[940], master [null], hasJoinedOnce [false], cluster_name[TEST-CHILD_VM=[2]-CLUSTER_SEED=[2858301384796425155]-HASH=[462C14F99751D]-cluster]}, ping_response{node [{node_t1}{lk7U_niVSKyTWpmVoV3sIA}{127.0.0.1}{127.0.0.1:9661}[mode=>network]], id[947], master [null], hasJoinedOnce [true], cluster_name[TEST-CHILD_VM=[2]-CLUSTER_SEED=[2858301384796425155]-HASH=[462C14F99751D]-cluster]}, ping_response{node [{node_t1}{lk7U_niVSKyTWpmVoV3sIA}{127.0.0.1}{127.0.0.1:9661}[mode=>network]], id[947], master [null], hasJoinedOnce [true], cluster_name[TEST-CHILD_VM=[2]-CLUSTER_SEED=[2858301384796425155]-HASH=[462C14F99751D]-cluster]}, ping_response{node [{node_t1}{lk7U_niVSKyTWpmVoV3sIA}{127.0.0.1}{127.0.0.1:9661}[mode=>network]], id[947], master [null], hasJoinedOnce [true], cluster_name[TEST-CHILD_VM=[2]-CLUSTER_SEED=[2858301384796425155]-HASH=[462C14F99751D]-cluster]}, ping_response{node [{node_t3}{pVB3V9rcTUWO-cgIIcYX3A}{127.0.0.1}{127.0.0.1:9660}[mode=>network]], id[953], master [null], hasJoinedOnce [false], cluster_name[TEST-CHILD_VM=[2]-CLUSTER_SEED=[2858301384796425155]-HASH=[462C14F99751D]-cluster]}]
[2016-03-30 14:02:04,130][TRACE][org.elasticsearch.discovery.zen.ping.unicast] [node_t1] [7] disconnecting from {#zen_unicast_1#}{127.0.0.1}{127.0.0.1:9660}
[2016-03-30 14:02:04,130][TRACE][org.elasticsearch.discovery.zen] [node_t1] full ping responses:
	--> ping_response{node [{node_t3}{pVB3V9rcTUWO-cgIIcYX3A}{127.0.0.1}{127.0.0.1:9660}[mode=>network]], id[953], master [null], hasJoinedOnce [false], cluster_name[TEST-CHILD_VM=[2]-CLUSTER_SEED=[2858301384796425155]-HASH=[462C14F99751D]-cluster]}
[2016-03-30 14:02:04,130][DEBUG][org.elasticsearch.discovery.zen] [node_t1] filtered ping responses: (filter_client[true], filter_data[false])
	--> ping_response{node [{node_t3}{pVB3V9rcTUWO-cgIIcYX3A}{127.0.0.1}{127.0.0.1:9660}[mode=>network]], id[953], master [null], hasJoinedOnce [false], cluster_name[TEST-CHILD_VM=[2]-CLUSTER_SEED=[2858301384796425155]-HASH=[462C14F99751D]-cluster]}
[2016-03-30 14:02:04,130][TRACE][org.elasticsearch.discovery.zen.ping.unicast] [node_t1] [7] disconnecting from {#zen_unicast_6#}{::1}{[::1]:9660}
[2016-03-30 14:02:04,131][TRACE][org.elasticsearch.discovery.zen.ping.unicast] [node_t3] [1] sending to {node_t3}{pVB3V9rcTUWO-cgIIcYX3A}{127.0.0.1}{127.0.0.1:9660}[mode=>network]
[2016-03-30 14:02:04,130][TRACE][org.elasticsearch.discovery.zen] [node_t1] adding local node to the list of active nodes who has previously joined the cluster (joins counter is [2})
[2016-03-30 14:02:04,131][TRACE][org.elasticsearch.discovery.zen.ping.unicast] [node_t1] [7] disconnecting from {#zen_unicast_5#}{127.0.0.1}{127.0.0.1:9664}
[2016-03-30 14:02:04,131][DEBUG][org.elasticsearch.discovery.zen] [node_t1] elected as master, waiting for incoming joins ([1] needed)
[2016-03-30 14:02:04,131][TRACE][org.elasticsearch.discovery.zen.ping.unicast] [node_t3] [1] received response from {node_t3}{pVB3V9rcTUWO-cgIIcYX3A}{127.0.0.1}{127.0.0.1:9660}[mode=>network]: [ping_response{node [{node_t1}{lk7U_niVSKyTWpmVoV3sIA}{127.0.0.1}{127.0.0.1:9661}[mode=>network]], id[921], master [null], hasJoinedOnce [true], cluster_name[TEST-CHILD_VM=[2]-CLUSTER_SEED=[2858301384796425155]-HASH=[462C14F99751D]-cluster]}, ping_response{node [{node_t3}{pVB3V9rcTUWO-cgIIcYX3A}{127.0.0.1}{127.0.0.1:9660}[mode=>network]], id[926], master [null], hasJoinedOnce [false], cluster_name[TEST-CHILD_VM=[2]-CLUSTER_SEED=[2858301384796425155]-HASH=[462C14F99751D]-cluster]}, ping_response{node [{node_t3}{pVB3V9rcTUWO-cgIIcYX3A}{127.0.0.1}{127.0.0.1:9660}[mode=>network]], id[926], master [null], hasJoinedOnce [false], cluster_name[TEST-CHILD_VM=[2]-CLUSTER_SEED=[2858301384796425155]-HASH=[462C14F99751D]-cluster]}, ping_response{node [{node_t3}{pVB3V9rcTUWO-cgIIcYX3A}{127.0.0.1}{127.0.0.1:9660}[mode=>network]], id[926], master [null], hasJoinedOnce [false], cluster_name[TEST-CHILD_VM=[2]-CLUSTER_SEED=[2858301384796425155]-HASH=[462C14F99751D]-cluster]}, ping_response{node [{node_t1}{lk7U_niVSKyTWpmVoV3sIA}{127.0.0.1}{127.0.0.1:9661}[mode=>network]], id[933], master [null], hasJoinedOnce [true], cluster_name[TEST-CHILD_VM=[2]-CLUSTER_SEED=[2858301384796425155]-HASH=[462C14F99751D]-cluster]}, ping_response{node [{node_t1}{lk7U_niVSKyTWpmVoV3sIA}{127.0.0.1}{127.0.0.1:9661}[mode=>network]], id[933], master [null], hasJoinedOnce [true], cluster_name[TEST-CHILD_VM=[2]-CLUSTER_SEED=[2858301384796425155]-HASH=[462C14F99751D]-cluster]}, ping_response{node [{node_t1}{lk7U_niVSKyTWpmVoV3sIA}{127.0.0.1}{127.0.0.1:9661}[mode=>network]], id[933], master [null], hasJoinedOnce [true], cluster_name[TEST-CHILD_VM=[2]-CLUSTER_SEED=[2858301384796425155]-HASH=[462C14F99751D]-cluster]}, ping_response{node [{node_t3}{pVB3V9rcTUWO-cgIIcYX3A}{127.0.0.1}{127.0.0.1:9660}[mode=>network]], id[940], master [null], hasJoinedOnce [false], cluster_name[TEST-CHILD_VM=[2]-CLUSTER_SEED=[2858301384796425155]-HASH=[462C14F99751D]-cluster]}, ping_response{node [{node_t3}{pVB3V9rcTUWO-cgIIcYX3A}{127.0.0.1}{127.0.0.1:9660}[mode=>network]], id[940], master [null], hasJoinedOnce [false], cluster_name[TEST-CHILD_VM=[2]-CLUSTER_SEED=[2858301384796425155]-HASH=[462C14F99751D]-cluster]}, ping_response{node [{node_t3}{pVB3V9rcTUWO-cgIIcYX3A}{127.0.0.1}{127.0.0.1:9660}[mode=>network]], id[940], master [null], hasJoinedOnce [false], cluster_name[TEST-CHILD_VM=[2]-CLUSTER_SEED=[2858301384796425155]-HASH=[462C14F99751D]-cluster]}, ping_response{node [{node_t1}{lk7U_niVSKyTWpmVoV3sIA}{127.0.0.1}{127.0.0.1:9661}[mode=>network]], id[947], master [null], hasJoinedOnce [true], cluster_name[TEST-CHILD_VM=[2]-CLUSTER_SEED=[2858301384796425155]-HASH=[462C14F99751D]-cluster]}, ping_response{node [{node_t1}{lk7U_niVSKyTWpmVoV3sIA}{127.0.0.1}{127.0.0.1:9661}[mode=>network]], id[947], master [null], hasJoinedOnce [true], cluster_name[TEST-CHILD_VM=[2]-CLUSTER_SEED=[2858301384796425155]-HASH=[462C14F99751D]-cluster]}, ping_response{node [{node_t1}{lk7U_niVSKyTWpmVoV3sIA}{127.0.0.1}{127.0.0.1:9661}[mode=>network]], id[947], master [null], hasJoinedOnce [true], cluster_name[TEST-CHILD_VM=[2]-CLUSTER_SEED=[2858301384796425155]-HASH=[462C14F99751D]-cluster]}, ping_response{node [{node_t3}{pVB3V9rcTUWO-cgIIcYX3A}{127.0.0.1}{127.0.0.1:9660}[mode=>network]], id[954], master [null], hasJoinedOnce [false], cluster_name[TEST-CHILD_VM=[2]-CLUSTER_SEED=[2858301384796425155]-HASH=[462C14F99751D]-cluster]}, ping_response{node [{node_t3}{pVB3V9rcTUWO-cgIIcYX3A}{127.0.0.1}{127.0.0.1:9660}[mode=>network]], id[955], master [null], hasJoinedOnce [false], cluster_name[TEST-CHILD_VM=[2]-CLUSTER_SEED=[2858301384796425155]-HASH=[462C14F99751D]-cluster]}]
[2016-03-30 14:02:04,131][TRACE][org.elasticsearch.discovery.zen] [node_t1] not enough joins for election. Got [0], required [1]
[2016-03-30 14:02:04,131][TRACE][org.elasticsearch.discovery.zen.ping.unicast] [node_t1] [7] disconnecting from {#zen_unicast_4#}{127.0.0.1}{127.0.0.1:9663}
[2016-03-30 14:02:04,131][TRACE][org.elasticsearch.discovery.zen.ping.unicast] [node_t3] [1] sending to {#zen_unicast_2#}{127.0.0.1}{127.0.0.1:9661}
[2016-03-30 14:02:04,131][TRACE][org.elasticsearch.discovery.zen.ping.unicast] [node_t1] [7] disconnecting from {#zen_unicast_15_pVB3V9rcTUWO-cgIIcYX3A#}{127.0.0.1}{127.0.0.1:9660}[mode=>network]
[2016-03-30 14:02:04,132][TRACE][org.elasticsearch.discovery.zen.ping.unicast] [node_t3] [1] connecting (light) to {#zen_unicast_3#}{127.0.0.1}{127.0.0.1:9662}
[2016-03-30 14:02:04,132][TRACE][org.elasticsearch.discovery.zen.ping.unicast] [node_t3] [1] connecting (light) to {#zen_unicast_5#}{127.0.0.1}{127.0.0.1:9664}
[2016-03-30 14:02:04,132][TRACE][org.elasticsearch.discovery.zen.ping.unicast] [node_t1] [7] disconnecting from {#zen_unicast_3#}{127.0.0.1}{127.0.0.1:9662}
[2016-03-30 14:02:04,132][TRACE][org.elasticsearch.discovery.zen.ping.unicast] [node_t3] [1] sending to {#zen_unicast_6#}{::1}{[::1]:9660}
[2016-03-30 14:02:04,132][TRACE][org.elasticsearch.discovery.zen.ping.unicast] [node_t3] [1] connecting (light) to {#zen_unicast_4#}{127.0.0.1}{127.0.0.1:9663}
[2016-03-30 14:02:04,132][TRACE][org.elasticsearch.discovery.zen.ping.unicast] [node_t1] [7] disconnecting from {#zen_unicast_10#}{::1}{[::1]:9664}
[2016-03-30 14:02:04,132][TRACE][org.elasticsearch.discovery.zen.ping.unicast] [node_t3] [1] sending to {#zen_unicast_7#}{::1}{[::1]:9661}
[2016-03-30 14:02:04,132][TRACE][org.elasticsearch.discovery.zen.ping.unicast] [node_t1] [7] disconnecting from {#zen_unicast_9#}{::1}{[::1]:9663}
[2016-03-30 14:02:04,132][TRACE][org.elasticsearch.discovery.zen.ping.unicast] [node_t1] [7] disconnecting from {#zen_unicast_14_pVB3V9rcTUWO-cgIIcYX3A#}{127.0.0.1}{127.0.0.1:9660}[mode=>network]
[2016-03-30 14:02:04,132][TRACE][org.elasticsearch.discovery.zen.ping.unicast] [node_t3] replacing {node_t1}{lk7U_niVSKyTWpmVoV3sIA}{127.0.0.1}{127.0.0.1:9661}[mode=>network] with temp node {#zen_unicast_13_lk7U_niVSKyTWpmVoV3sIA#}{127.0.0.1}{127.0.0.1:9661}[mode=>network]
[2016-03-30 14:02:04,132][TRACE][org.elasticsearch.discovery.zen.ping.unicast] [node_t1] [7] disconnecting from {#zen_unicast_8#}{::1}{[::1]:9662}
[2016-03-30 14:02:04,132][TRACE][org.elasticsearch.discovery.zen.ping.unicast] [node_t1] [7] disconnecting from {#zen_unicast_7#}{::1}{[::1]:9661}
[2016-03-30 14:02:04,132][TRACE][org.elasticsearch.discovery.zen.ping.unicast] [node_t3] [1] connecting (light) to {#zen_unicast_8#}{::1}{[::1]:9662}
[2016-03-30 14:02:04,133][TRACE][org.elasticsearch.discovery.zen.ping.unicast] [node_t3] [1] connecting (light) to {#zen_unicast_13_lk7U_niVSKyTWpmVoV3sIA#}{127.0.0.1}{127.0.0.1:9661}[mode=>network]
[2016-03-30 14:02:04,133][TRACE][org.elasticsearch.discovery.zen.ping.unicast] [node_t3] [1] failed to connect to {#zen_unicast_3#}{127.0.0.1}{127.0.0.1:9662}
ConnectTransportException[[][127.0.0.1:9662] connect_timeout[30s]]; nested: ConnectException[Connection refused: /127.0.0.1:9662];
	at org.elasticsearch.transport.netty.NettyTransport.connectToChannelsLight(NettyTransport.java:948)
	at org.elasticsearch.transport.netty.NettyTransport.connectToNode(NettyTransport.java:912)
	at org.elasticsearch.transport.netty.NettyTransport.connectToNodeLight(NettyTransport.java:884)
	at org.elasticsearch.test.transport.MockTransportService$LookupTestTransport.connectToNodeLight(MockTransportService.java:412)
	at org.elasticsearch.transport.TransportService.connectToNodeLight(TransportService.java:250)
	at org.elasticsearch.discovery.zen.ping.unicast.UnicastZenPing$3.run(UnicastZenPing.java:395)
	at java.util.concurrent.ThreadPoolExecutor.runWorker(ThreadPoolExecutor.java:1142)
	at java.util.concurrent.ThreadPoolExecutor$Worker.run(ThreadPoolExecutor.java:617)
	at java.lang.Thread.run(Thread.java:745)
Caused by: java.net.ConnectException: Connection refused: /127.0.0.1:9662
	at sun.nio.ch.SocketChannelImpl.checkConnect(Native Method)
	at sun.nio.ch.SocketChannelImpl.finishConnect(SocketChannelImpl.java:717)
	at org.jboss.netty.channel.socket.nio.NioClientBoss.connect(NioClientBoss.java:152)
	at org.jboss.netty.channel.socket.nio.NioClientBoss.processSelectedKeys(NioClientBoss.java:105)
	at org.jboss.netty.channel.socket.nio.NioClientBoss.process(NioClientBoss.java:79)
	at org.jboss.netty.channel.socket.nio.AbstractNioSelector.run(AbstractNioSelector.java:337)
	at org.jboss.netty.channel.socket.nio.NioClientBoss.run(NioClientBoss.java:42)
	at org.jboss.netty.util.ThreadRenamingRunnable.run(ThreadRenamingRunnable.java:108)
	at org.jboss.netty.util.internal.DeadLockProofWorker$1.run(DeadLockProofWorker.java:42)
	... 3 more
[2016-03-30 14:02:04,132][TRACE][org.elasticsearch.discovery.zen.ping.unicast] [node_t3] [1] connecting (light) to {#zen_unicast_10#}{::1}{[::1]:9664}
[2016-03-30 14:02:04,132][TRACE][org.elasticsearch.discovery.zen.ping.unicast] [node_t3] [1] failed to connect to {#zen_unicast_5#}{127.0.0.1}{127.0.0.1:9664}
ConnectTransportException[[][127.0.0.1:9664] connect_timeout[30s]]; nested: ConnectException[Connection refused: /127.0.0.1:9664];
	at org.elasticsearch.transport.netty.NettyTransport.connectToChannelsLight(NettyTransport.java:948)
	at org.elasticsearch.transport.netty.NettyTransport.connectToNode(NettyTransport.java:912)
	at org.elasticsearch.transport.netty.NettyTransport.connectToNodeLight(NettyTransport.java:884)
	at org.elasticsearch.test.transport.MockTransportService$LookupTestTransport.connectToNodeLight(MockTransportService.java:412)
	at org.elasticsearch.transport.TransportService.connectToNodeLight(TransportService.java:250)
	at org.elasticsearch.discovery.zen.ping.unicast.UnicastZenPing$3.run(UnicastZenPing.java:395)
	at java.util.concurrent.ThreadPoolExecutor.runWorker(ThreadPoolExecutor.java:1142)
	at java.util.concurrent.ThreadPoolExecutor$Worker.run(ThreadPoolExecutor.java:617)
	at java.lang.Thread.run(Thread.java:745)
Caused by: java.net.ConnectException: Connection refused: /127.0.0.1:9664
	at sun.nio.ch.SocketChannelImpl.checkConnect(Native Method)
	at sun.nio.ch.SocketChannelImpl.finishConnect(SocketChannelImpl.java:717)
	at org.jboss.netty.channel.socket.nio.NioClientBoss.connect(NioClientBoss.java:152)
	at org.jboss.netty.channel.socket.nio.NioClientBoss.processSelectedKeys(NioClientBoss.java:105)
	at org.jboss.netty.channel.socket.nio.NioClientBoss.process(NioClientBoss.java:79)
	at org.jboss.netty.channel.socket.nio.AbstractNioSelector.run(AbstractNioSelector.java:337)
	at org.jboss.netty.channel.socket.nio.NioClientBoss.run(NioClientBoss.java:42)
	at org.jboss.netty.util.ThreadRenamingRunnable.run(ThreadRenamingRunnable.java:108)
	at org.jboss.netty.util.internal.DeadLockProofWorker$1.run(DeadLockProofWorker.java:42)
	... 3 more
[2016-03-30 14:02:04,132][TRACE][org.elasticsearch.discovery.zen.ping.unicast] [node_t3] [1] sending to {node_t3}{pVB3V9rcTUWO-cgIIcYX3A}{127.0.0.1}{127.0.0.1:9660}[mode=>network]
[2016-03-30 14:02:04,134][TRACE][org.elasticsearch.discovery.zen.ping.unicast] [node_t3] [1] failed to connect to {#zen_unicast_10#}{::1}{[::1]:9664}
ConnectTransportException[[][[::1]:9664] connect_timeout[30s]]; nested: ConnectException[Connection refused: /0:0:0:0:0:0:0:1:9664];
	at org.elasticsearch.transport.netty.NettyTransport.connectToChannelsLight(NettyTransport.java:948)
	at org.elasticsearch.transport.netty.NettyTransport.connectToNode(NettyTransport.java:912)
	at org.elasticsearch.transport.netty.NettyTransport.connectToNodeLight(NettyTransport.java:884)
	at org.elasticsearch.test.transport.MockTransportService$LookupTestTransport.connectToNodeLight(MockTransportService.java:412)
	at org.elasticsearch.transport.TransportService.connectToNodeLight(TransportService.java:250)
	at org.elasticsearch.discovery.zen.ping.unicast.UnicastZenPing$3.run(UnicastZenPing.java:395)
	at java.util.concurrent.ThreadPoolExecutor.runWorker(ThreadPoolExecutor.java:1142)
	at java.util.concurrent.ThreadPoolExecutor$Worker.run(ThreadPoolExecutor.java:617)
	at java.lang.Thread.run(Thread.java:745)
Caused by: java.net.ConnectException: Connection refused: /0:0:0:0:0:0:0:1:9664
	at sun.nio.ch.SocketChannelImpl.checkConnect(Native Method)
	at sun.nio.ch.SocketChannelImpl.finishConnect(SocketChannelImpl.java:717)
	at org.jboss.netty.channel.socket.nio.NioClientBoss.connect(NioClientBoss.java:152)
	at org.jboss.netty.channel.socket.nio.NioClientBoss.processSelectedKeys(NioClientBoss.java:105)
	at org.jboss.netty.channel.socket.nio.NioClientBoss.process(NioClientBoss.java:79)
	at org.jboss.netty.channel.socket.nio.AbstractNioSelector.run(AbstractNioSelector.java:337)
	at org.jboss.netty.channel.socket.nio.NioClientBoss.run(NioClientBoss.java:42)
	at org.jboss.netty.util.ThreadRenamingRunnable.run(ThreadRenamingRunnable.java:108)
	at org.jboss.netty.util.internal.DeadLockProofWorker$1.run(DeadLockProofWorker.java:42)
	... 3 more
[2016-03-30 14:02:04,132][TRACE][org.elasticsearch.discovery.zen.ping.unicast] [node_t3] [1] connecting (light) to {#zen_unicast_9#}{::1}{[::1]:9663}
[2016-03-30 14:02:04,134][TRACE][org.elasticsearch.discovery.zen.ping.unicast] [node_t3] [1] received response from {node_t3}{pVB3V9rcTUWO-cgIIcYX3A}{127.0.0.1}{127.0.0.1:9660}[mode=>network]: [ping_response{node [{node_t1}{lk7U_niVSKyTWpmVoV3sIA}{127.0.0.1}{127.0.0.1:9661}[mode=>network]], id[921], master [null], hasJoinedOnce [true], cluster_name[TEST-CHILD_VM=[2]-CLUSTER_SEED=[2858301384796425155]-HASH=[462C14F99751D]-cluster]}, ping_response{node [{node_t3}{pVB3V9rcTUWO-cgIIcYX3A}{127.0.0.1}{127.0.0.1:9660}[mode=>network]], id[926], master [null], hasJoinedOnce [false], cluster_name[TEST-CHILD_VM=[2]-CLUSTER_SEED=[2858301384796425155]-HASH=[462C14F99751D]-cluster]}, ping_response{node [{node_t3}{pVB3V9rcTUWO-cgIIcYX3A}{127.0.0.1}{127.0.0.1:9660}[mode=>network]], id[926], master [null], hasJoinedOnce [false], cluster_name[TEST-CHILD_VM=[2]-CLUSTER_SEED=[2858301384796425155]-HASH=[462C14F99751D]-cluster]}, ping_response{node [{node_t3}{pVB3V9rcTUWO-cgIIcYX3A}{127.0.0.1}{127.0.0.1:9660}[mode=>network]], id[926], master [null], hasJoinedOnce [false], cluster_name[TEST-CHILD_VM=[2]-CLUSTER_SEED=[2858301384796425155]-HASH=[462C14F99751D]-cluster]}, ping_response{node [{node_t1}{lk7U_niVSKyTWpmVoV3sIA}{127.0.0.1}{127.0.0.1:9661}[mode=>network]], id[933], master [null], hasJoinedOnce [true], cluster_name[TEST-CHILD_VM=[2]-CLUSTER_SEED=[2858301384796425155]-HASH=[462C14F99751D]-cluster]}, ping_response{node [{node_t1}{lk7U_niVSKyTWpmVoV3sIA}{127.0.0.1}{127.0.0.1:9661}[mode=>network]], id[933], master [null], hasJoinedOnce [true], cluster_name[TEST-CHILD_VM=[2]-CLUSTER_SEED=[2858301384796425155]-HASH=[462C14F99751D]-cluster]}, ping_response{node [{node_t1}{lk7U_niVSKyTWpmVoV3sIA}{127.0.0.1}{127.0.0.1:9661}[mode=>network]], id[933], master [null], hasJoinedOnce [true], cluster_name[TEST-CHILD_VM=[2]-CLUSTER_SEED=[2858301384796425155]-HASH=[462C14F99751D]-cluster]}, ping_response{node [{node_t3}{pVB3V9rcTUWO-cgIIcYX3A}{127.0.0.1}{127.0.0.1:9660}[mode=>network]], id[940], master [null], hasJoinedOnce [false], cluster_name[TEST-CHILD_VM=[2]-CLUSTER_SEED=[2858301384796425155]-HASH=[462C14F99751D]-cluster]}, ping_response{node [{node_t3}{pVB3V9rcTUWO-cgIIcYX3A}{127.0.0.1}{127.0.0.1:9660}[mode=>network]], id[940], master [null], hasJoinedOnce [false], cluster_name[TEST-CHILD_VM=[2]-CLUSTER_SEED=[2858301384796425155]-HASH=[462C14F99751D]-cluster]}, ping_response{node [{node_t3}{pVB3V9rcTUWO-cgIIcYX3A}{127.0.0.1}{127.0.0.1:9660}[mode=>network]], id[940], master [null], hasJoinedOnce [false], cluster_name[TEST-CHILD_VM=[2]-CLUSTER_SEED=[2858301384796425155]-HASH=[462C14F99751D]-cluster]}, ping_response{node [{node_t1}{lk7U_niVSKyTWpmVoV3sIA}{127.0.0.1}{127.0.0.1:9661}[mode=>network]], id[947], master [null], hasJoinedOnce [true], cluster_name[TEST-CHILD_VM=[2]-CLUSTER_SEED=[2858301384796425155]-HASH=[462C14F99751D]-cluster]}, ping_response{node [{node_t1}{lk7U_niVSKyTWpmVoV3sIA}{127.0.0.1}{127.0.0.1:9661}[mode=>network]], id[947], master [null], hasJoinedOnce [true], cluster_name[TEST-CHILD_VM=[2]-CLUSTER_SEED=[2858301384796425155]-HASH=[462C14F99751D]-cluster]}, ping_response{node [{node_t1}{lk7U_niVSKyTWpmVoV3sIA}{127.0.0.1}{127.0.0.1:9661}[mode=>network]], id[947], master [null], hasJoinedOnce [true], cluster_name[TEST-CHILD_VM=[2]-CLUSTER_SEED=[2858301384796425155]-HASH=[462C14F99751D]-cluster]}, ping_response{node [{node_t3}{pVB3V9rcTUWO-cgIIcYX3A}{127.0.0.1}{127.0.0.1:9660}[mode=>network]], id[954], master [null], hasJoinedOnce [false], cluster_name[TEST-CHILD_VM=[2]-CLUSTER_SEED=[2858301384796425155]-HASH=[462C14F99751D]-cluster]}, ping_response{node [{node_t3}{pVB3V9rcTUWO-cgIIcYX3A}{127.0.0.1}{127.0.0.1:9660}[mode=>network]], id[954], master [null], hasJoinedOnce [false], cluster_name[TEST-CHILD_VM=[2]-CLUSTER_SEED=[2858301384796425155]-HASH=[462C14F99751D]-cluster]}, ping_response{node [{node_t3}{pVB3V9rcTUWO-cgIIcYX3A}{127.0.0.1}{127.0.0.1:9660}[mode=>network]], id[954], master [null], hasJoinedOnce [false], cluster_name[TEST-CHILD_VM=[2]-CLUSTER_SEED=[2858301384796425155]-HASH=[462C14F99751D]-cluster]}, ping_response{node [{node_t3}{pVB3V9rcTUWO-cgIIcYX3A}{127.0.0.1}{127.0.0.1:9660}[mode=>network]], id[959], master [null], hasJoinedOnce [false], cluster_name[TEST-CHILD_VM=[2]-CLUSTER_SEED=[2858301384796425155]-HASH=[462C14F99751D]-cluster]}]
[2016-03-30 14:02:04,133][TRACE][org.elasticsearch.discovery.zen.ping.unicast] [node_t3] [1] failed to connect to {#zen_unicast_8#}{::1}{[::1]:9662}
ConnectTransportException[[][[::1]:9662] connect_timeout[30s]]; nested: ConnectException[Connection refused: /0:0:0:0:0:0:0:1:9662];
	at org.elasticsearch.transport.netty.NettyTransport.connectToChannelsLight(NettyTransport.java:948)
	at org.elasticsearch.transport.netty.NettyTransport.connectToNode(NettyTransport.java:912)
	at org.elasticsearch.transport.netty.NettyTransport.connectToNodeLight(NettyTransport.java:884)
	at org.elasticsearch.test.transport.MockTransportService$LookupTestTransport.connectToNodeLight(MockTransportService.java:412)
	at org.elasticsearch.transport.TransportService.connectToNodeLight(TransportService.java:250)
	at org.elasticsearch.discovery.zen.ping.unicast.UnicastZenPing$3.run(UnicastZenPing.java:395)
	at java.util.concurrent.ThreadPoolExecutor.runWorker(ThreadPoolExecutor.java:1142)
	at java.util.concurrent.ThreadPoolExecutor$Worker.run(ThreadPoolExecutor.java:617)
	at java.lang.Thread.run(Thread.java:745)
Caused by: java.net.ConnectException: Connection refused: /0:0:0:0:0:0:0:1:9662
	at sun.nio.ch.SocketChannelImpl.checkConnect(Native Method)
	at sun.nio.ch.SocketChannelImpl.finishConnect(SocketChannelImpl.java:717)
	at org.jboss.netty.channel.socket.nio.NioClientBoss.connect(NioClientBoss.java:152)
	at org.jboss.netty.channel.socket.nio.NioClientBoss.processSelectedKeys(NioClientBoss.java:105)
	at org.jboss.netty.channel.socket.nio.NioClientBoss.process(NioClientBoss.java:79)
	at org.jboss.netty.channel.socket.nio.AbstractNioSelector.run(AbstractNioSelector.java:337)
	at org.jboss.netty.channel.socket.nio.NioClientBoss.run(NioClientBoss.java:42)
	at org.jboss.netty.util.ThreadRenamingRunnable.run(ThreadRenamingRunnable.java:108)
	at org.jboss.netty.util.internal.DeadLockProofWorker$1.run(DeadLockProofWorker.java:42)
	... 3 more
[2016-03-30 14:02:04,133][TRACE][org.elasticsearch.discovery.zen.ping.unicast] [node_t3] [1] failed to connect to {#zen_unicast_4#}{127.0.0.1}{127.0.0.1:9663}
ConnectTransportException[[][127.0.0.1:9663] connect_timeout[30s]]; nested: ConnectException[Connection refused: /127.0.0.1:9663];
	at org.elasticsearch.transport.netty.NettyTransport.connectToChannelsLight(NettyTransport.java:948)
	at org.elasticsearch.transport.netty.NettyTransport.connectToNode(NettyTransport.java:912)
	at org.elasticsearch.transport.netty.NettyTransport.connectToNodeLight(NettyTransport.java:884)
	at org.elasticsearch.test.transport.MockTransportService$LookupTestTransport.connectToNodeLight(MockTransportService.java:412)
	at org.elasticsearch.transport.TransportService.connectToNodeLight(TransportService.java:250)
	at org.elasticsearch.discovery.zen.ping.unicast.UnicastZenPing$3.run(UnicastZenPing.java:395)
	at java.util.concurrent.ThreadPoolExecutor.runWorker(ThreadPoolExecutor.java:1142)
	at java.util.concurrent.ThreadPoolExecutor$Worker.run(ThreadPoolExecutor.java:617)
	at java.lang.Thread.run(Thread.java:745)
Caused by: java.net.ConnectException: Connection refused: /127.0.0.1:9663
	at sun.nio.ch.SocketChannelImpl.checkConnect(Native Method)
	at sun.nio.ch.SocketChannelImpl.finishConnect(SocketChannelImpl.java:717)
	at org.jboss.netty.channel.socket.nio.NioClientBoss.connect(NioClientBoss.java:152)
	at org.jboss.netty.channel.socket.nio.NioClientBoss.processSelectedKeys(NioClientBoss.java:105)
	at org.jboss.netty.channel.socket.nio.NioClientBoss.process(NioClientBoss.java:79)
	at org.jboss.netty.channel.socket.nio.AbstractNioSelector.run(AbstractNioSelector.java:337)
	at org.jboss.netty.channel.socket.nio.NioClientBoss.run(NioClientBoss.java:42)
	at org.jboss.netty.util.ThreadRenamingRunnable.run(ThreadRenamingRunnable.java:108)
	at org.jboss.netty.util.internal.DeadLockProofWorker$1.run(DeadLockProofWorker.java:42)
	... 3 more
[2016-03-30 14:02:04,133][TRACE][org.elasticsearch.discovery.zen.ping.unicast] [node_t3] [1] received response from {#zen_unicast_6#}{::1}{[::1]:9660}: [ping_response{node [{node_t1}{lk7U_niVSKyTWpmVoV3sIA}{127.0.0.1}{127.0.0.1:9661}[mode=>network]], id[921], master [null], hasJoinedOnce [true], cluster_name[TEST-CHILD_VM=[2]-CLUSTER_SEED=[2858301384796425155]-HASH=[462C14F99751D]-cluster]}, ping_response{node [{node_t3}{pVB3V9rcTUWO-cgIIcYX3A}{127.0.0.1}{127.0.0.1:9660}[mode=>network]], id[926], master [null], hasJoinedOnce [false], cluster_name[TEST-CHILD_VM=[2]-CLUSTER_SEED=[2858301384796425155]-HASH=[462C14F99751D]-cluster]}, ping_response{node [{node_t3}{pVB3V9rcTUWO-cgIIcYX3A}{127.0.0.1}{127.0.0.1:9660}[mode=>network]], id[926], master [null], hasJoinedOnce [false], cluster_name[TEST-CHILD_VM=[2]-CLUSTER_SEED=[2858301384796425155]-HASH=[462C14F99751D]-cluster]}, ping_response{node [{node_t3}{pVB3V9rcTUWO-cgIIcYX3A}{127.0.0.1}{127.0.0.1:9660}[mode=>network]], id[926], master [null], hasJoinedOnce [false], cluster_name[TEST-CHILD_VM=[2]-CLUSTER_SEED=[2858301384796425155]-HASH=[462C14F99751D]-cluster]}, ping_response{node [{node_t1}{lk7U_niVSKyTWpmVoV3sIA}{127.0.0.1}{127.0.0.1:9661}[mode=>network]], id[933], master [null], hasJoinedOnce [true], cluster_name[TEST-CHILD_VM=[2]-CLUSTER_SEED=[2858301384796425155]-HASH=[462C14F99751D]-cluster]}, ping_response{node [{node_t1}{lk7U_niVSKyTWpmVoV3sIA}{127.0.0.1}{127.0.0.1:9661}[mode=>network]], id[933], master [null], hasJoinedOnce [true], cluster_name[TEST-CHILD_VM=[2]-CLUSTER_SEED=[2858301384796425155]-HASH=[462C14F99751D]-cluster]}, ping_response{node [{node_t1}{lk7U_niVSKyTWpmVoV3sIA}{127.0.0.1}{127.0.0.1:9661}[mode=>network]], id[933], master [null], hasJoinedOnce [true], cluster_name[TEST-CHILD_VM=[2]-CLUSTER_SEED=[2858301384796425155]-HASH=[462C14F99751D]-cluster]}, ping_response{node [{node_t3}{pVB3V9rcTUWO-cgIIcYX3A}{127.0.0.1}{127.0.0.1:9660}[mode=>network]], id[940], master [null], hasJoinedOnce [false], cluster_name[TEST-CHILD_VM=[2]-CLUSTER_SEED=[2858301384796425155]-HASH=[462C14F99751D]-cluster]}, ping_response{node [{node_t3}{pVB3V9rcTUWO-cgIIcYX3A}{127.0.0.1}{127.0.0.1:9660}[mode=>network]], id[940], master [null], hasJoinedOnce [false], cluster_name[TEST-CHILD_VM=[2]-CLUSTER_SEED=[2858301384796425155]-HASH=[462C14F99751D]-cluster]}, ping_response{node [{node_t3}{pVB3V9rcTUWO-cgIIcYX3A}{127.0.0.1}{127.0.0.1:9660}[mode=>network]], id[940], master [null], hasJoinedOnce [false], cluster_name[TEST-CHILD_VM=[2]-CLUSTER_SEED=[2858301384796425155]-HASH=[462C14F99751D]-cluster]}, ping_response{node [{node_t1}{lk7U_niVSKyTWpmVoV3sIA}{127.0.0.1}{127.0.0.1:9661}[mode=>network]], id[947], master [null], hasJoinedOnce [true], cluster_name[TEST-CHILD_VM=[2]-CLUSTER_SEED=[2858301384796425155]-HASH=[462C14F99751D]-cluster]}, ping_response{node [{node_t1}{lk7U_niVSKyTWpmVoV3sIA}{127.0.0.1}{127.0.0.1:9661}[mode=>network]], id[947], master [null], hasJoinedOnce [true], cluster_name[TEST-CHILD_VM=[2]-CLUSTER_SEED=[2858301384796425155]-HASH=[462C14F99751D]-cluster]}, ping_response{node [{node_t1}{lk7U_niVSKyTWpmVoV3sIA}{127.0.0.1}{127.0.0.1:9661}[mode=>network]], id[947], master [null], hasJoinedOnce [true], cluster_name[TEST-CHILD_VM=[2]-CLUSTER_SEED=[2858301384796425155]-HASH=[462C14F99751D]-cluster]}, ping_response{node [{node_t3}{pVB3V9rcTUWO-cgIIcYX3A}{127.0.0.1}{127.0.0.1:9660}[mode=>network]], id[954], master [null], hasJoinedOnce [false], cluster_name[TEST-CHILD_VM=[2]-CLUSTER_SEED=[2858301384796425155]-HASH=[462C14F99751D]-cluster]}, ping_response{node [{node_t3}{pVB3V9rcTUWO-cgIIcYX3A}{127.0.0.1}{127.0.0.1:9660}[mode=>network]], id[954], master [null], hasJoinedOnce [false], cluster_name[TEST-CHILD_VM=[2]-CLUSTER_SEED=[2858301384796425155]-HASH=[462C14F99751D]-cluster]}, ping_response{node [{node_t3}{pVB3V9rcTUWO-cgIIcYX3A}{127.0.0.1}{127.0.0.1:9660}[mode=>network]], id[957], master [null], hasJoinedOnce [false], cluster_name[TEST-CHILD_VM=[2]-CLUSTER_SEED=[2858301384796425155]-HASH=[462C14F99751D]-cluster]}]
[2016-03-30 14:02:04,135][TRACE][org.elasticsearch.discovery.zen.ping.unicast] [node_t3] [1] failed to connect to {#zen_unicast_9#}{::1}{[::1]:9663}
ConnectTransportException[[][[::1]:9663] connect_timeout[30s]]; nested: ConnectException[Connection refused: /0:0:0:0:0:0:0:1:9663];
	at org.elasticsearch.transport.netty.NettyTransport.connectToChannelsLight(NettyTransport.java:948)
	at org.elasticsearch.transport.netty.NettyTransport.connectToNode(NettyTransport.java:912)
	at org.elasticsearch.transport.netty.NettyTransport.connectToNodeLight(NettyTransport.java:884)
	at org.elasticsearch.test.transport.MockTransportService$LookupTestTransport.connectToNodeLight(MockTransportService.java:412)
	at org.elasticsearch.transport.TransportService.connectToNodeLight(TransportService.java:250)
	at org.elasticsearch.discovery.zen.ping.unicast.UnicastZenPing$3.run(UnicastZenPing.java:395)
	at java.util.concurrent.ThreadPoolExecutor.runWorker(ThreadPoolExecutor.java:1142)
	at java.util.concurrent.ThreadPoolExecutor$Worker.run(ThreadPoolExecutor.java:617)
	at java.lang.Thread.run(Thread.java:745)
Caused by: java.net.ConnectException: Connection refused: /0:0:0:0:0:0:0:1:9663
	at sun.nio.ch.SocketChannelImpl.checkConnect(Native Method)
	at sun.nio.ch.SocketChannelImpl.finishConnect(SocketChannelImpl.java:717)
	at org.jboss.netty.channel.socket.nio.NioClientBoss.connect(NioClientBoss.java:152)
	at org.jboss.netty.channel.socket.nio.NioClientBoss.processSelectedKeys(NioClientBoss.java:105)
	at org.jboss.netty.channel.socket.nio.NioClientBoss.process(NioClientBoss.java:79)
	at org.jboss.netty.channel.socket.nio.AbstractNioSelector.run(AbstractNioSelector.java:337)
	at org.jboss.netty.channel.socket.nio.NioClientBoss.run(NioClientBoss.java:42)
	at org.jboss.netty.util.ThreadRenamingRunnable.run(ThreadRenamingRunnable.java:108)
	at org.jboss.netty.util.internal.DeadLockProofWorker$1.run(DeadLockProofWorker.java:42)
	... 3 more
[2016-03-30 14:02:04,136][TRACE][org.elasticsearch.discovery.zen.ping.unicast] [node_t3] [1] received response from {#zen_unicast_2#}{127.0.0.1}{127.0.0.1:9661}: [ping_response{node [{node_t1}{lk7U_niVSKyTWpmVoV3sIA}{127.0.0.1}{127.0.0.1:9661}[mode=>network]], id[913], master [null], hasJoinedOnce [true], cluster_name[TEST-CHILD_VM=[2]-CLUSTER_SEED=[2858301384796425155]-HASH=[462C14F99751D]-cluster]}, ping_response{node [{node_t1}{lk7U_niVSKyTWpmVoV3sIA}{127.0.0.1}{127.0.0.1:9661}[mode=>network]], id[913], master [null], hasJoinedOnce [true], cluster_name[TEST-CHILD_VM=[2]-CLUSTER_SEED=[2858301384796425155]-HASH=[462C14F99751D]-cluster]}, ping_response{node [{node_t1}{lk7U_niVSKyTWpmVoV3sIA}{127.0.0.1}{127.0.0.1:9661}[mode=>network]], id[913], master [null], hasJoinedOnce [true], cluster_name[TEST-CHILD_VM=[2]-CLUSTER_SEED=[2858301384796425155]-HASH=[462C14F99751D]-cluster]}, ping_response{node [{node_t1}{lk7U_niVSKyTWpmVoV3sIA}{127.0.0.1}{127.0.0.1:9661}[mode=>network]], id[917], master [null], hasJoinedOnce [true], cluster_name[TEST-CHILD_VM=[2]-CLUSTER_SEED=[2858301384796425155]-HASH=[462C14F99751D]-cluster]}, ping_response{node [{node_t1}{lk7U_niVSKyTWpmVoV3sIA}{127.0.0.1}{127.0.0.1:9661}[mode=>network]], id[917], master [null], hasJoinedOnce [true], cluster_name[TEST-CHILD_VM=[2]-CLUSTER_SEED=[2858301384796425155]-HASH=[462C14F99751D]-cluster]}, ping_response{node [{node_t1}{lk7U_niVSKyTWpmVoV3sIA}{127.0.0.1}{127.0.0.1:9661}[mode=>network]], id[917], master [null], hasJoinedOnce [true], cluster_name[TEST-CHILD_VM=[2]-CLUSTER_SEED=[2858301384796425155]-HASH=[462C14F99751D]-cluster]}, ping_response{node [{node_t1}{lk7U_niVSKyTWpmVoV3sIA}{127.0.0.1}{127.0.0.1:9661}[mode=>network]], id[921], master [null], hasJoinedOnce [true], cluster_name[TEST-CHILD_VM=[2]-CLUSTER_SEED=[2858301384796425155]-HASH=[462C14F99751D]-cluster]}, ping_response{node [{node_t1}{lk7U_niVSKyTWpmVoV3sIA}{127.0.0.1}{127.0.0.1:9661}[mode=>network]], id[921], master [null], hasJoinedOnce [true], cluster_name[TEST-CHILD_VM=[2]-CLUSTER_SEED=[2858301384796425155]-HASH=[462C14F99751D]-cluster]}, ping_response{node [{node_t1}{lk7U_niVSKyTWpmVoV3sIA}{127.0.0.1}{127.0.0.1:9661}[mode=>network]], id[921], master [null], hasJoinedOnce [true], cluster_name[TEST-CHILD_VM=[2]-CLUSTER_SEED=[2858301384796425155]-HASH=[462C14F99751D]-cluster]}, ping_response{node [{node_t3}{pVB3V9rcTUWO-cgIIcYX3A}{127.0.0.1}{127.0.0.1:9660}[mode=>network]], id[926], master [null], hasJoinedOnce [false], cluster_name[TEST-CHILD_VM=[2]-CLUSTER_SEED=[2858301384796425155]-HASH=[462C14F99751D]-cluster]}, ping_response{node [{node_t3}{pVB3V9rcTUWO-cgIIcYX3A}{127.0.0.1}{127.0.0.1:9660}[mode=>network]], id[926], master [null], hasJoinedOnce [false], cluster_name[TEST-CHILD_VM=[2]-CLUSTER_SEED=[2858301384796425155]-HASH=[462C14F99751D]-cluster]}, ping_response{node [{node_t3}{pVB3V9rcTUWO-cgIIcYX3A}{127.0.0.1}{127.0.0.1:9660}[mode=>network]], id[926], master [null], hasJoinedOnce [false], cluster_name[TEST-CHILD_VM=[2]-CLUSTER_SEED=[2858301384796425155]-HASH=[462C14F99751D]-cluster]}, ping_response{node [{node_t1}{lk7U_niVSKyTWpmVoV3sIA}{127.0.0.1}{127.0.0.1:9661}[mode=>network]], id[933], master [null], hasJoinedOnce [true], cluster_name[TEST-CHILD_VM=[2]-CLUSTER_SEED=[2858301384796425155]-HASH=[462C14F99751D]-cluster]}, ping_response{node [{node_t1}{lk7U_niVSKyTWpmVoV3sIA}{127.0.0.1}{127.0.0.1:9661}[mode=>network]], id[933], master [null], hasJoinedOnce [true], cluster_name[TEST-CHILD_VM=[2]-CLUSTER_SEED=[2858301384796425155]-HASH=[462C14F99751D]-cluster]}, ping_response{node [{node_t1}{lk7U_niVSKyTWpmVoV3sIA}{127.0.0.1}{127.0.0.1:9661}[mode=>network]], id[933], master [null], hasJoinedOnce [true], cluster_name[TEST-CHILD_VM=[2]-CLUSTER_SEED=[2858301384796425155]-HASH=[462C14F99751D]-cluster]}, ping_response{node [{node_t3}{pVB3V9rcTUWO-cgIIcYX3A}{127.0.0.1}{127.0.0.1:9660}[mode=>network]], id[940], master [null], hasJoinedOnce [false], cluster_name[TEST-CHILD_VM=[2]-CLUSTER_SEED=[2858301384796425155]-HASH=[462C14F99751D]-cluster]}, ping_response{node [{node_t3}{pVB3V9rcTUWO-cgIIcYX3A}{127.0.0.1}{127.0.0.1:9660}[mode=>network]], id[940], master [null], hasJoinedOnce [false], cluster_name[TEST-CHILD_VM=[2]-CLUSTER_SEED=[2858301384796425155]-HASH=[462C14F99751D]-cluster]}, ping_response{node [{node_t3}{pVB3V9rcTUWO-cgIIcYX3A}{127.0.0.1}{127.0.0.1:9660}[mode=>network]], id[940], master [null], hasJoinedOnce [false], cluster_name[TEST-CHILD_VM=[2]-CLUSTER_SEED=[2858301384796425155]-HASH=[462C14F99751D]-cluster]}, ping_response{node [{node_t1}{lk7U_niVSKyTWpmVoV3sIA}{127.0.0.1}{127.0.0.1:9661}[mode=>network]], id[947], master [null], hasJoinedOnce [true], cluster_name[TEST-CHILD_VM=[2]-CLUSTER_SEED=[2858301384796425155]-HASH=[462C14F99751D]-cluster]}, ping_response{node [{node_t1}{lk7U_niVSKyTWpmVoV3sIA}{127.0.0.1}{127.0.0.1:9661}[mode=>network]], id[947], master [null], hasJoinedOnce [true], cluster_name[TEST-CHILD_VM=[2]-CLUSTER_SEED=[2858301384796425155]-HASH=[462C14F99751D]-cluster]}, ping_response{node [{node_t1}{lk7U_niVSKyTWpmVoV3sIA}{127.0.0.1}{127.0.0.1:9661}[mode=>network]], id[947], master [null], hasJoinedOnce [true], cluster_name[TEST-CHILD_VM=[2]-CLUSTER_SEED=[2858301384796425155]-HASH=[462C14F99751D]-cluster]}, ping_response{node [{node_t3}{pVB3V9rcTUWO-cgIIcYX3A}{127.0.0.1}{127.0.0.1:9660}[mode=>network]], id[954], master [null], hasJoinedOnce [false], cluster_name[TEST-CHILD_VM=[2]-CLUSTER_SEED=[2858301384796425155]-HASH=[462C14F99751D]-cluster]}, ping_response{node [{node_t1}{lk7U_niVSKyTWpmVoV3sIA}{127.0.0.1}{127.0.0.1:9661}[mode=>network]], id[956], master [null], hasJoinedOnce [true], cluster_name[TEST-CHILD_VM=[2]-CLUSTER_SEED=[2858301384796425155]-HASH=[462C14F99751D]-cluster]}]
[2016-03-30 14:02:04,137][TRACE][org.elasticsearch.discovery.zen.ping.unicast] [node_t3] [1] connected to {node_t1}{lk7U_niVSKyTWpmVoV3sIA}{127.0.0.1}{127.0.0.1:9661}[mode=>network]
[2016-03-30 14:02:04,137][TRACE][org.elasticsearch.discovery.zen.ping.unicast] [node_t3] [1] sending to {#zen_unicast_13_lk7U_niVSKyTWpmVoV3sIA#}{127.0.0.1}{127.0.0.1:9661}[mode=>network]
[2016-03-30 14:02:04,137][TRACE][org.elasticsearch.discovery.zen.ping.unicast] [node_t3] [1] received response from {#zen_unicast_7#}{::1}{[::1]:9661}: [ping_response{node [{node_t1}{lk7U_niVSKyTWpmVoV3sIA}{127.0.0.1}{127.0.0.1:9661}[mode=>network]], id[913], master [null], hasJoinedOnce [true], cluster_name[TEST-CHILD_VM=[2]-CLUSTER_SEED=[2858301384796425155]-HASH=[462C14F99751D]-cluster]}, ping_response{node [{node_t1}{lk7U_niVSKyTWpmVoV3sIA}{127.0.0.1}{127.0.0.1:9661}[mode=>network]], id[913], master [null], hasJoinedOnce [true], cluster_name[TEST-CHILD_VM=[2]-CLUSTER_SEED=[2858301384796425155]-HASH=[462C14F99751D]-cluster]}, ping_response{node [{node_t1}{lk7U_niVSKyTWpmVoV3sIA}{127.0.0.1}{127.0.0.1:9661}[mode=>network]], id[913], master [null], hasJoinedOnce [true], cluster_name[TEST-CHILD_VM=[2]-CLUSTER_SEED=[2858301384796425155]-HASH=[462C14F99751D]-cluster]}, ping_response{node [{node_t1}{lk7U_niVSKyTWpmVoV3sIA}{127.0.0.1}{127.0.0.1:9661}[mode=>network]], id[917], master [null], hasJoinedOnce [true], cluster_name[TEST-CHILD_VM=[2]-CLUSTER_SEED=[2858301384796425155]-HASH=[462C14F99751D]-cluster]}, ping_response{node [{node_t1}{lk7U_niVSKyTWpmVoV3sIA}{127.0.0.1}{127.0.0.1:9661}[mode=>network]], id[917], master [null], hasJoinedOnce [true], cluster_name[TEST-CHILD_VM=[2]-CLUSTER_SEED=[2858301384796425155]-HASH=[462C14F99751D]-cluster]}, ping_response{node [{node_t1}{lk7U_niVSKyTWpmVoV3sIA}{127.0.0.1}{127.0.0.1:9661}[mode=>network]], id[917], master [null], hasJoinedOnce [true], cluster_name[TEST-CHILD_VM=[2]-CLUSTER_SEED=[2858301384796425155]-HASH=[462C14F99751D]-cluster]}, ping_response{node [{node_t1}{lk7U_niVSKyTWpmVoV3sIA}{127.0.0.1}{127.0.0.1:9661}[mode=>network]], id[921], master [null], hasJoinedOnce [true], cluster_name[TEST-CHILD_VM=[2]-CLUSTER_SEED=[2858301384796425155]-HASH=[462C14F99751D]-cluster]}, ping_response{node [{node_t1}{lk7U_niVSKyTWpmVoV3sIA}{127.0.0.1}{127.0.0.1:9661}[mode=>network]], id[921], master [null], hasJoinedOnce [true], cluster_name[TEST-CHILD_VM=[2]-CLUSTER_SEED=[2858301384796425155]-HASH=[462C14F99751D]-cluster]}, ping_response{node [{node_t1}{lk7U_niVSKyTWpmVoV3sIA}{127.0.0.1}{127.0.0.1:9661}[mode=>network]], id[921], master [null], hasJoinedOnce [true], cluster_name[TEST-CHILD_VM=[2]-CLUSTER_SEED=[2858301384796425155]-HASH=[462C14F99751D]-cluster]}, ping_response{node [{node_t3}{pVB3V9rcTUWO-cgIIcYX3A}{127.0.0.1}{127.0.0.1:9660}[mode=>network]], id[926], master [null], hasJoinedOnce [false], cluster_name[TEST-CHILD_VM=[2]-CLUSTER_SEED=[2858301384796425155]-HASH=[462C14F99751D]-cluster]}, ping_response{node [{node_t3}{pVB3V9rcTUWO-cgIIcYX3A}{127.0.0.1}{127.0.0.1:9660}[mode=>network]], id[926], master [null], hasJoinedOnce [false], cluster_name[TEST-CHILD_VM=[2]-CLUSTER_SEED=[2858301384796425155]-HASH=[462C14F99751D]-cluster]}, ping_response{node [{node_t3}{pVB3V9rcTUWO-cgIIcYX3A}{127.0.0.1}{127.0.0.1:9660}[mode=>network]], id[926], master [null], hasJoinedOnce [false], cluster_name[TEST-CHILD_VM=[2]-CLUSTER_SEED=[2858301384796425155]-HASH=[462C14F99751D]-cluster]}, ping_response{node [{node_t1}{lk7U_niVSKyTWpmVoV3sIA}{127.0.0.1}{127.0.0.1:9661}[mode=>network]], id[933], master [null], hasJoinedOnce [true], cluster_name[TEST-CHILD_VM=[2]-CLUSTER_SEED=[2858301384796425155]-HASH=[462C14F99751D]-cluster]}, ping_response{node [{node_t1}{lk7U_niVSKyTWpmVoV3sIA}{127.0.0.1}{127.0.0.1:9661}[mode=>network]], id[933], master [null], hasJoinedOnce [true], cluster_name[TEST-CHILD_VM=[2]-CLUSTER_SEED=[2858301384796425155]-HASH=[462C14F99751D]-cluster]}, ping_response{node [{node_t1}{lk7U_niVSKyTWpmVoV3sIA}{127.0.0.1}{127.0.0.1:9661}[mode=>network]], id[933], master [null], hasJoinedOnce [true], cluster_name[TEST-CHILD_VM=[2]-CLUSTER_SEED=[2858301384796425155]-HASH=[462C14F99751D]-cluster]}, ping_response{node [{node_t3}{pVB3V9rcTUWO-cgIIcYX3A}{127.0.0.1}{127.0.0.1:9660}[mode=>network]], id[940], master [null], hasJoinedOnce [false], cluster_name[TEST-CHILD_VM=[2]-CLUSTER_SEED=[2858301384796425155]-HASH=[462C14F99751D]-cluster]}, ping_response{node [{node_t3}{pVB3V9rcTUWO-cgIIcYX3A}{127.0.0.1}{127.0.0.1:9660}[mode=>network]], id[940], master [null], hasJoinedOnce [false], cluster_name[TEST-CHILD_VM=[2]-CLUSTER_SEED=[2858301384796425155]-HASH=[462C14F99751D]-cluster]}, ping_response{node [{node_t3}{pVB3V9rcTUWO-cgIIcYX3A}{127.0.0.1}{127.0.0.1:9660}[mode=>network]], id[940], master [null], hasJoinedOnce [false], cluster_name[TEST-CHILD_VM=[2]-CLUSTER_SEED=[2858301384796425155]-HASH=[462C14F99751D]-cluster]}, ping_response{node [{node_t1}{lk7U_niVSKyTWpmVoV3sIA}{127.0.0.1}{127.0.0.1:9661}[mode=>network]], id[947], master [null], hasJoinedOnce [true], cluster_name[TEST-CHILD_VM=[2]-CLUSTER_SEED=[2858301384796425155]-HASH=[462C14F99751D]-cluster]}, ping_response{node [{node_t1}{lk7U_niVSKyTWpmVoV3sIA}{127.0.0.1}{127.0.0.1:9661}[mode=>network]], id[947], master [null], hasJoinedOnce [true], cluster_name[TEST-CHILD_VM=[2]-CLUSTER_SEED=[2858301384796425155]-HASH=[462C14F99751D]-cluster]}, ping_response{node [{node_t1}{lk7U_niVSKyTWpmVoV3sIA}{127.0.0.1}{127.0.0.1:9661}[mode=>network]], id[947], master [null], hasJoinedOnce [true], cluster_name[TEST-CHILD_VM=[2]-CLUSTER_SEED=[2858301384796425155]-HASH=[462C14F99751D]-cluster]}, ping_response{node [{node_t3}{pVB3V9rcTUWO-cgIIcYX3A}{127.0.0.1}{127.0.0.1:9660}[mode=>network]], id[954], master [null], hasJoinedOnce [false], cluster_name[TEST-CHILD_VM=[2]-CLUSTER_SEED=[2858301384796425155]-HASH=[462C14F99751D]-cluster]}, ping_response{node [{node_t3}{pVB3V9rcTUWO-cgIIcYX3A}{127.0.0.1}{127.0.0.1:9660}[mode=>network]], id[954], master [null], hasJoinedOnce [false], cluster_name[TEST-CHILD_VM=[2]-CLUSTER_SEED=[2858301384796425155]-HASH=[462C14F99751D]-cluster]}, ping_response{node [{node_t1}{lk7U_niVSKyTWpmVoV3sIA}{127.0.0.1}{127.0.0.1:9661}[mode=>network]], id[958], master [null], hasJoinedOnce [true], cluster_name[TEST-CHILD_VM=[2]-CLUSTER_SEED=[2858301384796425155]-HASH=[462C14F99751D]-cluster]}]
[2016-03-30 14:02:04,139][TRACE][org.elasticsearch.discovery.zen.ping.unicast] [node_t3] [1] received response from {#zen_unicast_13_lk7U_niVSKyTWpmVoV3sIA#}{127.0.0.1}{127.0.0.1:9661}[mode=>network]: [ping_response{node [{node_t1}{lk7U_niVSKyTWpmVoV3sIA}{127.0.0.1}{127.0.0.1:9661}[mode=>network]], id[913], master [null], hasJoinedOnce [true], cluster_name[TEST-CHILD_VM=[2]-CLUSTER_SEED=[2858301384796425155]-HASH=[462C14F99751D]-cluster]}, ping_response{node [{node_t1}{lk7U_niVSKyTWpmVoV3sIA}{127.0.0.1}{127.0.0.1:9661}[mode=>network]], id[913], master [null], hasJoinedOnce [true], cluster_name[TEST-CHILD_VM=[2]-CLUSTER_SEED=[2858301384796425155]-HASH=[462C14F99751D]-cluster]}, ping_response{node [{node_t1}{lk7U_niVSKyTWpmVoV3sIA}{127.0.0.1}{127.0.0.1:9661}[mode=>network]], id[913], master [null], hasJoinedOnce [true], cluster_name[TEST-CHILD_VM=[2]-CLUSTER_SEED=[2858301384796425155]-HASH=[462C14F99751D]-cluster]}, ping_response{node [{node_t1}{lk7U_niVSKyTWpmVoV3sIA}{127.0.0.1}{127.0.0.1:9661}[mode=>network]], id[917], master [null], hasJoinedOnce [true], cluster_name[TEST-CHILD_VM=[2]-CLUSTER_SEED=[2858301384796425155]-HASH=[462C14F99751D]-cluster]}, ping_response{node [{node_t1}{lk7U_niVSKyTWpmVoV3sIA}{127.0.0.1}{127.0.0.1:9661}[mode=>network]], id[917], master [null], hasJoinedOnce [true], cluster_name[TEST-CHILD_VM=[2]-CLUSTER_SEED=[2858301384796425155]-HASH=[462C14F99751D]-cluster]}, ping_response{node [{node_t1}{lk7U_niVSKyTWpmVoV3sIA}{127.0.0.1}{127.0.0.1:9661}[mode=>network]], id[917], master [null], hasJoinedOnce [true], cluster_name[TEST-CHILD_VM=[2]-CLUSTER_SEED=[2858301384796425155]-HASH=[462C14F99751D]-cluster]}, ping_response{node [{node_t1}{lk7U_niVSKyTWpmVoV3sIA}{127.0.0.1}{127.0.0.1:9661}[mode=>network]], id[921], master [null], hasJoinedOnce [true], cluster_name[TEST-CHILD_VM=[2]-CLUSTER_SEED=[2858301384796425155]-HASH=[462C14F99751D]-cluster]}, ping_response{node [{node_t1}{lk7U_niVSKyTWpmVoV3sIA}{127.0.0.1}{127.0.0.1:9661}[mode=>network]], id[921], master [null], hasJoinedOnce [true], cluster_name[TEST-CHILD_VM=[2]-CLUSTER_SEED=[2858301384796425155]-HASH=[462C14F99751D]-cluster]}, ping_response{node [{node_t1}{lk7U_niVSKyTWpmVoV3sIA}{127.0.0.1}{127.0.0.1:9661}[mode=>network]], id[921], master [null], hasJoinedOnce [true], cluster_name[TEST-CHILD_VM=[2]-CLUSTER_SEED=[2858301384796425155]-HASH=[462C14F99751D]-cluster]}, ping_response{node [{node_t3}{pVB3V9rcTUWO-cgIIcYX3A}{127.0.0.1}{127.0.0.1:9660}[mode=>network]], id[926], master [null], hasJoinedOnce [false], cluster_name[TEST-CHILD_VM=[2]-CLUSTER_SEED=[2858301384796425155]-HASH=[462C14F99751D]-cluster]}, ping_response{node [{node_t3}{pVB3V9rcTUWO-cgIIcYX3A}{127.0.0.1}{127.0.0.1:9660}[mode=>network]], id[926], master [null], hasJoinedOnce [false], cluster_name[TEST-CHILD_VM=[2]-CLUSTER_SEED=[2858301384796425155]-HASH=[462C14F99751D]-cluster]}, ping_response{node [{node_t3}{pVB3V9rcTUWO-cgIIcYX3A}{127.0.0.1}{127.0.0.1:9660}[mode=>network]], id[926], master [null], hasJoinedOnce [false], cluster_name[TEST-CHILD_VM=[2]-CLUSTER_SEED=[2858301384796425155]-HASH=[462C14F99751D]-cluster]}, ping_response{node [{node_t1}{lk7U_niVSKyTWpmVoV3sIA}{127.0.0.1}{127.0.0.1:9661}[mode=>network]], id[933], master [null], hasJoinedOnce [true], cluster_name[TEST-CHILD_VM=[2]-CLUSTER_SEED=[2858301384796425155]-HASH=[462C14F99751D]-cluster]}, ping_response{node [{node_t1}{lk7U_niVSKyTWpmVoV3sIA}{127.0.0.1}{127.0.0.1:9661}[mode=>network]], id[933], master [null], hasJoinedOnce [true], cluster_name[TEST-CHILD_VM=[2]-CLUSTER_SEED=[2858301384796425155]-HASH=[462C14F99751D]-cluster]}, ping_response{node [{node_t1}{lk7U_niVSKyTWpmVoV3sIA}{127.0.0.1}{127.0.0.1:9661}[mode=>network]], id[933], master [null], hasJoinedOnce [true], cluster_name[TEST-CHILD_VM=[2]-CLUSTER_SEED=[2858301384796425155]-HASH=[462C14F99751D]-cluster]}, ping_response{node [{node_t3}{pVB3V9rcTUWO-cgIIcYX3A}{127.0.0.1}{127.0.0.1:9660}[mode=>network]], id[940], master [null], hasJoinedOnce [false], cluster_name[TEST-CHILD_VM=[2]-CLUSTER_SEED=[2858301384796425155]-HASH=[462C14F99751D]-cluster]}, ping_response{node [{node_t3}{pVB3V9rcTUWO-cgIIcYX3A}{127.0.0.1}{127.0.0.1:9660}[mode=>network]], id[940], master [null], hasJoinedOnce [false], cluster_name[TEST-CHILD_VM=[2]-CLUSTER_SEED=[2858301384796425155]-HASH=[462C14F99751D]-cluster]}, ping_response{node [{node_t3}{pVB3V9rcTUWO-cgIIcYX3A}{127.0.0.1}{127.0.0.1:9660}[mode=>network]], id[940], master [null], hasJoinedOnce [false], cluster_name[TEST-CHILD_VM=[2]-CLUSTER_SEED=[2858301384796425155]-HASH=[462C14F99751D]-cluster]}, ping_response{node [{node_t1}{lk7U_niVSKyTWpmVoV3sIA}{127.0.0.1}{127.0.0.1:9661}[mode=>network]], id[947], master [null], hasJoinedOnce [true], cluster_name[TEST-CHILD_VM=[2]-CLUSTER_SEED=[2858301384796425155]-HASH=[462C14F99751D]-cluster]}, ping_response{node [{node_t1}{lk7U_niVSKyTWpmVoV3sIA}{127.0.0.1}{127.0.0.1:9661}[mode=>network]], id[947], master [null], hasJoinedOnce [true], cluster_name[TEST-CHILD_VM=[2]-CLUSTER_SEED=[2858301384796425155]-HASH=[462C14F99751D]-cluster]}, ping_response{node [{node_t1}{lk7U_niVSKyTWpmVoV3sIA}{127.0.0.1}{127.0.0.1:9661}[mode=>network]], id[947], master [null], hasJoinedOnce [true], cluster_name[TEST-CHILD_VM=[2]-CLUSTER_SEED=[2858301384796425155]-HASH=[462C14F99751D]-cluster]}, ping_response{node [{node_t3}{pVB3V9rcTUWO-cgIIcYX3A}{127.0.0.1}{127.0.0.1:9660}[mode=>network]], id[954], master [null], hasJoinedOnce [false], cluster_name[TEST-CHILD_VM=[2]-CLUSTER_SEED=[2858301384796425155]-HASH=[462C14F99751D]-cluster]}, ping_response{node [{node_t3}{pVB3V9rcTUWO-cgIIcYX3A}{127.0.0.1}{127.0.0.1:9660}[mode=>network]], id[954], master [null], hasJoinedOnce [false], cluster_name[TEST-CHILD_VM=[2]-CLUSTER_SEED=[2858301384796425155]-HASH=[462C14F99751D]-cluster]}, ping_response{node [{node_t3}{pVB3V9rcTUWO-cgIIcYX3A}{127.0.0.1}{127.0.0.1:9660}[mode=>network]], id[954], master [null], hasJoinedOnce [false], cluster_name[TEST-CHILD_VM=[2]-CLUSTER_SEED=[2858301384796425155]-HASH=[462C14F99751D]-cluster]}, ping_response{node [{node_t1}{lk7U_niVSKyTWpmVoV3sIA}{127.0.0.1}{127.0.0.1:9661}[mode=>network]], id[960], master [null], hasJoinedOnce [true], cluster_name[TEST-CHILD_VM=[2]-CLUSTER_SEED=[2858301384796425155]-HASH=[462C14F99751D]-cluster]}]
[2016-03-30 14:02:04,140][TRACE][org.elasticsearch.discovery.zen.ping.unicast] [node_t3] [1] disconnecting from {#zen_unicast_2#}{127.0.0.1}{127.0.0.1:9661}
[2016-03-30 14:02:04,140][TRACE][org.elasticsearch.discovery.zen] [node_t3] full ping responses:
	--> ping_response{node [{node_t1}{lk7U_niVSKyTWpmVoV3sIA}{127.0.0.1}{127.0.0.1:9661}[mode=>network]], id[960], master [null], hasJoinedOnce [true], cluster_name[TEST-CHILD_VM=[2]-CLUSTER_SEED=[2858301384796425155]-HASH=[462C14F99751D]-cluster]}
[2016-03-30 14:02:04,140][DEBUG][org.elasticsearch.discovery.zen] [node_t3] filtered ping responses: (filter_client[true], filter_data[false])
	--> ping_response{node [{node_t1}{lk7U_niVSKyTWpmVoV3sIA}{127.0.0.1}{127.0.0.1:9661}[mode=>network]], id[960], master [null], hasJoinedOnce [true], cluster_name[TEST-CHILD_VM=[2]-CLUSTER_SEED=[2858301384796425155]-HASH=[462C14F99751D]-cluster]}
[2016-03-30 14:02:04,140][TRACE][org.elasticsearch.discovery.zen.ping.unicast] [node_t3] [1] disconnecting from {#zen_unicast_12_lk7U_niVSKyTWpmVoV3sIA#}{127.0.0.1}{127.0.0.1:9661}[mode=>network]
[2016-03-30 14:02:04,140][TRACE][org.elasticsearch.discovery.zen] [node_t3] stopping join accumulation ([not master])
[2016-03-30 14:02:04,140][TRACE][org.elasticsearch.discovery.zen.ping.unicast] [node_t3] [1] disconnecting from {#zen_unicast_10#}{::1}{[::1]:9664}
[2016-03-30 14:02:04,140][TRACE][org.elasticsearch.discovery.zen.ping.unicast] [node_t3] [1] disconnecting from {#zen_unicast_11_lk7U_niVSKyTWpmVoV3sIA#}{127.0.0.1}{127.0.0.1:9661}[mode=>network]
[2016-03-30 14:02:04,141][TRACE][org.elasticsearch.discovery.zen.ping.unicast] [node_t3] [1] disconnecting from {#zen_unicast_6#}{::1}{[::1]:9660}
[2016-03-30 14:02:04,141][TRACE][org.elasticsearch.discovery.zen.ping.unicast] [node_t3] [1] disconnecting from {#zen_unicast_5#}{127.0.0.1}{127.0.0.1:9664}
[2016-03-30 14:02:04,141][TRACE][org.elasticsearch.discovery.zen.ping.unicast] [node_t3] [1] disconnecting from {#zen_unicast_4#}{127.0.0.1}{127.0.0.1:9663}
[2016-03-30 14:02:04,141][TRACE][org.elasticsearch.discovery.zen.ping.unicast] [node_t3] [1] disconnecting from {#zen_unicast_13_lk7U_niVSKyTWpmVoV3sIA#}{127.0.0.1}{127.0.0.1:9661}[mode=>network]
[2016-03-30 14:02:04,141][TRACE][org.elasticsearch.discovery.zen.ping.unicast] [node_t3] [1] disconnecting from {#zen_unicast_3#}{127.0.0.1}{127.0.0.1:9662}
[2016-03-30 14:02:04,141][TRACE][org.elasticsearch.discovery.zen.ping.unicast] [node_t3] [1] disconnecting from {#zen_unicast_9#}{::1}{[::1]:9663}
[2016-03-30 14:02:04,141][TRACE][org.elasticsearch.discovery.zen.ping.unicast] [node_t3] [1] disconnecting from {#zen_unicast_8#}{::1}{[::1]:9662}
[2016-03-30 14:02:04,141][TRACE][org.elasticsearch.discovery.zen.ping.unicast] [node_t3] [1] disconnecting from {#zen_unicast_7#}{::1}{[::1]:9661}
[2016-03-30 14:02:04,143][TRACE][org.elasticsearch.discovery.zen] [node_t3] joining master {node_t1}{lk7U_niVSKyTWpmVoV3sIA}{127.0.0.1}{127.0.0.1:9661}[mode=>network]
[2016-03-30 14:02:04,146][TRACE][org.elasticsearch.cluster.service] [node_t1] will process [zen-disco-join(elected_as_master, [1] joins received)]
[2016-03-30 14:02:04,146][DEBUG][org.elasticsearch.cluster.service] [node_t1] processing [zen-disco-join(elected_as_master, [1] joins received)]: execute
[2016-03-30 14:02:04,147][TRACE][org.elasticsearch.gateway] [node_t1] [test][5] fetching [shard_started] from [lk7U_niVSKyTWpmVoV3sIA]
[2016-03-30 14:02:04,147][TRACE][org.elasticsearch.gateway] [node_t1] [test][5] loading local shard state info
[2016-03-30 14:02:04,147][TRACE][org.elasticsearch.gateway] [node_t1] [test][5], node[null], [P], v[5], s[UNASSIGNED], unassigned_info[[reason=NODE_LEFT], at[2016-03-30T21:02:04.147Z], details[node_left[D8L07SziRtqglEhU0dOiNA]]]: ignoring allocation, still fetching shard started state
[2016-03-30 14:02:04,147][TRACE][org.elasticsearch.gateway] [node_t1] [test][7] fetching [shard_started] from [lk7U_niVSKyTWpmVoV3sIA]
[2016-03-30 14:02:04,147][TRACE][org.elasticsearch.gateway] [node_t1] [test][7] loading local shard state info
[2016-03-30 14:02:04,147][TRACE][org.elasticsearch.gateway] [node_t1] [test][7], node[null], [P], v[5], s[UNASSIGNED], unassigned_info[[reason=NODE_LEFT], at[2016-03-30T21:02:04.147Z], details[node_left[D8L07SziRtqglEhU0dOiNA]]]: ignoring allocation, still fetching shard started state
[2016-03-30 14:02:04,147][TRACE][org.elasticsearch.gateway] [node_t1] [test][3] fetching [shard_started] from [lk7U_niVSKyTWpmVoV3sIA]
[2016-03-30 14:02:04,147][TRACE][org.elasticsearch.gateway] [node_t1] [test][3], node[null], [P], v[5], s[UNASSIGNED], unassigned_info[[reason=NODE_LEFT], at[2016-03-30T21:02:04.147Z], details[node_left[D8L07SziRtqglEhU0dOiNA]]]: ignoring allocation, still fetching shard started state
[2016-03-30 14:02:04,148][TRACE][org.elasticsearch.gateway] [node_t1] [test][3] loading local shard state info
[2016-03-30 14:02:04,148][TRACE][org.elasticsearch.gateway] [node_t1] [test][1] fetching [shard_started] from [lk7U_niVSKyTWpmVoV3sIA]
[2016-03-30 14:02:04,148][TRACE][org.elasticsearch.gateway] [node_t1] [test][1], node[null], [P], v[5], s[UNASSIGNED], unassigned_info[[reason=NODE_LEFT], at[2016-03-30T21:02:04.147Z], details[node_left[D8L07SziRtqglEhU0dOiNA]]]: ignoring allocation, still fetching shard started state
[2016-03-30 14:02:04,148][TRACE][org.elasticsearch.gateway] [node_t1] [test][1] loading local shard state info
[2016-03-30 14:02:04,148][TRACE][org.elasticsearch.cluster.service] [node_t1] cluster state updated, source [zen-disco-join(elected_as_master, [1] joins received)]
version: 11
state uuid: Vg7gQx4oSiWjvHYVhsq2IQ
from_diff: false
meta data version: 6
nodes: 
   {node_t1}{lk7U_niVSKyTWpmVoV3sIA}{127.0.0.1}{127.0.0.1:9661}[mode=>network], local, master
   {node_t3}{pVB3V9rcTUWO-cgIIcYX3A}{127.0.0.1}{127.0.0.1:9660}[mode=>network]
routing_table (version 9):
-- index [test]
----shard_id [test][0]
--------[test][0], node[lk7U_niVSKyTWpmVoV3sIA], [P], v[2], s[STARTED], a[id=uC3ewIfZRDW-4Ye1pl4ULw]
----shard_id [test][1]
--------[test][1], node[null], [P], v[5], s[UNASSIGNED], unassigned_info[[reason=NODE_LEFT], at[2016-03-30T21:02:04.147Z], details[node_left[D8L07SziRtqglEhU0dOiNA]]]
----shard_id [test][2]
--------[test][2], node[lk7U_niVSKyTWpmVoV3sIA], [P], v[2], s[STARTED], a[id=aldfZzscRt6PWb38x5_cjA]
----shard_id [test][3]
--------[test][3], node[null], [P], v[5], s[UNASSIGNED], unassigned_info[[reason=NODE_LEFT], at[2016-03-30T21:02:04.147Z], details[node_left[D8L07SziRtqglEhU0dOiNA]]]
----shard_id [test][4]
--------[test][4], node[lk7U_niVSKyTWpmVoV3sIA], [P], v[2], s[STARTED], a[id=7dKyNkRvT0WKMiTTjDRO4A]
----shard_id [test][5]
--------[test][5], node[null], [P], v[5], s[UNASSIGNED], unassigned_info[[reason=NODE_LEFT], at[2016-03-30T21:02:04.147Z], details[node_left[D8L07SziRtqglEhU0dOiNA]]]
----shard_id [test][6]
--------[test][6], node[lk7U_niVSKyTWpmVoV3sIA], [P], v[2], s[STARTED], a[id=RFLG2DrFRBCCZsSxxCrbog]
----shard_id [test][7]
--------[test][7], node[null], [P], v[5], s[UNASSIGNED], unassigned_info[[reason=NODE_LEFT], at[2016-03-30T21:02:04.147Z], details[node_left[D8L07SziRtqglEhU0dOiNA]]]

routing_nodes:
-----node_id[lk7U_niVSKyTWpmVoV3sIA][V]
--------[test][6], node[lk7U_niVSKyTWpmVoV3sIA], [P], v[2], s[STARTED], a[id=RFLG2DrFRBCCZsSxxCrbog]
--------[test][2], node[lk7U_niVSKyTWpmVoV3sIA], [P], v[2], s[STARTED], a[id=aldfZzscRt6PWb38x5_cjA]
--------[test][4], node[lk7U_niVSKyTWpmVoV3sIA], [P], v[2], s[STARTED], a[id=7dKyNkRvT0WKMiTTjDRO4A]
--------[test][0], node[lk7U_niVSKyTWpmVoV3sIA], [P], v[2], s[STARTED], a[id=uC3ewIfZRDW-4Ye1pl4ULw]
-----node_id[pVB3V9rcTUWO-cgIIcYX3A][V]
---- unassigned
--------[test][3], node[null], [P], v[5], s[UNASSIGNED], unassigned_info[[reason=NODE_LEFT], at[2016-03-30T21:02:04.147Z], details[node_left[D8L07SziRtqglEhU0dOiNA]]]
--------[test][7], node[null], [P], v[5], s[UNASSIGNED], unassigned_info[[reason=NODE_LEFT], at[2016-03-30T21:02:04.147Z], details[node_left[D8L07SziRtqglEhU0dOiNA]]]
--------[test][5], node[null], [P], v[5], s[UNASSIGNED], unassigned_info[[reason=NODE_LEFT], at[2016-03-30T21:02:04.147Z], details[node_left[D8L07SziRtqglEhU0dOiNA]]]
--------[test][1], node[null], [P], v[5], s[UNASSIGNED], unassigned_info[[reason=NODE_LEFT], at[2016-03-30T21:02:04.147Z], details[node_left[D8L07SziRtqglEhU0dOiNA]]]

[2016-03-30 14:02:04,149][INFO ][org.elasticsearch.cluster.service] [node_t1] new_master {node_t1}{lk7U_niVSKyTWpmVoV3sIA}{127.0.0.1}{127.0.0.1:9661}[mode=>network], added {{node_t3}{pVB3V9rcTUWO-cgIIcYX3A}{127.0.0.1}{127.0.0.1:9660}[mode=>network],}, reason: zen-disco-join(elected_as_master, [1] joins received)
[2016-03-30 14:02:04,149][DEBUG][org.elasticsearch.cluster.service] [node_t1] publishing cluster state version [11]
[2016-03-30 14:02:04,150][DEBUG][org.elasticsearch.discovery.zen.publish] [node_t3] received full cluster state version [11] with size [753]
[2016-03-30 14:02:04,150][TRACE][org.elasticsearch.discovery.zen.publish] [node_t1] master node {node_t3}{pVB3V9rcTUWO-cgIIcYX3A}{127.0.0.1}{127.0.0.1:9660}[mode=>network] acked cluster state version [11]. processing ... (current pending [1], needed [1])
[2016-03-30 14:02:04,150][TRACE][org.elasticsearch.discovery.zen.publish] [node_t1] committing version [11]
[2016-03-30 14:02:04,150][TRACE][org.elasticsearch.discovery.zen.publish] [node_t1] sending commit for cluster state (uuid: [Vg7gQx4oSiWjvHYVhsq2IQ], version [11]) to [{node_t3}{pVB3V9rcTUWO-cgIIcYX3A}{127.0.0.1}{127.0.0.1:9660}[mode=>network]]
[2016-03-30 14:02:04,154][TRACE][org.elasticsearch.cluster.service] [node_t3] will process [zen-disco-receive(from master [master {node_t1}{lk7U_niVSKyTWpmVoV3sIA}{127.0.0.1}{127.0.0.1:9661}[mode=>network] committed version [11]])]
[2016-03-30 14:02:04,154][DEBUG][org.elasticsearch.cluster.service] [node_t3] processing [zen-disco-receive(from master [master {node_t1}{lk7U_niVSKyTWpmVoV3sIA}{127.0.0.1}{127.0.0.1:9661}[mode=>network] committed version [11]])]: execute
[2016-03-30 14:02:04,156][DEBUG][org.elasticsearch.discovery.zen.fd] [node_t3] [master] restarting fault detection against master [{node_t1}{lk7U_niVSKyTWpmVoV3sIA}{127.0.0.1}{127.0.0.1:9661}[mode=>network]], reason [new cluster state received and we are monitoring the wrong master [null]]
[2016-03-30 14:02:04,156][DEBUG][org.elasticsearch.discovery.zen] [node_t3] got first state from fresh master [lk7U_niVSKyTWpmVoV3sIA]
[2016-03-30 14:02:04,156][TRACE][org.elasticsearch.discovery.zen] [node_t3] updated cluster join cluster to [1]
[2016-03-30 14:02:04,156][TRACE][org.elasticsearch.cluster.service] [node_t3] cluster state updated, source [zen-disco-receive(from master [master {node_t1}{lk7U_niVSKyTWpmVoV3sIA}{127.0.0.1}{127.0.0.1:9661}[mode=>network] committed version [11]])]
version: 11
state uuid: Vg7gQx4oSiWjvHYVhsq2IQ
from_diff: false
meta data version: 6
nodes: 
   {node_t1}{lk7U_niVSKyTWpmVoV3sIA}{127.0.0.1}{127.0.0.1:9661}[mode=>network], master
   {node_t3}{pVB3V9rcTUWO-cgIIcYX3A}{127.0.0.1}{127.0.0.1:9660}[mode=>network], local
routing_table (version 9):
-- index [test]
----shard_id [test][0]
--------[test][0], node[lk7U_niVSKyTWpmVoV3sIA], [P], v[2], s[STARTED], a[id=uC3ewIfZRDW-4Ye1pl4ULw]
----shard_id [test][1]
--------[test][1], node[null], [P], v[5], s[UNASSIGNED], unassigned_info[[reason=NODE_LEFT], at[2016-03-30T21:02:04.147Z], details[node_left[D8L07SziRtqglEhU0dOiNA]]]
----shard_id [test][2]
--------[test][2], node[lk7U_niVSKyTWpmVoV3sIA], [P], v[2], s[STARTED], a[id=aldfZzscRt6PWb38x5_cjA]
----shard_id [test][3]
--------[test][3], node[null], [P], v[5], s[UNASSIGNED], unassigned_info[[reason=NODE_LEFT], at[2016-03-30T21:02:04.147Z], details[node_left[D8L07SziRtqglEhU0dOiNA]]]
----shard_id [test][4]
--------[test][4], node[lk7U_niVSKyTWpmVoV3sIA], [P], v[2], s[STARTED], a[id=7dKyNkRvT0WKMiTTjDRO4A]
----shard_id [test][5]
--------[test][5], node[null], [P], v[5], s[UNASSIGNED], unassigned_info[[reason=NODE_LEFT], at[2016-03-30T21:02:04.147Z], details[node_left[D8L07SziRtqglEhU0dOiNA]]]
----shard_id [test][6]
--------[test][6], node[lk7U_niVSKyTWpmVoV3sIA], [P], v[2], s[STARTED], a[id=RFLG2DrFRBCCZsSxxCrbog]
----shard_id [test][7]
--------[test][7], node[null], [P], v[5], s[UNASSIGNED], unassigned_info[[reason=NODE_LEFT], at[2016-03-30T21:02:04.147Z], details[node_left[D8L07SziRtqglEhU0dOiNA]]]

routing_nodes:
-----node_id[lk7U_niVSKyTWpmVoV3sIA][V]
--------[test][6], node[lk7U_niVSKyTWpmVoV3sIA], [P], v[2], s[STARTED], a[id=RFLG2DrFRBCCZsSxxCrbog]
--------[test][2], node[lk7U_niVSKyTWpmVoV3sIA], [P], v[2], s[STARTED], a[id=aldfZzscRt6PWb38x5_cjA]
--------[test][4], node[lk7U_niVSKyTWpmVoV3sIA], [P], v[2], s[STARTED], a[id=7dKyNkRvT0WKMiTTjDRO4A]
--------[test][0], node[lk7U_niVSKyTWpmVoV3sIA], [P], v[2], s[STARTED], a[id=uC3ewIfZRDW-4Ye1pl4ULw]
-----node_id[pVB3V9rcTUWO-cgIIcYX3A][V]
---- unassigned
--------[test][7], node[null], [P], v[5], s[UNASSIGNED], unassigned_info[[reason=NODE_LEFT], at[2016-03-30T21:02:04.147Z], details[node_left[D8L07SziRtqglEhU0dOiNA]]]
--------[test][3], node[null], [P], v[5], s[UNASSIGNED], unassigned_info[[reason=NODE_LEFT], at[2016-03-30T21:02:04.147Z], details[node_left[D8L07SziRtqglEhU0dOiNA]]]
--------[test][1], node[null], [P], v[5], s[UNASSIGNED], unassigned_info[[reason=NODE_LEFT], at[2016-03-30T21:02:04.147Z], details[node_left[D8L07SziRtqglEhU0dOiNA]]]
--------[test][5], node[null], [P], v[5], s[UNASSIGNED], unassigned_info[[reason=NODE_LEFT], at[2016-03-30T21:02:04.147Z], details[node_left[D8L07SziRtqglEhU0dOiNA]]]

[2016-03-30 14:02:04,157][INFO ][org.elasticsearch.cluster.service] [node_t3] detected_master {node_t1}{lk7U_niVSKyTWpmVoV3sIA}{127.0.0.1}{127.0.0.1:9661}[mode=>network], added {{node_t1}{lk7U_niVSKyTWpmVoV3sIA}{127.0.0.1}{127.0.0.1:9661}[mode=>network],}, reason: zen-disco-receive(from master [master {node_t1}{lk7U_niVSKyTWpmVoV3sIA}{127.0.0.1}{127.0.0.1:9661}[mode=>network] committed version [11]])
[2016-03-30 14:02:04,157][DEBUG][org.elasticsearch.cluster.service] [node_t3] set local cluster state to version 11
[2016-03-30 14:02:04,160][TRACE][org.elasticsearch.gateway] [node_t1] [test][1] no local shard info found
[2016-03-30 14:02:04,160][TRACE][org.elasticsearch.gateway] [node_t1] [test][5] no local shard info found
[2016-03-30 14:02:04,160][TRACE][org.elasticsearch.gateway] [node_t1] [test][1] processing fetched [shard_started] results
[2016-03-30 14:02:04,160][TRACE][org.elasticsearch.gateway] [node_t1] [test][5] processing fetched [shard_started] results
[2016-03-30 14:02:04,160][TRACE][org.elasticsearch.gateway] [node_t1] [test][5] marking lk7U_niVSKyTWpmVoV3sIA as done for [shard_started]
[2016-03-30 14:02:04,160][TRACE][org.elasticsearch.gateway] [node_t1] [test][1] marking lk7U_niVSKyTWpmVoV3sIA as done for [shard_started]
[2016-03-30 14:02:04,160][TRACE][org.elasticsearch.gateway] [node_t1] [test][5] scheduling reroute for post_response
[2016-03-30 14:02:04,160][TRACE][org.elasticsearch.gateway] [node_t1] [test][1] scheduling reroute for post_response
[2016-03-30 14:02:04,160][TRACE][org.elasticsearch.gateway] [node_t1] [test][3] no local shard info found
[2016-03-30 14:02:04,160][TRACE][org.elasticsearch.gateway] [node_t1] [test][7] no local shard info found
[2016-03-30 14:02:04,160][TRACE][org.elasticsearch.gateway] [node_t1] [test][3] processing fetched [shard_started] results
[2016-03-30 14:02:04,160][TRACE][org.elasticsearch.gateway] [node_t1] [test][7] processing fetched [shard_started] results
[2016-03-30 14:02:04,160][TRACE][org.elasticsearch.gateway] [node_t1] [test][7] marking lk7U_niVSKyTWpmVoV3sIA as done for [shard_started]
[2016-03-30 14:02:04,160][TRACE][org.elasticsearch.gateway] [node_t1] [test][3] marking lk7U_niVSKyTWpmVoV3sIA as done for [shard_started]
[2016-03-30 14:02:04,160][TRACE][org.elasticsearch.gateway] [node_t1] [test][7] scheduling reroute for post_response
[2016-03-30 14:02:04,161][TRACE][org.elasticsearch.gateway] [node_t1] [test][3] scheduling reroute for post_response
[2016-03-30 14:02:04,181][TRACE][org.elasticsearch.gateway] [node_t3] [_global] writing state, reason [changed]
[2016-03-30 14:02:04,209][TRACE][org.elasticsearch.gateway] [node_t3] [test] writing state, reason [freshly created]
[2016-03-30 14:02:04,243][DEBUG][org.elasticsearch.cluster.service] [node_t3] processing [zen-disco-receive(from master [master {node_t1}{lk7U_niVSKyTWpmVoV3sIA}{127.0.0.1}{127.0.0.1:9661}[mode=>network] committed version [11]])]: took 88ms done applying updated cluster_state (version: 11, uuid: Vg7gQx4oSiWjvHYVhsq2IQ)
[2016-03-30 14:02:04,243][DEBUG][org.elasticsearch.cluster.service] [node_t1] set local cluster state to version 11
[2016-03-30 14:02:04,243][TRACE][org.elasticsearch.cluster.service] [node_t3] will process [gateway_initial_state_recovery]
[2016-03-30 14:02:04,243][DEBUG][org.elasticsearch.cluster.service] [node_t3] processing [gateway_initial_state_recovery]: execute
[2016-03-30 14:02:04,243][DEBUG][org.elasticsearch.cluster.service] [node_t3] processing [gateway_initial_state_recovery]: took 0s no change in cluster_state
[2016-03-30 14:02:04,256][TRACE][org.elasticsearch.discovery.zen] [node_t1] stopping join accumulation ([election closed])
[2016-03-30 14:02:04,256][TRACE][org.elasticsearch.discovery.zen] [node_t1] cluster joins counter set to [3] (elected as master)
[2016-03-30 14:02:04,256][DEBUG][org.elasticsearch.cluster.service] [node_t1] processing [zen-disco-join(elected_as_master, [1] joins received)]: took 109ms done applying updated cluster_state (version: 11, uuid: Vg7gQx4oSiWjvHYVhsq2IQ)
[2016-03-30 14:02:04,256][TRACE][org.elasticsearch.cluster.service] [node_t1] will process [cluster_reroute(async_shard_fetch)]
[2016-03-30 14:02:04,256][DEBUG][org.elasticsearch.cluster.service] [node_t1] processing [cluster_reroute(async_shard_fetch)]: execute
[2016-03-30 14:02:04,256][TRACE][org.elasticsearch.gateway] [node_t1] [test][7] fetching [shard_started] from [pVB3V9rcTUWO-cgIIcYX3A]
[2016-03-30 14:02:04,256][TRACE][org.elasticsearch.cluster.service] [node_t3] will process [finalize_join ({node_t1}{lk7U_niVSKyTWpmVoV3sIA}{127.0.0.1}{127.0.0.1:9661}[mode=>network])]
[2016-03-30 14:02:04,257][DEBUG][org.elasticsearch.cluster.service] [node_t3] processing [finalize_join ({node_t1}{lk7U_niVSKyTWpmVoV3sIA}{127.0.0.1}{127.0.0.1:9661}[mode=>network])]: execute
[2016-03-30 14:02:04,257][TRACE][org.elasticsearch.gateway] [node_t1] [test][7], node[null], [P], v[5], s[UNASSIGNED], unassigned_info[[reason=NODE_LEFT], at[2016-03-30T21:02:04.147Z], details[node_left[D8L07SziRtqglEhU0dOiNA]]]: ignoring allocation, still fetching shard started state
[2016-03-30 14:02:04,257][DEBUG][org.elasticsearch.cluster.service] [node_t3] processing [finalize_join ({node_t1}{lk7U_niVSKyTWpmVoV3sIA}{127.0.0.1}{127.0.0.1:9661}[mode=>network])]: took 0s no change in cluster_state
[2016-03-30 14:02:04,257][TRACE][org.elasticsearch.gateway] [node_t1] [test][1] fetching [shard_started] from [pVB3V9rcTUWO-cgIIcYX3A]
[2016-03-30 14:02:04,257][TRACE][org.elasticsearch.gateway] [node_t1] [test][1], node[null], [P], v[5], s[UNASSIGNED], unassigned_info[[reason=NODE_LEFT], at[2016-03-30T21:02:04.147Z], details[node_left[D8L07SziRtqglEhU0dOiNA]]]: ignoring allocation, still fetching shard started state
[2016-03-30 14:02:04,257][TRACE][org.elasticsearch.gateway] [node_t1] [test][5] fetching [shard_started] from [pVB3V9rcTUWO-cgIIcYX3A]
[2016-03-30 14:02:04,257][TRACE][org.elasticsearch.gateway] [node_t1] [test][5], node[null], [P], v[5], s[UNASSIGNED], unassigned_info[[reason=NODE_LEFT], at[2016-03-30T21:02:04.147Z], details[node_left[D8L07SziRtqglEhU0dOiNA]]]: ignoring allocation, still fetching shard started state
[2016-03-30 14:02:04,257][TRACE][org.elasticsearch.gateway] [node_t1] [test][3] fetching [shard_started] from [pVB3V9rcTUWO-cgIIcYX3A]
[2016-03-30 14:02:04,257][TRACE][org.elasticsearch.gateway] [node_t3] [test][7] loading local shard state info
[2016-03-30 14:02:04,258][TRACE][org.elasticsearch.gateway] [node_t1] [test][3], node[null], [P], v[5], s[UNASSIGNED], unassigned_info[[reason=NODE_LEFT], at[2016-03-30T21:02:04.147Z], details[node_left[D8L07SziRtqglEhU0dOiNA]]]: ignoring allocation, still fetching shard started state
[2016-03-30 14:02:04,258][TRACE][org.elasticsearch.gateway] [node_t3] [test][1] loading local shard state info
[2016-03-30 14:02:04,258][DEBUG][org.elasticsearch.cluster.service] [node_t1] processing [cluster_reroute(async_shard_fetch)]: took 1ms no change in cluster_state
[2016-03-30 14:02:04,258][TRACE][org.elasticsearch.gateway] [node_t3] [test][3] loading local shard state info
[2016-03-30 14:02:04,258][TRACE][org.elasticsearch.gateway] [node_t3] [test][5] loading local shard state info
[2016-03-30 14:02:04,259][TRACE][org.elasticsearch.gateway] [node_t3] found state file: [id:1, legacy:false, file:/Users/brijeshs/Documents/elasticsearch_sort_netbeans/elasticsearch/core/build/testrun/integTest/J2/temp/org.elasticsearch.cluster.MinimumMasterNodesIT_F7928424F380CF7C-001/tempDir-004/d1/TEST-CHILD_VM=[2]-CLUSTER_SEED=[2858301384796425155]-HASH=[462C14F99751D]-cluster/nodes/0/indices/test/7/_state/state-1.st]
[2016-03-30 14:02:04,259][TRACE][org.elasticsearch.gateway] [node_t3] found state file: [id:1, legacy:false, file:/Users/brijeshs/Documents/elasticsearch_sort_netbeans/elasticsearch/core/build/testrun/integTest/J2/temp/org.elasticsearch.cluster.MinimumMasterNodesIT_F7928424F380CF7C-001/tempDir-004/d0/TEST-CHILD_VM=[2]-CLUSTER_SEED=[2858301384796425155]-HASH=[462C14F99751D]-cluster/nodes/0/indices/test/1/_state/state-1.st]
[2016-03-30 14:02:04,260][TRACE][org.elasticsearch.gateway] [node_t3] found state file: [id:1, legacy:false, file:/Users/brijeshs/Documents/elasticsearch_sort_netbeans/elasticsearch/core/build/testrun/integTest/J2/temp/org.elasticsearch.cluster.MinimumMasterNodesIT_F7928424F380CF7C-001/tempDir-004/d2/TEST-CHILD_VM=[2]-CLUSTER_SEED=[2858301384796425155]-HASH=[462C14F99751D]-cluster/nodes/0/indices/test/5/_state/state-1.st]
[2016-03-30 14:02:04,260][TRACE][org.elasticsearch.gateway] [node_t3] found state file: [id:1, legacy:false, file:/Users/brijeshs/Documents/elasticsearch_sort_netbeans/elasticsearch/core/build/testrun/integTest/J2/temp/org.elasticsearch.cluster.MinimumMasterNodesIT_F7928424F380CF7C-001/tempDir-004/d3/TEST-CHILD_VM=[2]-CLUSTER_SEED=[2858301384796425155]-HASH=[462C14F99751D]-cluster/nodes/0/indices/test/3/_state/state-1.st]
[2016-03-30 14:02:04,262][TRACE][org.elasticsearch.transport.tracer] [transport_client_node_t3] [1][cluster:monitor/health] sent to [{node_t3}{pVB3V9rcTUWO-cgIIcYX3A}{127.0.0.1}{127.0.0.1:9660}[mode=>network]] (timeout: [null])
[2016-03-30 14:02:04,262][TRACE][org.elasticsearch.gateway] [node_t3] state id [1] read from [state-1.st]
[2016-03-30 14:02:04,262][TRACE][org.elasticsearch.gateway] [node_t3] state id [1] read from [state-1.st]
[2016-03-30 14:02:04,262][TRACE][org.elasticsearch.cluster.service] [node_t1] will process [cluster_health (wait_for_events [LANGUID])]
[2016-03-30 14:02:04,262][DEBUG][org.elasticsearch.cluster.service] [node_t1] processing [cluster_health (wait_for_events [LANGUID])]: execute
[2016-03-30 14:02:04,262][DEBUG][org.elasticsearch.cluster.service] [node_t1] processing [cluster_health (wait_for_events [LANGUID])]: took 0s no change in cluster_state
[2016-03-30 14:02:04,263][TRACE][org.elasticsearch.gateway] [node_t3] state id [1] read from [state-1.st]
[2016-03-30 14:02:04,263][TRACE][org.elasticsearch.gateway] [node_t3] state id [1] read from [state-1.st]
[2016-03-30 14:02:04,264][TRACE][org.elasticsearch.gateway] [node_t3] found state file: [id:1, legacy:false, file:/Users/brijeshs/Documents/elasticsearch_sort_netbeans/elasticsearch/core/build/testrun/integTest/J2/temp/org.elasticsearch.cluster.MinimumMasterNodesIT_F7928424F380CF7C-001/tempDir-004/d0/TEST-CHILD_VM=[2]-CLUSTER_SEED=[2858301384796425155]-HASH=[462C14F99751D]-cluster/nodes/0/indices/test/1/_state/state-1.st]
[2016-03-30 14:02:04,264][TRACE][org.elasticsearch.gateway] [node_t3] found state file: [id:1, legacy:false, file:/Users/brijeshs/Documents/elasticsearch_sort_netbeans/elasticsearch/core/build/testrun/integTest/J2/temp/org.elasticsearch.cluster.MinimumMasterNodesIT_F7928424F380CF7C-001/tempDir-004/d1/TEST-CHILD_VM=[2]-CLUSTER_SEED=[2858301384796425155]-HASH=[462C14F99751D]-cluster/nodes/0/indices/test/7/_state/state-1.st]
[2016-03-30 14:02:04,265][TRACE][org.elasticsearch.gateway] [node_t3] found state file: [id:1, legacy:false, file:/Users/brijeshs/Documents/elasticsearch_sort_netbeans/elasticsearch/core/build/testrun/integTest/J2/temp/org.elasticsearch.cluster.MinimumMasterNodesIT_F7928424F380CF7C-001/tempDir-004/d2/TEST-CHILD_VM=[2]-CLUSTER_SEED=[2858301384796425155]-HASH=[462C14F99751D]-cluster/nodes/0/indices/test/5/_state/state-1.st]
[2016-03-30 14:02:04,265][TRACE][org.elasticsearch.gateway] [node_t3] found state file: [id:1, legacy:false, file:/Users/brijeshs/Documents/elasticsearch_sort_netbeans/elasticsearch/core/build/testrun/integTest/J2/temp/org.elasticsearch.cluster.MinimumMasterNodesIT_F7928424F380CF7C-001/tempDir-004/d3/TEST-CHILD_VM=[2]-CLUSTER_SEED=[2858301384796425155]-HASH=[462C14F99751D]-cluster/nodes/0/indices/test/3/_state/state-1.st]
[2016-03-30 14:02:04,265][TRACE][org.elasticsearch.gateway] [node_t3] state id [1] read from [state-1.st]
[2016-03-30 14:02:04,265][TRACE][org.elasticsearch.gateway] [node_t3] state id [1] read from [state-1.st]
[2016-03-30 14:02:04,266][DEBUG][org.elasticsearch.gateway] [node_t3] [test][1] loaded data path [/Users/brijeshs/Documents/elasticsearch_sort_netbeans/elasticsearch/core/build/testrun/integTest/J2/temp/org.elasticsearch.cluster.MinimumMasterNodesIT_F7928424F380CF7C-001/tempDir-004/d0/TEST-CHILD_VM=[2]-CLUSTER_SEED=[2858301384796425155]-HASH=[462C14F99751D]-cluster/nodes/0/indices/test/1], state path [/Users/brijeshs/Documents/elasticsearch_sort_netbeans/elasticsearch/core/build/testrun/integTest/J2/temp/org.elasticsearch.cluster.MinimumMasterNodesIT_F7928424F380CF7C-001/tempDir-004/d0/TEST-CHILD_VM=[2]-CLUSTER_SEED=[2858301384796425155]-HASH=[462C14F99751D]-cluster/nodes/0/indices/test/1]
[2016-03-30 14:02:04,266][DEBUG][org.elasticsearch.gateway] [node_t3] [test][7] loaded data path [/Users/brijeshs/Documents/elasticsearch_sort_netbeans/elasticsearch/core/build/testrun/integTest/J2/temp/org.elasticsearch.cluster.MinimumMasterNodesIT_F7928424F380CF7C-001/tempDir-004/d1/TEST-CHILD_VM=[2]-CLUSTER_SEED=[2858301384796425155]-HASH=[462C14F99751D]-cluster/nodes/0/indices/test/7], state path [/Users/brijeshs/Documents/elasticsearch_sort_netbeans/elasticsearch/core/build/testrun/integTest/J2/temp/org.elasticsearch.cluster.MinimumMasterNodesIT_F7928424F380CF7C-001/tempDir-004/d1/TEST-CHILD_VM=[2]-CLUSTER_SEED=[2858301384796425155]-HASH=[462C14F99751D]-cluster/nodes/0/indices/test/7]
[2016-03-30 14:02:04,266][TRACE][org.elasticsearch.gateway] [node_t3] state id [1] read from [state-1.st]
[2016-03-30 14:02:04,266][TRACE][org.elasticsearch.gateway] [node_t3] state id [1] read from [state-1.st]
[2016-03-30 14:02:04,266][DEBUG][org.elasticsearch.gateway] [node_t3] [test][3] loaded data path [/Users/brijeshs/Documents/elasticsearch_sort_netbeans/elasticsearch/core/build/testrun/integTest/J2/temp/org.elasticsearch.cluster.MinimumMasterNodesIT_F7928424F380CF7C-001/tempDir-004/d3/TEST-CHILD_VM=[2]-CLUSTER_SEED=[2858301384796425155]-HASH=[462C14F99751D]-cluster/nodes/0/indices/test/3], state path [/Users/brijeshs/Documents/elasticsearch_sort_netbeans/elasticsearch/core/build/testrun/integTest/J2/temp/org.elasticsearch.cluster.MinimumMasterNodesIT_F7928424F380CF7C-001/tempDir-004/d3/TEST-CHILD_VM=[2]-CLUSTER_SEED=[2858301384796425155]-HASH=[462C14F99751D]-cluster/nodes/0/indices/test/3]
[2016-03-30 14:02:04,266][DEBUG][org.elasticsearch.gateway] [node_t3] [test][5] loaded data path [/Users/brijeshs/Documents/elasticsearch_sort_netbeans/elasticsearch/core/build/testrun/integTest/J2/temp/org.elasticsearch.cluster.MinimumMasterNodesIT_F7928424F380CF7C-001/tempDir-004/d2/TEST-CHILD_VM=[2]-CLUSTER_SEED=[2858301384796425155]-HASH=[462C14F99751D]-cluster/nodes/0/indices/test/5], state path [/Users/brijeshs/Documents/elasticsearch_sort_netbeans/elasticsearch/core/build/testrun/integTest/J2/temp/org.elasticsearch.cluster.MinimumMasterNodesIT_F7928424F380CF7C-001/tempDir-004/d2/TEST-CHILD_VM=[2]-CLUSTER_SEED=[2858301384796425155]-HASH=[462C14F99751D]-cluster/nodes/0/indices/test/5]
[2016-03-30 14:02:04,268][DEBUG][org.elasticsearch.gateway] [node_t3] [test][1] shard state info found: [version [4], primary [true], allocation [[id=-DkrkBluSumfel6UqU1A8A]]]
[2016-03-30 14:02:04,268][TRACE][org.elasticsearch.gateway] [node_t1] [test][1] processing fetched [shard_started] results
[2016-03-30 14:02:04,268][TRACE][org.elasticsearch.gateway] [node_t1] [test][1] marking pVB3V9rcTUWO-cgIIcYX3A as done for [shard_started]
[2016-03-30 14:02:04,269][DEBUG][org.elasticsearch.gateway] [node_t3] [test][7] shard state info found: [version [4], primary [true], allocation [[id=cPd2tOOJS4aJ_7P9-xS3dg]]]
[2016-03-30 14:02:04,269][TRACE][org.elasticsearch.gateway] [node_t1] [test][1] scheduling reroute for post_response
[2016-03-30 14:02:04,269][TRACE][org.elasticsearch.cluster.service] [node_t1] will process [cluster_reroute(async_shard_fetch)]
[2016-03-30 14:02:04,269][DEBUG][org.elasticsearch.cluster.service] [node_t1] processing [cluster_reroute(async_shard_fetch)]: execute
[2016-03-30 14:02:04,269][TRACE][org.elasticsearch.gateway] [node_t1] [test][7] processing fetched [shard_started] results
[2016-03-30 14:02:04,269][TRACE][org.elasticsearch.gateway] [node_t1] [test][7] marking pVB3V9rcTUWO-cgIIcYX3A as done for [shard_started]
[2016-03-30 14:02:04,269][TRACE][org.elasticsearch.gateway] [node_t1] [test][7] scheduling reroute for post_response
[2016-03-30 14:02:04,270][DEBUG][org.elasticsearch.gateway] [node_t3] [test][5] shard state info found: [version [4], primary [true], allocation [[id=R7TzP3mnTOSq3iJxHgqpRQ]]]
[2016-03-30 14:02:04,270][TRACE][org.elasticsearch.gateway] [node_t1] [[test][7], node[null], [P], v[5], s[UNASSIGNED], unassigned_info[[reason=NODE_LEFT], at[2016-03-30T21:02:04.147Z], details[node_left[D8L07SziRtqglEhU0dOiNA]]]] on node [{node_t1}{lk7U_niVSKyTWpmVoV3sIA}{127.0.0.1}{127.0.0.1:9661}[mode=>network]] has version [-1] of shard
[2016-03-30 14:02:04,270][TRACE][org.elasticsearch.gateway] [node_t1] [[test][7], node[null], [P], v[5], s[UNASSIGNED], unassigned_info[[reason=NODE_LEFT], at[2016-03-30T21:02:04.147Z], details[node_left[D8L07SziRtqglEhU0dOiNA]]]] on node [{node_t3}{pVB3V9rcTUWO-cgIIcYX3A}{127.0.0.1}{127.0.0.1:9660}[mode=>network]] has version [4] of shard
[2016-03-30 14:02:04,270][TRACE][org.elasticsearch.gateway] [node_t1] [test][5] processing fetched [shard_started] results
[2016-03-30 14:02:04,270][TRACE][org.elasticsearch.gateway] [node_t1] [test][7], node[null], [P], v[5], s[UNASSIGNED], unassigned_info[[reason=NODE_LEFT], at[2016-03-30T21:02:04.147Z], details[node_left[D8L07SziRtqglEhU0dOiNA]]] candidates for allocation: [[node_t3] -> 4, ]
[2016-03-30 14:02:04,270][TRACE][org.elasticsearch.gateway] [node_t1] [test][5] marking pVB3V9rcTUWO-cgIIcYX3A as done for [shard_started]
[2016-03-30 14:02:04,270][DEBUG][org.elasticsearch.gateway] [node_t1] [test][7] found 1 allocations of [test][7], node[null], [P], v[5], s[UNASSIGNED], unassigned_info[[reason=NODE_LEFT], at[2016-03-30T21:02:04.147Z], details[node_left[D8L07SziRtqglEhU0dOiNA]]], highest version: [4]
[2016-03-30 14:02:04,270][TRACE][org.elasticsearch.gateway] [node_t1] [test][5] scheduling reroute for post_response
[2016-03-30 14:02:04,270][DEBUG][org.elasticsearch.gateway] [node_t1] [test][7]: allocating [[test][7], node[null], [P], v[5], s[UNASSIGNED], unassigned_info[[reason=NODE_LEFT], at[2016-03-30T21:02:04.147Z], details[node_left[D8L07SziRtqglEhU0dOiNA]]]] to [{node_t3}{pVB3V9rcTUWO-cgIIcYX3A}{127.0.0.1}{127.0.0.1:9660}[mode=>network]] on primary allocation
[2016-03-30 14:02:04,270][TRACE][org.elasticsearch.gateway] [node_t1] [test][3], node[null], [P], v[5], s[UNASSIGNED], unassigned_info[[reason=NODE_LEFT], at[2016-03-30T21:02:04.147Z], details[node_left[D8L07SziRtqglEhU0dOiNA]]]: ignoring allocation, still fetching shard started state
[2016-03-30 14:02:04,271][TRACE][org.elasticsearch.gateway] [node_t1] [[test][5], node[null], [P], v[5], s[UNASSIGNED], unassigned_info[[reason=NODE_LEFT], at[2016-03-30T21:02:04.147Z], details[node_left[D8L07SziRtqglEhU0dOiNA]]]] on node [{node_t1}{lk7U_niVSKyTWpmVoV3sIA}{127.0.0.1}{127.0.0.1:9661}[mode=>network]] has version [-1] of shard
[2016-03-30 14:02:04,271][TRACE][org.elasticsearch.gateway] [node_t1] [[test][5], node[null], [P], v[5], s[UNASSIGNED], unassigned_info[[reason=NODE_LEFT], at[2016-03-30T21:02:04.147Z], details[node_left[D8L07SziRtqglEhU0dOiNA]]]] on node [{node_t3}{pVB3V9rcTUWO-cgIIcYX3A}{127.0.0.1}{127.0.0.1:9660}[mode=>network]] has version [4] of shard
[2016-03-30 14:02:04,271][DEBUG][org.elasticsearch.gateway] [node_t3] [test][3] shard state info found: [version [4], primary [true], allocation [[id=J-H0aUGsQSGAL77vJG85_g]]]
[2016-03-30 14:02:04,271][TRACE][org.elasticsearch.gateway] [node_t1] [test][5], node[null], [P], v[5], s[UNASSIGNED], unassigned_info[[reason=NODE_LEFT], at[2016-03-30T21:02:04.147Z], details[node_left[D8L07SziRtqglEhU0dOiNA]]] candidates for allocation: [[node_t3] -> 4, ]
[2016-03-30 14:02:04,271][DEBUG][org.elasticsearch.gateway] [node_t1] [test][5] found 1 allocations of [test][5], node[null], [P], v[5], s[UNASSIGNED], unassigned_info[[reason=NODE_LEFT], at[2016-03-30T21:02:04.147Z], details[node_left[D8L07SziRtqglEhU0dOiNA]]], highest version: [4]
[2016-03-30 14:02:04,271][DEBUG][org.elasticsearch.gateway] [node_t1] [test][5]: allocating [[test][5], node[null], [P], v[5], s[UNASSIGNED], unassigned_info[[reason=NODE_LEFT], at[2016-03-30T21:02:04.147Z], details[node_left[D8L07SziRtqglEhU0dOiNA]]]] to [{node_t3}{pVB3V9rcTUWO-cgIIcYX3A}{127.0.0.1}{127.0.0.1:9660}[mode=>network]] on primary allocation
[2016-03-30 14:02:04,271][TRACE][org.elasticsearch.gateway] [node_t1] [test][3] processing fetched [shard_started] results
[2016-03-30 14:02:04,271][TRACE][org.elasticsearch.gateway] [node_t1] [test][3] marking pVB3V9rcTUWO-cgIIcYX3A as done for [shard_started]
[2016-03-30 14:02:04,271][TRACE][org.elasticsearch.gateway] [node_t1] [test][3] scheduling reroute for post_response
[2016-03-30 14:02:04,271][TRACE][org.elasticsearch.gateway] [node_t1] [[test][1], node[null], [P], v[5], s[UNASSIGNED], unassigned_info[[reason=NODE_LEFT], at[2016-03-30T21:02:04.147Z], details[node_left[D8L07SziRtqglEhU0dOiNA]]]] on node [{node_t1}{lk7U_niVSKyTWpmVoV3sIA}{127.0.0.1}{127.0.0.1:9661}[mode=>network]] has version [-1] of shard
[2016-03-30 14:02:04,272][TRACE][org.elasticsearch.gateway] [node_t1] [[test][1], node[null], [P], v[5], s[UNASSIGNED], unassigned_info[[reason=NODE_LEFT], at[2016-03-30T21:02:04.147Z], details[node_left[D8L07SziRtqglEhU0dOiNA]]]] on node [{node_t3}{pVB3V9rcTUWO-cgIIcYX3A}{127.0.0.1}{127.0.0.1:9660}[mode=>network]] has version [4] of shard
[2016-03-30 14:02:04,272][TRACE][org.elasticsearch.gateway] [node_t1] [test][1], node[null], [P], v[5], s[UNASSIGNED], unassigned_info[[reason=NODE_LEFT], at[2016-03-30T21:02:04.147Z], details[node_left[D8L07SziRtqglEhU0dOiNA]]] candidates for allocation: [[node_t3] -> 4, ]
[2016-03-30 14:02:04,272][DEBUG][org.elasticsearch.gateway] [node_t1] [test][1] found 1 allocations of [test][1], node[null], [P], v[5], s[UNASSIGNED], unassigned_info[[reason=NODE_LEFT], at[2016-03-30T21:02:04.147Z], details[node_left[D8L07SziRtqglEhU0dOiNA]]], highest version: [4]
[2016-03-30 14:02:04,272][DEBUG][org.elasticsearch.gateway] [node_t1] [test][1]: allocating [[test][1], node[null], [P], v[5], s[UNASSIGNED], unassigned_info[[reason=NODE_LEFT], at[2016-03-30T21:02:04.147Z], details[node_left[D8L07SziRtqglEhU0dOiNA]]]] to [{node_t3}{pVB3V9rcTUWO-cgIIcYX3A}{127.0.0.1}{127.0.0.1:9660}[mode=>network]] on primary allocation
[2016-03-30 14:02:04,272][TRACE][org.elasticsearch.cluster.service] [node_t1] cluster state updated, source [cluster_reroute(async_shard_fetch)]
version: 12
state uuid: pS6EZQetS7aoFy7Fl9b66g
from_diff: false
meta data version: 6
nodes: 
   {node_t1}{lk7U_niVSKyTWpmVoV3sIA}{127.0.0.1}{127.0.0.1:9661}[mode=>network], local, master
   {node_t3}{pVB3V9rcTUWO-cgIIcYX3A}{127.0.0.1}{127.0.0.1:9660}[mode=>network]
routing_table (version 10):
-- index [test]
----shard_id [test][0]
--------[test][0], node[lk7U_niVSKyTWpmVoV3sIA], [P], v[2], s[STARTED], a[id=uC3ewIfZRDW-4Ye1pl4ULw]
----shard_id [test][1]
--------[test][1], node[pVB3V9rcTUWO-cgIIcYX3A], [P], v[5], s[INITIALIZING], a[id=ydik5IuVQ9y1zs0Y5vNlJw], unassigned_info[[reason=NODE_LEFT], at[2016-03-30T21:02:04.147Z], details[node_left[D8L07SziRtqglEhU0dOiNA]]]
----shard_id [test][2]
--------[test][2], node[lk7U_niVSKyTWpmVoV3sIA], [P], v[2], s[STARTED], a[id=aldfZzscRt6PWb38x5_cjA]
----shard_id [test][3]
--------[test][3], node[null], [P], v[5], s[UNASSIGNED], unassigned_info[[reason=NODE_LEFT], at[2016-03-30T21:02:04.147Z], details[node_left[D8L07SziRtqglEhU0dOiNA]]]
----shard_id [test][4]
--------[test][4], node[lk7U_niVSKyTWpmVoV3sIA], [P], v[2], s[STARTED], a[id=7dKyNkRvT0WKMiTTjDRO4A]
----shard_id [test][5]
--------[test][5], node[pVB3V9rcTUWO-cgIIcYX3A], [P], v[5], s[INITIALIZING], a[id=5jsiJk_TS6qzBFfqm4bWzQ], unassigned_info[[reason=NODE_LEFT], at[2016-03-30T21:02:04.147Z], details[node_left[D8L07SziRtqglEhU0dOiNA]]]
----shard_id [test][6]
--------[test][6], node[lk7U_niVSKyTWpmVoV3sIA], [P], v[2], s[STARTED], a[id=RFLG2DrFRBCCZsSxxCrbog]
----shard_id [test][7]
--------[test][7], node[pVB3V9rcTUWO-cgIIcYX3A], [P], v[5], s[INITIALIZING], a[id=yV7daW78RDKvbksgb7gjRw], unassigned_info[[reason=NODE_LEFT], at[2016-03-30T21:02:04.147Z], details[node_left[D8L07SziRtqglEhU0dOiNA]]]

routing_nodes:
-----node_id[lk7U_niVSKyTWpmVoV3sIA][V]
--------[test][6], node[lk7U_niVSKyTWpmVoV3sIA], [P], v[2], s[STARTED], a[id=RFLG2DrFRBCCZsSxxCrbog]
--------[test][4], node[lk7U_niVSKyTWpmVoV3sIA], [P], v[2], s[STARTED], a[id=7dKyNkRvT0WKMiTTjDRO4A]
--------[test][2], node[lk7U_niVSKyTWpmVoV3sIA], [P], v[2], s[STARTED], a[id=aldfZzscRt6PWb38x5_cjA]
--------[test][0], node[lk7U_niVSKyTWpmVoV3sIA], [P], v[2], s[STARTED], a[id=uC3ewIfZRDW-4Ye1pl4ULw]
-----node_id[pVB3V9rcTUWO-cgIIcYX3A][V]
--------[test][1], node[pVB3V9rcTUWO-cgIIcYX3A], [P], v[5], s[INITIALIZING], a[id=ydik5IuVQ9y1zs0Y5vNlJw], unassigned_info[[reason=NODE_LEFT], at[2016-03-30T21:02:04.147Z], details[node_left[D8L07SziRtqglEhU0dOiNA]]]
--------[test][5], node[pVB3V9rcTUWO-cgIIcYX3A], [P], v[5], s[INITIALIZING], a[id=5jsiJk_TS6qzBFfqm4bWzQ], unassigned_info[[reason=NODE_LEFT], at[2016-03-30T21:02:04.147Z], details[node_left[D8L07SziRtqglEhU0dOiNA]]]
--------[test][7], node[pVB3V9rcTUWO-cgIIcYX3A], [P], v[5], s[INITIALIZING], a[id=yV7daW78RDKvbksgb7gjRw], unassigned_info[[reason=NODE_LEFT], at[2016-03-30T21:02:04.147Z], details[node_left[D8L07SziRtqglEhU0dOiNA]]]
---- unassigned
--------[test][3], node[null], [P], v[5], s[UNASSIGNED], unassigned_info[[reason=NODE_LEFT], at[2016-03-30T21:02:04.147Z], details[node_left[D8L07SziRtqglEhU0dOiNA]]]

[2016-03-30 14:02:04,273][DEBUG][org.elasticsearch.cluster.service] [node_t1] publishing cluster state version [12]
[2016-03-30 14:02:04,274][DEBUG][org.elasticsearch.discovery.zen.publish] [node_t3] received diff cluster state version [12] with uuid [pS6EZQetS7aoFy7Fl9b66g], diff size [455]
[2016-03-30 14:02:04,274][TRACE][org.elasticsearch.discovery.zen.publish] [node_t1] master node {node_t3}{pVB3V9rcTUWO-cgIIcYX3A}{127.0.0.1}{127.0.0.1:9660}[mode=>network] acked cluster state version [12]. processing ... (current pending [1], needed [1])
[2016-03-30 14:02:04,274][TRACE][org.elasticsearch.discovery.zen.publish] [node_t1] committing version [12]
[2016-03-30 14:02:04,274][TRACE][org.elasticsearch.discovery.zen.publish] [node_t1] sending commit for cluster state (uuid: [pS6EZQetS7aoFy7Fl9b66g], version [12]) to [{node_t3}{pVB3V9rcTUWO-cgIIcYX3A}{127.0.0.1}{127.0.0.1:9660}[mode=>network]]
[2016-03-30 14:02:04,275][TRACE][org.elasticsearch.cluster.service] [node_t3] will process [zen-disco-receive(from master [master {node_t1}{lk7U_niVSKyTWpmVoV3sIA}{127.0.0.1}{127.0.0.1:9661}[mode=>network] committed version [12]])]
[2016-03-30 14:02:04,275][DEBUG][org.elasticsearch.cluster.service] [node_t3] processing [zen-disco-receive(from master [master {node_t1}{lk7U_niVSKyTWpmVoV3sIA}{127.0.0.1}{127.0.0.1:9661}[mode=>network] committed version [12]])]: execute
[2016-03-30 14:02:04,275][TRACE][org.elasticsearch.cluster.service] [node_t3] cluster state updated, source [zen-disco-receive(from master [master {node_t1}{lk7U_niVSKyTWpmVoV3sIA}{127.0.0.1}{127.0.0.1:9661}[mode=>network] committed version [12]])]
version: 12
state uuid: pS6EZQetS7aoFy7Fl9b66g
from_diff: false
meta data version: 6
nodes: 
   {node_t1}{lk7U_niVSKyTWpmVoV3sIA}{127.0.0.1}{127.0.0.1:9661}[mode=>network], master
   {node_t3}{pVB3V9rcTUWO-cgIIcYX3A}{127.0.0.1}{127.0.0.1:9660}[mode=>network], local
routing_table (version 10):
-- index [test]
----shard_id [test][0]
--------[test][0], node[lk7U_niVSKyTWpmVoV3sIA], [P], v[2], s[STARTED], a[id=uC3ewIfZRDW-4Ye1pl4ULw]
----shard_id [test][1]
--------[test][1], node[pVB3V9rcTUWO-cgIIcYX3A], [P], v[5], s[INITIALIZING], a[id=ydik5IuVQ9y1zs0Y5vNlJw], unassigned_info[[reason=NODE_LEFT], at[2016-03-30T21:02:04.147Z], details[node_left[D8L07SziRtqglEhU0dOiNA]]]
----shard_id [test][2]
--------[test][2], node[lk7U_niVSKyTWpmVoV3sIA], [P], v[2], s[STARTED], a[id=aldfZzscRt6PWb38x5_cjA]
----shard_id [test][3]
--------[test][3], node[null], [P], v[5], s[UNASSIGNED], unassigned_info[[reason=NODE_LEFT], at[2016-03-30T21:02:04.147Z], details[node_left[D8L07SziRtqglEhU0dOiNA]]]
----shard_id [test][4]
--------[test][4], node[lk7U_niVSKyTWpmVoV3sIA], [P], v[2], s[STARTED], a[id=7dKyNkRvT0WKMiTTjDRO4A]
----shard_id [test][5]
--------[test][5], node[pVB3V9rcTUWO-cgIIcYX3A], [P], v[5], s[INITIALIZING], a[id=5jsiJk_TS6qzBFfqm4bWzQ], unassigned_info[[reason=NODE_LEFT], at[2016-03-30T21:02:04.147Z], details[node_left[D8L07SziRtqglEhU0dOiNA]]]
----shard_id [test][6]
--------[test][6], node[lk7U_niVSKyTWpmVoV3sIA], [P], v[2], s[STARTED], a[id=RFLG2DrFRBCCZsSxxCrbog]
----shard_id [test][7]
--------[test][7], node[pVB3V9rcTUWO-cgIIcYX3A], [P], v[5], s[INITIALIZING], a[id=yV7daW78RDKvbksgb7gjRw], unassigned_info[[reason=NODE_LEFT], at[2016-03-30T21:02:04.147Z], details[node_left[D8L07SziRtqglEhU0dOiNA]]]

routing_nodes:
-----node_id[lk7U_niVSKyTWpmVoV3sIA][V]
--------[test][4], node[lk7U_niVSKyTWpmVoV3sIA], [P], v[2], s[STARTED], a[id=7dKyNkRvT0WKMiTTjDRO4A]
--------[test][6], node[lk7U_niVSKyTWpmVoV3sIA], [P], v[2], s[STARTED], a[id=RFLG2DrFRBCCZsSxxCrbog]
--------[test][2], node[lk7U_niVSKyTWpmVoV3sIA], [P], v[2], s[STARTED], a[id=aldfZzscRt6PWb38x5_cjA]
--------[test][0], node[lk7U_niVSKyTWpmVoV3sIA], [P], v[2], s[STARTED], a[id=uC3ewIfZRDW-4Ye1pl4ULw]
-----node_id[pVB3V9rcTUWO-cgIIcYX3A][V]
--------[test][1], node[pVB3V9rcTUWO-cgIIcYX3A], [P], v[5], s[INITIALIZING], a[id=ydik5IuVQ9y1zs0Y5vNlJw], unassigned_info[[reason=NODE_LEFT], at[2016-03-30T21:02:04.147Z], details[node_left[D8L07SziRtqglEhU0dOiNA]]]
--------[test][7], node[pVB3V9rcTUWO-cgIIcYX3A], [P], v[5], s[INITIALIZING], a[id=yV7daW78RDKvbksgb7gjRw], unassigned_info[[reason=NODE_LEFT], at[2016-03-30T21:02:04.147Z], details[node_left[D8L07SziRtqglEhU0dOiNA]]]
--------[test][5], node[pVB3V9rcTUWO-cgIIcYX3A], [P], v[5], s[INITIALIZING], a[id=5jsiJk_TS6qzBFfqm4bWzQ], unassigned_info[[reason=NODE_LEFT], at[2016-03-30T21:02:04.147Z], details[node_left[D8L07SziRtqglEhU0dOiNA]]]
---- unassigned
--------[test][3], node[null], [P], v[5], s[UNASSIGNED], unassigned_info[[reason=NODE_LEFT], at[2016-03-30T21:02:04.147Z], details[node_left[D8L07SziRtqglEhU0dOiNA]]]

[2016-03-30 14:02:04,275][DEBUG][org.elasticsearch.cluster.service] [node_t3] set local cluster state to version 12
[2016-03-30 14:02:04,343][DEBUG][org.elasticsearch.cluster.service] [node_t3] processing [zen-disco-receive(from master [master {node_t1}{lk7U_niVSKyTWpmVoV3sIA}{127.0.0.1}{127.0.0.1:9661}[mode=>network] committed version [12]])]: took 67ms done applying updated cluster_state (version: 12, uuid: pS6EZQetS7aoFy7Fl9b66g)
[2016-03-30 14:02:04,343][DEBUG][org.elasticsearch.cluster.service] [node_t1] set local cluster state to version 12
[2016-03-30 14:02:04,343][TRACE][org.elasticsearch.cluster.service] [node_t3] will process [indices_store ([[test][4]] active fully on other nodes)]
[2016-03-30 14:02:04,343][DEBUG][org.elasticsearch.cluster.service] [node_t3] processing [indices_store ([[test][4]] active fully on other nodes)]: execute
[2016-03-30 14:02:04,346][DEBUG][org.elasticsearch.cluster.service] [node_t1] processing [cluster_reroute(async_shard_fetch)]: took 77ms done applying updated cluster_state (version: 12, uuid: pS6EZQetS7aoFy7Fl9b66g)
[2016-03-30 14:02:04,346][TRACE][org.elasticsearch.cluster.service] [node_t1] will process [shard-started ([test][1], node[pVB3V9rcTUWO-cgIIcYX3A], [P], v[5], s[INITIALIZING], a[id=ydik5IuVQ9y1zs0Y5vNlJw], unassigned_info[[reason=NODE_LEFT], at[2016-03-30T21:02:04.147Z], details[node_left[D8L07SziRtqglEhU0dOiNA]]]), reason [after recovery from store]]
[2016-03-30 14:02:04,346][DEBUG][org.elasticsearch.cluster.service] [node_t1] processing [shard-started ([test][1], node[pVB3V9rcTUWO-cgIIcYX3A], [P], v[5], s[INITIALIZING], a[id=ydik5IuVQ9y1zs0Y5vNlJw], unassigned_info[[reason=NODE_LEFT], at[2016-03-30T21:02:04.147Z], details[node_left[D8L07SziRtqglEhU0dOiNA]]]), reason [after recovery from store]]: execute
[2016-03-30 14:02:04,347][TRACE][org.elasticsearch.gateway] [node_t1] [[test][3], node[null], [P], v[5], s[UNASSIGNED], unassigned_info[[reason=NODE_LEFT], at[2016-03-30T21:02:04.147Z], details[node_left[D8L07SziRtqglEhU0dOiNA]]]] on node [{node_t1}{lk7U_niVSKyTWpmVoV3sIA}{127.0.0.1}{127.0.0.1:9661}[mode=>network]] has version [-1] of shard
[2016-03-30 14:02:04,347][TRACE][org.elasticsearch.gateway] [node_t1] [[test][3], node[null], [P], v[5], s[UNASSIGNED], unassigned_info[[reason=NODE_LEFT], at[2016-03-30T21:02:04.147Z], details[node_left[D8L07SziRtqglEhU0dOiNA]]]] on node [{node_t3}{pVB3V9rcTUWO-cgIIcYX3A}{127.0.0.1}{127.0.0.1:9660}[mode=>network]] has version [4] of shard
[2016-03-30 14:02:04,347][TRACE][org.elasticsearch.gateway] [node_t1] [test][3], node[null], [P], v[5], s[UNASSIGNED], unassigned_info[[reason=NODE_LEFT], at[2016-03-30T21:02:04.147Z], details[node_left[D8L07SziRtqglEhU0dOiNA]]] candidates for allocation: [[node_t3] -> 4, ]
[2016-03-30 14:02:04,347][DEBUG][org.elasticsearch.gateway] [node_t1] [test][3] found 1 allocations of [test][3], node[null], [P], v[5], s[UNASSIGNED], unassigned_info[[reason=NODE_LEFT], at[2016-03-30T21:02:04.147Z], details[node_left[D8L07SziRtqglEhU0dOiNA]]], highest version: [4]
[2016-03-30 14:02:04,347][DEBUG][org.elasticsearch.gateway] [node_t1] [test][3]: allocating [[test][3], node[null], [P], v[5], s[UNASSIGNED], unassigned_info[[reason=NODE_LEFT], at[2016-03-30T21:02:04.147Z], details[node_left[D8L07SziRtqglEhU0dOiNA]]]] to [{node_t3}{pVB3V9rcTUWO-cgIIcYX3A}{127.0.0.1}{127.0.0.1:9660}[mode=>network]] on primary allocation
[2016-03-30 14:02:04,348][TRACE][org.elasticsearch.cluster.service] [node_t1] cluster state updated, source [shard-started ([test][1], node[pVB3V9rcTUWO-cgIIcYX3A], [P], v[5], s[INITIALIZING], a[id=ydik5IuVQ9y1zs0Y5vNlJw], unassigned_info[[reason=NODE_LEFT], at[2016-03-30T21:02:04.147Z], details[node_left[D8L07SziRtqglEhU0dOiNA]]]), reason [after recovery from store]]
version: 13
state uuid: 4WhQd4yDRRWSstcxPUq0lg
from_diff: false
meta data version: 7
nodes: 
   {node_t1}{lk7U_niVSKyTWpmVoV3sIA}{127.0.0.1}{127.0.0.1:9661}[mode=>network], local, master
   {node_t3}{pVB3V9rcTUWO-cgIIcYX3A}{127.0.0.1}{127.0.0.1:9660}[mode=>network]
routing_table (version 11):
-- index [test]
----shard_id [test][0]
--------[test][0], node[lk7U_niVSKyTWpmVoV3sIA], [P], v[2], s[STARTED], a[id=uC3ewIfZRDW-4Ye1pl4ULw]
----shard_id [test][1]
--------[test][1], node[pVB3V9rcTUWO-cgIIcYX3A], [P], v[6], s[STARTED], a[id=ydik5IuVQ9y1zs0Y5vNlJw]
----shard_id [test][2]
--------[test][2], node[lk7U_niVSKyTWpmVoV3sIA], [P], v[2], s[STARTED], a[id=aldfZzscRt6PWb38x5_cjA]
----shard_id [test][3]
--------[test][3], node[pVB3V9rcTUWO-cgIIcYX3A], [P], v[5], s[INITIALIZING], a[id=aliMLsBERmyOTmBtzRuDeQ], unassigned_info[[reason=NODE_LEFT], at[2016-03-30T21:02:04.147Z], details[node_left[D8L07SziRtqglEhU0dOiNA]]]
----shard_id [test][4]
--------[test][4], node[lk7U_niVSKyTWpmVoV3sIA], [P], v[2], s[STARTED], a[id=7dKyNkRvT0WKMiTTjDRO4A]
----shard_id [test][5]
--------[test][5], node[pVB3V9rcTUWO-cgIIcYX3A], [P], v[5], s[INITIALIZING], a[id=5jsiJk_TS6qzBFfqm4bWzQ], unassigned_info[[reason=NODE_LEFT], at[2016-03-30T21:02:04.147Z], details[node_left[D8L07SziRtqglEhU0dOiNA]]]
----shard_id [test][6]
--------[test][6], node[lk7U_niVSKyTWpmVoV3sIA], [P], v[2], s[STARTED], a[id=RFLG2DrFRBCCZsSxxCrbog]
----shard_id [test][7]
--------[test][7], node[pVB3V9rcTUWO-cgIIcYX3A], [P], v[5], s[INITIALIZING], a[id=yV7daW78RDKvbksgb7gjRw], unassigned_info[[reason=NODE_LEFT], at[2016-03-30T21:02:04.147Z], details[node_left[D8L07SziRtqglEhU0dOiNA]]]

routing_nodes:
-----node_id[lk7U_niVSKyTWpmVoV3sIA][V]
--------[test][4], node[lk7U_niVSKyTWpmVoV3sIA], [P], v[2], s[STARTED], a[id=7dKyNkRvT0WKMiTTjDRO4A]
--------[test][2], node[lk7U_niVSKyTWpmVoV3sIA], [P], v[2], s[STARTED], a[id=aldfZzscRt6PWb38x5_cjA]
--------[test][6], node[lk7U_niVSKyTWpmVoV3sIA], [P], v[2], s[STARTED], a[id=RFLG2DrFRBCCZsSxxCrbog]
--------[test][0], node[lk7U_niVSKyTWpmVoV3sIA], [P], v[2], s[STARTED], a[id=uC3ewIfZRDW-4Ye1pl4ULw]
-----node_id[pVB3V9rcTUWO-cgIIcYX3A][V]
--------[test][3], node[pVB3V9rcTUWO-cgIIcYX3A], [P], v[5], s[INITIALIZING], a[id=aliMLsBERmyOTmBtzRuDeQ], unassigned_info[[reason=NODE_LEFT], at[2016-03-30T21:02:04.147Z], details[node_left[D8L07SziRtqglEhU0dOiNA]]]
--------[test][5], node[pVB3V9rcTUWO-cgIIcYX3A], [P], v[5], s[INITIALIZING], a[id=5jsiJk_TS6qzBFfqm4bWzQ], unassigned_info[[reason=NODE_LEFT], at[2016-03-30T21:02:04.147Z], details[node_left[D8L07SziRtqglEhU0dOiNA]]]
--------[test][1], node[pVB3V9rcTUWO-cgIIcYX3A], [P], v[6], s[STARTED], a[id=ydik5IuVQ9y1zs0Y5vNlJw]
--------[test][7], node[pVB3V9rcTUWO-cgIIcYX3A], [P], v[5], s[INITIALIZING], a[id=yV7daW78RDKvbksgb7gjRw], unassigned_info[[reason=NODE_LEFT], at[2016-03-30T21:02:04.147Z], details[node_left[D8L07SziRtqglEhU0dOiNA]]]
---- unassigned

[2016-03-30 14:02:04,348][DEBUG][org.elasticsearch.cluster.service] [node_t1] publishing cluster state version [13]
[2016-03-30 14:02:04,350][DEBUG][org.elasticsearch.discovery.zen.publish] [node_t3] received diff cluster state version [13] with uuid [4WhQd4yDRRWSstcxPUq0lg], diff size [587]
[2016-03-30 14:02:04,350][TRACE][org.elasticsearch.discovery.zen.publish] [node_t1] master node {node_t3}{pVB3V9rcTUWO-cgIIcYX3A}{127.0.0.1}{127.0.0.1:9660}[mode=>network] acked cluster state version [13]. processing ... (current pending [1], needed [1])
[2016-03-30 14:02:04,350][TRACE][org.elasticsearch.discovery.zen.publish] [node_t1] committing version [13]
[2016-03-30 14:02:04,350][TRACE][org.elasticsearch.discovery.zen.publish] [node_t1] sending commit for cluster state (uuid: [4WhQd4yDRRWSstcxPUq0lg], version [13]) to [{node_t3}{pVB3V9rcTUWO-cgIIcYX3A}{127.0.0.1}{127.0.0.1:9660}[mode=>network]]
[2016-03-30 14:02:04,397][DEBUG][org.elasticsearch.cluster.service] [node_t3] processing [indices_store ([[test][4]] active fully on other nodes)]: took 54ms no change in cluster_state
[2016-03-30 14:02:04,397][TRACE][org.elasticsearch.cluster.service] [node_t3] will process [zen-disco-receive(from master [master {node_t1}{lk7U_niVSKyTWpmVoV3sIA}{127.0.0.1}{127.0.0.1:9661}[mode=>network] committed version [13]])]
[2016-03-30 14:02:04,397][DEBUG][org.elasticsearch.cluster.service] [node_t3] processing [zen-disco-receive(from master [master {node_t1}{lk7U_niVSKyTWpmVoV3sIA}{127.0.0.1}{127.0.0.1:9661}[mode=>network] committed version [13]])]: execute
[2016-03-30 14:02:04,398][TRACE][org.elasticsearch.cluster.service] [node_t3] cluster state updated, source [zen-disco-receive(from master [master {node_t1}{lk7U_niVSKyTWpmVoV3sIA}{127.0.0.1}{127.0.0.1:9661}[mode=>network] committed version [13]])]
version: 13
state uuid: 4WhQd4yDRRWSstcxPUq0lg
from_diff: false
meta data version: 7
nodes: 
   {node_t1}{lk7U_niVSKyTWpmVoV3sIA}{127.0.0.1}{127.0.0.1:9661}[mode=>network], master
   {node_t3}{pVB3V9rcTUWO-cgIIcYX3A}{127.0.0.1}{127.0.0.1:9660}[mode=>network], local
routing_table (version 11):
-- index [test]
----shard_id [test][0]
--------[test][0], node[lk7U_niVSKyTWpmVoV3sIA], [P], v[2], s[STARTED], a[id=uC3ewIfZRDW-4Ye1pl4ULw]
----shard_id [test][1]
--------[test][1], node[pVB3V9rcTUWO-cgIIcYX3A], [P], v[6], s[STARTED], a[id=ydik5IuVQ9y1zs0Y5vNlJw]
----shard_id [test][2]
--------[test][2], node[lk7U_niVSKyTWpmVoV3sIA], [P], v[2], s[STARTED], a[id=aldfZzscRt6PWb38x5_cjA]
----shard_id [test][3]
--------[test][3], node[pVB3V9rcTUWO-cgIIcYX3A], [P], v[5], s[INITIALIZING], a[id=aliMLsBERmyOTmBtzRuDeQ], unassigned_info[[reason=NODE_LEFT], at[2016-03-30T21:02:04.147Z], details[node_left[D8L07SziRtqglEhU0dOiNA]]]
----shard_id [test][4]
--------[test][4], node[lk7U_niVSKyTWpmVoV3sIA], [P], v[2], s[STARTED], a[id=7dKyNkRvT0WKMiTTjDRO4A]
----shard_id [test][5]
--------[test][5], node[pVB3V9rcTUWO-cgIIcYX3A], [P], v[5], s[INITIALIZING], a[id=5jsiJk_TS6qzBFfqm4bWzQ], unassigned_info[[reason=NODE_LEFT], at[2016-03-30T21:02:04.147Z], details[node_left[D8L07SziRtqglEhU0dOiNA]]]
----shard_id [test][6]
--------[test][6], node[lk7U_niVSKyTWpmVoV3sIA], [P], v[2], s[STARTED], a[id=RFLG2DrFRBCCZsSxxCrbog]
----shard_id [test][7]
--------[test][7], node[pVB3V9rcTUWO-cgIIcYX3A], [P], v[5], s[INITIALIZING], a[id=yV7daW78RDKvbksgb7gjRw], unassigned_info[[reason=NODE_LEFT], at[2016-03-30T21:02:04.147Z], details[node_left[D8L07SziRtqglEhU0dOiNA]]]

routing_nodes:
-----node_id[lk7U_niVSKyTWpmVoV3sIA][V]
--------[test][4], node[lk7U_niVSKyTWpmVoV3sIA], [P], v[2], s[STARTED], a[id=7dKyNkRvT0WKMiTTjDRO4A]
--------[test][6], node[lk7U_niVSKyTWpmVoV3sIA], [P], v[2], s[STARTED], a[id=RFLG2DrFRBCCZsSxxCrbog]
--------[test][2], node[lk7U_niVSKyTWpmVoV3sIA], [P], v[2], s[STARTED], a[id=aldfZzscRt6PWb38x5_cjA]
--------[test][0], node[lk7U_niVSKyTWpmVoV3sIA], [P], v[2], s[STARTED], a[id=uC3ewIfZRDW-4Ye1pl4ULw]
-----node_id[pVB3V9rcTUWO-cgIIcYX3A][V]
--------[test][3], node[pVB3V9rcTUWO-cgIIcYX3A], [P], v[5], s[INITIALIZING], a[id=aliMLsBERmyOTmBtzRuDeQ], unassigned_info[[reason=NODE_LEFT], at[2016-03-30T21:02:04.147Z], details[node_left[D8L07SziRtqglEhU0dOiNA]]]
--------[test][5], node[pVB3V9rcTUWO-cgIIcYX3A], [P], v[5], s[INITIALIZING], a[id=5jsiJk_TS6qzBFfqm4bWzQ], unassigned_info[[reason=NODE_LEFT], at[2016-03-30T21:02:04.147Z], details[node_left[D8L07SziRtqglEhU0dOiNA]]]
--------[test][1], node[pVB3V9rcTUWO-cgIIcYX3A], [P], v[6], s[STARTED], a[id=ydik5IuVQ9y1zs0Y5vNlJw]
--------[test][7], node[pVB3V9rcTUWO-cgIIcYX3A], [P], v[5], s[INITIALIZING], a[id=yV7daW78RDKvbksgb7gjRw], unassigned_info[[reason=NODE_LEFT], at[2016-03-30T21:02:04.147Z], details[node_left[D8L07SziRtqglEhU0dOiNA]]]
---- unassigned

[2016-03-30 14:02:04,398][DEBUG][org.elasticsearch.cluster.service] [node_t3] set local cluster state to version 13
[2016-03-30 14:02:04,426][TRACE][org.elasticsearch.gateway] [node_t3] [test] writing state, reason [version changed from [5] to [6]]
[2016-03-30 14:02:04,464][DEBUG][org.elasticsearch.cluster.service] [node_t3] processing [zen-disco-receive(from master [master {node_t1}{lk7U_niVSKyTWpmVoV3sIA}{127.0.0.1}{127.0.0.1:9661}[mode=>network] committed version [13]])]: took 66ms done applying updated cluster_state (version: 13, uuid: 4WhQd4yDRRWSstcxPUq0lg)
[2016-03-30 14:02:04,464][TRACE][org.elasticsearch.cluster.service] [node_t3] will process [indices_store ([[test][2]] active fully on other nodes)]
[2016-03-30 14:02:04,464][DEBUG][org.elasticsearch.cluster.service] [node_t3] processing [indices_store ([[test][2]] active fully on other nodes)]: execute
[2016-03-30 14:02:04,464][DEBUG][org.elasticsearch.cluster.service] [node_t1] set local cluster state to version 13
[2016-03-30 14:02:04,464][DEBUG][org.elasticsearch.cluster.service] [node_t3] processing [indices_store ([[test][2]] active fully on other nodes)]: took 0s no change in cluster_state
[2016-03-30 14:02:04,464][TRACE][org.elasticsearch.cluster.service] [node_t3] will process [indices_store ([[test][0]] active fully on other nodes)]
[2016-03-30 14:02:04,464][DEBUG][org.elasticsearch.cluster.service] [node_t3] processing [indices_store ([[test][0]] active fully on other nodes)]: execute
[2016-03-30 14:02:04,464][DEBUG][org.elasticsearch.cluster.service] [node_t3] processing [indices_store ([[test][0]] active fully on other nodes)]: took 0s no change in cluster_state
[2016-03-30 14:02:04,464][TRACE][org.elasticsearch.cluster.service] [node_t3] will process [indices_store ([[test][6]] active fully on other nodes)]
[2016-03-30 14:02:04,464][DEBUG][org.elasticsearch.cluster.service] [node_t3] processing [indices_store ([[test][6]] active fully on other nodes)]: execute
[2016-03-30 14:02:04,464][DEBUG][org.elasticsearch.cluster.service] [node_t3] processing [indices_store ([[test][6]] active fully on other nodes)]: took 0s no change in cluster_state
[2016-03-30 14:02:04,464][TRACE][org.elasticsearch.cluster.service] [node_t3] will process [indices_store ([[test][4]] active fully on other nodes)]
[2016-03-30 14:02:04,465][DEBUG][org.elasticsearch.cluster.service] [node_t3] processing [indices_store ([[test][4]] active fully on other nodes)]: execute
[2016-03-30 14:02:04,465][TRACE][org.elasticsearch.gateway] [node_t1] [test] writing state, reason [version changed from [5] to [6]]
[2016-03-30 14:02:04,500][DEBUG][org.elasticsearch.cluster.service] [node_t3] processing [indices_store ([[test][4]] active fully on other nodes)]: took 35ms no change in cluster_state
[2016-03-30 14:02:04,500][TRACE][org.elasticsearch.cluster.service] [node_t3] will process [indices_store ([[test][6]] active fully on other nodes)]
[2016-03-30 14:02:04,500][DEBUG][org.elasticsearch.cluster.service] [node_t3] processing [indices_store ([[test][6]] active fully on other nodes)]: execute
[2016-03-30 14:02:04,503][DEBUG][org.elasticsearch.cluster.service] [node_t1] processing [shard-started ([test][1], node[pVB3V9rcTUWO-cgIIcYX3A], [P], v[5], s[INITIALIZING], a[id=ydik5IuVQ9y1zs0Y5vNlJw], unassigned_info[[reason=NODE_LEFT], at[2016-03-30T21:02:04.147Z], details[node_left[D8L07SziRtqglEhU0dOiNA]]]), reason [after recovery from store]]: took 156ms done applying updated cluster_state (version: 13, uuid: 4WhQd4yDRRWSstcxPUq0lg)
[2016-03-30 14:02:04,503][TRACE][org.elasticsearch.cluster.service] [node_t1] will process [shard-started ([test][7], node[pVB3V9rcTUWO-cgIIcYX3A], [P], v[5], s[INITIALIZING], a[id=yV7daW78RDKvbksgb7gjRw], unassigned_info[[reason=NODE_LEFT], at[2016-03-30T21:02:04.147Z], details[node_left[D8L07SziRtqglEhU0dOiNA]]]), reason [after recovery from store]]
[2016-03-30 14:02:04,503][TRACE][org.elasticsearch.cluster.service] [node_t1] will process [shard-started ([test][5], node[pVB3V9rcTUWO-cgIIcYX3A], [P], v[5], s[INITIALIZING], a[id=5jsiJk_TS6qzBFfqm4bWzQ], unassigned_info[[reason=NODE_LEFT], at[2016-03-30T21:02:04.147Z], details[node_left[D8L07SziRtqglEhU0dOiNA]]]), reason [after recovery from store]]
[2016-03-30 14:02:04,503][TRACE][org.elasticsearch.cluster.service] [node_t1] will process [shard-started ([test][5], node[pVB3V9rcTUWO-cgIIcYX3A], [P], v[5], s[INITIALIZING], a[id=5jsiJk_TS6qzBFfqm4bWzQ], unassigned_info[[reason=NODE_LEFT], at[2016-03-30T21:02:04.147Z], details[node_left[D8L07SziRtqglEhU0dOiNA]]]), reason [master {node_t1}{lk7U_niVSKyTWpmVoV3sIA}{127.0.0.1}{127.0.0.1:9661}[mode=>network] marked shard as initializing, but shard state is [POST_RECOVERY], mark shard as started]]
[2016-03-30 14:02:04,504][TRACE][org.elasticsearch.cluster.service] [node_t1] will process [shard-started ([test][7], node[pVB3V9rcTUWO-cgIIcYX3A], [P], v[5], s[INITIALIZING], a[id=yV7daW78RDKvbksgb7gjRw], unassigned_info[[reason=NODE_LEFT], at[2016-03-30T21:02:04.147Z], details[node_left[D8L07SziRtqglEhU0dOiNA]]]), reason [master {node_t1}{lk7U_niVSKyTWpmVoV3sIA}{127.0.0.1}{127.0.0.1:9661}[mode=>network] marked shard as initializing, but shard state is [POST_RECOVERY], mark shard as started]]
[2016-03-30 14:02:04,504][TRACE][org.elasticsearch.cluster.service] [node_t1] will process [shard-started ([test][3], node[pVB3V9rcTUWO-cgIIcYX3A], [P], v[5], s[INITIALIZING], a[id=aliMLsBERmyOTmBtzRuDeQ], unassigned_info[[reason=NODE_LEFT], at[2016-03-30T21:02:04.147Z], details[node_left[D8L07SziRtqglEhU0dOiNA]]]), reason [after recovery from store]]
[2016-03-30 14:02:04,504][DEBUG][org.elasticsearch.cluster.service] [node_t1] processing [shard-started ([test][7], node[pVB3V9rcTUWO-cgIIcYX3A], [P], v[5], s[INITIALIZING], a[id=yV7daW78RDKvbksgb7gjRw], unassigned_info[[reason=NODE_LEFT], at[2016-03-30T21:02:04.147Z], details[node_left[D8L07SziRtqglEhU0dOiNA]]]), reason [after recovery from store],shard-started ([test][5], node[pVB3V9rcTUWO-cgIIcYX3A], [P], v[5], s[INITIALIZING], a[id=5jsiJk_TS6qzBFfqm4bWzQ], unassigned_info[[reason=NODE_LEFT], at[2016-03-30T21:02:04.147Z], details[node_left[D8L07SziRtqglEhU0dOiNA]]]), reason [after recovery from store],shard-started ([test][5], node[pVB3V9rcTUWO-cgIIcYX3A], [P], v[5], s[INITIALIZING], a[id=5jsiJk_TS6qzBFfqm4bWzQ], unassigned_info[[reason=NODE_LEFT], at[2016-03-30T21:02:04.147Z], details[node_left[D8L07SziRtqglEhU0dOiNA]]]), reason [master {node_t1}{lk7U_niVSKyTWpmVoV3sIA}{127.0.0.1}{127.0.0.1:9661}[mode=>network] marked shard as initializing, but shard state is [POST_RECOVERY], mark shard as started],shard-started ([test][7], node[pVB3V9rcTUWO-cgIIcYX3A], [P], v[5], s[INITIALIZING], a[id=yV7daW78RDKvbksgb7gjRw], unassigned_info[[reason=NODE_LEFT], at[2016-03-30T21:02:04.147Z], details[node_left[D8L07SziRtqglEhU0dOiNA]]]), reason [master {node_t1}{lk7U_niVSKyTWpmVoV3sIA}{127.0.0.1}{127.0.0.1:9661}[mode=>network] marked shard as initializing, but shard state is [POST_RECOVERY], mark shard as started],shard-started ([test][3], node[pVB3V9rcTUWO-cgIIcYX3A], [P], v[5], s[INITIALIZING], a[id=aliMLsBERmyOTmBtzRuDeQ], unassigned_info[[reason=NODE_LEFT], at[2016-03-30T21:02:04.147Z], details[node_left[D8L07SziRtqglEhU0dOiNA]]]), reason [after recovery from store]]: execute
[2016-03-30 14:02:04,505][TRACE][org.elasticsearch.cluster.service] [node_t1] cluster state updated, source [shard-started ([test][7], node[pVB3V9rcTUWO-cgIIcYX3A], [P], v[5], s[INITIALIZING], a[id=yV7daW78RDKvbksgb7gjRw], unassigned_info[[reason=NODE_LEFT], at[2016-03-30T21:02:04.147Z], details[node_left[D8L07SziRtqglEhU0dOiNA]]]), reason [after recovery from store],shard-started ([test][5], node[pVB3V9rcTUWO-cgIIcYX3A], [P], v[5], s[INITIALIZING], a[id=5jsiJk_TS6qzBFfqm4bWzQ], unassigned_info[[reason=NODE_LEFT], at[2016-03-30T21:02:04.147Z], details[node_left[D8L07SziRtqglEhU0dOiNA]]]), reason [after recovery from store],shard-started ([test][5], node[pVB3V9rcTUWO-cgIIcYX3A], [P], v[5], s[INITIALIZING], a[id=5jsiJk_TS6qzBFfqm4bWzQ], unassigned_info[[reason=NODE_LEFT], at[2016-03-30T21:02:04.147Z], details[node_left[D8L07SziRtqglEhU0dOiNA]]]), reason [master {node_t1}{lk7U_niVSKyTWpmVoV3sIA}{127.0.0.1}{127.0.0.1:9661}[mode=>network] marked shard as initializing, but shard state is [POST_RECOVERY], mark shard as started],shard-started ([test][7], node[pVB3V9rcTUWO-cgIIcYX3A], [P], v[5], s[INITIALIZING], a[id=yV7daW78RDKvbksgb7gjRw], unassigned_info[[reason=NODE_LEFT], at[2016-03-30T21:02:04.147Z], details[node_left[D8L07SziRtqglEhU0dOiNA]]]), reason [master {node_t1}{lk7U_niVSKyTWpmVoV3sIA}{127.0.0.1}{127.0.0.1:9661}[mode=>network] marked shard as initializing, but shard state is [POST_RECOVERY], mark shard as started],shard-started ([test][3], node[pVB3V9rcTUWO-cgIIcYX3A], [P], v[5], s[INITIALIZING], a[id=aliMLsBERmyOTmBtzRuDeQ], unassigned_info[[reason=NODE_LEFT], at[2016-03-30T21:02:04.147Z], details[node_left[D8L07SziRtqglEhU0dOiNA]]]), reason [after recovery from store]]
version: 14
state uuid: Hh4NSloFQ8ibkzyQ910_Ug
from_diff: false
meta data version: 8
nodes: 
   {node_t1}{lk7U_niVSKyTWpmVoV3sIA}{127.0.0.1}{127.0.0.1:9661}[mode=>network], local, master
   {node_t3}{pVB3V9rcTUWO-cgIIcYX3A}{127.0.0.1}{127.0.0.1:9660}[mode=>network]
routing_table (version 12):
-- index [test]
----shard_id [test][0]
--------[test][0], node[lk7U_niVSKyTWpmVoV3sIA], [P], v[2], s[STARTED], a[id=uC3ewIfZRDW-4Ye1pl4ULw]
----shard_id [test][1]
--------[test][1], node[pVB3V9rcTUWO-cgIIcYX3A], [P], v[6], s[STARTED], a[id=ydik5IuVQ9y1zs0Y5vNlJw]
----shard_id [test][2]
--------[test][2], node[lk7U_niVSKyTWpmVoV3sIA], [P], v[2], s[STARTED], a[id=aldfZzscRt6PWb38x5_cjA]
----shard_id [test][3]
--------[test][3], node[pVB3V9rcTUWO-cgIIcYX3A], [P], v[6], s[STARTED], a[id=aliMLsBERmyOTmBtzRuDeQ]
----shard_id [test][4]
--------[test][4], node[lk7U_niVSKyTWpmVoV3sIA], [P], v[2], s[STARTED], a[id=7dKyNkRvT0WKMiTTjDRO4A]
----shard_id [test][5]
--------[test][5], node[pVB3V9rcTUWO-cgIIcYX3A], [P], v[6], s[STARTED], a[id=5jsiJk_TS6qzBFfqm4bWzQ]
----shard_id [test][6]
--------[test][6], node[lk7U_niVSKyTWpmVoV3sIA], [P], v[2], s[STARTED], a[id=RFLG2DrFRBCCZsSxxCrbog]
----shard_id [test][7]
--------[test][7], node[pVB3V9rcTUWO-cgIIcYX3A], [P], v[6], s[STARTED], a[id=yV7daW78RDKvbksgb7gjRw]

routing_nodes:
-----node_id[lk7U_niVSKyTWpmVoV3sIA][V]
--------[test][4], node[lk7U_niVSKyTWpmVoV3sIA], [P], v[2], s[STARTED], a[id=7dKyNkRvT0WKMiTTjDRO4A]
--------[test][2], node[lk7U_niVSKyTWpmVoV3sIA], [P], v[2], s[STARTED], a[id=aldfZzscRt6PWb38x5_cjA]
--------[test][6], node[lk7U_niVSKyTWpmVoV3sIA], [P], v[2], s[STARTED], a[id=RFLG2DrFRBCCZsSxxCrbog]
--------[test][0], node[lk7U_niVSKyTWpmVoV3sIA], [P], v[2], s[STARTED], a[id=uC3ewIfZRDW-4Ye1pl4ULw]
-----node_id[pVB3V9rcTUWO-cgIIcYX3A][V]
--------[test][5], node[pVB3V9rcTUWO-cgIIcYX3A], [P], v[6], s[STARTED], a[id=5jsiJk_TS6qzBFfqm4bWzQ]
--------[test][1], node[pVB3V9rcTUWO-cgIIcYX3A], [P], v[6], s[STARTED], a[id=ydik5IuVQ9y1zs0Y5vNlJw]
--------[test][7], node[pVB3V9rcTUWO-cgIIcYX3A], [P], v[6], s[STARTED], a[id=yV7daW78RDKvbksgb7gjRw]
--------[test][3], node[pVB3V9rcTUWO-cgIIcYX3A], [P], v[6], s[STARTED], a[id=aliMLsBERmyOTmBtzRuDeQ]
---- unassigned

[2016-03-30 14:02:04,505][DEBUG][org.elasticsearch.cluster.service] [node_t1] publishing cluster state version [14]
[2016-03-30 14:02:04,506][DEBUG][org.elasticsearch.discovery.zen.publish] [node_t3] received diff cluster state version [14] with uuid [Hh4NSloFQ8ibkzyQ910_Ug], diff size [549]
[2016-03-30 14:02:04,506][TRACE][org.elasticsearch.discovery.zen.publish] [node_t1] master node {node_t3}{pVB3V9rcTUWO-cgIIcYX3A}{127.0.0.1}{127.0.0.1:9660}[mode=>network] acked cluster state version [14]. processing ... (current pending [1], needed [1])
[2016-03-30 14:02:04,507][TRACE][org.elasticsearch.discovery.zen.publish] [node_t1] committing version [14]
[2016-03-30 14:02:04,507][TRACE][org.elasticsearch.discovery.zen.publish] [node_t1] sending commit for cluster state (uuid: [Hh4NSloFQ8ibkzyQ910_Ug], version [14]) to [{node_t3}{pVB3V9rcTUWO-cgIIcYX3A}{127.0.0.1}{127.0.0.1:9660}[mode=>network]]
[2016-03-30 14:02:04,554][DEBUG][org.elasticsearch.cluster.service] [node_t3] processing [indices_store ([[test][6]] active fully on other nodes)]: took 53ms no change in cluster_state
[2016-03-30 14:02:04,554][TRACE][org.elasticsearch.cluster.service] [node_t3] will process [zen-disco-receive(from master [master {node_t1}{lk7U_niVSKyTWpmVoV3sIA}{127.0.0.1}{127.0.0.1:9661}[mode=>network] committed version [14]])]
[2016-03-30 14:02:04,554][DEBUG][org.elasticsearch.cluster.service] [node_t3] processing [zen-disco-receive(from master [master {node_t1}{lk7U_niVSKyTWpmVoV3sIA}{127.0.0.1}{127.0.0.1:9661}[mode=>network] committed version [14]])]: execute
[2016-03-30 14:02:04,554][TRACE][org.elasticsearch.cluster.service] [node_t3] cluster state updated, source [zen-disco-receive(from master [master {node_t1}{lk7U_niVSKyTWpmVoV3sIA}{127.0.0.1}{127.0.0.1:9661}[mode=>network] committed version [14]])]
version: 14
state uuid: Hh4NSloFQ8ibkzyQ910_Ug
from_diff: false
meta data version: 8
nodes: 
   {node_t1}{lk7U_niVSKyTWpmVoV3sIA}{127.0.0.1}{127.0.0.1:9661}[mode=>network], master
   {node_t3}{pVB3V9rcTUWO-cgIIcYX3A}{127.0.0.1}{127.0.0.1:9660}[mode=>network], local
routing_table (version 12):
-- index [test]
----shard_id [test][0]
--------[test][0], node[lk7U_niVSKyTWpmVoV3sIA], [P], v[2], s[STARTED], a[id=uC3ewIfZRDW-4Ye1pl4ULw]
----shard_id [test][1]
--------[test][1], node[pVB3V9rcTUWO-cgIIcYX3A], [P], v[6], s[STARTED], a[id=ydik5IuVQ9y1zs0Y5vNlJw]
----shard_id [test][2]
--------[test][2], node[lk7U_niVSKyTWpmVoV3sIA], [P], v[2], s[STARTED], a[id=aldfZzscRt6PWb38x5_cjA]
----shard_id [test][3]
--------[test][3], node[pVB3V9rcTUWO-cgIIcYX3A], [P], v[6], s[STARTED], a[id=aliMLsBERmyOTmBtzRuDeQ]
----shard_id [test][4]
--------[test][4], node[lk7U_niVSKyTWpmVoV3sIA], [P], v[2], s[STARTED], a[id=7dKyNkRvT0WKMiTTjDRO4A]
----shard_id [test][5]
--------[test][5], node[pVB3V9rcTUWO-cgIIcYX3A], [P], v[6], s[STARTED], a[id=5jsiJk_TS6qzBFfqm4bWzQ]
----shard_id [test][6]
--------[test][6], node[lk7U_niVSKyTWpmVoV3sIA], [P], v[2], s[STARTED], a[id=RFLG2DrFRBCCZsSxxCrbog]
----shard_id [test][7]
--------[test][7], node[pVB3V9rcTUWO-cgIIcYX3A], [P], v[6], s[STARTED], a[id=yV7daW78RDKvbksgb7gjRw]

routing_nodes:
-----node_id[lk7U_niVSKyTWpmVoV3sIA][V]
--------[test][4], node[lk7U_niVSKyTWpmVoV3sIA], [P], v[2], s[STARTED], a[id=7dKyNkRvT0WKMiTTjDRO4A]
--------[test][6], node[lk7U_niVSKyTWpmVoV3sIA], [P], v[2], s[STARTED], a[id=RFLG2DrFRBCCZsSxxCrbog]
--------[test][2], node[lk7U_niVSKyTWpmVoV3sIA], [P], v[2], s[STARTED], a[id=aldfZzscRt6PWb38x5_cjA]
--------[test][0], node[lk7U_niVSKyTWpmVoV3sIA], [P], v[2], s[STARTED], a[id=uC3ewIfZRDW-4Ye1pl4ULw]
-----node_id[pVB3V9rcTUWO-cgIIcYX3A][V]
--------[test][3], node[pVB3V9rcTUWO-cgIIcYX3A], [P], v[6], s[STARTED], a[id=aliMLsBERmyOTmBtzRuDeQ]
--------[test][5], node[pVB3V9rcTUWO-cgIIcYX3A], [P], v[6], s[STARTED], a[id=5jsiJk_TS6qzBFfqm4bWzQ]
--------[test][7], node[pVB3V9rcTUWO-cgIIcYX3A], [P], v[6], s[STARTED], a[id=yV7daW78RDKvbksgb7gjRw]
--------[test][1], node[pVB3V9rcTUWO-cgIIcYX3A], [P], v[6], s[STARTED], a[id=ydik5IuVQ9y1zs0Y5vNlJw]
---- unassigned

[2016-03-30 14:02:04,555][DEBUG][org.elasticsearch.cluster.service] [node_t3] set local cluster state to version 14
[2016-03-30 14:02:04,581][TRACE][org.elasticsearch.gateway] [node_t3] [test] writing state, reason [version changed from [6] to [7]]
[2016-03-30 14:02:04,619][DEBUG][org.elasticsearch.cluster.service] [node_t3] processing [zen-disco-receive(from master [master {node_t1}{lk7U_niVSKyTWpmVoV3sIA}{127.0.0.1}{127.0.0.1:9661}[mode=>network] committed version [14]])]: took 65ms done applying updated cluster_state (version: 14, uuid: Hh4NSloFQ8ibkzyQ910_Ug)
[2016-03-30 14:02:04,619][TRACE][org.elasticsearch.cluster.service] [node_t3] will process [indices_store ([[test][0]] active fully on other nodes)]
[2016-03-30 14:02:04,619][DEBUG][org.elasticsearch.cluster.service] [node_t1] set local cluster state to version 14
[2016-03-30 14:02:04,619][DEBUG][org.elasticsearch.cluster.service] [node_t3] processing [indices_store ([[test][0]] active fully on other nodes)]: execute
[2016-03-30 14:02:04,620][DEBUG][org.elasticsearch.cluster.service] [node_t3] processing [indices_store ([[test][0]] active fully on other nodes)]: took 0s no change in cluster_state
[2016-03-30 14:02:04,620][TRACE][org.elasticsearch.cluster.service] [node_t3] will process [indices_store ([[test][2]] active fully on other nodes)]
[2016-03-30 14:02:04,620][DEBUG][org.elasticsearch.cluster.service] [node_t3] processing [indices_store ([[test][2]] active fully on other nodes)]: execute
[2016-03-30 14:02:04,620][DEBUG][org.elasticsearch.cluster.service] [node_t3] processing [indices_store ([[test][2]] active fully on other nodes)]: took 0s no change in cluster_state
[2016-03-30 14:02:04,620][TRACE][org.elasticsearch.cluster.service] [node_t3] will process [indices_store ([[test][4]] active fully on other nodes)]
[2016-03-30 14:02:04,620][DEBUG][org.elasticsearch.cluster.service] [node_t3] processing [indices_store ([[test][4]] active fully on other nodes)]: execute
[2016-03-30 14:02:04,620][TRACE][org.elasticsearch.gateway] [node_t1] [test] writing state, reason [version changed from [6] to [7]]
[2016-03-30 14:02:04,652][DEBUG][org.elasticsearch.cluster.service] [node_t3] processing [indices_store ([[test][4]] active fully on other nodes)]: took 31ms no change in cluster_state
[2016-03-30 14:02:04,652][TRACE][org.elasticsearch.cluster.service] [node_t3] will process [indices_store ([[test][6]] active fully on other nodes)]
[2016-03-30 14:02:04,652][DEBUG][org.elasticsearch.cluster.service] [node_t3] processing [indices_store ([[test][6]] active fully on other nodes)]: execute
[2016-03-30 14:02:04,654][DEBUG][org.elasticsearch.cluster.service] [node_t1] processing [shard-started ([test][7], node[pVB3V9rcTUWO-cgIIcYX3A], [P], v[5], s[INITIALIZING], a[id=yV7daW78RDKvbksgb7gjRw], unassigned_info[[reason=NODE_LEFT], at[2016-03-30T21:02:04.147Z], details[node_left[D8L07SziRtqglEhU0dOiNA]]]), reason [after recovery from store],shard-started ([test][5], node[pVB3V9rcTUWO-cgIIcYX3A], [P], v[5], s[INITIALIZING], a[id=5jsiJk_TS6qzBFfqm4bWzQ], unassigned_info[[reason=NODE_LEFT], at[2016-03-30T21:02:04.147Z], details[node_left[D8L07SziRtqglEhU0dOiNA]]]), reason [after recovery from store],shard-started ([test][5], node[pVB3V9rcTUWO-cgIIcYX3A], [P], v[5], s[INITIALIZING], a[id=5jsiJk_TS6qzBFfqm4bWzQ], unassigned_info[[reason=NODE_LEFT], at[2016-03-30T21:02:04.147Z], details[node_left[D8L07SziRtqglEhU0dOiNA]]]), reason [master {node_t1}{lk7U_niVSKyTWpmVoV3sIA}{127.0.0.1}{127.0.0.1:9661}[mode=>network] marked shard as initializing, but shard state is [POST_RECOVERY], mark shard as started],shard-started ([test][7], node[pVB3V9rcTUWO-cgIIcYX3A], [P], v[5], s[INITIALIZING], a[id=yV7daW78RDKvbksgb7gjRw], unassigned_info[[reason=NODE_LEFT], at[2016-03-30T21:02:04.147Z], details[node_left[D8L07SziRtqglEhU0dOiNA]]]), reason [master {node_t1}{lk7U_niVSKyTWpmVoV3sIA}{127.0.0.1}{127.0.0.1:9661}[mode=>network] marked shard as initializing, but shard state is [POST_RECOVERY], mark shard as started],shard-started ([test][3], node[pVB3V9rcTUWO-cgIIcYX3A], [P], v[5], s[INITIALIZING], a[id=aliMLsBERmyOTmBtzRuDeQ], unassigned_info[[reason=NODE_LEFT], at[2016-03-30T21:02:04.147Z], details[node_left[D8L07SziRtqglEhU0dOiNA]]]), reason [after recovery from store]]: took 149ms done applying updated cluster_state (version: 14, uuid: Hh4NSloFQ8ibkzyQ910_Ug)
[2016-03-30 14:02:04,654][TRACE][org.elasticsearch.cluster.service] [node_t1] will process [cluster_reroute(async_shard_fetch)]
[2016-03-30 14:02:04,654][DEBUG][org.elasticsearch.cluster.service] [node_t1] processing [cluster_reroute(async_shard_fetch)]: execute
[2016-03-30 14:02:04,654][DEBUG][org.elasticsearch.cluster.service] [node_t1] processing [cluster_reroute(async_shard_fetch)]: took 0s no change in cluster_state
[2016-03-30 14:02:04,654][TRACE][org.elasticsearch.cluster.service] [node_t1] will process [indices_store ([[test][1]] active fully on other nodes)]
[2016-03-30 14:02:04,654][DEBUG][org.elasticsearch.cluster.service] [node_t1] processing [indices_store ([[test][1]] active fully on other nodes)]: execute
[2016-03-30 14:02:04,655][DEBUG][org.elasticsearch.cluster.service] [node_t1] processing [indices_store ([[test][1]] active fully on other nodes)]: took 0s no change in cluster_state
[2016-03-30 14:02:04,655][TRACE][org.elasticsearch.cluster.service] [node_t1] will process [indices_store ([[test][5]] active fully on other nodes)]
[2016-03-30 14:02:04,655][DEBUG][org.elasticsearch.cluster.service] [node_t1] processing [indices_store ([[test][5]] active fully on other nodes)]: execute
[2016-03-30 14:02:04,655][TRACE][org.elasticsearch.transport.tracer] [transport_client_node_t3] [1][cluster:monitor/health] received response from [{node_t3}{pVB3V9rcTUWO-cgIIcYX3A}{127.0.0.1}{127.0.0.1:9660}[mode=>network]]
[2016-03-30 14:02:04,655][TRACE][org.elasticsearch.transport.tracer] [transport_client_node_t3] [2][cluster:monitor/health] sent to [{node_t3}{pVB3V9rcTUWO-cgIIcYX3A}{127.0.0.1}{127.0.0.1:9660}[mode=>network]] (timeout: [null])
[2016-03-30 14:02:04,684][DEBUG][org.elasticsearch.cluster.service] [node_t3] processing [indices_store ([[test][6]] active fully on other nodes)]: took 31ms no change in cluster_state
[2016-03-30 14:02:04,684][TRACE][org.elasticsearch.cluster.service] [node_t3] will process [indices_store ([[test][2]] active fully on other nodes)]
[2016-03-30 14:02:04,684][DEBUG][org.elasticsearch.cluster.service] [node_t3] processing [indices_store ([[test][2]] active fully on other nodes)]: execute
[2016-03-30 14:02:04,716][DEBUG][org.elasticsearch.cluster.service] [node_t1] processing [indices_store ([[test][5]] active fully on other nodes)]: took 60ms no change in cluster_state
[2016-03-30 14:02:04,716][TRACE][org.elasticsearch.cluster.service] [node_t1] will process [indices_store ([[test][3]] active fully on other nodes)]
[2016-03-30 14:02:04,716][DEBUG][org.elasticsearch.cluster.service] [node_t1] processing [indices_store ([[test][3]] active fully on other nodes)]: execute
[2016-03-30 14:02:04,750][DEBUG][org.elasticsearch.cluster.service] [node_t3] processing [indices_store ([[test][2]] active fully on other nodes)]: took 65ms no change in cluster_state
[2016-03-30 14:02:04,750][TRACE][org.elasticsearch.cluster.service] [node_t3] will process [indices_store ([[test][0]] active fully on other nodes)]
[2016-03-30 14:02:04,750][DEBUG][org.elasticsearch.cluster.service] [node_t3] processing [indices_store ([[test][0]] active fully on other nodes)]: execute
[2016-03-30 14:02:04,788][DEBUG][org.elasticsearch.cluster.service] [node_t1] processing [indices_store ([[test][3]] active fully on other nodes)]: took 72ms no change in cluster_state
[2016-03-30 14:02:04,788][TRACE][org.elasticsearch.cluster.service] [node_t1] will process [indices_store ([[test][7]] active fully on other nodes)]
[2016-03-30 14:02:04,788][DEBUG][org.elasticsearch.cluster.service] [node_t1] processing [indices_store ([[test][7]] active fully on other nodes)]: execute
[2016-03-30 14:02:04,825][DEBUG][org.elasticsearch.cluster.service] [node_t3] processing [indices_store ([[test][0]] active fully on other nodes)]: took 74ms no change in cluster_state
[2016-03-30 14:02:04,852][DEBUG][org.elasticsearch.cluster.service] [node_t1] processing [indices_store ([[test][7]] active fully on other nodes)]: took 63ms no change in cluster_state
[2016-03-30 14:02:04,852][TRACE][org.elasticsearch.cluster.service] [node_t1] will process [indices_store ([[test][1]] active fully on other nodes)]
[2016-03-30 14:02:04,852][DEBUG][org.elasticsearch.cluster.service] [node_t1] processing [indices_store ([[test][1]] active fully on other nodes)]: execute
[2016-03-30 14:02:04,918][DEBUG][org.elasticsearch.cluster.service] [node_t1] processing [indices_store ([[test][1]] active fully on other nodes)]: took 66ms no change in cluster_state
[2016-03-30 14:02:04,918][TRACE][org.elasticsearch.cluster.service] [node_t1] will process [cluster_health (wait_for_events [LANGUID])]
[2016-03-30 14:02:04,918][DEBUG][org.elasticsearch.cluster.service] [node_t1] processing [cluster_health (wait_for_events [LANGUID])]: execute
[2016-03-30 14:02:04,919][DEBUG][org.elasticsearch.cluster.service] [node_t1] processing [cluster_health (wait_for_events [LANGUID])]: took 0s no change in cluster_state
[2016-03-30 14:02:04,919][TRACE][org.elasticsearch.transport.tracer] [transport_client_node_t3] [2][cluster:monitor/health] received response from [{node_t3}{pVB3V9rcTUWO-cgIIcYX3A}{127.0.0.1}{127.0.0.1:9660}[mode=>network]]
[2016-03-30 14:02:04,920][TRACE][org.elasticsearch.transport.tracer] [transport_client_node_t3] [3][cluster:monitor/state] sent to [{node_t3}{pVB3V9rcTUWO-cgIIcYX3A}{127.0.0.1}{127.0.0.1:9660}[mode=>network]] (timeout: [null])
[2016-03-30 14:02:04,920][TRACE][org.elasticsearch.transport.tracer] [transport_client_node_t3] [3][cluster:monitor/state] received response from [{node_t3}{pVB3V9rcTUWO-cgIIcYX3A}{127.0.0.1}{127.0.0.1:9660}[mode=>network]]
[2016-03-30 14:02:04,921][TRACE][org.elasticsearch.transport.tracer] [transport_client_node_t1] [61][cluster:monitor/state] sent to [{node_t1}{lk7U_niVSKyTWpmVoV3sIA}{127.0.0.1}{127.0.0.1:9661}[mode=>network]] (timeout: [null])
[2016-03-30 14:02:04,922][TRACE][org.elasticsearch.transport.tracer] [transport_client_node_t1] [61][cluster:monitor/state] received response from [{node_t1}{lk7U_niVSKyTWpmVoV3sIA}{127.0.0.1}{127.0.0.1:9661}[mode=>network]]
[2016-03-30 14:02:04,922][TRACE][org.elasticsearch.transport.tracer] [transport_client_node_t3] [4][cluster:monitor/state] sent to [{node_t3}{pVB3V9rcTUWO-cgIIcYX3A}{127.0.0.1}{127.0.0.1:9660}[mode=>network]] (timeout: [null])
[2016-03-30 14:02:04,924][TRACE][org.elasticsearch.transport.tracer] [transport_client_node_t3] [4][cluster:monitor/state] received response from [{node_t3}{pVB3V9rcTUWO-cgIIcYX3A}{127.0.0.1}{127.0.0.1:9660}[mode=>network]]
[2016-03-30 14:02:04,924][TRACE][org.elasticsearch.transport.tracer] [transport_client_node_t3] [5][cluster:monitor/health] sent to [{node_t3}{pVB3V9rcTUWO-cgIIcYX3A}{127.0.0.1}{127.0.0.1:9660}[mode=>network]] (timeout: [null])
[2016-03-30 14:02:04,925][TRACE][org.elasticsearch.cluster.service] [node_t1] will process [cluster_health (wait_for_events [LANGUID])]
[2016-03-30 14:02:04,925][DEBUG][org.elasticsearch.cluster.service] [node_t1] processing [cluster_health (wait_for_events [LANGUID])]: execute
[2016-03-30 14:02:04,925][DEBUG][org.elasticsearch.cluster.service] [node_t1] processing [cluster_health (wait_for_events [LANGUID])]: took 0s no change in cluster_state
[2016-03-30 14:02:04,925][TRACE][org.elasticsearch.transport.tracer] [transport_client_node_t3] [5][cluster:monitor/health] received response from [{node_t3}{pVB3V9rcTUWO-cgIIcYX3A}{127.0.0.1}{127.0.0.1:9660}[mode=>network]]
[2016-03-30 14:02:04,926][TRACE][org.elasticsearch.transport.tracer] [transport_client_node_t3] [6][indices:data/read/search] sent to [{node_t3}{pVB3V9rcTUWO-cgIIcYX3A}{127.0.0.1}{127.0.0.1:9660}[mode=>network]] (timeout: [null])
[2016-03-30 14:02:04,930][TRACE][org.elasticsearch.transport.tracer] [transport_client_node_t3] [6][indices:data/read/search] received response from [{node_t3}{pVB3V9rcTUWO-cgIIcYX3A}{127.0.0.1}{127.0.0.1:9660}[mode=>network]]
[2016-03-30 14:02:04,932][TRACE][org.elasticsearch.transport.tracer] [transport_client_node_t1] [62][indices:data/read/search] sent to [{node_t1}{lk7U_niVSKyTWpmVoV3sIA}{127.0.0.1}{127.0.0.1:9661}[mode=>network]] (timeout: [null])
[2016-03-30 14:02:04,934][TRACE][org.elasticsearch.transport.tracer] [transport_client_node_t1] [62][indices:data/read/search] received response from [{node_t1}{lk7U_niVSKyTWpmVoV3sIA}{127.0.0.1}{127.0.0.1:9661}[mode=>network]]
[2016-03-30 14:02:04,934][TRACE][org.elasticsearch.transport.tracer] [transport_client_node_t1] [63][indices:data/read/search] sent to [{node_t1}{lk7U_niVSKyTWpmVoV3sIA}{127.0.0.1}{127.0.0.1:9661}[mode=>network]] (timeout: [null])
[2016-03-30 14:02:04,936][TRACE][org.elasticsearch.transport.tracer] [transport_client_node_t1] [63][indices:data/read/search] received response from [{node_t1}{lk7U_niVSKyTWpmVoV3sIA}{127.0.0.1}{127.0.0.1:9661}[mode=>network]]
[2016-03-30 14:02:04,937][TRACE][org.elasticsearch.transport.tracer] [transport_client_node_t1] [64][indices:data/read/search] sent to [{node_t1}{lk7U_niVSKyTWpmVoV3sIA}{127.0.0.1}{127.0.0.1:9661}[mode=>network]] (timeout: [null])
[2016-03-30 14:02:04,938][TRACE][org.elasticsearch.transport.tracer] [transport_client_node_t1] [64][indices:data/read/search] received response from [{node_t1}{lk7U_niVSKyTWpmVoV3sIA}{127.0.0.1}{127.0.0.1:9661}[mode=>network]]
[2016-03-30 14:02:04,938][TRACE][org.elasticsearch.transport.tracer] [transport_client_node_t3] [7][indices:data/read/search] sent to [{node_t3}{pVB3V9rcTUWO-cgIIcYX3A}{127.0.0.1}{127.0.0.1:9660}[mode=>network]] (timeout: [null])
[2016-03-30 14:02:04,940][TRACE][org.elasticsearch.transport.tracer] [transport_client_node_t3] [7][indices:data/read/search] received response from [{node_t3}{pVB3V9rcTUWO-cgIIcYX3A}{127.0.0.1}{127.0.0.1:9660}[mode=>network]]
[2016-03-30 14:02:04,940][TRACE][org.elasticsearch.transport.tracer] [transport_client_node_t1] [65][indices:data/read/search] sent to [{node_t1}{lk7U_niVSKyTWpmVoV3sIA}{127.0.0.1}{127.0.0.1:9661}[mode=>network]] (timeout: [null])
[2016-03-30 14:02:04,942][TRACE][org.elasticsearch.transport.tracer] [transport_client_node_t1] [65][indices:data/read/search] received response from [{node_t1}{lk7U_niVSKyTWpmVoV3sIA}{127.0.0.1}{127.0.0.1:9661}[mode=>network]]
[2016-03-30 14:02:04,942][TRACE][org.elasticsearch.transport.tracer] [transport_client_node_t3] [8][indices:data/read/search] sent to [{node_t3}{pVB3V9rcTUWO-cgIIcYX3A}{127.0.0.1}{127.0.0.1:9660}[mode=>network]] (timeout: [null])
[2016-03-30 14:02:04,943][TRACE][org.elasticsearch.transport.tracer] [transport_client_node_t3] [8][indices:data/read/search] received response from [{node_t3}{pVB3V9rcTUWO-cgIIcYX3A}{127.0.0.1}{127.0.0.1:9660}[mode=>network]]
[2016-03-30 14:02:04,943][TRACE][org.elasticsearch.transport.tracer] [transport_client_node_t3] [9][indices:data/read/search] sent to [{node_t3}{pVB3V9rcTUWO-cgIIcYX3A}{127.0.0.1}{127.0.0.1:9660}[mode=>network]] (timeout: [null])
[2016-03-30 14:02:04,944][TRACE][org.elasticsearch.transport.tracer] [transport_client_node_t3] [9][indices:data/read/search] received response from [{node_t3}{pVB3V9rcTUWO-cgIIcYX3A}{127.0.0.1}{127.0.0.1:9660}[mode=>network]]
[2016-03-30 14:02:04,945][TRACE][org.elasticsearch.transport.tracer] [transport_client_node_t3] [10][indices:data/read/search] sent to [{node_t3}{pVB3V9rcTUWO-cgIIcYX3A}{127.0.0.1}{127.0.0.1:9660}[mode=>network]] (timeout: [null])
[2016-03-30 14:02:04,947][TRACE][org.elasticsearch.transport.tracer] [transport_client_node_t3] [10][indices:data/read/search] received response from [{node_t3}{pVB3V9rcTUWO-cgIIcYX3A}{127.0.0.1}{127.0.0.1:9660}[mode=>network]]
[2016-03-30 14:02:04,947][TRACE][org.elasticsearch.transport.tracer] [transport_client_node_t3] [11][cluster:monitor/state] sent to [{node_t3}{pVB3V9rcTUWO-cgIIcYX3A}{127.0.0.1}{127.0.0.1:9660}[mode=>network]] (timeout: [null])
[2016-03-30 14:02:04,949][TRACE][org.elasticsearch.transport.tracer] [transport_client_node_t3] [11][cluster:monitor/state] received response from [{node_t3}{pVB3V9rcTUWO-cgIIcYX3A}{127.0.0.1}{127.0.0.1:9660}[mode=>network]]
[2016-03-30 14:02:04,951][TRACE][org.elasticsearch.transport.tracer] [transport_client_node_t1] [66][cluster:monitor/state] sent to [{node_t1}{lk7U_niVSKyTWpmVoV3sIA}{127.0.0.1}{127.0.0.1:9661}[mode=>network]] (timeout: [null])
[2016-03-30 14:02:04,952][TRACE][org.elasticsearch.transport.tracer] [transport_client_node_t1] [66][cluster:monitor/state] received response from [{node_t1}{lk7U_niVSKyTWpmVoV3sIA}{127.0.0.1}{127.0.0.1:9661}[mode=>network]]
[2016-03-30 14:02:04,953][TRACE][org.elasticsearch.transport.tracer] [transport_client_node_t3] [12][cluster:monitor/state] sent to [{node_t3}{pVB3V9rcTUWO-cgIIcYX3A}{127.0.0.1}{127.0.0.1:9660}[mode=>network]] (timeout: [null])
[2016-03-30 14:02:04,954][TRACE][org.elasticsearch.transport.tracer] [transport_client_node_t3] [12][cluster:monitor/state] received response from [{node_t3}{pVB3V9rcTUWO-cgIIcYX3A}{127.0.0.1}{127.0.0.1:9660}[mode=>network]]
[2016-03-30 14:02:04,956][TRACE][org.elasticsearch.transport.tracer] [transport_client_node_t3] [13][indices:admin/delete] sent to [{node_t3}{pVB3V9rcTUWO-cgIIcYX3A}{127.0.0.1}{127.0.0.1:9660}[mode=>network]] (timeout: [null])
[2016-03-30 14:02:04,956][TRACE][org.elasticsearch.cluster.service] [node_t1] will process [delete-index [test]]
[2016-03-30 14:02:04,956][DEBUG][org.elasticsearch.cluster.service] [node_t1] processing [delete-index [test]]: execute
[2016-03-30 14:02:04,957][TRACE][org.elasticsearch.cluster.service] [node_t1] cluster state updated, source [delete-index [test]]
version: 15
state uuid: RpkBOdr9SieyDWbCeGlPkQ
from_diff: false
meta data version: 9
nodes: 
   {node_t1}{lk7U_niVSKyTWpmVoV3sIA}{127.0.0.1}{127.0.0.1:9661}[mode=>network], local, master
   {node_t3}{pVB3V9rcTUWO-cgIIcYX3A}{127.0.0.1}{127.0.0.1:9660}[mode=>network]
routing_table (version 13):
routing_nodes:
-----node_id[lk7U_niVSKyTWpmVoV3sIA][V]
-----node_id[pVB3V9rcTUWO-cgIIcYX3A][V]
---- unassigned

[2016-03-30 14:02:04,957][DEBUG][org.elasticsearch.cluster.service] [node_t1] publishing cluster state version [15]
[2016-03-30 14:02:04,957][DEBUG][org.elasticsearch.discovery.zen.publish] [node_t3] received diff cluster state version [15] with uuid [RpkBOdr9SieyDWbCeGlPkQ], diff size [188]
[2016-03-30 14:02:04,958][TRACE][org.elasticsearch.discovery.zen.publish] [node_t1] master node {node_t3}{pVB3V9rcTUWO-cgIIcYX3A}{127.0.0.1}{127.0.0.1:9660}[mode=>network] acked cluster state version [15]. processing ... (current pending [1], needed [1])
[2016-03-30 14:02:04,958][TRACE][org.elasticsearch.discovery.zen.publish] [node_t1] committing version [15]
[2016-03-30 14:02:04,958][TRACE][org.elasticsearch.discovery.zen.publish] [node_t1] sending commit for cluster state (uuid: [RpkBOdr9SieyDWbCeGlPkQ], version [15]) to [{node_t3}{pVB3V9rcTUWO-cgIIcYX3A}{127.0.0.1}{127.0.0.1:9660}[mode=>network]]
[2016-03-30 14:02:04,958][TRACE][org.elasticsearch.cluster.service] [node_t3] will process [zen-disco-receive(from master [master {node_t1}{lk7U_niVSKyTWpmVoV3sIA}{127.0.0.1}{127.0.0.1:9661}[mode=>network] committed version [15]])]
[2016-03-30 14:02:04,958][DEBUG][org.elasticsearch.cluster.service] [node_t3] processing [zen-disco-receive(from master [master {node_t1}{lk7U_niVSKyTWpmVoV3sIA}{127.0.0.1}{127.0.0.1:9661}[mode=>network] committed version [15]])]: execute
[2016-03-30 14:02:04,958][TRACE][org.elasticsearch.cluster.service] [node_t3] cluster state updated, source [zen-disco-receive(from master [master {node_t1}{lk7U_niVSKyTWpmVoV3sIA}{127.0.0.1}{127.0.0.1:9661}[mode=>network] committed version [15]])]
version: 15
state uuid: RpkBOdr9SieyDWbCeGlPkQ
from_diff: false
meta data version: 9
nodes: 
   {node_t1}{lk7U_niVSKyTWpmVoV3sIA}{127.0.0.1}{127.0.0.1:9661}[mode=>network], master
   {node_t3}{pVB3V9rcTUWO-cgIIcYX3A}{127.0.0.1}{127.0.0.1:9660}[mode=>network], local
routing_table (version 13):
routing_nodes:
-----node_id[lk7U_niVSKyTWpmVoV3sIA][V]
-----node_id[pVB3V9rcTUWO-cgIIcYX3A][V]
---- unassigned

[2016-03-30 14:02:04,958][DEBUG][org.elasticsearch.cluster.service] [node_t3] set local cluster state to version 15
[2016-03-30 14:02:05,582][DEBUG][org.elasticsearch.cluster.service] [node_t3] processing [zen-disco-receive(from master [master {node_t1}{lk7U_niVSKyTWpmVoV3sIA}{127.0.0.1}{127.0.0.1:9661}[mode=>network] committed version [15]])]: took 624ms done applying updated cluster_state (version: 15, uuid: RpkBOdr9SieyDWbCeGlPkQ)
[2016-03-30 14:02:05,583][DEBUG][org.elasticsearch.cluster.service] [node_t1] set local cluster state to version 15
[2016-03-30 14:02:06,187][TRACE][org.elasticsearch.transport.tracer] [transport_client_node_t3] [13][indices:admin/delete] received response from [{node_t3}{pVB3V9rcTUWO-cgIIcYX3A}{127.0.0.1}{127.0.0.1:9660}[mode=>network]]
[2016-03-30 14:02:06,187][TRACE][org.elasticsearch.transport.tracer] [transport_client_node_t3] [15][indices:admin/template/get] sent to [{node_t3}{pVB3V9rcTUWO-cgIIcYX3A}{127.0.0.1}{127.0.0.1:9660}[mode=>network]] (timeout: [null])
[2016-03-30 14:02:06,188][TRACE][org.elasticsearch.transport.tracer] [transport_client_node_t3] [15][indices:admin/template/get] received response from [{node_t3}{pVB3V9rcTUWO-cgIIcYX3A}{127.0.0.1}{127.0.0.1:9660}[mode=>network]]
[2016-03-30 14:02:06,188][TRACE][org.elasticsearch.transport.tracer] [transport_client_node_t3] [16][cluster:admin/repository/delete] sent to [{node_t3}{pVB3V9rcTUWO-cgIIcYX3A}{127.0.0.1}{127.0.0.1:9660}[mode=>network]] (timeout: [null])
[2016-03-30 14:02:06,193][DEBUG][org.elasticsearch.cluster.service] [node_t1] processing [delete-index [test]]: took 1.2s done applying updated cluster_state (version: 15, uuid: RpkBOdr9SieyDWbCeGlPkQ)
[2016-03-30 14:02:06,193][TRACE][org.elasticsearch.cluster.service] [node_t1] will process [delete_repository [*]]
[2016-03-30 14:02:06,193][DEBUG][org.elasticsearch.cluster.service] [node_t1] processing [delete_repository [*]]: execute
[2016-03-30 14:02:06,193][DEBUG][org.elasticsearch.cluster.service] [node_t1] processing [delete_repository [*]]: took 0s no change in cluster_state
[2016-03-30 14:02:06,202][TRACE][org.elasticsearch.transport.tracer] [transport_client_node_t3] [16][cluster:admin/repository/delete] received response from [{node_t3}{pVB3V9rcTUWO-cgIIcYX3A}{127.0.0.1}{127.0.0.1:9660}[mode=>network]]
[2016-03-30 14:02:06,206][INFO ][org.elasticsearch.discovery.zen] [node_t3] master_left [{node_t1}{lk7U_niVSKyTWpmVoV3sIA}{127.0.0.1}{127.0.0.1:9661}[mode=>network]], reason [shut_down]
[2016-03-30 14:02:06,207][TRACE][org.elasticsearch.cluster.service] [node_t3] will process [zen-disco-master_failed ({node_t1}{lk7U_niVSKyTWpmVoV3sIA}{127.0.0.1}{127.0.0.1:9661}[mode=>network])]
[2016-03-30 14:02:06,208][DEBUG][org.elasticsearch.cluster.service] [node_t3] processing [zen-disco-master_failed ({node_t1}{lk7U_niVSKyTWpmVoV3sIA}{127.0.0.1}{127.0.0.1:9661}[mode=>network])]: execute
[2016-03-30 14:02:06,208][TRACE][org.elasticsearch.discovery.zen.fd] [node_t3] [master] [{node_t1}{lk7U_niVSKyTWpmVoV3sIA}{127.0.0.1}{127.0.0.1:9661}[mode=>network]] transport disconnected
[2016-03-30 14:02:06,208][DEBUG][org.elasticsearch.discovery.zen.fd] [node_t3] [master] stopping fault detection against master [{node_t1}{lk7U_niVSKyTWpmVoV3sIA}{127.0.0.1}{127.0.0.1:9661}[mode=>network]], reason [master failure, transport disconnected]
[2016-03-30 14:02:06,208][INFO ][org.elasticsearch.discovery.zen] [node_t3] master_left [{node_t1}{lk7U_niVSKyTWpmVoV3sIA}{127.0.0.1}{127.0.0.1:9661}[mode=>network]], reason [transport disconnected]
[2016-03-30 14:02:06,209][WARN ][org.elasticsearch.discovery.zen] [node_t3] master left (reason = shut_down), current nodes: {{node_t3}{pVB3V9rcTUWO-cgIIcYX3A}{127.0.0.1}{127.0.0.1:9660}[mode=>network],}
[2016-03-30 14:02:06,209][TRACE][org.elasticsearch.discovery.zen] [node_t3] starting to accumulate joins
[2016-03-30 14:02:06,209][TRACE][org.elasticsearch.discovery.zen] [node_t3] starting to ping
[2016-03-30 14:02:06,209][TRACE][org.elasticsearch.discovery.zen.ping.unicast] [node_t3] [2] sending to {node_t3}{pVB3V9rcTUWO-cgIIcYX3A}{127.0.0.1}{127.0.0.1:9660}[mode=>network]
[2016-03-30 14:02:06,209][TRACE][org.elasticsearch.cluster.service] [node_t3] cluster state updated, source [zen-disco-master_failed ({node_t1}{lk7U_niVSKyTWpmVoV3sIA}{127.0.0.1}{127.0.0.1:9661}[mode=>network])]
version: 15
state uuid: RpkBOdr9SieyDWbCeGlPkQ
from_diff: false
meta data version: 9
blocks: 
   _global_:
      2,no master, blocks WRITE,METADATA_WRITE
nodes: 
   {node_t3}{pVB3V9rcTUWO-cgIIcYX3A}{127.0.0.1}{127.0.0.1:9660}[mode=>network], local
routing_table (version 13):
routing_nodes:
-----node_id[pVB3V9rcTUWO-cgIIcYX3A][V]
---- unassigned

[2016-03-30 14:02:06,209][TRACE][org.elasticsearch.discovery.zen.ping.unicast] [node_t3] [2] received response from {node_t3}{pVB3V9rcTUWO-cgIIcYX3A}{127.0.0.1}{127.0.0.1:9660}[mode=>network]: [ping_response{node [{node_t3}{pVB3V9rcTUWO-cgIIcYX3A}{127.0.0.1}{127.0.0.1:9660}[mode=>network]], id[961], master [{node_t1}{lk7U_niVSKyTWpmVoV3sIA}{127.0.0.1}{127.0.0.1:9661}[mode=>network]], hasJoinedOnce [true], cluster_name[TEST-CHILD_VM=[2]-CLUSTER_SEED=[2858301384796425155]-HASH=[462C14F99751D]-cluster]}, ping_response{node [{node_t3}{pVB3V9rcTUWO-cgIIcYX3A}{127.0.0.1}{127.0.0.1:9660}[mode=>network]], id[962], master [{node_t1}{lk7U_niVSKyTWpmVoV3sIA}{127.0.0.1}{127.0.0.1:9661}[mode=>network]], hasJoinedOnce [true], cluster_name[TEST-CHILD_VM=[2]-CLUSTER_SEED=[2858301384796425155]-HASH=[462C14F99751D]-cluster]}]
[2016-03-30 14:02:06,209][INFO ][org.elasticsearch.cluster.service] [node_t3] removed {{node_t1}{lk7U_niVSKyTWpmVoV3sIA}{127.0.0.1}{127.0.0.1:9661}[mode=>network],}, reason: zen-disco-master_failed ({node_t1}{lk7U_niVSKyTWpmVoV3sIA}{127.0.0.1}{127.0.0.1:9661}[mode=>network])
[2016-03-30 14:02:06,211][TRACE][org.elasticsearch.discovery.zen.ping.unicast] [node_t3] [2] connecting to {node_t1}{lk7U_niVSKyTWpmVoV3sIA}{127.0.0.1}{127.0.0.1:9661}[mode=>network]
[2016-03-30 14:02:06,210][TRACE][org.elasticsearch.discovery.zen.ping.unicast] [node_t3] [2] sending to {node_t3}{pVB3V9rcTUWO-cgIIcYX3A}{127.0.0.1}{127.0.0.1:9660}[mode=>network]
[2016-03-30 14:02:06,210][TRACE][org.elasticsearch.discovery.zen.ping.unicast] [node_t3] [2] connecting (light) to {#zen_unicast_10#}{::1}{[::1]:9664}
[2016-03-30 14:02:06,211][TRACE][org.elasticsearch.discovery.zen.ping.unicast] [node_t3] [2] received response from {node_t3}{pVB3V9rcTUWO-cgIIcYX3A}{127.0.0.1}{127.0.0.1:9660}[mode=>network]: [ping_response{node [{node_t3}{pVB3V9rcTUWO-cgIIcYX3A}{127.0.0.1}{127.0.0.1:9660}[mode=>network]], id[961], master [{node_t1}{lk7U_niVSKyTWpmVoV3sIA}{127.0.0.1}{127.0.0.1:9661}[mode=>network]], hasJoinedOnce [true], cluster_name[TEST-CHILD_VM=[2]-CLUSTER_SEED=[2858301384796425155]-HASH=[462C14F99751D]-cluster]}, ping_response{node [{node_t3}{pVB3V9rcTUWO-cgIIcYX3A}{127.0.0.1}{127.0.0.1:9660}[mode=>network]], id[961], master [{node_t1}{lk7U_niVSKyTWpmVoV3sIA}{127.0.0.1}{127.0.0.1:9661}[mode=>network]], hasJoinedOnce [true], cluster_name[TEST-CHILD_VM=[2]-CLUSTER_SEED=[2858301384796425155]-HASH=[462C14F99751D]-cluster]}, ping_response{node [{node_t3}{pVB3V9rcTUWO-cgIIcYX3A}{127.0.0.1}{127.0.0.1:9660}[mode=>network]], id[963], master [null], hasJoinedOnce [true], cluster_name[TEST-CHILD_VM=[2]-CLUSTER_SEED=[2858301384796425155]-HASH=[462C14F99751D]-cluster]}]
[2016-03-30 14:02:06,210][TRACE][org.elasticsearch.discovery.zen.ping.unicast] [node_t3] [2] connecting (light) to {#zen_unicast_9#}{::1}{[::1]:9663}
[2016-03-30 14:02:06,210][TRACE][org.elasticsearch.discovery.zen.ping.unicast] [node_t3] [2] connecting (light) to {#zen_unicast_6#}{::1}{[::1]:9660}
[2016-03-30 14:02:06,210][TRACE][org.elasticsearch.discovery.zen.ping.unicast] [node_t3] [2] connecting to {node_t1}{lk7U_niVSKyTWpmVoV3sIA}{127.0.0.1}{127.0.0.1:9661}[mode=>network]
[2016-03-30 14:02:06,210][TRACE][org.elasticsearch.discovery.zen.ping.unicast] [node_t3] [2] connecting (light) to {#zen_unicast_8#}{::1}{[::1]:9662}
[2016-03-30 14:02:06,212][TRACE][org.elasticsearch.discovery.zen.ping.unicast] [node_t3] [2] failed to connect to {#zen_unicast_10#}{::1}{[::1]:9664}
ConnectTransportException[[][[::1]:9664] connect_timeout[30s]]; nested: ConnectException[Connection refused: /0:0:0:0:0:0:0:1:9664];
	at org.elasticsearch.transport.netty.NettyTransport.connectToChannelsLight(NettyTransport.java:948)
	at org.elasticsearch.transport.netty.NettyTransport.connectToNode(NettyTransport.java:912)
	at org.elasticsearch.transport.netty.NettyTransport.connectToNodeLight(NettyTransport.java:884)
	at org.elasticsearch.test.transport.MockTransportService$LookupTestTransport.connectToNodeLight(MockTransportService.java:412)
	at org.elasticsearch.transport.TransportService.connectToNodeLight(TransportService.java:250)
	at org.elasticsearch.discovery.zen.ping.unicast.UnicastZenPing$3.run(UnicastZenPing.java:395)
	at java.util.concurrent.ThreadPoolExecutor.runWorker(ThreadPoolExecutor.java:1142)
	at java.util.concurrent.ThreadPoolExecutor$Worker.run(ThreadPoolExecutor.java:617)
	at java.lang.Thread.run(Thread.java:745)
Caused by: java.net.ConnectException: Connection refused: /0:0:0:0:0:0:0:1:9664
	at sun.nio.ch.SocketChannelImpl.checkConnect(Native Method)
	at sun.nio.ch.SocketChannelImpl.finishConnect(SocketChannelImpl.java:717)
	at org.jboss.netty.channel.socket.nio.NioClientBoss.connect(NioClientBoss.java:152)
	at org.jboss.netty.channel.socket.nio.NioClientBoss.processSelectedKeys(NioClientBoss.java:105)
	at org.jboss.netty.channel.socket.nio.NioClientBoss.process(NioClientBoss.java:79)
	at org.jboss.netty.channel.socket.nio.AbstractNioSelector.run(AbstractNioSelector.java:337)
	at org.jboss.netty.channel.socket.nio.NioClientBoss.run(NioClientBoss.java:42)
	at org.jboss.netty.util.ThreadRenamingRunnable.run(ThreadRenamingRunnable.java:108)
	at org.jboss.netty.util.internal.DeadLockProofWorker$1.run(DeadLockProofWorker.java:42)
	... 3 more
[2016-03-30 14:02:06,210][TRACE][org.elasticsearch.discovery.zen.ping.unicast] [node_t3] [2] connecting (light) to {#zen_unicast_7#}{::1}{[::1]:9661}
[2016-03-30 14:02:06,210][TRACE][org.elasticsearch.discovery.zen.ping.unicast] [node_t3] [2] connecting (light) to {#zen_unicast_5#}{127.0.0.1}{127.0.0.1:9664}
[2016-03-30 14:02:06,210][TRACE][org.elasticsearch.discovery.zen.ping.unicast] [node_t3] [2] connecting (light) to {#zen_unicast_3#}{127.0.0.1}{127.0.0.1:9662}
[2016-03-30 14:02:06,210][TRACE][org.elasticsearch.discovery.zen.ping.unicast] [node_t3] [2] connecting (light) to {#zen_unicast_4#}{127.0.0.1}{127.0.0.1:9663}
[2016-03-30 14:02:06,212][TRACE][org.elasticsearch.discovery.zen.ping.unicast] [node_t3] [2] failed to connect to {#zen_unicast_9#}{::1}{[::1]:9663}
ConnectTransportException[[][[::1]:9663] connect_timeout[30s]]; nested: ConnectException[Connection refused: /0:0:0:0:0:0:0:1:9663];
	at org.elasticsearch.transport.netty.NettyTransport.connectToChannelsLight(NettyTransport.java:948)
	at org.elasticsearch.transport.netty.NettyTransport.connectToNode(NettyTransport.java:912)
	at org.elasticsearch.transport.netty.NettyTransport.connectToNodeLight(NettyTransport.java:884)
	at org.elasticsearch.test.transport.MockTransportService$LookupTestTransport.connectToNodeLight(MockTransportService.java:412)
	at org.elasticsearch.transport.TransportService.connectToNodeLight(TransportService.java:250)
	at org.elasticsearch.discovery.zen.ping.unicast.UnicastZenPing$3.run(UnicastZenPing.java:395)
	at java.util.concurrent.ThreadPoolExecutor.runWorker(ThreadPoolExecutor.java:1142)
	at java.util.concurrent.ThreadPoolExecutor$Worker.run(ThreadPoolExecutor.java:617)
	at java.lang.Thread.run(Thread.java:745)
Caused by: java.net.ConnectException: Connection refused: /0:0:0:0:0:0:0:1:9663
	at sun.nio.ch.SocketChannelImpl.checkConnect(Native Method)
	at sun.nio.ch.SocketChannelImpl.finishConnect(SocketChannelImpl.java:717)
	at org.jboss.netty.channel.socket.nio.NioClientBoss.connect(NioClientBoss.java:152)
	at org.jboss.netty.channel.socket.nio.NioClientBoss.processSelectedKeys(NioClientBoss.java:105)
	at org.jboss.netty.channel.socket.nio.NioClientBoss.process(NioClientBoss.java:79)
	at org.jboss.netty.channel.socket.nio.AbstractNioSelector.run(AbstractNioSelector.java:337)
	at org.jboss.netty.channel.socket.nio.NioClientBoss.run(NioClientBoss.java:42)
	at org.jboss.netty.util.ThreadRenamingRunnable.run(ThreadRenamingRunnable.java:108)
	at org.jboss.netty.util.internal.DeadLockProofWorker$1.run(DeadLockProofWorker.java:42)
	... 3 more
[2016-03-30 14:02:06,214][TRACE][org.elasticsearch.discovery.zen.ping.unicast] [node_t3] [2] failed to connect to {#zen_unicast_8#}{::1}{[::1]:9662}
ConnectTransportException[[][[::1]:9662] connect_timeout[30s]]; nested: ConnectException[Connection refused: /0:0:0:0:0:0:0:1:9662];
	at org.elasticsearch.transport.netty.NettyTransport.connectToChannelsLight(NettyTransport.java:948)
	at org.elasticsearch.transport.netty.NettyTransport.connectToNode(NettyTransport.java:912)
	at org.elasticsearch.transport.netty.NettyTransport.connectToNodeLight(NettyTransport.java:884)
	at org.elasticsearch.test.transport.MockTransportService$LookupTestTransport.connectToNodeLight(MockTransportService.java:412)
	at org.elasticsearch.transport.TransportService.connectToNodeLight(TransportService.java:250)
	at org.elasticsearch.discovery.zen.ping.unicast.UnicastZenPing$3.run(UnicastZenPing.java:395)
	at java.util.concurrent.ThreadPoolExecutor.runWorker(ThreadPoolExecutor.java:1142)
	at java.util.concurrent.ThreadPoolExecutor$Worker.run(ThreadPoolExecutor.java:617)
	at java.lang.Thread.run(Thread.java:745)
Caused by: java.net.ConnectException: Connection refused: /0:0:0:0:0:0:0:1:9662
	at sun.nio.ch.SocketChannelImpl.checkConnect(Native Method)
	at sun.nio.ch.SocketChannelImpl.finishConnect(SocketChannelImpl.java:717)
	at org.jboss.netty.channel.socket.nio.NioClientBoss.connect(NioClientBoss.java:152)
	at org.jboss.netty.channel.socket.nio.NioClientBoss.processSelectedKeys(NioClientBoss.java:105)
	at org.jboss.netty.channel.socket.nio.NioClientBoss.process(NioClientBoss.java:79)
	at org.jboss.netty.channel.socket.nio.AbstractNioSelector.run(AbstractNioSelector.java:337)
	at org.jboss.netty.channel.socket.nio.NioClientBoss.run(NioClientBoss.java:42)
	at org.jboss.netty.util.ThreadRenamingRunnable.run(ThreadRenamingRunnable.java:108)
	at org.jboss.netty.util.internal.DeadLockProofWorker$1.run(DeadLockProofWorker.java:42)
	... 3 more
[2016-03-30 14:02:06,214][TRACE][org.elasticsearch.discovery.zen.ping.unicast] [node_t3] [2] failed to connect to {#zen_unicast_3#}{127.0.0.1}{127.0.0.1:9662}
ConnectTransportException[[][127.0.0.1:9662] connect_timeout[30s]]; nested: ConnectException[Connection refused: /127.0.0.1:9662];
	at org.elasticsearch.transport.netty.NettyTransport.connectToChannelsLight(NettyTransport.java:948)
	at org.elasticsearch.transport.netty.NettyTransport.connectToNode(NettyTransport.java:912)
	at org.elasticsearch.transport.netty.NettyTransport.connectToNodeLight(NettyTransport.java:884)
	at org.elasticsearch.test.transport.MockTransportService$LookupTestTransport.connectToNodeLight(MockTransportService.java:412)
	at org.elasticsearch.transport.TransportService.connectToNodeLight(TransportService.java:250)
	at org.elasticsearch.discovery.zen.ping.unicast.UnicastZenPing$3.run(UnicastZenPing.java:395)
	at java.util.concurrent.ThreadPoolExecutor.runWorker(ThreadPoolExecutor.java:1142)
	at java.util.concurrent.ThreadPoolExecutor$Worker.run(ThreadPoolExecutor.java:617)
	at java.lang.Thread.run(Thread.java:745)
Caused by: java.net.ConnectException: Connection refused: /127.0.0.1:9662
	at sun.nio.ch.SocketChannelImpl.checkConnect(Native Method)
	at sun.nio.ch.SocketChannelImpl.finishConnect(SocketChannelImpl.java:717)
	at org.jboss.netty.channel.socket.nio.NioClientBoss.connect(NioClientBoss.java:152)
	at org.jboss.netty.channel.socket.nio.NioClientBoss.processSelectedKeys(NioClientBoss.java:105)
	at org.jboss.netty.channel.socket.nio.NioClientBoss.process(NioClientBoss.java:79)
	at org.jboss.netty.channel.socket.nio.AbstractNioSelector.run(AbstractNioSelector.java:337)
	at org.jboss.netty.channel.socket.nio.NioClientBoss.run(NioClientBoss.java:42)
	at org.jboss.netty.util.ThreadRenamingRunnable.run(ThreadRenamingRunnable.java:108)
	at org.jboss.netty.util.internal.DeadLockProofWorker$1.run(DeadLockProofWorker.java:42)
	... 3 more
[2016-03-30 14:02:06,215][TRACE][org.elasticsearch.discovery.zen.ping.unicast] [node_t3] [2] failed to connect to {#zen_unicast_7#}{::1}{[::1]:9661}
ConnectTransportException[[][[::1]:9661] connect_timeout[30s]]; nested: ConnectException[Connection refused: /0:0:0:0:0:0:0:1:9661];
	at org.elasticsearch.transport.netty.NettyTransport.connectToChannelsLight(NettyTransport.java:948)
	at org.elasticsearch.transport.netty.NettyTransport.connectToNode(NettyTransport.java:912)
	at org.elasticsearch.transport.netty.NettyTransport.connectToNodeLight(NettyTransport.java:884)
	at org.elasticsearch.test.transport.MockTransportService$LookupTestTransport.connectToNodeLight(MockTransportService.java:412)
	at org.elasticsearch.transport.TransportService.connectToNodeLight(TransportService.java:250)
	at org.elasticsearch.discovery.zen.ping.unicast.UnicastZenPing$3.run(UnicastZenPing.java:395)
	at java.util.concurrent.ThreadPoolExecutor.runWorker(ThreadPoolExecutor.java:1142)
	at java.util.concurrent.ThreadPoolExecutor$Worker.run(ThreadPoolExecutor.java:617)
	at java.lang.Thread.run(Thread.java:745)
Caused by: java.net.ConnectException: Connection refused: /0:0:0:0:0:0:0:1:9661
	at sun.nio.ch.SocketChannelImpl.checkConnect(Native Method)
	at sun.nio.ch.SocketChannelImpl.finishConnect(SocketChannelImpl.java:717)
	at org.jboss.netty.channel.socket.nio.NioClientBoss.connect(NioClientBoss.java:152)
	at org.jboss.netty.channel.socket.nio.NioClientBoss.processSelectedKeys(NioClientBoss.java:105)
	at org.jboss.netty.channel.socket.nio.NioClientBoss.process(NioClientBoss.java:79)
	at org.jboss.netty.channel.socket.nio.AbstractNioSelector.run(AbstractNioSelector.java:337)
	at org.jboss.netty.channel.socket.nio.NioClientBoss.run(NioClientBoss.java:42)
	at org.jboss.netty.util.ThreadRenamingRunnable.run(ThreadRenamingRunnable.java:108)
	at org.jboss.netty.util.internal.DeadLockProofWorker$1.run(DeadLockProofWorker.java:42)
	... 3 more
[2016-03-30 14:02:06,211][DEBUG][org.elasticsearch.cluster.service] [node_t3] set local cluster state to version 15
[2016-03-30 14:02:06,215][TRACE][org.elasticsearch.discovery.zen.ping.unicast] [node_t3] [2] failed to connect to {node_t1}{lk7U_niVSKyTWpmVoV3sIA}{127.0.0.1}{127.0.0.1:9661}[mode=>network]
ConnectTransportException[[node_t1][127.0.0.1:9661] connect_timeout[30s]]; nested: ConnectException[Connection refused: /127.0.0.1:9661];
	at org.elasticsearch.transport.netty.NettyTransport.connectToChannels(NettyTransport.java:983)
	at org.elasticsearch.transport.netty.NettyTransport.connectToNode(NettyTransport.java:916)
	at org.elasticsearch.transport.netty.NettyTransport.connectToNode(NettyTransport.java:889)
	at org.elasticsearch.test.transport.MockTransportService$LookupTestTransport.connectToNode(MockTransportService.java:407)
	at org.elasticsearch.transport.TransportService.connectToNode(TransportService.java:243)
	at org.elasticsearch.discovery.zen.ping.unicast.UnicastZenPing$3.run(UnicastZenPing.java:398)
	at java.util.concurrent.ThreadPoolExecutor.runWorker(ThreadPoolExecutor.java:1142)
	at java.util.concurrent.ThreadPoolExecutor$Worker.run(ThreadPoolExecutor.java:617)
	at java.lang.Thread.run(Thread.java:745)
Caused by: java.net.ConnectException: Connection refused: /127.0.0.1:9661
	at sun.nio.ch.SocketChannelImpl.checkConnect(Native Method)
	at sun.nio.ch.SocketChannelImpl.finishConnect(SocketChannelImpl.java:717)
	at org.jboss.netty.channel.socket.nio.NioClientBoss.connect(NioClientBoss.java:152)
	at org.jboss.netty.channel.socket.nio.NioClientBoss.processSelectedKeys(NioClientBoss.java:105)
	at org.jboss.netty.channel.socket.nio.NioClientBoss.process(NioClientBoss.java:79)
	at org.jboss.netty.channel.socket.nio.AbstractNioSelector.run(AbstractNioSelector.java:337)
	at org.jboss.netty.channel.socket.nio.NioClientBoss.run(NioClientBoss.java:42)
	at org.jboss.netty.util.ThreadRenamingRunnable.run(ThreadRenamingRunnable.java:108)
	at org.jboss.netty.util.internal.DeadLockProofWorker$1.run(DeadLockProofWorker.java:42)
	... 3 more
[2016-03-30 14:02:06,215][TRACE][org.elasticsearch.discovery.zen.ping.unicast] [node_t3] [2] failed to connect to {#zen_unicast_5#}{127.0.0.1}{127.0.0.1:9664}
ConnectTransportException[[][127.0.0.1:9664] connect_timeout[30s]]; nested: ConnectException[Connection refused: /127.0.0.1:9664];
	at org.elasticsearch.transport.netty.NettyTransport.connectToChannelsLight(NettyTransport.java:948)
	at org.elasticsearch.transport.netty.NettyTransport.connectToNode(NettyTransport.java:912)
	at org.elasticsearch.transport.netty.NettyTransport.connectToNodeLight(NettyTransport.java:884)
	at org.elasticsearch.test.transport.MockTransportService$LookupTestTransport.connectToNodeLight(MockTransportService.java:412)
	at org.elasticsearch.transport.TransportService.connectToNodeLight(TransportService.java:250)
	at org.elasticsearch.discovery.zen.ping.unicast.UnicastZenPing$3.run(UnicastZenPing.java:395)
	at java.util.concurrent.ThreadPoolExecutor.runWorker(ThreadPoolExecutor.java:1142)
	at java.util.concurrent.ThreadPoolExecutor$Worker.run(ThreadPoolExecutor.java:617)
	at java.lang.Thread.run(Thread.java:745)
Caused by: java.net.ConnectException: Connection refused: /127.0.0.1:9664
	at sun.nio.ch.SocketChannelImpl.checkConnect(Native Method)
	at sun.nio.ch.SocketChannelImpl.finishConnect(SocketChannelImpl.java:717)
	at org.jboss.netty.channel.socket.nio.NioClientBoss.connect(NioClientBoss.java:152)
	at org.jboss.netty.channel.socket.nio.NioClientBoss.processSelectedKeys(NioClientBoss.java:105)
	at org.jboss.netty.channel.socket.nio.NioClientBoss.process(NioClientBoss.java:79)
	at org.jboss.netty.channel.socket.nio.AbstractNioSelector.run(AbstractNioSelector.java:337)
	at org.jboss.netty.channel.socket.nio.NioClientBoss.run(NioClientBoss.java:42)
	at org.jboss.netty.util.ThreadRenamingRunnable.run(ThreadRenamingRunnable.java:108)
	at org.jboss.netty.util.internal.DeadLockProofWorker$1.run(DeadLockProofWorker.java:42)
	... 3 more
[2016-03-30 14:02:06,214][TRACE][org.elasticsearch.discovery.zen.ping.unicast] [node_t3] [2] failed to connect to {#zen_unicast_4#}{127.0.0.1}{127.0.0.1:9663}
ConnectTransportException[[][127.0.0.1:9663] connect_timeout[30s]]; nested: ConnectException[Connection refused: /127.0.0.1:9663];
	at org.elasticsearch.transport.netty.NettyTransport.connectToChannelsLight(NettyTransport.java:948)
	at org.elasticsearch.transport.netty.NettyTransport.connectToNode(NettyTransport.java:912)
	at org.elasticsearch.transport.netty.NettyTransport.connectToNodeLight(NettyTransport.java:884)
	at org.elasticsearch.test.transport.MockTransportService$LookupTestTransport.connectToNodeLight(MockTransportService.java:412)
	at org.elasticsearch.transport.TransportService.connectToNodeLight(TransportService.java:250)
	at org.elasticsearch.discovery.zen.ping.unicast.UnicastZenPing$3.run(UnicastZenPing.java:395)
	at java.util.concurrent.ThreadPoolExecutor.runWorker(ThreadPoolExecutor.java:1142)
	at java.util.concurrent.ThreadPoolExecutor$Worker.run(ThreadPoolExecutor.java:617)
	at java.lang.Thread.run(Thread.java:745)
Caused by: java.net.ConnectException: Connection refused: /127.0.0.1:9663
	at sun.nio.ch.SocketChannelImpl.checkConnect(Native Method)
	at sun.nio.ch.SocketChannelImpl.finishConnect(SocketChannelImpl.java:717)
	at org.jboss.netty.channel.socket.nio.NioClientBoss.connect(NioClientBoss.java:152)
	at org.jboss.netty.channel.socket.nio.NioClientBoss.processSelectedKeys(NioClientBoss.java:105)
	at org.jboss.netty.channel.socket.nio.NioClientBoss.process(NioClientBoss.java:79)
	at org.jboss.netty.channel.socket.nio.AbstractNioSelector.run(AbstractNioSelector.java:337)
	at org.jboss.netty.channel.socket.nio.NioClientBoss.run(NioClientBoss.java:42)
	at org.jboss.netty.util.ThreadRenamingRunnable.run(ThreadRenamingRunnable.java:108)
	at org.jboss.netty.util.internal.DeadLockProofWorker$1.run(DeadLockProofWorker.java:42)
	... 3 more
[2016-03-30 14:02:06,214][TRACE][org.elasticsearch.discovery.zen.ping.unicast] [node_t3] [2] connected to {#zen_unicast_6#}{::1}{[::1]:9660}
[2016-03-30 14:02:06,214][TRACE][org.elasticsearch.discovery.zen.ping.unicast] [node_t3] [2] failed to connect to {node_t1}{lk7U_niVSKyTWpmVoV3sIA}{127.0.0.1}{127.0.0.1:9661}[mode=>network]
ConnectTransportException[[node_t1][127.0.0.1:9661] connect_timeout[30s]]; nested: ConnectException[Connection refused: /127.0.0.1:9661];
	at org.elasticsearch.transport.netty.NettyTransport.connectToChannels(NettyTransport.java:983)
	at org.elasticsearch.transport.netty.NettyTransport.connectToNode(NettyTransport.java:916)
	at org.elasticsearch.transport.netty.NettyTransport.connectToNode(NettyTransport.java:889)
	at org.elasticsearch.test.transport.MockTransportService$LookupTestTransport.connectToNode(MockTransportService.java:407)
	at org.elasticsearch.transport.TransportService.connectToNode(TransportService.java:243)
	at org.elasticsearch.discovery.zen.ping.unicast.UnicastZenPing$3.run(UnicastZenPing.java:398)
	at java.util.concurrent.ThreadPoolExecutor.runWorker(ThreadPoolExecutor.java:1142)
	at java.util.concurrent.ThreadPoolExecutor$Worker.run(ThreadPoolExecutor.java:617)
	at java.lang.Thread.run(Thread.java:745)
Caused by: java.net.ConnectException: Connection refused: /127.0.0.1:9661
	at sun.nio.ch.SocketChannelImpl.checkConnect(Native Method)
	at sun.nio.ch.SocketChannelImpl.finishConnect(SocketChannelImpl.java:717)
	at org.jboss.netty.channel.socket.nio.NioClientBoss.connect(NioClientBoss.java:152)
	at org.jboss.netty.channel.socket.nio.NioClientBoss.processSelectedKeys(NioClientBoss.java:105)
	at org.jboss.netty.channel.socket.nio.NioClientBoss.process(NioClientBoss.java:79)
	at org.jboss.netty.channel.socket.nio.AbstractNioSelector.run(AbstractNioSelector.java:337)
	at org.jboss.netty.channel.socket.nio.NioClientBoss.run(NioClientBoss.java:42)
	at org.jboss.netty.util.ThreadRenamingRunnable.run(ThreadRenamingRunnable.java:108)
	at org.jboss.netty.util.internal.DeadLockProofWorker$1.run(DeadLockProofWorker.java:42)
	... 3 more
[2016-03-30 14:02:06,217][TRACE][org.elasticsearch.discovery.zen.ping.unicast] [node_t3] [2] sending to {#zen_unicast_6#}{::1}{[::1]:9660}
[2016-03-30 14:02:06,219][TRACE][org.elasticsearch.discovery.zen.ping.unicast] [node_t3] [2] received response from {#zen_unicast_6#}{::1}{[::1]:9660}: [ping_response{node [{node_t3}{pVB3V9rcTUWO-cgIIcYX3A}{127.0.0.1}{127.0.0.1:9660}[mode=>network]], id[961], master [{node_t1}{lk7U_niVSKyTWpmVoV3sIA}{127.0.0.1}{127.0.0.1:9661}[mode=>network]], hasJoinedOnce [true], cluster_name[TEST-CHILD_VM=[2]-CLUSTER_SEED=[2858301384796425155]-HASH=[462C14F99751D]-cluster]}, ping_response{node [{node_t3}{pVB3V9rcTUWO-cgIIcYX3A}{127.0.0.1}{127.0.0.1:9660}[mode=>network]], id[961], master [{node_t1}{lk7U_niVSKyTWpmVoV3sIA}{127.0.0.1}{127.0.0.1:9661}[mode=>network]], hasJoinedOnce [true], cluster_name[TEST-CHILD_VM=[2]-CLUSTER_SEED=[2858301384796425155]-HASH=[462C14F99751D]-cluster]}, ping_response{node [{node_t3}{pVB3V9rcTUWO-cgIIcYX3A}{127.0.0.1}{127.0.0.1:9660}[mode=>network]], id[961], master [{node_t1}{lk7U_niVSKyTWpmVoV3sIA}{127.0.0.1}{127.0.0.1:9661}[mode=>network]], hasJoinedOnce [true], cluster_name[TEST-CHILD_VM=[2]-CLUSTER_SEED=[2858301384796425155]-HASH=[462C14F99751D]-cluster]}, ping_response{node [{node_t3}{pVB3V9rcTUWO-cgIIcYX3A}{127.0.0.1}{127.0.0.1:9660}[mode=>network]], id[964], master [null], hasJoinedOnce [true], cluster_name[TEST-CHILD_VM=[2]-CLUSTER_SEED=[2858301384796425155]-HASH=[462C14F99751D]-cluster]}]
[2016-03-30 14:02:06,222][DEBUG][org.elasticsearch.cluster.service] [node_t3] processing [zen-disco-master_failed ({node_t1}{lk7U_niVSKyTWpmVoV3sIA}{127.0.0.1}{127.0.0.1:9661}[mode=>network])]: took 13ms done applying updated cluster_state (version: 15, uuid: RpkBOdr9SieyDWbCeGlPkQ)
[2016-03-30 14:02:06,222][TRACE][org.elasticsearch.cluster.service] [node_t3] will process [zen-disco-master_failed ({node_t1}{lk7U_niVSKyTWpmVoV3sIA}{127.0.0.1}{127.0.0.1:9661}[mode=>network])]
[2016-03-30 14:02:06,222][DEBUG][org.elasticsearch.cluster.service] [node_t3] processing [zen-disco-master_failed ({node_t1}{lk7U_niVSKyTWpmVoV3sIA}{127.0.0.1}{127.0.0.1:9661}[mode=>network])]: ignoring, cluster_service not started
[2016-03-30 14:02:06,223][TRACE][org.elasticsearch.discovery.zen.ping] [node_t3] pingAndWait interrupted
[2016-03-30 14:02:06,223][TRACE][org.elasticsearch.discovery.zen] [node_t3] No full ping responses
[2016-03-30 14:02:06,223][TRACE][org.elasticsearch.discovery.zen] [node_t3] thread is no longer in currentJoinThread. Stopping.
[2016-03-30 14:02:06,686][WARN ][org.elasticsearch.action.admin.cluster.settings] [node_t0] ignoring persistent setting [discovery.zen.minimum_master_nodes], [cannot set discovery.zen.minimum_master_nodes to more than the current master nodes count [2]]
[2016-03-30 14:02:06,724][WARN ][org.elasticsearch.discovery.zen] [node_t1] master left (reason = shut_down), current nodes: {{node_t1}{aevt583jTIGj7SEfvR7-yQ}{127.0.0.1}{127.0.0.1:9681}[mode=>network],}
]]></system-out>
   <system-err><![CDATA[]]></system-err>
</testsuite>