<testsuite errors="0" failures="0" tests="12" skipped="0" name="org.elasticsearch.index.IndexWithShadowReplicasIT" hostname="nohost.nodomain" time="29.341" timestamp="2016-03-30T13:58:09">
   <properties class="java.util.ArrayList">
      <property name="awt.toolkit" value="sun.lwawt.macosx.LWCToolkit"/>
      <property name="es.logger.level" value="WARN"/>
      <property name="file.encoding" value="UTF-8"/>
      <property name="file.encoding.pkg" value="sun.io"/>
      <property name="file.separator" value="/"/>
      <property name="ftp.nonProxyHosts" value="local|*.local|169.254/16|*.169.254/16"/>
      <property name="gopherProxySet" value="false"/>
      <property name="http.nonProxyHosts" value="local|*.local|169.254/16|*.169.254/16"/>
      <property name="java.awt.graphicsenv" value="sun.awt.CGraphicsEnvironment"/>
      <property name="java.awt.headless" value="true"/>
      <property name="java.awt.printerjob" value="sun.lwawt.macosx.CPrinterJob"/>
      <property name="java.class.path" value="/Users/brijeshs/Documents/elasticsearch_sort_netbeans/elasticsearch/core/build/classes/test:/Users/brijeshs/Documents/elasticsearch_sort_netbeans/elasticsearch/core/build/resources/test:/Users/brijeshs/Documents/elasticsearch_sort_netbeans/elasticsearch/core/build/classes/main:/Users/brijeshs/Documents/elasticsearch_sort_netbeans/elasticsearch/core/build/resources/main:/Users/brijeshs/.gradle/caches/modules-2/files-2.1/org.apache.lucene/lucene-core/5.4.0-snapshot-1715952/84685d37a34b4d87e2928566ed266a7f005ca67d/lucene-core-5.4.0-snapshot-1715952.jar:/Users/brijeshs/.gradle/caches/modules-2/files-2.1/org.apache.lucene/lucene-analyzers-common/5.4.0-snapshot-1715952/feaf885ed4155fb7202c1f90ac2eb40503961efc/lucene-analyzers-common-5.4.0-snapshot-1715952.jar:/Users/brijeshs/.gradle/caches/modules-2/files-2.1/org.apache.lucene/lucene-backward-codecs/5.4.0-snapshot-1715952/5b5b5c950b4fcac38cf48fab911f75da61e780fa/lucene-backward-codecs-5.4.0-snapshot-1715952.jar:/Users/brijeshs/.gradle/caches/modules-2/files-2.1/org.apache.lucene/lucene-grouping/5.4.0-snapshot-1715952/ff92011208ed5c28f041acc37bd77728a89fc6a5/lucene-grouping-5.4.0-snapshot-1715952.jar:/Users/brijeshs/.gradle/caches/modules-2/files-2.1/org.apache.lucene/lucene-highlighter/5.4.0-snapshot-1715952/5d46f26a6cb36aede89b8728b6fcbc427d4f9416/lucene-highlighter-5.4.0-snapshot-1715952.jar:/Users/brijeshs/.gradle/caches/modules-2/files-2.1/org.apache.lucene/lucene-join/5.4.0-snapshot-1715952/726ea07bbfdfbfbee80522353496fc6667dc33c9/lucene-join-5.4.0-snapshot-1715952.jar:/Users/brijeshs/.gradle/caches/modules-2/files-2.1/org.apache.lucene/lucene-memory/5.4.0-snapshot-1715952/d8d7a7b573a4cfc54745a126e905ccfd523b7a24/lucene-memory-5.4.0-snapshot-1715952.jar:/Users/brijeshs/.gradle/caches/modules-2/files-2.1/org.apache.lucene/lucene-misc/5.4.0-snapshot-1715952/cd9d4fb4492bd2680cea2f038a051311329f6443/lucene-misc-5.4.0-snapshot-1715952.jar:/Users/brijeshs/.gradle/caches/modules-2/files-2.1/org.apache.lucene/lucene-queries/5.4.0-snapshot-1715952/a1a04d191443e51f992ed3dd02d0e14fd48493c9/lucene-queries-5.4.0-snapshot-1715952.jar:/Users/brijeshs/.gradle/caches/modules-2/files-2.1/org.apache.lucene/lucene-queryparser/5.4.0-snapshot-1715952/c4d34b29b8b14ad3deb300a6d699e9d8965a3c2c/lucene-queryparser-5.4.0-snapshot-1715952.jar:/Users/brijeshs/.gradle/caches/modules-2/files-2.1/org.apache.lucene/lucene-sandbox/5.4.0-snapshot-1715952/bf45dbd653d66ce9d2c3f19b69997b8098d8b416/lucene-sandbox-5.4.0-snapshot-1715952.jar:/Users/brijeshs/.gradle/caches/modules-2/files-2.1/org.apache.lucene/lucene-spatial/5.4.0-snapshot-1715952/2bddfda70f5c657064d12860b03c2cd8a5029bfc/lucene-spatial-5.4.0-snapshot-1715952.jar:/Users/brijeshs/.gradle/caches/modules-2/files-2.1/org.apache.lucene/lucene-spatial3d/5.4.0-snapshot-1715952/881b8cd571fb3ccdcc69f1316468d816812513fb/lucene-spatial3d-5.4.0-snapshot-1715952.jar:/Users/brijeshs/.gradle/caches/modules-2/files-2.1/org.apache.lucene/lucene-suggest/5.4.0-snapshot-1715952/466e2bc02f45f04cbf516e5df78b9c2ebd99e944/lucene-suggest-5.4.0-snapshot-1715952.jar:/Users/brijeshs/.gradle/caches/modules-2/files-2.1/org.elasticsearch/securesm/1.0/c0c6cf986ba0057390bfcc80c366a0e3157f944b/securesm-1.0.jar:/Users/brijeshs/.gradle/caches/modules-2/files-2.1/commons-cli/commons-cli/1.3.1/1303efbc4b181e5a58bf2e967dc156a3132b97c0/commons-cli-1.3.1.jar:/Users/brijeshs/.gradle/caches/modules-2/files-2.1/com.carrotsearch/hppc/0.7.1/8b5057f74ea378c0150a1860874a3ebdcb713767/hppc-0.7.1.jar:/Users/brijeshs/.gradle/caches/modules-2/files-2.1/joda-time/joda-time/2.8.2/d27c24204c5e507b16fec01006b3d0f1ec42aed4/joda-time-2.8.2.jar:/Users/brijeshs/.gradle/caches/modules-2/files-2.1/org.joda/joda-convert/1.2/35ec554f0cd00c956cc69051514d9488b1374dec/joda-convert-1.2.jar:/Users/brijeshs/.gradle/caches/modules-2/files-2.1/com.fasterxml.jackson.core/jackson-core/2.6.2/123f29333b2c6b3516b14252b6e93226bfcd6e37/jackson-core-2.6.2.jar:/Users/brijeshs/.gradle/caches/modules-2/files-2.1/com.fasterxml.jackson.dataformat/jackson-dataformat-smile/2.6.2/395d18c1a1dd730b8026ee59c4067e5d2b45ba6e/jackson-dataformat-smile-2.6.2.jar:/Users/brijeshs/.gradle/caches/modules-2/files-2.1/com.fasterxml.jackson.dataformat/jackson-dataformat-yaml/2.6.2/4ae23088dd3fae47c66843f2e4251d7255ee140e/jackson-dataformat-yaml-2.6.2.jar:/Users/brijeshs/.gradle/caches/modules-2/files-2.1/com.fasterxml.jackson.dataformat/jackson-dataformat-cbor/2.6.2/1e13c575f914c83761bb8e2aca7dfd9e4c647579/jackson-dataformat-cbor-2.6.2.jar:/Users/brijeshs/.gradle/caches/modules-2/files-2.1/io.netty/netty/3.10.5.Final/9ca7d55d246092bddd29b867706e2f6c7db701a0/netty-3.10.5.Final.jar:/Users/brijeshs/.gradle/caches/modules-2/files-2.1/com.tdunning/t-digest/3.0/84ccf145ac2215e6bfa63baa3101c0af41017cfc/t-digest-3.0.jar:/Users/brijeshs/.gradle/caches/modules-2/files-2.1/org.hdrhistogram/HdrHistogram/2.1.6/7495feb7f71ee124bd2a7e7d83590e296d71d80e/HdrHistogram-2.1.6.jar:/Users/brijeshs/.gradle/caches/modules-2/files-2.1/com.spatial4j/spatial4j/0.5/6e16edaf6b1ba76db7f08c2f3723fce3b358ecc3/spatial4j-0.5.jar:/Users/brijeshs/.gradle/caches/modules-2/files-2.1/com.vividsolutions/jts/1.13/3ccfb9b60f04d71add996a666ceb8902904fd805/jts-1.13.jar:/Users/brijeshs/.gradle/caches/modules-2/files-2.1/log4j/log4j/1.2.17/5af35056b4d257e4b64b9e8069c0746e8b08629f/log4j-1.2.17.jar:/Users/brijeshs/.gradle/caches/modules-2/files-2.1/log4j/apache-log4j-extras/1.2.17/85863614d82185d7e51fe21c00aa9117a523a8b6/apache-log4j-extras-1.2.17.jar:/Users/brijeshs/.gradle/caches/modules-2/files-2.1/org.slf4j/slf4j-api/1.6.2/8619e95939167fb37245b5670135e4feb0ec7d50/slf4j-api-1.6.2.jar:/Users/brijeshs/.gradle/caches/modules-2/files-2.1/net.java.dev.jna/jna/4.1.0/1c12d070e602efd8021891cdd7fd18bc129372d4/jna-4.1.0.jar:/Users/brijeshs/Documents/elasticsearch_sort_netbeans/elasticsearch/test-framework/build/libs/test-framework-3.0.0-SNAPSHOT.jar:/Users/brijeshs/.gradle/caches/modules-2/files-2.1/com.carrotsearch.randomizedtesting/randomizedtesting-runner/2.2.0/60de504132241be049564a3a34fd7dcc296e2ef0/randomizedtesting-runner-2.2.0.jar:/Users/brijeshs/.gradle/caches/modules-2/files-2.1/junit/junit/4.11/4e031bb61df09069aeb2bffb4019e7a5034a4ee0/junit-4.11.jar:/Users/brijeshs/.gradle/caches/modules-2/files-2.1/org.hamcrest/hamcrest-all/1.3/63a21ebc981131004ad02e0434e799fd7f3a8d5a/hamcrest-all-1.3.jar:/Users/brijeshs/.gradle/caches/modules-2/files-2.1/org.apache.lucene/lucene-test-framework/5.4.0-snapshot-1715952/ae3156d5a2526b1b48ca821765cf7cd53faecef5/lucene-test-framework-5.4.0-snapshot-1715952.jar:/Users/brijeshs/.gradle/caches/modules-2/files-2.1/org.apache.lucene/lucene-codecs/5.4.0-snapshot-1715952/7b94152f1c9fd7ecb384fc9602318f74a4463a65/lucene-codecs-5.4.0-snapshot-1715952.jar:/Users/brijeshs/.gradle/caches/modules-2/files-2.1/org.apache.httpcomponents/httpclient/4.3.6/4c47155e3e6c9a41a28db36680b828ced53b8af4/httpclient-4.3.6.jar:/Users/brijeshs/.gradle/caches/modules-2/files-2.1/org.apache.httpcomponents/httpcore/4.3.3/f91b7a4aadc5cf486df6e4634748d7dd7a73f06d/httpcore-4.3.3.jar:/Users/brijeshs/.gradle/caches/modules-2/files-2.1/commons-logging/commons-logging/1.1.3/f6f66e966c70a83ffbdb6f17a0919eaf7c8aca7f/commons-logging-1.1.3.jar:/Users/brijeshs/.gradle/caches/modules-2/files-2.1/commons-codec/commons-codec/1.10/4b95f4897fa13f2cd904aee711aeafc0c5295cd8/commons-codec-1.10.jar:/Users/brijeshs/.gradle/caches/modules-2/files-2.1/com.carrotsearch.randomizedtesting/junit4-ant/2.2.0/d401c9c729deccd5db8a5df3102eb18793c2224/junit4-ant-2.2.0.jar"/>
      <property name="java.class.version" value="52.0"/>
      <property name="java.endorsed.dirs" value="/Library/Java/JavaVirtualMachines/jdk1.8.0_40.jdk/Contents/Home/jre/lib/endorsed"/>
      <property name="java.ext.dirs" value="/Users/brijeshs/Library/Java/Extensions:/Library/Java/JavaVirtualMachines/jdk1.8.0_40.jdk/Contents/Home/jre/lib/ext:/Library/Java/Extensions:/Network/Library/Java/Extensions:/System/Library/Java/Extensions:/usr/lib/java"/>
      <property name="java.home" value="/Library/Java/JavaVirtualMachines/jdk1.8.0_40.jdk/Contents/Home/jre"/>
      <property name="java.io.tmpdir" value="./temp"/>
      <property name="java.library.path" value="/Applications/NetBeans/NetBeans 8.1.app/Contents/Resources/NetBeans/webcommon/bin::/Users/brijeshs/Library/Java/Extensions:/Library/Java/Extensions:/Network/Library/Java/Extensions:/System/Library/Java/Extensions:/usr/lib/java:."/>
      <property name="java.runtime.name" value="Java(TM) SE Runtime Environment"/>
      <property name="java.runtime.version" value="1.8.0_40-b25"/>
      <property name="java.specification.name" value="Java Platform API Specification"/>
      <property name="java.specification.vendor" value="Oracle Corporation"/>
      <property name="java.specification.version" value="1.8"/>
      <property name="java.vendor" value="Oracle Corporation"/>
      <property name="java.vendor.url" value="http://java.oracle.com/"/>
      <property name="java.vendor.url.bug" value="http://bugreport.sun.com/bugreport/"/>
      <property name="java.version" value="1.8.0_40"/>
      <property name="java.vm.info" value="mixed mode"/>
      <property name="java.vm.name" value="Java HotSpot(TM) 64-Bit Server VM"/>
      <property name="java.vm.specification.name" value="Java Virtual Machine Specification"/>
      <property name="java.vm.specification.vendor" value="Oracle Corporation"/>
      <property name="java.vm.specification.version" value="1.8"/>
      <property name="java.vm.vendor" value="Oracle Corporation"/>
      <property name="java.vm.version" value="25.40-b25"/>
      <property name="junit4.childvm.count" value="4"/>
      <property name="junit4.childvm.cwd" value="/Users/brijeshs/Documents/elasticsearch_sort_netbeans/elasticsearch/core/build/testrun/integTest/J2"/>
      <property name="junit4.childvm.id" value="2"/>
      <property name="junit4.memory.total" value="514850816"/>
      <property name="junit4.pidString" value="66626@BrijeshS-2.fios-router.home"/>
      <property name="junit4.processors" value="8"/>
      <property name="line.separator" value="
"/>
      <property name="os.arch" value="x86_64"/>
      <property name="os.name" value="Mac OS X"/>
      <property name="os.version" value="10.10.5"/>
      <property name="path.separator" value=":"/>
      <property name="socksNonProxyHosts" value="local|*.local|169.254/16|*.169.254/16"/>
      <property name="sun.arch.data.model" value="64"/>
      <property name="sun.boot.class.path" value="/Library/Java/JavaVirtualMachines/jdk1.8.0_40.jdk/Contents/Home/jre/lib/resources.jar:/Library/Java/JavaVirtualMachines/jdk1.8.0_40.jdk/Contents/Home/jre/lib/rt.jar:/Library/Java/JavaVirtualMachines/jdk1.8.0_40.jdk/Contents/Home/jre/lib/sunrsasign.jar:/Library/Java/JavaVirtualMachines/jdk1.8.0_40.jdk/Contents/Home/jre/lib/jsse.jar:/Library/Java/JavaVirtualMachines/jdk1.8.0_40.jdk/Contents/Home/jre/lib/jce.jar:/Library/Java/JavaVirtualMachines/jdk1.8.0_40.jdk/Contents/Home/jre/lib/charsets.jar:/Library/Java/JavaVirtualMachines/jdk1.8.0_40.jdk/Contents/Home/jre/lib/jfr.jar:/Library/Java/JavaVirtualMachines/jdk1.8.0_40.jdk/Contents/Home/jre/classes"/>
      <property name="sun.boot.library.path" value="/Library/Java/JavaVirtualMachines/jdk1.8.0_40.jdk/Contents/Home/jre/lib"/>
      <property name="sun.cpu.endian" value="little"/>
      <property name="sun.cpu.isalist" value=""/>
      <property name="sun.io.unicode.encoding" value="UnicodeBig"/>
      <property name="sun.java.command" value="com.carrotsearch.ant.tasks.junit4.slave.SlaveMainSafe -eventsfile /Users/brijeshs/Documents/elasticsearch_sort_netbeans/elasticsearch/core/build/testrun/integTest/temp/junit4-J2-20160330_135253_694.events @/Users/brijeshs/Documents/elasticsearch_sort_netbeans/elasticsearch/core/build/testrun/integTest/temp/junit4-J2-20160330_135253_694.suites -stdin"/>
      <property name="sun.java.launcher" value="SUN_STANDARD"/>
      <property name="sun.jnu.encoding" value="UTF-8"/>
      <property name="sun.management.compiler" value="HotSpot 64-Bit Tiered Compilers"/>
      <property name="sun.os.patch.level" value="unknown"/>
      <property name="tests.artifact" value="core"/>
      <property name="tests.ifNoTests" value="fail"/>
      <property name="tests.maven" value="true"/>
      <property name="tests.prefix" value="tests"/>
      <property name="tests.security.manager" value="true"/>
      <property name="tests.seed" value="F7928424F380CF7C"/>
      <property name="tests.task" value=":core:integTest"/>
      <property name="user.country" value="US"/>
      <property name="user.dir" value="/Users/brijeshs/Documents/elasticsearch_sort_netbeans/elasticsearch/core/build/testrun/integTest/J2"/>
      <property name="user.home" value="/Users/brijeshs"/>
      <property name="user.language" value="en"/>
      <property name="user.name" value="brijeshs"/>
      <property name="user.timezone" value="America/Los_Angeles"/>
   </properties>
   <testcase classname="org.elasticsearch.index.IndexWithShadowReplicasIT" name="testShadowReplicaNaturalRelocation" time="2.61"/>
   <testcase classname="org.elasticsearch.index.IndexWithShadowReplicasIT" name="testPrimaryRelocationWhereRecoveryFails" time="2.264"/>
   <testcase classname="org.elasticsearch.index.IndexWithShadowReplicasIT" name="testIndexWithFewDocuments" time="4.446"/>
   <testcase classname="org.elasticsearch.index.IndexWithShadowReplicasIT" name="testIndexOnSharedFSRecoversToAnyNode" time="4.943"/>
   <testcase classname="org.elasticsearch.index.IndexWithShadowReplicasIT" name="testPrimaryRelocationWithConcurrentIndexing" time="2.065"/>
   <testcase classname="org.elasticsearch.index.IndexWithShadowReplicasIT" name="testCannotCreateWithBadPath" time="0.155"/>
   <testcase classname="org.elasticsearch.index.IndexWithShadowReplicasIT" name="testDeletingClosedIndexRemovesFiles" time="4.41"/>
   <testcase classname="org.elasticsearch.index.IndexWithShadowReplicasIT" name="testPrimaryRelocation" time="1.312"/>
   <testcase classname="org.elasticsearch.index.IndexWithShadowReplicasIT" name="testIndexWithShadowReplicasCleansUp" time="1.612"/>
   <testcase classname="org.elasticsearch.index.IndexWithShadowReplicasIT" name="testRestoreToShadow" time="2.176"/>
   <testcase classname="org.elasticsearch.index.IndexWithShadowReplicasIT" name="testReplicaToPrimaryPromotion" time="1.407"/>
   <testcase classname="org.elasticsearch.index.IndexWithShadowReplicasIT" name="testShadowReplicasUsingFieldData" time="1.131"/>
   <system-out><![CDATA[[2016-03-30 13:58:15,909][WARN ][org.elasticsearch.test.transport] [node_t1] Transport response handler not found of id [23]
[2016-03-30 13:58:18,368][WARN ][org.elasticsearch.test.transport] [node_t1] Transport response handler not found of id [18]
[2016-03-30 13:58:21,062][WARN ][org.elasticsearch.cluster.action.shard] [node_t1] failed to send shard started to [{node_t1}{3gRAorxUT9OHbmhVpjZduw}{local}{local[217]}[affinity=>foo, mode=>local, add_id_to_custom_path=>false]]
SendRequestTransportException[[node_t1][local[217]][internal:cluster/shard/started]]; nested: TransportException[TransportService is closed stopped can't send request];
	at org.elasticsearch.transport.TransportService.sendRequest(TransportService.java:323)
	at org.elasticsearch.transport.TransportService.sendRequest(TransportService.java:282)
	at org.elasticsearch.cluster.action.shard.ShardStateAction.shardStarted(ShardStateAction.java:126)
	at org.elasticsearch.cluster.action.shard.ShardStateAction.shardStarted(ShardStateAction.java:120)
	at org.elasticsearch.indices.cluster.IndicesClusterStateService.lambda$applyInitializingShard$127(IndicesClusterStateService.java:638)
	at org.elasticsearch.indices.cluster.IndicesClusterStateService$$Lambda$482/476830044.run(Unknown Source)
	at java.util.concurrent.ThreadPoolExecutor.runWorker(ThreadPoolExecutor.java:1142)
	at java.util.concurrent.ThreadPoolExecutor$Worker.run(ThreadPoolExecutor.java:617)
	at java.lang.Thread.run(Thread.java:745)
Caused by: TransportException[TransportService is closed stopped can't send request]
	at org.elasticsearch.transport.TransportService.sendRequest(TransportService.java:303)
	... 8 more
[2016-03-30 13:58:21,120][WARN ][org.elasticsearch.cluster.action.shard] [node_t1] failed to send shard started to [{node_t1}{3gRAorxUT9OHbmhVpjZduw}{local}{local[217]}[affinity=>foo, mode=>local, add_id_to_custom_path=>false]]
SendRequestTransportException[[node_t1][local[217]][internal:cluster/shard/started]]; nested: TransportException[TransportService is closed stopped can't send request];
	at org.elasticsearch.transport.TransportService.sendRequest(TransportService.java:323)
	at org.elasticsearch.transport.TransportService.sendRequest(TransportService.java:282)
	at org.elasticsearch.cluster.action.shard.ShardStateAction.shardStarted(ShardStateAction.java:126)
	at org.elasticsearch.cluster.action.shard.ShardStateAction.shardStarted(ShardStateAction.java:120)
	at org.elasticsearch.indices.cluster.IndicesClusterStateService.lambda$applyInitializingShard$127(IndicesClusterStateService.java:638)
	at org.elasticsearch.indices.cluster.IndicesClusterStateService$$Lambda$482/476830044.run(Unknown Source)
	at java.util.concurrent.ThreadPoolExecutor.runWorker(ThreadPoolExecutor.java:1142)
	at java.util.concurrent.ThreadPoolExecutor$Worker.run(ThreadPoolExecutor.java:617)
	at java.lang.Thread.run(Thread.java:745)
Caused by: TransportException[TransportService is closed stopped can't send request]
	at org.elasticsearch.transport.TransportService.sendRequest(TransportService.java:303)
	... 8 more
[2016-03-30 13:58:23,157][WARN ][org.elasticsearch.index.engine] [node_t4] [test][2] failed to read latest segment infos on flush
java.nio.file.NoSuchFileException: /Users/brijeshs/Documents/elasticsearch_sort_netbeans/elasticsearch/core/build/testrun/integTest/J2/temp/org.elasticsearch.index.IndexWithShadowReplicasIT_F7928424F380CF7C-001/tempDir-008/test/2/index
	at sun.nio.fs.UnixException.translateToIOException(UnixException.java:86)
	at sun.nio.fs.UnixException.rethrowAsIOException(UnixException.java:102)
	at sun.nio.fs.UnixException.rethrowAsIOException(UnixException.java:107)
	at sun.nio.fs.UnixFileSystemProvider.newDirectoryStream(UnixFileSystemProvider.java:407)
	at org.apache.lucene.mockfile.FilterFileSystemProvider.newDirectoryStream(FilterFileSystemProvider.java:224)
	at org.apache.lucene.mockfile.FilterFileSystemProvider.newDirectoryStream(FilterFileSystemProvider.java:224)
	at org.apache.lucene.mockfile.ShuffleFS.newDirectoryStream(ShuffleFS.java:51)
	at org.apache.lucene.mockfile.HandleTrackingFS.newDirectoryStream(HandleTrackingFS.java:284)
	at org.apache.lucene.mockfile.HandleTrackingFS.newDirectoryStream(HandleTrackingFS.java:284)
	at java.nio.file.Files.newDirectoryStream(Files.java:457)
	at org.apache.lucene.store.FSDirectory.listAll(FSDirectory.java:190)
	at org.apache.lucene.store.FSDirectory.listAll(FSDirectory.java:202)
	at org.elasticsearch.index.store.FsDirectoryService$1.listAll(FsDirectoryService.java:127)
	at org.apache.lucene.store.FilterDirectory.listAll(FilterDirectory.java:57)
	at org.apache.lucene.store.MockDirectoryWrapper.listAll(MockDirectoryWrapper.java:973)
	at org.apache.lucene.store.FilterDirectory.listAll(FilterDirectory.java:57)
	at org.elasticsearch.index.store.Store.failIfCorrupted(Store.java:565)
	at org.elasticsearch.index.store.Store.failIfCorrupted(Store.java:561)
	at org.elasticsearch.index.store.Store.readLastCommittedSegmentsInfo(Store.java:144)
	at org.elasticsearch.index.engine.InternalEngine.flush(InternalEngine.java:648)
	at org.elasticsearch.index.engine.InternalEngine.flush(InternalEngine.java:597)
	at org.elasticsearch.index.engine.Engine.flushAndClose(Engine.java:975)
	at org.elasticsearch.test.engine.MockInternalEngine.close(MockInternalEngine.java:54)
	at org.apache.lucene.util.IOUtils.close(IOUtils.java:97)
	at org.apache.lucene.util.IOUtils.close(IOUtils.java:84)
	at org.elasticsearch.index.shard.IndexShard.close(IndexShard.java:781)
	at org.elasticsearch.index.IndexService.closeShard(IndexService.java:332)
	at org.elasticsearch.index.IndexService.removeShard(IndexService.java:316)
	at org.elasticsearch.index.IndexService.close(IndexService.java:190)
	at org.elasticsearch.indices.IndicesService.removeIndex(IndicesService.java:333)
	at org.elasticsearch.indices.IndicesService.deleteIndex(IndicesService.java:381)
	at org.elasticsearch.indices.cluster.IndicesClusterStateService.deleteIndex(IndicesClusterStateService.java:752)
	at org.elasticsearch.indices.cluster.IndicesClusterStateService.applyDeletedIndices(IndicesClusterStateService.java:244)
	at org.elasticsearch.indices.cluster.IndicesClusterStateService.clusterChanged(IndicesClusterStateService.java:182)
	at org.elasticsearch.cluster.service.InternalClusterService.runTasksForExecutor(InternalClusterService.java:526)
	at org.elasticsearch.cluster.service.InternalClusterService$UpdateTask.run(InternalClusterService.java:596)
	at org.elasticsearch.common.util.concurrent.PrioritizedEsThreadPoolExecutor$TieBreakingPrioritizedRunnable.runAndClean(PrioritizedEsThreadPoolExecutor.java:231)
	at org.elasticsearch.common.util.concurrent.PrioritizedEsThreadPoolExecutor$TieBreakingPrioritizedRunnable.run(PrioritizedEsThreadPoolExecutor.java:194)
	at java.util.concurrent.ThreadPoolExecutor.runWorker(ThreadPoolExecutor.java:1142)
	at java.util.concurrent.ThreadPoolExecutor$Worker.run(ThreadPoolExecutor.java:617)
	at java.lang.Thread.run(Thread.java:745)
[2016-03-30 13:58:23,162][WARN ][org.elasticsearch.index.translog] [node_t4] [test][2] failed to delete unreferenced translog files
java.nio.file.NoSuchFileException: /Users/brijeshs/Documents/elasticsearch_sort_netbeans/elasticsearch/core/build/testrun/integTest/J2/temp/org.elasticsearch.index.IndexWithShadowReplicasIT_F7928424F380CF7C-001/tempDir-008/test/2/translog
	at sun.nio.fs.UnixException.translateToIOException(UnixException.java:86)
	at sun.nio.fs.UnixException.rethrowAsIOException(UnixException.java:102)
	at sun.nio.fs.UnixException.rethrowAsIOException(UnixException.java:107)
	at sun.nio.fs.UnixFileSystemProvider.newDirectoryStream(UnixFileSystemProvider.java:407)
	at org.apache.lucene.mockfile.FilterFileSystemProvider.newDirectoryStream(FilterFileSystemProvider.java:224)
	at org.apache.lucene.mockfile.FilterFileSystemProvider.newDirectoryStream(FilterFileSystemProvider.java:224)
	at org.apache.lucene.mockfile.ShuffleFS.newDirectoryStream(ShuffleFS.java:51)
	at org.apache.lucene.mockfile.HandleTrackingFS.newDirectoryStream(HandleTrackingFS.java:284)
	at org.apache.lucene.mockfile.HandleTrackingFS.newDirectoryStream(HandleTrackingFS.java:284)
	at java.nio.file.Files.newDirectoryStream(Files.java:457)
	at org.elasticsearch.index.translog.Translog$OnCloseRunnable.handle(Translog.java:561)
	at org.elasticsearch.index.translog.Translog$OnCloseRunnable.handle(Translog.java:548)
	at org.elasticsearch.index.translog.ChannelReference.closeInternal(ChannelReference.java:67)
	at org.elasticsearch.common.util.concurrent.AbstractRefCounted.decRef(AbstractRefCounted.java:64)
	at org.elasticsearch.index.translog.TranslogReader.doClose(TranslogReader.java:148)
	at org.elasticsearch.index.translog.TranslogWriter.doClose(TranslogWriter.java:270)
	at org.elasticsearch.index.translog.TranslogReader.close(TranslogReader.java:143)
	at org.apache.lucene.util.IOUtils.close(IOUtils.java:97)
	at org.apache.lucene.util.IOUtils.close(IOUtils.java:84)
	at org.elasticsearch.index.translog.Translog.close(Translog.java:291)
	at org.apache.lucene.util.IOUtils.close(IOUtils.java:97)
	at org.apache.lucene.util.IOUtils.close(IOUtils.java:84)
	at org.elasticsearch.index.engine.InternalEngine.closeNoLock(InternalEngine.java:851)
	at org.elasticsearch.index.engine.Engine.close(Engine.java:994)
	at org.elasticsearch.test.engine.MockInternalEngine.close(MockInternalEngine.java:57)
	at org.elasticsearch.index.engine.Engine.flushAndClose(Engine.java:982)
	at org.elasticsearch.test.engine.MockInternalEngine.close(MockInternalEngine.java:54)
	at org.apache.lucene.util.IOUtils.close(IOUtils.java:97)
	at org.apache.lucene.util.IOUtils.close(IOUtils.java:84)
	at org.elasticsearch.index.shard.IndexShard.close(IndexShard.java:781)
	at org.elasticsearch.index.IndexService.closeShard(IndexService.java:332)
	at org.elasticsearch.index.IndexService.removeShard(IndexService.java:316)
	at org.elasticsearch.index.IndexService.close(IndexService.java:190)
	at org.elasticsearch.indices.IndicesService.removeIndex(IndicesService.java:333)
	at org.elasticsearch.indices.IndicesService.deleteIndex(IndicesService.java:381)
	at org.elasticsearch.indices.cluster.IndicesClusterStateService.deleteIndex(IndicesClusterStateService.java:752)
	at org.elasticsearch.indices.cluster.IndicesClusterStateService.applyDeletedIndices(IndicesClusterStateService.java:244)
	at org.elasticsearch.indices.cluster.IndicesClusterStateService.clusterChanged(IndicesClusterStateService.java:182)
	at org.elasticsearch.cluster.service.InternalClusterService.runTasksForExecutor(InternalClusterService.java:526)
	at org.elasticsearch.cluster.service.InternalClusterService$UpdateTask.run(InternalClusterService.java:596)
	at org.elasticsearch.common.util.concurrent.PrioritizedEsThreadPoolExecutor$TieBreakingPrioritizedRunnable.runAndClean(PrioritizedEsThreadPoolExecutor.java:231)
	at org.elasticsearch.common.util.concurrent.PrioritizedEsThreadPoolExecutor$TieBreakingPrioritizedRunnable.run(PrioritizedEsThreadPoolExecutor.java:194)
	at java.util.concurrent.ThreadPoolExecutor.runWorker(ThreadPoolExecutor.java:1142)
	at java.util.concurrent.ThreadPoolExecutor$Worker.run(ThreadPoolExecutor.java:617)
	at java.lang.Thread.run(Thread.java:745)
[2016-03-30 13:58:23,175][WARN ][org.elasticsearch.index.engine] [node_t4] [test][2] failed to rollback writer on close
java.nio.file.NoSuchFileException: /Users/brijeshs/Documents/elasticsearch_sort_netbeans/elasticsearch/core/build/testrun/integTest/J2/temp/org.elasticsearch.index.IndexWithShadowReplicasIT_F7928424F380CF7C-001/tempDir-008/test/2/index
	at sun.nio.fs.UnixException.translateToIOException(UnixException.java:86)
	at sun.nio.fs.UnixException.rethrowAsIOException(UnixException.java:102)
	at sun.nio.fs.UnixException.rethrowAsIOException(UnixException.java:107)
	at sun.nio.fs.UnixFileSystemProvider.newDirectoryStream(UnixFileSystemProvider.java:407)
	at org.apache.lucene.mockfile.FilterFileSystemProvider.newDirectoryStream(FilterFileSystemProvider.java:224)
	at org.apache.lucene.mockfile.FilterFileSystemProvider.newDirectoryStream(FilterFileSystemProvider.java:224)
	at org.apache.lucene.mockfile.ShuffleFS.newDirectoryStream(ShuffleFS.java:51)
	at org.apache.lucene.mockfile.HandleTrackingFS.newDirectoryStream(HandleTrackingFS.java:284)
	at org.apache.lucene.mockfile.HandleTrackingFS.newDirectoryStream(HandleTrackingFS.java:284)
	at java.nio.file.Files.newDirectoryStream(Files.java:457)
	at org.apache.lucene.store.FSDirectory.listAll(FSDirectory.java:190)
	at org.apache.lucene.store.FSDirectory.listAll(FSDirectory.java:202)
	at org.elasticsearch.index.store.FsDirectoryService$1.listAll(FsDirectoryService.java:127)
	at org.apache.lucene.store.FilterDirectory.listAll(FilterDirectory.java:57)
	at org.apache.lucene.store.MockDirectoryWrapper.listAll(MockDirectoryWrapper.java:973)
	at org.apache.lucene.store.FilterDirectory.listAll(FilterDirectory.java:57)
	at org.apache.lucene.store.FilterDirectory.listAll(FilterDirectory.java:57)
	at org.apache.lucene.index.IndexFileDeleter.refresh(IndexFileDeleter.java:426)
	at org.apache.lucene.index.IndexWriter.rollbackInternalNoCommit(IndexWriter.java:2099)
	at org.apache.lucene.index.IndexWriter.rollbackInternal(IndexWriter.java:2041)
	at org.apache.lucene.index.IndexWriter.rollback(IndexWriter.java:2034)
	at org.elasticsearch.index.engine.InternalEngine.closeNoLock(InternalEngine.java:858)
	at org.elasticsearch.index.engine.Engine.close(Engine.java:994)
	at org.elasticsearch.test.engine.MockInternalEngine.close(MockInternalEngine.java:57)
	at org.elasticsearch.index.engine.Engine.flushAndClose(Engine.java:982)
	at org.elasticsearch.test.engine.MockInternalEngine.close(MockInternalEngine.java:54)
	at org.apache.lucene.util.IOUtils.close(IOUtils.java:97)
	at org.apache.lucene.util.IOUtils.close(IOUtils.java:84)
	at org.elasticsearch.index.shard.IndexShard.close(IndexShard.java:781)
	at org.elasticsearch.index.IndexService.closeShard(IndexService.java:332)
	at org.elasticsearch.index.IndexService.removeShard(IndexService.java:316)
	at org.elasticsearch.index.IndexService.close(IndexService.java:190)
	at org.elasticsearch.indices.IndicesService.removeIndex(IndicesService.java:333)
	at org.elasticsearch.indices.IndicesService.deleteIndex(IndicesService.java:381)
	at org.elasticsearch.indices.cluster.IndicesClusterStateService.deleteIndex(IndicesClusterStateService.java:752)
	at org.elasticsearch.indices.cluster.IndicesClusterStateService.applyDeletedIndices(IndicesClusterStateService.java:244)
	at org.elasticsearch.indices.cluster.IndicesClusterStateService.clusterChanged(IndicesClusterStateService.java:182)
	at org.elasticsearch.cluster.service.InternalClusterService.runTasksForExecutor(InternalClusterService.java:526)
	at org.elasticsearch.cluster.service.InternalClusterService$UpdateTask.run(InternalClusterService.java:596)
	at org.elasticsearch.common.util.concurrent.PrioritizedEsThreadPoolExecutor$TieBreakingPrioritizedRunnable.runAndClean(PrioritizedEsThreadPoolExecutor.java:231)
	at org.elasticsearch.common.util.concurrent.PrioritizedEsThreadPoolExecutor$TieBreakingPrioritizedRunnable.run(PrioritizedEsThreadPoolExecutor.java:194)
	at java.util.concurrent.ThreadPoolExecutor.runWorker(ThreadPoolExecutor.java:1142)
	at java.util.concurrent.ThreadPoolExecutor$Worker.run(ThreadPoolExecutor.java:617)
	at java.lang.Thread.run(Thread.java:745)
[2016-03-30 13:58:23,206][WARN ][org.elasticsearch.index.engine] [node_t4] [test][3] failed to read latest segment infos on flush
java.nio.file.NoSuchFileException: /Users/brijeshs/Documents/elasticsearch_sort_netbeans/elasticsearch/core/build/testrun/integTest/J2/temp/org.elasticsearch.index.IndexWithShadowReplicasIT_F7928424F380CF7C-001/tempDir-008/test/3/index
	at sun.nio.fs.UnixException.translateToIOException(UnixException.java:86)
	at sun.nio.fs.UnixException.rethrowAsIOException(UnixException.java:102)
	at sun.nio.fs.UnixException.rethrowAsIOException(UnixException.java:107)
	at sun.nio.fs.UnixFileSystemProvider.newDirectoryStream(UnixFileSystemProvider.java:407)
	at org.apache.lucene.mockfile.FilterFileSystemProvider.newDirectoryStream(FilterFileSystemProvider.java:224)
	at org.apache.lucene.mockfile.FilterFileSystemProvider.newDirectoryStream(FilterFileSystemProvider.java:224)
	at org.apache.lucene.mockfile.ShuffleFS.newDirectoryStream(ShuffleFS.java:51)
	at org.apache.lucene.mockfile.HandleTrackingFS.newDirectoryStream(HandleTrackingFS.java:284)
	at org.apache.lucene.mockfile.HandleTrackingFS.newDirectoryStream(HandleTrackingFS.java:284)
	at java.nio.file.Files.newDirectoryStream(Files.java:457)
	at org.apache.lucene.store.FSDirectory.listAll(FSDirectory.java:190)
	at org.apache.lucene.store.FSDirectory.listAll(FSDirectory.java:202)
	at org.elasticsearch.index.store.FsDirectoryService$1.listAll(FsDirectoryService.java:127)
	at org.apache.lucene.store.FilterDirectory.listAll(FilterDirectory.java:57)
	at org.apache.lucene.store.MockDirectoryWrapper.listAll(MockDirectoryWrapper.java:973)
	at org.apache.lucene.store.FilterDirectory.listAll(FilterDirectory.java:57)
	at org.elasticsearch.index.store.Store.failIfCorrupted(Store.java:565)
	at org.elasticsearch.index.store.Store.failIfCorrupted(Store.java:561)
	at org.elasticsearch.index.store.Store.readLastCommittedSegmentsInfo(Store.java:144)
	at org.elasticsearch.index.engine.InternalEngine.flush(InternalEngine.java:648)
	at org.elasticsearch.index.engine.InternalEngine.flush(InternalEngine.java:597)
	at org.elasticsearch.index.engine.Engine.flushAndClose(Engine.java:975)
	at org.elasticsearch.test.engine.MockInternalEngine.close(MockInternalEngine.java:54)
	at org.apache.lucene.util.IOUtils.close(IOUtils.java:97)
	at org.apache.lucene.util.IOUtils.close(IOUtils.java:84)
	at org.elasticsearch.index.shard.IndexShard.close(IndexShard.java:781)
	at org.elasticsearch.index.IndexService.closeShard(IndexService.java:332)
	at org.elasticsearch.index.IndexService.removeShard(IndexService.java:316)
	at org.elasticsearch.index.IndexService.close(IndexService.java:190)
	at org.elasticsearch.indices.IndicesService.removeIndex(IndicesService.java:333)
	at org.elasticsearch.indices.IndicesService.deleteIndex(IndicesService.java:381)
	at org.elasticsearch.indices.cluster.IndicesClusterStateService.deleteIndex(IndicesClusterStateService.java:752)
	at org.elasticsearch.indices.cluster.IndicesClusterStateService.applyDeletedIndices(IndicesClusterStateService.java:244)
	at org.elasticsearch.indices.cluster.IndicesClusterStateService.clusterChanged(IndicesClusterStateService.java:182)
	at org.elasticsearch.cluster.service.InternalClusterService.runTasksForExecutor(InternalClusterService.java:526)
	at org.elasticsearch.cluster.service.InternalClusterService$UpdateTask.run(InternalClusterService.java:596)
	at org.elasticsearch.common.util.concurrent.PrioritizedEsThreadPoolExecutor$TieBreakingPrioritizedRunnable.runAndClean(PrioritizedEsThreadPoolExecutor.java:231)
	at org.elasticsearch.common.util.concurrent.PrioritizedEsThreadPoolExecutor$TieBreakingPrioritizedRunnable.run(PrioritizedEsThreadPoolExecutor.java:194)
	at java.util.concurrent.ThreadPoolExecutor.runWorker(ThreadPoolExecutor.java:1142)
	at java.util.concurrent.ThreadPoolExecutor$Worker.run(ThreadPoolExecutor.java:617)
	at java.lang.Thread.run(Thread.java:745)
[2016-03-30 13:58:23,210][WARN ][org.elasticsearch.index.translog] [node_t4] [test][3] failed to delete unreferenced translog files
java.nio.file.NoSuchFileException: /Users/brijeshs/Documents/elasticsearch_sort_netbeans/elasticsearch/core/build/testrun/integTest/J2/temp/org.elasticsearch.index.IndexWithShadowReplicasIT_F7928424F380CF7C-001/tempDir-008/test/3/translog
	at sun.nio.fs.UnixException.translateToIOException(UnixException.java:86)
	at sun.nio.fs.UnixException.rethrowAsIOException(UnixException.java:102)
	at sun.nio.fs.UnixException.rethrowAsIOException(UnixException.java:107)
	at sun.nio.fs.UnixFileSystemProvider.newDirectoryStream(UnixFileSystemProvider.java:407)
	at org.apache.lucene.mockfile.FilterFileSystemProvider.newDirectoryStream(FilterFileSystemProvider.java:224)
	at org.apache.lucene.mockfile.FilterFileSystemProvider.newDirectoryStream(FilterFileSystemProvider.java:224)
	at org.apache.lucene.mockfile.ShuffleFS.newDirectoryStream(ShuffleFS.java:51)
	at org.apache.lucene.mockfile.HandleTrackingFS.newDirectoryStream(HandleTrackingFS.java:284)
	at org.apache.lucene.mockfile.HandleTrackingFS.newDirectoryStream(HandleTrackingFS.java:284)
	at java.nio.file.Files.newDirectoryStream(Files.java:457)
	at org.elasticsearch.index.translog.Translog$OnCloseRunnable.handle(Translog.java:561)
	at org.elasticsearch.index.translog.Translog$OnCloseRunnable.handle(Translog.java:548)
	at org.elasticsearch.index.translog.ChannelReference.closeInternal(ChannelReference.java:67)
	at org.elasticsearch.common.util.concurrent.AbstractRefCounted.decRef(AbstractRefCounted.java:64)
	at org.elasticsearch.index.translog.TranslogReader.doClose(TranslogReader.java:148)
	at org.elasticsearch.index.translog.TranslogWriter.doClose(TranslogWriter.java:270)
	at org.elasticsearch.index.translog.TranslogReader.close(TranslogReader.java:143)
	at org.apache.lucene.util.IOUtils.close(IOUtils.java:97)
	at org.apache.lucene.util.IOUtils.close(IOUtils.java:84)
	at org.elasticsearch.index.translog.Translog.close(Translog.java:291)
	at org.apache.lucene.util.IOUtils.close(IOUtils.java:97)
	at org.apache.lucene.util.IOUtils.close(IOUtils.java:84)
	at org.elasticsearch.index.engine.InternalEngine.closeNoLock(InternalEngine.java:851)
	at org.elasticsearch.index.engine.Engine.close(Engine.java:994)
	at org.elasticsearch.test.engine.MockInternalEngine.close(MockInternalEngine.java:57)
	at org.elasticsearch.index.engine.Engine.flushAndClose(Engine.java:982)
	at org.elasticsearch.test.engine.MockInternalEngine.close(MockInternalEngine.java:54)
	at org.apache.lucene.util.IOUtils.close(IOUtils.java:97)
	at org.apache.lucene.util.IOUtils.close(IOUtils.java:84)
	at org.elasticsearch.index.shard.IndexShard.close(IndexShard.java:781)
	at org.elasticsearch.index.IndexService.closeShard(IndexService.java:332)
	at org.elasticsearch.index.IndexService.removeShard(IndexService.java:316)
	at org.elasticsearch.index.IndexService.close(IndexService.java:190)
	at org.elasticsearch.indices.IndicesService.removeIndex(IndicesService.java:333)
	at org.elasticsearch.indices.IndicesService.deleteIndex(IndicesService.java:381)
	at org.elasticsearch.indices.cluster.IndicesClusterStateService.deleteIndex(IndicesClusterStateService.java:752)
	at org.elasticsearch.indices.cluster.IndicesClusterStateService.applyDeletedIndices(IndicesClusterStateService.java:244)
	at org.elasticsearch.indices.cluster.IndicesClusterStateService.clusterChanged(IndicesClusterStateService.java:182)
	at org.elasticsearch.cluster.service.InternalClusterService.runTasksForExecutor(InternalClusterService.java:526)
	at org.elasticsearch.cluster.service.InternalClusterService$UpdateTask.run(InternalClusterService.java:596)
	at org.elasticsearch.common.util.concurrent.PrioritizedEsThreadPoolExecutor$TieBreakingPrioritizedRunnable.runAndClean(PrioritizedEsThreadPoolExecutor.java:231)
	at org.elasticsearch.common.util.concurrent.PrioritizedEsThreadPoolExecutor$TieBreakingPrioritizedRunnable.run(PrioritizedEsThreadPoolExecutor.java:194)
	at java.util.concurrent.ThreadPoolExecutor.runWorker(ThreadPoolExecutor.java:1142)
	at java.util.concurrent.ThreadPoolExecutor$Worker.run(ThreadPoolExecutor.java:617)
	at java.lang.Thread.run(Thread.java:745)
[2016-03-30 13:58:23,214][WARN ][org.elasticsearch.index.engine] [node_t4] [test][3] failed to rollback writer on close
java.nio.file.NoSuchFileException: /Users/brijeshs/Documents/elasticsearch_sort_netbeans/elasticsearch/core/build/testrun/integTest/J2/temp/org.elasticsearch.index.IndexWithShadowReplicasIT_F7928424F380CF7C-001/tempDir-008/test/3/index
	at sun.nio.fs.UnixException.translateToIOException(UnixException.java:86)
	at sun.nio.fs.UnixException.rethrowAsIOException(UnixException.java:102)
	at sun.nio.fs.UnixException.rethrowAsIOException(UnixException.java:107)
	at sun.nio.fs.UnixFileSystemProvider.newDirectoryStream(UnixFileSystemProvider.java:407)
	at org.apache.lucene.mockfile.FilterFileSystemProvider.newDirectoryStream(FilterFileSystemProvider.java:224)
	at org.apache.lucene.mockfile.FilterFileSystemProvider.newDirectoryStream(FilterFileSystemProvider.java:224)
	at org.apache.lucene.mockfile.ShuffleFS.newDirectoryStream(ShuffleFS.java:51)
	at org.apache.lucene.mockfile.HandleTrackingFS.newDirectoryStream(HandleTrackingFS.java:284)
	at org.apache.lucene.mockfile.HandleTrackingFS.newDirectoryStream(HandleTrackingFS.java:284)
	at java.nio.file.Files.newDirectoryStream(Files.java:457)
	at org.apache.lucene.store.FSDirectory.listAll(FSDirectory.java:190)
	at org.apache.lucene.store.FSDirectory.listAll(FSDirectory.java:202)
	at org.elasticsearch.index.store.FsDirectoryService$1.listAll(FsDirectoryService.java:127)
	at org.apache.lucene.store.FilterDirectory.listAll(FilterDirectory.java:57)
	at org.apache.lucene.store.MockDirectoryWrapper.listAll(MockDirectoryWrapper.java:973)
	at org.apache.lucene.store.FilterDirectory.listAll(FilterDirectory.java:57)
	at org.apache.lucene.store.FilterDirectory.listAll(FilterDirectory.java:57)
	at org.apache.lucene.index.IndexFileDeleter.refresh(IndexFileDeleter.java:426)
	at org.apache.lucene.index.IndexWriter.rollbackInternalNoCommit(IndexWriter.java:2099)
	at org.apache.lucene.index.IndexWriter.rollbackInternal(IndexWriter.java:2041)
	at org.apache.lucene.index.IndexWriter.rollback(IndexWriter.java:2034)
	at org.elasticsearch.index.engine.InternalEngine.closeNoLock(InternalEngine.java:858)
	at org.elasticsearch.index.engine.Engine.close(Engine.java:994)
	at org.elasticsearch.test.engine.MockInternalEngine.close(MockInternalEngine.java:57)
	at org.elasticsearch.index.engine.Engine.flushAndClose(Engine.java:982)
	at org.elasticsearch.test.engine.MockInternalEngine.close(MockInternalEngine.java:54)
	at org.apache.lucene.util.IOUtils.close(IOUtils.java:97)
	at org.apache.lucene.util.IOUtils.close(IOUtils.java:84)
	at org.elasticsearch.index.shard.IndexShard.close(IndexShard.java:781)
	at org.elasticsearch.index.IndexService.closeShard(IndexService.java:332)
	at org.elasticsearch.index.IndexService.removeShard(IndexService.java:316)
	at org.elasticsearch.index.IndexService.close(IndexService.java:190)
	at org.elasticsearch.indices.IndicesService.removeIndex(IndicesService.java:333)
	at org.elasticsearch.indices.IndicesService.deleteIndex(IndicesService.java:381)
	at org.elasticsearch.indices.cluster.IndicesClusterStateService.deleteIndex(IndicesClusterStateService.java:752)
	at org.elasticsearch.indices.cluster.IndicesClusterStateService.applyDeletedIndices(IndicesClusterStateService.java:244)
	at org.elasticsearch.indices.cluster.IndicesClusterStateService.clusterChanged(IndicesClusterStateService.java:182)
	at org.elasticsearch.cluster.service.InternalClusterService.runTasksForExecutor(InternalClusterService.java:526)
	at org.elasticsearch.cluster.service.InternalClusterService$UpdateTask.run(InternalClusterService.java:596)
	at org.elasticsearch.common.util.concurrent.PrioritizedEsThreadPoolExecutor$TieBreakingPrioritizedRunnable.runAndClean(PrioritizedEsThreadPoolExecutor.java:231)
	at org.elasticsearch.common.util.concurrent.PrioritizedEsThreadPoolExecutor$TieBreakingPrioritizedRunnable.run(PrioritizedEsThreadPoolExecutor.java:194)
	at java.util.concurrent.ThreadPoolExecutor.runWorker(ThreadPoolExecutor.java:1142)
	at java.util.concurrent.ThreadPoolExecutor$Worker.run(ThreadPoolExecutor.java:617)
	at java.lang.Thread.run(Thread.java:745)
[2016-03-30 13:58:23,238][WARN ][org.elasticsearch.index.engine] [node_t4] [test][4] failed to read latest segment infos on flush
java.nio.file.NoSuchFileException: /Users/brijeshs/Documents/elasticsearch_sort_netbeans/elasticsearch/core/build/testrun/integTest/J2/temp/org.elasticsearch.index.IndexWithShadowReplicasIT_F7928424F380CF7C-001/tempDir-008/test/4/index
	at sun.nio.fs.UnixException.translateToIOException(UnixException.java:86)
	at sun.nio.fs.UnixException.rethrowAsIOException(UnixException.java:102)
	at sun.nio.fs.UnixException.rethrowAsIOException(UnixException.java:107)
	at sun.nio.fs.UnixFileSystemProvider.newDirectoryStream(UnixFileSystemProvider.java:407)
	at org.apache.lucene.mockfile.FilterFileSystemProvider.newDirectoryStream(FilterFileSystemProvider.java:224)
	at org.apache.lucene.mockfile.FilterFileSystemProvider.newDirectoryStream(FilterFileSystemProvider.java:224)
	at org.apache.lucene.mockfile.ShuffleFS.newDirectoryStream(ShuffleFS.java:51)
	at org.apache.lucene.mockfile.HandleTrackingFS.newDirectoryStream(HandleTrackingFS.java:284)
	at org.apache.lucene.mockfile.HandleTrackingFS.newDirectoryStream(HandleTrackingFS.java:284)
	at java.nio.file.Files.newDirectoryStream(Files.java:457)
	at org.apache.lucene.store.FSDirectory.listAll(FSDirectory.java:190)
	at org.apache.lucene.store.FSDirectory.listAll(FSDirectory.java:202)
	at org.elasticsearch.index.store.FsDirectoryService$1.listAll(FsDirectoryService.java:127)
	at org.apache.lucene.store.FilterDirectory.listAll(FilterDirectory.java:57)
	at org.apache.lucene.store.MockDirectoryWrapper.listAll(MockDirectoryWrapper.java:973)
	at org.apache.lucene.store.FilterDirectory.listAll(FilterDirectory.java:57)
	at org.elasticsearch.index.store.Store.failIfCorrupted(Store.java:565)
	at org.elasticsearch.index.store.Store.failIfCorrupted(Store.java:561)
	at org.elasticsearch.index.store.Store.readLastCommittedSegmentsInfo(Store.java:144)
	at org.elasticsearch.index.engine.InternalEngine.flush(InternalEngine.java:648)
	at org.elasticsearch.index.engine.InternalEngine.flush(InternalEngine.java:597)
	at org.elasticsearch.index.engine.Engine.flushAndClose(Engine.java:975)
	at org.elasticsearch.test.engine.MockInternalEngine.close(MockInternalEngine.java:54)
	at org.apache.lucene.util.IOUtils.close(IOUtils.java:97)
	at org.apache.lucene.util.IOUtils.close(IOUtils.java:84)
	at org.elasticsearch.index.shard.IndexShard.close(IndexShard.java:781)
	at org.elasticsearch.index.IndexService.closeShard(IndexService.java:332)
	at org.elasticsearch.index.IndexService.removeShard(IndexService.java:316)
	at org.elasticsearch.index.IndexService.close(IndexService.java:190)
	at org.elasticsearch.indices.IndicesService.removeIndex(IndicesService.java:333)
	at org.elasticsearch.indices.IndicesService.deleteIndex(IndicesService.java:381)
	at org.elasticsearch.indices.cluster.IndicesClusterStateService.deleteIndex(IndicesClusterStateService.java:752)
	at org.elasticsearch.indices.cluster.IndicesClusterStateService.applyDeletedIndices(IndicesClusterStateService.java:244)
	at org.elasticsearch.indices.cluster.IndicesClusterStateService.clusterChanged(IndicesClusterStateService.java:182)
	at org.elasticsearch.cluster.service.InternalClusterService.runTasksForExecutor(InternalClusterService.java:526)
	at org.elasticsearch.cluster.service.InternalClusterService$UpdateTask.run(InternalClusterService.java:596)
	at org.elasticsearch.common.util.concurrent.PrioritizedEsThreadPoolExecutor$TieBreakingPrioritizedRunnable.runAndClean(PrioritizedEsThreadPoolExecutor.java:231)
	at org.elasticsearch.common.util.concurrent.PrioritizedEsThreadPoolExecutor$TieBreakingPrioritizedRunnable.run(PrioritizedEsThreadPoolExecutor.java:194)
	at java.util.concurrent.ThreadPoolExecutor.runWorker(ThreadPoolExecutor.java:1142)
	at java.util.concurrent.ThreadPoolExecutor$Worker.run(ThreadPoolExecutor.java:617)
	at java.lang.Thread.run(Thread.java:745)
[2016-03-30 13:58:23,241][WARN ][org.elasticsearch.index.translog] [node_t4] [test][4] failed to delete unreferenced translog files
java.nio.file.NoSuchFileException: /Users/brijeshs/Documents/elasticsearch_sort_netbeans/elasticsearch/core/build/testrun/integTest/J2/temp/org.elasticsearch.index.IndexWithShadowReplicasIT_F7928424F380CF7C-001/tempDir-008/test/4/translog
	at sun.nio.fs.UnixException.translateToIOException(UnixException.java:86)
	at sun.nio.fs.UnixException.rethrowAsIOException(UnixException.java:102)
	at sun.nio.fs.UnixException.rethrowAsIOException(UnixException.java:107)
	at sun.nio.fs.UnixFileSystemProvider.newDirectoryStream(UnixFileSystemProvider.java:407)
	at org.apache.lucene.mockfile.FilterFileSystemProvider.newDirectoryStream(FilterFileSystemProvider.java:224)
	at org.apache.lucene.mockfile.FilterFileSystemProvider.newDirectoryStream(FilterFileSystemProvider.java:224)
	at org.apache.lucene.mockfile.ShuffleFS.newDirectoryStream(ShuffleFS.java:51)
	at org.apache.lucene.mockfile.HandleTrackingFS.newDirectoryStream(HandleTrackingFS.java:284)
	at org.apache.lucene.mockfile.HandleTrackingFS.newDirectoryStream(HandleTrackingFS.java:284)
	at java.nio.file.Files.newDirectoryStream(Files.java:457)
	at org.elasticsearch.index.translog.Translog$OnCloseRunnable.handle(Translog.java:561)
	at org.elasticsearch.index.translog.Translog$OnCloseRunnable.handle(Translog.java:548)
	at org.elasticsearch.index.translog.ChannelReference.closeInternal(ChannelReference.java:67)
	at org.elasticsearch.common.util.concurrent.AbstractRefCounted.decRef(AbstractRefCounted.java:64)
	at org.elasticsearch.index.translog.TranslogReader.doClose(TranslogReader.java:148)
	at org.elasticsearch.index.translog.TranslogWriter.doClose(TranslogWriter.java:270)
	at org.elasticsearch.index.translog.TranslogReader.close(TranslogReader.java:143)
	at org.apache.lucene.util.IOUtils.close(IOUtils.java:97)
	at org.apache.lucene.util.IOUtils.close(IOUtils.java:84)
	at org.elasticsearch.index.translog.Translog.close(Translog.java:291)
	at org.apache.lucene.util.IOUtils.close(IOUtils.java:97)
	at org.apache.lucene.util.IOUtils.close(IOUtils.java:84)
	at org.elasticsearch.index.engine.InternalEngine.closeNoLock(InternalEngine.java:851)
	at org.elasticsearch.index.engine.Engine.close(Engine.java:994)
	at org.elasticsearch.test.engine.MockInternalEngine.close(MockInternalEngine.java:57)
	at org.elasticsearch.index.engine.Engine.flushAndClose(Engine.java:982)
	at org.elasticsearch.test.engine.MockInternalEngine.close(MockInternalEngine.java:54)
	at org.apache.lucene.util.IOUtils.close(IOUtils.java:97)
	at org.apache.lucene.util.IOUtils.close(IOUtils.java:84)
	at org.elasticsearch.index.shard.IndexShard.close(IndexShard.java:781)
	at org.elasticsearch.index.IndexService.closeShard(IndexService.java:332)
	at org.elasticsearch.index.IndexService.removeShard(IndexService.java:316)
	at org.elasticsearch.index.IndexService.close(IndexService.java:190)
	at org.elasticsearch.indices.IndicesService.removeIndex(IndicesService.java:333)
	at org.elasticsearch.indices.IndicesService.deleteIndex(IndicesService.java:381)
	at org.elasticsearch.indices.cluster.IndicesClusterStateService.deleteIndex(IndicesClusterStateService.java:752)
	at org.elasticsearch.indices.cluster.IndicesClusterStateService.applyDeletedIndices(IndicesClusterStateService.java:244)
	at org.elasticsearch.indices.cluster.IndicesClusterStateService.clusterChanged(IndicesClusterStateService.java:182)
	at org.elasticsearch.cluster.service.InternalClusterService.runTasksForExecutor(InternalClusterService.java:526)
	at org.elasticsearch.cluster.service.InternalClusterService$UpdateTask.run(InternalClusterService.java:596)
	at org.elasticsearch.common.util.concurrent.PrioritizedEsThreadPoolExecutor$TieBreakingPrioritizedRunnable.runAndClean(PrioritizedEsThreadPoolExecutor.java:231)
	at org.elasticsearch.common.util.concurrent.PrioritizedEsThreadPoolExecutor$TieBreakingPrioritizedRunnable.run(PrioritizedEsThreadPoolExecutor.java:194)
	at java.util.concurrent.ThreadPoolExecutor.runWorker(ThreadPoolExecutor.java:1142)
	at java.util.concurrent.ThreadPoolExecutor$Worker.run(ThreadPoolExecutor.java:617)
	at java.lang.Thread.run(Thread.java:745)
[2016-03-30 13:58:23,254][WARN ][org.elasticsearch.index.engine] [node_t4] [test][4] failed to rollback writer on close
java.nio.file.NoSuchFileException: /Users/brijeshs/Documents/elasticsearch_sort_netbeans/elasticsearch/core/build/testrun/integTest/J2/temp/org.elasticsearch.index.IndexWithShadowReplicasIT_F7928424F380CF7C-001/tempDir-008/test/4/index
	at sun.nio.fs.UnixException.translateToIOException(UnixException.java:86)
	at sun.nio.fs.UnixException.rethrowAsIOException(UnixException.java:102)
	at sun.nio.fs.UnixException.rethrowAsIOException(UnixException.java:107)
	at sun.nio.fs.UnixFileSystemProvider.newDirectoryStream(UnixFileSystemProvider.java:407)
	at org.apache.lucene.mockfile.FilterFileSystemProvider.newDirectoryStream(FilterFileSystemProvider.java:224)
	at org.apache.lucene.mockfile.FilterFileSystemProvider.newDirectoryStream(FilterFileSystemProvider.java:224)
	at org.apache.lucene.mockfile.ShuffleFS.newDirectoryStream(ShuffleFS.java:51)
	at org.apache.lucene.mockfile.HandleTrackingFS.newDirectoryStream(HandleTrackingFS.java:284)
	at org.apache.lucene.mockfile.HandleTrackingFS.newDirectoryStream(HandleTrackingFS.java:284)
	at java.nio.file.Files.newDirectoryStream(Files.java:457)
	at org.apache.lucene.store.FSDirectory.listAll(FSDirectory.java:190)
	at org.apache.lucene.store.FSDirectory.listAll(FSDirectory.java:202)
	at org.elasticsearch.index.store.FsDirectoryService$1.listAll(FsDirectoryService.java:127)
	at org.apache.lucene.store.FilterDirectory.listAll(FilterDirectory.java:57)
	at org.apache.lucene.store.MockDirectoryWrapper.listAll(MockDirectoryWrapper.java:973)
	at org.apache.lucene.store.FilterDirectory.listAll(FilterDirectory.java:57)
	at org.apache.lucene.store.FilterDirectory.listAll(FilterDirectory.java:57)
	at org.apache.lucene.index.IndexFileDeleter.refresh(IndexFileDeleter.java:426)
	at org.apache.lucene.index.IndexWriter.rollbackInternalNoCommit(IndexWriter.java:2099)
	at org.apache.lucene.index.IndexWriter.rollbackInternal(IndexWriter.java:2041)
	at org.apache.lucene.index.IndexWriter.rollback(IndexWriter.java:2034)
	at org.elasticsearch.index.engine.InternalEngine.closeNoLock(InternalEngine.java:858)
	at org.elasticsearch.index.engine.Engine.close(Engine.java:994)
	at org.elasticsearch.test.engine.MockInternalEngine.close(MockInternalEngine.java:57)
	at org.elasticsearch.index.engine.Engine.flushAndClose(Engine.java:982)
	at org.elasticsearch.test.engine.MockInternalEngine.close(MockInternalEngine.java:54)
	at org.apache.lucene.util.IOUtils.close(IOUtils.java:97)
	at org.apache.lucene.util.IOUtils.close(IOUtils.java:84)
	at org.elasticsearch.index.shard.IndexShard.close(IndexShard.java:781)
	at org.elasticsearch.index.IndexService.closeShard(IndexService.java:332)
	at org.elasticsearch.index.IndexService.removeShard(IndexService.java:316)
	at org.elasticsearch.index.IndexService.close(IndexService.java:190)
	at org.elasticsearch.indices.IndicesService.removeIndex(IndicesService.java:333)
	at org.elasticsearch.indices.IndicesService.deleteIndex(IndicesService.java:381)
	at org.elasticsearch.indices.cluster.IndicesClusterStateService.deleteIndex(IndicesClusterStateService.java:752)
	at org.elasticsearch.indices.cluster.IndicesClusterStateService.applyDeletedIndices(IndicesClusterStateService.java:244)
	at org.elasticsearch.indices.cluster.IndicesClusterStateService.clusterChanged(IndicesClusterStateService.java:182)
	at org.elasticsearch.cluster.service.InternalClusterService.runTasksForExecutor(InternalClusterService.java:526)
	at org.elasticsearch.cluster.service.InternalClusterService$UpdateTask.run(InternalClusterService.java:596)
	at org.elasticsearch.common.util.concurrent.PrioritizedEsThreadPoolExecutor$TieBreakingPrioritizedRunnable.runAndClean(PrioritizedEsThreadPoolExecutor.java:231)
	at org.elasticsearch.common.util.concurrent.PrioritizedEsThreadPoolExecutor$TieBreakingPrioritizedRunnable.run(PrioritizedEsThreadPoolExecutor.java:194)
	at java.util.concurrent.ThreadPoolExecutor.runWorker(ThreadPoolExecutor.java:1142)
	at java.util.concurrent.ThreadPoolExecutor$Worker.run(ThreadPoolExecutor.java:617)
	at java.lang.Thread.run(Thread.java:745)
[2016-03-30 13:58:23,325][WARN ][org.elasticsearch.test.transport] [node_t3] Transport response handler not found of id [34]
[2016-03-30 13:58:25,364][WARN ][org.elasticsearch.test.transport] [node_t1] Transport response handler not found of id [69]
[2016-03-30 13:58:32,841][WARN ][org.elasticsearch.test.transport] [node_t1] Transport response handler not found of id [13]
[2016-03-30 13:58:32,859][WARN ][org.elasticsearch.test.transport] [node_t2] Transport response handler not found of id [7]
[2016-03-30 13:58:32,860][WARN ][org.elasticsearch.test.transport] [node_t3] Failed to send error message back to client for action [cluster:monitor/nodes/stats[n]]
EsRejectedExecutionException[rejected execution of org.elasticsearch.transport.local.LocalTransportChannel$2@7caec6a5 on EsThreadPoolExecutor[local_transport, org.elasticsearch.common.util.concurrent.EsThreadPoolExecutor@78914d6f[Terminated, pool size = 0, active threads = 0, queued tasks = 0, completed tasks = 20]]]
	at org.elasticsearch.common.util.concurrent.EsAbortPolicy.rejectedExecution(EsAbortPolicy.java:50)
	at java.util.concurrent.ThreadPoolExecutor.reject(ThreadPoolExecutor.java:823)
	at java.util.concurrent.ThreadPoolExecutor.execute(ThreadPoolExecutor.java:1369)
	at org.elasticsearch.common.util.concurrent.EsThreadPoolExecutor.execute(EsThreadPoolExecutor.java:85)
	at org.elasticsearch.transport.local.LocalTransportChannel.sendResponse(LocalTransportChannel.java:96)
	at org.elasticsearch.transport.local.LocalTransport$2.onFailure(LocalTransport.java:309)
	at org.elasticsearch.common.util.concurrent.AbstractRunnable.run(AbstractRunnable.java:39)
	at java.util.concurrent.ThreadPoolExecutor.runWorker(ThreadPoolExecutor.java:1142)
	at java.util.concurrent.ThreadPoolExecutor$Worker.run(ThreadPoolExecutor.java:617)
	at java.lang.Thread.run(Thread.java:745)
[2016-03-30 13:58:32,860][WARN ][org.elasticsearch.test.transport] [node_t4] Failed to send error message back to client for action [cluster:monitor/nodes/stats[n]]
EsRejectedExecutionException[rejected execution of org.elasticsearch.transport.local.LocalTransportChannel$2@398b251a on EsThreadPoolExecutor[local_transport, org.elasticsearch.common.util.concurrent.EsThreadPoolExecutor@78914d6f[Terminated, pool size = 0, active threads = 0, queued tasks = 0, completed tasks = 20]]]
	at org.elasticsearch.common.util.concurrent.EsAbortPolicy.rejectedExecution(EsAbortPolicy.java:50)
	at java.util.concurrent.ThreadPoolExecutor.reject(ThreadPoolExecutor.java:823)
	at java.util.concurrent.ThreadPoolExecutor.execute(ThreadPoolExecutor.java:1369)
	at org.elasticsearch.common.util.concurrent.EsThreadPoolExecutor.execute(EsThreadPoolExecutor.java:85)
	at org.elasticsearch.transport.local.LocalTransportChannel.sendResponse(LocalTransportChannel.java:96)
	at org.elasticsearch.transport.local.LocalTransport$2.onFailure(LocalTransport.java:309)
	at org.elasticsearch.common.util.concurrent.AbstractRunnable.run(AbstractRunnable.java:39)
	at java.util.concurrent.ThreadPoolExecutor.runWorker(ThreadPoolExecutor.java:1142)
	at java.util.concurrent.ThreadPoolExecutor$Worker.run(ThreadPoolExecutor.java:617)
	at java.lang.Thread.run(Thread.java:745)
[2016-03-30 13:58:32,860][WARN ][org.elasticsearch.test.transport] [node_t3] Actual Exception
EsRejectedExecutionException[rejected execution of org.elasticsearch.transport.local.LocalTransportChannel$1@7656add5 on EsThreadPoolExecutor[local_transport, org.elasticsearch.common.util.concurrent.EsThreadPoolExecutor@78914d6f[Terminated, pool size = 0, active threads = 0, queued tasks = 0, completed tasks = 20]]]
	at org.elasticsearch.common.util.concurrent.EsAbortPolicy.rejectedExecution(EsAbortPolicy.java:50)
	at java.util.concurrent.ThreadPoolExecutor.reject(ThreadPoolExecutor.java:823)
	at java.util.concurrent.ThreadPoolExecutor.execute(ThreadPoolExecutor.java:1369)
	at org.elasticsearch.common.util.concurrent.EsThreadPoolExecutor.execute(EsThreadPoolExecutor.java:85)
	at org.elasticsearch.transport.local.LocalTransportChannel.sendResponse(LocalTransportChannel.java:78)
	at org.elasticsearch.transport.local.LocalTransportChannel.sendResponse(LocalTransportChannel.java:65)
	at org.elasticsearch.action.support.nodes.TransportNodesAction$NodeTransportHandler.messageReceived(TransportNodesAction.java:212)
	at org.elasticsearch.action.support.nodes.TransportNodesAction$NodeTransportHandler.messageReceived(TransportNodesAction.java:208)
	at org.elasticsearch.transport.local.LocalTransport$2.doRun(LocalTransport.java:296)
	at org.elasticsearch.common.util.concurrent.AbstractRunnable.run(AbstractRunnable.java:37)
	at java.util.concurrent.ThreadPoolExecutor.runWorker(ThreadPoolExecutor.java:1142)
	at java.util.concurrent.ThreadPoolExecutor$Worker.run(ThreadPoolExecutor.java:617)
	at java.lang.Thread.run(Thread.java:745)
[2016-03-30 13:58:32,861][WARN ][org.elasticsearch.test.transport] [node_t4] Actual Exception
EsRejectedExecutionException[rejected execution of org.elasticsearch.transport.local.LocalTransportChannel$1@374ccd83 on EsThreadPoolExecutor[local_transport, org.elasticsearch.common.util.concurrent.EsThreadPoolExecutor@78914d6f[Terminated, pool size = 0, active threads = 0, queued tasks = 0, completed tasks = 20]]]
	at org.elasticsearch.common.util.concurrent.EsAbortPolicy.rejectedExecution(EsAbortPolicy.java:50)
	at java.util.concurrent.ThreadPoolExecutor.reject(ThreadPoolExecutor.java:823)
	at java.util.concurrent.ThreadPoolExecutor.execute(ThreadPoolExecutor.java:1369)
	at org.elasticsearch.common.util.concurrent.EsThreadPoolExecutor.execute(EsThreadPoolExecutor.java:85)
	at org.elasticsearch.transport.local.LocalTransportChannel.sendResponse(LocalTransportChannel.java:78)
	at org.elasticsearch.transport.local.LocalTransportChannel.sendResponse(LocalTransportChannel.java:65)
	at org.elasticsearch.action.support.nodes.TransportNodesAction$NodeTransportHandler.messageReceived(TransportNodesAction.java:212)
	at org.elasticsearch.action.support.nodes.TransportNodesAction$NodeTransportHandler.messageReceived(TransportNodesAction.java:208)
	at org.elasticsearch.transport.local.LocalTransport$2.doRun(LocalTransport.java:296)
	at org.elasticsearch.common.util.concurrent.AbstractRunnable.run(AbstractRunnable.java:37)
	at java.util.concurrent.ThreadPoolExecutor.runWorker(ThreadPoolExecutor.java:1142)
	at java.util.concurrent.ThreadPoolExecutor$Worker.run(ThreadPoolExecutor.java:617)
	at java.lang.Thread.run(Thread.java:745)
]]></system-out>
   <system-err><![CDATA[]]></system-err>
</testsuite>