<testsuite errors="0" failures="0" tests="4" skipped="0" name="org.elasticsearch.indices.flush.FlushIT" hostname="nohost.nodomain" time="46.148" timestamp="2016-03-30T13:54:10">
   <properties class="java.util.ArrayList">
      <property name="awt.toolkit" value="sun.lwawt.macosx.LWCToolkit"/>
      <property name="es.logger.level" value="WARN"/>
      <property name="file.encoding" value="UTF-8"/>
      <property name="file.encoding.pkg" value="sun.io"/>
      <property name="file.separator" value="/"/>
      <property name="ftp.nonProxyHosts" value="local|*.local|169.254/16|*.169.254/16"/>
      <property name="gopherProxySet" value="false"/>
      <property name="http.nonProxyHosts" value="local|*.local|169.254/16|*.169.254/16"/>
      <property name="java.awt.graphicsenv" value="sun.awt.CGraphicsEnvironment"/>
      <property name="java.awt.headless" value="true"/>
      <property name="java.awt.printerjob" value="sun.lwawt.macosx.CPrinterJob"/>
      <property name="java.class.path" value="/Users/brijeshs/Documents/elasticsearch_sort_netbeans/elasticsearch/core/build/classes/test:/Users/brijeshs/Documents/elasticsearch_sort_netbeans/elasticsearch/core/build/resources/test:/Users/brijeshs/Documents/elasticsearch_sort_netbeans/elasticsearch/core/build/classes/main:/Users/brijeshs/Documents/elasticsearch_sort_netbeans/elasticsearch/core/build/resources/main:/Users/brijeshs/.gradle/caches/modules-2/files-2.1/org.apache.lucene/lucene-core/5.4.0-snapshot-1715952/84685d37a34b4d87e2928566ed266a7f005ca67d/lucene-core-5.4.0-snapshot-1715952.jar:/Users/brijeshs/.gradle/caches/modules-2/files-2.1/org.apache.lucene/lucene-analyzers-common/5.4.0-snapshot-1715952/feaf885ed4155fb7202c1f90ac2eb40503961efc/lucene-analyzers-common-5.4.0-snapshot-1715952.jar:/Users/brijeshs/.gradle/caches/modules-2/files-2.1/org.apache.lucene/lucene-backward-codecs/5.4.0-snapshot-1715952/5b5b5c950b4fcac38cf48fab911f75da61e780fa/lucene-backward-codecs-5.4.0-snapshot-1715952.jar:/Users/brijeshs/.gradle/caches/modules-2/files-2.1/org.apache.lucene/lucene-grouping/5.4.0-snapshot-1715952/ff92011208ed5c28f041acc37bd77728a89fc6a5/lucene-grouping-5.4.0-snapshot-1715952.jar:/Users/brijeshs/.gradle/caches/modules-2/files-2.1/org.apache.lucene/lucene-highlighter/5.4.0-snapshot-1715952/5d46f26a6cb36aede89b8728b6fcbc427d4f9416/lucene-highlighter-5.4.0-snapshot-1715952.jar:/Users/brijeshs/.gradle/caches/modules-2/files-2.1/org.apache.lucene/lucene-join/5.4.0-snapshot-1715952/726ea07bbfdfbfbee80522353496fc6667dc33c9/lucene-join-5.4.0-snapshot-1715952.jar:/Users/brijeshs/.gradle/caches/modules-2/files-2.1/org.apache.lucene/lucene-memory/5.4.0-snapshot-1715952/d8d7a7b573a4cfc54745a126e905ccfd523b7a24/lucene-memory-5.4.0-snapshot-1715952.jar:/Users/brijeshs/.gradle/caches/modules-2/files-2.1/org.apache.lucene/lucene-misc/5.4.0-snapshot-1715952/cd9d4fb4492bd2680cea2f038a051311329f6443/lucene-misc-5.4.0-snapshot-1715952.jar:/Users/brijeshs/.gradle/caches/modules-2/files-2.1/org.apache.lucene/lucene-queries/5.4.0-snapshot-1715952/a1a04d191443e51f992ed3dd02d0e14fd48493c9/lucene-queries-5.4.0-snapshot-1715952.jar:/Users/brijeshs/.gradle/caches/modules-2/files-2.1/org.apache.lucene/lucene-queryparser/5.4.0-snapshot-1715952/c4d34b29b8b14ad3deb300a6d699e9d8965a3c2c/lucene-queryparser-5.4.0-snapshot-1715952.jar:/Users/brijeshs/.gradle/caches/modules-2/files-2.1/org.apache.lucene/lucene-sandbox/5.4.0-snapshot-1715952/bf45dbd653d66ce9d2c3f19b69997b8098d8b416/lucene-sandbox-5.4.0-snapshot-1715952.jar:/Users/brijeshs/.gradle/caches/modules-2/files-2.1/org.apache.lucene/lucene-spatial/5.4.0-snapshot-1715952/2bddfda70f5c657064d12860b03c2cd8a5029bfc/lucene-spatial-5.4.0-snapshot-1715952.jar:/Users/brijeshs/.gradle/caches/modules-2/files-2.1/org.apache.lucene/lucene-spatial3d/5.4.0-snapshot-1715952/881b8cd571fb3ccdcc69f1316468d816812513fb/lucene-spatial3d-5.4.0-snapshot-1715952.jar:/Users/brijeshs/.gradle/caches/modules-2/files-2.1/org.apache.lucene/lucene-suggest/5.4.0-snapshot-1715952/466e2bc02f45f04cbf516e5df78b9c2ebd99e944/lucene-suggest-5.4.0-snapshot-1715952.jar:/Users/brijeshs/.gradle/caches/modules-2/files-2.1/org.elasticsearch/securesm/1.0/c0c6cf986ba0057390bfcc80c366a0e3157f944b/securesm-1.0.jar:/Users/brijeshs/.gradle/caches/modules-2/files-2.1/commons-cli/commons-cli/1.3.1/1303efbc4b181e5a58bf2e967dc156a3132b97c0/commons-cli-1.3.1.jar:/Users/brijeshs/.gradle/caches/modules-2/files-2.1/com.carrotsearch/hppc/0.7.1/8b5057f74ea378c0150a1860874a3ebdcb713767/hppc-0.7.1.jar:/Users/brijeshs/.gradle/caches/modules-2/files-2.1/joda-time/joda-time/2.8.2/d27c24204c5e507b16fec01006b3d0f1ec42aed4/joda-time-2.8.2.jar:/Users/brijeshs/.gradle/caches/modules-2/files-2.1/org.joda/joda-convert/1.2/35ec554f0cd00c956cc69051514d9488b1374dec/joda-convert-1.2.jar:/Users/brijeshs/.gradle/caches/modules-2/files-2.1/com.fasterxml.jackson.core/jackson-core/2.6.2/123f29333b2c6b3516b14252b6e93226bfcd6e37/jackson-core-2.6.2.jar:/Users/brijeshs/.gradle/caches/modules-2/files-2.1/com.fasterxml.jackson.dataformat/jackson-dataformat-smile/2.6.2/395d18c1a1dd730b8026ee59c4067e5d2b45ba6e/jackson-dataformat-smile-2.6.2.jar:/Users/brijeshs/.gradle/caches/modules-2/files-2.1/com.fasterxml.jackson.dataformat/jackson-dataformat-yaml/2.6.2/4ae23088dd3fae47c66843f2e4251d7255ee140e/jackson-dataformat-yaml-2.6.2.jar:/Users/brijeshs/.gradle/caches/modules-2/files-2.1/com.fasterxml.jackson.dataformat/jackson-dataformat-cbor/2.6.2/1e13c575f914c83761bb8e2aca7dfd9e4c647579/jackson-dataformat-cbor-2.6.2.jar:/Users/brijeshs/.gradle/caches/modules-2/files-2.1/io.netty/netty/3.10.5.Final/9ca7d55d246092bddd29b867706e2f6c7db701a0/netty-3.10.5.Final.jar:/Users/brijeshs/.gradle/caches/modules-2/files-2.1/com.tdunning/t-digest/3.0/84ccf145ac2215e6bfa63baa3101c0af41017cfc/t-digest-3.0.jar:/Users/brijeshs/.gradle/caches/modules-2/files-2.1/org.hdrhistogram/HdrHistogram/2.1.6/7495feb7f71ee124bd2a7e7d83590e296d71d80e/HdrHistogram-2.1.6.jar:/Users/brijeshs/.gradle/caches/modules-2/files-2.1/com.spatial4j/spatial4j/0.5/6e16edaf6b1ba76db7f08c2f3723fce3b358ecc3/spatial4j-0.5.jar:/Users/brijeshs/.gradle/caches/modules-2/files-2.1/com.vividsolutions/jts/1.13/3ccfb9b60f04d71add996a666ceb8902904fd805/jts-1.13.jar:/Users/brijeshs/.gradle/caches/modules-2/files-2.1/log4j/log4j/1.2.17/5af35056b4d257e4b64b9e8069c0746e8b08629f/log4j-1.2.17.jar:/Users/brijeshs/.gradle/caches/modules-2/files-2.1/log4j/apache-log4j-extras/1.2.17/85863614d82185d7e51fe21c00aa9117a523a8b6/apache-log4j-extras-1.2.17.jar:/Users/brijeshs/.gradle/caches/modules-2/files-2.1/org.slf4j/slf4j-api/1.6.2/8619e95939167fb37245b5670135e4feb0ec7d50/slf4j-api-1.6.2.jar:/Users/brijeshs/.gradle/caches/modules-2/files-2.1/net.java.dev.jna/jna/4.1.0/1c12d070e602efd8021891cdd7fd18bc129372d4/jna-4.1.0.jar:/Users/brijeshs/Documents/elasticsearch_sort_netbeans/elasticsearch/test-framework/build/libs/test-framework-3.0.0-SNAPSHOT.jar:/Users/brijeshs/.gradle/caches/modules-2/files-2.1/com.carrotsearch.randomizedtesting/randomizedtesting-runner/2.2.0/60de504132241be049564a3a34fd7dcc296e2ef0/randomizedtesting-runner-2.2.0.jar:/Users/brijeshs/.gradle/caches/modules-2/files-2.1/junit/junit/4.11/4e031bb61df09069aeb2bffb4019e7a5034a4ee0/junit-4.11.jar:/Users/brijeshs/.gradle/caches/modules-2/files-2.1/org.hamcrest/hamcrest-all/1.3/63a21ebc981131004ad02e0434e799fd7f3a8d5a/hamcrest-all-1.3.jar:/Users/brijeshs/.gradle/caches/modules-2/files-2.1/org.apache.lucene/lucene-test-framework/5.4.0-snapshot-1715952/ae3156d5a2526b1b48ca821765cf7cd53faecef5/lucene-test-framework-5.4.0-snapshot-1715952.jar:/Users/brijeshs/.gradle/caches/modules-2/files-2.1/org.apache.lucene/lucene-codecs/5.4.0-snapshot-1715952/7b94152f1c9fd7ecb384fc9602318f74a4463a65/lucene-codecs-5.4.0-snapshot-1715952.jar:/Users/brijeshs/.gradle/caches/modules-2/files-2.1/org.apache.httpcomponents/httpclient/4.3.6/4c47155e3e6c9a41a28db36680b828ced53b8af4/httpclient-4.3.6.jar:/Users/brijeshs/.gradle/caches/modules-2/files-2.1/org.apache.httpcomponents/httpcore/4.3.3/f91b7a4aadc5cf486df6e4634748d7dd7a73f06d/httpcore-4.3.3.jar:/Users/brijeshs/.gradle/caches/modules-2/files-2.1/commons-logging/commons-logging/1.1.3/f6f66e966c70a83ffbdb6f17a0919eaf7c8aca7f/commons-logging-1.1.3.jar:/Users/brijeshs/.gradle/caches/modules-2/files-2.1/commons-codec/commons-codec/1.10/4b95f4897fa13f2cd904aee711aeafc0c5295cd8/commons-codec-1.10.jar:/Users/brijeshs/.gradle/caches/modules-2/files-2.1/com.carrotsearch.randomizedtesting/junit4-ant/2.2.0/d401c9c729deccd5db8a5df3102eb18793c2224/junit4-ant-2.2.0.jar"/>
      <property name="java.class.version" value="52.0"/>
      <property name="java.endorsed.dirs" value="/Library/Java/JavaVirtualMachines/jdk1.8.0_40.jdk/Contents/Home/jre/lib/endorsed"/>
      <property name="java.ext.dirs" value="/Users/brijeshs/Library/Java/Extensions:/Library/Java/JavaVirtualMachines/jdk1.8.0_40.jdk/Contents/Home/jre/lib/ext:/Library/Java/Extensions:/Network/Library/Java/Extensions:/System/Library/Java/Extensions:/usr/lib/java"/>
      <property name="java.home" value="/Library/Java/JavaVirtualMachines/jdk1.8.0_40.jdk/Contents/Home/jre"/>
      <property name="java.io.tmpdir" value="./temp"/>
      <property name="java.library.path" value="/Applications/NetBeans/NetBeans 8.1.app/Contents/Resources/NetBeans/webcommon/bin::/Users/brijeshs/Library/Java/Extensions:/Library/Java/Extensions:/Network/Library/Java/Extensions:/System/Library/Java/Extensions:/usr/lib/java:."/>
      <property name="java.runtime.name" value="Java(TM) SE Runtime Environment"/>
      <property name="java.runtime.version" value="1.8.0_40-b25"/>
      <property name="java.specification.name" value="Java Platform API Specification"/>
      <property name="java.specification.vendor" value="Oracle Corporation"/>
      <property name="java.specification.version" value="1.8"/>
      <property name="java.vendor" value="Oracle Corporation"/>
      <property name="java.vendor.url" value="http://java.oracle.com/"/>
      <property name="java.vendor.url.bug" value="http://bugreport.sun.com/bugreport/"/>
      <property name="java.version" value="1.8.0_40"/>
      <property name="java.vm.info" value="mixed mode"/>
      <property name="java.vm.name" value="Java HotSpot(TM) 64-Bit Server VM"/>
      <property name="java.vm.specification.name" value="Java Virtual Machine Specification"/>
      <property name="java.vm.specification.vendor" value="Oracle Corporation"/>
      <property name="java.vm.specification.version" value="1.8"/>
      <property name="java.vm.vendor" value="Oracle Corporation"/>
      <property name="java.vm.version" value="25.40-b25"/>
      <property name="junit4.childvm.count" value="4"/>
      <property name="junit4.childvm.cwd" value="/Users/brijeshs/Documents/elasticsearch_sort_netbeans/elasticsearch/core/build/testrun/integTest/J1"/>
      <property name="junit4.childvm.id" value="1"/>
      <property name="junit4.memory.total" value="514850816"/>
      <property name="junit4.pidString" value="66625@BrijeshS-2.fios-router.home"/>
      <property name="junit4.processors" value="8"/>
      <property name="line.separator" value="
"/>
      <property name="os.arch" value="x86_64"/>
      <property name="os.name" value="Mac OS X"/>
      <property name="os.version" value="10.10.5"/>
      <property name="path.separator" value=":"/>
      <property name="socksNonProxyHosts" value="local|*.local|169.254/16|*.169.254/16"/>
      <property name="sun.arch.data.model" value="64"/>
      <property name="sun.boot.class.path" value="/Library/Java/JavaVirtualMachines/jdk1.8.0_40.jdk/Contents/Home/jre/lib/resources.jar:/Library/Java/JavaVirtualMachines/jdk1.8.0_40.jdk/Contents/Home/jre/lib/rt.jar:/Library/Java/JavaVirtualMachines/jdk1.8.0_40.jdk/Contents/Home/jre/lib/sunrsasign.jar:/Library/Java/JavaVirtualMachines/jdk1.8.0_40.jdk/Contents/Home/jre/lib/jsse.jar:/Library/Java/JavaVirtualMachines/jdk1.8.0_40.jdk/Contents/Home/jre/lib/jce.jar:/Library/Java/JavaVirtualMachines/jdk1.8.0_40.jdk/Contents/Home/jre/lib/charsets.jar:/Library/Java/JavaVirtualMachines/jdk1.8.0_40.jdk/Contents/Home/jre/lib/jfr.jar:/Library/Java/JavaVirtualMachines/jdk1.8.0_40.jdk/Contents/Home/jre/classes"/>
      <property name="sun.boot.library.path" value="/Library/Java/JavaVirtualMachines/jdk1.8.0_40.jdk/Contents/Home/jre/lib"/>
      <property name="sun.cpu.endian" value="little"/>
      <property name="sun.cpu.isalist" value=""/>
      <property name="sun.io.unicode.encoding" value="UnicodeBig"/>
      <property name="sun.java.command" value="com.carrotsearch.ant.tasks.junit4.slave.SlaveMainSafe -eventsfile /Users/brijeshs/Documents/elasticsearch_sort_netbeans/elasticsearch/core/build/testrun/integTest/temp/junit4-J1-20160330_135253_694.events @/Users/brijeshs/Documents/elasticsearch_sort_netbeans/elasticsearch/core/build/testrun/integTest/temp/junit4-J1-20160330_135253_694.suites -stdin"/>
      <property name="sun.java.launcher" value="SUN_STANDARD"/>
      <property name="sun.jnu.encoding" value="UTF-8"/>
      <property name="sun.management.compiler" value="HotSpot 64-Bit Tiered Compilers"/>
      <property name="sun.os.patch.level" value="unknown"/>
      <property name="tests.artifact" value="core"/>
      <property name="tests.ifNoTests" value="fail"/>
      <property name="tests.maven" value="true"/>
      <property name="tests.prefix" value="tests"/>
      <property name="tests.security.manager" value="true"/>
      <property name="tests.seed" value="F7928424F380CF7C"/>
      <property name="tests.task" value=":core:integTest"/>
      <property name="user.country" value="US"/>
      <property name="user.dir" value="/Users/brijeshs/Documents/elasticsearch_sort_netbeans/elasticsearch/core/build/testrun/integTest/J1"/>
      <property name="user.home" value="/Users/brijeshs"/>
      <property name="user.language" value="en"/>
      <property name="user.name" value="brijeshs"/>
      <property name="user.timezone" value="America/Los_Angeles"/>
   </properties>
   <testcase classname="org.elasticsearch.indices.flush.FlushIT" name="testWaitIfOngoing" time="25.144"/>
   <testcase classname="org.elasticsearch.indices.flush.FlushIT" name="testSyncedFlushWithConcurrentIndexing" time="19.742"/>
   <testcase classname="org.elasticsearch.indices.flush.FlushIT" name="testSyncedFlush" time="0.962"/>
   <testcase classname="org.elasticsearch.indices.flush.FlushIT" name="testUnallocatedShardsDoesNotHang" time="0.218"/>
   <system-out><![CDATA[[2016-03-30 13:54:35,959][INFO ][org.elasticsearch.indices.flush] [FlushIT#testSyncedFlushWithConcurrentIndexing]: setup test
[2016-03-30 13:54:35,968][INFO ][org.elasticsearch.indices.flush] test using _default_ mappings: [{"_default_":{"_timestamp":{"enabled":true},"dynamic_templates":[{"template-strings":{"match_mapping_type":"string","mapping":{"fielddata":{"loading":"lazy"}}}},{"template-longs":{"match_mapping_type":"long","mapping":{"fielddata":{"loading":"lazy"}}}},{"template-doubles":{"match_mapping_type":"double","mapping":{"fielddata":{"loading":"eager"}}}},{"template-geo_points":{"match_mapping_type":"geo_point","mapping":{"fielddata":{"loading":"lazy"}}}},{"template-booleans":{"match_mapping_type":"boolean","mapping":{"fielddata":{"loading":"lazy"}}}}]}}]
[2016-03-30 13:54:35,987][INFO ][org.elasticsearch.indices.flush] [FlushIT#testSyncedFlushWithConcurrentIndexing]: starting test
[2016-03-30 13:54:36,052][TRACE][org.elasticsearch.indices.breaker] [node_s3] parent circuit breaker with settings [parent,type=PARENT,limit=360395571/343.6mb,overhead=1.0]
[2016-03-30 13:54:36,053][TRACE][org.elasticsearch.indices.breaker.request] creating ChildCircuitBreaker with settings [request,type=MEMORY,limit=205940326/196.3mb,overhead=1.0]
[2016-03-30 13:54:36,053][TRACE][org.elasticsearch.indices.breaker.fielddata] creating ChildCircuitBreaker with settings [fielddata,type=MEMORY,limit=308910489/294.5mb,overhead=1.03]
[2016-03-30 13:54:36,059][DEBUG][org.elasticsearch.indices.cache.query] [node_s3] using [node] query cache with size [10%], actual_size [49mb], max filter count [1000]
[2016-03-30 13:54:36,062][DEBUG][org.elasticsearch.indices.fielddata.cache] [node_s3] using size [-1] [-1b]
[2016-03-30 13:54:36,074][DEBUG][org.elasticsearch.indices.recovery] [node_s3] using max_bytes_per_sec[89mb], concurrent_streams [6], file_chunk_size [512kb], translog_size [512kb], translog_ops [1000], and compress [true]
[2016-03-30 13:54:36,075][DEBUG][org.elasticsearch.indices.memory] [node_s3] using indexing buffer size [49mb], with indices.memory.min_shard_index_buffer_size [4mb], indices.memory.max_shard_index_buffer_size [512mb], indices.memory.interval [30s]
[2016-03-30 13:54:36,116][TRACE][org.elasticsearch.indices.breaker] [transport_client_node_s3] parent circuit breaker with settings [parent,type=PARENT,limit=360395571/343.6mb,overhead=1.0]
[2016-03-30 13:54:36,117][TRACE][org.elasticsearch.indices.breaker.request] creating ChildCircuitBreaker with settings [request,type=MEMORY,limit=205940326/196.3mb,overhead=1.0]
[2016-03-30 13:54:36,117][TRACE][org.elasticsearch.indices.breaker.fielddata] creating ChildCircuitBreaker with settings [fielddata,type=MEMORY,limit=308910489/294.5mb,overhead=1.03]
[2016-03-30 13:54:36,123][DEBUG][org.elasticsearch.indices] [node_s0] creating Index [test], shards [10]/[0]
[2016-03-30 13:54:36,132][DEBUG][org.elasticsearch.indices] [node_s0] [test] closing ... (reason [cleaning up after validating index on master])
[2016-03-30 13:54:36,132][DEBUG][org.elasticsearch.indices] [node_s0] [test] closing index service (reason [cleaning up after validating index on master])
[2016-03-30 13:54:36,132][DEBUG][org.elasticsearch.indices] [node_s0] [test] closed... (reason [cleaning up after validating index on master])
[2016-03-30 13:54:36,134][DEBUG][org.elasticsearch.indices.cluster] [node_s1] [test] creating index
[2016-03-30 13:54:36,135][DEBUG][org.elasticsearch.indices] [node_s1] creating Index [test], shards [10]/[0]
[2016-03-30 13:54:36,135][DEBUG][org.elasticsearch.indices.cluster] [node_s3] [test] creating index
[2016-03-30 13:54:36,136][DEBUG][org.elasticsearch.indices] [node_s3] creating Index [test], shards [10]/[0]
[2016-03-30 13:54:36,138][DEBUG][org.elasticsearch.indices.cluster] [node_s1] [test] adding mapping [_default_], source [{"_default_":{"_timestamp":{"enabled":true},"dynamic_templates":[{"template-strings":{"mapping":{"fielddata":{"loading":"lazy"}},"match_mapping_type":"string"}},{"template-longs":{"mapping":{"fielddata":{"loading":"lazy"}},"match_mapping_type":"long"}},{"template-doubles":{"mapping":{"fielddata":{"loading":"eager"}},"match_mapping_type":"double"}},{"template-geo_points":{"mapping":{"fielddata":{"loading":"lazy"}},"match_mapping_type":"geo_point"}},{"template-booleans":{"mapping":{"fielddata":{"loading":"lazy"}},"match_mapping_type":"boolean"}}]}}]
[2016-03-30 13:54:36,138][DEBUG][org.elasticsearch.indices.cluster] [node_s3] [test] adding mapping [_default_], source [{"_default_":{"_timestamp":{"enabled":true},"dynamic_templates":[{"template-strings":{"mapping":{"fielddata":{"loading":"lazy"}},"match_mapping_type":"string"}},{"template-longs":{"mapping":{"fielddata":{"loading":"lazy"}},"match_mapping_type":"long"}},{"template-doubles":{"mapping":{"fielddata":{"loading":"eager"}},"match_mapping_type":"double"}},{"template-geo_points":{"mapping":{"fielddata":{"loading":"lazy"}},"match_mapping_type":"geo_point"}},{"template-booleans":{"mapping":{"fielddata":{"loading":"lazy"}},"match_mapping_type":"boolean"}}]}}]
[2016-03-30 13:54:36,140][DEBUG][org.elasticsearch.indices.cluster] [node_s1] [test][5] creating shard
[2016-03-30 13:54:36,140][DEBUG][org.elasticsearch.indices.cluster] [node_s3] [test][9] creating shard
[2016-03-30 13:54:36,148][DEBUG][org.elasticsearch.indices.cluster] [node_s1] [test][2] creating shard
[2016-03-30 13:54:36,158][DEBUG][org.elasticsearch.indices.cluster] [node_s3] [test][6] creating shard
[2016-03-30 13:54:36,164][DEBUG][org.elasticsearch.indices.cluster] [node_s1] [test][8] creating shard
[2016-03-30 13:54:36,174][TRACE][org.elasticsearch.indices] [node_s1] [test][5] warming [ElasticsearchDirectoryReader()]
[2016-03-30 13:54:36,174][DEBUG][org.elasticsearch.indices.cluster] [node_s3] [test][3] creating shard
[2016-03-30 13:54:36,174][TRACE][org.elasticsearch.indices] [node_s1] [test][5] top warming [ElasticsearchDirectoryReader()]
[2016-03-30 13:54:36,185][TRACE][org.elasticsearch.indices] [node_s3] [test][9] warming [ElasticsearchDirectoryReader()]
[2016-03-30 13:54:36,185][TRACE][org.elasticsearch.indices] [node_s3] [test][9] top warming [ElasticsearchDirectoryReader()]
[2016-03-30 13:54:36,191][TRACE][org.elasticsearch.indices] [node_s1] [test][2] warming [ElasticsearchDirectoryReader()]
[2016-03-30 13:54:36,191][TRACE][org.elasticsearch.indices] [node_s1] [test][2] top warming [ElasticsearchDirectoryReader()]
[2016-03-30 13:54:36,191][DEBUG][org.elasticsearch.indices.cluster] [node_s3] [test][0] creating shard
[2016-03-30 13:54:36,198][TRACE][org.elasticsearch.indices] [node_s3] [test][6] warming [ElasticsearchDirectoryReader()]
[2016-03-30 13:54:36,198][TRACE][org.elasticsearch.indices] [node_s3] [test][6] top warming [ElasticsearchDirectoryReader()]
[2016-03-30 13:54:36,202][TRACE][org.elasticsearch.indices] [node_s1] [test][8] warming [ElasticsearchDirectoryReader()]
[2016-03-30 13:54:36,202][TRACE][org.elasticsearch.indices] [node_s1] [test][8] top warming [ElasticsearchDirectoryReader()]
[2016-03-30 13:54:36,220][TRACE][org.elasticsearch.indices] [node_s3] [test][3] warming [ElasticsearchDirectoryReader()]
[2016-03-30 13:54:36,220][TRACE][org.elasticsearch.indices] [node_s3] [test][3] top warming [ElasticsearchDirectoryReader()]
[2016-03-30 13:54:36,232][DEBUG][org.elasticsearch.indices.cluster] [node_s0] [test] creating index
[2016-03-30 13:54:36,233][DEBUG][org.elasticsearch.indices] [node_s0] creating Index [test], shards [10]/[0]
[2016-03-30 13:54:36,235][DEBUG][org.elasticsearch.indices.cluster] [node_s0] [test] adding mapping [_default_], source [{"_default_":{"_timestamp":{"enabled":true},"dynamic_templates":[{"template-strings":{"mapping":{"fielddata":{"loading":"lazy"}},"match_mapping_type":"string"}},{"template-longs":{"mapping":{"fielddata":{"loading":"lazy"}},"match_mapping_type":"long"}},{"template-doubles":{"mapping":{"fielddata":{"loading":"eager"}},"match_mapping_type":"double"}},{"template-geo_points":{"mapping":{"fielddata":{"loading":"lazy"}},"match_mapping_type":"geo_point"}},{"template-booleans":{"mapping":{"fielddata":{"loading":"lazy"}},"match_mapping_type":"boolean"}}]}}]
[2016-03-30 13:54:36,237][DEBUG][org.elasticsearch.indices.cluster] [node_s0] [test][4] creating shard
[2016-03-30 13:54:36,242][TRACE][org.elasticsearch.indices] [node_s3] [test][0] warming [ElasticsearchDirectoryReader()]
[2016-03-30 13:54:36,243][TRACE][org.elasticsearch.indices] [node_s3] [test][0] top warming [ElasticsearchDirectoryReader()]
[2016-03-30 13:54:36,248][DEBUG][org.elasticsearch.indices.cluster] [node_s0] [test][1] creating shard
[2016-03-30 13:54:36,272][TRACE][org.elasticsearch.indices] [node_s0] [test][4] warming [ElasticsearchDirectoryReader()]
[2016-03-30 13:54:36,272][TRACE][org.elasticsearch.indices] [node_s0] [test][4] top warming [ElasticsearchDirectoryReader()]
[2016-03-30 13:54:36,274][DEBUG][org.elasticsearch.indices.cluster] [node_s0] [test][7] creating shard
[2016-03-30 13:54:36,304][TRACE][org.elasticsearch.indices] [node_s0] [test][1] warming [ElasticsearchDirectoryReader()]
[2016-03-30 13:54:36,304][TRACE][org.elasticsearch.indices] [node_s0] [test][1] top warming [ElasticsearchDirectoryReader()]
[2016-03-30 13:54:36,332][TRACE][org.elasticsearch.indices] [node_s0] [test][7] warming [ElasticsearchDirectoryReader()]
[2016-03-30 13:54:36,332][TRACE][org.elasticsearch.indices] [node_s0] [test][7] top warming [ElasticsearchDirectoryReader()]
[2016-03-30 13:54:36,370][TRACE][org.elasticsearch.indices.store] [node_s1] [test][1] sending shard active check to {node_s0}{8X2Ed1xFSrylEKDMjLmvkQ}{local}{local[18]}[mode=>local]
[2016-03-30 13:54:36,371][TRACE][org.elasticsearch.indices.store] [node_s1] [test][4] sending shard active check to {node_s0}{8X2Ed1xFSrylEKDMjLmvkQ}{local}{local[18]}[mode=>local]
[2016-03-30 13:54:36,371][TRACE][org.elasticsearch.indices.store] [node_s0] observer: sampled state rejected by predicate (version [14], status [APPLIED]). adding listener to ClusterService
[2016-03-30 13:54:36,372][TRACE][org.elasticsearch.indices.store] [node_s1] [test][3] sending shard active check to {node_s3}{Q4P4gfwCSVmM5TnOfNl8Iw}{local}{local[24]}[mode=>local]
[2016-03-30 13:54:36,372][TRACE][org.elasticsearch.indices.store] [node_s0] observer: sampled state rejected by predicate (version [14], status [APPLIED]). adding listener to ClusterService
[2016-03-30 13:54:36,372][TRACE][org.elasticsearch.indices.store] [node_s1] [test][9] sending shard active check to {node_s3}{Q4P4gfwCSVmM5TnOfNl8Iw}{local}{local[24]}[mode=>local]
[2016-03-30 13:54:36,372][TRACE][org.elasticsearch.indices.store] [node_s1] [test][3] is active on node {node_s3}{Q4P4gfwCSVmM5TnOfNl8Iw}{local}{local[24]}[mode=>local]
[2016-03-30 13:54:36,372][TRACE][org.elasticsearch.indices.store] [node_s1] [test][7] sending shard active check to {node_s0}{8X2Ed1xFSrylEKDMjLmvkQ}{local}{local[18]}[mode=>local]
[2016-03-30 13:54:36,372][TRACE][org.elasticsearch.indices.store] [node_s1] [test][9] is active on node {node_s3}{Q4P4gfwCSVmM5TnOfNl8Iw}{local}{local[24]}[mode=>local]
[2016-03-30 13:54:36,373][TRACE][org.elasticsearch.indices.store] [node_s1] [test][6] sending shard active check to {node_s3}{Q4P4gfwCSVmM5TnOfNl8Iw}{local}{local[24]}[mode=>local]
[2016-03-30 13:54:36,373][TRACE][org.elasticsearch.indices.store] [node_s0] observer: sampled state rejected by predicate (version [14], status [APPLIED]). adding listener to ClusterService
[2016-03-30 13:54:36,373][TRACE][org.elasticsearch.indices.store] [node_s1] [test][0] sending shard active check to {node_s3}{Q4P4gfwCSVmM5TnOfNl8Iw}{local}{local[24]}[mode=>local]
[2016-03-30 13:54:36,373][TRACE][org.elasticsearch.indices.store] [node_s1] [test][6] is active on node {node_s3}{Q4P4gfwCSVmM5TnOfNl8Iw}{local}{local[24]}[mode=>local]
[2016-03-30 13:54:36,373][TRACE][org.elasticsearch.indices.store] [node_s1] [test][0] is active on node {node_s3}{Q4P4gfwCSVmM5TnOfNl8Iw}{local}{local[24]}[mode=>local]
[2016-03-30 13:54:36,380][TRACE][org.elasticsearch.indices.store] [node_s3] [test][2] sending shard active check to {node_s1}{c9PGTkUhQVSZ1aq6LXuXxw}{local}{local[19]}[mode=>local]
[2016-03-30 13:54:36,381][TRACE][org.elasticsearch.indices.store] [node_s3] [test][5] sending shard active check to {node_s1}{c9PGTkUhQVSZ1aq6LXuXxw}{local}{local[19]}[mode=>local]
[2016-03-30 13:54:36,381][TRACE][org.elasticsearch.indices.store] [node_s3] [test][2] is active on node {node_s1}{c9PGTkUhQVSZ1aq6LXuXxw}{local}{local[19]}[mode=>local]
[2016-03-30 13:54:36,381][TRACE][org.elasticsearch.indices.store] [node_s3] [test][4] sending shard active check to {node_s0}{8X2Ed1xFSrylEKDMjLmvkQ}{local}{local[18]}[mode=>local]
[2016-03-30 13:54:36,381][TRACE][org.elasticsearch.indices.store] [node_s3] [test][5] is active on node {node_s1}{c9PGTkUhQVSZ1aq6LXuXxw}{local}{local[19]}[mode=>local]
[2016-03-30 13:54:36,381][TRACE][org.elasticsearch.indices.store] [node_s3] [test][1] sending shard active check to {node_s0}{8X2Ed1xFSrylEKDMjLmvkQ}{local}{local[18]}[mode=>local]
[2016-03-30 13:54:36,382][TRACE][org.elasticsearch.indices.store] [node_s3] [test][7] sending shard active check to {node_s0}{8X2Ed1xFSrylEKDMjLmvkQ}{local}{local[18]}[mode=>local]
[2016-03-30 13:54:36,382][TRACE][org.elasticsearch.indices.store] [node_s0] observer: sampled state rejected by predicate (version [14], status [APPLIED]). adding listener to ClusterService
[2016-03-30 13:54:36,382][TRACE][org.elasticsearch.indices.store] [node_s3] [test][8] sending shard active check to {node_s1}{c9PGTkUhQVSZ1aq6LXuXxw}{local}{local[19]}[mode=>local]
[2016-03-30 13:54:36,383][TRACE][org.elasticsearch.indices.store] [node_s0] observer: sampled state rejected by predicate (version [14], status [APPLIED]). adding listener to ClusterService
[2016-03-30 13:54:36,382][TRACE][org.elasticsearch.indices.store] [node_s0] observer: sampled state rejected by predicate (version [14], status [APPLIED]). adding listener to ClusterService
[2016-03-30 13:54:36,383][TRACE][org.elasticsearch.indices.store] [node_s3] [test][8] is active on node {node_s1}{c9PGTkUhQVSZ1aq6LXuXxw}{local}{local[19]}[mode=>local]
[2016-03-30 13:54:36,397][DEBUG][org.elasticsearch.indices] [node_s1] [test][3] deleted shard reason [no longer used]
[2016-03-30 13:54:36,407][DEBUG][org.elasticsearch.indices] [node_s3] [test][2] deleted shard reason [no longer used]
[2016-03-30 13:54:36,410][TRACE][org.elasticsearch.indices.store] [node_s0] [test][3] sending shard active check to {node_s3}{Q4P4gfwCSVmM5TnOfNl8Iw}{local}{local[24]}[mode=>local]
[2016-03-30 13:54:36,410][TRACE][org.elasticsearch.indices.store] [node_s0] [test][5] sending shard active check to {node_s1}{c9PGTkUhQVSZ1aq6LXuXxw}{local}{local[19]}[mode=>local]
[2016-03-30 13:54:36,410][TRACE][org.elasticsearch.indices.store] [node_s0] [test][3] is active on node {node_s3}{Q4P4gfwCSVmM5TnOfNl8Iw}{local}{local[24]}[mode=>local]
[2016-03-30 13:54:36,411][TRACE][org.elasticsearch.indices.store] [node_s0] [test][2] sending shard active check to {node_s1}{c9PGTkUhQVSZ1aq6LXuXxw}{local}{local[19]}[mode=>local]
[2016-03-30 13:54:36,411][DEBUG][org.elasticsearch.indices] [node_s1] [test][9] deleted shard reason [no longer used]
[2016-03-30 13:54:36,411][TRACE][org.elasticsearch.indices.store] [node_s0] [test][5] is active on node {node_s1}{c9PGTkUhQVSZ1aq6LXuXxw}{local}{local[19]}[mode=>local]
[2016-03-30 13:54:36,411][TRACE][org.elasticsearch.indices.store] [node_s0] [test][2] is active on node {node_s1}{c9PGTkUhQVSZ1aq6LXuXxw}{local}{local[19]}[mode=>local]
[2016-03-30 13:54:36,411][TRACE][org.elasticsearch.indices.store] [node_s0] [test][6] sending shard active check to {node_s3}{Q4P4gfwCSVmM5TnOfNl8Iw}{local}{local[24]}[mode=>local]
[2016-03-30 13:54:36,412][TRACE][org.elasticsearch.indices.store] [node_s0] [test][8] sending shard active check to {node_s1}{c9PGTkUhQVSZ1aq6LXuXxw}{local}{local[19]}[mode=>local]
[2016-03-30 13:54:36,412][TRACE][org.elasticsearch.indices.store] [node_s0] [test][8] is active on node {node_s1}{c9PGTkUhQVSZ1aq6LXuXxw}{local}{local[19]}[mode=>local]
[2016-03-30 13:54:36,413][TRACE][org.elasticsearch.indices.store] [node_s0] [test][9] sending shard active check to {node_s3}{Q4P4gfwCSVmM5TnOfNl8Iw}{local}{local[24]}[mode=>local]
[2016-03-30 13:54:36,414][TRACE][org.elasticsearch.indices.store] [node_s0] [test][0] sending shard active check to {node_s3}{Q4P4gfwCSVmM5TnOfNl8Iw}{local}{local[24]}[mode=>local]
[2016-03-30 13:54:36,415][TRACE][org.elasticsearch.indices.store] [node_s0] [test][6] is active on node {node_s3}{Q4P4gfwCSVmM5TnOfNl8Iw}{local}{local[24]}[mode=>local]
[2016-03-30 13:54:36,415][TRACE][org.elasticsearch.indices.store] [node_s0] [test][9] is active on node {node_s3}{Q4P4gfwCSVmM5TnOfNl8Iw}{local}{local[24]}[mode=>local]
[2016-03-30 13:54:36,415][TRACE][org.elasticsearch.indices.store] [node_s0] [test][0] is active on node {node_s3}{Q4P4gfwCSVmM5TnOfNl8Iw}{local}{local[24]}[mode=>local]
[2016-03-30 13:54:36,424][DEBUG][org.elasticsearch.indices] [node_s3] [test][5] deleted shard reason [no longer used]
[2016-03-30 13:54:36,427][TRACE][org.elasticsearch.indices.store] [node_s3] listing store meta data for [test][2]
[2016-03-30 13:54:36,427][TRACE][org.elasticsearch.indices.store] [node_s0] listing store meta data for [test][2]
[2016-03-30 13:54:36,427][DEBUG][org.elasticsearch.indices] [node_s1] [test][6] deleted shard reason [no longer used]
[2016-03-30 13:54:36,427][TRACE][org.elasticsearch.indices.store] [node_s1] listing store meta data for [test][2]
[2016-03-30 13:54:36,428][TRACE][org.elasticsearch.indices.store] [node_s3] listing store meta data for [test][6]
[2016-03-30 13:54:36,428][TRACE][org.elasticsearch.indices.store] [node_s0] [test][2] didn't find any store meta data to load (took [446.4micros])
[2016-03-30 13:54:36,428][TRACE][org.elasticsearch.indices.store] [node_s1] listing store meta data for [test][6]
[2016-03-30 13:54:36,428][TRACE][org.elasticsearch.indices.store] [node_s0] listing store meta data for [test][6]
[2016-03-30 13:54:36,430][TRACE][org.elasticsearch.indices.store] [node_s3] [test][2] didn't find any store meta data to load (took [2.8ms])
[2016-03-30 13:54:36,431][TRACE][org.elasticsearch.indices.store] [node_s1] [test][6] didn't find any store meta data to load (took [2.4ms])
[2016-03-30 13:54:36,431][TRACE][org.elasticsearch.indices.store] [node_s0] [test][6] didn't find any store meta data to load (took [2.4ms])
[2016-03-30 13:54:36,431][TRACE][org.elasticsearch.indices.store] [node_s1] listing store meta data for [test][7]
[2016-03-30 13:54:36,432][TRACE][org.elasticsearch.indices.store] [node_s0] listing store meta data for [test][3]
[2016-03-30 13:54:36,434][TRACE][org.elasticsearch.indices.store] [node_s1] [test][7] didn't find any store meta data to load (took [2.5ms])
[2016-03-30 13:54:36,434][TRACE][org.elasticsearch.indices.store] [node_s3] listing store meta data for [test][3]
[2016-03-30 13:54:36,434][TRACE][org.elasticsearch.indices.store] [node_s0] [test][3] didn't find any store meta data to load (took [2.4ms])
[2016-03-30 13:54:36,435][TRACE][org.elasticsearch.indices.store] [node_s3] listing store meta data for [test][4]
[2016-03-30 13:54:36,439][TRACE][org.elasticsearch.indices.store] [node_s1] listing store meta data for [test][4]
[2016-03-30 13:54:36,439][TRACE][org.elasticsearch.indices.store] [node_s0] listing store meta data for [test][4]
[2016-03-30 13:54:36,439][TRACE][org.elasticsearch.indices.store] [node_s1] listing store meta data for [test][3]
[2016-03-30 13:54:36,439][TRACE][org.elasticsearch.indices.store] [node_s3] listing store meta data for [test][7]
[2016-03-30 13:54:36,439][TRACE][org.elasticsearch.indices.store] [node_s0] listing store meta data for [test][7]
[2016-03-30 13:54:36,440][TRACE][org.elasticsearch.indices.store] [node_s1] listing store meta data for [test][9]
[2016-03-30 13:54:36,442][TRACE][org.elasticsearch.indices.store] [node_s3] [test][4] didn't find any store meta data to load (took [6.4ms])
[2016-03-30 13:54:36,442][TRACE][org.elasticsearch.indices.store] [node_s1] [test][4] didn't find any store meta data to load (took [2.9ms])
[2016-03-30 13:54:36,442][TRACE][org.elasticsearch.indices.store] [node_s1] [test][9] didn't find any store meta data to load (took [2.4ms])
[2016-03-30 13:54:36,442][TRACE][org.elasticsearch.indices.store] [node_s3] [test][7] didn't find any store meta data to load (took [2.4ms])
[2016-03-30 13:54:36,442][TRACE][org.elasticsearch.indices.store] [node_s1] [test][3] didn't find any store meta data to load (took [2.5ms])
[2016-03-30 13:54:36,443][TRACE][org.elasticsearch.indices.store] [node_s3] listing store meta data for [test][9]
[2016-03-30 13:54:36,442][TRACE][org.elasticsearch.indices.store] [node_s1] listing store meta data for [test][8]
[2016-03-30 13:54:36,442][TRACE][org.elasticsearch.indices.store] [node_s0] listing store meta data for [test][9]
[2016-03-30 13:54:36,442][TRACE][org.elasticsearch.indices.store] [node_s3] listing store meta data for [test][8]
[2016-03-30 13:54:36,442][TRACE][org.elasticsearch.indices.store] [node_s0] listing store meta data for [test][8]
[2016-03-30 13:54:36,443][DEBUG][org.elasticsearch.indices.store] [node_s3] [test][3] loaded store meta data (took [8.7ms])
[2016-03-30 13:54:36,443][DEBUG][org.elasticsearch.indices.store] [node_s3] [test][6] loaded store meta data (took [15.2ms])
[2016-03-30 13:54:36,443][TRACE][org.elasticsearch.indices.store] [node_s3] listing store meta data for [test][1]
[2016-03-30 13:54:36,444][TRACE][org.elasticsearch.indices.store] [node_s3] listing store meta data for [test][5]
[2016-03-30 13:54:36,444][TRACE][org.elasticsearch.indices.store] [node_s1] listing store meta data for [test][0]
[2016-03-30 13:54:36,445][TRACE][org.elasticsearch.indices.store] [node_s3] [test][8] didn't find any store meta data to load (took [1.8ms])
[2016-03-30 13:54:36,445][TRACE][org.elasticsearch.indices.store] [node_s3] listing store meta data for [test][0]
[2016-03-30 13:54:36,446][TRACE][org.elasticsearch.indices.store] [node_s0] [test][9] didn't find any store meta data to load (took [2.4ms])
[2016-03-30 13:54:36,446][TRACE][org.elasticsearch.indices.store] [node_s0] listing store meta data for [test][1]
[2016-03-30 13:54:36,446][TRACE][org.elasticsearch.indices.store] [node_s0] [test][8] didn't find any store meta data to load (took [2.3ms])
[2016-03-30 13:54:36,446][TRACE][org.elasticsearch.indices.store] [node_s0] listing store meta data for [test][5]
[2016-03-30 13:54:36,446][TRACE][org.elasticsearch.indices.store] [node_s3] [test][1] didn't find any store meta data to load (took [2.4ms])
[2016-03-30 13:54:36,446][TRACE][org.elasticsearch.indices.store] [node_s3] [test][5] didn't find any store meta data to load (took [2.4ms])
[2016-03-30 13:54:36,446][TRACE][org.elasticsearch.indices.store] [node_s1] [test][0] didn't find any store meta data to load (took [1.8ms])
[2016-03-30 13:54:36,447][DEBUG][org.elasticsearch.indices] [node_s1] [test][0] deleted shard reason [no longer used]
[2016-03-30 13:54:36,448][TRACE][org.elasticsearch.indices.store] [node_s0] [test][5] didn't find any store meta data to load (took [2.4ms])
[2016-03-30 13:54:36,449][TRACE][org.elasticsearch.indices.store] [node_s0] listing store meta data for [test][0]
[2016-03-30 13:54:36,451][TRACE][org.elasticsearch.indices.store] [node_s1] listing store meta data for [test][5]
[2016-03-30 13:54:36,451][DEBUG][org.elasticsearch.indices.store] [node_s1] [test][2] loaded store meta data (took [23ms])
[2016-03-30 13:54:36,453][TRACE][org.elasticsearch.indices.store] [node_s0] [test][0] didn't find any store meta data to load (took [4.2ms])
[2016-03-30 13:54:36,453][TRACE][org.elasticsearch.indices.store] [node_s1] listing store meta data for [test][1]
[2016-03-30 13:54:36,453][DEBUG][org.elasticsearch.indices.store] [node_s0] [test][1] loaded store meta data (took [6.9ms])
[2016-03-30 13:54:36,453][DEBUG][org.elasticsearch.indices.store] [node_s3] [test][9] loaded store meta data (took [9.8ms])
[2016-03-30 13:54:36,453][DEBUG][org.elasticsearch.indices.store] [node_s0] [test][4] loaded store meta data (took [14.2ms])
[2016-03-30 13:54:36,457][TRACE][org.elasticsearch.indices.store] [node_s1] [test][1] didn't find any store meta data to load (took [3.2ms])
[2016-03-30 13:54:36,457][DEBUG][org.elasticsearch.indices.store] [node_s1] [test][5] loaded store meta data (took [5.9ms])
[2016-03-30 13:54:36,459][DEBUG][org.elasticsearch.indices.store] [node_s1] [test][8] loaded store meta data (took [16ms])
[2016-03-30 13:54:36,459][DEBUG][org.elasticsearch.indices.store] [node_s3] [test][0] loaded store meta data (took [13.8ms])
[2016-03-30 13:54:36,460][DEBUG][org.elasticsearch.indices.store] [node_s0] [test][7] loaded store meta data (took [20ms])
[2016-03-30 13:54:36,462][DEBUG][org.elasticsearch.indices] [node_s3] [test][8] deleted shard reason [no longer used]
[2016-03-30 13:54:36,488][TRACE][org.elasticsearch.indices.store] [node_s0] observer: post adding listener: accepting current cluster state (version [16], status [APPLIED])
[2016-03-30 13:54:36,488][TRACE][org.elasticsearch.indices.store] [node_s0] observer: post adding listener: accepting current cluster state (version [16], status [APPLIED])
[2016-03-30 13:54:36,488][TRACE][org.elasticsearch.indices.store] [node_s1] [test][1] is active on node {node_s0}{8X2Ed1xFSrylEKDMjLmvkQ}{local}{local[18]}[mode=>local]
[2016-03-30 13:54:36,489][TRACE][org.elasticsearch.indices.store] [node_s0] observer: post adding listener: accepting current cluster state (version [16], status [APPLIED])
[2016-03-30 13:54:36,489][TRACE][org.elasticsearch.indices.store] [node_s1] [test][4] is active on node {node_s0}{8X2Ed1xFSrylEKDMjLmvkQ}{local}{local[18]}[mode=>local]
[2016-03-30 13:54:36,489][TRACE][org.elasticsearch.indices.store] [node_s0] observer: post adding listener: accepting current cluster state (version [16], status [APPLIED])
[2016-03-30 13:54:36,489][TRACE][org.elasticsearch.indices.store] [node_s1] not deleting shard [test][1], the latest cluster state version[16] is not equal to cluster state before shard active api call [15]
[2016-03-30 13:54:36,489][TRACE][org.elasticsearch.indices.store] [node_s0] observer: post adding listener: accepting current cluster state (version [16], status [APPLIED])
[2016-03-30 13:54:36,489][TRACE][org.elasticsearch.indices.store] [node_s3] [test][1] is active on node {node_s0}{8X2Ed1xFSrylEKDMjLmvkQ}{local}{local[18]}[mode=>local]
[2016-03-30 13:54:36,489][TRACE][org.elasticsearch.indices.store] [node_s0] observer: post adding listener: accepting current cluster state (version [16], status [APPLIED])
[2016-03-30 13:54:36,489][TRACE][org.elasticsearch.indices.store] [node_s3] [test][7] is active on node {node_s0}{8X2Ed1xFSrylEKDMjLmvkQ}{local}{local[18]}[mode=>local]
[2016-03-30 13:54:36,490][TRACE][org.elasticsearch.indices.store] [node_s3] not deleting shard [test][7], the latest cluster state version[16] is not equal to cluster state before shard active api call [15]
[2016-03-30 13:54:36,489][TRACE][org.elasticsearch.indices.store] [node_s1] not deleting shard [test][4], the latest cluster state version[16] is not equal to cluster state before shard active api call [15]
[2016-03-30 13:54:36,490][TRACE][org.elasticsearch.indices.store] [node_s3] [test][4] is active on node {node_s0}{8X2Ed1xFSrylEKDMjLmvkQ}{local}{local[18]}[mode=>local]
[2016-03-30 13:54:36,490][TRACE][org.elasticsearch.indices.store] [node_s3] not deleting shard [test][4], the latest cluster state version[16] is not equal to cluster state before shard active api call [15]
[2016-03-30 13:54:36,489][TRACE][org.elasticsearch.indices.store] [node_s3] not deleting shard [test][1], the latest cluster state version[16] is not equal to cluster state before shard active api call [15]
[2016-03-30 13:54:36,489][TRACE][org.elasticsearch.indices.store] [node_s1] [test][7] is active on node {node_s0}{8X2Ed1xFSrylEKDMjLmvkQ}{local}{local[18]}[mode=>local]
[2016-03-30 13:54:36,490][TRACE][org.elasticsearch.indices.store] [node_s1] not deleting shard [test][7], the latest cluster state version[16] is not equal to cluster state before shard active api call [15]
[2016-03-30 13:54:36,499][DEBUG][org.elasticsearch.indices.cluster] [node_s1] [test][1] creating shard
[2016-03-30 13:54:36,499][DEBUG][org.elasticsearch.indices.cluster] [node_s3] [test][4] creating shard
[2016-03-30 13:54:36,511][TRACE][org.elasticsearch.indices.recovery] [node_s1] [test][1] started recovery from {node_s0}{8X2Ed1xFSrylEKDMjLmvkQ}{local}{local[18]}[mode=>local], id [35]
[2016-03-30 13:54:36,512][TRACE][org.elasticsearch.indices.recovery] [node_s1] collecting local files for [test][1] [35]
[2016-03-30 13:54:36,513][TRACE][org.elasticsearch.indices.recovery] [node_s3] [test][4] started recovery from {node_s0}{8X2Ed1xFSrylEKDMjLmvkQ}{local}{local[18]}[mode=>local], id [36]
[2016-03-30 13:54:36,514][TRACE][org.elasticsearch.indices.recovery] [node_s3] collecting local files for [test][4] [36]
[2016-03-30 13:54:36,515][TRACE][org.elasticsearch.indices.recovery] [node_s1] [test][1] starting recovery from {node_s0}{8X2Ed1xFSrylEKDMjLmvkQ}{local}{local[18]}[mode=>local]
[2016-03-30 13:54:36,515][DEBUG][org.elasticsearch.indices.recovery] [node_s0] delaying recovery of [test][1] as it is not listed as assigned to target node {node_s1}{c9PGTkUhQVSZ1aq6LXuXxw}{local}{local[19]}[mode=>local]
[2016-03-30 13:54:36,516][TRACE][org.elasticsearch.indices.recovery] [node_s3] [test][4] starting recovery from {node_s0}{8X2Ed1xFSrylEKDMjLmvkQ}{local}{local[18]}[mode=>local]
[2016-03-30 13:54:36,517][DEBUG][org.elasticsearch.indices.recovery] [node_s0] delaying recovery of [test][4] as it is not listed as assigned to target node {node_s3}{Q4P4gfwCSVmM5TnOfNl8Iw}{local}{local[24]}[mode=>local]
[2016-03-30 13:54:36,523][DEBUG][org.elasticsearch.indices.cluster] [node_s3] [test][5] creating shard
[2016-03-30 13:54:36,524][TRACE][org.elasticsearch.indices.recovery] [node_s1] [test][1] Got exception on recovery
RemoteTransportException[[node_s1][local[19]][internal:index/shard/recovery/start_recovery]]; nested: DelayRecoveryException[source node does not have the shard listed in its state as allocated on the node];
Caused by: DelayRecoveryException[source node does not have the shard listed in its state as allocated on the node]
	at org.elasticsearch.indices.recovery.RecoverySource.recover(RecoverySource.java:100)
	at org.elasticsearch.indices.recovery.RecoverySource.access$100(RecoverySource.java:46)
	at org.elasticsearch.indices.recovery.RecoverySource$StartRecoveryTransportRequestHandler.messageReceived(RecoverySource.java:126)
	at org.elasticsearch.indices.recovery.RecoverySource$StartRecoveryTransportRequestHandler.messageReceived(RecoverySource.java:123)
	at org.elasticsearch.transport.local.LocalTransport$2.doRun(LocalTransport.java:296)
	at org.elasticsearch.common.util.concurrent.AbstractRunnable.run(AbstractRunnable.java:37)
	at java.util.concurrent.ThreadPoolExecutor.runWorker(ThreadPoolExecutor.java:1142)
	at java.util.concurrent.ThreadPoolExecutor$Worker.run(ThreadPoolExecutor.java:617)
	at java.lang.Thread.run(Thread.java:745)
[2016-03-30 13:54:36,540][TRACE][org.elasticsearch.indices.recovery] [node_s1] will retry recovery with id [35] in [20ms]
DelayRecoveryException[source node does not have the shard listed in its state as allocated on the node]
	at org.elasticsearch.indices.recovery.RecoverySource.recover(RecoverySource.java:100)
	at org.elasticsearch.indices.recovery.RecoverySource.access$100(RecoverySource.java:46)
	at org.elasticsearch.indices.recovery.RecoverySource$StartRecoveryTransportRequestHandler.messageReceived(RecoverySource.java:126)
	at org.elasticsearch.indices.recovery.RecoverySource$StartRecoveryTransportRequestHandler.messageReceived(RecoverySource.java:123)
	at org.elasticsearch.transport.local.LocalTransport$2.doRun(LocalTransport.java:296)
	at org.elasticsearch.common.util.concurrent.AbstractRunnable.run(AbstractRunnable.java:37)
	at java.util.concurrent.ThreadPoolExecutor.runWorker(ThreadPoolExecutor.java:1142)
	at java.util.concurrent.ThreadPoolExecutor$Worker.run(ThreadPoolExecutor.java:617)
	at java.lang.Thread.run(Thread.java:745)
[2016-03-30 13:54:36,532][DEBUG][org.elasticsearch.indices.cluster] [node_s1] [test][3] creating shard
[2016-03-30 13:54:36,532][TRACE][org.elasticsearch.indices.recovery] [node_s3] [test][5] started recovery from {node_s1}{c9PGTkUhQVSZ1aq6LXuXxw}{local}{local[19]}[mode=>local], id [37]
[2016-03-30 13:54:36,524][TRACE][org.elasticsearch.indices.recovery] [node_s3] [test][4] Got exception on recovery
RemoteTransportException[[node_s3][local[24]][internal:index/shard/recovery/start_recovery]]; nested: DelayRecoveryException[source node does not have the shard listed in its state as allocated on the node];
Caused by: DelayRecoveryException[source node does not have the shard listed in its state as allocated on the node]
	at org.elasticsearch.indices.recovery.RecoverySource.recover(RecoverySource.java:100)
	at org.elasticsearch.indices.recovery.RecoverySource.access$100(RecoverySource.java:46)
	at org.elasticsearch.indices.recovery.RecoverySource$StartRecoveryTransportRequestHandler.messageReceived(RecoverySource.java:126)
	at org.elasticsearch.indices.recovery.RecoverySource$StartRecoveryTransportRequestHandler.messageReceived(RecoverySource.java:123)
	at org.elasticsearch.transport.local.LocalTransport$2.doRun(LocalTransport.java:296)
	at org.elasticsearch.common.util.concurrent.AbstractRunnable.run(AbstractRunnable.java:37)
	at java.util.concurrent.ThreadPoolExecutor.runWorker(ThreadPoolExecutor.java:1142)
	at java.util.concurrent.ThreadPoolExecutor$Worker.run(ThreadPoolExecutor.java:617)
	at java.lang.Thread.run(Thread.java:745)
[2016-03-30 13:54:36,541][TRACE][org.elasticsearch.indices.recovery] [node_s3] collecting local files for [test][5] [37]
[2016-03-30 13:54:36,541][TRACE][org.elasticsearch.indices.recovery] [node_s3] will retry recovery with id [36] in [20ms]
DelayRecoveryException[source node does not have the shard listed in its state as allocated on the node]
	at org.elasticsearch.indices.recovery.RecoverySource.recover(RecoverySource.java:100)
	at org.elasticsearch.indices.recovery.RecoverySource.access$100(RecoverySource.java:46)
	at org.elasticsearch.indices.recovery.RecoverySource$StartRecoveryTransportRequestHandler.messageReceived(RecoverySource.java:126)
	at org.elasticsearch.indices.recovery.RecoverySource$StartRecoveryTransportRequestHandler.messageReceived(RecoverySource.java:123)
	at org.elasticsearch.transport.local.LocalTransport$2.doRun(LocalTransport.java:296)
	at org.elasticsearch.common.util.concurrent.AbstractRunnable.run(AbstractRunnable.java:37)
	at java.util.concurrent.ThreadPoolExecutor.runWorker(ThreadPoolExecutor.java:1142)
	at java.util.concurrent.ThreadPoolExecutor$Worker.run(ThreadPoolExecutor.java:617)
	at java.lang.Thread.run(Thread.java:745)
[2016-03-30 13:54:36,543][TRACE][org.elasticsearch.indices.recovery] [node_s3] [test][5] starting recovery from {node_s1}{c9PGTkUhQVSZ1aq6LXuXxw}{local}{local[19]}[mode=>local]
[2016-03-30 13:54:36,544][TRACE][org.elasticsearch.indices.recovery] [node_s1] [test][5] starting recovery to {node_s3}{Q4P4gfwCSVmM5TnOfNl8Iw}{local}{local[24]}[mode=>local], mark_as_relocated false
[2016-03-30 13:54:36,545][TRACE][org.elasticsearch.indices.recovery] [node_s1] captured translog id [1] for recovery
[2016-03-30 13:54:36,548][TRACE][org.elasticsearch.indices.recovery] [node_s1] [test][3] started recovery from {node_s3}{Q4P4gfwCSVmM5TnOfNl8Iw}{local}{local[24]}[mode=>local], id [38]
[2016-03-30 13:54:36,549][TRACE][org.elasticsearch.indices.recovery] [node_s1] collecting local files for [test][3] [38]
[2016-03-30 13:54:36,549][TRACE][org.elasticsearch.indices.recovery] [node_s1] [test][5] recovery [phase1] to {node_s3}{Q4P4gfwCSVmM5TnOfNl8Iw}{local}{local[24]}[mode=>local]: recovering [segments_1], does not exists in remote
[2016-03-30 13:54:36,550][TRACE][org.elasticsearch.indices.recovery] [node_s1] [test][5] recovery [phase1] to {node_s3}{Q4P4gfwCSVmM5TnOfNl8Iw}{local}{local[24]}[mode=>local]: recovering_files [1] with total_size [130b], reusing_files [0] with total_size [0b]
[2016-03-30 13:54:36,551][TRACE][org.elasticsearch.indices.recovery] [node_s1] [test][3] starting recovery from {node_s3}{Q4P4gfwCSVmM5TnOfNl8Iw}{local}{local[24]}[mode=>local]
[2016-03-30 13:54:36,551][TRACE][org.elasticsearch.indices.recovery] [node_s3] [test][3] starting recovery to {node_s1}{c9PGTkUhQVSZ1aq6LXuXxw}{local}{local[19]}[mode=>local], mark_as_relocated false
[2016-03-30 13:54:36,551][TRACE][org.elasticsearch.indices.recovery] [node_s3] captured translog id [1] for recovery
[2016-03-30 13:54:36,556][TRACE][org.elasticsearch.indices.recovery] [node_s3] [test][3] recovery [phase1] to {node_s1}{c9PGTkUhQVSZ1aq6LXuXxw}{local}{local[19]}[mode=>local]: recovering [segments_1], does not exists in remote
[2016-03-30 13:54:36,556][TRACE][org.elasticsearch.indices.recovery] [node_s3] [test][3] recovery [phase1] to {node_s1}{c9PGTkUhQVSZ1aq6LXuXxw}{local}{local[19]}[mode=>local]: recovering_files [1] with total_size [130b], reusing_files [0] with total_size [0b]
[2016-03-30 13:54:36,561][TRACE][org.elasticsearch.indices.recovery] [node_s1] collecting local files for [test][1] [35]
[2016-03-30 13:54:36,563][TRACE][org.elasticsearch.indices.recovery] [node_s3] collecting local files for [test][4] [36]
[2016-03-30 13:54:36,564][TRACE][org.elasticsearch.indices.recovery] [node_s1] [test][1] starting recovery from {node_s0}{8X2Ed1xFSrylEKDMjLmvkQ}{local}{local[18]}[mode=>local]
[2016-03-30 13:54:36,566][TRACE][org.elasticsearch.indices.recovery] [node_s3] [test][4] starting recovery from {node_s0}{8X2Ed1xFSrylEKDMjLmvkQ}{local}{local[18]}[mode=>local]
[2016-03-30 13:54:36,566][TRACE][org.elasticsearch.indices.recovery] [node_s0] [test][1] starting recovery to {node_s1}{c9PGTkUhQVSZ1aq6LXuXxw}{local}{local[19]}[mode=>local], mark_as_relocated false
[2016-03-30 13:54:36,569][TRACE][org.elasticsearch.indices.recovery] [node_s0] captured translog id [1] for recovery
[2016-03-30 13:54:36,569][TRACE][org.elasticsearch.indices.recovery] [node_s0] [test][4] starting recovery to {node_s3}{Q4P4gfwCSVmM5TnOfNl8Iw}{local}{local[24]}[mode=>local], mark_as_relocated false
[2016-03-30 13:54:36,570][TRACE][org.elasticsearch.indices.recovery] [node_s0] captured translog id [1] for recovery
[2016-03-30 13:54:36,570][DEBUG][org.elasticsearch.indices.cluster] [node_s0] [test][2] creating shard
[2016-03-30 13:54:36,575][TRACE][org.elasticsearch.indices.recovery] [node_s0] [test][1] recovery [phase1] to {node_s1}{c9PGTkUhQVSZ1aq6LXuXxw}{local}{local[19]}[mode=>local]: recovering [segments_1], does not exists in remote
[2016-03-30 13:54:36,576][TRACE][org.elasticsearch.indices.recovery] [node_s0] [test][1] recovery [phase1] to {node_s1}{c9PGTkUhQVSZ1aq6LXuXxw}{local}{local[19]}[mode=>local]: recovering_files [1] with total_size [130b], reusing_files [0] with total_size [0b]
[2016-03-30 13:54:36,576][TRACE][org.elasticsearch.indices.recovery] [node_s0] [test][4] recovery [phase1] to {node_s3}{Q4P4gfwCSVmM5TnOfNl8Iw}{local}{local[24]}[mode=>local]: recovering [segments_1], does not exists in remote
[2016-03-30 13:54:36,576][TRACE][org.elasticsearch.indices.recovery] [node_s0] [test][4] recovery [phase1] to {node_s3}{Q4P4gfwCSVmM5TnOfNl8Iw}{local}{local[24]}[mode=>local]: recovering_files [1] with total_size [130b], reusing_files [0] with total_size [0b]
[2016-03-30 13:54:36,581][TRACE][org.elasticsearch.indices.recovery] [node_s1] [test][5] recovery [phase1] to {node_s3}{Q4P4gfwCSVmM5TnOfNl8Iw}{local}{local[24]}[mode=>local]: prepare remote engine for translog
[2016-03-30 13:54:36,586][TRACE][org.elasticsearch.indices.recovery] [node_s3] [test][3] recovery [phase1] to {node_s1}{c9PGTkUhQVSZ1aq6LXuXxw}{local}{local[19]}[mode=>local]: prepare remote engine for translog
[2016-03-30 13:54:36,595][TRACE][org.elasticsearch.indices.recovery] [node_s0] [test][2] started recovery from {node_s1}{c9PGTkUhQVSZ1aq6LXuXxw}{local}{local[19]}[mode=>local], id [39]
[2016-03-30 13:54:36,596][TRACE][org.elasticsearch.indices] [node_s3] [test][5] warming [ElasticsearchDirectoryReader()]
[2016-03-30 13:54:36,596][TRACE][org.elasticsearch.indices] [node_s3] [test][5] top warming [ElasticsearchDirectoryReader()]
[2016-03-30 13:54:36,596][TRACE][org.elasticsearch.indices.recovery] [node_s0] collecting local files for [test][2] [39]
[2016-03-30 13:54:36,603][TRACE][org.elasticsearch.indices] [node_s1] [test][3] warming [ElasticsearchDirectoryReader()]
[2016-03-30 13:54:36,604][TRACE][org.elasticsearch.indices] [node_s1] [test][3] top warming [ElasticsearchDirectoryReader()]
[2016-03-30 13:54:36,604][DEBUG][org.elasticsearch.indices.cluster] [node_s0] [test][0] creating shard
[2016-03-30 13:54:36,607][TRACE][org.elasticsearch.indices.recovery] [node_s0] [test][2] starting recovery from {node_s1}{c9PGTkUhQVSZ1aq6LXuXxw}{local}{local[19]}[mode=>local]
[2016-03-30 13:54:36,608][TRACE][org.elasticsearch.indices.recovery] [node_s1] [test][2] starting recovery to {node_s0}{8X2Ed1xFSrylEKDMjLmvkQ}{local}{local[18]}[mode=>local], mark_as_relocated false
[2016-03-30 13:54:36,608][TRACE][org.elasticsearch.indices.recovery] [node_s1] captured translog id [1] for recovery
[2016-03-30 13:54:36,612][TRACE][org.elasticsearch.indices.recovery] [node_s1] [test][5] recovery [phase1] to {node_s3}{Q4P4gfwCSVmM5TnOfNl8Iw}{local}{local[24]}[mode=>local]: remote engine start took [31.7ms]
[2016-03-30 13:54:36,612][TRACE][org.elasticsearch.indices.recovery] [node_s1] [test][5] recovery [phase1] to {node_s3}{Q4P4gfwCSVmM5TnOfNl8Iw}{local}{local[24]}[mode=>local]: took [0s]
[2016-03-30 13:54:36,613][TRACE][org.elasticsearch.indices.recovery] [node_s1] snapshot translog for recovery. current size is [0]
[2016-03-30 13:54:36,613][TRACE][org.elasticsearch.indices.recovery] [node_s1] [test][5] recovery [phase2] to {node_s3}{Q4P4gfwCSVmM5TnOfNl8Iw}{local}{local[24]}[mode=>local]: sending transaction log operations
[2016-03-30 13:54:36,613][TRACE][org.elasticsearch.indices.recovery] [node_s1] [test][5] no translog operations to send to {node_s3}{Q4P4gfwCSVmM5TnOfNl8Iw}{local}{local[24]}[mode=>local]
[2016-03-30 13:54:36,613][TRACE][org.elasticsearch.indices.recovery] [node_s1] [test][5] sent final batch of [0][0b] (total: [0]) translog operations to {node_s3}{Q4P4gfwCSVmM5TnOfNl8Iw}{local}{local[24]}[mode=>local]
[2016-03-30 13:54:36,613][TRACE][org.elasticsearch.indices.recovery] [node_s1] [test][5] recovery [phase2] to {node_s3}{Q4P4gfwCSVmM5TnOfNl8Iw}{local}{local[24]}[mode=>local]: took [369.2micros]
[2016-03-30 13:54:36,613][TRACE][org.elasticsearch.indices.recovery] [node_s1] [test][5] finalizing recovery to {node_s3}{Q4P4gfwCSVmM5TnOfNl8Iw}{local}{local[24]}[mode=>local]
[2016-03-30 13:54:36,614][TRACE][org.elasticsearch.indices] [node_s3] [test][5] top warming [ElasticsearchDirectoryReader()]
[2016-03-30 13:54:36,614][TRACE][org.elasticsearch.indices.recovery] [node_s1] [test][5] finalizing recovery to {node_s3}{Q4P4gfwCSVmM5TnOfNl8Iw}{local}{local[24]}[mode=>local]: took [1ms]
[2016-03-30 13:54:36,615][TRACE][org.elasticsearch.indices.recovery] [node_s3] [test][5] marking recovery from {node_s1}{c9PGTkUhQVSZ1aq6LXuXxw}{local}{local[19]}[mode=>local] as done, id [37]
[2016-03-30 13:54:36,615][TRACE][org.elasticsearch.indices.recovery] [node_s3] [test][3] recovery [phase1] to {node_s1}{c9PGTkUhQVSZ1aq6LXuXxw}{local}{local[19]}[mode=>local]: remote engine start took [29.1ms]
[2016-03-30 13:54:36,615][TRACE][org.elasticsearch.indices.recovery] [node_s3] [test][3] recovery [phase1] to {node_s1}{c9PGTkUhQVSZ1aq6LXuXxw}{local}{local[19]}[mode=>local]: took [0s]
[2016-03-30 13:54:36,615][TRACE][org.elasticsearch.indices.recovery] [node_s3] snapshot translog for recovery. current size is [0]
[2016-03-30 13:54:36,615][TRACE][org.elasticsearch.indices.recovery] [node_s3] [test][3] recovery [phase2] to {node_s1}{c9PGTkUhQVSZ1aq6LXuXxw}{local}{local[19]}[mode=>local]: sending transaction log operations
[2016-03-30 13:54:36,615][TRACE][org.elasticsearch.indices.recovery] [node_s3] [test][5] recovery completed from {node_s1}{c9PGTkUhQVSZ1aq6LXuXxw}{local}{local[19]}[mode=>local], took[83ms]
   phase1: recovered_files [1] with total_size of [130b], took [0s], throttling_wait [0s]
         : reusing_files   [0] with total_size of [0b]
   phase2: start took [31ms]
         : recovered [0] transaction log operations, took [0s]

[2016-03-30 13:54:36,616][TRACE][org.elasticsearch.indices.recovery] [node_s3] [test][3] no translog operations to send to {node_s1}{c9PGTkUhQVSZ1aq6LXuXxw}{local}{local[19]}[mode=>local]
[2016-03-30 13:54:36,616][TRACE][org.elasticsearch.indices.recovery] [node_s3] [test][3] sent final batch of [0][0b] (total: [0]) translog operations to {node_s1}{c9PGTkUhQVSZ1aq6LXuXxw}{local}{local[19]}[mode=>local]
[2016-03-30 13:54:36,616][TRACE][org.elasticsearch.indices.recovery] [node_s3] [test][3] recovery [phase2] to {node_s1}{c9PGTkUhQVSZ1aq6LXuXxw}{local}{local[19]}[mode=>local]: took [559.4micros]
[2016-03-30 13:54:36,616][TRACE][org.elasticsearch.indices.recovery] [node_s3] [test][3] finalizing recovery to {node_s1}{c9PGTkUhQVSZ1aq6LXuXxw}{local}{local[19]}[mode=>local]
[2016-03-30 13:54:36,617][TRACE][org.elasticsearch.indices] [node_s1] [test][3] top warming [ElasticsearchDirectoryReader()]
[2016-03-30 13:54:36,617][TRACE][org.elasticsearch.indices.recovery] [node_s3] [test][3] finalizing recovery to {node_s1}{c9PGTkUhQVSZ1aq6LXuXxw}{local}{local[19]}[mode=>local]: took [859.4micros]
[2016-03-30 13:54:36,617][TRACE][org.elasticsearch.indices.recovery] [node_s1] [test][3] marking recovery from {node_s3}{Q4P4gfwCSVmM5TnOfNl8Iw}{local}{local[24]}[mode=>local] as done, id [38]
[2016-03-30 13:54:36,618][TRACE][org.elasticsearch.indices.recovery] [node_s1] [test][3] recovery completed from {node_s3}{Q4P4gfwCSVmM5TnOfNl8Iw}{local}{local[24]}[mode=>local], took[69ms]
   phase1: recovered_files [1] with total_size of [130b], took [0s], throttling_wait [0s]
         : reusing_files   [0] with total_size of [0b]
   phase2: start took [29ms]
         : recovered [0] transaction log operations, took [0s]

[2016-03-30 13:54:36,618][TRACE][org.elasticsearch.indices.recovery] [node_s0] [test][1] recovery [phase1] to {node_s1}{c9PGTkUhQVSZ1aq6LXuXxw}{local}{local[19]}[mode=>local]: prepare remote engine for translog
[2016-03-30 13:54:36,629][TRACE][org.elasticsearch.indices.recovery] [node_s1] [test][2] recovery [phase1] to {node_s0}{8X2Ed1xFSrylEKDMjLmvkQ}{local}{local[18]}[mode=>local]: recovering [segments_1], does not exists in remote
[2016-03-30 13:54:36,629][TRACE][org.elasticsearch.indices.recovery] [node_s1] [test][2] recovery [phase1] to {node_s0}{8X2Ed1xFSrylEKDMjLmvkQ}{local}{local[18]}[mode=>local]: recovering_files [1] with total_size [130b], reusing_files [0] with total_size [0b]
[2016-03-30 13:54:36,631][TRACE][org.elasticsearch.indices.recovery] [node_s0] [test][0] started recovery from {node_s3}{Q4P4gfwCSVmM5TnOfNl8Iw}{local}{local[24]}[mode=>local], id [40]
[2016-03-30 13:54:36,632][TRACE][org.elasticsearch.indices.recovery] [node_s0] collecting local files for [test][0] [40]
[2016-03-30 13:54:36,635][TRACE][org.elasticsearch.indices.recovery] [node_s0] [test][0] starting recovery from {node_s3}{Q4P4gfwCSVmM5TnOfNl8Iw}{local}{local[24]}[mode=>local]
[2016-03-30 13:54:36,635][TRACE][org.elasticsearch.indices.recovery] [node_s3] [test][0] starting recovery to {node_s0}{8X2Ed1xFSrylEKDMjLmvkQ}{local}{local[18]}[mode=>local], mark_as_relocated false
[2016-03-30 13:54:36,635][TRACE][org.elasticsearch.indices.recovery] [node_s3] captured translog id [1] for recovery
[2016-03-30 13:54:36,637][TRACE][org.elasticsearch.indices.recovery] [node_s0] [test][4] recovery [phase1] to {node_s3}{Q4P4gfwCSVmM5TnOfNl8Iw}{local}{local[24]}[mode=>local]: prepare remote engine for translog
[2016-03-30 13:54:36,644][TRACE][org.elasticsearch.indices] [node_s1] [test][1] warming [ElasticsearchDirectoryReader()]
[2016-03-30 13:54:36,644][TRACE][org.elasticsearch.indices.recovery] [node_s3] [test][0] recovery [phase1] to {node_s0}{8X2Ed1xFSrylEKDMjLmvkQ}{local}{local[18]}[mode=>local]: recovering [segments_1], does not exists in remote
[2016-03-30 13:54:36,644][TRACE][org.elasticsearch.indices] [node_s1] [test][1] top warming [ElasticsearchDirectoryReader()]
[2016-03-30 13:54:36,644][TRACE][org.elasticsearch.indices.recovery] [node_s3] [test][0] recovery [phase1] to {node_s0}{8X2Ed1xFSrylEKDMjLmvkQ}{local}{local[18]}[mode=>local]: recovering_files [1] with total_size [130b], reusing_files [0] with total_size [0b]
[2016-03-30 13:54:36,657][TRACE][org.elasticsearch.indices.cluster] [node_s1] ignoring recovery instruction for an existing shard [test][1] (shard state: [RECOVERING])
[2016-03-30 13:54:36,658][TRACE][org.elasticsearch.indices] [node_s3] [test][4] warming [ElasticsearchDirectoryReader()]
[2016-03-30 13:54:36,658][TRACE][org.elasticsearch.indices] [node_s3] [test][4] top warming [ElasticsearchDirectoryReader()]
[2016-03-30 13:54:36,671][DEBUG][org.elasticsearch.indices.cluster] [node_s1] [test][0] creating shard
[2016-03-30 13:54:36,672][TRACE][org.elasticsearch.indices.cluster] [node_s3] ignoring recovery instruction for an existing shard [test][4] (shard state: [RECOVERING])
[2016-03-30 13:54:36,672][DEBUG][org.elasticsearch.indices.cluster] [node_s3] [test][1] creating shard
[2016-03-30 13:54:36,675][TRACE][org.elasticsearch.indices.recovery] [node_s0] [test][1] recovery [phase1] to {node_s1}{c9PGTkUhQVSZ1aq6LXuXxw}{local}{local[19]}[mode=>local]: remote engine start took [56.5ms]
[2016-03-30 13:54:36,675][TRACE][org.elasticsearch.indices.recovery] [node_s0] [test][1] recovery [phase1] to {node_s1}{c9PGTkUhQVSZ1aq6LXuXxw}{local}{local[19]}[mode=>local]: took [0s]
[2016-03-30 13:54:36,675][TRACE][org.elasticsearch.indices.recovery] [node_s0] snapshot translog for recovery. current size is [0]
[2016-03-30 13:54:36,675][TRACE][org.elasticsearch.indices.recovery] [node_s0] [test][1] recovery [phase2] to {node_s1}{c9PGTkUhQVSZ1aq6LXuXxw}{local}{local[19]}[mode=>local]: sending transaction log operations
[2016-03-30 13:54:36,675][TRACE][org.elasticsearch.indices.recovery] [node_s0] [test][1] no translog operations to send to {node_s1}{c9PGTkUhQVSZ1aq6LXuXxw}{local}{local[19]}[mode=>local]
[2016-03-30 13:54:36,675][TRACE][org.elasticsearch.indices.recovery] [node_s0] [test][1] sent final batch of [0][0b] (total: [0]) translog operations to {node_s1}{c9PGTkUhQVSZ1aq6LXuXxw}{local}{local[19]}[mode=>local]
[2016-03-30 13:54:36,675][TRACE][org.elasticsearch.indices.recovery] [node_s0] [test][1] recovery [phase2] to {node_s1}{c9PGTkUhQVSZ1aq6LXuXxw}{local}{local[19]}[mode=>local]: took [308.1micros]
[2016-03-30 13:54:36,675][TRACE][org.elasticsearch.indices.recovery] [node_s0] [test][1] finalizing recovery to {node_s1}{c9PGTkUhQVSZ1aq6LXuXxw}{local}{local[19]}[mode=>local]
[2016-03-30 13:54:36,676][TRACE][org.elasticsearch.indices] [node_s1] [test][1] top warming [ElasticsearchDirectoryReader()]
[2016-03-30 13:54:36,676][TRACE][org.elasticsearch.indices.recovery] [node_s0] [test][1] finalizing recovery to {node_s1}{c9PGTkUhQVSZ1aq6LXuXxw}{local}{local[19]}[mode=>local]: took [691.4micros]
[2016-03-30 13:54:36,676][TRACE][org.elasticsearch.indices.recovery] [node_s1] [test][1] marking recovery from {node_s0}{8X2Ed1xFSrylEKDMjLmvkQ}{local}{local[18]}[mode=>local] as done, id [35]
[2016-03-30 13:54:36,677][TRACE][org.elasticsearch.indices.recovery] [node_s1] [test][2] recovery [phase1] to {node_s0}{8X2Ed1xFSrylEKDMjLmvkQ}{local}{local[18]}[mode=>local]: prepare remote engine for translog
[2016-03-30 13:54:36,677][TRACE][org.elasticsearch.indices.recovery] [node_s1] [test][1] recovery completed from {node_s0}{8X2Ed1xFSrylEKDMjLmvkQ}{local}{local[18]}[mode=>local], took[165ms]
   phase1: recovered_files [1] with total_size of [130b], took [0s], throttling_wait [0s]
         : reusing_files   [0] with total_size of [0b]
   phase2: start took [56ms]
         : recovered [0] transaction log operations, took [0s]

[2016-03-30 13:54:36,685][TRACE][org.elasticsearch.indices.recovery] [node_s1] [test][0] started recovery from {node_s3}{Q4P4gfwCSVmM5TnOfNl8Iw}{local}{local[24]}[mode=>local], id [41]
[2016-03-30 13:54:36,685][TRACE][org.elasticsearch.indices.recovery] [node_s0] [test][4] recovery [phase1] to {node_s3}{Q4P4gfwCSVmM5TnOfNl8Iw}{local}{local[24]}[mode=>local]: remote engine start took [47.3ms]
[2016-03-30 13:54:36,685][TRACE][org.elasticsearch.indices.recovery] [node_s1] collecting local files for [test][0] [41]
[2016-03-30 13:54:36,685][TRACE][org.elasticsearch.indices.recovery] [node_s0] [test][4] recovery [phase1] to {node_s3}{Q4P4gfwCSVmM5TnOfNl8Iw}{local}{local[24]}[mode=>local]: took [0s]
[2016-03-30 13:54:36,685][TRACE][org.elasticsearch.indices.recovery] [node_s0] snapshot translog for recovery. current size is [0]
[2016-03-30 13:54:36,685][TRACE][org.elasticsearch.indices.recovery] [node_s0] [test][4] recovery [phase2] to {node_s3}{Q4P4gfwCSVmM5TnOfNl8Iw}{local}{local[24]}[mode=>local]: sending transaction log operations
[2016-03-30 13:54:36,685][TRACE][org.elasticsearch.indices.recovery] [node_s0] [test][4] no translog operations to send to {node_s3}{Q4P4gfwCSVmM5TnOfNl8Iw}{local}{local[24]}[mode=>local]
[2016-03-30 13:54:36,685][TRACE][org.elasticsearch.indices.recovery] [node_s0] [test][4] sent final batch of [0][0b] (total: [0]) translog operations to {node_s3}{Q4P4gfwCSVmM5TnOfNl8Iw}{local}{local[24]}[mode=>local]
[2016-03-30 13:54:36,686][TRACE][org.elasticsearch.indices.recovery] [node_s0] [test][4] recovery [phase2] to {node_s3}{Q4P4gfwCSVmM5TnOfNl8Iw}{local}{local[24]}[mode=>local]: took [343.7micros]
[2016-03-30 13:54:36,686][TRACE][org.elasticsearch.indices.recovery] [node_s0] [test][4] finalizing recovery to {node_s3}{Q4P4gfwCSVmM5TnOfNl8Iw}{local}{local[24]}[mode=>local]
[2016-03-30 13:54:36,686][TRACE][org.elasticsearch.indices] [node_s3] [test][4] top warming [ElasticsearchDirectoryReader()]
[2016-03-30 13:54:36,686][TRACE][org.elasticsearch.indices.recovery] [node_s0] [test][4] finalizing recovery to {node_s3}{Q4P4gfwCSVmM5TnOfNl8Iw}{local}{local[24]}[mode=>local]: took [735.8micros]
[2016-03-30 13:54:36,687][TRACE][org.elasticsearch.indices.recovery] [node_s3] [test][4] marking recovery from {node_s0}{8X2Ed1xFSrylEKDMjLmvkQ}{local}{local[18]}[mode=>local] as done, id [36]
[2016-03-30 13:54:36,687][TRACE][org.elasticsearch.indices.recovery] [node_s3] [test][4] recovery completed from {node_s0}{8X2Ed1xFSrylEKDMjLmvkQ}{local}{local[18]}[mode=>local], took[173ms]
   phase1: recovered_files [1] with total_size of [130b], took [0s], throttling_wait [0s]
         : reusing_files   [0] with total_size of [0b]
   phase2: start took [47ms]
         : recovered [0] transaction log operations, took [0s]

[2016-03-30 13:54:36,689][TRACE][org.elasticsearch.indices.recovery] [node_s3] [test][1] started recovery from {node_s0}{8X2Ed1xFSrylEKDMjLmvkQ}{local}{local[18]}[mode=>local], id [42]
[2016-03-30 13:54:36,689][TRACE][org.elasticsearch.indices.recovery] [node_s1] [test][0] starting recovery from {node_s3}{Q4P4gfwCSVmM5TnOfNl8Iw}{local}{local[24]}[mode=>local]
[2016-03-30 13:54:36,690][TRACE][org.elasticsearch.indices.recovery] [node_s3] collecting local files for [test][1] [42]
[2016-03-30 13:54:36,690][TRACE][org.elasticsearch.indices.recovery] [node_s3] [test][0] starting recovery to {node_s1}{c9PGTkUhQVSZ1aq6LXuXxw}{local}{local[19]}[mode=>local], mark_as_relocated false
[2016-03-30 13:54:36,691][TRACE][org.elasticsearch.indices.recovery] [node_s3] captured translog id [1] for recovery
[2016-03-30 13:54:36,693][TRACE][org.elasticsearch.indices] [node_s0] [test][2] warming [ElasticsearchDirectoryReader()]
[2016-03-30 13:54:36,693][TRACE][org.elasticsearch.indices] [node_s0] [test][2] top warming [ElasticsearchDirectoryReader()]
[2016-03-30 13:54:36,694][TRACE][org.elasticsearch.indices.recovery] [node_s3] [test][1] starting recovery from {node_s0}{8X2Ed1xFSrylEKDMjLmvkQ}{local}{local[18]}[mode=>local]
[2016-03-30 13:54:36,695][DEBUG][org.elasticsearch.indices.recovery] [node_s0] delaying recovery of [test][1] as it is not listed as assigned to target node {node_s3}{Q4P4gfwCSVmM5TnOfNl8Iw}{local}{local[24]}[mode=>local]
[2016-03-30 13:54:36,703][TRACE][org.elasticsearch.indices.recovery] [node_s3] [test][1] Got exception on recovery
RemoteTransportException[[node_s3][local[24]][internal:index/shard/recovery/start_recovery]]; nested: DelayRecoveryException[source node does not have the shard listed in its state as allocated on the node];
Caused by: DelayRecoveryException[source node does not have the shard listed in its state as allocated on the node]
	at org.elasticsearch.indices.recovery.RecoverySource.recover(RecoverySource.java:100)
	at org.elasticsearch.indices.recovery.RecoverySource.access$100(RecoverySource.java:46)
	at org.elasticsearch.indices.recovery.RecoverySource$StartRecoveryTransportRequestHandler.messageReceived(RecoverySource.java:126)
	at org.elasticsearch.indices.recovery.RecoverySource$StartRecoveryTransportRequestHandler.messageReceived(RecoverySource.java:123)
	at org.elasticsearch.transport.local.LocalTransport$2.doRun(LocalTransport.java:296)
	at org.elasticsearch.common.util.concurrent.AbstractRunnable.run(AbstractRunnable.java:37)
	at java.util.concurrent.ThreadPoolExecutor.runWorker(ThreadPoolExecutor.java:1142)
	at java.util.concurrent.ThreadPoolExecutor$Worker.run(ThreadPoolExecutor.java:617)
	at java.lang.Thread.run(Thread.java:745)
[2016-03-30 13:54:36,704][TRACE][org.elasticsearch.indices.recovery] [node_s3] will retry recovery with id [42] in [20ms]
DelayRecoveryException[source node does not have the shard listed in its state as allocated on the node]
	at org.elasticsearch.indices.recovery.RecoverySource.recover(RecoverySource.java:100)
	at org.elasticsearch.indices.recovery.RecoverySource.access$100(RecoverySource.java:46)
	at org.elasticsearch.indices.recovery.RecoverySource$StartRecoveryTransportRequestHandler.messageReceived(RecoverySource.java:126)
	at org.elasticsearch.indices.recovery.RecoverySource$StartRecoveryTransportRequestHandler.messageReceived(RecoverySource.java:123)
	at org.elasticsearch.transport.local.LocalTransport$2.doRun(LocalTransport.java:296)
	at org.elasticsearch.common.util.concurrent.AbstractRunnable.run(AbstractRunnable.java:37)
	at java.util.concurrent.ThreadPoolExecutor.runWorker(ThreadPoolExecutor.java:1142)
	at java.util.concurrent.ThreadPoolExecutor$Worker.run(ThreadPoolExecutor.java:617)
	at java.lang.Thread.run(Thread.java:745)
[2016-03-30 13:54:36,707][TRACE][org.elasticsearch.indices.recovery] [node_s3] [test][0] recovery [phase1] to {node_s1}{c9PGTkUhQVSZ1aq6LXuXxw}{local}{local[19]}[mode=>local]: recovering [segments_1], does not exists in remote
[2016-03-30 13:54:36,707][TRACE][org.elasticsearch.indices.recovery] [node_s3] [test][0] recovery [phase1] to {node_s1}{c9PGTkUhQVSZ1aq6LXuXxw}{local}{local[19]}[mode=>local]: recovering_files [1] with total_size [130b], reusing_files [0] with total_size [0b]
[2016-03-30 13:54:36,711][TRACE][org.elasticsearch.indices.recovery] [node_s3] [test][0] recovery [phase1] to {node_s0}{8X2Ed1xFSrylEKDMjLmvkQ}{local}{local[18]}[mode=>local]: prepare remote engine for translog
[2016-03-30 13:54:36,725][TRACE][org.elasticsearch.indices.recovery] [node_s3] collecting local files for [test][1] [42]
[2016-03-30 13:54:36,725][TRACE][org.elasticsearch.indices.recovery] [node_s1] [test][2] recovery [phase1] to {node_s0}{8X2Ed1xFSrylEKDMjLmvkQ}{local}{local[18]}[mode=>local]: remote engine start took [48.3ms]
[2016-03-30 13:54:36,725][TRACE][org.elasticsearch.indices.recovery] [node_s1] [test][2] recovery [phase1] to {node_s0}{8X2Ed1xFSrylEKDMjLmvkQ}{local}{local[18]}[mode=>local]: took [0s]
[2016-03-30 13:54:36,725][TRACE][org.elasticsearch.indices.recovery] [node_s1] snapshot translog for recovery. current size is [0]
[2016-03-30 13:54:36,725][TRACE][org.elasticsearch.indices.recovery] [node_s1] [test][2] recovery [phase2] to {node_s0}{8X2Ed1xFSrylEKDMjLmvkQ}{local}{local[18]}[mode=>local]: sending transaction log operations
[2016-03-30 13:54:36,726][TRACE][org.elasticsearch.indices.recovery] [node_s1] [test][2] no translog operations to send to {node_s0}{8X2Ed1xFSrylEKDMjLmvkQ}{local}{local[18]}[mode=>local]
[2016-03-30 13:54:36,726][TRACE][org.elasticsearch.indices.recovery] [node_s1] [test][2] sent final batch of [0][0b] (total: [0]) translog operations to {node_s0}{8X2Ed1xFSrylEKDMjLmvkQ}{local}{local[18]}[mode=>local]
[2016-03-30 13:54:36,726][TRACE][org.elasticsearch.indices.cluster] [node_s0] ignoring recovery instruction for an existing shard [test][2] (shard state: [RECOVERING])
[2016-03-30 13:54:36,726][TRACE][org.elasticsearch.indices.recovery] [node_s1] [test][2] recovery [phase2] to {node_s0}{8X2Ed1xFSrylEKDMjLmvkQ}{local}{local[18]}[mode=>local]: took [310.1micros]
[2016-03-30 13:54:36,726][TRACE][org.elasticsearch.indices.recovery] [node_s1] [test][2] finalizing recovery to {node_s0}{8X2Ed1xFSrylEKDMjLmvkQ}{local}{local[18]}[mode=>local]
[2016-03-30 13:54:36,726][TRACE][org.elasticsearch.indices] [node_s0] [test][2] top warming [ElasticsearchDirectoryReader()]
[2016-03-30 13:54:36,727][TRACE][org.elasticsearch.indices.recovery] [node_s1] [test][2] finalizing recovery to {node_s0}{8X2Ed1xFSrylEKDMjLmvkQ}{local}{local[18]}[mode=>local]: took [738.5micros]
[2016-03-30 13:54:36,727][TRACE][org.elasticsearch.indices.recovery] [node_s0] [test][2] marking recovery from {node_s1}{c9PGTkUhQVSZ1aq6LXuXxw}{local}{local[19]}[mode=>local] as done, id [39]
[2016-03-30 13:54:36,727][TRACE][org.elasticsearch.indices.recovery] [node_s0] [test][2] recovery completed from {node_s1}{c9PGTkUhQVSZ1aq6LXuXxw}{local}{local[19]}[mode=>local], took[132ms]
   phase1: recovered_files [1] with total_size of [130b], took [0s], throttling_wait [0s]
         : reusing_files   [0] with total_size of [0b]
   phase2: start took [48ms]
         : recovered [0] transaction log operations, took [0s]

[2016-03-30 13:54:36,734][TRACE][org.elasticsearch.indices.cluster] [node_s0] ignoring recovery instruction for an existing shard [test][0] (shard state: [RECOVERING])
[2016-03-30 13:54:36,739][TRACE][org.elasticsearch.indices.recovery] [node_s3] [test][1] starting recovery from {node_s0}{8X2Ed1xFSrylEKDMjLmvkQ}{local}{local[18]}[mode=>local]
[2016-03-30 13:54:36,739][TRACE][org.elasticsearch.indices.recovery] [node_s0] [test][1] starting recovery to {node_s3}{Q4P4gfwCSVmM5TnOfNl8Iw}{local}{local[24]}[mode=>local], mark_as_relocated false
[2016-03-30 13:54:36,739][TRACE][org.elasticsearch.indices.recovery] [node_s0] captured translog id [1] for recovery
[2016-03-30 13:54:36,743][TRACE][org.elasticsearch.indices] [node_s0] [test][0] warming [ElasticsearchDirectoryReader()]
[2016-03-30 13:54:36,744][TRACE][org.elasticsearch.indices] [node_s0] [test][0] top warming [ElasticsearchDirectoryReader()]
[2016-03-30 13:54:36,753][TRACE][org.elasticsearch.indices.recovery] [node_s0] [test][1] recovery [phase1] to {node_s3}{Q4P4gfwCSVmM5TnOfNl8Iw}{local}{local[24]}[mode=>local]: recovering [segments_1], does not exists in remote
[2016-03-30 13:54:36,753][TRACE][org.elasticsearch.indices.recovery] [node_s3] [test][0] recovery [phase1] to {node_s0}{8X2Ed1xFSrylEKDMjLmvkQ}{local}{local[18]}[mode=>local]: remote engine start took [41.9ms]
[2016-03-30 13:54:36,753][TRACE][org.elasticsearch.indices.recovery] [node_s0] [test][1] recovery [phase1] to {node_s3}{Q4P4gfwCSVmM5TnOfNl8Iw}{local}{local[24]}[mode=>local]: recovering_files [1] with total_size [130b], reusing_files [0] with total_size [0b]
[2016-03-30 13:54:36,753][TRACE][org.elasticsearch.indices.recovery] [node_s3] [test][0] recovery [phase1] to {node_s0}{8X2Ed1xFSrylEKDMjLmvkQ}{local}{local[18]}[mode=>local]: took [0s]
[2016-03-30 13:54:36,754][TRACE][org.elasticsearch.indices.recovery] [node_s3] snapshot translog for recovery. current size is [0]
[2016-03-30 13:54:36,754][TRACE][org.elasticsearch.indices.recovery] [node_s3] [test][0] recovery [phase2] to {node_s0}{8X2Ed1xFSrylEKDMjLmvkQ}{local}{local[18]}[mode=>local]: sending transaction log operations
[2016-03-30 13:54:36,755][TRACE][org.elasticsearch.indices.recovery] [node_s3] [test][0] no translog operations to send to {node_s0}{8X2Ed1xFSrylEKDMjLmvkQ}{local}{local[18]}[mode=>local]
[2016-03-30 13:54:36,756][TRACE][org.elasticsearch.indices.recovery] [node_s3] [test][0] sent final batch of [0][0b] (total: [0]) translog operations to {node_s0}{8X2Ed1xFSrylEKDMjLmvkQ}{local}{local[18]}[mode=>local]
[2016-03-30 13:54:36,757][TRACE][org.elasticsearch.indices.recovery] [node_s3] [test][0] recovery [phase2] to {node_s0}{8X2Ed1xFSrylEKDMjLmvkQ}{local}{local[18]}[mode=>local]: took [2.9ms]
[2016-03-30 13:54:36,757][TRACE][org.elasticsearch.indices.recovery] [node_s3] [test][0] finalizing recovery to {node_s0}{8X2Ed1xFSrylEKDMjLmvkQ}{local}{local[18]}[mode=>local]
[2016-03-30 13:54:36,757][TRACE][org.elasticsearch.indices] [node_s0] [test][0] top warming [ElasticsearchDirectoryReader()]
[2016-03-30 13:54:36,758][TRACE][org.elasticsearch.indices.recovery] [node_s3] [test][0] finalizing recovery to {node_s0}{8X2Ed1xFSrylEKDMjLmvkQ}{local}{local[18]}[mode=>local]: took [826.1micros]
[2016-03-30 13:54:36,758][TRACE][org.elasticsearch.indices.recovery] [node_s0] [test][0] marking recovery from {node_s3}{Q4P4gfwCSVmM5TnOfNl8Iw}{local}{local[24]}[mode=>local] as done, id [40]
[2016-03-30 13:54:36,758][TRACE][org.elasticsearch.indices.recovery] [node_s0] [test][0] recovery completed from {node_s3}{Q4P4gfwCSVmM5TnOfNl8Iw}{local}{local[24]}[mode=>local], took[126ms]
   phase1: recovered_files [1] with total_size of [130b], took [0s], throttling_wait [0s]
         : reusing_files   [0] with total_size of [0b]
   phase2: start took [41ms]
         : recovered [0] transaction log operations, took [2ms]

[2016-03-30 13:54:36,764][TRACE][org.elasticsearch.indices.store] [node_s3] listing store meta data for [test][1]
[2016-03-30 13:54:36,764][TRACE][org.elasticsearch.indices.store] [node_s0] listing store meta data for [test][0]
[2016-03-30 13:54:36,764][TRACE][org.elasticsearch.indices.store] [node_s0] listing store meta data for [test][1]
[2016-03-30 13:54:36,764][TRACE][org.elasticsearch.indices.store] [node_s1] listing store meta data for [test][1]
[2016-03-30 13:54:36,765][TRACE][org.elasticsearch.indices.store] [node_s3] listing store meta data for [test][0]
[2016-03-30 13:54:36,765][TRACE][org.elasticsearch.indices.store] [node_s1] listing store meta data for [test][0]
[2016-03-30 13:54:36,766][TRACE][org.elasticsearch.indices.store] [node_s0] listing store meta data for [test][5]
[2016-03-30 13:54:36,766][TRACE][org.elasticsearch.indices.store] [node_s1] listing store meta data for [test][5]
[2016-03-30 13:54:36,766][TRACE][org.elasticsearch.indices.store] [node_s3] listing store meta data for [test][5]
[2016-03-30 13:54:36,766][TRACE][org.elasticsearch.indices.store] [node_s0] [test][5] didn't find any store meta data to load (took [440.3micros])
[2016-03-30 13:54:36,767][TRACE][org.elasticsearch.indices.store] [node_s1] listing store meta data for [test][3]
[2016-03-30 13:54:36,767][TRACE][org.elasticsearch.indices.store] [node_s0] listing store meta data for [test][3]
[2016-03-30 13:54:36,767][TRACE][org.elasticsearch.indices.store] [node_s3] listing store meta data for [test][3]
[2016-03-30 13:54:36,767][TRACE][org.elasticsearch.indices.store] [node_s0] listing store meta data for [test][2]
[2016-03-30 13:54:36,767][TRACE][org.elasticsearch.indices.store] [node_s0] [test][3] didn't find any store meta data to load (took [458.3micros])
[2016-03-30 13:54:36,771][TRACE][org.elasticsearch.indices.store] [node_s0] listing store meta data for [test][4]
[2016-03-30 13:54:36,773][DEBUG][org.elasticsearch.indices.store] [node_s1] [test][3] loaded store meta data (took [6ms])
[2016-03-30 13:54:36,773][DEBUG][org.elasticsearch.indices.store] [node_s3] [test][5] loaded store meta data (took [6.8ms])
[2016-03-30 13:54:36,773][TRACE][org.elasticsearch.indices.store] [node_s3] listing store meta data for [test][2]
[2016-03-30 13:54:36,773][TRACE][org.elasticsearch.indices.store] [node_s1] listing store meta data for [test][2]
[2016-03-30 13:54:36,774][TRACE][org.elasticsearch.indices.store] [node_s3] [test][2] didn't find any store meta data to load (took [502micros])
[2016-03-30 13:54:36,774][TRACE][org.elasticsearch.indices.store] [node_s3] listing store meta data for [test][4]
[2016-03-30 13:54:36,778][DEBUG][org.elasticsearch.indices.cluster] [node_s1] [test][7] creating shard
[2016-03-30 13:54:36,778][DEBUG][org.elasticsearch.indices.cluster] [node_s3] [test][7] creating shard
[2016-03-30 13:54:36,782][DEBUG][org.elasticsearch.indices.store] [node_s0] [test][1] loaded store meta data (took [17.7ms])
[2016-03-30 13:54:36,782][DEBUG][org.elasticsearch.indices.store] [node_s3] [test][0] loaded store meta data (took [17.4ms])
[2016-03-30 13:54:36,784][DEBUG][org.elasticsearch.indices.store] [node_s1] [test][1] loaded store meta data (took [18.9ms])
[2016-03-30 13:54:36,784][TRACE][org.elasticsearch.indices.store] [node_s1] listing store meta data for [test][4]
[2016-03-30 13:54:36,785][TRACE][org.elasticsearch.indices.store] [node_s1] [test][4] didn't find any store meta data to load (took [437.3micros])
[2016-03-30 13:54:36,785][TRACE][org.elasticsearch.indices.recovery] [node_s3] [test][0] recovery [phase1] to {node_s1}{c9PGTkUhQVSZ1aq6LXuXxw}{local}{local[19]}[mode=>local]: prepare remote engine for translog
[2016-03-30 13:54:36,795][DEBUG][org.elasticsearch.indices.store] [node_s3] [test][4] loaded store meta data (took [21ms])
[2016-03-30 13:54:36,796][DEBUG][org.elasticsearch.indices.store] [node_s0] [test][0] loaded store meta data (took [31.4ms])
[2016-03-30 13:54:36,797][DEBUG][org.elasticsearch.indices.store] [node_s3] [test][3] loaded store meta data (took [29.9ms])
[2016-03-30 13:54:36,797][DEBUG][org.elasticsearch.indices.store] [node_s0] [test][4] loaded store meta data (took [25.8ms])
[2016-03-30 13:54:36,809][DEBUG][org.elasticsearch.indices.store] [node_s3] [test][1] loaded store meta data (took [44.4ms])
[2016-03-30 13:54:36,809][DEBUG][org.elasticsearch.indices.store] [node_s1] [test][5] loaded store meta data (took [42.7ms])
[2016-03-30 13:54:36,809][DEBUG][org.elasticsearch.indices.store] [node_s0] [test][2] loaded store meta data (took [41.4ms])
[2016-03-30 13:54:36,815][TRACE][org.elasticsearch.indices.recovery] [node_s1] [test][7] started recovery from {node_s0}{8X2Ed1xFSrylEKDMjLmvkQ}{local}{local[18]}[mode=>local], id [43]
[2016-03-30 13:54:36,816][TRACE][org.elasticsearch.indices.recovery] [node_s1] collecting local files for [test][7] [43]
[2016-03-30 13:54:36,817][TRACE][org.elasticsearch.indices.recovery] [node_s3] [test][7] started recovery from {node_s0}{8X2Ed1xFSrylEKDMjLmvkQ}{local}{local[18]}[mode=>local], id [44]
[2016-03-30 13:54:36,817][TRACE][org.elasticsearch.indices.recovery] [node_s3] collecting local files for [test][7] [44]
[2016-03-30 13:54:36,820][TRACE][org.elasticsearch.indices.recovery] [node_s1] [test][7] starting recovery from {node_s0}{8X2Ed1xFSrylEKDMjLmvkQ}{local}{local[18]}[mode=>local]
[2016-03-30 13:54:36,820][TRACE][org.elasticsearch.indices.recovery] [node_s3] [test][7] starting recovery from {node_s0}{8X2Ed1xFSrylEKDMjLmvkQ}{local}{local[18]}[mode=>local]
[2016-03-30 13:54:36,821][DEBUG][org.elasticsearch.indices.recovery] [node_s0] delaying recovery of [test][7] as it is not listed as assigned to target node {node_s1}{c9PGTkUhQVSZ1aq6LXuXxw}{local}{local[19]}[mode=>local]
[2016-03-30 13:54:36,821][DEBUG][org.elasticsearch.indices.recovery] [node_s0] delaying recovery of [test][7] as it is not listed as assigned to target node {node_s3}{Q4P4gfwCSVmM5TnOfNl8Iw}{local}{local[24]}[mode=>local]
[2016-03-30 13:54:36,821][DEBUG][org.elasticsearch.indices.store] [node_s1] [test][2] loaded store meta data (took [47.4ms])
[2016-03-30 13:54:36,821][DEBUG][org.elasticsearch.indices.store] [node_s1] [test][0] loaded store meta data (took [55.9ms])
[2016-03-30 13:54:36,823][TRACE][org.elasticsearch.indices.recovery] [node_s1] [test][7] Got exception on recovery
RemoteTransportException[[node_s1][local[19]][internal:index/shard/recovery/start_recovery]]; nested: DelayRecoveryException[source node does not have the shard listed in its state as allocated on the node];
Caused by: DelayRecoveryException[source node does not have the shard listed in its state as allocated on the node]
	at org.elasticsearch.indices.recovery.RecoverySource.recover(RecoverySource.java:100)
	at org.elasticsearch.indices.recovery.RecoverySource.access$100(RecoverySource.java:46)
	at org.elasticsearch.indices.recovery.RecoverySource$StartRecoveryTransportRequestHandler.messageReceived(RecoverySource.java:126)
	at org.elasticsearch.indices.recovery.RecoverySource$StartRecoveryTransportRequestHandler.messageReceived(RecoverySource.java:123)
	at org.elasticsearch.transport.local.LocalTransport$2.doRun(LocalTransport.java:296)
	at org.elasticsearch.common.util.concurrent.AbstractRunnable.run(AbstractRunnable.java:37)
	at java.util.concurrent.ThreadPoolExecutor.runWorker(ThreadPoolExecutor.java:1142)
	at java.util.concurrent.ThreadPoolExecutor$Worker.run(ThreadPoolExecutor.java:617)
	at java.lang.Thread.run(Thread.java:745)
[2016-03-30 13:54:36,823][TRACE][org.elasticsearch.indices.recovery] [node_s1] will retry recovery with id [43] in [20ms]
DelayRecoveryException[source node does not have the shard listed in its state as allocated on the node]
	at org.elasticsearch.indices.recovery.RecoverySource.recover(RecoverySource.java:100)
	at org.elasticsearch.indices.recovery.RecoverySource.access$100(RecoverySource.java:46)
	at org.elasticsearch.indices.recovery.RecoverySource$StartRecoveryTransportRequestHandler.messageReceived(RecoverySource.java:126)
	at org.elasticsearch.indices.recovery.RecoverySource$StartRecoveryTransportRequestHandler.messageReceived(RecoverySource.java:123)
	at org.elasticsearch.transport.local.LocalTransport$2.doRun(LocalTransport.java:296)
	at org.elasticsearch.common.util.concurrent.AbstractRunnable.run(AbstractRunnable.java:37)
	at java.util.concurrent.ThreadPoolExecutor.runWorker(ThreadPoolExecutor.java:1142)
	at java.util.concurrent.ThreadPoolExecutor$Worker.run(ThreadPoolExecutor.java:617)
	at java.lang.Thread.run(Thread.java:745)
[2016-03-30 13:54:36,823][TRACE][org.elasticsearch.indices.recovery] [node_s3] [test][7] Got exception on recovery
RemoteTransportException[[node_s3][local[24]][internal:index/shard/recovery/start_recovery]]; nested: DelayRecoveryException[source node does not have the shard listed in its state as allocated on the node];
Caused by: DelayRecoveryException[source node does not have the shard listed in its state as allocated on the node]
	at org.elasticsearch.indices.recovery.RecoverySource.recover(RecoverySource.java:100)
	at org.elasticsearch.indices.recovery.RecoverySource.access$100(RecoverySource.java:46)
	at org.elasticsearch.indices.recovery.RecoverySource$StartRecoveryTransportRequestHandler.messageReceived(RecoverySource.java:126)
	at org.elasticsearch.indices.recovery.RecoverySource$StartRecoveryTransportRequestHandler.messageReceived(RecoverySource.java:123)
	at org.elasticsearch.transport.local.LocalTransport$2.doRun(LocalTransport.java:296)
	at org.elasticsearch.common.util.concurrent.AbstractRunnable.run(AbstractRunnable.java:37)
	at java.util.concurrent.ThreadPoolExecutor.runWorker(ThreadPoolExecutor.java:1142)
	at java.util.concurrent.ThreadPoolExecutor$Worker.run(ThreadPoolExecutor.java:617)
	at java.lang.Thread.run(Thread.java:745)
[2016-03-30 13:54:36,824][TRACE][org.elasticsearch.indices.recovery] [node_s3] will retry recovery with id [44] in [20ms]
DelayRecoveryException[source node does not have the shard listed in its state as allocated on the node]
	at org.elasticsearch.indices.recovery.RecoverySource.recover(RecoverySource.java:100)
	at org.elasticsearch.indices.recovery.RecoverySource.access$100(RecoverySource.java:46)
	at org.elasticsearch.indices.recovery.RecoverySource$StartRecoveryTransportRequestHandler.messageReceived(RecoverySource.java:126)
	at org.elasticsearch.indices.recovery.RecoverySource$StartRecoveryTransportRequestHandler.messageReceived(RecoverySource.java:123)
	at org.elasticsearch.transport.local.LocalTransport$2.doRun(LocalTransport.java:296)
	at org.elasticsearch.common.util.concurrent.AbstractRunnable.run(AbstractRunnable.java:37)
	at java.util.concurrent.ThreadPoolExecutor.runWorker(ThreadPoolExecutor.java:1142)
	at java.util.concurrent.ThreadPoolExecutor$Worker.run(ThreadPoolExecutor.java:617)
	at java.lang.Thread.run(Thread.java:745)
[2016-03-30 13:54:36,833][TRACE][org.elasticsearch.indices] [node_s1] [test][0] warming [ElasticsearchDirectoryReader()]
[2016-03-30 13:54:36,833][TRACE][org.elasticsearch.indices] [node_s1] [test][0] top warming [ElasticsearchDirectoryReader()]
[2016-03-30 13:54:36,835][TRACE][org.elasticsearch.indices.cluster] [node_s3] ignoring recovery instruction for an existing shard [test][1] (shard state: [RECOVERING])
[2016-03-30 13:54:36,836][TRACE][org.elasticsearch.indices.recovery] [node_s0] [test][1] recovery [phase1] to {node_s3}{Q4P4gfwCSVmM5TnOfNl8Iw}{local}{local[24]}[mode=>local]: prepare remote engine for translog
[2016-03-30 13:54:36,844][TRACE][org.elasticsearch.indices.cluster] [node_s1] ignoring recovery instruction for an existing shard [test][0] (shard state: [RECOVERING])
[2016-03-30 13:54:36,844][TRACE][org.elasticsearch.indices.recovery] [node_s1] collecting local files for [test][7] [43]
[2016-03-30 13:54:36,845][TRACE][org.elasticsearch.indices.recovery] [node_s3] [test][0] recovery [phase1] to {node_s1}{c9PGTkUhQVSZ1aq6LXuXxw}{local}{local[19]}[mode=>local]: remote engine start took [59.8ms]
[2016-03-30 13:54:36,845][TRACE][org.elasticsearch.indices.recovery] [node_s3] [test][0] recovery [phase1] to {node_s1}{c9PGTkUhQVSZ1aq6LXuXxw}{local}{local[19]}[mode=>local]: took [0s]
[2016-03-30 13:54:36,845][TRACE][org.elasticsearch.indices.recovery] [node_s3] snapshot translog for recovery. current size is [0]
[2016-03-30 13:54:36,845][TRACE][org.elasticsearch.indices.recovery] [node_s3] [test][0] recovery [phase2] to {node_s1}{c9PGTkUhQVSZ1aq6LXuXxw}{local}{local[19]}[mode=>local]: sending transaction log operations
[2016-03-30 13:54:36,845][TRACE][org.elasticsearch.indices.recovery] [node_s3] [test][0] no translog operations to send to {node_s1}{c9PGTkUhQVSZ1aq6LXuXxw}{local}{local[19]}[mode=>local]
[2016-03-30 13:54:36,845][TRACE][org.elasticsearch.indices.recovery] [node_s3] [test][0] sent final batch of [0][0b] (total: [0]) translog operations to {node_s1}{c9PGTkUhQVSZ1aq6LXuXxw}{local}{local[19]}[mode=>local]
[2016-03-30 13:54:36,845][TRACE][org.elasticsearch.indices.recovery] [node_s3] [test][0] recovery [phase2] to {node_s1}{c9PGTkUhQVSZ1aq6LXuXxw}{local}{local[19]}[mode=>local]: took [369.5micros]
[2016-03-30 13:54:36,846][TRACE][org.elasticsearch.indices.recovery] [node_s3] [test][0] finalizing recovery to {node_s1}{c9PGTkUhQVSZ1aq6LXuXxw}{local}{local[19]}[mode=>local]
[2016-03-30 13:54:36,846][TRACE][org.elasticsearch.indices.recovery] [node_s3] collecting local files for [test][7] [44]
[2016-03-30 13:54:36,846][TRACE][org.elasticsearch.indices] [node_s1] [test][0] top warming [ElasticsearchDirectoryReader()]
[2016-03-30 13:54:36,846][TRACE][org.elasticsearch.indices.recovery] [node_s3] [test][0] finalizing recovery to {node_s1}{c9PGTkUhQVSZ1aq6LXuXxw}{local}{local[19]}[mode=>local]: took [826.2micros]
[2016-03-30 13:54:36,847][TRACE][org.elasticsearch.indices.recovery] [node_s1] [test][0] marking recovery from {node_s3}{Q4P4gfwCSVmM5TnOfNl8Iw}{local}{local[24]}[mode=>local] as done, id [41]
[2016-03-30 13:54:36,847][TRACE][org.elasticsearch.indices.recovery] [node_s1] [test][0] recovery completed from {node_s3}{Q4P4gfwCSVmM5TnOfNl8Iw}{local}{local[24]}[mode=>local], took[162ms]
   phase1: recovered_files [1] with total_size of [130b], took [0s], throttling_wait [0s]
         : reusing_files   [0] with total_size of [0b]
   phase2: start took [59ms]
         : recovered [0] transaction log operations, took [0s]

[2016-03-30 13:54:36,848][TRACE][org.elasticsearch.indices.recovery] [node_s1] [test][7] starting recovery from {node_s0}{8X2Ed1xFSrylEKDMjLmvkQ}{local}{local[18]}[mode=>local]
[2016-03-30 13:54:36,849][DEBUG][org.elasticsearch.indices.recovery] [node_s0] delaying recovery of [test][7] as it is not listed as assigned to target node {node_s1}{c9PGTkUhQVSZ1aq6LXuXxw}{local}{local[19]}[mode=>local]
[2016-03-30 13:54:36,851][TRACE][org.elasticsearch.indices.recovery] [node_s1] [test][7] Got exception on recovery
RemoteTransportException[[node_s1][local[19]][internal:index/shard/recovery/start_recovery]]; nested: DelayRecoveryException[source node does not have the shard listed in its state as allocated on the node];
Caused by: DelayRecoveryException[source node does not have the shard listed in its state as allocated on the node]
	at org.elasticsearch.indices.recovery.RecoverySource.recover(RecoverySource.java:100)
	at org.elasticsearch.indices.recovery.RecoverySource.access$100(RecoverySource.java:46)
	at org.elasticsearch.indices.recovery.RecoverySource$StartRecoveryTransportRequestHandler.messageReceived(RecoverySource.java:126)
	at org.elasticsearch.indices.recovery.RecoverySource$StartRecoveryTransportRequestHandler.messageReceived(RecoverySource.java:123)
	at org.elasticsearch.transport.local.LocalTransport$2.doRun(LocalTransport.java:296)
	at org.elasticsearch.common.util.concurrent.AbstractRunnable.run(AbstractRunnable.java:37)
	at java.util.concurrent.ThreadPoolExecutor.runWorker(ThreadPoolExecutor.java:1142)
	at java.util.concurrent.ThreadPoolExecutor$Worker.run(ThreadPoolExecutor.java:617)
	at java.lang.Thread.run(Thread.java:745)
[2016-03-30 13:54:36,852][TRACE][org.elasticsearch.indices.recovery] [node_s1] will retry recovery with id [43] in [20ms]
DelayRecoveryException[source node does not have the shard listed in its state as allocated on the node]
	at org.elasticsearch.indices.recovery.RecoverySource.recover(RecoverySource.java:100)
	at org.elasticsearch.indices.recovery.RecoverySource.access$100(RecoverySource.java:46)
	at org.elasticsearch.indices.recovery.RecoverySource$StartRecoveryTransportRequestHandler.messageReceived(RecoverySource.java:126)
	at org.elasticsearch.indices.recovery.RecoverySource$StartRecoveryTransportRequestHandler.messageReceived(RecoverySource.java:123)
	at org.elasticsearch.transport.local.LocalTransport$2.doRun(LocalTransport.java:296)
	at org.elasticsearch.common.util.concurrent.AbstractRunnable.run(AbstractRunnable.java:37)
	at java.util.concurrent.ThreadPoolExecutor.runWorker(ThreadPoolExecutor.java:1142)
	at java.util.concurrent.ThreadPoolExecutor$Worker.run(ThreadPoolExecutor.java:617)
	at java.lang.Thread.run(Thread.java:745)
[2016-03-30 13:54:36,853][TRACE][org.elasticsearch.indices.recovery] [node_s3] [test][7] starting recovery from {node_s0}{8X2Ed1xFSrylEKDMjLmvkQ}{local}{local[18]}[mode=>local]
[2016-03-30 13:54:36,853][DEBUG][org.elasticsearch.indices.recovery] [node_s0] delaying recovery of [test][7] as it is not listed as assigned to target node {node_s3}{Q4P4gfwCSVmM5TnOfNl8Iw}{local}{local[24]}[mode=>local]
[2016-03-30 13:54:36,855][TRACE][org.elasticsearch.indices.recovery] [node_s3] [test][7] Got exception on recovery
RemoteTransportException[[node_s3][local[24]][internal:index/shard/recovery/start_recovery]]; nested: DelayRecoveryException[source node does not have the shard listed in its state as allocated on the node];
Caused by: DelayRecoveryException[source node does not have the shard listed in its state as allocated on the node]
	at org.elasticsearch.indices.recovery.RecoverySource.recover(RecoverySource.java:100)
	at org.elasticsearch.indices.recovery.RecoverySource.access$100(RecoverySource.java:46)
	at org.elasticsearch.indices.recovery.RecoverySource$StartRecoveryTransportRequestHandler.messageReceived(RecoverySource.java:126)
	at org.elasticsearch.indices.recovery.RecoverySource$StartRecoveryTransportRequestHandler.messageReceived(RecoverySource.java:123)
	at org.elasticsearch.transport.local.LocalTransport$2.doRun(LocalTransport.java:296)
	at org.elasticsearch.common.util.concurrent.AbstractRunnable.run(AbstractRunnable.java:37)
	at java.util.concurrent.ThreadPoolExecutor.runWorker(ThreadPoolExecutor.java:1142)
	at java.util.concurrent.ThreadPoolExecutor$Worker.run(ThreadPoolExecutor.java:617)
	at java.lang.Thread.run(Thread.java:745)
[2016-03-30 13:54:36,855][TRACE][org.elasticsearch.indices.recovery] [node_s3] will retry recovery with id [44] in [20ms]
DelayRecoveryException[source node does not have the shard listed in its state as allocated on the node]
	at org.elasticsearch.indices.recovery.RecoverySource.recover(RecoverySource.java:100)
	at org.elasticsearch.indices.recovery.RecoverySource.access$100(RecoverySource.java:46)
	at org.elasticsearch.indices.recovery.RecoverySource$StartRecoveryTransportRequestHandler.messageReceived(RecoverySource.java:126)
	at org.elasticsearch.indices.recovery.RecoverySource$StartRecoveryTransportRequestHandler.messageReceived(RecoverySource.java:123)
	at org.elasticsearch.transport.local.LocalTransport$2.doRun(LocalTransport.java:296)
	at org.elasticsearch.common.util.concurrent.AbstractRunnable.run(AbstractRunnable.java:37)
	at java.util.concurrent.ThreadPoolExecutor.runWorker(ThreadPoolExecutor.java:1142)
	at java.util.concurrent.ThreadPoolExecutor$Worker.run(ThreadPoolExecutor.java:617)
	at java.lang.Thread.run(Thread.java:745)
[2016-03-30 13:54:36,858][TRACE][org.elasticsearch.indices] [node_s3] [test][1] warming [ElasticsearchDirectoryReader()]
[2016-03-30 13:54:36,858][TRACE][org.elasticsearch.indices] [node_s3] [test][1] top warming [ElasticsearchDirectoryReader()]
[2016-03-30 13:54:36,871][TRACE][org.elasticsearch.indices.recovery] [node_s0] [test][1] recovery [phase1] to {node_s3}{Q4P4gfwCSVmM5TnOfNl8Iw}{local}{local[24]}[mode=>local]: remote engine start took [35.5ms]
[2016-03-30 13:54:36,872][TRACE][org.elasticsearch.indices.recovery] [node_s0] [test][1] recovery [phase1] to {node_s3}{Q4P4gfwCSVmM5TnOfNl8Iw}{local}{local[24]}[mode=>local]: took [0s]
[2016-03-30 13:54:36,872][TRACE][org.elasticsearch.indices.recovery] [node_s0] snapshot translog for recovery. current size is [0]
[2016-03-30 13:54:36,872][TRACE][org.elasticsearch.indices.recovery] [node_s0] [test][1] recovery [phase2] to {node_s3}{Q4P4gfwCSVmM5TnOfNl8Iw}{local}{local[24]}[mode=>local]: sending transaction log operations
[2016-03-30 13:54:36,872][TRACE][org.elasticsearch.indices.recovery] [node_s0] [test][1] no translog operations to send to {node_s3}{Q4P4gfwCSVmM5TnOfNl8Iw}{local}{local[24]}[mode=>local]
[2016-03-30 13:54:36,872][TRACE][org.elasticsearch.indices.recovery] [node_s0] [test][1] sent final batch of [0][0b] (total: [0]) translog operations to {node_s3}{Q4P4gfwCSVmM5TnOfNl8Iw}{local}{local[24]}[mode=>local]
[2016-03-30 13:54:36,895][TRACE][org.elasticsearch.indices.recovery] [node_s0] [test][1] recovery [phase2] to {node_s3}{Q4P4gfwCSVmM5TnOfNl8Iw}{local}{local[24]}[mode=>local]: took [294.7micros]
[2016-03-30 13:54:36,895][TRACE][org.elasticsearch.indices.recovery] [node_s0] [test][1] finalizing recovery to {node_s3}{Q4P4gfwCSVmM5TnOfNl8Iw}{local}{local[24]}[mode=>local]
[2016-03-30 13:54:36,895][TRACE][org.elasticsearch.indices.recovery] [node_s1] collecting local files for [test][7] [43]
[2016-03-30 13:54:36,895][TRACE][org.elasticsearch.indices.recovery] [node_s3] collecting local files for [test][7] [44]
[2016-03-30 13:54:36,895][TRACE][org.elasticsearch.indices] [node_s3] [test][1] top warming [ElasticsearchDirectoryReader()]
[2016-03-30 13:54:36,897][TRACE][org.elasticsearch.indices.recovery] [node_s0] [test][1] finalizing recovery to {node_s3}{Q4P4gfwCSVmM5TnOfNl8Iw}{local}{local[24]}[mode=>local]: took [1.6ms]
[2016-03-30 13:54:36,897][TRACE][org.elasticsearch.indices.recovery] [node_s3] [test][1] marking recovery from {node_s0}{8X2Ed1xFSrylEKDMjLmvkQ}{local}{local[18]}[mode=>local] as done, id [42]
[2016-03-30 13:54:36,897][TRACE][org.elasticsearch.indices.recovery] [node_s3] [test][1] recovery completed from {node_s0}{8X2Ed1xFSrylEKDMjLmvkQ}{local}{local[18]}[mode=>local], took[207ms]
   phase1: recovered_files [1] with total_size of [130b], took [0s], throttling_wait [0s]
         : reusing_files   [0] with total_size of [0b]
   phase2: start took [35ms]
         : recovered [0] transaction log operations, took [0s]

[2016-03-30 13:54:36,899][TRACE][org.elasticsearch.indices.recovery] [node_s1] [test][7] starting recovery from {node_s0}{8X2Ed1xFSrylEKDMjLmvkQ}{local}{local[18]}[mode=>local]
[2016-03-30 13:54:36,900][DEBUG][org.elasticsearch.indices.recovery] [node_s0] delaying recovery of [test][7] as it is not listed as assigned to target node {node_s1}{c9PGTkUhQVSZ1aq6LXuXxw}{local}{local[19]}[mode=>local]
[2016-03-30 13:54:36,902][TRACE][org.elasticsearch.indices.recovery] [node_s1] [test][7] Got exception on recovery
RemoteTransportException[[node_s1][local[19]][internal:index/shard/recovery/start_recovery]]; nested: DelayRecoveryException[source node does not have the shard listed in its state as allocated on the node];
Caused by: DelayRecoveryException[source node does not have the shard listed in its state as allocated on the node]
	at org.elasticsearch.indices.recovery.RecoverySource.recover(RecoverySource.java:100)
	at org.elasticsearch.indices.recovery.RecoverySource.access$100(RecoverySource.java:46)
	at org.elasticsearch.indices.recovery.RecoverySource$StartRecoveryTransportRequestHandler.messageReceived(RecoverySource.java:126)
	at org.elasticsearch.indices.recovery.RecoverySource$StartRecoveryTransportRequestHandler.messageReceived(RecoverySource.java:123)
	at org.elasticsearch.transport.local.LocalTransport$2.doRun(LocalTransport.java:296)
	at org.elasticsearch.common.util.concurrent.AbstractRunnable.run(AbstractRunnable.java:37)
	at java.util.concurrent.ThreadPoolExecutor.runWorker(ThreadPoolExecutor.java:1142)
	at java.util.concurrent.ThreadPoolExecutor$Worker.run(ThreadPoolExecutor.java:617)
	at java.lang.Thread.run(Thread.java:745)
[2016-03-30 13:54:36,902][TRACE][org.elasticsearch.indices.recovery] [node_s1] will retry recovery with id [43] in [20ms]
DelayRecoveryException[source node does not have the shard listed in its state as allocated on the node]
	at org.elasticsearch.indices.recovery.RecoverySource.recover(RecoverySource.java:100)
	at org.elasticsearch.indices.recovery.RecoverySource.access$100(RecoverySource.java:46)
	at org.elasticsearch.indices.recovery.RecoverySource$StartRecoveryTransportRequestHandler.messageReceived(RecoverySource.java:126)
	at org.elasticsearch.indices.recovery.RecoverySource$StartRecoveryTransportRequestHandler.messageReceived(RecoverySource.java:123)
	at org.elasticsearch.transport.local.LocalTransport$2.doRun(LocalTransport.java:296)
	at org.elasticsearch.common.util.concurrent.AbstractRunnable.run(AbstractRunnable.java:37)
	at java.util.concurrent.ThreadPoolExecutor.runWorker(ThreadPoolExecutor.java:1142)
	at java.util.concurrent.ThreadPoolExecutor$Worker.run(ThreadPoolExecutor.java:617)
	at java.lang.Thread.run(Thread.java:745)
[2016-03-30 13:54:36,902][TRACE][org.elasticsearch.indices.recovery] [node_s3] [test][7] starting recovery from {node_s0}{8X2Ed1xFSrylEKDMjLmvkQ}{local}{local[18]}[mode=>local]
[2016-03-30 13:54:36,905][DEBUG][org.elasticsearch.indices.recovery] [node_s0] delaying recovery of [test][7] as it is not listed as assigned to target node {node_s3}{Q4P4gfwCSVmM5TnOfNl8Iw}{local}{local[24]}[mode=>local]
[2016-03-30 13:54:36,908][TRACE][org.elasticsearch.indices.recovery] [node_s3] [test][7] Got exception on recovery
RemoteTransportException[[node_s3][local[24]][internal:index/shard/recovery/start_recovery]]; nested: DelayRecoveryException[source node does not have the shard listed in its state as allocated on the node];
Caused by: DelayRecoveryException[source node does not have the shard listed in its state as allocated on the node]
	at org.elasticsearch.indices.recovery.RecoverySource.recover(RecoverySource.java:100)
	at org.elasticsearch.indices.recovery.RecoverySource.access$100(RecoverySource.java:46)
	at org.elasticsearch.indices.recovery.RecoverySource$StartRecoveryTransportRequestHandler.messageReceived(RecoverySource.java:126)
	at org.elasticsearch.indices.recovery.RecoverySource$StartRecoveryTransportRequestHandler.messageReceived(RecoverySource.java:123)
	at org.elasticsearch.transport.local.LocalTransport$2.doRun(LocalTransport.java:296)
	at org.elasticsearch.common.util.concurrent.AbstractRunnable.run(AbstractRunnable.java:37)
	at java.util.concurrent.ThreadPoolExecutor.runWorker(ThreadPoolExecutor.java:1142)
	at java.util.concurrent.ThreadPoolExecutor$Worker.run(ThreadPoolExecutor.java:617)
	at java.lang.Thread.run(Thread.java:745)
[2016-03-30 13:54:36,909][TRACE][org.elasticsearch.indices.recovery] [node_s3] will retry recovery with id [44] in [20ms]
DelayRecoveryException[source node does not have the shard listed in its state as allocated on the node]
	at org.elasticsearch.indices.recovery.RecoverySource.recover(RecoverySource.java:100)
	at org.elasticsearch.indices.recovery.RecoverySource.access$100(RecoverySource.java:46)
	at org.elasticsearch.indices.recovery.RecoverySource$StartRecoveryTransportRequestHandler.messageReceived(RecoverySource.java:126)
	at org.elasticsearch.indices.recovery.RecoverySource$StartRecoveryTransportRequestHandler.messageReceived(RecoverySource.java:123)
	at org.elasticsearch.transport.local.LocalTransport$2.doRun(LocalTransport.java:296)
	at org.elasticsearch.common.util.concurrent.AbstractRunnable.run(AbstractRunnable.java:37)
	at java.util.concurrent.ThreadPoolExecutor.runWorker(ThreadPoolExecutor.java:1142)
	at java.util.concurrent.ThreadPoolExecutor$Worker.run(ThreadPoolExecutor.java:617)
	at java.lang.Thread.run(Thread.java:745)
[2016-03-30 13:54:36,923][TRACE][org.elasticsearch.indices.recovery] [node_s1] collecting local files for [test][7] [43]
[2016-03-30 13:54:36,927][TRACE][org.elasticsearch.indices.recovery] [node_s1] [test][7] starting recovery from {node_s0}{8X2Ed1xFSrylEKDMjLmvkQ}{local}{local[18]}[mode=>local]
[2016-03-30 13:54:36,928][TRACE][org.elasticsearch.indices.recovery] [node_s0] [test][7] starting recovery to {node_s1}{c9PGTkUhQVSZ1aq6LXuXxw}{local}{local[19]}[mode=>local], mark_as_relocated false
[2016-03-30 13:54:36,928][TRACE][org.elasticsearch.indices.recovery] [node_s0] captured translog id [1] for recovery
[2016-03-30 13:54:36,931][TRACE][org.elasticsearch.indices.recovery] [node_s3] collecting local files for [test][7] [44]
[2016-03-30 13:54:36,933][TRACE][org.elasticsearch.indices.recovery] [node_s3] [test][7] starting recovery from {node_s0}{8X2Ed1xFSrylEKDMjLmvkQ}{local}{local[18]}[mode=>local]
[2016-03-30 13:54:36,934][TRACE][org.elasticsearch.indices.recovery] [node_s0] [test][7] starting recovery to {node_s3}{Q4P4gfwCSVmM5TnOfNl8Iw}{local}{local[24]}[mode=>local], mark_as_relocated false
[2016-03-30 13:54:36,934][TRACE][org.elasticsearch.indices.recovery] [node_s0] captured translog id [1] for recovery
[2016-03-30 13:54:36,935][TRACE][org.elasticsearch.indices.recovery] [node_s0] [test][7] recovery [phase1] to {node_s1}{c9PGTkUhQVSZ1aq6LXuXxw}{local}{local[19]}[mode=>local]: recovering [segments_1], does not exists in remote
[2016-03-30 13:54:36,935][TRACE][org.elasticsearch.indices.recovery] [node_s0] [test][7] recovery [phase1] to {node_s1}{c9PGTkUhQVSZ1aq6LXuXxw}{local}{local[19]}[mode=>local]: recovering_files [1] with total_size [130b], reusing_files [0] with total_size [0b]
[2016-03-30 13:54:36,939][TRACE][org.elasticsearch.indices.recovery] [node_s0] [test][7] recovery [phase1] to {node_s3}{Q4P4gfwCSVmM5TnOfNl8Iw}{local}{local[24]}[mode=>local]: recovering [segments_1], does not exists in remote
[2016-03-30 13:54:36,939][TRACE][org.elasticsearch.indices.recovery] [node_s0] [test][7] recovery [phase1] to {node_s3}{Q4P4gfwCSVmM5TnOfNl8Iw}{local}{local[24]}[mode=>local]: recovering_files [1] with total_size [130b], reusing_files [0] with total_size [0b]
[2016-03-30 13:54:36,940][DEBUG][org.elasticsearch.indices.cluster] [node_s0] [test][8] creating shard
[2016-03-30 13:54:36,954][TRACE][org.elasticsearch.indices.recovery] [node_s0] [test][8] started recovery from {node_s1}{c9PGTkUhQVSZ1aq6LXuXxw}{local}{local[19]}[mode=>local], id [45]
[2016-03-30 13:54:36,954][TRACE][org.elasticsearch.indices.recovery] [node_s0] collecting local files for [test][8] [45]
[2016-03-30 13:54:36,956][TRACE][org.elasticsearch.indices.recovery] [node_s0] [test][8] starting recovery from {node_s1}{c9PGTkUhQVSZ1aq6LXuXxw}{local}{local[19]}[mode=>local]
[2016-03-30 13:54:36,957][TRACE][org.elasticsearch.indices.recovery] [node_s1] [test][8] starting recovery to {node_s0}{8X2Ed1xFSrylEKDMjLmvkQ}{local}{local[18]}[mode=>local], mark_as_relocated false
[2016-03-30 13:54:36,957][TRACE][org.elasticsearch.indices.recovery] [node_s1] captured translog id [1] for recovery
[2016-03-30 13:54:36,961][TRACE][org.elasticsearch.indices.recovery] [node_s0] [test][7] recovery [phase1] to {node_s3}{Q4P4gfwCSVmM5TnOfNl8Iw}{local}{local[24]}[mode=>local]: prepare remote engine for translog
[2016-03-30 13:54:36,961][DEBUG][org.elasticsearch.indices.cluster] [node_s0] [test][6] creating shard
[2016-03-30 13:54:36,962][TRACE][org.elasticsearch.indices.recovery] [node_s0] [test][7] recovery [phase1] to {node_s1}{c9PGTkUhQVSZ1aq6LXuXxw}{local}{local[19]}[mode=>local]: prepare remote engine for translog
[2016-03-30 13:54:36,965][TRACE][org.elasticsearch.indices.recovery] [node_s1] [test][8] recovery [phase1] to {node_s0}{8X2Ed1xFSrylEKDMjLmvkQ}{local}{local[18]}[mode=>local]: recovering [segments_1], does not exists in remote
[2016-03-30 13:54:36,965][TRACE][org.elasticsearch.indices.recovery] [node_s1] [test][8] recovery [phase1] to {node_s0}{8X2Ed1xFSrylEKDMjLmvkQ}{local}{local[18]}[mode=>local]: recovering_files [1] with total_size [130b], reusing_files [0] with total_size [0b]
[2016-03-30 13:54:36,976][TRACE][org.elasticsearch.indices.recovery] [node_s0] [test][6] started recovery from {node_s3}{Q4P4gfwCSVmM5TnOfNl8Iw}{local}{local[24]}[mode=>local], id [46]
[2016-03-30 13:54:36,976][TRACE][org.elasticsearch.indices.recovery] [node_s0] collecting local files for [test][6] [46]
[2016-03-30 13:54:36,977][TRACE][org.elasticsearch.indices] [node_s3] [test][7] warming [ElasticsearchDirectoryReader()]
[2016-03-30 13:54:36,977][TRACE][org.elasticsearch.indices] [node_s1] [test][7] warming [ElasticsearchDirectoryReader()]
[2016-03-30 13:54:36,977][TRACE][org.elasticsearch.indices] [node_s3] [test][7] top warming [ElasticsearchDirectoryReader()]
[2016-03-30 13:54:36,977][TRACE][org.elasticsearch.indices] [node_s1] [test][7] top warming [ElasticsearchDirectoryReader()]
[2016-03-30 13:54:36,978][TRACE][org.elasticsearch.indices.recovery] [node_s0] [test][6] starting recovery from {node_s3}{Q4P4gfwCSVmM5TnOfNl8Iw}{local}{local[24]}[mode=>local]
[2016-03-30 13:54:36,978][TRACE][org.elasticsearch.indices.recovery] [node_s3] [test][6] starting recovery to {node_s0}{8X2Ed1xFSrylEKDMjLmvkQ}{local}{local[18]}[mode=>local], mark_as_relocated false
[2016-03-30 13:54:36,979][TRACE][org.elasticsearch.indices.recovery] [node_s3] captured translog id [1] for recovery
[2016-03-30 13:54:36,988][TRACE][org.elasticsearch.indices.recovery] [node_s0] [test][7] recovery [phase1] to {node_s1}{c9PGTkUhQVSZ1aq6LXuXxw}{local}{local[19]}[mode=>local]: remote engine start took [26.7ms]
[2016-03-30 13:54:36,989][TRACE][org.elasticsearch.indices.recovery] [node_s0] [test][7] recovery [phase1] to {node_s1}{c9PGTkUhQVSZ1aq6LXuXxw}{local}{local[19]}[mode=>local]: took [0s]
[2016-03-30 13:54:36,989][TRACE][org.elasticsearch.indices.recovery] [node_s0] snapshot translog for recovery. current size is [0]
[2016-03-30 13:54:36,989][TRACE][org.elasticsearch.indices.recovery] [node_s0] [test][7] recovery [phase2] to {node_s1}{c9PGTkUhQVSZ1aq6LXuXxw}{local}{local[19]}[mode=>local]: sending transaction log operations
[2016-03-30 13:54:36,989][TRACE][org.elasticsearch.indices.recovery] [node_s0] [test][7] no translog operations to send to {node_s1}{c9PGTkUhQVSZ1aq6LXuXxw}{local}{local[19]}[mode=>local]
[2016-03-30 13:54:36,989][TRACE][org.elasticsearch.indices.recovery] [node_s0] [test][7] sent final batch of [0][0b] (total: [0]) translog operations to {node_s1}{c9PGTkUhQVSZ1aq6LXuXxw}{local}{local[19]}[mode=>local]
[2016-03-30 13:54:36,989][TRACE][org.elasticsearch.indices.recovery] [node_s0] [test][7] recovery [phase2] to {node_s1}{c9PGTkUhQVSZ1aq6LXuXxw}{local}{local[19]}[mode=>local]: took [273.1micros]
[2016-03-30 13:54:36,989][TRACE][org.elasticsearch.indices.recovery] [node_s0] [test][7] finalizing recovery to {node_s1}{c9PGTkUhQVSZ1aq6LXuXxw}{local}{local[19]}[mode=>local]
[2016-03-30 13:54:36,990][TRACE][org.elasticsearch.indices] [node_s1] [test][7] top warming [ElasticsearchDirectoryReader()]
[2016-03-30 13:54:36,990][TRACE][org.elasticsearch.indices.recovery] [node_s0] [test][7] finalizing recovery to {node_s1}{c9PGTkUhQVSZ1aq6LXuXxw}{local}{local[19]}[mode=>local]: took [864.9micros]
[2016-03-30 13:54:36,990][TRACE][org.elasticsearch.indices.recovery] [node_s1] [test][7] marking recovery from {node_s0}{8X2Ed1xFSrylEKDMjLmvkQ}{local}{local[18]}[mode=>local] as done, id [43]
[2016-03-30 13:54:36,991][TRACE][org.elasticsearch.indices.recovery] [node_s0] [test][7] recovery [phase1] to {node_s3}{Q4P4gfwCSVmM5TnOfNl8Iw}{local}{local[24]}[mode=>local]: remote engine start took [29.9ms]
[2016-03-30 13:54:36,991][TRACE][org.elasticsearch.indices.recovery] [node_s1] [test][7] recovery completed from {node_s0}{8X2Ed1xFSrylEKDMjLmvkQ}{local}{local[18]}[mode=>local], took[175ms]
   phase1: recovered_files [1] with total_size of [130b], took [0s], throttling_wait [0s]
         : reusing_files   [0] with total_size of [0b]
   phase2: start took [26ms]
         : recovered [0] transaction log operations, took [0s]

[2016-03-30 13:54:36,991][TRACE][org.elasticsearch.indices.recovery] [node_s0] [test][7] recovery [phase1] to {node_s3}{Q4P4gfwCSVmM5TnOfNl8Iw}{local}{local[24]}[mode=>local]: took [0s]
[2016-03-30 13:54:36,991][TRACE][org.elasticsearch.indices.recovery] [node_s0] snapshot translog for recovery. current size is [0]
[2016-03-30 13:54:36,991][TRACE][org.elasticsearch.indices.recovery] [node_s0] [test][7] recovery [phase2] to {node_s3}{Q4P4gfwCSVmM5TnOfNl8Iw}{local}{local[24]}[mode=>local]: sending transaction log operations
[2016-03-30 13:54:36,991][TRACE][org.elasticsearch.indices.recovery] [node_s0] [test][7] no translog operations to send to {node_s3}{Q4P4gfwCSVmM5TnOfNl8Iw}{local}{local[24]}[mode=>local]
[2016-03-30 13:54:36,991][TRACE][org.elasticsearch.indices.recovery] [node_s0] [test][7] sent final batch of [0][0b] (total: [0]) translog operations to {node_s3}{Q4P4gfwCSVmM5TnOfNl8Iw}{local}{local[24]}[mode=>local]
[2016-03-30 13:54:36,991][TRACE][org.elasticsearch.indices.recovery] [node_s0] [test][7] recovery [phase2] to {node_s3}{Q4P4gfwCSVmM5TnOfNl8Iw}{local}{local[24]}[mode=>local]: took [255.6micros]
[2016-03-30 13:54:36,992][TRACE][org.elasticsearch.indices.recovery] [node_s0] [test][7] finalizing recovery to {node_s3}{Q4P4gfwCSVmM5TnOfNl8Iw}{local}{local[24]}[mode=>local]
[2016-03-30 13:54:36,992][TRACE][org.elasticsearch.indices] [node_s3] [test][7] top warming [ElasticsearchDirectoryReader()]
[2016-03-30 13:54:36,992][TRACE][org.elasticsearch.indices.recovery] [node_s3] [test][6] recovery [phase1] to {node_s0}{8X2Ed1xFSrylEKDMjLmvkQ}{local}{local[18]}[mode=>local]: recovering [segments_1], does not exists in remote
[2016-03-30 13:54:36,993][TRACE][org.elasticsearch.indices.recovery] [node_s3] [test][6] recovery [phase1] to {node_s0}{8X2Ed1xFSrylEKDMjLmvkQ}{local}{local[18]}[mode=>local]: recovering_files [1] with total_size [130b], reusing_files [0] with total_size [0b]
[2016-03-30 13:54:36,992][TRACE][org.elasticsearch.indices.recovery] [node_s0] [test][7] finalizing recovery to {node_s3}{Q4P4gfwCSVmM5TnOfNl8Iw}{local}{local[24]}[mode=>local]: took [662.5micros]
[2016-03-30 13:54:36,994][TRACE][org.elasticsearch.indices.recovery] [node_s3] [test][7] marking recovery from {node_s0}{8X2Ed1xFSrylEKDMjLmvkQ}{local}{local[18]}[mode=>local] as done, id [44]
[2016-03-30 13:54:36,994][TRACE][org.elasticsearch.indices.recovery] [node_s3] [test][7] recovery completed from {node_s0}{8X2Ed1xFSrylEKDMjLmvkQ}{local}{local[18]}[mode=>local], took[177ms]
   phase1: recovered_files [1] with total_size of [130b], took [0s], throttling_wait [0s]
         : reusing_files   [0] with total_size of [0b]
   phase2: start took [29ms]
         : recovered [0] transaction log operations, took [0s]

[2016-03-30 13:54:36,996][TRACE][org.elasticsearch.indices.recovery] [node_s1] [test][8] recovery [phase1] to {node_s0}{8X2Ed1xFSrylEKDMjLmvkQ}{local}{local[18]}[mode=>local]: prepare remote engine for translog
[2016-03-30 13:54:37,012][TRACE][org.elasticsearch.indices] [node_s0] [test][8] warming [ElasticsearchDirectoryReader()]
[2016-03-30 13:54:37,012][TRACE][org.elasticsearch.indices] [node_s0] [test][8] top warming [ElasticsearchDirectoryReader()]
[2016-03-30 13:54:37,022][TRACE][org.elasticsearch.indices.recovery] [node_s3] [test][6] recovery [phase1] to {node_s0}{8X2Ed1xFSrylEKDMjLmvkQ}{local}{local[18]}[mode=>local]: prepare remote engine for translog
[2016-03-30 13:54:37,022][TRACE][org.elasticsearch.indices.recovery] [node_s1] [test][8] recovery [phase1] to {node_s0}{8X2Ed1xFSrylEKDMjLmvkQ}{local}{local[18]}[mode=>local]: remote engine start took [26ms]
[2016-03-30 13:54:37,022][TRACE][org.elasticsearch.indices.recovery] [node_s1] [test][8] recovery [phase1] to {node_s0}{8X2Ed1xFSrylEKDMjLmvkQ}{local}{local[18]}[mode=>local]: took [0s]
[2016-03-30 13:54:37,024][TRACE][org.elasticsearch.indices.recovery] [node_s1] snapshot translog for recovery. current size is [0]
[2016-03-30 13:54:37,024][TRACE][org.elasticsearch.indices.recovery] [node_s1] [test][8] recovery [phase2] to {node_s0}{8X2Ed1xFSrylEKDMjLmvkQ}{local}{local[18]}[mode=>local]: sending transaction log operations
[2016-03-30 13:54:37,024][TRACE][org.elasticsearch.indices.recovery] [node_s1] [test][8] no translog operations to send to {node_s0}{8X2Ed1xFSrylEKDMjLmvkQ}{local}{local[18]}[mode=>local]
[2016-03-30 13:54:37,024][TRACE][org.elasticsearch.indices.recovery] [node_s1] [test][8] sent final batch of [0][0b] (total: [0]) translog operations to {node_s0}{8X2Ed1xFSrylEKDMjLmvkQ}{local}{local[18]}[mode=>local]
[2016-03-30 13:54:37,025][TRACE][org.elasticsearch.indices.recovery] [node_s1] [test][8] recovery [phase2] to {node_s0}{8X2Ed1xFSrylEKDMjLmvkQ}{local}{local[18]}[mode=>local]: took [346.9micros]
[2016-03-30 13:54:37,025][TRACE][org.elasticsearch.indices.recovery] [node_s1] [test][8] finalizing recovery to {node_s0}{8X2Ed1xFSrylEKDMjLmvkQ}{local}{local[18]}[mode=>local]
[2016-03-30 13:54:37,026][DEBUG][org.elasticsearch.indices.cluster] [node_s1] [test][4] creating shard
[2016-03-30 13:54:37,026][TRACE][org.elasticsearch.indices] [node_s0] [test][8] top warming [ElasticsearchDirectoryReader()]
[2016-03-30 13:54:37,026][TRACE][org.elasticsearch.indices.recovery] [node_s1] [test][8] finalizing recovery to {node_s0}{8X2Ed1xFSrylEKDMjLmvkQ}{local}{local[18]}[mode=>local]: took [1.4ms]
[2016-03-30 13:54:37,026][TRACE][org.elasticsearch.indices.recovery] [node_s0] [test][8] marking recovery from {node_s1}{c9PGTkUhQVSZ1aq6LXuXxw}{local}{local[19]}[mode=>local] as done, id [45]
[2016-03-30 13:54:37,027][TRACE][org.elasticsearch.indices.recovery] [node_s0] [test][8] recovery completed from {node_s1}{c9PGTkUhQVSZ1aq6LXuXxw}{local}{local[19]}[mode=>local], took[72ms]
   phase1: recovered_files [1] with total_size of [130b], took [0s], throttling_wait [0s]
         : reusing_files   [0] with total_size of [0b]
   phase2: start took [26ms]
         : recovered [0] transaction log operations, took [0s]

[2016-03-30 13:54:37,037][TRACE][org.elasticsearch.indices] [node_s0] [test][6] warming [ElasticsearchDirectoryReader()]
[2016-03-30 13:54:37,037][TRACE][org.elasticsearch.indices] [node_s0] [test][6] top warming [ElasticsearchDirectoryReader()]
[2016-03-30 13:54:37,041][TRACE][org.elasticsearch.indices.recovery] [node_s1] [test][4] started recovery from {node_s0}{8X2Ed1xFSrylEKDMjLmvkQ}{local}{local[18]}[mode=>local], id [47]
[2016-03-30 13:54:37,041][DEBUG][org.elasticsearch.indices.cluster] [node_s1] [test][6] creating shard
[2016-03-30 13:54:37,042][TRACE][org.elasticsearch.indices.recovery] [node_s1] collecting local files for [test][4] [47]
[2016-03-30 13:54:37,043][TRACE][org.elasticsearch.indices.recovery] [node_s1] [test][4] starting recovery from {node_s0}{8X2Ed1xFSrylEKDMjLmvkQ}{local}{local[18]}[mode=>local]
[2016-03-30 13:54:37,044][DEBUG][org.elasticsearch.indices.recovery] [node_s0] delaying recovery of [test][4] as it is not listed as assigned to target node {node_s1}{c9PGTkUhQVSZ1aq6LXuXxw}{local}{local[19]}[mode=>local]
[2016-03-30 13:54:37,044][DEBUG][org.elasticsearch.indices.cluster] [node_s3] [test][2] creating shard
[2016-03-30 13:54:37,045][TRACE][org.elasticsearch.indices.recovery] [node_s1] [test][4] Got exception on recovery
RemoteTransportException[[node_s1][local[19]][internal:index/shard/recovery/start_recovery]]; nested: DelayRecoveryException[source node does not have the shard listed in its state as allocated on the node];
Caused by: DelayRecoveryException[source node does not have the shard listed in its state as allocated on the node]
	at org.elasticsearch.indices.recovery.RecoverySource.recover(RecoverySource.java:100)
	at org.elasticsearch.indices.recovery.RecoverySource.access$100(RecoverySource.java:46)
	at org.elasticsearch.indices.recovery.RecoverySource$StartRecoveryTransportRequestHandler.messageReceived(RecoverySource.java:126)
	at org.elasticsearch.indices.recovery.RecoverySource$StartRecoveryTransportRequestHandler.messageReceived(RecoverySource.java:123)
	at org.elasticsearch.transport.local.LocalTransport$2.doRun(LocalTransport.java:296)
	at org.elasticsearch.common.util.concurrent.AbstractRunnable.run(AbstractRunnable.java:37)
	at java.util.concurrent.ThreadPoolExecutor.runWorker(ThreadPoolExecutor.java:1142)
	at java.util.concurrent.ThreadPoolExecutor$Worker.run(ThreadPoolExecutor.java:617)
	at java.lang.Thread.run(Thread.java:745)
[2016-03-30 13:54:37,046][TRACE][org.elasticsearch.indices.recovery] [node_s1] will retry recovery with id [47] in [20ms]
DelayRecoveryException[source node does not have the shard listed in its state as allocated on the node]
	at org.elasticsearch.indices.recovery.RecoverySource.recover(RecoverySource.java:100)
	at org.elasticsearch.indices.recovery.RecoverySource.access$100(RecoverySource.java:46)
	at org.elasticsearch.indices.recovery.RecoverySource$StartRecoveryTransportRequestHandler.messageReceived(RecoverySource.java:126)
	at org.elasticsearch.indices.recovery.RecoverySource$StartRecoveryTransportRequestHandler.messageReceived(RecoverySource.java:123)
	at org.elasticsearch.transport.local.LocalTransport$2.doRun(LocalTransport.java:296)
	at org.elasticsearch.common.util.concurrent.AbstractRunnable.run(AbstractRunnable.java:37)
	at java.util.concurrent.ThreadPoolExecutor.runWorker(ThreadPoolExecutor.java:1142)
	at java.util.concurrent.ThreadPoolExecutor$Worker.run(ThreadPoolExecutor.java:617)
	at java.lang.Thread.run(Thread.java:745)
[2016-03-30 13:54:37,047][TRACE][org.elasticsearch.indices.recovery] [node_s3] [test][6] recovery [phase1] to {node_s0}{8X2Ed1xFSrylEKDMjLmvkQ}{local}{local[18]}[mode=>local]: remote engine start took [25.1ms]
[2016-03-30 13:54:37,047][TRACE][org.elasticsearch.indices.recovery] [node_s3] [test][6] recovery [phase1] to {node_s0}{8X2Ed1xFSrylEKDMjLmvkQ}{local}{local[18]}[mode=>local]: took [0s]
[2016-03-30 13:54:37,047][TRACE][org.elasticsearch.indices.recovery] [node_s3] snapshot translog for recovery. current size is [0]
[2016-03-30 13:54:37,048][TRACE][org.elasticsearch.indices.recovery] [node_s3] [test][6] recovery [phase2] to {node_s0}{8X2Ed1xFSrylEKDMjLmvkQ}{local}{local[18]}[mode=>local]: sending transaction log operations
[2016-03-30 13:54:37,048][TRACE][org.elasticsearch.indices.recovery] [node_s3] [test][6] no translog operations to send to {node_s0}{8X2Ed1xFSrylEKDMjLmvkQ}{local}{local[18]}[mode=>local]
[2016-03-30 13:54:37,048][TRACE][org.elasticsearch.indices.recovery] [node_s3] [test][6] sent final batch of [0][0b] (total: [0]) translog operations to {node_s0}{8X2Ed1xFSrylEKDMjLmvkQ}{local}{local[18]}[mode=>local]
[2016-03-30 13:54:37,048][TRACE][org.elasticsearch.indices.recovery] [node_s3] [test][6] recovery [phase2] to {node_s0}{8X2Ed1xFSrylEKDMjLmvkQ}{local}{local[18]}[mode=>local]: took [264.7micros]
[2016-03-30 13:54:37,048][TRACE][org.elasticsearch.indices.recovery] [node_s3] [test][6] finalizing recovery to {node_s0}{8X2Ed1xFSrylEKDMjLmvkQ}{local}{local[18]}[mode=>local]
[2016-03-30 13:54:37,048][TRACE][org.elasticsearch.indices] [node_s0] [test][6] top warming [ElasticsearchDirectoryReader()]
[2016-03-30 13:54:37,049][TRACE][org.elasticsearch.indices.recovery] [node_s3] [test][6] finalizing recovery to {node_s0}{8X2Ed1xFSrylEKDMjLmvkQ}{local}{local[18]}[mode=>local]: took [770.6micros]
[2016-03-30 13:54:37,049][TRACE][org.elasticsearch.indices.recovery] [node_s0] [test][6] marking recovery from {node_s3}{Q4P4gfwCSVmM5TnOfNl8Iw}{local}{local[24]}[mode=>local] as done, id [46]
[2016-03-30 13:54:37,049][TRACE][org.elasticsearch.indices.recovery] [node_s0] [test][6] recovery completed from {node_s3}{Q4P4gfwCSVmM5TnOfNl8Iw}{local}{local[24]}[mode=>local], took[73ms]
   phase1: recovered_files [1] with total_size of [130b], took [0s], throttling_wait [0s]
         : reusing_files   [0] with total_size of [0b]
   phase2: start took [25ms]
         : recovered [0] transaction log operations, took [0s]

[2016-03-30 13:54:37,059][TRACE][org.elasticsearch.indices.recovery] [node_s1] [test][6] started recovery from {node_s3}{Q4P4gfwCSVmM5TnOfNl8Iw}{local}{local[24]}[mode=>local], id [48]
[2016-03-30 13:54:37,060][TRACE][org.elasticsearch.indices.recovery] [node_s1] collecting local files for [test][6] [48]
[2016-03-30 13:54:37,065][TRACE][org.elasticsearch.indices.recovery] [node_s3] [test][2] started recovery from {node_s1}{c9PGTkUhQVSZ1aq6LXuXxw}{local}{local[19]}[mode=>local], id [49]
[2016-03-30 13:54:37,065][DEBUG][org.elasticsearch.indices.cluster] [node_s3] [test][8] creating shard
[2016-03-30 13:54:37,065][TRACE][org.elasticsearch.indices.recovery] [node_s3] collecting local files for [test][2] [49]
[2016-03-30 13:54:37,066][TRACE][org.elasticsearch.indices.recovery] [node_s1] [test][6] starting recovery from {node_s3}{Q4P4gfwCSVmM5TnOfNl8Iw}{local}{local[24]}[mode=>local]
[2016-03-30 13:54:37,066][TRACE][org.elasticsearch.indices.recovery] [node_s3] [test][6] starting recovery to {node_s1}{c9PGTkUhQVSZ1aq6LXuXxw}{local}{local[19]}[mode=>local], mark_as_relocated false
[2016-03-30 13:54:37,066][TRACE][org.elasticsearch.indices.recovery] [node_s3] captured translog id [1] for recovery
[2016-03-30 13:54:37,067][TRACE][org.elasticsearch.indices.recovery] [node_s1] collecting local files for [test][4] [47]
[2016-03-30 13:54:37,069][TRACE][org.elasticsearch.indices.recovery] [node_s3] [test][2] starting recovery from {node_s1}{c9PGTkUhQVSZ1aq6LXuXxw}{local}{local[19]}[mode=>local]
[2016-03-30 13:54:37,069][TRACE][org.elasticsearch.indices.recovery] [node_s1] [test][4] starting recovery from {node_s0}{8X2Ed1xFSrylEKDMjLmvkQ}{local}{local[18]}[mode=>local]
[2016-03-30 13:54:37,069][TRACE][org.elasticsearch.indices.recovery] [node_s1] [test][2] starting recovery to {node_s3}{Q4P4gfwCSVmM5TnOfNl8Iw}{local}{local[24]}[mode=>local], mark_as_relocated false
[2016-03-30 13:54:37,071][TRACE][org.elasticsearch.indices.recovery] [node_s1] captured translog id [1] for recovery
[2016-03-30 13:54:37,072][DEBUG][org.elasticsearch.indices.recovery] [node_s0] delaying recovery of [test][4] as it is not listed as assigned to target node {node_s1}{c9PGTkUhQVSZ1aq6LXuXxw}{local}{local[19]}[mode=>local]
[2016-03-30 13:54:37,073][TRACE][org.elasticsearch.indices.recovery] [node_s1] [test][4] Got exception on recovery
RemoteTransportException[[node_s1][local[19]][internal:index/shard/recovery/start_recovery]]; nested: DelayRecoveryException[source node does not have the shard listed in its state as allocated on the node];
Caused by: DelayRecoveryException[source node does not have the shard listed in its state as allocated on the node]
	at org.elasticsearch.indices.recovery.RecoverySource.recover(RecoverySource.java:100)
	at org.elasticsearch.indices.recovery.RecoverySource.access$100(RecoverySource.java:46)
	at org.elasticsearch.indices.recovery.RecoverySource$StartRecoveryTransportRequestHandler.messageReceived(RecoverySource.java:126)
	at org.elasticsearch.indices.recovery.RecoverySource$StartRecoveryTransportRequestHandler.messageReceived(RecoverySource.java:123)
	at org.elasticsearch.transport.local.LocalTransport$2.doRun(LocalTransport.java:296)
	at org.elasticsearch.common.util.concurrent.AbstractRunnable.run(AbstractRunnable.java:37)
	at java.util.concurrent.ThreadPoolExecutor.runWorker(ThreadPoolExecutor.java:1142)
	at java.util.concurrent.ThreadPoolExecutor$Worker.run(ThreadPoolExecutor.java:617)
	at java.lang.Thread.run(Thread.java:745)
[2016-03-30 13:54:37,074][TRACE][org.elasticsearch.indices.recovery] [node_s1] will retry recovery with id [47] in [20ms]
DelayRecoveryException[source node does not have the shard listed in its state as allocated on the node]
	at org.elasticsearch.indices.recovery.RecoverySource.recover(RecoverySource.java:100)
	at org.elasticsearch.indices.recovery.RecoverySource.access$100(RecoverySource.java:46)
	at org.elasticsearch.indices.recovery.RecoverySource$StartRecoveryTransportRequestHandler.messageReceived(RecoverySource.java:126)
	at org.elasticsearch.indices.recovery.RecoverySource$StartRecoveryTransportRequestHandler.messageReceived(RecoverySource.java:123)
	at org.elasticsearch.transport.local.LocalTransport$2.doRun(LocalTransport.java:296)
	at org.elasticsearch.common.util.concurrent.AbstractRunnable.run(AbstractRunnable.java:37)
	at java.util.concurrent.ThreadPoolExecutor.runWorker(ThreadPoolExecutor.java:1142)
	at java.util.concurrent.ThreadPoolExecutor$Worker.run(ThreadPoolExecutor.java:617)
	at java.lang.Thread.run(Thread.java:745)
[2016-03-30 13:54:37,076][TRACE][org.elasticsearch.indices.recovery] [node_s3] [test][6] recovery [phase1] to {node_s1}{c9PGTkUhQVSZ1aq6LXuXxw}{local}{local[19]}[mode=>local]: recovering [segments_1], does not exists in remote
[2016-03-30 13:54:37,076][TRACE][org.elasticsearch.indices.recovery] [node_s3] [test][6] recovery [phase1] to {node_s1}{c9PGTkUhQVSZ1aq6LXuXxw}{local}{local[19]}[mode=>local]: recovering_files [1] with total_size [130b], reusing_files [0] with total_size [0b]
[2016-03-30 13:54:37,078][TRACE][org.elasticsearch.indices.recovery] [node_s1] [test][2] recovery [phase1] to {node_s3}{Q4P4gfwCSVmM5TnOfNl8Iw}{local}{local[24]}[mode=>local]: recovering [segments_1], does not exists in remote
[2016-03-30 13:54:37,078][TRACE][org.elasticsearch.indices.recovery] [node_s1] [test][2] recovery [phase1] to {node_s3}{Q4P4gfwCSVmM5TnOfNl8Iw}{local}{local[24]}[mode=>local]: recovering_files [1] with total_size [130b], reusing_files [0] with total_size [0b]
[2016-03-30 13:54:37,086][TRACE][org.elasticsearch.indices.recovery] [node_s3] [test][8] started recovery from {node_s1}{c9PGTkUhQVSZ1aq6LXuXxw}{local}{local[19]}[mode=>local], id [50]
[2016-03-30 13:54:37,086][TRACE][org.elasticsearch.indices.recovery] [node_s3] collecting local files for [test][8] [50]
[2016-03-30 13:54:37,089][TRACE][org.elasticsearch.indices.recovery] [node_s3] [test][8] starting recovery from {node_s1}{c9PGTkUhQVSZ1aq6LXuXxw}{local}{local[19]}[mode=>local]
[2016-03-30 13:54:37,090][TRACE][org.elasticsearch.indices.recovery] [node_s1] [test][8] starting recovery to {node_s3}{Q4P4gfwCSVmM5TnOfNl8Iw}{local}{local[24]}[mode=>local], mark_as_relocated false
[2016-03-30 13:54:37,090][TRACE][org.elasticsearch.indices.recovery] [node_s1] captured translog id [1] for recovery
[2016-03-30 13:54:37,092][TRACE][org.elasticsearch.indices.recovery] [node_s1] [test][8] recovery [phase1] to {node_s3}{Q4P4gfwCSVmM5TnOfNl8Iw}{local}{local[24]}[mode=>local]: recovering [segments_1], does not exists in remote
[2016-03-30 13:54:37,092][TRACE][org.elasticsearch.indices.recovery] [node_s1] [test][8] recovery [phase1] to {node_s3}{Q4P4gfwCSVmM5TnOfNl8Iw}{local}{local[24]}[mode=>local]: recovering_files [1] with total_size [130b], reusing_files [0] with total_size [0b]
[2016-03-30 13:54:37,096][TRACE][org.elasticsearch.indices.recovery] [node_s1] collecting local files for [test][4] [47]
[2016-03-30 13:54:37,104][TRACE][org.elasticsearch.indices.recovery] [node_s1] [test][4] starting recovery from {node_s0}{8X2Ed1xFSrylEKDMjLmvkQ}{local}{local[18]}[mode=>local]
[2016-03-30 13:54:37,104][DEBUG][org.elasticsearch.indices.recovery] [node_s0] delaying recovery of [test][4] as it is not listed as assigned to target node {node_s1}{c9PGTkUhQVSZ1aq6LXuXxw}{local}{local[19]}[mode=>local]
[2016-03-30 13:54:37,106][TRACE][org.elasticsearch.indices.recovery] [node_s1] [test][4] Got exception on recovery
RemoteTransportException[[node_s1][local[19]][internal:index/shard/recovery/start_recovery]]; nested: DelayRecoveryException[source node does not have the shard listed in its state as allocated on the node];
Caused by: DelayRecoveryException[source node does not have the shard listed in its state as allocated on the node]
	at org.elasticsearch.indices.recovery.RecoverySource.recover(RecoverySource.java:100)
	at org.elasticsearch.indices.recovery.RecoverySource.access$100(RecoverySource.java:46)
	at org.elasticsearch.indices.recovery.RecoverySource$StartRecoveryTransportRequestHandler.messageReceived(RecoverySource.java:126)
	at org.elasticsearch.indices.recovery.RecoverySource$StartRecoveryTransportRequestHandler.messageReceived(RecoverySource.java:123)
	at org.elasticsearch.transport.local.LocalTransport$2.doRun(LocalTransport.java:296)
	at org.elasticsearch.common.util.concurrent.AbstractRunnable.run(AbstractRunnable.java:37)
	at java.util.concurrent.ThreadPoolExecutor.runWorker(ThreadPoolExecutor.java:1142)
	at java.util.concurrent.ThreadPoolExecutor$Worker.run(ThreadPoolExecutor.java:617)
	at java.lang.Thread.run(Thread.java:745)
[2016-03-30 13:54:37,106][TRACE][org.elasticsearch.indices.recovery] [node_s1] will retry recovery with id [47] in [20ms]
DelayRecoveryException[source node does not have the shard listed in its state as allocated on the node]
	at org.elasticsearch.indices.recovery.RecoverySource.recover(RecoverySource.java:100)
	at org.elasticsearch.indices.recovery.RecoverySource.access$100(RecoverySource.java:46)
	at org.elasticsearch.indices.recovery.RecoverySource$StartRecoveryTransportRequestHandler.messageReceived(RecoverySource.java:126)
	at org.elasticsearch.indices.recovery.RecoverySource$StartRecoveryTransportRequestHandler.messageReceived(RecoverySource.java:123)
	at org.elasticsearch.transport.local.LocalTransport$2.doRun(LocalTransport.java:296)
	at org.elasticsearch.common.util.concurrent.AbstractRunnable.run(AbstractRunnable.java:37)
	at java.util.concurrent.ThreadPoolExecutor.runWorker(ThreadPoolExecutor.java:1142)
	at java.util.concurrent.ThreadPoolExecutor$Worker.run(ThreadPoolExecutor.java:617)
	at java.lang.Thread.run(Thread.java:745)
[2016-03-30 13:54:37,106][TRACE][org.elasticsearch.indices.recovery] [node_s1] [test][2] recovery [phase1] to {node_s3}{Q4P4gfwCSVmM5TnOfNl8Iw}{local}{local[24]}[mode=>local]: prepare remote engine for translog
[2016-03-30 13:54:37,108][TRACE][org.elasticsearch.indices.recovery] [node_s3] [test][6] recovery [phase1] to {node_s1}{c9PGTkUhQVSZ1aq6LXuXxw}{local}{local[19]}[mode=>local]: prepare remote engine for translog
[2016-03-30 13:54:37,111][TRACE][org.elasticsearch.indices.cluster] [node_s0] [test][6] master marked shard as initializing, but shard has state [POST_RECOVERY], resending shard started to {node_s0}{8X2Ed1xFSrylEKDMjLmvkQ}{local}{local[18]}[mode=>local]
[2016-03-30 13:54:37,123][TRACE][org.elasticsearch.indices.recovery] [node_s1] [test][8] recovery [phase1] to {node_s3}{Q4P4gfwCSVmM5TnOfNl8Iw}{local}{local[24]}[mode=>local]: prepare remote engine for translog
[2016-03-30 13:54:37,124][TRACE][org.elasticsearch.indices] [node_s3] [test][2] warming [ElasticsearchDirectoryReader()]
[2016-03-30 13:54:37,125][TRACE][org.elasticsearch.indices] [node_s1] [test][6] warming [ElasticsearchDirectoryReader()]
[2016-03-30 13:54:37,125][TRACE][org.elasticsearch.indices] [node_s3] [test][2] top warming [ElasticsearchDirectoryReader()]
[2016-03-30 13:54:37,125][TRACE][org.elasticsearch.indices] [node_s1] [test][6] top warming [ElasticsearchDirectoryReader()]
[2016-03-30 13:54:37,130][TRACE][org.elasticsearch.indices.recovery] [node_s1] collecting local files for [test][4] [47]
[2016-03-30 13:54:37,132][TRACE][org.elasticsearch.indices.recovery] [node_s1] [test][4] starting recovery from {node_s0}{8X2Ed1xFSrylEKDMjLmvkQ}{local}{local[18]}[mode=>local]
[2016-03-30 13:54:37,132][TRACE][org.elasticsearch.indices.recovery] [node_s0] [test][4] starting recovery to {node_s1}{c9PGTkUhQVSZ1aq6LXuXxw}{local}{local[19]}[mode=>local], mark_as_relocated false
[2016-03-30 13:54:37,132][TRACE][org.elasticsearch.indices.recovery] [node_s0] captured translog id [1] for recovery
[2016-03-30 13:54:37,134][TRACE][org.elasticsearch.indices.recovery] [node_s3] [test][6] recovery [phase1] to {node_s1}{c9PGTkUhQVSZ1aq6LXuXxw}{local}{local[19]}[mode=>local]: remote engine start took [25.8ms]
[2016-03-30 13:54:37,134][TRACE][org.elasticsearch.indices.recovery] [node_s3] [test][6] recovery [phase1] to {node_s1}{c9PGTkUhQVSZ1aq6LXuXxw}{local}{local[19]}[mode=>local]: took [0s]
[2016-03-30 13:54:37,134][TRACE][org.elasticsearch.indices.recovery] [node_s3] snapshot translog for recovery. current size is [0]
[2016-03-30 13:54:37,134][TRACE][org.elasticsearch.indices.recovery] [node_s3] [test][6] recovery [phase2] to {node_s1}{c9PGTkUhQVSZ1aq6LXuXxw}{local}{local[19]}[mode=>local]: sending transaction log operations
[2016-03-30 13:54:37,134][TRACE][org.elasticsearch.indices.recovery] [node_s3] [test][6] no translog operations to send to {node_s1}{c9PGTkUhQVSZ1aq6LXuXxw}{local}{local[19]}[mode=>local]
[2016-03-30 13:54:37,134][TRACE][org.elasticsearch.indices.recovery] [node_s3] [test][6] sent final batch of [0][0b] (total: [0]) translog operations to {node_s1}{c9PGTkUhQVSZ1aq6LXuXxw}{local}{local[19]}[mode=>local]
[2016-03-30 13:54:37,134][TRACE][org.elasticsearch.indices.recovery] [node_s1] [test][2] recovery [phase1] to {node_s3}{Q4P4gfwCSVmM5TnOfNl8Iw}{local}{local[24]}[mode=>local]: remote engine start took [27.7ms]
[2016-03-30 13:54:37,134][TRACE][org.elasticsearch.indices.recovery] [node_s1] [test][2] recovery [phase1] to {node_s3}{Q4P4gfwCSVmM5TnOfNl8Iw}{local}{local[24]}[mode=>local]: took [0s]
[2016-03-30 13:54:37,135][TRACE][org.elasticsearch.indices.recovery] [node_s1] snapshot translog for recovery. current size is [0]
[2016-03-30 13:54:37,135][TRACE][org.elasticsearch.indices.recovery] [node_s1] [test][2] recovery [phase2] to {node_s3}{Q4P4gfwCSVmM5TnOfNl8Iw}{local}{local[24]}[mode=>local]: sending transaction log operations
[2016-03-30 13:54:37,135][TRACE][org.elasticsearch.indices.recovery] [node_s1] [test][2] no translog operations to send to {node_s3}{Q4P4gfwCSVmM5TnOfNl8Iw}{local}{local[24]}[mode=>local]
[2016-03-30 13:54:37,135][TRACE][org.elasticsearch.indices.recovery] [node_s1] [test][2] sent final batch of [0][0b] (total: [0]) translog operations to {node_s3}{Q4P4gfwCSVmM5TnOfNl8Iw}{local}{local[24]}[mode=>local]
[2016-03-30 13:54:37,134][TRACE][org.elasticsearch.indices.recovery] [node_s3] [test][6] recovery [phase2] to {node_s1}{c9PGTkUhQVSZ1aq6LXuXxw}{local}{local[19]}[mode=>local]: took [283.8micros]
[2016-03-30 13:54:37,135][TRACE][org.elasticsearch.indices.recovery] [node_s1] [test][2] recovery [phase2] to {node_s3}{Q4P4gfwCSVmM5TnOfNl8Iw}{local}{local[24]}[mode=>local]: took [250.1micros]
[2016-03-30 13:54:37,135][TRACE][org.elasticsearch.indices.recovery] [node_s1] [test][2] finalizing recovery to {node_s3}{Q4P4gfwCSVmM5TnOfNl8Iw}{local}{local[24]}[mode=>local]
[2016-03-30 13:54:37,135][TRACE][org.elasticsearch.indices.recovery] [node_s3] [test][6] finalizing recovery to {node_s1}{c9PGTkUhQVSZ1aq6LXuXxw}{local}{local[19]}[mode=>local]
[2016-03-30 13:54:37,136][TRACE][org.elasticsearch.indices] [node_s3] [test][2] top warming [ElasticsearchDirectoryReader()]
[2016-03-30 13:54:37,136][TRACE][org.elasticsearch.indices] [node_s1] [test][6] top warming [ElasticsearchDirectoryReader()]
[2016-03-30 13:54:37,136][TRACE][org.elasticsearch.indices.recovery] [node_s0] [test][4] recovery [phase1] to {node_s1}{c9PGTkUhQVSZ1aq6LXuXxw}{local}{local[19]}[mode=>local]: recovering [segments_1], does not exists in remote
[2016-03-30 13:54:37,136][TRACE][org.elasticsearch.indices.recovery] [node_s3] [test][6] finalizing recovery to {node_s1}{c9PGTkUhQVSZ1aq6LXuXxw}{local}{local[19]}[mode=>local]: took [872.6micros]
[2016-03-30 13:54:37,136][TRACE][org.elasticsearch.indices.recovery] [node_s1] [test][2] finalizing recovery to {node_s3}{Q4P4gfwCSVmM5TnOfNl8Iw}{local}{local[24]}[mode=>local]: took [795.3micros]
[2016-03-30 13:54:37,136][TRACE][org.elasticsearch.indices.recovery] [node_s0] [test][4] recovery [phase1] to {node_s1}{c9PGTkUhQVSZ1aq6LXuXxw}{local}{local[19]}[mode=>local]: recovering_files [1] with total_size [130b], reusing_files [0] with total_size [0b]
[2016-03-30 13:54:37,136][TRACE][org.elasticsearch.indices.recovery] [node_s1] [test][6] marking recovery from {node_s3}{Q4P4gfwCSVmM5TnOfNl8Iw}{local}{local[24]}[mode=>local] as done, id [48]
[2016-03-30 13:54:37,136][TRACE][org.elasticsearch.indices.recovery] [node_s3] [test][2] marking recovery from {node_s1}{c9PGTkUhQVSZ1aq6LXuXxw}{local}{local[19]}[mode=>local] as done, id [49]
[2016-03-30 13:54:37,136][TRACE][org.elasticsearch.indices] [node_s3] [test][8] warming [ElasticsearchDirectoryReader()]
[2016-03-30 13:54:37,137][TRACE][org.elasticsearch.indices] [node_s3] [test][8] top warming [ElasticsearchDirectoryReader()]
[2016-03-30 13:54:37,137][TRACE][org.elasticsearch.indices.recovery] [node_s3] [test][2] recovery completed from {node_s1}{c9PGTkUhQVSZ1aq6LXuXxw}{local}{local[19]}[mode=>local], took[71ms]
   phase1: recovered_files [1] with total_size of [130b], took [0s], throttling_wait [0s]
         : reusing_files   [0] with total_size of [0b]
   phase2: start took [27ms]
         : recovered [0] transaction log operations, took [0s]

[2016-03-30 13:54:37,137][TRACE][org.elasticsearch.indices.recovery] [node_s1] [test][6] recovery completed from {node_s3}{Q4P4gfwCSVmM5TnOfNl8Iw}{local}{local[24]}[mode=>local], took[77ms]
   phase1: recovered_files [1] with total_size of [130b], took [0s], throttling_wait [0s]
         : reusing_files   [0] with total_size of [0b]
   phase2: start took [25ms]
         : recovered [0] transaction log operations, took [0s]

[2016-03-30 13:54:37,144][TRACE][org.elasticsearch.indices.cluster] [node_s0] [test][8] master marked shard as initializing, but shard has state [POST_RECOVERY], resending shard started to {node_s0}{8X2Ed1xFSrylEKDMjLmvkQ}{local}{local[18]}[mode=>local]
[2016-03-30 13:54:37,146][TRACE][org.elasticsearch.indices.recovery] [node_s1] [test][8] recovery [phase1] to {node_s3}{Q4P4gfwCSVmM5TnOfNl8Iw}{local}{local[24]}[mode=>local]: remote engine start took [23.4ms]
[2016-03-30 13:54:37,146][TRACE][org.elasticsearch.indices.recovery] [node_s1] [test][8] recovery [phase1] to {node_s3}{Q4P4gfwCSVmM5TnOfNl8Iw}{local}{local[24]}[mode=>local]: took [0s]
[2016-03-30 13:54:37,146][TRACE][org.elasticsearch.indices.recovery] [node_s1] snapshot translog for recovery. current size is [0]
[2016-03-30 13:54:37,146][TRACE][org.elasticsearch.indices.recovery] [node_s1] [test][8] recovery [phase2] to {node_s3}{Q4P4gfwCSVmM5TnOfNl8Iw}{local}{local[24]}[mode=>local]: sending transaction log operations
[2016-03-30 13:54:37,147][TRACE][org.elasticsearch.indices.recovery] [node_s1] [test][8] no translog operations to send to {node_s3}{Q4P4gfwCSVmM5TnOfNl8Iw}{local}{local[24]}[mode=>local]
[2016-03-30 13:54:37,147][TRACE][org.elasticsearch.indices.recovery] [node_s1] [test][8] sent final batch of [0][0b] (total: [0]) translog operations to {node_s3}{Q4P4gfwCSVmM5TnOfNl8Iw}{local}{local[24]}[mode=>local]
[2016-03-30 13:54:37,147][TRACE][org.elasticsearch.indices.recovery] [node_s1] [test][8] recovery [phase2] to {node_s3}{Q4P4gfwCSVmM5TnOfNl8Iw}{local}{local[24]}[mode=>local]: took [297.3micros]
[2016-03-30 13:54:37,147][TRACE][org.elasticsearch.indices.recovery] [node_s1] [test][8] finalizing recovery to {node_s3}{Q4P4gfwCSVmM5TnOfNl8Iw}{local}{local[24]}[mode=>local]
[2016-03-30 13:54:37,147][TRACE][org.elasticsearch.indices] [node_s3] [test][8] top warming [ElasticsearchDirectoryReader()]
[2016-03-30 13:54:37,148][TRACE][org.elasticsearch.indices.recovery] [node_s1] [test][8] finalizing recovery to {node_s3}{Q4P4gfwCSVmM5TnOfNl8Iw}{local}{local[24]}[mode=>local]: took [852.2micros]
[2016-03-30 13:54:37,148][TRACE][org.elasticsearch.indices.recovery] [node_s3] [test][8] marking recovery from {node_s1}{c9PGTkUhQVSZ1aq6LXuXxw}{local}{local[19]}[mode=>local] as done, id [50]
[2016-03-30 13:54:37,149][TRACE][org.elasticsearch.indices.recovery] [node_s3] [test][8] recovery completed from {node_s1}{c9PGTkUhQVSZ1aq6LXuXxw}{local}{local[19]}[mode=>local], took[61ms]
   phase1: recovered_files [1] with total_size of [130b], took [0s], throttling_wait [0s]
         : reusing_files   [0] with total_size of [0b]
   phase2: start took [23ms]
         : recovered [0] transaction log operations, took [0s]

[2016-03-30 13:54:37,170][TRACE][org.elasticsearch.indices.recovery] [node_s0] [test][4] recovery [phase1] to {node_s1}{c9PGTkUhQVSZ1aq6LXuXxw}{local}{local[19]}[mode=>local]: prepare remote engine for translog
[2016-03-30 13:54:37,182][TRACE][org.elasticsearch.indices.cluster] [node_s1] ignoring recovery instruction for an existing shard [test][4] (shard state: [RECOVERING])
[2016-03-30 13:54:37,184][TRACE][org.elasticsearch.indices] [node_s1] [test][4] warming [ElasticsearchDirectoryReader()]
[2016-03-30 13:54:37,184][TRACE][org.elasticsearch.indices] [node_s1] [test][4] top warming [ElasticsearchDirectoryReader()]
[2016-03-30 13:54:37,191][DEBUG][org.elasticsearch.indices.cluster] [node_s1] [test][9] creating shard
[2016-03-30 13:54:37,195][TRACE][org.elasticsearch.indices.recovery] [node_s0] [test][4] recovery [phase1] to {node_s1}{c9PGTkUhQVSZ1aq6LXuXxw}{local}{local[19]}[mode=>local]: remote engine start took [24.6ms]
[2016-03-30 13:54:37,195][TRACE][org.elasticsearch.indices.recovery] [node_s0] [test][4] recovery [phase1] to {node_s1}{c9PGTkUhQVSZ1aq6LXuXxw}{local}{local[19]}[mode=>local]: took [0s]
[2016-03-30 13:54:37,195][TRACE][org.elasticsearch.indices.recovery] [node_s0] snapshot translog for recovery. current size is [0]
[2016-03-30 13:54:37,195][TRACE][org.elasticsearch.indices.recovery] [node_s0] [test][4] recovery [phase2] to {node_s1}{c9PGTkUhQVSZ1aq6LXuXxw}{local}{local[19]}[mode=>local]: sending transaction log operations
[2016-03-30 13:54:37,195][TRACE][org.elasticsearch.indices.recovery] [node_s0] [test][4] no translog operations to send to {node_s1}{c9PGTkUhQVSZ1aq6LXuXxw}{local}{local[19]}[mode=>local]
[2016-03-30 13:54:37,195][TRACE][org.elasticsearch.indices.recovery] [node_s0] [test][4] sent final batch of [0][0b] (total: [0]) translog operations to {node_s1}{c9PGTkUhQVSZ1aq6LXuXxw}{local}{local[19]}[mode=>local]
[2016-03-30 13:54:37,195][TRACE][org.elasticsearch.indices.recovery] [node_s0] [test][4] recovery [phase2] to {node_s1}{c9PGTkUhQVSZ1aq6LXuXxw}{local}{local[19]}[mode=>local]: took [228.5micros]
[2016-03-30 13:54:37,195][TRACE][org.elasticsearch.indices.recovery] [node_s0] [test][4] finalizing recovery to {node_s1}{c9PGTkUhQVSZ1aq6LXuXxw}{local}{local[19]}[mode=>local]
[2016-03-30 13:54:37,196][TRACE][org.elasticsearch.indices] [node_s1] [test][4] top warming [ElasticsearchDirectoryReader()]
[2016-03-30 13:54:37,196][TRACE][org.elasticsearch.indices.recovery] [node_s0] [test][4] finalizing recovery to {node_s1}{c9PGTkUhQVSZ1aq6LXuXxw}{local}{local[19]}[mode=>local]: took [734.7micros]
[2016-03-30 13:54:37,196][TRACE][org.elasticsearch.indices.recovery] [node_s1] [test][4] marking recovery from {node_s0}{8X2Ed1xFSrylEKDMjLmvkQ}{local}{local[18]}[mode=>local] as done, id [47]
[2016-03-30 13:54:37,197][TRACE][org.elasticsearch.indices.recovery] [node_s1] [test][4] recovery completed from {node_s0}{8X2Ed1xFSrylEKDMjLmvkQ}{local}{local[18]}[mode=>local], took[155ms]
   phase1: recovered_files [1] with total_size of [130b], took [0s], throttling_wait [0s]
         : reusing_files   [0] with total_size of [0b]
   phase2: start took [24ms]
         : recovered [0] transaction log operations, took [0s]

[2016-03-30 13:54:37,206][TRACE][org.elasticsearch.indices.recovery] [node_s1] [test][9] started recovery from {node_s3}{Q4P4gfwCSVmM5TnOfNl8Iw}{local}{local[24]}[mode=>local], id [51]
[2016-03-30 13:54:37,206][TRACE][org.elasticsearch.indices.recovery] [node_s1] collecting local files for [test][9] [51]
[2016-03-30 13:54:37,207][TRACE][org.elasticsearch.indices.recovery] [node_s1] [test][9] starting recovery from {node_s3}{Q4P4gfwCSVmM5TnOfNl8Iw}{local}{local[24]}[mode=>local]
[2016-03-30 13:54:37,207][TRACE][org.elasticsearch.indices.recovery] [node_s3] [test][9] starting recovery to {node_s1}{c9PGTkUhQVSZ1aq6LXuXxw}{local}{local[19]}[mode=>local], mark_as_relocated false
[2016-03-30 13:54:37,208][TRACE][org.elasticsearch.indices.recovery] [node_s3] captured translog id [1] for recovery
[2016-03-30 13:54:37,213][TRACE][org.elasticsearch.indices.recovery] [node_s3] [test][9] recovery [phase1] to {node_s1}{c9PGTkUhQVSZ1aq6LXuXxw}{local}{local[19]}[mode=>local]: recovering [segments_1], does not exists in remote
[2016-03-30 13:54:37,213][TRACE][org.elasticsearch.indices.recovery] [node_s3] [test][9] recovery [phase1] to {node_s1}{c9PGTkUhQVSZ1aq6LXuXxw}{local}{local[19]}[mode=>local]: recovering_files [1] with total_size [130b], reusing_files [0] with total_size [0b]
[2016-03-30 13:54:37,236][DEBUG][org.elasticsearch.indices.cluster] [node_s0] [test][3] creating shard
[2016-03-30 13:54:37,240][TRACE][org.elasticsearch.indices.recovery] [node_s3] [test][9] recovery [phase1] to {node_s1}{c9PGTkUhQVSZ1aq6LXuXxw}{local}{local[19]}[mode=>local]: prepare remote engine for translog
[2016-03-30 13:54:37,252][TRACE][org.elasticsearch.indices.recovery] [node_s0] [test][3] started recovery from {node_s3}{Q4P4gfwCSVmM5TnOfNl8Iw}{local}{local[24]}[mode=>local], id [52]
[2016-03-30 13:54:37,252][TRACE][org.elasticsearch.indices.recovery] [node_s0] collecting local files for [test][3] [52]
[2016-03-30 13:54:37,255][TRACE][org.elasticsearch.indices.recovery] [node_s0] [test][3] starting recovery from {node_s3}{Q4P4gfwCSVmM5TnOfNl8Iw}{local}{local[24]}[mode=>local]
[2016-03-30 13:54:37,255][TRACE][org.elasticsearch.indices.recovery] [node_s3] [test][3] starting recovery to {node_s0}{8X2Ed1xFSrylEKDMjLmvkQ}{local}{local[18]}[mode=>local], mark_as_relocated false
[2016-03-30 13:54:37,256][TRACE][org.elasticsearch.indices.recovery] [node_s3] captured translog id [1] for recovery
[2016-03-30 13:54:37,261][TRACE][org.elasticsearch.indices.recovery] [node_s3] [test][3] recovery [phase1] to {node_s0}{8X2Ed1xFSrylEKDMjLmvkQ}{local}{local[18]}[mode=>local]: recovering [segments_1], does not exists in remote
[2016-03-30 13:54:37,261][TRACE][org.elasticsearch.indices.recovery] [node_s3] [test][3] recovery [phase1] to {node_s0}{8X2Ed1xFSrylEKDMjLmvkQ}{local}{local[18]}[mode=>local]: recovering_files [1] with total_size [130b], reusing_files [0] with total_size [0b]
[2016-03-30 13:54:37,263][TRACE][org.elasticsearch.indices] [node_s1] [test][9] warming [ElasticsearchDirectoryReader()]
[2016-03-30 13:54:37,263][TRACE][org.elasticsearch.indices] [node_s1] [test][9] top warming [ElasticsearchDirectoryReader()]
[2016-03-30 13:54:37,269][DEBUG][org.elasticsearch.indices.cluster] [node_s0] [test][5] creating shard
[2016-03-30 13:54:37,273][TRACE][org.elasticsearch.indices.recovery] [node_s3] [test][9] recovery [phase1] to {node_s1}{c9PGTkUhQVSZ1aq6LXuXxw}{local}{local[19]}[mode=>local]: remote engine start took [33.4ms]
[2016-03-30 13:54:37,273][TRACE][org.elasticsearch.indices.recovery] [node_s3] [test][9] recovery [phase1] to {node_s1}{c9PGTkUhQVSZ1aq6LXuXxw}{local}{local[19]}[mode=>local]: took [0s]
[2016-03-30 13:54:37,274][TRACE][org.elasticsearch.indices.recovery] [node_s3] snapshot translog for recovery. current size is [0]
[2016-03-30 13:54:37,274][TRACE][org.elasticsearch.indices.recovery] [node_s3] [test][9] recovery [phase2] to {node_s1}{c9PGTkUhQVSZ1aq6LXuXxw}{local}{local[19]}[mode=>local]: sending transaction log operations
[2016-03-30 13:54:37,274][TRACE][org.elasticsearch.indices.recovery] [node_s3] [test][9] no translog operations to send to {node_s1}{c9PGTkUhQVSZ1aq6LXuXxw}{local}{local[19]}[mode=>local]
[2016-03-30 13:54:37,274][TRACE][org.elasticsearch.indices.recovery] [node_s3] [test][9] sent final batch of [0][0b] (total: [0]) translog operations to {node_s1}{c9PGTkUhQVSZ1aq6LXuXxw}{local}{local[19]}[mode=>local]
[2016-03-30 13:54:37,274][TRACE][org.elasticsearch.indices.recovery] [node_s3] [test][9] recovery [phase2] to {node_s1}{c9PGTkUhQVSZ1aq6LXuXxw}{local}{local[19]}[mode=>local]: took [211micros]
[2016-03-30 13:54:37,274][TRACE][org.elasticsearch.indices.recovery] [node_s3] [test][9] finalizing recovery to {node_s1}{c9PGTkUhQVSZ1aq6LXuXxw}{local}{local[19]}[mode=>local]
[2016-03-30 13:54:37,275][TRACE][org.elasticsearch.indices] [node_s1] [test][9] top warming [ElasticsearchDirectoryReader()]
[2016-03-30 13:54:37,275][TRACE][org.elasticsearch.indices.recovery] [node_s3] [test][9] finalizing recovery to {node_s1}{c9PGTkUhQVSZ1aq6LXuXxw}{local}{local[19]}[mode=>local]: took [820.5micros]
[2016-03-30 13:54:37,275][TRACE][org.elasticsearch.indices.recovery] [node_s1] [test][9] marking recovery from {node_s3}{Q4P4gfwCSVmM5TnOfNl8Iw}{local}{local[24]}[mode=>local] as done, id [51]
[2016-03-30 13:54:37,276][TRACE][org.elasticsearch.indices.recovery] [node_s1] [test][9] recovery completed from {node_s3}{Q4P4gfwCSVmM5TnOfNl8Iw}{local}{local[24]}[mode=>local], took[69ms]
   phase1: recovered_files [1] with total_size of [130b], took [0s], throttling_wait [0s]
         : reusing_files   [0] with total_size of [0b]
   phase2: start took [33ms]
         : recovered [0] transaction log operations, took [0s]

[2016-03-30 13:54:37,296][TRACE][org.elasticsearch.indices.recovery] [node_s0] [test][5] started recovery from {node_s1}{c9PGTkUhQVSZ1aq6LXuXxw}{local}{local[19]}[mode=>local], id [53]
[2016-03-30 13:54:37,296][TRACE][org.elasticsearch.indices.recovery] [node_s0] collecting local files for [test][5] [53]
[2016-03-30 13:54:37,299][TRACE][org.elasticsearch.indices.recovery] [node_s3] [test][3] recovery [phase1] to {node_s0}{8X2Ed1xFSrylEKDMjLmvkQ}{local}{local[18]}[mode=>local]: prepare remote engine for translog
[2016-03-30 13:54:37,299][TRACE][org.elasticsearch.indices.recovery] [node_s0] [test][5] starting recovery from {node_s1}{c9PGTkUhQVSZ1aq6LXuXxw}{local}{local[19]}[mode=>local]
[2016-03-30 13:54:37,300][TRACE][org.elasticsearch.indices.recovery] [node_s1] [test][5] starting recovery to {node_s0}{8X2Ed1xFSrylEKDMjLmvkQ}{local}{local[18]}[mode=>local], mark_as_relocated false
[2016-03-30 13:54:37,301][TRACE][org.elasticsearch.indices.recovery] [node_s1] captured translog id [1] for recovery
[2016-03-30 13:54:37,305][TRACE][org.elasticsearch.indices.recovery] [node_s1] [test][5] recovery [phase1] to {node_s0}{8X2Ed1xFSrylEKDMjLmvkQ}{local}{local[18]}[mode=>local]: recovering [segments_1], does not exists in remote
[2016-03-30 13:54:37,305][TRACE][org.elasticsearch.indices.recovery] [node_s1] [test][5] recovery [phase1] to {node_s0}{8X2Ed1xFSrylEKDMjLmvkQ}{local}{local[18]}[mode=>local]: recovering_files [1] with total_size [130b], reusing_files [0] with total_size [0b]
[2016-03-30 13:54:37,318][TRACE][org.elasticsearch.indices] [node_s0] [test][3] warming [ElasticsearchDirectoryReader()]
[2016-03-30 13:54:37,318][TRACE][org.elasticsearch.indices] [node_s0] [test][3] top warming [ElasticsearchDirectoryReader()]
[2016-03-30 13:54:37,342][TRACE][org.elasticsearch.indices.recovery] [node_s3] [test][3] recovery [phase1] to {node_s0}{8X2Ed1xFSrylEKDMjLmvkQ}{local}{local[18]}[mode=>local]: remote engine start took [43.2ms]
[2016-03-30 13:54:37,342][TRACE][org.elasticsearch.indices.recovery] [node_s3] [test][3] recovery [phase1] to {node_s0}{8X2Ed1xFSrylEKDMjLmvkQ}{local}{local[18]}[mode=>local]: took [0s]
[2016-03-30 13:54:37,342][TRACE][org.elasticsearch.indices.recovery] [node_s3] snapshot translog for recovery. current size is [0]
[2016-03-30 13:54:37,343][TRACE][org.elasticsearch.indices.recovery] [node_s3] [test][3] recovery [phase2] to {node_s0}{8X2Ed1xFSrylEKDMjLmvkQ}{local}{local[18]}[mode=>local]: sending transaction log operations
[2016-03-30 13:54:37,343][TRACE][org.elasticsearch.indices.recovery] [node_s3] [test][3] no translog operations to send to {node_s0}{8X2Ed1xFSrylEKDMjLmvkQ}{local}{local[18]}[mode=>local]
[2016-03-30 13:54:37,343][TRACE][org.elasticsearch.indices.recovery] [node_s3] [test][3] sent final batch of [0][0b] (total: [0]) translog operations to {node_s0}{8X2Ed1xFSrylEKDMjLmvkQ}{local}{local[18]}[mode=>local]
[2016-03-30 13:54:37,343][TRACE][org.elasticsearch.indices.recovery] [node_s3] [test][3] recovery [phase2] to {node_s0}{8X2Ed1xFSrylEKDMjLmvkQ}{local}{local[18]}[mode=>local]: took [228.3micros]
[2016-03-30 13:54:37,343][TRACE][org.elasticsearch.indices.recovery] [node_s3] [test][3] finalizing recovery to {node_s0}{8X2Ed1xFSrylEKDMjLmvkQ}{local}{local[18]}[mode=>local]
[2016-03-30 13:54:37,343][TRACE][org.elasticsearch.indices] [node_s0] [test][3] top warming [ElasticsearchDirectoryReader()]
[2016-03-30 13:54:37,344][TRACE][org.elasticsearch.indices.recovery] [node_s3] [test][3] finalizing recovery to {node_s0}{8X2Ed1xFSrylEKDMjLmvkQ}{local}{local[18]}[mode=>local]: took [811.6micros]
[2016-03-30 13:54:37,344][TRACE][org.elasticsearch.indices.recovery] [node_s0] [test][3] marking recovery from {node_s3}{Q4P4gfwCSVmM5TnOfNl8Iw}{local}{local[24]}[mode=>local] as done, id [52]
[2016-03-30 13:54:37,344][TRACE][org.elasticsearch.indices.recovery] [node_s1] [test][5] recovery [phase1] to {node_s0}{8X2Ed1xFSrylEKDMjLmvkQ}{local}{local[18]}[mode=>local]: prepare remote engine for translog
[2016-03-30 13:54:37,344][TRACE][org.elasticsearch.indices.recovery] [node_s0] [test][3] recovery completed from {node_s3}{Q4P4gfwCSVmM5TnOfNl8Iw}{local}{local[24]}[mode=>local], took[92ms]
   phase1: recovered_files [1] with total_size of [130b], took [0s], throttling_wait [0s]
         : reusing_files   [0] with total_size of [0b]
   phase2: start took [43ms]
         : recovered [0] transaction log operations, took [0s]

[2016-03-30 13:54:37,359][TRACE][org.elasticsearch.indices.store] [node_s0] listing store meta data for [test][9]
[2016-03-30 13:54:37,359][TRACE][org.elasticsearch.indices.store] [node_s3] listing store meta data for [test][9]
[2016-03-30 13:54:37,359][TRACE][org.elasticsearch.indices.store] [node_s1] listing store meta data for [test][9]
[2016-03-30 13:54:37,370][TRACE][org.elasticsearch.indices.store] [node_s0] [test][9] didn't find any store meta data to load (took [10.9ms])
[2016-03-30 13:54:37,373][DEBUG][org.elasticsearch.indices.store] [node_s3] [test][9] loaded store meta data (took [13.7ms])
[2016-03-30 13:54:37,378][DEBUG][org.elasticsearch.indices.store] [node_s1] [test][9] loaded store meta data (took [19.3ms])
[2016-03-30 13:54:37,382][TRACE][org.elasticsearch.indices] [node_s0] [test][5] warming [ElasticsearchDirectoryReader()]
[2016-03-30 13:54:37,383][TRACE][org.elasticsearch.indices] [node_s0] [test][5] top warming [ElasticsearchDirectoryReader()]
[2016-03-30 13:54:37,394][TRACE][org.elasticsearch.indices.recovery] [node_s1] [test][5] recovery [phase1] to {node_s0}{8X2Ed1xFSrylEKDMjLmvkQ}{local}{local[18]}[mode=>local]: remote engine start took [49.5ms]
[2016-03-30 13:54:37,394][TRACE][org.elasticsearch.indices.recovery] [node_s1] [test][5] recovery [phase1] to {node_s0}{8X2Ed1xFSrylEKDMjLmvkQ}{local}{local[18]}[mode=>local]: took [0s]
[2016-03-30 13:54:37,394][TRACE][org.elasticsearch.indices.recovery] [node_s1] snapshot translog for recovery. current size is [0]
[2016-03-30 13:54:37,394][TRACE][org.elasticsearch.indices.recovery] [node_s1] [test][5] recovery [phase2] to {node_s0}{8X2Ed1xFSrylEKDMjLmvkQ}{local}{local[18]}[mode=>local]: sending transaction log operations
[2016-03-30 13:54:37,394][TRACE][org.elasticsearch.indices.recovery] [node_s1] [test][5] no translog operations to send to {node_s0}{8X2Ed1xFSrylEKDMjLmvkQ}{local}{local[18]}[mode=>local]
[2016-03-30 13:54:37,394][TRACE][org.elasticsearch.indices.recovery] [node_s1] [test][5] sent final batch of [0][0b] (total: [0]) translog operations to {node_s0}{8X2Ed1xFSrylEKDMjLmvkQ}{local}{local[18]}[mode=>local]
[2016-03-30 13:54:37,394][TRACE][org.elasticsearch.indices.recovery] [node_s1] [test][5] recovery [phase2] to {node_s0}{8X2Ed1xFSrylEKDMjLmvkQ}{local}{local[18]}[mode=>local]: took [225.6micros]
[2016-03-30 13:54:37,395][TRACE][org.elasticsearch.indices.recovery] [node_s1] [test][5] finalizing recovery to {node_s0}{8X2Ed1xFSrylEKDMjLmvkQ}{local}{local[18]}[mode=>local]
[2016-03-30 13:54:37,395][TRACE][org.elasticsearch.indices] [node_s0] [test][5] top warming [ElasticsearchDirectoryReader()]
[2016-03-30 13:54:37,395][TRACE][org.elasticsearch.indices.recovery] [node_s1] [test][5] finalizing recovery to {node_s0}{8X2Ed1xFSrylEKDMjLmvkQ}{local}{local[18]}[mode=>local]: took [725.5micros]
[2016-03-30 13:54:37,396][TRACE][org.elasticsearch.indices.recovery] [node_s0] [test][5] marking recovery from {node_s1}{c9PGTkUhQVSZ1aq6LXuXxw}{local}{local[19]}[mode=>local] as done, id [53]
[2016-03-30 13:54:37,396][TRACE][org.elasticsearch.indices.recovery] [node_s0] [test][5] recovery completed from {node_s1}{c9PGTkUhQVSZ1aq6LXuXxw}{local}{local[19]}[mode=>local], took[99ms]
   phase1: recovered_files [1] with total_size of [130b], took [0s], throttling_wait [0s]
         : reusing_files   [0] with total_size of [0b]
   phase2: start took [49ms]
         : recovered [0] transaction log operations, took [0s]

[2016-03-30 13:54:37,425][TRACE][org.elasticsearch.indices.cluster] [node_s0] [test][5] master marked shard as initializing, but shard has state [POST_RECOVERY], resending shard started to {node_s0}{8X2Ed1xFSrylEKDMjLmvkQ}{local}{local[18]}[mode=>local]
[2016-03-30 13:54:37,475][DEBUG][org.elasticsearch.indices.cluster] [node_s0] [test][9] creating shard
[2016-03-30 13:54:37,502][TRACE][org.elasticsearch.indices.recovery] [node_s0] [test][9] started recovery from {node_s3}{Q4P4gfwCSVmM5TnOfNl8Iw}{local}{local[24]}[mode=>local], id [54]
[2016-03-30 13:54:37,502][TRACE][org.elasticsearch.indices.recovery] [node_s0] collecting local files for [test][9] [54]
[2016-03-30 13:54:37,505][TRACE][org.elasticsearch.indices.recovery] [node_s0] [test][9] starting recovery from {node_s3}{Q4P4gfwCSVmM5TnOfNl8Iw}{local}{local[24]}[mode=>local]
[2016-03-30 13:54:37,505][TRACE][org.elasticsearch.indices.recovery] [node_s3] [test][9] starting recovery to {node_s0}{8X2Ed1xFSrylEKDMjLmvkQ}{local}{local[18]}[mode=>local], mark_as_relocated false
[2016-03-30 13:54:37,505][TRACE][org.elasticsearch.indices.recovery] [node_s3] captured translog id [1] for recovery
[2016-03-30 13:54:37,527][TRACE][org.elasticsearch.indices.recovery] [node_s3] [test][9] recovery [phase1] to {node_s0}{8X2Ed1xFSrylEKDMjLmvkQ}{local}{local[18]}[mode=>local]: recovering [segments_1], does not exists in remote
[2016-03-30 13:54:37,528][TRACE][org.elasticsearch.indices.recovery] [node_s3] [test][9] recovery [phase1] to {node_s0}{8X2Ed1xFSrylEKDMjLmvkQ}{local}{local[18]}[mode=>local]: recovering_files [1] with total_size [130b], reusing_files [0] with total_size [0b]
[2016-03-30 13:54:37,533][TRACE][org.elasticsearch.indices.store] [node_s0] not deleting shard [test][3], the update task state version[23] is not equal to cluster state before shard active api call [15]
[2016-03-30 13:54:37,533][TRACE][org.elasticsearch.indices.store] [node_s0] not deleting shard [test][5], the update task state version[23] is not equal to cluster state before shard active api call [15]
[2016-03-30 13:54:37,533][TRACE][org.elasticsearch.indices.store] [node_s0] not deleting shard [test][2], the update task state version[23] is not equal to cluster state before shard active api call [15]
[2016-03-30 13:54:37,533][TRACE][org.elasticsearch.indices.store] [node_s0] not deleting shard [test][8], the update task state version[23] is not equal to cluster state before shard active api call [15]
[2016-03-30 13:54:37,533][TRACE][org.elasticsearch.indices.store] [node_s0] not deleting shard [test][6], the update task state version[23] is not equal to cluster state before shard active api call [15]
[2016-03-30 13:54:37,533][TRACE][org.elasticsearch.indices.store] [node_s0] not deleting shard [test][9], the update task state version[23] is not equal to cluster state before shard active api call [15]
[2016-03-30 13:54:37,534][TRACE][org.elasticsearch.indices.store] [node_s0] not deleting shard [test][0], the update task state version[23] is not equal to cluster state before shard active api call [15]
[2016-03-30 13:54:37,608][TRACE][org.elasticsearch.indices.recovery] [node_s3] [test][9] recovery [phase1] to {node_s0}{8X2Ed1xFSrylEKDMjLmvkQ}{local}{local[18]}[mode=>local]: prepare remote engine for translog
[2016-03-30 13:54:37,627][TRACE][org.elasticsearch.indices] [node_s0] [test][9] warming [ElasticsearchDirectoryReader()]
[2016-03-30 13:54:37,627][TRACE][org.elasticsearch.indices] [node_s0] [test][9] top warming [ElasticsearchDirectoryReader()]
[2016-03-30 13:54:37,639][TRACE][org.elasticsearch.indices.recovery] [node_s3] [test][9] recovery [phase1] to {node_s0}{8X2Ed1xFSrylEKDMjLmvkQ}{local}{local[18]}[mode=>local]: remote engine start took [31.6ms]
[2016-03-30 13:54:37,639][TRACE][org.elasticsearch.indices.recovery] [node_s3] [test][9] recovery [phase1] to {node_s0}{8X2Ed1xFSrylEKDMjLmvkQ}{local}{local[18]}[mode=>local]: took [0s]
[2016-03-30 13:54:37,639][TRACE][org.elasticsearch.indices.recovery] [node_s3] snapshot translog for recovery. current size is [0]
[2016-03-30 13:54:37,639][TRACE][org.elasticsearch.indices.recovery] [node_s3] [test][9] recovery [phase2] to {node_s0}{8X2Ed1xFSrylEKDMjLmvkQ}{local}{local[18]}[mode=>local]: sending transaction log operations
[2016-03-30 13:54:37,640][TRACE][org.elasticsearch.indices.recovery] [node_s3] [test][9] no translog operations to send to {node_s0}{8X2Ed1xFSrylEKDMjLmvkQ}{local}{local[18]}[mode=>local]
[2016-03-30 13:54:37,640][TRACE][org.elasticsearch.indices.recovery] [node_s3] [test][9] sent final batch of [0][0b] (total: [0]) translog operations to {node_s0}{8X2Ed1xFSrylEKDMjLmvkQ}{local}{local[18]}[mode=>local]
[2016-03-30 13:54:37,640][TRACE][org.elasticsearch.indices.recovery] [node_s3] [test][9] recovery [phase2] to {node_s0}{8X2Ed1xFSrylEKDMjLmvkQ}{local}{local[18]}[mode=>local]: took [218.3micros]
[2016-03-30 13:54:37,640][TRACE][org.elasticsearch.indices.recovery] [node_s3] [test][9] finalizing recovery to {node_s0}{8X2Ed1xFSrylEKDMjLmvkQ}{local}{local[18]}[mode=>local]
[2016-03-30 13:54:37,640][TRACE][org.elasticsearch.indices] [node_s0] [test][9] top warming [ElasticsearchDirectoryReader()]
[2016-03-30 13:54:37,641][TRACE][org.elasticsearch.indices.recovery] [node_s3] [test][9] finalizing recovery to {node_s0}{8X2Ed1xFSrylEKDMjLmvkQ}{local}{local[18]}[mode=>local]: took [738.9micros]
[2016-03-30 13:54:37,641][TRACE][org.elasticsearch.indices.recovery] [node_s0] [test][9] marking recovery from {node_s3}{Q4P4gfwCSVmM5TnOfNl8Iw}{local}{local[24]}[mode=>local] as done, id [54]
[2016-03-30 13:54:37,641][TRACE][org.elasticsearch.indices.recovery] [node_s0] [test][9] recovery completed from {node_s3}{Q4P4gfwCSVmM5TnOfNl8Iw}{local}{local[24]}[mode=>local], took[139ms]
   phase1: recovered_files [1] with total_size of [130b], took [0s], throttling_wait [0s]
         : reusing_files   [0] with total_size of [0b]
   phase2: start took [31ms]
         : recovered [0] transaction log operations, took [0s]

[2016-03-30 13:54:37,682][DEBUG][org.elasticsearch.indices.flush] indices [_all] are green
[2016-03-30 13:54:37,691][DEBUG][org.elasticsearch.indices.cluster] [node_s1] [test] adding mapping [doc], source [{"doc":{"_timestamp":{"enabled":true},"dynamic_templates":[{"template-strings":{"mapping":{"fielddata":{"loading":"lazy"}},"match_mapping_type":"string"}},{"template-longs":{"mapping":{"fielddata":{"loading":"lazy"}},"match_mapping_type":"long"}},{"template-doubles":{"mapping":{"fielddata":{"loading":"eager"}},"match_mapping_type":"double"}},{"template-geo_points":{"mapping":{"fielddata":{"loading":"lazy"}},"match_mapping_type":"geo_point"}},{"template-booleans":{"mapping":{"fielddata":{"loading":"lazy"}},"match_mapping_type":"boolean"}}]}}]
[2016-03-30 13:54:37,691][DEBUG][org.elasticsearch.indices.cluster] [node_s3] [test] adding mapping [doc], source [{"doc":{"_timestamp":{"enabled":true},"dynamic_templates":[{"template-strings":{"mapping":{"fielddata":{"loading":"lazy"}},"match_mapping_type":"string"}},{"template-longs":{"mapping":{"fielddata":{"loading":"lazy"}},"match_mapping_type":"long"}},{"template-doubles":{"mapping":{"fielddata":{"loading":"eager"}},"match_mapping_type":"double"}},{"template-geo_points":{"mapping":{"fielddata":{"loading":"lazy"}},"match_mapping_type":"geo_point"}},{"template-booleans":{"mapping":{"fielddata":{"loading":"lazy"}},"match_mapping_type":"boolean"}}]}}]
[2016-03-30 13:54:37,712][DEBUG][org.elasticsearch.indices.memory] [node_s0] recalculating shard indexing buffer, total is [49mb] with [1] active shards, each shard set to indexing=[49mb], translog=[64kb]
[2016-03-30 13:54:37,721][INFO ][org.elasticsearch.indices.flush] --> trying sync flush
[2016-03-30 13:54:37,725][DEBUG][org.elasticsearch.indices.memory] [node_s1] recalculating shard indexing buffer, total is [49mb] with [1] active shards, each shard set to indexing=[49mb], translog=[64kb]
[2016-03-30 13:54:37,725][DEBUG][org.elasticsearch.indices.memory] [node_s3] recalculating shard indexing buffer, total is [49mb] with [1] active shards, each shard set to indexing=[49mb], translog=[64kb]
[2016-03-30 13:54:37,734][TRACE][org.elasticsearch.indices.flush] [node_s0] [test][0] sending pre-synced flush request to [test][0], node[Q4P4gfwCSVmM5TnOfNl8Iw], [P], v[6], s[STARTED], a[id=PxmdX-eVSl6hUDl_OBaHwQ]
[2016-03-30 13:54:37,734][TRACE][org.elasticsearch.indices.breaker.request] [request] Adjusted breaker by [16440] bytes, now [16440]
[2016-03-30 13:54:37,736][TRACE][org.elasticsearch.indices.breaker.request] [request] Adjusted breaker by [-16440] bytes, now [0]
[2016-03-30 13:54:37,736][TRACE][org.elasticsearch.indices.breaker.request] [request] Adjusted breaker by [16440] bytes, now [16440]
[2016-03-30 13:54:37,736][TRACE][org.elasticsearch.indices.breaker.request] [request] Adjusted breaker by [-16440] bytes, now [0]
[2016-03-30 13:54:37,738][DEBUG][org.elasticsearch.indices.memory] [node_s1] recalculating shard indexing buffer, total is [49mb] with [2] active shards, each shard set to indexing=[24.5mb], translog=[64kb]
[2016-03-30 13:54:37,740][TRACE][org.elasticsearch.indices.flush] [node_s0] [test][0] sending pre-synced flush request to [test][0], node[8X2Ed1xFSrylEKDMjLmvkQ], [R], v[6], s[STARTED], a[id=KmrJKcjkTAiyNFQ9N_tYcg]
[2016-03-30 13:54:37,740][TRACE][org.elasticsearch.indices.flush] [node_s0] [test][0] sending pre-synced flush request to [test][0], node[c9PGTkUhQVSZ1aq6LXuXxw], [R], v[6], s[STARTED], a[id=rpE-89zTQsq7i5_goXX7AQ]
[2016-03-30 13:54:37,740][TRACE][org.elasticsearch.indices.flush] [node_s0] [test][1] sending pre-synced flush request to [test][1], node[Q4P4gfwCSVmM5TnOfNl8Iw], [R], v[6], s[STARTED], a[id=qkN9Hz8CT_GJWDkW8lVDkg]
[2016-03-30 13:54:37,740][TRACE][org.elasticsearch.indices.flush] [node_s0] [test][0] performing pre sync flush
[2016-03-30 13:54:37,741][TRACE][org.elasticsearch.indices.flush] [node_s0] [test][1] sending pre-synced flush request to [test][1], node[8X2Ed1xFSrylEKDMjLmvkQ], [P], v[6], s[STARTED], a[id=Ah7pd4ZRR6KKvBSWeVi4KQ]
[2016-03-30 13:54:37,741][TRACE][org.elasticsearch.indices.flush] [node_s3] [test][0] performing pre sync flush
[2016-03-30 13:54:37,741][TRACE][org.elasticsearch.indices.flush] [node_s0] [test][1] sending pre-synced flush request to [test][1], node[c9PGTkUhQVSZ1aq6LXuXxw], [R], v[6], s[STARTED], a[id=iczVhSadRsmqN0u0iBzh3g]
[2016-03-30 13:54:37,741][TRACE][org.elasticsearch.indices.flush] [node_s1] [test][0] performing pre sync flush
[2016-03-30 13:54:37,741][TRACE][org.elasticsearch.indices.flush] [node_s0] [test][2] sending pre-synced flush request to [test][2], node[Q4P4gfwCSVmM5TnOfNl8Iw], [R], v[6], s[STARTED], a[id=LsQ9ssSLSBGVCsvyjL6_rw]
[2016-03-30 13:54:37,741][TRACE][org.elasticsearch.indices.flush] [node_s0] [test][2] sending pre-synced flush request to [test][2], node[8X2Ed1xFSrylEKDMjLmvkQ], [R], v[6], s[STARTED], a[id=dewiYdKPSqmd7TY-rTflCA]
[2016-03-30 13:54:37,741][TRACE][org.elasticsearch.indices.flush] [node_s0] [test][2] sending pre-synced flush request to [test][2], node[c9PGTkUhQVSZ1aq6LXuXxw], [P], v[6], s[STARTED], a[id=geqCC5twRU6PgQq3hICu8A]
[2016-03-30 13:54:37,742][TRACE][org.elasticsearch.indices.flush] [node_s0] [test][3] sending pre-synced flush request to [test][3], node[Q4P4gfwCSVmM5TnOfNl8Iw], [P], v[6], s[STARTED], a[id=m17eokiHR_6jcY52EnyIjw]
[2016-03-30 13:54:37,742][TRACE][org.elasticsearch.indices.flush] [node_s0] [test][3] sending pre-synced flush request to [test][3], node[8X2Ed1xFSrylEKDMjLmvkQ], [R], v[6], s[STARTED], a[id=nHZxBK-STXa_E4T92dO9gw]
[2016-03-30 13:54:37,742][TRACE][org.elasticsearch.indices.flush] [node_s0] [test][3] sending pre-synced flush request to [test][3], node[c9PGTkUhQVSZ1aq6LXuXxw], [R], v[6], s[STARTED], a[id=CYt5pf0qTH24HR1UNOGsKw]
[2016-03-30 13:54:37,742][TRACE][org.elasticsearch.indices.flush] [node_s0] [test][4] sending pre-synced flush request to [test][4], node[Q4P4gfwCSVmM5TnOfNl8Iw], [R], v[6], s[STARTED], a[id=AuDfOkGCTcmG3MQRqTSgFw]
[2016-03-30 13:54:37,742][TRACE][org.elasticsearch.indices.flush] [node_s0] [test][4] sending pre-synced flush request to [test][4], node[8X2Ed1xFSrylEKDMjLmvkQ], [P], v[6], s[STARTED], a[id=v1cLA_7eR2mdDJLxrtQ0XQ]
[2016-03-30 13:54:37,742][TRACE][org.elasticsearch.indices.flush] [node_s0] [test][4] sending pre-synced flush request to [test][4], node[c9PGTkUhQVSZ1aq6LXuXxw], [R], v[6], s[STARTED], a[id=Kvi5P2iFSFuTbWLJoQyQuQ]
[2016-03-30 13:54:37,742][TRACE][org.elasticsearch.indices.flush] [node_s0] [test][5] sending pre-synced flush request to [test][5], node[Q4P4gfwCSVmM5TnOfNl8Iw], [R], v[6], s[STARTED], a[id=01ceLA8US_OdVlwWMqwN1w]
[2016-03-30 13:54:37,742][TRACE][org.elasticsearch.indices.flush] [node_s0] [test][5] sending pre-synced flush request to [test][5], node[8X2Ed1xFSrylEKDMjLmvkQ], [R], v[6], s[STARTED], a[id=XE5qPGHRRl2x-d5xQPXXHQ]
[2016-03-30 13:54:37,742][TRACE][org.elasticsearch.indices.flush] [node_s0] [test][5] sending pre-synced flush request to [test][5], node[c9PGTkUhQVSZ1aq6LXuXxw], [P], v[6], s[STARTED], a[id=UH-XUYJ5Rt2eTaFEcQXBAg]
[2016-03-30 13:54:37,743][TRACE][org.elasticsearch.indices.flush] [node_s0] [test][6] sending pre-synced flush request to [test][6], node[Q4P4gfwCSVmM5TnOfNl8Iw], [P], v[5], s[STARTED], a[id=LBFzAK5kRHaRtkApYaLioQ]
[2016-03-30 13:54:37,743][TRACE][org.elasticsearch.indices.flush] [node_s0] [test][6] sending pre-synced flush request to [test][6], node[8X2Ed1xFSrylEKDMjLmvkQ], [R], v[5], s[STARTED], a[id=KUjzlGnXQp2giKAaiVd6Cg]
[2016-03-30 13:54:37,743][TRACE][org.elasticsearch.indices.flush] [node_s0] [test][6] sending pre-synced flush request to [test][6], node[c9PGTkUhQVSZ1aq6LXuXxw], [R], v[5], s[STARTED], a[id=YvVxaVNhSaeI4j1_dq_BPw]
[2016-03-30 13:54:37,743][TRACE][org.elasticsearch.indices.flush] [node_s0] [test][7] sending pre-synced flush request to [test][7], node[Q4P4gfwCSVmM5TnOfNl8Iw], [R], v[4], s[STARTED], a[id=-RFuqz8KS02TTE5h-rWOdA]
[2016-03-30 13:54:37,743][TRACE][org.elasticsearch.indices.flush] [node_s0] [test][7] sending pre-synced flush request to [test][7], node[8X2Ed1xFSrylEKDMjLmvkQ], [P], v[4], s[STARTED], a[id=qSHRQUiWS4y7GSuXyGBjPA]
[2016-03-30 13:54:37,743][TRACE][org.elasticsearch.indices.flush] [node_s0] [test][7] sending pre-synced flush request to [test][7], node[c9PGTkUhQVSZ1aq6LXuXxw], [R], v[4], s[STARTED], a[id=UnDEVYRsS3SwzuPUii_xCQ]
[2016-03-30 13:54:37,744][TRACE][org.elasticsearch.indices.flush] [node_s0] [test][8] sending pre-synced flush request to [test][8], node[Q4P4gfwCSVmM5TnOfNl8Iw], [R], v[5], s[STARTED], a[id=nx5alhkRSFm1nCdZz_opDg]
[2016-03-30 13:54:37,744][TRACE][org.elasticsearch.indices.flush] [node_s0] [test][8] sending pre-synced flush request to [test][8], node[8X2Ed1xFSrylEKDMjLmvkQ], [R], v[5], s[STARTED], a[id=5B1vx-tVQOOcEuPiv7TVVw]
[2016-03-30 13:54:37,744][TRACE][org.elasticsearch.indices.flush] [node_s0] [test][8] sending pre-synced flush request to [test][8], node[c9PGTkUhQVSZ1aq6LXuXxw], [P], v[5], s[STARTED], a[id=p32KCS1tRD-ie9xQPQD4_A]
[2016-03-30 13:54:37,744][TRACE][org.elasticsearch.indices.flush] [node_s0] [test][9] sending pre-synced flush request to [test][9], node[Q4P4gfwCSVmM5TnOfNl8Iw], [P], v[6], s[STARTED], a[id=7tO48xk2Slq3r9ALwgqxzw]
[2016-03-30 13:54:37,744][TRACE][org.elasticsearch.indices.flush] [node_s0] [test][9] sending pre-synced flush request to [test][9], node[8X2Ed1xFSrylEKDMjLmvkQ], [R], v[6], s[STARTED], a[id=3DyU-c2CRGCJ7i7cct1DoA]
[2016-03-30 13:54:37,745][TRACE][org.elasticsearch.indices.flush] [node_s0] [test][9] sending pre-synced flush request to [test][9], node[c9PGTkUhQVSZ1aq6LXuXxw], [R], v[6], s[STARTED], a[id=m2ctSIEwRfOmIenYitrgPw]
[2016-03-30 13:54:37,745][TRACE][org.elasticsearch.indices.flush] [node_s3] [test][0] pre sync flush done. commit id VK1nW4wmURky6W22z8hshg==
[2016-03-30 13:54:37,746][TRACE][org.elasticsearch.indices.flush] [node_s3] [test][1] performing pre sync flush
[2016-03-30 13:54:37,746][TRACE][org.elasticsearch.indices.flush] [node_s0] [test][0] pre sync flush done. commit id VK1nW4wmURky6W22z8hsjw==
[2016-03-30 13:54:37,746][TRACE][org.elasticsearch.indices.flush] [node_s1] [test][0] pre sync flush done. commit id VK1nW4wmURky6W22z8hskA==
[2016-03-30 13:54:37,746][TRACE][org.elasticsearch.indices.flush] [node_s0] [test][1] performing pre sync flush
[2016-03-30 13:54:37,746][TRACE][org.elasticsearch.indices.flush] [node_s1] [test][1] performing pre sync flush
[2016-03-30 13:54:37,749][TRACE][org.elasticsearch.indices.breaker.request] [request] Adjusted breaker by [16440] bytes, now [16440]
[2016-03-30 13:54:37,749][TRACE][org.elasticsearch.indices.breaker.request] [request] Adjusted breaker by [-16440] bytes, now [0]
[2016-03-30 13:54:37,750][TRACE][org.elasticsearch.indices.flush] [node_s0] [test][0] retrieving in flight operation count
[2016-03-30 13:54:37,750][DEBUG][org.elasticsearch.indices.memory] [node_s0] recalculating shard indexing buffer, total is [49mb] with [2] active shards, each shard set to indexing=[24.5mb], translog=[64kb]
[2016-03-30 13:54:37,751][DEBUG][org.elasticsearch.indices.memory] [node_s3] recalculating shard indexing buffer, total is [49mb] with [2] active shards, each shard set to indexing=[24.5mb], translog=[64kb]
[2016-03-30 13:54:37,754][TRACE][org.elasticsearch.indices.flush] [node_s3] [test][0] in flight operations sampled at [0]
[2016-03-30 13:54:37,754][TRACE][org.elasticsearch.indices.flush] [node_s0] [test][0] sending synced flush request to [test][0], node[Q4P4gfwCSVmM5TnOfNl8Iw], [P], v[6], s[STARTED], a[id=PxmdX-eVSl6hUDl_OBaHwQ]. sync id [AVPJTn26cuDhFsMJAmJ8].
[2016-03-30 13:54:37,761][TRACE][org.elasticsearch.indices.flush] [node_s0] [test][0] sending synced flush request to [test][0], node[8X2Ed1xFSrylEKDMjLmvkQ], [R], v[6], s[STARTED], a[id=KmrJKcjkTAiyNFQ9N_tYcg]. sync id [AVPJTn26cuDhFsMJAmJ8].
[2016-03-30 13:54:37,761][TRACE][org.elasticsearch.indices.flush] [node_s0] [test][0] sending synced flush request to [test][0], node[c9PGTkUhQVSZ1aq6LXuXxw], [R], v[6], s[STARTED], a[id=rpE-89zTQsq7i5_goXX7AQ]. sync id [AVPJTn26cuDhFsMJAmJ8].
[2016-03-30 13:54:37,765][TRACE][org.elasticsearch.indices.breaker.request] [request] Adjusted breaker by [16440] bytes, now [16440]
[2016-03-30 13:54:37,766][TRACE][org.elasticsearch.indices.breaker.request] [request] Adjusted breaker by [-16440] bytes, now [0]
[2016-03-30 13:54:37,767][DEBUG][org.elasticsearch.indices.memory] [node_s3] recalculating shard indexing buffer, total is [49mb] with [3] active shards, each shard set to indexing=[16.3mb], translog=[64kb]
[2016-03-30 13:54:37,777][TRACE][org.elasticsearch.indices.breaker.request] [request] Adjusted breaker by [16440] bytes, now [16440]
[2016-03-30 13:54:37,777][TRACE][org.elasticsearch.indices.breaker.request] [request] Adjusted breaker by [-16440] bytes, now [0]
[2016-03-30 13:54:37,778][DEBUG][org.elasticsearch.indices.memory] [node_s0] recalculating shard indexing buffer, total is [49mb] with [3] active shards, each shard set to indexing=[16.3mb], translog=[64kb]
[2016-03-30 13:54:37,778][DEBUG][org.elasticsearch.indices.memory] [node_s1] recalculating shard indexing buffer, total is [49mb] with [3] active shards, each shard set to indexing=[16.3mb], translog=[64kb]
[2016-03-30 13:54:37,791][TRACE][org.elasticsearch.indices.breaker.request] [request] Adjusted breaker by [16440] bytes, now [16440]
[2016-03-30 13:54:37,791][TRACE][org.elasticsearch.indices.breaker.request] [request] Adjusted breaker by [-16440] bytes, now [0]
[2016-03-30 13:54:37,793][DEBUG][org.elasticsearch.indices.memory] [node_s3] recalculating shard indexing buffer, total is [49mb] with [4] active shards, each shard set to indexing=[12.2mb], translog=[64kb]
[2016-03-30 13:54:37,804][TRACE][org.elasticsearch.indices.breaker.request] [request] Adjusted breaker by [16440] bytes, now [16440]
[2016-03-30 13:54:37,805][TRACE][org.elasticsearch.indices.breaker.request] [request] Adjusted breaker by [-16440] bytes, now [0]
[2016-03-30 13:54:37,805][DEBUG][org.elasticsearch.indices.memory] [node_s0] recalculating shard indexing buffer, total is [49mb] with [4] active shards, each shard set to indexing=[12.2mb], translog=[64kb]
[2016-03-30 13:54:37,805][DEBUG][org.elasticsearch.indices.memory] [node_s1] recalculating shard indexing buffer, total is [49mb] with [4] active shards, each shard set to indexing=[12.2mb], translog=[64kb]
[2016-03-30 13:54:37,817][TRACE][org.elasticsearch.indices.breaker.request] [request] Adjusted breaker by [16440] bytes, now [16440]
[2016-03-30 13:54:37,818][TRACE][org.elasticsearch.indices.breaker.request] [request] Adjusted breaker by [-16440] bytes, now [0]
[2016-03-30 13:54:37,819][DEBUG][org.elasticsearch.indices.memory] [node_s0] recalculating shard indexing buffer, total is [49mb] with [5] active shards, each shard set to indexing=[9.8mb], translog=[64kb]
[2016-03-30 13:54:37,830][DEBUG][org.elasticsearch.indices.memory] [node_s3] recalculating shard indexing buffer, total is [49mb] with [5] active shards, each shard set to indexing=[9.8mb], translog=[64kb]
[2016-03-30 13:54:37,830][DEBUG][org.elasticsearch.indices.memory] [node_s1] recalculating shard indexing buffer, total is [49mb] with [5] active shards, each shard set to indexing=[9.8mb], translog=[64kb]
[2016-03-30 13:54:37,848][TRACE][org.elasticsearch.indices.breaker.request] [request] Adjusted breaker by [16440] bytes, now [16440]
[2016-03-30 13:54:37,848][TRACE][org.elasticsearch.indices.breaker.request] [request] Adjusted breaker by [-16440] bytes, now [0]
[2016-03-30 13:54:37,849][TRACE][org.elasticsearch.indices.breaker.request] [request] Adjusted breaker by [16440] bytes, now [16440]
[2016-03-30 13:54:37,849][TRACE][org.elasticsearch.indices.breaker.request] [request] Adjusted breaker by [-16440] bytes, now [0]
[2016-03-30 13:54:37,851][TRACE][org.elasticsearch.indices.breaker.request] [request] Adjusted breaker by [16440] bytes, now [16440]
[2016-03-30 13:54:37,851][TRACE][org.elasticsearch.indices.breaker.request] [request] Adjusted breaker by [-16440] bytes, now [0]
[2016-03-30 13:54:37,852][TRACE][org.elasticsearch.indices.breaker.request] [request] Adjusted breaker by [16440] bytes, now [16440]
[2016-03-30 13:54:37,852][TRACE][org.elasticsearch.indices.breaker.request] [request] Adjusted breaker by [-16440] bytes, now [0]
[2016-03-30 13:54:37,854][DEBUG][org.elasticsearch.indices.memory] [node_s3] recalculating shard indexing buffer, total is [49mb] with [6] active shards, each shard set to indexing=[8.1mb], translog=[64kb]
[2016-03-30 13:54:37,871][TRACE][org.elasticsearch.indices.breaker.request] [request] Adjusted breaker by [16440] bytes, now [16440]
[2016-03-30 13:54:37,871][TRACE][org.elasticsearch.indices.breaker.request] [request] Adjusted breaker by [-16440] bytes, now [0]
[2016-03-30 13:54:37,872][DEBUG][org.elasticsearch.indices.memory] [node_s1] recalculating shard indexing buffer, total is [49mb] with [6] active shards, each shard set to indexing=[8.1mb], translog=[64kb]
[2016-03-30 13:54:37,872][DEBUG][org.elasticsearch.indices.memory] [node_s0] recalculating shard indexing buffer, total is [49mb] with [6] active shards, each shard set to indexing=[8.1mb], translog=[64kb]
[2016-03-30 13:54:37,888][TRACE][org.elasticsearch.indices.breaker.request] [request] Adjusted breaker by [16440] bytes, now [16440]
[2016-03-30 13:54:37,888][TRACE][org.elasticsearch.indices.breaker.request] [request] Adjusted breaker by [-16440] bytes, now [0]
[2016-03-30 13:54:37,915][TRACE][org.elasticsearch.indices.breaker.request] [request] Adjusted breaker by [16440] bytes, now [16440]
[2016-03-30 13:54:37,915][TRACE][org.elasticsearch.indices.breaker.request] [request] Adjusted breaker by [-16440] bytes, now [0]
[2016-03-30 13:54:37,917][TRACE][org.elasticsearch.indices.breaker.request] [request] Adjusted breaker by [16440] bytes, now [16440]
[2016-03-30 13:54:37,917][TRACE][org.elasticsearch.indices.breaker.request] [request] Adjusted breaker by [-16440] bytes, now [0]
[2016-03-30 13:54:37,917][TRACE][org.elasticsearch.indices] [node_s1] [test][1] warming [MultiReader(FilterLeafReader(_0(5.4.0):c1))]
[2016-03-30 13:54:37,918][TRACE][org.elasticsearch.indices] [node_s1] [test][1] top warming [ElasticsearchDirectoryReader(FilterLeafReader(_0(5.4.0):c1))]
[2016-03-30 13:54:37,918][TRACE][org.elasticsearch.indices] [node_s3] [test][1] warming [MultiReader(FilterLeafReader(_0(5.4.0):c1))]
[2016-03-30 13:54:37,918][TRACE][org.elasticsearch.indices] [node_s3] [test][1] top warming [ElasticsearchDirectoryReader(FilterLeafReader(_0(5.4.0):c1))]
[2016-03-30 13:54:37,918][DEBUG][org.elasticsearch.indices.memory] [node_s3] recalculating shard indexing buffer, total is [49mb] with [7] active shards, each shard set to indexing=[7mb], translog=[64kb]
[2016-03-30 13:54:37,924][TRACE][org.elasticsearch.indices.flush] [node_s3] [test][1] pre sync flush done. commit id VK1nW4wmURky6W22z8hssw==
[2016-03-30 13:54:37,924][TRACE][org.elasticsearch.indices.flush] [node_s3] [test][2] performing pre sync flush
[2016-03-30 13:54:37,925][TRACE][org.elasticsearch.indices.flush] [node_s1] [test][1] pre sync flush done. commit id VK1nW4wmURky6W22z8hssg==
[2016-03-30 13:54:37,925][TRACE][org.elasticsearch.indices.flush] [node_s1] [test][2] performing pre sync flush
[2016-03-30 13:54:37,930][TRACE][org.elasticsearch.indices.breaker.request] [request] Adjusted breaker by [16440] bytes, now [16440]
[2016-03-30 13:54:37,930][TRACE][org.elasticsearch.indices.breaker.request] [request] Adjusted breaker by [-16440] bytes, now [0]
[2016-03-30 13:54:37,931][DEBUG][org.elasticsearch.indices.memory] [node_s0] recalculating shard indexing buffer, total is [49mb] with [7] active shards, each shard set to indexing=[7mb], translog=[64kb]
[2016-03-30 13:54:37,931][DEBUG][org.elasticsearch.indices.memory] [node_s1] recalculating shard indexing buffer, total is [49mb] with [7] active shards, each shard set to indexing=[7mb], translog=[64kb]
[2016-03-30 13:54:37,943][TRACE][org.elasticsearch.indices.breaker.request] [request] Adjusted breaker by [16440] bytes, now [16440]
[2016-03-30 13:54:37,943][TRACE][org.elasticsearch.indices.breaker.request] [request] Adjusted breaker by [-16440] bytes, now [0]
[2016-03-30 13:54:37,945][TRACE][org.elasticsearch.indices.breaker.request] [request] Adjusted breaker by [16440] bytes, now [16440]
[2016-03-30 13:54:37,945][TRACE][org.elasticsearch.indices.breaker.request] [request] Adjusted breaker by [-16440] bytes, now [0]
[2016-03-30 13:54:37,946][TRACE][org.elasticsearch.indices.breaker.request] [request] Adjusted breaker by [16440] bytes, now [16440]
[2016-03-30 13:54:37,946][TRACE][org.elasticsearch.indices.breaker.request] [request] Adjusted breaker by [-16440] bytes, now [0]
[2016-03-30 13:54:37,948][TRACE][org.elasticsearch.indices.breaker.request] [request] Adjusted breaker by [16440] bytes, now [16440]
[2016-03-30 13:54:37,948][TRACE][org.elasticsearch.indices.breaker.request] [request] Adjusted breaker by [-16440] bytes, now [0]
[2016-03-30 13:54:37,949][TRACE][org.elasticsearch.indices.breaker.request] [request] Adjusted breaker by [16440] bytes, now [16440]
[2016-03-30 13:54:37,949][TRACE][org.elasticsearch.indices.breaker.request] [request] Adjusted breaker by [-16440] bytes, now [0]
[2016-03-30 13:54:37,950][DEBUG][org.elasticsearch.indices.memory] [node_s0] recalculating shard indexing buffer, total is [49mb] with [8] active shards, each shard set to indexing=[6.1mb], translog=[64kb]
[2016-03-30 13:54:37,961][DEBUG][org.elasticsearch.indices.memory] [node_s3] recalculating shard indexing buffer, total is [49mb] with [8] active shards, each shard set to indexing=[6.1mb], translog=[64kb]
[2016-03-30 13:54:37,961][DEBUG][org.elasticsearch.indices.memory] [node_s1] recalculating shard indexing buffer, total is [49mb] with [8] active shards, each shard set to indexing=[6.1mb], translog=[64kb]
[2016-03-30 13:54:37,971][TRACE][org.elasticsearch.indices.breaker.request] [request] Adjusted breaker by [16440] bytes, now [16440]
[2016-03-30 13:54:37,971][TRACE][org.elasticsearch.indices.breaker.request] [request] Adjusted breaker by [-16440] bytes, now [0]
[2016-03-30 13:54:37,972][TRACE][org.elasticsearch.indices.breaker.request] [request] Adjusted breaker by [16440] bytes, now [16440]
[2016-03-30 13:54:37,972][TRACE][org.elasticsearch.indices.breaker.request] [request] Adjusted breaker by [-16440] bytes, now [0]
[2016-03-30 13:54:37,984][TRACE][org.elasticsearch.indices.breaker.request] [request] Adjusted breaker by [16440] bytes, now [16440]
[2016-03-30 13:54:37,984][TRACE][org.elasticsearch.indices.breaker.request] [request] Adjusted breaker by [16440] bytes, now [16440]
[2016-03-30 13:54:37,984][TRACE][org.elasticsearch.indices.breaker.request] [request] Adjusted breaker by [-16440] bytes, now [0]
[2016-03-30 13:54:37,984][TRACE][org.elasticsearch.indices.breaker.request] [request] Adjusted breaker by [-16440] bytes, now [0]
[2016-03-30 13:54:37,986][TRACE][org.elasticsearch.indices.breaker.request] [request] Adjusted breaker by [16440] bytes, now [16440]
[2016-03-30 13:54:37,987][TRACE][org.elasticsearch.indices.breaker.request] [request] Adjusted breaker by [-16440] bytes, now [0]
[2016-03-30 13:54:37,987][TRACE][org.elasticsearch.indices.breaker.request] [request] Adjusted breaker by [16440] bytes, now [16440]
[2016-03-30 13:54:37,988][TRACE][org.elasticsearch.indices.breaker.request] [request] Adjusted breaker by [-16440] bytes, now [0]
[2016-03-30 13:54:37,989][DEBUG][org.elasticsearch.indices.memory] [node_s1] recalculating shard indexing buffer, total is [49mb] with [9] active shards, each shard set to indexing=[5.4mb], translog=[64kb]
[2016-03-30 13:54:37,999][TRACE][org.elasticsearch.indices.breaker.request] [request] Adjusted breaker by [16440] bytes, now [16440]
[2016-03-30 13:54:37,999][TRACE][org.elasticsearch.indices.breaker.request] [request] Adjusted breaker by [-16440] bytes, now [0]
[2016-03-30 13:54:38,000][DEBUG][org.elasticsearch.indices.memory] [node_s3] recalculating shard indexing buffer, total is [49mb] with [9] active shards, each shard set to indexing=[5.4mb], translog=[64kb]
[2016-03-30 13:54:38,000][DEBUG][org.elasticsearch.indices.memory] [node_s0] recalculating shard indexing buffer, total is [49mb] with [9] active shards, each shard set to indexing=[5.4mb], translog=[64kb]
[2016-03-30 13:54:38,011][TRACE][org.elasticsearch.indices.breaker.request] [request] Adjusted breaker by [16440] bytes, now [16440]
[2016-03-30 13:54:38,011][TRACE][org.elasticsearch.indices.breaker.request] [request] Adjusted breaker by [-16440] bytes, now [0]
[2016-03-30 13:54:38,013][TRACE][org.elasticsearch.indices.breaker.request] [request] Adjusted breaker by [16440] bytes, now [16440]
[2016-03-30 13:54:38,013][TRACE][org.elasticsearch.indices.breaker.request] [request] Adjusted breaker by [-16440] bytes, now [0]
[2016-03-30 13:54:38,014][TRACE][org.elasticsearch.indices.breaker.request] [request] Adjusted breaker by [16440] bytes, now [16440]
[2016-03-30 13:54:38,014][TRACE][org.elasticsearch.indices.breaker.request] [request] Adjusted breaker by [-16440] bytes, now [0]
[2016-03-30 13:54:38,017][TRACE][org.elasticsearch.indices.breaker.request] [request] Adjusted breaker by [16440] bytes, now [16440]
[2016-03-30 13:54:38,017][TRACE][org.elasticsearch.indices.breaker.request] [request] Adjusted breaker by [16440] bytes, now [16440]
[2016-03-30 13:54:38,017][TRACE][org.elasticsearch.indices.breaker.request] [request] Adjusted breaker by [-16440] bytes, now [0]
[2016-03-30 13:54:38,017][TRACE][org.elasticsearch.indices.breaker.request] [request] Adjusted breaker by [-16440] bytes, now [0]
[2016-03-30 13:54:38,020][TRACE][org.elasticsearch.indices.breaker.request] [request] Adjusted breaker by [16440] bytes, now [16440]
[2016-03-30 13:54:38,020][TRACE][org.elasticsearch.indices.breaker.request] [request] Adjusted breaker by [16440] bytes, now [16440]
[2016-03-30 13:54:38,020][TRACE][org.elasticsearch.indices.breaker.request] [request] Adjusted breaker by [-16440] bytes, now [0]
[2016-03-30 13:54:38,020][TRACE][org.elasticsearch.indices.breaker.request] [request] Adjusted breaker by [-16440] bytes, now [0]
[2016-03-30 13:54:38,022][TRACE][org.elasticsearch.indices.breaker.request] [request] Adjusted breaker by [16440] bytes, now [16440]
[2016-03-30 13:54:38,022][TRACE][org.elasticsearch.indices] [node_s0] [test][1] warming [MultiReader(FilterLeafReader(_0(5.4.0):c1) FilterLeafReader(_1(5.4.0):c1))]
[2016-03-30 13:54:38,022][TRACE][org.elasticsearch.indices.breaker.request] [request] Adjusted breaker by [-16440] bytes, now [0]
[2016-03-30 13:54:38,022][TRACE][org.elasticsearch.indices] [node_s0] [test][1] top warming [ElasticsearchDirectoryReader(FilterLeafReader(_0(5.4.0):c1) FilterLeafReader(_1(5.4.0):c1))]
[2016-03-30 13:54:38,023][TRACE][org.elasticsearch.indices.breaker.request] [request] Adjusted breaker by [16440] bytes, now [16440]
[2016-03-30 13:54:38,023][TRACE][org.elasticsearch.indices.breaker.request] [request] Adjusted breaker by [-16440] bytes, now [0]
[2016-03-30 13:54:38,026][TRACE][org.elasticsearch.indices.breaker.request] [request] Adjusted breaker by [16440] bytes, now [16440]
[2016-03-30 13:54:38,026][TRACE][org.elasticsearch.indices.breaker.request] [request] Adjusted breaker by [-16440] bytes, now [0]
[2016-03-30 13:54:38,027][TRACE][org.elasticsearch.indices.breaker.request] [request] Adjusted breaker by [16440] bytes, now [16440]
[2016-03-30 13:54:38,028][TRACE][org.elasticsearch.indices.breaker.request] [request] Adjusted breaker by [-16440] bytes, now [0]
[2016-03-30 13:54:38,029][DEBUG][org.elasticsearch.indices.memory] [node_s1] recalculating shard indexing buffer, total is [49mb] with [10] active shards, each shard set to indexing=[4.9mb], translog=[64kb]
[2016-03-30 13:54:38,036][TRACE][org.elasticsearch.indices.flush] [node_s0] [test][1] pre sync flush done. commit id VK1nW4wmURky6W22z8hssA==
[2016-03-30 13:54:38,036][TRACE][org.elasticsearch.indices.flush] [node_s0] [test][1] retrieving in flight operation count
[2016-03-30 13:54:38,036][TRACE][org.elasticsearch.indices.flush] [node_s0] [test][1] in flight operations sampled at [0]
[2016-03-30 13:54:38,036][TRACE][org.elasticsearch.indices.flush] [node_s0] [test][1] sending synced flush request to [test][1], node[Q4P4gfwCSVmM5TnOfNl8Iw], [R], v[6], s[STARTED], a[id=qkN9Hz8CT_GJWDkW8lVDkg]. sync id [AVPJTn7UcuDhFsMJAmKQ].
[2016-03-30 13:54:38,036][TRACE][org.elasticsearch.indices.flush] [node_s0] [test][1] sending synced flush request to [test][1], node[8X2Ed1xFSrylEKDMjLmvkQ], [P], v[6], s[STARTED], a[id=Ah7pd4ZRR6KKvBSWeVi4KQ]. sync id [AVPJTn7UcuDhFsMJAmKQ].
[2016-03-30 13:54:38,036][TRACE][org.elasticsearch.indices.flush] [node_s0] [test][1] sending synced flush request to [test][1], node[c9PGTkUhQVSZ1aq6LXuXxw], [R], v[6], s[STARTED], a[id=iczVhSadRsmqN0u0iBzh3g]. sync id [AVPJTn7UcuDhFsMJAmKQ].
[2016-03-30 13:54:38,036][TRACE][org.elasticsearch.indices.flush] [node_s0] [test][2] performing pre sync flush
[2016-03-30 13:54:38,038][TRACE][org.elasticsearch.indices.breaker.request] [request] Adjusted breaker by [16440] bytes, now [16440]
[2016-03-30 13:54:38,039][TRACE][org.elasticsearch.indices.breaker.request] [request] Adjusted breaker by [-16440] bytes, now [0]
[2016-03-30 13:54:38,039][DEBUG][org.elasticsearch.indices.memory] [node_s3] recalculating shard indexing buffer, total is [49mb] with [10] active shards, each shard set to indexing=[4.9mb], translog=[64kb]
[2016-03-30 13:54:38,039][DEBUG][org.elasticsearch.indices.memory] [node_s0] recalculating shard indexing buffer, total is [49mb] with [10] active shards, each shard set to indexing=[4.9mb], translog=[64kb]
[2016-03-30 13:54:38,050][TRACE][org.elasticsearch.indices.breaker.request] [request] Adjusted breaker by [16440] bytes, now [16440]
[2016-03-30 13:54:38,050][TRACE][org.elasticsearch.indices.breaker.request] [request] Adjusted breaker by [-16440] bytes, now [0]
[2016-03-30 13:54:38,062][TRACE][org.elasticsearch.indices.breaker.request] [request] Adjusted breaker by [16440] bytes, now [16440]
[2016-03-30 13:54:38,062][TRACE][org.elasticsearch.indices.breaker.request] [request] Adjusted breaker by [-16440] bytes, now [0]
[2016-03-30 13:54:38,063][TRACE][org.elasticsearch.indices.breaker.request] [request] Adjusted breaker by [16440] bytes, now [16440]
[2016-03-30 13:54:38,063][TRACE][org.elasticsearch.indices.breaker.request] [request] Adjusted breaker by [-16440] bytes, now [0]
[2016-03-30 13:54:38,065][TRACE][org.elasticsearch.indices.breaker.request] [request] Adjusted breaker by [16440] bytes, now [16440]
[2016-03-30 13:54:38,065][TRACE][org.elasticsearch.indices.breaker.request] [request] Adjusted breaker by [-16440] bytes, now [0]
[2016-03-30 13:54:38,066][TRACE][org.elasticsearch.indices] [node_s3] [test][2] warming [MultiReader(FilterLeafReader(_0(5.4.0):c1))]
[2016-03-30 13:54:38,066][TRACE][org.elasticsearch.indices.breaker.request] [request] Adjusted breaker by [16440] bytes, now [16440]
[2016-03-30 13:54:38,066][TRACE][org.elasticsearch.indices] [node_s3] [test][2] top warming [ElasticsearchDirectoryReader(FilterLeafReader(_0(5.4.0):c1))]
[2016-03-30 13:54:38,066][TRACE][org.elasticsearch.indices.breaker.request] [request] Adjusted breaker by [-16440] bytes, now [0]
[2016-03-30 13:54:38,068][TRACE][org.elasticsearch.indices.breaker.request] [request] Adjusted breaker by [16440] bytes, now [16440]
[2016-03-30 13:54:38,068][TRACE][org.elasticsearch.indices.breaker.request] [request] Adjusted breaker by [-16440] bytes, now [0]
[2016-03-30 13:54:38,068][TRACE][org.elasticsearch.indices] [node_s1] [test][2] warming [MultiReader(FilterLeafReader(_0(5.4.0):c1))]
[2016-03-30 13:54:38,068][TRACE][org.elasticsearch.indices] [node_s1] [test][2] top warming [ElasticsearchDirectoryReader(FilterLeafReader(_0(5.4.0):c1))]
[2016-03-30 13:54:38,069][TRACE][org.elasticsearch.indices.breaker.request] [request] Adjusted breaker by [16440] bytes, now [16440]
[2016-03-30 13:54:38,069][TRACE][org.elasticsearch.indices.breaker.request] [request] Adjusted breaker by [-16440] bytes, now [0]
[2016-03-30 13:54:38,071][TRACE][org.elasticsearch.indices.breaker.request] [request] Adjusted breaker by [16440] bytes, now [16440]
[2016-03-30 13:54:38,071][TRACE][org.elasticsearch.indices.breaker.request] [request] Adjusted breaker by [-16440] bytes, now [0]
[2016-03-30 13:54:38,072][TRACE][org.elasticsearch.indices.breaker.request] [request] Adjusted breaker by [16440] bytes, now [16440]
[2016-03-30 13:54:38,072][TRACE][org.elasticsearch.indices.breaker.request] [request] Adjusted breaker by [-16440] bytes, now [0]
[2016-03-30 13:54:38,074][TRACE][org.elasticsearch.indices.flush] [node_s1] [test][2] pre sync flush done. commit id VK1nW4wmURky6W22z8hsxA==
[2016-03-30 13:54:38,074][TRACE][org.elasticsearch.indices.flush] [node_s1] [test][3] performing pre sync flush
[2016-03-30 13:54:38,076][TRACE][org.elasticsearch.indices.breaker.request] [request] Adjusted breaker by [16440] bytes, now [16440]
[2016-03-30 13:54:38,076][TRACE][org.elasticsearch.indices.breaker.request] [request] Adjusted breaker by [-16440] bytes, now [0]
[2016-03-30 13:54:38,077][TRACE][org.elasticsearch.indices.breaker.request] [request] Adjusted breaker by [16440] bytes, now [16440]
[2016-03-30 13:54:38,078][TRACE][org.elasticsearch.indices.breaker.request] [request] Adjusted breaker by [-16440] bytes, now [0]
[2016-03-30 13:54:38,086][TRACE][org.elasticsearch.indices.flush] [node_s3] [test][2] pre sync flush done. commit id VK1nW4wmURky6W22z8hsww==
[2016-03-30 13:54:38,086][TRACE][org.elasticsearch.indices.breaker.request] [request] Adjusted breaker by [16440] bytes, now [16440]
[2016-03-30 13:54:38,086][TRACE][org.elasticsearch.indices.flush] [node_s3] [test][3] performing pre sync flush
[2016-03-30 13:54:38,087][TRACE][org.elasticsearch.indices.breaker.request] [request] Adjusted breaker by [-16440] bytes, now [0]
[2016-03-30 13:54:38,088][TRACE][org.elasticsearch.indices.breaker.request] [request] Adjusted breaker by [16440] bytes, now [16440]
[2016-03-30 13:54:38,088][TRACE][org.elasticsearch.indices.breaker.request] [request] Adjusted breaker by [-16440] bytes, now [0]
[2016-03-30 13:54:38,089][TRACE][org.elasticsearch.indices.breaker.request] [request] Adjusted breaker by [16440] bytes, now [16440]
[2016-03-30 13:54:38,089][TRACE][org.elasticsearch.indices.breaker.request] [request] Adjusted breaker by [-16440] bytes, now [0]
[2016-03-30 13:54:38,090][TRACE][org.elasticsearch.indices.breaker.request] [request] Adjusted breaker by [16440] bytes, now [16440]
[2016-03-30 13:54:38,091][TRACE][org.elasticsearch.indices.breaker.request] [request] Adjusted breaker by [-16440] bytes, now [0]
[2016-03-30 13:54:38,092][TRACE][org.elasticsearch.indices.breaker.request] [request] Adjusted breaker by [16440] bytes, now [16440]
[2016-03-30 13:54:38,092][TRACE][org.elasticsearch.indices.breaker.request] [request] Adjusted breaker by [-16440] bytes, now [0]
[2016-03-30 13:54:38,093][TRACE][org.elasticsearch.indices.breaker.request] [request] Adjusted breaker by [16440] bytes, now [16440]
[2016-03-30 13:54:38,093][TRACE][org.elasticsearch.indices.breaker.request] [request] Adjusted breaker by [-16440] bytes, now [0]
[2016-03-30 13:54:38,095][TRACE][org.elasticsearch.indices.breaker.request] [request] Adjusted breaker by [16440] bytes, now [16440]
[2016-03-30 13:54:38,095][TRACE][org.elasticsearch.indices.breaker.request] [request] Adjusted breaker by [-16440] bytes, now [0]
[2016-03-30 13:54:38,096][TRACE][org.elasticsearch.indices.breaker.request] [request] Adjusted breaker by [16440] bytes, now [16440]
[2016-03-30 13:54:38,096][TRACE][org.elasticsearch.indices.breaker.request] [request] Adjusted breaker by [-16440] bytes, now [0]
[2016-03-30 13:54:38,098][TRACE][org.elasticsearch.indices.breaker.request] [request] Adjusted breaker by [16440] bytes, now [16440]
[2016-03-30 13:54:38,098][TRACE][org.elasticsearch.indices.breaker.request] [request] Adjusted breaker by [-16440] bytes, now [0]
[2016-03-30 13:54:38,099][TRACE][org.elasticsearch.indices.breaker.request] [request] Adjusted breaker by [16440] bytes, now [16440]
[2016-03-30 13:54:38,100][TRACE][org.elasticsearch.indices.breaker.request] [request] Adjusted breaker by [-16440] bytes, now [0]
[2016-03-30 13:54:38,109][TRACE][org.elasticsearch.indices.breaker.request] [request] Adjusted breaker by [16440] bytes, now [16440]
[2016-03-30 13:54:38,109][TRACE][org.elasticsearch.indices.breaker.request] [request] Adjusted breaker by [-16440] bytes, now [0]
[2016-03-30 13:54:38,110][TRACE][org.elasticsearch.indices.breaker.request] [request] Adjusted breaker by [16440] bytes, now [16440]
[2016-03-30 13:54:38,110][TRACE][org.elasticsearch.indices.breaker.request] [request] Adjusted breaker by [-16440] bytes, now [0]
[2016-03-30 13:54:38,112][TRACE][org.elasticsearch.indices.breaker.request] [request] Adjusted breaker by [16440] bytes, now [16440]
[2016-03-30 13:54:38,112][TRACE][org.elasticsearch.indices.breaker.request] [request] Adjusted breaker by [-16440] bytes, now [0]
[2016-03-30 13:54:38,117][TRACE][org.elasticsearch.indices.breaker.request] [request] Adjusted breaker by [16440] bytes, now [16440]
[2016-03-30 13:54:38,118][TRACE][org.elasticsearch.indices.breaker.request] [request] Adjusted breaker by [-16440] bytes, now [0]
[2016-03-30 13:54:38,119][TRACE][org.elasticsearch.indices.breaker.request] [request] Adjusted breaker by [16440] bytes, now [16440]
[2016-03-30 13:54:38,119][TRACE][org.elasticsearch.indices.breaker.request] [request] Adjusted breaker by [-16440] bytes, now [0]
[2016-03-30 13:54:38,120][TRACE][org.elasticsearch.indices.breaker.request] [request] Adjusted breaker by [16440] bytes, now [16440]
[2016-03-30 13:54:38,121][TRACE][org.elasticsearch.indices.breaker.request] [request] Adjusted breaker by [-16440] bytes, now [0]
[2016-03-30 13:54:38,123][TRACE][org.elasticsearch.indices.breaker.request] [request] Adjusted breaker by [16440] bytes, now [16440]
[2016-03-30 13:54:38,123][TRACE][org.elasticsearch.indices.breaker.request] [request] Adjusted breaker by [-16440] bytes, now [0]
[2016-03-30 13:54:38,126][TRACE][org.elasticsearch.indices.breaker.request] [request] Adjusted breaker by [16440] bytes, now [16440]
[2016-03-30 13:54:38,126][TRACE][org.elasticsearch.indices.breaker.request] [request] Adjusted breaker by [-16440] bytes, now [0]
[2016-03-30 13:54:38,129][TRACE][org.elasticsearch.indices.breaker.request] [request] Adjusted breaker by [16440] bytes, now [16440]
[2016-03-30 13:54:38,129][TRACE][org.elasticsearch.indices.breaker.request] [request] Adjusted breaker by [-16440] bytes, now [0]
[2016-03-30 13:54:38,129][TRACE][org.elasticsearch.indices.breaker.request] [request] Adjusted breaker by [16440] bytes, now [16440]
[2016-03-30 13:54:38,129][TRACE][org.elasticsearch.indices.breaker.request] [request] Adjusted breaker by [-16440] bytes, now [0]
[2016-03-30 13:54:38,130][TRACE][org.elasticsearch.indices.breaker.request] [request] Adjusted breaker by [16440] bytes, now [16440]
[2016-03-30 13:54:38,131][TRACE][org.elasticsearch.indices.breaker.request] [request] Adjusted breaker by [-16440] bytes, now [0]
[2016-03-30 13:54:38,132][TRACE][org.elasticsearch.indices.breaker.request] [request] Adjusted breaker by [16440] bytes, now [16440]
[2016-03-30 13:54:38,132][TRACE][org.elasticsearch.indices.breaker.request] [request] Adjusted breaker by [-16440] bytes, now [0]
[2016-03-30 13:54:38,133][TRACE][org.elasticsearch.indices.breaker.request] [request] Adjusted breaker by [16440] bytes, now [16440]
[2016-03-30 13:54:38,134][TRACE][org.elasticsearch.indices.breaker.request] [request] Adjusted breaker by [-16440] bytes, now [0]
[2016-03-30 13:54:38,135][TRACE][org.elasticsearch.indices.breaker.request] [request] Adjusted breaker by [16440] bytes, now [16440]
[2016-03-30 13:54:38,135][TRACE][org.elasticsearch.indices.breaker.request] [request] Adjusted breaker by [-16440] bytes, now [0]
[2016-03-30 13:54:38,172][TRACE][org.elasticsearch.indices.breaker.request] [request] Adjusted breaker by [16440] bytes, now [16440]
[2016-03-30 13:54:38,172][TRACE][org.elasticsearch.indices.breaker.request] [request] Adjusted breaker by [-16440] bytes, now [0]
[2016-03-30 13:54:38,191][TRACE][org.elasticsearch.indices.breaker.request] [request] Adjusted breaker by [16440] bytes, now [16440]
[2016-03-30 13:54:38,191][TRACE][org.elasticsearch.indices.breaker.request] [request] Adjusted breaker by [-16440] bytes, now [0]
[2016-03-30 13:54:38,193][TRACE][org.elasticsearch.indices.breaker.request] [request] Adjusted breaker by [16440] bytes, now [16440]
[2016-03-30 13:54:38,193][TRACE][org.elasticsearch.indices.breaker.request] [request] Adjusted breaker by [-16440] bytes, now [0]
[2016-03-30 13:54:38,194][TRACE][org.elasticsearch.indices.breaker.request] [request] Adjusted breaker by [16440] bytes, now [16440]
[2016-03-30 13:54:38,194][TRACE][org.elasticsearch.indices.breaker.request] [request] Adjusted breaker by [-16440] bytes, now [0]
[2016-03-30 13:54:38,206][TRACE][org.elasticsearch.indices.breaker.request] [request] Adjusted breaker by [16440] bytes, now [16440]
[2016-03-30 13:54:38,207][TRACE][org.elasticsearch.indices.breaker.request] [request] Adjusted breaker by [-16440] bytes, now [0]
[2016-03-30 13:54:38,217][TRACE][org.elasticsearch.indices.breaker.request] [request] Adjusted breaker by [16440] bytes, now [16440]
[2016-03-30 13:54:38,217][TRACE][org.elasticsearch.indices.breaker.request] [request] Adjusted breaker by [-16440] bytes, now [0]
[2016-03-30 13:54:38,225][TRACE][org.elasticsearch.indices.breaker.request] [request] Adjusted breaker by [16440] bytes, now [16440]
[2016-03-30 13:54:38,225][TRACE][org.elasticsearch.indices.breaker.request] [request] Adjusted breaker by [16440] bytes, now [16440]
[2016-03-30 13:54:38,225][TRACE][org.elasticsearch.indices.breaker.request] [request] Adjusted breaker by [-16440] bytes, now [0]
[2016-03-30 13:54:38,225][TRACE][org.elasticsearch.indices.breaker.request] [request] Adjusted breaker by [-16440] bytes, now [0]
[2016-03-30 13:54:38,227][TRACE][org.elasticsearch.indices.breaker.request] [request] Adjusted breaker by [16440] bytes, now [16440]
[2016-03-30 13:54:38,228][TRACE][org.elasticsearch.indices.breaker.request] [request] Adjusted breaker by [-16440] bytes, now [0]
[2016-03-30 13:54:38,228][TRACE][org.elasticsearch.indices.breaker.request] [request] Adjusted breaker by [16440] bytes, now [16440]
[2016-03-30 13:54:38,229][TRACE][org.elasticsearch.indices.breaker.request] [request] Adjusted breaker by [-16440] bytes, now [0]
[2016-03-30 13:54:38,230][TRACE][org.elasticsearch.indices.breaker.request] [request] Adjusted breaker by [16440] bytes, now [16440]
[2016-03-30 13:54:38,231][TRACE][org.elasticsearch.indices.breaker.request] [request] Adjusted breaker by [-16440] bytes, now [0]
[2016-03-30 13:54:38,232][TRACE][org.elasticsearch.indices.breaker.request] [request] Adjusted breaker by [16440] bytes, now [16440]
[2016-03-30 13:54:38,232][TRACE][org.elasticsearch.indices.breaker.request] [request] Adjusted breaker by [-16440] bytes, now [0]
[2016-03-30 13:54:38,234][TRACE][org.elasticsearch.indices.breaker.request] [request] Adjusted breaker by [16440] bytes, now [16440]
[2016-03-30 13:54:38,234][TRACE][org.elasticsearch.indices.breaker.request] [request] Adjusted breaker by [-16440] bytes, now [0]
[2016-03-30 13:54:38,235][TRACE][org.elasticsearch.indices.breaker.request] [request] Adjusted breaker by [16440] bytes, now [16440]
[2016-03-30 13:54:38,235][TRACE][org.elasticsearch.indices.breaker.request] [request] Adjusted breaker by [-16440] bytes, now [0]
[2016-03-30 13:54:38,237][TRACE][org.elasticsearch.indices.breaker.request] [request] Adjusted breaker by [16440] bytes, now [16440]
[2016-03-30 13:54:38,237][TRACE][org.elasticsearch.indices.breaker.request] [request] Adjusted breaker by [-16440] bytes, now [0]
[2016-03-30 13:54:38,246][TRACE][org.elasticsearch.indices.breaker.request] [request] Adjusted breaker by [16440] bytes, now [16440]
[2016-03-30 13:54:38,246][TRACE][org.elasticsearch.indices.breaker.request] [request] Adjusted breaker by [-16440] bytes, now [0]
[2016-03-30 13:54:38,249][TRACE][org.elasticsearch.indices.breaker.request] [request] Adjusted breaker by [16440] bytes, now [16440]
[2016-03-30 13:54:38,249][TRACE][org.elasticsearch.indices.breaker.request] [request] Adjusted breaker by [16440] bytes, now [16440]
[2016-03-30 13:54:38,249][TRACE][org.elasticsearch.indices.breaker.request] [request] Adjusted breaker by [-16440] bytes, now [0]
[2016-03-30 13:54:38,250][TRACE][org.elasticsearch.indices.breaker.request] [request] Adjusted breaker by [-16440] bytes, now [0]
[2016-03-30 13:54:38,263][TRACE][org.elasticsearch.indices.breaker.request] [request] Adjusted breaker by [16440] bytes, now [16440]
[2016-03-30 13:54:38,263][TRACE][org.elasticsearch.indices.breaker.request] [request] Adjusted breaker by [16440] bytes, now [16440]
[2016-03-30 13:54:38,263][TRACE][org.elasticsearch.indices.breaker.request] [request] Adjusted breaker by [-16440] bytes, now [0]
[2016-03-30 13:54:38,263][TRACE][org.elasticsearch.indices.breaker.request] [request] Adjusted breaker by [-16440] bytes, now [0]
[2016-03-30 13:54:38,265][TRACE][org.elasticsearch.indices.breaker.request] [request] Adjusted breaker by [16440] bytes, now [16440]
[2016-03-30 13:54:38,265][TRACE][org.elasticsearch.indices.breaker.request] [request] Adjusted breaker by [-16440] bytes, now [0]
[2016-03-30 13:54:38,266][TRACE][org.elasticsearch.indices.breaker.request] [request] Adjusted breaker by [16440] bytes, now [16440]
[2016-03-30 13:54:38,266][TRACE][org.elasticsearch.indices.breaker.request] [request] Adjusted breaker by [-16440] bytes, now [0]
[2016-03-30 13:54:38,269][TRACE][org.elasticsearch.indices.breaker.request] [request] Adjusted breaker by [16440] bytes, now [16440]
[2016-03-30 13:54:38,269][TRACE][org.elasticsearch.indices.breaker.request] [request] Adjusted breaker by [16440] bytes, now [16440]
[2016-03-30 13:54:38,269][TRACE][org.elasticsearch.indices.breaker.request] [request] Adjusted breaker by [-16440] bytes, now [0]
[2016-03-30 13:54:38,269][TRACE][org.elasticsearch.indices.breaker.request] [request] Adjusted breaker by [-16440] bytes, now [0]
[2016-03-30 13:54:38,270][TRACE][org.elasticsearch.indices.breaker.request] [request] Adjusted breaker by [16440] bytes, now [16440]
[2016-03-30 13:54:38,271][TRACE][org.elasticsearch.indices.breaker.request] [request] Adjusted breaker by [-16440] bytes, now [0]
[2016-03-30 13:54:38,272][TRACE][org.elasticsearch.indices.breaker.request] [request] Adjusted breaker by [16440] bytes, now [16440]
[2016-03-30 13:54:38,272][TRACE][org.elasticsearch.indices.breaker.request] [request] Adjusted breaker by [-16440] bytes, now [0]
[2016-03-30 13:54:38,275][TRACE][org.elasticsearch.indices.breaker.request] [request] Adjusted breaker by [16440] bytes, now [16440]
[2016-03-30 13:54:38,276][TRACE][org.elasticsearch.indices.breaker.request] [request] Adjusted breaker by [-16440] bytes, now [0]
[2016-03-30 13:54:38,277][TRACE][org.elasticsearch.indices.breaker.request] [request] Adjusted breaker by [16440] bytes, now [16440]
[2016-03-30 13:54:38,277][TRACE][org.elasticsearch.indices.breaker.request] [request] Adjusted breaker by [-16440] bytes, now [0]
[2016-03-30 13:54:38,279][TRACE][org.elasticsearch.indices.breaker.request] [request] Adjusted breaker by [16440] bytes, now [16440]
[2016-03-30 13:54:38,279][TRACE][org.elasticsearch.indices.breaker.request] [request] Adjusted breaker by [-16440] bytes, now [0]
[2016-03-30 13:54:38,280][TRACE][org.elasticsearch.indices.breaker.request] [request] Adjusted breaker by [16440] bytes, now [16440]
[2016-03-30 13:54:38,280][TRACE][org.elasticsearch.indices.breaker.request] [request] Adjusted breaker by [-16440] bytes, now [0]
[2016-03-30 13:54:38,282][TRACE][org.elasticsearch.indices.breaker.request] [request] Adjusted breaker by [16440] bytes, now [16440]
[2016-03-30 13:54:38,282][TRACE][org.elasticsearch.indices.breaker.request] [request] Adjusted breaker by [-16440] bytes, now [0]
[2016-03-30 13:54:38,283][TRACE][org.elasticsearch.indices.breaker.request] [request] Adjusted breaker by [16440] bytes, now [16440]
[2016-03-30 13:54:38,283][TRACE][org.elasticsearch.indices.breaker.request] [request] Adjusted breaker by [-16440] bytes, now [0]
[2016-03-30 13:54:38,294][TRACE][org.elasticsearch.indices.breaker.request] [request] Adjusted breaker by [16440] bytes, now [16440]
[2016-03-30 13:54:38,295][TRACE][org.elasticsearch.indices.breaker.request] [request] Adjusted breaker by [-16440] bytes, now [0]
[2016-03-30 13:54:38,296][TRACE][org.elasticsearch.indices.breaker.request] [request] Adjusted breaker by [16440] bytes, now [16440]
[2016-03-30 13:54:38,296][TRACE][org.elasticsearch.indices.breaker.request] [request] Adjusted breaker by [-16440] bytes, now [0]
[2016-03-30 13:54:38,316][TRACE][org.elasticsearch.indices.breaker.request] [request] Adjusted breaker by [16440] bytes, now [16440]
[2016-03-30 13:54:38,316][TRACE][org.elasticsearch.indices.breaker.request] [request] Adjusted breaker by [-16440] bytes, now [0]
[2016-03-30 13:54:38,323][TRACE][org.elasticsearch.indices.breaker.request] [request] Adjusted breaker by [16440] bytes, now [16440]
[2016-03-30 13:54:38,323][TRACE][org.elasticsearch.indices.breaker.request] [request] Adjusted breaker by [-16440] bytes, now [0]
[2016-03-30 13:54:38,325][TRACE][org.elasticsearch.indices.breaker.request] [request] Adjusted breaker by [16440] bytes, now [16440]
[2016-03-30 13:54:38,325][TRACE][org.elasticsearch.indices.breaker.request] [request] Adjusted breaker by [16440] bytes, now [16440]
[2016-03-30 13:54:38,326][TRACE][org.elasticsearch.indices.breaker.request] [request] Adjusted breaker by [-16440] bytes, now [0]
[2016-03-30 13:54:38,326][TRACE][org.elasticsearch.indices.breaker.request] [request] Adjusted breaker by [-16440] bytes, now [0]
[2016-03-30 13:54:38,327][TRACE][org.elasticsearch.indices.breaker.request] [request] Adjusted breaker by [16440] bytes, now [16440]
[2016-03-30 13:54:38,328][TRACE][org.elasticsearch.indices.breaker.request] [request] Adjusted breaker by [-16440] bytes, now [0]
[2016-03-30 13:54:38,328][TRACE][org.elasticsearch.indices.breaker.request] [request] Adjusted breaker by [16440] bytes, now [16440]
[2016-03-30 13:54:38,329][TRACE][org.elasticsearch.indices.breaker.request] [request] Adjusted breaker by [-16440] bytes, now [0]
[2016-03-30 13:54:38,331][TRACE][org.elasticsearch.indices.breaker.request] [request] Adjusted breaker by [16440] bytes, now [16440]
[2016-03-30 13:54:38,331][TRACE][org.elasticsearch.indices.breaker.request] [request] Adjusted breaker by [16440] bytes, now [16440]
[2016-03-30 13:54:38,331][TRACE][org.elasticsearch.indices.breaker.request] [request] Adjusted breaker by [-16440] bytes, now [0]
[2016-03-30 13:54:38,331][TRACE][org.elasticsearch.indices.breaker.request] [request] Adjusted breaker by [-16440] bytes, now [0]
[2016-03-30 13:54:38,334][TRACE][org.elasticsearch.indices.breaker.request] [request] Adjusted breaker by [16440] bytes, now [16440]
[2016-03-30 13:54:38,334][TRACE][org.elasticsearch.indices.breaker.request] [request] Adjusted breaker by [-16440] bytes, now [0]
[2016-03-30 13:54:38,335][TRACE][org.elasticsearch.indices.breaker.request] [request] Adjusted breaker by [16440] bytes, now [16440]
[2016-03-30 13:54:38,335][TRACE][org.elasticsearch.indices.breaker.request] [request] Adjusted breaker by [-16440] bytes, now [0]
[2016-03-30 13:54:38,339][TRACE][org.elasticsearch.indices.breaker.request] [request] Adjusted breaker by [16440] bytes, now [16440]
[2016-03-30 13:54:38,339][TRACE][org.elasticsearch.indices.breaker.request] [request] Adjusted breaker by [-16440] bytes, now [0]
[2016-03-30 13:54:38,340][TRACE][org.elasticsearch.indices.breaker.request] [request] Adjusted breaker by [16440] bytes, now [16440]
[2016-03-30 13:54:38,340][TRACE][org.elasticsearch.indices.breaker.request] [request] Adjusted breaker by [-16440] bytes, now [0]
[2016-03-30 13:54:38,343][TRACE][org.elasticsearch.indices.breaker.request] [request] Adjusted breaker by [16440] bytes, now [16440]
[2016-03-30 13:54:38,343][TRACE][org.elasticsearch.indices.breaker.request] [request] Adjusted breaker by [-16440] bytes, now [0]
[2016-03-30 13:54:38,343][TRACE][org.elasticsearch.indices.breaker.request] [request] Adjusted breaker by [16440] bytes, now [16440]
[2016-03-30 13:54:38,343][TRACE][org.elasticsearch.indices.breaker.request] [request] Adjusted breaker by [-16440] bytes, now [0]
[2016-03-30 13:54:38,345][TRACE][org.elasticsearch.indices.breaker.request] [request] Adjusted breaker by [16440] bytes, now [16440]
[2016-03-30 13:54:38,345][TRACE][org.elasticsearch.indices.breaker.request] [request] Adjusted breaker by [-16440] bytes, now [0]
[2016-03-30 13:54:38,346][TRACE][org.elasticsearch.indices.breaker.request] [request] Adjusted breaker by [16440] bytes, now [16440]
[2016-03-30 13:54:38,346][TRACE][org.elasticsearch.indices.breaker.request] [request] Adjusted breaker by [-16440] bytes, now [0]
[2016-03-30 13:54:38,347][TRACE][org.elasticsearch.indices.breaker.request] [request] Adjusted breaker by [16440] bytes, now [16440]
[2016-03-30 13:54:38,348][TRACE][org.elasticsearch.indices.breaker.request] [request] Adjusted breaker by [-16440] bytes, now [0]
[2016-03-30 13:54:38,349][TRACE][org.elasticsearch.indices.breaker.request] [request] Adjusted breaker by [16440] bytes, now [16440]
[2016-03-30 13:54:38,349][TRACE][org.elasticsearch.indices.breaker.request] [request] Adjusted breaker by [-16440] bytes, now [0]
[2016-03-30 13:54:38,351][TRACE][org.elasticsearch.indices.breaker.request] [request] Adjusted breaker by [16440] bytes, now [16440]
[2016-03-30 13:54:38,351][TRACE][org.elasticsearch.indices.breaker.request] [request] Adjusted breaker by [16440] bytes, now [16440]
[2016-03-30 13:54:38,352][TRACE][org.elasticsearch.indices.breaker.request] [request] Adjusted breaker by [-16440] bytes, now [0]
[2016-03-30 13:54:38,352][TRACE][org.elasticsearch.indices.breaker.request] [request] Adjusted breaker by [-16440] bytes, now [0]
[2016-03-30 13:54:38,353][TRACE][org.elasticsearch.indices.breaker.request] [request] Adjusted breaker by [16440] bytes, now [16440]
[2016-03-30 13:54:38,354][TRACE][org.elasticsearch.indices.breaker.request] [request] Adjusted breaker by [-16440] bytes, now [0]
[2016-03-30 13:54:38,354][TRACE][org.elasticsearch.indices.breaker.request] [request] Adjusted breaker by [16440] bytes, now [16440]
[2016-03-30 13:54:38,355][TRACE][org.elasticsearch.indices.breaker.request] [request] Adjusted breaker by [-16440] bytes, now [0]
[2016-03-30 13:54:38,357][TRACE][org.elasticsearch.indices.breaker.request] [request] Adjusted breaker by [16440] bytes, now [16440]
[2016-03-30 13:54:38,357][TRACE][org.elasticsearch.indices.breaker.request] [request] Adjusted breaker by [-16440] bytes, now [0]
[2016-03-30 13:54:38,358][TRACE][org.elasticsearch.indices.breaker.request] [request] Adjusted breaker by [16440] bytes, now [16440]
[2016-03-30 13:54:38,359][TRACE][org.elasticsearch.indices.breaker.request] [request] Adjusted breaker by [-16440] bytes, now [0]
[2016-03-30 13:54:38,361][TRACE][org.elasticsearch.indices.breaker.request] [request] Adjusted breaker by [16440] bytes, now [16440]
[2016-03-30 13:54:38,361][TRACE][org.elasticsearch.indices.breaker.request] [request] Adjusted breaker by [-16440] bytes, now [0]
[2016-03-30 13:54:38,362][TRACE][org.elasticsearch.indices.breaker.request] [request] Adjusted breaker by [16440] bytes, now [16440]
[2016-03-30 13:54:38,362][TRACE][org.elasticsearch.indices.breaker.request] [request] Adjusted breaker by [-16440] bytes, now [0]
[2016-03-30 13:54:38,364][TRACE][org.elasticsearch.indices.breaker.request] [request] Adjusted breaker by [16440] bytes, now [16440]
[2016-03-30 13:54:38,364][TRACE][org.elasticsearch.indices.breaker.request] [request] Adjusted breaker by [16440] bytes, now [16440]
[2016-03-30 13:54:38,364][TRACE][org.elasticsearch.indices.breaker.request] [request] Adjusted breaker by [-16440] bytes, now [0]
[2016-03-30 13:54:38,364][TRACE][org.elasticsearch.indices.breaker.request] [request] Adjusted breaker by [-16440] bytes, now [0]
[2016-03-30 13:54:38,366][TRACE][org.elasticsearch.indices.breaker.request] [request] Adjusted breaker by [16440] bytes, now [16440]
[2016-03-30 13:54:38,366][TRACE][org.elasticsearch.indices.breaker.request] [request] Adjusted breaker by [-16440] bytes, now [0]
[2016-03-30 13:54:38,367][TRACE][org.elasticsearch.indices.breaker.request] [request] Adjusted breaker by [16440] bytes, now [16440]
[2016-03-30 13:54:38,367][TRACE][org.elasticsearch.indices.breaker.request] [request] Adjusted breaker by [-16440] bytes, now [0]
[2016-03-30 13:54:38,369][TRACE][org.elasticsearch.indices.breaker.request] [request] Adjusted breaker by [16440] bytes, now [16440]
[2016-03-30 13:54:38,369][TRACE][org.elasticsearch.indices.breaker.request] [request] Adjusted breaker by [-16440] bytes, now [0]
[2016-03-30 13:54:38,370][TRACE][org.elasticsearch.indices.breaker.request] [request] Adjusted breaker by [16440] bytes, now [16440]
[2016-03-30 13:54:38,370][TRACE][org.elasticsearch.indices.breaker.request] [request] Adjusted breaker by [-16440] bytes, now [0]
[2016-03-30 13:54:38,372][TRACE][org.elasticsearch.indices.breaker.request] [request] Adjusted breaker by [16440] bytes, now [16440]
[2016-03-30 13:54:38,372][TRACE][org.elasticsearch.indices.breaker.request] [request] Adjusted breaker by [16440] bytes, now [16440]
[2016-03-30 13:54:38,372][TRACE][org.elasticsearch.indices.breaker.request] [request] Adjusted breaker by [-16440] bytes, now [0]
[2016-03-30 13:54:38,372][TRACE][org.elasticsearch.indices.breaker.request] [request] Adjusted breaker by [-16440] bytes, now [0]
[2016-03-30 13:54:38,374][TRACE][org.elasticsearch.indices.breaker.request] [request] Adjusted breaker by [16440] bytes, now [16440]
[2016-03-30 13:54:38,374][TRACE][org.elasticsearch.indices.breaker.request] [request] Adjusted breaker by [-16440] bytes, now [0]
[2016-03-30 13:54:38,375][TRACE][org.elasticsearch.indices.breaker.request] [request] Adjusted breaker by [16440] bytes, now [16440]
[2016-03-30 13:54:38,375][TRACE][org.elasticsearch.indices.breaker.request] [request] Adjusted breaker by [-16440] bytes, now [0]
[2016-03-30 13:54:38,378][TRACE][org.elasticsearch.indices.breaker.request] [request] Adjusted breaker by [16440] bytes, now [16440]
[2016-03-30 13:54:38,378][TRACE][org.elasticsearch.indices.breaker.request] [request] Adjusted breaker by [16440] bytes, now [16440]
[2016-03-30 13:54:38,378][TRACE][org.elasticsearch.indices.breaker.request] [request] Adjusted breaker by [-16440] bytes, now [0]
[2016-03-30 13:54:38,378][TRACE][org.elasticsearch.indices.breaker.request] [request] Adjusted breaker by [-16440] bytes, now [0]
[2016-03-30 13:54:38,383][TRACE][org.elasticsearch.indices.breaker.request] [request] Adjusted breaker by [16440] bytes, now [16440]
[2016-03-30 13:54:38,383][TRACE][org.elasticsearch.indices.breaker.request] [request] Adjusted breaker by [16440] bytes, now [16440]
[2016-03-30 13:54:38,383][TRACE][org.elasticsearch.indices.breaker.request] [request] Adjusted breaker by [-16440] bytes, now [0]
[2016-03-30 13:54:38,383][TRACE][org.elasticsearch.indices.breaker.request] [request] Adjusted breaker by [-16440] bytes, now [0]
[2016-03-30 13:54:38,392][TRACE][org.elasticsearch.indices.breaker.request] [request] Adjusted breaker by [16440] bytes, now [16440]
[2016-03-30 13:54:38,393][TRACE][org.elasticsearch.indices.breaker.request] [request] Adjusted breaker by [-16440] bytes, now [0]
[2016-03-30 13:54:38,394][TRACE][org.elasticsearch.indices.breaker.request] [request] Adjusted breaker by [16440] bytes, now [16440]
[2016-03-30 13:54:38,394][TRACE][org.elasticsearch.indices.breaker.request] [request] Adjusted breaker by [-16440] bytes, now [0]
[2016-03-30 13:54:38,395][TRACE][org.elasticsearch.indices.breaker.request] [request] Adjusted breaker by [16440] bytes, now [16440]
[2016-03-30 13:54:38,395][TRACE][org.elasticsearch.indices.breaker.request] [request] Adjusted breaker by [-16440] bytes, now [0]
[2016-03-30 13:54:38,396][TRACE][org.elasticsearch.indices.breaker.request] [request] Adjusted breaker by [16440] bytes, now [16440]
[2016-03-30 13:54:38,396][TRACE][org.elasticsearch.indices.breaker.request] [request] Adjusted breaker by [-16440] bytes, now [0]
[2016-03-30 13:54:38,399][TRACE][org.elasticsearch.indices.breaker.request] [request] Adjusted breaker by [16440] bytes, now [16440]
[2016-03-30 13:54:38,399][TRACE][org.elasticsearch.indices.breaker.request] [request] Adjusted breaker by [16440] bytes, now [16440]
[2016-03-30 13:54:38,399][TRACE][org.elasticsearch.indices.breaker.request] [request] Adjusted breaker by [-16440] bytes, now [0]
[2016-03-30 13:54:38,399][TRACE][org.elasticsearch.indices.breaker.request] [request] Adjusted breaker by [-16440] bytes, now [0]
[2016-03-30 13:54:38,400][TRACE][org.elasticsearch.indices.breaker.request] [request] Adjusted breaker by [16440] bytes, now [16440]
[2016-03-30 13:54:38,401][TRACE][org.elasticsearch.indices.breaker.request] [request] Adjusted breaker by [-16440] bytes, now [0]
[2016-03-30 13:54:38,401][TRACE][org.elasticsearch.indices.breaker.request] [request] Adjusted breaker by [16440] bytes, now [16440]
[2016-03-30 13:54:38,401][TRACE][org.elasticsearch.indices.breaker.request] [request] Adjusted breaker by [-16440] bytes, now [0]
[2016-03-30 13:54:38,403][TRACE][org.elasticsearch.indices.breaker.request] [request] Adjusted breaker by [16440] bytes, now [16440]
[2016-03-30 13:54:38,403][TRACE][org.elasticsearch.indices.breaker.request] [request] Adjusted breaker by [-16440] bytes, now [0]
[2016-03-30 13:54:38,404][TRACE][org.elasticsearch.indices.breaker.request] [request] Adjusted breaker by [16440] bytes, now [16440]
[2016-03-30 13:54:38,404][TRACE][org.elasticsearch.indices.breaker.request] [request] Adjusted breaker by [-16440] bytes, now [0]
[2016-03-30 13:54:38,405][TRACE][org.elasticsearch.indices.breaker.request] [request] Adjusted breaker by [16440] bytes, now [16440]
[2016-03-30 13:54:38,405][TRACE][org.elasticsearch.indices.breaker.request] [request] Adjusted breaker by [-16440] bytes, now [0]
[2016-03-30 13:54:38,406][TRACE][org.elasticsearch.indices.breaker.request] [request] Adjusted breaker by [16440] bytes, now [16440]
[2016-03-30 13:54:38,406][TRACE][org.elasticsearch.indices.breaker.request] [request] Adjusted breaker by [-16440] bytes, now [0]
[2016-03-30 13:54:38,408][TRACE][org.elasticsearch.indices.breaker.request] [request] Adjusted breaker by [16440] bytes, now [16440]
[2016-03-30 13:54:38,408][TRACE][org.elasticsearch.indices.breaker.request] [request] Adjusted breaker by [-16440] bytes, now [0]
[2016-03-30 13:54:38,409][TRACE][org.elasticsearch.indices.breaker.request] [request] Adjusted breaker by [16440] bytes, now [16440]
[2016-03-30 13:54:38,409][TRACE][org.elasticsearch.indices.breaker.request] [request] Adjusted breaker by [-16440] bytes, now [0]
[2016-03-30 13:54:38,410][TRACE][org.elasticsearch.indices.breaker.request] [request] Adjusted breaker by [16440] bytes, now [16440]
[2016-03-30 13:54:38,410][TRACE][org.elasticsearch.indices.breaker.request] [request] Adjusted breaker by [-16440] bytes, now [0]
[2016-03-30 13:54:38,412][TRACE][org.elasticsearch.indices.breaker.request] [request] Adjusted breaker by [16440] bytes, now [16440]
[2016-03-30 13:54:38,412][TRACE][org.elasticsearch.indices.breaker.request] [request] Adjusted breaker by [-16440] bytes, now [0]
[2016-03-30 13:54:38,441][TRACE][org.elasticsearch.indices.breaker.request] [request] Adjusted breaker by [16440] bytes, now [16440]
[2016-03-30 13:54:38,441][TRACE][org.elasticsearch.indices.breaker.request] [request] Adjusted breaker by [-16440] bytes, now [0]
[2016-03-30 13:54:38,442][TRACE][org.elasticsearch.indices.breaker.request] [request] Adjusted breaker by [16440] bytes, now [16440]
[2016-03-30 13:54:38,442][TRACE][org.elasticsearch.indices.breaker.request] [request] Adjusted breaker by [-16440] bytes, now [0]
[2016-03-30 13:54:38,456][TRACE][org.elasticsearch.indices.breaker.request] [request] Adjusted breaker by [16440] bytes, now [16440]
[2016-03-30 13:54:38,457][TRACE][org.elasticsearch.indices.breaker.request] [request] Adjusted breaker by [-16440] bytes, now [0]
[2016-03-30 13:54:38,457][TRACE][org.elasticsearch.indices.breaker.request] [request] Adjusted breaker by [16440] bytes, now [16440]
[2016-03-30 13:54:38,458][TRACE][org.elasticsearch.indices.breaker.request] [request] Adjusted breaker by [-16440] bytes, now [0]
[2016-03-30 13:54:38,460][TRACE][org.elasticsearch.indices.breaker.request] [request] Adjusted breaker by [16440] bytes, now [16440]
[2016-03-30 13:54:38,460][TRACE][org.elasticsearch.indices.breaker.request] [request] Adjusted breaker by [-16440] bytes, now [0]
[2016-03-30 13:54:38,463][TRACE][org.elasticsearch.indices.breaker.request] [request] Adjusted breaker by [16440] bytes, now [16440]
[2016-03-30 13:54:38,463][TRACE][org.elasticsearch.indices.breaker.request] [request] Adjusted breaker by [-16440] bytes, now [0]
[2016-03-30 13:54:38,486][TRACE][org.elasticsearch.indices.breaker.request] [request] Adjusted breaker by [16440] bytes, now [16440]
[2016-03-30 13:54:38,487][TRACE][org.elasticsearch.indices.breaker.request] [request] Adjusted breaker by [-16440] bytes, now [0]
[2016-03-30 13:54:38,505][TRACE][org.elasticsearch.indices.breaker.request] [request] Adjusted breaker by [16440] bytes, now [16440]
[2016-03-30 13:54:38,506][TRACE][org.elasticsearch.indices.breaker.request] [request] Adjusted breaker by [-16440] bytes, now [0]
[2016-03-30 13:54:38,509][TRACE][org.elasticsearch.indices.breaker.request] [request] Adjusted breaker by [16440] bytes, now [16440]
[2016-03-30 13:54:38,509][TRACE][org.elasticsearch.indices.breaker.request] [request] Adjusted breaker by [16440] bytes, now [16440]
[2016-03-30 13:54:38,509][TRACE][org.elasticsearch.indices.breaker.request] [request] Adjusted breaker by [-16440] bytes, now [0]
[2016-03-30 13:54:38,509][TRACE][org.elasticsearch.indices.breaker.request] [request] Adjusted breaker by [-16440] bytes, now [0]
[2016-03-30 13:54:38,512][TRACE][org.elasticsearch.indices.breaker.request] [request] Adjusted breaker by [16440] bytes, now [16440]
[2016-03-30 13:54:38,512][TRACE][org.elasticsearch.indices.breaker.request] [request] Adjusted breaker by [16440] bytes, now [16440]
[2016-03-30 13:54:38,512][TRACE][org.elasticsearch.indices.breaker.request] [request] Adjusted breaker by [-16440] bytes, now [0]
[2016-03-30 13:54:38,512][TRACE][org.elasticsearch.indices.breaker.request] [request] Adjusted breaker by [-16440] bytes, now [0]
[2016-03-30 13:54:38,520][TRACE][org.elasticsearch.indices.breaker.request] [request] Adjusted breaker by [16440] bytes, now [16440]
[2016-03-30 13:54:38,521][TRACE][org.elasticsearch.indices.breaker.request] [request] Adjusted breaker by [-16440] bytes, now [0]
[2016-03-30 13:54:38,522][TRACE][org.elasticsearch.indices.breaker.request] [request] Adjusted breaker by [16440] bytes, now [16440]
[2016-03-30 13:54:38,522][TRACE][org.elasticsearch.indices.breaker.request] [request] Adjusted breaker by [-16440] bytes, now [0]
[2016-03-30 13:54:38,531][TRACE][org.elasticsearch.indices.breaker.request] [request] Adjusted breaker by [16440] bytes, now [16440]
[2016-03-30 13:54:38,532][TRACE][org.elasticsearch.indices.breaker.request] [request] Adjusted breaker by [-16440] bytes, now [0]
[2016-03-30 13:54:38,533][TRACE][org.elasticsearch.indices.breaker.request] [request] Adjusted breaker by [16440] bytes, now [16440]
[2016-03-30 13:54:38,533][TRACE][org.elasticsearch.indices.breaker.request] [request] Adjusted breaker by [-16440] bytes, now [0]
[2016-03-30 13:54:38,535][TRACE][org.elasticsearch.indices.breaker.request] [request] Adjusted breaker by [16440] bytes, now [16440]
[2016-03-30 13:54:38,536][TRACE][org.elasticsearch.indices.breaker.request] [request] Adjusted breaker by [16440] bytes, now [16440]
[2016-03-30 13:54:38,536][TRACE][org.elasticsearch.indices.breaker.request] [request] Adjusted breaker by [-16440] bytes, now [0]
[2016-03-30 13:54:38,536][TRACE][org.elasticsearch.indices.breaker.request] [request] Adjusted breaker by [-16440] bytes, now [0]
[2016-03-30 13:54:38,537][TRACE][org.elasticsearch.indices.breaker.request] [request] Adjusted breaker by [16440] bytes, now [16440]
[2016-03-30 13:54:38,537][TRACE][org.elasticsearch.indices.breaker.request] [request] Adjusted breaker by [-16440] bytes, now [0]
[2016-03-30 13:54:38,538][TRACE][org.elasticsearch.indices.breaker.request] [request] Adjusted breaker by [16440] bytes, now [16440]
[2016-03-30 13:54:38,538][TRACE][org.elasticsearch.indices.breaker.request] [request] Adjusted breaker by [-16440] bytes, now [0]
[2016-03-30 13:54:38,549][TRACE][org.elasticsearch.indices.breaker.request] [request] Adjusted breaker by [16440] bytes, now [16440]
[2016-03-30 13:54:38,549][TRACE][org.elasticsearch.indices.breaker.request] [request] Adjusted breaker by [-16440] bytes, now [0]
[2016-03-30 13:54:38,550][TRACE][org.elasticsearch.indices.breaker.request] [request] Adjusted breaker by [16440] bytes, now [16440]
[2016-03-30 13:54:38,550][TRACE][org.elasticsearch.indices.breaker.request] [request] Adjusted breaker by [-16440] bytes, now [0]
[2016-03-30 13:54:38,559][TRACE][org.elasticsearch.indices.breaker.request] [request] Adjusted breaker by [16440] bytes, now [16440]
[2016-03-30 13:54:38,559][TRACE][org.elasticsearch.indices.breaker.request] [request] Adjusted breaker by [-16440] bytes, now [0]
[2016-03-30 13:54:38,560][TRACE][org.elasticsearch.indices.breaker.request] [request] Adjusted breaker by [16440] bytes, now [16440]
[2016-03-30 13:54:38,560][TRACE][org.elasticsearch.indices.breaker.request] [request] Adjusted breaker by [-16440] bytes, now [0]
[2016-03-30 13:54:38,562][TRACE][org.elasticsearch.indices.breaker.request] [request] Adjusted breaker by [16440] bytes, now [16440]
[2016-03-30 13:54:38,562][TRACE][org.elasticsearch.indices.breaker.request] [request] Adjusted breaker by [-16440] bytes, now [0]
[2016-03-30 13:54:38,571][TRACE][org.elasticsearch.indices.breaker.request] [request] Adjusted breaker by [16440] bytes, now [16440]
[2016-03-30 13:54:38,571][TRACE][org.elasticsearch.indices.breaker.request] [request] Adjusted breaker by [-16440] bytes, now [0]
[2016-03-30 13:54:38,574][TRACE][org.elasticsearch.indices.breaker.request] [request] Adjusted breaker by [16440] bytes, now [16440]
[2016-03-30 13:54:38,574][TRACE][org.elasticsearch.indices.breaker.request] [request] Adjusted breaker by [-16440] bytes, now [0]
[2016-03-30 13:54:38,575][TRACE][org.elasticsearch.indices.breaker.request] [request] Adjusted breaker by [16440] bytes, now [16440]
[2016-03-30 13:54:38,575][TRACE][org.elasticsearch.indices.breaker.request] [request] Adjusted breaker by [-16440] bytes, now [0]
[2016-03-30 13:54:38,577][TRACE][org.elasticsearch.indices.breaker.request] [request] Adjusted breaker by [16440] bytes, now [16440]
[2016-03-30 13:54:38,577][TRACE][org.elasticsearch.indices.breaker.request] [request] Adjusted breaker by [-16440] bytes, now [0]
[2016-03-30 13:54:38,578][TRACE][org.elasticsearch.indices.breaker.request] [request] Adjusted breaker by [16440] bytes, now [16440]
[2016-03-30 13:54:38,578][TRACE][org.elasticsearch.indices.breaker.request] [request] Adjusted breaker by [-16440] bytes, now [0]
[2016-03-30 13:54:38,579][TRACE][org.elasticsearch.indices.breaker.request] [request] Adjusted breaker by [16440] bytes, now [16440]
[2016-03-30 13:54:38,580][TRACE][org.elasticsearch.indices.breaker.request] [request] Adjusted breaker by [-16440] bytes, now [0]
[2016-03-30 13:54:38,580][TRACE][org.elasticsearch.indices.breaker.request] [request] Adjusted breaker by [16440] bytes, now [16440]
[2016-03-30 13:54:38,581][TRACE][org.elasticsearch.indices.breaker.request] [request] Adjusted breaker by [-16440] bytes, now [0]
[2016-03-30 13:54:38,583][TRACE][org.elasticsearch.indices.breaker.request] [request] Adjusted breaker by [16440] bytes, now [16440]
[2016-03-30 13:54:38,583][TRACE][org.elasticsearch.indices.breaker.request] [request] Adjusted breaker by [16440] bytes, now [16440]
[2016-03-30 13:54:38,583][TRACE][org.elasticsearch.indices.breaker.request] [request] Adjusted breaker by [-16440] bytes, now [0]
[2016-03-30 13:54:38,583][TRACE][org.elasticsearch.indices.breaker.request] [request] Adjusted breaker by [-16440] bytes, now [0]
[2016-03-30 13:54:38,585][TRACE][org.elasticsearch.indices.breaker.request] [request] Adjusted breaker by [16440] bytes, now [16440]
[2016-03-30 13:54:38,585][TRACE][org.elasticsearch.indices.breaker.request] [request] Adjusted breaker by [16440] bytes, now [16440]
[2016-03-30 13:54:38,585][TRACE][org.elasticsearch.indices.breaker.request] [request] Adjusted breaker by [-16440] bytes, now [0]
[2016-03-30 13:54:38,585][TRACE][org.elasticsearch.indices.breaker.request] [request] Adjusted breaker by [-16440] bytes, now [0]
[2016-03-30 13:54:38,587][TRACE][org.elasticsearch.indices.breaker.request] [request] Adjusted breaker by [16440] bytes, now [16440]
[2016-03-30 13:54:38,587][TRACE][org.elasticsearch.indices.breaker.request] [request] Adjusted breaker by [-16440] bytes, now [0]
[2016-03-30 13:54:38,588][TRACE][org.elasticsearch.indices.breaker.request] [request] Adjusted breaker by [16440] bytes, now [16440]
[2016-03-30 13:54:38,588][TRACE][org.elasticsearch.indices.breaker.request] [request] Adjusted breaker by [-16440] bytes, now [0]
[2016-03-30 13:54:38,590][TRACE][org.elasticsearch.indices.breaker.request] [request] Adjusted breaker by [16440] bytes, now [16440]
[2016-03-30 13:54:38,590][TRACE][org.elasticsearch.indices.breaker.request] [request] Adjusted breaker by [-16440] bytes, now [0]
[2016-03-30 13:54:38,591][TRACE][org.elasticsearch.indices.breaker.request] [request] Adjusted breaker by [16440] bytes, now [16440]
[2016-03-30 13:54:38,591][TRACE][org.elasticsearch.indices.breaker.request] [request] Adjusted breaker by [-16440] bytes, now [0]
[2016-03-30 13:54:38,596][TRACE][org.elasticsearch.indices.breaker.request] [request] Adjusted breaker by [16440] bytes, now [16440]
[2016-03-30 13:54:38,596][TRACE][org.elasticsearch.indices.breaker.request] [request] Adjusted breaker by [-16440] bytes, now [0]
[2016-03-30 13:54:38,597][TRACE][org.elasticsearch.indices.breaker.request] [request] Adjusted breaker by [16440] bytes, now [16440]
[2016-03-30 13:54:38,597][TRACE][org.elasticsearch.indices.breaker.request] [request] Adjusted breaker by [-16440] bytes, now [0]
[2016-03-30 13:54:38,599][TRACE][org.elasticsearch.indices.breaker.request] [request] Adjusted breaker by [16440] bytes, now [16440]
[2016-03-30 13:54:38,599][TRACE][org.elasticsearch.indices.breaker.request] [request] Adjusted breaker by [-16440] bytes, now [0]
[2016-03-30 13:54:38,599][TRACE][org.elasticsearch.indices.breaker.request] [request] Adjusted breaker by [16440] bytes, now [16440]
[2016-03-30 13:54:38,599][TRACE][org.elasticsearch.indices.breaker.request] [request] Adjusted breaker by [-16440] bytes, now [0]
[2016-03-30 13:54:38,601][TRACE][org.elasticsearch.indices.breaker.request] [request] Adjusted breaker by [16440] bytes, now [16440]
[2016-03-30 13:54:38,601][TRACE][org.elasticsearch.indices.breaker.request] [request] Adjusted breaker by [16440] bytes, now [16440]
[2016-03-30 13:54:38,601][TRACE][org.elasticsearch.indices.breaker.request] [request] Adjusted breaker by [-16440] bytes, now [0]
[2016-03-30 13:54:38,601][TRACE][org.elasticsearch.indices.breaker.request] [request] Adjusted breaker by [-16440] bytes, now [0]
[2016-03-30 13:54:38,602][TRACE][org.elasticsearch.indices.breaker.request] [request] Adjusted breaker by [16440] bytes, now [16440]
[2016-03-30 13:54:38,602][TRACE][org.elasticsearch.indices.breaker.request] [request] Adjusted breaker by [-16440] bytes, now [0]
[2016-03-30 13:54:38,603][TRACE][org.elasticsearch.indices.breaker.request] [request] Adjusted breaker by [16440] bytes, now [16440]
[2016-03-30 13:54:38,603][TRACE][org.elasticsearch.indices.breaker.request] [request] Adjusted breaker by [-16440] bytes, now [0]
[2016-03-30 13:54:38,605][TRACE][org.elasticsearch.indices.breaker.request] [request] Adjusted breaker by [16440] bytes, now [16440]
[2016-03-30 13:54:38,606][TRACE][org.elasticsearch.indices.breaker.request] [request] Adjusted breaker by [-16440] bytes, now [0]
[2016-03-30 13:54:38,606][TRACE][org.elasticsearch.indices.breaker.request] [request] Adjusted breaker by [16440] bytes, now [16440]
[2016-03-30 13:54:38,607][TRACE][org.elasticsearch.indices.breaker.request] [request] Adjusted breaker by [-16440] bytes, now [0]
[2016-03-30 13:54:38,610][TRACE][org.elasticsearch.indices.breaker.request] [request] Adjusted breaker by [16440] bytes, now [16440]
[2016-03-30 13:54:38,610][TRACE][org.elasticsearch.indices.breaker.request] [request] Adjusted breaker by [-16440] bytes, now [0]
[2016-03-30 13:54:38,610][TRACE][org.elasticsearch.indices.breaker.request] [request] Adjusted breaker by [16440] bytes, now [16440]
[2016-03-30 13:54:38,610][TRACE][org.elasticsearch.indices.breaker.request] [request] Adjusted breaker by [-16440] bytes, now [0]
[2016-03-30 13:54:38,611][TRACE][org.elasticsearch.indices.breaker.request] [request] Adjusted breaker by [16440] bytes, now [16440]
[2016-03-30 13:54:38,612][TRACE][org.elasticsearch.indices.breaker.request] [request] Adjusted breaker by [-16440] bytes, now [0]
[2016-03-30 13:54:38,612][TRACE][org.elasticsearch.indices.breaker.request] [request] Adjusted breaker by [16440] bytes, now [16440]
[2016-03-30 13:54:38,612][TRACE][org.elasticsearch.indices.breaker.request] [request] Adjusted breaker by [-16440] bytes, now [0]
[2016-03-30 13:54:38,613][TRACE][org.elasticsearch.indices.breaker.request] [request] Adjusted breaker by [16440] bytes, now [16440]
[2016-03-30 13:54:38,613][TRACE][org.elasticsearch.indices.breaker.request] [request] Adjusted breaker by [-16440] bytes, now [0]
[2016-03-30 13:54:38,614][TRACE][org.elasticsearch.indices.breaker.request] [request] Adjusted breaker by [16440] bytes, now [16440]
[2016-03-30 13:54:38,614][TRACE][org.elasticsearch.indices.breaker.request] [request] Adjusted breaker by [-16440] bytes, now [0]
[2016-03-30 13:54:38,615][TRACE][org.elasticsearch.indices.breaker.request] [request] Adjusted breaker by [16440] bytes, now [16440]
[2016-03-30 13:54:38,615][TRACE][org.elasticsearch.indices.breaker.request] [request] Adjusted breaker by [-16440] bytes, now [0]
[2016-03-30 13:54:38,616][TRACE][org.elasticsearch.indices.breaker.request] [request] Adjusted breaker by [16440] bytes, now [16440]
[2016-03-30 13:54:38,616][TRACE][org.elasticsearch.indices.breaker.request] [request] Adjusted breaker by [-16440] bytes, now [0]
[2016-03-30 13:54:38,618][TRACE][org.elasticsearch.indices.breaker.request] [request] Adjusted breaker by [16440] bytes, now [16440]
[2016-03-30 13:54:38,619][TRACE][org.elasticsearch.indices.breaker.request] [request] Adjusted breaker by [-16440] bytes, now [0]
[2016-03-30 13:54:38,618][TRACE][org.elasticsearch.indices.breaker.request] [request] Adjusted breaker by [16440] bytes, now [16440]
[2016-03-30 13:54:38,619][TRACE][org.elasticsearch.indices.breaker.request] [request] Adjusted breaker by [-16440] bytes, now [0]
[2016-03-30 13:54:38,621][TRACE][org.elasticsearch.indices.breaker.request] [request] Adjusted breaker by [16440] bytes, now [16440]
[2016-03-30 13:54:38,621][TRACE][org.elasticsearch.indices.breaker.request] [request] Adjusted breaker by [16440] bytes, now [16440]
[2016-03-30 13:54:38,621][TRACE][org.elasticsearch.indices.breaker.request] [request] Adjusted breaker by [-16440] bytes, now [0]
[2016-03-30 13:54:38,621][TRACE][org.elasticsearch.indices.breaker.request] [request] Adjusted breaker by [-16440] bytes, now [0]
[2016-03-30 13:54:38,623][TRACE][org.elasticsearch.indices.breaker.request] [request] Adjusted breaker by [16440] bytes, now [16440]
[2016-03-30 13:54:38,623][TRACE][org.elasticsearch.indices.breaker.request] [request] Adjusted breaker by [16440] bytes, now [16440]
[2016-03-30 13:54:38,623][TRACE][org.elasticsearch.indices.breaker.request] [request] Adjusted breaker by [-16440] bytes, now [0]
[2016-03-30 13:54:38,623][TRACE][org.elasticsearch.indices.breaker.request] [request] Adjusted breaker by [-16440] bytes, now [0]
[2016-03-30 13:54:38,626][TRACE][org.elasticsearch.indices.breaker.request] [request] Adjusted breaker by [16440] bytes, now [16440]
[2016-03-30 13:54:38,626][TRACE][org.elasticsearch.indices.breaker.request] [request] Adjusted breaker by [-16440] bytes, now [0]
[2016-03-30 13:54:38,626][TRACE][org.elasticsearch.indices.breaker.request] [request] Adjusted breaker by [16440] bytes, now [16440]
[2016-03-30 13:54:38,626][TRACE][org.elasticsearch.indices.breaker.request] [request] Adjusted breaker by [-16440] bytes, now [0]
[2016-03-30 13:54:38,628][TRACE][org.elasticsearch.indices.breaker.request] [request] Adjusted breaker by [16440] bytes, now [16440]
[2016-03-30 13:54:38,628][TRACE][org.elasticsearch.indices.breaker.request] [request] Adjusted breaker by [16440] bytes, now [16440]
[2016-03-30 13:54:38,628][TRACE][org.elasticsearch.indices.breaker.request] [request] Adjusted breaker by [-16440] bytes, now [0]
[2016-03-30 13:54:38,628][TRACE][org.elasticsearch.indices.breaker.request] [request] Adjusted breaker by [-16440] bytes, now [0]
[2016-03-30 13:54:38,636][TRACE][org.elasticsearch.indices.breaker.request] [request] Adjusted breaker by [16440] bytes, now [16440]
[2016-03-30 13:54:38,636][TRACE][org.elasticsearch.indices.breaker.request] [request] Adjusted breaker by [16440] bytes, now [16440]
[2016-03-30 13:54:38,636][TRACE][org.elasticsearch.indices.breaker.request] [request] Adjusted breaker by [-16440] bytes, now [0]
[2016-03-30 13:54:38,636][TRACE][org.elasticsearch.indices.breaker.request] [request] Adjusted breaker by [-16440] bytes, now [0]
[2016-03-30 13:54:38,640][TRACE][org.elasticsearch.indices.breaker.request] [request] Adjusted breaker by [16440] bytes, now [16440]
[2016-03-30 13:54:38,640][TRACE][org.elasticsearch.indices.breaker.request] [request] Adjusted breaker by [-16440] bytes, now [0]
[2016-03-30 13:54:38,641][TRACE][org.elasticsearch.indices.breaker.request] [request] Adjusted breaker by [16440] bytes, now [16440]
[2016-03-30 13:54:38,641][TRACE][org.elasticsearch.indices.breaker.request] [request] Adjusted breaker by [-16440] bytes, now [0]
[2016-03-30 13:54:38,643][TRACE][org.elasticsearch.indices.breaker.request] [request] Adjusted breaker by [16440] bytes, now [16440]
[2016-03-30 13:54:38,643][TRACE][org.elasticsearch.indices.breaker.request] [request] Adjusted breaker by [-16440] bytes, now [0]
[2016-03-30 13:54:38,644][TRACE][org.elasticsearch.indices.breaker.request] [request] Adjusted breaker by [16440] bytes, now [16440]
[2016-03-30 13:54:38,644][TRACE][org.elasticsearch.indices.breaker.request] [request] Adjusted breaker by [-16440] bytes, now [0]
[2016-03-30 13:54:38,646][TRACE][org.elasticsearch.indices.breaker.request] [request] Adjusted breaker by [16440] bytes, now [16440]
[2016-03-30 13:54:38,646][TRACE][org.elasticsearch.indices.breaker.request] [request] Adjusted breaker by [16440] bytes, now [16440]
[2016-03-30 13:54:38,646][TRACE][org.elasticsearch.indices.breaker.request] [request] Adjusted breaker by [-16440] bytes, now [0]
[2016-03-30 13:54:38,646][TRACE][org.elasticsearch.indices.breaker.request] [request] Adjusted breaker by [-16440] bytes, now [0]
[2016-03-30 13:54:38,647][TRACE][org.elasticsearch.indices.breaker.request] [request] Adjusted breaker by [16440] bytes, now [16440]
[2016-03-30 13:54:38,648][TRACE][org.elasticsearch.indices.breaker.request] [request] Adjusted breaker by [-16440] bytes, now [0]
[2016-03-30 13:54:38,648][TRACE][org.elasticsearch.indices.breaker.request] [request] Adjusted breaker by [16440] bytes, now [16440]
[2016-03-30 13:54:38,649][TRACE][org.elasticsearch.indices.breaker.request] [request] Adjusted breaker by [-16440] bytes, now [0]
[2016-03-30 13:54:38,659][TRACE][org.elasticsearch.indices.breaker.request] [request] Adjusted breaker by [16440] bytes, now [16440]
[2016-03-30 13:54:38,659][TRACE][org.elasticsearch.indices.breaker.request] [request] Adjusted breaker by [16440] bytes, now [16440]
[2016-03-30 13:54:38,659][TRACE][org.elasticsearch.indices.breaker.request] [request] Adjusted breaker by [-16440] bytes, now [0]
[2016-03-30 13:54:38,659][TRACE][org.elasticsearch.indices.breaker.request] [request] Adjusted breaker by [-16440] bytes, now [0]
[2016-03-30 13:54:38,661][TRACE][org.elasticsearch.indices.breaker.request] [request] Adjusted breaker by [16440] bytes, now [16440]
[2016-03-30 13:54:38,661][TRACE][org.elasticsearch.indices.breaker.request] [request] Adjusted breaker by [-16440] bytes, now [0]
[2016-03-30 13:54:38,662][TRACE][org.elasticsearch.indices.breaker.request] [request] Adjusted breaker by [16440] bytes, now [16440]
[2016-03-30 13:54:38,662][TRACE][org.elasticsearch.indices.breaker.request] [request] Adjusted breaker by [-16440] bytes, now [0]
[2016-03-30 13:54:38,672][TRACE][org.elasticsearch.indices.breaker.request] [request] Adjusted breaker by [16440] bytes, now [16440]
[2016-03-30 13:54:38,672][TRACE][org.elasticsearch.indices.breaker.request] [request] Adjusted breaker by [-16440] bytes, now [0]
[2016-03-30 13:54:38,673][TRACE][org.elasticsearch.indices.breaker.request] [request] Adjusted breaker by [16440] bytes, now [16440]
[2016-03-30 13:54:38,673][TRACE][org.elasticsearch.indices.breaker.request] [request] Adjusted breaker by [-16440] bytes, now [0]
[2016-03-30 13:54:38,675][TRACE][org.elasticsearch.indices.breaker.request] [request] Adjusted breaker by [16440] bytes, now [16440]
[2016-03-30 13:54:38,675][TRACE][org.elasticsearch.indices.breaker.request] [request] Adjusted breaker by [-16440] bytes, now [0]
[2016-03-30 13:54:38,676][TRACE][org.elasticsearch.indices.breaker.request] [request] Adjusted breaker by [16440] bytes, now [16440]
[2016-03-30 13:54:38,676][TRACE][org.elasticsearch.indices.breaker.request] [request] Adjusted breaker by [-16440] bytes, now [0]
[2016-03-30 13:54:38,678][TRACE][org.elasticsearch.indices.breaker.request] [request] Adjusted breaker by [16440] bytes, now [16440]
[2016-03-30 13:54:38,678][TRACE][org.elasticsearch.indices.breaker.request] [request] Adjusted breaker by [-16440] bytes, now [0]
[2016-03-30 13:54:38,685][TRACE][org.elasticsearch.indices.breaker.request] [request] Adjusted breaker by [16440] bytes, now [16440]
[2016-03-30 13:54:38,686][TRACE][org.elasticsearch.indices.breaker.request] [request] Adjusted breaker by [-16440] bytes, now [0]
[2016-03-30 13:54:38,687][TRACE][org.elasticsearch.indices.breaker.request] [request] Adjusted breaker by [16440] bytes, now [16440]
[2016-03-30 13:54:38,687][TRACE][org.elasticsearch.indices.breaker.request] [request] Adjusted breaker by [-16440] bytes, now [0]
[2016-03-30 13:54:38,688][TRACE][org.elasticsearch.indices.breaker.request] [request] Adjusted breaker by [16440] bytes, now [16440]
[2016-03-30 13:54:38,688][TRACE][org.elasticsearch.indices.breaker.request] [request] Adjusted breaker by [-16440] bytes, now [0]
[2016-03-30 13:54:38,689][TRACE][org.elasticsearch.indices.breaker.request] [request] Adjusted breaker by [16440] bytes, now [16440]
[2016-03-30 13:54:38,690][TRACE][org.elasticsearch.indices.breaker.request] [request] Adjusted breaker by [-16440] bytes, now [0]
[2016-03-30 13:54:38,690][TRACE][org.elasticsearch.indices.breaker.request] [request] Adjusted breaker by [16440] bytes, now [16440]
[2016-03-30 13:54:38,691][TRACE][org.elasticsearch.indices.breaker.request] [request] Adjusted breaker by [-16440] bytes, now [0]
[2016-03-30 13:54:38,692][TRACE][org.elasticsearch.indices.breaker.request] [request] Adjusted breaker by [16440] bytes, now [16440]
[2016-03-30 13:54:38,692][TRACE][org.elasticsearch.indices.breaker.request] [request] Adjusted breaker by [-16440] bytes, now [0]
[2016-03-30 13:54:38,693][TRACE][org.elasticsearch.indices.breaker.request] [request] Adjusted breaker by [16440] bytes, now [16440]
[2016-03-30 13:54:38,693][TRACE][org.elasticsearch.indices.breaker.request] [request] Adjusted breaker by [-16440] bytes, now [0]
[2016-03-30 13:54:38,695][TRACE][org.elasticsearch.indices.breaker.request] [request] Adjusted breaker by [16440] bytes, now [16440]
[2016-03-30 13:54:38,695][TRACE][org.elasticsearch.indices.breaker.request] [request] Adjusted breaker by [-16440] bytes, now [0]
[2016-03-30 13:54:38,696][TRACE][org.elasticsearch.indices.breaker.request] [request] Adjusted breaker by [16440] bytes, now [16440]
[2016-03-30 13:54:38,697][TRACE][org.elasticsearch.indices.breaker.request] [request] Adjusted breaker by [-16440] bytes, now [0]
[2016-03-30 13:54:38,698][TRACE][org.elasticsearch.indices.breaker.request] [request] Adjusted breaker by [16440] bytes, now [16440]
[2016-03-30 13:54:38,698][TRACE][org.elasticsearch.indices.breaker.request] [request] Adjusted breaker by [-16440] bytes, now [0]
[2016-03-30 13:54:38,699][TRACE][org.elasticsearch.indices.breaker.request] [request] Adjusted breaker by [16440] bytes, now [16440]
[2016-03-30 13:54:38,699][TRACE][org.elasticsearch.indices.breaker.request] [request] Adjusted breaker by [-16440] bytes, now [0]
[2016-03-30 13:54:38,701][TRACE][org.elasticsearch.indices.breaker.request] [request] Adjusted breaker by [16440] bytes, now [16440]
[2016-03-30 13:54:38,701][TRACE][org.elasticsearch.indices.breaker.request] [request] Adjusted breaker by [-16440] bytes, now [0]
[2016-03-30 13:54:38,702][TRACE][org.elasticsearch.indices.breaker.request] [request] Adjusted breaker by [16440] bytes, now [16440]
[2016-03-30 13:54:38,702][TRACE][org.elasticsearch.indices.breaker.request] [request] Adjusted breaker by [-16440] bytes, now [0]
[2016-03-30 13:54:38,703][TRACE][org.elasticsearch.indices] [node_s0] [test][2] warming [MultiReader(FilterLeafReader(_0(5.4.0):c1) FilterLeafReader(_1(5.4.0):c4))]
[2016-03-30 13:54:38,703][TRACE][org.elasticsearch.indices] [node_s0] [test][2] top warming [ElasticsearchDirectoryReader(FilterLeafReader(_0(5.4.0):c1) FilterLeafReader(_1(5.4.0):c4))]
[2016-03-30 13:54:38,703][TRACE][org.elasticsearch.indices.breaker.request] [request] Adjusted breaker by [16440] bytes, now [16440]
[2016-03-30 13:54:38,703][TRACE][org.elasticsearch.indices.breaker.request] [request] Adjusted breaker by [-16440] bytes, now [0]
[2016-03-30 13:54:38,704][TRACE][org.elasticsearch.indices.breaker.request] [request] Adjusted breaker by [16440] bytes, now [16440]
[2016-03-30 13:54:38,704][TRACE][org.elasticsearch.indices.breaker.request] [request] Adjusted breaker by [-16440] bytes, now [0]
[2016-03-30 13:54:38,705][TRACE][org.elasticsearch.indices] [node_s1] [test][3] warming [MultiReader(FilterLeafReader(_0(5.4.0):c3) FilterLeafReader(_1(5.4.0):c3))]
[2016-03-30 13:54:38,705][TRACE][org.elasticsearch.indices] [node_s1] [test][3] top warming [ElasticsearchDirectoryReader(FilterLeafReader(_0(5.4.0):c3) FilterLeafReader(_1(5.4.0):c3))]
[2016-03-30 13:54:38,706][TRACE][org.elasticsearch.indices.breaker.request] [request] Adjusted breaker by [16440] bytes, now [16440]
[2016-03-30 13:54:38,706][TRACE][org.elasticsearch.indices.breaker.request] [request] Adjusted breaker by [-16440] bytes, now [0]
[2016-03-30 13:54:38,707][TRACE][org.elasticsearch.indices.breaker.request] [request] Adjusted breaker by [16440] bytes, now [16440]
[2016-03-30 13:54:38,707][TRACE][org.elasticsearch.indices.flush] [node_s0] [test][2] pre sync flush done. commit id VK1nW4wmURky6W22z8hsyg==
[2016-03-30 13:54:38,707][TRACE][org.elasticsearch.indices.flush] [node_s0] [test][2] retrieving in flight operation count
[2016-03-30 13:54:38,707][TRACE][org.elasticsearch.indices.flush] [node_s0] [test][3] performing pre sync flush
[2016-03-30 13:54:38,707][TRACE][org.elasticsearch.indices.flush] [node_s1] [test][2] in flight operations sampled at [0]
[2016-03-30 13:54:38,708][TRACE][org.elasticsearch.indices.flush] [node_s0] [test][2] sending synced flush request to [test][2], node[Q4P4gfwCSVmM5TnOfNl8Iw], [R], v[6], s[STARTED], a[id=LsQ9ssSLSBGVCsvyjL6_rw]. sync id [AVPJToF0cuDhFsMJAmMD].
[2016-03-30 13:54:38,708][TRACE][org.elasticsearch.indices.flush] [node_s0] [test][2] sending synced flush request to [test][2], node[8X2Ed1xFSrylEKDMjLmvkQ], [R], v[6], s[STARTED], a[id=dewiYdKPSqmd7TY-rTflCA]. sync id [AVPJToF0cuDhFsMJAmMD].
[2016-03-30 13:54:38,708][TRACE][org.elasticsearch.indices.flush] [node_s0] [test][2] sending synced flush request to [test][2], node[c9PGTkUhQVSZ1aq6LXuXxw], [P], v[6], s[STARTED], a[id=geqCC5twRU6PgQq3hICu8A]. sync id [AVPJToF0cuDhFsMJAmMD].
[2016-03-30 13:54:38,708][TRACE][org.elasticsearch.indices.breaker.request] [request] Adjusted breaker by [-16440] bytes, now [0]
[2016-03-30 13:54:38,710][TRACE][org.elasticsearch.indices.breaker.request] [request] Adjusted breaker by [16440] bytes, now [16440]
[2016-03-30 13:54:38,710][TRACE][org.elasticsearch.indices.breaker.request] [request] Adjusted breaker by [-16440] bytes, now [0]
[2016-03-30 13:54:38,711][TRACE][org.elasticsearch.indices.breaker.request] [request] Adjusted breaker by [16440] bytes, now [16440]
[2016-03-30 13:54:38,711][TRACE][org.elasticsearch.indices.breaker.request] [request] Adjusted breaker by [-16440] bytes, now [0]
[2016-03-30 13:54:38,713][TRACE][org.elasticsearch.indices.flush] [node_s1] [test][3] pre sync flush done. commit id VK1nW4wmURky6W22z8hszA==
[2016-03-30 13:54:38,713][TRACE][org.elasticsearch.indices.flush] [node_s1] [test][4] performing pre sync flush
[2016-03-30 13:54:38,718][TRACE][org.elasticsearch.indices.breaker.request] [request] Adjusted breaker by [16440] bytes, now [16440]
[2016-03-30 13:54:38,718][TRACE][org.elasticsearch.indices.breaker.request] [request] Adjusted breaker by [-16440] bytes, now [0]
[2016-03-30 13:54:38,719][TRACE][org.elasticsearch.indices.breaker.request] [request] Adjusted breaker by [16440] bytes, now [16440]
[2016-03-30 13:54:38,719][TRACE][org.elasticsearch.indices.breaker.request] [request] Adjusted breaker by [-16440] bytes, now [0]
[2016-03-30 13:54:38,720][TRACE][org.elasticsearch.indices.breaker.request] [request] Adjusted breaker by [16440] bytes, now [16440]
[2016-03-30 13:54:38,720][TRACE][org.elasticsearch.indices.breaker.request] [request] Adjusted breaker by [-16440] bytes, now [0]
[2016-03-30 13:54:38,720][TRACE][org.elasticsearch.indices.breaker.request] [request] Adjusted breaker by [16440] bytes, now [16440]
[2016-03-30 13:54:38,721][TRACE][org.elasticsearch.indices.breaker.request] [request] Adjusted breaker by [-16440] bytes, now [0]
[2016-03-30 13:54:38,722][TRACE][org.elasticsearch.indices.breaker.request] [request] Adjusted breaker by [16440] bytes, now [16440]
[2016-03-30 13:54:38,722][TRACE][org.elasticsearch.indices.breaker.request] [request] Adjusted breaker by [-16440] bytes, now [0]
[2016-03-30 13:54:38,723][TRACE][org.elasticsearch.indices.breaker.request] [request] Adjusted breaker by [16440] bytes, now [16440]
[2016-03-30 13:54:38,724][TRACE][org.elasticsearch.indices.breaker.request] [request] Adjusted breaker by [-16440] bytes, now [0]
[2016-03-30 13:54:38,727][TRACE][org.elasticsearch.indices.breaker.request] [request] Adjusted breaker by [16440] bytes, now [16440]
[2016-03-30 13:54:38,727][TRACE][org.elasticsearch.indices.breaker.request] [request] Adjusted breaker by [-16440] bytes, now [0]
[2016-03-30 13:54:38,728][TRACE][org.elasticsearch.indices.breaker.request] [request] Adjusted breaker by [16440] bytes, now [16440]
[2016-03-30 13:54:38,728][TRACE][org.elasticsearch.indices.breaker.request] [request] Adjusted breaker by [-16440] bytes, now [0]
[2016-03-30 13:54:38,729][TRACE][org.elasticsearch.indices.breaker.request] [request] Adjusted breaker by [16440] bytes, now [16440]
[2016-03-30 13:54:38,729][TRACE][org.elasticsearch.indices.breaker.request] [request] Adjusted breaker by [-16440] bytes, now [0]
[2016-03-30 13:54:38,730][TRACE][org.elasticsearch.indices.breaker.request] [request] Adjusted breaker by [16440] bytes, now [16440]
[2016-03-30 13:54:38,730][TRACE][org.elasticsearch.indices.breaker.request] [request] Adjusted breaker by [-16440] bytes, now [0]
[2016-03-30 13:54:38,732][TRACE][org.elasticsearch.indices.breaker.request] [request] Adjusted breaker by [16440] bytes, now [16440]
[2016-03-30 13:54:38,732][TRACE][org.elasticsearch.indices.breaker.request] [request] Adjusted breaker by [-16440] bytes, now [0]
[2016-03-30 13:54:38,733][TRACE][org.elasticsearch.indices.breaker.request] [request] Adjusted breaker by [16440] bytes, now [16440]
[2016-03-30 13:54:38,733][TRACE][org.elasticsearch.indices.breaker.request] [request] Adjusted breaker by [-16440] bytes, now [0]
[2016-03-30 13:54:38,734][TRACE][org.elasticsearch.indices] [node_s3] [test][3] warming [MultiReader(FilterLeafReader(_0(5.4.0):c3) FilterLeafReader(_1(5.4.0):c3))]
[2016-03-30 13:54:38,734][TRACE][org.elasticsearch.indices] [node_s3] [test][3] top warming [ElasticsearchDirectoryReader(FilterLeafReader(_0(5.4.0):c3) FilterLeafReader(_1(5.4.0):c3))]
[2016-03-30 13:54:38,734][TRACE][org.elasticsearch.indices.breaker.request] [request] Adjusted breaker by [16440] bytes, now [16440]
[2016-03-30 13:54:38,734][TRACE][org.elasticsearch.indices.breaker.request] [request] Adjusted breaker by [-16440] bytes, now [0]
[2016-03-30 13:54:38,735][TRACE][org.elasticsearch.indices.breaker.request] [request] Adjusted breaker by [16440] bytes, now [16440]
[2016-03-30 13:54:38,735][TRACE][org.elasticsearch.indices.breaker.request] [request] Adjusted breaker by [-16440] bytes, now [0]
[2016-03-30 13:54:38,736][TRACE][org.elasticsearch.indices.breaker.request] [request] Adjusted breaker by [16440] bytes, now [16440]
[2016-03-30 13:54:38,737][TRACE][org.elasticsearch.indices.breaker.request] [request] Adjusted breaker by [-16440] bytes, now [0]
[2016-03-30 13:54:38,737][TRACE][org.elasticsearch.indices.breaker.request] [request] Adjusted breaker by [16440] bytes, now [16440]
[2016-03-30 13:54:38,737][TRACE][org.elasticsearch.indices.breaker.request] [request] Adjusted breaker by [-16440] bytes, now [0]
[2016-03-30 13:54:38,739][TRACE][org.elasticsearch.indices.breaker.request] [request] Adjusted breaker by [16440] bytes, now [16440]
[2016-03-30 13:54:38,739][TRACE][org.elasticsearch.indices.breaker.request] [request] Adjusted breaker by [-16440] bytes, now [0]
[2016-03-30 13:54:38,740][TRACE][org.elasticsearch.indices.breaker.request] [request] Adjusted breaker by [16440] bytes, now [16440]
[2016-03-30 13:54:38,740][TRACE][org.elasticsearch.indices.breaker.request] [request] Adjusted breaker by [-16440] bytes, now [0]
[2016-03-30 13:54:38,742][TRACE][org.elasticsearch.indices.breaker.request] [request] Adjusted breaker by [16440] bytes, now [16440]
[2016-03-30 13:54:38,742][TRACE][org.elasticsearch.indices.breaker.request] [request] Adjusted breaker by [-16440] bytes, now [0]
[2016-03-30 13:54:38,760][TRACE][org.elasticsearch.indices.breaker.request] [request] Adjusted breaker by [16440] bytes, now [16440]
[2016-03-30 13:54:38,760][TRACE][org.elasticsearch.indices.breaker.request] [request] Adjusted breaker by [-16440] bytes, now [0]
[2016-03-30 13:54:38,763][TRACE][org.elasticsearch.indices.breaker.request] [request] Adjusted breaker by [16440] bytes, now [16440]
[2016-03-30 13:54:38,763][TRACE][org.elasticsearch.indices.breaker.request] [request] Adjusted breaker by [16440] bytes, now [16440]
[2016-03-30 13:54:38,763][TRACE][org.elasticsearch.indices.breaker.request] [request] Adjusted breaker by [-16440] bytes, now [0]
[2016-03-30 13:54:38,763][TRACE][org.elasticsearch.indices.breaker.request] [request] Adjusted breaker by [-16440] bytes, now [0]
[2016-03-30 13:54:38,764][TRACE][org.elasticsearch.indices.breaker.request] [request] Adjusted breaker by [16440] bytes, now [16440]
[2016-03-30 13:54:38,765][TRACE][org.elasticsearch.indices.breaker.request] [request] Adjusted breaker by [-16440] bytes, now [0]
[2016-03-30 13:54:38,765][TRACE][org.elasticsearch.indices.flush] [node_s3] [test][3] pre sync flush done. commit id VK1nW4wmURky6W22z8hsyw==
[2016-03-30 13:54:38,765][TRACE][org.elasticsearch.indices.flush] [node_s3] [test][4] performing pre sync flush
[2016-03-30 13:54:38,766][TRACE][org.elasticsearch.indices.breaker.request] [request] Adjusted breaker by [16440] bytes, now [16440]
[2016-03-30 13:54:38,766][TRACE][org.elasticsearch.indices.breaker.request] [request] Adjusted breaker by [-16440] bytes, now [0]
[2016-03-30 13:54:38,795][TRACE][org.elasticsearch.indices.breaker.request] [request] Adjusted breaker by [16440] bytes, now [16440]
[2016-03-30 13:54:38,795][TRACE][org.elasticsearch.indices.breaker.request] [request] Adjusted breaker by [-16440] bytes, now [0]
[2016-03-30 13:54:38,795][TRACE][org.elasticsearch.indices.breaker.request] [request] Adjusted breaker by [16440] bytes, now [16440]
[2016-03-30 13:54:38,796][TRACE][org.elasticsearch.indices.breaker.request] [request] Adjusted breaker by [-16440] bytes, now [0]
[2016-03-30 13:54:38,797][TRACE][org.elasticsearch.indices.breaker.request] [request] Adjusted breaker by [16440] bytes, now [16440]
[2016-03-30 13:54:38,797][TRACE][org.elasticsearch.indices.breaker.request] [request] Adjusted breaker by [-16440] bytes, now [0]
[2016-03-30 13:54:38,798][TRACE][org.elasticsearch.indices.breaker.request] [request] Adjusted breaker by [16440] bytes, now [16440]
[2016-03-30 13:54:38,798][TRACE][org.elasticsearch.indices.breaker.request] [request] Adjusted breaker by [-16440] bytes, now [0]
[2016-03-30 13:54:38,800][TRACE][org.elasticsearch.indices.breaker.request] [request] Adjusted breaker by [16440] bytes, now [16440]
[2016-03-30 13:54:38,800][TRACE][org.elasticsearch.indices.breaker.request] [request] Adjusted breaker by [-16440] bytes, now [0]
[2016-03-30 13:54:38,801][TRACE][org.elasticsearch.indices.breaker.request] [request] Adjusted breaker by [16440] bytes, now [16440]
[2016-03-30 13:54:38,801][TRACE][org.elasticsearch.indices.breaker.request] [request] Adjusted breaker by [-16440] bytes, now [0]
[2016-03-30 13:54:38,802][TRACE][org.elasticsearch.indices.breaker.request] [request] Adjusted breaker by [16440] bytes, now [16440]
[2016-03-30 13:54:38,803][TRACE][org.elasticsearch.indices.breaker.request] [request] Adjusted breaker by [-16440] bytes, now [0]
[2016-03-30 13:54:38,804][TRACE][org.elasticsearch.indices.breaker.request] [request] Adjusted breaker by [16440] bytes, now [16440]
[2016-03-30 13:54:38,804][TRACE][org.elasticsearch.indices.breaker.request] [request] Adjusted breaker by [-16440] bytes, now [0]
[2016-03-30 13:54:38,824][TRACE][org.elasticsearch.indices.breaker.request] [request] Adjusted breaker by [16440] bytes, now [16440]
[2016-03-30 13:54:38,824][TRACE][org.elasticsearch.indices.breaker.request] [request] Adjusted breaker by [-16440] bytes, now [0]
[2016-03-30 13:54:38,825][TRACE][org.elasticsearch.indices.breaker.request] [request] Adjusted breaker by [16440] bytes, now [16440]
[2016-03-30 13:54:38,825][TRACE][org.elasticsearch.indices.breaker.request] [request] Adjusted breaker by [-16440] bytes, now [0]
[2016-03-30 13:54:38,826][TRACE][org.elasticsearch.indices.breaker.request] [request] Adjusted breaker by [16440] bytes, now [16440]
[2016-03-30 13:54:38,826][TRACE][org.elasticsearch.indices.breaker.request] [request] Adjusted breaker by [-16440] bytes, now [0]
[2016-03-30 13:54:38,827][TRACE][org.elasticsearch.indices.breaker.request] [request] Adjusted breaker by [16440] bytes, now [16440]
[2016-03-30 13:54:38,827][TRACE][org.elasticsearch.indices.breaker.request] [request] Adjusted breaker by [-16440] bytes, now [0]
[2016-03-30 13:54:38,858][TRACE][org.elasticsearch.indices.breaker.request] [request] Adjusted breaker by [16440] bytes, now [16440]
[2016-03-30 13:54:38,858][TRACE][org.elasticsearch.indices.breaker.request] [request] Adjusted breaker by [-16440] bytes, now [0]
[2016-03-30 13:54:38,859][TRACE][org.elasticsearch.indices.breaker.request] [request] Adjusted breaker by [16440] bytes, now [16440]
[2016-03-30 13:54:38,859][TRACE][org.elasticsearch.indices.breaker.request] [request] Adjusted breaker by [-16440] bytes, now [0]
[2016-03-30 13:54:38,860][TRACE][org.elasticsearch.indices.breaker.request] [request] Adjusted breaker by [16440] bytes, now [16440]
[2016-03-30 13:54:38,860][TRACE][org.elasticsearch.indices.breaker.request] [request] Adjusted breaker by [-16440] bytes, now [0]
[2016-03-30 13:54:38,861][TRACE][org.elasticsearch.indices.breaker.request] [request] Adjusted breaker by [16440] bytes, now [16440]
[2016-03-30 13:54:38,861][TRACE][org.elasticsearch.indices.breaker.request] [request] Adjusted breaker by [-16440] bytes, now [0]
[2016-03-30 13:54:38,862][TRACE][org.elasticsearch.indices.breaker.request] [request] Adjusted breaker by [16440] bytes, now [16440]
[2016-03-30 13:54:38,862][TRACE][org.elasticsearch.indices.breaker.request] [request] Adjusted breaker by [-16440] bytes, now [0]
[2016-03-30 13:54:38,868][TRACE][org.elasticsearch.indices.breaker.request] [request] Adjusted breaker by [16440] bytes, now [16440]
[2016-03-30 13:54:38,869][TRACE][org.elasticsearch.indices.breaker.request] [request] Adjusted breaker by [-16440] bytes, now [0]
[2016-03-30 13:54:38,870][TRACE][org.elasticsearch.indices.breaker.request] [request] Adjusted breaker by [16440] bytes, now [16440]
[2016-03-30 13:54:38,870][TRACE][org.elasticsearch.indices.breaker.request] [request] Adjusted breaker by [-16440] bytes, now [0]
[2016-03-30 13:54:38,871][TRACE][org.elasticsearch.indices.breaker.request] [request] Adjusted breaker by [16440] bytes, now [16440]
[2016-03-30 13:54:38,871][TRACE][org.elasticsearch.indices.breaker.request] [request] Adjusted breaker by [-16440] bytes, now [0]
[2016-03-30 13:54:38,873][TRACE][org.elasticsearch.indices.breaker.request] [request] Adjusted breaker by [16440] bytes, now [16440]
[2016-03-30 13:54:38,873][TRACE][org.elasticsearch.indices.breaker.request] [request] Adjusted breaker by [-16440] bytes, now [0]
[2016-03-30 13:54:38,874][TRACE][org.elasticsearch.indices.breaker.request] [request] Adjusted breaker by [16440] bytes, now [16440]
[2016-03-30 13:54:38,874][TRACE][org.elasticsearch.indices.breaker.request] [request] Adjusted breaker by [-16440] bytes, now [0]
[2016-03-30 13:54:38,875][TRACE][org.elasticsearch.indices.breaker.request] [request] Adjusted breaker by [16440] bytes, now [16440]
[2016-03-30 13:54:38,875][TRACE][org.elasticsearch.indices.breaker.request] [request] Adjusted breaker by [-16440] bytes, now [0]
[2016-03-30 13:54:38,876][TRACE][org.elasticsearch.indices.breaker.request] [request] Adjusted breaker by [16440] bytes, now [16440]
[2016-03-30 13:54:38,876][TRACE][org.elasticsearch.indices.breaker.request] [request] Adjusted breaker by [-16440] bytes, now [0]
[2016-03-30 13:54:38,878][TRACE][org.elasticsearch.indices.breaker.request] [request] Adjusted breaker by [16440] bytes, now [16440]
[2016-03-30 13:54:38,879][TRACE][org.elasticsearch.indices.breaker.request] [request] Adjusted breaker by [-16440] bytes, now [0]
[2016-03-30 13:54:38,890][TRACE][org.elasticsearch.indices.breaker.request] [request] Adjusted breaker by [16440] bytes, now [16440]
[2016-03-30 13:54:38,890][TRACE][org.elasticsearch.indices.breaker.request] [request] Adjusted breaker by [-16440] bytes, now [0]
[2016-03-30 13:54:38,892][TRACE][org.elasticsearch.indices.breaker.request] [request] Adjusted breaker by [16440] bytes, now [16440]
[2016-03-30 13:54:38,892][TRACE][org.elasticsearch.indices.breaker.request] [request] Adjusted breaker by [-16440] bytes, now [0]
[2016-03-30 13:54:38,893][TRACE][org.elasticsearch.indices.breaker.request] [request] Adjusted breaker by [16440] bytes, now [16440]
[2016-03-30 13:54:38,893][TRACE][org.elasticsearch.indices.breaker.request] [request] Adjusted breaker by [-16440] bytes, now [0]
[2016-03-30 13:54:38,895][TRACE][org.elasticsearch.indices.breaker.request] [request] Adjusted breaker by [16440] bytes, now [16440]
[2016-03-30 13:54:38,895][TRACE][org.elasticsearch.indices.breaker.request] [request] Adjusted breaker by [16440] bytes, now [16440]
[2016-03-30 13:54:38,895][TRACE][org.elasticsearch.indices.breaker.request] [request] Adjusted breaker by [-16440] bytes, now [0]
[2016-03-30 13:54:38,895][TRACE][org.elasticsearch.indices.breaker.request] [request] Adjusted breaker by [-16440] bytes, now [0]
[2016-03-30 13:54:38,896][TRACE][org.elasticsearch.indices.breaker.request] [request] Adjusted breaker by [16440] bytes, now [16440]
[2016-03-30 13:54:38,897][TRACE][org.elasticsearch.indices.breaker.request] [request] Adjusted breaker by [-16440] bytes, now [0]
[2016-03-30 13:54:38,897][TRACE][org.elasticsearch.indices.breaker.request] [request] Adjusted breaker by [16440] bytes, now [16440]
[2016-03-30 13:54:38,897][TRACE][org.elasticsearch.indices.breaker.request] [request] Adjusted breaker by [-16440] bytes, now [0]
[2016-03-30 13:54:38,899][TRACE][org.elasticsearch.indices.breaker.request] [request] Adjusted breaker by [16440] bytes, now [16440]
[2016-03-30 13:54:38,899][TRACE][org.elasticsearch.indices.breaker.request] [request] Adjusted breaker by [-16440] bytes, now [0]
[2016-03-30 13:54:38,899][TRACE][org.elasticsearch.indices.breaker.request] [request] Adjusted breaker by [16440] bytes, now [16440]
[2016-03-30 13:54:38,899][TRACE][org.elasticsearch.indices.breaker.request] [request] Adjusted breaker by [-16440] bytes, now [0]
[2016-03-30 13:54:38,901][TRACE][org.elasticsearch.indices.breaker.request] [request] Adjusted breaker by [16440] bytes, now [16440]
[2016-03-30 13:54:38,901][TRACE][org.elasticsearch.indices.breaker.request] [request] Adjusted breaker by [-16440] bytes, now [0]
[2016-03-30 13:54:38,901][TRACE][org.elasticsearch.indices.breaker.request] [request] Adjusted breaker by [16440] bytes, now [16440]
[2016-03-30 13:54:38,901][TRACE][org.elasticsearch.indices.breaker.request] [request] Adjusted breaker by [-16440] bytes, now [0]
[2016-03-30 13:54:38,903][TRACE][org.elasticsearch.indices.breaker.request] [request] Adjusted breaker by [16440] bytes, now [16440]
[2016-03-30 13:54:38,903][TRACE][org.elasticsearch.indices.breaker.request] [request] Adjusted breaker by [-16440] bytes, now [0]
[2016-03-30 13:54:38,904][TRACE][org.elasticsearch.indices.breaker.request] [request] Adjusted breaker by [16440] bytes, now [16440]
[2016-03-30 13:54:38,904][TRACE][org.elasticsearch.indices.breaker.request] [request] Adjusted breaker by [-16440] bytes, now [0]
[2016-03-30 13:54:38,906][TRACE][org.elasticsearch.indices.breaker.request] [request] Adjusted breaker by [16440] bytes, now [16440]
[2016-03-30 13:54:38,906][TRACE][org.elasticsearch.indices.breaker.request] [request] Adjusted breaker by [16440] bytes, now [16440]
[2016-03-30 13:54:38,906][TRACE][org.elasticsearch.indices.breaker.request] [request] Adjusted breaker by [-16440] bytes, now [0]
[2016-03-30 13:54:38,906][TRACE][org.elasticsearch.indices.breaker.request] [request] Adjusted breaker by [-16440] bytes, now [0]
[2016-03-30 13:54:38,908][TRACE][org.elasticsearch.indices.breaker.request] [request] Adjusted breaker by [16440] bytes, now [16440]
[2016-03-30 13:54:38,908][TRACE][org.elasticsearch.indices.breaker.request] [request] Adjusted breaker by [-16440] bytes, now [0]
[2016-03-30 13:54:38,909][TRACE][org.elasticsearch.indices.breaker.request] [request] Adjusted breaker by [16440] bytes, now [16440]
[2016-03-30 13:54:38,909][TRACE][org.elasticsearch.indices.breaker.request] [request] Adjusted breaker by [-16440] bytes, now [0]
[2016-03-30 13:54:38,910][TRACE][org.elasticsearch.indices.breaker.request] [request] Adjusted breaker by [16440] bytes, now [16440]
[2016-03-30 13:54:38,910][TRACE][org.elasticsearch.indices.breaker.request] [request] Adjusted breaker by [-16440] bytes, now [0]
[2016-03-30 13:54:38,911][TRACE][org.elasticsearch.indices.breaker.request] [request] Adjusted breaker by [16440] bytes, now [16440]
[2016-03-30 13:54:38,911][TRACE][org.elasticsearch.indices.breaker.request] [request] Adjusted breaker by [-16440] bytes, now [0]
[2016-03-30 13:54:38,914][TRACE][org.elasticsearch.indices.breaker.request] [request] Adjusted breaker by [16440] bytes, now [16440]
[2016-03-30 13:54:38,914][TRACE][org.elasticsearch.indices.breaker.request] [request] Adjusted breaker by [16440] bytes, now [16440]
[2016-03-30 13:54:38,914][TRACE][org.elasticsearch.indices.breaker.request] [request] Adjusted breaker by [-16440] bytes, now [0]
[2016-03-30 13:54:38,914][TRACE][org.elasticsearch.indices.breaker.request] [request] Adjusted breaker by [-16440] bytes, now [0]
[2016-03-30 13:54:38,923][TRACE][org.elasticsearch.indices.breaker.request] [request] Adjusted breaker by [16440] bytes, now [16440]
[2016-03-30 13:54:38,923][TRACE][org.elasticsearch.indices.breaker.request] [request] Adjusted breaker by [16440] bytes, now [16440]
[2016-03-30 13:54:38,923][TRACE][org.elasticsearch.indices.breaker.request] [request] Adjusted breaker by [-16440] bytes, now [0]
[2016-03-30 13:54:38,924][TRACE][org.elasticsearch.indices.breaker.request] [request] Adjusted breaker by [-16440] bytes, now [0]
[2016-03-30 13:54:38,925][TRACE][org.elasticsearch.indices.breaker.request] [request] Adjusted breaker by [16440] bytes, now [16440]
[2016-03-30 13:54:38,925][TRACE][org.elasticsearch.indices.breaker.request] [request] Adjusted breaker by [-16440] bytes, now [0]
[2016-03-30 13:54:38,926][TRACE][org.elasticsearch.indices.breaker.request] [request] Adjusted breaker by [16440] bytes, now [16440]
[2016-03-30 13:54:38,926][TRACE][org.elasticsearch.indices.breaker.request] [request] Adjusted breaker by [-16440] bytes, now [0]
[2016-03-30 13:54:38,929][TRACE][org.elasticsearch.indices.breaker.request] [request] Adjusted breaker by [16440] bytes, now [16440]
[2016-03-30 13:54:38,929][TRACE][org.elasticsearch.indices.breaker.request] [request] Adjusted breaker by [-16440] bytes, now [0]
[2016-03-30 13:54:38,929][TRACE][org.elasticsearch.indices.breaker.request] [request] Adjusted breaker by [16440] bytes, now [16440]
[2016-03-30 13:54:38,930][TRACE][org.elasticsearch.indices.breaker.request] [request] Adjusted breaker by [-16440] bytes, now [0]
[2016-03-30 13:54:38,931][TRACE][org.elasticsearch.indices.breaker.request] [request] Adjusted breaker by [16440] bytes, now [16440]
[2016-03-30 13:54:38,931][TRACE][org.elasticsearch.indices.breaker.request] [request] Adjusted breaker by [-16440] bytes, now [0]
[2016-03-30 13:54:38,932][TRACE][org.elasticsearch.indices.breaker.request] [request] Adjusted breaker by [16440] bytes, now [16440]
[2016-03-30 13:54:38,932][TRACE][org.elasticsearch.indices.breaker.request] [request] Adjusted breaker by [-16440] bytes, now [0]
[2016-03-30 13:54:38,934][TRACE][org.elasticsearch.indices.breaker.request] [request] Adjusted breaker by [16440] bytes, now [16440]
[2016-03-30 13:54:38,934][TRACE][org.elasticsearch.indices.breaker.request] [request] Adjusted breaker by [-16440] bytes, now [0]
[2016-03-30 13:54:38,934][TRACE][org.elasticsearch.indices.breaker.request] [request] Adjusted breaker by [16440] bytes, now [16440]
[2016-03-30 13:54:38,934][TRACE][org.elasticsearch.indices.breaker.request] [request] Adjusted breaker by [-16440] bytes, now [0]
[2016-03-30 13:54:38,936][TRACE][org.elasticsearch.indices.breaker.request] [request] Adjusted breaker by [16440] bytes, now [16440]
[2016-03-30 13:54:38,936][TRACE][org.elasticsearch.indices.breaker.request] [request] Adjusted breaker by [-16440] bytes, now [0]
[2016-03-30 13:54:38,937][TRACE][org.elasticsearch.indices.breaker.request] [request] Adjusted breaker by [16440] bytes, now [16440]
[2016-03-30 13:54:38,937][TRACE][org.elasticsearch.indices.breaker.request] [request] Adjusted breaker by [-16440] bytes, now [0]
[2016-03-30 13:54:38,938][TRACE][org.elasticsearch.indices.breaker.request] [request] Adjusted breaker by [16440] bytes, now [16440]
[2016-03-30 13:54:38,938][TRACE][org.elasticsearch.indices.breaker.request] [request] Adjusted breaker by [-16440] bytes, now [0]
[2016-03-30 13:54:38,946][TRACE][org.elasticsearch.indices.breaker.request] [request] Adjusted breaker by [16440] bytes, now [16440]
[2016-03-30 13:54:38,946][TRACE][org.elasticsearch.indices.breaker.request] [request] Adjusted breaker by [-16440] bytes, now [0]
[2016-03-30 13:54:38,949][TRACE][org.elasticsearch.indices.breaker.request] [request] Adjusted breaker by [16440] bytes, now [16440]
[2016-03-30 13:54:38,949][TRACE][org.elasticsearch.indices.breaker.request] [request] Adjusted breaker by [-16440] bytes, now [0]
[2016-03-30 13:54:38,956][TRACE][org.elasticsearch.indices.breaker.request] [request] Adjusted breaker by [16440] bytes, now [16440]
[2016-03-30 13:54:38,956][TRACE][org.elasticsearch.indices.breaker.request] [request] Adjusted breaker by [-16440] bytes, now [0]
[2016-03-30 13:54:38,958][TRACE][org.elasticsearch.indices.breaker.request] [request] Adjusted breaker by [16440] bytes, now [16440]
[2016-03-30 13:54:38,958][TRACE][org.elasticsearch.indices.breaker.request] [request] Adjusted breaker by [-16440] bytes, now [0]
[2016-03-30 13:54:38,959][TRACE][org.elasticsearch.indices.breaker.request] [request] Adjusted breaker by [16440] bytes, now [16440]
[2016-03-30 13:54:38,959][TRACE][org.elasticsearch.indices.breaker.request] [request] Adjusted breaker by [-16440] bytes, now [0]
[2016-03-30 13:54:38,969][TRACE][org.elasticsearch.indices.breaker.request] [request] Adjusted breaker by [16440] bytes, now [16440]
[2016-03-30 13:54:38,969][TRACE][org.elasticsearch.indices.breaker.request] [request] Adjusted breaker by [-16440] bytes, now [0]
[2016-03-30 13:54:38,970][TRACE][org.elasticsearch.indices.breaker.request] [request] Adjusted breaker by [16440] bytes, now [16440]
[2016-03-30 13:54:38,971][TRACE][org.elasticsearch.indices.breaker.request] [request] Adjusted breaker by [-16440] bytes, now [0]
[2016-03-30 13:54:38,982][TRACE][org.elasticsearch.indices.breaker.request] [request] Adjusted breaker by [16440] bytes, now [16440]
[2016-03-30 13:54:38,982][TRACE][org.elasticsearch.indices.breaker.request] [request] Adjusted breaker by [-16440] bytes, now [0]
[2016-03-30 13:54:38,983][TRACE][org.elasticsearch.indices.breaker.request] [request] Adjusted breaker by [16440] bytes, now [16440]
[2016-03-30 13:54:38,983][TRACE][org.elasticsearch.indices.breaker.request] [request] Adjusted breaker by [-16440] bytes, now [0]
[2016-03-30 13:54:38,984][TRACE][org.elasticsearch.indices.breaker.request] [request] Adjusted breaker by [16440] bytes, now [16440]
[2016-03-30 13:54:38,984][TRACE][org.elasticsearch.indices.breaker.request] [request] Adjusted breaker by [-16440] bytes, now [0]
[2016-03-30 13:54:38,985][TRACE][org.elasticsearch.indices.breaker.request] [request] Adjusted breaker by [16440] bytes, now [16440]
[2016-03-30 13:54:38,985][TRACE][org.elasticsearch.indices.breaker.request] [request] Adjusted breaker by [-16440] bytes, now [0]
[2016-03-30 13:54:38,995][TRACE][org.elasticsearch.indices.breaker.request] [request] Adjusted breaker by [16440] bytes, now [16440]
[2016-03-30 13:54:38,995][TRACE][org.elasticsearch.indices.breaker.request] [request] Adjusted breaker by [16440] bytes, now [16440]
[2016-03-30 13:54:38,995][TRACE][org.elasticsearch.indices.breaker.request] [request] Adjusted breaker by [-16440] bytes, now [0]
[2016-03-30 13:54:38,996][TRACE][org.elasticsearch.indices.breaker.request] [request] Adjusted breaker by [-16440] bytes, now [0]
[2016-03-30 13:54:38,997][TRACE][org.elasticsearch.indices.breaker.request] [request] Adjusted breaker by [16440] bytes, now [16440]
[2016-03-30 13:54:38,997][TRACE][org.elasticsearch.indices.breaker.request] [request] Adjusted breaker by [-16440] bytes, now [0]
[2016-03-30 13:54:38,998][TRACE][org.elasticsearch.indices.breaker.request] [request] Adjusted breaker by [16440] bytes, now [16440]
[2016-03-30 13:54:38,998][TRACE][org.elasticsearch.indices.breaker.request] [request] Adjusted breaker by [-16440] bytes, now [0]
[2016-03-30 13:54:39,018][TRACE][org.elasticsearch.indices.breaker.request] [request] Adjusted breaker by [16440] bytes, now [16440]
[2016-03-30 13:54:39,018][TRACE][org.elasticsearch.indices.breaker.request] [request] Adjusted breaker by [16440] bytes, now [16440]
[2016-03-30 13:54:39,018][TRACE][org.elasticsearch.indices.breaker.request] [request] Adjusted breaker by [-16440] bytes, now [0]
[2016-03-30 13:54:39,018][TRACE][org.elasticsearch.indices.breaker.request] [request] Adjusted breaker by [-16440] bytes, now [0]
[2016-03-30 13:54:39,019][TRACE][org.elasticsearch.indices.breaker.request] [request] Adjusted breaker by [16440] bytes, now [16440]
[2016-03-30 13:54:39,020][TRACE][org.elasticsearch.indices.breaker.request] [request] Adjusted breaker by [-16440] bytes, now [0]
[2016-03-30 13:54:39,020][TRACE][org.elasticsearch.indices.breaker.request] [request] Adjusted breaker by [16440] bytes, now [16440]
[2016-03-30 13:54:39,021][TRACE][org.elasticsearch.indices.breaker.request] [request] Adjusted breaker by [-16440] bytes, now [0]
[2016-03-30 13:54:39,030][TRACE][org.elasticsearch.indices.breaker.request] [request] Adjusted breaker by [16440] bytes, now [16440]
[2016-03-30 13:54:39,031][TRACE][org.elasticsearch.indices.breaker.request] [request] Adjusted breaker by [-16440] bytes, now [0]
[2016-03-30 13:54:39,031][TRACE][org.elasticsearch.indices.breaker.request] [request] Adjusted breaker by [16440] bytes, now [16440]
[2016-03-30 13:54:39,031][TRACE][org.elasticsearch.indices.breaker.request] [request] Adjusted breaker by [-16440] bytes, now [0]
[2016-03-30 13:54:39,033][TRACE][org.elasticsearch.indices.breaker.request] [request] Adjusted breaker by [16440] bytes, now [16440]
[2016-03-30 13:54:39,033][TRACE][org.elasticsearch.indices.breaker.request] [request] Adjusted breaker by [-16440] bytes, now [0]
[2016-03-30 13:54:39,034][TRACE][org.elasticsearch.indices.breaker.request] [request] Adjusted breaker by [16440] bytes, now [16440]
[2016-03-30 13:54:39,034][TRACE][org.elasticsearch.indices.breaker.request] [request] Adjusted breaker by [-16440] bytes, now [0]
[2016-03-30 13:54:39,036][TRACE][org.elasticsearch.indices.breaker.request] [request] Adjusted breaker by [16440] bytes, now [16440]
[2016-03-30 13:54:39,036][TRACE][org.elasticsearch.indices.breaker.request] [request] Adjusted breaker by [-16440] bytes, now [0]
[2016-03-30 13:54:39,037][TRACE][org.elasticsearch.indices.breaker.request] [request] Adjusted breaker by [16440] bytes, now [16440]
[2016-03-30 13:54:39,037][TRACE][org.elasticsearch.indices.breaker.request] [request] Adjusted breaker by [-16440] bytes, now [0]
[2016-03-30 13:54:39,038][TRACE][org.elasticsearch.indices.breaker.request] [request] Adjusted breaker by [16440] bytes, now [16440]
[2016-03-30 13:54:39,038][TRACE][org.elasticsearch.indices.breaker.request] [request] Adjusted breaker by [-16440] bytes, now [0]
[2016-03-30 13:54:39,039][TRACE][org.elasticsearch.indices.breaker.request] [request] Adjusted breaker by [16440] bytes, now [16440]
[2016-03-30 13:54:39,039][TRACE][org.elasticsearch.indices.breaker.request] [request] Adjusted breaker by [-16440] bytes, now [0]
[2016-03-30 13:54:39,040][TRACE][org.elasticsearch.indices.breaker.request] [request] Adjusted breaker by [16440] bytes, now [16440]
[2016-03-30 13:54:39,040][TRACE][org.elasticsearch.indices.breaker.request] [request] Adjusted breaker by [-16440] bytes, now [0]
[2016-03-30 13:54:39,043][TRACE][org.elasticsearch.indices.breaker.request] [request] Adjusted breaker by [16440] bytes, now [16440]
[2016-03-30 13:54:39,043][TRACE][org.elasticsearch.indices.breaker.request] [request] Adjusted breaker by [-16440] bytes, now [0]
[2016-03-30 13:54:39,044][TRACE][org.elasticsearch.indices.breaker.request] [request] Adjusted breaker by [16440] bytes, now [16440]
[2016-03-30 13:54:39,044][TRACE][org.elasticsearch.indices.breaker.request] [request] Adjusted breaker by [-16440] bytes, now [0]
[2016-03-30 13:54:39,045][TRACE][org.elasticsearch.indices.breaker.request] [request] Adjusted breaker by [16440] bytes, now [16440]
[2016-03-30 13:54:39,045][TRACE][org.elasticsearch.indices.breaker.request] [request] Adjusted breaker by [-16440] bytes, now [0]
[2016-03-30 13:54:39,047][TRACE][org.elasticsearch.indices.breaker.request] [request] Adjusted breaker by [16440] bytes, now [16440]
[2016-03-30 13:54:39,047][TRACE][org.elasticsearch.indices.breaker.request] [request] Adjusted breaker by [-16440] bytes, now [0]
[2016-03-30 13:54:39,048][TRACE][org.elasticsearch.indices.breaker.request] [request] Adjusted breaker by [16440] bytes, now [16440]
[2016-03-30 13:54:39,048][TRACE][org.elasticsearch.indices.breaker.request] [request] Adjusted breaker by [-16440] bytes, now [0]
[2016-03-30 13:54:39,049][TRACE][org.elasticsearch.indices.breaker.request] [request] Adjusted breaker by [16440] bytes, now [16440]
[2016-03-30 13:54:39,050][TRACE][org.elasticsearch.indices.breaker.request] [request] Adjusted breaker by [-16440] bytes, now [0]
[2016-03-30 13:54:39,050][TRACE][org.elasticsearch.indices.breaker.request] [request] Adjusted breaker by [16440] bytes, now [16440]
[2016-03-30 13:54:39,050][TRACE][org.elasticsearch.indices.breaker.request] [request] Adjusted breaker by [-16440] bytes, now [0]
[2016-03-30 13:54:39,053][TRACE][org.elasticsearch.indices.breaker.request] [request] Adjusted breaker by [16440] bytes, now [16440]
[2016-03-30 13:54:39,053][TRACE][org.elasticsearch.indices.breaker.request] [request] Adjusted breaker by [16440] bytes, now [16440]
[2016-03-30 13:54:39,053][TRACE][org.elasticsearch.indices.breaker.request] [request] Adjusted breaker by [-16440] bytes, now [0]
[2016-03-30 13:54:39,053][TRACE][org.elasticsearch.indices.breaker.request] [request] Adjusted breaker by [-16440] bytes, now [0]
[2016-03-30 13:54:39,055][TRACE][org.elasticsearch.indices.breaker.request] [request] Adjusted breaker by [16440] bytes, now [16440]
[2016-03-30 13:54:39,055][TRACE][org.elasticsearch.indices.breaker.request] [request] Adjusted breaker by [16440] bytes, now [16440]
[2016-03-30 13:54:39,056][TRACE][org.elasticsearch.indices.breaker.request] [request] Adjusted breaker by [-16440] bytes, now [0]
[2016-03-30 13:54:39,056][TRACE][org.elasticsearch.indices.breaker.request] [request] Adjusted breaker by [-16440] bytes, now [0]
[2016-03-30 13:54:39,057][TRACE][org.elasticsearch.indices.breaker.request] [request] Adjusted breaker by [16440] bytes, now [16440]
[2016-03-30 13:54:39,057][TRACE][org.elasticsearch.indices.breaker.request] [request] Adjusted breaker by [-16440] bytes, now [0]
[2016-03-30 13:54:39,058][TRACE][org.elasticsearch.indices.breaker.request] [request] Adjusted breaker by [16440] bytes, now [16440]
[2016-03-30 13:54:39,058][TRACE][org.elasticsearch.indices.breaker.request] [request] Adjusted breaker by [-16440] bytes, now [0]
[2016-03-30 13:54:39,061][TRACE][org.elasticsearch.indices.breaker.request] [request] Adjusted breaker by [16440] bytes, now [16440]
[2016-03-30 13:54:39,061][TRACE][org.elasticsearch.indices.breaker.request] [request] Adjusted breaker by [-16440] bytes, now [0]
[2016-03-30 13:54:39,061][TRACE][org.elasticsearch.indices.breaker.request] [request] Adjusted breaker by [16440] bytes, now [16440]
[2016-03-30 13:54:39,062][TRACE][org.elasticsearch.indices.breaker.request] [request] Adjusted breaker by [-16440] bytes, now [0]
[2016-03-30 13:54:39,062][TRACE][org.elasticsearch.indices.breaker.request] [request] Adjusted breaker by [16440] bytes, now [16440]
[2016-03-30 13:54:39,063][TRACE][org.elasticsearch.indices.breaker.request] [request] Adjusted breaker by [-16440] bytes, now [0]
[2016-03-30 13:54:39,064][TRACE][org.elasticsearch.indices.breaker.request] [request] Adjusted breaker by [16440] bytes, now [16440]
[2016-03-30 13:54:39,064][TRACE][org.elasticsearch.indices.breaker.request] [request] Adjusted breaker by [-16440] bytes, now [0]
[2016-03-30 13:54:39,065][TRACE][org.elasticsearch.indices.breaker.request] [request] Adjusted breaker by [16440] bytes, now [16440]
[2016-03-30 13:54:39,065][TRACE][org.elasticsearch.indices.breaker.request] [request] Adjusted breaker by [-16440] bytes, now [0]
[2016-03-30 13:54:39,066][TRACE][org.elasticsearch.indices.breaker.request] [request] Adjusted breaker by [16440] bytes, now [16440]
[2016-03-30 13:54:39,066][TRACE][org.elasticsearch.indices.breaker.request] [request] Adjusted breaker by [-16440] bytes, now [0]
[2016-03-30 13:54:39,067][TRACE][org.elasticsearch.indices.breaker.request] [request] Adjusted breaker by [16440] bytes, now [16440]
[2016-03-30 13:54:39,068][TRACE][org.elasticsearch.indices.breaker.request] [request] Adjusted breaker by [-16440] bytes, now [0]
[2016-03-30 13:54:39,069][TRACE][org.elasticsearch.indices.breaker.request] [request] Adjusted breaker by [16440] bytes, now [16440]
[2016-03-30 13:54:39,069][TRACE][org.elasticsearch.indices.breaker.request] [request] Adjusted breaker by [-16440] bytes, now [0]
[2016-03-30 13:54:39,071][TRACE][org.elasticsearch.indices.breaker.request] [request] Adjusted breaker by [16440] bytes, now [16440]
[2016-03-30 13:54:39,071][TRACE][org.elasticsearch.indices.breaker.request] [request] Adjusted breaker by [-16440] bytes, now [0]
[2016-03-30 13:54:39,071][TRACE][org.elasticsearch.indices.breaker.request] [request] Adjusted breaker by [16440] bytes, now [16440]
[2016-03-30 13:54:39,071][TRACE][org.elasticsearch.indices.breaker.request] [request] Adjusted breaker by [-16440] bytes, now [0]
[2016-03-30 13:54:39,073][TRACE][org.elasticsearch.indices.breaker.request] [request] Adjusted breaker by [16440] bytes, now [16440]
[2016-03-30 13:54:39,073][TRACE][org.elasticsearch.indices.breaker.request] [request] Adjusted breaker by [-16440] bytes, now [0]
[2016-03-30 13:54:39,074][TRACE][org.elasticsearch.indices.breaker.request] [request] Adjusted breaker by [16440] bytes, now [16440]
[2016-03-30 13:54:39,074][TRACE][org.elasticsearch.indices.breaker.request] [request] Adjusted breaker by [-16440] bytes, now [0]
[2016-03-30 13:54:39,075][TRACE][org.elasticsearch.indices.breaker.request] [request] Adjusted breaker by [16440] bytes, now [16440]
[2016-03-30 13:54:39,075][TRACE][org.elasticsearch.indices.breaker.request] [request] Adjusted breaker by [-16440] bytes, now [0]
[2016-03-30 13:54:39,076][TRACE][org.elasticsearch.indices.breaker.request] [request] Adjusted breaker by [16440] bytes, now [16440]
[2016-03-30 13:54:39,076][TRACE][org.elasticsearch.indices.breaker.request] [request] Adjusted breaker by [-16440] bytes, now [0]
[2016-03-30 13:54:39,078][TRACE][org.elasticsearch.indices.breaker.request] [request] Adjusted breaker by [16440] bytes, now [16440]
[2016-03-30 13:54:39,078][TRACE][org.elasticsearch.indices.breaker.request] [request] Adjusted breaker by [16440] bytes, now [16440]
[2016-03-30 13:54:39,078][TRACE][org.elasticsearch.indices.breaker.request] [request] Adjusted breaker by [-16440] bytes, now [0]
[2016-03-30 13:54:39,078][TRACE][org.elasticsearch.indices.breaker.request] [request] Adjusted breaker by [-16440] bytes, now [0]
[2016-03-30 13:54:39,085][TRACE][org.elasticsearch.indices.breaker.request] [request] Adjusted breaker by [16440] bytes, now [16440]
[2016-03-30 13:54:39,085][TRACE][org.elasticsearch.indices.breaker.request] [request] Adjusted breaker by [-16440] bytes, now [0]
[2016-03-30 13:54:39,086][TRACE][org.elasticsearch.indices.breaker.request] [request] Adjusted breaker by [16440] bytes, now [16440]
[2016-03-30 13:54:39,086][TRACE][org.elasticsearch.indices.breaker.request] [request] Adjusted breaker by [-16440] bytes, now [0]
[2016-03-30 13:54:39,088][TRACE][org.elasticsearch.indices.breaker.request] [request] Adjusted breaker by [16440] bytes, now [16440]
[2016-03-30 13:54:39,088][TRACE][org.elasticsearch.indices.breaker.request] [request] Adjusted breaker by [16440] bytes, now [16440]
[2016-03-30 13:54:39,088][TRACE][org.elasticsearch.indices.breaker.request] [request] Adjusted breaker by [-16440] bytes, now [0]
[2016-03-30 13:54:39,088][TRACE][org.elasticsearch.indices.breaker.request] [request] Adjusted breaker by [-16440] bytes, now [0]
[2016-03-30 13:54:39,089][TRACE][org.elasticsearch.indices.breaker.request] [request] Adjusted breaker by [16440] bytes, now [16440]
[2016-03-30 13:54:39,089][TRACE][org.elasticsearch.indices.breaker.request] [request] Adjusted breaker by [-16440] bytes, now [0]
[2016-03-30 13:54:39,090][TRACE][org.elasticsearch.indices.breaker.request] [request] Adjusted breaker by [16440] bytes, now [16440]
[2016-03-30 13:54:39,090][TRACE][org.elasticsearch.indices.breaker.request] [request] Adjusted breaker by [-16440] bytes, now [0]
[2016-03-30 13:54:39,099][TRACE][org.elasticsearch.indices.breaker.request] [request] Adjusted breaker by [16440] bytes, now [16440]
[2016-03-30 13:54:39,099][TRACE][org.elasticsearch.indices.breaker.request] [request] Adjusted breaker by [16440] bytes, now [16440]
[2016-03-30 13:54:39,100][TRACE][org.elasticsearch.indices.breaker.request] [request] Adjusted breaker by [-16440] bytes, now [0]
[2016-03-30 13:54:39,099][TRACE][org.elasticsearch.indices.breaker.request] [request] Adjusted breaker by [-16440] bytes, now [0]
[2016-03-30 13:54:39,103][TRACE][org.elasticsearch.indices.breaker.request] [request] Adjusted breaker by [16440] bytes, now [16440]
[2016-03-30 13:54:39,103][TRACE][org.elasticsearch.indices.breaker.request] [request] Adjusted breaker by [16440] bytes, now [16440]
[2016-03-30 13:54:39,103][TRACE][org.elasticsearch.indices.breaker.request] [request] Adjusted breaker by [-16440] bytes, now [0]
[2016-03-30 13:54:39,103][TRACE][org.elasticsearch.indices.breaker.request] [request] Adjusted breaker by [-16440] bytes, now [0]
[2016-03-30 13:54:39,106][TRACE][org.elasticsearch.indices.breaker.request] [request] Adjusted breaker by [16440] bytes, now [16440]
[2016-03-30 13:54:39,107][TRACE][org.elasticsearch.indices.breaker.request] [request] Adjusted breaker by [-16440] bytes, now [0]
[2016-03-30 13:54:39,107][TRACE][org.elasticsearch.indices.breaker.request] [request] Adjusted breaker by [16440] bytes, now [16440]
[2016-03-30 13:54:39,107][TRACE][org.elasticsearch.indices.breaker.request] [request] Adjusted breaker by [-16440] bytes, now [0]
[2016-03-30 13:54:39,125][TRACE][org.elasticsearch.indices.breaker.request] [request] Adjusted breaker by [16440] bytes, now [16440]
[2016-03-30 13:54:39,125][TRACE][org.elasticsearch.indices.breaker.request] [request] Adjusted breaker by [-16440] bytes, now [0]
[2016-03-30 13:54:39,125][TRACE][org.elasticsearch.indices.breaker.request] [request] Adjusted breaker by [16440] bytes, now [16440]
[2016-03-30 13:54:39,125][TRACE][org.elasticsearch.indices.breaker.request] [request] Adjusted breaker by [-16440] bytes, now [0]
[2016-03-30 13:54:39,127][TRACE][org.elasticsearch.indices.breaker.request] [request] Adjusted breaker by [16440] bytes, now [16440]
[2016-03-30 13:54:39,127][TRACE][org.elasticsearch.indices.breaker.request] [request] Adjusted breaker by [-16440] bytes, now [0]
[2016-03-30 13:54:39,137][TRACE][org.elasticsearch.indices.breaker.request] [request] Adjusted breaker by [16440] bytes, now [16440]
[2016-03-30 13:54:39,137][TRACE][org.elasticsearch.indices.breaker.request] [request] Adjusted breaker by [-16440] bytes, now [0]
[2016-03-30 13:54:39,139][TRACE][org.elasticsearch.indices.breaker.request] [request] Adjusted breaker by [16440] bytes, now [16440]
[2016-03-30 13:54:39,139][TRACE][org.elasticsearch.indices.breaker.request] [request] Adjusted breaker by [-16440] bytes, now [0]
[2016-03-30 13:54:39,140][TRACE][org.elasticsearch.indices.breaker.request] [request] Adjusted breaker by [16440] bytes, now [16440]
[2016-03-30 13:54:39,140][TRACE][org.elasticsearch.indices.breaker.request] [request] Adjusted breaker by [-16440] bytes, now [0]
[2016-03-30 13:54:39,141][TRACE][org.elasticsearch.indices.breaker.request] [request] Adjusted breaker by [16440] bytes, now [16440]
[2016-03-30 13:54:39,141][TRACE][org.elasticsearch.indices.breaker.request] [request] Adjusted breaker by [16440] bytes, now [16440]
[2016-03-30 13:54:39,141][TRACE][org.elasticsearch.indices.breaker.request] [request] Adjusted breaker by [-16440] bytes, now [0]
[2016-03-30 13:54:39,142][TRACE][org.elasticsearch.indices.breaker.request] [request] Adjusted breaker by [-16440] bytes, now [0]
[2016-03-30 13:54:39,143][TRACE][org.elasticsearch.indices.breaker.request] [request] Adjusted breaker by [16440] bytes, now [16440]
[2016-03-30 13:54:39,143][TRACE][org.elasticsearch.indices.breaker.request] [request] Adjusted breaker by [-16440] bytes, now [0]
[2016-03-30 13:54:39,144][TRACE][org.elasticsearch.indices.breaker.request] [request] Adjusted breaker by [16440] bytes, now [16440]
[2016-03-30 13:54:39,144][TRACE][org.elasticsearch.indices.breaker.request] [request] Adjusted breaker by [-16440] bytes, now [0]
[2016-03-30 13:54:39,146][TRACE][org.elasticsearch.indices.breaker.request] [request] Adjusted breaker by [16440] bytes, now [16440]
[2016-03-30 13:54:39,146][TRACE][org.elasticsearch.indices.breaker.request] [request] Adjusted breaker by [16440] bytes, now [16440]
[2016-03-30 13:54:39,146][TRACE][org.elasticsearch.indices.breaker.request] [request] Adjusted breaker by [-16440] bytes, now [0]
[2016-03-30 13:54:39,146][TRACE][org.elasticsearch.indices.breaker.request] [request] Adjusted breaker by [-16440] bytes, now [0]
[2016-03-30 13:54:39,148][TRACE][org.elasticsearch.indices.breaker.request] [request] Adjusted breaker by [16440] bytes, now [16440]
[2016-03-30 13:54:39,148][TRACE][org.elasticsearch.indices.breaker.request] [request] Adjusted breaker by [-16440] bytes, now [0]
[2016-03-30 13:54:39,149][TRACE][org.elasticsearch.indices.breaker.request] [request] Adjusted breaker by [16440] bytes, now [16440]
[2016-03-30 13:54:39,149][TRACE][org.elasticsearch.indices.breaker.request] [request] Adjusted breaker by [-16440] bytes, now [0]
[2016-03-30 13:54:39,158][TRACE][org.elasticsearch.indices.breaker.request] [request] Adjusted breaker by [16440] bytes, now [16440]
[2016-03-30 13:54:39,158][TRACE][org.elasticsearch.indices.breaker.request] [request] Adjusted breaker by [-16440] bytes, now [0]
[2016-03-30 13:54:39,158][TRACE][org.elasticsearch.indices.breaker.request] [request] Adjusted breaker by [16440] bytes, now [16440]
[2016-03-30 13:54:39,159][TRACE][org.elasticsearch.indices.breaker.request] [request] Adjusted breaker by [-16440] bytes, now [0]
[2016-03-30 13:54:39,159][TRACE][org.elasticsearch.indices.breaker.request] [request] Adjusted breaker by [16440] bytes, now [16440]
[2016-03-30 13:54:39,160][TRACE][org.elasticsearch.indices.breaker.request] [request] Adjusted breaker by [-16440] bytes, now [0]
[2016-03-30 13:54:39,160][TRACE][org.elasticsearch.indices.breaker.request] [request] Adjusted breaker by [16440] bytes, now [16440]
[2016-03-30 13:54:39,160][TRACE][org.elasticsearch.indices.breaker.request] [request] Adjusted breaker by [-16440] bytes, now [0]
[2016-03-30 13:54:39,161][TRACE][org.elasticsearch.indices.breaker.request] [request] Adjusted breaker by [16440] bytes, now [16440]
[2016-03-30 13:54:39,162][TRACE][org.elasticsearch.indices.breaker.request] [request] Adjusted breaker by [-16440] bytes, now [0]
[2016-03-30 13:54:39,162][TRACE][org.elasticsearch.indices.breaker.request] [request] Adjusted breaker by [16440] bytes, now [16440]
[2016-03-30 13:54:39,162][TRACE][org.elasticsearch.indices.breaker.request] [request] Adjusted breaker by [-16440] bytes, now [0]
[2016-03-30 13:54:39,164][TRACE][org.elasticsearch.indices.breaker.request] [request] Adjusted breaker by [16440] bytes, now [16440]
[2016-03-30 13:54:39,164][TRACE][org.elasticsearch.indices.breaker.request] [request] Adjusted breaker by [-16440] bytes, now [0]
[2016-03-30 13:54:39,164][TRACE][org.elasticsearch.indices.breaker.request] [request] Adjusted breaker by [16440] bytes, now [16440]
[2016-03-30 13:54:39,165][TRACE][org.elasticsearch.indices.breaker.request] [request] Adjusted breaker by [-16440] bytes, now [0]
[2016-03-30 13:54:39,166][TRACE][org.elasticsearch.indices.breaker.request] [request] Adjusted breaker by [16440] bytes, now [16440]
[2016-03-30 13:54:39,167][TRACE][org.elasticsearch.indices.breaker.request] [request] Adjusted breaker by [16440] bytes, now [16440]
[2016-03-30 13:54:39,167][TRACE][org.elasticsearch.indices.breaker.request] [request] Adjusted breaker by [-16440] bytes, now [0]
[2016-03-30 13:54:39,167][TRACE][org.elasticsearch.indices.breaker.request] [request] Adjusted breaker by [-16440] bytes, now [0]
[2016-03-30 13:54:39,168][TRACE][org.elasticsearch.indices.breaker.request] [request] Adjusted breaker by [16440] bytes, now [16440]
[2016-03-30 13:54:39,168][TRACE][org.elasticsearch.indices.breaker.request] [request] Adjusted breaker by [-16440] bytes, now [0]
[2016-03-30 13:54:39,169][TRACE][org.elasticsearch.indices.breaker.request] [request] Adjusted breaker by [16440] bytes, now [16440]
[2016-03-30 13:54:39,169][TRACE][org.elasticsearch.indices.breaker.request] [request] Adjusted breaker by [-16440] bytes, now [0]
[2016-03-30 13:54:39,171][TRACE][org.elasticsearch.indices.breaker.request] [request] Adjusted breaker by [16440] bytes, now [16440]
[2016-03-30 13:54:39,171][TRACE][org.elasticsearch.indices.breaker.request] [request] Adjusted breaker by [-16440] bytes, now [0]
[2016-03-30 13:54:39,172][TRACE][org.elasticsearch.indices.breaker.request] [request] Adjusted breaker by [16440] bytes, now [16440]
[2016-03-30 13:54:39,172][TRACE][org.elasticsearch.indices.breaker.request] [request] Adjusted breaker by [-16440] bytes, now [0]
[2016-03-30 13:54:39,173][TRACE][org.elasticsearch.indices.breaker.request] [request] Adjusted breaker by [16440] bytes, now [16440]
[2016-03-30 13:54:39,173][TRACE][org.elasticsearch.indices.breaker.request] [request] Adjusted breaker by [-16440] bytes, now [0]
[2016-03-30 13:54:39,181][TRACE][org.elasticsearch.indices.breaker.request] [request] Adjusted breaker by [16440] bytes, now [16440]
[2016-03-30 13:54:39,181][TRACE][org.elasticsearch.indices.breaker.request] [request] Adjusted breaker by [-16440] bytes, now [0]
[2016-03-30 13:54:39,183][TRACE][org.elasticsearch.indices.breaker.request] [request] Adjusted breaker by [16440] bytes, now [16440]
[2016-03-30 13:54:39,184][TRACE][org.elasticsearch.indices.breaker.request] [request] Adjusted breaker by [-16440] bytes, now [0]
[2016-03-30 13:54:39,183][TRACE][org.elasticsearch.indices.breaker.request] [request] Adjusted breaker by [16440] bytes, now [16440]
[2016-03-30 13:54:39,184][TRACE][org.elasticsearch.indices.breaker.request] [request] Adjusted breaker by [-16440] bytes, now [0]
[2016-03-30 13:54:39,185][TRACE][org.elasticsearch.indices.breaker.request] [request] Adjusted breaker by [16440] bytes, now [16440]
[2016-03-30 13:54:39,185][TRACE][org.elasticsearch.indices.breaker.request] [request] Adjusted breaker by [-16440] bytes, now [0]
[2016-03-30 13:54:39,186][TRACE][org.elasticsearch.indices.breaker.request] [request] Adjusted breaker by [16440] bytes, now [16440]
[2016-03-30 13:54:39,186][TRACE][org.elasticsearch.indices.breaker.request] [request] Adjusted breaker by [-16440] bytes, now [0]
[2016-03-30 13:54:39,187][TRACE][org.elasticsearch.indices.breaker.request] [request] Adjusted breaker by [16440] bytes, now [16440]
[2016-03-30 13:54:39,187][TRACE][org.elasticsearch.indices.breaker.request] [request] Adjusted breaker by [-16440] bytes, now [0]
[2016-03-30 13:54:39,187][TRACE][org.elasticsearch.indices.breaker.request] [request] Adjusted breaker by [16440] bytes, now [16440]
[2016-03-30 13:54:39,187][TRACE][org.elasticsearch.indices.breaker.request] [request] Adjusted breaker by [-16440] bytes, now [0]
[2016-03-30 13:54:39,189][TRACE][org.elasticsearch.indices.breaker.request] [request] Adjusted breaker by [16440] bytes, now [16440]
[2016-03-30 13:54:39,189][TRACE][org.elasticsearch.indices.breaker.request] [request] Adjusted breaker by [-16440] bytes, now [0]
[2016-03-30 13:54:39,189][TRACE][org.elasticsearch.indices.breaker.request] [request] Adjusted breaker by [16440] bytes, now [16440]
[2016-03-30 13:54:39,189][TRACE][org.elasticsearch.indices.breaker.request] [request] Adjusted breaker by [-16440] bytes, now [0]
[2016-03-30 13:54:39,191][TRACE][org.elasticsearch.indices.breaker.request] [request] Adjusted breaker by [16440] bytes, now [16440]
[2016-03-30 13:54:39,191][TRACE][org.elasticsearch.indices.breaker.request] [request] Adjusted breaker by [-16440] bytes, now [0]
[2016-03-30 13:54:39,192][TRACE][org.elasticsearch.indices.breaker.request] [request] Adjusted breaker by [16440] bytes, now [16440]
[2016-03-30 13:54:39,192][TRACE][org.elasticsearch.indices.breaker.request] [request] Adjusted breaker by [-16440] bytes, now [0]
[2016-03-30 13:54:39,193][TRACE][org.elasticsearch.indices.breaker.request] [request] Adjusted breaker by [16440] bytes, now [16440]
[2016-03-30 13:54:39,193][TRACE][org.elasticsearch.indices.breaker.request] [request] Adjusted breaker by [-16440] bytes, now [0]
[2016-03-30 13:54:39,194][TRACE][org.elasticsearch.indices.breaker.request] [request] Adjusted breaker by [16440] bytes, now [16440]
[2016-03-30 13:54:39,194][TRACE][org.elasticsearch.indices.breaker.request] [request] Adjusted breaker by [-16440] bytes, now [0]
[2016-03-30 13:54:39,195][TRACE][org.elasticsearch.indices.breaker.request] [request] Adjusted breaker by [16440] bytes, now [16440]
[2016-03-30 13:54:39,195][TRACE][org.elasticsearch.indices.breaker.request] [request] Adjusted breaker by [-16440] bytes, now [0]
[2016-03-30 13:54:39,196][TRACE][org.elasticsearch.indices.breaker.request] [request] Adjusted breaker by [16440] bytes, now [16440]
[2016-03-30 13:54:39,196][TRACE][org.elasticsearch.indices.breaker.request] [request] Adjusted breaker by [-16440] bytes, now [0]
[2016-03-30 13:54:39,198][TRACE][org.elasticsearch.indices.breaker.request] [request] Adjusted breaker by [16440] bytes, now [16440]
[2016-03-30 13:54:39,198][TRACE][org.elasticsearch.indices.breaker.request] [request] Adjusted breaker by [-16440] bytes, now [0]
[2016-03-30 13:54:39,199][TRACE][org.elasticsearch.indices.breaker.request] [request] Adjusted breaker by [16440] bytes, now [16440]
[2016-03-30 13:54:39,199][TRACE][org.elasticsearch.indices.breaker.request] [request] Adjusted breaker by [-16440] bytes, now [0]
[2016-03-30 13:54:39,201][TRACE][org.elasticsearch.indices.breaker.request] [request] Adjusted breaker by [16440] bytes, now [16440]
[2016-03-30 13:54:39,201][TRACE][org.elasticsearch.indices.breaker.request] [request] Adjusted breaker by [-16440] bytes, now [0]
[2016-03-30 13:54:39,201][TRACE][org.elasticsearch.indices.breaker.request] [request] Adjusted breaker by [16440] bytes, now [16440]
[2016-03-30 13:54:39,201][TRACE][org.elasticsearch.indices.breaker.request] [request] Adjusted breaker by [-16440] bytes, now [0]
[2016-03-30 13:54:39,202][TRACE][org.elasticsearch.indices.breaker.request] [request] Adjusted breaker by [16440] bytes, now [16440]
[2016-03-30 13:54:39,203][TRACE][org.elasticsearch.indices.breaker.request] [request] Adjusted breaker by [-16440] bytes, now [0]
[2016-03-30 13:54:39,203][TRACE][org.elasticsearch.indices.breaker.request] [request] Adjusted breaker by [16440] bytes, now [16440]
[2016-03-30 13:54:39,203][TRACE][org.elasticsearch.indices.breaker.request] [request] Adjusted breaker by [-16440] bytes, now [0]
[2016-03-30 13:54:39,205][TRACE][org.elasticsearch.indices.breaker.request] [request] Adjusted breaker by [16440] bytes, now [16440]
[2016-03-30 13:54:39,205][TRACE][org.elasticsearch.indices.breaker.request] [request] Adjusted breaker by [-16440] bytes, now [0]
[2016-03-30 13:54:39,205][TRACE][org.elasticsearch.indices.breaker.request] [request] Adjusted breaker by [16440] bytes, now [16440]
[2016-03-30 13:54:39,206][TRACE][org.elasticsearch.indices.breaker.request] [request] Adjusted breaker by [-16440] bytes, now [0]
[2016-03-30 13:54:39,208][TRACE][org.elasticsearch.indices.breaker.request] [request] Adjusted breaker by [16440] bytes, now [16440]
[2016-03-30 13:54:39,208][TRACE][org.elasticsearch.indices.breaker.request] [request] Adjusted breaker by [-16440] bytes, now [0]
[2016-03-30 13:54:39,234][TRACE][org.elasticsearch.indices] [node_s1] [test][4] warming [MultiReader(FilterLeafReader(_0(5.4.0):c14) FilterLeafReader(_1(5.4.0):c6))]
[2016-03-30 13:54:39,235][TRACE][org.elasticsearch.indices] [node_s1] [test][4] top warming [ElasticsearchDirectoryReader(FilterLeafReader(_0(5.4.0):c14) FilterLeafReader(_1(5.4.0):c6))]
[2016-03-30 13:54:39,245][TRACE][org.elasticsearch.indices.flush] [node_s1] [test][4] pre sync flush done. commit id VK1nW4wmURky6W22z8hs0w==
[2016-03-30 13:54:39,245][TRACE][org.elasticsearch.indices.flush] [node_s1] [test][5] performing pre sync flush
[2016-03-30 13:54:39,245][TRACE][org.elasticsearch.indices.breaker.request] [request] Adjusted breaker by [16440] bytes, now [16440]
[2016-03-30 13:54:39,246][TRACE][org.elasticsearch.indices.breaker.request] [request] Adjusted breaker by [-16440] bytes, now [0]
[2016-03-30 13:54:39,248][TRACE][org.elasticsearch.indices.breaker.request] [request] Adjusted breaker by [16440] bytes, now [16440]
[2016-03-30 13:54:39,248][TRACE][org.elasticsearch.indices.breaker.request] [request] Adjusted breaker by [16440] bytes, now [16440]
[2016-03-30 13:54:39,248][TRACE][org.elasticsearch.indices.breaker.request] [request] Adjusted breaker by [-16440] bytes, now [0]
[2016-03-30 13:54:39,248][TRACE][org.elasticsearch.indices.breaker.request] [request] Adjusted breaker by [-16440] bytes, now [0]
[2016-03-30 13:54:39,250][TRACE][org.elasticsearch.indices.breaker.request] [request] Adjusted breaker by [16440] bytes, now [16440]
[2016-03-30 13:54:39,250][TRACE][org.elasticsearch.indices.breaker.request] [request] Adjusted breaker by [-16440] bytes, now [0]
[2016-03-30 13:54:39,251][TRACE][org.elasticsearch.indices.breaker.request] [request] Adjusted breaker by [16440] bytes, now [16440]
[2016-03-30 13:54:39,251][TRACE][org.elasticsearch.indices.breaker.request] [request] Adjusted breaker by [-16440] bytes, now [0]
[2016-03-30 13:54:39,255][TRACE][org.elasticsearch.indices.breaker.request] [request] Adjusted breaker by [16440] bytes, now [16440]
[2016-03-30 13:54:39,255][TRACE][org.elasticsearch.indices.breaker.request] [request] Adjusted breaker by [-16440] bytes, now [0]
[2016-03-30 13:54:39,255][TRACE][org.elasticsearch.indices.breaker.request] [request] Adjusted breaker by [16440] bytes, now [16440]
[2016-03-30 13:54:39,256][TRACE][org.elasticsearch.indices.breaker.request] [request] Adjusted breaker by [-16440] bytes, now [0]
[2016-03-30 13:54:39,257][TRACE][org.elasticsearch.indices.breaker.request] [request] Adjusted breaker by [16440] bytes, now [16440]
[2016-03-30 13:54:39,257][TRACE][org.elasticsearch.indices.breaker.request] [request] Adjusted breaker by [-16440] bytes, now [0]
[2016-03-30 13:54:39,258][TRACE][org.elasticsearch.indices.breaker.request] [request] Adjusted breaker by [16440] bytes, now [16440]
[2016-03-30 13:54:39,258][TRACE][org.elasticsearch.indices.breaker.request] [request] Adjusted breaker by [-16440] bytes, now [0]
[2016-03-30 13:54:39,276][TRACE][org.elasticsearch.indices.breaker.request] [request] Adjusted breaker by [16440] bytes, now [16440]
[2016-03-30 13:54:39,276][TRACE][org.elasticsearch.indices.breaker.request] [request] Adjusted breaker by [-16440] bytes, now [0]
[2016-03-30 13:54:39,277][TRACE][org.elasticsearch.indices.breaker.request] [request] Adjusted breaker by [16440] bytes, now [16440]
[2016-03-30 13:54:39,277][TRACE][org.elasticsearch.indices.breaker.request] [request] Adjusted breaker by [-16440] bytes, now [0]
[2016-03-30 13:54:39,278][TRACE][org.elasticsearch.indices.breaker.request] [request] Adjusted breaker by [16440] bytes, now [16440]
[2016-03-30 13:54:39,279][TRACE][org.elasticsearch.indices.breaker.request] [request] Adjusted breaker by [-16440] bytes, now [0]
[2016-03-30 13:54:39,279][TRACE][org.elasticsearch.indices.breaker.request] [request] Adjusted breaker by [16440] bytes, now [16440]
[2016-03-30 13:54:39,279][TRACE][org.elasticsearch.indices.breaker.request] [request] Adjusted breaker by [-16440] bytes, now [0]
[2016-03-30 13:54:39,280][TRACE][org.elasticsearch.indices.breaker.request] [request] Adjusted breaker by [16440] bytes, now [16440]
[2016-03-30 13:54:39,280][TRACE][org.elasticsearch.indices.breaker.request] [request] Adjusted breaker by [-16440] bytes, now [0]
[2016-03-30 13:54:39,281][TRACE][org.elasticsearch.indices.breaker.request] [request] Adjusted breaker by [16440] bytes, now [16440]
[2016-03-30 13:54:39,282][TRACE][org.elasticsearch.indices.breaker.request] [request] Adjusted breaker by [-16440] bytes, now [0]
[2016-03-30 13:54:39,282][TRACE][org.elasticsearch.indices.breaker.request] [request] Adjusted breaker by [16440] bytes, now [16440]
[2016-03-30 13:54:39,283][TRACE][org.elasticsearch.indices.breaker.request] [request] Adjusted breaker by [-16440] bytes, now [0]
[2016-03-30 13:54:39,283][TRACE][org.elasticsearch.indices.breaker.request] [request] Adjusted breaker by [16440] bytes, now [16440]
[2016-03-30 13:54:39,283][TRACE][org.elasticsearch.indices.breaker.request] [request] Adjusted breaker by [-16440] bytes, now [0]
[2016-03-30 13:54:39,285][TRACE][org.elasticsearch.indices.breaker.request] [request] Adjusted breaker by [16440] bytes, now [16440]
[2016-03-30 13:54:39,285][TRACE][org.elasticsearch.indices.breaker.request] [request] Adjusted breaker by [16440] bytes, now [16440]
[2016-03-30 13:54:39,285][TRACE][org.elasticsearch.indices.breaker.request] [request] Adjusted breaker by [-16440] bytes, now [0]
[2016-03-30 13:54:39,285][TRACE][org.elasticsearch.indices.breaker.request] [request] Adjusted breaker by [-16440] bytes, now [0]
[2016-03-30 13:54:39,288][TRACE][org.elasticsearch.indices.breaker.request] [request] Adjusted breaker by [16440] bytes, now [16440]
[2016-03-30 13:54:39,289][TRACE][org.elasticsearch.indices.breaker.request] [request] Adjusted breaker by [-16440] bytes, now [0]
[2016-03-30 13:54:39,289][TRACE][org.elasticsearch.indices.breaker.request] [request] Adjusted breaker by [16440] bytes, now [16440]
[2016-03-30 13:54:39,289][TRACE][org.elasticsearch.indices.breaker.request] [request] Adjusted breaker by [-16440] bytes, now [0]
[2016-03-30 13:54:39,290][TRACE][org.elasticsearch.indices.breaker.request] [request] Adjusted breaker by [16440] bytes, now [16440]
[2016-03-30 13:54:39,291][TRACE][org.elasticsearch.indices.breaker.request] [request] Adjusted breaker by [-16440] bytes, now [0]
[2016-03-30 13:54:39,291][TRACE][org.elasticsearch.indices.breaker.request] [request] Adjusted breaker by [16440] bytes, now [16440]
[2016-03-30 13:54:39,291][TRACE][org.elasticsearch.indices.breaker.request] [request] Adjusted breaker by [-16440] bytes, now [0]
[2016-03-30 13:54:39,292][TRACE][org.elasticsearch.indices.breaker.request] [request] Adjusted breaker by [16440] bytes, now [16440]
[2016-03-30 13:54:39,292][TRACE][org.elasticsearch.indices.breaker.request] [request] Adjusted breaker by [-16440] bytes, now [0]
[2016-03-30 13:54:39,293][TRACE][org.elasticsearch.indices.breaker.request] [request] Adjusted breaker by [16440] bytes, now [16440]
[2016-03-30 13:54:39,293][TRACE][org.elasticsearch.indices.breaker.request] [request] Adjusted breaker by [-16440] bytes, now [0]
[2016-03-30 13:54:39,295][TRACE][org.elasticsearch.indices.breaker.request] [request] Adjusted breaker by [16440] bytes, now [16440]
[2016-03-30 13:54:39,295][TRACE][org.elasticsearch.indices.breaker.request] [request] Adjusted breaker by [16440] bytes, now [16440]
[2016-03-30 13:54:39,295][TRACE][org.elasticsearch.indices.breaker.request] [request] Adjusted breaker by [-16440] bytes, now [0]
[2016-03-30 13:54:39,295][TRACE][org.elasticsearch.indices.breaker.request] [request] Adjusted breaker by [-16440] bytes, now [0]
[2016-03-30 13:54:39,296][TRACE][org.elasticsearch.indices.breaker.request] [request] Adjusted breaker by [16440] bytes, now [16440]
[2016-03-30 13:54:39,296][TRACE][org.elasticsearch.indices.breaker.request] [request] Adjusted breaker by [-16440] bytes, now [0]
[2016-03-30 13:54:39,297][TRACE][org.elasticsearch.indices.breaker.request] [request] Adjusted breaker by [16440] bytes, now [16440]
[2016-03-30 13:54:39,297][TRACE][org.elasticsearch.indices.breaker.request] [request] Adjusted breaker by [-16440] bytes, now [0]
[2016-03-30 13:54:39,302][TRACE][org.elasticsearch.indices.breaker.request] [request] Adjusted breaker by [16440] bytes, now [16440]
[2016-03-30 13:54:39,302][TRACE][org.elasticsearch.indices.breaker.request] [request] Adjusted breaker by [-16440] bytes, now [0]
[2016-03-30 13:54:39,303][TRACE][org.elasticsearch.indices.breaker.request] [request] Adjusted breaker by [16440] bytes, now [16440]
[2016-03-30 13:54:39,303][TRACE][org.elasticsearch.indices.breaker.request] [request] Adjusted breaker by [-16440] bytes, now [0]
[2016-03-30 13:54:39,304][TRACE][org.elasticsearch.indices.breaker.request] [request] Adjusted breaker by [16440] bytes, now [16440]
[2016-03-30 13:54:39,304][TRACE][org.elasticsearch.indices.breaker.request] [request] Adjusted breaker by [-16440] bytes, now [0]
[2016-03-30 13:54:39,305][TRACE][org.elasticsearch.indices.breaker.request] [request] Adjusted breaker by [16440] bytes, now [16440]
[2016-03-30 13:54:39,305][TRACE][org.elasticsearch.indices.breaker.request] [request] Adjusted breaker by [-16440] bytes, now [0]
[2016-03-30 13:54:39,307][TRACE][org.elasticsearch.indices.breaker.request] [request] Adjusted breaker by [16440] bytes, now [16440]
[2016-03-30 13:54:39,307][TRACE][org.elasticsearch.indices] [node_s0] [test][3] warming [MultiReader(FilterLeafReader(_0(5.4.0):c18) FilterLeafReader(_1(5.4.0):c8))]
[2016-03-30 13:54:39,307][TRACE][org.elasticsearch.indices.breaker.request] [request] Adjusted breaker by [-16440] bytes, now [0]
[2016-03-30 13:54:39,307][TRACE][org.elasticsearch.indices] [node_s0] [test][3] top warming [ElasticsearchDirectoryReader(FilterLeafReader(_0(5.4.0):c18) FilterLeafReader(_1(5.4.0):c8))]
[2016-03-30 13:54:39,308][TRACE][org.elasticsearch.indices.breaker.request] [request] Adjusted breaker by [16440] bytes, now [16440]
[2016-03-30 13:54:39,308][TRACE][org.elasticsearch.indices.breaker.request] [request] Adjusted breaker by [-16440] bytes, now [0]
[2016-03-30 13:54:39,309][TRACE][org.elasticsearch.indices.breaker.request] [request] Adjusted breaker by [16440] bytes, now [16440]
[2016-03-30 13:54:39,310][TRACE][org.elasticsearch.indices.breaker.request] [request] Adjusted breaker by [16440] bytes, now [16440]
[2016-03-30 13:54:39,310][TRACE][org.elasticsearch.indices.breaker.request] [request] Adjusted breaker by [-16440] bytes, now [0]
[2016-03-30 13:54:39,310][TRACE][org.elasticsearch.indices.breaker.request] [request] Adjusted breaker by [-16440] bytes, now [0]
[2016-03-30 13:54:39,310][TRACE][org.elasticsearch.indices.breaker.request] [request] Adjusted breaker by [16440] bytes, now [16440]
[2016-03-30 13:54:39,311][TRACE][org.elasticsearch.indices.breaker.request] [request] Adjusted breaker by [-16440] bytes, now [0]
[2016-03-30 13:54:39,311][TRACE][org.elasticsearch.indices.breaker.request] [request] Adjusted breaker by [16440] bytes, now [16440]
[2016-03-30 13:54:39,311][TRACE][org.elasticsearch.indices.breaker.request] [request] Adjusted breaker by [-16440] bytes, now [0]
[2016-03-30 13:54:39,312][TRACE][org.elasticsearch.indices.flush] [node_s0] [test][3] pre sync flush done. commit id VK1nW4wmURky6W22z8hs1A==
[2016-03-30 13:54:39,312][TRACE][org.elasticsearch.indices.flush] [node_s0] [test][3] retrieving in flight operation count
[2016-03-30 13:54:39,312][TRACE][org.elasticsearch.indices.flush] [node_s0] [test][4] performing pre sync flush
[2016-03-30 13:54:39,313][TRACE][org.elasticsearch.indices] [node_s3] [test][4] warming [MultiReader(FilterLeafReader(_0(5.4.0):c16) FilterLeafReader(_1(5.4.0):c5))]
[2016-03-30 13:54:39,313][TRACE][org.elasticsearch.indices.flush] [node_s3] [test][3] in flight operations sampled at [0]
[2016-03-30 13:54:39,313][TRACE][org.elasticsearch.indices] [node_s3] [test][4] top warming [ElasticsearchDirectoryReader(FilterLeafReader(_0(5.4.0):c16) FilterLeafReader(_1(5.4.0):c5))]
[2016-03-30 13:54:39,313][TRACE][org.elasticsearch.indices.flush] [node_s0] [test][3] sending synced flush request to [test][3], node[Q4P4gfwCSVmM5TnOfNl8Iw], [P], v[6], s[STARTED], a[id=m17eokiHR_6jcY52EnyIjw]. sync id [AVPJToPRcuDhFsMJAmN_].
[2016-03-30 13:54:39,313][TRACE][org.elasticsearch.indices.flush] [node_s0] [test][3] sending synced flush request to [test][3], node[8X2Ed1xFSrylEKDMjLmvkQ], [R], v[6], s[STARTED], a[id=nHZxBK-STXa_E4T92dO9gw]. sync id [AVPJToPRcuDhFsMJAmN_].
[2016-03-30 13:54:39,313][TRACE][org.elasticsearch.indices.flush] [node_s0] [test][3] sending synced flush request to [test][3], node[c9PGTkUhQVSZ1aq6LXuXxw], [R], v[6], s[STARTED], a[id=CYt5pf0qTH24HR1UNOGsKw]. sync id [AVPJToPRcuDhFsMJAmN_].
[2016-03-30 13:54:39,321][TRACE][org.elasticsearch.indices.breaker.request] [request] Adjusted breaker by [16440] bytes, now [16440]
[2016-03-30 13:54:39,322][TRACE][org.elasticsearch.indices.breaker.request] [request] Adjusted breaker by [-16440] bytes, now [0]
[2016-03-30 13:54:39,322][TRACE][org.elasticsearch.indices.breaker.request] [request] Adjusted breaker by [16440] bytes, now [16440]
[2016-03-30 13:54:39,322][TRACE][org.elasticsearch.indices.breaker.request] [request] Adjusted breaker by [-16440] bytes, now [0]
[2016-03-30 13:54:39,325][TRACE][org.elasticsearch.indices.breaker.request] [request] Adjusted breaker by [16440] bytes, now [16440]
[2016-03-30 13:54:39,325][TRACE][org.elasticsearch.indices.breaker.request] [request] Adjusted breaker by [-16440] bytes, now [0]
[2016-03-30 13:54:39,326][TRACE][org.elasticsearch.indices.breaker.request] [request] Adjusted breaker by [16440] bytes, now [16440]
[2016-03-30 13:54:39,326][TRACE][org.elasticsearch.indices.breaker.request] [request] Adjusted breaker by [-16440] bytes, now [0]
[2016-03-30 13:54:39,336][TRACE][org.elasticsearch.indices.breaker.request] [request] Adjusted breaker by [16440] bytes, now [16440]
[2016-03-30 13:54:39,336][TRACE][org.elasticsearch.indices.breaker.request] [request] Adjusted breaker by [-16440] bytes, now [0]
[2016-03-30 13:54:39,336][TRACE][org.elasticsearch.indices.breaker.request] [request] Adjusted breaker by [16440] bytes, now [16440]
[2016-03-30 13:54:39,336][TRACE][org.elasticsearch.indices.breaker.request] [request] Adjusted breaker by [-16440] bytes, now [0]
[2016-03-30 13:54:39,338][TRACE][org.elasticsearch.indices.flush] [node_s3] [test][4] pre sync flush done. commit id VK1nW4wmURky6W22z8hs1g==
[2016-03-30 13:54:39,338][TRACE][org.elasticsearch.indices.flush] [node_s3] [test][5] performing pre sync flush
[2016-03-30 13:54:39,338][TRACE][org.elasticsearch.indices.breaker.request] [request] Adjusted breaker by [16440] bytes, now [16440]
[2016-03-30 13:54:39,338][TRACE][org.elasticsearch.indices.breaker.request] [request] Adjusted breaker by [16440] bytes, now [16440]
[2016-03-30 13:54:39,339][TRACE][org.elasticsearch.indices.breaker.request] [request] Adjusted breaker by [-16440] bytes, now [0]
[2016-03-30 13:54:39,339][TRACE][org.elasticsearch.indices.breaker.request] [request] Adjusted breaker by [-16440] bytes, now [0]
[2016-03-30 13:54:39,340][TRACE][org.elasticsearch.indices.breaker.request] [request] Adjusted breaker by [16440] bytes, now [16440]
[2016-03-30 13:54:39,340][TRACE][org.elasticsearch.indices.breaker.request] [request] Adjusted breaker by [-16440] bytes, now [0]
[2016-03-30 13:54:39,340][TRACE][org.elasticsearch.indices.breaker.request] [request] Adjusted breaker by [16440] bytes, now [16440]
[2016-03-30 13:54:39,341][TRACE][org.elasticsearch.indices.breaker.request] [request] Adjusted breaker by [-16440] bytes, now [0]
[2016-03-30 13:54:39,341][TRACE][org.elasticsearch.indices.breaker.request] [request] Adjusted breaker by [16440] bytes, now [16440]
[2016-03-30 13:54:39,342][TRACE][org.elasticsearch.indices.breaker.request] [request] Adjusted breaker by [-16440] bytes, now [0]
[2016-03-30 13:54:39,342][TRACE][org.elasticsearch.indices.breaker.request] [request] Adjusted breaker by [16440] bytes, now [16440]
[2016-03-30 13:54:39,342][TRACE][org.elasticsearch.indices.breaker.request] [request] Adjusted breaker by [-16440] bytes, now [0]
[2016-03-30 13:54:39,344][TRACE][org.elasticsearch.indices.breaker.request] [request] Adjusted breaker by [16440] bytes, now [16440]
[2016-03-30 13:54:39,344][TRACE][org.elasticsearch.indices.breaker.request] [request] Adjusted breaker by [-16440] bytes, now [0]
[2016-03-30 13:54:39,344][TRACE][org.elasticsearch.indices.breaker.request] [request] Adjusted breaker by [16440] bytes, now [16440]
[2016-03-30 13:54:39,351][TRACE][org.elasticsearch.indices.breaker.request] [request] Adjusted breaker by [-16440] bytes, now [0]
[2016-03-30 13:54:39,352][TRACE][org.elasticsearch.indices.breaker.request] [request] Adjusted breaker by [16440] bytes, now [16440]
[2016-03-30 13:54:39,353][TRACE][org.elasticsearch.indices.breaker.request] [request] Adjusted breaker by [-16440] bytes, now [0]
[2016-03-30 13:54:39,353][TRACE][org.elasticsearch.indices.breaker.request] [request] Adjusted breaker by [16440] bytes, now [16440]
[2016-03-30 13:54:39,353][TRACE][org.elasticsearch.indices.breaker.request] [request] Adjusted breaker by [-16440] bytes, now [0]
[2016-03-30 13:54:39,354][TRACE][org.elasticsearch.indices.breaker.request] [request] Adjusted breaker by [16440] bytes, now [16440]
[2016-03-30 13:54:39,355][TRACE][org.elasticsearch.indices.breaker.request] [request] Adjusted breaker by [-16440] bytes, now [0]
[2016-03-30 13:54:39,355][TRACE][org.elasticsearch.indices.breaker.request] [request] Adjusted breaker by [16440] bytes, now [16440]
[2016-03-30 13:54:39,355][TRACE][org.elasticsearch.indices.breaker.request] [request] Adjusted breaker by [-16440] bytes, now [0]
[2016-03-30 13:54:39,366][TRACE][org.elasticsearch.indices.breaker.request] [request] Adjusted breaker by [16440] bytes, now [16440]
[2016-03-30 13:54:39,366][TRACE][org.elasticsearch.indices.breaker.request] [request] Adjusted breaker by [16440] bytes, now [16440]
[2016-03-30 13:54:39,366][TRACE][org.elasticsearch.indices.breaker.request] [request] Adjusted breaker by [-16440] bytes, now [0]
[2016-03-30 13:54:39,366][TRACE][org.elasticsearch.indices.breaker.request] [request] Adjusted breaker by [-16440] bytes, now [0]
[2016-03-30 13:54:39,372][TRACE][org.elasticsearch.indices.breaker.request] [request] Adjusted breaker by [16440] bytes, now [16440]
[2016-03-30 13:54:39,372][TRACE][org.elasticsearch.indices.breaker.request] [request] Adjusted breaker by [16440] bytes, now [16440]
[2016-03-30 13:54:39,372][TRACE][org.elasticsearch.indices.breaker.request] [request] Adjusted breaker by [-16440] bytes, now [0]
[2016-03-30 13:54:39,372][TRACE][org.elasticsearch.indices.breaker.request] [request] Adjusted breaker by [-16440] bytes, now [0]
[2016-03-30 13:54:39,376][TRACE][org.elasticsearch.indices.breaker.request] [request] Adjusted breaker by [16440] bytes, now [16440]
[2016-03-30 13:54:39,376][TRACE][org.elasticsearch.indices.breaker.request] [request] Adjusted breaker by [16440] bytes, now [16440]
[2016-03-30 13:54:39,377][TRACE][org.elasticsearch.indices.breaker.request] [request] Adjusted breaker by [-16440] bytes, now [0]
[2016-03-30 13:54:39,377][TRACE][org.elasticsearch.indices.breaker.request] [request] Adjusted breaker by [-16440] bytes, now [0]
[2016-03-30 13:54:39,378][TRACE][org.elasticsearch.indices.breaker.request] [request] Adjusted breaker by [16440] bytes, now [16440]
[2016-03-30 13:54:39,378][TRACE][org.elasticsearch.indices.breaker.request] [request] Adjusted breaker by [-16440] bytes, now [0]
[2016-03-30 13:54:39,379][TRACE][org.elasticsearch.indices.breaker.request] [request] Adjusted breaker by [16440] bytes, now [16440]
[2016-03-30 13:54:39,379][TRACE][org.elasticsearch.indices.breaker.request] [request] Adjusted breaker by [-16440] bytes, now [0]
[2016-03-30 13:54:39,381][TRACE][org.elasticsearch.indices.breaker.request] [request] Adjusted breaker by [16440] bytes, now [16440]
[2016-03-30 13:54:39,381][TRACE][org.elasticsearch.indices.breaker.request] [request] Adjusted breaker by [-16440] bytes, now [0]
[2016-03-30 13:54:39,383][TRACE][org.elasticsearch.indices.breaker.request] [request] Adjusted breaker by [16440] bytes, now [16440]
[2016-03-30 13:54:39,383][TRACE][org.elasticsearch.indices.breaker.request] [request] Adjusted breaker by [-16440] bytes, now [0]
[2016-03-30 13:54:39,384][TRACE][org.elasticsearch.indices.breaker.request] [request] Adjusted breaker by [16440] bytes, now [16440]
[2016-03-30 13:54:39,385][TRACE][org.elasticsearch.indices.breaker.request] [request] Adjusted breaker by [-16440] bytes, now [0]
[2016-03-30 13:54:39,385][TRACE][org.elasticsearch.indices.breaker.request] [request] Adjusted breaker by [16440] bytes, now [16440]
[2016-03-30 13:54:39,385][TRACE][org.elasticsearch.indices.breaker.request] [request] Adjusted breaker by [-16440] bytes, now [0]
[2016-03-30 13:54:39,386][TRACE][org.elasticsearch.indices.breaker.request] [request] Adjusted breaker by [16440] bytes, now [16440]
[2016-03-30 13:54:39,387][TRACE][org.elasticsearch.indices.breaker.request] [request] Adjusted breaker by [-16440] bytes, now [0]
[2016-03-30 13:54:39,387][TRACE][org.elasticsearch.indices.breaker.request] [request] Adjusted breaker by [16440] bytes, now [16440]
[2016-03-30 13:54:39,387][TRACE][org.elasticsearch.indices.breaker.request] [request] Adjusted breaker by [-16440] bytes, now [0]
[2016-03-30 13:54:39,388][TRACE][org.elasticsearch.indices.breaker.request] [request] Adjusted breaker by [16440] bytes, now [16440]
[2016-03-30 13:54:39,389][TRACE][org.elasticsearch.indices.breaker.request] [request] Adjusted breaker by [-16440] bytes, now [0]
[2016-03-30 13:54:39,410][TRACE][org.elasticsearch.indices.breaker.request] [request] Adjusted breaker by [16440] bytes, now [16440]
[2016-03-30 13:54:39,410][TRACE][org.elasticsearch.indices.breaker.request] [request] Adjusted breaker by [-16440] bytes, now [0]
[2016-03-30 13:54:39,411][TRACE][org.elasticsearch.indices.breaker.request] [request] Adjusted breaker by [16440] bytes, now [16440]
[2016-03-30 13:54:39,411][TRACE][org.elasticsearch.indices.breaker.request] [request] Adjusted breaker by [16440] bytes, now [16440]
[2016-03-30 13:54:39,412][TRACE][org.elasticsearch.indices.breaker.request] [request] Adjusted breaker by [-16440] bytes, now [0]
[2016-03-30 13:54:39,412][TRACE][org.elasticsearch.indices.breaker.request] [request] Adjusted breaker by [-16440] bytes, now [0]
[2016-03-30 13:54:39,414][TRACE][org.elasticsearch.indices.breaker.request] [request] Adjusted breaker by [16440] bytes, now [16440]
[2016-03-30 13:54:39,414][TRACE][org.elasticsearch.indices.breaker.request] [request] Adjusted breaker by [16440] bytes, now [16440]
[2016-03-30 13:54:39,414][TRACE][org.elasticsearch.indices.breaker.request] [request] Adjusted breaker by [-16440] bytes, now [0]
[2016-03-30 13:54:39,414][TRACE][org.elasticsearch.indices.breaker.request] [request] Adjusted breaker by [-16440] bytes, now [0]
[2016-03-30 13:54:39,417][TRACE][org.elasticsearch.indices.breaker.request] [request] Adjusted breaker by [16440] bytes, now [16440]
[2016-03-30 13:54:39,417][TRACE][org.elasticsearch.indices.breaker.request] [request] Adjusted breaker by [-16440] bytes, now [0]
[2016-03-30 13:54:39,418][TRACE][org.elasticsearch.indices.breaker.request] [request] Adjusted breaker by [16440] bytes, now [16440]
[2016-03-30 13:54:39,418][TRACE][org.elasticsearch.indices.breaker.request] [request] Adjusted breaker by [-16440] bytes, now [0]
[2016-03-30 13:54:39,421][TRACE][org.elasticsearch.indices.breaker.request] [request] Adjusted breaker by [16440] bytes, now [16440]
[2016-03-30 13:54:39,421][TRACE][org.elasticsearch.indices.breaker.request] [request] Adjusted breaker by [16440] bytes, now [16440]
[2016-03-30 13:54:39,421][TRACE][org.elasticsearch.indices.breaker.request] [request] Adjusted breaker by [-16440] bytes, now [0]
[2016-03-30 13:54:39,421][TRACE][org.elasticsearch.indices.breaker.request] [request] Adjusted breaker by [-16440] bytes, now [0]
[2016-03-30 13:54:39,423][TRACE][org.elasticsearch.indices.breaker.request] [request] Adjusted breaker by [16440] bytes, now [16440]
[2016-03-30 13:54:39,423][TRACE][org.elasticsearch.indices.breaker.request] [request] Adjusted breaker by [-16440] bytes, now [0]
[2016-03-30 13:54:39,423][TRACE][org.elasticsearch.indices.breaker.request] [request] Adjusted breaker by [16440] bytes, now [16440]
[2016-03-30 13:54:39,423][TRACE][org.elasticsearch.indices.breaker.request] [request] Adjusted breaker by [-16440] bytes, now [0]
[2016-03-30 13:54:39,424][TRACE][org.elasticsearch.indices.breaker.request] [request] Adjusted breaker by [16440] bytes, now [16440]
[2016-03-30 13:54:39,425][TRACE][org.elasticsearch.indices.breaker.request] [request] Adjusted breaker by [-16440] bytes, now [0]
[2016-03-30 13:54:39,425][TRACE][org.elasticsearch.indices.breaker.request] [request] Adjusted breaker by [16440] bytes, now [16440]
[2016-03-30 13:54:39,439][TRACE][org.elasticsearch.indices.breaker.request] [request] Adjusted breaker by [-16440] bytes, now [0]
[2016-03-30 13:54:39,441][TRACE][org.elasticsearch.indices.breaker.request] [request] Adjusted breaker by [16440] bytes, now [16440]
[2016-03-30 13:54:39,441][TRACE][org.elasticsearch.indices.breaker.request] [request] Adjusted breaker by [16440] bytes, now [16440]
[2016-03-30 13:54:39,441][TRACE][org.elasticsearch.indices.breaker.request] [request] Adjusted breaker by [-16440] bytes, now [0]
[2016-03-30 13:54:39,441][TRACE][org.elasticsearch.indices.breaker.request] [request] Adjusted breaker by [-16440] bytes, now [0]
[2016-03-30 13:54:39,443][TRACE][org.elasticsearch.indices.breaker.request] [request] Adjusted breaker by [16440] bytes, now [16440]
[2016-03-30 13:54:39,443][TRACE][org.elasticsearch.indices.breaker.request] [request] Adjusted breaker by [16440] bytes, now [16440]
[2016-03-30 13:54:39,443][TRACE][org.elasticsearch.indices.breaker.request] [request] Adjusted breaker by [-16440] bytes, now [0]
[2016-03-30 13:54:39,443][TRACE][org.elasticsearch.indices.breaker.request] [request] Adjusted breaker by [-16440] bytes, now [0]
[2016-03-30 13:54:39,452][TRACE][org.elasticsearch.indices.breaker.request] [request] Adjusted breaker by [16440] bytes, now [16440]
[2016-03-30 13:54:39,453][TRACE][org.elasticsearch.indices.breaker.request] [request] Adjusted breaker by [-16440] bytes, now [0]
[2016-03-30 13:54:39,453][TRACE][org.elasticsearch.indices.breaker.request] [request] Adjusted breaker by [16440] bytes, now [16440]
[2016-03-30 13:54:39,453][TRACE][org.elasticsearch.indices.breaker.request] [request] Adjusted breaker by [-16440] bytes, now [0]
[2016-03-30 13:54:39,456][TRACE][org.elasticsearch.indices.breaker.request] [request] Adjusted breaker by [16440] bytes, now [16440]
[2016-03-30 13:54:39,456][TRACE][org.elasticsearch.indices.breaker.request] [request] Adjusted breaker by [-16440] bytes, now [0]
[2016-03-30 13:54:39,457][TRACE][org.elasticsearch.indices.breaker.request] [request] Adjusted breaker by [16440] bytes, now [16440]
[2016-03-30 13:54:39,457][TRACE][org.elasticsearch.indices.breaker.request] [request] Adjusted breaker by [-16440] bytes, now [0]
[2016-03-30 13:54:39,459][TRACE][org.elasticsearch.indices.breaker.request] [request] Adjusted breaker by [16440] bytes, now [16440]
[2016-03-30 13:54:39,459][TRACE][org.elasticsearch.indices.breaker.request] [request] Adjusted breaker by [16440] bytes, now [16440]
[2016-03-30 13:54:39,459][TRACE][org.elasticsearch.indices.breaker.request] [request] Adjusted breaker by [-16440] bytes, now [0]
[2016-03-30 13:54:39,459][TRACE][org.elasticsearch.indices.breaker.request] [request] Adjusted breaker by [-16440] bytes, now [0]
[2016-03-30 13:54:39,460][TRACE][org.elasticsearch.indices.breaker.request] [request] Adjusted breaker by [16440] bytes, now [16440]
[2016-03-30 13:54:39,460][TRACE][org.elasticsearch.indices.breaker.request] [request] Adjusted breaker by [-16440] bytes, now [0]
[2016-03-30 13:54:39,460][TRACE][org.elasticsearch.indices.breaker.request] [request] Adjusted breaker by [16440] bytes, now [16440]
[2016-03-30 13:54:39,461][TRACE][org.elasticsearch.indices.breaker.request] [request] Adjusted breaker by [-16440] bytes, now [0]
[2016-03-30 13:54:39,462][TRACE][org.elasticsearch.indices.breaker.request] [request] Adjusted breaker by [16440] bytes, now [16440]
[2016-03-30 13:54:39,462][TRACE][org.elasticsearch.indices.breaker.request] [request] Adjusted breaker by [-16440] bytes, now [0]
[2016-03-30 13:54:39,463][TRACE][org.elasticsearch.indices.breaker.request] [request] Adjusted breaker by [16440] bytes, now [16440]
[2016-03-30 13:54:39,463][TRACE][org.elasticsearch.indices.breaker.request] [request] Adjusted breaker by [-16440] bytes, now [0]
[2016-03-30 13:54:39,465][TRACE][org.elasticsearch.indices.breaker.request] [request] Adjusted breaker by [16440] bytes, now [16440]
[2016-03-30 13:54:39,465][TRACE][org.elasticsearch.indices.breaker.request] [request] Adjusted breaker by [16440] bytes, now [16440]
[2016-03-30 13:54:39,465][TRACE][org.elasticsearch.indices.breaker.request] [request] Adjusted breaker by [-16440] bytes, now [0]
[2016-03-30 13:54:39,465][TRACE][org.elasticsearch.indices.breaker.request] [request] Adjusted breaker by [-16440] bytes, now [0]
[2016-03-30 13:54:39,466][TRACE][org.elasticsearch.indices.breaker.request] [request] Adjusted breaker by [16440] bytes, now [16440]
[2016-03-30 13:54:39,467][TRACE][org.elasticsearch.indices.breaker.request] [request] Adjusted breaker by [-16440] bytes, now [0]
[2016-03-30 13:54:39,467][TRACE][org.elasticsearch.indices.breaker.request] [request] Adjusted breaker by [16440] bytes, now [16440]
[2016-03-30 13:54:39,467][TRACE][org.elasticsearch.indices.breaker.request] [request] Adjusted breaker by [-16440] bytes, now [0]
[2016-03-30 13:54:39,473][TRACE][org.elasticsearch.indices.breaker.request] [request] Adjusted breaker by [16440] bytes, now [16440]
[2016-03-30 13:54:39,473][TRACE][org.elasticsearch.indices.breaker.request] [request] Adjusted breaker by [16440] bytes, now [16440]
[2016-03-30 13:54:39,473][TRACE][org.elasticsearch.indices.breaker.request] [request] Adjusted breaker by [-16440] bytes, now [0]
[2016-03-30 13:54:39,473][TRACE][org.elasticsearch.indices.breaker.request] [request] Adjusted breaker by [-16440] bytes, now [0]
[2016-03-30 13:54:39,475][TRACE][org.elasticsearch.indices.breaker.request] [request] Adjusted breaker by [16440] bytes, now [16440]
[2016-03-30 13:54:39,475][TRACE][org.elasticsearch.indices.breaker.request] [request] Adjusted breaker by [-16440] bytes, now [0]
[2016-03-30 13:54:39,476][TRACE][org.elasticsearch.indices.breaker.request] [request] Adjusted breaker by [16440] bytes, now [16440]
[2016-03-30 13:54:39,476][TRACE][org.elasticsearch.indices.breaker.request] [request] Adjusted breaker by [-16440] bytes, now [0]
[2016-03-30 13:54:39,478][TRACE][org.elasticsearch.indices.breaker.request] [request] Adjusted breaker by [16440] bytes, now [16440]
[2016-03-30 13:54:39,478][TRACE][org.elasticsearch.indices.breaker.request] [request] Adjusted breaker by [16440] bytes, now [16440]
[2016-03-30 13:54:39,479][TRACE][org.elasticsearch.indices.breaker.request] [request] Adjusted breaker by [-16440] bytes, now [0]
[2016-03-30 13:54:39,479][TRACE][org.elasticsearch.indices.breaker.request] [request] Adjusted breaker by [-16440] bytes, now [0]
[2016-03-30 13:54:39,480][TRACE][org.elasticsearch.indices.breaker.request] [request] Adjusted breaker by [16440] bytes, now [16440]
[2016-03-30 13:54:39,480][TRACE][org.elasticsearch.indices.breaker.request] [request] Adjusted breaker by [-16440] bytes, now [0]
[2016-03-30 13:54:39,480][TRACE][org.elasticsearch.indices.breaker.request] [request] Adjusted breaker by [16440] bytes, now [16440]
[2016-03-30 13:54:39,481][TRACE][org.elasticsearch.indices.breaker.request] [request] Adjusted breaker by [-16440] bytes, now [0]
[2016-03-30 13:54:39,483][TRACE][org.elasticsearch.indices.breaker.request] [request] Adjusted breaker by [16440] bytes, now [16440]
[2016-03-30 13:54:39,483][TRACE][org.elasticsearch.indices.breaker.request] [request] Adjusted breaker by [-16440] bytes, now [0]
[2016-03-30 13:54:39,487][TRACE][org.elasticsearch.indices.breaker.request] [request] Adjusted breaker by [16440] bytes, now [16440]
[2016-03-30 13:54:39,487][TRACE][org.elasticsearch.indices.breaker.request] [request] Adjusted breaker by [-16440] bytes, now [0]
[2016-03-30 13:54:39,489][TRACE][org.elasticsearch.indices.breaker.request] [request] Adjusted breaker by [16440] bytes, now [16440]
[2016-03-30 13:54:39,489][TRACE][org.elasticsearch.indices.breaker.request] [request] Adjusted breaker by [-16440] bytes, now [0]
[2016-03-30 13:54:39,492][TRACE][org.elasticsearch.indices.breaker.request] [request] Adjusted breaker by [16440] bytes, now [16440]
[2016-03-30 13:54:39,492][TRACE][org.elasticsearch.indices.breaker.request] [request] Adjusted breaker by [-16440] bytes, now [0]
[2016-03-30 13:54:39,497][TRACE][org.elasticsearch.indices.breaker.request] [request] Adjusted breaker by [16440] bytes, now [16440]
[2016-03-30 13:54:39,497][TRACE][org.elasticsearch.indices.breaker.request] [request] Adjusted breaker by [-16440] bytes, now [0]
[2016-03-30 13:54:39,498][TRACE][org.elasticsearch.indices.breaker.request] [request] Adjusted breaker by [16440] bytes, now [16440]
[2016-03-30 13:54:39,498][TRACE][org.elasticsearch.indices.breaker.request] [request] Adjusted breaker by [-16440] bytes, now [0]
[2016-03-30 13:54:39,500][TRACE][org.elasticsearch.indices.breaker.request] [request] Adjusted breaker by [16440] bytes, now [16440]
[2016-03-30 13:54:39,500][TRACE][org.elasticsearch.indices.breaker.request] [request] Adjusted breaker by [16440] bytes, now [16440]
[2016-03-30 13:54:39,500][TRACE][org.elasticsearch.indices.breaker.request] [request] Adjusted breaker by [-16440] bytes, now [0]
[2016-03-30 13:54:39,500][TRACE][org.elasticsearch.indices.breaker.request] [request] Adjusted breaker by [-16440] bytes, now [0]
[2016-03-30 13:54:39,502][TRACE][org.elasticsearch.indices.breaker.request] [request] Adjusted breaker by [16440] bytes, now [16440]
[2016-03-30 13:54:39,502][TRACE][org.elasticsearch.indices.breaker.request] [request] Adjusted breaker by [-16440] bytes, now [0]
[2016-03-30 13:54:39,502][TRACE][org.elasticsearch.indices.breaker.request] [request] Adjusted breaker by [16440] bytes, now [16440]
[2016-03-30 13:54:39,502][TRACE][org.elasticsearch.indices.breaker.request] [request] Adjusted breaker by [-16440] bytes, now [0]
[2016-03-30 13:54:39,514][TRACE][org.elasticsearch.indices.breaker.request] [request] Adjusted breaker by [16440] bytes, now [16440]
[2016-03-30 13:54:39,514][TRACE][org.elasticsearch.indices.breaker.request] [request] Adjusted breaker by [-16440] bytes, now [0]
[2016-03-30 13:54:39,514][TRACE][org.elasticsearch.indices.breaker.request] [request] Adjusted breaker by [16440] bytes, now [16440]
[2016-03-30 13:54:39,515][TRACE][org.elasticsearch.indices.breaker.request] [request] Adjusted breaker by [-16440] bytes, now [0]
[2016-03-30 13:54:39,516][TRACE][org.elasticsearch.indices.breaker.request] [request] Adjusted breaker by [16440] bytes, now [16440]
[2016-03-30 13:54:39,516][TRACE][org.elasticsearch.indices.breaker.request] [request] Adjusted breaker by [-16440] bytes, now [0]
[2016-03-30 13:54:39,517][TRACE][org.elasticsearch.indices.breaker.request] [request] Adjusted breaker by [16440] bytes, now [16440]
[2016-03-30 13:54:39,517][TRACE][org.elasticsearch.indices.breaker.request] [request] Adjusted breaker by [-16440] bytes, now [0]
[2016-03-30 13:54:39,519][TRACE][org.elasticsearch.indices.breaker.request] [request] Adjusted breaker by [16440] bytes, now [16440]
[2016-03-30 13:54:39,519][TRACE][org.elasticsearch.indices.breaker.request] [request] Adjusted breaker by [16440] bytes, now [16440]
[2016-03-30 13:54:39,520][TRACE][org.elasticsearch.indices.breaker.request] [request] Adjusted breaker by [-16440] bytes, now [0]
[2016-03-30 13:54:39,520][TRACE][org.elasticsearch.indices.breaker.request] [request] Adjusted breaker by [-16440] bytes, now [0]
[2016-03-30 13:54:39,521][TRACE][org.elasticsearch.indices.breaker.request] [request] Adjusted breaker by [16440] bytes, now [16440]
[2016-03-30 13:54:39,521][TRACE][org.elasticsearch.indices.breaker.request] [request] Adjusted breaker by [-16440] bytes, now [0]
[2016-03-30 13:54:39,522][TRACE][org.elasticsearch.indices.breaker.request] [request] Adjusted breaker by [16440] bytes, now [16440]
[2016-03-30 13:54:39,522][TRACE][org.elasticsearch.indices.breaker.request] [request] Adjusted breaker by [-16440] bytes, now [0]
[2016-03-30 13:54:39,534][TRACE][org.elasticsearch.indices.breaker.request] [request] Adjusted breaker by [16440] bytes, now [16440]
[2016-03-30 13:54:39,534][TRACE][org.elasticsearch.indices.breaker.request] [request] Adjusted breaker by [-16440] bytes, now [0]
[2016-03-30 13:54:39,534][TRACE][org.elasticsearch.indices.breaker.request] [request] Adjusted breaker by [16440] bytes, now [16440]
[2016-03-30 13:54:39,535][TRACE][org.elasticsearch.indices.breaker.request] [request] Adjusted breaker by [-16440] bytes, now [0]
[2016-03-30 13:54:39,536][TRACE][org.elasticsearch.indices.breaker.request] [request] Adjusted breaker by [16440] bytes, now [16440]
[2016-03-30 13:54:39,537][TRACE][org.elasticsearch.indices.breaker.request] [request] Adjusted breaker by [-16440] bytes, now [0]
[2016-03-30 13:54:39,540][TRACE][org.elasticsearch.indices.breaker.request] [request] Adjusted breaker by [16440] bytes, now [16440]
[2016-03-30 13:54:39,540][TRACE][org.elasticsearch.indices.breaker.request] [request] Adjusted breaker by [-16440] bytes, now [0]
[2016-03-30 13:54:39,541][TRACE][org.elasticsearch.indices.breaker.request] [request] Adjusted breaker by [16440] bytes, now [16440]
[2016-03-30 13:54:39,542][TRACE][org.elasticsearch.indices.breaker.request] [request] Adjusted breaker by [-16440] bytes, now [0]
[2016-03-30 13:54:39,542][TRACE][org.elasticsearch.indices.breaker.request] [request] Adjusted breaker by [16440] bytes, now [16440]
[2016-03-30 13:54:39,542][TRACE][org.elasticsearch.indices.breaker.request] [request] Adjusted breaker by [-16440] bytes, now [0]
[2016-03-30 13:54:39,544][TRACE][org.elasticsearch.indices.breaker.request] [request] Adjusted breaker by [16440] bytes, now [16440]
[2016-03-30 13:54:39,544][TRACE][org.elasticsearch.indices.breaker.request] [request] Adjusted breaker by [-16440] bytes, now [0]
[2016-03-30 13:54:39,544][TRACE][org.elasticsearch.indices.breaker.request] [request] Adjusted breaker by [16440] bytes, now [16440]
[2016-03-30 13:54:39,545][TRACE][org.elasticsearch.indices.breaker.request] [request] Adjusted breaker by [-16440] bytes, now [0]
[2016-03-30 13:54:39,546][TRACE][org.elasticsearch.indices.breaker.request] [request] Adjusted breaker by [16440] bytes, now [16440]
[2016-03-30 13:54:39,546][TRACE][org.elasticsearch.indices.breaker.request] [request] Adjusted breaker by [-16440] bytes, now [0]
[2016-03-30 13:54:39,547][TRACE][org.elasticsearch.indices.breaker.request] [request] Adjusted breaker by [16440] bytes, now [16440]
[2016-03-30 13:54:39,547][TRACE][org.elasticsearch.indices.breaker.request] [request] Adjusted breaker by [-16440] bytes, now [0]
[2016-03-30 13:54:39,548][TRACE][org.elasticsearch.indices.breaker.request] [request] Adjusted breaker by [16440] bytes, now [16440]
[2016-03-30 13:54:39,548][TRACE][org.elasticsearch.indices.breaker.request] [request] Adjusted breaker by [-16440] bytes, now [0]
[2016-03-30 13:54:39,549][TRACE][org.elasticsearch.indices.breaker.request] [request] Adjusted breaker by [16440] bytes, now [16440]
[2016-03-30 13:54:39,549][TRACE][org.elasticsearch.indices.breaker.request] [request] Adjusted breaker by [-16440] bytes, now [0]
[2016-03-30 13:54:39,551][TRACE][org.elasticsearch.indices.breaker.request] [request] Adjusted breaker by [16440] bytes, now [16440]
[2016-03-30 13:54:39,551][TRACE][org.elasticsearch.indices.breaker.request] [request] Adjusted breaker by [-16440] bytes, now [0]
[2016-03-30 13:54:39,551][TRACE][org.elasticsearch.indices.breaker.request] [request] Adjusted breaker by [16440] bytes, now [16440]
[2016-03-30 13:54:39,552][TRACE][org.elasticsearch.indices.breaker.request] [request] Adjusted breaker by [-16440] bytes, now [0]
[2016-03-30 13:54:39,553][TRACE][org.elasticsearch.indices.breaker.request] [request] Adjusted breaker by [16440] bytes, now [16440]
[2016-03-30 13:54:39,553][TRACE][org.elasticsearch.indices.breaker.request] [request] Adjusted breaker by [-16440] bytes, now [0]
[2016-03-30 13:54:39,554][TRACE][org.elasticsearch.indices.breaker.request] [request] Adjusted breaker by [16440] bytes, now [16440]
[2016-03-30 13:54:39,554][TRACE][org.elasticsearch.indices.breaker.request] [request] Adjusted breaker by [-16440] bytes, now [0]
[2016-03-30 13:54:39,555][TRACE][org.elasticsearch.indices.breaker.request] [request] Adjusted breaker by [16440] bytes, now [16440]
[2016-03-30 13:54:39,556][TRACE][org.elasticsearch.indices.breaker.request] [request] Adjusted breaker by [-16440] bytes, now [0]
[2016-03-30 13:54:39,557][TRACE][org.elasticsearch.indices.breaker.request] [request] Adjusted breaker by [16440] bytes, now [16440]
[2016-03-30 13:54:39,557][TRACE][org.elasticsearch.indices.breaker.request] [request] Adjusted breaker by [-16440] bytes, now [0]
[2016-03-30 13:54:39,558][TRACE][org.elasticsearch.indices.breaker.request] [request] Adjusted breaker by [16440] bytes, now [16440]
[2016-03-30 13:54:39,558][TRACE][org.elasticsearch.indices.breaker.request] [request] Adjusted breaker by [-16440] bytes, now [0]
[2016-03-30 13:54:39,559][TRACE][org.elasticsearch.indices.breaker.request] [request] Adjusted breaker by [16440] bytes, now [16440]
[2016-03-30 13:54:39,559][TRACE][org.elasticsearch.indices.breaker.request] [request] Adjusted breaker by [-16440] bytes, now [0]
[2016-03-30 13:54:39,560][TRACE][org.elasticsearch.indices.breaker.request] [request] Adjusted breaker by [16440] bytes, now [16440]
[2016-03-30 13:54:39,560][TRACE][org.elasticsearch.indices.breaker.request] [request] Adjusted breaker by [-16440] bytes, now [0]
[2016-03-30 13:54:39,561][TRACE][org.elasticsearch.indices.breaker.request] [request] Adjusted breaker by [16440] bytes, now [16440]
[2016-03-30 13:54:39,561][TRACE][org.elasticsearch.indices.breaker.request] [request] Adjusted breaker by [-16440] bytes, now [0]
[2016-03-30 13:54:39,572][TRACE][org.elasticsearch.indices.breaker.request] [request] Adjusted breaker by [16440] bytes, now [16440]
[2016-03-30 13:54:39,572][TRACE][org.elasticsearch.indices.breaker.request] [request] Adjusted breaker by [-16440] bytes, now [0]
[2016-03-30 13:54:39,573][TRACE][org.elasticsearch.indices.breaker.request] [request] Adjusted breaker by [16440] bytes, now [16440]
[2016-03-30 13:54:39,573][TRACE][org.elasticsearch.indices.breaker.request] [request] Adjusted breaker by [-16440] bytes, now [0]
[2016-03-30 13:54:39,574][TRACE][org.elasticsearch.indices.breaker.request] [request] Adjusted breaker by [16440] bytes, now [16440]
[2016-03-30 13:54:39,574][TRACE][org.elasticsearch.indices.breaker.request] [request] Adjusted breaker by [-16440] bytes, now [0]
[2016-03-30 13:54:39,575][TRACE][org.elasticsearch.indices.breaker.request] [request] Adjusted breaker by [16440] bytes, now [16440]
[2016-03-30 13:54:39,575][TRACE][org.elasticsearch.indices.breaker.request] [request] Adjusted breaker by [-16440] bytes, now [0]
[2016-03-30 13:54:39,577][TRACE][org.elasticsearch.indices.breaker.request] [request] Adjusted breaker by [16440] bytes, now [16440]
[2016-03-30 13:54:39,577][TRACE][org.elasticsearch.indices.breaker.request] [request] Adjusted breaker by [16440] bytes, now [16440]
[2016-03-30 13:54:39,577][TRACE][org.elasticsearch.indices.breaker.request] [request] Adjusted breaker by [-16440] bytes, now [0]
[2016-03-30 13:54:39,577][TRACE][org.elasticsearch.indices.breaker.request] [request] Adjusted breaker by [-16440] bytes, now [0]
[2016-03-30 13:54:39,579][TRACE][org.elasticsearch.indices.breaker.request] [request] Adjusted breaker by [16440] bytes, now [16440]
[2016-03-30 13:54:39,579][TRACE][org.elasticsearch.indices.breaker.request] [request] Adjusted breaker by [-16440] bytes, now [0]
[2016-03-30 13:54:39,579][TRACE][org.elasticsearch.indices.breaker.request] [request] Adjusted breaker by [16440] bytes, now [16440]
[2016-03-30 13:54:39,580][TRACE][org.elasticsearch.indices.breaker.request] [request] Adjusted breaker by [-16440] bytes, now [0]
[2016-03-30 13:54:39,589][TRACE][org.elasticsearch.indices.breaker.request] [request] Adjusted breaker by [16440] bytes, now [16440]
[2016-03-30 13:54:39,589][TRACE][org.elasticsearch.indices.breaker.request] [request] Adjusted breaker by [-16440] bytes, now [0]
[2016-03-30 13:54:39,590][TRACE][org.elasticsearch.indices.breaker.request] [request] Adjusted breaker by [16440] bytes, now [16440]
[2016-03-30 13:54:39,590][TRACE][org.elasticsearch.indices.breaker.request] [request] Adjusted breaker by [-16440] bytes, now [0]
[2016-03-30 13:54:39,591][TRACE][org.elasticsearch.indices.breaker.request] [request] Adjusted breaker by [16440] bytes, now [16440]
[2016-03-30 13:54:39,592][TRACE][org.elasticsearch.indices.breaker.request] [request] Adjusted breaker by [-16440] bytes, now [0]
[2016-03-30 13:54:39,593][TRACE][org.elasticsearch.indices.breaker.request] [request] Adjusted breaker by [16440] bytes, now [16440]
[2016-03-30 13:54:39,593][TRACE][org.elasticsearch.indices.breaker.request] [request] Adjusted breaker by [-16440] bytes, now [0]
[2016-03-30 13:54:39,594][TRACE][org.elasticsearch.indices.breaker.request] [request] Adjusted breaker by [16440] bytes, now [16440]
[2016-03-30 13:54:39,594][TRACE][org.elasticsearch.indices.breaker.request] [request] Adjusted breaker by [-16440] bytes, now [0]
[2016-03-30 13:54:39,595][TRACE][org.elasticsearch.indices.breaker.request] [request] Adjusted breaker by [16440] bytes, now [16440]
[2016-03-30 13:54:39,595][TRACE][org.elasticsearch.indices.breaker.request] [request] Adjusted breaker by [-16440] bytes, now [0]
[2016-03-30 13:54:39,596][TRACE][org.elasticsearch.indices.breaker.request] [request] Adjusted breaker by [16440] bytes, now [16440]
[2016-03-30 13:54:39,596][TRACE][org.elasticsearch.indices.breaker.request] [request] Adjusted breaker by [-16440] bytes, now [0]
[2016-03-30 13:54:39,597][TRACE][org.elasticsearch.indices.breaker.request] [request] Adjusted breaker by [16440] bytes, now [16440]
[2016-03-30 13:54:39,597][TRACE][org.elasticsearch.indices.breaker.request] [request] Adjusted breaker by [-16440] bytes, now [0]
[2016-03-30 13:54:39,598][TRACE][org.elasticsearch.indices.breaker.request] [request] Adjusted breaker by [16440] bytes, now [16440]
[2016-03-30 13:54:39,598][TRACE][org.elasticsearch.indices.breaker.request] [request] Adjusted breaker by [-16440] bytes, now [0]
[2016-03-30 13:54:39,599][TRACE][org.elasticsearch.indices.breaker.request] [request] Adjusted breaker by [16440] bytes, now [16440]
[2016-03-30 13:54:39,599][TRACE][org.elasticsearch.indices.breaker.request] [request] Adjusted breaker by [-16440] bytes, now [0]
[2016-03-30 13:54:39,600][TRACE][org.elasticsearch.indices.breaker.request] [request] Adjusted breaker by [16440] bytes, now [16440]
[2016-03-30 13:54:39,600][TRACE][org.elasticsearch.indices.breaker.request] [request] Adjusted breaker by [-16440] bytes, now [0]
[2016-03-30 13:54:39,601][TRACE][org.elasticsearch.indices.breaker.request] [request] Adjusted breaker by [16440] bytes, now [16440]
[2016-03-30 13:54:39,601][TRACE][org.elasticsearch.indices.breaker.request] [request] Adjusted breaker by [-16440] bytes, now [0]
[2016-03-30 13:54:39,603][TRACE][org.elasticsearch.indices.breaker.request] [request] Adjusted breaker by [16440] bytes, now [16440]
[2016-03-30 13:54:39,603][TRACE][org.elasticsearch.indices.breaker.request] [request] Adjusted breaker by [-16440] bytes, now [0]
[2016-03-30 13:54:39,604][TRACE][org.elasticsearch.indices.breaker.request] [request] Adjusted breaker by [16440] bytes, now [16440]
[2016-03-30 13:54:39,604][TRACE][org.elasticsearch.indices.breaker.request] [request] Adjusted breaker by [-16440] bytes, now [0]
[2016-03-30 13:54:39,605][TRACE][org.elasticsearch.indices.breaker.request] [request] Adjusted breaker by [16440] bytes, now [16440]
[2016-03-30 13:54:39,605][TRACE][org.elasticsearch.indices.breaker.request] [request] Adjusted breaker by [-16440] bytes, now [0]
[2016-03-30 13:54:39,605][TRACE][org.elasticsearch.indices.breaker.request] [request] Adjusted breaker by [16440] bytes, now [16440]
[2016-03-30 13:54:39,606][TRACE][org.elasticsearch.indices.breaker.request] [request] Adjusted breaker by [-16440] bytes, now [0]
[2016-03-30 13:54:39,607][TRACE][org.elasticsearch.indices.breaker.request] [request] Adjusted breaker by [16440] bytes, now [16440]
[2016-03-30 13:54:39,607][TRACE][org.elasticsearch.indices.breaker.request] [request] Adjusted breaker by [16440] bytes, now [16440]
[2016-03-30 13:54:39,607][TRACE][org.elasticsearch.indices.breaker.request] [request] Adjusted breaker by [-16440] bytes, now [0]
[2016-03-30 13:54:39,608][TRACE][org.elasticsearch.indices.breaker.request] [request] Adjusted breaker by [-16440] bytes, now [0]
[2016-03-30 13:54:39,609][TRACE][org.elasticsearch.indices.breaker.request] [request] Adjusted breaker by [16440] bytes, now [16440]
[2016-03-30 13:54:39,609][TRACE][org.elasticsearch.indices.breaker.request] [request] Adjusted breaker by [-16440] bytes, now [0]
[2016-03-30 13:54:39,610][TRACE][org.elasticsearch.indices.breaker.request] [request] Adjusted breaker by [16440] bytes, now [16440]
[2016-03-30 13:54:39,610][TRACE][org.elasticsearch.indices.breaker.request] [request] Adjusted breaker by [-16440] bytes, now [0]
[2016-03-30 13:54:39,612][TRACE][org.elasticsearch.indices.breaker.request] [request] Adjusted breaker by [16440] bytes, now [16440]
[2016-03-30 13:54:39,612][TRACE][org.elasticsearch.indices.breaker.request] [request] Adjusted breaker by [-16440] bytes, now [0]
[2016-03-30 13:54:39,612][TRACE][org.elasticsearch.indices.breaker.request] [request] Adjusted breaker by [16440] bytes, now [16440]
[2016-03-30 13:54:39,612][TRACE][org.elasticsearch.indices.breaker.request] [request] Adjusted breaker by [-16440] bytes, now [0]
[2016-03-30 13:54:39,613][TRACE][org.elasticsearch.indices.breaker.request] [request] Adjusted breaker by [16440] bytes, now [16440]
[2016-03-30 13:54:39,614][TRACE][org.elasticsearch.indices.breaker.request] [request] Adjusted breaker by [-16440] bytes, now [0]
[2016-03-30 13:54:39,614][TRACE][org.elasticsearch.indices.breaker.request] [request] Adjusted breaker by [16440] bytes, now [16440]
[2016-03-30 13:54:39,614][TRACE][org.elasticsearch.indices.breaker.request] [request] Adjusted breaker by [-16440] bytes, now [0]
[2016-03-30 13:54:39,616][TRACE][org.elasticsearch.indices.breaker.request] [request] Adjusted breaker by [16440] bytes, now [16440]
[2016-03-30 13:54:39,616][TRACE][org.elasticsearch.indices.breaker.request] [request] Adjusted breaker by [16440] bytes, now [16440]
[2016-03-30 13:54:39,616][TRACE][org.elasticsearch.indices.breaker.request] [request] Adjusted breaker by [-16440] bytes, now [0]
[2016-03-30 13:54:39,616][TRACE][org.elasticsearch.indices.breaker.request] [request] Adjusted breaker by [-16440] bytes, now [0]
[2016-03-30 13:54:39,617][TRACE][org.elasticsearch.indices.breaker.request] [request] Adjusted breaker by [16440] bytes, now [16440]
[2016-03-30 13:54:39,617][TRACE][org.elasticsearch.indices.breaker.request] [request] Adjusted breaker by [-16440] bytes, now [0]
[2016-03-30 13:54:39,618][TRACE][org.elasticsearch.indices.breaker.request] [request] Adjusted breaker by [16440] bytes, now [16440]
[2016-03-30 13:54:39,618][TRACE][org.elasticsearch.indices.breaker.request] [request] Adjusted breaker by [-16440] bytes, now [0]
[2016-03-30 13:54:39,622][TRACE][org.elasticsearch.indices.breaker.request] [request] Adjusted breaker by [16440] bytes, now [16440]
[2016-03-30 13:54:39,622][TRACE][org.elasticsearch.indices.breaker.request] [request] Adjusted breaker by [16440] bytes, now [16440]
[2016-03-30 13:54:39,622][TRACE][org.elasticsearch.indices.breaker.request] [request] Adjusted breaker by [-16440] bytes, now [0]
[2016-03-30 13:54:39,622][TRACE][org.elasticsearch.indices.breaker.request] [request] Adjusted breaker by [-16440] bytes, now [0]
[2016-03-30 13:54:39,625][TRACE][org.elasticsearch.indices.breaker.request] [request] Adjusted breaker by [16440] bytes, now [16440]
[2016-03-30 13:54:39,626][TRACE][org.elasticsearch.indices.breaker.request] [request] Adjusted breaker by [-16440] bytes, now [0]
[2016-03-30 13:54:39,626][TRACE][org.elasticsearch.indices.breaker.request] [request] Adjusted breaker by [16440] bytes, now [16440]
[2016-03-30 13:54:39,627][TRACE][org.elasticsearch.indices.breaker.request] [request] Adjusted breaker by [-16440] bytes, now [0]
[2016-03-30 13:54:39,629][TRACE][org.elasticsearch.indices.breaker.request] [request] Adjusted breaker by [16440] bytes, now [16440]
[2016-03-30 13:54:39,630][TRACE][org.elasticsearch.indices.breaker.request] [request] Adjusted breaker by [-16440] bytes, now [0]
[2016-03-30 13:54:39,630][TRACE][org.elasticsearch.indices.breaker.request] [request] Adjusted breaker by [16440] bytes, now [16440]
[2016-03-30 13:54:39,630][TRACE][org.elasticsearch.indices.breaker.request] [request] Adjusted breaker by [-16440] bytes, now [0]
[2016-03-30 13:54:39,636][TRACE][org.elasticsearch.indices.breaker.request] [request] Adjusted breaker by [16440] bytes, now [16440]
[2016-03-30 13:54:39,636][TRACE][org.elasticsearch.indices.breaker.request] [request] Adjusted breaker by [-16440] bytes, now [0]
[2016-03-30 13:54:39,636][TRACE][org.elasticsearch.indices.breaker.request] [request] Adjusted breaker by [16440] bytes, now [16440]
[2016-03-30 13:54:39,636][TRACE][org.elasticsearch.indices.breaker.request] [request] Adjusted breaker by [-16440] bytes, now [0]
[2016-03-30 13:54:39,638][TRACE][org.elasticsearch.indices.breaker.request] [request] Adjusted breaker by [16440] bytes, now [16440]
[2016-03-30 13:54:39,638][TRACE][org.elasticsearch.indices.breaker.request] [request] Adjusted breaker by [16440] bytes, now [16440]
[2016-03-30 13:54:39,638][TRACE][org.elasticsearch.indices.breaker.request] [request] Adjusted breaker by [-16440] bytes, now [0]
[2016-03-30 13:54:39,638][TRACE][org.elasticsearch.indices.breaker.request] [request] Adjusted breaker by [-16440] bytes, now [0]
[2016-03-30 13:54:39,639][TRACE][org.elasticsearch.indices.breaker.request] [request] Adjusted breaker by [16440] bytes, now [16440]
[2016-03-30 13:54:39,639][TRACE][org.elasticsearch.indices.breaker.request] [request] Adjusted breaker by [-16440] bytes, now [0]
[2016-03-30 13:54:39,640][TRACE][org.elasticsearch.indices.breaker.request] [request] Adjusted breaker by [16440] bytes, now [16440]
[2016-03-30 13:54:39,640][TRACE][org.elasticsearch.indices.breaker.request] [request] Adjusted breaker by [-16440] bytes, now [0]
[2016-03-30 13:54:39,641][TRACE][org.elasticsearch.indices.breaker.request] [request] Adjusted breaker by [16440] bytes, now [16440]
[2016-03-30 13:54:39,641][TRACE][org.elasticsearch.indices.breaker.request] [request] Adjusted breaker by [-16440] bytes, now [0]
[2016-03-30 13:54:39,642][TRACE][org.elasticsearch.indices.breaker.request] [request] Adjusted breaker by [16440] bytes, now [16440]
[2016-03-30 13:54:39,642][TRACE][org.elasticsearch.indices.breaker.request] [request] Adjusted breaker by [-16440] bytes, now [0]
[2016-03-30 13:54:39,643][TRACE][org.elasticsearch.indices.breaker.request] [request] Adjusted breaker by [16440] bytes, now [16440]
[2016-03-30 13:54:39,643][TRACE][org.elasticsearch.indices.breaker.request] [request] Adjusted breaker by [-16440] bytes, now [0]
[2016-03-30 13:54:39,644][TRACE][org.elasticsearch.indices.breaker.request] [request] Adjusted breaker by [16440] bytes, now [16440]
[2016-03-30 13:54:39,644][TRACE][org.elasticsearch.indices.breaker.request] [request] Adjusted breaker by [-16440] bytes, now [0]
[2016-03-30 13:54:39,645][TRACE][org.elasticsearch.indices.breaker.request] [request] Adjusted breaker by [16440] bytes, now [16440]
[2016-03-30 13:54:39,645][TRACE][org.elasticsearch.indices.breaker.request] [request] Adjusted breaker by [-16440] bytes, now [0]
[2016-03-30 13:54:39,646][TRACE][org.elasticsearch.indices.breaker.request] [request] Adjusted breaker by [16440] bytes, now [16440]
[2016-03-30 13:54:39,646][TRACE][org.elasticsearch.indices.breaker.request] [request] Adjusted breaker by [-16440] bytes, now [0]
[2016-03-30 13:54:39,647][TRACE][org.elasticsearch.indices.breaker.request] [request] Adjusted breaker by [16440] bytes, now [16440]
[2016-03-30 13:54:39,647][TRACE][org.elasticsearch.indices.breaker.request] [request] Adjusted breaker by [-16440] bytes, now [0]
[2016-03-30 13:54:39,648][TRACE][org.elasticsearch.indices.breaker.request] [request] Adjusted breaker by [16440] bytes, now [16440]
[2016-03-30 13:54:39,648][TRACE][org.elasticsearch.indices.breaker.request] [request] Adjusted breaker by [-16440] bytes, now [0]
[2016-03-30 13:54:39,649][TRACE][org.elasticsearch.indices.breaker.request] [request] Adjusted breaker by [16440] bytes, now [16440]
[2016-03-30 13:54:39,649][TRACE][org.elasticsearch.indices.breaker.request] [request] Adjusted breaker by [-16440] bytes, now [0]
[2016-03-30 13:54:39,650][TRACE][org.elasticsearch.indices.breaker.request] [request] Adjusted breaker by [16440] bytes, now [16440]
[2016-03-30 13:54:39,650][TRACE][org.elasticsearch.indices.breaker.request] [request] Adjusted breaker by [-16440] bytes, now [0]
[2016-03-30 13:54:39,652][TRACE][org.elasticsearch.indices.breaker.request] [request] Adjusted breaker by [16440] bytes, now [16440]
[2016-03-30 13:54:39,652][TRACE][org.elasticsearch.indices.breaker.request] [request] Adjusted breaker by [16440] bytes, now [16440]
[2016-03-30 13:54:39,652][TRACE][org.elasticsearch.indices.breaker.request] [request] Adjusted breaker by [-16440] bytes, now [0]
[2016-03-30 13:54:39,652][TRACE][org.elasticsearch.indices.breaker.request] [request] Adjusted breaker by [-16440] bytes, now [0]
[2016-03-30 13:54:39,654][TRACE][org.elasticsearch.indices.breaker.request] [request] Adjusted breaker by [16440] bytes, now [16440]
[2016-03-30 13:54:39,654][TRACE][org.elasticsearch.indices.breaker.request] [request] Adjusted breaker by [-16440] bytes, now [0]
[2016-03-30 13:54:39,655][TRACE][org.elasticsearch.indices.breaker.request] [request] Adjusted breaker by [16440] bytes, now [16440]
[2016-03-30 13:54:39,655][TRACE][org.elasticsearch.indices.breaker.request] [request] Adjusted breaker by [-16440] bytes, now [0]
[2016-03-30 13:54:39,659][TRACE][org.elasticsearch.indices.breaker.request] [request] Adjusted breaker by [16440] bytes, now [16440]
[2016-03-30 13:54:39,660][TRACE][org.elasticsearch.indices.breaker.request] [request] Adjusted breaker by [-16440] bytes, now [0]
[2016-03-30 13:54:39,660][TRACE][org.elasticsearch.indices.breaker.request] [request] Adjusted breaker by [16440] bytes, now [16440]
[2016-03-30 13:54:39,660][TRACE][org.elasticsearch.indices.breaker.request] [request] Adjusted breaker by [-16440] bytes, now [0]
[2016-03-30 13:54:39,662][TRACE][org.elasticsearch.indices.breaker.request] [request] Adjusted breaker by [16440] bytes, now [16440]
[2016-03-30 13:54:39,662][TRACE][org.elasticsearch.indices.breaker.request] [request] Adjusted breaker by [-16440] bytes, now [0]
[2016-03-30 13:54:39,663][TRACE][org.elasticsearch.indices.breaker.request] [request] Adjusted breaker by [16440] bytes, now [16440]
[2016-03-30 13:54:39,663][TRACE][org.elasticsearch.indices.breaker.request] [request] Adjusted breaker by [-16440] bytes, now [0]
[2016-03-30 13:54:39,664][TRACE][org.elasticsearch.indices.breaker.request] [request] Adjusted breaker by [16440] bytes, now [16440]
[2016-03-30 13:54:39,664][TRACE][org.elasticsearch.indices.breaker.request] [request] Adjusted breaker by [-16440] bytes, now [0]
[2016-03-30 13:54:39,664][TRACE][org.elasticsearch.indices.breaker.request] [request] Adjusted breaker by [16440] bytes, now [16440]
[2016-03-30 13:54:39,665][TRACE][org.elasticsearch.indices.breaker.request] [request] Adjusted breaker by [-16440] bytes, now [0]
[2016-03-30 13:54:39,675][TRACE][org.elasticsearch.indices.breaker.request] [request] Adjusted breaker by [16440] bytes, now [16440]
[2016-03-30 13:54:39,675][TRACE][org.elasticsearch.indices.breaker.request] [request] Adjusted breaker by [-16440] bytes, now [0]
[2016-03-30 13:54:39,685][TRACE][org.elasticsearch.indices.breaker.request] [request] Adjusted breaker by [16440] bytes, now [16440]
[2016-03-30 13:54:39,685][TRACE][org.elasticsearch.indices.breaker.request] [request] Adjusted breaker by [-16440] bytes, now [0]
[2016-03-30 13:54:39,686][TRACE][org.elasticsearch.indices.breaker.request] [request] Adjusted breaker by [16440] bytes, now [16440]
[2016-03-30 13:54:39,687][TRACE][org.elasticsearch.indices.breaker.request] [request] Adjusted breaker by [-16440] bytes, now [0]
[2016-03-30 13:54:39,687][TRACE][org.elasticsearch.indices.breaker.request] [request] Adjusted breaker by [16440] bytes, now [16440]
[2016-03-30 13:54:39,687][TRACE][org.elasticsearch.indices.breaker.request] [request] Adjusted breaker by [-16440] bytes, now [0]
[2016-03-30 13:54:39,689][TRACE][org.elasticsearch.indices.breaker.request] [request] Adjusted breaker by [16440] bytes, now [16440]
[2016-03-30 13:54:39,689][TRACE][org.elasticsearch.indices.breaker.request] [request] Adjusted breaker by [-16440] bytes, now [0]
[2016-03-30 13:54:39,689][TRACE][org.elasticsearch.indices.breaker.request] [request] Adjusted breaker by [16440] bytes, now [16440]
[2016-03-30 13:54:39,690][TRACE][org.elasticsearch.indices.breaker.request] [request] Adjusted breaker by [-16440] bytes, now [0]
[2016-03-30 13:54:39,705][TRACE][org.elasticsearch.indices.breaker.request] [request] Adjusted breaker by [16440] bytes, now [16440]
[2016-03-30 13:54:39,705][TRACE][org.elasticsearch.indices.breaker.request] [request] Adjusted breaker by [16440] bytes, now [16440]
[2016-03-30 13:54:39,705][TRACE][org.elasticsearch.indices.breaker.request] [request] Adjusted breaker by [-16440] bytes, now [0]
[2016-03-30 13:54:39,705][TRACE][org.elasticsearch.indices.breaker.request] [request] Adjusted breaker by [-16440] bytes, now [0]
[2016-03-30 13:54:39,707][TRACE][org.elasticsearch.indices.breaker.request] [request] Adjusted breaker by [16440] bytes, now [16440]
[2016-03-30 13:54:39,707][TRACE][org.elasticsearch.indices.breaker.request] [request] Adjusted breaker by [-16440] bytes, now [0]
[2016-03-30 13:54:39,708][TRACE][org.elasticsearch.indices.breaker.request] [request] Adjusted breaker by [16440] bytes, now [16440]
[2016-03-30 13:54:39,708][TRACE][org.elasticsearch.indices.breaker.request] [request] Adjusted breaker by [-16440] bytes, now [0]
[2016-03-30 13:54:39,709][TRACE][org.elasticsearch.indices.breaker.request] [request] Adjusted breaker by [16440] bytes, now [16440]
[2016-03-30 13:54:39,709][TRACE][org.elasticsearch.indices.breaker.request] [request] Adjusted breaker by [-16440] bytes, now [0]
[2016-03-30 13:54:39,710][TRACE][org.elasticsearch.indices.breaker.request] [request] Adjusted breaker by [16440] bytes, now [16440]
[2016-03-30 13:54:39,710][TRACE][org.elasticsearch.indices.breaker.request] [request] Adjusted breaker by [-16440] bytes, now [0]
[2016-03-30 13:54:39,711][TRACE][org.elasticsearch.indices.breaker.request] [request] Adjusted breaker by [16440] bytes, now [16440]
[2016-03-30 13:54:39,711][TRACE][org.elasticsearch.indices.breaker.request] [request] Adjusted breaker by [16440] bytes, now [16440]
[2016-03-30 13:54:39,711][TRACE][org.elasticsearch.indices.breaker.request] [request] Adjusted breaker by [-16440] bytes, now [0]
[2016-03-30 13:54:39,711][TRACE][org.elasticsearch.indices.breaker.request] [request] Adjusted breaker by [-16440] bytes, now [0]
[2016-03-30 13:54:39,713][TRACE][org.elasticsearch.indices.breaker.request] [request] Adjusted breaker by [16440] bytes, now [16440]
[2016-03-30 13:54:39,713][TRACE][org.elasticsearch.indices.breaker.request] [request] Adjusted breaker by [-16440] bytes, now [0]
[2016-03-30 13:54:39,713][TRACE][org.elasticsearch.indices.breaker.request] [request] Adjusted breaker by [16440] bytes, now [16440]
[2016-03-30 13:54:39,714][TRACE][org.elasticsearch.indices.breaker.request] [request] Adjusted breaker by [-16440] bytes, now [0]
[2016-03-30 13:54:39,715][TRACE][org.elasticsearch.indices.breaker.request] [request] Adjusted breaker by [16440] bytes, now [16440]
[2016-03-30 13:54:39,715][TRACE][org.elasticsearch.indices.breaker.request] [request] Adjusted breaker by [16440] bytes, now [16440]
[2016-03-30 13:54:39,716][TRACE][org.elasticsearch.indices.breaker.request] [request] Adjusted breaker by [-16440] bytes, now [0]
[2016-03-30 13:54:39,716][TRACE][org.elasticsearch.indices.breaker.request] [request] Adjusted breaker by [-16440] bytes, now [0]
[2016-03-30 13:54:39,722][TRACE][org.elasticsearch.indices.breaker.request] [request] Adjusted breaker by [16440] bytes, now [16440]
[2016-03-30 13:54:39,722][TRACE][org.elasticsearch.indices.breaker.request] [request] Adjusted breaker by [16440] bytes, now [16440]
[2016-03-30 13:54:39,722][TRACE][org.elasticsearch.indices.breaker.request] [request] Adjusted breaker by [-16440] bytes, now [0]
[2016-03-30 13:54:39,722][TRACE][org.elasticsearch.indices.breaker.request] [request] Adjusted breaker by [-16440] bytes, now [0]
[2016-03-30 13:54:39,723][TRACE][org.elasticsearch.indices.breaker.request] [request] Adjusted breaker by [16440] bytes, now [16440]
[2016-03-30 13:54:39,723][TRACE][org.elasticsearch.indices.breaker.request] [request] Adjusted breaker by [-16440] bytes, now [0]
[2016-03-30 13:54:39,724][TRACE][org.elasticsearch.indices.breaker.request] [request] Adjusted breaker by [16440] bytes, now [16440]
[2016-03-30 13:54:39,724][TRACE][org.elasticsearch.indices.breaker.request] [request] Adjusted breaker by [-16440] bytes, now [0]
[2016-03-30 13:54:39,726][TRACE][org.elasticsearch.indices.breaker.request] [request] Adjusted breaker by [16440] bytes, now [16440]
[2016-03-30 13:54:39,726][TRACE][org.elasticsearch.indices.breaker.request] [request] Adjusted breaker by [-16440] bytes, now [0]
[2016-03-30 13:54:39,727][TRACE][org.elasticsearch.indices.breaker.request] [request] Adjusted breaker by [16440] bytes, now [16440]
[2016-03-30 13:54:39,727][TRACE][org.elasticsearch.indices.breaker.request] [request] Adjusted breaker by [-16440] bytes, now [0]
[2016-03-30 13:54:39,728][TRACE][org.elasticsearch.indices.breaker.request] [request] Adjusted breaker by [16440] bytes, now [16440]
[2016-03-30 13:54:39,728][TRACE][org.elasticsearch.indices.breaker.request] [request] Adjusted breaker by [-16440] bytes, now [0]
[2016-03-30 13:54:39,729][TRACE][org.elasticsearch.indices.breaker.request] [request] Adjusted breaker by [16440] bytes, now [16440]
[2016-03-30 13:54:39,729][TRACE][org.elasticsearch.indices.breaker.request] [request] Adjusted breaker by [-16440] bytes, now [0]
[2016-03-30 13:54:39,730][TRACE][org.elasticsearch.indices.breaker.request] [request] Adjusted breaker by [16440] bytes, now [16440]
[2016-03-30 13:54:39,730][TRACE][org.elasticsearch.indices.breaker.request] [request] Adjusted breaker by [-16440] bytes, now [0]
[2016-03-30 13:54:39,731][TRACE][org.elasticsearch.indices.breaker.request] [request] Adjusted breaker by [16440] bytes, now [16440]
[2016-03-30 13:54:39,731][TRACE][org.elasticsearch.indices.breaker.request] [request] Adjusted breaker by [-16440] bytes, now [0]
[2016-03-30 13:54:39,733][TRACE][org.elasticsearch.indices.breaker.request] [request] Adjusted breaker by [16440] bytes, now [16440]
[2016-03-30 13:54:39,733][TRACE][org.elasticsearch.indices.breaker.request] [request] Adjusted breaker by [-16440] bytes, now [0]
[2016-03-30 13:54:39,734][TRACE][org.elasticsearch.indices.breaker.request] [request] Adjusted breaker by [16440] bytes, now [16440]
[2016-03-30 13:54:39,734][TRACE][org.elasticsearch.indices.breaker.request] [request] Adjusted breaker by [-16440] bytes, now [0]
[2016-03-30 13:54:39,736][TRACE][org.elasticsearch.indices.breaker.request] [request] Adjusted breaker by [16440] bytes, now [16440]
[2016-03-30 13:54:39,737][TRACE][org.elasticsearch.indices.breaker.request] [request] Adjusted breaker by [-16440] bytes, now [0]
[2016-03-30 13:54:39,736][TRACE][org.elasticsearch.indices.breaker.request] [request] Adjusted breaker by [16440] bytes, now [16440]
[2016-03-30 13:54:39,737][TRACE][org.elasticsearch.indices.breaker.request] [request] Adjusted breaker by [-16440] bytes, now [0]
[2016-03-30 13:54:39,738][TRACE][org.elasticsearch.indices.breaker.request] [request] Adjusted breaker by [16440] bytes, now [16440]
[2016-03-30 13:54:39,738][TRACE][org.elasticsearch.indices.breaker.request] [request] Adjusted breaker by [-16440] bytes, now [0]
[2016-03-30 13:54:39,739][TRACE][org.elasticsearch.indices.breaker.request] [request] Adjusted breaker by [16440] bytes, now [16440]
[2016-03-30 13:54:39,739][TRACE][org.elasticsearch.indices.breaker.request] [request] Adjusted breaker by [-16440] bytes, now [0]
[2016-03-30 13:54:39,741][TRACE][org.elasticsearch.indices.breaker.request] [request] Adjusted breaker by [16440] bytes, now [16440]
[2016-03-30 13:54:39,741][TRACE][org.elasticsearch.indices.breaker.request] [request] Adjusted breaker by [-16440] bytes, now [0]
[2016-03-30 13:54:39,742][TRACE][org.elasticsearch.indices.breaker.request] [request] Adjusted breaker by [16440] bytes, now [16440]
[2016-03-30 13:54:39,742][TRACE][org.elasticsearch.indices.breaker.request] [request] Adjusted breaker by [-16440] bytes, now [0]
[2016-03-30 13:54:39,743][TRACE][org.elasticsearch.indices.breaker.request] [request] Adjusted breaker by [16440] bytes, now [16440]
[2016-03-30 13:54:39,743][TRACE][org.elasticsearch.indices.breaker.request] [request] Adjusted breaker by [-16440] bytes, now [0]
[2016-03-30 13:54:39,744][TRACE][org.elasticsearch.indices.breaker.request] [request] Adjusted breaker by [16440] bytes, now [16440]
[2016-03-30 13:54:39,744][TRACE][org.elasticsearch.indices.breaker.request] [request] Adjusted breaker by [-16440] bytes, now [0]
[2016-03-30 13:54:39,746][TRACE][org.elasticsearch.indices.breaker.request] [request] Adjusted breaker by [16440] bytes, now [16440]
[2016-03-30 13:54:39,746][TRACE][org.elasticsearch.indices.breaker.request] [request] Adjusted breaker by [16440] bytes, now [16440]
[2016-03-30 13:54:39,746][TRACE][org.elasticsearch.indices.breaker.request] [request] Adjusted breaker by [-16440] bytes, now [0]
[2016-03-30 13:54:39,746][TRACE][org.elasticsearch.indices.breaker.request] [request] Adjusted breaker by [-16440] bytes, now [0]
[2016-03-30 13:54:39,748][TRACE][org.elasticsearch.indices.breaker.request] [request] Adjusted breaker by [16440] bytes, now [16440]
[2016-03-30 13:54:39,748][TRACE][org.elasticsearch.indices.breaker.request] [request] Adjusted breaker by [-16440] bytes, now [0]
[2016-03-30 13:54:39,749][TRACE][org.elasticsearch.indices.breaker.request] [request] Adjusted breaker by [16440] bytes, now [16440]
[2016-03-30 13:54:39,749][TRACE][org.elasticsearch.indices.breaker.request] [request] Adjusted breaker by [-16440] bytes, now [0]
[2016-03-30 13:54:39,754][TRACE][org.elasticsearch.indices.breaker.request] [request] Adjusted breaker by [16440] bytes, now [16440]
[2016-03-30 13:54:39,754][TRACE][org.elasticsearch.indices.breaker.request] [request] Adjusted breaker by [-16440] bytes, now [0]
[2016-03-30 13:54:39,755][TRACE][org.elasticsearch.indices.breaker.request] [request] Adjusted breaker by [16440] bytes, now [16440]
[2016-03-30 13:54:39,755][TRACE][org.elasticsearch.indices.breaker.request] [request] Adjusted breaker by [-16440] bytes, now [0]
[2016-03-30 13:54:39,757][TRACE][org.elasticsearch.indices.breaker.request] [request] Adjusted breaker by [16440] bytes, now [16440]
[2016-03-30 13:54:39,757][TRACE][org.elasticsearch.indices.breaker.request] [request] Adjusted breaker by [16440] bytes, now [16440]
[2016-03-30 13:54:39,757][TRACE][org.elasticsearch.indices.breaker.request] [request] Adjusted breaker by [-16440] bytes, now [0]
[2016-03-30 13:54:39,757][TRACE][org.elasticsearch.indices.breaker.request] [request] Adjusted breaker by [-16440] bytes, now [0]
[2016-03-30 13:54:39,758][TRACE][org.elasticsearch.indices.breaker.request] [request] Adjusted breaker by [16440] bytes, now [16440]
[2016-03-30 13:54:39,758][TRACE][org.elasticsearch.indices.breaker.request] [request] Adjusted breaker by [-16440] bytes, now [0]
[2016-03-30 13:54:39,759][TRACE][org.elasticsearch.indices.breaker.request] [request] Adjusted breaker by [16440] bytes, now [16440]
[2016-03-30 13:54:39,759][TRACE][org.elasticsearch.indices.breaker.request] [request] Adjusted breaker by [-16440] bytes, now [0]
[2016-03-30 13:54:39,760][TRACE][org.elasticsearch.indices.breaker.request] [request] Adjusted breaker by [16440] bytes, now [16440]
[2016-03-30 13:54:39,760][TRACE][org.elasticsearch.indices.breaker.request] [request] Adjusted breaker by [-16440] bytes, now [0]
[2016-03-30 13:54:39,761][TRACE][org.elasticsearch.indices.breaker.request] [request] Adjusted breaker by [16440] bytes, now [16440]
[2016-03-30 13:54:39,761][TRACE][org.elasticsearch.indices.breaker.request] [request] Adjusted breaker by [-16440] bytes, now [0]
[2016-03-30 13:54:39,763][TRACE][org.elasticsearch.indices.breaker.request] [request] Adjusted breaker by [16440] bytes, now [16440]
[2016-03-30 13:54:39,763][TRACE][org.elasticsearch.indices.breaker.request] [request] Adjusted breaker by [16440] bytes, now [16440]
[2016-03-30 13:54:39,763][TRACE][org.elasticsearch.indices.breaker.request] [request] Adjusted breaker by [-16440] bytes, now [0]
[2016-03-30 13:54:39,763][TRACE][org.elasticsearch.indices.breaker.request] [request] Adjusted breaker by [-16440] bytes, now [0]
[2016-03-30 13:54:39,764][TRACE][org.elasticsearch.indices.breaker.request] [request] Adjusted breaker by [16440] bytes, now [16440]
[2016-03-30 13:54:39,764][TRACE][org.elasticsearch.indices.breaker.request] [request] Adjusted breaker by [-16440] bytes, now [0]
[2016-03-30 13:54:39,765][TRACE][org.elasticsearch.indices.breaker.request] [request] Adjusted breaker by [16440] bytes, now [16440]
[2016-03-30 13:54:39,765][TRACE][org.elasticsearch.indices.breaker.request] [request] Adjusted breaker by [-16440] bytes, now [0]
[2016-03-30 13:54:39,778][TRACE][org.elasticsearch.indices.breaker.request] [request] Adjusted breaker by [16440] bytes, now [16440]
[2016-03-30 13:54:39,778][TRACE][org.elasticsearch.indices.breaker.request] [request] Adjusted breaker by [16440] bytes, now [16440]
[2016-03-30 13:54:39,778][TRACE][org.elasticsearch.indices.breaker.request] [request] Adjusted breaker by [-16440] bytes, now [0]
[2016-03-30 13:54:39,778][TRACE][org.elasticsearch.indices.breaker.request] [request] Adjusted breaker by [-16440] bytes, now [0]
[2016-03-30 13:54:39,780][TRACE][org.elasticsearch.indices.breaker.request] [request] Adjusted breaker by [16440] bytes, now [16440]
[2016-03-30 13:54:39,780][TRACE][org.elasticsearch.indices.breaker.request] [request] Adjusted breaker by [16440] bytes, now [16440]
[2016-03-30 13:54:39,780][TRACE][org.elasticsearch.indices.breaker.request] [request] Adjusted breaker by [-16440] bytes, now [0]
[2016-03-30 13:54:39,780][TRACE][org.elasticsearch.indices.breaker.request] [request] Adjusted breaker by [-16440] bytes, now [0]
[2016-03-30 13:54:39,782][TRACE][org.elasticsearch.indices.breaker.request] [request] Adjusted breaker by [16440] bytes, now [16440]
[2016-03-30 13:54:39,782][TRACE][org.elasticsearch.indices.breaker.request] [request] Adjusted breaker by [-16440] bytes, now [0]
[2016-03-30 13:54:39,783][TRACE][org.elasticsearch.indices.breaker.request] [request] Adjusted breaker by [16440] bytes, now [16440]
[2016-03-30 13:54:39,783][TRACE][org.elasticsearch.indices.breaker.request] [request] Adjusted breaker by [-16440] bytes, now [0]
[2016-03-30 13:54:39,786][TRACE][org.elasticsearch.indices.breaker.request] [request] Adjusted breaker by [16440] bytes, now [16440]
[2016-03-30 13:54:39,786][TRACE][org.elasticsearch.indices.breaker.request] [request] Adjusted breaker by [16440] bytes, now [16440]
[2016-03-30 13:54:39,786][TRACE][org.elasticsearch.indices.breaker.request] [request] Adjusted breaker by [-16440] bytes, now [0]
[2016-03-30 13:54:39,786][TRACE][org.elasticsearch.indices.breaker.request] [request] Adjusted breaker by [-16440] bytes, now [0]
[2016-03-30 13:54:39,787][TRACE][org.elasticsearch.indices.breaker.request] [request] Adjusted breaker by [16440] bytes, now [16440]
[2016-03-30 13:54:39,787][TRACE][org.elasticsearch.indices.breaker.request] [request] Adjusted breaker by [-16440] bytes, now [0]
[2016-03-30 13:54:39,788][TRACE][org.elasticsearch.indices.breaker.request] [request] Adjusted breaker by [16440] bytes, now [16440]
[2016-03-30 13:54:39,788][TRACE][org.elasticsearch.indices.breaker.request] [request] Adjusted breaker by [-16440] bytes, now [0]
[2016-03-30 13:54:39,790][TRACE][org.elasticsearch.indices.breaker.request] [request] Adjusted breaker by [16440] bytes, now [16440]
[2016-03-30 13:54:39,790][TRACE][org.elasticsearch.indices.breaker.request] [request] Adjusted breaker by [-16440] bytes, now [0]
[2016-03-30 13:54:39,791][TRACE][org.elasticsearch.indices.breaker.request] [request] Adjusted breaker by [16440] bytes, now [16440]
[2016-03-30 13:54:39,791][TRACE][org.elasticsearch.indices.breaker.request] [request] Adjusted breaker by [-16440] bytes, now [0]
[2016-03-30 13:54:39,792][TRACE][org.elasticsearch.indices.breaker.request] [request] Adjusted breaker by [16440] bytes, now [16440]
[2016-03-30 13:54:39,793][TRACE][org.elasticsearch.indices.breaker.request] [request] Adjusted breaker by [-16440] bytes, now [0]
[2016-03-30 13:54:39,793][TRACE][org.elasticsearch.indices.breaker.request] [request] Adjusted breaker by [16440] bytes, now [16440]
[2016-03-30 13:54:39,794][TRACE][org.elasticsearch.indices.breaker.request] [request] Adjusted breaker by [-16440] bytes, now [0]
[2016-03-30 13:54:39,796][TRACE][org.elasticsearch.indices.breaker.request] [request] Adjusted breaker by [16440] bytes, now [16440]
[2016-03-30 13:54:39,796][TRACE][org.elasticsearch.indices.breaker.request] [request] Adjusted breaker by [-16440] bytes, now [0]
[2016-03-30 13:54:39,796][TRACE][org.elasticsearch.indices.breaker.request] [request] Adjusted breaker by [16440] bytes, now [16440]
[2016-03-30 13:54:39,796][TRACE][org.elasticsearch.indices.breaker.request] [request] Adjusted breaker by [-16440] bytes, now [0]
[2016-03-30 13:54:39,798][TRACE][org.elasticsearch.indices.breaker.request] [request] Adjusted breaker by [16440] bytes, now [16440]
[2016-03-30 13:54:39,798][TRACE][org.elasticsearch.indices.breaker.request] [request] Adjusted breaker by [-16440] bytes, now [0]
[2016-03-30 13:54:39,798][TRACE][org.elasticsearch.indices] [node_s1] [test][5] warming [MultiReader(FilterLeafReader(_0(5.4.0):c26) FilterLeafReader(_1(5.4.0):c10))]
[2016-03-30 13:54:39,799][TRACE][org.elasticsearch.indices.breaker.request] [request] Adjusted breaker by [16440] bytes, now [16440]
[2016-03-30 13:54:39,799][TRACE][org.elasticsearch.indices.breaker.request] [request] Adjusted breaker by [-16440] bytes, now [0]
[2016-03-30 13:54:39,799][TRACE][org.elasticsearch.indices] [node_s1] [test][5] top warming [ElasticsearchDirectoryReader(FilterLeafReader(_0(5.4.0):c26) FilterLeafReader(_1(5.4.0):c10))]
[2016-03-30 13:54:39,800][TRACE][org.elasticsearch.indices.breaker.request] [request] Adjusted breaker by [16440] bytes, now [16440]
[2016-03-30 13:54:39,800][TRACE][org.elasticsearch.indices.breaker.request] [request] Adjusted breaker by [-16440] bytes, now [0]
[2016-03-30 13:54:39,801][TRACE][org.elasticsearch.indices.breaker.request] [request] Adjusted breaker by [16440] bytes, now [16440]
[2016-03-30 13:54:39,801][TRACE][org.elasticsearch.indices.breaker.request] [request] Adjusted breaker by [-16440] bytes, now [0]
[2016-03-30 13:54:39,803][TRACE][org.elasticsearch.indices.breaker.request] [request] Adjusted breaker by [16440] bytes, now [16440]
[2016-03-30 13:54:39,803][TRACE][org.elasticsearch.indices.breaker.request] [request] Adjusted breaker by [16440] bytes, now [16440]
[2016-03-30 13:54:39,803][TRACE][org.elasticsearch.indices.breaker.request] [request] Adjusted breaker by [-16440] bytes, now [0]
[2016-03-30 13:54:39,803][TRACE][org.elasticsearch.indices.breaker.request] [request] Adjusted breaker by [-16440] bytes, now [0]
[2016-03-30 13:54:39,804][TRACE][org.elasticsearch.indices.flush] [node_s1] [test][5] pre sync flush done. commit id VK1nW4wmURky6W22z8hs3A==
[2016-03-30 13:54:39,804][TRACE][org.elasticsearch.indices.flush] [node_s1] [test][6] performing pre sync flush
[2016-03-30 13:54:39,804][TRACE][org.elasticsearch.indices.breaker.request] [request] Adjusted breaker by [16440] bytes, now [16440]
[2016-03-30 13:54:39,804][TRACE][org.elasticsearch.indices.breaker.request] [request] Adjusted breaker by [-16440] bytes, now [0]
[2016-03-30 13:54:39,805][TRACE][org.elasticsearch.indices.breaker.request] [request] Adjusted breaker by [16440] bytes, now [16440]
[2016-03-30 13:54:39,805][TRACE][org.elasticsearch.indices.breaker.request] [request] Adjusted breaker by [-16440] bytes, now [0]
[2016-03-30 13:54:39,807][TRACE][org.elasticsearch.indices.breaker.request] [request] Adjusted breaker by [16440] bytes, now [16440]
[2016-03-30 13:54:39,807][TRACE][org.elasticsearch.indices.breaker.request] [request] Adjusted breaker by [-16440] bytes, now [0]
[2016-03-30 13:54:39,808][TRACE][org.elasticsearch.indices.breaker.request] [request] Adjusted breaker by [16440] bytes, now [16440]
[2016-03-30 13:54:39,808][TRACE][org.elasticsearch.indices.breaker.request] [request] Adjusted breaker by [-16440] bytes, now [0]
[2016-03-30 13:54:39,820][TRACE][org.elasticsearch.indices.breaker.request] [request] Adjusted breaker by [16440] bytes, now [16440]
[2016-03-30 13:54:39,821][TRACE][org.elasticsearch.indices.breaker.request] [request] Adjusted breaker by [-16440] bytes, now [0]
[2016-03-30 13:54:39,822][TRACE][org.elasticsearch.indices.breaker.request] [request] Adjusted breaker by [16440] bytes, now [16440]
[2016-03-30 13:54:39,822][TRACE][org.elasticsearch.indices.breaker.request] [request] Adjusted breaker by [-16440] bytes, now [0]
[2016-03-30 13:54:39,824][TRACE][org.elasticsearch.indices.breaker.request] [request] Adjusted breaker by [16440] bytes, now [16440]
[2016-03-30 13:54:39,824][TRACE][org.elasticsearch.indices.breaker.request] [request] Adjusted breaker by [-16440] bytes, now [0]
[2016-03-30 13:54:39,825][TRACE][org.elasticsearch.indices.breaker.request] [request] Adjusted breaker by [16440] bytes, now [16440]
[2016-03-30 13:54:39,825][TRACE][org.elasticsearch.indices.breaker.request] [request] Adjusted breaker by [-16440] bytes, now [0]
[2016-03-30 13:54:39,828][TRACE][org.elasticsearch.indices.breaker.request] [request] Adjusted breaker by [16440] bytes, now [16440]
[2016-03-30 13:54:39,828][TRACE][org.elasticsearch.indices.breaker.request] [request] Adjusted breaker by [-16440] bytes, now [0]
[2016-03-30 13:54:39,829][TRACE][org.elasticsearch.indices.breaker.request] [request] Adjusted breaker by [16440] bytes, now [16440]
[2016-03-30 13:54:39,830][TRACE][org.elasticsearch.indices.breaker.request] [request] Adjusted breaker by [-16440] bytes, now [0]
[2016-03-30 13:54:39,834][TRACE][org.elasticsearch.indices.breaker.request] [request] Adjusted breaker by [16440] bytes, now [16440]
[2016-03-30 13:54:39,834][TRACE][org.elasticsearch.indices.breaker.request] [request] Adjusted breaker by [16440] bytes, now [16440]
[2016-03-30 13:54:39,834][TRACE][org.elasticsearch.indices.breaker.request] [request] Adjusted breaker by [-16440] bytes, now [0]
[2016-03-30 13:54:39,834][TRACE][org.elasticsearch.indices.breaker.request] [request] Adjusted breaker by [-16440] bytes, now [0]
[2016-03-30 13:54:39,842][TRACE][org.elasticsearch.indices.breaker.request] [request] Adjusted breaker by [16440] bytes, now [16440]
[2016-03-30 13:54:39,842][TRACE][org.elasticsearch.indices.breaker.request] [request] Adjusted breaker by [16440] bytes, now [16440]
[2016-03-30 13:54:39,843][TRACE][org.elasticsearch.indices.breaker.request] [request] Adjusted breaker by [-16440] bytes, now [0]
[2016-03-30 13:54:39,842][TRACE][org.elasticsearch.indices.breaker.request] [request] Adjusted breaker by [-16440] bytes, now [0]
[2016-03-30 13:54:39,852][TRACE][org.elasticsearch.indices.breaker.request] [request] Adjusted breaker by [16440] bytes, now [16440]
[2016-03-30 13:54:39,852][TRACE][org.elasticsearch.indices.breaker.request] [request] Adjusted breaker by [-16440] bytes, now [0]
[2016-03-30 13:54:39,853][TRACE][org.elasticsearch.indices.breaker.request] [request] Adjusted breaker by [16440] bytes, now [16440]
[2016-03-30 13:54:39,853][TRACE][org.elasticsearch.indices.breaker.request] [request] Adjusted breaker by [-16440] bytes, now [0]
[2016-03-30 13:54:39,856][TRACE][org.elasticsearch.indices.breaker.request] [request] Adjusted breaker by [16440] bytes, now [16440]
[2016-03-30 13:54:39,856][TRACE][org.elasticsearch.indices.breaker.request] [request] Adjusted breaker by [-16440] bytes, now [0]
[2016-03-30 13:54:39,856][TRACE][org.elasticsearch.indices.breaker.request] [request] Adjusted breaker by [16440] bytes, now [16440]
[2016-03-30 13:54:39,856][TRACE][org.elasticsearch.indices.breaker.request] [request] Adjusted breaker by [-16440] bytes, now [0]
[2016-03-30 13:54:39,858][TRACE][org.elasticsearch.indices.breaker.request] [request] Adjusted breaker by [16440] bytes, now [16440]
[2016-03-30 13:54:39,858][TRACE][org.elasticsearch.indices.breaker.request] [request] Adjusted breaker by [16440] bytes, now [16440]
[2016-03-30 13:54:39,858][TRACE][org.elasticsearch.indices.breaker.request] [request] Adjusted breaker by [-16440] bytes, now [0]
[2016-03-30 13:54:39,858][TRACE][org.elasticsearch.indices.breaker.request] [request] Adjusted breaker by [-16440] bytes, now [0]
[2016-03-30 13:54:39,860][TRACE][org.elasticsearch.indices.breaker.request] [request] Adjusted breaker by [16440] bytes, now [16440]
[2016-03-30 13:54:39,860][TRACE][org.elasticsearch.indices.breaker.request] [request] Adjusted breaker by [-16440] bytes, now [0]
[2016-03-30 13:54:39,861][TRACE][org.elasticsearch.indices.breaker.request] [request] Adjusted breaker by [16440] bytes, now [16440]
[2016-03-30 13:54:39,861][TRACE][org.elasticsearch.indices.breaker.request] [request] Adjusted breaker by [-16440] bytes, now [0]
[2016-03-30 13:54:39,863][TRACE][org.elasticsearch.indices.breaker.request] [request] Adjusted breaker by [16440] bytes, now [16440]
[2016-03-30 13:54:39,863][TRACE][org.elasticsearch.indices.breaker.request] [request] Adjusted breaker by [16440] bytes, now [16440]
[2016-03-30 13:54:39,863][TRACE][org.elasticsearch.indices.breaker.request] [request] Adjusted breaker by [-16440] bytes, now [0]
[2016-03-30 13:54:39,863][TRACE][org.elasticsearch.indices.breaker.request] [request] Adjusted breaker by [-16440] bytes, now [0]
[2016-03-30 13:54:39,867][TRACE][org.elasticsearch.indices.breaker.request] [request] Adjusted breaker by [16440] bytes, now [16440]
[2016-03-30 13:54:39,867][TRACE][org.elasticsearch.indices.breaker.request] [request] Adjusted breaker by [16440] bytes, now [16440]
[2016-03-30 13:54:39,867][TRACE][org.elasticsearch.indices.breaker.request] [request] Adjusted breaker by [-16440] bytes, now [0]
[2016-03-30 13:54:39,867][TRACE][org.elasticsearch.indices.breaker.request] [request] Adjusted breaker by [-16440] bytes, now [0]
[2016-03-30 13:54:39,868][TRACE][org.elasticsearch.indices.breaker.request] [request] Adjusted breaker by [16440] bytes, now [16440]
[2016-03-30 13:54:39,869][TRACE][org.elasticsearch.indices.breaker.request] [request] Adjusted breaker by [-16440] bytes, now [0]
[2016-03-30 13:54:39,869][TRACE][org.elasticsearch.indices.breaker.request] [request] Adjusted breaker by [16440] bytes, now [16440]
[2016-03-30 13:54:39,869][TRACE][org.elasticsearch.indices.breaker.request] [request] Adjusted breaker by [-16440] bytes, now [0]
[2016-03-30 13:54:39,872][TRACE][org.elasticsearch.indices.breaker.request] [request] Adjusted breaker by [16440] bytes, now [16440]
[2016-03-30 13:54:39,873][TRACE][org.elasticsearch.indices.breaker.request] [request] Adjusted breaker by [-16440] bytes, now [0]
[2016-03-30 13:54:39,873][TRACE][org.elasticsearch.indices.breaker.request] [request] Adjusted breaker by [16440] bytes, now [16440]
[2016-03-30 13:54:39,873][TRACE][org.elasticsearch.indices.breaker.request] [request] Adjusted breaker by [-16440] bytes, now [0]
[2016-03-30 13:54:39,875][TRACE][org.elasticsearch.indices] [node_s0] [test][4] warming [MultiReader(FilterLeafReader(_0(5.4.0):c23) FilterLeafReader(_1(5.4.0):c8))]
[2016-03-30 13:54:39,875][TRACE][org.elasticsearch.indices] [node_s0] [test][4] top warming [ElasticsearchDirectoryReader(FilterLeafReader(_0(5.4.0):c23) FilterLeafReader(_1(5.4.0):c8))]
[2016-03-30 13:54:39,876][TRACE][org.elasticsearch.indices.breaker.request] [request] Adjusted breaker by [16440] bytes, now [16440]
[2016-03-30 13:54:39,876][TRACE][org.elasticsearch.indices.breaker.request] [request] Adjusted breaker by [-16440] bytes, now [0]
[2016-03-30 13:54:39,876][TRACE][org.elasticsearch.indices.breaker.request] [request] Adjusted breaker by [16440] bytes, now [16440]
[2016-03-30 13:54:39,877][TRACE][org.elasticsearch.indices.breaker.request] [request] Adjusted breaker by [-16440] bytes, now [0]
[2016-03-30 13:54:39,879][TRACE][org.elasticsearch.indices.breaker.request] [request] Adjusted breaker by [16440] bytes, now [16440]
[2016-03-30 13:54:39,879][TRACE][org.elasticsearch.indices.breaker.request] [request] Adjusted breaker by [-16440] bytes, now [0]
[2016-03-30 13:54:39,879][TRACE][org.elasticsearch.indices.breaker.request] [request] Adjusted breaker by [16440] bytes, now [16440]
[2016-03-30 13:54:39,879][TRACE][org.elasticsearch.indices.breaker.request] [request] Adjusted breaker by [-16440] bytes, now [0]
[2016-03-30 13:54:39,880][TRACE][org.elasticsearch.indices.breaker.request] [request] Adjusted breaker by [16440] bytes, now [16440]
[2016-03-30 13:54:39,880][TRACE][org.elasticsearch.indices.breaker.request] [request] Adjusted breaker by [-16440] bytes, now [0]
[2016-03-30 13:54:39,889][TRACE][org.elasticsearch.indices.flush] [node_s0] [test][4] pre sync flush done. commit id VK1nW4wmURky6W22z8hs3Q==
[2016-03-30 13:54:39,889][TRACE][org.elasticsearch.indices.flush] [node_s0] [test][4] retrieving in flight operation count
[2016-03-30 13:54:39,889][TRACE][org.elasticsearch.indices.flush] [node_s0] [test][4] in flight operations sampled at [0]
[2016-03-30 13:54:39,889][TRACE][org.elasticsearch.indices.flush] [node_s0] [test][4] sending synced flush request to [test][4], node[Q4P4gfwCSVmM5TnOfNl8Iw], [R], v[6], s[STARTED], a[id=AuDfOkGCTcmG3MQRqTSgFw]. sync id [AVPJToYRcuDhFsMJAmQS].
[2016-03-30 13:54:39,889][TRACE][org.elasticsearch.indices.flush] [node_s0] [test][4] sending synced flush request to [test][4], node[8X2Ed1xFSrylEKDMjLmvkQ], [P], v[6], s[STARTED], a[id=v1cLA_7eR2mdDJLxrtQ0XQ]. sync id [AVPJToYRcuDhFsMJAmQS].
[2016-03-30 13:54:39,889][TRACE][org.elasticsearch.indices.flush] [node_s0] [test][4] sending synced flush request to [test][4], node[c9PGTkUhQVSZ1aq6LXuXxw], [R], v[6], s[STARTED], a[id=Kvi5P2iFSFuTbWLJoQyQuQ]. sync id [AVPJToYRcuDhFsMJAmQS].
[2016-03-30 13:54:39,890][TRACE][org.elasticsearch.indices.flush] [node_s0] [test][5] performing pre sync flush
[2016-03-30 13:54:39,902][TRACE][org.elasticsearch.indices.breaker.request] [request] Adjusted breaker by [16440] bytes, now [16440]
[2016-03-30 13:54:39,902][TRACE][org.elasticsearch.indices.breaker.request] [request] Adjusted breaker by [-16440] bytes, now [0]
[2016-03-30 13:54:39,903][TRACE][org.elasticsearch.indices.breaker.request] [request] Adjusted breaker by [16440] bytes, now [16440]
[2016-03-30 13:54:39,904][TRACE][org.elasticsearch.indices.breaker.request] [request] Adjusted breaker by [-16440] bytes, now [0]
[2016-03-30 13:54:39,904][TRACE][org.elasticsearch.indices.breaker.request] [request] Adjusted breaker by [16440] bytes, now [16440]
[2016-03-30 13:54:39,904][TRACE][org.elasticsearch.indices.breaker.request] [request] Adjusted breaker by [-16440] bytes, now [0]
[2016-03-30 13:54:39,905][TRACE][org.elasticsearch.indices.breaker.request] [request] Adjusted breaker by [16440] bytes, now [16440]
[2016-03-30 13:54:39,906][TRACE][org.elasticsearch.indices.breaker.request] [request] Adjusted breaker by [-16440] bytes, now [0]
[2016-03-30 13:54:39,906][TRACE][org.elasticsearch.indices.breaker.request] [request] Adjusted breaker by [16440] bytes, now [16440]
[2016-03-30 13:54:39,906][TRACE][org.elasticsearch.indices.breaker.request] [request] Adjusted breaker by [-16440] bytes, now [0]
[2016-03-30 13:54:39,908][TRACE][org.elasticsearch.indices.breaker.request] [request] Adjusted breaker by [16440] bytes, now [16440]
[2016-03-30 13:54:39,908][TRACE][org.elasticsearch.indices.breaker.request] [request] Adjusted breaker by [-16440] bytes, now [0]
[2016-03-30 13:54:39,909][TRACE][org.elasticsearch.indices.breaker.request] [request] Adjusted breaker by [16440] bytes, now [16440]
[2016-03-30 13:54:39,909][TRACE][org.elasticsearch.indices.breaker.request] [request] Adjusted breaker by [-16440] bytes, now [0]
[2016-03-30 13:54:39,910][TRACE][org.elasticsearch.indices.breaker.request] [request] Adjusted breaker by [16440] bytes, now [16440]
[2016-03-30 13:54:39,910][TRACE][org.elasticsearch.indices.breaker.request] [request] Adjusted breaker by [16440] bytes, now [16440]
[2016-03-30 13:54:39,911][TRACE][org.elasticsearch.indices.breaker.request] [request] Adjusted breaker by [-16440] bytes, now [0]
[2016-03-30 13:54:39,911][TRACE][org.elasticsearch.indices.breaker.request] [request] Adjusted breaker by [-16440] bytes, now [0]
[2016-03-30 13:54:39,922][TRACE][org.elasticsearch.indices.breaker.request] [request] Adjusted breaker by [16440] bytes, now [16440]
[2016-03-30 13:54:39,922][TRACE][org.elasticsearch.indices.breaker.request] [request] Adjusted breaker by [-16440] bytes, now [0]
[2016-03-30 13:54:39,923][TRACE][org.elasticsearch.indices.breaker.request] [request] Adjusted breaker by [16440] bytes, now [16440]
[2016-03-30 13:54:39,923][TRACE][org.elasticsearch.indices.breaker.request] [request] Adjusted breaker by [-16440] bytes, now [0]
[2016-03-30 13:54:39,945][TRACE][org.elasticsearch.indices.breaker.request] [request] Adjusted breaker by [16440] bytes, now [16440]
[2016-03-30 13:54:39,946][TRACE][org.elasticsearch.indices.breaker.request] [request] Adjusted breaker by [-16440] bytes, now [0]
[2016-03-30 13:54:39,945][TRACE][org.elasticsearch.indices.breaker.request] [request] Adjusted breaker by [16440] bytes, now [16440]
[2016-03-30 13:54:39,946][TRACE][org.elasticsearch.indices.breaker.request] [request] Adjusted breaker by [-16440] bytes, now [0]
[2016-03-30 13:54:39,949][TRACE][org.elasticsearch.indices.breaker.request] [request] Adjusted breaker by [16440] bytes, now [16440]
[2016-03-30 13:54:39,949][TRACE][org.elasticsearch.indices.breaker.request] [request] Adjusted breaker by [-16440] bytes, now [0]
[2016-03-30 13:54:39,950][TRACE][org.elasticsearch.indices.breaker.request] [request] Adjusted breaker by [16440] bytes, now [16440]
[2016-03-30 13:54:39,950][TRACE][org.elasticsearch.indices.breaker.request] [request] Adjusted breaker by [-16440] bytes, now [0]
[2016-03-30 13:54:39,951][TRACE][org.elasticsearch.indices.breaker.request] [request] Adjusted breaker by [16440] bytes, now [16440]
[2016-03-30 13:54:39,951][TRACE][org.elasticsearch.indices.breaker.request] [request] Adjusted breaker by [-16440] bytes, now [0]
[2016-03-30 13:54:39,952][TRACE][org.elasticsearch.indices.breaker.request] [request] Adjusted breaker by [16440] bytes, now [16440]
[2016-03-30 13:54:39,952][TRACE][org.elasticsearch.indices.breaker.request] [request] Adjusted breaker by [-16440] bytes, now [0]
[2016-03-30 13:54:39,954][TRACE][org.elasticsearch.indices.breaker.request] [request] Adjusted breaker by [16440] bytes, now [16440]
[2016-03-30 13:54:39,954][TRACE][org.elasticsearch.indices.breaker.request] [request] Adjusted breaker by [16440] bytes, now [16440]
[2016-03-30 13:54:39,954][TRACE][org.elasticsearch.indices.breaker.request] [request] Adjusted breaker by [-16440] bytes, now [0]
[2016-03-30 13:54:39,954][TRACE][org.elasticsearch.indices.breaker.request] [request] Adjusted breaker by [-16440] bytes, now [0]
[2016-03-30 13:54:39,956][TRACE][org.elasticsearch.indices.breaker.request] [request] Adjusted breaker by [16440] bytes, now [16440]
[2016-03-30 13:54:39,956][TRACE][org.elasticsearch.indices.breaker.request] [request] Adjusted breaker by [-16440] bytes, now [0]
[2016-03-30 13:54:39,957][TRACE][org.elasticsearch.indices.breaker.request] [request] Adjusted breaker by [16440] bytes, now [16440]
[2016-03-30 13:54:39,957][TRACE][org.elasticsearch.indices.breaker.request] [request] Adjusted breaker by [-16440] bytes, now [0]
[2016-03-30 13:54:39,968][TRACE][org.elasticsearch.indices.breaker.request] [request] Adjusted breaker by [16440] bytes, now [16440]
[2016-03-30 13:54:39,968][TRACE][org.elasticsearch.indices.breaker.request] [request] Adjusted breaker by [16440] bytes, now [16440]
[2016-03-30 13:54:39,968][TRACE][org.elasticsearch.indices.breaker.request] [request] Adjusted breaker by [-16440] bytes, now [0]
[2016-03-30 13:54:39,968][TRACE][org.elasticsearch.indices.breaker.request] [request] Adjusted breaker by [-16440] bytes, now [0]
[2016-03-30 13:54:40,001][TRACE][org.elasticsearch.indices.breaker.request] [request] Adjusted breaker by [16440] bytes, now [16440]
[2016-03-30 13:54:40,001][TRACE][org.elasticsearch.indices.breaker.request] [request] Adjusted breaker by [-16440] bytes, now [0]
[2016-03-30 13:54:40,002][TRACE][org.elasticsearch.indices.breaker.request] [request] Adjusted breaker by [16440] bytes, now [16440]
[2016-03-30 13:54:40,002][TRACE][org.elasticsearch.indices.breaker.request] [request] Adjusted breaker by [-16440] bytes, now [0]
[2016-03-30 13:54:40,003][TRACE][org.elasticsearch.indices.breaker.request] [request] Adjusted breaker by [16440] bytes, now [16440]
[2016-03-30 13:54:40,003][TRACE][org.elasticsearch.indices.breaker.request] [request] Adjusted breaker by [-16440] bytes, now [0]
[2016-03-30 13:54:40,004][TRACE][org.elasticsearch.indices.breaker.request] [request] Adjusted breaker by [16440] bytes, now [16440]
[2016-03-30 13:54:40,004][TRACE][org.elasticsearch.indices.breaker.request] [request] Adjusted breaker by [-16440] bytes, now [0]
[2016-03-30 13:54:40,005][TRACE][org.elasticsearch.indices.breaker.request] [request] Adjusted breaker by [16440] bytes, now [16440]
[2016-03-30 13:54:40,005][TRACE][org.elasticsearch.indices.breaker.request] [request] Adjusted breaker by [-16440] bytes, now [0]
[2016-03-30 13:54:40,006][TRACE][org.elasticsearch.indices.breaker.request] [request] Adjusted breaker by [16440] bytes, now [16440]
[2016-03-30 13:54:40,006][TRACE][org.elasticsearch.indices.breaker.request] [request] Adjusted breaker by [-16440] bytes, now [0]
[2016-03-30 13:54:40,008][TRACE][org.elasticsearch.indices.breaker.request] [request] Adjusted breaker by [16440] bytes, now [16440]
[2016-03-30 13:54:40,008][TRACE][org.elasticsearch.indices.breaker.request] [request] Adjusted breaker by [-16440] bytes, now [0]
[2016-03-30 13:54:40,009][TRACE][org.elasticsearch.indices.breaker.request] [request] Adjusted breaker by [16440] bytes, now [16440]
[2016-03-30 13:54:40,009][TRACE][org.elasticsearch.indices.breaker.request] [request] Adjusted breaker by [-16440] bytes, now [0]
[2016-03-30 13:54:40,011][TRACE][org.elasticsearch.indices.breaker.request] [request] Adjusted breaker by [16440] bytes, now [16440]
[2016-03-30 13:54:40,011][TRACE][org.elasticsearch.indices.breaker.request] [request] Adjusted breaker by [16440] bytes, now [16440]
[2016-03-30 13:54:40,011][TRACE][org.elasticsearch.indices.breaker.request] [request] Adjusted breaker by [-16440] bytes, now [0]
[2016-03-30 13:54:40,011][TRACE][org.elasticsearch.indices.breaker.request] [request] Adjusted breaker by [-16440] bytes, now [0]
[2016-03-30 13:54:40,012][TRACE][org.elasticsearch.indices.breaker.request] [request] Adjusted breaker by [16440] bytes, now [16440]
[2016-03-30 13:54:40,013][TRACE][org.elasticsearch.indices.breaker.request] [request] Adjusted breaker by [-16440] bytes, now [0]
[2016-03-30 13:54:40,013][TRACE][org.elasticsearch.indices.breaker.request] [request] Adjusted breaker by [16440] bytes, now [16440]
[2016-03-30 13:54:40,013][TRACE][org.elasticsearch.indices.breaker.request] [request] Adjusted breaker by [-16440] bytes, now [0]
[2016-03-30 13:54:40,023][TRACE][org.elasticsearch.indices.breaker.request] [request] Adjusted breaker by [16440] bytes, now [16440]
[2016-03-30 13:54:40,023][TRACE][org.elasticsearch.indices.breaker.request] [request] Adjusted breaker by [-16440] bytes, now [0]
[2016-03-30 13:54:40,024][TRACE][org.elasticsearch.indices.breaker.request] [request] Adjusted breaker by [16440] bytes, now [16440]
[2016-03-30 13:54:40,024][TRACE][org.elasticsearch.indices.breaker.request] [request] Adjusted breaker by [-16440] bytes, now [0]
[2016-03-30 13:54:40,026][TRACE][org.elasticsearch.indices.breaker.request] [request] Adjusted breaker by [16440] bytes, now [16440]
[2016-03-30 13:54:40,026][TRACE][org.elasticsearch.indices.breaker.request] [request] Adjusted breaker by [-16440] bytes, now [0]
[2016-03-30 13:54:40,027][TRACE][org.elasticsearch.indices.breaker.request] [request] Adjusted breaker by [16440] bytes, now [16440]
[2016-03-30 13:54:40,027][TRACE][org.elasticsearch.indices.breaker.request] [request] Adjusted breaker by [-16440] bytes, now [0]
[2016-03-30 13:54:40,028][TRACE][org.elasticsearch.indices] [node_s3] [test][5] warming [MultiReader(FilterLeafReader(_0(5.4.0):c29) FilterLeafReader(_1(5.4.0):c7))]
[2016-03-30 13:54:40,028][TRACE][org.elasticsearch.indices] [node_s3] [test][5] top warming [ElasticsearchDirectoryReader(FilterLeafReader(_0(5.4.0):c29) FilterLeafReader(_1(5.4.0):c7))]
[2016-03-30 13:54:40,034][TRACE][org.elasticsearch.indices.breaker.request] [request] Adjusted breaker by [16440] bytes, now [16440]
[2016-03-30 13:54:40,034][TRACE][org.elasticsearch.indices.breaker.request] [request] Adjusted breaker by [-16440] bytes, now [0]
[2016-03-30 13:54:40,035][TRACE][org.elasticsearch.indices.breaker.request] [request] Adjusted breaker by [16440] bytes, now [16440]
[2016-03-30 13:54:40,035][TRACE][org.elasticsearch.indices.breaker.request] [request] Adjusted breaker by [-16440] bytes, now [0]
[2016-03-30 13:54:40,038][TRACE][org.elasticsearch.indices.breaker.request] [request] Adjusted breaker by [16440] bytes, now [16440]
[2016-03-30 13:54:40,038][TRACE][org.elasticsearch.indices.breaker.request] [request] Adjusted breaker by [16440] bytes, now [16440]
[2016-03-30 13:54:40,038][TRACE][org.elasticsearch.indices.breaker.request] [request] Adjusted breaker by [-16440] bytes, now [0]
[2016-03-30 13:54:40,038][TRACE][org.elasticsearch.indices.breaker.request] [request] Adjusted breaker by [-16440] bytes, now [0]
[2016-03-30 13:54:40,040][TRACE][org.elasticsearch.indices.breaker.request] [request] Adjusted breaker by [16440] bytes, now [16440]
[2016-03-30 13:54:40,040][TRACE][org.elasticsearch.indices.breaker.request] [request] Adjusted breaker by [16440] bytes, now [16440]
[2016-03-30 13:54:40,040][TRACE][org.elasticsearch.indices.breaker.request] [request] Adjusted breaker by [-16440] bytes, now [0]
[2016-03-30 13:54:40,040][TRACE][org.elasticsearch.indices.breaker.request] [request] Adjusted breaker by [-16440] bytes, now [0]
[2016-03-30 13:54:40,050][TRACE][org.elasticsearch.indices.breaker.request] [request] Adjusted breaker by [16440] bytes, now [16440]
[2016-03-30 13:54:40,050][TRACE][org.elasticsearch.indices.breaker.request] [request] Adjusted breaker by [-16440] bytes, now [0]
[2016-03-30 13:54:40,051][TRACE][org.elasticsearch.indices.breaker.request] [request] Adjusted breaker by [16440] bytes, now [16440]
[2016-03-30 13:54:40,051][TRACE][org.elasticsearch.indices.breaker.request] [request] Adjusted breaker by [-16440] bytes, now [0]
[2016-03-30 13:54:40,068][TRACE][org.elasticsearch.indices.flush] [node_s3] [test][5] pre sync flush done. commit id VK1nW4wmURky6W22z8hs3g==
[2016-03-30 13:54:40,068][TRACE][org.elasticsearch.indices.flush] [node_s3] [test][6] performing pre sync flush
[2016-03-30 13:54:40,070][TRACE][org.elasticsearch.indices.breaker.request] [request] Adjusted breaker by [16440] bytes, now [16440]
[2016-03-30 13:54:40,071][TRACE][org.elasticsearch.indices.breaker.request] [request] Adjusted breaker by [-16440] bytes, now [0]
[2016-03-30 13:54:40,071][TRACE][org.elasticsearch.indices.breaker.request] [request] Adjusted breaker by [16440] bytes, now [16440]
[2016-03-30 13:54:40,072][TRACE][org.elasticsearch.indices.breaker.request] [request] Adjusted breaker by [-16440] bytes, now [0]
[2016-03-30 13:54:40,092][TRACE][org.elasticsearch.indices.breaker.request] [request] Adjusted breaker by [16440] bytes, now [16440]
[2016-03-30 13:54:40,092][TRACE][org.elasticsearch.indices.breaker.request] [request] Adjusted breaker by [-16440] bytes, now [0]
[2016-03-30 13:54:40,092][TRACE][org.elasticsearch.indices.breaker.request] [request] Adjusted breaker by [16440] bytes, now [16440]
[2016-03-30 13:54:40,092][TRACE][org.elasticsearch.indices.breaker.request] [request] Adjusted breaker by [-16440] bytes, now [0]
[2016-03-30 13:54:40,094][TRACE][org.elasticsearch.indices.breaker.request] [request] Adjusted breaker by [16440] bytes, now [16440]
[2016-03-30 13:54:40,094][TRACE][org.elasticsearch.indices.breaker.request] [request] Adjusted breaker by [-16440] bytes, now [0]
[2016-03-30 13:54:40,095][TRACE][org.elasticsearch.indices.breaker.request] [request] Adjusted breaker by [16440] bytes, now [16440]
[2016-03-30 13:54:40,095][TRACE][org.elasticsearch.indices.breaker.request] [request] Adjusted breaker by [-16440] bytes, now [0]
[2016-03-30 13:54:40,096][TRACE][org.elasticsearch.indices.breaker.request] [request] Adjusted breaker by [16440] bytes, now [16440]
[2016-03-30 13:54:40,096][TRACE][org.elasticsearch.indices.breaker.request] [request] Adjusted breaker by [-16440] bytes, now [0]
[2016-03-30 13:54:40,097][TRACE][org.elasticsearch.indices.breaker.request] [request] Adjusted breaker by [16440] bytes, now [16440]
[2016-03-30 13:54:40,097][TRACE][org.elasticsearch.indices.breaker.request] [request] Adjusted breaker by [-16440] bytes, now [0]
[2016-03-30 13:54:40,099][TRACE][org.elasticsearch.indices.breaker.request] [request] Adjusted breaker by [16440] bytes, now [16440]
[2016-03-30 13:54:40,099][TRACE][org.elasticsearch.indices.breaker.request] [request] Adjusted breaker by [16440] bytes, now [16440]
[2016-03-30 13:54:40,099][TRACE][org.elasticsearch.indices.breaker.request] [request] Adjusted breaker by [-16440] bytes, now [0]
[2016-03-30 13:54:40,099][TRACE][org.elasticsearch.indices.breaker.request] [request] Adjusted breaker by [-16440] bytes, now [0]
[2016-03-30 13:54:40,101][TRACE][org.elasticsearch.indices.breaker.request] [request] Adjusted breaker by [16440] bytes, now [16440]
[2016-03-30 13:54:40,102][TRACE][org.elasticsearch.indices.breaker.request] [request] Adjusted breaker by [-16440] bytes, now [0]
[2016-03-30 13:54:40,101][TRACE][org.elasticsearch.indices.breaker.request] [request] Adjusted breaker by [16440] bytes, now [16440]
[2016-03-30 13:54:40,102][TRACE][org.elasticsearch.indices.breaker.request] [request] Adjusted breaker by [-16440] bytes, now [0]
[2016-03-30 13:54:40,122][TRACE][org.elasticsearch.indices.breaker.request] [request] Adjusted breaker by [16440] bytes, now [16440]
[2016-03-30 13:54:40,122][TRACE][org.elasticsearch.indices.breaker.request] [request] Adjusted breaker by [-16440] bytes, now [0]
[2016-03-30 13:54:40,123][TRACE][org.elasticsearch.indices.breaker.request] [request] Adjusted breaker by [16440] bytes, now [16440]
[2016-03-30 13:54:40,123][TRACE][org.elasticsearch.indices.breaker.request] [request] Adjusted breaker by [-16440] bytes, now [0]
[2016-03-30 13:54:40,124][TRACE][org.elasticsearch.indices.breaker.request] [request] Adjusted breaker by [16440] bytes, now [16440]
[2016-03-30 13:54:40,125][TRACE][org.elasticsearch.indices.breaker.request] [request] Adjusted breaker by [-16440] bytes, now [0]
[2016-03-30 13:54:40,125][TRACE][org.elasticsearch.indices.breaker.request] [request] Adjusted breaker by [16440] bytes, now [16440]
[2016-03-30 13:54:40,126][TRACE][org.elasticsearch.indices.breaker.request] [request] Adjusted breaker by [-16440] bytes, now [0]
[2016-03-30 13:54:40,127][TRACE][org.elasticsearch.indices.breaker.request] [request] Adjusted breaker by [16440] bytes, now [16440]
[2016-03-30 13:54:40,127][TRACE][org.elasticsearch.indices.breaker.request] [request] Adjusted breaker by [-16440] bytes, now [0]
[2016-03-30 13:54:40,129][TRACE][org.elasticsearch.indices.breaker.request] [request] Adjusted breaker by [16440] bytes, now [16440]
[2016-03-30 13:54:40,129][TRACE][org.elasticsearch.indices.breaker.request] [request] Adjusted breaker by [-16440] bytes, now [0]
[2016-03-30 13:54:40,146][TRACE][org.elasticsearch.indices.breaker.request] [request] Adjusted breaker by [16440] bytes, now [16440]
[2016-03-30 13:54:40,146][TRACE][org.elasticsearch.indices.breaker.request] [request] Adjusted breaker by [16440] bytes, now [16440]
[2016-03-30 13:54:40,146][TRACE][org.elasticsearch.indices.breaker.request] [request] Adjusted breaker by [-16440] bytes, now [0]
[2016-03-30 13:54:40,146][TRACE][org.elasticsearch.indices.breaker.request] [request] Adjusted breaker by [-16440] bytes, now [0]
[2016-03-30 13:54:40,158][TRACE][org.elasticsearch.indices.breaker.request] [request] Adjusted breaker by [16440] bytes, now [16440]
[2016-03-30 13:54:40,158][TRACE][org.elasticsearch.indices.breaker.request] [request] Adjusted breaker by [-16440] bytes, now [0]
[2016-03-30 13:54:40,158][TRACE][org.elasticsearch.indices.breaker.request] [request] Adjusted breaker by [16440] bytes, now [16440]
[2016-03-30 13:54:40,159][TRACE][org.elasticsearch.indices.breaker.request] [request] Adjusted breaker by [-16440] bytes, now [0]
[2016-03-30 13:54:40,161][TRACE][org.elasticsearch.indices.breaker.request] [request] Adjusted breaker by [16440] bytes, now [16440]
[2016-03-30 13:54:40,161][TRACE][org.elasticsearch.indices.breaker.request] [request] Adjusted breaker by [-16440] bytes, now [0]
[2016-03-30 13:54:40,161][TRACE][org.elasticsearch.indices.breaker.request] [request] Adjusted breaker by [16440] bytes, now [16440]
[2016-03-30 13:54:40,161][TRACE][org.elasticsearch.indices.breaker.request] [request] Adjusted breaker by [-16440] bytes, now [0]
[2016-03-30 13:54:40,163][TRACE][org.elasticsearch.indices.breaker.request] [request] Adjusted breaker by [16440] bytes, now [16440]
[2016-03-30 13:54:40,163][TRACE][org.elasticsearch.indices.breaker.request] [request] Adjusted breaker by [-16440] bytes, now [0]
[2016-03-30 13:54:40,164][TRACE][org.elasticsearch.indices.breaker.request] [request] Adjusted breaker by [16440] bytes, now [16440]
[2016-03-30 13:54:40,164][TRACE][org.elasticsearch.indices.breaker.request] [request] Adjusted breaker by [-16440] bytes, now [0]
[2016-03-30 13:54:40,165][TRACE][org.elasticsearch.indices.breaker.request] [request] Adjusted breaker by [16440] bytes, now [16440]
[2016-03-30 13:54:40,165][TRACE][org.elasticsearch.indices.breaker.request] [request] Adjusted breaker by [-16440] bytes, now [0]
[2016-03-30 13:54:40,167][TRACE][org.elasticsearch.indices.breaker.request] [request] Adjusted breaker by [16440] bytes, now [16440]
[2016-03-30 13:54:40,167][TRACE][org.elasticsearch.indices.breaker.request] [request] Adjusted breaker by [-16440] bytes, now [0]
[2016-03-30 13:54:40,169][TRACE][org.elasticsearch.indices.breaker.request] [request] Adjusted breaker by [16440] bytes, now [16440]
[2016-03-30 13:54:40,169][TRACE][org.elasticsearch.indices.breaker.request] [request] Adjusted breaker by [-16440] bytes, now [0]
[2016-03-30 13:54:40,169][TRACE][org.elasticsearch.indices.breaker.request] [request] Adjusted breaker by [16440] bytes, now [16440]
[2016-03-30 13:54:40,170][TRACE][org.elasticsearch.indices.breaker.request] [request] Adjusted breaker by [-16440] bytes, now [0]
[2016-03-30 13:54:40,171][TRACE][org.elasticsearch.indices.breaker.request] [request] Adjusted breaker by [16440] bytes, now [16440]
[2016-03-30 13:54:40,171][TRACE][org.elasticsearch.indices.breaker.request] [request] Adjusted breaker by [-16440] bytes, now [0]
[2016-03-30 13:54:40,172][TRACE][org.elasticsearch.indices.breaker.request] [request] Adjusted breaker by [16440] bytes, now [16440]
[2016-03-30 13:54:40,172][TRACE][org.elasticsearch.indices.breaker.request] [request] Adjusted breaker by [-16440] bytes, now [0]
[2016-03-30 13:54:40,173][TRACE][org.elasticsearch.indices.breaker.request] [request] Adjusted breaker by [16440] bytes, now [16440]
[2016-03-30 13:54:40,173][TRACE][org.elasticsearch.indices.breaker.request] [request] Adjusted breaker by [-16440] bytes, now [0]
[2016-03-30 13:54:40,174][TRACE][org.elasticsearch.indices.breaker.request] [request] Adjusted breaker by [16440] bytes, now [16440]
[2016-03-30 13:54:40,174][TRACE][org.elasticsearch.indices.breaker.request] [request] Adjusted breaker by [-16440] bytes, now [0]
[2016-03-30 13:54:40,175][TRACE][org.elasticsearch.indices.breaker.request] [request] Adjusted breaker by [16440] bytes, now [16440]
[2016-03-30 13:54:40,176][TRACE][org.elasticsearch.indices.breaker.request] [request] Adjusted breaker by [-16440] bytes, now [0]
[2016-03-30 13:54:40,176][TRACE][org.elasticsearch.indices.breaker.request] [request] Adjusted breaker by [16440] bytes, now [16440]
[2016-03-30 13:54:40,177][TRACE][org.elasticsearch.indices.breaker.request] [request] Adjusted breaker by [-16440] bytes, now [0]
[2016-03-30 13:54:40,178][TRACE][org.elasticsearch.indices.breaker.request] [request] Adjusted breaker by [16440] bytes, now [16440]
[2016-03-30 13:54:40,178][TRACE][org.elasticsearch.indices.breaker.request] [request] Adjusted breaker by [-16440] bytes, now [0]
[2016-03-30 13:54:40,179][TRACE][org.elasticsearch.indices.breaker.request] [request] Adjusted breaker by [16440] bytes, now [16440]
[2016-03-30 13:54:40,180][TRACE][org.elasticsearch.indices.breaker.request] [request] Adjusted breaker by [-16440] bytes, now [0]
[2016-03-30 13:54:40,181][TRACE][org.elasticsearch.indices.breaker.request] [request] Adjusted breaker by [16440] bytes, now [16440]
[2016-03-30 13:54:40,181][TRACE][org.elasticsearch.indices.breaker.request] [request] Adjusted breaker by [-16440] bytes, now [0]
[2016-03-30 13:54:40,182][TRACE][org.elasticsearch.indices.breaker.request] [request] Adjusted breaker by [16440] bytes, now [16440]
[2016-03-30 13:54:40,182][TRACE][org.elasticsearch.indices.breaker.request] [request] Adjusted breaker by [-16440] bytes, now [0]
[2016-03-30 13:54:40,185][TRACE][org.elasticsearch.indices.breaker.request] [request] Adjusted breaker by [16440] bytes, now [16440]
[2016-03-30 13:54:40,185][TRACE][org.elasticsearch.indices.breaker.request] [request] Adjusted breaker by [16440] bytes, now [16440]
[2016-03-30 13:54:40,185][TRACE][org.elasticsearch.indices.breaker.request] [request] Adjusted breaker by [-16440] bytes, now [0]
[2016-03-30 13:54:40,185][TRACE][org.elasticsearch.indices.breaker.request] [request] Adjusted breaker by [-16440] bytes, now [0]
[2016-03-30 13:54:40,190][TRACE][org.elasticsearch.indices.breaker.request] [request] Adjusted breaker by [16440] bytes, now [16440]
[2016-03-30 13:54:40,190][TRACE][org.elasticsearch.indices.breaker.request] [request] Adjusted breaker by [16440] bytes, now [16440]
[2016-03-30 13:54:40,190][TRACE][org.elasticsearch.indices.breaker.request] [request] Adjusted breaker by [-16440] bytes, now [0]
[2016-03-30 13:54:40,191][TRACE][org.elasticsearch.indices.breaker.request] [request] Adjusted breaker by [-16440] bytes, now [0]
[2016-03-30 13:54:40,193][TRACE][org.elasticsearch.indices.breaker.request] [request] Adjusted breaker by [16440] bytes, now [16440]
[2016-03-30 13:54:40,193][TRACE][org.elasticsearch.indices.breaker.request] [request] Adjusted breaker by [16440] bytes, now [16440]
[2016-03-30 13:54:40,193][TRACE][org.elasticsearch.indices.breaker.request] [request] Adjusted breaker by [-16440] bytes, now [0]
[2016-03-30 13:54:40,193][TRACE][org.elasticsearch.indices.breaker.request] [request] Adjusted breaker by [-16440] bytes, now [0]
[2016-03-30 13:54:40,194][TRACE][org.elasticsearch.indices.breaker.request] [request] Adjusted breaker by [16440] bytes, now [16440]
[2016-03-30 13:54:40,194][TRACE][org.elasticsearch.indices.breaker.request] [request] Adjusted breaker by [-16440] bytes, now [0]
[2016-03-30 13:54:40,195][TRACE][org.elasticsearch.indices.breaker.request] [request] Adjusted breaker by [16440] bytes, now [16440]
[2016-03-30 13:54:40,195][TRACE][org.elasticsearch.indices.breaker.request] [request] Adjusted breaker by [-16440] bytes, now [0]
[2016-03-30 13:54:40,197][TRACE][org.elasticsearch.indices.breaker.request] [request] Adjusted breaker by [16440] bytes, now [16440]
[2016-03-30 13:54:40,197][TRACE][org.elasticsearch.indices.breaker.request] [request] Adjusted breaker by [-16440] bytes, now [0]
[2016-03-30 13:54:40,197][TRACE][org.elasticsearch.indices.breaker.request] [request] Adjusted breaker by [16440] bytes, now [16440]
[2016-03-30 13:54:40,198][TRACE][org.elasticsearch.indices.breaker.request] [request] Adjusted breaker by [-16440] bytes, now [0]
[2016-03-30 13:54:40,200][TRACE][org.elasticsearch.indices.breaker.request] [request] Adjusted breaker by [16440] bytes, now [16440]
[2016-03-30 13:54:40,200][TRACE][org.elasticsearch.indices.breaker.request] [request] Adjusted breaker by [16440] bytes, now [16440]
[2016-03-30 13:54:40,200][TRACE][org.elasticsearch.indices.breaker.request] [request] Adjusted breaker by [-16440] bytes, now [0]
[2016-03-30 13:54:40,200][TRACE][org.elasticsearch.indices.breaker.request] [request] Adjusted breaker by [-16440] bytes, now [0]
[2016-03-30 13:54:40,201][TRACE][org.elasticsearch.indices.breaker.request] [request] Adjusted breaker by [16440] bytes, now [16440]
[2016-03-30 13:54:40,201][TRACE][org.elasticsearch.indices.breaker.request] [request] Adjusted breaker by [-16440] bytes, now [0]
[2016-03-30 13:54:40,202][TRACE][org.elasticsearch.indices.breaker.request] [request] Adjusted breaker by [16440] bytes, now [16440]
[2016-03-30 13:54:40,202][TRACE][org.elasticsearch.indices.breaker.request] [request] Adjusted breaker by [-16440] bytes, now [0]
[2016-03-30 13:54:40,203][TRACE][org.elasticsearch.indices.breaker.request] [request] Adjusted breaker by [16440] bytes, now [16440]
[2016-03-30 13:54:40,203][TRACE][org.elasticsearch.indices.breaker.request] [request] Adjusted breaker by [-16440] bytes, now [0]
[2016-03-30 13:54:40,204][TRACE][org.elasticsearch.indices.breaker.request] [request] Adjusted breaker by [16440] bytes, now [16440]
[2016-03-30 13:54:40,204][TRACE][org.elasticsearch.indices.breaker.request] [request] Adjusted breaker by [-16440] bytes, now [0]
[2016-03-30 13:54:40,206][TRACE][org.elasticsearch.indices.breaker.request] [request] Adjusted breaker by [16440] bytes, now [16440]
[2016-03-30 13:54:40,206][TRACE][org.elasticsearch.indices.breaker.request] [request] Adjusted breaker by [-16440] bytes, now [0]
[2016-03-30 13:54:40,209][TRACE][org.elasticsearch.indices.breaker.request] [request] Adjusted breaker by [16440] bytes, now [16440]
[2016-03-30 13:54:40,209][TRACE][org.elasticsearch.indices.breaker.request] [request] Adjusted breaker by [-16440] bytes, now [0]
[2016-03-30 13:54:40,210][TRACE][org.elasticsearch.indices.breaker.request] [request] Adjusted breaker by [16440] bytes, now [16440]
[2016-03-30 13:54:40,210][TRACE][org.elasticsearch.indices.breaker.request] [request] Adjusted breaker by [-16440] bytes, now [0]
[2016-03-30 13:54:40,211][TRACE][org.elasticsearch.indices.breaker.request] [request] Adjusted breaker by [16440] bytes, now [16440]
[2016-03-30 13:54:40,211][TRACE][org.elasticsearch.indices.breaker.request] [request] Adjusted breaker by [-16440] bytes, now [0]
[2016-03-30 13:54:40,212][TRACE][org.elasticsearch.indices.breaker.request] [request] Adjusted breaker by [16440] bytes, now [16440]
[2016-03-30 13:54:40,212][TRACE][org.elasticsearch.indices.breaker.request] [request] Adjusted breaker by [-16440] bytes, now [0]
[2016-03-30 13:54:40,213][TRACE][org.elasticsearch.indices.breaker.request] [request] Adjusted breaker by [16440] bytes, now [16440]
[2016-03-30 13:54:40,213][TRACE][org.elasticsearch.indices.breaker.request] [request] Adjusted breaker by [-16440] bytes, now [0]
[2016-03-30 13:54:40,215][TRACE][org.elasticsearch.indices.breaker.request] [request] Adjusted breaker by [16440] bytes, now [16440]
[2016-03-30 13:54:40,215][TRACE][org.elasticsearch.indices.breaker.request] [request] Adjusted breaker by [16440] bytes, now [16440]
[2016-03-30 13:54:40,215][TRACE][org.elasticsearch.indices.breaker.request] [request] Adjusted breaker by [-16440] bytes, now [0]
[2016-03-30 13:54:40,215][TRACE][org.elasticsearch.indices.breaker.request] [request] Adjusted breaker by [-16440] bytes, now [0]
[2016-03-30 13:54:40,216][TRACE][org.elasticsearch.indices.breaker.request] [request] Adjusted breaker by [16440] bytes, now [16440]
[2016-03-30 13:54:40,217][TRACE][org.elasticsearch.indices.breaker.request] [request] Adjusted breaker by [-16440] bytes, now [0]
[2016-03-30 13:54:40,217][TRACE][org.elasticsearch.indices.breaker.request] [request] Adjusted breaker by [16440] bytes, now [16440]
[2016-03-30 13:54:40,217][TRACE][org.elasticsearch.indices.breaker.request] [request] Adjusted breaker by [-16440] bytes, now [0]
[2016-03-30 13:54:40,224][TRACE][org.elasticsearch.indices.breaker.request] [request] Adjusted breaker by [16440] bytes, now [16440]
[2016-03-30 13:54:40,224][TRACE][org.elasticsearch.indices.breaker.request] [request] Adjusted breaker by [-16440] bytes, now [0]
[2016-03-30 13:54:40,225][TRACE][org.elasticsearch.indices.breaker.request] [request] Adjusted breaker by [16440] bytes, now [16440]
[2016-03-30 13:54:40,225][TRACE][org.elasticsearch.indices.breaker.request] [request] Adjusted breaker by [-16440] bytes, now [0]
[2016-03-30 13:54:40,227][TRACE][org.elasticsearch.indices.breaker.request] [request] Adjusted breaker by [16440] bytes, now [16440]
[2016-03-30 13:54:40,227][TRACE][org.elasticsearch.indices.breaker.request] [request] Adjusted breaker by [-16440] bytes, now [0]
[2016-03-30 13:54:40,229][TRACE][org.elasticsearch.indices.breaker.request] [request] Adjusted breaker by [16440] bytes, now [16440]
[2016-03-30 13:54:40,229][TRACE][org.elasticsearch.indices.breaker.request] [request] Adjusted breaker by [-16440] bytes, now [0]
[2016-03-30 13:54:40,237][TRACE][org.elasticsearch.indices.breaker.request] [request] Adjusted breaker by [16440] bytes, now [16440]
[2016-03-30 13:54:40,237][TRACE][org.elasticsearch.indices.breaker.request] [request] Adjusted breaker by [-16440] bytes, now [0]
[2016-03-30 13:54:40,238][TRACE][org.elasticsearch.indices.breaker.request] [request] Adjusted breaker by [16440] bytes, now [16440]
[2016-03-30 13:54:40,238][TRACE][org.elasticsearch.indices.breaker.request] [request] Adjusted breaker by [-16440] bytes, now [0]
[2016-03-30 13:54:40,240][TRACE][org.elasticsearch.indices.breaker.request] [request] Adjusted breaker by [16440] bytes, now [16440]
[2016-03-30 13:54:40,240][TRACE][org.elasticsearch.indices.breaker.request] [request] Adjusted breaker by [-16440] bytes, now [0]
[2016-03-30 13:54:40,240][TRACE][org.elasticsearch.indices.breaker.request] [request] Adjusted breaker by [16440] bytes, now [16440]
[2016-03-30 13:54:40,241][TRACE][org.elasticsearch.indices.breaker.request] [request] Adjusted breaker by [-16440] bytes, now [0]
[2016-03-30 13:54:40,241][TRACE][org.elasticsearch.indices.breaker.request] [request] Adjusted breaker by [16440] bytes, now [16440]
[2016-03-30 13:54:40,242][TRACE][org.elasticsearch.indices.breaker.request] [request] Adjusted breaker by [-16440] bytes, now [0]
[2016-03-30 13:54:40,242][TRACE][org.elasticsearch.indices.breaker.request] [request] Adjusted breaker by [16440] bytes, now [16440]
[2016-03-30 13:54:40,242][TRACE][org.elasticsearch.indices.breaker.request] [request] Adjusted breaker by [-16440] bytes, now [0]
[2016-03-30 13:54:40,243][TRACE][org.elasticsearch.indices.breaker.request] [request] Adjusted breaker by [16440] bytes, now [16440]
[2016-03-30 13:54:40,244][TRACE][org.elasticsearch.indices.breaker.request] [request] Adjusted breaker by [-16440] bytes, now [0]
[2016-03-30 13:54:40,244][TRACE][org.elasticsearch.indices.breaker.request] [request] Adjusted breaker by [16440] bytes, now [16440]
[2016-03-30 13:54:40,244][TRACE][org.elasticsearch.indices.breaker.request] [request] Adjusted breaker by [-16440] bytes, now [0]
[2016-03-30 13:54:40,245][TRACE][org.elasticsearch.indices.breaker.request] [request] Adjusted breaker by [16440] bytes, now [16440]
[2016-03-30 13:54:40,246][TRACE][org.elasticsearch.indices.breaker.request] [request] Adjusted breaker by [-16440] bytes, now [0]
[2016-03-30 13:54:40,246][TRACE][org.elasticsearch.indices.breaker.request] [request] Adjusted breaker by [16440] bytes, now [16440]
[2016-03-30 13:54:40,246][TRACE][org.elasticsearch.indices.breaker.request] [request] Adjusted breaker by [-16440] bytes, now [0]
[2016-03-30 13:54:40,248][TRACE][org.elasticsearch.indices.breaker.request] [request] Adjusted breaker by [16440] bytes, now [16440]
[2016-03-30 13:54:40,248][TRACE][org.elasticsearch.indices.breaker.request] [request] Adjusted breaker by [16440] bytes, now [16440]
[2016-03-30 13:54:40,248][TRACE][org.elasticsearch.indices.breaker.request] [request] Adjusted breaker by [-16440] bytes, now [0]
[2016-03-30 13:54:40,248][TRACE][org.elasticsearch.indices.breaker.request] [request] Adjusted breaker by [-16440] bytes, now [0]
[2016-03-30 13:54:40,250][TRACE][org.elasticsearch.indices.breaker.request] [request] Adjusted breaker by [16440] bytes, now [16440]
[2016-03-30 13:54:40,250][TRACE][org.elasticsearch.indices.breaker.request] [request] Adjusted breaker by [-16440] bytes, now [0]
[2016-03-30 13:54:40,253][TRACE][org.elasticsearch.indices.breaker.request] [request] Adjusted breaker by [16440] bytes, now [16440]
[2016-03-30 13:54:40,254][TRACE][org.elasticsearch.indices.breaker.request] [request] Adjusted breaker by [-16440] bytes, now [0]
[2016-03-30 13:54:40,260][TRACE][org.elasticsearch.indices.breaker.request] [request] Adjusted breaker by [16440] bytes, now [16440]
[2016-03-30 13:54:40,261][TRACE][org.elasticsearch.indices.breaker.request] [request] Adjusted breaker by [-16440] bytes, now [0]
[2016-03-30 13:54:40,261][TRACE][org.elasticsearch.indices.breaker.request] [request] Adjusted breaker by [16440] bytes, now [16440]
[2016-03-30 13:54:40,261][TRACE][org.elasticsearch.indices.breaker.request] [request] Adjusted breaker by [-16440] bytes, now [0]
[2016-03-30 13:54:40,271][TRACE][org.elasticsearch.indices.breaker.request] [request] Adjusted breaker by [16440] bytes, now [16440]
[2016-03-30 13:54:40,271][TRACE][org.elasticsearch.indices.breaker.request] [request] Adjusted breaker by [-16440] bytes, now [0]
[2016-03-30 13:54:40,271][TRACE][org.elasticsearch.indices.breaker.request] [request] Adjusted breaker by [16440] bytes, now [16440]
[2016-03-30 13:54:40,272][TRACE][org.elasticsearch.indices.breaker.request] [request] Adjusted breaker by [-16440] bytes, now [0]
[2016-03-30 13:54:40,273][TRACE][org.elasticsearch.indices.breaker.request] [request] Adjusted breaker by [16440] bytes, now [16440]
[2016-03-30 13:54:40,273][TRACE][org.elasticsearch.indices.breaker.request] [request] Adjusted breaker by [-16440] bytes, now [0]
[2016-03-30 13:54:40,274][TRACE][org.elasticsearch.indices.breaker.request] [request] Adjusted breaker by [16440] bytes, now [16440]
[2016-03-30 13:54:40,274][TRACE][org.elasticsearch.indices.breaker.request] [request] Adjusted breaker by [-16440] bytes, now [0]
[2016-03-30 13:54:40,275][TRACE][org.elasticsearch.indices.breaker.request] [request] Adjusted breaker by [16440] bytes, now [16440]
[2016-03-30 13:54:40,275][TRACE][org.elasticsearch.indices.breaker.request] [request] Adjusted breaker by [-16440] bytes, now [0]
[2016-03-30 13:54:40,276][TRACE][org.elasticsearch.indices.breaker.request] [request] Adjusted breaker by [16440] bytes, now [16440]
[2016-03-30 13:54:40,276][TRACE][org.elasticsearch.indices.breaker.request] [request] Adjusted breaker by [-16440] bytes, now [0]
[2016-03-30 13:54:40,277][TRACE][org.elasticsearch.indices.breaker.request] [request] Adjusted breaker by [16440] bytes, now [16440]
[2016-03-30 13:54:40,277][TRACE][org.elasticsearch.indices.breaker.request] [request] Adjusted breaker by [-16440] bytes, now [0]
[2016-03-30 13:54:40,278][TRACE][org.elasticsearch.indices.breaker.request] [request] Adjusted breaker by [16440] bytes, now [16440]
[2016-03-30 13:54:40,278][TRACE][org.elasticsearch.indices.breaker.request] [request] Adjusted breaker by [-16440] bytes, now [0]
[2016-03-30 13:54:40,279][TRACE][org.elasticsearch.indices.breaker.request] [request] Adjusted breaker by [16440] bytes, now [16440]
[2016-03-30 13:54:40,280][TRACE][org.elasticsearch.indices.breaker.request] [request] Adjusted breaker by [-16440] bytes, now [0]
[2016-03-30 13:54:40,280][TRACE][org.elasticsearch.indices.breaker.request] [request] Adjusted breaker by [16440] bytes, now [16440]
[2016-03-30 13:54:40,280][TRACE][org.elasticsearch.indices.breaker.request] [request] Adjusted breaker by [-16440] bytes, now [0]
[2016-03-30 13:54:40,282][TRACE][org.elasticsearch.indices.breaker.request] [request] Adjusted breaker by [16440] bytes, now [16440]
[2016-03-30 13:54:40,282][TRACE][org.elasticsearch.indices.breaker.request] [request] Adjusted breaker by [-16440] bytes, now [0]
[2016-03-30 13:54:40,283][TRACE][org.elasticsearch.indices.breaker.request] [request] Adjusted breaker by [16440] bytes, now [16440]
[2016-03-30 13:54:40,283][TRACE][org.elasticsearch.indices.breaker.request] [request] Adjusted breaker by [-16440] bytes, now [0]
[2016-03-30 13:54:40,284][TRACE][org.elasticsearch.indices.breaker.request] [request] Adjusted breaker by [16440] bytes, now [16440]
[2016-03-30 13:54:40,284][TRACE][org.elasticsearch.indices.breaker.request] [request] Adjusted breaker by [-16440] bytes, now [0]
[2016-03-30 13:54:40,285][TRACE][org.elasticsearch.indices.breaker.request] [request] Adjusted breaker by [16440] bytes, now [16440]
[2016-03-30 13:54:40,285][TRACE][org.elasticsearch.indices.breaker.request] [request] Adjusted breaker by [-16440] bytes, now [0]
[2016-03-30 13:54:40,286][TRACE][org.elasticsearch.indices.breaker.request] [request] Adjusted breaker by [16440] bytes, now [16440]
[2016-03-30 13:54:40,287][TRACE][org.elasticsearch.indices.breaker.request] [request] Adjusted breaker by [-16440] bytes, now [0]
[2016-03-30 13:54:40,286][TRACE][org.elasticsearch.indices.breaker.request] [request] Adjusted breaker by [16440] bytes, now [16440]
[2016-03-30 13:54:40,287][TRACE][org.elasticsearch.indices.breaker.request] [request] Adjusted breaker by [-16440] bytes, now [0]
[2016-03-30 13:54:40,288][TRACE][org.elasticsearch.indices.breaker.request] [request] Adjusted breaker by [16440] bytes, now [16440]
[2016-03-30 13:54:40,288][TRACE][org.elasticsearch.indices.breaker.request] [request] Adjusted breaker by [-16440] bytes, now [0]
[2016-03-30 13:54:40,289][TRACE][org.elasticsearch.indices.breaker.request] [request] Adjusted breaker by [16440] bytes, now [16440]
[2016-03-30 13:54:40,289][TRACE][org.elasticsearch.indices.breaker.request] [request] Adjusted breaker by [-16440] bytes, now [0]
[2016-03-30 13:54:40,291][TRACE][org.elasticsearch.indices.breaker.request] [request] Adjusted breaker by [16440] bytes, now [16440]
[2016-03-30 13:54:40,291][TRACE][org.elasticsearch.indices.breaker.request] [request] Adjusted breaker by [-16440] bytes, now [0]
[2016-03-30 13:54:40,291][TRACE][org.elasticsearch.indices.breaker.request] [request] Adjusted breaker by [16440] bytes, now [16440]
[2016-03-30 13:54:40,291][TRACE][org.elasticsearch.indices.breaker.request] [request] Adjusted breaker by [-16440] bytes, now [0]
[2016-03-30 13:54:40,293][TRACE][org.elasticsearch.indices.breaker.request] [request] Adjusted breaker by [16440] bytes, now [16440]
[2016-03-30 13:54:40,293][TRACE][org.elasticsearch.indices.breaker.request] [request] Adjusted breaker by [-16440] bytes, now [0]
[2016-03-30 13:54:40,293][TRACE][org.elasticsearch.indices.breaker.request] [request] Adjusted breaker by [16440] bytes, now [16440]
[2016-03-30 13:54:40,294][TRACE][org.elasticsearch.indices.breaker.request] [request] Adjusted breaker by [-16440] bytes, now [0]
[2016-03-30 13:54:40,295][TRACE][org.elasticsearch.indices.breaker.request] [request] Adjusted breaker by [16440] bytes, now [16440]
[2016-03-30 13:54:40,295][TRACE][org.elasticsearch.indices.breaker.request] [request] Adjusted breaker by [-16440] bytes, now [0]
[2016-03-30 13:54:40,296][TRACE][org.elasticsearch.indices.breaker.request] [request] Adjusted breaker by [16440] bytes, now [16440]
[2016-03-30 13:54:40,296][TRACE][org.elasticsearch.indices.breaker.request] [request] Adjusted breaker by [-16440] bytes, now [0]
[2016-03-30 13:54:40,297][TRACE][org.elasticsearch.indices.breaker.request] [request] Adjusted breaker by [16440] bytes, now [16440]
[2016-03-30 13:54:40,297][TRACE][org.elasticsearch.indices.breaker.request] [request] Adjusted breaker by [-16440] bytes, now [0]
[2016-03-30 13:54:40,298][TRACE][org.elasticsearch.indices.breaker.request] [request] Adjusted breaker by [16440] bytes, now [16440]
[2016-03-30 13:54:40,298][TRACE][org.elasticsearch.indices.breaker.request] [request] Adjusted breaker by [-16440] bytes, now [0]
[2016-03-30 13:54:40,299][TRACE][org.elasticsearch.indices.breaker.request] [request] Adjusted breaker by [16440] bytes, now [16440]
[2016-03-30 13:54:40,299][TRACE][org.elasticsearch.indices.breaker.request] [request] Adjusted breaker by [-16440] bytes, now [0]
[2016-03-30 13:54:40,300][TRACE][org.elasticsearch.indices.breaker.request] [request] Adjusted breaker by [16440] bytes, now [16440]
[2016-03-30 13:54:40,300][TRACE][org.elasticsearch.indices.breaker.request] [request] Adjusted breaker by [-16440] bytes, now [0]
[2016-03-30 13:54:40,301][TRACE][org.elasticsearch.indices.breaker.request] [request] Adjusted breaker by [16440] bytes, now [16440]
[2016-03-30 13:54:40,301][TRACE][org.elasticsearch.indices.breaker.request] [request] Adjusted breaker by [-16440] bytes, now [0]
[2016-03-30 13:54:40,302][TRACE][org.elasticsearch.indices.breaker.request] [request] Adjusted breaker by [16440] bytes, now [16440]
[2016-03-30 13:54:40,302][TRACE][org.elasticsearch.indices.breaker.request] [request] Adjusted breaker by [-16440] bytes, now [0]
[2016-03-30 13:54:40,303][TRACE][org.elasticsearch.indices.breaker.request] [request] Adjusted breaker by [16440] bytes, now [16440]
[2016-03-30 13:54:40,303][TRACE][org.elasticsearch.indices.breaker.request] [request] Adjusted breaker by [-16440] bytes, now [0]
[2016-03-30 13:54:40,304][TRACE][org.elasticsearch.indices.breaker.request] [request] Adjusted breaker by [16440] bytes, now [16440]
[2016-03-30 13:54:40,304][TRACE][org.elasticsearch.indices.breaker.request] [request] Adjusted breaker by [-16440] bytes, now [0]
[2016-03-30 13:54:40,306][TRACE][org.elasticsearch.indices.breaker.request] [request] Adjusted breaker by [16440] bytes, now [16440]
[2016-03-30 13:54:40,306][TRACE][org.elasticsearch.indices.breaker.request] [request] Adjusted breaker by [-16440] bytes, now [0]
[2016-03-30 13:54:40,306][TRACE][org.elasticsearch.indices.breaker.request] [request] Adjusted breaker by [16440] bytes, now [16440]
[2016-03-30 13:54:40,306][TRACE][org.elasticsearch.indices.breaker.request] [request] Adjusted breaker by [-16440] bytes, now [0]
[2016-03-30 13:54:40,308][TRACE][org.elasticsearch.indices.breaker.request] [request] Adjusted breaker by [16440] bytes, now [16440]
[2016-03-30 13:54:40,308][TRACE][org.elasticsearch.indices.breaker.request] [request] Adjusted breaker by [16440] bytes, now [16440]
[2016-03-30 13:54:40,308][TRACE][org.elasticsearch.indices.breaker.request] [request] Adjusted breaker by [-16440] bytes, now [0]
[2016-03-30 13:54:40,308][TRACE][org.elasticsearch.indices.breaker.request] [request] Adjusted breaker by [-16440] bytes, now [0]
[2016-03-30 13:54:40,319][TRACE][org.elasticsearch.indices.breaker.request] [request] Adjusted breaker by [16440] bytes, now [16440]
[2016-03-30 13:54:40,319][TRACE][org.elasticsearch.indices.breaker.request] [request] Adjusted breaker by [-16440] bytes, now [0]
[2016-03-30 13:54:40,319][TRACE][org.elasticsearch.indices.breaker.request] [request] Adjusted breaker by [16440] bytes, now [16440]
[2016-03-30 13:54:40,319][TRACE][org.elasticsearch.indices.breaker.request] [request] Adjusted breaker by [-16440] bytes, now [0]
[2016-03-30 13:54:40,329][TRACE][org.elasticsearch.indices.breaker.request] [request] Adjusted breaker by [16440] bytes, now [16440]
[2016-03-30 13:54:40,329][TRACE][org.elasticsearch.indices.breaker.request] [request] Adjusted breaker by [-16440] bytes, now [0]
[2016-03-30 13:54:40,330][TRACE][org.elasticsearch.indices.breaker.request] [request] Adjusted breaker by [16440] bytes, now [16440]
[2016-03-30 13:54:40,330][TRACE][org.elasticsearch.indices.breaker.request] [request] Adjusted breaker by [-16440] bytes, now [0]
[2016-03-30 13:54:40,331][TRACE][org.elasticsearch.indices.breaker.request] [request] Adjusted breaker by [16440] bytes, now [16440]
[2016-03-30 13:54:40,332][TRACE][org.elasticsearch.indices.breaker.request] [request] Adjusted breaker by [-16440] bytes, now [0]
[2016-03-30 13:54:40,332][TRACE][org.elasticsearch.indices.breaker.request] [request] Adjusted breaker by [16440] bytes, now [16440]
[2016-03-30 13:54:40,332][TRACE][org.elasticsearch.indices.breaker.request] [request] Adjusted breaker by [-16440] bytes, now [0]
[2016-03-30 13:54:40,334][TRACE][org.elasticsearch.indices.breaker.request] [request] Adjusted breaker by [16440] bytes, now [16440]
[2016-03-30 13:54:40,334][TRACE][org.elasticsearch.indices.breaker.request] [request] Adjusted breaker by [16440] bytes, now [16440]
[2016-03-30 13:54:40,334][TRACE][org.elasticsearch.indices.breaker.request] [request] Adjusted breaker by [-16440] bytes, now [0]
[2016-03-30 13:54:40,334][TRACE][org.elasticsearch.indices.breaker.request] [request] Adjusted breaker by [-16440] bytes, now [0]
[2016-03-30 13:54:40,345][TRACE][org.elasticsearch.indices.breaker.request] [request] Adjusted breaker by [16440] bytes, now [16440]
[2016-03-30 13:54:40,345][TRACE][org.elasticsearch.indices.breaker.request] [request] Adjusted breaker by [-16440] bytes, now [0]
[2016-03-30 13:54:40,346][TRACE][org.elasticsearch.indices.breaker.request] [request] Adjusted breaker by [16440] bytes, now [16440]
[2016-03-30 13:54:40,346][TRACE][org.elasticsearch.indices.breaker.request] [request] Adjusted breaker by [-16440] bytes, now [0]
[2016-03-30 13:54:40,348][TRACE][org.elasticsearch.indices.breaker.request] [request] Adjusted breaker by [16440] bytes, now [16440]
[2016-03-30 13:54:40,348][TRACE][org.elasticsearch.indices.breaker.request] [request] Adjusted breaker by [16440] bytes, now [16440]
[2016-03-30 13:54:40,349][TRACE][org.elasticsearch.indices.breaker.request] [request] Adjusted breaker by [-16440] bytes, now [0]
[2016-03-30 13:54:40,349][TRACE][org.elasticsearch.indices.breaker.request] [request] Adjusted breaker by [-16440] bytes, now [0]
[2016-03-30 13:54:40,360][TRACE][org.elasticsearch.indices.breaker.request] [request] Adjusted breaker by [16440] bytes, now [16440]
[2016-03-30 13:54:40,360][TRACE][org.elasticsearch.indices.breaker.request] [request] Adjusted breaker by [16440] bytes, now [16440]
[2016-03-30 13:54:40,361][TRACE][org.elasticsearch.indices.breaker.request] [request] Adjusted breaker by [-16440] bytes, now [0]
[2016-03-30 13:54:40,361][TRACE][org.elasticsearch.indices.breaker.request] [request] Adjusted breaker by [-16440] bytes, now [0]
[2016-03-30 13:54:40,362][TRACE][org.elasticsearch.indices.breaker.request] [request] Adjusted breaker by [16440] bytes, now [16440]
[2016-03-30 13:54:40,362][TRACE][org.elasticsearch.indices.breaker.request] [request] Adjusted breaker by [16440] bytes, now [16440]
[2016-03-30 13:54:40,363][TRACE][org.elasticsearch.indices.breaker.request] [request] Adjusted breaker by [-16440] bytes, now [0]
[2016-03-30 13:54:40,363][TRACE][org.elasticsearch.indices.breaker.request] [request] Adjusted breaker by [-16440] bytes, now [0]
[2016-03-30 13:54:40,366][TRACE][org.elasticsearch.indices.breaker.request] [request] Adjusted breaker by [16440] bytes, now [16440]
[2016-03-30 13:54:40,367][TRACE][org.elasticsearch.indices.breaker.request] [request] Adjusted breaker by [-16440] bytes, now [0]
[2016-03-30 13:54:40,367][TRACE][org.elasticsearch.indices.breaker.request] [request] Adjusted breaker by [16440] bytes, now [16440]
[2016-03-30 13:54:40,367][TRACE][org.elasticsearch.indices.breaker.request] [request] Adjusted breaker by [-16440] bytes, now [0]
[2016-03-30 13:54:40,369][TRACE][org.elasticsearch.indices.breaker.request] [request] Adjusted breaker by [16440] bytes, now [16440]
[2016-03-30 13:54:40,370][TRACE][org.elasticsearch.indices.breaker.request] [request] Adjusted breaker by [-16440] bytes, now [0]
[2016-03-30 13:54:40,370][TRACE][org.elasticsearch.indices.breaker.request] [request] Adjusted breaker by [16440] bytes, now [16440]
[2016-03-30 13:54:40,370][TRACE][org.elasticsearch.indices.breaker.request] [request] Adjusted breaker by [-16440] bytes, now [0]
[2016-03-30 13:54:40,372][TRACE][org.elasticsearch.indices.breaker.request] [request] Adjusted breaker by [16440] bytes, now [16440]
[2016-03-30 13:54:40,372][TRACE][org.elasticsearch.indices.breaker.request] [request] Adjusted breaker by [-16440] bytes, now [0]
[2016-03-30 13:54:40,373][TRACE][org.elasticsearch.indices.breaker.request] [request] Adjusted breaker by [16440] bytes, now [16440]
[2016-03-30 13:54:40,373][TRACE][org.elasticsearch.indices.breaker.request] [request] Adjusted breaker by [-16440] bytes, now [0]
[2016-03-30 13:54:40,374][TRACE][org.elasticsearch.indices.breaker.request] [request] Adjusted breaker by [16440] bytes, now [16440]
[2016-03-30 13:54:40,374][TRACE][org.elasticsearch.indices.breaker.request] [request] Adjusted breaker by [-16440] bytes, now [0]
[2016-03-30 13:54:40,375][TRACE][org.elasticsearch.indices.breaker.request] [request] Adjusted breaker by [16440] bytes, now [16440]
[2016-03-30 13:54:40,375][TRACE][org.elasticsearch.indices.breaker.request] [request] Adjusted breaker by [-16440] bytes, now [0]
[2016-03-30 13:54:40,376][TRACE][org.elasticsearch.indices.breaker.request] [request] Adjusted breaker by [16440] bytes, now [16440]
[2016-03-30 13:54:40,376][TRACE][org.elasticsearch.indices.breaker.request] [request] Adjusted breaker by [-16440] bytes, now [0]
[2016-03-30 13:54:40,377][TRACE][org.elasticsearch.indices.breaker.request] [request] Adjusted breaker by [16440] bytes, now [16440]
[2016-03-30 13:54:40,377][TRACE][org.elasticsearch.indices.breaker.request] [request] Adjusted breaker by [-16440] bytes, now [0]
[2016-03-30 13:54:40,378][TRACE][org.elasticsearch.indices.breaker.request] [request] Adjusted breaker by [16440] bytes, now [16440]
[2016-03-30 13:54:40,379][TRACE][org.elasticsearch.indices.breaker.request] [request] Adjusted breaker by [-16440] bytes, now [0]
[2016-03-30 13:54:40,379][TRACE][org.elasticsearch.indices.breaker.request] [request] Adjusted breaker by [16440] bytes, now [16440]
[2016-03-30 13:54:40,379][TRACE][org.elasticsearch.indices.breaker.request] [request] Adjusted breaker by [-16440] bytes, now [0]
[2016-03-30 13:54:40,382][TRACE][org.elasticsearch.indices.breaker.request] [request] Adjusted breaker by [16440] bytes, now [16440]
[2016-03-30 13:54:40,382][TRACE][org.elasticsearch.indices.breaker.request] [request] Adjusted breaker by [-16440] bytes, now [0]
[2016-03-30 13:54:40,382][TRACE][org.elasticsearch.indices.breaker.request] [request] Adjusted breaker by [16440] bytes, now [16440]
[2016-03-30 13:54:40,382][TRACE][org.elasticsearch.indices.breaker.request] [request] Adjusted breaker by [-16440] bytes, now [0]
[2016-03-30 13:54:40,383][TRACE][org.elasticsearch.indices.breaker.request] [request] Adjusted breaker by [16440] bytes, now [16440]
[2016-03-30 13:54:40,383][TRACE][org.elasticsearch.indices.breaker.request] [request] Adjusted breaker by [-16440] bytes, now [0]
[2016-03-30 13:54:40,384][TRACE][org.elasticsearch.indices.breaker.request] [request] Adjusted breaker by [16440] bytes, now [16440]
[2016-03-30 13:54:40,384][TRACE][org.elasticsearch.indices.breaker.request] [request] Adjusted breaker by [-16440] bytes, now [0]
[2016-03-30 13:54:40,385][TRACE][org.elasticsearch.indices.breaker.request] [request] Adjusted breaker by [16440] bytes, now [16440]
[2016-03-30 13:54:40,385][TRACE][org.elasticsearch.indices.breaker.request] [request] Adjusted breaker by [-16440] bytes, now [0]
[2016-03-30 13:54:40,386][TRACE][org.elasticsearch.indices.breaker.request] [request] Adjusted breaker by [16440] bytes, now [16440]
[2016-03-30 13:54:40,386][TRACE][org.elasticsearch.indices.breaker.request] [request] Adjusted breaker by [-16440] bytes, now [0]
[2016-03-30 13:54:40,388][TRACE][org.elasticsearch.indices.breaker.request] [request] Adjusted breaker by [16440] bytes, now [16440]
[2016-03-30 13:54:40,388][TRACE][org.elasticsearch.indices.breaker.request] [request] Adjusted breaker by [16440] bytes, now [16440]
[2016-03-30 13:54:40,388][TRACE][org.elasticsearch.indices.breaker.request] [request] Adjusted breaker by [-16440] bytes, now [0]
[2016-03-30 13:54:40,388][TRACE][org.elasticsearch.indices.breaker.request] [request] Adjusted breaker by [-16440] bytes, now [0]
[2016-03-30 13:54:40,389][TRACE][org.elasticsearch.indices.breaker.request] [request] Adjusted breaker by [16440] bytes, now [16440]
[2016-03-30 13:54:40,389][TRACE][org.elasticsearch.indices.breaker.request] [request] Adjusted breaker by [-16440] bytes, now [0]
[2016-03-30 13:54:40,390][TRACE][org.elasticsearch.indices.breaker.request] [request] Adjusted breaker by [16440] bytes, now [16440]
[2016-03-30 13:54:40,390][TRACE][org.elasticsearch.indices.breaker.request] [request] Adjusted breaker by [-16440] bytes, now [0]
[2016-03-30 13:54:40,392][TRACE][org.elasticsearch.indices.breaker.request] [request] Adjusted breaker by [16440] bytes, now [16440]
[2016-03-30 13:54:40,392][TRACE][org.elasticsearch.indices.breaker.request] [request] Adjusted breaker by [16440] bytes, now [16440]
[2016-03-30 13:54:40,392][TRACE][org.elasticsearch.indices.breaker.request] [request] Adjusted breaker by [-16440] bytes, now [0]
[2016-03-30 13:54:40,392][TRACE][org.elasticsearch.indices.breaker.request] [request] Adjusted breaker by [-16440] bytes, now [0]
[2016-03-30 13:54:40,394][TRACE][org.elasticsearch.indices.breaker.request] [request] Adjusted breaker by [16440] bytes, now [16440]
[2016-03-30 13:54:40,394][TRACE][org.elasticsearch.indices.breaker.request] [request] Adjusted breaker by [-16440] bytes, now [0]
[2016-03-30 13:54:40,395][TRACE][org.elasticsearch.indices.breaker.request] [request] Adjusted breaker by [16440] bytes, now [16440]
[2016-03-30 13:54:40,395][TRACE][org.elasticsearch.indices.breaker.request] [request] Adjusted breaker by [-16440] bytes, now [0]
[2016-03-30 13:54:40,397][TRACE][org.elasticsearch.indices.breaker.request] [request] Adjusted breaker by [16440] bytes, now [16440]
[2016-03-30 13:54:40,397][TRACE][org.elasticsearch.indices.breaker.request] [request] Adjusted breaker by [16440] bytes, now [16440]
[2016-03-30 13:54:40,397][TRACE][org.elasticsearch.indices.breaker.request] [request] Adjusted breaker by [-16440] bytes, now [0]
[2016-03-30 13:54:40,397][TRACE][org.elasticsearch.indices.breaker.request] [request] Adjusted breaker by [-16440] bytes, now [0]
[2016-03-30 13:54:40,398][TRACE][org.elasticsearch.indices.breaker.request] [request] Adjusted breaker by [16440] bytes, now [16440]
[2016-03-30 13:54:40,399][TRACE][org.elasticsearch.indices.breaker.request] [request] Adjusted breaker by [-16440] bytes, now [0]
[2016-03-30 13:54:40,399][TRACE][org.elasticsearch.indices.breaker.request] [request] Adjusted breaker by [16440] bytes, now [16440]
[2016-03-30 13:54:40,399][TRACE][org.elasticsearch.indices.breaker.request] [request] Adjusted breaker by [-16440] bytes, now [0]
[2016-03-30 13:54:40,401][TRACE][org.elasticsearch.indices.breaker.request] [request] Adjusted breaker by [16440] bytes, now [16440]
[2016-03-30 13:54:40,401][TRACE][org.elasticsearch.indices.breaker.request] [request] Adjusted breaker by [-16440] bytes, now [0]
[2016-03-30 13:54:40,402][TRACE][org.elasticsearch.indices.breaker.request] [request] Adjusted breaker by [16440] bytes, now [16440]
[2016-03-30 13:54:40,402][TRACE][org.elasticsearch.indices.breaker.request] [request] Adjusted breaker by [-16440] bytes, now [0]
[2016-03-30 13:54:40,403][TRACE][org.elasticsearch.indices.breaker.request] [request] Adjusted breaker by [16440] bytes, now [16440]
[2016-03-30 13:54:40,403][TRACE][org.elasticsearch.indices.breaker.request] [request] Adjusted breaker by [-16440] bytes, now [0]
[2016-03-30 13:54:40,404][TRACE][org.elasticsearch.indices.breaker.request] [request] Adjusted breaker by [16440] bytes, now [16440]
[2016-03-30 13:54:40,404][TRACE][org.elasticsearch.indices.breaker.request] [request] Adjusted breaker by [-16440] bytes, now [0]
[2016-03-30 13:54:40,405][TRACE][org.elasticsearch.indices.breaker.request] [request] Adjusted breaker by [16440] bytes, now [16440]
[2016-03-30 13:54:40,405][TRACE][org.elasticsearch.indices.breaker.request] [request] Adjusted breaker by [-16440] bytes, now [0]
[2016-03-30 13:54:40,405][TRACE][org.elasticsearch.indices.breaker.request] [request] Adjusted breaker by [16440] bytes, now [16440]
[2016-03-30 13:54:40,406][TRACE][org.elasticsearch.indices.breaker.request] [request] Adjusted breaker by [-16440] bytes, now [0]
[2016-03-30 13:54:40,407][TRACE][org.elasticsearch.indices.breaker.request] [request] Adjusted breaker by [16440] bytes, now [16440]
[2016-03-30 13:54:40,407][TRACE][org.elasticsearch.indices.breaker.request] [request] Adjusted breaker by [16440] bytes, now [16440]
[2016-03-30 13:54:40,407][TRACE][org.elasticsearch.indices.breaker.request] [request] Adjusted breaker by [-16440] bytes, now [0]
[2016-03-30 13:54:40,407][TRACE][org.elasticsearch.indices.breaker.request] [request] Adjusted breaker by [-16440] bytes, now [0]
[2016-03-30 13:54:40,408][TRACE][org.elasticsearch.indices.breaker.request] [request] Adjusted breaker by [16440] bytes, now [16440]
[2016-03-30 13:54:40,408][TRACE][org.elasticsearch.indices.breaker.request] [request] Adjusted breaker by [-16440] bytes, now [0]
[2016-03-30 13:54:40,409][TRACE][org.elasticsearch.indices.breaker.request] [request] Adjusted breaker by [16440] bytes, now [16440]
[2016-03-30 13:54:40,409][TRACE][org.elasticsearch.indices.breaker.request] [request] Adjusted breaker by [-16440] bytes, now [0]
[2016-03-30 13:54:40,410][TRACE][org.elasticsearch.indices.breaker.request] [request] Adjusted breaker by [16440] bytes, now [16440]
[2016-03-30 13:54:40,410][TRACE][org.elasticsearch.indices.breaker.request] [request] Adjusted breaker by [-16440] bytes, now [0]
[2016-03-30 13:54:40,411][TRACE][org.elasticsearch.indices.breaker.request] [request] Adjusted breaker by [16440] bytes, now [16440]
[2016-03-30 13:54:40,411][TRACE][org.elasticsearch.indices.breaker.request] [request] Adjusted breaker by [-16440] bytes, now [0]
[2016-03-30 13:54:40,413][TRACE][org.elasticsearch.indices.breaker.request] [request] Adjusted breaker by [16440] bytes, now [16440]
[2016-03-30 13:54:40,413][TRACE][org.elasticsearch.indices.breaker.request] [request] Adjusted breaker by [16440] bytes, now [16440]
[2016-03-30 13:54:40,413][TRACE][org.elasticsearch.indices.breaker.request] [request] Adjusted breaker by [-16440] bytes, now [0]
[2016-03-30 13:54:40,413][TRACE][org.elasticsearch.indices.breaker.request] [request] Adjusted breaker by [-16440] bytes, now [0]
[2016-03-30 13:54:40,419][TRACE][org.elasticsearch.indices.breaker.request] [request] Adjusted breaker by [16440] bytes, now [16440]
[2016-03-30 13:54:40,419][TRACE][org.elasticsearch.indices.breaker.request] [request] Adjusted breaker by [16440] bytes, now [16440]
[2016-03-30 13:54:40,420][TRACE][org.elasticsearch.indices.breaker.request] [request] Adjusted breaker by [-16440] bytes, now [0]
[2016-03-30 13:54:40,420][TRACE][org.elasticsearch.indices.breaker.request] [request] Adjusted breaker by [-16440] bytes, now [0]
[2016-03-30 13:54:40,421][TRACE][org.elasticsearch.indices.breaker.request] [request] Adjusted breaker by [16440] bytes, now [16440]
[2016-03-30 13:54:40,421][TRACE][org.elasticsearch.indices.breaker.request] [request] Adjusted breaker by [-16440] bytes, now [0]
[2016-03-30 13:54:40,422][TRACE][org.elasticsearch.indices.breaker.request] [request] Adjusted breaker by [16440] bytes, now [16440]
[2016-03-30 13:54:40,422][TRACE][org.elasticsearch.indices.breaker.request] [request] Adjusted breaker by [-16440] bytes, now [0]
[2016-03-30 13:54:40,423][TRACE][org.elasticsearch.indices.breaker.request] [request] Adjusted breaker by [16440] bytes, now [16440]
[2016-03-30 13:54:40,424][TRACE][org.elasticsearch.indices.breaker.request] [request] Adjusted breaker by [16440] bytes, now [16440]
[2016-03-30 13:54:40,424][TRACE][org.elasticsearch.indices.breaker.request] [request] Adjusted breaker by [-16440] bytes, now [0]
[2016-03-30 13:54:40,424][TRACE][org.elasticsearch.indices.breaker.request] [request] Adjusted breaker by [-16440] bytes, now [0]
[2016-03-30 13:54:40,424][TRACE][org.elasticsearch.indices.breaker.request] [request] Adjusted breaker by [16440] bytes, now [16440]
[2016-03-30 13:54:40,425][TRACE][org.elasticsearch.indices.breaker.request] [request] Adjusted breaker by [-16440] bytes, now [0]
[2016-03-30 13:54:40,425][TRACE][org.elasticsearch.indices.breaker.request] [request] Adjusted breaker by [16440] bytes, now [16440]
[2016-03-30 13:54:40,425][TRACE][org.elasticsearch.indices.breaker.request] [request] Adjusted breaker by [-16440] bytes, now [0]
[2016-03-30 13:54:40,426][TRACE][org.elasticsearch.indices.breaker.request] [request] Adjusted breaker by [16440] bytes, now [16440]
[2016-03-30 13:54:40,426][TRACE][org.elasticsearch.indices.breaker.request] [request] Adjusted breaker by [-16440] bytes, now [0]
[2016-03-30 13:54:40,428][TRACE][org.elasticsearch.indices.breaker.request] [request] Adjusted breaker by [16440] bytes, now [16440]
[2016-03-30 13:54:40,428][TRACE][org.elasticsearch.indices.breaker.request] [request] Adjusted breaker by [-16440] bytes, now [0]
[2016-03-30 13:54:40,437][TRACE][org.elasticsearch.indices.breaker.request] [request] Adjusted breaker by [16440] bytes, now [16440]
[2016-03-30 13:54:40,437][TRACE][org.elasticsearch.indices.breaker.request] [request] Adjusted breaker by [16440] bytes, now [16440]
[2016-03-30 13:54:40,437][TRACE][org.elasticsearch.indices.breaker.request] [request] Adjusted breaker by [-16440] bytes, now [0]
[2016-03-30 13:54:40,437][TRACE][org.elasticsearch.indices.breaker.request] [request] Adjusted breaker by [-16440] bytes, now [0]
[2016-03-30 13:54:40,438][TRACE][org.elasticsearch.indices.breaker.request] [request] Adjusted breaker by [16440] bytes, now [16440]
[2016-03-30 13:54:40,439][TRACE][org.elasticsearch.indices.breaker.request] [request] Adjusted breaker by [-16440] bytes, now [0]
[2016-03-30 13:54:40,439][TRACE][org.elasticsearch.indices.breaker.request] [request] Adjusted breaker by [16440] bytes, now [16440]
[2016-03-30 13:54:40,439][TRACE][org.elasticsearch.indices.breaker.request] [request] Adjusted breaker by [-16440] bytes, now [0]
[2016-03-30 13:54:40,441][TRACE][org.elasticsearch.indices.breaker.request] [request] Adjusted breaker by [16440] bytes, now [16440]
[2016-03-30 13:54:40,441][TRACE][org.elasticsearch.indices.breaker.request] [request] Adjusted breaker by [16440] bytes, now [16440]
[2016-03-30 13:54:40,442][TRACE][org.elasticsearch.indices.breaker.request] [request] Adjusted breaker by [-16440] bytes, now [0]
[2016-03-30 13:54:40,442][TRACE][org.elasticsearch.indices.breaker.request] [request] Adjusted breaker by [-16440] bytes, now [0]
[2016-03-30 13:54:40,443][TRACE][org.elasticsearch.indices.breaker.request] [request] Adjusted breaker by [16440] bytes, now [16440]
[2016-03-30 13:54:40,443][TRACE][org.elasticsearch.indices.breaker.request] [request] Adjusted breaker by [16440] bytes, now [16440]
[2016-03-30 13:54:40,443][TRACE][org.elasticsearch.indices.breaker.request] [request] Adjusted breaker by [-16440] bytes, now [0]
[2016-03-30 13:54:40,443][TRACE][org.elasticsearch.indices.breaker.request] [request] Adjusted breaker by [-16440] bytes, now [0]
[2016-03-30 13:54:40,444][TRACE][org.elasticsearch.indices.breaker.request] [request] Adjusted breaker by [16440] bytes, now [16440]
[2016-03-30 13:54:40,444][TRACE][org.elasticsearch.indices.breaker.request] [request] Adjusted breaker by [-16440] bytes, now [0]
[2016-03-30 13:54:40,445][TRACE][org.elasticsearch.indices.breaker.request] [request] Adjusted breaker by [16440] bytes, now [16440]
[2016-03-30 13:54:40,445][TRACE][org.elasticsearch.indices.breaker.request] [request] Adjusted breaker by [-16440] bytes, now [0]
[2016-03-30 13:54:40,447][TRACE][org.elasticsearch.indices.breaker.request] [request] Adjusted breaker by [16440] bytes, now [16440]
[2016-03-30 13:54:40,447][TRACE][org.elasticsearch.indices.breaker.request] [request] Adjusted breaker by [16440] bytes, now [16440]
[2016-03-30 13:54:40,447][TRACE][org.elasticsearch.indices.breaker.request] [request] Adjusted breaker by [-16440] bytes, now [0]
[2016-03-30 13:54:40,447][TRACE][org.elasticsearch.indices.breaker.request] [request] Adjusted breaker by [-16440] bytes, now [0]
[2016-03-30 13:54:40,451][TRACE][org.elasticsearch.indices.breaker.request] [request] Adjusted breaker by [16440] bytes, now [16440]
[2016-03-30 13:54:40,451][TRACE][org.elasticsearch.indices.breaker.request] [request] Adjusted breaker by [16440] bytes, now [16440]
[2016-03-30 13:54:40,451][TRACE][org.elasticsearch.indices.breaker.request] [request] Adjusted breaker by [-16440] bytes, now [0]
[2016-03-30 13:54:40,451][TRACE][org.elasticsearch.indices.breaker.request] [request] Adjusted breaker by [-16440] bytes, now [0]
[2016-03-30 13:54:40,453][TRACE][org.elasticsearch.indices.breaker.request] [request] Adjusted breaker by [16440] bytes, now [16440]
[2016-03-30 13:54:40,453][TRACE][org.elasticsearch.indices.breaker.request] [request] Adjusted breaker by [16440] bytes, now [16440]
[2016-03-30 13:54:40,454][TRACE][org.elasticsearch.indices.breaker.request] [request] Adjusted breaker by [-16440] bytes, now [0]
[2016-03-30 13:54:40,454][TRACE][org.elasticsearch.indices.breaker.request] [request] Adjusted breaker by [-16440] bytes, now [0]
[2016-03-30 13:54:40,465][TRACE][org.elasticsearch.indices.breaker.request] [request] Adjusted breaker by [16440] bytes, now [16440]
[2016-03-30 13:54:40,465][TRACE][org.elasticsearch.indices.breaker.request] [request] Adjusted breaker by [-16440] bytes, now [0]
[2016-03-30 13:54:40,479][TRACE][org.elasticsearch.indices.breaker.request] [request] Adjusted breaker by [16440] bytes, now [16440]
[2016-03-30 13:54:40,479][TRACE][org.elasticsearch.indices.breaker.request] [request] Adjusted breaker by [-16440] bytes, now [0]
[2016-03-30 13:54:40,480][TRACE][org.elasticsearch.indices.breaker.request] [request] Adjusted breaker by [16440] bytes, now [16440]
[2016-03-30 13:54:40,481][TRACE][org.elasticsearch.indices.breaker.request] [request] Adjusted breaker by [-16440] bytes, now [0]
[2016-03-30 13:54:40,482][TRACE][org.elasticsearch.indices.breaker.request] [request] Adjusted breaker by [16440] bytes, now [16440]
[2016-03-30 13:54:40,482][TRACE][org.elasticsearch.indices.breaker.request] [request] Adjusted breaker by [-16440] bytes, now [0]
[2016-03-30 13:54:40,483][TRACE][org.elasticsearch.indices.breaker.request] [request] Adjusted breaker by [16440] bytes, now [16440]
[2016-03-30 13:54:40,483][TRACE][org.elasticsearch.indices.breaker.request] [request] Adjusted breaker by [-16440] bytes, now [0]
[2016-03-30 13:54:40,484][TRACE][org.elasticsearch.indices.breaker.request] [request] Adjusted breaker by [16440] bytes, now [16440]
[2016-03-30 13:54:40,484][TRACE][org.elasticsearch.indices.breaker.request] [request] Adjusted breaker by [-16440] bytes, now [0]
[2016-03-30 13:54:40,485][TRACE][org.elasticsearch.indices.breaker.request] [request] Adjusted breaker by [16440] bytes, now [16440]
[2016-03-30 13:54:40,486][TRACE][org.elasticsearch.indices.breaker.request] [request] Adjusted breaker by [-16440] bytes, now [0]
[2016-03-30 13:54:40,486][TRACE][org.elasticsearch.indices.breaker.request] [request] Adjusted breaker by [16440] bytes, now [16440]
[2016-03-30 13:54:40,486][TRACE][org.elasticsearch.indices.breaker.request] [request] Adjusted breaker by [-16440] bytes, now [0]
[2016-03-30 13:54:40,488][TRACE][org.elasticsearch.indices.breaker.request] [request] Adjusted breaker by [16440] bytes, now [16440]
[2016-03-30 13:54:40,488][TRACE][org.elasticsearch.indices.breaker.request] [request] Adjusted breaker by [-16440] bytes, now [0]
[2016-03-30 13:54:40,488][TRACE][org.elasticsearch.indices.breaker.request] [request] Adjusted breaker by [16440] bytes, now [16440]
[2016-03-30 13:54:40,489][TRACE][org.elasticsearch.indices.breaker.request] [request] Adjusted breaker by [-16440] bytes, now [0]
[2016-03-30 13:54:40,490][TRACE][org.elasticsearch.indices.breaker.request] [request] Adjusted breaker by [16440] bytes, now [16440]
[2016-03-30 13:54:40,490][TRACE][org.elasticsearch.indices.breaker.request] [request] Adjusted breaker by [-16440] bytes, now [0]
[2016-03-30 13:54:40,490][TRACE][org.elasticsearch.indices.breaker.request] [request] Adjusted breaker by [16440] bytes, now [16440]
[2016-03-30 13:54:40,491][TRACE][org.elasticsearch.indices.breaker.request] [request] Adjusted breaker by [-16440] bytes, now [0]
[2016-03-30 13:54:40,492][TRACE][org.elasticsearch.indices.breaker.request] [request] Adjusted breaker by [16440] bytes, now [16440]
[2016-03-30 13:54:40,492][TRACE][org.elasticsearch.indices.breaker.request] [request] Adjusted breaker by [-16440] bytes, now [0]
[2016-03-30 13:54:40,492][TRACE][org.elasticsearch.indices.breaker.request] [request] Adjusted breaker by [16440] bytes, now [16440]
[2016-03-30 13:54:40,493][TRACE][org.elasticsearch.indices.breaker.request] [request] Adjusted breaker by [-16440] bytes, now [0]
[2016-03-30 13:54:40,494][TRACE][org.elasticsearch.indices.breaker.request] [request] Adjusted breaker by [16440] bytes, now [16440]
[2016-03-30 13:54:40,494][TRACE][org.elasticsearch.indices.breaker.request] [request] Adjusted breaker by [-16440] bytes, now [0]
[2016-03-30 13:54:40,495][TRACE][org.elasticsearch.indices.breaker.request] [request] Adjusted breaker by [16440] bytes, now [16440]
[2016-03-30 13:54:40,495][TRACE][org.elasticsearch.indices.breaker.request] [request] Adjusted breaker by [-16440] bytes, now [0]
[2016-03-30 13:54:40,497][TRACE][org.elasticsearch.indices.breaker.request] [request] Adjusted breaker by [16440] bytes, now [16440]
[2016-03-30 13:54:40,497][TRACE][org.elasticsearch.indices.breaker.request] [request] Adjusted breaker by [16440] bytes, now [16440]
[2016-03-30 13:54:40,497][TRACE][org.elasticsearch.indices.breaker.request] [request] Adjusted breaker by [-16440] bytes, now [0]
[2016-03-30 13:54:40,497][TRACE][org.elasticsearch.indices.breaker.request] [request] Adjusted breaker by [-16440] bytes, now [0]
[2016-03-30 13:54:40,498][TRACE][org.elasticsearch.indices.breaker.request] [request] Adjusted breaker by [16440] bytes, now [16440]
[2016-03-30 13:54:40,499][TRACE][org.elasticsearch.indices.breaker.request] [request] Adjusted breaker by [-16440] bytes, now [0]
[2016-03-30 13:54:40,499][TRACE][org.elasticsearch.indices.breaker.request] [request] Adjusted breaker by [16440] bytes, now [16440]
[2016-03-30 13:54:40,499][TRACE][org.elasticsearch.indices.breaker.request] [request] Adjusted breaker by [-16440] bytes, now [0]
[2016-03-30 13:54:40,502][TRACE][org.elasticsearch.indices.breaker.request] [request] Adjusted breaker by [16440] bytes, now [16440]
[2016-03-30 13:54:40,502][TRACE][org.elasticsearch.indices.breaker.request] [request] Adjusted breaker by [16440] bytes, now [16440]
[2016-03-30 13:54:40,502][TRACE][org.elasticsearch.indices.breaker.request] [request] Adjusted breaker by [-16440] bytes, now [0]
[2016-03-30 13:54:40,502][TRACE][org.elasticsearch.indices.breaker.request] [request] Adjusted breaker by [-16440] bytes, now [0]
[2016-03-30 13:54:40,504][TRACE][org.elasticsearch.indices.breaker.request] [request] Adjusted breaker by [16440] bytes, now [16440]
[2016-03-30 13:54:40,504][TRACE][org.elasticsearch.indices.breaker.request] [request] Adjusted breaker by [-16440] bytes, now [0]
[2016-03-30 13:54:40,504][TRACE][org.elasticsearch.indices.breaker.request] [request] Adjusted breaker by [16440] bytes, now [16440]
[2016-03-30 13:54:40,505][TRACE][org.elasticsearch.indices.breaker.request] [request] Adjusted breaker by [-16440] bytes, now [0]
[2016-03-30 13:54:40,506][TRACE][org.elasticsearch.indices.breaker.request] [request] Adjusted breaker by [16440] bytes, now [16440]
[2016-03-30 13:54:40,506][TRACE][org.elasticsearch.indices.breaker.request] [request] Adjusted breaker by [-16440] bytes, now [0]
[2016-03-30 13:54:40,506][TRACE][org.elasticsearch.indices.breaker.request] [request] Adjusted breaker by [16440] bytes, now [16440]
[2016-03-30 13:54:40,507][TRACE][org.elasticsearch.indices.breaker.request] [request] Adjusted breaker by [-16440] bytes, now [0]
[2016-03-30 13:54:40,508][TRACE][org.elasticsearch.indices.breaker.request] [request] Adjusted breaker by [16440] bytes, now [16440]
[2016-03-30 13:54:40,508][TRACE][org.elasticsearch.indices.breaker.request] [request] Adjusted breaker by [-16440] bytes, now [0]
[2016-03-30 13:54:40,509][TRACE][org.elasticsearch.indices.breaker.request] [request] Adjusted breaker by [16440] bytes, now [16440]
[2016-03-30 13:54:40,509][TRACE][org.elasticsearch.indices.breaker.request] [request] Adjusted breaker by [-16440] bytes, now [0]
[2016-03-30 13:54:40,510][TRACE][org.elasticsearch.indices.breaker.request] [request] Adjusted breaker by [16440] bytes, now [16440]
[2016-03-30 13:54:40,510][TRACE][org.elasticsearch.indices.breaker.request] [request] Adjusted breaker by [-16440] bytes, now [0]
[2016-03-30 13:54:40,511][TRACE][org.elasticsearch.indices.breaker.request] [request] Adjusted breaker by [16440] bytes, now [16440]
[2016-03-30 13:54:40,511][TRACE][org.elasticsearch.indices.breaker.request] [request] Adjusted breaker by [-16440] bytes, now [0]
[2016-03-30 13:54:40,512][TRACE][org.elasticsearch.indices.breaker.request] [request] Adjusted breaker by [16440] bytes, now [16440]
[2016-03-30 13:54:40,512][TRACE][org.elasticsearch.indices.breaker.request] [request] Adjusted breaker by [-16440] bytes, now [0]
[2016-03-30 13:54:40,513][TRACE][org.elasticsearch.indices.breaker.request] [request] Adjusted breaker by [16440] bytes, now [16440]
[2016-03-30 13:54:40,513][TRACE][org.elasticsearch.indices.breaker.request] [request] Adjusted breaker by [-16440] bytes, now [0]
[2016-03-30 13:54:40,516][TRACE][org.elasticsearch.indices.breaker.request] [request] Adjusted breaker by [16440] bytes, now [16440]
[2016-03-30 13:54:40,516][TRACE][org.elasticsearch.indices.breaker.request] [request] Adjusted breaker by [-16440] bytes, now [0]
[2016-03-30 13:54:40,517][TRACE][org.elasticsearch.indices.breaker.request] [request] Adjusted breaker by [16440] bytes, now [16440]
[2016-03-30 13:54:40,517][TRACE][org.elasticsearch.indices.breaker.request] [request] Adjusted breaker by [-16440] bytes, now [0]
[2016-03-30 13:54:40,521][TRACE][org.elasticsearch.indices.breaker.request] [request] Adjusted breaker by [16440] bytes, now [16440]
[2016-03-30 13:54:40,521][TRACE][org.elasticsearch.indices.breaker.request] [request] Adjusted breaker by [-16440] bytes, now [0]
[2016-03-30 13:54:40,522][TRACE][org.elasticsearch.indices.breaker.request] [request] Adjusted breaker by [16440] bytes, now [16440]
[2016-03-30 13:54:40,522][TRACE][org.elasticsearch.indices.breaker.request] [request] Adjusted breaker by [-16440] bytes, now [0]
[2016-03-30 13:54:40,524][TRACE][org.elasticsearch.indices.breaker.request] [request] Adjusted breaker by [16440] bytes, now [16440]
[2016-03-30 13:54:40,524][TRACE][org.elasticsearch.indices.breaker.request] [request] Adjusted breaker by [16440] bytes, now [16440]
[2016-03-30 13:54:40,524][TRACE][org.elasticsearch.indices.breaker.request] [request] Adjusted breaker by [-16440] bytes, now [0]
[2016-03-30 13:54:40,524][TRACE][org.elasticsearch.indices.breaker.request] [request] Adjusted breaker by [-16440] bytes, now [0]
[2016-03-30 13:54:40,526][TRACE][org.elasticsearch.indices.breaker.request] [request] Adjusted breaker by [16440] bytes, now [16440]
[2016-03-30 13:54:40,526][TRACE][org.elasticsearch.indices.breaker.request] [request] Adjusted breaker by [-16440] bytes, now [0]
[2016-03-30 13:54:40,526][TRACE][org.elasticsearch.indices.breaker.request] [request] Adjusted breaker by [16440] bytes, now [16440]
[2016-03-30 13:54:40,526][TRACE][org.elasticsearch.indices.breaker.request] [request] Adjusted breaker by [-16440] bytes, now [0]
[2016-03-30 13:54:40,528][TRACE][org.elasticsearch.indices.breaker.request] [request] Adjusted breaker by [16440] bytes, now [16440]
[2016-03-30 13:54:40,528][TRACE][org.elasticsearch.indices.breaker.request] [request] Adjusted breaker by [16440] bytes, now [16440]
[2016-03-30 13:54:40,528][TRACE][org.elasticsearch.indices.breaker.request] [request] Adjusted breaker by [-16440] bytes, now [0]
[2016-03-30 13:54:40,529][TRACE][org.elasticsearch.indices.breaker.request] [request] Adjusted breaker by [-16440] bytes, now [0]
[2016-03-30 13:54:40,529][TRACE][org.elasticsearch.indices] [node_s1] [test][6] warming [MultiReader(FilterLeafReader(_0(5.4.0):c38) FilterLeafReader(_1(5.4.0):c9))]
[2016-03-30 13:54:40,529][TRACE][org.elasticsearch.indices] [node_s1] [test][6] top warming [ElasticsearchDirectoryReader(FilterLeafReader(_0(5.4.0):c38) FilterLeafReader(_1(5.4.0):c9))]
[2016-03-30 13:54:40,530][TRACE][org.elasticsearch.indices.breaker.request] [request] Adjusted breaker by [16440] bytes, now [16440]
[2016-03-30 13:54:40,530][TRACE][org.elasticsearch.indices.breaker.request] [request] Adjusted breaker by [-16440] bytes, now [0]
[2016-03-30 13:54:40,530][TRACE][org.elasticsearch.indices.breaker.request] [request] Adjusted breaker by [16440] bytes, now [16440]
[2016-03-30 13:54:40,530][TRACE][org.elasticsearch.indices.breaker.request] [request] Adjusted breaker by [-16440] bytes, now [0]
[2016-03-30 13:54:40,534][TRACE][org.elasticsearch.indices.flush] [node_s1] [test][6] pre sync flush done. commit id VK1nW4wmURky6W22z8hs5Q==
[2016-03-30 13:54:40,534][TRACE][org.elasticsearch.indices.flush] [node_s1] [test][7] performing pre sync flush
[2016-03-30 13:54:40,537][TRACE][org.elasticsearch.indices.breaker.request] [request] Adjusted breaker by [16440] bytes, now [16440]
[2016-03-30 13:54:40,537][TRACE][org.elasticsearch.indices.breaker.request] [request] Adjusted breaker by [-16440] bytes, now [0]
[2016-03-30 13:54:40,538][TRACE][org.elasticsearch.indices.breaker.request] [request] Adjusted breaker by [16440] bytes, now [16440]
[2016-03-30 13:54:40,538][TRACE][org.elasticsearch.indices.breaker.request] [request] Adjusted breaker by [-16440] bytes, now [0]
[2016-03-30 13:54:40,539][TRACE][org.elasticsearch.indices.breaker.request] [request] Adjusted breaker by [16440] bytes, now [16440]
[2016-03-30 13:54:40,540][TRACE][org.elasticsearch.indices.breaker.request] [request] Adjusted breaker by [-16440] bytes, now [0]
[2016-03-30 13:54:40,540][TRACE][org.elasticsearch.indices.breaker.request] [request] Adjusted breaker by [16440] bytes, now [16440]
[2016-03-30 13:54:40,540][TRACE][org.elasticsearch.indices.breaker.request] [request] Adjusted breaker by [-16440] bytes, now [0]
[2016-03-30 13:54:40,541][TRACE][org.elasticsearch.indices.breaker.request] [request] Adjusted breaker by [16440] bytes, now [16440]
[2016-03-30 13:54:40,542][TRACE][org.elasticsearch.indices.breaker.request] [request] Adjusted breaker by [-16440] bytes, now [0]
[2016-03-30 13:54:40,542][TRACE][org.elasticsearch.indices.breaker.request] [request] Adjusted breaker by [16440] bytes, now [16440]
[2016-03-30 13:54:40,542][TRACE][org.elasticsearch.indices.breaker.request] [request] Adjusted breaker by [-16440] bytes, now [0]
[2016-03-30 13:54:40,544][TRACE][org.elasticsearch.indices.breaker.request] [request] Adjusted breaker by [16440] bytes, now [16440]
[2016-03-30 13:54:40,544][TRACE][org.elasticsearch.indices.breaker.request] [request] Adjusted breaker by [16440] bytes, now [16440]
[2016-03-30 13:54:40,544][TRACE][org.elasticsearch.indices.breaker.request] [request] Adjusted breaker by [-16440] bytes, now [0]
[2016-03-30 13:54:40,544][TRACE][org.elasticsearch.indices.breaker.request] [request] Adjusted breaker by [-16440] bytes, now [0]
[2016-03-30 13:54:40,546][TRACE][org.elasticsearch.indices.breaker.request] [request] Adjusted breaker by [16440] bytes, now [16440]
[2016-03-30 13:54:40,546][TRACE][org.elasticsearch.indices.breaker.request] [request] Adjusted breaker by [16440] bytes, now [16440]
[2016-03-30 13:54:40,547][TRACE][org.elasticsearch.indices.breaker.request] [request] Adjusted breaker by [-16440] bytes, now [0]
[2016-03-30 13:54:40,547][TRACE][org.elasticsearch.indices.breaker.request] [request] Adjusted breaker by [-16440] bytes, now [0]
[2016-03-30 13:54:40,548][TRACE][org.elasticsearch.indices.breaker.request] [request] Adjusted breaker by [16440] bytes, now [16440]
[2016-03-30 13:54:40,548][TRACE][org.elasticsearch.indices.breaker.request] [request] Adjusted breaker by [-16440] bytes, now [0]
[2016-03-30 13:54:40,549][TRACE][org.elasticsearch.indices.breaker.request] [request] Adjusted breaker by [16440] bytes, now [16440]
[2016-03-30 13:54:40,549][TRACE][org.elasticsearch.indices.breaker.request] [request] Adjusted breaker by [-16440] bytes, now [0]
[2016-03-30 13:54:40,551][TRACE][org.elasticsearch.indices.breaker.request] [request] Adjusted breaker by [16440] bytes, now [16440]
[2016-03-30 13:54:40,551][TRACE][org.elasticsearch.indices.breaker.request] [request] Adjusted breaker by [-16440] bytes, now [0]
[2016-03-30 13:54:40,551][TRACE][org.elasticsearch.indices.breaker.request] [request] Adjusted breaker by [16440] bytes, now [16440]
[2016-03-30 13:54:40,552][TRACE][org.elasticsearch.indices.breaker.request] [request] Adjusted breaker by [-16440] bytes, now [0]
[2016-03-30 13:54:40,553][TRACE][org.elasticsearch.indices.breaker.request] [request] Adjusted breaker by [16440] bytes, now [16440]
[2016-03-30 13:54:40,553][TRACE][org.elasticsearch.indices.breaker.request] [request] Adjusted breaker by [-16440] bytes, now [0]
[2016-03-30 13:54:40,554][TRACE][org.elasticsearch.indices.breaker.request] [request] Adjusted breaker by [16440] bytes, now [16440]
[2016-03-30 13:54:40,554][TRACE][org.elasticsearch.indices.breaker.request] [request] Adjusted breaker by [-16440] bytes, now [0]
[2016-03-30 13:54:40,555][TRACE][org.elasticsearch.indices.breaker.request] [request] Adjusted breaker by [16440] bytes, now [16440]
[2016-03-30 13:54:40,556][TRACE][org.elasticsearch.indices.breaker.request] [request] Adjusted breaker by [-16440] bytes, now [0]
[2016-03-30 13:54:40,556][TRACE][org.elasticsearch.indices.breaker.request] [request] Adjusted breaker by [16440] bytes, now [16440]
[2016-03-30 13:54:40,556][TRACE][org.elasticsearch.indices.breaker.request] [request] Adjusted breaker by [-16440] bytes, now [0]
[2016-03-30 13:54:40,557][TRACE][org.elasticsearch.indices.breaker.request] [request] Adjusted breaker by [16440] bytes, now [16440]
[2016-03-30 13:54:40,557][TRACE][org.elasticsearch.indices.breaker.request] [request] Adjusted breaker by [-16440] bytes, now [0]
[2016-03-30 13:54:40,558][TRACE][org.elasticsearch.indices.breaker.request] [request] Adjusted breaker by [16440] bytes, now [16440]
[2016-03-30 13:54:40,558][TRACE][org.elasticsearch.indices.breaker.request] [request] Adjusted breaker by [-16440] bytes, now [0]
[2016-03-30 13:54:40,559][TRACE][org.elasticsearch.indices.breaker.request] [request] Adjusted breaker by [16440] bytes, now [16440]
[2016-03-30 13:54:40,559][TRACE][org.elasticsearch.indices.breaker.request] [request] Adjusted breaker by [-16440] bytes, now [0]
[2016-03-30 13:54:40,563][TRACE][org.elasticsearch.indices.breaker.request] [request] Adjusted breaker by [16440] bytes, now [16440]
[2016-03-30 13:54:40,563][TRACE][org.elasticsearch.indices.breaker.request] [request] Adjusted breaker by [-16440] bytes, now [0]
[2016-03-30 13:54:40,569][TRACE][org.elasticsearch.indices.breaker.request] [request] Adjusted breaker by [16440] bytes, now [16440]
[2016-03-30 13:54:40,569][TRACE][org.elasticsearch.indices.breaker.request] [request] Adjusted breaker by [-16440] bytes, now [0]
[2016-03-30 13:54:40,570][TRACE][org.elasticsearch.indices.breaker.request] [request] Adjusted breaker by [16440] bytes, now [16440]
[2016-03-30 13:54:40,570][TRACE][org.elasticsearch.indices.breaker.request] [request] Adjusted breaker by [-16440] bytes, now [0]
[2016-03-30 13:54:40,572][TRACE][org.elasticsearch.indices.breaker.request] [request] Adjusted breaker by [16440] bytes, now [16440]
[2016-03-30 13:54:40,572][TRACE][org.elasticsearch.indices.breaker.request] [request] Adjusted breaker by [-16440] bytes, now [0]
[2016-03-30 13:54:40,573][TRACE][org.elasticsearch.indices.breaker.request] [request] Adjusted breaker by [16440] bytes, now [16440]
[2016-03-30 13:54:40,574][TRACE][org.elasticsearch.indices.breaker.request] [request] Adjusted breaker by [-16440] bytes, now [0]
[2016-03-30 13:54:40,576][TRACE][org.elasticsearch.indices.breaker.request] [request] Adjusted breaker by [16440] bytes, now [16440]
[2016-03-30 13:54:40,576][TRACE][org.elasticsearch.indices.breaker.request] [request] Adjusted breaker by [-16440] bytes, now [0]
[2016-03-30 13:54:40,577][TRACE][org.elasticsearch.indices] [node_s3] [test][6] warming [MultiReader(FilterLeafReader(_0(5.4.0):c42) FilterLeafReader(_1(5.4.0):c5))]
[2016-03-30 13:54:40,577][TRACE][org.elasticsearch.indices] [node_s3] [test][6] top warming [ElasticsearchDirectoryReader(FilterLeafReader(_0(5.4.0):c42) FilterLeafReader(_1(5.4.0):c5))]
[2016-03-30 13:54:40,581][TRACE][org.elasticsearch.indices] [node_s0] [test][5] warming [MultiReader(FilterLeafReader(_0(5.4.0):c46) FilterLeafReader(_1(5.4.0):c9))]
[2016-03-30 13:54:40,581][TRACE][org.elasticsearch.indices] [node_s0] [test][5] top warming [ElasticsearchDirectoryReader(FilterLeafReader(_0(5.4.0):c46) FilterLeafReader(_1(5.4.0):c9))]
[2016-03-30 13:54:40,585][TRACE][org.elasticsearch.indices.breaker.request] [request] Adjusted breaker by [16440] bytes, now [16440]
[2016-03-30 13:54:40,585][TRACE][org.elasticsearch.indices.breaker.request] [request] Adjusted breaker by [-16440] bytes, now [0]
[2016-03-30 13:54:40,587][TRACE][org.elasticsearch.indices.breaker.request] [request] Adjusted breaker by [16440] bytes, now [16440]
[2016-03-30 13:54:40,587][TRACE][org.elasticsearch.indices.flush] [node_s0] [test][5] pre sync flush done. commit id VK1nW4wmURky6W22z8hs5g==
[2016-03-30 13:54:40,587][TRACE][org.elasticsearch.indices.breaker.request] [request] Adjusted breaker by [-16440] bytes, now [0]
[2016-03-30 13:54:40,587][TRACE][org.elasticsearch.indices.flush] [node_s0] [test][5] retrieving in flight operation count
[2016-03-30 13:54:40,587][TRACE][org.elasticsearch.indices.flush] [node_s3] [test][6] pre sync flush done. commit id VK1nW4wmURky6W22z8hs5w==
[2016-03-30 13:54:40,587][TRACE][org.elasticsearch.indices.flush] [node_s1] [test][5] in flight operations sampled at [0]
[2016-03-30 13:54:40,587][TRACE][org.elasticsearch.indices.flush] [node_s3] [test][7] performing pre sync flush
[2016-03-30 13:54:40,587][TRACE][org.elasticsearch.indices.flush] [node_s0] [test][5] sending synced flush request to [test][5], node[Q4P4gfwCSVmM5TnOfNl8Iw], [R], v[6], s[STARTED], a[id=01ceLA8US_OdVlwWMqwN1w]. sync id [AVPJTojLcuDhFsMJAmS3].
[2016-03-30 13:54:40,588][TRACE][org.elasticsearch.indices.flush] [node_s0] [test][5] sending synced flush request to [test][5], node[8X2Ed1xFSrylEKDMjLmvkQ], [R], v[6], s[STARTED], a[id=XE5qPGHRRl2x-d5xQPXXHQ]. sync id [AVPJTojLcuDhFsMJAmS3].
[2016-03-30 13:54:40,588][TRACE][org.elasticsearch.indices.breaker.request] [request] Adjusted breaker by [16440] bytes, now [16440]
[2016-03-30 13:54:40,588][TRACE][org.elasticsearch.indices.flush] [node_s0] [test][5] sending synced flush request to [test][5], node[c9PGTkUhQVSZ1aq6LXuXxw], [P], v[6], s[STARTED], a[id=UH-XUYJ5Rt2eTaFEcQXBAg]. sync id [AVPJTojLcuDhFsMJAmS3].
[2016-03-30 13:54:40,588][TRACE][org.elasticsearch.indices.breaker.request] [request] Adjusted breaker by [-16440] bytes, now [0]
[2016-03-30 13:54:40,587][TRACE][org.elasticsearch.indices.flush] [node_s0] [test][6] performing pre sync flush
[2016-03-30 13:54:40,589][TRACE][org.elasticsearch.indices.breaker.request] [request] Adjusted breaker by [16440] bytes, now [16440]
[2016-03-30 13:54:40,589][TRACE][org.elasticsearch.indices.breaker.request] [request] Adjusted breaker by [-16440] bytes, now [0]
[2016-03-30 13:54:40,590][TRACE][org.elasticsearch.indices.breaker.request] [request] Adjusted breaker by [16440] bytes, now [16440]
[2016-03-30 13:54:40,590][TRACE][org.elasticsearch.indices.breaker.request] [request] Adjusted breaker by [-16440] bytes, now [0]
[2016-03-30 13:54:40,592][TRACE][org.elasticsearch.indices.breaker.request] [request] Adjusted breaker by [16440] bytes, now [16440]
[2016-03-30 13:54:40,592][TRACE][org.elasticsearch.indices.breaker.request] [request] Adjusted breaker by [-16440] bytes, now [0]
[2016-03-30 13:54:40,594][TRACE][org.elasticsearch.indices.breaker.request] [request] Adjusted breaker by [16440] bytes, now [16440]
[2016-03-30 13:54:40,594][TRACE][org.elasticsearch.indices.breaker.request] [request] Adjusted breaker by [-16440] bytes, now [0]
[2016-03-30 13:54:40,602][TRACE][org.elasticsearch.indices.breaker.request] [request] Adjusted breaker by [16440] bytes, now [16440]
[2016-03-30 13:54:40,602][TRACE][org.elasticsearch.indices.breaker.request] [request] Adjusted breaker by [-16440] bytes, now [0]
[2016-03-30 13:54:40,603][TRACE][org.elasticsearch.indices.breaker.request] [request] Adjusted breaker by [16440] bytes, now [16440]
[2016-03-30 13:54:40,603][TRACE][org.elasticsearch.indices.breaker.request] [request] Adjusted breaker by [-16440] bytes, now [0]
[2016-03-30 13:54:40,604][TRACE][org.elasticsearch.indices.breaker.request] [request] Adjusted breaker by [16440] bytes, now [16440]
[2016-03-30 13:54:40,604][TRACE][org.elasticsearch.indices.breaker.request] [request] Adjusted breaker by [-16440] bytes, now [0]
[2016-03-30 13:54:40,605][TRACE][org.elasticsearch.indices.breaker.request] [request] Adjusted breaker by [16440] bytes, now [16440]
[2016-03-30 13:54:40,605][TRACE][org.elasticsearch.indices.breaker.request] [request] Adjusted breaker by [-16440] bytes, now [0]
[2016-03-30 13:54:40,607][TRACE][org.elasticsearch.indices.breaker.request] [request] Adjusted breaker by [16440] bytes, now [16440]
[2016-03-30 13:54:40,607][TRACE][org.elasticsearch.indices.breaker.request] [request] Adjusted breaker by [-16440] bytes, now [0]
[2016-03-30 13:54:40,607][TRACE][org.elasticsearch.indices.breaker.request] [request] Adjusted breaker by [16440] bytes, now [16440]
[2016-03-30 13:54:40,607][TRACE][org.elasticsearch.indices.breaker.request] [request] Adjusted breaker by [-16440] bytes, now [0]
[2016-03-30 13:54:40,609][TRACE][org.elasticsearch.indices.breaker.request] [request] Adjusted breaker by [16440] bytes, now [16440]
[2016-03-30 13:54:40,609][TRACE][org.elasticsearch.indices.breaker.request] [request] Adjusted breaker by [16440] bytes, now [16440]
[2016-03-30 13:54:40,609][TRACE][org.elasticsearch.indices.breaker.request] [request] Adjusted breaker by [-16440] bytes, now [0]
[2016-03-30 13:54:40,610][TRACE][org.elasticsearch.indices.breaker.request] [request] Adjusted breaker by [-16440] bytes, now [0]
[2016-03-30 13:54:40,610][TRACE][org.elasticsearch.indices.breaker.request] [request] Adjusted breaker by [16440] bytes, now [16440]
[2016-03-30 13:54:40,611][TRACE][org.elasticsearch.indices.breaker.request] [request] Adjusted breaker by [-16440] bytes, now [0]
[2016-03-30 13:54:40,611][TRACE][org.elasticsearch.indices.breaker.request] [request] Adjusted breaker by [16440] bytes, now [16440]
[2016-03-30 13:54:40,611][TRACE][org.elasticsearch.indices.breaker.request] [request] Adjusted breaker by [-16440] bytes, now [0]
[2016-03-30 13:54:40,618][TRACE][org.elasticsearch.indices.breaker.request] [request] Adjusted breaker by [16440] bytes, now [16440]
[2016-03-30 13:54:40,618][TRACE][org.elasticsearch.indices.breaker.request] [request] Adjusted breaker by [-16440] bytes, now [0]
[2016-03-30 13:54:40,619][TRACE][org.elasticsearch.indices.breaker.request] [request] Adjusted breaker by [16440] bytes, now [16440]
[2016-03-30 13:54:40,619][TRACE][org.elasticsearch.indices.breaker.request] [request] Adjusted breaker by [-16440] bytes, now [0]
[2016-03-30 13:54:40,621][TRACE][org.elasticsearch.indices.breaker.request] [request] Adjusted breaker by [16440] bytes, now [16440]
[2016-03-30 13:54:40,621][TRACE][org.elasticsearch.indices.breaker.request] [request] Adjusted breaker by [-16440] bytes, now [0]
[2016-03-30 13:54:40,622][TRACE][org.elasticsearch.indices.breaker.request] [request] Adjusted breaker by [16440] bytes, now [16440]
[2016-03-30 13:54:40,622][TRACE][org.elasticsearch.indices.breaker.request] [request] Adjusted breaker by [-16440] bytes, now [0]
[2016-03-30 13:54:40,623][TRACE][org.elasticsearch.indices.breaker.request] [request] Adjusted breaker by [16440] bytes, now [16440]
[2016-03-30 13:54:40,623][TRACE][org.elasticsearch.indices.breaker.request] [request] Adjusted breaker by [-16440] bytes, now [0]
[2016-03-30 13:54:40,624][TRACE][org.elasticsearch.indices.breaker.request] [request] Adjusted breaker by [16440] bytes, now [16440]
[2016-03-30 13:54:40,624][TRACE][org.elasticsearch.indices.breaker.request] [request] Adjusted breaker by [-16440] bytes, now [0]
[2016-03-30 13:54:40,626][TRACE][org.elasticsearch.indices.breaker.request] [request] Adjusted breaker by [16440] bytes, now [16440]
[2016-03-30 13:54:40,626][TRACE][org.elasticsearch.indices.breaker.request] [request] Adjusted breaker by [-16440] bytes, now [0]
[2016-03-30 13:54:40,635][TRACE][org.elasticsearch.indices.breaker.request] [request] Adjusted breaker by [16440] bytes, now [16440]
[2016-03-30 13:54:40,635][TRACE][org.elasticsearch.indices.breaker.request] [request] Adjusted breaker by [-16440] bytes, now [0]
[2016-03-30 13:54:40,637][TRACE][org.elasticsearch.indices.breaker.request] [request] Adjusted breaker by [16440] bytes, now [16440]
[2016-03-30 13:54:40,637][TRACE][org.elasticsearch.indices.breaker.request] [request] Adjusted breaker by [16440] bytes, now [16440]
[2016-03-30 13:54:40,638][TRACE][org.elasticsearch.indices.breaker.request] [request] Adjusted breaker by [-16440] bytes, now [0]
[2016-03-30 13:54:40,638][TRACE][org.elasticsearch.indices.breaker.request] [request] Adjusted breaker by [-16440] bytes, now [0]
[2016-03-30 13:54:40,641][TRACE][org.elasticsearch.indices.breaker.request] [request] Adjusted breaker by [16440] bytes, now [16440]
[2016-03-30 13:54:40,641][TRACE][org.elasticsearch.indices.breaker.request] [request] Adjusted breaker by [16440] bytes, now [16440]
[2016-03-30 13:54:40,641][TRACE][org.elasticsearch.indices.breaker.request] [request] Adjusted breaker by [-16440] bytes, now [0]
[2016-03-30 13:54:40,642][TRACE][org.elasticsearch.indices.breaker.request] [request] Adjusted breaker by [-16440] bytes, now [0]
[2016-03-30 13:54:40,643][TRACE][org.elasticsearch.indices.breaker.request] [request] Adjusted breaker by [16440] bytes, now [16440]
[2016-03-30 13:54:40,643][TRACE][org.elasticsearch.indices.breaker.request] [request] Adjusted breaker by [16440] bytes, now [16440]
[2016-03-30 13:54:40,643][TRACE][org.elasticsearch.indices.breaker.request] [request] Adjusted breaker by [-16440] bytes, now [0]
[2016-03-30 13:54:40,643][TRACE][org.elasticsearch.indices.breaker.request] [request] Adjusted breaker by [-16440] bytes, now [0]
[2016-03-30 13:54:40,645][TRACE][org.elasticsearch.indices.breaker.request] [request] Adjusted breaker by [16440] bytes, now [16440]
[2016-03-30 13:54:40,645][TRACE][org.elasticsearch.indices.breaker.request] [request] Adjusted breaker by [-16440] bytes, now [0]
[2016-03-30 13:54:40,646][TRACE][org.elasticsearch.indices.breaker.request] [request] Adjusted breaker by [16440] bytes, now [16440]
[2016-03-30 13:54:40,646][TRACE][org.elasticsearch.indices.breaker.request] [request] Adjusted breaker by [-16440] bytes, now [0]
[2016-03-30 13:54:40,657][TRACE][org.elasticsearch.indices.breaker.request] [request] Adjusted breaker by [16440] bytes, now [16440]
[2016-03-30 13:54:40,658][TRACE][org.elasticsearch.indices.breaker.request] [request] Adjusted breaker by [-16440] bytes, now [0]
[2016-03-30 13:54:40,658][TRACE][org.elasticsearch.indices.breaker.request] [request] Adjusted breaker by [16440] bytes, now [16440]
[2016-03-30 13:54:40,658][TRACE][org.elasticsearch.indices.breaker.request] [request] Adjusted breaker by [-16440] bytes, now [0]
[2016-03-30 13:54:40,660][TRACE][org.elasticsearch.indices.breaker.request] [request] Adjusted breaker by [16440] bytes, now [16440]
[2016-03-30 13:54:40,660][TRACE][org.elasticsearch.indices.breaker.request] [request] Adjusted breaker by [16440] bytes, now [16440]
[2016-03-30 13:54:40,660][TRACE][org.elasticsearch.indices.breaker.request] [request] Adjusted breaker by [-16440] bytes, now [0]
[2016-03-30 13:54:40,660][TRACE][org.elasticsearch.indices.breaker.request] [request] Adjusted breaker by [-16440] bytes, now [0]
[2016-03-30 13:54:40,662][TRACE][org.elasticsearch.indices.breaker.request] [request] Adjusted breaker by [16440] bytes, now [16440]
[2016-03-30 13:54:40,662][TRACE][org.elasticsearch.indices.breaker.request] [request] Adjusted breaker by [-16440] bytes, now [0]
[2016-03-30 13:54:40,662][TRACE][org.elasticsearch.indices.breaker.request] [request] Adjusted breaker by [16440] bytes, now [16440]
[2016-03-30 13:54:40,663][TRACE][org.elasticsearch.indices.breaker.request] [request] Adjusted breaker by [-16440] bytes, now [0]
[2016-03-30 13:54:40,666][TRACE][org.elasticsearch.indices.breaker.request] [request] Adjusted breaker by [16440] bytes, now [16440]
[2016-03-30 13:54:40,666][TRACE][org.elasticsearch.indices.breaker.request] [request] Adjusted breaker by [-16440] bytes, now [0]
[2016-03-30 13:54:40,667][TRACE][org.elasticsearch.indices.breaker.request] [request] Adjusted breaker by [16440] bytes, now [16440]
[2016-03-30 13:54:40,667][TRACE][org.elasticsearch.indices.breaker.request] [request] Adjusted breaker by [-16440] bytes, now [0]
[2016-03-30 13:54:40,668][TRACE][org.elasticsearch.indices.breaker.request] [request] Adjusted breaker by [16440] bytes, now [16440]
[2016-03-30 13:54:40,668][TRACE][org.elasticsearch.indices.breaker.request] [request] Adjusted breaker by [-16440] bytes, now [0]
[2016-03-30 13:54:40,669][TRACE][org.elasticsearch.indices.breaker.request] [request] Adjusted breaker by [16440] bytes, now [16440]
[2016-03-30 13:54:40,669][TRACE][org.elasticsearch.indices.breaker.request] [request] Adjusted breaker by [-16440] bytes, now [0]
[2016-03-30 13:54:40,671][TRACE][org.elasticsearch.indices.breaker.request] [request] Adjusted breaker by [16440] bytes, now [16440]
[2016-03-30 13:54:40,671][TRACE][org.elasticsearch.indices.breaker.request] [request] Adjusted breaker by [16440] bytes, now [16440]
[2016-03-30 13:54:40,671][TRACE][org.elasticsearch.indices.breaker.request] [request] Adjusted breaker by [-16440] bytes, now [0]
[2016-03-30 13:54:40,671][TRACE][org.elasticsearch.indices.breaker.request] [request] Adjusted breaker by [-16440] bytes, now [0]
[2016-03-30 13:54:40,673][TRACE][org.elasticsearch.indices.breaker.request] [request] Adjusted breaker by [16440] bytes, now [16440]
[2016-03-30 13:54:40,673][TRACE][org.elasticsearch.indices.breaker.request] [request] Adjusted breaker by [-16440] bytes, now [0]
[2016-03-30 13:54:40,673][TRACE][org.elasticsearch.indices.breaker.request] [request] Adjusted breaker by [16440] bytes, now [16440]
[2016-03-30 13:54:40,674][TRACE][org.elasticsearch.indices.breaker.request] [request] Adjusted breaker by [-16440] bytes, now [0]
[2016-03-30 13:54:40,676][TRACE][org.elasticsearch.indices.breaker.request] [request] Adjusted breaker by [16440] bytes, now [16440]
[2016-03-30 13:54:40,676][TRACE][org.elasticsearch.indices.breaker.request] [request] Adjusted breaker by [16440] bytes, now [16440]
[2016-03-30 13:54:40,676][TRACE][org.elasticsearch.indices.breaker.request] [request] Adjusted breaker by [-16440] bytes, now [0]
[2016-03-30 13:54:40,676][TRACE][org.elasticsearch.indices.breaker.request] [request] Adjusted breaker by [-16440] bytes, now [0]
[2016-03-30 13:54:40,677][TRACE][org.elasticsearch.indices.breaker.request] [request] Adjusted breaker by [16440] bytes, now [16440]
[2016-03-30 13:54:40,677][TRACE][org.elasticsearch.indices.breaker.request] [request] Adjusted breaker by [-16440] bytes, now [0]
[2016-03-30 13:54:40,678][TRACE][org.elasticsearch.indices.breaker.request] [request] Adjusted breaker by [16440] bytes, now [16440]
[2016-03-30 13:54:40,678][TRACE][org.elasticsearch.indices.breaker.request] [request] Adjusted breaker by [-16440] bytes, now [0]
[2016-03-30 13:54:40,680][TRACE][org.elasticsearch.indices.breaker.request] [request] Adjusted breaker by [16440] bytes, now [16440]
[2016-03-30 13:54:40,680][TRACE][org.elasticsearch.indices.breaker.request] [request] Adjusted breaker by [-16440] bytes, now [0]
[2016-03-30 13:54:40,681][TRACE][org.elasticsearch.indices.breaker.request] [request] Adjusted breaker by [16440] bytes, now [16440]
[2016-03-30 13:54:40,681][TRACE][org.elasticsearch.indices.breaker.request] [request] Adjusted breaker by [-16440] bytes, now [0]
[2016-03-30 13:54:40,682][TRACE][org.elasticsearch.indices.breaker.request] [request] Adjusted breaker by [16440] bytes, now [16440]
[2016-03-30 13:54:40,682][TRACE][org.elasticsearch.indices.breaker.request] [request] Adjusted breaker by [-16440] bytes, now [0]
[2016-03-30 13:54:40,683][TRACE][org.elasticsearch.indices.breaker.request] [request] Adjusted breaker by [16440] bytes, now [16440]
[2016-03-30 13:54:40,683][TRACE][org.elasticsearch.indices.breaker.request] [request] Adjusted breaker by [-16440] bytes, now [0]
[2016-03-30 13:54:40,684][TRACE][org.elasticsearch.indices.breaker.request] [request] Adjusted breaker by [16440] bytes, now [16440]
[2016-03-30 13:54:40,684][TRACE][org.elasticsearch.indices.breaker.request] [request] Adjusted breaker by [-16440] bytes, now [0]
[2016-03-30 13:54:40,685][TRACE][org.elasticsearch.indices.breaker.request] [request] Adjusted breaker by [16440] bytes, now [16440]
[2016-03-30 13:54:40,685][TRACE][org.elasticsearch.indices.breaker.request] [request] Adjusted breaker by [-16440] bytes, now [0]
[2016-03-30 13:54:40,687][TRACE][org.elasticsearch.indices.breaker.request] [request] Adjusted breaker by [16440] bytes, now [16440]
[2016-03-30 13:54:40,687][TRACE][org.elasticsearch.indices.breaker.request] [request] Adjusted breaker by [16440] bytes, now [16440]
[2016-03-30 13:54:40,687][TRACE][org.elasticsearch.indices.breaker.request] [request] Adjusted breaker by [-16440] bytes, now [0]
[2016-03-30 13:54:40,687][TRACE][org.elasticsearch.indices.breaker.request] [request] Adjusted breaker by [-16440] bytes, now [0]
[2016-03-30 13:54:40,688][TRACE][org.elasticsearch.indices.breaker.request] [request] Adjusted breaker by [16440] bytes, now [16440]
[2016-03-30 13:54:40,688][TRACE][org.elasticsearch.indices.breaker.request] [request] Adjusted breaker by [-16440] bytes, now [0]
[2016-03-30 13:54:40,689][TRACE][org.elasticsearch.indices.breaker.request] [request] Adjusted breaker by [16440] bytes, now [16440]
[2016-03-30 13:54:40,689][TRACE][org.elasticsearch.indices.breaker.request] [request] Adjusted breaker by [-16440] bytes, now [0]
[2016-03-30 13:54:40,693][TRACE][org.elasticsearch.indices.breaker.request] [request] Adjusted breaker by [16440] bytes, now [16440]
[2016-03-30 13:54:40,694][TRACE][org.elasticsearch.indices.breaker.request] [request] Adjusted breaker by [-16440] bytes, now [0]
[2016-03-30 13:54:40,694][TRACE][org.elasticsearch.indices.breaker.request] [request] Adjusted breaker by [16440] bytes, now [16440]
[2016-03-30 13:54:40,694][TRACE][org.elasticsearch.indices.breaker.request] [request] Adjusted breaker by [-16440] bytes, now [0]
[2016-03-30 13:54:40,696][TRACE][org.elasticsearch.indices.breaker.request] [request] Adjusted breaker by [16440] bytes, now [16440]
[2016-03-30 13:54:40,697][TRACE][org.elasticsearch.indices.breaker.request] [request] Adjusted breaker by [16440] bytes, now [16440]
[2016-03-30 13:54:40,697][TRACE][org.elasticsearch.indices.breaker.request] [request] Adjusted breaker by [-16440] bytes, now [0]
[2016-03-30 13:54:40,697][TRACE][org.elasticsearch.indices.breaker.request] [request] Adjusted breaker by [-16440] bytes, now [0]
[2016-03-30 13:54:40,698][TRACE][org.elasticsearch.indices.breaker.request] [request] Adjusted breaker by [16440] bytes, now [16440]
[2016-03-30 13:54:40,698][TRACE][org.elasticsearch.indices.breaker.request] [request] Adjusted breaker by [-16440] bytes, now [0]
[2016-03-30 13:54:40,699][TRACE][org.elasticsearch.indices.breaker.request] [request] Adjusted breaker by [16440] bytes, now [16440]
[2016-03-30 13:54:40,699][TRACE][org.elasticsearch.indices.breaker.request] [request] Adjusted breaker by [-16440] bytes, now [0]
[2016-03-30 13:54:40,700][TRACE][org.elasticsearch.indices.breaker.request] [request] Adjusted breaker by [16440] bytes, now [16440]
[2016-03-30 13:54:40,700][TRACE][org.elasticsearch.indices.breaker.request] [request] Adjusted breaker by [-16440] bytes, now [0]
[2016-03-30 13:54:40,701][TRACE][org.elasticsearch.indices.breaker.request] [request] Adjusted breaker by [16440] bytes, now [16440]
[2016-03-30 13:54:40,701][TRACE][org.elasticsearch.indices.breaker.request] [request] Adjusted breaker by [-16440] bytes, now [0]
[2016-03-30 13:54:40,705][TRACE][org.elasticsearch.indices.breaker.request] [request] Adjusted breaker by [16440] bytes, now [16440]
[2016-03-30 13:54:40,706][TRACE][org.elasticsearch.indices.breaker.request] [request] Adjusted breaker by [-16440] bytes, now [0]
[2016-03-30 13:54:40,706][TRACE][org.elasticsearch.indices.breaker.request] [request] Adjusted breaker by [16440] bytes, now [16440]
[2016-03-30 13:54:40,706][TRACE][org.elasticsearch.indices.breaker.request] [request] Adjusted breaker by [-16440] bytes, now [0]
[2016-03-30 13:54:40,708][TRACE][org.elasticsearch.indices.breaker.request] [request] Adjusted breaker by [16440] bytes, now [16440]
[2016-03-30 13:54:40,708][TRACE][org.elasticsearch.indices.breaker.request] [request] Adjusted breaker by [-16440] bytes, now [0]
[2016-03-30 13:54:40,709][TRACE][org.elasticsearch.indices.breaker.request] [request] Adjusted breaker by [16440] bytes, now [16440]
[2016-03-30 13:54:40,709][TRACE][org.elasticsearch.indices.breaker.request] [request] Adjusted breaker by [-16440] bytes, now [0]
[2016-03-30 13:54:40,710][TRACE][org.elasticsearch.indices.breaker.request] [request] Adjusted breaker by [16440] bytes, now [16440]
[2016-03-30 13:54:40,710][TRACE][org.elasticsearch.indices.breaker.request] [request] Adjusted breaker by [-16440] bytes, now [0]
[2016-03-30 13:54:40,711][TRACE][org.elasticsearch.indices.breaker.request] [request] Adjusted breaker by [16440] bytes, now [16440]
[2016-03-30 13:54:40,711][TRACE][org.elasticsearch.indices.breaker.request] [request] Adjusted breaker by [-16440] bytes, now [0]
[2016-03-30 13:54:40,712][TRACE][org.elasticsearch.indices.breaker.request] [request] Adjusted breaker by [16440] bytes, now [16440]
[2016-03-30 13:54:40,712][TRACE][org.elasticsearch.indices.breaker.request] [request] Adjusted breaker by [-16440] bytes, now [0]
[2016-03-30 13:54:40,713][TRACE][org.elasticsearch.indices.breaker.request] [request] Adjusted breaker by [16440] bytes, now [16440]
[2016-03-30 13:54:40,713][TRACE][org.elasticsearch.indices.breaker.request] [request] Adjusted breaker by [-16440] bytes, now [0]
[2016-03-30 13:54:40,715][TRACE][org.elasticsearch.indices.breaker.request] [request] Adjusted breaker by [16440] bytes, now [16440]
[2016-03-30 13:54:40,715][TRACE][org.elasticsearch.indices.breaker.request] [request] Adjusted breaker by [16440] bytes, now [16440]
[2016-03-30 13:54:40,715][TRACE][org.elasticsearch.indices.breaker.request] [request] Adjusted breaker by [-16440] bytes, now [0]
[2016-03-30 13:54:40,715][TRACE][org.elasticsearch.indices.breaker.request] [request] Adjusted breaker by [-16440] bytes, now [0]
[2016-03-30 13:54:40,717][TRACE][org.elasticsearch.indices.breaker.request] [request] Adjusted breaker by [16440] bytes, now [16440]
[2016-03-30 13:54:40,717][TRACE][org.elasticsearch.indices.breaker.request] [request] Adjusted breaker by [16440] bytes, now [16440]
[2016-03-30 13:54:40,718][TRACE][org.elasticsearch.indices.breaker.request] [request] Adjusted breaker by [-16440] bytes, now [0]
[2016-03-30 13:54:40,718][TRACE][org.elasticsearch.indices.breaker.request] [request] Adjusted breaker by [-16440] bytes, now [0]
[2016-03-30 13:54:40,719][TRACE][org.elasticsearch.indices.breaker.request] [request] Adjusted breaker by [16440] bytes, now [16440]
[2016-03-30 13:54:40,719][TRACE][org.elasticsearch.indices.breaker.request] [request] Adjusted breaker by [-16440] bytes, now [0]
[2016-03-30 13:54:40,720][TRACE][org.elasticsearch.indices.breaker.request] [request] Adjusted breaker by [16440] bytes, now [16440]
[2016-03-30 13:54:40,720][TRACE][org.elasticsearch.indices.breaker.request] [request] Adjusted breaker by [-16440] bytes, now [0]
[2016-03-30 13:54:40,721][TRACE][org.elasticsearch.indices.breaker.request] [request] Adjusted breaker by [16440] bytes, now [16440]
[2016-03-30 13:54:40,721][TRACE][org.elasticsearch.indices.breaker.request] [request] Adjusted breaker by [-16440] bytes, now [0]
[2016-03-30 13:54:40,722][TRACE][org.elasticsearch.indices.breaker.request] [request] Adjusted breaker by [16440] bytes, now [16440]
[2016-03-30 13:54:40,722][TRACE][org.elasticsearch.indices.breaker.request] [request] Adjusted breaker by [-16440] bytes, now [0]
[2016-03-30 13:54:40,723][TRACE][org.elasticsearch.indices.breaker.request] [request] Adjusted breaker by [16440] bytes, now [16440]
[2016-03-30 13:54:40,723][TRACE][org.elasticsearch.indices.breaker.request] [request] Adjusted breaker by [-16440] bytes, now [0]
[2016-03-30 13:54:40,724][TRACE][org.elasticsearch.indices.breaker.request] [request] Adjusted breaker by [16440] bytes, now [16440]
[2016-03-30 13:54:40,724][TRACE][org.elasticsearch.indices.breaker.request] [request] Adjusted breaker by [-16440] bytes, now [0]
[2016-03-30 13:54:40,725][TRACE][org.elasticsearch.indices.breaker.request] [request] Adjusted breaker by [16440] bytes, now [16440]
[2016-03-30 13:54:40,725][TRACE][org.elasticsearch.indices.breaker.request] [request] Adjusted breaker by [-16440] bytes, now [0]
[2016-03-30 13:54:40,726][TRACE][org.elasticsearch.indices.breaker.request] [request] Adjusted breaker by [16440] bytes, now [16440]
[2016-03-30 13:54:40,726][TRACE][org.elasticsearch.indices.breaker.request] [request] Adjusted breaker by [-16440] bytes, now [0]
[2016-03-30 13:54:40,727][TRACE][org.elasticsearch.indices.breaker.request] [request] Adjusted breaker by [16440] bytes, now [16440]
[2016-03-30 13:54:40,727][TRACE][org.elasticsearch.indices.breaker.request] [request] Adjusted breaker by [-16440] bytes, now [0]
[2016-03-30 13:54:40,728][TRACE][org.elasticsearch.indices.breaker.request] [request] Adjusted breaker by [16440] bytes, now [16440]
[2016-03-30 13:54:40,728][TRACE][org.elasticsearch.indices.breaker.request] [request] Adjusted breaker by [-16440] bytes, now [0]
[2016-03-30 13:54:40,729][TRACE][org.elasticsearch.indices.breaker.request] [request] Adjusted breaker by [16440] bytes, now [16440]
[2016-03-30 13:54:40,729][TRACE][org.elasticsearch.indices.breaker.request] [request] Adjusted breaker by [-16440] bytes, now [0]
[2016-03-30 13:54:40,730][TRACE][org.elasticsearch.indices.breaker.request] [request] Adjusted breaker by [16440] bytes, now [16440]
[2016-03-30 13:54:40,730][TRACE][org.elasticsearch.indices.breaker.request] [request] Adjusted breaker by [-16440] bytes, now [0]
[2016-03-30 13:54:40,731][TRACE][org.elasticsearch.indices.breaker.request] [request] Adjusted breaker by [16440] bytes, now [16440]
[2016-03-30 13:54:40,731][TRACE][org.elasticsearch.indices.breaker.request] [request] Adjusted breaker by [-16440] bytes, now [0]
[2016-03-30 13:54:40,732][TRACE][org.elasticsearch.indices.breaker.request] [request] Adjusted breaker by [16440] bytes, now [16440]
[2016-03-30 13:54:40,732][TRACE][org.elasticsearch.indices.breaker.request] [request] Adjusted breaker by [-16440] bytes, now [0]
[2016-03-30 13:54:40,734][TRACE][org.elasticsearch.indices.breaker.request] [request] Adjusted breaker by [16440] bytes, now [16440]
[2016-03-30 13:54:40,735][TRACE][org.elasticsearch.indices.breaker.request] [request] Adjusted breaker by [-16440] bytes, now [0]
[2016-03-30 13:54:40,735][TRACE][org.elasticsearch.indices.breaker.request] [request] Adjusted breaker by [16440] bytes, now [16440]
[2016-03-30 13:54:40,735][TRACE][org.elasticsearch.indices.breaker.request] [request] Adjusted breaker by [-16440] bytes, now [0]
[2016-03-30 13:54:40,737][TRACE][org.elasticsearch.indices.breaker.request] [request] Adjusted breaker by [16440] bytes, now [16440]
[2016-03-30 13:54:40,737][TRACE][org.elasticsearch.indices.breaker.request] [request] Adjusted breaker by [-16440] bytes, now [0]
[2016-03-30 13:54:40,744][TRACE][org.elasticsearch.indices.breaker.request] [request] Adjusted breaker by [16440] bytes, now [16440]
[2016-03-30 13:54:40,745][TRACE][org.elasticsearch.indices.breaker.request] [request] Adjusted breaker by [-16440] bytes, now [0]
[2016-03-30 13:54:40,746][TRACE][org.elasticsearch.indices.breaker.request] [request] Adjusted breaker by [16440] bytes, now [16440]
[2016-03-30 13:54:40,746][TRACE][org.elasticsearch.indices.breaker.request] [request] Adjusted breaker by [-16440] bytes, now [0]
[2016-03-30 13:54:40,747][TRACE][org.elasticsearch.indices.breaker.request] [request] Adjusted breaker by [16440] bytes, now [16440]
[2016-03-30 13:54:40,747][TRACE][org.elasticsearch.indices.breaker.request] [request] Adjusted breaker by [-16440] bytes, now [0]
[2016-03-30 13:54:40,748][TRACE][org.elasticsearch.indices.breaker.request] [request] Adjusted breaker by [16440] bytes, now [16440]
[2016-03-30 13:54:40,748][TRACE][org.elasticsearch.indices.breaker.request] [request] Adjusted breaker by [-16440] bytes, now [0]
[2016-03-30 13:54:40,749][TRACE][org.elasticsearch.indices.breaker.request] [request] Adjusted breaker by [16440] bytes, now [16440]
[2016-03-30 13:54:40,749][TRACE][org.elasticsearch.indices.breaker.request] [request] Adjusted breaker by [-16440] bytes, now [0]
[2016-03-30 13:54:40,751][TRACE][org.elasticsearch.indices.breaker.request] [request] Adjusted breaker by [16440] bytes, now [16440]
[2016-03-30 13:54:40,751][TRACE][org.elasticsearch.indices.breaker.request] [request] Adjusted breaker by [16440] bytes, now [16440]
[2016-03-30 13:54:40,751][TRACE][org.elasticsearch.indices.breaker.request] [request] Adjusted breaker by [-16440] bytes, now [0]
[2016-03-30 13:54:40,751][TRACE][org.elasticsearch.indices.breaker.request] [request] Adjusted breaker by [-16440] bytes, now [0]
[2016-03-30 13:54:40,752][TRACE][org.elasticsearch.indices.breaker.request] [request] Adjusted breaker by [16440] bytes, now [16440]
[2016-03-30 13:54:40,752][TRACE][org.elasticsearch.indices.breaker.request] [request] Adjusted breaker by [-16440] bytes, now [0]
[2016-03-30 13:54:40,753][TRACE][org.elasticsearch.indices.breaker.request] [request] Adjusted breaker by [16440] bytes, now [16440]
[2016-03-30 13:54:40,753][TRACE][org.elasticsearch.indices.breaker.request] [request] Adjusted breaker by [-16440] bytes, now [0]
[2016-03-30 13:54:40,759][TRACE][org.elasticsearch.indices.breaker.request] [request] Adjusted breaker by [16440] bytes, now [16440]
[2016-03-30 13:54:40,760][TRACE][org.elasticsearch.indices.breaker.request] [request] Adjusted breaker by [-16440] bytes, now [0]
[2016-03-30 13:54:40,761][TRACE][org.elasticsearch.indices.breaker.request] [request] Adjusted breaker by [16440] bytes, now [16440]
[2016-03-30 13:54:40,761][TRACE][org.elasticsearch.indices.breaker.request] [request] Adjusted breaker by [-16440] bytes, now [0]
[2016-03-30 13:54:40,762][TRACE][org.elasticsearch.indices.breaker.request] [request] Adjusted breaker by [16440] bytes, now [16440]
[2016-03-30 13:54:40,762][TRACE][org.elasticsearch.indices.breaker.request] [request] Adjusted breaker by [-16440] bytes, now [0]
[2016-03-30 13:54:40,763][TRACE][org.elasticsearch.indices.breaker.request] [request] Adjusted breaker by [16440] bytes, now [16440]
[2016-03-30 13:54:40,763][TRACE][org.elasticsearch.indices.breaker.request] [request] Adjusted breaker by [-16440] bytes, now [0]
[2016-03-30 13:54:40,765][TRACE][org.elasticsearch.indices.breaker.request] [request] Adjusted breaker by [16440] bytes, now [16440]
[2016-03-30 13:54:40,765][TRACE][org.elasticsearch.indices.breaker.request] [request] Adjusted breaker by [-16440] bytes, now [0]
[2016-03-30 13:54:40,765][TRACE][org.elasticsearch.indices.breaker.request] [request] Adjusted breaker by [16440] bytes, now [16440]
[2016-03-30 13:54:40,765][TRACE][org.elasticsearch.indices.breaker.request] [request] Adjusted breaker by [-16440] bytes, now [0]
[2016-03-30 13:54:40,774][TRACE][org.elasticsearch.indices.breaker.request] [request] Adjusted breaker by [16440] bytes, now [16440]
[2016-03-30 13:54:40,774][TRACE][org.elasticsearch.indices.breaker.request] [request] Adjusted breaker by [16440] bytes, now [16440]
[2016-03-30 13:54:40,774][TRACE][org.elasticsearch.indices.breaker.request] [request] Adjusted breaker by [-16440] bytes, now [0]
[2016-03-30 13:54:40,774][TRACE][org.elasticsearch.indices.breaker.request] [request] Adjusted breaker by [-16440] bytes, now [0]
[2016-03-30 13:54:40,776][TRACE][org.elasticsearch.indices.breaker.request] [request] Adjusted breaker by [16440] bytes, now [16440]
[2016-03-30 13:54:40,777][TRACE][org.elasticsearch.indices.breaker.request] [request] Adjusted breaker by [-16440] bytes, now [0]
[2016-03-30 13:54:40,777][TRACE][org.elasticsearch.indices.breaker.request] [request] Adjusted breaker by [16440] bytes, now [16440]
[2016-03-30 13:54:40,777][TRACE][org.elasticsearch.indices.breaker.request] [request] Adjusted breaker by [-16440] bytes, now [0]
[2016-03-30 13:54:40,779][TRACE][org.elasticsearch.indices.breaker.request] [request] Adjusted breaker by [16440] bytes, now [16440]
[2016-03-30 13:54:40,779][TRACE][org.elasticsearch.indices.breaker.request] [request] Adjusted breaker by [16440] bytes, now [16440]
[2016-03-30 13:54:40,779][TRACE][org.elasticsearch.indices.breaker.request] [request] Adjusted breaker by [-16440] bytes, now [0]
[2016-03-30 13:54:40,779][TRACE][org.elasticsearch.indices.breaker.request] [request] Adjusted breaker by [-16440] bytes, now [0]
[2016-03-30 13:54:40,784][TRACE][org.elasticsearch.indices.breaker.request] [request] Adjusted breaker by [16440] bytes, now [16440]
[2016-03-30 13:54:40,784][TRACE][org.elasticsearch.indices.breaker.request] [request] Adjusted breaker by [16440] bytes, now [16440]
[2016-03-30 13:54:40,784][TRACE][org.elasticsearch.indices.breaker.request] [request] Adjusted breaker by [-16440] bytes, now [0]
[2016-03-30 13:54:40,784][TRACE][org.elasticsearch.indices.breaker.request] [request] Adjusted breaker by [-16440] bytes, now [0]
[2016-03-30 13:54:40,786][TRACE][org.elasticsearch.indices.breaker.request] [request] Adjusted breaker by [16440] bytes, now [16440]
[2016-03-30 13:54:40,786][TRACE][org.elasticsearch.indices.breaker.request] [request] Adjusted breaker by [16440] bytes, now [16440]
[2016-03-30 13:54:40,786][TRACE][org.elasticsearch.indices.breaker.request] [request] Adjusted breaker by [-16440] bytes, now [0]
[2016-03-30 13:54:40,786][TRACE][org.elasticsearch.indices.breaker.request] [request] Adjusted breaker by [-16440] bytes, now [0]
[2016-03-30 13:54:40,787][TRACE][org.elasticsearch.indices.breaker.request] [request] Adjusted breaker by [16440] bytes, now [16440]
[2016-03-30 13:54:40,788][TRACE][org.elasticsearch.indices.breaker.request] [request] Adjusted breaker by [-16440] bytes, now [0]
[2016-03-30 13:54:40,788][TRACE][org.elasticsearch.indices.breaker.request] [request] Adjusted breaker by [16440] bytes, now [16440]
[2016-03-30 13:54:40,788][TRACE][org.elasticsearch.indices.breaker.request] [request] Adjusted breaker by [-16440] bytes, now [0]
[2016-03-30 13:54:40,791][TRACE][org.elasticsearch.indices.breaker.request] [request] Adjusted breaker by [16440] bytes, now [16440]
[2016-03-30 13:54:40,791][TRACE][org.elasticsearch.indices.breaker.request] [request] Adjusted breaker by [16440] bytes, now [16440]
[2016-03-30 13:54:40,791][TRACE][org.elasticsearch.indices.breaker.request] [request] Adjusted breaker by [-16440] bytes, now [0]
[2016-03-30 13:54:40,791][TRACE][org.elasticsearch.indices.breaker.request] [request] Adjusted breaker by [-16440] bytes, now [0]
[2016-03-30 13:54:40,793][TRACE][org.elasticsearch.indices.breaker.request] [request] Adjusted breaker by [16440] bytes, now [16440]
[2016-03-30 13:54:40,793][TRACE][org.elasticsearch.indices.breaker.request] [request] Adjusted breaker by [16440] bytes, now [16440]
[2016-03-30 13:54:40,793][TRACE][org.elasticsearch.indices.breaker.request] [request] Adjusted breaker by [-16440] bytes, now [0]
[2016-03-30 13:54:40,793][TRACE][org.elasticsearch.indices.breaker.request] [request] Adjusted breaker by [-16440] bytes, now [0]
[2016-03-30 13:54:40,794][TRACE][org.elasticsearch.indices.breaker.request] [request] Adjusted breaker by [16440] bytes, now [16440]
[2016-03-30 13:54:40,794][TRACE][org.elasticsearch.indices.breaker.request] [request] Adjusted breaker by [-16440] bytes, now [0]
[2016-03-30 13:54:40,795][TRACE][org.elasticsearch.indices.breaker.request] [request] Adjusted breaker by [16440] bytes, now [16440]
[2016-03-30 13:54:40,795][TRACE][org.elasticsearch.indices.breaker.request] [request] Adjusted breaker by [-16440] bytes, now [0]
[2016-03-30 13:54:40,796][TRACE][org.elasticsearch.indices.breaker.request] [request] Adjusted breaker by [16440] bytes, now [16440]
[2016-03-30 13:54:40,796][TRACE][org.elasticsearch.indices.breaker.request] [request] Adjusted breaker by [-16440] bytes, now [0]
[2016-03-30 13:54:40,797][TRACE][org.elasticsearch.indices.breaker.request] [request] Adjusted breaker by [16440] bytes, now [16440]
[2016-03-30 13:54:40,797][TRACE][org.elasticsearch.indices.breaker.request] [request] Adjusted breaker by [-16440] bytes, now [0]
[2016-03-30 13:54:40,798][TRACE][org.elasticsearch.indices.breaker.request] [request] Adjusted breaker by [16440] bytes, now [16440]
[2016-03-30 13:54:40,798][TRACE][org.elasticsearch.indices.breaker.request] [request] Adjusted breaker by [-16440] bytes, now [0]
[2016-03-30 13:54:40,799][TRACE][org.elasticsearch.indices.breaker.request] [request] Adjusted breaker by [16440] bytes, now [16440]
[2016-03-30 13:54:40,799][TRACE][org.elasticsearch.indices.breaker.request] [request] Adjusted breaker by [-16440] bytes, now [0]
[2016-03-30 13:54:40,800][TRACE][org.elasticsearch.indices.breaker.request] [request] Adjusted breaker by [16440] bytes, now [16440]
[2016-03-30 13:54:40,800][TRACE][org.elasticsearch.indices.breaker.request] [request] Adjusted breaker by [-16440] bytes, now [0]
[2016-03-30 13:54:40,801][TRACE][org.elasticsearch.indices.breaker.request] [request] Adjusted breaker by [16440] bytes, now [16440]
[2016-03-30 13:54:40,801][TRACE][org.elasticsearch.indices.breaker.request] [request] Adjusted breaker by [-16440] bytes, now [0]
[2016-03-30 13:54:40,803][TRACE][org.elasticsearch.indices.breaker.request] [request] Adjusted breaker by [16440] bytes, now [16440]
[2016-03-30 13:54:40,803][TRACE][org.elasticsearch.indices.breaker.request] [request] Adjusted breaker by [16440] bytes, now [16440]
[2016-03-30 13:54:40,803][TRACE][org.elasticsearch.indices.breaker.request] [request] Adjusted breaker by [-16440] bytes, now [0]
[2016-03-30 13:54:40,803][TRACE][org.elasticsearch.indices.breaker.request] [request] Adjusted breaker by [-16440] bytes, now [0]
[2016-03-30 13:54:40,804][TRACE][org.elasticsearch.indices.breaker.request] [request] Adjusted breaker by [16440] bytes, now [16440]
[2016-03-30 13:54:40,804][TRACE][org.elasticsearch.indices.breaker.request] [request] Adjusted breaker by [-16440] bytes, now [0]
[2016-03-30 13:54:40,805][TRACE][org.elasticsearch.indices.breaker.request] [request] Adjusted breaker by [16440] bytes, now [16440]
[2016-03-30 13:54:40,805][TRACE][org.elasticsearch.indices.breaker.request] [request] Adjusted breaker by [-16440] bytes, now [0]
[2016-03-30 13:54:40,806][TRACE][org.elasticsearch.indices.breaker.request] [request] Adjusted breaker by [16440] bytes, now [16440]
[2016-03-30 13:54:40,806][TRACE][org.elasticsearch.indices.breaker.request] [request] Adjusted breaker by [16440] bytes, now [16440]
[2016-03-30 13:54:40,807][TRACE][org.elasticsearch.indices.breaker.request] [request] Adjusted breaker by [-16440] bytes, now [0]
[2016-03-30 13:54:40,807][TRACE][org.elasticsearch.indices.breaker.request] [request] Adjusted breaker by [-16440] bytes, now [0]
[2016-03-30 13:54:40,808][TRACE][org.elasticsearch.indices.breaker.request] [request] Adjusted breaker by [16440] bytes, now [16440]
[2016-03-30 13:54:40,808][TRACE][org.elasticsearch.indices.breaker.request] [request] Adjusted breaker by [-16440] bytes, now [0]
[2016-03-30 13:54:40,809][TRACE][org.elasticsearch.indices.breaker.request] [request] Adjusted breaker by [16440] bytes, now [16440]
[2016-03-30 13:54:40,809][TRACE][org.elasticsearch.indices.breaker.request] [request] Adjusted breaker by [-16440] bytes, now [0]
[2016-03-30 13:54:40,811][TRACE][org.elasticsearch.indices.breaker.request] [request] Adjusted breaker by [16440] bytes, now [16440]
[2016-03-30 13:54:40,811][TRACE][org.elasticsearch.indices.breaker.request] [request] Adjusted breaker by [-16440] bytes, now [0]
[2016-03-30 13:54:40,811][TRACE][org.elasticsearch.indices.breaker.request] [request] Adjusted breaker by [16440] bytes, now [16440]
[2016-03-30 13:54:40,811][TRACE][org.elasticsearch.indices.breaker.request] [request] Adjusted breaker by [-16440] bytes, now [0]
[2016-03-30 13:54:40,812][TRACE][org.elasticsearch.indices.breaker.request] [request] Adjusted breaker by [16440] bytes, now [16440]
[2016-03-30 13:54:40,812][TRACE][org.elasticsearch.indices.breaker.request] [request] Adjusted breaker by [-16440] bytes, now [0]
[2016-03-30 13:54:40,813][TRACE][org.elasticsearch.indices.breaker.request] [request] Adjusted breaker by [16440] bytes, now [16440]
[2016-03-30 13:54:40,813][TRACE][org.elasticsearch.indices.breaker.request] [request] Adjusted breaker by [-16440] bytes, now [0]
[2016-03-30 13:54:40,814][TRACE][org.elasticsearch.indices.breaker.request] [request] Adjusted breaker by [16440] bytes, now [16440]
[2016-03-30 13:54:40,815][TRACE][org.elasticsearch.indices.breaker.request] [request] Adjusted breaker by [-16440] bytes, now [0]
[2016-03-30 13:54:40,815][TRACE][org.elasticsearch.indices.breaker.request] [request] Adjusted breaker by [16440] bytes, now [16440]
[2016-03-30 13:54:40,815][TRACE][org.elasticsearch.indices.breaker.request] [request] Adjusted breaker by [-16440] bytes, now [0]
[2016-03-30 13:54:40,817][TRACE][org.elasticsearch.indices.breaker.request] [request] Adjusted breaker by [16440] bytes, now [16440]
[2016-03-30 13:54:40,817][TRACE][org.elasticsearch.indices.breaker.request] [request] Adjusted breaker by [-16440] bytes, now [0]
[2016-03-30 13:54:40,817][TRACE][org.elasticsearch.indices.breaker.request] [request] Adjusted breaker by [16440] bytes, now [16440]
[2016-03-30 13:54:40,817][TRACE][org.elasticsearch.indices.breaker.request] [request] Adjusted breaker by [-16440] bytes, now [0]
[2016-03-30 13:54:40,819][TRACE][org.elasticsearch.indices.breaker.request] [request] Adjusted breaker by [16440] bytes, now [16440]
[2016-03-30 13:54:40,819][TRACE][org.elasticsearch.indices.breaker.request] [request] Adjusted breaker by [-16440] bytes, now [0]
[2016-03-30 13:54:40,819][TRACE][org.elasticsearch.indices.breaker.request] [request] Adjusted breaker by [16440] bytes, now [16440]
[2016-03-30 13:54:40,820][TRACE][org.elasticsearch.indices.breaker.request] [request] Adjusted breaker by [-16440] bytes, now [0]
[2016-03-30 13:54:40,821][TRACE][org.elasticsearch.indices.breaker.request] [request] Adjusted breaker by [16440] bytes, now [16440]
[2016-03-30 13:54:40,821][TRACE][org.elasticsearch.indices.breaker.request] [request] Adjusted breaker by [-16440] bytes, now [0]
[2016-03-30 13:54:40,821][TRACE][org.elasticsearch.indices.breaker.request] [request] Adjusted breaker by [16440] bytes, now [16440]
[2016-03-30 13:54:40,822][TRACE][org.elasticsearch.indices.breaker.request] [request] Adjusted breaker by [-16440] bytes, now [0]
[2016-03-30 13:54:40,823][TRACE][org.elasticsearch.indices.breaker.request] [request] Adjusted breaker by [16440] bytes, now [16440]
[2016-03-30 13:54:40,823][TRACE][org.elasticsearch.indices.breaker.request] [request] Adjusted breaker by [-16440] bytes, now [0]
[2016-03-30 13:54:40,823][TRACE][org.elasticsearch.indices.breaker.request] [request] Adjusted breaker by [16440] bytes, now [16440]
[2016-03-30 13:54:40,823][TRACE][org.elasticsearch.indices.breaker.request] [request] Adjusted breaker by [-16440] bytes, now [0]
[2016-03-30 13:54:40,825][TRACE][org.elasticsearch.indices.breaker.request] [request] Adjusted breaker by [16440] bytes, now [16440]
[2016-03-30 13:54:40,825][TRACE][org.elasticsearch.indices.breaker.request] [request] Adjusted breaker by [16440] bytes, now [16440]
[2016-03-30 13:54:40,825][TRACE][org.elasticsearch.indices.breaker.request] [request] Adjusted breaker by [-16440] bytes, now [0]
[2016-03-30 13:54:40,825][TRACE][org.elasticsearch.indices.breaker.request] [request] Adjusted breaker by [-16440] bytes, now [0]
[2016-03-30 13:54:40,842][TRACE][org.elasticsearch.indices.breaker.request] [request] Adjusted breaker by [16440] bytes, now [16440]
[2016-03-30 13:54:40,843][TRACE][org.elasticsearch.indices.breaker.request] [request] Adjusted breaker by [-16440] bytes, now [0]
[2016-03-30 13:54:40,846][TRACE][org.elasticsearch.indices.breaker.request] [request] Adjusted breaker by [16440] bytes, now [16440]
[2016-03-30 13:54:40,846][TRACE][org.elasticsearch.indices.breaker.request] [request] Adjusted breaker by [-16440] bytes, now [0]
[2016-03-30 13:54:40,848][TRACE][org.elasticsearch.indices.breaker.request] [request] Adjusted breaker by [16440] bytes, now [16440]
[2016-03-30 13:54:40,848][TRACE][org.elasticsearch.indices.breaker.request] [request] Adjusted breaker by [-16440] bytes, now [0]
[2016-03-30 13:54:40,848][TRACE][org.elasticsearch.indices.breaker.request] [request] Adjusted breaker by [16440] bytes, now [16440]
[2016-03-30 13:54:40,849][TRACE][org.elasticsearch.indices.breaker.request] [request] Adjusted breaker by [-16440] bytes, now [0]
[2016-03-30 13:54:40,850][TRACE][org.elasticsearch.indices.breaker.request] [request] Adjusted breaker by [16440] bytes, now [16440]
[2016-03-30 13:54:40,850][TRACE][org.elasticsearch.indices.breaker.request] [request] Adjusted breaker by [-16440] bytes, now [0]
[2016-03-30 13:54:40,851][TRACE][org.elasticsearch.indices.breaker.request] [request] Adjusted breaker by [16440] bytes, now [16440]
[2016-03-30 13:54:40,851][TRACE][org.elasticsearch.indices.breaker.request] [request] Adjusted breaker by [-16440] bytes, now [0]
[2016-03-30 13:54:40,852][TRACE][org.elasticsearch.indices.breaker.request] [request] Adjusted breaker by [16440] bytes, now [16440]
[2016-03-30 13:54:40,852][TRACE][org.elasticsearch.indices.breaker.request] [request] Adjusted breaker by [-16440] bytes, now [0]
[2016-03-30 13:54:40,853][TRACE][org.elasticsearch.indices.breaker.request] [request] Adjusted breaker by [16440] bytes, now [16440]
[2016-03-30 13:54:40,853][TRACE][org.elasticsearch.indices.breaker.request] [request] Adjusted breaker by [-16440] bytes, now [0]
[2016-03-30 13:54:40,854][TRACE][org.elasticsearch.indices.breaker.request] [request] Adjusted breaker by [16440] bytes, now [16440]
[2016-03-30 13:54:40,854][TRACE][org.elasticsearch.indices.breaker.request] [request] Adjusted breaker by [16440] bytes, now [16440]
[2016-03-30 13:54:40,854][TRACE][org.elasticsearch.indices.breaker.request] [request] Adjusted breaker by [-16440] bytes, now [0]
[2016-03-30 13:54:40,855][TRACE][org.elasticsearch.indices.breaker.request] [request] Adjusted breaker by [-16440] bytes, now [0]
[2016-03-30 13:54:40,856][TRACE][org.elasticsearch.indices.breaker.request] [request] Adjusted breaker by [16440] bytes, now [16440]
[2016-03-30 13:54:40,856][TRACE][org.elasticsearch.indices.breaker.request] [request] Adjusted breaker by [16440] bytes, now [16440]
[2016-03-30 13:54:40,856][TRACE][org.elasticsearch.indices.breaker.request] [request] Adjusted breaker by [-16440] bytes, now [0]
[2016-03-30 13:54:40,856][TRACE][org.elasticsearch.indices.breaker.request] [request] Adjusted breaker by [-16440] bytes, now [0]
[2016-03-30 13:54:40,860][TRACE][org.elasticsearch.indices.breaker.request] [request] Adjusted breaker by [16440] bytes, now [16440]
[2016-03-30 13:54:40,860][TRACE][org.elasticsearch.indices.breaker.request] [request] Adjusted breaker by [16440] bytes, now [16440]
[2016-03-30 13:54:40,861][TRACE][org.elasticsearch.indices.breaker.request] [request] Adjusted breaker by [-16440] bytes, now [0]
[2016-03-30 13:54:40,861][TRACE][org.elasticsearch.indices.breaker.request] [request] Adjusted breaker by [-16440] bytes, now [0]
[2016-03-30 13:54:40,863][TRACE][org.elasticsearch.indices.breaker.request] [request] Adjusted breaker by [16440] bytes, now [16440]
[2016-03-30 13:54:40,863][TRACE][org.elasticsearch.indices.breaker.request] [request] Adjusted breaker by [-16440] bytes, now [0]
[2016-03-30 13:54:40,864][TRACE][org.elasticsearch.indices.breaker.request] [request] Adjusted breaker by [16440] bytes, now [16440]
[2016-03-30 13:54:40,864][TRACE][org.elasticsearch.indices.breaker.request] [request] Adjusted breaker by [-16440] bytes, now [0]
[2016-03-30 13:54:40,867][TRACE][org.elasticsearch.indices.breaker.request] [request] Adjusted breaker by [16440] bytes, now [16440]
[2016-03-30 13:54:40,867][TRACE][org.elasticsearch.indices.breaker.request] [request] Adjusted breaker by [-16440] bytes, now [0]
[2016-03-30 13:54:40,868][TRACE][org.elasticsearch.indices.breaker.request] [request] Adjusted breaker by [16440] bytes, now [16440]
[2016-03-30 13:54:40,868][TRACE][org.elasticsearch.indices.breaker.request] [request] Adjusted breaker by [-16440] bytes, now [0]
[2016-03-30 13:54:40,869][TRACE][org.elasticsearch.indices.breaker.request] [request] Adjusted breaker by [16440] bytes, now [16440]
[2016-03-30 13:54:40,869][TRACE][org.elasticsearch.indices.breaker.request] [request] Adjusted breaker by [-16440] bytes, now [0]
[2016-03-30 13:54:40,870][TRACE][org.elasticsearch.indices.breaker.request] [request] Adjusted breaker by [16440] bytes, now [16440]
[2016-03-30 13:54:40,870][TRACE][org.elasticsearch.indices.breaker.request] [request] Adjusted breaker by [-16440] bytes, now [0]
[2016-03-30 13:54:40,872][TRACE][org.elasticsearch.indices.breaker.request] [request] Adjusted breaker by [16440] bytes, now [16440]
[2016-03-30 13:54:40,872][TRACE][org.elasticsearch.indices.breaker.request] [request] Adjusted breaker by [16440] bytes, now [16440]
[2016-03-30 13:54:40,872][TRACE][org.elasticsearch.indices.breaker.request] [request] Adjusted breaker by [-16440] bytes, now [0]
[2016-03-30 13:54:40,872][TRACE][org.elasticsearch.indices.breaker.request] [request] Adjusted breaker by [-16440] bytes, now [0]
[2016-03-30 13:54:40,873][TRACE][org.elasticsearch.indices.breaker.request] [request] Adjusted breaker by [16440] bytes, now [16440]
[2016-03-30 13:54:40,873][TRACE][org.elasticsearch.indices.breaker.request] [request] Adjusted breaker by [-16440] bytes, now [0]
[2016-03-30 13:54:40,874][TRACE][org.elasticsearch.indices.breaker.request] [request] Adjusted breaker by [16440] bytes, now [16440]
[2016-03-30 13:54:40,874][TRACE][org.elasticsearch.indices.breaker.request] [request] Adjusted breaker by [-16440] bytes, now [0]
[2016-03-30 13:54:40,875][TRACE][org.elasticsearch.indices.breaker.request] [request] Adjusted breaker by [16440] bytes, now [16440]
[2016-03-30 13:54:40,876][TRACE][org.elasticsearch.indices.breaker.request] [request] Adjusted breaker by [-16440] bytes, now [0]
[2016-03-30 13:54:40,877][TRACE][org.elasticsearch.indices.breaker.request] [request] Adjusted breaker by [16440] bytes, now [16440]
[2016-03-30 13:54:40,877][TRACE][org.elasticsearch.indices.breaker.request] [request] Adjusted breaker by [-16440] bytes, now [0]
[2016-03-30 13:54:40,897][TRACE][org.elasticsearch.indices.breaker.request] [request] Adjusted breaker by [16440] bytes, now [16440]
[2016-03-30 13:54:40,897][TRACE][org.elasticsearch.indices.breaker.request] [request] Adjusted breaker by [16440] bytes, now [16440]
[2016-03-30 13:54:40,897][TRACE][org.elasticsearch.indices.breaker.request] [request] Adjusted breaker by [-16440] bytes, now [0]
[2016-03-30 13:54:40,897][TRACE][org.elasticsearch.indices.breaker.request] [request] Adjusted breaker by [-16440] bytes, now [0]
[2016-03-30 13:54:40,899][TRACE][org.elasticsearch.indices.breaker.request] [request] Adjusted breaker by [16440] bytes, now [16440]
[2016-03-30 13:54:40,899][TRACE][org.elasticsearch.indices.breaker.request] [request] Adjusted breaker by [-16440] bytes, now [0]
[2016-03-30 13:54:40,899][TRACE][org.elasticsearch.indices.breaker.request] [request] Adjusted breaker by [16440] bytes, now [16440]
[2016-03-30 13:54:40,900][TRACE][org.elasticsearch.indices.breaker.request] [request] Adjusted breaker by [-16440] bytes, now [0]
[2016-03-30 13:54:40,906][TRACE][org.elasticsearch.indices.breaker.request] [request] Adjusted breaker by [16440] bytes, now [16440]
[2016-03-30 13:54:40,906][TRACE][org.elasticsearch.indices.breaker.request] [request] Adjusted breaker by [-16440] bytes, now [0]
[2016-03-30 13:54:40,907][TRACE][org.elasticsearch.indices.breaker.request] [request] Adjusted breaker by [16440] bytes, now [16440]
[2016-03-30 13:54:40,907][TRACE][org.elasticsearch.indices.breaker.request] [request] Adjusted breaker by [-16440] bytes, now [0]
[2016-03-30 13:54:40,908][TRACE][org.elasticsearch.indices.breaker.request] [request] Adjusted breaker by [16440] bytes, now [16440]
[2016-03-30 13:54:40,908][TRACE][org.elasticsearch.indices.breaker.request] [request] Adjusted breaker by [-16440] bytes, now [0]
[2016-03-30 13:54:40,909][TRACE][org.elasticsearch.indices.breaker.request] [request] Adjusted breaker by [16440] bytes, now [16440]
[2016-03-30 13:54:40,909][TRACE][org.elasticsearch.indices.breaker.request] [request] Adjusted breaker by [-16440] bytes, now [0]
[2016-03-30 13:54:40,910][TRACE][org.elasticsearch.indices.breaker.request] [request] Adjusted breaker by [16440] bytes, now [16440]
[2016-03-30 13:54:40,910][TRACE][org.elasticsearch.indices.breaker.request] [request] Adjusted breaker by [-16440] bytes, now [0]
[2016-03-30 13:54:40,911][TRACE][org.elasticsearch.indices.breaker.request] [request] Adjusted breaker by [16440] bytes, now [16440]
[2016-03-30 13:54:40,911][TRACE][org.elasticsearch.indices.breaker.request] [request] Adjusted breaker by [-16440] bytes, now [0]
[2016-03-30 13:54:40,912][TRACE][org.elasticsearch.indices.breaker.request] [request] Adjusted breaker by [16440] bytes, now [16440]
[2016-03-30 13:54:40,912][TRACE][org.elasticsearch.indices.breaker.request] [request] Adjusted breaker by [-16440] bytes, now [0]
[2016-03-30 13:54:40,913][TRACE][org.elasticsearch.indices.breaker.request] [request] Adjusted breaker by [16440] bytes, now [16440]
[2016-03-30 13:54:40,913][TRACE][org.elasticsearch.indices.breaker.request] [request] Adjusted breaker by [-16440] bytes, now [0]
[2016-03-30 13:54:40,914][TRACE][org.elasticsearch.indices.breaker.request] [request] Adjusted breaker by [16440] bytes, now [16440]
[2016-03-30 13:54:40,915][TRACE][org.elasticsearch.indices.breaker.request] [request] Adjusted breaker by [-16440] bytes, now [0]
[2016-03-30 13:54:40,915][DEBUG][org.elasticsearch.indices.memory] [node_s0] recalculating shard indexing buffer, total is [49mb] with [10] active shards, each shard set to indexing=[4.9mb], translog=[64kb]
[2016-03-30 13:54:40,915][TRACE][org.elasticsearch.indices.breaker.request] [request] Adjusted breaker by [16440] bytes, now [16440]
[2016-03-30 13:54:40,915][TRACE][org.elasticsearch.indices.breaker.request] [request] Adjusted breaker by [-16440] bytes, now [0]
[2016-03-30 13:54:40,917][TRACE][org.elasticsearch.indices.breaker.request] [request] Adjusted breaker by [16440] bytes, now [16440]
[2016-03-30 13:54:40,917][TRACE][org.elasticsearch.indices.breaker.request] [request] Adjusted breaker by [-16440] bytes, now [0]
[2016-03-30 13:54:40,917][TRACE][org.elasticsearch.indices.breaker.request] [request] Adjusted breaker by [16440] bytes, now [16440]
[2016-03-30 13:54:40,917][TRACE][org.elasticsearch.indices.breaker.request] [request] Adjusted breaker by [-16440] bytes, now [0]
[2016-03-30 13:54:40,919][TRACE][org.elasticsearch.indices.breaker.request] [request] Adjusted breaker by [16440] bytes, now [16440]
[2016-03-30 13:54:40,919][TRACE][org.elasticsearch.indices.breaker.request] [request] Adjusted breaker by [-16440] bytes, now [0]
[2016-03-30 13:54:40,919][TRACE][org.elasticsearch.indices.breaker.request] [request] Adjusted breaker by [16440] bytes, now [16440]
[2016-03-30 13:54:40,920][TRACE][org.elasticsearch.indices.breaker.request] [request] Adjusted breaker by [-16440] bytes, now [0]
[2016-03-30 13:54:40,921][TRACE][org.elasticsearch.indices.breaker.request] [request] Adjusted breaker by [16440] bytes, now [16440]
[2016-03-30 13:54:40,921][TRACE][org.elasticsearch.indices.breaker.request] [request] Adjusted breaker by [-16440] bytes, now [0]
[2016-03-30 13:54:40,926][TRACE][org.elasticsearch.indices.breaker.request] [request] Adjusted breaker by [16440] bytes, now [16440]
[2016-03-30 13:54:40,926][TRACE][org.elasticsearch.indices.breaker.request] [request] Adjusted breaker by [-16440] bytes, now [0]
[2016-03-30 13:54:40,937][TRACE][org.elasticsearch.indices.breaker.request] [request] Adjusted breaker by [16440] bytes, now [16440]
[2016-03-30 13:54:40,937][TRACE][org.elasticsearch.indices.breaker.request] [request] Adjusted breaker by [-16440] bytes, now [0]
[2016-03-30 13:54:40,937][TRACE][org.elasticsearch.indices.breaker.request] [request] Adjusted breaker by [16440] bytes, now [16440]
[2016-03-30 13:54:40,937][TRACE][org.elasticsearch.indices.breaker.request] [request] Adjusted breaker by [-16440] bytes, now [0]
[2016-03-30 13:54:40,949][TRACE][org.elasticsearch.indices.breaker.request] [request] Adjusted breaker by [16440] bytes, now [16440]
[2016-03-30 13:54:40,950][TRACE][org.elasticsearch.indices.breaker.request] [request] Adjusted breaker by [16440] bytes, now [16440]
[2016-03-30 13:54:40,950][TRACE][org.elasticsearch.indices.breaker.request] [request] Adjusted breaker by [-16440] bytes, now [0]
[2016-03-30 13:54:40,950][TRACE][org.elasticsearch.indices.breaker.request] [request] Adjusted breaker by [-16440] bytes, now [0]
[2016-03-30 13:54:40,952][TRACE][org.elasticsearch.indices.breaker.request] [request] Adjusted breaker by [16440] bytes, now [16440]
[2016-03-30 13:54:40,952][TRACE][org.elasticsearch.indices.breaker.request] [request] Adjusted breaker by [-16440] bytes, now [0]
[2016-03-30 13:54:40,953][TRACE][org.elasticsearch.indices.breaker.request] [request] Adjusted breaker by [16440] bytes, now [16440]
[2016-03-30 13:54:40,953][TRACE][org.elasticsearch.indices.breaker.request] [request] Adjusted breaker by [-16440] bytes, now [0]
[2016-03-30 13:54:40,956][TRACE][org.elasticsearch.indices.breaker.request] [request] Adjusted breaker by [16440] bytes, now [16440]
[2016-03-30 13:54:40,956][TRACE][org.elasticsearch.indices.breaker.request] [request] Adjusted breaker by [-16440] bytes, now [0]
[2016-03-30 13:54:40,957][TRACE][org.elasticsearch.indices.breaker.request] [request] Adjusted breaker by [16440] bytes, now [16440]
[2016-03-30 13:54:40,957][TRACE][org.elasticsearch.indices.breaker.request] [request] Adjusted breaker by [-16440] bytes, now [0]
[2016-03-30 13:54:40,958][TRACE][org.elasticsearch.indices.breaker.request] [request] Adjusted breaker by [16440] bytes, now [16440]
[2016-03-30 13:54:40,958][TRACE][org.elasticsearch.indices.breaker.request] [request] Adjusted breaker by [16440] bytes, now [16440]
[2016-03-30 13:54:40,958][TRACE][org.elasticsearch.indices.breaker.request] [request] Adjusted breaker by [-16440] bytes, now [0]
[2016-03-30 13:54:40,958][TRACE][org.elasticsearch.indices.breaker.request] [request] Adjusted breaker by [-16440] bytes, now [0]
[2016-03-30 13:54:40,962][TRACE][org.elasticsearch.indices.breaker.request] [request] Adjusted breaker by [16440] bytes, now [16440]
[2016-03-30 13:54:40,962][TRACE][org.elasticsearch.indices.breaker.request] [request] Adjusted breaker by [16440] bytes, now [16440]
[2016-03-30 13:54:40,962][TRACE][org.elasticsearch.indices.breaker.request] [request] Adjusted breaker by [-16440] bytes, now [0]
[2016-03-30 13:54:40,962][TRACE][org.elasticsearch.indices.breaker.request] [request] Adjusted breaker by [-16440] bytes, now [0]
[2016-03-30 13:54:40,964][TRACE][org.elasticsearch.indices.breaker.request] [request] Adjusted breaker by [16440] bytes, now [16440]
[2016-03-30 13:54:40,964][TRACE][org.elasticsearch.indices.breaker.request] [request] Adjusted breaker by [16440] bytes, now [16440]
[2016-03-30 13:54:40,964][TRACE][org.elasticsearch.indices.breaker.request] [request] Adjusted breaker by [-16440] bytes, now [0]
[2016-03-30 13:54:40,964][TRACE][org.elasticsearch.indices.breaker.request] [request] Adjusted breaker by [-16440] bytes, now [0]
[2016-03-30 13:54:40,989][TRACE][org.elasticsearch.indices.breaker.request] [request] Adjusted breaker by [16440] bytes, now [16440]
[2016-03-30 13:54:40,989][TRACE][org.elasticsearch.indices.breaker.request] [request] Adjusted breaker by [-16440] bytes, now [0]
[2016-03-30 13:54:40,989][TRACE][org.elasticsearch.indices.breaker.request] [request] Adjusted breaker by [16440] bytes, now [16440]
[2016-03-30 13:54:40,990][TRACE][org.elasticsearch.indices.breaker.request] [request] Adjusted breaker by [-16440] bytes, now [0]
[2016-03-30 13:54:40,990][TRACE][org.elasticsearch.indices.breaker.request] [request] Adjusted breaker by [16440] bytes, now [16440]
[2016-03-30 13:54:40,990][TRACE][org.elasticsearch.indices.breaker.request] [request] Adjusted breaker by [-16440] bytes, now [0]
[2016-03-30 13:54:40,991][TRACE][org.elasticsearch.indices.breaker.request] [request] Adjusted breaker by [16440] bytes, now [16440]
[2016-03-30 13:54:40,991][TRACE][org.elasticsearch.indices.breaker.request] [request] Adjusted breaker by [-16440] bytes, now [0]
[2016-03-30 13:54:40,992][TRACE][org.elasticsearch.indices.breaker.request] [request] Adjusted breaker by [16440] bytes, now [16440]
[2016-03-30 13:54:40,992][TRACE][org.elasticsearch.indices.breaker.request] [request] Adjusted breaker by [-16440] bytes, now [0]
[2016-03-30 13:54:40,993][TRACE][org.elasticsearch.indices.breaker.request] [request] Adjusted breaker by [16440] bytes, now [16440]
[2016-03-30 13:54:40,993][TRACE][org.elasticsearch.indices.breaker.request] [request] Adjusted breaker by [-16440] bytes, now [0]
[2016-03-30 13:54:40,995][TRACE][org.elasticsearch.indices.breaker.request] [request] Adjusted breaker by [16440] bytes, now [16440]
[2016-03-30 13:54:40,995][TRACE][org.elasticsearch.indices.breaker.request] [request] Adjusted breaker by [-16440] bytes, now [0]
[2016-03-30 13:54:41,002][TRACE][org.elasticsearch.indices.breaker.request] [request] Adjusted breaker by [16440] bytes, now [16440]
[2016-03-30 13:54:41,003][TRACE][org.elasticsearch.indices.breaker.request] [request] Adjusted breaker by [-16440] bytes, now [0]
[2016-03-30 13:54:41,004][TRACE][org.elasticsearch.indices.breaker.request] [request] Adjusted breaker by [16440] bytes, now [16440]
[2016-03-30 13:54:41,004][TRACE][org.elasticsearch.indices.breaker.request] [request] Adjusted breaker by [16440] bytes, now [16440]
[2016-03-30 13:54:41,005][TRACE][org.elasticsearch.indices.breaker.request] [request] Adjusted breaker by [-16440] bytes, now [0]
[2016-03-30 13:54:41,005][TRACE][org.elasticsearch.indices.breaker.request] [request] Adjusted breaker by [-16440] bytes, now [0]
[2016-03-30 13:54:41,007][TRACE][org.elasticsearch.indices.breaker.request] [request] Adjusted breaker by [16440] bytes, now [16440]
[2016-03-30 13:54:41,007][TRACE][org.elasticsearch.indices.breaker.request] [request] Adjusted breaker by [16440] bytes, now [16440]
[2016-03-30 13:54:41,007][TRACE][org.elasticsearch.indices.breaker.request] [request] Adjusted breaker by [-16440] bytes, now [0]
[2016-03-30 13:54:41,007][TRACE][org.elasticsearch.indices.breaker.request] [request] Adjusted breaker by [-16440] bytes, now [0]
[2016-03-30 13:54:41,010][TRACE][org.elasticsearch.indices.breaker.request] [request] Adjusted breaker by [16440] bytes, now [16440]
[2016-03-30 13:54:41,010][TRACE][org.elasticsearch.indices.breaker.request] [request] Adjusted breaker by [16440] bytes, now [16440]
[2016-03-30 13:54:41,011][TRACE][org.elasticsearch.indices.breaker.request] [request] Adjusted breaker by [-16440] bytes, now [0]
[2016-03-30 13:54:41,011][TRACE][org.elasticsearch.indices.breaker.request] [request] Adjusted breaker by [-16440] bytes, now [0]
[2016-03-30 13:54:41,012][TRACE][org.elasticsearch.indices.breaker.request] [request] Adjusted breaker by [16440] bytes, now [16440]
[2016-03-30 13:54:41,012][TRACE][org.elasticsearch.indices.breaker.request] [request] Adjusted breaker by [-16440] bytes, now [0]
[2016-03-30 13:54:41,012][TRACE][org.elasticsearch.indices.breaker.request] [request] Adjusted breaker by [16440] bytes, now [16440]
[2016-03-30 13:54:41,012][TRACE][org.elasticsearch.indices.breaker.request] [request] Adjusted breaker by [-16440] bytes, now [0]
[2016-03-30 13:54:41,014][TRACE][org.elasticsearch.indices.breaker.request] [request] Adjusted breaker by [16440] bytes, now [16440]
[2016-03-30 13:54:41,014][TRACE][org.elasticsearch.indices.breaker.request] [request] Adjusted breaker by [-16440] bytes, now [0]
[2016-03-30 13:54:41,014][TRACE][org.elasticsearch.indices.breaker.request] [request] Adjusted breaker by [16440] bytes, now [16440]
[2016-03-30 13:54:41,014][TRACE][org.elasticsearch.indices.breaker.request] [request] Adjusted breaker by [-16440] bytes, now [0]
[2016-03-30 13:54:41,016][DEBUG][org.elasticsearch.indices.memory] [node_s1] recalculating shard indexing buffer, total is [49mb] with [10] active shards, each shard set to indexing=[4.9mb], translog=[64kb]
[2016-03-30 13:54:41,016][TRACE][org.elasticsearch.indices.breaker.request] [request] Adjusted breaker by [16440] bytes, now [16440]
[2016-03-30 13:54:41,016][TRACE][org.elasticsearch.indices.breaker.request] [request] Adjusted breaker by [16440] bytes, now [16440]
[2016-03-30 13:54:41,016][TRACE][org.elasticsearch.indices.breaker.request] [request] Adjusted breaker by [-16440] bytes, now [0]
[2016-03-30 13:54:41,016][TRACE][org.elasticsearch.indices.breaker.request] [request] Adjusted breaker by [-16440] bytes, now [0]
[2016-03-30 13:54:41,021][TRACE][org.elasticsearch.indices.breaker.request] [request] Adjusted breaker by [16440] bytes, now [16440]
[2016-03-30 13:54:41,021][TRACE][org.elasticsearch.indices.breaker.request] [request] Adjusted breaker by [-16440] bytes, now [0]
[2016-03-30 13:54:41,022][TRACE][org.elasticsearch.indices.breaker.request] [request] Adjusted breaker by [16440] bytes, now [16440]
[2016-03-30 13:54:41,022][TRACE][org.elasticsearch.indices.breaker.request] [request] Adjusted breaker by [-16440] bytes, now [0]
[2016-03-30 13:54:41,029][TRACE][org.elasticsearch.indices] [node_s1] [test][7] warming [MultiReader(FilterLeafReader(_0(5.4.0):c62) FilterLeafReader(_1(5.4.0):c6))]
[2016-03-30 13:54:41,029][TRACE][org.elasticsearch.indices.breaker.request] [request] Adjusted breaker by [16440] bytes, now [16440]
[2016-03-30 13:54:41,029][TRACE][org.elasticsearch.indices.breaker.request] [request] Adjusted breaker by [16440] bytes, now [16440]
[2016-03-30 13:54:41,029][TRACE][org.elasticsearch.indices] [node_s1] [test][7] top warming [ElasticsearchDirectoryReader(FilterLeafReader(_0(5.4.0):c62) FilterLeafReader(_1(5.4.0):c6))]
[2016-03-30 13:54:41,029][TRACE][org.elasticsearch.indices.breaker.request] [request] Adjusted breaker by [-16440] bytes, now [0]
[2016-03-30 13:54:41,029][TRACE][org.elasticsearch.indices.breaker.request] [request] Adjusted breaker by [-16440] bytes, now [0]
[2016-03-30 13:54:41,034][TRACE][org.elasticsearch.indices.breaker.request] [request] Adjusted breaker by [16440] bytes, now [16440]
[2016-03-30 13:54:41,035][TRACE][org.elasticsearch.indices.breaker.request] [request] Adjusted breaker by [-16440] bytes, now [0]
[2016-03-30 13:54:41,035][TRACE][org.elasticsearch.indices.breaker.request] [request] Adjusted breaker by [16440] bytes, now [16440]
[2016-03-30 13:54:41,035][TRACE][org.elasticsearch.indices.breaker.request] [request] Adjusted breaker by [-16440] bytes, now [0]
[2016-03-30 13:54:41,036][TRACE][org.elasticsearch.indices.breaker.request] [request] Adjusted breaker by [16440] bytes, now [16440]
[2016-03-30 13:54:41,036][TRACE][org.elasticsearch.indices.breaker.request] [request] Adjusted breaker by [-16440] bytes, now [0]
[2016-03-30 13:54:41,037][TRACE][org.elasticsearch.indices.breaker.request] [request] Adjusted breaker by [16440] bytes, now [16440]
[2016-03-30 13:54:41,037][TRACE][org.elasticsearch.indices.breaker.request] [request] Adjusted breaker by [-16440] bytes, now [0]
[2016-03-30 13:54:41,038][TRACE][org.elasticsearch.indices.breaker.request] [request] Adjusted breaker by [16440] bytes, now [16440]
[2016-03-30 13:54:41,038][TRACE][org.elasticsearch.indices.breaker.request] [request] Adjusted breaker by [-16440] bytes, now [0]
[2016-03-30 13:54:41,039][TRACE][org.elasticsearch.indices.breaker.request] [request] Adjusted breaker by [16440] bytes, now [16440]
[2016-03-30 13:54:41,039][TRACE][org.elasticsearch.indices.breaker.request] [request] Adjusted breaker by [-16440] bytes, now [0]
[2016-03-30 13:54:41,040][TRACE][org.elasticsearch.indices.breaker.request] [request] Adjusted breaker by [16440] bytes, now [16440]
[2016-03-30 13:54:41,040][TRACE][org.elasticsearch.indices.breaker.request] [request] Adjusted breaker by [-16440] bytes, now [0]
[2016-03-30 13:54:41,040][TRACE][org.elasticsearch.indices.breaker.request] [request] Adjusted breaker by [16440] bytes, now [16440]
[2016-03-30 13:54:41,041][TRACE][org.elasticsearch.indices.breaker.request] [request] Adjusted breaker by [-16440] bytes, now [0]
[2016-03-30 13:54:41,041][TRACE][org.elasticsearch.indices.flush] [node_s1] [test][7] pre sync flush done. commit id VK1nW4wmURky6W22z8hs7g==
[2016-03-30 13:54:41,041][TRACE][org.elasticsearch.indices.flush] [node_s1] [test][8] performing pre sync flush
[2016-03-30 13:54:41,041][TRACE][org.elasticsearch.indices.breaker.request] [request] Adjusted breaker by [16440] bytes, now [16440]
[2016-03-30 13:54:41,042][TRACE][org.elasticsearch.indices.breaker.request] [request] Adjusted breaker by [-16440] bytes, now [0]
[2016-03-30 13:54:41,042][TRACE][org.elasticsearch.indices.breaker.request] [request] Adjusted breaker by [16440] bytes, now [16440]
[2016-03-30 13:54:41,042][TRACE][org.elasticsearch.indices.breaker.request] [request] Adjusted breaker by [-16440] bytes, now [0]
[2016-03-30 13:54:41,044][TRACE][org.elasticsearch.indices.breaker.request] [request] Adjusted breaker by [16440] bytes, now [16440]
[2016-03-30 13:54:41,044][TRACE][org.elasticsearch.indices.breaker.request] [request] Adjusted breaker by [16440] bytes, now [16440]
[2016-03-30 13:54:41,044][TRACE][org.elasticsearch.indices.breaker.request] [request] Adjusted breaker by [-16440] bytes, now [0]
[2016-03-30 13:54:41,044][TRACE][org.elasticsearch.indices.breaker.request] [request] Adjusted breaker by [-16440] bytes, now [0]
[2016-03-30 13:54:41,044][TRACE][org.elasticsearch.indices] [node_s3] [test][7] warming [MultiReader(FilterLeafReader(_0(5.4.0):c63) FilterLeafReader(_1(5.4.0):c5))]
[2016-03-30 13:54:41,044][TRACE][org.elasticsearch.indices] [node_s3] [test][7] top warming [ElasticsearchDirectoryReader(FilterLeafReader(_0(5.4.0):c63) FilterLeafReader(_1(5.4.0):c5))]
[2016-03-30 13:54:41,046][TRACE][org.elasticsearch.indices.breaker.request] [request] Adjusted breaker by [16440] bytes, now [16440]
[2016-03-30 13:54:41,046][TRACE][org.elasticsearch.indices.breaker.request] [request] Adjusted breaker by [16440] bytes, now [16440]
[2016-03-30 13:54:41,046][TRACE][org.elasticsearch.indices.breaker.request] [request] Adjusted breaker by [-16440] bytes, now [0]
[2016-03-30 13:54:41,046][TRACE][org.elasticsearch.indices.breaker.request] [request] Adjusted breaker by [-16440] bytes, now [0]
[2016-03-30 13:54:41,055][TRACE][org.elasticsearch.indices.breaker.request] [request] Adjusted breaker by [16440] bytes, now [16440]
[2016-03-30 13:54:41,055][TRACE][org.elasticsearch.indices.breaker.request] [request] Adjusted breaker by [-16440] bytes, now [0]
[2016-03-30 13:54:41,056][TRACE][org.elasticsearch.indices] [node_s0] [test][6] warming [MultiReader(FilterLeafReader(_0(5.4.0):c50) FilterLeafReader(_1(5.4.0):c8))]
[2016-03-30 13:54:41,056][TRACE][org.elasticsearch.indices.breaker.request] [request] Adjusted breaker by [16440] bytes, now [16440]
[2016-03-30 13:54:41,056][TRACE][org.elasticsearch.indices.breaker.request] [request] Adjusted breaker by [-16440] bytes, now [0]
[2016-03-30 13:54:41,057][TRACE][org.elasticsearch.indices] [node_s0] [test][6] top warming [ElasticsearchDirectoryReader(FilterLeafReader(_0(5.4.0):c50) FilterLeafReader(_1(5.4.0):c8))]
[2016-03-30 13:54:41,059][TRACE][org.elasticsearch.indices.breaker.request] [request] Adjusted breaker by [16440] bytes, now [16440]
[2016-03-30 13:54:41,059][TRACE][org.elasticsearch.indices.breaker.request] [request] Adjusted breaker by [16440] bytes, now [16440]
[2016-03-30 13:54:41,059][TRACE][org.elasticsearch.indices.breaker.request] [request] Adjusted breaker by [-16440] bytes, now [0]
[2016-03-30 13:54:41,059][TRACE][org.elasticsearch.indices.breaker.request] [request] Adjusted breaker by [-16440] bytes, now [0]
[2016-03-30 13:54:41,060][TRACE][org.elasticsearch.indices.breaker.request] [request] Adjusted breaker by [16440] bytes, now [16440]
[2016-03-30 13:54:41,060][TRACE][org.elasticsearch.indices.breaker.request] [request] Adjusted breaker by [-16440] bytes, now [0]
[2016-03-30 13:54:41,061][TRACE][org.elasticsearch.indices.breaker.request] [request] Adjusted breaker by [16440] bytes, now [16440]
[2016-03-30 13:54:41,061][TRACE][org.elasticsearch.indices.flush] [node_s3] [test][7] pre sync flush done. commit id VK1nW4wmURky6W22z8hs7w==
[2016-03-30 13:54:41,061][TRACE][org.elasticsearch.indices.breaker.request] [request] Adjusted breaker by [-16440] bytes, now [0]
[2016-03-30 13:54:41,061][TRACE][org.elasticsearch.indices.flush] [node_s3] [test][8] performing pre sync flush
[2016-03-30 13:54:41,063][TRACE][org.elasticsearch.indices.breaker.request] [request] Adjusted breaker by [16440] bytes, now [16440]
[2016-03-30 13:54:41,063][TRACE][org.elasticsearch.indices.breaker.request] [request] Adjusted breaker by [-16440] bytes, now [0]
[2016-03-30 13:54:41,064][TRACE][org.elasticsearch.indices.breaker.request] [request] Adjusted breaker by [16440] bytes, now [16440]
[2016-03-30 13:54:41,064][TRACE][org.elasticsearch.indices.breaker.request] [request] Adjusted breaker by [-16440] bytes, now [0]
[2016-03-30 13:54:41,074][TRACE][org.elasticsearch.indices.breaker.request] [request] Adjusted breaker by [16440] bytes, now [16440]
[2016-03-30 13:54:41,074][TRACE][org.elasticsearch.indices.breaker.request] [request] Adjusted breaker by [16440] bytes, now [16440]
[2016-03-30 13:54:41,074][TRACE][org.elasticsearch.indices.breaker.request] [request] Adjusted breaker by [-16440] bytes, now [0]
[2016-03-30 13:54:41,074][TRACE][org.elasticsearch.indices.breaker.request] [request] Adjusted breaker by [-16440] bytes, now [0]
[2016-03-30 13:54:41,078][TRACE][org.elasticsearch.indices.breaker.request] [request] Adjusted breaker by [16440] bytes, now [16440]
[2016-03-30 13:54:41,078][TRACE][org.elasticsearch.indices.breaker.request] [request] Adjusted breaker by [-16440] bytes, now [0]
[2016-03-30 13:54:41,079][TRACE][org.elasticsearch.indices.breaker.request] [request] Adjusted breaker by [16440] bytes, now [16440]
[2016-03-30 13:54:41,079][TRACE][org.elasticsearch.indices.breaker.request] [request] Adjusted breaker by [-16440] bytes, now [0]
[2016-03-30 13:54:41,081][TRACE][org.elasticsearch.indices.flush] [node_s0] [test][6] pre sync flush done. commit id VK1nW4wmURky6W22z8hs8A==
[2016-03-30 13:54:41,081][TRACE][org.elasticsearch.indices.flush] [node_s0] [test][6] retrieving in flight operation count
[2016-03-30 13:54:41,081][TRACE][org.elasticsearch.indices.flush] [node_s0] [test][7] performing pre sync flush
[2016-03-30 13:54:41,081][TRACE][org.elasticsearch.indices.flush] [node_s3] [test][6] in flight operations sampled at [0]
[2016-03-30 13:54:41,082][TRACE][org.elasticsearch.indices.breaker.request] [request] Adjusted breaker by [16440] bytes, now [16440]
[2016-03-30 13:54:41,083][TRACE][org.elasticsearch.indices.breaker.request] [request] Adjusted breaker by [-16440] bytes, now [0]
[2016-03-30 13:54:41,083][TRACE][org.elasticsearch.indices.breaker.request] [request] Adjusted breaker by [16440] bytes, now [16440]
[2016-03-30 13:54:41,083][TRACE][org.elasticsearch.indices.breaker.request] [request] Adjusted breaker by [-16440] bytes, now [0]
[2016-03-30 13:54:41,084][TRACE][org.elasticsearch.indices.flush] [node_s0] [test][6] sending synced flush request to [test][6], node[Q4P4gfwCSVmM5TnOfNl8Iw], [P], v[5], s[STARTED], a[id=LBFzAK5kRHaRtkApYaLioQ]. sync id [AVPJToq8cuDhFsMJAmU_].
[2016-03-30 13:54:41,084][TRACE][org.elasticsearch.indices.flush] [node_s0] [test][6] sending synced flush request to [test][6], node[8X2Ed1xFSrylEKDMjLmvkQ], [R], v[5], s[STARTED], a[id=KUjzlGnXQp2giKAaiVd6Cg]. sync id [AVPJToq8cuDhFsMJAmU_].
[2016-03-30 13:54:41,084][TRACE][org.elasticsearch.indices.flush] [node_s0] [test][6] sending synced flush request to [test][6], node[c9PGTkUhQVSZ1aq6LXuXxw], [R], v[5], s[STARTED], a[id=YvVxaVNhSaeI4j1_dq_BPw]. sync id [AVPJToq8cuDhFsMJAmU_].
[2016-03-30 13:54:41,086][TRACE][org.elasticsearch.indices.breaker.request] [request] Adjusted breaker by [16440] bytes, now [16440]
[2016-03-30 13:54:41,086][TRACE][org.elasticsearch.indices.breaker.request] [request] Adjusted breaker by [-16440] bytes, now [0]
[2016-03-30 13:54:41,086][TRACE][org.elasticsearch.indices.breaker.request] [request] Adjusted breaker by [16440] bytes, now [16440]
[2016-03-30 13:54:41,087][TRACE][org.elasticsearch.indices.breaker.request] [request] Adjusted breaker by [-16440] bytes, now [0]
[2016-03-30 13:54:41,088][TRACE][org.elasticsearch.indices.breaker.request] [request] Adjusted breaker by [16440] bytes, now [16440]
[2016-03-30 13:54:41,088][TRACE][org.elasticsearch.indices.breaker.request] [request] Adjusted breaker by [-16440] bytes, now [0]
[2016-03-30 13:54:41,089][TRACE][org.elasticsearch.indices.breaker.request] [request] Adjusted breaker by [16440] bytes, now [16440]
[2016-03-30 13:54:41,089][TRACE][org.elasticsearch.indices.breaker.request] [request] Adjusted breaker by [-16440] bytes, now [0]
[2016-03-30 13:54:41,091][TRACE][org.elasticsearch.indices.breaker.request] [request] Adjusted breaker by [16440] bytes, now [16440]
[2016-03-30 13:54:41,091][TRACE][org.elasticsearch.indices.breaker.request] [request] Adjusted breaker by [-16440] bytes, now [0]
[2016-03-30 13:54:41,091][TRACE][org.elasticsearch.indices.breaker.request] [request] Adjusted breaker by [16440] bytes, now [16440]
[2016-03-30 13:54:41,091][TRACE][org.elasticsearch.indices.breaker.request] [request] Adjusted breaker by [-16440] bytes, now [0]
[2016-03-30 13:54:41,115][TRACE][org.elasticsearch.indices.breaker.request] [request] Adjusted breaker by [16440] bytes, now [16440]
[2016-03-30 13:54:41,115][TRACE][org.elasticsearch.indices.breaker.request] [request] Adjusted breaker by [16440] bytes, now [16440]
[2016-03-30 13:54:41,116][TRACE][org.elasticsearch.indices.breaker.request] [request] Adjusted breaker by [-16440] bytes, now [0]
[2016-03-30 13:54:41,116][TRACE][org.elasticsearch.indices.breaker.request] [request] Adjusted breaker by [-16440] bytes, now [0]
[2016-03-30 13:54:41,118][TRACE][org.elasticsearch.indices.breaker.request] [request] Adjusted breaker by [16440] bytes, now [16440]
[2016-03-30 13:54:41,118][TRACE][org.elasticsearch.indices.breaker.request] [request] Adjusted breaker by [-16440] bytes, now [0]
[2016-03-30 13:54:41,118][TRACE][org.elasticsearch.indices.breaker.request] [request] Adjusted breaker by [16440] bytes, now [16440]
[2016-03-30 13:54:41,118][TRACE][org.elasticsearch.indices.breaker.request] [request] Adjusted breaker by [-16440] bytes, now [0]
[2016-03-30 13:54:41,119][TRACE][org.elasticsearch.indices.breaker.request] [request] Adjusted breaker by [16440] bytes, now [16440]
[2016-03-30 13:54:41,119][TRACE][org.elasticsearch.indices.breaker.request] [request] Adjusted breaker by [-16440] bytes, now [0]
[2016-03-30 13:54:41,120][TRACE][org.elasticsearch.indices.breaker.request] [request] Adjusted breaker by [16440] bytes, now [16440]
[2016-03-30 13:54:41,120][TRACE][org.elasticsearch.indices.breaker.request] [request] Adjusted breaker by [-16440] bytes, now [0]
[2016-03-30 13:54:41,121][TRACE][org.elasticsearch.indices.breaker.request] [request] Adjusted breaker by [16440] bytes, now [16440]
[2016-03-30 13:54:41,122][TRACE][org.elasticsearch.indices.breaker.request] [request] Adjusted breaker by [-16440] bytes, now [0]
[2016-03-30 13:54:41,122][TRACE][org.elasticsearch.indices.breaker.request] [request] Adjusted breaker by [16440] bytes, now [16440]
[2016-03-30 13:54:41,122][TRACE][org.elasticsearch.indices.breaker.request] [request] Adjusted breaker by [-16440] bytes, now [0]
[2016-03-30 13:54:41,124][TRACE][org.elasticsearch.indices.breaker.request] [request] Adjusted breaker by [16440] bytes, now [16440]
[2016-03-30 13:54:41,124][TRACE][org.elasticsearch.indices.breaker.request] [request] Adjusted breaker by [16440] bytes, now [16440]
[2016-03-30 13:54:41,124][TRACE][org.elasticsearch.indices.breaker.request] [request] Adjusted breaker by [-16440] bytes, now [0]
[2016-03-30 13:54:41,124][TRACE][org.elasticsearch.indices.breaker.request] [request] Adjusted breaker by [-16440] bytes, now [0]
[2016-03-30 13:54:41,134][TRACE][org.elasticsearch.indices.breaker.request] [request] Adjusted breaker by [16440] bytes, now [16440]
[2016-03-30 13:54:41,134][TRACE][org.elasticsearch.indices.breaker.request] [request] Adjusted breaker by [-16440] bytes, now [0]
[2016-03-30 13:54:41,145][TRACE][org.elasticsearch.indices.breaker.request] [request] Adjusted breaker by [16440] bytes, now [16440]
[2016-03-30 13:54:41,145][TRACE][org.elasticsearch.indices.breaker.request] [request] Adjusted breaker by [-16440] bytes, now [0]
[2016-03-30 13:54:41,146][TRACE][org.elasticsearch.indices.breaker.request] [request] Adjusted breaker by [16440] bytes, now [16440]
[2016-03-30 13:54:41,146][TRACE][org.elasticsearch.indices.breaker.request] [request] Adjusted breaker by [-16440] bytes, now [0]
[2016-03-30 13:54:41,147][TRACE][org.elasticsearch.indices.breaker.request] [request] Adjusted breaker by [16440] bytes, now [16440]
[2016-03-30 13:54:41,147][TRACE][org.elasticsearch.indices.breaker.request] [request] Adjusted breaker by [-16440] bytes, now [0]
[2016-03-30 13:54:41,148][TRACE][org.elasticsearch.indices.breaker.request] [request] Adjusted breaker by [16440] bytes, now [16440]
[2016-03-30 13:54:41,148][TRACE][org.elasticsearch.indices.breaker.request] [request] Adjusted breaker by [-16440] bytes, now [0]
[2016-03-30 13:54:41,149][TRACE][org.elasticsearch.indices.breaker.request] [request] Adjusted breaker by [16440] bytes, now [16440]
[2016-03-30 13:54:41,149][TRACE][org.elasticsearch.indices.breaker.request] [request] Adjusted breaker by [-16440] bytes, now [0]
[2016-03-30 13:54:41,150][TRACE][org.elasticsearch.indices.breaker.request] [request] Adjusted breaker by [16440] bytes, now [16440]
[2016-03-30 13:54:41,151][TRACE][org.elasticsearch.indices.breaker.request] [request] Adjusted breaker by [-16440] bytes, now [0]
[2016-03-30 13:54:41,151][TRACE][org.elasticsearch.indices.breaker.request] [request] Adjusted breaker by [16440] bytes, now [16440]
[2016-03-30 13:54:41,151][TRACE][org.elasticsearch.indices.breaker.request] [request] Adjusted breaker by [-16440] bytes, now [0]
[2016-03-30 13:54:41,153][TRACE][org.elasticsearch.indices.breaker.request] [request] Adjusted breaker by [16440] bytes, now [16440]
[2016-03-30 13:54:41,153][TRACE][org.elasticsearch.indices.breaker.request] [request] Adjusted breaker by [-16440] bytes, now [0]
[2016-03-30 13:54:41,153][TRACE][org.elasticsearch.indices.breaker.request] [request] Adjusted breaker by [16440] bytes, now [16440]
[2016-03-30 13:54:41,154][TRACE][org.elasticsearch.indices.breaker.request] [request] Adjusted breaker by [-16440] bytes, now [0]
[2016-03-30 13:54:41,155][TRACE][org.elasticsearch.indices.breaker.request] [request] Adjusted breaker by [16440] bytes, now [16440]
[2016-03-30 13:54:41,155][TRACE][org.elasticsearch.indices.breaker.request] [request] Adjusted breaker by [-16440] bytes, now [0]
[2016-03-30 13:54:41,156][TRACE][org.elasticsearch.indices.breaker.request] [request] Adjusted breaker by [16440] bytes, now [16440]
[2016-03-30 13:54:41,156][TRACE][org.elasticsearch.indices.breaker.request] [request] Adjusted breaker by [-16440] bytes, now [0]
[2016-03-30 13:54:41,158][TRACE][org.elasticsearch.indices.breaker.request] [request] Adjusted breaker by [16440] bytes, now [16440]
[2016-03-30 13:54:41,158][TRACE][org.elasticsearch.indices.breaker.request] [request] Adjusted breaker by [-16440] bytes, now [0]
[2016-03-30 13:54:41,158][TRACE][org.elasticsearch.indices.breaker.request] [request] Adjusted breaker by [16440] bytes, now [16440]
[2016-03-30 13:54:41,158][TRACE][org.elasticsearch.indices.breaker.request] [request] Adjusted breaker by [-16440] bytes, now [0]
[2016-03-30 13:54:41,160][TRACE][org.elasticsearch.indices.breaker.request] [request] Adjusted breaker by [16440] bytes, now [16440]
[2016-03-30 13:54:41,160][TRACE][org.elasticsearch.indices.breaker.request] [request] Adjusted breaker by [-16440] bytes, now [0]
[2016-03-30 13:54:41,160][TRACE][org.elasticsearch.indices.breaker.request] [request] Adjusted breaker by [16440] bytes, now [16440]
[2016-03-30 13:54:41,160][TRACE][org.elasticsearch.indices.breaker.request] [request] Adjusted breaker by [-16440] bytes, now [0]
[2016-03-30 13:54:41,162][TRACE][org.elasticsearch.indices.breaker.request] [request] Adjusted breaker by [16440] bytes, now [16440]
[2016-03-30 13:54:41,162][TRACE][org.elasticsearch.indices.breaker.request] [request] Adjusted breaker by [16440] bytes, now [16440]
[2016-03-30 13:54:41,163][TRACE][org.elasticsearch.indices.breaker.request] [request] Adjusted breaker by [-16440] bytes, now [0]
[2016-03-30 13:54:41,163][TRACE][org.elasticsearch.indices.breaker.request] [request] Adjusted breaker by [-16440] bytes, now [0]
[2016-03-30 13:54:41,166][TRACE][org.elasticsearch.indices.breaker.request] [request] Adjusted breaker by [16440] bytes, now [16440]
[2016-03-30 13:54:41,166][TRACE][org.elasticsearch.indices.breaker.request] [request] Adjusted breaker by [16440] bytes, now [16440]
[2016-03-30 13:54:41,166][TRACE][org.elasticsearch.indices.breaker.request] [request] Adjusted breaker by [-16440] bytes, now [0]
[2016-03-30 13:54:41,166][TRACE][org.elasticsearch.indices.breaker.request] [request] Adjusted breaker by [-16440] bytes, now [0]
[2016-03-30 13:54:41,167][TRACE][org.elasticsearch.indices.breaker.request] [request] Adjusted breaker by [16440] bytes, now [16440]
[2016-03-30 13:54:41,167][TRACE][org.elasticsearch.indices.breaker.request] [request] Adjusted breaker by [-16440] bytes, now [0]
[2016-03-30 13:54:41,168][TRACE][org.elasticsearch.indices.breaker.request] [request] Adjusted breaker by [16440] bytes, now [16440]
[2016-03-30 13:54:41,168][TRACE][org.elasticsearch.indices.breaker.request] [request] Adjusted breaker by [-16440] bytes, now [0]
[2016-03-30 13:54:41,169][TRACE][org.elasticsearch.indices.breaker.request] [request] Adjusted breaker by [16440] bytes, now [16440]
[2016-03-30 13:54:41,170][TRACE][org.elasticsearch.indices.breaker.request] [request] Adjusted breaker by [-16440] bytes, now [0]
[2016-03-30 13:54:41,170][TRACE][org.elasticsearch.indices.breaker.request] [request] Adjusted breaker by [16440] bytes, now [16440]
[2016-03-30 13:54:41,170][TRACE][org.elasticsearch.indices.breaker.request] [request] Adjusted breaker by [-16440] bytes, now [0]
[2016-03-30 13:54:41,172][TRACE][org.elasticsearch.indices.breaker.request] [request] Adjusted breaker by [16440] bytes, now [16440]
[2016-03-30 13:54:41,172][TRACE][org.elasticsearch.indices.breaker.request] [request] Adjusted breaker by [-16440] bytes, now [0]
[2016-03-30 13:54:41,172][TRACE][org.elasticsearch.indices.breaker.request] [request] Adjusted breaker by [16440] bytes, now [16440]
[2016-03-30 13:54:41,172][TRACE][org.elasticsearch.indices.breaker.request] [request] Adjusted breaker by [-16440] bytes, now [0]
[2016-03-30 13:54:41,174][TRACE][org.elasticsearch.indices.breaker.request] [request] Adjusted breaker by [16440] bytes, now [16440]
[2016-03-30 13:54:41,174][TRACE][org.elasticsearch.indices.breaker.request] [request] Adjusted breaker by [-16440] bytes, now [0]
[2016-03-30 13:54:41,174][TRACE][org.elasticsearch.indices.breaker.request] [request] Adjusted breaker by [16440] bytes, now [16440]
[2016-03-30 13:54:41,174][TRACE][org.elasticsearch.indices.breaker.request] [request] Adjusted breaker by [-16440] bytes, now [0]
[2016-03-30 13:54:41,176][TRACE][org.elasticsearch.indices.breaker.request] [request] Adjusted breaker by [16440] bytes, now [16440]
[2016-03-30 13:54:41,176][TRACE][org.elasticsearch.indices.breaker.request] [request] Adjusted breaker by [-16440] bytes, now [0]
[2016-03-30 13:54:41,176][TRACE][org.elasticsearch.indices.breaker.request] [request] Adjusted breaker by [16440] bytes, now [16440]
[2016-03-30 13:54:41,176][TRACE][org.elasticsearch.indices.breaker.request] [request] Adjusted breaker by [-16440] bytes, now [0]
[2016-03-30 13:54:41,178][TRACE][org.elasticsearch.indices.breaker.request] [request] Adjusted breaker by [16440] bytes, now [16440]
[2016-03-30 13:54:41,178][TRACE][org.elasticsearch.indices.breaker.request] [request] Adjusted breaker by [-16440] bytes, now [0]
[2016-03-30 13:54:41,178][TRACE][org.elasticsearch.indices.breaker.request] [request] Adjusted breaker by [16440] bytes, now [16440]
[2016-03-30 13:54:41,179][TRACE][org.elasticsearch.indices.breaker.request] [request] Adjusted breaker by [-16440] bytes, now [0]
[2016-03-30 13:54:41,181][TRACE][org.elasticsearch.indices.breaker.request] [request] Adjusted breaker by [16440] bytes, now [16440]
[2016-03-30 13:54:41,181][TRACE][org.elasticsearch.indices.breaker.request] [request] Adjusted breaker by [16440] bytes, now [16440]
[2016-03-30 13:54:41,181][TRACE][org.elasticsearch.indices.breaker.request] [request] Adjusted breaker by [-16440] bytes, now [0]
[2016-03-30 13:54:41,181][TRACE][org.elasticsearch.indices.breaker.request] [request] Adjusted breaker by [-16440] bytes, now [0]
[2016-03-30 13:54:41,182][TRACE][org.elasticsearch.indices.breaker.request] [request] Adjusted breaker by [16440] bytes, now [16440]
[2016-03-30 13:54:41,182][TRACE][org.elasticsearch.indices.breaker.request] [request] Adjusted breaker by [-16440] bytes, now [0]
[2016-03-30 13:54:41,183][TRACE][org.elasticsearch.indices.breaker.request] [request] Adjusted breaker by [16440] bytes, now [16440]
[2016-03-30 13:54:41,183][TRACE][org.elasticsearch.indices.breaker.request] [request] Adjusted breaker by [-16440] bytes, now [0]
[2016-03-30 13:54:41,185][TRACE][org.elasticsearch.indices.breaker.request] [request] Adjusted breaker by [16440] bytes, now [16440]
[2016-03-30 13:54:41,185][TRACE][org.elasticsearch.indices.breaker.request] [request] Adjusted breaker by [-16440] bytes, now [0]
[2016-03-30 13:54:41,187][TRACE][org.elasticsearch.indices.breaker.request] [request] Adjusted breaker by [16440] bytes, now [16440]
[2016-03-30 13:54:41,187][TRACE][org.elasticsearch.indices.breaker.request] [request] Adjusted breaker by [-16440] bytes, now [0]
[2016-03-30 13:54:41,189][TRACE][org.elasticsearch.indices.breaker.request] [request] Adjusted breaker by [16440] bytes, now [16440]
[2016-03-30 13:54:41,189][TRACE][org.elasticsearch.indices.breaker.request] [request] Adjusted breaker by [-16440] bytes, now [0]
[2016-03-30 13:54:41,190][TRACE][org.elasticsearch.indices.breaker.request] [request] Adjusted breaker by [16440] bytes, now [16440]
[2016-03-30 13:54:41,191][TRACE][org.elasticsearch.indices.breaker.request] [request] Adjusted breaker by [-16440] bytes, now [0]
[2016-03-30 13:54:41,192][TRACE][org.elasticsearch.indices.breaker.request] [request] Adjusted breaker by [16440] bytes, now [16440]
[2016-03-30 13:54:41,192][TRACE][org.elasticsearch.indices.breaker.request] [request] Adjusted breaker by [-16440] bytes, now [0]
[2016-03-30 13:54:41,193][TRACE][org.elasticsearch.indices.breaker.request] [request] Adjusted breaker by [16440] bytes, now [16440]
[2016-03-30 13:54:41,193][TRACE][org.elasticsearch.indices.breaker.request] [request] Adjusted breaker by [-16440] bytes, now [0]
[2016-03-30 13:54:41,195][TRACE][org.elasticsearch.indices.breaker.request] [request] Adjusted breaker by [16440] bytes, now [16440]
[2016-03-30 13:54:41,195][TRACE][org.elasticsearch.indices.breaker.request] [request] Adjusted breaker by [16440] bytes, now [16440]
[2016-03-30 13:54:41,195][TRACE][org.elasticsearch.indices.breaker.request] [request] Adjusted breaker by [-16440] bytes, now [0]
[2016-03-30 13:54:41,195][TRACE][org.elasticsearch.indices.breaker.request] [request] Adjusted breaker by [-16440] bytes, now [0]
[2016-03-30 13:54:41,197][TRACE][org.elasticsearch.indices.breaker.request] [request] Adjusted breaker by [16440] bytes, now [16440]
[2016-03-30 13:54:41,197][TRACE][org.elasticsearch.indices.breaker.request] [request] Adjusted breaker by [16440] bytes, now [16440]
[2016-03-30 13:54:41,197][TRACE][org.elasticsearch.indices.breaker.request] [request] Adjusted breaker by [-16440] bytes, now [0]
[2016-03-30 13:54:41,197][TRACE][org.elasticsearch.indices.breaker.request] [request] Adjusted breaker by [-16440] bytes, now [0]
[2016-03-30 13:54:41,198][TRACE][org.elasticsearch.indices.breaker.request] [request] Adjusted breaker by [16440] bytes, now [16440]
[2016-03-30 13:54:41,199][TRACE][org.elasticsearch.indices.breaker.request] [request] Adjusted breaker by [-16440] bytes, now [0]
[2016-03-30 13:54:41,199][TRACE][org.elasticsearch.indices.breaker.request] [request] Adjusted breaker by [16440] bytes, now [16440]
[2016-03-30 13:54:41,199][TRACE][org.elasticsearch.indices.breaker.request] [request] Adjusted breaker by [-16440] bytes, now [0]
[2016-03-30 13:54:41,200][TRACE][org.elasticsearch.indices.breaker.request] [request] Adjusted breaker by [16440] bytes, now [16440]
[2016-03-30 13:54:41,200][TRACE][org.elasticsearch.indices.breaker.request] [request] Adjusted breaker by [-16440] bytes, now [0]
[2016-03-30 13:54:41,201][TRACE][org.elasticsearch.indices.breaker.request] [request] Adjusted breaker by [16440] bytes, now [16440]
[2016-03-30 13:54:41,201][TRACE][org.elasticsearch.indices.breaker.request] [request] Adjusted breaker by [-16440] bytes, now [0]
[2016-03-30 13:54:41,203][TRACE][org.elasticsearch.indices.breaker.request] [request] Adjusted breaker by [16440] bytes, now [16440]
[2016-03-30 13:54:41,203][TRACE][org.elasticsearch.indices.breaker.request] [request] Adjusted breaker by [16440] bytes, now [16440]
[2016-03-30 13:54:41,203][TRACE][org.elasticsearch.indices.breaker.request] [request] Adjusted breaker by [-16440] bytes, now [0]
[2016-03-30 13:54:41,203][TRACE][org.elasticsearch.indices.breaker.request] [request] Adjusted breaker by [-16440] bytes, now [0]
[2016-03-30 13:54:41,204][TRACE][org.elasticsearch.indices.breaker.request] [request] Adjusted breaker by [16440] bytes, now [16440]
[2016-03-30 13:54:41,204][TRACE][org.elasticsearch.indices.breaker.request] [request] Adjusted breaker by [-16440] bytes, now [0]
[2016-03-30 13:54:41,205][TRACE][org.elasticsearch.indices.breaker.request] [request] Adjusted breaker by [16440] bytes, now [16440]
[2016-03-30 13:54:41,205][TRACE][org.elasticsearch.indices.breaker.request] [request] Adjusted breaker by [-16440] bytes, now [0]
[2016-03-30 13:54:41,206][TRACE][org.elasticsearch.indices.breaker.request] [request] Adjusted breaker by [16440] bytes, now [16440]
[2016-03-30 13:54:41,206][TRACE][org.elasticsearch.indices.breaker.request] [request] Adjusted breaker by [-16440] bytes, now [0]
[2016-03-30 13:54:41,207][TRACE][org.elasticsearch.indices.breaker.request] [request] Adjusted breaker by [16440] bytes, now [16440]
[2016-03-30 13:54:41,207][TRACE][org.elasticsearch.indices.breaker.request] [request] Adjusted breaker by [-16440] bytes, now [0]
[2016-03-30 13:54:41,208][TRACE][org.elasticsearch.indices.breaker.request] [request] Adjusted breaker by [16440] bytes, now [16440]
[2016-03-30 13:54:41,208][TRACE][org.elasticsearch.indices.breaker.request] [request] Adjusted breaker by [-16440] bytes, now [0]
[2016-03-30 13:54:41,209][TRACE][org.elasticsearch.indices.breaker.request] [request] Adjusted breaker by [16440] bytes, now [16440]
[2016-03-30 13:54:41,209][TRACE][org.elasticsearch.indices.breaker.request] [request] Adjusted breaker by [-16440] bytes, now [0]
[2016-03-30 13:54:41,210][TRACE][org.elasticsearch.indices.breaker.request] [request] Adjusted breaker by [16440] bytes, now [16440]
[2016-03-30 13:54:41,210][TRACE][org.elasticsearch.indices.breaker.request] [request] Adjusted breaker by [-16440] bytes, now [0]
[2016-03-30 13:54:41,211][TRACE][org.elasticsearch.indices.breaker.request] [request] Adjusted breaker by [16440] bytes, now [16440]
[2016-03-30 13:54:41,211][TRACE][org.elasticsearch.indices.breaker.request] [request] Adjusted breaker by [-16440] bytes, now [0]
[2016-03-30 13:54:41,213][TRACE][org.elasticsearch.indices.breaker.request] [request] Adjusted breaker by [16440] bytes, now [16440]
[2016-03-30 13:54:41,213][TRACE][org.elasticsearch.indices.breaker.request] [request] Adjusted breaker by [16440] bytes, now [16440]
[2016-03-30 13:54:41,213][TRACE][org.elasticsearch.indices.breaker.request] [request] Adjusted breaker by [-16440] bytes, now [0]
[2016-03-30 13:54:41,213][TRACE][org.elasticsearch.indices.breaker.request] [request] Adjusted breaker by [-16440] bytes, now [0]
[2016-03-30 13:54:41,214][TRACE][org.elasticsearch.indices.breaker.request] [request] Adjusted breaker by [16440] bytes, now [16440]
[2016-03-30 13:54:41,215][TRACE][org.elasticsearch.indices.breaker.request] [request] Adjusted breaker by [-16440] bytes, now [0]
[2016-03-30 13:54:41,215][TRACE][org.elasticsearch.indices.breaker.request] [request] Adjusted breaker by [16440] bytes, now [16440]
[2016-03-30 13:54:41,215][TRACE][org.elasticsearch.indices.breaker.request] [request] Adjusted breaker by [-16440] bytes, now [0]
[2016-03-30 13:54:41,217][TRACE][org.elasticsearch.indices.breaker.request] [request] Adjusted breaker by [16440] bytes, now [16440]
[2016-03-30 13:54:41,217][TRACE][org.elasticsearch.indices.breaker.request] [request] Adjusted breaker by [16440] bytes, now [16440]
[2016-03-30 13:54:41,217][TRACE][org.elasticsearch.indices.breaker.request] [request] Adjusted breaker by [-16440] bytes, now [0]
[2016-03-30 13:54:41,217][TRACE][org.elasticsearch.indices.breaker.request] [request] Adjusted breaker by [-16440] bytes, now [0]
[2016-03-30 13:54:41,219][TRACE][org.elasticsearch.indices.breaker.request] [request] Adjusted breaker by [16440] bytes, now [16440]
[2016-03-30 13:54:41,219][TRACE][org.elasticsearch.indices.breaker.request] [request] Adjusted breaker by [16440] bytes, now [16440]
[2016-03-30 13:54:41,219][TRACE][org.elasticsearch.indices.breaker.request] [request] Adjusted breaker by [-16440] bytes, now [0]
[2016-03-30 13:54:41,220][TRACE][org.elasticsearch.indices.breaker.request] [request] Adjusted breaker by [-16440] bytes, now [0]
[2016-03-30 13:54:41,221][TRACE][org.elasticsearch.indices.breaker.request] [request] Adjusted breaker by [16440] bytes, now [16440]
[2016-03-30 13:54:41,221][TRACE][org.elasticsearch.indices.breaker.request] [request] Adjusted breaker by [-16440] bytes, now [0]
[2016-03-30 13:54:41,221][TRACE][org.elasticsearch.indices.breaker.request] [request] Adjusted breaker by [16440] bytes, now [16440]
[2016-03-30 13:54:41,222][TRACE][org.elasticsearch.indices.breaker.request] [request] Adjusted breaker by [-16440] bytes, now [0]
[2016-03-30 13:54:41,222][TRACE][org.elasticsearch.indices.breaker.request] [request] Adjusted breaker by [16440] bytes, now [16440]
[2016-03-30 13:54:41,222][TRACE][org.elasticsearch.indices.breaker.request] [request] Adjusted breaker by [-16440] bytes, now [0]
[2016-03-30 13:54:41,223][TRACE][org.elasticsearch.indices.breaker.request] [request] Adjusted breaker by [16440] bytes, now [16440]
[2016-03-30 13:54:41,223][TRACE][org.elasticsearch.indices.breaker.request] [request] Adjusted breaker by [-16440] bytes, now [0]
[2016-03-30 13:54:41,225][TRACE][org.elasticsearch.indices.breaker.request] [request] Adjusted breaker by [16440] bytes, now [16440]
[2016-03-30 13:54:41,225][TRACE][org.elasticsearch.indices.breaker.request] [request] Adjusted breaker by [16440] bytes, now [16440]
[2016-03-30 13:54:41,225][TRACE][org.elasticsearch.indices.breaker.request] [request] Adjusted breaker by [-16440] bytes, now [0]
[2016-03-30 13:54:41,225][TRACE][org.elasticsearch.indices.breaker.request] [request] Adjusted breaker by [-16440] bytes, now [0]
[2016-03-30 13:54:41,226][TRACE][org.elasticsearch.indices.breaker.request] [request] Adjusted breaker by [16440] bytes, now [16440]
[2016-03-30 13:54:41,226][TRACE][org.elasticsearch.indices.breaker.request] [request] Adjusted breaker by [-16440] bytes, now [0]
[2016-03-30 13:54:41,227][TRACE][org.elasticsearch.indices.breaker.request] [request] Adjusted breaker by [16440] bytes, now [16440]
[2016-03-30 13:54:41,227][TRACE][org.elasticsearch.indices.breaker.request] [request] Adjusted breaker by [-16440] bytes, now [0]
[2016-03-30 13:54:41,228][TRACE][org.elasticsearch.indices.breaker.request] [request] Adjusted breaker by [16440] bytes, now [16440]
[2016-03-30 13:54:41,228][TRACE][org.elasticsearch.indices.breaker.request] [request] Adjusted breaker by [-16440] bytes, now [0]
[2016-03-30 13:54:41,229][TRACE][org.elasticsearch.indices.breaker.request] [request] Adjusted breaker by [16440] bytes, now [16440]
[2016-03-30 13:54:41,229][TRACE][org.elasticsearch.indices.breaker.request] [request] Adjusted breaker by [-16440] bytes, now [0]
[2016-03-30 13:54:41,230][TRACE][org.elasticsearch.indices.breaker.request] [request] Adjusted breaker by [16440] bytes, now [16440]
[2016-03-30 13:54:41,230][TRACE][org.elasticsearch.indices.breaker.request] [request] Adjusted breaker by [-16440] bytes, now [0]
[2016-03-30 13:54:41,230][TRACE][org.elasticsearch.indices.breaker.request] [request] Adjusted breaker by [16440] bytes, now [16440]
[2016-03-30 13:54:41,231][TRACE][org.elasticsearch.indices.breaker.request] [request] Adjusted breaker by [-16440] bytes, now [0]
[2016-03-30 13:54:41,233][TRACE][org.elasticsearch.indices.breaker.request] [request] Adjusted breaker by [16440] bytes, now [16440]
[2016-03-30 13:54:41,233][TRACE][org.elasticsearch.indices.breaker.request] [request] Adjusted breaker by [-16440] bytes, now [0]
[2016-03-30 13:54:41,233][TRACE][org.elasticsearch.indices.breaker.request] [request] Adjusted breaker by [16440] bytes, now [16440]
[2016-03-30 13:54:41,233][TRACE][org.elasticsearch.indices.breaker.request] [request] Adjusted breaker by [-16440] bytes, now [0]
[2016-03-30 13:54:41,266][TRACE][org.elasticsearch.indices.breaker.request] [request] Adjusted breaker by [16440] bytes, now [16440]
[2016-03-30 13:54:41,266][TRACE][org.elasticsearch.indices.breaker.request] [request] Adjusted breaker by [-16440] bytes, now [0]
[2016-03-30 13:54:41,279][TRACE][org.elasticsearch.indices.breaker.request] [request] Adjusted breaker by [16440] bytes, now [16440]
[2016-03-30 13:54:41,279][TRACE][org.elasticsearch.indices.breaker.request] [request] Adjusted breaker by [-16440] bytes, now [0]
[2016-03-30 13:54:41,281][TRACE][org.elasticsearch.indices.breaker.request] [request] Adjusted breaker by [16440] bytes, now [16440]
[2016-03-30 13:54:41,281][TRACE][org.elasticsearch.indices.breaker.request] [request] Adjusted breaker by [-16440] bytes, now [0]
[2016-03-30 13:54:41,282][TRACE][org.elasticsearch.indices.breaker.request] [request] Adjusted breaker by [16440] bytes, now [16440]
[2016-03-30 13:54:41,282][TRACE][org.elasticsearch.indices.breaker.request] [request] Adjusted breaker by [-16440] bytes, now [0]
[2016-03-30 13:54:41,293][TRACE][org.elasticsearch.indices.breaker.request] [request] Adjusted breaker by [16440] bytes, now [16440]
[2016-03-30 13:54:41,293][TRACE][org.elasticsearch.indices.breaker.request] [request] Adjusted breaker by [16440] bytes, now [16440]
[2016-03-30 13:54:41,293][TRACE][org.elasticsearch.indices.breaker.request] [request] Adjusted breaker by [-16440] bytes, now [0]
[2016-03-30 13:54:41,293][TRACE][org.elasticsearch.indices.breaker.request] [request] Adjusted breaker by [-16440] bytes, now [0]
[2016-03-30 13:54:41,294][TRACE][org.elasticsearch.indices.breaker.request] [request] Adjusted breaker by [16440] bytes, now [16440]
[2016-03-30 13:54:41,294][TRACE][org.elasticsearch.indices.breaker.request] [request] Adjusted breaker by [-16440] bytes, now [0]
[2016-03-30 13:54:41,295][TRACE][org.elasticsearch.indices.breaker.request] [request] Adjusted breaker by [16440] bytes, now [16440]
[2016-03-30 13:54:41,295][TRACE][org.elasticsearch.indices.breaker.request] [request] Adjusted breaker by [-16440] bytes, now [0]
[2016-03-30 13:54:41,297][TRACE][org.elasticsearch.indices.breaker.request] [request] Adjusted breaker by [16440] bytes, now [16440]
[2016-03-30 13:54:41,297][TRACE][org.elasticsearch.indices.breaker.request] [request] Adjusted breaker by [16440] bytes, now [16440]
[2016-03-30 13:54:41,297][TRACE][org.elasticsearch.indices.breaker.request] [request] Adjusted breaker by [-16440] bytes, now [0]
[2016-03-30 13:54:41,297][TRACE][org.elasticsearch.indices.breaker.request] [request] Adjusted breaker by [-16440] bytes, now [0]
[2016-03-30 13:54:41,298][TRACE][org.elasticsearch.indices.breaker.request] [request] Adjusted breaker by [16440] bytes, now [16440]
[2016-03-30 13:54:41,298][TRACE][org.elasticsearch.indices.breaker.request] [request] Adjusted breaker by [-16440] bytes, now [0]
[2016-03-30 13:54:41,299][TRACE][org.elasticsearch.indices.breaker.request] [request] Adjusted breaker by [16440] bytes, now [16440]
[2016-03-30 13:54:41,299][TRACE][org.elasticsearch.indices.breaker.request] [request] Adjusted breaker by [-16440] bytes, now [0]
[2016-03-30 13:54:41,301][TRACE][org.elasticsearch.indices.breaker.request] [request] Adjusted breaker by [16440] bytes, now [16440]
[2016-03-30 13:54:41,301][TRACE][org.elasticsearch.indices.breaker.request] [request] Adjusted breaker by [16440] bytes, now [16440]
[2016-03-30 13:54:41,301][TRACE][org.elasticsearch.indices.breaker.request] [request] Adjusted breaker by [-16440] bytes, now [0]
[2016-03-30 13:54:41,301][TRACE][org.elasticsearch.indices.breaker.request] [request] Adjusted breaker by [-16440] bytes, now [0]
[2016-03-30 13:54:41,302][TRACE][org.elasticsearch.indices.breaker.request] [request] Adjusted breaker by [16440] bytes, now [16440]
[2016-03-30 13:54:41,302][TRACE][org.elasticsearch.indices.breaker.request] [request] Adjusted breaker by [-16440] bytes, now [0]
[2016-03-30 13:54:41,303][TRACE][org.elasticsearch.indices.breaker.request] [request] Adjusted breaker by [16440] bytes, now [16440]
[2016-03-30 13:54:41,303][TRACE][org.elasticsearch.indices.breaker.request] [request] Adjusted breaker by [-16440] bytes, now [0]
[2016-03-30 13:54:41,305][TRACE][org.elasticsearch.indices.breaker.request] [request] Adjusted breaker by [16440] bytes, now [16440]
[2016-03-30 13:54:41,305][TRACE][org.elasticsearch.indices.breaker.request] [request] Adjusted breaker by [16440] bytes, now [16440]
[2016-03-30 13:54:41,305][TRACE][org.elasticsearch.indices.breaker.request] [request] Adjusted breaker by [-16440] bytes, now [0]
[2016-03-30 13:54:41,305][TRACE][org.elasticsearch.indices.breaker.request] [request] Adjusted breaker by [-16440] bytes, now [0]
[2016-03-30 13:54:41,306][TRACE][org.elasticsearch.indices.breaker.request] [request] Adjusted breaker by [16440] bytes, now [16440]
[2016-03-30 13:54:41,306][TRACE][org.elasticsearch.indices.breaker.request] [request] Adjusted breaker by [-16440] bytes, now [0]
[2016-03-30 13:54:41,307][TRACE][org.elasticsearch.indices.breaker.request] [request] Adjusted breaker by [16440] bytes, now [16440]
[2016-03-30 13:54:41,307][TRACE][org.elasticsearch.indices.breaker.request] [request] Adjusted breaker by [-16440] bytes, now [0]
[2016-03-30 13:54:41,308][TRACE][org.elasticsearch.indices.breaker.request] [request] Adjusted breaker by [16440] bytes, now [16440]
[2016-03-30 13:54:41,308][TRACE][org.elasticsearch.indices.breaker.request] [request] Adjusted breaker by [-16440] bytes, now [0]
[2016-03-30 13:54:41,309][TRACE][org.elasticsearch.indices.breaker.request] [request] Adjusted breaker by [16440] bytes, now [16440]
[2016-03-30 13:54:41,309][TRACE][org.elasticsearch.indices.breaker.request] [request] Adjusted breaker by [-16440] bytes, now [0]
[2016-03-30 13:54:41,310][TRACE][org.elasticsearch.indices.breaker.request] [request] Adjusted breaker by [16440] bytes, now [16440]
[2016-03-30 13:54:41,311][TRACE][org.elasticsearch.indices.breaker.request] [request] Adjusted breaker by [-16440] bytes, now [0]
[2016-03-30 13:54:41,311][TRACE][org.elasticsearch.indices.breaker.request] [request] Adjusted breaker by [16440] bytes, now [16440]
[2016-03-30 13:54:41,311][TRACE][org.elasticsearch.indices.breaker.request] [request] Adjusted breaker by [-16440] bytes, now [0]
[2016-03-30 13:54:41,312][TRACE][org.elasticsearch.indices.breaker.request] [request] Adjusted breaker by [16440] bytes, now [16440]
[2016-03-30 13:54:41,313][TRACE][org.elasticsearch.indices.breaker.request] [request] Adjusted breaker by [-16440] bytes, now [0]
[2016-03-30 13:54:41,314][TRACE][org.elasticsearch.indices.breaker.request] [request] Adjusted breaker by [16440] bytes, now [16440]
[2016-03-30 13:54:41,314][TRACE][org.elasticsearch.indices.breaker.request] [request] Adjusted breaker by [-16440] bytes, now [0]
[2016-03-30 13:54:41,321][TRACE][org.elasticsearch.indices.breaker.request] [request] Adjusted breaker by [16440] bytes, now [16440]
[2016-03-30 13:54:41,321][TRACE][org.elasticsearch.indices.breaker.request] [request] Adjusted breaker by [-16440] bytes, now [0]
[2016-03-30 13:54:41,322][TRACE][org.elasticsearch.indices.breaker.request] [request] Adjusted breaker by [16440] bytes, now [16440]
[2016-03-30 13:54:41,322][TRACE][org.elasticsearch.indices.breaker.request] [request] Adjusted breaker by [-16440] bytes, now [0]
[2016-03-30 13:54:41,324][TRACE][org.elasticsearch.indices.breaker.request] [request] Adjusted breaker by [16440] bytes, now [16440]
[2016-03-30 13:54:41,324][TRACE][org.elasticsearch.indices.breaker.request] [request] Adjusted breaker by [-16440] bytes, now [0]
[2016-03-30 13:54:41,326][TRACE][org.elasticsearch.indices.breaker.request] [request] Adjusted breaker by [16440] bytes, now [16440]
[2016-03-30 13:54:41,326][TRACE][org.elasticsearch.indices.breaker.request] [request] Adjusted breaker by [-16440] bytes, now [0]
[2016-03-30 13:54:41,328][TRACE][org.elasticsearch.indices.breaker.request] [request] Adjusted breaker by [16440] bytes, now [16440]
[2016-03-30 13:54:41,328][TRACE][org.elasticsearch.indices.breaker.request] [request] Adjusted breaker by [-16440] bytes, now [0]
[2016-03-30 13:54:41,328][TRACE][org.elasticsearch.indices.breaker.request] [request] Adjusted breaker by [16440] bytes, now [16440]
[2016-03-30 13:54:41,328][TRACE][org.elasticsearch.indices.breaker.request] [request] Adjusted breaker by [-16440] bytes, now [0]
[2016-03-30 13:54:41,331][TRACE][org.elasticsearch.indices.breaker.request] [request] Adjusted breaker by [16440] bytes, now [16440]
[2016-03-30 13:54:41,332][TRACE][org.elasticsearch.indices.breaker.request] [request] Adjusted breaker by [-16440] bytes, now [0]
[2016-03-30 13:54:41,332][TRACE][org.elasticsearch.indices.breaker.request] [request] Adjusted breaker by [16440] bytes, now [16440]
[2016-03-30 13:54:41,333][TRACE][org.elasticsearch.indices.breaker.request] [request] Adjusted breaker by [-16440] bytes, now [0]
[2016-03-30 13:54:41,334][TRACE][org.elasticsearch.indices.breaker.request] [request] Adjusted breaker by [16440] bytes, now [16440]
[2016-03-30 13:54:41,334][TRACE][org.elasticsearch.indices.breaker.request] [request] Adjusted breaker by [-16440] bytes, now [0]
[2016-03-30 13:54:41,335][TRACE][org.elasticsearch.indices.breaker.request] [request] Adjusted breaker by [16440] bytes, now [16440]
[2016-03-30 13:54:41,335][TRACE][org.elasticsearch.indices.breaker.request] [request] Adjusted breaker by [-16440] bytes, now [0]
[2016-03-30 13:54:41,337][TRACE][org.elasticsearch.indices.breaker.request] [request] Adjusted breaker by [16440] bytes, now [16440]
[2016-03-30 13:54:41,337][TRACE][org.elasticsearch.indices.breaker.request] [request] Adjusted breaker by [-16440] bytes, now [0]
[2016-03-30 13:54:41,338][TRACE][org.elasticsearch.indices.breaker.request] [request] Adjusted breaker by [16440] bytes, now [16440]
[2016-03-30 13:54:41,338][TRACE][org.elasticsearch.indices.breaker.request] [request] Adjusted breaker by [-16440] bytes, now [0]
[2016-03-30 13:54:41,339][TRACE][org.elasticsearch.indices.breaker.request] [request] Adjusted breaker by [16440] bytes, now [16440]
[2016-03-30 13:54:41,339][TRACE][org.elasticsearch.indices.breaker.request] [request] Adjusted breaker by [-16440] bytes, now [0]
[2016-03-30 13:54:41,340][TRACE][org.elasticsearch.indices.breaker.request] [request] Adjusted breaker by [16440] bytes, now [16440]
[2016-03-30 13:54:41,340][TRACE][org.elasticsearch.indices.breaker.request] [request] Adjusted breaker by [-16440] bytes, now [0]
[2016-03-30 13:54:41,341][TRACE][org.elasticsearch.indices.breaker.request] [request] Adjusted breaker by [16440] bytes, now [16440]
[2016-03-30 13:54:41,341][TRACE][org.elasticsearch.indices.breaker.request] [request] Adjusted breaker by [-16440] bytes, now [0]
[2016-03-30 13:54:41,342][TRACE][org.elasticsearch.indices.breaker.request] [request] Adjusted breaker by [16440] bytes, now [16440]
[2016-03-30 13:54:41,343][TRACE][org.elasticsearch.indices.breaker.request] [request] Adjusted breaker by [-16440] bytes, now [0]
[2016-03-30 13:54:41,344][TRACE][org.elasticsearch.indices.breaker.request] [request] Adjusted breaker by [16440] bytes, now [16440]
[2016-03-30 13:54:41,344][TRACE][org.elasticsearch.indices.breaker.request] [request] Adjusted breaker by [-16440] bytes, now [0]
[2016-03-30 13:54:41,345][TRACE][org.elasticsearch.indices.breaker.request] [request] Adjusted breaker by [16440] bytes, now [16440]
[2016-03-30 13:54:41,345][TRACE][org.elasticsearch.indices.breaker.request] [request] Adjusted breaker by [-16440] bytes, now [0]
[2016-03-30 13:54:41,346][TRACE][org.elasticsearch.indices.breaker.request] [request] Adjusted breaker by [16440] bytes, now [16440]
[2016-03-30 13:54:41,346][TRACE][org.elasticsearch.indices.breaker.request] [request] Adjusted breaker by [-16440] bytes, now [0]
[2016-03-30 13:54:41,347][TRACE][org.elasticsearch.indices.breaker.request] [request] Adjusted breaker by [16440] bytes, now [16440]
[2016-03-30 13:54:41,347][TRACE][org.elasticsearch.indices.breaker.request] [request] Adjusted breaker by [-16440] bytes, now [0]
[2016-03-30 13:54:41,358][TRACE][org.elasticsearch.indices.breaker.request] [request] Adjusted breaker by [16440] bytes, now [16440]
[2016-03-30 13:54:41,358][TRACE][org.elasticsearch.indices.breaker.request] [request] Adjusted breaker by [-16440] bytes, now [0]
[2016-03-30 13:54:41,359][TRACE][org.elasticsearch.indices.breaker.request] [request] Adjusted breaker by [16440] bytes, now [16440]
[2016-03-30 13:54:41,359][TRACE][org.elasticsearch.indices.breaker.request] [request] Adjusted breaker by [-16440] bytes, now [0]
[2016-03-30 13:54:41,367][TRACE][org.elasticsearch.indices.breaker.request] [request] Adjusted breaker by [16440] bytes, now [16440]
[2016-03-30 13:54:41,367][TRACE][org.elasticsearch.indices.breaker.request] [request] Adjusted breaker by [-16440] bytes, now [0]
[2016-03-30 13:54:41,368][TRACE][org.elasticsearch.indices.breaker.request] [request] Adjusted breaker by [16440] bytes, now [16440]
[2016-03-30 13:54:41,368][TRACE][org.elasticsearch.indices.breaker.request] [request] Adjusted breaker by [-16440] bytes, now [0]
[2016-03-30 13:54:41,369][TRACE][org.elasticsearch.indices.breaker.request] [request] Adjusted breaker by [16440] bytes, now [16440]
[2016-03-30 13:54:41,369][TRACE][org.elasticsearch.indices.breaker.request] [request] Adjusted breaker by [-16440] bytes, now [0]
[2016-03-30 13:54:41,374][TRACE][org.elasticsearch.indices.breaker.request] [request] Adjusted breaker by [16440] bytes, now [16440]
[2016-03-30 13:54:41,375][TRACE][org.elasticsearch.indices.breaker.request] [request] Adjusted breaker by [-16440] bytes, now [0]
[2016-03-30 13:54:41,377][TRACE][org.elasticsearch.indices.breaker.request] [request] Adjusted breaker by [16440] bytes, now [16440]
[2016-03-30 13:54:41,377][TRACE][org.elasticsearch.indices.breaker.request] [request] Adjusted breaker by [-16440] bytes, now [0]
[2016-03-30 13:54:41,377][TRACE][org.elasticsearch.indices.breaker.request] [request] Adjusted breaker by [16440] bytes, now [16440]
[2016-03-30 13:54:41,377][TRACE][org.elasticsearch.indices.breaker.request] [request] Adjusted breaker by [-16440] bytes, now [0]
[2016-03-30 13:54:41,379][TRACE][org.elasticsearch.indices.breaker.request] [request] Adjusted breaker by [16440] bytes, now [16440]
[2016-03-30 13:54:41,379][TRACE][org.elasticsearch.indices.breaker.request] [request] Adjusted breaker by [-16440] bytes, now [0]
[2016-03-30 13:54:41,380][TRACE][org.elasticsearch.indices.breaker.request] [request] Adjusted breaker by [16440] bytes, now [16440]
[2016-03-30 13:54:41,380][TRACE][org.elasticsearch.indices.breaker.request] [request] Adjusted breaker by [-16440] bytes, now [0]
[2016-03-30 13:54:41,381][TRACE][org.elasticsearch.indices.breaker.request] [request] Adjusted breaker by [16440] bytes, now [16440]
[2016-03-30 13:54:41,382][TRACE][org.elasticsearch.indices.breaker.request] [request] Adjusted breaker by [-16440] bytes, now [0]
[2016-03-30 13:54:41,382][TRACE][org.elasticsearch.indices.breaker.request] [request] Adjusted breaker by [16440] bytes, now [16440]
[2016-03-30 13:54:41,382][TRACE][org.elasticsearch.indices.breaker.request] [request] Adjusted breaker by [-16440] bytes, now [0]
[2016-03-30 13:54:41,384][TRACE][org.elasticsearch.indices.breaker.request] [request] Adjusted breaker by [16440] bytes, now [16440]
[2016-03-30 13:54:41,384][TRACE][org.elasticsearch.indices.breaker.request] [request] Adjusted breaker by [-16440] bytes, now [0]
[2016-03-30 13:54:41,384][TRACE][org.elasticsearch.indices.breaker.request] [request] Adjusted breaker by [16440] bytes, now [16440]
[2016-03-30 13:54:41,384][TRACE][org.elasticsearch.indices.breaker.request] [request] Adjusted breaker by [-16440] bytes, now [0]
[2016-03-30 13:54:41,385][TRACE][org.elasticsearch.indices.breaker.request] [request] Adjusted breaker by [16440] bytes, now [16440]
[2016-03-30 13:54:41,386][TRACE][org.elasticsearch.indices.breaker.request] [request] Adjusted breaker by [-16440] bytes, now [0]
[2016-03-30 13:54:41,386][TRACE][org.elasticsearch.indices.breaker.request] [request] Adjusted breaker by [16440] bytes, now [16440]
[2016-03-30 13:54:41,386][TRACE][org.elasticsearch.indices.breaker.request] [request] Adjusted breaker by [-16440] bytes, now [0]
[2016-03-30 13:54:41,390][TRACE][org.elasticsearch.indices.breaker.request] [request] Adjusted breaker by [16440] bytes, now [16440]
[2016-03-30 13:54:41,390][TRACE][org.elasticsearch.indices.breaker.request] [request] Adjusted breaker by [-16440] bytes, now [0]
[2016-03-30 13:54:41,391][TRACE][org.elasticsearch.indices.breaker.request] [request] Adjusted breaker by [16440] bytes, now [16440]
[2016-03-30 13:54:41,391][TRACE][org.elasticsearch.indices.breaker.request] [request] Adjusted breaker by [-16440] bytes, now [0]
[2016-03-30 13:54:41,393][TRACE][org.elasticsearch.indices.breaker.request] [request] Adjusted breaker by [16440] bytes, now [16440]
[2016-03-30 13:54:41,393][TRACE][org.elasticsearch.indices.breaker.request] [request] Adjusted breaker by [-16440] bytes, now [0]
[2016-03-30 13:54:41,393][TRACE][org.elasticsearch.indices.breaker.request] [request] Adjusted breaker by [16440] bytes, now [16440]
[2016-03-30 13:54:41,394][TRACE][org.elasticsearch.indices.breaker.request] [request] Adjusted breaker by [-16440] bytes, now [0]
[2016-03-30 13:54:41,395][TRACE][org.elasticsearch.indices.breaker.request] [request] Adjusted breaker by [16440] bytes, now [16440]
[2016-03-30 13:54:41,395][TRACE][org.elasticsearch.indices.breaker.request] [request] Adjusted breaker by [-16440] bytes, now [0]
[2016-03-30 13:54:41,395][TRACE][org.elasticsearch.indices.breaker.request] [request] Adjusted breaker by [16440] bytes, now [16440]
[2016-03-30 13:54:41,396][TRACE][org.elasticsearch.indices.breaker.request] [request] Adjusted breaker by [-16440] bytes, now [0]
[2016-03-30 13:54:41,397][TRACE][org.elasticsearch.indices.breaker.request] [request] Adjusted breaker by [16440] bytes, now [16440]
[2016-03-30 13:54:41,397][TRACE][org.elasticsearch.indices.breaker.request] [request] Adjusted breaker by [-16440] bytes, now [0]
[2016-03-30 13:54:41,398][TRACE][org.elasticsearch.indices.breaker.request] [request] Adjusted breaker by [16440] bytes, now [16440]
[2016-03-30 13:54:41,398][TRACE][org.elasticsearch.indices.breaker.request] [request] Adjusted breaker by [-16440] bytes, now [0]
[2016-03-30 13:54:41,399][TRACE][org.elasticsearch.indices.breaker.request] [request] Adjusted breaker by [16440] bytes, now [16440]
[2016-03-30 13:54:41,400][TRACE][org.elasticsearch.indices.breaker.request] [request] Adjusted breaker by [-16440] bytes, now [0]
[2016-03-30 13:54:41,400][TRACE][org.elasticsearch.indices.breaker.request] [request] Adjusted breaker by [16440] bytes, now [16440]
[2016-03-30 13:54:41,400][TRACE][org.elasticsearch.indices.breaker.request] [request] Adjusted breaker by [-16440] bytes, now [0]
[2016-03-30 13:54:41,401][TRACE][org.elasticsearch.indices.breaker.request] [request] Adjusted breaker by [16440] bytes, now [16440]
[2016-03-30 13:54:41,401][TRACE][org.elasticsearch.indices.breaker.request] [request] Adjusted breaker by [-16440] bytes, now [0]
[2016-03-30 13:54:41,402][TRACE][org.elasticsearch.indices.breaker.request] [request] Adjusted breaker by [16440] bytes, now [16440]
[2016-03-30 13:54:41,402][TRACE][org.elasticsearch.indices.breaker.request] [request] Adjusted breaker by [-16440] bytes, now [0]
[2016-03-30 13:54:41,404][TRACE][org.elasticsearch.indices.breaker.request] [request] Adjusted breaker by [16440] bytes, now [16440]
[2016-03-30 13:54:41,404][TRACE][org.elasticsearch.indices.breaker.request] [request] Adjusted breaker by [-16440] bytes, now [0]
[2016-03-30 13:54:41,405][TRACE][org.elasticsearch.indices.breaker.request] [request] Adjusted breaker by [16440] bytes, now [16440]
[2016-03-30 13:54:41,405][TRACE][org.elasticsearch.indices.breaker.request] [request] Adjusted breaker by [-16440] bytes, now [0]
[2016-03-30 13:54:41,406][TRACE][org.elasticsearch.indices.breaker.request] [request] Adjusted breaker by [16440] bytes, now [16440]
[2016-03-30 13:54:41,406][TRACE][org.elasticsearch.indices.breaker.request] [request] Adjusted breaker by [-16440] bytes, now [0]
[2016-03-30 13:54:41,407][TRACE][org.elasticsearch.indices.breaker.request] [request] Adjusted breaker by [16440] bytes, now [16440]
[2016-03-30 13:54:41,407][TRACE][org.elasticsearch.indices.breaker.request] [request] Adjusted breaker by [-16440] bytes, now [0]
[2016-03-30 13:54:41,409][TRACE][org.elasticsearch.indices.breaker.request] [request] Adjusted breaker by [16440] bytes, now [16440]
[2016-03-30 13:54:41,409][TRACE][org.elasticsearch.indices.breaker.request] [request] Adjusted breaker by [-16440] bytes, now [0]
[2016-03-30 13:54:41,409][TRACE][org.elasticsearch.indices.breaker.request] [request] Adjusted breaker by [16440] bytes, now [16440]
[2016-03-30 13:54:41,409][TRACE][org.elasticsearch.indices.breaker.request] [request] Adjusted breaker by [-16440] bytes, now [0]
[2016-03-30 13:54:41,411][TRACE][org.elasticsearch.indices.breaker.request] [request] Adjusted breaker by [16440] bytes, now [16440]
[2016-03-30 13:54:41,411][TRACE][org.elasticsearch.indices.breaker.request] [request] Adjusted breaker by [16440] bytes, now [16440]
[2016-03-30 13:54:41,411][TRACE][org.elasticsearch.indices.breaker.request] [request] Adjusted breaker by [-16440] bytes, now [0]
[2016-03-30 13:54:41,411][TRACE][org.elasticsearch.indices.breaker.request] [request] Adjusted breaker by [-16440] bytes, now [0]
[2016-03-30 13:54:41,413][TRACE][org.elasticsearch.indices.breaker.request] [request] Adjusted breaker by [16440] bytes, now [16440]
[2016-03-30 13:54:41,413][TRACE][org.elasticsearch.indices.breaker.request] [request] Adjusted breaker by [-16440] bytes, now [0]
[2016-03-30 13:54:41,414][TRACE][org.elasticsearch.indices.breaker.request] [request] Adjusted breaker by [16440] bytes, now [16440]
[2016-03-30 13:54:41,414][TRACE][org.elasticsearch.indices.breaker.request] [request] Adjusted breaker by [-16440] bytes, now [0]
[2016-03-30 13:54:41,421][TRACE][org.elasticsearch.indices.breaker.request] [request] Adjusted breaker by [16440] bytes, now [16440]
[2016-03-30 13:54:41,422][TRACE][org.elasticsearch.indices.breaker.request] [request] Adjusted breaker by [-16440] bytes, now [0]
[2016-03-30 13:54:41,423][TRACE][org.elasticsearch.indices.breaker.request] [request] Adjusted breaker by [16440] bytes, now [16440]
[2016-03-30 13:54:41,423][TRACE][org.elasticsearch.indices.breaker.request] [request] Adjusted breaker by [-16440] bytes, now [0]
[2016-03-30 13:54:41,424][TRACE][org.elasticsearch.indices.breaker.request] [request] Adjusted breaker by [16440] bytes, now [16440]
[2016-03-30 13:54:41,424][TRACE][org.elasticsearch.indices.breaker.request] [request] Adjusted breaker by [-16440] bytes, now [0]
[2016-03-30 13:54:41,425][TRACE][org.elasticsearch.indices.breaker.request] [request] Adjusted breaker by [16440] bytes, now [16440]
[2016-03-30 13:54:41,425][TRACE][org.elasticsearch.indices.breaker.request] [request] Adjusted breaker by [-16440] bytes, now [0]
[2016-03-30 13:54:41,428][TRACE][org.elasticsearch.indices.breaker.request] [request] Adjusted breaker by [16440] bytes, now [16440]
[2016-03-30 13:54:41,428][TRACE][org.elasticsearch.indices.breaker.request] [request] Adjusted breaker by [-16440] bytes, now [0]
[2016-03-30 13:54:41,428][TRACE][org.elasticsearch.indices.breaker.request] [request] Adjusted breaker by [16440] bytes, now [16440]
[2016-03-30 13:54:41,429][TRACE][org.elasticsearch.indices.breaker.request] [request] Adjusted breaker by [-16440] bytes, now [0]
[2016-03-30 13:54:41,430][TRACE][org.elasticsearch.indices.breaker.request] [request] Adjusted breaker by [16440] bytes, now [16440]
[2016-03-30 13:54:41,431][TRACE][org.elasticsearch.indices.breaker.request] [request] Adjusted breaker by [-16440] bytes, now [0]
[2016-03-30 13:54:41,430][TRACE][org.elasticsearch.indices.breaker.request] [request] Adjusted breaker by [16440] bytes, now [16440]
[2016-03-30 13:54:41,431][TRACE][org.elasticsearch.indices.breaker.request] [request] Adjusted breaker by [-16440] bytes, now [0]
[2016-03-30 13:54:41,432][TRACE][org.elasticsearch.indices.breaker.request] [request] Adjusted breaker by [16440] bytes, now [16440]
[2016-03-30 13:54:41,432][TRACE][org.elasticsearch.indices.breaker.request] [request] Adjusted breaker by [16440] bytes, now [16440]
[2016-03-30 13:54:41,433][TRACE][org.elasticsearch.indices.breaker.request] [request] Adjusted breaker by [-16440] bytes, now [0]
[2016-03-30 13:54:41,433][TRACE][org.elasticsearch.indices.breaker.request] [request] Adjusted breaker by [-16440] bytes, now [0]
[2016-03-30 13:54:41,440][TRACE][org.elasticsearch.indices.breaker.request] [request] Adjusted breaker by [16440] bytes, now [16440]
[2016-03-30 13:54:41,440][TRACE][org.elasticsearch.indices.breaker.request] [request] Adjusted breaker by [-16440] bytes, now [0]
[2016-03-30 13:54:41,441][TRACE][org.elasticsearch.indices.breaker.request] [request] Adjusted breaker by [16440] bytes, now [16440]
[2016-03-30 13:54:41,441][TRACE][org.elasticsearch.indices.breaker.request] [request] Adjusted breaker by [-16440] bytes, now [0]
[2016-03-30 13:54:41,451][TRACE][org.elasticsearch.indices.breaker.request] [request] Adjusted breaker by [16440] bytes, now [16440]
[2016-03-30 13:54:41,451][TRACE][org.elasticsearch.indices.breaker.request] [request] Adjusted breaker by [-16440] bytes, now [0]
[2016-03-30 13:54:41,452][TRACE][org.elasticsearch.indices.breaker.request] [request] Adjusted breaker by [16440] bytes, now [16440]
[2016-03-30 13:54:41,452][TRACE][org.elasticsearch.indices.breaker.request] [request] Adjusted breaker by [-16440] bytes, now [0]
[2016-03-30 13:54:41,454][TRACE][org.elasticsearch.indices.breaker.request] [request] Adjusted breaker by [16440] bytes, now [16440]
[2016-03-30 13:54:41,454][TRACE][org.elasticsearch.indices.breaker.request] [request] Adjusted breaker by [-16440] bytes, now [0]
[2016-03-30 13:54:41,455][TRACE][org.elasticsearch.indices.breaker.request] [request] Adjusted breaker by [16440] bytes, now [16440]
[2016-03-30 13:54:41,455][TRACE][org.elasticsearch.indices.breaker.request] [request] Adjusted breaker by [-16440] bytes, now [0]
[2016-03-30 13:54:41,456][TRACE][org.elasticsearch.indices.breaker.request] [request] Adjusted breaker by [16440] bytes, now [16440]
[2016-03-30 13:54:41,456][TRACE][org.elasticsearch.indices.breaker.request] [request] Adjusted breaker by [-16440] bytes, now [0]
[2016-03-30 13:54:41,457][TRACE][org.elasticsearch.indices.breaker.request] [request] Adjusted breaker by [16440] bytes, now [16440]
[2016-03-30 13:54:41,457][TRACE][org.elasticsearch.indices.breaker.request] [request] Adjusted breaker by [-16440] bytes, now [0]
[2016-03-30 13:54:41,458][TRACE][org.elasticsearch.indices.breaker.request] [request] Adjusted breaker by [16440] bytes, now [16440]
[2016-03-30 13:54:41,458][TRACE][org.elasticsearch.indices.breaker.request] [request] Adjusted breaker by [-16440] bytes, now [0]
[2016-03-30 13:54:41,459][TRACE][org.elasticsearch.indices.breaker.request] [request] Adjusted breaker by [16440] bytes, now [16440]
[2016-03-30 13:54:41,459][TRACE][org.elasticsearch.indices.breaker.request] [request] Adjusted breaker by [-16440] bytes, now [0]
[2016-03-30 13:54:41,460][TRACE][org.elasticsearch.indices.breaker.request] [request] Adjusted breaker by [16440] bytes, now [16440]
[2016-03-30 13:54:41,460][TRACE][org.elasticsearch.indices.breaker.request] [request] Adjusted breaker by [-16440] bytes, now [0]
[2016-03-30 13:54:41,460][TRACE][org.elasticsearch.indices.breaker.request] [request] Adjusted breaker by [16440] bytes, now [16440]
[2016-03-30 13:54:41,461][TRACE][org.elasticsearch.indices.breaker.request] [request] Adjusted breaker by [-16440] bytes, now [0]
[2016-03-30 13:54:41,462][TRACE][org.elasticsearch.indices.breaker.request] [request] Adjusted breaker by [16440] bytes, now [16440]
[2016-03-30 13:54:41,462][TRACE][org.elasticsearch.indices.breaker.request] [request] Adjusted breaker by [-16440] bytes, now [0]
[2016-03-30 13:54:41,462][TRACE][org.elasticsearch.indices.breaker.request] [request] Adjusted breaker by [16440] bytes, now [16440]
[2016-03-30 13:54:41,463][TRACE][org.elasticsearch.indices.breaker.request] [request] Adjusted breaker by [-16440] bytes, now [0]
[2016-03-30 13:54:41,464][TRACE][org.elasticsearch.indices.breaker.request] [request] Adjusted breaker by [16440] bytes, now [16440]
[2016-03-30 13:54:41,464][TRACE][org.elasticsearch.indices.breaker.request] [request] Adjusted breaker by [-16440] bytes, now [0]
[2016-03-30 13:54:41,464][TRACE][org.elasticsearch.indices.breaker.request] [request] Adjusted breaker by [16440] bytes, now [16440]
[2016-03-30 13:54:41,465][TRACE][org.elasticsearch.indices.breaker.request] [request] Adjusted breaker by [-16440] bytes, now [0]
[2016-03-30 13:54:41,466][TRACE][org.elasticsearch.indices.breaker.request] [request] Adjusted breaker by [16440] bytes, now [16440]
[2016-03-30 13:54:41,466][TRACE][org.elasticsearch.indices.breaker.request] [request] Adjusted breaker by [-16440] bytes, now [0]
[2016-03-30 13:54:41,466][TRACE][org.elasticsearch.indices.breaker.request] [request] Adjusted breaker by [16440] bytes, now [16440]
[2016-03-30 13:54:41,467][TRACE][org.elasticsearch.indices.breaker.request] [request] Adjusted breaker by [-16440] bytes, now [0]
[2016-03-30 13:54:41,468][TRACE][org.elasticsearch.indices.breaker.request] [request] Adjusted breaker by [16440] bytes, now [16440]
[2016-03-30 13:54:41,468][TRACE][org.elasticsearch.indices.breaker.request] [request] Adjusted breaker by [-16440] bytes, now [0]
[2016-03-30 13:54:41,469][TRACE][org.elasticsearch.indices.breaker.request] [request] Adjusted breaker by [16440] bytes, now [16440]
[2016-03-30 13:54:41,469][TRACE][org.elasticsearch.indices.breaker.request] [request] Adjusted breaker by [-16440] bytes, now [0]
[2016-03-30 13:54:41,470][TRACE][org.elasticsearch.indices.breaker.request] [request] Adjusted breaker by [16440] bytes, now [16440]
[2016-03-30 13:54:41,470][TRACE][org.elasticsearch.indices.breaker.request] [request] Adjusted breaker by [-16440] bytes, now [0]
[2016-03-30 13:54:41,471][TRACE][org.elasticsearch.indices.breaker.request] [request] Adjusted breaker by [16440] bytes, now [16440]
[2016-03-30 13:54:41,471][TRACE][org.elasticsearch.indices.breaker.request] [request] Adjusted breaker by [-16440] bytes, now [0]
[2016-03-30 13:54:41,472][TRACE][org.elasticsearch.indices.breaker.request] [request] Adjusted breaker by [16440] bytes, now [16440]
[2016-03-30 13:54:41,472][TRACE][org.elasticsearch.indices.breaker.request] [request] Adjusted breaker by [-16440] bytes, now [0]
[2016-03-30 13:54:41,473][TRACE][org.elasticsearch.indices.breaker.request] [request] Adjusted breaker by [16440] bytes, now [16440]
[2016-03-30 13:54:41,473][TRACE][org.elasticsearch.indices.breaker.request] [request] Adjusted breaker by [-16440] bytes, now [0]
[2016-03-30 13:54:41,475][TRACE][org.elasticsearch.indices.breaker.request] [request] Adjusted breaker by [16440] bytes, now [16440]
[2016-03-30 13:54:41,475][TRACE][org.elasticsearch.indices.breaker.request] [request] Adjusted breaker by [-16440] bytes, now [0]
[2016-03-30 13:54:41,475][TRACE][org.elasticsearch.indices.breaker.request] [request] Adjusted breaker by [16440] bytes, now [16440]
[2016-03-30 13:54:41,476][TRACE][org.elasticsearch.indices.breaker.request] [request] Adjusted breaker by [-16440] bytes, now [0]
[2016-03-30 13:54:41,477][TRACE][org.elasticsearch.indices.breaker.request] [request] Adjusted breaker by [16440] bytes, now [16440]
[2016-03-30 13:54:41,477][TRACE][org.elasticsearch.indices.breaker.request] [request] Adjusted breaker by [-16440] bytes, now [0]
[2016-03-30 13:54:41,478][TRACE][org.elasticsearch.indices.breaker.request] [request] Adjusted breaker by [16440] bytes, now [16440]
[2016-03-30 13:54:41,478][TRACE][org.elasticsearch.indices.breaker.request] [request] Adjusted breaker by [-16440] bytes, now [0]
[2016-03-30 13:54:41,479][TRACE][org.elasticsearch.indices.breaker.request] [request] Adjusted breaker by [16440] bytes, now [16440]
[2016-03-30 13:54:41,479][TRACE][org.elasticsearch.indices.breaker.request] [request] Adjusted breaker by [-16440] bytes, now [0]
[2016-03-30 13:54:41,479][TRACE][org.elasticsearch.indices.breaker.request] [request] Adjusted breaker by [16440] bytes, now [16440]
[2016-03-30 13:54:41,480][TRACE][org.elasticsearch.indices.breaker.request] [request] Adjusted breaker by [-16440] bytes, now [0]
[2016-03-30 13:54:41,481][TRACE][org.elasticsearch.indices.breaker.request] [request] Adjusted breaker by [16440] bytes, now [16440]
[2016-03-30 13:54:41,481][TRACE][org.elasticsearch.indices.breaker.request] [request] Adjusted breaker by [-16440] bytes, now [0]
[2016-03-30 13:54:41,482][TRACE][org.elasticsearch.indices.breaker.request] [request] Adjusted breaker by [16440] bytes, now [16440]
[2016-03-30 13:54:41,482][TRACE][org.elasticsearch.indices.breaker.request] [request] Adjusted breaker by [-16440] bytes, now [0]
[2016-03-30 13:54:41,483][TRACE][org.elasticsearch.indices.breaker.request] [request] Adjusted breaker by [16440] bytes, now [16440]
[2016-03-30 13:54:41,484][TRACE][org.elasticsearch.indices.breaker.request] [request] Adjusted breaker by [-16440] bytes, now [0]
[2016-03-30 13:54:41,484][TRACE][org.elasticsearch.indices.breaker.request] [request] Adjusted breaker by [16440] bytes, now [16440]
[2016-03-30 13:54:41,484][TRACE][org.elasticsearch.indices.breaker.request] [request] Adjusted breaker by [-16440] bytes, now [0]
[2016-03-30 13:54:41,486][TRACE][org.elasticsearch.indices.breaker.request] [request] Adjusted breaker by [16440] bytes, now [16440]
[2016-03-30 13:54:41,486][TRACE][org.elasticsearch.indices.breaker.request] [request] Adjusted breaker by [-16440] bytes, now [0]
[2016-03-30 13:54:41,486][TRACE][org.elasticsearch.indices.breaker.request] [request] Adjusted breaker by [16440] bytes, now [16440]
[2016-03-30 13:54:41,487][TRACE][org.elasticsearch.indices.breaker.request] [request] Adjusted breaker by [-16440] bytes, now [0]
[2016-03-30 13:54:41,488][TRACE][org.elasticsearch.indices.breaker.request] [request] Adjusted breaker by [16440] bytes, now [16440]
[2016-03-30 13:54:41,488][TRACE][org.elasticsearch.indices.breaker.request] [request] Adjusted breaker by [-16440] bytes, now [0]
[2016-03-30 13:54:41,488][TRACE][org.elasticsearch.indices.breaker.request] [request] Adjusted breaker by [16440] bytes, now [16440]
[2016-03-30 13:54:41,489][TRACE][org.elasticsearch.indices.breaker.request] [request] Adjusted breaker by [-16440] bytes, now [0]
[2016-03-30 13:54:41,490][TRACE][org.elasticsearch.indices.breaker.request] [request] Adjusted breaker by [16440] bytes, now [16440]
[2016-03-30 13:54:41,490][TRACE][org.elasticsearch.indices.breaker.request] [request] Adjusted breaker by [-16440] bytes, now [0]
[2016-03-30 13:54:41,490][TRACE][org.elasticsearch.indices.breaker.request] [request] Adjusted breaker by [16440] bytes, now [16440]
[2016-03-30 13:54:41,490][TRACE][org.elasticsearch.indices.breaker.request] [request] Adjusted breaker by [-16440] bytes, now [0]
[2016-03-30 13:54:41,492][TRACE][org.elasticsearch.indices.breaker.request] [request] Adjusted breaker by [16440] bytes, now [16440]
[2016-03-30 13:54:41,492][TRACE][org.elasticsearch.indices.breaker.request] [request] Adjusted breaker by [16440] bytes, now [16440]
[2016-03-30 13:54:41,492][TRACE][org.elasticsearch.indices.breaker.request] [request] Adjusted breaker by [-16440] bytes, now [0]
[2016-03-30 13:54:41,492][TRACE][org.elasticsearch.indices.breaker.request] [request] Adjusted breaker by [-16440] bytes, now [0]
[2016-03-30 13:54:41,493][TRACE][org.elasticsearch.indices.breaker.request] [request] Adjusted breaker by [16440] bytes, now [16440]
[2016-03-30 13:54:41,493][TRACE][org.elasticsearch.indices.breaker.request] [request] Adjusted breaker by [-16440] bytes, now [0]
[2016-03-30 13:54:41,494][TRACE][org.elasticsearch.indices.breaker.request] [request] Adjusted breaker by [16440] bytes, now [16440]
[2016-03-30 13:54:41,494][TRACE][org.elasticsearch.indices.breaker.request] [request] Adjusted breaker by [-16440] bytes, now [0]
[2016-03-30 13:54:41,495][TRACE][org.elasticsearch.indices.breaker.request] [request] Adjusted breaker by [16440] bytes, now [16440]
[2016-03-30 13:54:41,495][TRACE][org.elasticsearch.indices.breaker.request] [request] Adjusted breaker by [-16440] bytes, now [0]
[2016-03-30 13:54:41,496][TRACE][org.elasticsearch.indices.breaker.request] [request] Adjusted breaker by [16440] bytes, now [16440]
[2016-03-30 13:54:41,496][TRACE][org.elasticsearch.indices.breaker.request] [request] Adjusted breaker by [-16440] bytes, now [0]
[2016-03-30 13:54:41,498][TRACE][org.elasticsearch.indices.breaker.request] [request] Adjusted breaker by [16440] bytes, now [16440]
[2016-03-30 13:54:41,498][TRACE][org.elasticsearch.indices.breaker.request] [request] Adjusted breaker by [-16440] bytes, now [0]
[2016-03-30 13:54:41,498][TRACE][org.elasticsearch.indices.breaker.request] [request] Adjusted breaker by [16440] bytes, now [16440]
[2016-03-30 13:54:41,498][TRACE][org.elasticsearch.indices.breaker.request] [request] Adjusted breaker by [-16440] bytes, now [0]
[2016-03-30 13:54:41,500][TRACE][org.elasticsearch.indices.breaker.request] [request] Adjusted breaker by [16440] bytes, now [16440]
[2016-03-30 13:54:41,500][TRACE][org.elasticsearch.indices.breaker.request] [request] Adjusted breaker by [-16440] bytes, now [0]
[2016-03-30 13:54:41,500][TRACE][org.elasticsearch.indices.breaker.request] [request] Adjusted breaker by [16440] bytes, now [16440]
[2016-03-30 13:54:41,500][TRACE][org.elasticsearch.indices.breaker.request] [request] Adjusted breaker by [-16440] bytes, now [0]
[2016-03-30 13:54:41,501][TRACE][org.elasticsearch.indices.breaker.request] [request] Adjusted breaker by [16440] bytes, now [16440]
[2016-03-30 13:54:41,501][TRACE][org.elasticsearch.indices.breaker.request] [request] Adjusted breaker by [-16440] bytes, now [0]
[2016-03-30 13:54:41,502][TRACE][org.elasticsearch.indices.breaker.request] [request] Adjusted breaker by [16440] bytes, now [16440]
[2016-03-30 13:54:41,502][TRACE][org.elasticsearch.indices.breaker.request] [request] Adjusted breaker by [-16440] bytes, now [0]
[2016-03-30 13:54:41,511][TRACE][org.elasticsearch.indices.breaker.request] [request] Adjusted breaker by [16440] bytes, now [16440]
[2016-03-30 13:54:41,511][TRACE][org.elasticsearch.indices.breaker.request] [request] Adjusted breaker by [-16440] bytes, now [0]
[2016-03-30 13:54:41,512][TRACE][org.elasticsearch.indices.breaker.request] [request] Adjusted breaker by [16440] bytes, now [16440]
[2016-03-30 13:54:41,512][TRACE][org.elasticsearch.indices.breaker.request] [request] Adjusted breaker by [-16440] bytes, now [0]
[2016-03-30 13:54:41,514][TRACE][org.elasticsearch.indices.breaker.request] [request] Adjusted breaker by [16440] bytes, now [16440]
[2016-03-30 13:54:41,514][TRACE][org.elasticsearch.indices.breaker.request] [request] Adjusted breaker by [-16440] bytes, now [0]
[2016-03-30 13:54:41,514][TRACE][org.elasticsearch.indices.breaker.request] [request] Adjusted breaker by [16440] bytes, now [16440]
[2016-03-30 13:54:41,515][TRACE][org.elasticsearch.indices.breaker.request] [request] Adjusted breaker by [-16440] bytes, now [0]
[2016-03-30 13:54:41,516][TRACE][org.elasticsearch.indices.breaker.request] [request] Adjusted breaker by [16440] bytes, now [16440]
[2016-03-30 13:54:41,516][TRACE][org.elasticsearch.indices.breaker.request] [request] Adjusted breaker by [-16440] bytes, now [0]
[2016-03-30 13:54:41,516][TRACE][org.elasticsearch.indices.breaker.request] [request] Adjusted breaker by [16440] bytes, now [16440]
[2016-03-30 13:54:41,516][TRACE][org.elasticsearch.indices.breaker.request] [request] Adjusted breaker by [-16440] bytes, now [0]
[2016-03-30 13:54:41,517][TRACE][org.elasticsearch.indices.breaker.request] [request] Adjusted breaker by [16440] bytes, now [16440]
[2016-03-30 13:54:41,517][TRACE][org.elasticsearch.indices.breaker.request] [request] Adjusted breaker by [-16440] bytes, now [0]
[2016-03-30 13:54:41,518][TRACE][org.elasticsearch.indices.breaker.request] [request] Adjusted breaker by [16440] bytes, now [16440]
[2016-03-30 13:54:41,518][TRACE][org.elasticsearch.indices.breaker.request] [request] Adjusted breaker by [-16440] bytes, now [0]
[2016-03-30 13:54:41,520][TRACE][org.elasticsearch.indices.breaker.request] [request] Adjusted breaker by [16440] bytes, now [16440]
[2016-03-30 13:54:41,520][TRACE][org.elasticsearch.indices.breaker.request] [request] Adjusted breaker by [16440] bytes, now [16440]
[2016-03-30 13:54:41,520][TRACE][org.elasticsearch.indices.breaker.request] [request] Adjusted breaker by [-16440] bytes, now [0]
[2016-03-30 13:54:41,520][TRACE][org.elasticsearch.indices.breaker.request] [request] Adjusted breaker by [-16440] bytes, now [0]
[2016-03-30 13:54:41,521][TRACE][org.elasticsearch.indices.breaker.request] [request] Adjusted breaker by [16440] bytes, now [16440]
[2016-03-30 13:54:41,521][TRACE][org.elasticsearch.indices.breaker.request] [request] Adjusted breaker by [-16440] bytes, now [0]
[2016-03-30 13:54:41,522][TRACE][org.elasticsearch.indices.breaker.request] [request] Adjusted breaker by [16440] bytes, now [16440]
[2016-03-30 13:54:41,522][TRACE][org.elasticsearch.indices.breaker.request] [request] Adjusted breaker by [-16440] bytes, now [0]
[2016-03-30 13:54:41,524][TRACE][org.elasticsearch.indices] [node_s1] [test][8] warming [MultiReader(FilterLeafReader(_0(5.4.0):c58) FilterLeafReader(_1(5.4.0):c3))]
[2016-03-30 13:54:41,524][TRACE][org.elasticsearch.indices] [node_s1] [test][8] top warming [ElasticsearchDirectoryReader(FilterLeafReader(_0(5.4.0):c58) FilterLeafReader(_1(5.4.0):c3))]
[2016-03-30 13:54:41,526][TRACE][org.elasticsearch.indices.breaker.request] [request] Adjusted breaker by [16440] bytes, now [16440]
[2016-03-30 13:54:41,527][TRACE][org.elasticsearch.indices.breaker.request] [request] Adjusted breaker by [-16440] bytes, now [0]
[2016-03-30 13:54:41,528][TRACE][org.elasticsearch.indices.breaker.request] [request] Adjusted breaker by [16440] bytes, now [16440]
[2016-03-30 13:54:41,528][TRACE][org.elasticsearch.indices.breaker.request] [request] Adjusted breaker by [-16440] bytes, now [0]
[2016-03-30 13:54:41,529][TRACE][org.elasticsearch.indices.breaker.request] [request] Adjusted breaker by [16440] bytes, now [16440]
[2016-03-30 13:54:41,529][TRACE][org.elasticsearch.indices.breaker.request] [request] Adjusted breaker by [-16440] bytes, now [0]
[2016-03-30 13:54:41,530][TRACE][org.elasticsearch.indices.breaker.request] [request] Adjusted breaker by [16440] bytes, now [16440]
[2016-03-30 13:54:41,530][TRACE][org.elasticsearch.indices.breaker.request] [request] Adjusted breaker by [-16440] bytes, now [0]
[2016-03-30 13:54:41,532][TRACE][org.elasticsearch.indices.breaker.request] [request] Adjusted breaker by [16440] bytes, now [16440]
[2016-03-30 13:54:41,532][TRACE][org.elasticsearch.indices.breaker.request] [request] Adjusted breaker by [16440] bytes, now [16440]
[2016-03-30 13:54:41,532][TRACE][org.elasticsearch.indices.breaker.request] [request] Adjusted breaker by [-16440] bytes, now [0]
[2016-03-30 13:54:41,532][TRACE][org.elasticsearch.indices.breaker.request] [request] Adjusted breaker by [-16440] bytes, now [0]
[2016-03-30 13:54:41,533][TRACE][org.elasticsearch.indices.breaker.request] [request] Adjusted breaker by [16440] bytes, now [16440]
[2016-03-30 13:54:41,533][TRACE][org.elasticsearch.indices.breaker.request] [request] Adjusted breaker by [-16440] bytes, now [0]
[2016-03-30 13:54:41,534][TRACE][org.elasticsearch.indices.breaker.request] [request] Adjusted breaker by [16440] bytes, now [16440]
[2016-03-30 13:54:41,534][TRACE][org.elasticsearch.indices.breaker.request] [request] Adjusted breaker by [-16440] bytes, now [0]
[2016-03-30 13:54:41,540][TRACE][org.elasticsearch.indices] [node_s3] [test][8] warming [MultiReader(FilterLeafReader(_0(5.4.0):c58) FilterLeafReader(_1(5.4.0):c3))]
[2016-03-30 13:54:41,540][TRACE][org.elasticsearch.indices] [node_s3] [test][8] top warming [ElasticsearchDirectoryReader(FilterLeafReader(_0(5.4.0):c58) FilterLeafReader(_1(5.4.0):c3))]
[2016-03-30 13:54:41,542][TRACE][org.elasticsearch.indices.breaker.request] [request] Adjusted breaker by [16440] bytes, now [16440]
[2016-03-30 13:54:41,542][TRACE][org.elasticsearch.indices.breaker.request] [request] Adjusted breaker by [-16440] bytes, now [0]
[2016-03-30 13:54:41,543][TRACE][org.elasticsearch.indices.breaker.request] [request] Adjusted breaker by [16440] bytes, now [16440]
[2016-03-30 13:54:41,543][TRACE][org.elasticsearch.indices.breaker.request] [request] Adjusted breaker by [-16440] bytes, now [0]
[2016-03-30 13:54:41,543][TRACE][org.elasticsearch.indices.flush] [node_s1] [test][8] pre sync flush done. commit id VK1nW4wmURky6W22z8hs+A==
[2016-03-30 13:54:41,543][TRACE][org.elasticsearch.indices.flush] [node_s1] [test][9] performing pre sync flush
[2016-03-30 13:54:41,544][TRACE][org.elasticsearch.indices.breaker.request] [request] Adjusted breaker by [16440] bytes, now [16440]
[2016-03-30 13:54:41,544][TRACE][org.elasticsearch.indices.breaker.request] [request] Adjusted breaker by [-16440] bytes, now [0]
[2016-03-30 13:54:41,545][TRACE][org.elasticsearch.indices.breaker.request] [request] Adjusted breaker by [16440] bytes, now [16440]
[2016-03-30 13:54:41,545][TRACE][org.elasticsearch.indices.breaker.request] [request] Adjusted breaker by [-16440] bytes, now [0]
[2016-03-30 13:54:41,553][TRACE][org.elasticsearch.indices.flush] [node_s3] [test][8] pre sync flush done. commit id VK1nW4wmURky6W22z8hs9w==
[2016-03-30 13:54:41,553][TRACE][org.elasticsearch.indices.breaker.request] [request] Adjusted breaker by [16440] bytes, now [16440]
[2016-03-30 13:54:41,553][TRACE][org.elasticsearch.indices.flush] [node_s3] [test][9] performing pre sync flush
[2016-03-30 13:54:41,553][TRACE][org.elasticsearch.indices.breaker.request] [request] Adjusted breaker by [16440] bytes, now [16440]
[2016-03-30 13:54:41,553][TRACE][org.elasticsearch.indices.breaker.request] [request] Adjusted breaker by [-16440] bytes, now [0]
[2016-03-30 13:54:41,553][TRACE][org.elasticsearch.indices.breaker.request] [request] Adjusted breaker by [-16440] bytes, now [0]
[2016-03-30 13:54:41,554][TRACE][org.elasticsearch.indices.breaker.request] [request] Adjusted breaker by [16440] bytes, now [16440]
[2016-03-30 13:54:41,555][TRACE][org.elasticsearch.indices.breaker.request] [request] Adjusted breaker by [-16440] bytes, now [0]
[2016-03-30 13:54:41,555][TRACE][org.elasticsearch.indices.breaker.request] [request] Adjusted breaker by [16440] bytes, now [16440]
[2016-03-30 13:54:41,555][TRACE][org.elasticsearch.indices.breaker.request] [request] Adjusted breaker by [-16440] bytes, now [0]
[2016-03-30 13:54:41,556][TRACE][org.elasticsearch.indices.breaker.request] [request] Adjusted breaker by [16440] bytes, now [16440]
[2016-03-30 13:54:41,556][TRACE][org.elasticsearch.indices.breaker.request] [request] Adjusted breaker by [-16440] bytes, now [0]
[2016-03-30 13:54:41,557][TRACE][org.elasticsearch.indices.breaker.request] [request] Adjusted breaker by [16440] bytes, now [16440]
[2016-03-30 13:54:41,557][TRACE][org.elasticsearch.indices.breaker.request] [request] Adjusted breaker by [-16440] bytes, now [0]
[2016-03-30 13:54:41,558][TRACE][org.elasticsearch.indices.breaker.request] [request] Adjusted breaker by [16440] bytes, now [16440]
[2016-03-30 13:54:41,558][TRACE][org.elasticsearch.indices.breaker.request] [request] Adjusted breaker by [-16440] bytes, now [0]
[2016-03-30 13:54:41,559][TRACE][org.elasticsearch.indices.breaker.request] [request] Adjusted breaker by [16440] bytes, now [16440]
[2016-03-30 13:54:41,559][TRACE][org.elasticsearch.indices.breaker.request] [request] Adjusted breaker by [-16440] bytes, now [0]
[2016-03-30 13:54:41,561][TRACE][org.elasticsearch.indices.breaker.request] [request] Adjusted breaker by [16440] bytes, now [16440]
[2016-03-30 13:54:41,561][TRACE][org.elasticsearch.indices.breaker.request] [request] Adjusted breaker by [16440] bytes, now [16440]
[2016-03-30 13:54:41,561][TRACE][org.elasticsearch.indices.breaker.request] [request] Adjusted breaker by [-16440] bytes, now [0]
[2016-03-30 13:54:41,561][TRACE][org.elasticsearch.indices.breaker.request] [request] Adjusted breaker by [-16440] bytes, now [0]
[2016-03-30 13:54:41,563][TRACE][org.elasticsearch.indices.breaker.request] [request] Adjusted breaker by [16440] bytes, now [16440]
[2016-03-30 13:54:41,563][TRACE][org.elasticsearch.indices.breaker.request] [request] Adjusted breaker by [-16440] bytes, now [0]
[2016-03-30 13:54:41,563][TRACE][org.elasticsearch.indices.breaker.request] [request] Adjusted breaker by [16440] bytes, now [16440]
[2016-03-30 13:54:41,564][TRACE][org.elasticsearch.indices.breaker.request] [request] Adjusted breaker by [-16440] bytes, now [0]
[2016-03-30 13:54:41,570][TRACE][org.elasticsearch.indices.breaker.request] [request] Adjusted breaker by [16440] bytes, now [16440]
[2016-03-30 13:54:41,570][TRACE][org.elasticsearch.indices.breaker.request] [request] Adjusted breaker by [16440] bytes, now [16440]
[2016-03-30 13:54:41,570][TRACE][org.elasticsearch.indices.breaker.request] [request] Adjusted breaker by [-16440] bytes, now [0]
[2016-03-30 13:54:41,570][TRACE][org.elasticsearch.indices.breaker.request] [request] Adjusted breaker by [-16440] bytes, now [0]
[2016-03-30 13:54:41,579][TRACE][org.elasticsearch.indices.breaker.request] [request] Adjusted breaker by [16440] bytes, now [16440]
[2016-03-30 13:54:41,579][TRACE][org.elasticsearch.indices.breaker.request] [request] Adjusted breaker by [16440] bytes, now [16440]
[2016-03-30 13:54:41,579][TRACE][org.elasticsearch.indices.breaker.request] [request] Adjusted breaker by [-16440] bytes, now [0]
[2016-03-30 13:54:41,579][TRACE][org.elasticsearch.indices.breaker.request] [request] Adjusted breaker by [-16440] bytes, now [0]
[2016-03-30 13:54:41,580][TRACE][org.elasticsearch.indices.breaker.request] [request] Adjusted breaker by [16440] bytes, now [16440]
[2016-03-30 13:54:41,581][TRACE][org.elasticsearch.indices.breaker.request] [request] Adjusted breaker by [-16440] bytes, now [0]
[2016-03-30 13:54:41,581][TRACE][org.elasticsearch.indices.breaker.request] [request] Adjusted breaker by [16440] bytes, now [16440]
[2016-03-30 13:54:41,581][TRACE][org.elasticsearch.indices.breaker.request] [request] Adjusted breaker by [-16440] bytes, now [0]
[2016-03-30 13:54:41,583][TRACE][org.elasticsearch.indices.breaker.request] [request] Adjusted breaker by [16440] bytes, now [16440]
[2016-03-30 13:54:41,583][TRACE][org.elasticsearch.indices.breaker.request] [request] Adjusted breaker by [-16440] bytes, now [0]
[2016-03-30 13:54:41,583][TRACE][org.elasticsearch.indices.breaker.request] [request] Adjusted breaker by [16440] bytes, now [16440]
[2016-03-30 13:54:41,583][TRACE][org.elasticsearch.indices.breaker.request] [request] Adjusted breaker by [-16440] bytes, now [0]
[2016-03-30 13:54:41,584][TRACE][org.elasticsearch.indices.breaker.request] [request] Adjusted breaker by [16440] bytes, now [16440]
[2016-03-30 13:54:41,584][TRACE][org.elasticsearch.indices.breaker.request] [request] Adjusted breaker by [-16440] bytes, now [0]
[2016-03-30 13:54:41,585][TRACE][org.elasticsearch.indices.breaker.request] [request] Adjusted breaker by [16440] bytes, now [16440]
[2016-03-30 13:54:41,585][TRACE][org.elasticsearch.indices.breaker.request] [request] Adjusted breaker by [-16440] bytes, now [0]
[2016-03-30 13:54:41,586][TRACE][org.elasticsearch.indices.breaker.request] [request] Adjusted breaker by [16440] bytes, now [16440]
[2016-03-30 13:54:41,586][TRACE][org.elasticsearch.indices.breaker.request] [request] Adjusted breaker by [-16440] bytes, now [0]
[2016-03-30 13:54:41,587][TRACE][org.elasticsearch.indices.breaker.request] [request] Adjusted breaker by [16440] bytes, now [16440]
[2016-03-30 13:54:41,587][TRACE][org.elasticsearch.indices.breaker.request] [request] Adjusted breaker by [-16440] bytes, now [0]
[2016-03-30 13:54:41,587][TRACE][org.elasticsearch.indices] [node_s0] [test][7] warming [MultiReader(FilterLeafReader(_0(5.4.0):c76) FilterLeafReader(_1(5.4.0):c6))]
[2016-03-30 13:54:41,588][TRACE][org.elasticsearch.indices] [node_s0] [test][7] top warming [ElasticsearchDirectoryReader(FilterLeafReader(_0(5.4.0):c76) FilterLeafReader(_1(5.4.0):c6))]
[2016-03-30 13:54:41,589][TRACE][org.elasticsearch.indices.breaker.request] [request] Adjusted breaker by [16440] bytes, now [16440]
[2016-03-30 13:54:41,589][TRACE][org.elasticsearch.indices.breaker.request] [request] Adjusted breaker by [-16440] bytes, now [0]
[2016-03-30 13:54:41,589][TRACE][org.elasticsearch.indices.breaker.request] [request] Adjusted breaker by [16440] bytes, now [16440]
[2016-03-30 13:54:41,589][TRACE][org.elasticsearch.indices.breaker.request] [request] Adjusted breaker by [-16440] bytes, now [0]
[2016-03-30 13:54:41,590][TRACE][org.elasticsearch.indices.breaker.request] [request] Adjusted breaker by [16440] bytes, now [16440]
[2016-03-30 13:54:41,590][TRACE][org.elasticsearch.indices.breaker.request] [request] Adjusted breaker by [-16440] bytes, now [0]
[2016-03-30 13:54:41,591][TRACE][org.elasticsearch.indices.breaker.request] [request] Adjusted breaker by [16440] bytes, now [16440]
[2016-03-30 13:54:41,591][TRACE][org.elasticsearch.indices.breaker.request] [request] Adjusted breaker by [-16440] bytes, now [0]
[2016-03-30 13:54:41,592][TRACE][org.elasticsearch.indices.breaker.request] [request] Adjusted breaker by [16440] bytes, now [16440]
[2016-03-30 13:54:41,592][TRACE][org.elasticsearch.indices.breaker.request] [request] Adjusted breaker by [-16440] bytes, now [0]
[2016-03-30 13:54:41,592][TRACE][org.elasticsearch.indices.flush] [node_s0] [test][7] pre sync flush done. commit id VK1nW4wmURky6W22z8hs+g==
[2016-03-30 13:54:41,592][TRACE][org.elasticsearch.indices.flush] [node_s0] [test][7] retrieving in flight operation count
[2016-03-30 13:54:41,593][TRACE][org.elasticsearch.indices.flush] [node_s0] [test][7] in flight operations sampled at [0]
[2016-03-30 13:54:41,593][TRACE][org.elasticsearch.indices.flush] [node_s0] [test][7] sending synced flush request to [test][7], node[Q4P4gfwCSVmM5TnOfNl8Iw], [R], v[4], s[STARTED], a[id=-RFuqz8KS02TTE5h-rWOdA]. sync id [AVPJToy5cuDhFsMJAmXV].
[2016-03-30 13:54:41,593][TRACE][org.elasticsearch.indices.flush] [node_s0] [test][7] sending synced flush request to [test][7], node[8X2Ed1xFSrylEKDMjLmvkQ], [P], v[4], s[STARTED], a[id=qSHRQUiWS4y7GSuXyGBjPA]. sync id [AVPJToy5cuDhFsMJAmXV].
[2016-03-30 13:54:41,593][TRACE][org.elasticsearch.indices.breaker.request] [request] Adjusted breaker by [16440] bytes, now [16440]
[2016-03-30 13:54:41,593][TRACE][org.elasticsearch.indices.flush] [node_s0] [test][7] sending synced flush request to [test][7], node[c9PGTkUhQVSZ1aq6LXuXxw], [R], v[4], s[STARTED], a[id=UnDEVYRsS3SwzuPUii_xCQ]. sync id [AVPJToy5cuDhFsMJAmXV].
[2016-03-30 13:54:41,593][TRACE][org.elasticsearch.indices.breaker.request] [request] Adjusted breaker by [-16440] bytes, now [0]
[2016-03-30 13:54:41,594][TRACE][org.elasticsearch.indices.flush] [node_s0] [test][8] performing pre sync flush
[2016-03-30 13:54:41,599][TRACE][org.elasticsearch.indices.breaker.request] [request] Adjusted breaker by [16440] bytes, now [16440]
[2016-03-30 13:54:41,600][TRACE][org.elasticsearch.indices.breaker.request] [request] Adjusted breaker by [-16440] bytes, now [0]
[2016-03-30 13:54:41,603][TRACE][org.elasticsearch.indices.breaker.request] [request] Adjusted breaker by [16440] bytes, now [16440]
[2016-03-30 13:54:41,604][TRACE][org.elasticsearch.indices.breaker.request] [request] Adjusted breaker by [-16440] bytes, now [0]
[2016-03-30 13:54:41,608][TRACE][org.elasticsearch.indices.breaker.request] [request] Adjusted breaker by [16440] bytes, now [16440]
[2016-03-30 13:54:41,608][TRACE][org.elasticsearch.indices.breaker.request] [request] Adjusted breaker by [-16440] bytes, now [0]
[2016-03-30 13:54:41,609][TRACE][org.elasticsearch.indices.breaker.request] [request] Adjusted breaker by [16440] bytes, now [16440]
[2016-03-30 13:54:41,609][TRACE][org.elasticsearch.indices.breaker.request] [request] Adjusted breaker by [-16440] bytes, now [0]
[2016-03-30 13:54:41,620][TRACE][org.elasticsearch.indices.breaker.request] [request] Adjusted breaker by [16440] bytes, now [16440]
[2016-03-30 13:54:41,620][TRACE][org.elasticsearch.indices.breaker.request] [request] Adjusted breaker by [-16440] bytes, now [0]
[2016-03-30 13:54:41,621][TRACE][org.elasticsearch.indices.breaker.request] [request] Adjusted breaker by [16440] bytes, now [16440]
[2016-03-30 13:54:41,621][TRACE][org.elasticsearch.indices.breaker.request] [request] Adjusted breaker by [-16440] bytes, now [0]
[2016-03-30 13:54:41,635][TRACE][org.elasticsearch.indices.breaker.request] [request] Adjusted breaker by [16440] bytes, now [16440]
[2016-03-30 13:54:41,635][TRACE][org.elasticsearch.indices.breaker.request] [request] Adjusted breaker by [-16440] bytes, now [0]
[2016-03-30 13:54:41,642][TRACE][org.elasticsearch.indices.breaker.request] [request] Adjusted breaker by [16440] bytes, now [16440]
[2016-03-30 13:54:41,642][TRACE][org.elasticsearch.indices.breaker.request] [request] Adjusted breaker by [-16440] bytes, now [0]
[2016-03-30 13:54:41,644][TRACE][org.elasticsearch.indices.breaker.request] [request] Adjusted breaker by [16440] bytes, now [16440]
[2016-03-30 13:54:41,644][TRACE][org.elasticsearch.indices.breaker.request] [request] Adjusted breaker by [16440] bytes, now [16440]
[2016-03-30 13:54:41,644][TRACE][org.elasticsearch.indices.breaker.request] [request] Adjusted breaker by [-16440] bytes, now [0]
[2016-03-30 13:54:41,644][TRACE][org.elasticsearch.indices.breaker.request] [request] Adjusted breaker by [-16440] bytes, now [0]
[2016-03-30 13:54:41,647][TRACE][org.elasticsearch.indices.breaker.request] [request] Adjusted breaker by [16440] bytes, now [16440]
[2016-03-30 13:54:41,647][TRACE][org.elasticsearch.indices.breaker.request] [request] Adjusted breaker by [16440] bytes, now [16440]
[2016-03-30 13:54:41,647][TRACE][org.elasticsearch.indices.breaker.request] [request] Adjusted breaker by [-16440] bytes, now [0]
[2016-03-30 13:54:41,647][TRACE][org.elasticsearch.indices.breaker.request] [request] Adjusted breaker by [-16440] bytes, now [0]
[2016-03-30 13:54:41,649][TRACE][org.elasticsearch.indices.breaker.request] [request] Adjusted breaker by [16440] bytes, now [16440]
[2016-03-30 13:54:41,649][TRACE][org.elasticsearch.indices.breaker.request] [request] Adjusted breaker by [-16440] bytes, now [0]
[2016-03-30 13:54:41,649][TRACE][org.elasticsearch.indices.breaker.request] [request] Adjusted breaker by [16440] bytes, now [16440]
[2016-03-30 13:54:41,649][TRACE][org.elasticsearch.indices.breaker.request] [request] Adjusted breaker by [-16440] bytes, now [0]
[2016-03-30 13:54:41,650][TRACE][org.elasticsearch.indices.breaker.request] [request] Adjusted breaker by [16440] bytes, now [16440]
[2016-03-30 13:54:41,650][TRACE][org.elasticsearch.indices.breaker.request] [request] Adjusted breaker by [-16440] bytes, now [0]
[2016-03-30 13:54:41,651][TRACE][org.elasticsearch.indices.breaker.request] [request] Adjusted breaker by [16440] bytes, now [16440]
[2016-03-30 13:54:41,651][TRACE][org.elasticsearch.indices.breaker.request] [request] Adjusted breaker by [-16440] bytes, now [0]
[2016-03-30 13:54:41,652][TRACE][org.elasticsearch.indices.breaker.request] [request] Adjusted breaker by [16440] bytes, now [16440]
[2016-03-30 13:54:41,653][TRACE][org.elasticsearch.indices.breaker.request] [request] Adjusted breaker by [-16440] bytes, now [0]
[2016-03-30 13:54:41,653][TRACE][org.elasticsearch.indices.breaker.request] [request] Adjusted breaker by [16440] bytes, now [16440]
[2016-03-30 13:54:41,653][TRACE][org.elasticsearch.indices.breaker.request] [request] Adjusted breaker by [-16440] bytes, now [0]
[2016-03-30 13:54:41,654][TRACE][org.elasticsearch.indices.breaker.request] [request] Adjusted breaker by [16440] bytes, now [16440]
[2016-03-30 13:54:41,654][TRACE][org.elasticsearch.indices.breaker.request] [request] Adjusted breaker by [-16440] bytes, now [0]
[2016-03-30 13:54:41,655][TRACE][org.elasticsearch.indices.breaker.request] [request] Adjusted breaker by [16440] bytes, now [16440]
[2016-03-30 13:54:41,655][TRACE][org.elasticsearch.indices.breaker.request] [request] Adjusted breaker by [-16440] bytes, now [0]
[2016-03-30 13:54:41,662][TRACE][org.elasticsearch.indices.breaker.request] [request] Adjusted breaker by [16440] bytes, now [16440]
[2016-03-30 13:54:41,662][TRACE][org.elasticsearch.indices.breaker.request] [request] Adjusted breaker by [-16440] bytes, now [0]
[2016-03-30 13:54:41,662][TRACE][org.elasticsearch.indices.breaker.request] [request] Adjusted breaker by [16440] bytes, now [16440]
[2016-03-30 13:54:41,662][TRACE][org.elasticsearch.indices.breaker.request] [request] Adjusted breaker by [-16440] bytes, now [0]
[2016-03-30 13:54:41,664][TRACE][org.elasticsearch.indices.breaker.request] [request] Adjusted breaker by [16440] bytes, now [16440]
[2016-03-30 13:54:41,664][TRACE][org.elasticsearch.indices.breaker.request] [request] Adjusted breaker by [-16440] bytes, now [0]
[2016-03-30 13:54:41,669][TRACE][org.elasticsearch.indices.breaker.request] [request] Adjusted breaker by [16440] bytes, now [16440]
[2016-03-30 13:54:41,670][TRACE][org.elasticsearch.indices.breaker.request] [request] Adjusted breaker by [-16440] bytes, now [0]
[2016-03-30 13:54:41,671][TRACE][org.elasticsearch.indices.breaker.request] [request] Adjusted breaker by [16440] bytes, now [16440]
[2016-03-30 13:54:41,671][TRACE][org.elasticsearch.indices.breaker.request] [request] Adjusted breaker by [-16440] bytes, now [0]
[2016-03-30 13:54:41,672][TRACE][org.elasticsearch.indices.breaker.request] [request] Adjusted breaker by [16440] bytes, now [16440]
[2016-03-30 13:54:41,672][TRACE][org.elasticsearch.indices.breaker.request] [request] Adjusted breaker by [-16440] bytes, now [0]
[2016-03-30 13:54:41,681][TRACE][org.elasticsearch.indices.breaker.request] [request] Adjusted breaker by [16440] bytes, now [16440]
[2016-03-30 13:54:41,682][TRACE][org.elasticsearch.indices.breaker.request] [request] Adjusted breaker by [-16440] bytes, now [0]
[2016-03-30 13:54:41,682][TRACE][org.elasticsearch.indices.breaker.request] [request] Adjusted breaker by [16440] bytes, now [16440]
[2016-03-30 13:54:41,682][TRACE][org.elasticsearch.indices.breaker.request] [request] Adjusted breaker by [-16440] bytes, now [0]
[2016-03-30 13:54:41,684][TRACE][org.elasticsearch.indices.breaker.request] [request] Adjusted breaker by [16440] bytes, now [16440]
[2016-03-30 13:54:41,684][TRACE][org.elasticsearch.indices.breaker.request] [request] Adjusted breaker by [-16440] bytes, now [0]
[2016-03-30 13:54:41,684][TRACE][org.elasticsearch.indices.breaker.request] [request] Adjusted breaker by [16440] bytes, now [16440]
[2016-03-30 13:54:41,684][TRACE][org.elasticsearch.indices.breaker.request] [request] Adjusted breaker by [-16440] bytes, now [0]
[2016-03-30 13:54:41,686][TRACE][org.elasticsearch.indices.breaker.request] [request] Adjusted breaker by [16440] bytes, now [16440]
[2016-03-30 13:54:41,686][TRACE][org.elasticsearch.indices.breaker.request] [request] Adjusted breaker by [16440] bytes, now [16440]
[2016-03-30 13:54:41,686][TRACE][org.elasticsearch.indices.breaker.request] [request] Adjusted breaker by [-16440] bytes, now [0]
[2016-03-30 13:54:41,686][TRACE][org.elasticsearch.indices.breaker.request] [request] Adjusted breaker by [-16440] bytes, now [0]
[2016-03-30 13:54:41,687][TRACE][org.elasticsearch.indices.breaker.request] [request] Adjusted breaker by [16440] bytes, now [16440]
[2016-03-30 13:54:41,688][TRACE][org.elasticsearch.indices.breaker.request] [request] Adjusted breaker by [-16440] bytes, now [0]
[2016-03-30 13:54:41,688][TRACE][org.elasticsearch.indices.breaker.request] [request] Adjusted breaker by [16440] bytes, now [16440]
[2016-03-30 13:54:41,688][TRACE][org.elasticsearch.indices.breaker.request] [request] Adjusted breaker by [-16440] bytes, now [0]
[2016-03-30 13:54:41,690][TRACE][org.elasticsearch.indices.breaker.request] [request] Adjusted breaker by [16440] bytes, now [16440]
[2016-03-30 13:54:41,690][TRACE][org.elasticsearch.indices.breaker.request] [request] Adjusted breaker by [-16440] bytes, now [0]
[2016-03-30 13:54:41,690][TRACE][org.elasticsearch.indices.breaker.request] [request] Adjusted breaker by [16440] bytes, now [16440]
[2016-03-30 13:54:41,691][TRACE][org.elasticsearch.indices.breaker.request] [request] Adjusted breaker by [-16440] bytes, now [0]
[2016-03-30 13:54:41,692][TRACE][org.elasticsearch.indices.breaker.request] [request] Adjusted breaker by [16440] bytes, now [16440]
[2016-03-30 13:54:41,692][TRACE][org.elasticsearch.indices.breaker.request] [request] Adjusted breaker by [16440] bytes, now [16440]
[2016-03-30 13:54:41,692][TRACE][org.elasticsearch.indices.breaker.request] [request] Adjusted breaker by [-16440] bytes, now [0]
[2016-03-30 13:54:41,692][TRACE][org.elasticsearch.indices.breaker.request] [request] Adjusted breaker by [-16440] bytes, now [0]
[2016-03-30 13:54:41,694][TRACE][org.elasticsearch.indices.breaker.request] [request] Adjusted breaker by [16440] bytes, now [16440]
[2016-03-30 13:54:41,694][TRACE][org.elasticsearch.indices.breaker.request] [request] Adjusted breaker by [-16440] bytes, now [0]
[2016-03-30 13:54:41,694][TRACE][org.elasticsearch.indices.breaker.request] [request] Adjusted breaker by [16440] bytes, now [16440]
[2016-03-30 13:54:41,694][TRACE][org.elasticsearch.indices.breaker.request] [request] Adjusted breaker by [-16440] bytes, now [0]
[2016-03-30 13:54:41,710][TRACE][org.elasticsearch.indices.breaker.request] [request] Adjusted breaker by [16440] bytes, now [16440]
[2016-03-30 13:54:41,710][TRACE][org.elasticsearch.indices.breaker.request] [request] Adjusted breaker by [-16440] bytes, now [0]
[2016-03-30 13:54:41,710][TRACE][org.elasticsearch.indices.breaker.request] [request] Adjusted breaker by [16440] bytes, now [16440]
[2016-03-30 13:54:41,710][TRACE][org.elasticsearch.indices.breaker.request] [request] Adjusted breaker by [-16440] bytes, now [0]
[2016-03-30 13:54:41,712][TRACE][org.elasticsearch.indices.breaker.request] [request] Adjusted breaker by [16440] bytes, now [16440]
[2016-03-30 13:54:41,712][TRACE][org.elasticsearch.indices.breaker.request] [request] Adjusted breaker by [-16440] bytes, now [0]
[2016-03-30 13:54:41,712][TRACE][org.elasticsearch.indices.breaker.request] [request] Adjusted breaker by [16440] bytes, now [16440]
[2016-03-30 13:54:41,712][TRACE][org.elasticsearch.indices.breaker.request] [request] Adjusted breaker by [-16440] bytes, now [0]
[2016-03-30 13:54:41,714][TRACE][org.elasticsearch.indices.breaker.request] [request] Adjusted breaker by [16440] bytes, now [16440]
[2016-03-30 13:54:41,715][TRACE][org.elasticsearch.indices.breaker.request] [request] Adjusted breaker by [-16440] bytes, now [0]
[2016-03-30 13:54:41,714][TRACE][org.elasticsearch.indices.breaker.request] [request] Adjusted breaker by [16440] bytes, now [16440]
[2016-03-30 13:54:41,715][TRACE][org.elasticsearch.indices.breaker.request] [request] Adjusted breaker by [-16440] bytes, now [0]
[2016-03-30 13:54:41,716][TRACE][org.elasticsearch.indices.breaker.request] [request] Adjusted breaker by [16440] bytes, now [16440]
[2016-03-30 13:54:41,716][TRACE][org.elasticsearch.indices.breaker.request] [request] Adjusted breaker by [-16440] bytes, now [0]
[2016-03-30 13:54:41,717][TRACE][org.elasticsearch.indices.breaker.request] [request] Adjusted breaker by [16440] bytes, now [16440]
[2016-03-30 13:54:41,717][TRACE][org.elasticsearch.indices.breaker.request] [request] Adjusted breaker by [-16440] bytes, now [0]
[2016-03-30 13:54:41,718][TRACE][org.elasticsearch.indices.breaker.request] [request] Adjusted breaker by [16440] bytes, now [16440]
[2016-03-30 13:54:41,718][TRACE][org.elasticsearch.indices.breaker.request] [request] Adjusted breaker by [-16440] bytes, now [0]
[2016-03-30 13:54:41,719][TRACE][org.elasticsearch.indices.breaker.request] [request] Adjusted breaker by [16440] bytes, now [16440]
[2016-03-30 13:54:41,719][TRACE][org.elasticsearch.indices.breaker.request] [request] Adjusted breaker by [-16440] bytes, now [0]
[2016-03-30 13:54:41,720][TRACE][org.elasticsearch.indices.breaker.request] [request] Adjusted breaker by [16440] bytes, now [16440]
[2016-03-30 13:54:41,720][TRACE][org.elasticsearch.indices.breaker.request] [request] Adjusted breaker by [-16440] bytes, now [0]
[2016-03-30 13:54:41,721][TRACE][org.elasticsearch.indices.breaker.request] [request] Adjusted breaker by [16440] bytes, now [16440]
[2016-03-30 13:54:41,721][TRACE][org.elasticsearch.indices.breaker.request] [request] Adjusted breaker by [-16440] bytes, now [0]
[2016-03-30 13:54:41,723][TRACE][org.elasticsearch.indices.breaker.request] [request] Adjusted breaker by [16440] bytes, now [16440]
[2016-03-30 13:54:41,723][TRACE][org.elasticsearch.indices.breaker.request] [request] Adjusted breaker by [-16440] bytes, now [0]
[2016-03-30 13:54:41,729][TRACE][org.elasticsearch.indices.breaker.request] [request] Adjusted breaker by [16440] bytes, now [16440]
[2016-03-30 13:54:41,729][TRACE][org.elasticsearch.indices.breaker.request] [request] Adjusted breaker by [-16440] bytes, now [0]
[2016-03-30 13:54:41,731][TRACE][org.elasticsearch.indices.breaker.request] [request] Adjusted breaker by [16440] bytes, now [16440]
[2016-03-30 13:54:41,731][TRACE][org.elasticsearch.indices.breaker.request] [request] Adjusted breaker by [-16440] bytes, now [0]
[2016-03-30 13:54:41,731][TRACE][org.elasticsearch.indices.breaker.request] [request] Adjusted breaker by [16440] bytes, now [16440]
[2016-03-30 13:54:41,732][TRACE][org.elasticsearch.indices.breaker.request] [request] Adjusted breaker by [-16440] bytes, now [0]
[2016-03-30 13:54:41,740][TRACE][org.elasticsearch.indices.breaker.request] [request] Adjusted breaker by [16440] bytes, now [16440]
[2016-03-30 13:54:41,740][TRACE][org.elasticsearch.indices.breaker.request] [request] Adjusted breaker by [-16440] bytes, now [0]
[2016-03-30 13:54:41,741][TRACE][org.elasticsearch.indices.breaker.request] [request] Adjusted breaker by [16440] bytes, now [16440]
[2016-03-30 13:54:41,741][TRACE][org.elasticsearch.indices.breaker.request] [request] Adjusted breaker by [-16440] bytes, now [0]
[2016-03-30 13:54:41,742][TRACE][org.elasticsearch.indices.breaker.request] [request] Adjusted breaker by [16440] bytes, now [16440]
[2016-03-30 13:54:41,742][TRACE][org.elasticsearch.indices.breaker.request] [request] Adjusted breaker by [-16440] bytes, now [0]
[2016-03-30 13:54:41,743][TRACE][org.elasticsearch.indices.breaker.request] [request] Adjusted breaker by [16440] bytes, now [16440]
[2016-03-30 13:54:41,743][TRACE][org.elasticsearch.indices.breaker.request] [request] Adjusted breaker by [-16440] bytes, now [0]
[2016-03-30 13:54:41,744][TRACE][org.elasticsearch.indices.breaker.request] [request] Adjusted breaker by [16440] bytes, now [16440]
[2016-03-30 13:54:41,744][TRACE][org.elasticsearch.indices.breaker.request] [request] Adjusted breaker by [-16440] bytes, now [0]
[2016-03-30 13:54:41,745][TRACE][org.elasticsearch.indices.breaker.request] [request] Adjusted breaker by [16440] bytes, now [16440]
[2016-03-30 13:54:41,745][TRACE][org.elasticsearch.indices.breaker.request] [request] Adjusted breaker by [-16440] bytes, now [0]
[2016-03-30 13:54:41,746][TRACE][org.elasticsearch.indices.breaker.request] [request] Adjusted breaker by [16440] bytes, now [16440]
[2016-03-30 13:54:41,746][TRACE][org.elasticsearch.indices.breaker.request] [request] Adjusted breaker by [-16440] bytes, now [0]
[2016-03-30 13:54:41,747][TRACE][org.elasticsearch.indices.breaker.request] [request] Adjusted breaker by [16440] bytes, now [16440]
[2016-03-30 13:54:41,747][TRACE][org.elasticsearch.indices.breaker.request] [request] Adjusted breaker by [-16440] bytes, now [0]
[2016-03-30 13:54:41,754][TRACE][org.elasticsearch.indices.breaker.request] [request] Adjusted breaker by [16440] bytes, now [16440]
[2016-03-30 13:54:41,755][TRACE][org.elasticsearch.indices.breaker.request] [request] Adjusted breaker by [-16440] bytes, now [0]
[2016-03-30 13:54:41,756][TRACE][org.elasticsearch.indices.breaker.request] [request] Adjusted breaker by [16440] bytes, now [16440]
[2016-03-30 13:54:41,756][TRACE][org.elasticsearch.indices.breaker.request] [request] Adjusted breaker by [-16440] bytes, now [0]
[2016-03-30 13:54:41,764][TRACE][org.elasticsearch.indices.breaker.request] [request] Adjusted breaker by [16440] bytes, now [16440]
[2016-03-30 13:54:41,764][TRACE][org.elasticsearch.indices.breaker.request] [request] Adjusted breaker by [-16440] bytes, now [0]
[2016-03-30 13:54:41,764][TRACE][org.elasticsearch.indices.breaker.request] [request] Adjusted breaker by [16440] bytes, now [16440]
[2016-03-30 13:54:41,765][TRACE][org.elasticsearch.indices.breaker.request] [request] Adjusted breaker by [-16440] bytes, now [0]
[2016-03-30 13:54:41,767][TRACE][org.elasticsearch.indices.breaker.request] [request] Adjusted breaker by [16440] bytes, now [16440]
[2016-03-30 13:54:41,767][TRACE][org.elasticsearch.indices.breaker.request] [request] Adjusted breaker by [16440] bytes, now [16440]
[2016-03-30 13:54:41,767][TRACE][org.elasticsearch.indices.breaker.request] [request] Adjusted breaker by [-16440] bytes, now [0]
[2016-03-30 13:54:41,767][TRACE][org.elasticsearch.indices.breaker.request] [request] Adjusted breaker by [-16440] bytes, now [0]
[2016-03-30 13:54:41,779][TRACE][org.elasticsearch.indices.breaker.request] [request] Adjusted breaker by [16440] bytes, now [16440]
[2016-03-30 13:54:41,779][TRACE][org.elasticsearch.indices.breaker.request] [request] Adjusted breaker by [-16440] bytes, now [0]
[2016-03-30 13:54:41,779][TRACE][org.elasticsearch.indices.breaker.request] [request] Adjusted breaker by [16440] bytes, now [16440]
[2016-03-30 13:54:41,779][TRACE][org.elasticsearch.indices.breaker.request] [request] Adjusted breaker by [-16440] bytes, now [0]
[2016-03-30 13:54:41,781][TRACE][org.elasticsearch.indices.breaker.request] [request] Adjusted breaker by [16440] bytes, now [16440]
[2016-03-30 13:54:41,781][TRACE][org.elasticsearch.indices.breaker.request] [request] Adjusted breaker by [16440] bytes, now [16440]
[2016-03-30 13:54:41,781][TRACE][org.elasticsearch.indices.breaker.request] [request] Adjusted breaker by [-16440] bytes, now [0]
[2016-03-30 13:54:41,781][TRACE][org.elasticsearch.indices.breaker.request] [request] Adjusted breaker by [-16440] bytes, now [0]
[2016-03-30 13:54:41,782][TRACE][org.elasticsearch.indices.breaker.request] [request] Adjusted breaker by [16440] bytes, now [16440]
[2016-03-30 13:54:41,783][TRACE][org.elasticsearch.indices.breaker.request] [request] Adjusted breaker by [-16440] bytes, now [0]
[2016-03-30 13:54:41,783][TRACE][org.elasticsearch.indices.breaker.request] [request] Adjusted breaker by [16440] bytes, now [16440]
[2016-03-30 13:54:41,783][TRACE][org.elasticsearch.indices.breaker.request] [request] Adjusted breaker by [-16440] bytes, now [0]
[2016-03-30 13:54:41,788][TRACE][org.elasticsearch.indices.breaker.request] [request] Adjusted breaker by [16440] bytes, now [16440]
[2016-03-30 13:54:41,788][TRACE][org.elasticsearch.indices.breaker.request] [request] Adjusted breaker by [-16440] bytes, now [0]
[2016-03-30 13:54:41,788][TRACE][org.elasticsearch.indices.breaker.request] [request] Adjusted breaker by [16440] bytes, now [16440]
[2016-03-30 13:54:41,789][TRACE][org.elasticsearch.indices.breaker.request] [request] Adjusted breaker by [-16440] bytes, now [0]
[2016-03-30 13:54:41,789][TRACE][org.elasticsearch.indices.breaker.request] [request] Adjusted breaker by [16440] bytes, now [16440]
[2016-03-30 13:54:41,789][TRACE][org.elasticsearch.indices.breaker.request] [request] Adjusted breaker by [-16440] bytes, now [0]
[2016-03-30 13:54:41,790][TRACE][org.elasticsearch.indices.breaker.request] [request] Adjusted breaker by [16440] bytes, now [16440]
[2016-03-30 13:54:41,790][TRACE][org.elasticsearch.indices.breaker.request] [request] Adjusted breaker by [-16440] bytes, now [0]
[2016-03-30 13:54:41,791][TRACE][org.elasticsearch.indices.breaker.request] [request] Adjusted breaker by [16440] bytes, now [16440]
[2016-03-30 13:54:41,791][TRACE][org.elasticsearch.indices.breaker.request] [request] Adjusted breaker by [-16440] bytes, now [0]
[2016-03-30 13:54:41,792][TRACE][org.elasticsearch.indices.breaker.request] [request] Adjusted breaker by [16440] bytes, now [16440]
[2016-03-30 13:54:41,792][TRACE][org.elasticsearch.indices.breaker.request] [request] Adjusted breaker by [-16440] bytes, now [0]
[2016-03-30 13:54:41,794][TRACE][org.elasticsearch.indices.breaker.request] [request] Adjusted breaker by [16440] bytes, now [16440]
[2016-03-30 13:54:41,794][TRACE][org.elasticsearch.indices.breaker.request] [request] Adjusted breaker by [16440] bytes, now [16440]
[2016-03-30 13:54:41,794][TRACE][org.elasticsearch.indices.breaker.request] [request] Adjusted breaker by [-16440] bytes, now [0]
[2016-03-30 13:54:41,794][TRACE][org.elasticsearch.indices.breaker.request] [request] Adjusted breaker by [-16440] bytes, now [0]
[2016-03-30 13:54:41,795][TRACE][org.elasticsearch.indices.breaker.request] [request] Adjusted breaker by [16440] bytes, now [16440]
[2016-03-30 13:54:41,795][TRACE][org.elasticsearch.indices.breaker.request] [request] Adjusted breaker by [-16440] bytes, now [0]
[2016-03-30 13:54:41,795][TRACE][org.elasticsearch.indices.breaker.request] [request] Adjusted breaker by [16440] bytes, now [16440]
[2016-03-30 13:54:41,795][TRACE][org.elasticsearch.indices.breaker.request] [request] Adjusted breaker by [-16440] bytes, now [0]
[2016-03-30 13:54:41,796][TRACE][org.elasticsearch.indices.breaker.request] [request] Adjusted breaker by [16440] bytes, now [16440]
[2016-03-30 13:54:41,797][TRACE][org.elasticsearch.indices.breaker.request] [request] Adjusted breaker by [-16440] bytes, now [0]
[2016-03-30 13:54:41,797][TRACE][org.elasticsearch.indices.breaker.request] [request] Adjusted breaker by [16440] bytes, now [16440]
[2016-03-30 13:54:41,797][TRACE][org.elasticsearch.indices.breaker.request] [request] Adjusted breaker by [-16440] bytes, now [0]
[2016-03-30 13:54:41,798][TRACE][org.elasticsearch.indices.breaker.request] [request] Adjusted breaker by [16440] bytes, now [16440]
[2016-03-30 13:54:41,798][TRACE][org.elasticsearch.indices.breaker.request] [request] Adjusted breaker by [-16440] bytes, now [0]
[2016-03-30 13:54:41,799][TRACE][org.elasticsearch.indices.breaker.request] [request] Adjusted breaker by [16440] bytes, now [16440]
[2016-03-30 13:54:41,799][TRACE][org.elasticsearch.indices.breaker.request] [request] Adjusted breaker by [-16440] bytes, now [0]
[2016-03-30 13:54:41,808][TRACE][org.elasticsearch.indices.breaker.request] [request] Adjusted breaker by [16440] bytes, now [16440]
[2016-03-30 13:54:41,808][TRACE][org.elasticsearch.indices.breaker.request] [request] Adjusted breaker by [-16440] bytes, now [0]
[2016-03-30 13:54:41,809][TRACE][org.elasticsearch.indices.breaker.request] [request] Adjusted breaker by [16440] bytes, now [16440]
[2016-03-30 13:54:41,809][TRACE][org.elasticsearch.indices.breaker.request] [request] Adjusted breaker by [-16440] bytes, now [0]
[2016-03-30 13:54:41,811][TRACE][org.elasticsearch.indices.breaker.request] [request] Adjusted breaker by [16440] bytes, now [16440]
[2016-03-30 13:54:41,811][TRACE][org.elasticsearch.indices.breaker.request] [request] Adjusted breaker by [16440] bytes, now [16440]
[2016-03-30 13:54:41,811][TRACE][org.elasticsearch.indices.breaker.request] [request] Adjusted breaker by [-16440] bytes, now [0]
[2016-03-30 13:54:41,811][TRACE][org.elasticsearch.indices.breaker.request] [request] Adjusted breaker by [-16440] bytes, now [0]
[2016-03-30 13:54:41,812][TRACE][org.elasticsearch.indices.breaker.request] [request] Adjusted breaker by [16440] bytes, now [16440]
[2016-03-30 13:54:41,812][TRACE][org.elasticsearch.indices.breaker.request] [request] Adjusted breaker by [-16440] bytes, now [0]
[2016-03-30 13:54:41,813][TRACE][org.elasticsearch.indices.breaker.request] [request] Adjusted breaker by [16440] bytes, now [16440]
[2016-03-30 13:54:41,813][TRACE][org.elasticsearch.indices.breaker.request] [request] Adjusted breaker by [-16440] bytes, now [0]
[2016-03-30 13:54:41,823][TRACE][org.elasticsearch.indices.breaker.request] [request] Adjusted breaker by [16440] bytes, now [16440]
[2016-03-30 13:54:41,823][TRACE][org.elasticsearch.indices.breaker.request] [request] Adjusted breaker by [-16440] bytes, now [0]
[2016-03-30 13:54:41,823][TRACE][org.elasticsearch.indices.breaker.request] [request] Adjusted breaker by [16440] bytes, now [16440]
[2016-03-30 13:54:41,824][TRACE][org.elasticsearch.indices.breaker.request] [request] Adjusted breaker by [-16440] bytes, now [0]
[2016-03-30 13:54:41,824][TRACE][org.elasticsearch.indices.breaker.request] [request] Adjusted breaker by [16440] bytes, now [16440]
[2016-03-30 13:54:41,825][TRACE][org.elasticsearch.indices.breaker.request] [request] Adjusted breaker by [-16440] bytes, now [0]
[2016-03-30 13:54:41,826][TRACE][org.elasticsearch.indices.breaker.request] [request] Adjusted breaker by [16440] bytes, now [16440]
[2016-03-30 13:54:41,826][TRACE][org.elasticsearch.indices.breaker.request] [request] Adjusted breaker by [-16440] bytes, now [0]
[2016-03-30 13:54:41,827][TRACE][org.elasticsearch.indices.breaker.request] [request] Adjusted breaker by [16440] bytes, now [16440]
[2016-03-30 13:54:41,827][TRACE][org.elasticsearch.indices.breaker.request] [request] Adjusted breaker by [-16440] bytes, now [0]
[2016-03-30 13:54:41,827][TRACE][org.elasticsearch.indices.breaker.request] [request] Adjusted breaker by [16440] bytes, now [16440]
[2016-03-30 13:54:41,828][TRACE][org.elasticsearch.indices.breaker.request] [request] Adjusted breaker by [-16440] bytes, now [0]
[2016-03-30 13:54:41,829][TRACE][org.elasticsearch.indices.breaker.request] [request] Adjusted breaker by [16440] bytes, now [16440]
[2016-03-30 13:54:41,830][TRACE][org.elasticsearch.indices.breaker.request] [request] Adjusted breaker by [-16440] bytes, now [0]
[2016-03-30 13:54:41,830][TRACE][org.elasticsearch.indices.breaker.request] [request] Adjusted breaker by [16440] bytes, now [16440]
[2016-03-30 13:54:41,830][TRACE][org.elasticsearch.indices.breaker.request] [request] Adjusted breaker by [-16440] bytes, now [0]
[2016-03-30 13:54:41,832][TRACE][org.elasticsearch.indices.breaker.request] [request] Adjusted breaker by [16440] bytes, now [16440]
[2016-03-30 13:54:41,832][TRACE][org.elasticsearch.indices.breaker.request] [request] Adjusted breaker by [16440] bytes, now [16440]
[2016-03-30 13:54:41,832][TRACE][org.elasticsearch.indices.breaker.request] [request] Adjusted breaker by [-16440] bytes, now [0]
[2016-03-30 13:54:41,832][TRACE][org.elasticsearch.indices.breaker.request] [request] Adjusted breaker by [-16440] bytes, now [0]
[2016-03-30 13:54:41,833][TRACE][org.elasticsearch.indices.breaker.request] [request] Adjusted breaker by [16440] bytes, now [16440]
[2016-03-30 13:54:41,834][TRACE][org.elasticsearch.indices.breaker.request] [request] Adjusted breaker by [-16440] bytes, now [0]
[2016-03-30 13:54:41,834][TRACE][org.elasticsearch.indices.breaker.request] [request] Adjusted breaker by [16440] bytes, now [16440]
[2016-03-30 13:54:41,835][TRACE][org.elasticsearch.indices.breaker.request] [request] Adjusted breaker by [-16440] bytes, now [0]
[2016-03-30 13:54:41,846][TRACE][org.elasticsearch.indices.breaker.request] [request] Adjusted breaker by [16440] bytes, now [16440]
[2016-03-30 13:54:41,847][TRACE][org.elasticsearch.indices.breaker.request] [request] Adjusted breaker by [16440] bytes, now [16440]
[2016-03-30 13:54:41,847][TRACE][org.elasticsearch.indices.breaker.request] [request] Adjusted breaker by [-16440] bytes, now [0]
[2016-03-30 13:54:41,847][TRACE][org.elasticsearch.indices.breaker.request] [request] Adjusted breaker by [-16440] bytes, now [0]
[2016-03-30 13:54:41,850][TRACE][org.elasticsearch.indices.breaker.request] [request] Adjusted breaker by [16440] bytes, now [16440]
[2016-03-30 13:54:41,851][TRACE][org.elasticsearch.indices.breaker.request] [request] Adjusted breaker by [-16440] bytes, now [0]
[2016-03-30 13:54:41,850][TRACE][org.elasticsearch.indices.breaker.request] [request] Adjusted breaker by [16440] bytes, now [16440]
[2016-03-30 13:54:41,851][TRACE][org.elasticsearch.indices.breaker.request] [request] Adjusted breaker by [-16440] bytes, now [0]
[2016-03-30 13:54:41,853][TRACE][org.elasticsearch.indices.breaker.request] [request] Adjusted breaker by [16440] bytes, now [16440]
[2016-03-30 13:54:41,853][TRACE][org.elasticsearch.indices.breaker.request] [request] Adjusted breaker by [-16440] bytes, now [0]
[2016-03-30 13:54:41,853][TRACE][org.elasticsearch.indices.breaker.request] [request] Adjusted breaker by [16440] bytes, now [16440]
[2016-03-30 13:54:41,853][TRACE][org.elasticsearch.indices.breaker.request] [request] Adjusted breaker by [-16440] bytes, now [0]
[2016-03-30 13:54:41,854][TRACE][org.elasticsearch.indices.breaker.request] [request] Adjusted breaker by [16440] bytes, now [16440]
[2016-03-30 13:54:41,854][TRACE][org.elasticsearch.indices.breaker.request] [request] Adjusted breaker by [-16440] bytes, now [0]
[2016-03-30 13:54:41,855][TRACE][org.elasticsearch.indices.breaker.request] [request] Adjusted breaker by [16440] bytes, now [16440]
[2016-03-30 13:54:41,855][TRACE][org.elasticsearch.indices.breaker.request] [request] Adjusted breaker by [-16440] bytes, now [0]
[2016-03-30 13:54:41,856][TRACE][org.elasticsearch.indices.breaker.request] [request] Adjusted breaker by [16440] bytes, now [16440]
[2016-03-30 13:54:41,857][TRACE][org.elasticsearch.indices.breaker.request] [request] Adjusted breaker by [-16440] bytes, now [0]
[2016-03-30 13:54:41,857][TRACE][org.elasticsearch.indices.breaker.request] [request] Adjusted breaker by [16440] bytes, now [16440]
[2016-03-30 13:54:41,857][TRACE][org.elasticsearch.indices.breaker.request] [request] Adjusted breaker by [-16440] bytes, now [0]
[2016-03-30 13:54:41,858][TRACE][org.elasticsearch.indices.breaker.request] [request] Adjusted breaker by [16440] bytes, now [16440]
[2016-03-30 13:54:41,858][TRACE][org.elasticsearch.indices.breaker.request] [request] Adjusted breaker by [-16440] bytes, now [0]
[2016-03-30 13:54:41,859][TRACE][org.elasticsearch.indices.breaker.request] [request] Adjusted breaker by [16440] bytes, now [16440]
[2016-03-30 13:54:41,859][TRACE][org.elasticsearch.indices.breaker.request] [request] Adjusted breaker by [-16440] bytes, now [0]
[2016-03-30 13:54:41,861][TRACE][org.elasticsearch.indices.breaker.request] [request] Adjusted breaker by [16440] bytes, now [16440]
[2016-03-30 13:54:41,861][TRACE][org.elasticsearch.indices.breaker.request] [request] Adjusted breaker by [16440] bytes, now [16440]
[2016-03-30 13:54:41,861][TRACE][org.elasticsearch.indices.breaker.request] [request] Adjusted breaker by [-16440] bytes, now [0]
[2016-03-30 13:54:41,861][TRACE][org.elasticsearch.indices.breaker.request] [request] Adjusted breaker by [-16440] bytes, now [0]
[2016-03-30 13:54:41,872][TRACE][org.elasticsearch.indices.breaker.request] [request] Adjusted breaker by [16440] bytes, now [16440]
[2016-03-30 13:54:41,872][TRACE][org.elasticsearch.indices.breaker.request] [request] Adjusted breaker by [16440] bytes, now [16440]
[2016-03-30 13:54:41,873][TRACE][org.elasticsearch.indices.breaker.request] [request] Adjusted breaker by [-16440] bytes, now [0]
[2016-03-30 13:54:41,873][TRACE][org.elasticsearch.indices.breaker.request] [request] Adjusted breaker by [-16440] bytes, now [0]
[2016-03-30 13:54:41,874][TRACE][org.elasticsearch.indices.breaker.request] [request] Adjusted breaker by [16440] bytes, now [16440]
[2016-03-30 13:54:41,874][TRACE][org.elasticsearch.indices.breaker.request] [request] Adjusted breaker by [-16440] bytes, now [0]
[2016-03-30 13:54:41,875][TRACE][org.elasticsearch.indices.breaker.request] [request] Adjusted breaker by [16440] bytes, now [16440]
[2016-03-30 13:54:41,875][TRACE][org.elasticsearch.indices.breaker.request] [request] Adjusted breaker by [-16440] bytes, now [0]
[2016-03-30 13:54:41,885][TRACE][org.elasticsearch.indices.breaker.request] [request] Adjusted breaker by [16440] bytes, now [16440]
[2016-03-30 13:54:41,885][TRACE][org.elasticsearch.indices.breaker.request] [request] Adjusted breaker by [-16440] bytes, now [0]
[2016-03-30 13:54:41,886][TRACE][org.elasticsearch.indices.breaker.request] [request] Adjusted breaker by [16440] bytes, now [16440]
[2016-03-30 13:54:41,886][TRACE][org.elasticsearch.indices.breaker.request] [request] Adjusted breaker by [-16440] bytes, now [0]
[2016-03-30 13:54:41,888][TRACE][org.elasticsearch.indices.breaker.request] [request] Adjusted breaker by [16440] bytes, now [16440]
[2016-03-30 13:54:41,888][TRACE][org.elasticsearch.indices.breaker.request] [request] Adjusted breaker by [-16440] bytes, now [0]
[2016-03-30 13:54:41,888][TRACE][org.elasticsearch.indices.breaker.request] [request] Adjusted breaker by [16440] bytes, now [16440]
[2016-03-30 13:54:41,889][TRACE][org.elasticsearch.indices.breaker.request] [request] Adjusted breaker by [-16440] bytes, now [0]
[2016-03-30 13:54:41,899][TRACE][org.elasticsearch.indices.breaker.request] [request] Adjusted breaker by [16440] bytes, now [16440]
[2016-03-30 13:54:41,900][TRACE][org.elasticsearch.indices.breaker.request] [request] Adjusted breaker by [-16440] bytes, now [0]
[2016-03-30 13:54:41,900][TRACE][org.elasticsearch.indices.breaker.request] [request] Adjusted breaker by [16440] bytes, now [16440]
[2016-03-30 13:54:41,900][TRACE][org.elasticsearch.indices.breaker.request] [request] Adjusted breaker by [-16440] bytes, now [0]
[2016-03-30 13:54:41,909][TRACE][org.elasticsearch.indices.breaker.request] [request] Adjusted breaker by [16440] bytes, now [16440]
[2016-03-30 13:54:41,909][TRACE][org.elasticsearch.indices.breaker.request] [request] Adjusted breaker by [-16440] bytes, now [0]
[2016-03-30 13:54:41,910][TRACE][org.elasticsearch.indices.breaker.request] [request] Adjusted breaker by [16440] bytes, now [16440]
[2016-03-30 13:54:41,910][TRACE][org.elasticsearch.indices.breaker.request] [request] Adjusted breaker by [-16440] bytes, now [0]
[2016-03-30 13:54:41,920][TRACE][org.elasticsearch.indices.breaker.request] [request] Adjusted breaker by [16440] bytes, now [16440]
[2016-03-30 13:54:41,920][TRACE][org.elasticsearch.indices.breaker.request] [request] Adjusted breaker by [-16440] bytes, now [0]
[2016-03-30 13:54:41,921][TRACE][org.elasticsearch.indices.breaker.request] [request] Adjusted breaker by [16440] bytes, now [16440]
[2016-03-30 13:54:41,921][TRACE][org.elasticsearch.indices.breaker.request] [request] Adjusted breaker by [-16440] bytes, now [0]
[2016-03-30 13:54:41,932][TRACE][org.elasticsearch.indices.breaker.request] [request] Adjusted breaker by [16440] bytes, now [16440]
[2016-03-30 13:54:41,933][TRACE][org.elasticsearch.indices.breaker.request] [request] Adjusted breaker by [-16440] bytes, now [0]
[2016-03-30 13:54:41,940][TRACE][org.elasticsearch.indices.breaker.request] [request] Adjusted breaker by [16440] bytes, now [16440]
[2016-03-30 13:54:41,940][TRACE][org.elasticsearch.indices.breaker.request] [request] Adjusted breaker by [-16440] bytes, now [0]
[2016-03-30 13:54:41,942][TRACE][org.elasticsearch.indices.breaker.request] [request] Adjusted breaker by [16440] bytes, now [16440]
[2016-03-30 13:54:41,942][TRACE][org.elasticsearch.indices.breaker.request] [request] Adjusted breaker by [-16440] bytes, now [0]
[2016-03-30 13:54:41,943][TRACE][org.elasticsearch.indices.breaker.request] [request] Adjusted breaker by [16440] bytes, now [16440]
[2016-03-30 13:54:41,943][TRACE][org.elasticsearch.indices.breaker.request] [request] Adjusted breaker by [-16440] bytes, now [0]
[2016-03-30 13:54:41,944][TRACE][org.elasticsearch.indices.breaker.request] [request] Adjusted breaker by [16440] bytes, now [16440]
[2016-03-30 13:54:41,944][TRACE][org.elasticsearch.indices.breaker.request] [request] Adjusted breaker by [-16440] bytes, now [0]
[2016-03-30 13:54:41,953][TRACE][org.elasticsearch.indices.breaker.request] [request] Adjusted breaker by [16440] bytes, now [16440]
[2016-03-30 13:54:41,954][TRACE][org.elasticsearch.indices.breaker.request] [request] Adjusted breaker by [-16440] bytes, now [0]
[2016-03-30 13:54:41,955][TRACE][org.elasticsearch.indices.breaker.request] [request] Adjusted breaker by [16440] bytes, now [16440]
[2016-03-30 13:54:41,955][TRACE][org.elasticsearch.indices.breaker.request] [request] Adjusted breaker by [-16440] bytes, now [0]
[2016-03-30 13:54:41,964][TRACE][org.elasticsearch.indices.breaker.request] [request] Adjusted breaker by [16440] bytes, now [16440]
[2016-03-30 13:54:41,964][TRACE][org.elasticsearch.indices.breaker.request] [request] Adjusted breaker by [-16440] bytes, now [0]
[2016-03-30 13:54:41,965][TRACE][org.elasticsearch.indices.breaker.request] [request] Adjusted breaker by [16440] bytes, now [16440]
[2016-03-30 13:54:41,965][TRACE][org.elasticsearch.indices.breaker.request] [request] Adjusted breaker by [-16440] bytes, now [0]
[2016-03-30 13:54:41,974][TRACE][org.elasticsearch.indices.breaker.request] [request] Adjusted breaker by [16440] bytes, now [16440]
[2016-03-30 13:54:41,974][TRACE][org.elasticsearch.indices.breaker.request] [request] Adjusted breaker by [-16440] bytes, now [0]
[2016-03-30 13:54:41,976][TRACE][org.elasticsearch.indices.breaker.request] [request] Adjusted breaker by [16440] bytes, now [16440]
[2016-03-30 13:54:41,976][TRACE][org.elasticsearch.indices.breaker.request] [request] Adjusted breaker by [-16440] bytes, now [0]
[2016-03-30 13:54:41,976][TRACE][org.elasticsearch.indices.breaker.request] [request] Adjusted breaker by [16440] bytes, now [16440]
[2016-03-30 13:54:41,976][TRACE][org.elasticsearch.indices.breaker.request] [request] Adjusted breaker by [-16440] bytes, now [0]
[2016-03-30 13:54:41,978][TRACE][org.elasticsearch.indices.breaker.request] [request] Adjusted breaker by [16440] bytes, now [16440]
[2016-03-30 13:54:41,978][TRACE][org.elasticsearch.indices.breaker.request] [request] Adjusted breaker by [-16440] bytes, now [0]
[2016-03-30 13:54:41,979][TRACE][org.elasticsearch.indices.breaker.request] [request] Adjusted breaker by [16440] bytes, now [16440]
[2016-03-30 13:54:41,979][TRACE][org.elasticsearch.indices.breaker.request] [request] Adjusted breaker by [-16440] bytes, now [0]
[2016-03-30 13:54:41,981][TRACE][org.elasticsearch.indices.breaker.request] [request] Adjusted breaker by [16440] bytes, now [16440]
[2016-03-30 13:54:41,981][TRACE][org.elasticsearch.indices.breaker.request] [request] Adjusted breaker by [-16440] bytes, now [0]
[2016-03-30 13:54:41,981][TRACE][org.elasticsearch.indices.breaker.request] [request] Adjusted breaker by [16440] bytes, now [16440]
[2016-03-30 13:54:41,981][TRACE][org.elasticsearch.indices.breaker.request] [request] Adjusted breaker by [-16440] bytes, now [0]
[2016-03-30 13:54:41,982][TRACE][org.elasticsearch.indices.breaker.request] [request] Adjusted breaker by [16440] bytes, now [16440]
[2016-03-30 13:54:41,982][TRACE][org.elasticsearch.indices.breaker.request] [request] Adjusted breaker by [-16440] bytes, now [0]
[2016-03-30 13:54:41,983][TRACE][org.elasticsearch.indices.breaker.request] [request] Adjusted breaker by [16440] bytes, now [16440]
[2016-03-30 13:54:41,983][TRACE][org.elasticsearch.indices.breaker.request] [request] Adjusted breaker by [-16440] bytes, now [0]
[2016-03-30 13:54:41,984][TRACE][org.elasticsearch.indices.breaker.request] [request] Adjusted breaker by [16440] bytes, now [16440]
[2016-03-30 13:54:41,984][TRACE][org.elasticsearch.indices.breaker.request] [request] Adjusted breaker by [-16440] bytes, now [0]
[2016-03-30 13:54:41,985][TRACE][org.elasticsearch.indices.breaker.request] [request] Adjusted breaker by [16440] bytes, now [16440]
[2016-03-30 13:54:41,985][TRACE][org.elasticsearch.indices.breaker.request] [request] Adjusted breaker by [-16440] bytes, now [0]
[2016-03-30 13:54:42,011][TRACE][org.elasticsearch.indices.breaker.request] [request] Adjusted breaker by [16440] bytes, now [16440]
[2016-03-30 13:54:42,012][TRACE][org.elasticsearch.indices.breaker.request] [request] Adjusted breaker by [-16440] bytes, now [0]
[2016-03-30 13:54:42,012][TRACE][org.elasticsearch.indices.breaker.request] [request] Adjusted breaker by [16440] bytes, now [16440]
[2016-03-30 13:54:42,013][TRACE][org.elasticsearch.indices.breaker.request] [request] Adjusted breaker by [-16440] bytes, now [0]
[2016-03-30 13:54:42,014][TRACE][org.elasticsearch.indices.breaker.request] [request] Adjusted breaker by [16440] bytes, now [16440]
[2016-03-30 13:54:42,014][TRACE][org.elasticsearch.indices.breaker.request] [request] Adjusted breaker by [16440] bytes, now [16440]
[2016-03-30 13:54:42,014][TRACE][org.elasticsearch.indices.breaker.request] [request] Adjusted breaker by [-16440] bytes, now [0]
[2016-03-30 13:54:42,014][TRACE][org.elasticsearch.indices.breaker.request] [request] Adjusted breaker by [-16440] bytes, now [0]
[2016-03-30 13:54:42,025][TRACE][org.elasticsearch.indices.breaker.request] [request] Adjusted breaker by [16440] bytes, now [16440]
[2016-03-30 13:54:42,025][TRACE][org.elasticsearch.indices.breaker.request] [request] Adjusted breaker by [-16440] bytes, now [0]
[2016-03-30 13:54:42,026][TRACE][org.elasticsearch.indices.breaker.request] [request] Adjusted breaker by [16440] bytes, now [16440]
[2016-03-30 13:54:42,026][TRACE][org.elasticsearch.indices.breaker.request] [request] Adjusted breaker by [-16440] bytes, now [0]
[2016-03-30 13:54:42,027][TRACE][org.elasticsearch.indices.breaker.request] [request] Adjusted breaker by [16440] bytes, now [16440]
[2016-03-30 13:54:42,027][TRACE][org.elasticsearch.indices.breaker.request] [request] Adjusted breaker by [-16440] bytes, now [0]
[2016-03-30 13:54:42,028][TRACE][org.elasticsearch.indices.breaker.request] [request] Adjusted breaker by [16440] bytes, now [16440]
[2016-03-30 13:54:42,028][TRACE][org.elasticsearch.indices.breaker.request] [request] Adjusted breaker by [-16440] bytes, now [0]
[2016-03-30 13:54:42,029][TRACE][org.elasticsearch.indices.breaker.request] [request] Adjusted breaker by [16440] bytes, now [16440]
[2016-03-30 13:54:42,029][TRACE][org.elasticsearch.indices.breaker.request] [request] Adjusted breaker by [-16440] bytes, now [0]
[2016-03-30 13:54:42,030][TRACE][org.elasticsearch.indices.breaker.request] [request] Adjusted breaker by [16440] bytes, now [16440]
[2016-03-30 13:54:42,030][TRACE][org.elasticsearch.indices.breaker.request] [request] Adjusted breaker by [-16440] bytes, now [0]
[2016-03-30 13:54:42,032][TRACE][org.elasticsearch.indices.breaker.request] [request] Adjusted breaker by [16440] bytes, now [16440]
[2016-03-30 13:54:42,032][TRACE][org.elasticsearch.indices.breaker.request] [request] Adjusted breaker by [-16440] bytes, now [0]
[2016-03-30 13:54:42,032][TRACE][org.elasticsearch.indices.breaker.request] [request] Adjusted breaker by [16440] bytes, now [16440]
[2016-03-30 13:54:42,033][TRACE][org.elasticsearch.indices.breaker.request] [request] Adjusted breaker by [-16440] bytes, now [0]
[2016-03-30 13:54:42,035][TRACE][org.elasticsearch.indices.breaker.request] [request] Adjusted breaker by [16440] bytes, now [16440]
[2016-03-30 13:54:42,035][TRACE][org.elasticsearch.indices.breaker.request] [request] Adjusted breaker by [16440] bytes, now [16440]
[2016-03-30 13:54:42,035][TRACE][org.elasticsearch.indices.breaker.request] [request] Adjusted breaker by [-16440] bytes, now [0]
[2016-03-30 13:54:42,035][TRACE][org.elasticsearch.indices.breaker.request] [request] Adjusted breaker by [-16440] bytes, now [0]
[2016-03-30 13:54:42,036][TRACE][org.elasticsearch.indices.breaker.request] [request] Adjusted breaker by [16440] bytes, now [16440]
[2016-03-30 13:54:42,036][TRACE][org.elasticsearch.indices.breaker.request] [request] Adjusted breaker by [-16440] bytes, now [0]
[2016-03-30 13:54:42,037][TRACE][org.elasticsearch.indices.breaker.request] [request] Adjusted breaker by [16440] bytes, now [16440]
[2016-03-30 13:54:42,037][TRACE][org.elasticsearch.indices.breaker.request] [request] Adjusted breaker by [-16440] bytes, now [0]
[2016-03-30 13:54:42,048][TRACE][org.elasticsearch.indices.breaker.request] [request] Adjusted breaker by [16440] bytes, now [16440]
[2016-03-30 13:54:42,048][TRACE][org.elasticsearch.indices.breaker.request] [request] Adjusted breaker by [16440] bytes, now [16440]
[2016-03-30 13:54:42,048][TRACE][org.elasticsearch.indices.breaker.request] [request] Adjusted breaker by [-16440] bytes, now [0]
[2016-03-30 13:54:42,048][TRACE][org.elasticsearch.indices.breaker.request] [request] Adjusted breaker by [-16440] bytes, now [0]
[2016-03-30 13:54:42,049][TRACE][org.elasticsearch.indices.breaker.request] [request] Adjusted breaker by [16440] bytes, now [16440]
[2016-03-30 13:54:42,049][TRACE][org.elasticsearch.indices.breaker.request] [request] Adjusted breaker by [-16440] bytes, now [0]
[2016-03-30 13:54:42,050][TRACE][org.elasticsearch.indices.breaker.request] [request] Adjusted breaker by [16440] bytes, now [16440]
[2016-03-30 13:54:42,050][TRACE][org.elasticsearch.indices.breaker.request] [request] Adjusted breaker by [-16440] bytes, now [0]
[2016-03-30 13:54:42,059][TRACE][org.elasticsearch.indices.breaker.request] [request] Adjusted breaker by [16440] bytes, now [16440]
[2016-03-30 13:54:42,060][TRACE][org.elasticsearch.indices.breaker.request] [request] Adjusted breaker by [-16440] bytes, now [0]
[2016-03-30 13:54:42,060][TRACE][org.elasticsearch.indices.breaker.request] [request] Adjusted breaker by [16440] bytes, now [16440]
[2016-03-30 13:54:42,061][TRACE][org.elasticsearch.indices.breaker.request] [request] Adjusted breaker by [-16440] bytes, now [0]
[2016-03-30 13:54:42,062][TRACE][org.elasticsearch.indices.breaker.request] [request] Adjusted breaker by [16440] bytes, now [16440]
[2016-03-30 13:54:42,062][TRACE][org.elasticsearch.indices.breaker.request] [request] Adjusted breaker by [-16440] bytes, now [0]
[2016-03-30 13:54:42,062][TRACE][org.elasticsearch.indices.breaker.request] [request] Adjusted breaker by [16440] bytes, now [16440]
[2016-03-30 13:54:42,062][TRACE][org.elasticsearch.indices.breaker.request] [request] Adjusted breaker by [-16440] bytes, now [0]
[2016-03-30 13:54:42,064][TRACE][org.elasticsearch.indices.breaker.request] [request] Adjusted breaker by [16440] bytes, now [16440]
[2016-03-30 13:54:42,064][TRACE][org.elasticsearch.indices.breaker.request] [request] Adjusted breaker by [-16440] bytes, now [0]
[2016-03-30 13:54:42,065][TRACE][org.elasticsearch.indices.breaker.request] [request] Adjusted breaker by [16440] bytes, now [16440]
[2016-03-30 13:54:42,065][TRACE][org.elasticsearch.indices.breaker.request] [request] Adjusted breaker by [-16440] bytes, now [0]
[2016-03-30 13:54:42,067][TRACE][org.elasticsearch.indices.breaker.request] [request] Adjusted breaker by [16440] bytes, now [16440]
[2016-03-30 13:54:42,067][TRACE][org.elasticsearch.indices.breaker.request] [request] Adjusted breaker by [16440] bytes, now [16440]
[2016-03-30 13:54:42,067][TRACE][org.elasticsearch.indices.breaker.request] [request] Adjusted breaker by [-16440] bytes, now [0]
[2016-03-30 13:54:42,067][TRACE][org.elasticsearch.indices.breaker.request] [request] Adjusted breaker by [-16440] bytes, now [0]
[2016-03-30 13:54:42,069][TRACE][org.elasticsearch.indices.breaker.request] [request] Adjusted breaker by [16440] bytes, now [16440]
[2016-03-30 13:54:42,069][TRACE][org.elasticsearch.indices.breaker.request] [request] Adjusted breaker by [-16440] bytes, now [0]
[2016-03-30 13:54:42,069][TRACE][org.elasticsearch.indices.breaker.request] [request] Adjusted breaker by [16440] bytes, now [16440]
[2016-03-30 13:54:42,069][TRACE][org.elasticsearch.indices.breaker.request] [request] Adjusted breaker by [-16440] bytes, now [0]
[2016-03-30 13:54:42,078][TRACE][org.elasticsearch.indices.breaker.request] [request] Adjusted breaker by [16440] bytes, now [16440]
[2016-03-30 13:54:42,078][TRACE][org.elasticsearch.indices.breaker.request] [request] Adjusted breaker by [-16440] bytes, now [0]
[2016-03-30 13:54:42,079][TRACE][org.elasticsearch.indices.breaker.request] [request] Adjusted breaker by [16440] bytes, now [16440]
[2016-03-30 13:54:42,079][TRACE][org.elasticsearch.indices.breaker.request] [request] Adjusted breaker by [-16440] bytes, now [0]
[2016-03-30 13:54:42,089][TRACE][org.elasticsearch.indices.breaker.request] [request] Adjusted breaker by [16440] bytes, now [16440]
[2016-03-30 13:54:42,090][TRACE][org.elasticsearch.indices.breaker.request] [request] Adjusted breaker by [-16440] bytes, now [0]
[2016-03-30 13:54:42,090][TRACE][org.elasticsearch.indices.breaker.request] [request] Adjusted breaker by [16440] bytes, now [16440]
[2016-03-30 13:54:42,090][TRACE][org.elasticsearch.indices.breaker.request] [request] Adjusted breaker by [-16440] bytes, now [0]
[2016-03-30 13:54:42,098][TRACE][org.elasticsearch.indices.breaker.request] [request] Adjusted breaker by [16440] bytes, now [16440]
[2016-03-30 13:54:42,098][TRACE][org.elasticsearch.indices.breaker.request] [request] Adjusted breaker by [16440] bytes, now [16440]
[2016-03-30 13:54:42,098][TRACE][org.elasticsearch.indices.breaker.request] [request] Adjusted breaker by [-16440] bytes, now [0]
[2016-03-30 13:54:42,098][TRACE][org.elasticsearch.indices.breaker.request] [request] Adjusted breaker by [-16440] bytes, now [0]
[2016-03-30 13:54:42,100][TRACE][org.elasticsearch.indices.breaker.request] [request] Adjusted breaker by [16440] bytes, now [16440]
[2016-03-30 13:54:42,100][TRACE][org.elasticsearch.indices.breaker.request] [request] Adjusted breaker by [-16440] bytes, now [0]
[2016-03-30 13:54:42,100][TRACE][org.elasticsearch.indices.breaker.request] [request] Adjusted breaker by [16440] bytes, now [16440]
[2016-03-30 13:54:42,100][TRACE][org.elasticsearch.indices.breaker.request] [request] Adjusted breaker by [-16440] bytes, now [0]
[2016-03-30 13:54:42,103][TRACE][org.elasticsearch.indices.breaker.request] [request] Adjusted breaker by [16440] bytes, now [16440]
[2016-03-30 13:54:42,103][TRACE][org.elasticsearch.indices.breaker.request] [request] Adjusted breaker by [16440] bytes, now [16440]
[2016-03-30 13:54:42,104][TRACE][org.elasticsearch.indices.breaker.request] [request] Adjusted breaker by [-16440] bytes, now [0]
[2016-03-30 13:54:42,104][TRACE][org.elasticsearch.indices.breaker.request] [request] Adjusted breaker by [-16440] bytes, now [0]
[2016-03-30 13:54:42,108][TRACE][org.elasticsearch.indices.breaker.request] [request] Adjusted breaker by [16440] bytes, now [16440]
[2016-03-30 13:54:42,108][TRACE][org.elasticsearch.indices.breaker.request] [request] Adjusted breaker by [-16440] bytes, now [0]
[2016-03-30 13:54:42,148][TRACE][org.elasticsearch.indices.breaker.request] [request] Adjusted breaker by [16440] bytes, now [16440]
[2016-03-30 13:54:42,148][TRACE][org.elasticsearch.indices.breaker.request] [request] Adjusted breaker by [-16440] bytes, now [0]
[2016-03-30 13:54:42,150][TRACE][org.elasticsearch.indices.breaker.request] [request] Adjusted breaker by [16440] bytes, now [16440]
[2016-03-30 13:54:42,150][TRACE][org.elasticsearch.indices.breaker.request] [request] Adjusted breaker by [16440] bytes, now [16440]
[2016-03-30 13:54:42,150][TRACE][org.elasticsearch.indices.breaker.request] [request] Adjusted breaker by [-16440] bytes, now [0]
[2016-03-30 13:54:42,150][TRACE][org.elasticsearch.indices.breaker.request] [request] Adjusted breaker by [-16440] bytes, now [0]
[2016-03-30 13:54:42,208][TRACE][org.elasticsearch.indices.breaker.request] [request] Adjusted breaker by [16440] bytes, now [16440]
[2016-03-30 13:54:42,208][TRACE][org.elasticsearch.indices.breaker.request] [request] Adjusted breaker by [-16440] bytes, now [0]
[2016-03-30 13:54:42,209][TRACE][org.elasticsearch.indices.breaker.request] [request] Adjusted breaker by [16440] bytes, now [16440]
[2016-03-30 13:54:42,209][TRACE][org.elasticsearch.indices.breaker.request] [request] Adjusted breaker by [-16440] bytes, now [0]
[2016-03-30 13:54:42,210][TRACE][org.elasticsearch.indices.breaker.request] [request] Adjusted breaker by [16440] bytes, now [16440]
[2016-03-30 13:54:42,210][TRACE][org.elasticsearch.indices.breaker.request] [request] Adjusted breaker by [-16440] bytes, now [0]
[2016-03-30 13:54:42,211][TRACE][org.elasticsearch.indices.breaker.request] [request] Adjusted breaker by [16440] bytes, now [16440]
[2016-03-30 13:54:42,211][TRACE][org.elasticsearch.indices.breaker.request] [request] Adjusted breaker by [-16440] bytes, now [0]
[2016-03-30 13:54:42,212][TRACE][org.elasticsearch.indices.breaker.request] [request] Adjusted breaker by [16440] bytes, now [16440]
[2016-03-30 13:54:42,212][TRACE][org.elasticsearch.indices.breaker.request] [request] Adjusted breaker by [-16440] bytes, now [0]
[2016-03-30 13:54:42,212][TRACE][org.elasticsearch.indices.breaker.request] [request] Adjusted breaker by [16440] bytes, now [16440]
[2016-03-30 13:54:42,213][TRACE][org.elasticsearch.indices.breaker.request] [request] Adjusted breaker by [-16440] bytes, now [0]
[2016-03-30 13:54:42,213][TRACE][org.elasticsearch.indices.breaker.request] [request] Adjusted breaker by [16440] bytes, now [16440]
[2016-03-30 13:54:42,213][TRACE][org.elasticsearch.indices.breaker.request] [request] Adjusted breaker by [-16440] bytes, now [0]
[2016-03-30 13:54:42,214][TRACE][org.elasticsearch.indices.breaker.request] [request] Adjusted breaker by [16440] bytes, now [16440]
[2016-03-30 13:54:42,214][TRACE][org.elasticsearch.indices.breaker.request] [request] Adjusted breaker by [-16440] bytes, now [0]
[2016-03-30 13:54:42,215][TRACE][org.elasticsearch.indices.breaker.request] [request] Adjusted breaker by [16440] bytes, now [16440]
[2016-03-30 13:54:42,215][TRACE][org.elasticsearch.indices.breaker.request] [request] Adjusted breaker by [-16440] bytes, now [0]
[2016-03-30 13:54:42,216][TRACE][org.elasticsearch.indices.breaker.request] [request] Adjusted breaker by [16440] bytes, now [16440]
[2016-03-30 13:54:42,216][TRACE][org.elasticsearch.indices.breaker.request] [request] Adjusted breaker by [-16440] bytes, now [0]
[2016-03-30 13:54:42,240][TRACE][org.elasticsearch.indices.breaker.request] [request] Adjusted breaker by [16440] bytes, now [16440]
[2016-03-30 13:54:42,240][TRACE][org.elasticsearch.indices.breaker.request] [request] Adjusted breaker by [-16440] bytes, now [0]
[2016-03-30 13:54:42,241][TRACE][org.elasticsearch.indices.breaker.request] [request] Adjusted breaker by [16440] bytes, now [16440]
[2016-03-30 13:54:42,241][TRACE][org.elasticsearch.indices.breaker.request] [request] Adjusted breaker by [-16440] bytes, now [0]
[2016-03-30 13:54:42,242][TRACE][org.elasticsearch.indices.breaker.request] [request] Adjusted breaker by [16440] bytes, now [16440]
[2016-03-30 13:54:42,242][TRACE][org.elasticsearch.indices.breaker.request] [request] Adjusted breaker by [-16440] bytes, now [0]
[2016-03-30 13:54:42,243][TRACE][org.elasticsearch.indices.breaker.request] [request] Adjusted breaker by [16440] bytes, now [16440]
[2016-03-30 13:54:42,243][TRACE][org.elasticsearch.indices.breaker.request] [request] Adjusted breaker by [-16440] bytes, now [0]
[2016-03-30 13:54:42,244][TRACE][org.elasticsearch.indices.breaker.request] [request] Adjusted breaker by [16440] bytes, now [16440]
[2016-03-30 13:54:42,244][TRACE][org.elasticsearch.indices.breaker.request] [request] Adjusted breaker by [-16440] bytes, now [0]
[2016-03-30 13:54:42,245][TRACE][org.elasticsearch.indices.breaker.request] [request] Adjusted breaker by [16440] bytes, now [16440]
[2016-03-30 13:54:42,245][TRACE][org.elasticsearch.indices.breaker.request] [request] Adjusted breaker by [-16440] bytes, now [0]
[2016-03-30 13:54:42,246][TRACE][org.elasticsearch.indices.breaker.request] [request] Adjusted breaker by [16440] bytes, now [16440]
[2016-03-30 13:54:42,246][TRACE][org.elasticsearch.indices.breaker.request] [request] Adjusted breaker by [16440] bytes, now [16440]
[2016-03-30 13:54:42,247][TRACE][org.elasticsearch.indices.breaker.request] [request] Adjusted breaker by [-16440] bytes, now [0]
[2016-03-30 13:54:42,247][TRACE][org.elasticsearch.indices.breaker.request] [request] Adjusted breaker by [-16440] bytes, now [0]
[2016-03-30 13:54:42,249][TRACE][org.elasticsearch.indices.breaker.request] [request] Adjusted breaker by [16440] bytes, now [16440]
[2016-03-30 13:54:42,249][TRACE][org.elasticsearch.indices.breaker.request] [request] Adjusted breaker by [16440] bytes, now [16440]
[2016-03-30 13:54:42,249][TRACE][org.elasticsearch.indices.breaker.request] [request] Adjusted breaker by [-16440] bytes, now [0]
[2016-03-30 13:54:42,249][TRACE][org.elasticsearch.indices.breaker.request] [request] Adjusted breaker by [-16440] bytes, now [0]
[2016-03-30 13:54:42,250][TRACE][org.elasticsearch.indices.breaker.request] [request] Adjusted breaker by [16440] bytes, now [16440]
[2016-03-30 13:54:42,250][TRACE][org.elasticsearch.indices.breaker.request] [request] Adjusted breaker by [-16440] bytes, now [0]
[2016-03-30 13:54:42,251][TRACE][org.elasticsearch.indices.breaker.request] [request] Adjusted breaker by [16440] bytes, now [16440]
[2016-03-30 13:54:42,251][TRACE][org.elasticsearch.indices.breaker.request] [request] Adjusted breaker by [-16440] bytes, now [0]
[2016-03-30 13:54:42,252][TRACE][org.elasticsearch.indices.breaker.request] [request] Adjusted breaker by [16440] bytes, now [16440]
[2016-03-30 13:54:42,252][TRACE][org.elasticsearch.indices.breaker.request] [request] Adjusted breaker by [-16440] bytes, now [0]
[2016-03-30 13:54:42,253][TRACE][org.elasticsearch.indices.breaker.request] [request] Adjusted breaker by [16440] bytes, now [16440]
[2016-03-30 13:54:42,253][TRACE][org.elasticsearch.indices.breaker.request] [request] Adjusted breaker by [-16440] bytes, now [0]
[2016-03-30 13:54:42,255][TRACE][org.elasticsearch.indices.breaker.request] [request] Adjusted breaker by [16440] bytes, now [16440]
[2016-03-30 13:54:42,255][TRACE][org.elasticsearch.indices.breaker.request] [request] Adjusted breaker by [-16440] bytes, now [0]
[2016-03-30 13:54:42,256][TRACE][org.elasticsearch.indices.breaker.request] [request] Adjusted breaker by [16440] bytes, now [16440]
[2016-03-30 13:54:42,256][TRACE][org.elasticsearch.indices.breaker.request] [request] Adjusted breaker by [-16440] bytes, now [0]
[2016-03-30 13:54:42,257][TRACE][org.elasticsearch.indices.breaker.request] [request] Adjusted breaker by [16440] bytes, now [16440]
[2016-03-30 13:54:42,257][TRACE][org.elasticsearch.indices.breaker.request] [request] Adjusted breaker by [16440] bytes, now [16440]
[2016-03-30 13:54:42,258][TRACE][org.elasticsearch.indices.breaker.request] [request] Adjusted breaker by [-16440] bytes, now [0]
[2016-03-30 13:54:42,258][TRACE][org.elasticsearch.indices.breaker.request] [request] Adjusted breaker by [-16440] bytes, now [0]
[2016-03-30 13:54:42,259][TRACE][org.elasticsearch.indices.breaker.request] [request] Adjusted breaker by [16440] bytes, now [16440]
[2016-03-30 13:54:42,259][TRACE][org.elasticsearch.indices.breaker.request] [request] Adjusted breaker by [-16440] bytes, now [0]
[2016-03-30 13:54:42,259][TRACE][org.elasticsearch.indices.breaker.request] [request] Adjusted breaker by [16440] bytes, now [16440]
[2016-03-30 13:54:42,259][TRACE][org.elasticsearch.indices.breaker.request] [request] Adjusted breaker by [-16440] bytes, now [0]
[2016-03-30 13:54:42,261][TRACE][org.elasticsearch.indices.breaker.request] [request] Adjusted breaker by [16440] bytes, now [16440]
[2016-03-30 13:54:42,261][TRACE][org.elasticsearch.indices.breaker.request] [request] Adjusted breaker by [-16440] bytes, now [0]
[2016-03-30 13:54:42,261][TRACE][org.elasticsearch.indices.breaker.request] [request] Adjusted breaker by [16440] bytes, now [16440]
[2016-03-30 13:54:42,261][TRACE][org.elasticsearch.indices.breaker.request] [request] Adjusted breaker by [-16440] bytes, now [0]
[2016-03-30 13:54:42,262][TRACE][org.elasticsearch.indices.breaker.request] [request] Adjusted breaker by [16440] bytes, now [16440]
[2016-03-30 13:54:42,263][TRACE][org.elasticsearch.indices.breaker.request] [request] Adjusted breaker by [-16440] bytes, now [0]
[2016-03-30 13:54:42,263][TRACE][org.elasticsearch.indices.breaker.request] [request] Adjusted breaker by [16440] bytes, now [16440]
[2016-03-30 13:54:42,263][TRACE][org.elasticsearch.indices.breaker.request] [request] Adjusted breaker by [-16440] bytes, now [0]
[2016-03-30 13:54:42,264][TRACE][org.elasticsearch.indices.breaker.request] [request] Adjusted breaker by [16440] bytes, now [16440]
[2016-03-30 13:54:42,265][TRACE][org.elasticsearch.indices.breaker.request] [request] Adjusted breaker by [-16440] bytes, now [0]
[2016-03-30 13:54:42,265][TRACE][org.elasticsearch.indices.breaker.request] [request] Adjusted breaker by [16440] bytes, now [16440]
[2016-03-30 13:54:42,265][TRACE][org.elasticsearch.indices.breaker.request] [request] Adjusted breaker by [-16440] bytes, now [0]
[2016-03-30 13:54:42,266][TRACE][org.elasticsearch.indices.breaker.request] [request] Adjusted breaker by [16440] bytes, now [16440]
[2016-03-30 13:54:42,267][TRACE][org.elasticsearch.indices.breaker.request] [request] Adjusted breaker by [-16440] bytes, now [0]
[2016-03-30 13:54:42,267][TRACE][org.elasticsearch.indices.breaker.request] [request] Adjusted breaker by [16440] bytes, now [16440]
[2016-03-30 13:54:42,267][TRACE][org.elasticsearch.indices.breaker.request] [request] Adjusted breaker by [-16440] bytes, now [0]
[2016-03-30 13:54:42,268][TRACE][org.elasticsearch.indices.breaker.request] [request] Adjusted breaker by [16440] bytes, now [16440]
[2016-03-30 13:54:42,269][TRACE][org.elasticsearch.indices.breaker.request] [request] Adjusted breaker by [-16440] bytes, now [0]
[2016-03-30 13:54:42,269][TRACE][org.elasticsearch.indices.breaker.request] [request] Adjusted breaker by [16440] bytes, now [16440]
[2016-03-30 13:54:42,269][TRACE][org.elasticsearch.indices.breaker.request] [request] Adjusted breaker by [-16440] bytes, now [0]
[2016-03-30 13:54:42,270][TRACE][org.elasticsearch.indices.breaker.request] [request] Adjusted breaker by [16440] bytes, now [16440]
[2016-03-30 13:54:42,270][TRACE][org.elasticsearch.indices.breaker.request] [request] Adjusted breaker by [-16440] bytes, now [0]
[2016-03-30 13:54:42,271][TRACE][org.elasticsearch.indices.breaker.request] [request] Adjusted breaker by [16440] bytes, now [16440]
[2016-03-30 13:54:42,271][TRACE][org.elasticsearch.indices.breaker.request] [request] Adjusted breaker by [-16440] bytes, now [0]
[2016-03-30 13:54:42,273][TRACE][org.elasticsearch.indices.breaker.request] [request] Adjusted breaker by [16440] bytes, now [16440]
[2016-03-30 13:54:42,273][TRACE][org.elasticsearch.indices.breaker.request] [request] Adjusted breaker by [16440] bytes, now [16440]
[2016-03-30 13:54:42,273][TRACE][org.elasticsearch.indices.breaker.request] [request] Adjusted breaker by [-16440] bytes, now [0]
[2016-03-30 13:54:42,273][TRACE][org.elasticsearch.indices.breaker.request] [request] Adjusted breaker by [-16440] bytes, now [0]
[2016-03-30 13:54:42,275][TRACE][org.elasticsearch.indices.breaker.request] [request] Adjusted breaker by [16440] bytes, now [16440]
[2016-03-30 13:54:42,275][TRACE][org.elasticsearch.indices.breaker.request] [request] Adjusted breaker by [16440] bytes, now [16440]
[2016-03-30 13:54:42,275][TRACE][org.elasticsearch.indices.breaker.request] [request] Adjusted breaker by [-16440] bytes, now [0]
[2016-03-30 13:54:42,275][TRACE][org.elasticsearch.indices.breaker.request] [request] Adjusted breaker by [-16440] bytes, now [0]
[2016-03-30 13:54:42,276][TRACE][org.elasticsearch.indices.breaker.request] [request] Adjusted breaker by [16440] bytes, now [16440]
[2016-03-30 13:54:42,276][TRACE][org.elasticsearch.indices.breaker.request] [request] Adjusted breaker by [-16440] bytes, now [0]
[2016-03-30 13:54:42,277][TRACE][org.elasticsearch.indices.breaker.request] [request] Adjusted breaker by [16440] bytes, now [16440]
[2016-03-30 13:54:42,277][TRACE][org.elasticsearch.indices.breaker.request] [request] Adjusted breaker by [-16440] bytes, now [0]
[2016-03-30 13:54:42,288][TRACE][org.elasticsearch.indices.breaker.request] [request] Adjusted breaker by [16440] bytes, now [16440]
[2016-03-30 13:54:42,288][TRACE][org.elasticsearch.indices.breaker.request] [request] Adjusted breaker by [-16440] bytes, now [0]
[2016-03-30 13:54:42,288][TRACE][org.elasticsearch.indices.breaker.request] [request] Adjusted breaker by [16440] bytes, now [16440]
[2016-03-30 13:54:42,288][TRACE][org.elasticsearch.indices.breaker.request] [request] Adjusted breaker by [-16440] bytes, now [0]
[2016-03-30 13:54:42,289][TRACE][org.elasticsearch.indices.breaker.request] [request] Adjusted breaker by [16440] bytes, now [16440]
[2016-03-30 13:54:42,290][TRACE][org.elasticsearch.indices.breaker.request] [request] Adjusted breaker by [-16440] bytes, now [0]
[2016-03-30 13:54:42,290][TRACE][org.elasticsearch.indices.breaker.request] [request] Adjusted breaker by [16440] bytes, now [16440]
[2016-03-30 13:54:42,290][TRACE][org.elasticsearch.indices.breaker.request] [request] Adjusted breaker by [-16440] bytes, now [0]
[2016-03-30 13:54:42,292][TRACE][org.elasticsearch.indices.breaker.request] [request] Adjusted breaker by [16440] bytes, now [16440]
[2016-03-30 13:54:42,292][TRACE][org.elasticsearch.indices.breaker.request] [request] Adjusted breaker by [-16440] bytes, now [0]
[2016-03-30 13:54:42,292][TRACE][org.elasticsearch.indices.breaker.request] [request] Adjusted breaker by [16440] bytes, now [16440]
[2016-03-30 13:54:42,293][TRACE][org.elasticsearch.indices.breaker.request] [request] Adjusted breaker by [-16440] bytes, now [0]
[2016-03-30 13:54:42,293][TRACE][org.elasticsearch.indices.breaker.request] [request] Adjusted breaker by [16440] bytes, now [16440]
[2016-03-30 13:54:42,294][TRACE][org.elasticsearch.indices.breaker.request] [request] Adjusted breaker by [-16440] bytes, now [0]
[2016-03-30 13:54:42,294][TRACE][org.elasticsearch.indices.breaker.request] [request] Adjusted breaker by [16440] bytes, now [16440]
[2016-03-30 13:54:42,294][TRACE][org.elasticsearch.indices.breaker.request] [request] Adjusted breaker by [-16440] bytes, now [0]
[2016-03-30 13:54:42,295][TRACE][org.elasticsearch.indices.breaker.request] [request] Adjusted breaker by [16440] bytes, now [16440]
[2016-03-30 13:54:42,295][TRACE][org.elasticsearch.indices.breaker.request] [request] Adjusted breaker by [-16440] bytes, now [0]
[2016-03-30 13:54:42,296][TRACE][org.elasticsearch.indices.breaker.request] [request] Adjusted breaker by [16440] bytes, now [16440]
[2016-03-30 13:54:42,296][TRACE][org.elasticsearch.indices.breaker.request] [request] Adjusted breaker by [-16440] bytes, now [0]
[2016-03-30 13:54:42,298][TRACE][org.elasticsearch.indices.breaker.request] [request] Adjusted breaker by [16440] bytes, now [16440]
[2016-03-30 13:54:42,298][TRACE][org.elasticsearch.indices.breaker.request] [request] Adjusted breaker by [-16440] bytes, now [0]
[2016-03-30 13:54:42,298][TRACE][org.elasticsearch.indices.breaker.request] [request] Adjusted breaker by [16440] bytes, now [16440]
[2016-03-30 13:54:42,298][TRACE][org.elasticsearch.indices.breaker.request] [request] Adjusted breaker by [-16440] bytes, now [0]
[2016-03-30 13:54:42,299][TRACE][org.elasticsearch.indices.breaker.request] [request] Adjusted breaker by [16440] bytes, now [16440]
[2016-03-30 13:54:42,300][TRACE][org.elasticsearch.indices.breaker.request] [request] Adjusted breaker by [-16440] bytes, now [0]
[2016-03-30 13:54:42,300][TRACE][org.elasticsearch.indices.breaker.request] [request] Adjusted breaker by [16440] bytes, now [16440]
[2016-03-30 13:54:42,300][TRACE][org.elasticsearch.indices.breaker.request] [request] Adjusted breaker by [-16440] bytes, now [0]
[2016-03-30 13:54:42,302][TRACE][org.elasticsearch.indices.breaker.request] [request] Adjusted breaker by [16440] bytes, now [16440]
[2016-03-30 13:54:42,302][TRACE][org.elasticsearch.indices.breaker.request] [request] Adjusted breaker by [16440] bytes, now [16440]
[2016-03-30 13:54:42,302][TRACE][org.elasticsearch.indices.breaker.request] [request] Adjusted breaker by [-16440] bytes, now [0]
[2016-03-30 13:54:42,302][TRACE][org.elasticsearch.indices.breaker.request] [request] Adjusted breaker by [-16440] bytes, now [0]
[2016-03-30 13:54:42,304][TRACE][org.elasticsearch.indices.breaker.request] [request] Adjusted breaker by [16440] bytes, now [16440]
[2016-03-30 13:54:42,304][TRACE][org.elasticsearch.indices.breaker.request] [request] Adjusted breaker by [-16440] bytes, now [0]
[2016-03-30 13:54:42,305][TRACE][org.elasticsearch.indices.breaker.request] [request] Adjusted breaker by [16440] bytes, now [16440]
[2016-03-30 13:54:42,305][TRACE][org.elasticsearch.indices.breaker.request] [request] Adjusted breaker by [-16440] bytes, now [0]
[2016-03-30 13:54:42,309][TRACE][org.elasticsearch.indices.breaker.request] [request] Adjusted breaker by [16440] bytes, now [16440]
[2016-03-30 13:54:42,309][TRACE][org.elasticsearch.indices.breaker.request] [request] Adjusted breaker by [-16440] bytes, now [0]
[2016-03-30 13:54:42,310][TRACE][org.elasticsearch.indices.breaker.request] [request] Adjusted breaker by [16440] bytes, now [16440]
[2016-03-30 13:54:42,310][TRACE][org.elasticsearch.indices.breaker.request] [request] Adjusted breaker by [-16440] bytes, now [0]
[2016-03-30 13:54:42,311][TRACE][org.elasticsearch.indices.breaker.request] [request] Adjusted breaker by [16440] bytes, now [16440]
[2016-03-30 13:54:42,311][TRACE][org.elasticsearch.indices.breaker.request] [request] Adjusted breaker by [-16440] bytes, now [0]
[2016-03-30 13:54:42,312][TRACE][org.elasticsearch.indices.breaker.request] [request] Adjusted breaker by [16440] bytes, now [16440]
[2016-03-30 13:54:42,312][TRACE][org.elasticsearch.indices.breaker.request] [request] Adjusted breaker by [-16440] bytes, now [0]
[2016-03-30 13:54:42,313][TRACE][org.elasticsearch.indices.breaker.request] [request] Adjusted breaker by [16440] bytes, now [16440]
[2016-03-30 13:54:42,313][TRACE][org.elasticsearch.indices.breaker.request] [request] Adjusted breaker by [-16440] bytes, now [0]
[2016-03-30 13:54:42,314][TRACE][org.elasticsearch.indices.breaker.request] [request] Adjusted breaker by [16440] bytes, now [16440]
[2016-03-30 13:54:42,314][TRACE][org.elasticsearch.indices.breaker.request] [request] Adjusted breaker by [-16440] bytes, now [0]
[2016-03-30 13:54:42,315][TRACE][org.elasticsearch.indices.breaker.request] [request] Adjusted breaker by [16440] bytes, now [16440]
[2016-03-30 13:54:42,315][TRACE][org.elasticsearch.indices.breaker.request] [request] Adjusted breaker by [-16440] bytes, now [0]
[2016-03-30 13:54:42,315][TRACE][org.elasticsearch.indices.breaker.request] [request] Adjusted breaker by [16440] bytes, now [16440]
[2016-03-30 13:54:42,316][TRACE][org.elasticsearch.indices.breaker.request] [request] Adjusted breaker by [-16440] bytes, now [0]
[2016-03-30 13:54:42,317][TRACE][org.elasticsearch.indices.breaker.request] [request] Adjusted breaker by [16440] bytes, now [16440]
[2016-03-30 13:54:42,317][TRACE][org.elasticsearch.indices.breaker.request] [request] Adjusted breaker by [-16440] bytes, now [0]
[2016-03-30 13:54:42,317][TRACE][org.elasticsearch.indices.breaker.request] [request] Adjusted breaker by [16440] bytes, now [16440]
[2016-03-30 13:54:42,317][TRACE][org.elasticsearch.indices.breaker.request] [request] Adjusted breaker by [-16440] bytes, now [0]
[2016-03-30 13:54:42,318][TRACE][org.elasticsearch.indices.breaker.request] [request] Adjusted breaker by [16440] bytes, now [16440]
[2016-03-30 13:54:42,319][TRACE][org.elasticsearch.indices.breaker.request] [request] Adjusted breaker by [-16440] bytes, now [0]
[2016-03-30 13:54:42,319][TRACE][org.elasticsearch.indices.breaker.request] [request] Adjusted breaker by [16440] bytes, now [16440]
[2016-03-30 13:54:42,319][TRACE][org.elasticsearch.indices.breaker.request] [request] Adjusted breaker by [-16440] bytes, now [0]
[2016-03-30 13:54:42,328][TRACE][org.elasticsearch.indices.breaker.request] [request] Adjusted breaker by [16440] bytes, now [16440]
[2016-03-30 13:54:42,329][TRACE][org.elasticsearch.indices.breaker.request] [request] Adjusted breaker by [-16440] bytes, now [0]
[2016-03-30 13:54:42,329][TRACE][org.elasticsearch.indices.breaker.request] [request] Adjusted breaker by [16440] bytes, now [16440]
[2016-03-30 13:54:42,329][TRACE][org.elasticsearch.indices.breaker.request] [request] Adjusted breaker by [-16440] bytes, now [0]
[2016-03-30 13:54:42,340][TRACE][org.elasticsearch.indices.breaker.request] [request] Adjusted breaker by [16440] bytes, now [16440]
[2016-03-30 13:54:42,340][TRACE][org.elasticsearch.indices.breaker.request] [request] Adjusted breaker by [-16440] bytes, now [0]
[2016-03-30 13:54:42,340][TRACE][org.elasticsearch.indices.breaker.request] [request] Adjusted breaker by [16440] bytes, now [16440]
[2016-03-30 13:54:42,340][TRACE][org.elasticsearch.indices.breaker.request] [request] Adjusted breaker by [-16440] bytes, now [0]
[2016-03-30 13:54:42,342][TRACE][org.elasticsearch.indices.breaker.request] [request] Adjusted breaker by [16440] bytes, now [16440]
[2016-03-30 13:54:42,342][TRACE][org.elasticsearch.indices.breaker.request] [request] Adjusted breaker by [-16440] bytes, now [0]
[2016-03-30 13:54:42,349][TRACE][org.elasticsearch.indices.breaker.request] [request] Adjusted breaker by [16440] bytes, now [16440]
[2016-03-30 13:54:42,349][TRACE][org.elasticsearch.indices.breaker.request] [request] Adjusted breaker by [-16440] bytes, now [0]
[2016-03-30 13:54:42,351][TRACE][org.elasticsearch.indices.breaker.request] [request] Adjusted breaker by [16440] bytes, now [16440]
[2016-03-30 13:54:42,351][TRACE][org.elasticsearch.indices.breaker.request] [request] Adjusted breaker by [-16440] bytes, now [0]
[2016-03-30 13:54:42,355][TRACE][org.elasticsearch.indices.breaker.request] [request] Adjusted breaker by [16440] bytes, now [16440]
[2016-03-30 13:54:42,356][TRACE][org.elasticsearch.indices.breaker.request] [request] Adjusted breaker by [-16440] bytes, now [0]
[2016-03-30 13:54:42,363][TRACE][org.elasticsearch.indices.breaker.request] [request] Adjusted breaker by [16440] bytes, now [16440]
[2016-03-30 13:54:42,363][TRACE][org.elasticsearch.indices.breaker.request] [request] Adjusted breaker by [-16440] bytes, now [0]
[2016-03-30 13:54:42,366][TRACE][org.elasticsearch.indices.breaker.request] [request] Adjusted breaker by [16440] bytes, now [16440]
[2016-03-30 13:54:42,366][TRACE][org.elasticsearch.indices.breaker.request] [request] Adjusted breaker by [-16440] bytes, now [0]
[2016-03-30 13:54:42,367][TRACE][org.elasticsearch.indices.breaker.request] [request] Adjusted breaker by [16440] bytes, now [16440]
[2016-03-30 13:54:42,367][TRACE][org.elasticsearch.indices.breaker.request] [request] Adjusted breaker by [-16440] bytes, now [0]
[2016-03-30 13:54:42,371][TRACE][org.elasticsearch.indices.breaker.request] [request] Adjusted breaker by [16440] bytes, now [16440]
[2016-03-30 13:54:42,371][TRACE][org.elasticsearch.indices.breaker.request] [request] Adjusted breaker by [-16440] bytes, now [0]
[2016-03-30 13:54:42,376][TRACE][org.elasticsearch.indices.breaker.request] [request] Adjusted breaker by [16440] bytes, now [16440]
[2016-03-30 13:54:42,376][TRACE][org.elasticsearch.indices.breaker.request] [request] Adjusted breaker by [-16440] bytes, now [0]
[2016-03-30 13:54:42,376][TRACE][org.elasticsearch.indices.breaker.request] [request] Adjusted breaker by [16440] bytes, now [16440]
[2016-03-30 13:54:42,377][TRACE][org.elasticsearch.indices.breaker.request] [request] Adjusted breaker by [-16440] bytes, now [0]
[2016-03-30 13:54:42,380][TRACE][org.elasticsearch.indices.breaker.request] [request] Adjusted breaker by [16440] bytes, now [16440]
[2016-03-30 13:54:42,380][TRACE][org.elasticsearch.indices.breaker.request] [request] Adjusted breaker by [-16440] bytes, now [0]
[2016-03-30 13:54:42,387][TRACE][org.elasticsearch.indices.breaker.request] [request] Adjusted breaker by [16440] bytes, now [16440]
[2016-03-30 13:54:42,388][TRACE][org.elasticsearch.indices.breaker.request] [request] Adjusted breaker by [-16440] bytes, now [0]
[2016-03-30 13:54:42,400][TRACE][org.elasticsearch.indices.breaker.request] [request] Adjusted breaker by [16440] bytes, now [16440]
[2016-03-30 13:54:42,400][TRACE][org.elasticsearch.indices.breaker.request] [request] Adjusted breaker by [16440] bytes, now [16440]
[2016-03-30 13:54:42,400][TRACE][org.elasticsearch.indices.breaker.request] [request] Adjusted breaker by [-16440] bytes, now [0]
[2016-03-30 13:54:42,400][TRACE][org.elasticsearch.indices.breaker.request] [request] Adjusted breaker by [-16440] bytes, now [0]
[2016-03-30 13:54:42,411][TRACE][org.elasticsearch.indices.breaker.request] [request] Adjusted breaker by [16440] bytes, now [16440]
[2016-03-30 13:54:42,411][TRACE][org.elasticsearch.indices.breaker.request] [request] Adjusted breaker by [16440] bytes, now [16440]
[2016-03-30 13:54:42,412][TRACE][org.elasticsearch.indices.breaker.request] [request] Adjusted breaker by [-16440] bytes, now [0]
[2016-03-30 13:54:42,412][TRACE][org.elasticsearch.indices.breaker.request] [request] Adjusted breaker by [-16440] bytes, now [0]
[2016-03-30 13:54:42,413][TRACE][org.elasticsearch.indices.breaker.request] [request] Adjusted breaker by [16440] bytes, now [16440]
[2016-03-30 13:54:42,413][TRACE][org.elasticsearch.indices.breaker.request] [request] Adjusted breaker by [-16440] bytes, now [0]
[2016-03-30 13:54:42,414][TRACE][org.elasticsearch.indices.breaker.request] [request] Adjusted breaker by [16440] bytes, now [16440]
[2016-03-30 13:54:42,414][TRACE][org.elasticsearch.indices.breaker.request] [request] Adjusted breaker by [-16440] bytes, now [0]
[2016-03-30 13:54:42,434][TRACE][org.elasticsearch.indices.breaker.request] [request] Adjusted breaker by [16440] bytes, now [16440]
[2016-03-30 13:54:42,434][TRACE][org.elasticsearch.indices.breaker.request] [request] Adjusted breaker by [16440] bytes, now [16440]
[2016-03-30 13:54:42,434][TRACE][org.elasticsearch.indices.breaker.request] [request] Adjusted breaker by [-16440] bytes, now [0]
[2016-03-30 13:54:42,434][TRACE][org.elasticsearch.indices.breaker.request] [request] Adjusted breaker by [-16440] bytes, now [0]
[2016-03-30 13:54:42,436][TRACE][org.elasticsearch.indices.breaker.request] [request] Adjusted breaker by [16440] bytes, now [16440]
[2016-03-30 13:54:42,436][TRACE][org.elasticsearch.indices.breaker.request] [request] Adjusted breaker by [-16440] bytes, now [0]
[2016-03-30 13:54:42,437][TRACE][org.elasticsearch.indices.breaker.request] [request] Adjusted breaker by [16440] bytes, now [16440]
[2016-03-30 13:54:42,437][TRACE][org.elasticsearch.indices.breaker.request] [request] Adjusted breaker by [-16440] bytes, now [0]
[2016-03-30 13:54:42,439][TRACE][org.elasticsearch.indices.breaker.request] [request] Adjusted breaker by [16440] bytes, now [16440]
[2016-03-30 13:54:42,439][TRACE][org.elasticsearch.indices.breaker.request] [request] Adjusted breaker by [-16440] bytes, now [0]
[2016-03-30 13:54:42,440][TRACE][org.elasticsearch.indices.breaker.request] [request] Adjusted breaker by [16440] bytes, now [16440]
[2016-03-30 13:54:42,440][TRACE][org.elasticsearch.indices.breaker.request] [request] Adjusted breaker by [-16440] bytes, now [0]
[2016-03-30 13:54:42,440][TRACE][org.elasticsearch.indices.breaker.request] [request] Adjusted breaker by [16440] bytes, now [16440]
[2016-03-30 13:54:42,441][TRACE][org.elasticsearch.indices.breaker.request] [request] Adjusted breaker by [-16440] bytes, now [0]
[2016-03-30 13:54:42,441][TRACE][org.elasticsearch.indices.breaker.request] [request] Adjusted breaker by [16440] bytes, now [16440]
[2016-03-30 13:54:42,441][TRACE][org.elasticsearch.indices.breaker.request] [request] Adjusted breaker by [-16440] bytes, now [0]
[2016-03-30 13:54:42,442][TRACE][org.elasticsearch.indices.breaker.request] [request] Adjusted breaker by [16440] bytes, now [16440]
[2016-03-30 13:54:42,442][TRACE][org.elasticsearch.indices.breaker.request] [request] Adjusted breaker by [-16440] bytes, now [0]
[2016-03-30 13:54:42,443][TRACE][org.elasticsearch.indices.breaker.request] [request] Adjusted breaker by [16440] bytes, now [16440]
[2016-03-30 13:54:42,443][TRACE][org.elasticsearch.indices.breaker.request] [request] Adjusted breaker by [-16440] bytes, now [0]
[2016-03-30 13:54:42,444][TRACE][org.elasticsearch.indices.breaker.request] [request] Adjusted breaker by [16440] bytes, now [16440]
[2016-03-30 13:54:42,444][TRACE][org.elasticsearch.indices.breaker.request] [request] Adjusted breaker by [-16440] bytes, now [0]
[2016-03-30 13:54:42,444][TRACE][org.elasticsearch.indices.breaker.request] [request] Adjusted breaker by [16440] bytes, now [16440]
[2016-03-30 13:54:42,445][TRACE][org.elasticsearch.indices.breaker.request] [request] Adjusted breaker by [-16440] bytes, now [0]
[2016-03-30 13:54:42,446][TRACE][org.elasticsearch.indices.breaker.request] [request] Adjusted breaker by [16440] bytes, now [16440]
[2016-03-30 13:54:42,446][TRACE][org.elasticsearch.indices.breaker.request] [request] Adjusted breaker by [-16440] bytes, now [0]
[2016-03-30 13:54:42,446][TRACE][org.elasticsearch.indices.breaker.request] [request] Adjusted breaker by [16440] bytes, now [16440]
[2016-03-30 13:54:42,447][TRACE][org.elasticsearch.indices.breaker.request] [request] Adjusted breaker by [-16440] bytes, now [0]
[2016-03-30 13:54:42,448][TRACE][org.elasticsearch.indices.breaker.request] [request] Adjusted breaker by [16440] bytes, now [16440]
[2016-03-30 13:54:42,448][TRACE][org.elasticsearch.indices.breaker.request] [request] Adjusted breaker by [-16440] bytes, now [0]
[2016-03-30 13:54:42,449][TRACE][org.elasticsearch.indices.breaker.request] [request] Adjusted breaker by [16440] bytes, now [16440]
[2016-03-30 13:54:42,449][TRACE][org.elasticsearch.indices.breaker.request] [request] Adjusted breaker by [-16440] bytes, now [0]
[2016-03-30 13:54:42,450][TRACE][org.elasticsearch.indices.breaker.request] [request] Adjusted breaker by [16440] bytes, now [16440]
[2016-03-30 13:54:42,450][TRACE][org.elasticsearch.indices.breaker.request] [request] Adjusted breaker by [-16440] bytes, now [0]
[2016-03-30 13:54:42,451][TRACE][org.elasticsearch.indices.breaker.request] [request] Adjusted breaker by [16440] bytes, now [16440]
[2016-03-30 13:54:42,451][TRACE][org.elasticsearch.indices.breaker.request] [request] Adjusted breaker by [-16440] bytes, now [0]
[2016-03-30 13:54:42,452][TRACE][org.elasticsearch.indices.breaker.request] [request] Adjusted breaker by [16440] bytes, now [16440]
[2016-03-30 13:54:42,453][TRACE][org.elasticsearch.indices.breaker.request] [request] Adjusted breaker by [-16440] bytes, now [0]
[2016-03-30 13:54:42,453][TRACE][org.elasticsearch.indices.breaker.request] [request] Adjusted breaker by [16440] bytes, now [16440]
[2016-03-30 13:54:42,453][TRACE][org.elasticsearch.indices.breaker.request] [request] Adjusted breaker by [-16440] bytes, now [0]
[2016-03-30 13:54:42,455][TRACE][org.elasticsearch.indices.breaker.request] [request] Adjusted breaker by [16440] bytes, now [16440]
[2016-03-30 13:54:42,455][TRACE][org.elasticsearch.indices.breaker.request] [request] Adjusted breaker by [16440] bytes, now [16440]
[2016-03-30 13:54:42,455][TRACE][org.elasticsearch.indices.breaker.request] [request] Adjusted breaker by [-16440] bytes, now [0]
[2016-03-30 13:54:42,455][TRACE][org.elasticsearch.indices.breaker.request] [request] Adjusted breaker by [-16440] bytes, now [0]
[2016-03-30 13:54:42,456][TRACE][org.elasticsearch.indices.breaker.request] [request] Adjusted breaker by [16440] bytes, now [16440]
[2016-03-30 13:54:42,456][TRACE][org.elasticsearch.indices.breaker.request] [request] Adjusted breaker by [-16440] bytes, now [0]
[2016-03-30 13:54:42,457][TRACE][org.elasticsearch.indices.breaker.request] [request] Adjusted breaker by [16440] bytes, now [16440]
[2016-03-30 13:54:42,457][TRACE][org.elasticsearch.indices.breaker.request] [request] Adjusted breaker by [-16440] bytes, now [0]
[2016-03-30 13:54:42,458][TRACE][org.elasticsearch.indices.breaker.request] [request] Adjusted breaker by [16440] bytes, now [16440]
[2016-03-30 13:54:42,458][TRACE][org.elasticsearch.indices.breaker.request] [request] Adjusted breaker by [16440] bytes, now [16440]
[2016-03-30 13:54:42,459][TRACE][org.elasticsearch.indices.breaker.request] [request] Adjusted breaker by [-16440] bytes, now [0]
[2016-03-30 13:54:42,459][TRACE][org.elasticsearch.indices.breaker.request] [request] Adjusted breaker by [-16440] bytes, now [0]
[2016-03-30 13:54:42,460][TRACE][org.elasticsearch.indices.breaker.request] [request] Adjusted breaker by [16440] bytes, now [16440]
[2016-03-30 13:54:42,460][TRACE][org.elasticsearch.indices.breaker.request] [request] Adjusted breaker by [-16440] bytes, now [0]
[2016-03-30 13:54:42,460][TRACE][org.elasticsearch.indices.breaker.request] [request] Adjusted breaker by [16440] bytes, now [16440]
[2016-03-30 13:54:42,460][TRACE][org.elasticsearch.indices.breaker.request] [request] Adjusted breaker by [-16440] bytes, now [0]
[2016-03-30 13:54:42,471][TRACE][org.elasticsearch.indices.breaker.request] [request] Adjusted breaker by [16440] bytes, now [16440]
[2016-03-30 13:54:42,471][TRACE][org.elasticsearch.indices.breaker.request] [request] Adjusted breaker by [-16440] bytes, now [0]
[2016-03-30 13:54:42,471][TRACE][org.elasticsearch.indices.breaker.request] [request] Adjusted breaker by [16440] bytes, now [16440]
[2016-03-30 13:54:42,471][TRACE][org.elasticsearch.indices.breaker.request] [request] Adjusted breaker by [-16440] bytes, now [0]
[2016-03-30 13:54:42,487][TRACE][org.elasticsearch.indices.breaker.request] [request] Adjusted breaker by [16440] bytes, now [16440]
[2016-03-30 13:54:42,487][TRACE][org.elasticsearch.indices.breaker.request] [request] Adjusted breaker by [-16440] bytes, now [0]
[2016-03-30 13:54:42,487][TRACE][org.elasticsearch.indices.breaker.request] [request] Adjusted breaker by [16440] bytes, now [16440]
[2016-03-30 13:54:42,487][TRACE][org.elasticsearch.indices.breaker.request] [request] Adjusted breaker by [-16440] bytes, now [0]
[2016-03-30 13:54:42,489][TRACE][org.elasticsearch.indices.breaker.request] [request] Adjusted breaker by [16440] bytes, now [16440]
[2016-03-30 13:54:42,489][TRACE][org.elasticsearch.indices.breaker.request] [request] Adjusted breaker by [-16440] bytes, now [0]
[2016-03-30 13:54:42,498][TRACE][org.elasticsearch.indices.breaker.request] [request] Adjusted breaker by [16440] bytes, now [16440]
[2016-03-30 13:54:42,498][TRACE][org.elasticsearch.indices.breaker.request] [request] Adjusted breaker by [-16440] bytes, now [0]
[2016-03-30 13:54:42,508][TRACE][org.elasticsearch.indices.breaker.request] [request] Adjusted breaker by [16440] bytes, now [16440]
[2016-03-30 13:54:42,508][TRACE][org.elasticsearch.indices.breaker.request] [request] Adjusted breaker by [-16440] bytes, now [0]
[2016-03-30 13:54:42,509][TRACE][org.elasticsearch.indices.breaker.request] [request] Adjusted breaker by [16440] bytes, now [16440]
[2016-03-30 13:54:42,509][TRACE][org.elasticsearch.indices.breaker.request] [request] Adjusted breaker by [-16440] bytes, now [0]
[2016-03-30 13:54:42,521][TRACE][org.elasticsearch.indices.breaker.request] [request] Adjusted breaker by [16440] bytes, now [16440]
[2016-03-30 13:54:42,521][TRACE][org.elasticsearch.indices.breaker.request] [request] Adjusted breaker by [-16440] bytes, now [0]
[2016-03-30 13:54:42,528][TRACE][org.elasticsearch.indices.breaker.request] [request] Adjusted breaker by [16440] bytes, now [16440]
[2016-03-30 13:54:42,529][TRACE][org.elasticsearch.indices.breaker.request] [request] Adjusted breaker by [-16440] bytes, now [0]
[2016-03-30 13:54:42,530][TRACE][org.elasticsearch.indices.breaker.request] [request] Adjusted breaker by [16440] bytes, now [16440]
[2016-03-30 13:54:42,530][TRACE][org.elasticsearch.indices.breaker.request] [request] Adjusted breaker by [-16440] bytes, now [0]
[2016-03-30 13:54:42,531][TRACE][org.elasticsearch.indices.breaker.request] [request] Adjusted breaker by [16440] bytes, now [16440]
[2016-03-30 13:54:42,531][TRACE][org.elasticsearch.indices.breaker.request] [request] Adjusted breaker by [-16440] bytes, now [0]
[2016-03-30 13:54:42,532][TRACE][org.elasticsearch.indices.breaker.request] [request] Adjusted breaker by [16440] bytes, now [16440]
[2016-03-30 13:54:42,532][TRACE][org.elasticsearch.indices.breaker.request] [request] Adjusted breaker by [-16440] bytes, now [0]
[2016-03-30 13:54:42,533][TRACE][org.elasticsearch.indices.breaker.request] [request] Adjusted breaker by [16440] bytes, now [16440]
[2016-03-30 13:54:42,533][TRACE][org.elasticsearch.indices.breaker.request] [request] Adjusted breaker by [-16440] bytes, now [0]
[2016-03-30 13:54:42,534][TRACE][org.elasticsearch.indices.breaker.request] [request] Adjusted breaker by [16440] bytes, now [16440]
[2016-03-30 13:54:42,535][TRACE][org.elasticsearch.indices.breaker.request] [request] Adjusted breaker by [-16440] bytes, now [0]
[2016-03-30 13:54:42,535][TRACE][org.elasticsearch.indices.breaker.request] [request] Adjusted breaker by [16440] bytes, now [16440]
[2016-03-30 13:54:42,535][TRACE][org.elasticsearch.indices.breaker.request] [request] Adjusted breaker by [-16440] bytes, now [0]
[2016-03-30 13:54:42,537][TRACE][org.elasticsearch.indices.breaker.request] [request] Adjusted breaker by [16440] bytes, now [16440]
[2016-03-30 13:54:42,537][TRACE][org.elasticsearch.indices.breaker.request] [request] Adjusted breaker by [16440] bytes, now [16440]
[2016-03-30 13:54:42,537][TRACE][org.elasticsearch.indices.breaker.request] [request] Adjusted breaker by [-16440] bytes, now [0]
[2016-03-30 13:54:42,537][TRACE][org.elasticsearch.indices.breaker.request] [request] Adjusted breaker by [-16440] bytes, now [0]
[2016-03-30 13:54:42,538][TRACE][org.elasticsearch.indices.breaker.request] [request] Adjusted breaker by [16440] bytes, now [16440]
[2016-03-30 13:54:42,538][TRACE][org.elasticsearch.indices.breaker.request] [request] Adjusted breaker by [-16440] bytes, now [0]
[2016-03-30 13:54:42,539][TRACE][org.elasticsearch.indices.breaker.request] [request] Adjusted breaker by [16440] bytes, now [16440]
[2016-03-30 13:54:42,539][TRACE][org.elasticsearch.indices.breaker.request] [request] Adjusted breaker by [-16440] bytes, now [0]
[2016-03-30 13:54:42,550][TRACE][org.elasticsearch.indices.breaker.request] [request] Adjusted breaker by [16440] bytes, now [16440]
[2016-03-30 13:54:42,550][TRACE][org.elasticsearch.indices.breaker.request] [request] Adjusted breaker by [16440] bytes, now [16440]
[2016-03-30 13:54:42,550][TRACE][org.elasticsearch.indices.breaker.request] [request] Adjusted breaker by [-16440] bytes, now [0]
[2016-03-30 13:54:42,550][TRACE][org.elasticsearch.indices.breaker.request] [request] Adjusted breaker by [-16440] bytes, now [0]
[2016-03-30 13:54:42,551][TRACE][org.elasticsearch.indices.breaker.request] [request] Adjusted breaker by [16440] bytes, now [16440]
[2016-03-30 13:54:42,551][TRACE][org.elasticsearch.indices.breaker.request] [request] Adjusted breaker by [-16440] bytes, now [0]
[2016-03-30 13:54:42,552][TRACE][org.elasticsearch.indices.breaker.request] [request] Adjusted breaker by [16440] bytes, now [16440]
[2016-03-30 13:54:42,552][TRACE][org.elasticsearch.indices.breaker.request] [request] Adjusted breaker by [-16440] bytes, now [0]
[2016-03-30 13:54:42,562][TRACE][org.elasticsearch.indices.breaker.request] [request] Adjusted breaker by [16440] bytes, now [16440]
[2016-03-30 13:54:42,562][TRACE][org.elasticsearch.indices.breaker.request] [request] Adjusted breaker by [16440] bytes, now [16440]
[2016-03-30 13:54:42,562][TRACE][org.elasticsearch.indices.breaker.request] [request] Adjusted breaker by [-16440] bytes, now [0]
[2016-03-30 13:54:42,562][TRACE][org.elasticsearch.indices.breaker.request] [request] Adjusted breaker by [-16440] bytes, now [0]
[2016-03-30 13:54:42,563][TRACE][org.elasticsearch.indices.breaker.request] [request] Adjusted breaker by [16440] bytes, now [16440]
[2016-03-30 13:54:42,563][TRACE][org.elasticsearch.indices.breaker.request] [request] Adjusted breaker by [-16440] bytes, now [0]
[2016-03-30 13:54:42,564][TRACE][org.elasticsearch.indices.breaker.request] [request] Adjusted breaker by [16440] bytes, now [16440]
[2016-03-30 13:54:42,564][TRACE][org.elasticsearch.indices.breaker.request] [request] Adjusted breaker by [-16440] bytes, now [0]
[2016-03-30 13:54:42,574][TRACE][org.elasticsearch.indices.breaker.request] [request] Adjusted breaker by [16440] bytes, now [16440]
[2016-03-30 13:54:42,574][TRACE][org.elasticsearch.indices.breaker.request] [request] Adjusted breaker by [-16440] bytes, now [0]
[2016-03-30 13:54:42,575][TRACE][org.elasticsearch.indices.breaker.request] [request] Adjusted breaker by [16440] bytes, now [16440]
[2016-03-30 13:54:42,575][TRACE][org.elasticsearch.indices.breaker.request] [request] Adjusted breaker by [-16440] bytes, now [0]
[2016-03-30 13:54:42,577][TRACE][org.elasticsearch.indices.breaker.request] [request] Adjusted breaker by [16440] bytes, now [16440]
[2016-03-30 13:54:42,577][TRACE][org.elasticsearch.indices.breaker.request] [request] Adjusted breaker by [-16440] bytes, now [0]
[2016-03-30 13:54:42,577][TRACE][org.elasticsearch.indices.breaker.request] [request] Adjusted breaker by [16440] bytes, now [16440]
[2016-03-30 13:54:42,577][TRACE][org.elasticsearch.indices.breaker.request] [request] Adjusted breaker by [-16440] bytes, now [0]
[2016-03-30 13:54:42,578][TRACE][org.elasticsearch.indices.breaker.request] [request] Adjusted breaker by [16440] bytes, now [16440]
[2016-03-30 13:54:42,579][TRACE][org.elasticsearch.indices.breaker.request] [request] Adjusted breaker by [-16440] bytes, now [0]
[2016-03-30 13:54:42,579][TRACE][org.elasticsearch.indices.breaker.request] [request] Adjusted breaker by [16440] bytes, now [16440]
[2016-03-30 13:54:42,579][TRACE][org.elasticsearch.indices.breaker.request] [request] Adjusted breaker by [-16440] bytes, now [0]
[2016-03-30 13:54:42,580][TRACE][org.elasticsearch.indices.breaker.request] [request] Adjusted breaker by [16440] bytes, now [16440]
[2016-03-30 13:54:42,581][TRACE][org.elasticsearch.indices.breaker.request] [request] Adjusted breaker by [-16440] bytes, now [0]
[2016-03-30 13:54:42,581][TRACE][org.elasticsearch.indices.breaker.request] [request] Adjusted breaker by [16440] bytes, now [16440]
[2016-03-30 13:54:42,581][TRACE][org.elasticsearch.indices.breaker.request] [request] Adjusted breaker by [-16440] bytes, now [0]
[2016-03-30 13:54:42,582][TRACE][org.elasticsearch.indices.breaker.request] [request] Adjusted breaker by [16440] bytes, now [16440]
[2016-03-30 13:54:42,583][TRACE][org.elasticsearch.indices.breaker.request] [request] Adjusted breaker by [-16440] bytes, now [0]
[2016-03-30 13:54:42,583][TRACE][org.elasticsearch.indices.breaker.request] [request] Adjusted breaker by [16440] bytes, now [16440]
[2016-03-30 13:54:42,583][TRACE][org.elasticsearch.indices.breaker.request] [request] Adjusted breaker by [-16440] bytes, now [0]
[2016-03-30 13:54:42,584][TRACE][org.elasticsearch.indices.breaker.request] [request] Adjusted breaker by [16440] bytes, now [16440]
[2016-03-30 13:54:42,585][TRACE][org.elasticsearch.indices.breaker.request] [request] Adjusted breaker by [-16440] bytes, now [0]
[2016-03-30 13:54:42,585][TRACE][org.elasticsearch.indices.breaker.request] [request] Adjusted breaker by [16440] bytes, now [16440]
[2016-03-30 13:54:42,585][TRACE][org.elasticsearch.indices.breaker.request] [request] Adjusted breaker by [-16440] bytes, now [0]
[2016-03-30 13:54:42,586][TRACE][org.elasticsearch.indices.breaker.request] [request] Adjusted breaker by [16440] bytes, now [16440]
[2016-03-30 13:54:42,587][TRACE][org.elasticsearch.indices.breaker.request] [request] Adjusted breaker by [-16440] bytes, now [0]
[2016-03-30 13:54:42,587][TRACE][org.elasticsearch.indices.breaker.request] [request] Adjusted breaker by [16440] bytes, now [16440]
[2016-03-30 13:54:42,587][TRACE][org.elasticsearch.indices.breaker.request] [request] Adjusted breaker by [-16440] bytes, now [0]
[2016-03-30 13:54:42,589][TRACE][org.elasticsearch.indices.breaker.request] [request] Adjusted breaker by [16440] bytes, now [16440]
[2016-03-30 13:54:42,589][TRACE][org.elasticsearch.indices.breaker.request] [request] Adjusted breaker by [16440] bytes, now [16440]
[2016-03-30 13:54:42,589][TRACE][org.elasticsearch.indices.breaker.request] [request] Adjusted breaker by [-16440] bytes, now [0]
[2016-03-30 13:54:42,589][TRACE][org.elasticsearch.indices.breaker.request] [request] Adjusted breaker by [-16440] bytes, now [0]
[2016-03-30 13:54:42,590][TRACE][org.elasticsearch.indices.breaker.request] [request] Adjusted breaker by [16440] bytes, now [16440]
[2016-03-30 13:54:42,590][TRACE][org.elasticsearch.indices.breaker.request] [request] Adjusted breaker by [-16440] bytes, now [0]
[2016-03-30 13:54:42,591][TRACE][org.elasticsearch.indices.breaker.request] [request] Adjusted breaker by [16440] bytes, now [16440]
[2016-03-30 13:54:42,591][TRACE][org.elasticsearch.indices.breaker.request] [request] Adjusted breaker by [-16440] bytes, now [0]
[2016-03-30 13:54:42,595][TRACE][org.elasticsearch.indices.breaker.request] [request] Adjusted breaker by [16440] bytes, now [16440]
[2016-03-30 13:54:42,595][TRACE][org.elasticsearch.indices.breaker.request] [request] Adjusted breaker by [-16440] bytes, now [0]
[2016-03-30 13:54:42,595][TRACE][org.elasticsearch.indices.breaker.request] [request] Adjusted breaker by [16440] bytes, now [16440]
[2016-03-30 13:54:42,595][TRACE][org.elasticsearch.indices.breaker.request] [request] Adjusted breaker by [-16440] bytes, now [0]
[2016-03-30 13:54:42,596][TRACE][org.elasticsearch.indices] [node_s1] [test][9] warming [MultiReader(FilterLeafReader(_0(5.4.0):c93) FilterLeafReader(_1(5.4.0):c16))]
[2016-03-30 13:54:42,597][TRACE][org.elasticsearch.indices] [node_s1] [test][9] top warming [ElasticsearchDirectoryReader(FilterLeafReader(_0(5.4.0):c93) FilterLeafReader(_1(5.4.0):c16))]
[2016-03-30 13:54:42,597][TRACE][org.elasticsearch.indices.breaker.request] [request] Adjusted breaker by [16440] bytes, now [16440]
[2016-03-30 13:54:42,597][TRACE][org.elasticsearch.indices.breaker.request] [request] Adjusted breaker by [16440] bytes, now [16440]
[2016-03-30 13:54:42,597][TRACE][org.elasticsearch.indices.breaker.request] [request] Adjusted breaker by [-16440] bytes, now [0]
[2016-03-30 13:54:42,597][TRACE][org.elasticsearch.indices.breaker.request] [request] Adjusted breaker by [-16440] bytes, now [0]
[2016-03-30 13:54:42,599][TRACE][org.elasticsearch.indices.breaker.request] [request] Adjusted breaker by [16440] bytes, now [16440]
[2016-03-30 13:54:42,599][TRACE][org.elasticsearch.indices.breaker.request] [request] Adjusted breaker by [16440] bytes, now [16440]
[2016-03-30 13:54:42,600][TRACE][org.elasticsearch.indices.breaker.request] [request] Adjusted breaker by [-16440] bytes, now [0]
[2016-03-30 13:54:42,599][TRACE][org.elasticsearch.indices.breaker.request] [request] Adjusted breaker by [-16440] bytes, now [0]
[2016-03-30 13:54:42,602][TRACE][org.elasticsearch.indices.breaker.request] [request] Adjusted breaker by [16440] bytes, now [16440]
[2016-03-30 13:54:42,602][TRACE][org.elasticsearch.indices.breaker.request] [request] Adjusted breaker by [16440] bytes, now [16440]
[2016-03-30 13:54:42,602][TRACE][org.elasticsearch.indices.breaker.request] [request] Adjusted breaker by [-16440] bytes, now [0]
[2016-03-30 13:54:42,602][TRACE][org.elasticsearch.indices.breaker.request] [request] Adjusted breaker by [-16440] bytes, now [0]
[2016-03-30 13:54:42,608][TRACE][org.elasticsearch.indices.flush] [node_s1] [test][9] pre sync flush done. commit id VK1nW4wmURky6W22z8htAA==
[2016-03-30 13:54:42,609][TRACE][org.elasticsearch.indices.breaker.request] [request] Adjusted breaker by [16440] bytes, now [16440]
[2016-03-30 13:54:42,609][TRACE][org.elasticsearch.indices.flush] [node_s1] [test][0] performing sync flush. sync id [AVPJTn26cuDhFsMJAmJ8], expected commit id VK1nW4wmURky6W22z8hskA==
[2016-03-30 13:54:42,609][TRACE][org.elasticsearch.indices.breaker.request] [request] Adjusted breaker by [-16440] bytes, now [0]
[2016-03-30 13:54:42,609][TRACE][org.elasticsearch.indices.breaker.request] [request] Adjusted breaker by [16440] bytes, now [16440]
[2016-03-30 13:54:42,609][TRACE][org.elasticsearch.indices.breaker.request] [request] Adjusted breaker by [-16440] bytes, now [0]
[2016-03-30 13:54:42,612][TRACE][org.elasticsearch.indices.breaker.request] [request] Adjusted breaker by [16440] bytes, now [16440]
[2016-03-30 13:54:42,613][TRACE][org.elasticsearch.indices.breaker.request] [request] Adjusted breaker by [-16440] bytes, now [0]
[2016-03-30 13:54:42,613][TRACE][org.elasticsearch.indices.breaker.request] [request] Adjusted breaker by [16440] bytes, now [16440]
[2016-03-30 13:54:42,613][TRACE][org.elasticsearch.indices.breaker.request] [request] Adjusted breaker by [-16440] bytes, now [0]
[2016-03-30 13:54:42,614][TRACE][org.elasticsearch.indices.flush] [node_s1] [test][0] sync flush done. sync id [AVPJTn26cuDhFsMJAmJ8], result [PENDING_OPERATIONS]
[2016-03-30 13:54:42,617][TRACE][org.elasticsearch.indices.breaker.request] [request] Adjusted breaker by [16440] bytes, now [16440]
[2016-03-30 13:54:42,617][TRACE][org.elasticsearch.indices.breaker.request] [request] Adjusted breaker by [-16440] bytes, now [0]
[2016-03-30 13:54:42,618][TRACE][org.elasticsearch.indices.flush] [node_s1] [test][1] performing sync flush. sync id [AVPJTn7UcuDhFsMJAmKQ], expected commit id VK1nW4wmURky6W22z8hssg==
[2016-03-30 13:54:42,618][TRACE][org.elasticsearch.indices.flush] [node_s1] [test][1] sync flush done. sync id [AVPJTn7UcuDhFsMJAmKQ], result [PENDING_OPERATIONS]
[2016-03-30 13:54:42,618][TRACE][org.elasticsearch.indices.breaker.request] [request] Adjusted breaker by [16440] bytes, now [16440]
[2016-03-30 13:54:42,618][TRACE][org.elasticsearch.indices.breaker.request] [request] Adjusted breaker by [-16440] bytes, now [0]
[2016-03-30 13:54:42,628][TRACE][org.elasticsearch.indices.flush] [node_s1] [test][2] performing sync flush. sync id [AVPJToF0cuDhFsMJAmMD], expected commit id VK1nW4wmURky6W22z8hsxA==
[2016-03-30 13:54:42,628][TRACE][org.elasticsearch.indices.flush] [node_s1] [test][2] sync flush done. sync id [AVPJToF0cuDhFsMJAmMD], result [PENDING_OPERATIONS]
[2016-03-30 13:54:42,628][TRACE][org.elasticsearch.indices.breaker.request] [request] Adjusted breaker by [16440] bytes, now [16440]
[2016-03-30 13:54:42,629][TRACE][org.elasticsearch.indices.breaker.request] [request] Adjusted breaker by [-16440] bytes, now [0]
[2016-03-30 13:54:42,628][TRACE][org.elasticsearch.indices.breaker.request] [request] Adjusted breaker by [16440] bytes, now [16440]
[2016-03-30 13:54:42,629][TRACE][org.elasticsearch.indices.breaker.request] [request] Adjusted breaker by [-16440] bytes, now [0]
[2016-03-30 13:54:42,630][TRACE][org.elasticsearch.indices.breaker.request] [request] Adjusted breaker by [16440] bytes, now [16440]
[2016-03-30 13:54:42,630][TRACE][org.elasticsearch.indices.breaker.request] [request] Adjusted breaker by [16440] bytes, now [16440]
[2016-03-30 13:54:42,631][TRACE][org.elasticsearch.indices.breaker.request] [request] Adjusted breaker by [-16440] bytes, now [0]
[2016-03-30 13:54:42,631][TRACE][org.elasticsearch.indices.breaker.request] [request] Adjusted breaker by [-16440] bytes, now [0]
[2016-03-30 13:54:42,632][TRACE][org.elasticsearch.indices.breaker.request] [request] Adjusted breaker by [16440] bytes, now [16440]
[2016-03-30 13:54:42,632][TRACE][org.elasticsearch.indices.breaker.request] [request] Adjusted breaker by [-16440] bytes, now [0]
[2016-03-30 13:54:42,633][TRACE][org.elasticsearch.indices.breaker.request] [request] Adjusted breaker by [16440] bytes, now [16440]
[2016-03-30 13:54:42,633][TRACE][org.elasticsearch.indices.flush] [node_s1] [test][3] performing sync flush. sync id [AVPJToPRcuDhFsMJAmN_], expected commit id VK1nW4wmURky6W22z8hszA==
[2016-03-30 13:54:42,633][TRACE][org.elasticsearch.indices.flush] [node_s1] [test][3] sync flush done. sync id [AVPJToPRcuDhFsMJAmN_], result [PENDING_OPERATIONS]
[2016-03-30 13:54:42,633][TRACE][org.elasticsearch.indices.breaker.request] [request] Adjusted breaker by [-16440] bytes, now [0]
[2016-03-30 13:54:42,633][TRACE][org.elasticsearch.indices.flush] [node_s1] [test][4] performing sync flush. sync id [AVPJToYRcuDhFsMJAmQS], expected commit id VK1nW4wmURky6W22z8hs0w==
[2016-03-30 13:54:42,633][TRACE][org.elasticsearch.indices.flush] [node_s1] [test][4] sync flush done. sync id [AVPJToYRcuDhFsMJAmQS], result [PENDING_OPERATIONS]
[2016-03-30 13:54:42,633][TRACE][org.elasticsearch.indices.flush] [node_s1] [test][5] performing sync flush. sync id [AVPJTojLcuDhFsMJAmS3], expected commit id VK1nW4wmURky6W22z8hs3A==
[2016-03-30 13:54:42,633][TRACE][org.elasticsearch.indices.flush] [node_s1] [test][5] sync flush done. sync id [AVPJTojLcuDhFsMJAmS3], result [PENDING_OPERATIONS]
[2016-03-30 13:54:42,633][TRACE][org.elasticsearch.indices.flush] [node_s1] [test][6] performing sync flush. sync id [AVPJToq8cuDhFsMJAmU_], expected commit id VK1nW4wmURky6W22z8hs5Q==
[2016-03-30 13:54:42,633][TRACE][org.elasticsearch.indices.flush] [node_s1] [test][6] sync flush done. sync id [AVPJToq8cuDhFsMJAmU_], result [PENDING_OPERATIONS]
[2016-03-30 13:54:42,633][TRACE][org.elasticsearch.indices.flush] [node_s1] [test][7] performing sync flush. sync id [AVPJToy5cuDhFsMJAmXV], expected commit id VK1nW4wmURky6W22z8hs7g==
[2016-03-30 13:54:42,634][TRACE][org.elasticsearch.indices.flush] [node_s1] [test][7] sync flush done. sync id [AVPJToy5cuDhFsMJAmXV], result [PENDING_OPERATIONS]
[2016-03-30 13:54:42,638][TRACE][org.elasticsearch.indices.breaker.request] [request] Adjusted breaker by [16440] bytes, now [16440]
[2016-03-30 13:54:42,639][TRACE][org.elasticsearch.indices.breaker.request] [request] Adjusted breaker by [-16440] bytes, now [0]
[2016-03-30 13:54:42,638][TRACE][org.elasticsearch.indices.breaker.request] [request] Adjusted breaker by [16440] bytes, now [16440]
[2016-03-30 13:54:42,639][TRACE][org.elasticsearch.indices.breaker.request] [request] Adjusted breaker by [-16440] bytes, now [0]
[2016-03-30 13:54:42,640][TRACE][org.elasticsearch.indices] [node_s3] [test][9] warming [MultiReader(FilterLeafReader(_0(5.4.0):c93) FilterLeafReader(_1(5.4.0):c17))]
[2016-03-30 13:54:42,640][TRACE][org.elasticsearch.indices] [node_s3] [test][9] top warming [ElasticsearchDirectoryReader(FilterLeafReader(_0(5.4.0):c93) FilterLeafReader(_1(5.4.0):c17))]
[2016-03-30 13:54:42,641][TRACE][org.elasticsearch.indices.breaker.request] [request] Adjusted breaker by [16440] bytes, now [16440]
[2016-03-30 13:54:42,641][TRACE][org.elasticsearch.indices.breaker.request] [request] Adjusted breaker by [16440] bytes, now [16440]
[2016-03-30 13:54:42,641][TRACE][org.elasticsearch.indices.breaker.request] [request] Adjusted breaker by [-16440] bytes, now [0]
[2016-03-30 13:54:42,641][TRACE][org.elasticsearch.indices.breaker.request] [request] Adjusted breaker by [-16440] bytes, now [0]
[2016-03-30 13:54:42,644][TRACE][org.elasticsearch.indices.breaker.request] [request] Adjusted breaker by [16440] bytes, now [16440]
[2016-03-30 13:54:42,644][TRACE][org.elasticsearch.indices.breaker.request] [request] Adjusted breaker by [16440] bytes, now [16440]
[2016-03-30 13:54:42,644][TRACE][org.elasticsearch.indices.breaker.request] [request] Adjusted breaker by [-16440] bytes, now [0]
[2016-03-30 13:54:42,644][TRACE][org.elasticsearch.indices.breaker.request] [request] Adjusted breaker by [-16440] bytes, now [0]
[2016-03-30 13:54:42,645][TRACE][org.elasticsearch.indices.breaker.request] [request] Adjusted breaker by [16440] bytes, now [16440]
[2016-03-30 13:54:42,645][TRACE][org.elasticsearch.indices.breaker.request] [request] Adjusted breaker by [-16440] bytes, now [0]
[2016-03-30 13:54:42,645][TRACE][org.elasticsearch.indices.flush] [node_s3] [test][9] pre sync flush done. commit id VK1nW4wmURky6W22z8htAQ==
[2016-03-30 13:54:42,645][TRACE][org.elasticsearch.indices.flush] [node_s3] [test][0] performing sync flush. sync id [AVPJTn26cuDhFsMJAmJ8], expected commit id VK1nW4wmURky6W22z8hshg==
[2016-03-30 13:54:42,646][TRACE][org.elasticsearch.indices.flush] [node_s3] [test][0] sync flush done. sync id [AVPJTn26cuDhFsMJAmJ8], result [PENDING_OPERATIONS]
[2016-03-30 13:54:42,646][TRACE][org.elasticsearch.indices.flush] [node_s3] [test][1] performing sync flush. sync id [AVPJTn7UcuDhFsMJAmKQ], expected commit id VK1nW4wmURky6W22z8hssw==
[2016-03-30 13:54:42,646][TRACE][org.elasticsearch.indices.breaker.request] [request] Adjusted breaker by [16440] bytes, now [16440]
[2016-03-30 13:54:42,646][TRACE][org.elasticsearch.indices.flush] [node_s3] [test][1] sync flush done. sync id [AVPJTn7UcuDhFsMJAmKQ], result [PENDING_OPERATIONS]
[2016-03-30 13:54:42,646][TRACE][org.elasticsearch.indices.breaker.request] [request] Adjusted breaker by [-16440] bytes, now [0]
[2016-03-30 13:54:42,647][TRACE][org.elasticsearch.indices.breaker.request] [request] Adjusted breaker by [16440] bytes, now [16440]
[2016-03-30 13:54:42,647][TRACE][org.elasticsearch.indices.breaker.request] [request] Adjusted breaker by [-16440] bytes, now [0]
[2016-03-30 13:54:42,648][TRACE][org.elasticsearch.indices.breaker.request] [request] Adjusted breaker by [16440] bytes, now [16440]
[2016-03-30 13:54:42,648][TRACE][org.elasticsearch.indices.breaker.request] [request] Adjusted breaker by [-16440] bytes, now [0]
[2016-03-30 13:54:42,655][TRACE][org.elasticsearch.indices.flush] [node_s3] [test][2] performing sync flush. sync id [AVPJToF0cuDhFsMJAmMD], expected commit id VK1nW4wmURky6W22z8hsww==
[2016-03-30 13:54:42,655][TRACE][org.elasticsearch.indices.flush] [node_s3] [test][2] sync flush done. sync id [AVPJToF0cuDhFsMJAmMD], result [PENDING_OPERATIONS]
[2016-03-30 13:54:42,657][TRACE][org.elasticsearch.indices] [node_s0] [test][8] warming [MultiReader(FilterLeafReader(_0(5.4.0):c68) FilterLeafReader(_1(5.4.0):c12))]
[2016-03-30 13:54:42,657][TRACE][org.elasticsearch.indices] [node_s0] [test][8] top warming [ElasticsearchDirectoryReader(FilterLeafReader(_0(5.4.0):c68) FilterLeafReader(_1(5.4.0):c12))]
[2016-03-30 13:54:42,659][TRACE][org.elasticsearch.indices.breaker.request] [request] Adjusted breaker by [16440] bytes, now [16440]
[2016-03-30 13:54:42,659][TRACE][org.elasticsearch.indices.breaker.request] [request] Adjusted breaker by [16440] bytes, now [16440]
[2016-03-30 13:54:42,659][TRACE][org.elasticsearch.indices.breaker.request] [request] Adjusted breaker by [-16440] bytes, now [0]
[2016-03-30 13:54:42,659][TRACE][org.elasticsearch.indices.breaker.request] [request] Adjusted breaker by [-16440] bytes, now [0]
[2016-03-30 13:54:42,661][TRACE][org.elasticsearch.indices.flush] [node_s3] [test][3] performing sync flush. sync id [AVPJToPRcuDhFsMJAmN_], expected commit id VK1nW4wmURky6W22z8hsyw==
[2016-03-30 13:54:42,661][TRACE][org.elasticsearch.indices.flush] [node_s3] [test][3] sync flush done. sync id [AVPJToPRcuDhFsMJAmN_], result [PENDING_OPERATIONS]
[2016-03-30 13:54:42,661][TRACE][org.elasticsearch.indices.flush] [node_s3] [test][4] performing sync flush. sync id [AVPJToYRcuDhFsMJAmQS], expected commit id VK1nW4wmURky6W22z8hs1g==
[2016-03-30 13:54:42,661][TRACE][org.elasticsearch.indices.flush] [node_s3] [test][4] sync flush done. sync id [AVPJToYRcuDhFsMJAmQS], result [PENDING_OPERATIONS]
[2016-03-30 13:54:42,661][TRACE][org.elasticsearch.indices.flush] [node_s3] [test][5] performing sync flush. sync id [AVPJTojLcuDhFsMJAmS3], expected commit id VK1nW4wmURky6W22z8hs3g==
[2016-03-30 13:54:42,661][TRACE][org.elasticsearch.indices.flush] [node_s3] [test][5] sync flush done. sync id [AVPJTojLcuDhFsMJAmS3], result [PENDING_OPERATIONS]
[2016-03-30 13:54:42,662][TRACE][org.elasticsearch.indices.flush] [node_s3] [test][6] performing sync flush. sync id [AVPJToq8cuDhFsMJAmU_], expected commit id VK1nW4wmURky6W22z8hs5w==
[2016-03-30 13:54:42,662][TRACE][org.elasticsearch.indices.flush] [node_s3] [test][6] sync flush done. sync id [AVPJToq8cuDhFsMJAmU_], result [PENDING_OPERATIONS]
[2016-03-30 13:54:42,662][TRACE][org.elasticsearch.indices.flush] [node_s3] [test][7] performing sync flush. sync id [AVPJToy5cuDhFsMJAmXV], expected commit id VK1nW4wmURky6W22z8hs7w==
[2016-03-30 13:54:42,662][TRACE][org.elasticsearch.indices.flush] [node_s3] [test][7] sync flush done. sync id [AVPJToy5cuDhFsMJAmXV], result [PENDING_OPERATIONS]
[2016-03-30 13:54:42,662][TRACE][org.elasticsearch.indices.breaker.request] [request] Adjusted breaker by [16440] bytes, now [16440]
[2016-03-30 13:54:42,663][TRACE][org.elasticsearch.indices.breaker.request] [request] Adjusted breaker by [-16440] bytes, now [0]
[2016-03-30 13:54:42,663][TRACE][org.elasticsearch.indices.breaker.request] [request] Adjusted breaker by [16440] bytes, now [16440]
[2016-03-30 13:54:42,663][TRACE][org.elasticsearch.indices.breaker.request] [request] Adjusted breaker by [-16440] bytes, now [0]
[2016-03-30 13:54:42,673][TRACE][org.elasticsearch.indices.flush] [node_s0] [test][8] pre sync flush done. commit id VK1nW4wmURky6W22z8htBA==
[2016-03-30 13:54:42,673][TRACE][org.elasticsearch.indices.flush] [node_s0] [test][8] retrieving in flight operation count
[2016-03-30 13:54:42,673][TRACE][org.elasticsearch.indices.flush] [node_s0] [test][9] performing pre sync flush
[2016-03-30 13:54:42,674][TRACE][org.elasticsearch.indices.flush] [node_s1] [test][8] in flight operations sampled at [1]
[2016-03-30 13:54:42,674][TRACE][org.elasticsearch.indices.breaker.request] [request] Adjusted breaker by [16440] bytes, now [16440]
[2016-03-30 13:54:42,674][TRACE][org.elasticsearch.indices.breaker.request] [request] Adjusted breaker by [-16440] bytes, now [0]
[2016-03-30 13:54:42,675][TRACE][org.elasticsearch.indices.breaker.request] [request] Adjusted breaker by [16440] bytes, now [16440]
[2016-03-30 13:54:42,675][TRACE][org.elasticsearch.indices.breaker.request] [request] Adjusted breaker by [-16440] bytes, now [0]
[2016-03-30 13:54:42,676][TRACE][org.elasticsearch.indices.breaker.request] [request] Adjusted breaker by [16440] bytes, now [16440]
[2016-03-30 13:54:42,676][TRACE][org.elasticsearch.indices.breaker.request] [request] Adjusted breaker by [-16440] bytes, now [0]
[2016-03-30 13:54:42,677][TRACE][org.elasticsearch.indices.breaker.request] [request] Adjusted breaker by [16440] bytes, now [16440]
[2016-03-30 13:54:42,677][TRACE][org.elasticsearch.indices.breaker.request] [request] Adjusted breaker by [-16440] bytes, now [0]
[2016-03-30 13:54:42,678][TRACE][org.elasticsearch.indices.breaker.request] [request] Adjusted breaker by [16440] bytes, now [16440]
[2016-03-30 13:54:42,678][TRACE][org.elasticsearch.indices.breaker.request] [request] Adjusted breaker by [-16440] bytes, now [0]
[2016-03-30 13:54:42,679][TRACE][org.elasticsearch.indices.breaker.request] [request] Adjusted breaker by [16440] bytes, now [16440]
[2016-03-30 13:54:42,679][TRACE][org.elasticsearch.indices.breaker.request] [request] Adjusted breaker by [-16440] bytes, now [0]
[2016-03-30 13:54:42,680][TRACE][org.elasticsearch.indices.breaker.request] [request] Adjusted breaker by [16440] bytes, now [16440]
[2016-03-30 13:54:42,681][TRACE][org.elasticsearch.indices.breaker.request] [request] Adjusted breaker by [-16440] bytes, now [0]
[2016-03-30 13:54:42,681][TRACE][org.elasticsearch.indices.breaker.request] [request] Adjusted breaker by [16440] bytes, now [16440]
[2016-03-30 13:54:42,681][TRACE][org.elasticsearch.indices.breaker.request] [request] Adjusted breaker by [-16440] bytes, now [0]
[2016-03-30 13:54:42,682][TRACE][org.elasticsearch.indices.breaker.request] [request] Adjusted breaker by [16440] bytes, now [16440]
[2016-03-30 13:54:42,683][TRACE][org.elasticsearch.indices.breaker.request] [request] Adjusted breaker by [-16440] bytes, now [0]
[2016-03-30 13:54:42,683][TRACE][org.elasticsearch.indices.breaker.request] [request] Adjusted breaker by [16440] bytes, now [16440]
[2016-03-30 13:54:42,683][TRACE][org.elasticsearch.indices.breaker.request] [request] Adjusted breaker by [-16440] bytes, now [0]
[2016-03-30 13:54:42,684][TRACE][org.elasticsearch.indices.breaker.request] [request] Adjusted breaker by [16440] bytes, now [16440]
[2016-03-30 13:54:42,684][TRACE][org.elasticsearch.indices.breaker.request] [request] Adjusted breaker by [-16440] bytes, now [0]
[2016-03-30 13:54:42,685][TRACE][org.elasticsearch.indices.breaker.request] [request] Adjusted breaker by [16440] bytes, now [16440]
[2016-03-30 13:54:42,685][TRACE][org.elasticsearch.indices.breaker.request] [request] Adjusted breaker by [-16440] bytes, now [0]
[2016-03-30 13:54:42,686][TRACE][org.elasticsearch.indices.breaker.request] [request] Adjusted breaker by [16440] bytes, now [16440]
[2016-03-30 13:54:42,686][TRACE][org.elasticsearch.indices.breaker.request] [request] Adjusted breaker by [-16440] bytes, now [0]
[2016-03-30 13:54:42,686][TRACE][org.elasticsearch.indices.breaker.request] [request] Adjusted breaker by [16440] bytes, now [16440]
[2016-03-30 13:54:42,687][TRACE][org.elasticsearch.indices.breaker.request] [request] Adjusted breaker by [-16440] bytes, now [0]
[2016-03-30 13:54:42,689][TRACE][org.elasticsearch.indices.breaker.request] [request] Adjusted breaker by [16440] bytes, now [16440]
[2016-03-30 13:54:42,689][TRACE][org.elasticsearch.indices.breaker.request] [request] Adjusted breaker by [-16440] bytes, now [0]
[2016-03-30 13:54:42,690][TRACE][org.elasticsearch.indices.breaker.request] [request] Adjusted breaker by [16440] bytes, now [16440]
[2016-03-30 13:54:42,690][TRACE][org.elasticsearch.indices.breaker.request] [request] Adjusted breaker by [-16440] bytes, now [0]
[2016-03-30 13:54:42,693][TRACE][org.elasticsearch.indices.breaker.request] [request] Adjusted breaker by [16440] bytes, now [16440]
[2016-03-30 13:54:42,693][TRACE][org.elasticsearch.indices.breaker.request] [request] Adjusted breaker by [-16440] bytes, now [0]
[2016-03-30 13:54:42,694][TRACE][org.elasticsearch.indices.breaker.request] [request] Adjusted breaker by [16440] bytes, now [16440]
[2016-03-30 13:54:42,694][TRACE][org.elasticsearch.indices.breaker.request] [request] Adjusted breaker by [-16440] bytes, now [0]
[2016-03-30 13:54:42,696][TRACE][org.elasticsearch.indices.breaker.request] [request] Adjusted breaker by [16440] bytes, now [16440]
[2016-03-30 13:54:42,696][TRACE][org.elasticsearch.indices.breaker.request] [request] Adjusted breaker by [16440] bytes, now [16440]
[2016-03-30 13:54:42,696][TRACE][org.elasticsearch.indices.breaker.request] [request] Adjusted breaker by [-16440] bytes, now [0]
[2016-03-30 13:54:42,696][TRACE][org.elasticsearch.indices.breaker.request] [request] Adjusted breaker by [-16440] bytes, now [0]
[2016-03-30 13:54:42,697][TRACE][org.elasticsearch.indices.breaker.request] [request] Adjusted breaker by [16440] bytes, now [16440]
[2016-03-30 13:54:42,697][TRACE][org.elasticsearch.indices.breaker.request] [request] Adjusted breaker by [-16440] bytes, now [0]
[2016-03-30 13:54:42,697][TRACE][org.elasticsearch.indices.breaker.request] [request] Adjusted breaker by [16440] bytes, now [16440]
[2016-03-30 13:54:42,698][TRACE][org.elasticsearch.indices.breaker.request] [request] Adjusted breaker by [-16440] bytes, now [0]
[2016-03-30 13:54:42,700][TRACE][org.elasticsearch.indices.breaker.request] [request] Adjusted breaker by [16440] bytes, now [16440]
[2016-03-30 13:54:42,700][TRACE][org.elasticsearch.indices.breaker.request] [request] Adjusted breaker by [-16440] bytes, now [0]
[2016-03-30 13:54:42,701][TRACE][org.elasticsearch.indices.breaker.request] [request] Adjusted breaker by [16440] bytes, now [16440]
[2016-03-30 13:54:42,701][TRACE][org.elasticsearch.indices.breaker.request] [request] Adjusted breaker by [-16440] bytes, now [0]
[2016-03-30 13:54:42,715][TRACE][org.elasticsearch.indices.breaker.request] [request] Adjusted breaker by [16440] bytes, now [16440]
[2016-03-30 13:54:42,715][TRACE][org.elasticsearch.indices.breaker.request] [request] Adjusted breaker by [-16440] bytes, now [0]
[2016-03-30 13:54:42,716][TRACE][org.elasticsearch.indices.breaker.request] [request] Adjusted breaker by [16440] bytes, now [16440]
[2016-03-30 13:54:42,716][TRACE][org.elasticsearch.indices.breaker.request] [request] Adjusted breaker by [-16440] bytes, now [0]
[2016-03-30 13:54:42,718][TRACE][org.elasticsearch.indices.breaker.request] [request] Adjusted breaker by [16440] bytes, now [16440]
[2016-03-30 13:54:42,718][TRACE][org.elasticsearch.indices.breaker.request] [request] Adjusted breaker by [16440] bytes, now [16440]
[2016-03-30 13:54:42,718][TRACE][org.elasticsearch.indices.breaker.request] [request] Adjusted breaker by [-16440] bytes, now [0]
[2016-03-30 13:54:42,718][TRACE][org.elasticsearch.indices.breaker.request] [request] Adjusted breaker by [-16440] bytes, now [0]
[2016-03-30 13:54:42,720][TRACE][org.elasticsearch.indices.breaker.request] [request] Adjusted breaker by [16440] bytes, now [16440]
[2016-03-30 13:54:42,720][TRACE][org.elasticsearch.indices.breaker.request] [request] Adjusted breaker by [16440] bytes, now [16440]
[2016-03-30 13:54:42,720][TRACE][org.elasticsearch.indices.breaker.request] [request] Adjusted breaker by [-16440] bytes, now [0]
[2016-03-30 13:54:42,720][TRACE][org.elasticsearch.indices.breaker.request] [request] Adjusted breaker by [-16440] bytes, now [0]
[2016-03-30 13:54:42,721][TRACE][org.elasticsearch.indices.breaker.request] [request] Adjusted breaker by [16440] bytes, now [16440]
[2016-03-30 13:54:42,721][TRACE][org.elasticsearch.indices.breaker.request] [request] Adjusted breaker by [-16440] bytes, now [0]
[2016-03-30 13:54:42,722][TRACE][org.elasticsearch.indices.breaker.request] [request] Adjusted breaker by [16440] bytes, now [16440]
[2016-03-30 13:54:42,722][TRACE][org.elasticsearch.indices.breaker.request] [request] Adjusted breaker by [-16440] bytes, now [0]
[2016-03-30 13:54:42,724][TRACE][org.elasticsearch.indices.breaker.request] [request] Adjusted breaker by [16440] bytes, now [16440]
[2016-03-30 13:54:42,724][TRACE][org.elasticsearch.indices.breaker.request] [request] Adjusted breaker by [16440] bytes, now [16440]
[2016-03-30 13:54:42,724][TRACE][org.elasticsearch.indices.breaker.request] [request] Adjusted breaker by [-16440] bytes, now [0]
[2016-03-30 13:54:42,724][TRACE][org.elasticsearch.indices.breaker.request] [request] Adjusted breaker by [-16440] bytes, now [0]
[2016-03-30 13:54:42,725][TRACE][org.elasticsearch.indices.breaker.request] [request] Adjusted breaker by [16440] bytes, now [16440]
[2016-03-30 13:54:42,725][TRACE][org.elasticsearch.indices.breaker.request] [request] Adjusted breaker by [-16440] bytes, now [0]
[2016-03-30 13:54:42,726][TRACE][org.elasticsearch.indices.breaker.request] [request] Adjusted breaker by [16440] bytes, now [16440]
[2016-03-30 13:54:42,726][TRACE][org.elasticsearch.indices.breaker.request] [request] Adjusted breaker by [-16440] bytes, now [0]
[2016-03-30 13:54:42,727][TRACE][org.elasticsearch.indices.breaker.request] [request] Adjusted breaker by [16440] bytes, now [16440]
[2016-03-30 13:54:42,727][TRACE][org.elasticsearch.indices.breaker.request] [request] Adjusted breaker by [-16440] bytes, now [0]
[2016-03-30 13:54:42,728][TRACE][org.elasticsearch.indices.breaker.request] [request] Adjusted breaker by [16440] bytes, now [16440]
[2016-03-30 13:54:42,728][TRACE][org.elasticsearch.indices.breaker.request] [request] Adjusted breaker by [-16440] bytes, now [0]
[2016-03-30 13:54:42,729][TRACE][org.elasticsearch.indices.breaker.request] [request] Adjusted breaker by [16440] bytes, now [16440]
[2016-03-30 13:54:42,729][TRACE][org.elasticsearch.indices.breaker.request] [request] Adjusted breaker by [16440] bytes, now [16440]
[2016-03-30 13:54:42,730][TRACE][org.elasticsearch.indices.breaker.request] [request] Adjusted breaker by [-16440] bytes, now [0]
[2016-03-30 13:54:42,729][TRACE][org.elasticsearch.indices.breaker.request] [request] Adjusted breaker by [-16440] bytes, now [0]
[2016-03-30 13:54:42,731][TRACE][org.elasticsearch.indices.breaker.request] [request] Adjusted breaker by [16440] bytes, now [16440]
[2016-03-30 13:54:42,732][TRACE][org.elasticsearch.indices.breaker.request] [request] Adjusted breaker by [-16440] bytes, now [0]
[2016-03-30 13:54:42,731][TRACE][org.elasticsearch.indices.breaker.request] [request] Adjusted breaker by [16440] bytes, now [16440]
[2016-03-30 13:54:42,732][TRACE][org.elasticsearch.indices.breaker.request] [request] Adjusted breaker by [-16440] bytes, now [0]
[2016-03-30 13:54:42,733][TRACE][org.elasticsearch.indices.breaker.request] [request] Adjusted breaker by [16440] bytes, now [16440]
[2016-03-30 13:54:42,733][TRACE][org.elasticsearch.indices.breaker.request] [request] Adjusted breaker by [-16440] bytes, now [0]
[2016-03-30 13:54:42,734][TRACE][org.elasticsearch.indices.breaker.request] [request] Adjusted breaker by [16440] bytes, now [16440]
[2016-03-30 13:54:42,734][TRACE][org.elasticsearch.indices.breaker.request] [request] Adjusted breaker by [-16440] bytes, now [0]
[2016-03-30 13:54:42,735][TRACE][org.elasticsearch.indices.breaker.request] [request] Adjusted breaker by [16440] bytes, now [16440]
[2016-03-30 13:54:42,735][TRACE][org.elasticsearch.indices.breaker.request] [request] Adjusted breaker by [-16440] bytes, now [0]
[2016-03-30 13:54:42,736][TRACE][org.elasticsearch.indices.breaker.request] [request] Adjusted breaker by [16440] bytes, now [16440]
[2016-03-30 13:54:42,736][TRACE][org.elasticsearch.indices.breaker.request] [request] Adjusted breaker by [-16440] bytes, now [0]
[2016-03-30 13:54:42,737][TRACE][org.elasticsearch.indices.breaker.request] [request] Adjusted breaker by [16440] bytes, now [16440]
[2016-03-30 13:54:42,737][TRACE][org.elasticsearch.indices.breaker.request] [request] Adjusted breaker by [-16440] bytes, now [0]
[2016-03-30 13:54:42,738][TRACE][org.elasticsearch.indices.breaker.request] [request] Adjusted breaker by [16440] bytes, now [16440]
[2016-03-30 13:54:42,738][TRACE][org.elasticsearch.indices.breaker.request] [request] Adjusted breaker by [-16440] bytes, now [0]
[2016-03-30 13:54:42,739][TRACE][org.elasticsearch.indices.breaker.request] [request] Adjusted breaker by [16440] bytes, now [16440]
[2016-03-30 13:54:42,739][TRACE][org.elasticsearch.indices.breaker.request] [request] Adjusted breaker by [-16440] bytes, now [0]
[2016-03-30 13:54:42,739][TRACE][org.elasticsearch.indices.breaker.request] [request] Adjusted breaker by [16440] bytes, now [16440]
[2016-03-30 13:54:42,740][TRACE][org.elasticsearch.indices.breaker.request] [request] Adjusted breaker by [-16440] bytes, now [0]
[2016-03-30 13:54:42,741][TRACE][org.elasticsearch.indices.breaker.request] [request] Adjusted breaker by [16440] bytes, now [16440]
[2016-03-30 13:54:42,741][TRACE][org.elasticsearch.indices.breaker.request] [request] Adjusted breaker by [16440] bytes, now [16440]
[2016-03-30 13:54:42,741][TRACE][org.elasticsearch.indices.breaker.request] [request] Adjusted breaker by [-16440] bytes, now [0]
[2016-03-30 13:54:42,741][TRACE][org.elasticsearch.indices.breaker.request] [request] Adjusted breaker by [-16440] bytes, now [0]
[2016-03-30 13:54:42,742][TRACE][org.elasticsearch.indices.breaker.request] [request] Adjusted breaker by [16440] bytes, now [16440]
[2016-03-30 13:54:42,742][TRACE][org.elasticsearch.indices.breaker.request] [request] Adjusted breaker by [-16440] bytes, now [0]
[2016-03-30 13:54:42,743][TRACE][org.elasticsearch.indices.breaker.request] [request] Adjusted breaker by [16440] bytes, now [16440]
[2016-03-30 13:54:42,743][TRACE][org.elasticsearch.indices.breaker.request] [request] Adjusted breaker by [-16440] bytes, now [0]
[2016-03-30 13:54:42,744][TRACE][org.elasticsearch.indices.breaker.request] [request] Adjusted breaker by [16440] bytes, now [16440]
[2016-03-30 13:54:42,744][TRACE][org.elasticsearch.indices.breaker.request] [request] Adjusted breaker by [-16440] bytes, now [0]
[2016-03-30 13:54:42,745][TRACE][org.elasticsearch.indices.breaker.request] [request] Adjusted breaker by [16440] bytes, now [16440]
[2016-03-30 13:54:42,745][TRACE][org.elasticsearch.indices.breaker.request] [request] Adjusted breaker by [-16440] bytes, now [0]
[2016-03-30 13:54:42,746][TRACE][org.elasticsearch.indices.breaker.request] [request] Adjusted breaker by [16440] bytes, now [16440]
[2016-03-30 13:54:42,746][TRACE][org.elasticsearch.indices.breaker.request] [request] Adjusted breaker by [-16440] bytes, now [0]
[2016-03-30 13:54:42,746][TRACE][org.elasticsearch.indices.breaker.request] [request] Adjusted breaker by [16440] bytes, now [16440]
[2016-03-30 13:54:42,747][TRACE][org.elasticsearch.indices.breaker.request] [request] Adjusted breaker by [-16440] bytes, now [0]
[2016-03-30 13:54:42,748][TRACE][org.elasticsearch.indices.breaker.request] [request] Adjusted breaker by [16440] bytes, now [16440]
[2016-03-30 13:54:42,748][TRACE][org.elasticsearch.indices.breaker.request] [request] Adjusted breaker by [16440] bytes, now [16440]
[2016-03-30 13:54:42,748][TRACE][org.elasticsearch.indices.breaker.request] [request] Adjusted breaker by [-16440] bytes, now [0]
[2016-03-30 13:54:42,748][TRACE][org.elasticsearch.indices.breaker.request] [request] Adjusted breaker by [-16440] bytes, now [0]
[2016-03-30 13:54:42,749][TRACE][org.elasticsearch.indices.breaker.request] [request] Adjusted breaker by [16440] bytes, now [16440]
[2016-03-30 13:54:42,750][TRACE][org.elasticsearch.indices.breaker.request] [request] Adjusted breaker by [-16440] bytes, now [0]
[2016-03-30 13:54:42,750][TRACE][org.elasticsearch.indices.breaker.request] [request] Adjusted breaker by [16440] bytes, now [16440]
[2016-03-30 13:54:42,750][TRACE][org.elasticsearch.indices.breaker.request] [request] Adjusted breaker by [-16440] bytes, now [0]
[2016-03-30 13:54:42,751][TRACE][org.elasticsearch.indices.breaker.request] [request] Adjusted breaker by [16440] bytes, now [16440]
[2016-03-30 13:54:42,751][TRACE][org.elasticsearch.indices.breaker.request] [request] Adjusted breaker by [-16440] bytes, now [0]
[2016-03-30 13:54:42,752][TRACE][org.elasticsearch.indices.breaker.request] [request] Adjusted breaker by [16440] bytes, now [16440]
[2016-03-30 13:54:42,752][TRACE][org.elasticsearch.indices.breaker.request] [request] Adjusted breaker by [-16440] bytes, now [0]
[2016-03-30 13:54:42,753][TRACE][org.elasticsearch.indices.breaker.request] [request] Adjusted breaker by [16440] bytes, now [16440]
[2016-03-30 13:54:42,753][TRACE][org.elasticsearch.indices.breaker.request] [request] Adjusted breaker by [-16440] bytes, now [0]
[2016-03-30 13:54:42,754][TRACE][org.elasticsearch.indices.breaker.request] [request] Adjusted breaker by [16440] bytes, now [16440]
[2016-03-30 13:54:42,754][TRACE][org.elasticsearch.indices.breaker.request] [request] Adjusted breaker by [-16440] bytes, now [0]
[2016-03-30 13:54:42,755][TRACE][org.elasticsearch.indices.breaker.request] [request] Adjusted breaker by [16440] bytes, now [16440]
[2016-03-30 13:54:42,755][TRACE][org.elasticsearch.indices.breaker.request] [request] Adjusted breaker by [-16440] bytes, now [0]
[2016-03-30 13:54:42,756][TRACE][org.elasticsearch.indices.breaker.request] [request] Adjusted breaker by [16440] bytes, now [16440]
[2016-03-30 13:54:42,756][TRACE][org.elasticsearch.indices.breaker.request] [request] Adjusted breaker by [-16440] bytes, now [0]
[2016-03-30 13:54:42,758][TRACE][org.elasticsearch.indices.breaker.request] [request] Adjusted breaker by [16440] bytes, now [16440]
[2016-03-30 13:54:42,758][TRACE][org.elasticsearch.indices.breaker.request] [request] Adjusted breaker by [-16440] bytes, now [0]
[2016-03-30 13:54:42,758][TRACE][org.elasticsearch.indices.breaker.request] [request] Adjusted breaker by [16440] bytes, now [16440]
[2016-03-30 13:54:42,758][TRACE][org.elasticsearch.indices.breaker.request] [request] Adjusted breaker by [-16440] bytes, now [0]
[2016-03-30 13:54:42,759][TRACE][org.elasticsearch.indices.breaker.request] [request] Adjusted breaker by [16440] bytes, now [16440]
[2016-03-30 13:54:42,759][TRACE][org.elasticsearch.indices.breaker.request] [request] Adjusted breaker by [-16440] bytes, now [0]
[2016-03-30 13:54:42,760][TRACE][org.elasticsearch.indices.breaker.request] [request] Adjusted breaker by [16440] bytes, now [16440]
[2016-03-30 13:54:42,760][TRACE][org.elasticsearch.indices.breaker.request] [request] Adjusted breaker by [-16440] bytes, now [0]
[2016-03-30 13:54:42,761][TRACE][org.elasticsearch.indices.breaker.request] [request] Adjusted breaker by [16440] bytes, now [16440]
[2016-03-30 13:54:42,761][TRACE][org.elasticsearch.indices.breaker.request] [request] Adjusted breaker by [-16440] bytes, now [0]
[2016-03-30 13:54:42,762][TRACE][org.elasticsearch.indices.breaker.request] [request] Adjusted breaker by [16440] bytes, now [16440]
[2016-03-30 13:54:42,762][TRACE][org.elasticsearch.indices.breaker.request] [request] Adjusted breaker by [-16440] bytes, now [0]
[2016-03-30 13:54:42,763][TRACE][org.elasticsearch.indices.breaker.request] [request] Adjusted breaker by [16440] bytes, now [16440]
[2016-03-30 13:54:42,763][TRACE][org.elasticsearch.indices.breaker.request] [request] Adjusted breaker by [-16440] bytes, now [0]
[2016-03-30 13:54:42,772][TRACE][org.elasticsearch.indices.breaker.request] [request] Adjusted breaker by [16440] bytes, now [16440]
[2016-03-30 13:54:42,772][TRACE][org.elasticsearch.indices.breaker.request] [request] Adjusted breaker by [-16440] bytes, now [0]
[2016-03-30 13:54:42,774][TRACE][org.elasticsearch.indices.breaker.request] [request] Adjusted breaker by [16440] bytes, now [16440]
[2016-03-30 13:54:42,774][TRACE][org.elasticsearch.indices.breaker.request] [request] Adjusted breaker by [-16440] bytes, now [0]
[2016-03-30 13:54:42,774][TRACE][org.elasticsearch.indices.breaker.request] [request] Adjusted breaker by [16440] bytes, now [16440]
[2016-03-30 13:54:42,774][TRACE][org.elasticsearch.indices.breaker.request] [request] Adjusted breaker by [-16440] bytes, now [0]
[2016-03-30 13:54:42,776][TRACE][org.elasticsearch.indices.breaker.request] [request] Adjusted breaker by [16440] bytes, now [16440]
[2016-03-30 13:54:42,776][TRACE][org.elasticsearch.indices.breaker.request] [request] Adjusted breaker by [16440] bytes, now [16440]
[2016-03-30 13:54:42,776][TRACE][org.elasticsearch.indices.breaker.request] [request] Adjusted breaker by [-16440] bytes, now [0]
[2016-03-30 13:54:42,776][TRACE][org.elasticsearch.indices.breaker.request] [request] Adjusted breaker by [-16440] bytes, now [0]
[2016-03-30 13:54:42,777][TRACE][org.elasticsearch.indices.breaker.request] [request] Adjusted breaker by [16440] bytes, now [16440]
[2016-03-30 13:54:42,778][TRACE][org.elasticsearch.indices.breaker.request] [request] Adjusted breaker by [-16440] bytes, now [0]
[2016-03-30 13:54:42,777][TRACE][org.elasticsearch.indices.breaker.request] [request] Adjusted breaker by [16440] bytes, now [16440]
[2016-03-30 13:54:42,778][TRACE][org.elasticsearch.indices.breaker.request] [request] Adjusted breaker by [-16440] bytes, now [0]
[2016-03-30 13:54:42,787][TRACE][org.elasticsearch.indices.breaker.request] [request] Adjusted breaker by [16440] bytes, now [16440]
[2016-03-30 13:54:42,787][TRACE][org.elasticsearch.indices.breaker.request] [request] Adjusted breaker by [-16440] bytes, now [0]
[2016-03-30 13:54:42,788][TRACE][org.elasticsearch.indices.breaker.request] [request] Adjusted breaker by [16440] bytes, now [16440]
[2016-03-30 13:54:42,788][TRACE][org.elasticsearch.indices.breaker.request] [request] Adjusted breaker by [-16440] bytes, now [0]
[2016-03-30 13:54:42,790][TRACE][org.elasticsearch.indices.breaker.request] [request] Adjusted breaker by [16440] bytes, now [16440]
[2016-03-30 13:54:42,790][TRACE][org.elasticsearch.indices.breaker.request] [request] Adjusted breaker by [-16440] bytes, now [0]
[2016-03-30 13:54:42,790][TRACE][org.elasticsearch.indices.breaker.request] [request] Adjusted breaker by [16440] bytes, now [16440]
[2016-03-30 13:54:42,790][TRACE][org.elasticsearch.indices.breaker.request] [request] Adjusted breaker by [-16440] bytes, now [0]
[2016-03-30 13:54:42,792][TRACE][org.elasticsearch.indices.breaker.request] [request] Adjusted breaker by [16440] bytes, now [16440]
[2016-03-30 13:54:42,792][TRACE][org.elasticsearch.indices.breaker.request] [request] Adjusted breaker by [-16440] bytes, now [0]
[2016-03-30 13:54:42,793][TRACE][org.elasticsearch.indices.breaker.request] [request] Adjusted breaker by [16440] bytes, now [16440]
[2016-03-30 13:54:42,793][TRACE][org.elasticsearch.indices.breaker.request] [request] Adjusted breaker by [-16440] bytes, now [0]
[2016-03-30 13:54:42,795][TRACE][org.elasticsearch.indices.breaker.request] [request] Adjusted breaker by [16440] bytes, now [16440]
[2016-03-30 13:54:42,795][TRACE][org.elasticsearch.indices.breaker.request] [request] Adjusted breaker by [16440] bytes, now [16440]
[2016-03-30 13:54:42,795][TRACE][org.elasticsearch.indices.breaker.request] [request] Adjusted breaker by [-16440] bytes, now [0]
[2016-03-30 13:54:42,795][TRACE][org.elasticsearch.indices.breaker.request] [request] Adjusted breaker by [-16440] bytes, now [0]
[2016-03-30 13:54:42,796][TRACE][org.elasticsearch.indices.breaker.request] [request] Adjusted breaker by [16440] bytes, now [16440]
[2016-03-30 13:54:42,796][TRACE][org.elasticsearch.indices.breaker.request] [request] Adjusted breaker by [-16440] bytes, now [0]
[2016-03-30 13:54:42,796][TRACE][org.elasticsearch.indices.breaker.request] [request] Adjusted breaker by [16440] bytes, now [16440]
[2016-03-30 13:54:42,796][TRACE][org.elasticsearch.indices.breaker.request] [request] Adjusted breaker by [-16440] bytes, now [0]
[2016-03-30 13:54:42,797][TRACE][org.elasticsearch.indices.breaker.request] [request] Adjusted breaker by [16440] bytes, now [16440]
[2016-03-30 13:54:42,797][TRACE][org.elasticsearch.indices.breaker.request] [request] Adjusted breaker by [-16440] bytes, now [0]
[2016-03-30 13:54:42,797][TRACE][org.elasticsearch.indices.breaker.request] [request] Adjusted breaker by [16440] bytes, now [16440]
[2016-03-30 13:54:42,798][TRACE][org.elasticsearch.indices.breaker.request] [request] Adjusted breaker by [-16440] bytes, now [0]
[2016-03-30 13:54:42,799][TRACE][org.elasticsearch.indices.breaker.request] [request] Adjusted breaker by [16440] bytes, now [16440]
[2016-03-30 13:54:42,799][TRACE][org.elasticsearch.indices.breaker.request] [request] Adjusted breaker by [-16440] bytes, now [0]
[2016-03-30 13:54:42,799][TRACE][org.elasticsearch.indices.breaker.request] [request] Adjusted breaker by [16440] bytes, now [16440]
[2016-03-30 13:54:42,800][TRACE][org.elasticsearch.indices.breaker.request] [request] Adjusted breaker by [-16440] bytes, now [0]
[2016-03-30 13:54:42,801][TRACE][org.elasticsearch.indices.breaker.request] [request] Adjusted breaker by [16440] bytes, now [16440]
[2016-03-30 13:54:42,801][TRACE][org.elasticsearch.indices.breaker.request] [request] Adjusted breaker by [-16440] bytes, now [0]
[2016-03-30 13:54:42,802][TRACE][org.elasticsearch.indices.breaker.request] [request] Adjusted breaker by [16440] bytes, now [16440]
[2016-03-30 13:54:42,802][TRACE][org.elasticsearch.indices.breaker.request] [request] Adjusted breaker by [-16440] bytes, now [0]
[2016-03-30 13:54:42,803][TRACE][org.elasticsearch.indices.breaker.request] [request] Adjusted breaker by [16440] bytes, now [16440]
[2016-03-30 13:54:42,803][TRACE][org.elasticsearch.indices.breaker.request] [request] Adjusted breaker by [-16440] bytes, now [0]
[2016-03-30 13:54:42,804][TRACE][org.elasticsearch.indices.breaker.request] [request] Adjusted breaker by [16440] bytes, now [16440]
[2016-03-30 13:54:42,804][TRACE][org.elasticsearch.indices.breaker.request] [request] Adjusted breaker by [-16440] bytes, now [0]
[2016-03-30 13:54:42,805][TRACE][org.elasticsearch.indices.breaker.request] [request] Adjusted breaker by [16440] bytes, now [16440]
[2016-03-30 13:54:42,805][TRACE][org.elasticsearch.indices.breaker.request] [request] Adjusted breaker by [-16440] bytes, now [0]
[2016-03-30 13:54:42,806][TRACE][org.elasticsearch.indices.breaker.request] [request] Adjusted breaker by [16440] bytes, now [16440]
[2016-03-30 13:54:42,806][TRACE][org.elasticsearch.indices.breaker.request] [request] Adjusted breaker by [-16440] bytes, now [0]
[2016-03-30 13:54:42,807][TRACE][org.elasticsearch.indices.breaker.request] [request] Adjusted breaker by [16440] bytes, now [16440]
[2016-03-30 13:54:42,807][TRACE][org.elasticsearch.indices.breaker.request] [request] Adjusted breaker by [-16440] bytes, now [0]
[2016-03-30 13:54:42,808][TRACE][org.elasticsearch.indices.breaker.request] [request] Adjusted breaker by [16440] bytes, now [16440]
[2016-03-30 13:54:42,808][TRACE][org.elasticsearch.indices.breaker.request] [request] Adjusted breaker by [-16440] bytes, now [0]
[2016-03-30 13:54:42,809][TRACE][org.elasticsearch.indices.breaker.request] [request] Adjusted breaker by [16440] bytes, now [16440]
[2016-03-30 13:54:42,809][TRACE][org.elasticsearch.indices.breaker.request] [request] Adjusted breaker by [-16440] bytes, now [0]
[2016-03-30 13:54:42,810][TRACE][org.elasticsearch.indices.breaker.request] [request] Adjusted breaker by [16440] bytes, now [16440]
[2016-03-30 13:54:42,810][TRACE][org.elasticsearch.indices.breaker.request] [request] Adjusted breaker by [-16440] bytes, now [0]
[2016-03-30 13:54:42,811][TRACE][org.elasticsearch.indices.breaker.request] [request] Adjusted breaker by [16440] bytes, now [16440]
[2016-03-30 13:54:42,811][TRACE][org.elasticsearch.indices.breaker.request] [request] Adjusted breaker by [-16440] bytes, now [0]
[2016-03-30 13:54:42,812][TRACE][org.elasticsearch.indices.breaker.request] [request] Adjusted breaker by [16440] bytes, now [16440]
[2016-03-30 13:54:42,812][TRACE][org.elasticsearch.indices.breaker.request] [request] Adjusted breaker by [-16440] bytes, now [0]
[2016-03-30 13:54:42,813][TRACE][org.elasticsearch.indices.breaker.request] [request] Adjusted breaker by [16440] bytes, now [16440]
[2016-03-30 13:54:42,813][TRACE][org.elasticsearch.indices.breaker.request] [request] Adjusted breaker by [-16440] bytes, now [0]
[2016-03-30 13:54:42,814][TRACE][org.elasticsearch.indices.breaker.request] [request] Adjusted breaker by [16440] bytes, now [16440]
[2016-03-30 13:54:42,814][TRACE][org.elasticsearch.indices.breaker.request] [request] Adjusted breaker by [-16440] bytes, now [0]
[2016-03-30 13:54:42,815][TRACE][org.elasticsearch.indices.breaker.request] [request] Adjusted breaker by [16440] bytes, now [16440]
[2016-03-30 13:54:42,815][TRACE][org.elasticsearch.indices.breaker.request] [request] Adjusted breaker by [-16440] bytes, now [0]
[2016-03-30 13:54:42,816][TRACE][org.elasticsearch.indices.breaker.request] [request] Adjusted breaker by [16440] bytes, now [16440]
[2016-03-30 13:54:42,816][TRACE][org.elasticsearch.indices.breaker.request] [request] Adjusted breaker by [-16440] bytes, now [0]
[2016-03-30 13:54:42,817][TRACE][org.elasticsearch.indices.breaker.request] [request] Adjusted breaker by [16440] bytes, now [16440]
[2016-03-30 13:54:42,817][TRACE][org.elasticsearch.indices.breaker.request] [request] Adjusted breaker by [-16440] bytes, now [0]
[2016-03-30 13:54:42,817][TRACE][org.elasticsearch.indices.breaker.request] [request] Adjusted breaker by [16440] bytes, now [16440]
[2016-03-30 13:54:42,817][TRACE][org.elasticsearch.indices.breaker.request] [request] Adjusted breaker by [-16440] bytes, now [0]
[2016-03-30 13:54:42,818][TRACE][org.elasticsearch.indices.breaker.request] [request] Adjusted breaker by [16440] bytes, now [16440]
[2016-03-30 13:54:42,819][TRACE][org.elasticsearch.indices.breaker.request] [request] Adjusted breaker by [-16440] bytes, now [0]
[2016-03-30 13:54:42,819][TRACE][org.elasticsearch.indices.breaker.request] [request] Adjusted breaker by [16440] bytes, now [16440]
[2016-03-30 13:54:42,819][TRACE][org.elasticsearch.indices.breaker.request] [request] Adjusted breaker by [-16440] bytes, now [0]
[2016-03-30 13:54:42,821][TRACE][org.elasticsearch.indices.breaker.request] [request] Adjusted breaker by [16440] bytes, now [16440]
[2016-03-30 13:54:42,821][TRACE][org.elasticsearch.indices.breaker.request] [request] Adjusted breaker by [-16440] bytes, now [0]
[2016-03-30 13:54:42,821][TRACE][org.elasticsearch.indices.breaker.request] [request] Adjusted breaker by [16440] bytes, now [16440]
[2016-03-30 13:54:42,821][TRACE][org.elasticsearch.indices.breaker.request] [request] Adjusted breaker by [-16440] bytes, now [0]
[2016-03-30 13:54:42,823][TRACE][org.elasticsearch.indices.breaker.request] [request] Adjusted breaker by [16440] bytes, now [16440]
[2016-03-30 13:54:42,823][TRACE][org.elasticsearch.indices.breaker.request] [request] Adjusted breaker by [-16440] bytes, now [0]
[2016-03-30 13:54:42,823][TRACE][org.elasticsearch.indices.breaker.request] [request] Adjusted breaker by [16440] bytes, now [16440]
[2016-03-30 13:54:42,823][TRACE][org.elasticsearch.indices.breaker.request] [request] Adjusted breaker by [-16440] bytes, now [0]
[2016-03-30 13:54:42,825][TRACE][org.elasticsearch.indices.breaker.request] [request] Adjusted breaker by [16440] bytes, now [16440]
[2016-03-30 13:54:42,825][TRACE][org.elasticsearch.indices.breaker.request] [request] Adjusted breaker by [16440] bytes, now [16440]
[2016-03-30 13:54:42,825][TRACE][org.elasticsearch.indices.breaker.request] [request] Adjusted breaker by [-16440] bytes, now [0]
[2016-03-30 13:54:42,826][TRACE][org.elasticsearch.indices.breaker.request] [request] Adjusted breaker by [-16440] bytes, now [0]
[2016-03-30 13:54:42,827][TRACE][org.elasticsearch.indices.breaker.request] [request] Adjusted breaker by [16440] bytes, now [16440]
[2016-03-30 13:54:42,827][TRACE][org.elasticsearch.indices.breaker.request] [request] Adjusted breaker by [-16440] bytes, now [0]
[2016-03-30 13:54:42,827][TRACE][org.elasticsearch.indices.breaker.request] [request] Adjusted breaker by [16440] bytes, now [16440]
[2016-03-30 13:54:42,828][TRACE][org.elasticsearch.indices.breaker.request] [request] Adjusted breaker by [-16440] bytes, now [0]
[2016-03-30 13:54:42,848][TRACE][org.elasticsearch.indices.breaker.request] [request] Adjusted breaker by [16440] bytes, now [16440]
[2016-03-30 13:54:42,848][TRACE][org.elasticsearch.indices.breaker.request] [request] Adjusted breaker by [-16440] bytes, now [0]
[2016-03-30 13:54:42,849][TRACE][org.elasticsearch.indices.breaker.request] [request] Adjusted breaker by [16440] bytes, now [16440]
[2016-03-30 13:54:42,849][TRACE][org.elasticsearch.indices.breaker.request] [request] Adjusted breaker by [-16440] bytes, now [0]
[2016-03-30 13:54:42,850][TRACE][org.elasticsearch.indices.breaker.request] [request] Adjusted breaker by [16440] bytes, now [16440]
[2016-03-30 13:54:42,850][TRACE][org.elasticsearch.indices.breaker.request] [request] Adjusted breaker by [-16440] bytes, now [0]
[2016-03-30 13:54:42,851][TRACE][org.elasticsearch.indices.breaker.request] [request] Adjusted breaker by [16440] bytes, now [16440]
[2016-03-30 13:54:42,851][TRACE][org.elasticsearch.indices.breaker.request] [request] Adjusted breaker by [-16440] bytes, now [0]
[2016-03-30 13:54:42,853][TRACE][org.elasticsearch.indices.breaker.request] [request] Adjusted breaker by [16440] bytes, now [16440]
[2016-03-30 13:54:42,853][TRACE][org.elasticsearch.indices.breaker.request] [request] Adjusted breaker by [16440] bytes, now [16440]
[2016-03-30 13:54:42,854][TRACE][org.elasticsearch.indices.breaker.request] [request] Adjusted breaker by [-16440] bytes, now [0]
[2016-03-30 13:54:42,853][TRACE][org.elasticsearch.indices.breaker.request] [request] Adjusted breaker by [-16440] bytes, now [0]
[2016-03-30 13:54:42,855][TRACE][org.elasticsearch.indices.breaker.request] [request] Adjusted breaker by [16440] bytes, now [16440]
[2016-03-30 13:54:42,855][TRACE][org.elasticsearch.indices.breaker.request] [request] Adjusted breaker by [-16440] bytes, now [0]
[2016-03-30 13:54:42,856][TRACE][org.elasticsearch.indices.breaker.request] [request] Adjusted breaker by [16440] bytes, now [16440]
[2016-03-30 13:54:42,856][TRACE][org.elasticsearch.indices.breaker.request] [request] Adjusted breaker by [-16440] bytes, now [0]
[2016-03-30 13:54:42,857][TRACE][org.elasticsearch.indices.breaker.request] [request] Adjusted breaker by [16440] bytes, now [16440]
[2016-03-30 13:54:42,858][TRACE][org.elasticsearch.indices.breaker.request] [request] Adjusted breaker by [-16440] bytes, now [0]
[2016-03-30 13:54:42,858][TRACE][org.elasticsearch.indices.breaker.request] [request] Adjusted breaker by [16440] bytes, now [16440]
[2016-03-30 13:54:42,858][TRACE][org.elasticsearch.indices.breaker.request] [request] Adjusted breaker by [-16440] bytes, now [0]
[2016-03-30 13:54:42,860][TRACE][org.elasticsearch.indices.breaker.request] [request] Adjusted breaker by [16440] bytes, now [16440]
[2016-03-30 13:54:42,860][TRACE][org.elasticsearch.indices.breaker.request] [request] Adjusted breaker by [-16440] bytes, now [0]
[2016-03-30 13:54:42,860][TRACE][org.elasticsearch.indices.breaker.request] [request] Adjusted breaker by [16440] bytes, now [16440]
[2016-03-30 13:54:42,861][TRACE][org.elasticsearch.indices.breaker.request] [request] Adjusted breaker by [-16440] bytes, now [0]
[2016-03-30 13:54:42,862][TRACE][org.elasticsearch.indices.breaker.request] [request] Adjusted breaker by [16440] bytes, now [16440]
[2016-03-30 13:54:42,862][TRACE][org.elasticsearch.indices.breaker.request] [request] Adjusted breaker by [16440] bytes, now [16440]
[2016-03-30 13:54:42,862][TRACE][org.elasticsearch.indices.breaker.request] [request] Adjusted breaker by [-16440] bytes, now [0]
[2016-03-30 13:54:42,863][TRACE][org.elasticsearch.indices.breaker.request] [request] Adjusted breaker by [-16440] bytes, now [0]
[2016-03-30 13:54:42,874][TRACE][org.elasticsearch.indices.breaker.request] [request] Adjusted breaker by [16440] bytes, now [16440]
[2016-03-30 13:54:42,874][TRACE][org.elasticsearch.indices.breaker.request] [request] Adjusted breaker by [16440] bytes, now [16440]
[2016-03-30 13:54:42,874][TRACE][org.elasticsearch.indices.breaker.request] [request] Adjusted breaker by [-16440] bytes, now [0]
[2016-03-30 13:54:42,874][TRACE][org.elasticsearch.indices.breaker.request] [request] Adjusted breaker by [-16440] bytes, now [0]
[2016-03-30 13:54:42,876][TRACE][org.elasticsearch.indices.breaker.request] [request] Adjusted breaker by [16440] bytes, now [16440]
[2016-03-30 13:54:42,876][TRACE][org.elasticsearch.indices.breaker.request] [request] Adjusted breaker by [-16440] bytes, now [0]
[2016-03-30 13:54:42,877][TRACE][org.elasticsearch.indices.breaker.request] [request] Adjusted breaker by [16440] bytes, now [16440]
[2016-03-30 13:54:42,877][TRACE][org.elasticsearch.indices.breaker.request] [request] Adjusted breaker by [-16440] bytes, now [0]
[2016-03-30 13:54:42,878][TRACE][org.elasticsearch.indices.breaker.request] [request] Adjusted breaker by [16440] bytes, now [16440]
[2016-03-30 13:54:42,879][TRACE][org.elasticsearch.indices.breaker.request] [request] Adjusted breaker by [-16440] bytes, now [0]
[2016-03-30 13:54:42,885][TRACE][org.elasticsearch.indices.breaker.request] [request] Adjusted breaker by [16440] bytes, now [16440]
[2016-03-30 13:54:42,885][TRACE][org.elasticsearch.indices.breaker.request] [request] Adjusted breaker by [-16440] bytes, now [0]
[2016-03-30 13:54:42,887][TRACE][org.elasticsearch.indices.breaker.request] [request] Adjusted breaker by [16440] bytes, now [16440]
[2016-03-30 13:54:42,887][TRACE][org.elasticsearch.indices.breaker.request] [request] Adjusted breaker by [-16440] bytes, now [0]
[2016-03-30 13:54:42,887][TRACE][org.elasticsearch.indices.breaker.request] [request] Adjusted breaker by [16440] bytes, now [16440]
[2016-03-30 13:54:42,888][TRACE][org.elasticsearch.indices.breaker.request] [request] Adjusted breaker by [-16440] bytes, now [0]
[2016-03-30 13:54:42,889][TRACE][org.elasticsearch.indices.breaker.request] [request] Adjusted breaker by [16440] bytes, now [16440]
[2016-03-30 13:54:42,889][TRACE][org.elasticsearch.indices.breaker.request] [request] Adjusted breaker by [-16440] bytes, now [0]
[2016-03-30 13:54:42,889][TRACE][org.elasticsearch.indices.breaker.request] [request] Adjusted breaker by [16440] bytes, now [16440]
[2016-03-30 13:54:42,889][TRACE][org.elasticsearch.indices.breaker.request] [request] Adjusted breaker by [-16440] bytes, now [0]
[2016-03-30 13:54:42,891][TRACE][org.elasticsearch.indices.breaker.request] [request] Adjusted breaker by [16440] bytes, now [16440]
[2016-03-30 13:54:42,891][TRACE][org.elasticsearch.indices.breaker.request] [request] Adjusted breaker by [-16440] bytes, now [0]
[2016-03-30 13:54:42,891][TRACE][org.elasticsearch.indices.breaker.request] [request] Adjusted breaker by [16440] bytes, now [16440]
[2016-03-30 13:54:42,891][TRACE][org.elasticsearch.indices.breaker.request] [request] Adjusted breaker by [-16440] bytes, now [0]
[2016-03-30 13:54:42,894][TRACE][org.elasticsearch.indices.breaker.request] [request] Adjusted breaker by [16440] bytes, now [16440]
[2016-03-30 13:54:42,894][TRACE][org.elasticsearch.indices.breaker.request] [request] Adjusted breaker by [16440] bytes, now [16440]
[2016-03-30 13:54:42,894][TRACE][org.elasticsearch.indices.breaker.request] [request] Adjusted breaker by [-16440] bytes, now [0]
[2016-03-30 13:54:42,894][TRACE][org.elasticsearch.indices.breaker.request] [request] Adjusted breaker by [-16440] bytes, now [0]
[2016-03-30 13:54:42,895][TRACE][org.elasticsearch.indices.breaker.request] [request] Adjusted breaker by [16440] bytes, now [16440]
[2016-03-30 13:54:42,895][TRACE][org.elasticsearch.indices.breaker.request] [request] Adjusted breaker by [-16440] bytes, now [0]
[2016-03-30 13:54:42,896][TRACE][org.elasticsearch.indices.breaker.request] [request] Adjusted breaker by [16440] bytes, now [16440]
[2016-03-30 13:54:42,896][TRACE][org.elasticsearch.indices.breaker.request] [request] Adjusted breaker by [-16440] bytes, now [0]
[2016-03-30 13:54:42,906][TRACE][org.elasticsearch.indices.breaker.request] [request] Adjusted breaker by [16440] bytes, now [16440]
[2016-03-30 13:54:42,906][TRACE][org.elasticsearch.indices.breaker.request] [request] Adjusted breaker by [-16440] bytes, now [0]
[2016-03-30 13:54:42,906][TRACE][org.elasticsearch.indices.breaker.request] [request] Adjusted breaker by [16440] bytes, now [16440]
[2016-03-30 13:54:42,907][TRACE][org.elasticsearch.indices.breaker.request] [request] Adjusted breaker by [-16440] bytes, now [0]
[2016-03-30 13:54:42,908][TRACE][org.elasticsearch.indices.breaker.request] [request] Adjusted breaker by [16440] bytes, now [16440]
[2016-03-30 13:54:42,908][TRACE][org.elasticsearch.indices.breaker.request] [request] Adjusted breaker by [16440] bytes, now [16440]
[2016-03-30 13:54:42,908][TRACE][org.elasticsearch.indices.breaker.request] [request] Adjusted breaker by [-16440] bytes, now [0]
[2016-03-30 13:54:42,908][TRACE][org.elasticsearch.indices.breaker.request] [request] Adjusted breaker by [-16440] bytes, now [0]
[2016-03-30 13:54:42,910][TRACE][org.elasticsearch.indices.breaker.request] [request] Adjusted breaker by [16440] bytes, now [16440]
[2016-03-30 13:54:42,910][TRACE][org.elasticsearch.indices.breaker.request] [request] Adjusted breaker by [-16440] bytes, now [0]
[2016-03-30 13:54:42,910][TRACE][org.elasticsearch.indices.breaker.request] [request] Adjusted breaker by [16440] bytes, now [16440]
[2016-03-30 13:54:42,910][TRACE][org.elasticsearch.indices.breaker.request] [request] Adjusted breaker by [-16440] bytes, now [0]
[2016-03-30 13:54:42,921][TRACE][org.elasticsearch.indices.breaker.request] [request] Adjusted breaker by [16440] bytes, now [16440]
[2016-03-30 13:54:42,922][TRACE][org.elasticsearch.indices.breaker.request] [request] Adjusted breaker by [-16440] bytes, now [0]
[2016-03-30 13:54:42,922][TRACE][org.elasticsearch.indices.breaker.request] [request] Adjusted breaker by [16440] bytes, now [16440]
[2016-03-30 13:54:42,922][TRACE][org.elasticsearch.indices.breaker.request] [request] Adjusted breaker by [-16440] bytes, now [0]
[2016-03-30 13:54:42,923][TRACE][org.elasticsearch.indices.breaker.request] [request] Adjusted breaker by [16440] bytes, now [16440]
[2016-03-30 13:54:42,924][TRACE][org.elasticsearch.indices.breaker.request] [request] Adjusted breaker by [-16440] bytes, now [0]
[2016-03-30 13:54:42,924][TRACE][org.elasticsearch.indices.breaker.request] [request] Adjusted breaker by [16440] bytes, now [16440]
[2016-03-30 13:54:42,924][TRACE][org.elasticsearch.indices.breaker.request] [request] Adjusted breaker by [-16440] bytes, now [0]
[2016-03-30 13:54:42,933][TRACE][org.elasticsearch.indices.breaker.request] [request] Adjusted breaker by [16440] bytes, now [16440]
[2016-03-30 13:54:42,933][TRACE][org.elasticsearch.indices.breaker.request] [request] Adjusted breaker by [16440] bytes, now [16440]
[2016-03-30 13:54:42,933][TRACE][org.elasticsearch.indices.breaker.request] [request] Adjusted breaker by [-16440] bytes, now [0]
[2016-03-30 13:54:42,933][TRACE][org.elasticsearch.indices.breaker.request] [request] Adjusted breaker by [-16440] bytes, now [0]
[2016-03-30 13:54:42,935][TRACE][org.elasticsearch.indices.breaker.request] [request] Adjusted breaker by [16440] bytes, now [16440]
[2016-03-30 13:54:42,935][TRACE][org.elasticsearch.indices.breaker.request] [request] Adjusted breaker by [-16440] bytes, now [0]
[2016-03-30 13:54:42,935][TRACE][org.elasticsearch.indices.breaker.request] [request] Adjusted breaker by [16440] bytes, now [16440]
[2016-03-30 13:54:42,936][TRACE][org.elasticsearch.indices.breaker.request] [request] Adjusted breaker by [-16440] bytes, now [0]
[2016-03-30 13:54:42,945][TRACE][org.elasticsearch.indices.breaker.request] [request] Adjusted breaker by [16440] bytes, now [16440]
[2016-03-30 13:54:42,945][TRACE][org.elasticsearch.indices.breaker.request] [request] Adjusted breaker by [-16440] bytes, now [0]
[2016-03-30 13:54:42,946][TRACE][org.elasticsearch.indices.breaker.request] [request] Adjusted breaker by [16440] bytes, now [16440]
[2016-03-30 13:54:42,946][TRACE][org.elasticsearch.indices.breaker.request] [request] Adjusted breaker by [-16440] bytes, now [0]
[2016-03-30 13:54:42,947][TRACE][org.elasticsearch.indices.breaker.request] [request] Adjusted breaker by [16440] bytes, now [16440]
[2016-03-30 13:54:42,947][TRACE][org.elasticsearch.indices.breaker.request] [request] Adjusted breaker by [-16440] bytes, now [0]
[2016-03-30 13:54:42,947][TRACE][org.elasticsearch.indices.breaker.request] [request] Adjusted breaker by [16440] bytes, now [16440]
[2016-03-30 13:54:42,947][TRACE][org.elasticsearch.indices.breaker.request] [request] Adjusted breaker by [-16440] bytes, now [0]
[2016-03-30 13:54:42,949][TRACE][org.elasticsearch.indices.breaker.request] [request] Adjusted breaker by [16440] bytes, now [16440]
[2016-03-30 13:54:42,949][TRACE][org.elasticsearch.indices.breaker.request] [request] Adjusted breaker by [-16440] bytes, now [0]
[2016-03-30 13:54:42,949][TRACE][org.elasticsearch.indices.breaker.request] [request] Adjusted breaker by [16440] bytes, now [16440]
[2016-03-30 13:54:42,950][TRACE][org.elasticsearch.indices.breaker.request] [request] Adjusted breaker by [-16440] bytes, now [0]
[2016-03-30 13:54:42,952][TRACE][org.elasticsearch.indices.breaker.request] [request] Adjusted breaker by [16440] bytes, now [16440]
[2016-03-30 13:54:42,952][TRACE][org.elasticsearch.indices.breaker.request] [request] Adjusted breaker by [16440] bytes, now [16440]
[2016-03-30 13:54:42,952][TRACE][org.elasticsearch.indices.breaker.request] [request] Adjusted breaker by [-16440] bytes, now [0]
[2016-03-30 13:54:42,952][TRACE][org.elasticsearch.indices.breaker.request] [request] Adjusted breaker by [-16440] bytes, now [0]
[2016-03-30 13:54:42,953][TRACE][org.elasticsearch.indices.breaker.request] [request] Adjusted breaker by [16440] bytes, now [16440]
[2016-03-30 13:54:42,953][TRACE][org.elasticsearch.indices.breaker.request] [request] Adjusted breaker by [-16440] bytes, now [0]
[2016-03-30 13:54:42,954][TRACE][org.elasticsearch.indices.breaker.request] [request] Adjusted breaker by [16440] bytes, now [16440]
[2016-03-30 13:54:42,954][TRACE][org.elasticsearch.indices.breaker.request] [request] Adjusted breaker by [-16440] bytes, now [0]
[2016-03-30 13:54:42,964][TRACE][org.elasticsearch.indices.breaker.request] [request] Adjusted breaker by [16440] bytes, now [16440]
[2016-03-30 13:54:42,964][TRACE][org.elasticsearch.indices.breaker.request] [request] Adjusted breaker by [-16440] bytes, now [0]
[2016-03-30 13:54:42,965][TRACE][org.elasticsearch.indices.breaker.request] [request] Adjusted breaker by [16440] bytes, now [16440]
[2016-03-30 13:54:42,965][TRACE][org.elasticsearch.indices.breaker.request] [request] Adjusted breaker by [-16440] bytes, now [0]
[2016-03-30 13:54:42,966][TRACE][org.elasticsearch.indices.breaker.request] [request] Adjusted breaker by [16440] bytes, now [16440]
[2016-03-30 13:54:42,966][TRACE][org.elasticsearch.indices.breaker.request] [request] Adjusted breaker by [-16440] bytes, now [0]
[2016-03-30 13:54:42,966][TRACE][org.elasticsearch.indices.breaker.request] [request] Adjusted breaker by [16440] bytes, now [16440]
[2016-03-30 13:54:42,966][TRACE][org.elasticsearch.indices.breaker.request] [request] Adjusted breaker by [-16440] bytes, now [0]
[2016-03-30 13:54:42,968][TRACE][org.elasticsearch.indices.breaker.request] [request] Adjusted breaker by [16440] bytes, now [16440]
[2016-03-30 13:54:42,968][TRACE][org.elasticsearch.indices.breaker.request] [request] Adjusted breaker by [-16440] bytes, now [0]
[2016-03-30 13:54:42,968][TRACE][org.elasticsearch.indices.breaker.request] [request] Adjusted breaker by [16440] bytes, now [16440]
[2016-03-30 13:54:42,968][TRACE][org.elasticsearch.indices.breaker.request] [request] Adjusted breaker by [-16440] bytes, now [0]
[2016-03-30 13:54:42,970][TRACE][org.elasticsearch.indices.breaker.request] [request] Adjusted breaker by [16440] bytes, now [16440]
[2016-03-30 13:54:42,970][TRACE][org.elasticsearch.indices.breaker.request] [request] Adjusted breaker by [-16440] bytes, now [0]
[2016-03-30 13:54:42,974][TRACE][org.elasticsearch.indices.breaker.request] [request] Adjusted breaker by [16440] bytes, now [16440]
[2016-03-30 13:54:42,974][TRACE][org.elasticsearch.indices.breaker.request] [request] Adjusted breaker by [-16440] bytes, now [0]
[2016-03-30 13:54:42,976][TRACE][org.elasticsearch.indices.breaker.request] [request] Adjusted breaker by [16440] bytes, now [16440]
[2016-03-30 13:54:42,976][TRACE][org.elasticsearch.indices.breaker.request] [request] Adjusted breaker by [16440] bytes, now [16440]
[2016-03-30 13:54:42,976][TRACE][org.elasticsearch.indices.breaker.request] [request] Adjusted breaker by [-16440] bytes, now [0]
[2016-03-30 13:54:42,977][TRACE][org.elasticsearch.indices.breaker.request] [request] Adjusted breaker by [-16440] bytes, now [0]
[2016-03-30 13:54:42,978][TRACE][org.elasticsearch.indices.breaker.request] [request] Adjusted breaker by [16440] bytes, now [16440]
[2016-03-30 13:54:42,978][TRACE][org.elasticsearch.indices.breaker.request] [request] Adjusted breaker by [-16440] bytes, now [0]
[2016-03-30 13:54:42,978][TRACE][org.elasticsearch.indices.breaker.request] [request] Adjusted breaker by [16440] bytes, now [16440]
[2016-03-30 13:54:42,978][TRACE][org.elasticsearch.indices.breaker.request] [request] Adjusted breaker by [-16440] bytes, now [0]
[2016-03-30 13:54:42,980][TRACE][org.elasticsearch.indices.breaker.request] [request] Adjusted breaker by [16440] bytes, now [16440]
[2016-03-30 13:54:42,980][TRACE][org.elasticsearch.indices.breaker.request] [request] Adjusted breaker by [16440] bytes, now [16440]
[2016-03-30 13:54:42,980][TRACE][org.elasticsearch.indices.breaker.request] [request] Adjusted breaker by [-16440] bytes, now [0]
[2016-03-30 13:54:42,980][TRACE][org.elasticsearch.indices.breaker.request] [request] Adjusted breaker by [-16440] bytes, now [0]
[2016-03-30 13:54:42,982][TRACE][org.elasticsearch.indices.breaker.request] [request] Adjusted breaker by [16440] bytes, now [16440]
[2016-03-30 13:54:42,982][TRACE][org.elasticsearch.indices.breaker.request] [request] Adjusted breaker by [-16440] bytes, now [0]
[2016-03-30 13:54:42,982][TRACE][org.elasticsearch.indices.breaker.request] [request] Adjusted breaker by [16440] bytes, now [16440]
[2016-03-30 13:54:42,982][TRACE][org.elasticsearch.indices.breaker.request] [request] Adjusted breaker by [-16440] bytes, now [0]
[2016-03-30 13:54:42,984][TRACE][org.elasticsearch.indices.breaker.request] [request] Adjusted breaker by [16440] bytes, now [16440]
[2016-03-30 13:54:42,984][TRACE][org.elasticsearch.indices.breaker.request] [request] Adjusted breaker by [-16440] bytes, now [0]
[2016-03-30 13:54:42,985][TRACE][org.elasticsearch.indices.breaker.request] [request] Adjusted breaker by [16440] bytes, now [16440]
[2016-03-30 13:54:42,985][TRACE][org.elasticsearch.indices.breaker.request] [request] Adjusted breaker by [-16440] bytes, now [0]
[2016-03-30 13:54:42,986][TRACE][org.elasticsearch.indices.breaker.request] [request] Adjusted breaker by [16440] bytes, now [16440]
[2016-03-30 13:54:42,986][TRACE][org.elasticsearch.indices.breaker.request] [request] Adjusted breaker by [-16440] bytes, now [0]
[2016-03-30 13:54:42,987][TRACE][org.elasticsearch.indices.breaker.request] [request] Adjusted breaker by [16440] bytes, now [16440]
[2016-03-30 13:54:42,987][TRACE][org.elasticsearch.indices.breaker.request] [request] Adjusted breaker by [-16440] bytes, now [0]
[2016-03-30 13:54:42,988][TRACE][org.elasticsearch.indices.breaker.request] [request] Adjusted breaker by [16440] bytes, now [16440]
[2016-03-30 13:54:42,988][TRACE][org.elasticsearch.indices.breaker.request] [request] Adjusted breaker by [-16440] bytes, now [0]
[2016-03-30 13:54:42,989][TRACE][org.elasticsearch.indices.breaker.request] [request] Adjusted breaker by [16440] bytes, now [16440]
[2016-03-30 13:54:42,989][TRACE][org.elasticsearch.indices.breaker.request] [request] Adjusted breaker by [-16440] bytes, now [0]
[2016-03-30 13:54:42,990][TRACE][org.elasticsearch.indices.breaker.request] [request] Adjusted breaker by [16440] bytes, now [16440]
[2016-03-30 13:54:42,990][TRACE][org.elasticsearch.indices.breaker.request] [request] Adjusted breaker by [-16440] bytes, now [0]
[2016-03-30 13:54:42,990][TRACE][org.elasticsearch.indices.breaker.request] [request] Adjusted breaker by [16440] bytes, now [16440]
[2016-03-30 13:54:42,990][TRACE][org.elasticsearch.indices.breaker.request] [request] Adjusted breaker by [-16440] bytes, now [0]
[2016-03-30 13:54:42,992][TRACE][org.elasticsearch.indices.breaker.request] [request] Adjusted breaker by [16440] bytes, now [16440]
[2016-03-30 13:54:42,992][TRACE][org.elasticsearch.indices.breaker.request] [request] Adjusted breaker by [-16440] bytes, now [0]
[2016-03-30 13:54:42,992][TRACE][org.elasticsearch.indices.breaker.request] [request] Adjusted breaker by [16440] bytes, now [16440]
[2016-03-30 13:54:42,992][TRACE][org.elasticsearch.indices.breaker.request] [request] Adjusted breaker by [-16440] bytes, now [0]
[2016-03-30 13:54:42,993][TRACE][org.elasticsearch.indices.breaker.request] [request] Adjusted breaker by [16440] bytes, now [16440]
[2016-03-30 13:54:42,994][TRACE][org.elasticsearch.indices.breaker.request] [request] Adjusted breaker by [-16440] bytes, now [0]
[2016-03-30 13:54:42,994][TRACE][org.elasticsearch.indices.breaker.request] [request] Adjusted breaker by [16440] bytes, now [16440]
[2016-03-30 13:54:42,994][TRACE][org.elasticsearch.indices.breaker.request] [request] Adjusted breaker by [-16440] bytes, now [0]
[2016-03-30 13:54:43,016][TRACE][org.elasticsearch.indices.breaker.request] [request] Adjusted breaker by [16440] bytes, now [16440]
[2016-03-30 13:54:43,016][TRACE][org.elasticsearch.indices.breaker.request] [request] Adjusted breaker by [-16440] bytes, now [0]
[2016-03-30 13:54:43,021][TRACE][org.elasticsearch.indices.breaker.request] [request] Adjusted breaker by [16440] bytes, now [16440]
[2016-03-30 13:54:43,022][TRACE][org.elasticsearch.indices.breaker.request] [request] Adjusted breaker by [-16440] bytes, now [0]
[2016-03-30 13:54:43,023][TRACE][org.elasticsearch.indices.breaker.request] [request] Adjusted breaker by [16440] bytes, now [16440]
[2016-03-30 13:54:43,023][TRACE][org.elasticsearch.indices.breaker.request] [request] Adjusted breaker by [-16440] bytes, now [0]
[2016-03-30 13:54:43,024][TRACE][org.elasticsearch.indices.breaker.request] [request] Adjusted breaker by [16440] bytes, now [16440]
[2016-03-30 13:54:43,024][TRACE][org.elasticsearch.indices.breaker.request] [request] Adjusted breaker by [-16440] bytes, now [0]
[2016-03-30 13:54:43,029][TRACE][org.elasticsearch.indices.breaker.request] [request] Adjusted breaker by [16440] bytes, now [16440]
[2016-03-30 13:54:43,029][TRACE][org.elasticsearch.indices.breaker.request] [request] Adjusted breaker by [-16440] bytes, now [0]
[2016-03-30 13:54:43,029][TRACE][org.elasticsearch.indices.breaker.request] [request] Adjusted breaker by [16440] bytes, now [16440]
[2016-03-30 13:54:43,030][TRACE][org.elasticsearch.indices.breaker.request] [request] Adjusted breaker by [-16440] bytes, now [0]
[2016-03-30 13:54:43,031][TRACE][org.elasticsearch.indices.breaker.request] [request] Adjusted breaker by [16440] bytes, now [16440]
[2016-03-30 13:54:43,031][TRACE][org.elasticsearch.indices.breaker.request] [request] Adjusted breaker by [-16440] bytes, now [0]
[2016-03-30 13:54:43,032][TRACE][org.elasticsearch.indices.breaker.request] [request] Adjusted breaker by [16440] bytes, now [16440]
[2016-03-30 13:54:43,032][TRACE][org.elasticsearch.indices.breaker.request] [request] Adjusted breaker by [-16440] bytes, now [0]
[2016-03-30 13:54:43,033][TRACE][org.elasticsearch.indices.breaker.request] [request] Adjusted breaker by [16440] bytes, now [16440]
[2016-03-30 13:54:43,033][TRACE][org.elasticsearch.indices.breaker.request] [request] Adjusted breaker by [16440] bytes, now [16440]
[2016-03-30 13:54:43,034][TRACE][org.elasticsearch.indices.breaker.request] [request] Adjusted breaker by [-16440] bytes, now [0]
[2016-03-30 13:54:43,034][TRACE][org.elasticsearch.indices.breaker.request] [request] Adjusted breaker by [-16440] bytes, now [0]
[2016-03-30 13:54:43,035][TRACE][org.elasticsearch.indices.breaker.request] [request] Adjusted breaker by [16440] bytes, now [16440]
[2016-03-30 13:54:43,035][TRACE][org.elasticsearch.indices.breaker.request] [request] Adjusted breaker by [-16440] bytes, now [0]
[2016-03-30 13:54:43,036][TRACE][org.elasticsearch.indices.breaker.request] [request] Adjusted breaker by [16440] bytes, now [16440]
[2016-03-30 13:54:43,036][TRACE][org.elasticsearch.indices.breaker.request] [request] Adjusted breaker by [-16440] bytes, now [0]
[2016-03-30 13:54:43,038][TRACE][org.elasticsearch.indices.breaker.request] [request] Adjusted breaker by [16440] bytes, now [16440]
[2016-03-30 13:54:43,038][TRACE][org.elasticsearch.indices.breaker.request] [request] Adjusted breaker by [-16440] bytes, now [0]
[2016-03-30 13:54:43,039][TRACE][org.elasticsearch.indices.breaker.request] [request] Adjusted breaker by [16440] bytes, now [16440]
[2016-03-30 13:54:43,039][TRACE][org.elasticsearch.indices.breaker.request] [request] Adjusted breaker by [-16440] bytes, now [0]
[2016-03-30 13:54:43,041][TRACE][org.elasticsearch.indices.breaker.request] [request] Adjusted breaker by [16440] bytes, now [16440]
[2016-03-30 13:54:43,041][TRACE][org.elasticsearch.indices.breaker.request] [request] Adjusted breaker by [16440] bytes, now [16440]
[2016-03-30 13:54:43,041][TRACE][org.elasticsearch.indices.breaker.request] [request] Adjusted breaker by [-16440] bytes, now [0]
[2016-03-30 13:54:43,041][TRACE][org.elasticsearch.indices.breaker.request] [request] Adjusted breaker by [-16440] bytes, now [0]
[2016-03-30 13:54:43,042][TRACE][org.elasticsearch.indices.breaker.request] [request] Adjusted breaker by [16440] bytes, now [16440]
[2016-03-30 13:54:43,043][TRACE][org.elasticsearch.indices.breaker.request] [request] Adjusted breaker by [-16440] bytes, now [0]
[2016-03-30 13:54:43,043][TRACE][org.elasticsearch.indices.breaker.request] [request] Adjusted breaker by [16440] bytes, now [16440]
[2016-03-30 13:54:43,043][TRACE][org.elasticsearch.indices.breaker.request] [request] Adjusted breaker by [-16440] bytes, now [0]
[2016-03-30 13:54:43,058][TRACE][org.elasticsearch.indices.breaker.request] [request] Adjusted breaker by [16440] bytes, now [16440]
[2016-03-30 13:54:43,058][TRACE][org.elasticsearch.indices.breaker.request] [request] Adjusted breaker by [-16440] bytes, now [0]
[2016-03-30 13:54:43,073][TRACE][org.elasticsearch.indices.breaker.request] [request] Adjusted breaker by [16440] bytes, now [16440]
[2016-03-30 13:54:43,074][TRACE][org.elasticsearch.indices.breaker.request] [request] Adjusted breaker by [-16440] bytes, now [0]
[2016-03-30 13:54:43,076][TRACE][org.elasticsearch.indices.breaker.request] [request] Adjusted breaker by [16440] bytes, now [16440]
[2016-03-30 13:54:43,076][TRACE][org.elasticsearch.indices.breaker.request] [request] Adjusted breaker by [16440] bytes, now [16440]
[2016-03-30 13:54:43,076][TRACE][org.elasticsearch.indices.breaker.request] [request] Adjusted breaker by [-16440] bytes, now [0]
[2016-03-30 13:54:43,076][TRACE][org.elasticsearch.indices.breaker.request] [request] Adjusted breaker by [-16440] bytes, now [0]
[2016-03-30 13:54:43,078][TRACE][org.elasticsearch.indices.breaker.request] [request] Adjusted breaker by [16440] bytes, now [16440]
[2016-03-30 13:54:43,078][TRACE][org.elasticsearch.indices.breaker.request] [request] Adjusted breaker by [16440] bytes, now [16440]
[2016-03-30 13:54:43,078][TRACE][org.elasticsearch.indices.breaker.request] [request] Adjusted breaker by [-16440] bytes, now [0]
[2016-03-30 13:54:43,078][TRACE][org.elasticsearch.indices.breaker.request] [request] Adjusted breaker by [-16440] bytes, now [0]
[2016-03-30 13:54:43,087][TRACE][org.elasticsearch.indices.breaker.request] [request] Adjusted breaker by [16440] bytes, now [16440]
[2016-03-30 13:54:43,087][TRACE][org.elasticsearch.indices.breaker.request] [request] Adjusted breaker by [16440] bytes, now [16440]
[2016-03-30 13:54:43,087][TRACE][org.elasticsearch.indices.breaker.request] [request] Adjusted breaker by [-16440] bytes, now [0]
[2016-03-30 13:54:43,088][TRACE][org.elasticsearch.indices.breaker.request] [request] Adjusted breaker by [-16440] bytes, now [0]
[2016-03-30 13:54:43,089][TRACE][org.elasticsearch.indices.breaker.request] [request] Adjusted breaker by [16440] bytes, now [16440]
[2016-03-30 13:54:43,090][TRACE][org.elasticsearch.indices.breaker.request] [request] Adjusted breaker by [-16440] bytes, now [0]
[2016-03-30 13:54:43,090][TRACE][org.elasticsearch.indices.breaker.request] [request] Adjusted breaker by [16440] bytes, now [16440]
[2016-03-30 13:54:43,090][TRACE][org.elasticsearch.indices.breaker.request] [request] Adjusted breaker by [-16440] bytes, now [0]
[2016-03-30 13:54:43,117][TRACE][org.elasticsearch.indices.breaker.request] [request] Adjusted breaker by [16440] bytes, now [16440]
[2016-03-30 13:54:43,117][TRACE][org.elasticsearch.indices.breaker.request] [request] Adjusted breaker by [16440] bytes, now [16440]
[2016-03-30 13:54:43,117][TRACE][org.elasticsearch.indices.breaker.request] [request] Adjusted breaker by [-16440] bytes, now [0]
[2016-03-30 13:54:43,117][TRACE][org.elasticsearch.indices.breaker.request] [request] Adjusted breaker by [-16440] bytes, now [0]
[2016-03-30 13:54:43,119][TRACE][org.elasticsearch.indices.breaker.request] [request] Adjusted breaker by [16440] bytes, now [16440]
[2016-03-30 13:54:43,119][TRACE][org.elasticsearch.indices.breaker.request] [request] Adjusted breaker by [16440] bytes, now [16440]
[2016-03-30 13:54:43,119][TRACE][org.elasticsearch.indices.breaker.request] [request] Adjusted breaker by [-16440] bytes, now [0]
[2016-03-30 13:54:43,119][TRACE][org.elasticsearch.indices.breaker.request] [request] Adjusted breaker by [-16440] bytes, now [0]
[2016-03-30 13:54:43,121][TRACE][org.elasticsearch.indices.breaker.request] [request] Adjusted breaker by [16440] bytes, now [16440]
[2016-03-30 13:54:43,121][TRACE][org.elasticsearch.indices.breaker.request] [request] Adjusted breaker by [16440] bytes, now [16440]
[2016-03-30 13:54:43,121][TRACE][org.elasticsearch.indices.breaker.request] [request] Adjusted breaker by [-16440] bytes, now [0]
[2016-03-30 13:54:43,121][TRACE][org.elasticsearch.indices.breaker.request] [request] Adjusted breaker by [-16440] bytes, now [0]
[2016-03-30 13:54:43,122][TRACE][org.elasticsearch.indices.breaker.request] [request] Adjusted breaker by [16440] bytes, now [16440]
[2016-03-30 13:54:43,122][TRACE][org.elasticsearch.indices.breaker.request] [request] Adjusted breaker by [-16440] bytes, now [0]
[2016-03-30 13:54:43,123][TRACE][org.elasticsearch.indices.breaker.request] [request] Adjusted breaker by [16440] bytes, now [16440]
[2016-03-30 13:54:43,123][TRACE][org.elasticsearch.indices.breaker.request] [request] Adjusted breaker by [-16440] bytes, now [0]
[2016-03-30 13:54:43,124][TRACE][org.elasticsearch.indices.breaker.request] [request] Adjusted breaker by [16440] bytes, now [16440]
[2016-03-30 13:54:43,124][TRACE][org.elasticsearch.indices.breaker.request] [request] Adjusted breaker by [16440] bytes, now [16440]
[2016-03-30 13:54:43,124][TRACE][org.elasticsearch.indices.breaker.request] [request] Adjusted breaker by [-16440] bytes, now [0]
[2016-03-30 13:54:43,124][TRACE][org.elasticsearch.indices.breaker.request] [request] Adjusted breaker by [-16440] bytes, now [0]
[2016-03-30 13:54:43,125][TRACE][org.elasticsearch.indices.breaker.request] [request] Adjusted breaker by [16440] bytes, now [16440]
[2016-03-30 13:54:43,126][TRACE][org.elasticsearch.indices.breaker.request] [request] Adjusted breaker by [-16440] bytes, now [0]
[2016-03-30 13:54:43,126][TRACE][org.elasticsearch.indices.breaker.request] [request] Adjusted breaker by [16440] bytes, now [16440]
[2016-03-30 13:54:43,126][TRACE][org.elasticsearch.indices.breaker.request] [request] Adjusted breaker by [-16440] bytes, now [0]
[2016-03-30 13:54:43,129][TRACE][org.elasticsearch.indices.breaker.request] [request] Adjusted breaker by [16440] bytes, now [16440]
[2016-03-30 13:54:43,129][TRACE][org.elasticsearch.indices.breaker.request] [request] Adjusted breaker by [16440] bytes, now [16440]
[2016-03-30 13:54:43,129][TRACE][org.elasticsearch.indices.breaker.request] [request] Adjusted breaker by [-16440] bytes, now [0]
[2016-03-30 13:54:43,129][TRACE][org.elasticsearch.indices.breaker.request] [request] Adjusted breaker by [-16440] bytes, now [0]
[2016-03-30 13:54:43,131][TRACE][org.elasticsearch.indices.breaker.request] [request] Adjusted breaker by [16440] bytes, now [16440]
[2016-03-30 13:54:43,131][TRACE][org.elasticsearch.indices.breaker.request] [request] Adjusted breaker by [-16440] bytes, now [0]
[2016-03-30 13:54:43,132][TRACE][org.elasticsearch.indices.breaker.request] [request] Adjusted breaker by [16440] bytes, now [16440]
[2016-03-30 13:54:43,132][TRACE][org.elasticsearch.indices.breaker.request] [request] Adjusted breaker by [-16440] bytes, now [0]
[2016-03-30 13:54:43,141][TRACE][org.elasticsearch.indices.breaker.request] [request] Adjusted breaker by [16440] bytes, now [16440]
[2016-03-30 13:54:43,142][TRACE][org.elasticsearch.indices.breaker.request] [request] Adjusted breaker by [-16440] bytes, now [0]
[2016-03-30 13:54:43,142][TRACE][org.elasticsearch.indices.breaker.request] [request] Adjusted breaker by [16440] bytes, now [16440]
[2016-03-30 13:54:43,142][TRACE][org.elasticsearch.indices.breaker.request] [request] Adjusted breaker by [-16440] bytes, now [0]
[2016-03-30 13:54:43,161][TRACE][org.elasticsearch.indices.breaker.request] [request] Adjusted breaker by [16440] bytes, now [16440]
[2016-03-30 13:54:43,161][TRACE][org.elasticsearch.indices.breaker.request] [request] Adjusted breaker by [-16440] bytes, now [0]
[2016-03-30 13:54:43,161][TRACE][org.elasticsearch.indices.breaker.request] [request] Adjusted breaker by [16440] bytes, now [16440]
[2016-03-30 13:54:43,161][TRACE][org.elasticsearch.indices.breaker.request] [request] Adjusted breaker by [-16440] bytes, now [0]
[2016-03-30 13:54:43,163][TRACE][org.elasticsearch.indices.breaker.request] [request] Adjusted breaker by [16440] bytes, now [16440]
[2016-03-30 13:54:43,163][TRACE][org.elasticsearch.indices.breaker.request] [request] Adjusted breaker by [-16440] bytes, now [0]
[2016-03-30 13:54:43,163][TRACE][org.elasticsearch.indices.breaker.request] [request] Adjusted breaker by [16440] bytes, now [16440]
[2016-03-30 13:54:43,164][TRACE][org.elasticsearch.indices.breaker.request] [request] Adjusted breaker by [-16440] bytes, now [0]
[2016-03-30 13:54:43,165][TRACE][org.elasticsearch.indices.breaker.request] [request] Adjusted breaker by [16440] bytes, now [16440]
[2016-03-30 13:54:43,165][TRACE][org.elasticsearch.indices.breaker.request] [request] Adjusted breaker by [-16440] bytes, now [0]
[2016-03-30 13:54:43,166][TRACE][org.elasticsearch.indices.breaker.request] [request] Adjusted breaker by [16440] bytes, now [16440]
[2016-03-30 13:54:43,166][TRACE][org.elasticsearch.indices.breaker.request] [request] Adjusted breaker by [-16440] bytes, now [0]
[2016-03-30 13:54:43,167][TRACE][org.elasticsearch.indices.breaker.request] [request] Adjusted breaker by [16440] bytes, now [16440]
[2016-03-30 13:54:43,167][TRACE][org.elasticsearch.indices.breaker.request] [request] Adjusted breaker by [16440] bytes, now [16440]
[2016-03-30 13:54:43,168][TRACE][org.elasticsearch.indices.breaker.request] [request] Adjusted breaker by [-16440] bytes, now [0]
[2016-03-30 13:54:43,168][TRACE][org.elasticsearch.indices.breaker.request] [request] Adjusted breaker by [-16440] bytes, now [0]
[2016-03-30 13:54:43,169][TRACE][org.elasticsearch.indices.breaker.request] [request] Adjusted breaker by [16440] bytes, now [16440]
[2016-03-30 13:54:43,169][TRACE][org.elasticsearch.indices.breaker.request] [request] Adjusted breaker by [16440] bytes, now [16440]
[2016-03-30 13:54:43,169][TRACE][org.elasticsearch.indices.breaker.request] [request] Adjusted breaker by [-16440] bytes, now [0]
[2016-03-30 13:54:43,169][TRACE][org.elasticsearch.indices.breaker.request] [request] Adjusted breaker by [-16440] bytes, now [0]
[2016-03-30 13:54:43,170][TRACE][org.elasticsearch.indices.breaker.request] [request] Adjusted breaker by [16440] bytes, now [16440]
[2016-03-30 13:54:43,170][TRACE][org.elasticsearch.indices.breaker.request] [request] Adjusted breaker by [-16440] bytes, now [0]
[2016-03-30 13:54:43,171][TRACE][org.elasticsearch.indices.breaker.request] [request] Adjusted breaker by [16440] bytes, now [16440]
[2016-03-30 13:54:43,171][TRACE][org.elasticsearch.indices.breaker.request] [request] Adjusted breaker by [-16440] bytes, now [0]
[2016-03-30 13:54:43,181][TRACE][org.elasticsearch.indices.breaker.request] [request] Adjusted breaker by [16440] bytes, now [16440]
[2016-03-30 13:54:43,182][TRACE][org.elasticsearch.indices.breaker.request] [request] Adjusted breaker by [-16440] bytes, now [0]
[2016-03-30 13:54:43,182][TRACE][org.elasticsearch.indices.breaker.request] [request] Adjusted breaker by [16440] bytes, now [16440]
[2016-03-30 13:54:43,182][TRACE][org.elasticsearch.indices.breaker.request] [request] Adjusted breaker by [-16440] bytes, now [0]
[2016-03-30 13:54:43,184][TRACE][org.elasticsearch.indices.breaker.request] [request] Adjusted breaker by [16440] bytes, now [16440]
[2016-03-30 13:54:43,184][TRACE][org.elasticsearch.indices.breaker.request] [request] Adjusted breaker by [-16440] bytes, now [0]
[2016-03-30 13:54:43,184][TRACE][org.elasticsearch.indices.breaker.request] [request] Adjusted breaker by [16440] bytes, now [16440]
[2016-03-30 13:54:43,185][TRACE][org.elasticsearch.indices.breaker.request] [request] Adjusted breaker by [-16440] bytes, now [0]
[2016-03-30 13:54:43,193][TRACE][org.elasticsearch.indices.breaker.request] [request] Adjusted breaker by [16440] bytes, now [16440]
[2016-03-30 13:54:43,194][TRACE][org.elasticsearch.indices.breaker.request] [request] Adjusted breaker by [-16440] bytes, now [0]
[2016-03-30 13:54:43,194][TRACE][org.elasticsearch.indices.breaker.request] [request] Adjusted breaker by [16440] bytes, now [16440]
[2016-03-30 13:54:43,194][TRACE][org.elasticsearch.indices.breaker.request] [request] Adjusted breaker by [-16440] bytes, now [0]
[2016-03-30 13:54:43,195][TRACE][org.elasticsearch.indices.breaker.request] [request] Adjusted breaker by [16440] bytes, now [16440]
[2016-03-30 13:54:43,195][TRACE][org.elasticsearch.indices.breaker.request] [request] Adjusted breaker by [-16440] bytes, now [0]
[2016-03-30 13:54:43,196][TRACE][org.elasticsearch.indices.breaker.request] [request] Adjusted breaker by [16440] bytes, now [16440]
[2016-03-30 13:54:43,196][TRACE][org.elasticsearch.indices.breaker.request] [request] Adjusted breaker by [-16440] bytes, now [0]
[2016-03-30 13:54:43,197][TRACE][org.elasticsearch.indices.breaker.request] [request] Adjusted breaker by [16440] bytes, now [16440]
[2016-03-30 13:54:43,197][TRACE][org.elasticsearch.indices.breaker.request] [request] Adjusted breaker by [16440] bytes, now [16440]
[2016-03-30 13:54:43,197][TRACE][org.elasticsearch.indices.breaker.request] [request] Adjusted breaker by [-16440] bytes, now [0]
[2016-03-30 13:54:43,197][TRACE][org.elasticsearch.indices.breaker.request] [request] Adjusted breaker by [-16440] bytes, now [0]
[2016-03-30 13:54:43,198][TRACE][org.elasticsearch.indices.breaker.request] [request] Adjusted breaker by [16440] bytes, now [16440]
[2016-03-30 13:54:43,199][TRACE][org.elasticsearch.indices.breaker.request] [request] Adjusted breaker by [-16440] bytes, now [0]
[2016-03-30 13:54:43,199][TRACE][org.elasticsearch.indices.breaker.request] [request] Adjusted breaker by [16440] bytes, now [16440]
[2016-03-30 13:54:43,199][TRACE][org.elasticsearch.indices.breaker.request] [request] Adjusted breaker by [-16440] bytes, now [0]
[2016-03-30 13:54:43,201][TRACE][org.elasticsearch.indices.breaker.request] [request] Adjusted breaker by [16440] bytes, now [16440]
[2016-03-30 13:54:43,201][TRACE][org.elasticsearch.indices.breaker.request] [request] Adjusted breaker by [-16440] bytes, now [0]
[2016-03-30 13:54:43,202][TRACE][org.elasticsearch.indices.breaker.request] [request] Adjusted breaker by [16440] bytes, now [16440]
[2016-03-30 13:54:43,202][TRACE][org.elasticsearch.indices.breaker.request] [request] Adjusted breaker by [-16440] bytes, now [0]
[2016-03-30 13:54:43,203][TRACE][org.elasticsearch.indices.breaker.request] [request] Adjusted breaker by [16440] bytes, now [16440]
[2016-03-30 13:54:43,203][TRACE][org.elasticsearch.indices.breaker.request] [request] Adjusted breaker by [-16440] bytes, now [0]
[2016-03-30 13:54:43,204][TRACE][org.elasticsearch.indices.breaker.request] [request] Adjusted breaker by [16440] bytes, now [16440]
[2016-03-30 13:54:43,204][TRACE][org.elasticsearch.indices.breaker.request] [request] Adjusted breaker by [-16440] bytes, now [0]
[2016-03-30 13:54:43,205][TRACE][org.elasticsearch.indices.breaker.request] [request] Adjusted breaker by [16440] bytes, now [16440]
[2016-03-30 13:54:43,205][TRACE][org.elasticsearch.indices.breaker.request] [request] Adjusted breaker by [-16440] bytes, now [0]
[2016-03-30 13:54:43,205][TRACE][org.elasticsearch.indices.breaker.request] [request] Adjusted breaker by [16440] bytes, now [16440]
[2016-03-30 13:54:43,206][TRACE][org.elasticsearch.indices.breaker.request] [request] Adjusted breaker by [-16440] bytes, now [0]
[2016-03-30 13:54:43,206][TRACE][org.elasticsearch.indices.breaker.request] [request] Adjusted breaker by [16440] bytes, now [16440]
[2016-03-30 13:54:43,207][TRACE][org.elasticsearch.indices.breaker.request] [request] Adjusted breaker by [-16440] bytes, now [0]
[2016-03-30 13:54:43,207][TRACE][org.elasticsearch.indices.breaker.request] [request] Adjusted breaker by [16440] bytes, now [16440]
[2016-03-30 13:54:43,207][TRACE][org.elasticsearch.indices.breaker.request] [request] Adjusted breaker by [-16440] bytes, now [0]
[2016-03-30 13:54:43,210][TRACE][org.elasticsearch.indices.breaker.request] [request] Adjusted breaker by [16440] bytes, now [16440]
[2016-03-30 13:54:43,210][TRACE][org.elasticsearch.indices.breaker.request] [request] Adjusted breaker by [16440] bytes, now [16440]
[2016-03-30 13:54:43,210][TRACE][org.elasticsearch.indices.breaker.request] [request] Adjusted breaker by [-16440] bytes, now [0]
[2016-03-30 13:54:43,210][TRACE][org.elasticsearch.indices.breaker.request] [request] Adjusted breaker by [-16440] bytes, now [0]
[2016-03-30 13:54:43,211][TRACE][org.elasticsearch.indices.breaker.request] [request] Adjusted breaker by [16440] bytes, now [16440]
[2016-03-30 13:54:43,225][TRACE][org.elasticsearch.indices.breaker.request] [request] Adjusted breaker by [-16440] bytes, now [0]
[2016-03-30 13:54:43,225][TRACE][org.elasticsearch.indices] [node_s0] [test][9] warming [MultiReader(FilterLeafReader(_0(5.4.0):c118) FilterLeafReader(_1(5.4.0):c11))]
[2016-03-30 13:54:43,226][TRACE][org.elasticsearch.indices.breaker.request] [request] Adjusted breaker by [16440] bytes, now [16440]
[2016-03-30 13:54:43,226][TRACE][org.elasticsearch.indices] [node_s0] [test][9] top warming [ElasticsearchDirectoryReader(FilterLeafReader(_0(5.4.0):c118) FilterLeafReader(_1(5.4.0):c11))]
[2016-03-30 13:54:43,226][TRACE][org.elasticsearch.indices.breaker.request] [request] Adjusted breaker by [-16440] bytes, now [0]
[2016-03-30 13:54:43,227][TRACE][org.elasticsearch.indices.breaker.request] [request] Adjusted breaker by [16440] bytes, now [16440]
[2016-03-30 13:54:43,227][TRACE][org.elasticsearch.indices.breaker.request] [request] Adjusted breaker by [-16440] bytes, now [0]
[2016-03-30 13:54:43,228][TRACE][org.elasticsearch.indices.breaker.request] [request] Adjusted breaker by [16440] bytes, now [16440]
[2016-03-30 13:54:43,228][TRACE][org.elasticsearch.indices.breaker.request] [request] Adjusted breaker by [-16440] bytes, now [0]
[2016-03-30 13:54:43,229][TRACE][org.elasticsearch.indices.breaker.request] [request] Adjusted breaker by [16440] bytes, now [16440]
[2016-03-30 13:54:43,229][TRACE][org.elasticsearch.indices.breaker.request] [request] Adjusted breaker by [-16440] bytes, now [0]
[2016-03-30 13:54:43,229][TRACE][org.elasticsearch.indices.breaker.request] [request] Adjusted breaker by [16440] bytes, now [16440]
[2016-03-30 13:54:43,229][TRACE][org.elasticsearch.indices.breaker.request] [request] Adjusted breaker by [-16440] bytes, now [0]
[2016-03-30 13:54:43,230][TRACE][org.elasticsearch.indices.breaker.request] [request] Adjusted breaker by [16440] bytes, now [16440]
[2016-03-30 13:54:43,231][TRACE][org.elasticsearch.indices.breaker.request] [request] Adjusted breaker by [-16440] bytes, now [0]
[2016-03-30 13:54:43,231][TRACE][org.elasticsearch.indices.breaker.request] [request] Adjusted breaker by [16440] bytes, now [16440]
[2016-03-30 13:54:43,231][TRACE][org.elasticsearch.indices.breaker.request] [request] Adjusted breaker by [-16440] bytes, now [0]
[2016-03-30 13:54:43,232][TRACE][org.elasticsearch.indices.breaker.request] [request] Adjusted breaker by [16440] bytes, now [16440]
[2016-03-30 13:54:43,233][TRACE][org.elasticsearch.indices.breaker.request] [request] Adjusted breaker by [-16440] bytes, now [0]
[2016-03-30 13:54:43,233][TRACE][org.elasticsearch.indices.flush] [node_s0] [test][9] pre sync flush done. commit id VK1nW4wmURky6W22z8htBw==
[2016-03-30 13:54:43,233][TRACE][org.elasticsearch.indices.flush] [node_s0] [test][9] retrieving in flight operation count
[2016-03-30 13:54:43,233][TRACE][org.elasticsearch.indices.breaker.request] [request] Adjusted breaker by [16440] bytes, now [16440]
[2016-03-30 13:54:43,233][TRACE][org.elasticsearch.indices.breaker.request] [request] Adjusted breaker by [-16440] bytes, now [0]
[2016-03-30 13:54:43,233][TRACE][org.elasticsearch.indices.flush] [node_s3] [test][9] in flight operations sampled at [0]
[2016-03-30 13:54:43,234][TRACE][org.elasticsearch.indices.flush] [node_s0] [test][9] sending synced flush request to [test][9], node[Q4P4gfwCSVmM5TnOfNl8Iw], [P], v[6], s[STARTED], a[id=7tO48xk2Slq3r9ALwgqxzw]. sync id [AVPJTpMicuDhFsMJAmc2].
[2016-03-30 13:54:43,233][TRACE][org.elasticsearch.indices.flush] [node_s0] [test][0] performing sync flush. sync id [AVPJTn26cuDhFsMJAmJ8], expected commit id VK1nW4wmURky6W22z8hsjw==
[2016-03-30 13:54:43,234][TRACE][org.elasticsearch.indices.flush] [node_s0] [test][0] sync flush done. sync id [AVPJTn26cuDhFsMJAmJ8], result [PENDING_OPERATIONS]
[2016-03-30 13:54:43,234][TRACE][org.elasticsearch.indices.flush] [node_s0] [test][9] sending synced flush request to [test][9], node[8X2Ed1xFSrylEKDMjLmvkQ], [R], v[6], s[STARTED], a[id=3DyU-c2CRGCJ7i7cct1DoA]. sync id [AVPJTpMicuDhFsMJAmc2].
[2016-03-30 13:54:43,234][TRACE][org.elasticsearch.indices.flush] [node_s3] [test][9] performing sync flush. sync id [AVPJTpMicuDhFsMJAmc2], expected commit id VK1nW4wmURky6W22z8htAQ==
[2016-03-30 13:54:43,234][TRACE][org.elasticsearch.indices.flush] [node_s0] [test][9] sending synced flush request to [test][9], node[c9PGTkUhQVSZ1aq6LXuXxw], [R], v[6], s[STARTED], a[id=m2ctSIEwRfOmIenYitrgPw]. sync id [AVPJTpMicuDhFsMJAmc2].
[2016-03-30 13:54:43,235][TRACE][org.elasticsearch.indices.flush] [node_s0] [test][1] performing sync flush. sync id [AVPJTn7UcuDhFsMJAmKQ], expected commit id VK1nW4wmURky6W22z8hssA==
[2016-03-30 13:54:43,235][TRACE][org.elasticsearch.indices.flush] [node_s3] [test][9] sync flush done. sync id [AVPJTpMicuDhFsMJAmc2], result [PENDING_OPERATIONS]
[2016-03-30 13:54:43,235][TRACE][org.elasticsearch.indices.flush] [node_s0] [test][1] sync flush done. sync id [AVPJTn7UcuDhFsMJAmKQ], result [PENDING_OPERATIONS]
[2016-03-30 13:54:43,235][TRACE][org.elasticsearch.indices.flush] [node_s1] [test][9] performing sync flush. sync id [AVPJTpMicuDhFsMJAmc2], expected commit id VK1nW4wmURky6W22z8htAA==
[2016-03-30 13:54:43,235][TRACE][org.elasticsearch.indices.flush] [node_s1] [test][9] sync flush done. sync id [AVPJTpMicuDhFsMJAmc2], result [PENDING_OPERATIONS]
[2016-03-30 13:54:43,235][TRACE][org.elasticsearch.indices.breaker.request] [request] Adjusted breaker by [16440] bytes, now [16440]
[2016-03-30 13:54:43,236][TRACE][org.elasticsearch.indices.breaker.request] [request] Adjusted breaker by [-16440] bytes, now [0]
[2016-03-30 13:54:43,236][TRACE][org.elasticsearch.indices.breaker.request] [request] Adjusted breaker by [16440] bytes, now [16440]
[2016-03-30 13:54:43,236][TRACE][org.elasticsearch.indices.breaker.request] [request] Adjusted breaker by [-16440] bytes, now [0]
[2016-03-30 13:54:43,238][TRACE][org.elasticsearch.indices.breaker.request] [request] Adjusted breaker by [16440] bytes, now [16440]
[2016-03-30 13:54:43,238][TRACE][org.elasticsearch.indices.breaker.request] [request] Adjusted breaker by [16440] bytes, now [16440]
[2016-03-30 13:54:43,238][TRACE][org.elasticsearch.indices.breaker.request] [request] Adjusted breaker by [-16440] bytes, now [0]
[2016-03-30 13:54:43,238][TRACE][org.elasticsearch.indices.breaker.request] [request] Adjusted breaker by [-16440] bytes, now [0]
[2016-03-30 13:54:43,239][TRACE][org.elasticsearch.indices.breaker.request] [request] Adjusted breaker by [16440] bytes, now [16440]
[2016-03-30 13:54:43,239][TRACE][org.elasticsearch.indices.breaker.request] [request] Adjusted breaker by [-16440] bytes, now [0]
[2016-03-30 13:54:43,239][TRACE][org.elasticsearch.indices.breaker.request] [request] Adjusted breaker by [16440] bytes, now [16440]
[2016-03-30 13:54:43,239][TRACE][org.elasticsearch.indices.breaker.request] [request] Adjusted breaker by [-16440] bytes, now [0]
[2016-03-30 13:54:43,240][TRACE][org.elasticsearch.indices.flush] [node_s0] [test][2] performing sync flush. sync id [AVPJToF0cuDhFsMJAmMD], expected commit id VK1nW4wmURky6W22z8hsyg==
[2016-03-30 13:54:43,240][TRACE][org.elasticsearch.indices.flush] [node_s0] [test][2] sync flush done. sync id [AVPJToF0cuDhFsMJAmMD], result [PENDING_OPERATIONS]
[2016-03-30 13:54:43,241][TRACE][org.elasticsearch.indices.breaker.request] [request] Adjusted breaker by [16440] bytes, now [16440]
[2016-03-30 13:54:43,241][TRACE][org.elasticsearch.indices.breaker.request] [request] Adjusted breaker by [-16440] bytes, now [0]
[2016-03-30 13:54:43,241][TRACE][org.elasticsearch.indices.breaker.request] [request] Adjusted breaker by [16440] bytes, now [16440]
[2016-03-30 13:54:43,241][TRACE][org.elasticsearch.indices.breaker.request] [request] Adjusted breaker by [-16440] bytes, now [0]
[2016-03-30 13:54:43,243][TRACE][org.elasticsearch.indices.breaker.request] [request] Adjusted breaker by [16440] bytes, now [16440]
[2016-03-30 13:54:43,243][TRACE][org.elasticsearch.indices.breaker.request] [request] Adjusted breaker by [16440] bytes, now [16440]
[2016-03-30 13:54:43,243][TRACE][org.elasticsearch.indices.breaker.request] [request] Adjusted breaker by [-16440] bytes, now [0]
[2016-03-30 13:54:43,243][TRACE][org.elasticsearch.indices.breaker.request] [request] Adjusted breaker by [-16440] bytes, now [0]
[2016-03-30 13:54:43,244][TRACE][org.elasticsearch.indices.breaker.request] [request] Adjusted breaker by [16440] bytes, now [16440]
[2016-03-30 13:54:43,244][TRACE][org.elasticsearch.indices.breaker.request] [request] Adjusted breaker by [16440] bytes, now [16440]
[2016-03-30 13:54:43,244][TRACE][org.elasticsearch.indices.breaker.request] [request] Adjusted breaker by [-16440] bytes, now [0]
[2016-03-30 13:54:43,244][TRACE][org.elasticsearch.indices.breaker.request] [request] Adjusted breaker by [-16440] bytes, now [0]
[2016-03-30 13:54:43,246][TRACE][org.elasticsearch.indices.breaker.request] [request] Adjusted breaker by [16440] bytes, now [16440]
[2016-03-30 13:54:43,246][TRACE][org.elasticsearch.indices.breaker.request] [request] Adjusted breaker by [16440] bytes, now [16440]
[2016-03-30 13:54:43,246][TRACE][org.elasticsearch.indices.breaker.request] [request] Adjusted breaker by [-16440] bytes, now [0]
[2016-03-30 13:54:43,246][TRACE][org.elasticsearch.indices.breaker.request] [request] Adjusted breaker by [-16440] bytes, now [0]
[2016-03-30 13:54:43,247][TRACE][org.elasticsearch.indices.breaker.request] [request] Adjusted breaker by [16440] bytes, now [16440]
[2016-03-30 13:54:43,247][TRACE][org.elasticsearch.indices.breaker.request] [request] Adjusted breaker by [-16440] bytes, now [0]
[2016-03-30 13:54:43,248][TRACE][org.elasticsearch.indices.breaker.request] [request] Adjusted breaker by [16440] bytes, now [16440]
[2016-03-30 13:54:43,248][TRACE][org.elasticsearch.indices.breaker.request] [request] Adjusted breaker by [-16440] bytes, now [0]
[2016-03-30 13:54:43,249][TRACE][org.elasticsearch.indices.flush] [node_s0] [test][3] performing sync flush. sync id [AVPJToPRcuDhFsMJAmN_], expected commit id VK1nW4wmURky6W22z8hs1A==
[2016-03-30 13:54:43,249][TRACE][org.elasticsearch.indices.flush] [node_s0] [test][3] sync flush done. sync id [AVPJToPRcuDhFsMJAmN_], result [PENDING_OPERATIONS]
[2016-03-30 13:54:43,250][TRACE][org.elasticsearch.indices.breaker.request] [request] Adjusted breaker by [16440] bytes, now [16440]
[2016-03-30 13:54:43,250][TRACE][org.elasticsearch.indices.flush] [node_s0] [test][4] performing sync flush. sync id [AVPJToYRcuDhFsMJAmQS], expected commit id VK1nW4wmURky6W22z8hs3Q==
[2016-03-30 13:54:43,250][TRACE][org.elasticsearch.indices.breaker.request] [request] Adjusted breaker by [-16440] bytes, now [0]
[2016-03-30 13:54:43,250][TRACE][org.elasticsearch.indices.flush] [node_s0] [test][4] sync flush done. sync id [AVPJToYRcuDhFsMJAmQS], result [PENDING_OPERATIONS]
[2016-03-30 13:54:43,251][TRACE][org.elasticsearch.indices.flush] [node_s0] [test][5] performing sync flush. sync id [AVPJTojLcuDhFsMJAmS3], expected commit id VK1nW4wmURky6W22z8hs5g==
[2016-03-30 13:54:43,251][TRACE][org.elasticsearch.indices.flush] [node_s0] [test][5] sync flush done. sync id [AVPJTojLcuDhFsMJAmS3], result [PENDING_OPERATIONS]
[2016-03-30 13:54:43,251][TRACE][org.elasticsearch.indices.breaker.request] [request] Adjusted breaker by [16440] bytes, now [16440]
[2016-03-30 13:54:43,251][TRACE][org.elasticsearch.indices.flush] [node_s0] [test][6] performing sync flush. sync id [AVPJToq8cuDhFsMJAmU_], expected commit id VK1nW4wmURky6W22z8hs8A==
[2016-03-30 13:54:43,251][TRACE][org.elasticsearch.indices.breaker.request] [request] Adjusted breaker by [-16440] bytes, now [0]
[2016-03-30 13:54:43,251][TRACE][org.elasticsearch.indices.flush] [node_s0] [test][6] sync flush done. sync id [AVPJToq8cuDhFsMJAmU_], result [PENDING_OPERATIONS]
[2016-03-30 13:54:43,251][TRACE][org.elasticsearch.indices.flush] [node_s0] [test][7] performing sync flush. sync id [AVPJToy5cuDhFsMJAmXV], expected commit id VK1nW4wmURky6W22z8hs+g==
[2016-03-30 13:54:43,251][TRACE][org.elasticsearch.indices.flush] [node_s0] [test][7] sync flush done. sync id [AVPJToy5cuDhFsMJAmXV], result [PENDING_OPERATIONS]
[2016-03-30 13:54:43,251][TRACE][org.elasticsearch.indices.flush] [node_s0] [test][9] performing sync flush. sync id [AVPJTpMicuDhFsMJAmc2], expected commit id VK1nW4wmURky6W22z8htBw==
[2016-03-30 13:54:43,251][TRACE][org.elasticsearch.indices.flush] [node_s0] [test][9] sync flush done. sync id [AVPJTpMicuDhFsMJAmc2], result [PENDING_OPERATIONS]
[2016-03-30 13:54:43,252][TRACE][org.elasticsearch.indices.breaker.request] [request] Adjusted breaker by [16440] bytes, now [16440]
[2016-03-30 13:54:43,252][TRACE][org.elasticsearch.indices.breaker.request] [request] Adjusted breaker by [-16440] bytes, now [0]
[2016-03-30 13:54:43,253][TRACE][org.elasticsearch.indices.breaker.request] [request] Adjusted breaker by [16440] bytes, now [16440]
[2016-03-30 13:54:43,253][TRACE][org.elasticsearch.indices.breaker.request] [request] Adjusted breaker by [-16440] bytes, now [0]
[2016-03-30 13:54:43,254][TRACE][org.elasticsearch.indices.breaker.request] [request] Adjusted breaker by [16440] bytes, now [16440]
[2016-03-30 13:54:43,254][TRACE][org.elasticsearch.indices.breaker.request] [request] Adjusted breaker by [-16440] bytes, now [0]
[2016-03-30 13:54:43,254][TRACE][org.elasticsearch.indices.breaker.request] [request] Adjusted breaker by [16440] bytes, now [16440]
[2016-03-30 13:54:43,254][TRACE][org.elasticsearch.indices.breaker.request] [request] Adjusted breaker by [-16440] bytes, now [0]
[2016-03-30 13:54:43,256][TRACE][org.elasticsearch.indices.breaker.request] [request] Adjusted breaker by [16440] bytes, now [16440]
[2016-03-30 13:54:43,256][TRACE][org.elasticsearch.indices.breaker.request] [request] Adjusted breaker by [-16440] bytes, now [0]
[2016-03-30 13:54:43,256][TRACE][org.elasticsearch.indices.breaker.request] [request] Adjusted breaker by [16440] bytes, now [16440]
[2016-03-30 13:54:43,256][TRACE][org.elasticsearch.indices.breaker.request] [request] Adjusted breaker by [-16440] bytes, now [0]
[2016-03-30 13:54:43,257][TRACE][org.elasticsearch.indices.breaker.request] [request] Adjusted breaker by [16440] bytes, now [16440]
[2016-03-30 13:54:43,258][TRACE][org.elasticsearch.indices.breaker.request] [request] Adjusted breaker by [-16440] bytes, now [0]
[2016-03-30 13:54:43,260][TRACE][org.elasticsearch.indices.breaker.request] [request] Adjusted breaker by [16440] bytes, now [16440]
[2016-03-30 13:54:43,260][TRACE][org.elasticsearch.indices.breaker.request] [request] Adjusted breaker by [-16440] bytes, now [0]
[2016-03-30 13:54:43,261][TRACE][org.elasticsearch.indices.breaker.request] [request] Adjusted breaker by [16440] bytes, now [16440]
[2016-03-30 13:54:43,261][TRACE][org.elasticsearch.indices.breaker.request] [request] Adjusted breaker by [-16440] bytes, now [0]
[2016-03-30 13:54:43,261][TRACE][org.elasticsearch.indices.breaker.request] [request] Adjusted breaker by [16440] bytes, now [16440]
[2016-03-30 13:54:43,262][TRACE][org.elasticsearch.indices.breaker.request] [request] Adjusted breaker by [-16440] bytes, now [0]
[2016-03-30 13:54:43,264][TRACE][org.elasticsearch.indices.breaker.request] [request] Adjusted breaker by [16440] bytes, now [16440]
[2016-03-30 13:54:43,264][TRACE][org.elasticsearch.indices.breaker.request] [request] Adjusted breaker by [16440] bytes, now [16440]
[2016-03-30 13:54:43,265][TRACE][org.elasticsearch.indices.breaker.request] [request] Adjusted breaker by [-16440] bytes, now [0]
[2016-03-30 13:54:43,265][TRACE][org.elasticsearch.indices.breaker.request] [request] Adjusted breaker by [-16440] bytes, now [0]
[2016-03-30 13:54:43,267][TRACE][org.elasticsearch.indices.breaker.request] [request] Adjusted breaker by [16440] bytes, now [16440]
[2016-03-30 13:54:43,267][TRACE][org.elasticsearch.indices.breaker.request] [request] Adjusted breaker by [16440] bytes, now [16440]
[2016-03-30 13:54:43,267][TRACE][org.elasticsearch.indices.breaker.request] [request] Adjusted breaker by [-16440] bytes, now [0]
[2016-03-30 13:54:43,267][TRACE][org.elasticsearch.indices.breaker.request] [request] Adjusted breaker by [-16440] bytes, now [0]
[2016-03-30 13:54:43,269][INFO ][org.elasticsearch.indices.flush] --> sync flush done
[2016-03-30 13:54:43,269][TRACE][org.elasticsearch.indices.breaker.request] [request] Adjusted breaker by [16440] bytes, now [16440]
[2016-03-30 13:54:43,269][TRACE][org.elasticsearch.indices.breaker.request] [request] Adjusted breaker by [16440] bytes, now [16440]
[2016-03-30 13:54:43,269][TRACE][org.elasticsearch.indices.breaker.request] [request] Adjusted breaker by [-16440] bytes, now [0]
[2016-03-30 13:54:43,269][TRACE][org.elasticsearch.indices.breaker.request] [request] Adjusted breaker by [-16440] bytes, now [0]
[2016-03-30 13:54:43,286][INFO ][org.elasticsearch.indices.flush] [test][1] sync flush failed for on node Q4P4gfwCSVmM5TnOfNl8Iw
[2016-03-30 13:54:43,286][INFO ][org.elasticsearch.indices.flush] [test][9] sync flush failed for on node Q4P4gfwCSVmM5TnOfNl8Iw
[2016-03-30 13:54:43,286][INFO ][org.elasticsearch.indices.flush] [test][4] sync flush failed for on node Q4P4gfwCSVmM5TnOfNl8Iw
[2016-03-30 13:54:43,287][INFO ][org.elasticsearch.indices.flush] [test][3] sync flush failed for on node Q4P4gfwCSVmM5TnOfNl8Iw
[2016-03-30 13:54:43,287][INFO ][org.elasticsearch.indices.flush] [test][5] sync flush failed for on node Q4P4gfwCSVmM5TnOfNl8Iw
[2016-03-30 13:54:43,287][INFO ][org.elasticsearch.indices.flush] [test][7] sync flush failed for on node Q4P4gfwCSVmM5TnOfNl8Iw
[2016-03-30 13:54:43,287][INFO ][org.elasticsearch.indices.flush] [test][2] sync flush failed for on node Q4P4gfwCSVmM5TnOfNl8Iw
[2016-03-30 13:54:43,287][INFO ][org.elasticsearch.indices.flush] [test][6] sync flush failed for on node Q4P4gfwCSVmM5TnOfNl8Iw
[2016-03-30 13:54:43,287][INFO ][org.elasticsearch.indices.flush] [test][0] sync flush failed for on node Q4P4gfwCSVmM5TnOfNl8Iw
[2016-03-30 13:54:43,287][INFO ][org.elasticsearch.indices.flush] [test][1] sync flush failed for on node 8X2Ed1xFSrylEKDMjLmvkQ
[2016-03-30 13:54:43,287][INFO ][org.elasticsearch.indices.flush] [test][9] sync flush failed for on node 8X2Ed1xFSrylEKDMjLmvkQ
[2016-03-30 13:54:43,287][INFO ][org.elasticsearch.indices.flush] [test][4] sync flush failed for on node 8X2Ed1xFSrylEKDMjLmvkQ
[2016-03-30 13:54:43,287][INFO ][org.elasticsearch.indices.flush] [test][3] sync flush failed for on node 8X2Ed1xFSrylEKDMjLmvkQ
[2016-03-30 13:54:43,287][INFO ][org.elasticsearch.indices.flush] [test][5] sync flush failed for on node 8X2Ed1xFSrylEKDMjLmvkQ
[2016-03-30 13:54:43,287][INFO ][org.elasticsearch.indices.flush] [test][7] sync flush failed for on node 8X2Ed1xFSrylEKDMjLmvkQ
[2016-03-30 13:54:43,288][INFO ][org.elasticsearch.indices.flush] [test][2] sync flush failed for on node 8X2Ed1xFSrylEKDMjLmvkQ
[2016-03-30 13:54:43,288][INFO ][org.elasticsearch.indices.flush] [test][6] sync flush failed for on node 8X2Ed1xFSrylEKDMjLmvkQ
[2016-03-30 13:54:43,288][INFO ][org.elasticsearch.indices.flush] [test][0] sync flush failed for on node 8X2Ed1xFSrylEKDMjLmvkQ
[2016-03-30 13:54:43,288][INFO ][org.elasticsearch.indices.flush] [test][1] sync flush failed for on node c9PGTkUhQVSZ1aq6LXuXxw
[2016-03-30 13:54:43,288][INFO ][org.elasticsearch.indices.flush] [test][9] sync flush failed for on node c9PGTkUhQVSZ1aq6LXuXxw
[2016-03-30 13:54:43,288][INFO ][org.elasticsearch.indices.flush] [test][4] sync flush failed for on node c9PGTkUhQVSZ1aq6LXuXxw
[2016-03-30 13:54:43,288][INFO ][org.elasticsearch.indices.flush] [test][3] sync flush failed for on node c9PGTkUhQVSZ1aq6LXuXxw
[2016-03-30 13:54:43,288][INFO ][org.elasticsearch.indices.flush] [test][5] sync flush failed for on node c9PGTkUhQVSZ1aq6LXuXxw
[2016-03-30 13:54:43,288][INFO ][org.elasticsearch.indices.flush] [test][7] sync flush failed for on node c9PGTkUhQVSZ1aq6LXuXxw
[2016-03-30 13:54:43,288][INFO ][org.elasticsearch.indices.flush] [test][2] sync flush failed for on node c9PGTkUhQVSZ1aq6LXuXxw
[2016-03-30 13:54:43,288][INFO ][org.elasticsearch.indices.flush] [test][6] sync flush failed for on node c9PGTkUhQVSZ1aq6LXuXxw
[2016-03-30 13:54:43,288][INFO ][org.elasticsearch.indices.flush] [test][0] sync flush failed for on node c9PGTkUhQVSZ1aq6LXuXxw
[2016-03-30 13:54:43,819][TRACE][org.elasticsearch.indices] [node_s1] [test][5] warming [MultiReader(FilterLeafReader(_2(5.4.0):c95))]
[2016-03-30 13:54:43,820][TRACE][org.elasticsearch.indices] [node_s1] [test][5] top warming [ElasticsearchDirectoryReader(FilterLeafReader(_0(5.4.0):c26) FilterLeafReader(_1(5.4.0):c10) FilterLeafReader(_2(5.4.0):c95))]
[2016-03-30 13:54:43,838][TRACE][org.elasticsearch.indices] [node_s0] [test][1] warming [MultiReader(FilterLeafReader(_2(5.4.0):c138))]
[2016-03-30 13:54:43,838][TRACE][org.elasticsearch.indices] [node_s0] [test][1] top warming [ElasticsearchDirectoryReader(FilterLeafReader(_0(5.4.0):c1) FilterLeafReader(_1(5.4.0):c1) FilterLeafReader(_2(5.4.0):c138))]
[2016-03-30 13:54:43,858][TRACE][org.elasticsearch.indices] [node_s3] [test][3] warming [MultiReader(FilterLeafReader(_2(5.4.0):c114))]
[2016-03-30 13:54:43,858][TRACE][org.elasticsearch.indices] [node_s3] [test][3] top warming [ElasticsearchDirectoryReader(FilterLeafReader(_0(5.4.0):c3) FilterLeafReader(_1(5.4.0):c3) FilterLeafReader(_2(5.4.0):c114))]
[2016-03-30 13:54:44,259][TRACE][org.elasticsearch.indices] [node_s3] [test][9] warming [MultiReader(FilterLeafReader(_2(5.4.0):c26))]
[2016-03-30 13:54:44,259][TRACE][org.elasticsearch.indices] [node_s3] [test][9] top warming [ElasticsearchDirectoryReader(FilterLeafReader(_0(5.4.0):c93) FilterLeafReader(_1(5.4.0):c17) FilterLeafReader(_2(5.4.0):c26))]
[2016-03-30 13:54:44,306][TRACE][org.elasticsearch.indices] [node_s1] [test][8] warming [MultiReader(FilterLeafReader(_2(5.4.0):c38))]
[2016-03-30 13:54:44,306][TRACE][org.elasticsearch.indices] [node_s1] [test][8] top warming [ElasticsearchDirectoryReader(FilterLeafReader(_0(5.4.0):c58) FilterLeafReader(_1(5.4.0):c3) FilterLeafReader(_2(5.4.0):c38))]
[2016-03-30 13:54:44,307][TRACE][org.elasticsearch.indices] [node_s0] [test][4] warming [MultiReader(FilterLeafReader(_2(5.4.0):c76))]
[2016-03-30 13:54:44,307][TRACE][org.elasticsearch.indices] [node_s0] [test][4] top warming [ElasticsearchDirectoryReader(FilterLeafReader(_0(5.4.0):c23) FilterLeafReader(_1(5.4.0):c8) FilterLeafReader(_2(5.4.0):c76))]
[2016-03-30 13:54:44,520][TRACE][org.elasticsearch.indices] [node_s3] [test][6] warming [MultiReader(FilterLeafReader(_2(5.4.0):c58))]
[2016-03-30 13:54:44,520][TRACE][org.elasticsearch.indices] [node_s3] [test][6] top warming [ElasticsearchDirectoryReader(FilterLeafReader(_0(5.4.0):c42) FilterLeafReader(_1(5.4.0):c5) FilterLeafReader(_2(5.4.0):c58))]
[2016-03-30 13:54:44,576][TRACE][org.elasticsearch.indices] [node_s0] [test][7] warming [MultiReader(FilterLeafReader(_2(5.4.0):c54))]
[2016-03-30 13:54:44,576][TRACE][org.elasticsearch.indices] [node_s0] [test][7] top warming [ElasticsearchDirectoryReader(FilterLeafReader(_0(5.4.0):c76) FilterLeafReader(_1(5.4.0):c6) FilterLeafReader(_2(5.4.0):c54))]
[2016-03-30 13:54:44,627][TRACE][org.elasticsearch.indices] [node_s1] [test][2] warming [MultiReader(FilterLeafReader(_1(5.4.0):c109))]
[2016-03-30 13:54:44,627][TRACE][org.elasticsearch.indices] [node_s1] [test][2] top warming [ElasticsearchDirectoryReader(FilterLeafReader(_0(5.4.0):c1) FilterLeafReader(_1(5.4.0):c109))]
[2016-03-30 13:54:44,791][TRACE][org.elasticsearch.indices] [node_s3] [test][0] warming [MultiReader(FilterLeafReader(_0(5.4.0):c137))]
[2016-03-30 13:54:44,792][TRACE][org.elasticsearch.indices] [node_s3] [test][0] top warming [ElasticsearchDirectoryReader(FilterLeafReader(_0(5.4.0):c137))]
[2016-03-30 13:54:44,864][TRACE][org.elasticsearch.indices] [node_s0] [test][5] warming [MultiReader(FilterLeafReader(_2(5.4.0):c76))]
[2016-03-30 13:54:44,864][TRACE][org.elasticsearch.indices] [node_s0] [test][5] top warming [ElasticsearchDirectoryReader(FilterLeafReader(_0(5.4.0):c46) FilterLeafReader(_1(5.4.0):c9) FilterLeafReader(_2(5.4.0):c76))]
[2016-03-30 13:54:44,959][TRACE][org.elasticsearch.indices] [node_s1] [test][1] warming [MultiReader(FilterLeafReader(_1(5.4.0):c139))]
[2016-03-30 13:54:44,960][TRACE][org.elasticsearch.indices] [node_s1] [test][1] top warming [ElasticsearchDirectoryReader(FilterLeafReader(_0(5.4.0):c1) FilterLeafReader(_1(5.4.0):c139))]
[2016-03-30 13:54:45,126][TRACE][org.elasticsearch.indices] [node_s3] [test][5] warming [MultiReader(FilterLeafReader(_2(5.4.0):c95))]
[2016-03-30 13:54:45,126][TRACE][org.elasticsearch.indices] [node_s3] [test][5] top warming [ElasticsearchDirectoryReader(FilterLeafReader(_0(5.4.0):c29) FilterLeafReader(_1(5.4.0):c7) FilterLeafReader(_2(5.4.0):c95))]
[2016-03-30 13:54:45,205][TRACE][org.elasticsearch.indices] [node_s0] [test][3] warming [MultiReader(FilterLeafReader(_2(5.4.0):c94))]
[2016-03-30 13:54:45,205][TRACE][org.elasticsearch.indices] [node_s0] [test][3] top warming [ElasticsearchDirectoryReader(FilterLeafReader(_0(5.4.0):c18) FilterLeafReader(_1(5.4.0):c8) FilterLeafReader(_2(5.4.0):c94))]
[2016-03-30 13:54:45,216][TRACE][org.elasticsearch.indices] [node_s1] [test][3] warming [MultiReader(FilterLeafReader(_2(5.4.0):c114))]
[2016-03-30 13:54:45,216][TRACE][org.elasticsearch.indices] [node_s1] [test][3] top warming [ElasticsearchDirectoryReader(FilterLeafReader(_0(5.4.0):c3) FilterLeafReader(_1(5.4.0):c3) FilterLeafReader(_2(5.4.0):c114))]
[2016-03-30 13:54:45,299][TRACE][org.elasticsearch.indices] [node_s3] [test][1] warming [MultiReader(FilterLeafReader(_1(5.4.0):c139))]
[2016-03-30 13:54:45,299][TRACE][org.elasticsearch.indices] [node_s3] [test][1] top warming [ElasticsearchDirectoryReader(FilterLeafReader(_0(5.4.0):c1) FilterLeafReader(_1(5.4.0):c139))]
[2016-03-30 13:54:45,368][TRACE][org.elasticsearch.indices] [node_s1] [test][9] warming [MultiReader(FilterLeafReader(_2(5.4.0):c27))]
[2016-03-30 13:54:45,368][TRACE][org.elasticsearch.indices] [node_s1] [test][9] top warming [ElasticsearchDirectoryReader(FilterLeafReader(_0(5.4.0):c93) FilterLeafReader(_1(5.4.0):c16) FilterLeafReader(_2(5.4.0):c27))]
[2016-03-30 13:54:45,369][TRACE][org.elasticsearch.indices] [node_s0] [test][9] warming [MultiReader(FilterLeafReader(_2(5.4.0):c7))]
[2016-03-30 13:54:45,369][TRACE][org.elasticsearch.indices] [node_s0] [test][9] top warming [ElasticsearchDirectoryReader(FilterLeafReader(_0(5.4.0):c118) FilterLeafReader(_1(5.4.0):c11) FilterLeafReader(_2(5.4.0):c7))]
[2016-03-30 13:54:45,502][TRACE][org.elasticsearch.indices] [node_s3] [test][8] warming [MultiReader(FilterLeafReader(_2(5.4.0):c38))]
[2016-03-30 13:54:45,503][TRACE][org.elasticsearch.indices] [node_s3] [test][8] top warming [ElasticsearchDirectoryReader(FilterLeafReader(_0(5.4.0):c58) FilterLeafReader(_1(5.4.0):c3) FilterLeafReader(_2(5.4.0):c38))]
[2016-03-30 13:54:45,619][TRACE][org.elasticsearch.indices] [node_s0] [test][8] warming [MultiReader(FilterLeafReader(_2(5.4.0):c19))]
[2016-03-30 13:54:45,619][TRACE][org.elasticsearch.indices] [node_s0] [test][8] top warming [ElasticsearchDirectoryReader(FilterLeafReader(_0(5.4.0):c68) FilterLeafReader(_1(5.4.0):c12) FilterLeafReader(_2(5.4.0):c19))]
[2016-03-30 13:54:45,718][TRACE][org.elasticsearch.indices] [node_s1] [test][4] warming [MultiReader(FilterLeafReader(_2(5.4.0):c87))]
[2016-03-30 13:54:45,718][TRACE][org.elasticsearch.indices] [node_s1] [test][4] top warming [ElasticsearchDirectoryReader(FilterLeafReader(_0(5.4.0):c14) FilterLeafReader(_1(5.4.0):c6) FilterLeafReader(_2(5.4.0):c87))]
[2016-03-30 13:54:45,920][TRACE][org.elasticsearch.indices] [node_s3] [test][4] warming [MultiReader(FilterLeafReader(_2(5.4.0):c86))]
[2016-03-30 13:54:45,920][TRACE][org.elasticsearch.indices] [node_s3] [test][4] top warming [ElasticsearchDirectoryReader(FilterLeafReader(_0(5.4.0):c16) FilterLeafReader(_1(5.4.0):c5) FilterLeafReader(_2(5.4.0):c86))]
[2016-03-30 13:54:46,000][TRACE][org.elasticsearch.indices] [node_s0] [test][6] warming [MultiReader(FilterLeafReader(_2(5.4.0):c47))]
[2016-03-30 13:54:46,001][TRACE][org.elasticsearch.indices] [node_s0] [test][6] top warming [ElasticsearchDirectoryReader(FilterLeafReader(_0(5.4.0):c50) FilterLeafReader(_1(5.4.0):c8) FilterLeafReader(_2(5.4.0):c47))]
[2016-03-30 13:54:46,095][TRACE][org.elasticsearch.indices] [node_s1] [test][6] warming [MultiReader(FilterLeafReader(_2(5.4.0):c58))]
[2016-03-30 13:54:46,096][TRACE][org.elasticsearch.indices] [node_s1] [test][6] top warming [ElasticsearchDirectoryReader(FilterLeafReader(_0(5.4.0):c38) FilterLeafReader(_1(5.4.0):c9) FilterLeafReader(_2(5.4.0):c58))]
[2016-03-30 13:54:46,158][TRACE][org.elasticsearch.indices] [node_s3] [test][7] warming [MultiReader(FilterLeafReader(_2(5.4.0):c68))]
[2016-03-30 13:54:46,158][TRACE][org.elasticsearch.indices] [node_s3] [test][7] top warming [ElasticsearchDirectoryReader(FilterLeafReader(_0(5.4.0):c63) FilterLeafReader(_1(5.4.0):c5) FilterLeafReader(_2(5.4.0):c68))]
[2016-03-30 13:54:46,193][TRACE][org.elasticsearch.indices] [node_s0] [test][2] warming [MultiReader(FilterLeafReader(_2(5.4.0):c105))]
[2016-03-30 13:54:46,193][TRACE][org.elasticsearch.indices] [node_s0] [test][2] top warming [ElasticsearchDirectoryReader(FilterLeafReader(_0(5.4.0):c1) FilterLeafReader(_1(5.4.0):c4) FilterLeafReader(_2(5.4.0):c105))]
[2016-03-30 13:54:46,212][TRACE][org.elasticsearch.indices] [node_s1] [test][7] warming [MultiReader(FilterLeafReader(_2(5.4.0):c68))]
[2016-03-30 13:54:46,212][TRACE][org.elasticsearch.indices] [node_s1] [test][7] top warming [ElasticsearchDirectoryReader(FilterLeafReader(_0(5.4.0):c62) FilterLeafReader(_1(5.4.0):c6) FilterLeafReader(_2(5.4.0):c68))]
[2016-03-30 13:54:46,291][TRACE][org.elasticsearch.indices] [node_s3] [test][2] warming [MultiReader(FilterLeafReader(_1(5.4.0):c109))]
[2016-03-30 13:54:46,291][TRACE][org.elasticsearch.indices] [node_s3] [test][2] top warming [ElasticsearchDirectoryReader(FilterLeafReader(_0(5.4.0):c1) FilterLeafReader(_1(5.4.0):c109))]
[2016-03-30 13:54:46,341][TRACE][org.elasticsearch.indices] [node_s0] [test][0] warming [MultiReader(FilterLeafReader(_0(5.4.0):c137))]
[2016-03-30 13:54:46,341][TRACE][org.elasticsearch.indices] [node_s0] [test][0] top warming [ElasticsearchDirectoryReader(FilterLeafReader(_0(5.4.0):c137))]
[2016-03-30 13:54:46,374][TRACE][org.elasticsearch.indices] [node_s1] [test][0] warming [MultiReader(FilterLeafReader(_0(5.4.0):c137))]
[2016-03-30 13:54:46,374][TRACE][org.elasticsearch.indices] [node_s1] [test][0] top warming [ElasticsearchDirectoryReader(FilterLeafReader(_0(5.4.0):c137))]
[2016-03-30 13:54:46,413][INFO ][org.elasticsearch.indices.flush] indexed 1221 docs
[2016-03-30 13:54:46,427][DEBUG][org.elasticsearch.indices.flush] cluster state:
version: 25
state uuid: cDWgDHwiTgmPGuLfs0NDhg
from_diff: false
meta data version: 20
nodes: 
   {node_s1}{c9PGTkUhQVSZ1aq6LXuXxw}{local}{local[19]}[mode=>local]
   {node_s2}{c3fLgMuQQxiGM7KSPPaXoA}{local}{local[20]}[mode=>local, client=>true, data=>false]
   {node_s0}{8X2Ed1xFSrylEKDMjLmvkQ}{local}{local[18]}[mode=>local], master
   {node_s3}{Q4P4gfwCSVmM5TnOfNl8Iw}{local}{local[24]}[mode=>local]
routing_table (version 16):
-- index [test]
----shard_id [test][0]
--------[test][0], node[Q4P4gfwCSVmM5TnOfNl8Iw], [P], v[6], s[STARTED], a[id=PxmdX-eVSl6hUDl_OBaHwQ]
--------[test][0], node[8X2Ed1xFSrylEKDMjLmvkQ], [R], v[6], s[STARTED], a[id=KmrJKcjkTAiyNFQ9N_tYcg]
--------[test][0], node[c9PGTkUhQVSZ1aq6LXuXxw], [R], v[6], s[STARTED], a[id=rpE-89zTQsq7i5_goXX7AQ]
----shard_id [test][1]
--------[test][1], node[Q4P4gfwCSVmM5TnOfNl8Iw], [R], v[6], s[STARTED], a[id=qkN9Hz8CT_GJWDkW8lVDkg]
--------[test][1], node[8X2Ed1xFSrylEKDMjLmvkQ], [P], v[6], s[STARTED], a[id=Ah7pd4ZRR6KKvBSWeVi4KQ]
--------[test][1], node[c9PGTkUhQVSZ1aq6LXuXxw], [R], v[6], s[STARTED], a[id=iczVhSadRsmqN0u0iBzh3g]
----shard_id [test][2]
--------[test][2], node[Q4P4gfwCSVmM5TnOfNl8Iw], [R], v[6], s[STARTED], a[id=LsQ9ssSLSBGVCsvyjL6_rw]
--------[test][2], node[8X2Ed1xFSrylEKDMjLmvkQ], [R], v[6], s[STARTED], a[id=dewiYdKPSqmd7TY-rTflCA]
--------[test][2], node[c9PGTkUhQVSZ1aq6LXuXxw], [P], v[6], s[STARTED], a[id=geqCC5twRU6PgQq3hICu8A]
----shard_id [test][3]
--------[test][3], node[Q4P4gfwCSVmM5TnOfNl8Iw], [P], v[6], s[STARTED], a[id=m17eokiHR_6jcY52EnyIjw]
--------[test][3], node[8X2Ed1xFSrylEKDMjLmvkQ], [R], v[6], s[STARTED], a[id=nHZxBK-STXa_E4T92dO9gw]
--------[test][3], node[c9PGTkUhQVSZ1aq6LXuXxw], [R], v[6], s[STARTED], a[id=CYt5pf0qTH24HR1UNOGsKw]
----shard_id [test][4]
--------[test][4], node[Q4P4gfwCSVmM5TnOfNl8Iw], [R], v[6], s[STARTED], a[id=AuDfOkGCTcmG3MQRqTSgFw]
--------[test][4], node[8X2Ed1xFSrylEKDMjLmvkQ], [P], v[6], s[STARTED], a[id=v1cLA_7eR2mdDJLxrtQ0XQ]
--------[test][4], node[c9PGTkUhQVSZ1aq6LXuXxw], [R], v[6], s[STARTED], a[id=Kvi5P2iFSFuTbWLJoQyQuQ]
----shard_id [test][5]
--------[test][5], node[Q4P4gfwCSVmM5TnOfNl8Iw], [R], v[6], s[STARTED], a[id=01ceLA8US_OdVlwWMqwN1w]
--------[test][5], node[8X2Ed1xFSrylEKDMjLmvkQ], [R], v[6], s[STARTED], a[id=XE5qPGHRRl2x-d5xQPXXHQ]
--------[test][5], node[c9PGTkUhQVSZ1aq6LXuXxw], [P], v[6], s[STARTED], a[id=UH-XUYJ5Rt2eTaFEcQXBAg]
----shard_id [test][6]
--------[test][6], node[Q4P4gfwCSVmM5TnOfNl8Iw], [P], v[5], s[STARTED], a[id=LBFzAK5kRHaRtkApYaLioQ]
--------[test][6], node[8X2Ed1xFSrylEKDMjLmvkQ], [R], v[5], s[STARTED], a[id=KUjzlGnXQp2giKAaiVd6Cg]
--------[test][6], node[c9PGTkUhQVSZ1aq6LXuXxw], [R], v[5], s[STARTED], a[id=YvVxaVNhSaeI4j1_dq_BPw]
----shard_id [test][7]
--------[test][7], node[Q4P4gfwCSVmM5TnOfNl8Iw], [R], v[4], s[STARTED], a[id=-RFuqz8KS02TTE5h-rWOdA]
--------[test][7], node[8X2Ed1xFSrylEKDMjLmvkQ], [P], v[4], s[STARTED], a[id=qSHRQUiWS4y7GSuXyGBjPA]
--------[test][7], node[c9PGTkUhQVSZ1aq6LXuXxw], [R], v[4], s[STARTED], a[id=UnDEVYRsS3SwzuPUii_xCQ]
----shard_id [test][8]
--------[test][8], node[Q4P4gfwCSVmM5TnOfNl8Iw], [R], v[5], s[STARTED], a[id=nx5alhkRSFm1nCdZz_opDg]
--------[test][8], node[8X2Ed1xFSrylEKDMjLmvkQ], [R], v[5], s[STARTED], a[id=5B1vx-tVQOOcEuPiv7TVVw]
--------[test][8], node[c9PGTkUhQVSZ1aq6LXuXxw], [P], v[5], s[STARTED], a[id=p32KCS1tRD-ie9xQPQD4_A]
----shard_id [test][9]
--------[test][9], node[Q4P4gfwCSVmM5TnOfNl8Iw], [P], v[6], s[STARTED], a[id=7tO48xk2Slq3r9ALwgqxzw]
--------[test][9], node[8X2Ed1xFSrylEKDMjLmvkQ], [R], v[6], s[STARTED], a[id=3DyU-c2CRGCJ7i7cct1DoA]
--------[test][9], node[c9PGTkUhQVSZ1aq6LXuXxw], [R], v[6], s[STARTED], a[id=m2ctSIEwRfOmIenYitrgPw]

routing_nodes:
-----node_id[Q4P4gfwCSVmM5TnOfNl8Iw][V]
--------[test][4], node[Q4P4gfwCSVmM5TnOfNl8Iw], [R], v[6], s[STARTED], a[id=AuDfOkGCTcmG3MQRqTSgFw]
--------[test][3], node[Q4P4gfwCSVmM5TnOfNl8Iw], [P], v[6], s[STARTED], a[id=m17eokiHR_6jcY52EnyIjw]
--------[test][1], node[Q4P4gfwCSVmM5TnOfNl8Iw], [R], v[6], s[STARTED], a[id=qkN9Hz8CT_GJWDkW8lVDkg]
--------[test][8], node[Q4P4gfwCSVmM5TnOfNl8Iw], [R], v[5], s[STARTED], a[id=nx5alhkRSFm1nCdZz_opDg]
--------[test][9], node[Q4P4gfwCSVmM5TnOfNl8Iw], [P], v[6], s[STARTED], a[id=7tO48xk2Slq3r9ALwgqxzw]
--------[test][7], node[Q4P4gfwCSVmM5TnOfNl8Iw], [R], v[4], s[STARTED], a[id=-RFuqz8KS02TTE5h-rWOdA]
--------[test][5], node[Q4P4gfwCSVmM5TnOfNl8Iw], [R], v[6], s[STARTED], a[id=01ceLA8US_OdVlwWMqwN1w]
--------[test][6], node[Q4P4gfwCSVmM5TnOfNl8Iw], [P], v[5], s[STARTED], a[id=LBFzAK5kRHaRtkApYaLioQ]
--------[test][2], node[Q4P4gfwCSVmM5TnOfNl8Iw], [R], v[6], s[STARTED], a[id=LsQ9ssSLSBGVCsvyjL6_rw]
--------[test][0], node[Q4P4gfwCSVmM5TnOfNl8Iw], [P], v[6], s[STARTED], a[id=PxmdX-eVSl6hUDl_OBaHwQ]
-----node_id[8X2Ed1xFSrylEKDMjLmvkQ][V]
--------[test][4], node[8X2Ed1xFSrylEKDMjLmvkQ], [P], v[6], s[STARTED], a[id=v1cLA_7eR2mdDJLxrtQ0XQ]
--------[test][3], node[8X2Ed1xFSrylEKDMjLmvkQ], [R], v[6], s[STARTED], a[id=nHZxBK-STXa_E4T92dO9gw]
--------[test][1], node[8X2Ed1xFSrylEKDMjLmvkQ], [P], v[6], s[STARTED], a[id=Ah7pd4ZRR6KKvBSWeVi4KQ]
--------[test][8], node[8X2Ed1xFSrylEKDMjLmvkQ], [R], v[5], s[STARTED], a[id=5B1vx-tVQOOcEuPiv7TVVw]
--------[test][9], node[8X2Ed1xFSrylEKDMjLmvkQ], [R], v[6], s[STARTED], a[id=3DyU-c2CRGCJ7i7cct1DoA]
--------[test][7], node[8X2Ed1xFSrylEKDMjLmvkQ], [P], v[4], s[STARTED], a[id=qSHRQUiWS4y7GSuXyGBjPA]
--------[test][5], node[8X2Ed1xFSrylEKDMjLmvkQ], [R], v[6], s[STARTED], a[id=XE5qPGHRRl2x-d5xQPXXHQ]
--------[test][6], node[8X2Ed1xFSrylEKDMjLmvkQ], [R], v[5], s[STARTED], a[id=KUjzlGnXQp2giKAaiVd6Cg]
--------[test][2], node[8X2Ed1xFSrylEKDMjLmvkQ], [R], v[6], s[STARTED], a[id=dewiYdKPSqmd7TY-rTflCA]
--------[test][0], node[8X2Ed1xFSrylEKDMjLmvkQ], [R], v[6], s[STARTED], a[id=KmrJKcjkTAiyNFQ9N_tYcg]
-----node_id[c9PGTkUhQVSZ1aq6LXuXxw][V]
--------[test][4], node[c9PGTkUhQVSZ1aq6LXuXxw], [R], v[6], s[STARTED], a[id=Kvi5P2iFSFuTbWLJoQyQuQ]
--------[test][3], node[c9PGTkUhQVSZ1aq6LXuXxw], [R], v[6], s[STARTED], a[id=CYt5pf0qTH24HR1UNOGsKw]
--------[test][1], node[c9PGTkUhQVSZ1aq6LXuXxw], [R], v[6], s[STARTED], a[id=iczVhSadRsmqN0u0iBzh3g]
--------[test][8], node[c9PGTkUhQVSZ1aq6LXuXxw], [P], v[5], s[STARTED], a[id=p32KCS1tRD-ie9xQPQD4_A]
--------[test][9], node[c9PGTkUhQVSZ1aq6LXuXxw], [R], v[6], s[STARTED], a[id=m2ctSIEwRfOmIenYitrgPw]
--------[test][7], node[c9PGTkUhQVSZ1aq6LXuXxw], [R], v[4], s[STARTED], a[id=UnDEVYRsS3SwzuPUii_xCQ]
--------[test][5], node[c9PGTkUhQVSZ1aq6LXuXxw], [P], v[6], s[STARTED], a[id=UH-XUYJ5Rt2eTaFEcQXBAg]
--------[test][6], node[c9PGTkUhQVSZ1aq6LXuXxw], [R], v[5], s[STARTED], a[id=YvVxaVNhSaeI4j1_dq_BPw]
--------[test][2], node[c9PGTkUhQVSZ1aq6LXuXxw], [P], v[6], s[STARTED], a[id=geqCC5twRU6PgQq3hICu8A]
--------[test][0], node[c9PGTkUhQVSZ1aq6LXuXxw], [R], v[6], s[STARTED], a[id=rpE-89zTQsq7i5_goXX7AQ]
---- unassigned

tasks: (0):

[2016-03-30 13:54:46,434][DEBUG][org.elasticsearch.indices] [node_s0] [test] closing ... (reason [shutdown])
[2016-03-30 13:54:46,434][DEBUG][org.elasticsearch.indices] [node_s0] [test] closing index service (reason [shutdown])
[2016-03-30 13:54:47,228][DEBUG][org.elasticsearch.indices] [node_s0] [test] closed... (reason [shutdown])
[2016-03-30 13:54:47,235][DEBUG][org.elasticsearch.indices] [node_s1] [test] closing ... (reason [shutdown])
[2016-03-30 13:54:47,236][DEBUG][org.elasticsearch.indices] [node_s1] [test] closing index service (reason [shutdown])
[2016-03-30 13:54:48,332][DEBUG][org.elasticsearch.indices] [node_s1] [test] closed... (reason [shutdown])
[2016-03-30 13:54:48,341][DEBUG][org.elasticsearch.indices] [node_s3] [test] closing ... (reason [shutdown])
[2016-03-30 13:54:48,341][DEBUG][org.elasticsearch.indices] [node_s3] [test] closing index service (reason [shutdown])
[2016-03-30 13:54:49,199][DEBUG][org.elasticsearch.indices] [node_s3] [test] closed... (reason [shutdown])
[2016-03-30 13:54:49,263][TRACE][org.elasticsearch.indices.breaker] [node_s0] parent circuit breaker with settings [parent,type=PARENT,limit=360395571/343.6mb,overhead=1.0]
[2016-03-30 13:54:49,268][DEBUG][org.elasticsearch.indices.cache.query] [node_s0] using [node] query cache with size [10%], actual_size [49mb], max filter count [1000]
[2016-03-30 13:54:49,270][DEBUG][org.elasticsearch.indices.fielddata.cache] [node_s0] using size [408944640b] [390mb]
[2016-03-30 13:54:49,281][DEBUG][org.elasticsearch.indices.recovery] [node_s0] using max_bytes_per_sec[157mb], concurrent_streams [6], file_chunk_size [512kb], translog_size [512kb], translog_ops [1000], and compress [true]
[2016-03-30 13:54:49,282][DEBUG][org.elasticsearch.indices.memory] [node_s0] using indexing buffer size [49mb], with indices.memory.min_shard_index_buffer_size [4mb], indices.memory.max_shard_index_buffer_size [512mb], indices.memory.interval [30s]
[2016-03-30 13:54:49,390][TRACE][org.elasticsearch.indices.breaker] [node_s1] parent circuit breaker with settings [parent,type=PARENT,limit=360395571/343.6mb,overhead=1.0]
[2016-03-30 13:54:49,390][TRACE][org.elasticsearch.indices.breaker.request] creating ChildCircuitBreaker with settings [request,type=MEMORY,limit=205940326/196.3mb,overhead=1.0]
[2016-03-30 13:54:49,391][TRACE][org.elasticsearch.indices.breaker.fielddata] creating ChildCircuitBreaker with settings [fielddata,type=MEMORY,limit=308910489/294.5mb,overhead=1.03]
[2016-03-30 13:54:49,394][DEBUG][org.elasticsearch.indices.cache.query] [node_s1] using [node] query cache with size [10%], actual_size [49mb], max filter count [1000]
[2016-03-30 13:54:49,396][DEBUG][org.elasticsearch.indices.fielddata.cache] [node_s1] using size [-1] [-1b]
[2016-03-30 13:54:49,408][DEBUG][org.elasticsearch.indices.recovery] [node_s1] using max_bytes_per_sec[40mb], concurrent_streams [6], file_chunk_size [512kb], translog_size [512kb], translog_ops [1000], and compress [false]
[2016-03-30 13:54:49,409][DEBUG][org.elasticsearch.indices.memory] [node_s1] using indexing buffer size [49mb], with indices.memory.min_shard_index_buffer_size [4mb], indices.memory.max_shard_index_buffer_size [512mb], indices.memory.interval [30s]
[2016-03-30 13:54:49,484][DEBUG][org.elasticsearch.indices.cluster] [node_s1] [test] creating index
[2016-03-30 13:54:49,485][DEBUG][org.elasticsearch.indices] [node_s1] creating Index [test], shards [10]/[2]
[2016-03-30 13:54:49,487][DEBUG][org.elasticsearch.indices.cluster] [node_s1] [test] adding mapping [_default_], source [{"_default_":{"_timestamp":{"enabled":true},"dynamic_templates":[{"template-strings":{"mapping":{"fielddata":{"loading":"lazy"}},"match_mapping_type":"string"}},{"template-longs":{"mapping":{"fielddata":{"loading":"lazy"}},"match_mapping_type":"long"}},{"template-doubles":{"mapping":{"fielddata":{"loading":"eager"}},"match_mapping_type":"double"}},{"template-geo_points":{"mapping":{"fielddata":{"loading":"lazy"}},"match_mapping_type":"geo_point"}},{"template-booleans":{"mapping":{"fielddata":{"loading":"lazy"}},"match_mapping_type":"boolean"}}]}}]
[2016-03-30 13:54:49,489][DEBUG][org.elasticsearch.indices.cluster] [node_s1] [test] adding mapping [doc], source [{"doc":{"_timestamp":{"enabled":true},"dynamic_templates":[{"template-strings":{"mapping":{"fielddata":{"loading":"lazy"}},"match_mapping_type":"string"}},{"template-longs":{"mapping":{"fielddata":{"loading":"lazy"}},"match_mapping_type":"long"}},{"template-doubles":{"mapping":{"fielddata":{"loading":"eager"}},"match_mapping_type":"double"}},{"template-geo_points":{"mapping":{"fielddata":{"loading":"lazy"}},"match_mapping_type":"geo_point"}},{"template-booleans":{"mapping":{"fielddata":{"loading":"lazy"}},"match_mapping_type":"boolean"}}]}}]
[2016-03-30 13:54:49,491][DEBUG][org.elasticsearch.indices.cluster] [node_s1] [test][1] creating shard
[2016-03-30 13:54:49,518][DEBUG][org.elasticsearch.indices.cluster] [node_s1] [test][8] creating shard
[2016-03-30 13:54:49,540][TRACE][org.elasticsearch.indices.breaker] [node_s2] parent circuit breaker with settings [parent,type=PARENT,limit=360395571/343.6mb,overhead=1.0]
[2016-03-30 13:54:49,541][TRACE][org.elasticsearch.indices.breaker.request] creating ChildCircuitBreaker with settings [request,type=MEMORY,limit=205940326/196.3mb,overhead=1.0]
[2016-03-30 13:54:49,541][TRACE][org.elasticsearch.indices.breaker.fielddata] creating ChildCircuitBreaker with settings [fielddata,type=MEMORY,limit=308910489/294.5mb,overhead=1.03]
[2016-03-30 13:54:49,549][DEBUG][org.elasticsearch.indices.cluster] [node_s1] [test][5] creating shard
[2016-03-30 13:54:49,565][TRACE][org.elasticsearch.indices] [node_s1] [test][1] warming [ElasticsearchDirectoryReader(FilterLeafReader(_0(5.4.0):c1))]
[2016-03-30 13:54:49,566][TRACE][org.elasticsearch.indices] [node_s1] [test][1] top warming [ElasticsearchDirectoryReader(FilterLeafReader(_0(5.4.0):c1))]
[2016-03-30 13:54:49,571][DEBUG][org.elasticsearch.indices.cluster] [node_s1] [test][9] creating shard
[2016-03-30 13:54:49,582][TRACE][org.elasticsearch.indices.breaker.request] [request] Adjusted breaker by [16440] bytes, now [16440]
[2016-03-30 13:54:49,582][TRACE][org.elasticsearch.indices.breaker.request] [request] Adjusted breaker by [-16440] bytes, now [0]
[2016-03-30 13:54:49,583][TRACE][org.elasticsearch.indices.breaker.request] [request] Adjusted breaker by [16440] bytes, now [16440]
[2016-03-30 13:54:49,583][TRACE][org.elasticsearch.indices.breaker.request] [request] Adjusted breaker by [-16440] bytes, now [0]
[2016-03-30 13:54:49,583][TRACE][org.elasticsearch.indices.breaker.request] [request] Adjusted breaker by [16440] bytes, now [16440]
[2016-03-30 13:54:49,584][TRACE][org.elasticsearch.indices.breaker.request] [request] Adjusted breaker by [-16440] bytes, now [0]
[2016-03-30 13:54:49,584][TRACE][org.elasticsearch.indices.breaker.request] [request] Adjusted breaker by [16440] bytes, now [16440]
[2016-03-30 13:54:49,584][TRACE][org.elasticsearch.indices.breaker.request] [request] Adjusted breaker by [-16440] bytes, now [0]
[2016-03-30 13:54:49,585][TRACE][org.elasticsearch.indices.breaker.request] [request] Adjusted breaker by [16440] bytes, now [16440]
[2016-03-30 13:54:49,585][TRACE][org.elasticsearch.indices.breaker.request] [request] Adjusted breaker by [-16440] bytes, now [0]
[2016-03-30 13:54:49,585][TRACE][org.elasticsearch.indices.breaker.request] [request] Adjusted breaker by [16440] bytes, now [16440]
[2016-03-30 13:54:49,585][TRACE][org.elasticsearch.indices.breaker.request] [request] Adjusted breaker by [-16440] bytes, now [0]
[2016-03-30 13:54:49,586][TRACE][org.elasticsearch.indices.breaker.request] [request] Adjusted breaker by [16440] bytes, now [16440]
[2016-03-30 13:54:49,586][TRACE][org.elasticsearch.indices.breaker.request] [request] Adjusted breaker by [-16440] bytes, now [0]
[2016-03-30 13:54:49,586][TRACE][org.elasticsearch.indices.breaker.request] [request] Adjusted breaker by [16440] bytes, now [16440]
[2016-03-30 13:54:49,586][TRACE][org.elasticsearch.indices.breaker.request] [request] Adjusted breaker by [-16440] bytes, now [0]
[2016-03-30 13:54:49,586][TRACE][org.elasticsearch.indices.cluster] [node_s1] ignoring recovery instruction for an existing shard [test][1] (shard state: [RECOVERING])
[2016-03-30 13:54:49,587][TRACE][org.elasticsearch.indices.breaker.request] [request] Adjusted breaker by [16440] bytes, now [16440]
[2016-03-30 13:54:49,587][TRACE][org.elasticsearch.indices.breaker.request] [request] Adjusted breaker by [-16440] bytes, now [0]
[2016-03-30 13:54:49,587][TRACE][org.elasticsearch.indices.breaker.request] [request] Adjusted breaker by [16440] bytes, now [16440]
[2016-03-30 13:54:49,587][TRACE][org.elasticsearch.indices.breaker.request] [request] Adjusted breaker by [-16440] bytes, now [0]
[2016-03-30 13:54:49,588][TRACE][org.elasticsearch.indices.breaker.request] [request] Adjusted breaker by [16440] bytes, now [16440]
[2016-03-30 13:54:49,588][TRACE][org.elasticsearch.indices.breaker.request] [request] Adjusted breaker by [-16440] bytes, now [0]
[2016-03-30 13:54:49,588][TRACE][org.elasticsearch.indices.breaker.request] [request] Adjusted breaker by [16440] bytes, now [16440]
[2016-03-30 13:54:49,588][TRACE][org.elasticsearch.indices.breaker.request] [request] Adjusted breaker by [-16440] bytes, now [0]
[2016-03-30 13:54:49,589][TRACE][org.elasticsearch.indices.breaker.request] [request] Adjusted breaker by [16440] bytes, now [16440]
[2016-03-30 13:54:49,589][TRACE][org.elasticsearch.indices.breaker.request] [request] Adjusted breaker by [-16440] bytes, now [0]
[2016-03-30 13:54:49,589][TRACE][org.elasticsearch.indices.breaker.request] [request] Adjusted breaker by [16440] bytes, now [16440]
[2016-03-30 13:54:49,589][TRACE][org.elasticsearch.indices.breaker.request] [request] Adjusted breaker by [-16440] bytes, now [0]
[2016-03-30 13:54:49,590][TRACE][org.elasticsearch.indices.breaker.request] [request] Adjusted breaker by [16440] bytes, now [16440]
[2016-03-30 13:54:49,590][TRACE][org.elasticsearch.indices.breaker.request] [request] Adjusted breaker by [-16440] bytes, now [0]
[2016-03-30 13:54:49,590][TRACE][org.elasticsearch.indices.breaker.request] [request] Adjusted breaker by [16440] bytes, now [16440]
[2016-03-30 13:54:49,590][TRACE][org.elasticsearch.indices.breaker.request] [request] Adjusted breaker by [-16440] bytes, now [0]
[2016-03-30 13:54:49,590][TRACE][org.elasticsearch.indices.breaker.request] [request] Adjusted breaker by [16440] bytes, now [16440]
[2016-03-30 13:54:49,591][TRACE][org.elasticsearch.indices.breaker.request] [request] Adjusted breaker by [-16440] bytes, now [0]
[2016-03-30 13:54:49,591][TRACE][org.elasticsearch.indices.breaker.request] [request] Adjusted breaker by [16440] bytes, now [16440]
[2016-03-30 13:54:49,591][TRACE][org.elasticsearch.indices.breaker.request] [request] Adjusted breaker by [-16440] bytes, now [0]
[2016-03-30 13:54:49,591][TRACE][org.elasticsearch.indices.breaker.request] [request] Adjusted breaker by [16440] bytes, now [16440]
[2016-03-30 13:54:49,591][TRACE][org.elasticsearch.indices.breaker.request] [request] Adjusted breaker by [-16440] bytes, now [0]
[2016-03-30 13:54:49,592][TRACE][org.elasticsearch.indices.breaker.request] [request] Adjusted breaker by [16440] bytes, now [16440]
[2016-03-30 13:54:49,592][TRACE][org.elasticsearch.indices.breaker.request] [request] Adjusted breaker by [-16440] bytes, now [0]
[2016-03-30 13:54:49,592][TRACE][org.elasticsearch.indices.breaker.request] [request] Adjusted breaker by [16440] bytes, now [16440]
[2016-03-30 13:54:49,592][TRACE][org.elasticsearch.indices.breaker.request] [request] Adjusted breaker by [-16440] bytes, now [0]
[2016-03-30 13:54:49,593][TRACE][org.elasticsearch.indices.breaker.request] [request] Adjusted breaker by [16440] bytes, now [16440]
[2016-03-30 13:54:49,593][TRACE][org.elasticsearch.indices.breaker.request] [request] Adjusted breaker by [-16440] bytes, now [0]
[2016-03-30 13:54:49,593][TRACE][org.elasticsearch.indices.breaker.request] [request] Adjusted breaker by [16440] bytes, now [16440]
[2016-03-30 13:54:49,593][TRACE][org.elasticsearch.indices.breaker.request] [request] Adjusted breaker by [-16440] bytes, now [0]
[2016-03-30 13:54:49,593][TRACE][org.elasticsearch.indices.breaker.request] [request] Adjusted breaker by [16440] bytes, now [16440]
[2016-03-30 13:54:49,594][TRACE][org.elasticsearch.indices.breaker.request] [request] Adjusted breaker by [-16440] bytes, now [0]
[2016-03-30 13:54:49,594][TRACE][org.elasticsearch.indices.breaker.request] [request] Adjusted breaker by [16440] bytes, now [16440]
[2016-03-30 13:54:49,594][TRACE][org.elasticsearch.indices.breaker.request] [request] Adjusted breaker by [-16440] bytes, now [0]
[2016-03-30 13:54:49,594][TRACE][org.elasticsearch.indices.breaker.request] [request] Adjusted breaker by [16440] bytes, now [16440]
[2016-03-30 13:54:49,595][TRACE][org.elasticsearch.indices.breaker.request] [request] Adjusted breaker by [-16440] bytes, now [0]
[2016-03-30 13:54:49,595][TRACE][org.elasticsearch.indices.breaker.request] [request] Adjusted breaker by [16440] bytes, now [16440]
[2016-03-30 13:54:49,595][TRACE][org.elasticsearch.indices.breaker.request] [request] Adjusted breaker by [-16440] bytes, now [0]
[2016-03-30 13:54:49,595][DEBUG][org.elasticsearch.indices.cache.query] [node_s2] using [node] query cache with size [10%], actual_size [49mb], max filter count [1000]
[2016-03-30 13:54:49,596][TRACE][org.elasticsearch.indices.breaker.request] [request] Adjusted breaker by [16440] bytes, now [16440]
[2016-03-30 13:54:49,596][TRACE][org.elasticsearch.indices.breaker.request] [request] Adjusted breaker by [-16440] bytes, now [0]
[2016-03-30 13:54:49,596][TRACE][org.elasticsearch.indices.breaker.request] [request] Adjusted breaker by [16440] bytes, now [16440]
[2016-03-30 13:54:49,596][TRACE][org.elasticsearch.indices.breaker.request] [request] Adjusted breaker by [-16440] bytes, now [0]
[2016-03-30 13:54:49,597][TRACE][org.elasticsearch.indices.breaker.request] [request] Adjusted breaker by [16440] bytes, now [16440]
[2016-03-30 13:54:49,597][TRACE][org.elasticsearch.indices.breaker.request] [request] Adjusted breaker by [-16440] bytes, now [0]
[2016-03-30 13:54:49,597][TRACE][org.elasticsearch.indices.breaker.request] [request] Adjusted breaker by [16440] bytes, now [16440]
[2016-03-30 13:54:49,597][TRACE][org.elasticsearch.indices.breaker.request] [request] Adjusted breaker by [-16440] bytes, now [0]
[2016-03-30 13:54:49,598][TRACE][org.elasticsearch.indices.breaker.request] [request] Adjusted breaker by [16440] bytes, now [16440]
[2016-03-30 13:54:49,598][TRACE][org.elasticsearch.indices.breaker.request] [request] Adjusted breaker by [-16440] bytes, now [0]
[2016-03-30 13:54:49,598][TRACE][org.elasticsearch.indices.breaker.request] [request] Adjusted breaker by [16440] bytes, now [16440]
[2016-03-30 13:54:49,598][TRACE][org.elasticsearch.indices.breaker.request] [request] Adjusted breaker by [-16440] bytes, now [0]
[2016-03-30 13:54:49,599][TRACE][org.elasticsearch.indices.breaker.request] [request] Adjusted breaker by [16440] bytes, now [16440]
[2016-03-30 13:54:49,599][TRACE][org.elasticsearch.indices.breaker.request] [request] Adjusted breaker by [-16440] bytes, now [0]
[2016-03-30 13:54:49,599][TRACE][org.elasticsearch.indices.breaker.request] [request] Adjusted breaker by [16440] bytes, now [16440]
[2016-03-30 13:54:49,599][TRACE][org.elasticsearch.indices.breaker.request] [request] Adjusted breaker by [-16440] bytes, now [0]
[2016-03-30 13:54:49,599][TRACE][org.elasticsearch.indices.breaker.request] [request] Adjusted breaker by [16440] bytes, now [16440]
[2016-03-30 13:54:49,600][TRACE][org.elasticsearch.indices.breaker.request] [request] Adjusted breaker by [-16440] bytes, now [0]
[2016-03-30 13:54:49,600][TRACE][org.elasticsearch.indices.breaker.request] [request] Adjusted breaker by [16440] bytes, now [16440]
[2016-03-30 13:54:49,600][TRACE][org.elasticsearch.indices.breaker.request] [request] Adjusted breaker by [-16440] bytes, now [0]
[2016-03-30 13:54:49,601][TRACE][org.elasticsearch.indices.breaker.request] [request] Adjusted breaker by [16440] bytes, now [16440]
[2016-03-30 13:54:49,602][TRACE][org.elasticsearch.indices.breaker.request] [request] Adjusted breaker by [-16440] bytes, now [0]
[2016-03-30 13:54:49,602][TRACE][org.elasticsearch.indices.breaker.request] [request] Adjusted breaker by [16440] bytes, now [16440]
[2016-03-30 13:54:49,602][TRACE][org.elasticsearch.indices.breaker.request] [request] Adjusted breaker by [-16440] bytes, now [0]
[2016-03-30 13:54:49,602][TRACE][org.elasticsearch.indices.breaker.request] [request] Adjusted breaker by [16440] bytes, now [16440]
[2016-03-30 13:54:49,603][TRACE][org.elasticsearch.indices.breaker.request] [request] Adjusted breaker by [-16440] bytes, now [0]
[2016-03-30 13:54:49,603][TRACE][org.elasticsearch.indices.breaker.request] [request] Adjusted breaker by [16440] bytes, now [16440]
[2016-03-30 13:54:49,603][TRACE][org.elasticsearch.indices.breaker.request] [request] Adjusted breaker by [-16440] bytes, now [0]
[2016-03-30 13:54:49,603][TRACE][org.elasticsearch.indices.breaker.request] [request] Adjusted breaker by [16440] bytes, now [16440]
[2016-03-30 13:54:49,603][TRACE][org.elasticsearch.indices.breaker.request] [request] Adjusted breaker by [-16440] bytes, now [0]
[2016-03-30 13:54:49,604][TRACE][org.elasticsearch.indices.breaker.request] [request] Adjusted breaker by [16440] bytes, now [16440]
[2016-03-30 13:54:49,604][TRACE][org.elasticsearch.indices.breaker.request] [request] Adjusted breaker by [-16440] bytes, now [0]
[2016-03-30 13:54:49,604][TRACE][org.elasticsearch.indices.breaker.request] [request] Adjusted breaker by [16440] bytes, now [16440]
[2016-03-30 13:54:49,604][TRACE][org.elasticsearch.indices.breaker.request] [request] Adjusted breaker by [-16440] bytes, now [0]
[2016-03-30 13:54:49,605][TRACE][org.elasticsearch.indices.breaker.request] [request] Adjusted breaker by [16440] bytes, now [16440]
[2016-03-30 13:54:49,605][TRACE][org.elasticsearch.indices.breaker.request] [request] Adjusted breaker by [-16440] bytes, now [0]
[2016-03-30 13:54:49,605][TRACE][org.elasticsearch.indices.breaker.request] [request] Adjusted breaker by [16440] bytes, now [16440]
[2016-03-30 13:54:49,605][TRACE][org.elasticsearch.indices.breaker.request] [request] Adjusted breaker by [-16440] bytes, now [0]
[2016-03-30 13:54:49,605][TRACE][org.elasticsearch.indices.breaker.request] [request] Adjusted breaker by [16440] bytes, now [16440]
[2016-03-30 13:54:49,606][TRACE][org.elasticsearch.indices.breaker.request] [request] Adjusted breaker by [-16440] bytes, now [0]
[2016-03-30 13:54:49,606][TRACE][org.elasticsearch.indices.breaker.request] [request] Adjusted breaker by [16440] bytes, now [16440]
[2016-03-30 13:54:49,606][TRACE][org.elasticsearch.indices.breaker.request] [request] Adjusted breaker by [-16440] bytes, now [0]
[2016-03-30 13:54:49,606][TRACE][org.elasticsearch.indices.breaker.request] [request] Adjusted breaker by [16440] bytes, now [16440]
[2016-03-30 13:54:49,606][TRACE][org.elasticsearch.indices.breaker.request] [request] Adjusted breaker by [-16440] bytes, now [0]
[2016-03-30 13:54:49,607][TRACE][org.elasticsearch.indices.breaker.request] [request] Adjusted breaker by [16440] bytes, now [16440]
[2016-03-30 13:54:49,607][TRACE][org.elasticsearch.indices.breaker.request] [request] Adjusted breaker by [-16440] bytes, now [0]
[2016-03-30 13:54:49,607][TRACE][org.elasticsearch.indices.breaker.request] [request] Adjusted breaker by [16440] bytes, now [16440]
[2016-03-30 13:54:49,607][TRACE][org.elasticsearch.indices.breaker.request] [request] Adjusted breaker by [-16440] bytes, now [0]
[2016-03-30 13:54:49,608][TRACE][org.elasticsearch.indices.breaker.request] [request] Adjusted breaker by [16440] bytes, now [16440]
[2016-03-30 13:54:49,608][TRACE][org.elasticsearch.indices.breaker.request] [request] Adjusted breaker by [-16440] bytes, now [0]
[2016-03-30 13:54:49,608][TRACE][org.elasticsearch.indices.breaker.request] [request] Adjusted breaker by [16440] bytes, now [16440]
[2016-03-30 13:54:49,608][TRACE][org.elasticsearch.indices.breaker.request] [request] Adjusted breaker by [-16440] bytes, now [0]
[2016-03-30 13:54:49,609][TRACE][org.elasticsearch.indices.breaker.request] [request] Adjusted breaker by [16440] bytes, now [16440]
[2016-03-30 13:54:49,609][TRACE][org.elasticsearch.indices.breaker.request] [request] Adjusted breaker by [-16440] bytes, now [0]
[2016-03-30 13:54:49,609][TRACE][org.elasticsearch.indices.breaker.request] [request] Adjusted breaker by [16440] bytes, now [16440]
[2016-03-30 13:54:49,609][TRACE][org.elasticsearch.indices.breaker.request] [request] Adjusted breaker by [-16440] bytes, now [0]
[2016-03-30 13:54:49,609][TRACE][org.elasticsearch.indices.breaker.request] [request] Adjusted breaker by [16440] bytes, now [16440]
[2016-03-30 13:54:49,610][TRACE][org.elasticsearch.indices.breaker.request] [request] Adjusted breaker by [-16440] bytes, now [0]
[2016-03-30 13:54:49,610][TRACE][org.elasticsearch.indices.breaker.request] [request] Adjusted breaker by [16440] bytes, now [16440]
[2016-03-30 13:54:49,610][TRACE][org.elasticsearch.indices.breaker.request] [request] Adjusted breaker by [-16440] bytes, now [0]
[2016-03-30 13:54:49,610][TRACE][org.elasticsearch.indices.breaker.request] [request] Adjusted breaker by [16440] bytes, now [16440]
[2016-03-30 13:54:49,611][TRACE][org.elasticsearch.indices.breaker.request] [request] Adjusted breaker by [-16440] bytes, now [0]
[2016-03-30 13:54:49,611][TRACE][org.elasticsearch.indices.breaker.request] [request] Adjusted breaker by [16440] bytes, now [16440]
[2016-03-30 13:54:49,611][TRACE][org.elasticsearch.indices.breaker.request] [request] Adjusted breaker by [-16440] bytes, now [0]
[2016-03-30 13:54:49,612][TRACE][org.elasticsearch.indices.breaker.request] [request] Adjusted breaker by [16440] bytes, now [16440]
[2016-03-30 13:54:49,612][TRACE][org.elasticsearch.indices.breaker.request] [request] Adjusted breaker by [-16440] bytes, now [0]
[2016-03-30 13:54:49,612][TRACE][org.elasticsearch.indices.breaker.request] [request] Adjusted breaker by [16440] bytes, now [16440]
[2016-03-30 13:54:49,613][TRACE][org.elasticsearch.indices.breaker.request] [request] Adjusted breaker by [-16440] bytes, now [0]
[2016-03-30 13:54:49,613][TRACE][org.elasticsearch.indices.breaker.request] [request] Adjusted breaker by [16440] bytes, now [16440]
[2016-03-30 13:54:49,613][TRACE][org.elasticsearch.indices.breaker.request] [request] Adjusted breaker by [-16440] bytes, now [0]
[2016-03-30 13:54:49,613][TRACE][org.elasticsearch.indices.breaker.request] [request] Adjusted breaker by [16440] bytes, now [16440]
[2016-03-30 13:54:49,614][TRACE][org.elasticsearch.indices.breaker.request] [request] Adjusted breaker by [-16440] bytes, now [0]
[2016-03-30 13:54:49,614][DEBUG][org.elasticsearch.indices.fielddata.cache] [node_s2] using size [-1] [-1b]
[2016-03-30 13:54:49,614][TRACE][org.elasticsearch.indices.breaker.request] [request] Adjusted breaker by [16440] bytes, now [16440]
[2016-03-30 13:54:49,614][TRACE][org.elasticsearch.indices.breaker.request] [request] Adjusted breaker by [-16440] bytes, now [0]
[2016-03-30 13:54:49,614][TRACE][org.elasticsearch.indices.breaker.request] [request] Adjusted breaker by [16440] bytes, now [16440]
[2016-03-30 13:54:49,614][TRACE][org.elasticsearch.indices.breaker.request] [request] Adjusted breaker by [-16440] bytes, now [0]
[2016-03-30 13:54:49,615][TRACE][org.elasticsearch.indices.breaker.request] [request] Adjusted breaker by [16440] bytes, now [16440]
[2016-03-30 13:54:49,615][TRACE][org.elasticsearch.indices.breaker.request] [request] Adjusted breaker by [-16440] bytes, now [0]
[2016-03-30 13:54:49,615][TRACE][org.elasticsearch.indices.breaker.request] [request] Adjusted breaker by [16440] bytes, now [16440]
[2016-03-30 13:54:49,615][TRACE][org.elasticsearch.indices.breaker.request] [request] Adjusted breaker by [-16440] bytes, now [0]
[2016-03-30 13:54:49,616][TRACE][org.elasticsearch.indices.breaker.request] [request] Adjusted breaker by [16440] bytes, now [16440]
[2016-03-30 13:54:49,616][TRACE][org.elasticsearch.indices.breaker.request] [request] Adjusted breaker by [-16440] bytes, now [0]
[2016-03-30 13:54:49,616][TRACE][org.elasticsearch.indices.breaker.request] [request] Adjusted breaker by [16440] bytes, now [16440]
[2016-03-30 13:54:49,616][TRACE][org.elasticsearch.indices.breaker.request] [request] Adjusted breaker by [-16440] bytes, now [0]
[2016-03-30 13:54:49,617][TRACE][org.elasticsearch.indices.breaker.request] [request] Adjusted breaker by [16440] bytes, now [16440]
[2016-03-30 13:54:49,617][TRACE][org.elasticsearch.indices.breaker.request] [request] Adjusted breaker by [-16440] bytes, now [0]
[2016-03-30 13:54:49,617][TRACE][org.elasticsearch.indices.breaker.request] [request] Adjusted breaker by [16440] bytes, now [16440]
[2016-03-30 13:54:49,617][TRACE][org.elasticsearch.indices.breaker.request] [request] Adjusted breaker by [-16440] bytes, now [0]
[2016-03-30 13:54:49,618][TRACE][org.elasticsearch.indices.breaker.request] [request] Adjusted breaker by [16440] bytes, now [16440]
[2016-03-30 13:54:49,618][TRACE][org.elasticsearch.indices.breaker.request] [request] Adjusted breaker by [-16440] bytes, now [0]
[2016-03-30 13:54:49,618][TRACE][org.elasticsearch.indices.breaker.request] [request] Adjusted breaker by [16440] bytes, now [16440]
[2016-03-30 13:54:49,618][TRACE][org.elasticsearch.indices.breaker.request] [request] Adjusted breaker by [-16440] bytes, now [0]
[2016-03-30 13:54:49,618][TRACE][org.elasticsearch.indices] [node_s1] [test][9] warming [ElasticsearchDirectoryReader(FilterLeafReader(_0(5.4.0):c93))]
[2016-03-30 13:54:49,619][TRACE][org.elasticsearch.indices] [node_s1] [test][9] top warming [ElasticsearchDirectoryReader(FilterLeafReader(_0(5.4.0):c93))]
[2016-03-30 13:54:49,619][TRACE][org.elasticsearch.indices.breaker.request] [request] Adjusted breaker by [16440] bytes, now [16440]
[2016-03-30 13:54:49,619][TRACE][org.elasticsearch.indices.breaker.request] [request] Adjusted breaker by [-16440] bytes, now [0]
[2016-03-30 13:54:49,619][TRACE][org.elasticsearch.indices.breaker.request] [request] Adjusted breaker by [16440] bytes, now [16440]
[2016-03-30 13:54:49,619][TRACE][org.elasticsearch.indices.breaker.request] [request] Adjusted breaker by [-16440] bytes, now [0]
[2016-03-30 13:54:49,620][TRACE][org.elasticsearch.indices.breaker.request] [request] Adjusted breaker by [16440] bytes, now [16440]
[2016-03-30 13:54:49,620][TRACE][org.elasticsearch.indices.breaker.request] [request] Adjusted breaker by [-16440] bytes, now [0]
[2016-03-30 13:54:49,620][TRACE][org.elasticsearch.indices.breaker.request] [request] Adjusted breaker by [16440] bytes, now [16440]
[2016-03-30 13:54:49,620][TRACE][org.elasticsearch.indices.breaker.request] [request] Adjusted breaker by [-16440] bytes, now [0]
[2016-03-30 13:54:49,620][TRACE][org.elasticsearch.indices.breaker.request] [request] Adjusted breaker by [16440] bytes, now [16440]
[2016-03-30 13:54:49,621][TRACE][org.elasticsearch.indices.breaker.request] [request] Adjusted breaker by [-16440] bytes, now [0]
[2016-03-30 13:54:49,621][TRACE][org.elasticsearch.indices.breaker.request] [request] Adjusted breaker by [16440] bytes, now [16440]
[2016-03-30 13:54:49,621][TRACE][org.elasticsearch.indices.breaker.request] [request] Adjusted breaker by [-16440] bytes, now [0]
[2016-03-30 13:54:49,621][TRACE][org.elasticsearch.indices.breaker.request] [request] Adjusted breaker by [16440] bytes, now [16440]
[2016-03-30 13:54:49,621][TRACE][org.elasticsearch.indices.breaker.request] [request] Adjusted breaker by [-16440] bytes, now [0]
[2016-03-30 13:54:49,622][TRACE][org.elasticsearch.indices.breaker.request] [request] Adjusted breaker by [16440] bytes, now [16440]
[2016-03-30 13:54:49,622][TRACE][org.elasticsearch.indices.breaker.request] [request] Adjusted breaker by [-16440] bytes, now [0]
[2016-03-30 13:54:49,622][TRACE][org.elasticsearch.indices.breaker.request] [request] Adjusted breaker by [16440] bytes, now [16440]
[2016-03-30 13:54:49,622][TRACE][org.elasticsearch.indices.breaker.request] [request] Adjusted breaker by [-16440] bytes, now [0]
[2016-03-30 13:54:49,623][TRACE][org.elasticsearch.indices.breaker.request] [request] Adjusted breaker by [16440] bytes, now [16440]
[2016-03-30 13:54:49,623][TRACE][org.elasticsearch.indices.breaker.request] [request] Adjusted breaker by [-16440] bytes, now [0]
[2016-03-30 13:54:49,623][TRACE][org.elasticsearch.indices.breaker.request] [request] Adjusted breaker by [16440] bytes, now [16440]
[2016-03-30 13:54:49,623][TRACE][org.elasticsearch.indices.breaker.request] [request] Adjusted breaker by [-16440] bytes, now [0]
[2016-03-30 13:54:49,624][TRACE][org.elasticsearch.indices.breaker.request] [request] Adjusted breaker by [16440] bytes, now [16440]
[2016-03-30 13:54:49,624][TRACE][org.elasticsearch.indices] [node_s1] [test][8] warming [ElasticsearchDirectoryReader(FilterLeafReader(_0(5.4.0):c58) FilterLeafReader(_1(5.4.0):c3) FilterLeafReader(_2(5.4.0):c38))]
[2016-03-30 13:54:49,624][TRACE][org.elasticsearch.indices.breaker.request] [request] Adjusted breaker by [-16440] bytes, now [0]
[2016-03-30 13:54:49,624][TRACE][org.elasticsearch.indices] [node_s1] [test][8] top warming [ElasticsearchDirectoryReader(FilterLeafReader(_0(5.4.0):c58) FilterLeafReader(_1(5.4.0):c3) FilterLeafReader(_2(5.4.0):c38))]
[2016-03-30 13:54:49,624][TRACE][org.elasticsearch.indices.breaker.request] [request] Adjusted breaker by [16440] bytes, now [16440]
[2016-03-30 13:54:49,624][TRACE][org.elasticsearch.indices.breaker.request] [request] Adjusted breaker by [-16440] bytes, now [0]
[2016-03-30 13:54:49,625][TRACE][org.elasticsearch.indices.breaker.request] [request] Adjusted breaker by [16440] bytes, now [16440]
[2016-03-30 13:54:49,625][TRACE][org.elasticsearch.indices.breaker.request] [request] Adjusted breaker by [-16440] bytes, now [0]
[2016-03-30 13:54:49,625][TRACE][org.elasticsearch.indices.breaker.request] [request] Adjusted breaker by [16440] bytes, now [16440]
[2016-03-30 13:54:49,625][TRACE][org.elasticsearch.indices.breaker.request] [request] Adjusted breaker by [-16440] bytes, now [0]
[2016-03-30 13:54:49,625][TRACE][org.elasticsearch.indices.breaker.request] [request] Adjusted breaker by [16440] bytes, now [16440]
[2016-03-30 13:54:49,625][TRACE][org.elasticsearch.indices.breaker.request] [request] Adjusted breaker by [-16440] bytes, now [0]
[2016-03-30 13:54:49,626][TRACE][org.elasticsearch.indices.breaker.request] [request] Adjusted breaker by [16440] bytes, now [16440]
[2016-03-30 13:54:49,626][TRACE][org.elasticsearch.indices.breaker.request] [request] Adjusted breaker by [-16440] bytes, now [0]
[2016-03-30 13:54:49,626][TRACE][org.elasticsearch.indices.breaker.request] [request] Adjusted breaker by [16440] bytes, now [16440]
[2016-03-30 13:54:49,626][TRACE][org.elasticsearch.indices.breaker.request] [request] Adjusted breaker by [-16440] bytes, now [0]
[2016-03-30 13:54:49,627][TRACE][org.elasticsearch.indices.breaker.request] [request] Adjusted breaker by [16440] bytes, now [16440]
[2016-03-30 13:54:49,627][TRACE][org.elasticsearch.indices.breaker.request] [request] Adjusted breaker by [-16440] bytes, now [0]
[2016-03-30 13:54:49,627][TRACE][org.elasticsearch.indices.breaker.request] [request] Adjusted breaker by [16440] bytes, now [16440]
[2016-03-30 13:54:49,627][TRACE][org.elasticsearch.indices.breaker.request] [request] Adjusted breaker by [-16440] bytes, now [0]
[2016-03-30 13:54:49,627][TRACE][org.elasticsearch.indices.breaker.request] [request] Adjusted breaker by [16440] bytes, now [16440]
[2016-03-30 13:54:49,628][TRACE][org.elasticsearch.indices.breaker.request] [request] Adjusted breaker by [-16440] bytes, now [0]
[2016-03-30 13:54:49,628][TRACE][org.elasticsearch.indices.breaker.request] [request] Adjusted breaker by [16440] bytes, now [16440]
[2016-03-30 13:54:49,628][TRACE][org.elasticsearch.indices.breaker.request] [request] Adjusted breaker by [-16440] bytes, now [0]
[2016-03-30 13:54:49,628][TRACE][org.elasticsearch.indices.breaker.request] [request] Adjusted breaker by [16440] bytes, now [16440]
[2016-03-30 13:54:49,629][TRACE][org.elasticsearch.indices.breaker.request] [request] Adjusted breaker by [-16440] bytes, now [0]
[2016-03-30 13:54:49,629][TRACE][org.elasticsearch.indices.breaker.request] [request] Adjusted breaker by [16440] bytes, now [16440]
[2016-03-30 13:54:49,629][TRACE][org.elasticsearch.indices.breaker.request] [request] Adjusted breaker by [-16440] bytes, now [0]
[2016-03-30 13:54:49,629][TRACE][org.elasticsearch.indices.breaker.request] [request] Adjusted breaker by [16440] bytes, now [16440]
[2016-03-30 13:54:49,629][TRACE][org.elasticsearch.indices.breaker.request] [request] Adjusted breaker by [-16440] bytes, now [0]
[2016-03-30 13:54:49,630][TRACE][org.elasticsearch.indices.breaker.request] [request] Adjusted breaker by [16440] bytes, now [16440]
[2016-03-30 13:54:49,630][TRACE][org.elasticsearch.indices.breaker.request] [request] Adjusted breaker by [-16440] bytes, now [0]
[2016-03-30 13:54:49,630][TRACE][org.elasticsearch.indices.breaker.request] [request] Adjusted breaker by [16440] bytes, now [16440]
[2016-03-30 13:54:49,630][TRACE][org.elasticsearch.indices.breaker.request] [request] Adjusted breaker by [-16440] bytes, now [0]
[2016-03-30 13:54:49,631][TRACE][org.elasticsearch.indices.breaker.request] [request] Adjusted breaker by [16440] bytes, now [16440]
[2016-03-30 13:54:49,631][TRACE][org.elasticsearch.indices.breaker.request] [request] Adjusted breaker by [-16440] bytes, now [0]
[2016-03-30 13:54:49,631][TRACE][org.elasticsearch.indices.breaker.request] [request] Adjusted breaker by [16440] bytes, now [16440]
[2016-03-30 13:54:49,631][TRACE][org.elasticsearch.indices.breaker.request] [request] Adjusted breaker by [-16440] bytes, now [0]
[2016-03-30 13:54:49,632][TRACE][org.elasticsearch.indices.breaker.request] [request] Adjusted breaker by [16440] bytes, now [16440]
[2016-03-30 13:54:49,632][TRACE][org.elasticsearch.indices.breaker.request] [request] Adjusted breaker by [-16440] bytes, now [0]
[2016-03-30 13:54:49,632][TRACE][org.elasticsearch.indices.breaker.request] [request] Adjusted breaker by [16440] bytes, now [16440]
[2016-03-30 13:54:49,632][TRACE][org.elasticsearch.indices.breaker.request] [request] Adjusted breaker by [-16440] bytes, now [0]
[2016-03-30 13:54:49,633][TRACE][org.elasticsearch.indices.breaker.request] [request] Adjusted breaker by [16440] bytes, now [16440]
[2016-03-30 13:54:49,633][TRACE][org.elasticsearch.indices.breaker.request] [request] Adjusted breaker by [-16440] bytes, now [0]
[2016-03-30 13:54:49,633][TRACE][org.elasticsearch.indices.breaker.request] [request] Adjusted breaker by [16440] bytes, now [16440]
[2016-03-30 13:54:49,633][TRACE][org.elasticsearch.indices.breaker.request] [request] Adjusted breaker by [-16440] bytes, now [0]
[2016-03-30 13:54:49,634][TRACE][org.elasticsearch.indices.breaker.request] [request] Adjusted breaker by [16440] bytes, now [16440]
[2016-03-30 13:54:49,634][TRACE][org.elasticsearch.indices.breaker.request] [request] Adjusted breaker by [-16440] bytes, now [0]
[2016-03-30 13:54:49,634][TRACE][org.elasticsearch.indices.breaker.request] [request] Adjusted breaker by [16440] bytes, now [16440]
[2016-03-30 13:54:49,634][TRACE][org.elasticsearch.indices.breaker.request] [request] Adjusted breaker by [-16440] bytes, now [0]
[2016-03-30 13:54:49,635][TRACE][org.elasticsearch.indices.breaker.request] [request] Adjusted breaker by [16440] bytes, now [16440]
[2016-03-30 13:54:49,635][TRACE][org.elasticsearch.indices.breaker.request] [request] Adjusted breaker by [-16440] bytes, now [0]
[2016-03-30 13:54:49,635][TRACE][org.elasticsearch.indices.breaker.request] [request] Adjusted breaker by [16440] bytes, now [16440]
[2016-03-30 13:54:49,635][TRACE][org.elasticsearch.indices.breaker.request] [request] Adjusted breaker by [-16440] bytes, now [0]
[2016-03-30 13:54:49,636][TRACE][org.elasticsearch.indices.breaker.request] [request] Adjusted breaker by [16440] bytes, now [16440]
[2016-03-30 13:54:49,636][TRACE][org.elasticsearch.indices.breaker.request] [request] Adjusted breaker by [-16440] bytes, now [0]
[2016-03-30 13:54:49,636][TRACE][org.elasticsearch.indices.breaker.request] [request] Adjusted breaker by [16440] bytes, now [16440]
[2016-03-30 13:54:49,636][TRACE][org.elasticsearch.indices.breaker.request] [request] Adjusted breaker by [-16440] bytes, now [0]
[2016-03-30 13:54:49,637][TRACE][org.elasticsearch.indices.breaker.request] [request] Adjusted breaker by [16440] bytes, now [16440]
[2016-03-30 13:54:49,637][TRACE][org.elasticsearch.indices.breaker.request] [request] Adjusted breaker by [-16440] bytes, now [0]
[2016-03-30 13:54:49,637][TRACE][org.elasticsearch.indices.breaker.request] [request] Adjusted breaker by [16440] bytes, now [16440]
[2016-03-30 13:54:49,637][TRACE][org.elasticsearch.indices.breaker.request] [request] Adjusted breaker by [-16440] bytes, now [0]
[2016-03-30 13:54:49,638][TRACE][org.elasticsearch.indices.breaker.request] [request] Adjusted breaker by [16440] bytes, now [16440]
[2016-03-30 13:54:49,638][TRACE][org.elasticsearch.indices.breaker.request] [request] Adjusted breaker by [-16440] bytes, now [0]
[2016-03-30 13:54:49,638][TRACE][org.elasticsearch.indices.breaker.request] [request] Adjusted breaker by [16440] bytes, now [16440]
[2016-03-30 13:54:49,638][TRACE][org.elasticsearch.indices.breaker.request] [request] Adjusted breaker by [-16440] bytes, now [0]
[2016-03-30 13:54:49,638][TRACE][org.elasticsearch.indices.breaker.request] [request] Adjusted breaker by [16440] bytes, now [16440]
[2016-03-30 13:54:49,639][TRACE][org.elasticsearch.indices.breaker.request] [request] Adjusted breaker by [-16440] bytes, now [0]
[2016-03-30 13:54:49,639][TRACE][org.elasticsearch.indices.breaker.request] [request] Adjusted breaker by [16440] bytes, now [16440]
[2016-03-30 13:54:49,639][TRACE][org.elasticsearch.indices.breaker.request] [request] Adjusted breaker by [16440] bytes, now [32880]
[2016-03-30 13:54:49,639][TRACE][org.elasticsearch.indices.breaker.request] [request] Adjusted breaker by [-16440] bytes, now [16440]
[2016-03-30 13:54:49,639][TRACE][org.elasticsearch.indices.breaker.request] [request] Adjusted breaker by [-16440] bytes, now [0]
[2016-03-30 13:54:49,639][TRACE][org.elasticsearch.indices.breaker.request] [request] Adjusted breaker by [16440] bytes, now [16440]
[2016-03-30 13:54:49,639][TRACE][org.elasticsearch.indices.breaker.request] [request] Adjusted breaker by [16440] bytes, now [32880]
[2016-03-30 13:54:49,640][TRACE][org.elasticsearch.indices.breaker.request] [request] Adjusted breaker by [-16440] bytes, now [16440]
[2016-03-30 13:54:49,640][TRACE][org.elasticsearch.indices.breaker.request] [request] Adjusted breaker by [-16440] bytes, now [0]
[2016-03-30 13:54:49,640][TRACE][org.elasticsearch.indices.breaker.request] [request] Adjusted breaker by [16440] bytes, now [16440]
[2016-03-30 13:54:49,640][TRACE][org.elasticsearch.indices.breaker.request] [request] Adjusted breaker by [16440] bytes, now [32880]
[2016-03-30 13:54:49,640][TRACE][org.elasticsearch.indices.breaker.request] [request] Adjusted breaker by [-16440] bytes, now [16440]
[2016-03-30 13:54:49,640][TRACE][org.elasticsearch.indices.breaker.request] [request] Adjusted breaker by [-16440] bytes, now [0]
[2016-03-30 13:54:49,640][TRACE][org.elasticsearch.indices.breaker.request] [request] Adjusted breaker by [16440] bytes, now [16440]
[2016-03-30 13:54:49,640][TRACE][org.elasticsearch.indices.breaker.request] [request] Adjusted breaker by [-16440] bytes, now [0]
[2016-03-30 13:54:49,640][TRACE][org.elasticsearch.indices.breaker.request] [request] Adjusted breaker by [16440] bytes, now [16440]
[2016-03-30 13:54:49,640][TRACE][org.elasticsearch.indices.breaker.request] [request] Adjusted breaker by [-16440] bytes, now [0]
[2016-03-30 13:54:49,641][TRACE][org.elasticsearch.indices.breaker.request] [request] Adjusted breaker by [16440] bytes, now [16440]
[2016-03-30 13:54:49,641][TRACE][org.elasticsearch.indices.breaker.request] [request] Adjusted breaker by [-16440] bytes, now [0]
[2016-03-30 13:54:49,641][TRACE][org.elasticsearch.indices.breaker.request] [request] Adjusted breaker by [16440] bytes, now [16440]
[2016-03-30 13:54:49,641][TRACE][org.elasticsearch.indices.breaker.request] [request] Adjusted breaker by [-16440] bytes, now [0]
[2016-03-30 13:54:49,641][TRACE][org.elasticsearch.indices.breaker.request] [request] Adjusted breaker by [16440] bytes, now [16440]
[2016-03-30 13:54:49,641][TRACE][org.elasticsearch.indices.breaker.request] [request] Adjusted breaker by [-16440] bytes, now [0]
[2016-03-30 13:54:49,641][TRACE][org.elasticsearch.indices.breaker.request] [request] Adjusted breaker by [16440] bytes, now [16440]
[2016-03-30 13:54:49,641][TRACE][org.elasticsearch.indices.breaker.request] [request] Adjusted breaker by [-16440] bytes, now [0]
[2016-03-30 13:54:49,641][TRACE][org.elasticsearch.indices.breaker.request] [request] Adjusted breaker by [16440] bytes, now [16440]
[2016-03-30 13:54:49,642][TRACE][org.elasticsearch.indices.breaker.request] [request] Adjusted breaker by [-16440] bytes, now [0]
[2016-03-30 13:54:49,642][TRACE][org.elasticsearch.indices.breaker.request] [request] Adjusted breaker by [16440] bytes, now [16440]
[2016-03-30 13:54:49,642][TRACE][org.elasticsearch.indices.breaker.request] [request] Adjusted breaker by [-16440] bytes, now [0]
[2016-03-30 13:54:49,642][TRACE][org.elasticsearch.indices.breaker.request] [request] Adjusted breaker by [16440] bytes, now [16440]
[2016-03-30 13:54:49,642][TRACE][org.elasticsearch.indices.breaker.request] [request] Adjusted breaker by [-16440] bytes, now [0]
[2016-03-30 13:54:49,642][TRACE][org.elasticsearch.indices.breaker.request] [request] Adjusted breaker by [16440] bytes, now [16440]
[2016-03-30 13:54:49,642][TRACE][org.elasticsearch.indices.breaker.request] [request] Adjusted breaker by [-16440] bytes, now [0]
[2016-03-30 13:54:49,642][TRACE][org.elasticsearch.indices.breaker.request] [request] Adjusted breaker by [16440] bytes, now [16440]
[2016-03-30 13:54:49,642][TRACE][org.elasticsearch.indices.breaker.request] [request] Adjusted breaker by [16440] bytes, now [32880]
[2016-03-30 13:54:49,642][TRACE][org.elasticsearch.indices.breaker.request] [request] Adjusted breaker by [-16440] bytes, now [16440]
[2016-03-30 13:54:49,643][TRACE][org.elasticsearch.indices.breaker.request] [request] Adjusted breaker by [-16440] bytes, now [0]
[2016-03-30 13:54:49,643][TRACE][org.elasticsearch.indices.breaker.request] [request] Adjusted breaker by [16440] bytes, now [16440]
[2016-03-30 13:54:49,643][TRACE][org.elasticsearch.indices.breaker.request] [request] Adjusted breaker by [16440] bytes, now [32880]
[2016-03-30 13:54:49,643][TRACE][org.elasticsearch.indices.breaker.request] [request] Adjusted breaker by [-16440] bytes, now [16440]
[2016-03-30 13:54:49,643][TRACE][org.elasticsearch.indices.breaker.request] [request] Adjusted breaker by [-16440] bytes, now [0]
[2016-03-30 13:54:49,643][TRACE][org.elasticsearch.indices.breaker.request] [request] Adjusted breaker by [16440] bytes, now [16440]
[2016-03-30 13:54:49,643][TRACE][org.elasticsearch.indices.breaker.request] [request] Adjusted breaker by [-16440] bytes, now [0]
[2016-03-30 13:54:49,644][TRACE][org.elasticsearch.indices.breaker.request] [request] Adjusted breaker by [16440] bytes, now [16440]
[2016-03-30 13:54:49,644][TRACE][org.elasticsearch.indices.breaker.request] [request] Adjusted breaker by [-16440] bytes, now [0]
[2016-03-30 13:54:49,644][TRACE][org.elasticsearch.indices.breaker.request] [request] Adjusted breaker by [16440] bytes, now [16440]
[2016-03-30 13:54:49,644][TRACE][org.elasticsearch.indices.breaker.request] [request] Adjusted breaker by [-16440] bytes, now [0]
[2016-03-30 13:54:49,644][TRACE][org.elasticsearch.indices.breaker.request] [request] Adjusted breaker by [16440] bytes, now [16440]
[2016-03-30 13:54:49,644][TRACE][org.elasticsearch.indices.breaker.request] [request] Adjusted breaker by [-16440] bytes, now [0]
[2016-03-30 13:54:49,645][TRACE][org.elasticsearch.indices.breaker.request] [request] Adjusted breaker by [16440] bytes, now [16440]
[2016-03-30 13:54:49,645][TRACE][org.elasticsearch.indices.breaker.request] [request] Adjusted breaker by [-16440] bytes, now [0]
[2016-03-30 13:54:49,645][TRACE][org.elasticsearch.indices.breaker.request] [request] Adjusted breaker by [16440] bytes, now [16440]
[2016-03-30 13:54:49,645][TRACE][org.elasticsearch.indices.breaker.request] [request] Adjusted breaker by [-16440] bytes, now [0]
[2016-03-30 13:54:49,646][TRACE][org.elasticsearch.indices.breaker.request] [request] Adjusted breaker by [16440] bytes, now [16440]
[2016-03-30 13:54:49,646][TRACE][org.elasticsearch.indices.breaker.request] [request] Adjusted breaker by [-16440] bytes, now [0]
[2016-03-30 13:54:49,646][TRACE][org.elasticsearch.indices.breaker.request] [request] Adjusted breaker by [16440] bytes, now [16440]
[2016-03-30 13:54:49,646][TRACE][org.elasticsearch.indices.breaker.request] [request] Adjusted breaker by [-16440] bytes, now [0]
[2016-03-30 13:54:49,647][TRACE][org.elasticsearch.indices.breaker.request] [request] Adjusted breaker by [16440] bytes, now [16440]
[2016-03-30 13:54:49,647][TRACE][org.elasticsearch.indices.breaker.request] [request] Adjusted breaker by [-16440] bytes, now [0]
[2016-03-30 13:54:49,647][TRACE][org.elasticsearch.indices.breaker.request] [request] Adjusted breaker by [16440] bytes, now [16440]
[2016-03-30 13:54:49,647][TRACE][org.elasticsearch.indices.breaker.request] [request] Adjusted breaker by [-16440] bytes, now [0]
[2016-03-30 13:54:49,648][TRACE][org.elasticsearch.indices.breaker.request] [request] Adjusted breaker by [16440] bytes, now [16440]
[2016-03-30 13:54:49,648][TRACE][org.elasticsearch.indices.breaker.request] [request] Adjusted breaker by [-16440] bytes, now [0]
[2016-03-30 13:54:49,648][TRACE][org.elasticsearch.indices.breaker.request] [request] Adjusted breaker by [16440] bytes, now [16440]
[2016-03-30 13:54:49,648][TRACE][org.elasticsearch.indices.breaker.request] [request] Adjusted breaker by [-16440] bytes, now [0]
[2016-03-30 13:54:49,649][TRACE][org.elasticsearch.indices.breaker.request] [request] Adjusted breaker by [16440] bytes, now [16440]
[2016-03-30 13:54:49,649][TRACE][org.elasticsearch.indices.breaker.request] [request] Adjusted breaker by [-16440] bytes, now [0]
[2016-03-30 13:54:49,649][TRACE][org.elasticsearch.indices.breaker.request] [request] Adjusted breaker by [16440] bytes, now [16440]
[2016-03-30 13:54:49,649][TRACE][org.elasticsearch.indices.breaker.request] [request] Adjusted breaker by [-16440] bytes, now [0]
[2016-03-30 13:54:49,650][TRACE][org.elasticsearch.indices.breaker.request] [request] Adjusted breaker by [16440] bytes, now [16440]
[2016-03-30 13:54:49,650][TRACE][org.elasticsearch.indices.breaker.request] [request] Adjusted breaker by [-16440] bytes, now [0]
[2016-03-30 13:54:49,650][TRACE][org.elasticsearch.indices.breaker.request] [request] Adjusted breaker by [16440] bytes, now [16440]
[2016-03-30 13:54:49,650][TRACE][org.elasticsearch.indices.breaker.request] [request] Adjusted breaker by [-16440] bytes, now [0]
[2016-03-30 13:54:49,651][TRACE][org.elasticsearch.indices.breaker.request] [request] Adjusted breaker by [16440] bytes, now [16440]
[2016-03-30 13:54:49,651][TRACE][org.elasticsearch.indices.breaker.request] [request] Adjusted breaker by [-16440] bytes, now [0]
[2016-03-30 13:54:49,651][TRACE][org.elasticsearch.indices.store] [node_s0] listing store meta data for [test][8]
[2016-03-30 13:54:49,651][TRACE][org.elasticsearch.indices.store] [node_s1] listing store meta data for [test][8]
[2016-03-30 13:54:49,651][TRACE][org.elasticsearch.indices.breaker.request] [request] Adjusted breaker by [16440] bytes, now [16440]
[2016-03-30 13:54:49,651][TRACE][org.elasticsearch.indices.breaker.request] [request] Adjusted breaker by [-16440] bytes, now [0]
[2016-03-30 13:54:49,652][TRACE][org.elasticsearch.indices.breaker.request] [request] Adjusted breaker by [16440] bytes, now [16440]
[2016-03-30 13:54:49,652][TRACE][org.elasticsearch.indices.breaker.request] [request] Adjusted breaker by [-16440] bytes, now [0]
[2016-03-30 13:54:49,652][TRACE][org.elasticsearch.indices.breaker.request] [request] Adjusted breaker by [16440] bytes, now [16440]
[2016-03-30 13:54:49,652][TRACE][org.elasticsearch.indices.breaker.request] [request] Adjusted breaker by [-16440] bytes, now [0]
[2016-03-30 13:54:49,653][TRACE][org.elasticsearch.indices.breaker.request] [request] Adjusted breaker by [16440] bytes, now [16440]
[2016-03-30 13:54:49,653][TRACE][org.elasticsearch.indices.breaker.request] [request] Adjusted breaker by [-16440] bytes, now [0]
[2016-03-30 13:54:49,653][TRACE][org.elasticsearch.indices.breaker.request] [request] Adjusted breaker by [16440] bytes, now [16440]
[2016-03-30 13:54:49,653][TRACE][org.elasticsearch.indices.breaker.request] [request] Adjusted breaker by [-16440] bytes, now [0]
[2016-03-30 13:54:49,654][TRACE][org.elasticsearch.indices.store] [node_s0] found state file: [id:0, legacy:false, file:/Users/brijeshs/Documents/elasticsearch_sort_netbeans/elasticsearch/core/build/testrun/integTest/J1/temp/org.elasticsearch.indices.flush.FlushIT_F7928424F380CF7C-001/tempDir-001/data/SUITE-CHILD_VM=[1]-CLUSTER_SEED=[4002021444443819046]-HASH=[462546CEAD50E]-cluster/nodes/0/indices/test/8/_state/state-0.st]
[2016-03-30 13:54:49,654][TRACE][org.elasticsearch.indices.breaker.request] [request] Adjusted breaker by [16440] bytes, now [16440]
[2016-03-30 13:54:49,654][TRACE][org.elasticsearch.indices.breaker.request] [request] Adjusted breaker by [-16440] bytes, now [0]
[2016-03-30 13:54:49,654][TRACE][org.elasticsearch.indices.breaker.request] [request] Adjusted breaker by [16440] bytes, now [16440]
[2016-03-30 13:54:49,654][TRACE][org.elasticsearch.indices.breaker.request] [request] Adjusted breaker by [-16440] bytes, now [0]
[2016-03-30 13:54:49,655][TRACE][org.elasticsearch.indices.breaker.request] [request] Adjusted breaker by [16440] bytes, now [16440]
[2016-03-30 13:54:49,655][TRACE][org.elasticsearch.indices.breaker.request] [request] Adjusted breaker by [-16440] bytes, now [0]
[2016-03-30 13:54:49,655][TRACE][org.elasticsearch.indices.breaker.request] [request] Adjusted breaker by [16440] bytes, now [16440]
[2016-03-30 13:54:49,655][TRACE][org.elasticsearch.indices.breaker.request] [request] Adjusted breaker by [-16440] bytes, now [0]
[2016-03-30 13:54:49,656][TRACE][org.elasticsearch.indices.store] [node_s0] state id [0] read from [state-0.st]
[2016-03-30 13:54:49,656][DEBUG][org.elasticsearch.indices.store] [node_s0] [test][8] loaded data path [/Users/brijeshs/Documents/elasticsearch_sort_netbeans/elasticsearch/core/build/testrun/integTest/J1/temp/org.elasticsearch.indices.flush.FlushIT_F7928424F380CF7C-001/tempDir-001/data/SUITE-CHILD_VM=[1]-CLUSTER_SEED=[4002021444443819046]-HASH=[462546CEAD50E]-cluster/nodes/0/indices/test/8], state path [/Users/brijeshs/Documents/elasticsearch_sort_netbeans/elasticsearch/core/build/testrun/integTest/J1/temp/org.elasticsearch.indices.flush.FlushIT_F7928424F380CF7C-001/tempDir-001/data/SUITE-CHILD_VM=[1]-CLUSTER_SEED=[4002021444443819046]-HASH=[462546CEAD50E]-cluster/nodes/0/indices/test/8]
[2016-03-30 13:54:49,656][TRACE][org.elasticsearch.indices.breaker.request] [request] Adjusted breaker by [16440] bytes, now [16440]
[2016-03-30 13:54:49,656][TRACE][org.elasticsearch.indices.breaker.request] [request] Adjusted breaker by [-16440] bytes, now [0]
[2016-03-30 13:54:49,656][TRACE][org.elasticsearch.indices.breaker.request] [request] Adjusted breaker by [16440] bytes, now [16440]
[2016-03-30 13:54:49,656][TRACE][org.elasticsearch.indices.breaker.request] [request] Adjusted breaker by [-16440] bytes, now [0]
[2016-03-30 13:54:49,657][TRACE][org.elasticsearch.indices.breaker.request] [request] Adjusted breaker by [16440] bytes, now [16440]
[2016-03-30 13:54:49,657][TRACE][org.elasticsearch.indices.breaker.request] [request] Adjusted breaker by [-16440] bytes, now [0]
[2016-03-30 13:54:49,657][TRACE][org.elasticsearch.indices.breaker.request] [request] Adjusted breaker by [16440] bytes, now [16440]
[2016-03-30 13:54:49,657][TRACE][org.elasticsearch.indices.breaker.request] [request] Adjusted breaker by [-16440] bytes, now [0]
[2016-03-30 13:54:49,657][TRACE][org.elasticsearch.indices.breaker.request] [request] Adjusted breaker by [16440] bytes, now [16440]
[2016-03-30 13:54:49,658][TRACE][org.elasticsearch.indices.breaker.request] [request] Adjusted breaker by [-16440] bytes, now [0]
[2016-03-30 13:54:49,658][TRACE][org.elasticsearch.indices.breaker.request] [request] Adjusted breaker by [16440] bytes, now [16440]
[2016-03-30 13:54:49,658][TRACE][org.elasticsearch.indices.breaker.request] [request] Adjusted breaker by [-16440] bytes, now [0]
[2016-03-30 13:54:49,658][TRACE][org.elasticsearch.indices.breaker.request] [request] Adjusted breaker by [16440] bytes, now [16440]
[2016-03-30 13:54:49,658][TRACE][org.elasticsearch.indices.breaker.request] [request] Adjusted breaker by [-16440] bytes, now [0]
[2016-03-30 13:54:49,663][TRACE][org.elasticsearch.indices.cluster] [node_s1] ignoring recovery instruction for an existing shard [test][5] (shard state: [RECOVERING])
[2016-03-30 13:54:49,679][TRACE][org.elasticsearch.indices.cluster] [node_s1] ignoring recovery instruction for an existing shard [test][1] (shard state: [RECOVERING])
[2016-03-30 13:54:49,680][TRACE][org.elasticsearch.indices.cluster] [node_s1] ignoring recovery instruction for an existing shard [test][9] (shard state: [RECOVERING])
[2016-03-30 13:54:49,680][DEBUG][org.elasticsearch.indices.cluster] [node_s1] [test][4] creating shard
[2016-03-30 13:54:49,682][TRACE][org.elasticsearch.indices] [node_s1] [test][5] warming [ElasticsearchDirectoryReader(FilterLeafReader(_0(5.4.0):c26) FilterLeafReader(_1(5.4.0):c10) FilterLeafReader(_2(5.4.0):c95))]
[2016-03-30 13:54:49,682][TRACE][org.elasticsearch.indices] [node_s1] [test][5] top warming [ElasticsearchDirectoryReader(FilterLeafReader(_0(5.4.0):c26) FilterLeafReader(_1(5.4.0):c10) FilterLeafReader(_2(5.4.0):c95))]
[2016-03-30 13:54:49,707][TRACE][org.elasticsearch.indices.store] [node_s0] [test][8] didn't find any store meta data to load (took [56.1ms])
[2016-03-30 13:54:49,726][DEBUG][org.elasticsearch.indices.store] [node_s1] [test][8] loaded store meta data (took [74.9ms])
[2016-03-30 13:54:49,727][TRACE][org.elasticsearch.indices.breaker.request] [request] Adjusted breaker by [16440] bytes, now [16440]
[2016-03-30 13:54:49,727][TRACE][org.elasticsearch.indices.breaker.request] [request] Adjusted breaker by [-16440] bytes, now [0]
[2016-03-30 13:54:49,727][TRACE][org.elasticsearch.indices.breaker.request] [request] Adjusted breaker by [16440] bytes, now [16440]
[2016-03-30 13:54:49,728][TRACE][org.elasticsearch.indices.breaker.request] [request] Adjusted breaker by [-16440] bytes, now [0]
[2016-03-30 13:54:49,729][TRACE][org.elasticsearch.indices.breaker.request] [request] Adjusted breaker by [16440] bytes, now [16440]
[2016-03-30 13:54:49,729][TRACE][org.elasticsearch.indices.breaker.request] [request] Adjusted breaker by [-16440] bytes, now [0]
[2016-03-30 13:54:49,729][TRACE][org.elasticsearch.indices.breaker.request] [request] Adjusted breaker by [16440] bytes, now [16440]
[2016-03-30 13:54:49,729][TRACE][org.elasticsearch.indices.breaker.request] [request] Adjusted breaker by [-16440] bytes, now [0]
[2016-03-30 13:54:49,730][TRACE][org.elasticsearch.indices.breaker.request] [request] Adjusted breaker by [16440] bytes, now [16440]
[2016-03-30 13:54:49,730][TRACE][org.elasticsearch.indices.breaker.request] [request] Adjusted breaker by [-16440] bytes, now [0]
[2016-03-30 13:54:49,730][TRACE][org.elasticsearch.indices.breaker.request] [request] Adjusted breaker by [16440] bytes, now [16440]
[2016-03-30 13:54:49,730][TRACE][org.elasticsearch.indices.breaker.request] [request] Adjusted breaker by [-16440] bytes, now [0]
[2016-03-30 13:54:49,730][TRACE][org.elasticsearch.indices.breaker.request] [request] Adjusted breaker by [16440] bytes, now [16440]
[2016-03-30 13:54:49,731][TRACE][org.elasticsearch.indices.breaker.request] [request] Adjusted breaker by [-16440] bytes, now [0]
[2016-03-30 13:54:49,731][TRACE][org.elasticsearch.indices.breaker.request] [request] Adjusted breaker by [16440] bytes, now [16440]
[2016-03-30 13:54:49,731][TRACE][org.elasticsearch.indices.breaker.request] [request] Adjusted breaker by [-16440] bytes, now [0]
[2016-03-30 13:54:49,731][TRACE][org.elasticsearch.indices.breaker.request] [request] Adjusted breaker by [16440] bytes, now [16440]
[2016-03-30 13:54:49,731][TRACE][org.elasticsearch.indices.breaker.request] [request] Adjusted breaker by [-16440] bytes, now [0]
[2016-03-30 13:54:49,732][TRACE][org.elasticsearch.indices.breaker.request] [request] Adjusted breaker by [16440] bytes, now [16440]
[2016-03-30 13:54:49,732][TRACE][org.elasticsearch.indices.breaker.request] [request] Adjusted breaker by [-16440] bytes, now [0]
[2016-03-30 13:54:49,733][TRACE][org.elasticsearch.indices.breaker.request] [request] Adjusted breaker by [16440] bytes, now [16440]
[2016-03-30 13:54:49,733][TRACE][org.elasticsearch.indices.breaker.request] [request] Adjusted breaker by [-16440] bytes, now [0]
[2016-03-30 13:54:49,734][TRACE][org.elasticsearch.indices.breaker.request] [request] Adjusted breaker by [16440] bytes, now [16440]
[2016-03-30 13:54:49,734][TRACE][org.elasticsearch.indices.breaker.request] [request] Adjusted breaker by [-16440] bytes, now [0]
[2016-03-30 13:54:49,849][DEBUG][org.elasticsearch.indices.recovery] [node_s2] using max_bytes_per_sec[40mb], concurrent_streams [6], file_chunk_size [512kb], translog_size [512kb], translog_ops [1000], and compress [true]
[2016-03-30 13:54:49,860][DEBUG][org.elasticsearch.indices.memory] [node_s2] using indexing buffer size [49mb], with indices.memory.min_shard_index_buffer_size [4mb], indices.memory.max_shard_index_buffer_size [512mb], indices.memory.interval [30s]
[2016-03-30 13:54:49,963][TRACE][org.elasticsearch.indices] [node_s1] [test][4] warming [ElasticsearchDirectoryReader(FilterLeafReader(_0(5.4.0):c14) FilterLeafReader(_1(5.4.0):c6) FilterLeafReader(_2(5.4.0):c87))]
[2016-03-30 13:54:49,963][TRACE][org.elasticsearch.indices] [node_s1] [test][4] top warming [ElasticsearchDirectoryReader(FilterLeafReader(_0(5.4.0):c14) FilterLeafReader(_1(5.4.0):c6) FilterLeafReader(_2(5.4.0):c87))]
[2016-03-30 13:54:50,110][TRACE][org.elasticsearch.indices] [node_s1] [test][9] warming [MultiReader(FilterLeafReader(_2(5.4.0):c43))]
[2016-03-30 13:54:50,110][TRACE][org.elasticsearch.indices] [node_s1] [test][9] top warming [ElasticsearchDirectoryReader(FilterLeafReader(_0(5.4.0):c93) FilterLeafReader(_2(5.4.0):c43))]
[2016-03-30 13:54:50,123][TRACE][org.elasticsearch.indices] [node_s1] [test][1] warming [MultiReader(FilterLeafReader(_1(5.4.0):c139))]
[2016-03-30 13:54:50,123][TRACE][org.elasticsearch.indices] [node_s1] [test][1] top warming [ElasticsearchDirectoryReader(FilterLeafReader(_0(5.4.0):c1) FilterLeafReader(_1(5.4.0):c139))]
[2016-03-30 13:54:50,155][TRACE][org.elasticsearch.indices.store] [node_s0] listing store meta data for [test][9]
[2016-03-30 13:54:50,156][TRACE][org.elasticsearch.indices.store] [node_s1] listing store meta data for [test][9]
[2016-03-30 13:54:50,156][TRACE][org.elasticsearch.indices.store] [node_s0] listing store meta data for [test][4]
[2016-03-30 13:54:50,156][TRACE][org.elasticsearch.indices.store] [node_s1] listing store meta data for [test][4]
[2016-03-30 13:54:50,157][TRACE][org.elasticsearch.indices.store] [node_s1] listing store meta data for [test][1]
[2016-03-30 13:54:50,157][TRACE][org.elasticsearch.indices.store] [node_s0] listing store meta data for [test][1]
[2016-03-30 13:54:50,157][TRACE][org.elasticsearch.indices.store] [node_s0] found state file: [id:0, legacy:false, file:/Users/brijeshs/Documents/elasticsearch_sort_netbeans/elasticsearch/core/build/testrun/integTest/J1/temp/org.elasticsearch.indices.flush.FlushIT_F7928424F380CF7C-001/tempDir-001/data/SUITE-CHILD_VM=[1]-CLUSTER_SEED=[4002021444443819046]-HASH=[462546CEAD50E]-cluster/nodes/0/indices/test/9/_state/state-0.st]
[2016-03-30 13:54:50,158][TRACE][org.elasticsearch.indices.store] [node_s0] found state file: [id:4, legacy:false, file:/Users/brijeshs/Documents/elasticsearch_sort_netbeans/elasticsearch/core/build/testrun/integTest/J1/temp/org.elasticsearch.indices.flush.FlushIT_F7928424F380CF7C-001/tempDir-001/data/SUITE-CHILD_VM=[1]-CLUSTER_SEED=[4002021444443819046]-HASH=[462546CEAD50E]-cluster/nodes/0/indices/test/4/_state/state-4.st]
[2016-03-30 13:54:50,158][TRACE][org.elasticsearch.indices.store] [node_s1] listing store meta data for [test][5]
[2016-03-30 13:54:50,158][TRACE][org.elasticsearch.indices.store] [node_s0] listing store meta data for [test][5]
[2016-03-30 13:54:50,159][TRACE][org.elasticsearch.indices.store] [node_s0] found state file: [id:4, legacy:false, file:/Users/brijeshs/Documents/elasticsearch_sort_netbeans/elasticsearch/core/build/testrun/integTest/J1/temp/org.elasticsearch.indices.flush.FlushIT_F7928424F380CF7C-001/tempDir-001/data/SUITE-CHILD_VM=[1]-CLUSTER_SEED=[4002021444443819046]-HASH=[462546CEAD50E]-cluster/nodes/0/indices/test/1/_state/state-4.st]
[2016-03-30 13:54:50,160][TRACE][org.elasticsearch.indices.store] [node_s0] state id [0] read from [state-0.st]
[2016-03-30 13:54:50,160][DEBUG][org.elasticsearch.indices.store] [node_s0] [test][9] loaded data path [/Users/brijeshs/Documents/elasticsearch_sort_netbeans/elasticsearch/core/build/testrun/integTest/J1/temp/org.elasticsearch.indices.flush.FlushIT_F7928424F380CF7C-001/tempDir-001/data/SUITE-CHILD_VM=[1]-CLUSTER_SEED=[4002021444443819046]-HASH=[462546CEAD50E]-cluster/nodes/0/indices/test/9], state path [/Users/brijeshs/Documents/elasticsearch_sort_netbeans/elasticsearch/core/build/testrun/integTest/J1/temp/org.elasticsearch.indices.flush.FlushIT_F7928424F380CF7C-001/tempDir-001/data/SUITE-CHILD_VM=[1]-CLUSTER_SEED=[4002021444443819046]-HASH=[462546CEAD50E]-cluster/nodes/0/indices/test/9]
[2016-03-30 13:54:50,160][TRACE][org.elasticsearch.indices.store] [node_s0] found state file: [id:0, legacy:false, file:/Users/brijeshs/Documents/elasticsearch_sort_netbeans/elasticsearch/core/build/testrun/integTest/J1/temp/org.elasticsearch.indices.flush.FlushIT_F7928424F380CF7C-001/tempDir-001/data/SUITE-CHILD_VM=[1]-CLUSTER_SEED=[4002021444443819046]-HASH=[462546CEAD50E]-cluster/nodes/0/indices/test/5/_state/state-0.st]
[2016-03-30 13:54:50,160][TRACE][org.elasticsearch.indices.store] [node_s0] state id [4] read from [state-4.st]
[2016-03-30 13:54:50,169][DEBUG][org.elasticsearch.indices.store] [node_s0] [test][4] loaded data path [/Users/brijeshs/Documents/elasticsearch_sort_netbeans/elasticsearch/core/build/testrun/integTest/J1/temp/org.elasticsearch.indices.flush.FlushIT_F7928424F380CF7C-001/tempDir-001/data/SUITE-CHILD_VM=[1]-CLUSTER_SEED=[4002021444443819046]-HASH=[462546CEAD50E]-cluster/nodes/0/indices/test/4], state path [/Users/brijeshs/Documents/elasticsearch_sort_netbeans/elasticsearch/core/build/testrun/integTest/J1/temp/org.elasticsearch.indices.flush.FlushIT_F7928424F380CF7C-001/tempDir-001/data/SUITE-CHILD_VM=[1]-CLUSTER_SEED=[4002021444443819046]-HASH=[462546CEAD50E]-cluster/nodes/0/indices/test/4]
[2016-03-30 13:54:50,170][TRACE][org.elasticsearch.indices.store] [node_s0] state id [4] read from [state-4.st]
[2016-03-30 13:54:50,171][DEBUG][org.elasticsearch.indices.store] [node_s0] [test][1] loaded data path [/Users/brijeshs/Documents/elasticsearch_sort_netbeans/elasticsearch/core/build/testrun/integTest/J1/temp/org.elasticsearch.indices.flush.FlushIT_F7928424F380CF7C-001/tempDir-001/data/SUITE-CHILD_VM=[1]-CLUSTER_SEED=[4002021444443819046]-HASH=[462546CEAD50E]-cluster/nodes/0/indices/test/1], state path [/Users/brijeshs/Documents/elasticsearch_sort_netbeans/elasticsearch/core/build/testrun/integTest/J1/temp/org.elasticsearch.indices.flush.FlushIT_F7928424F380CF7C-001/tempDir-001/data/SUITE-CHILD_VM=[1]-CLUSTER_SEED=[4002021444443819046]-HASH=[462546CEAD50E]-cluster/nodes/0/indices/test/1]
[2016-03-30 13:54:50,177][TRACE][org.elasticsearch.indices.store] [node_s0] [test][4] didn't find any store meta data to load (took [20.5ms])
[2016-03-30 13:54:50,182][TRACE][org.elasticsearch.indices.store] [node_s0] state id [0] read from [state-0.st]
[2016-03-30 13:54:50,184][DEBUG][org.elasticsearch.indices.store] [node_s0] [test][5] loaded data path [/Users/brijeshs/Documents/elasticsearch_sort_netbeans/elasticsearch/core/build/testrun/integTest/J1/temp/org.elasticsearch.indices.flush.FlushIT_F7928424F380CF7C-001/tempDir-001/data/SUITE-CHILD_VM=[1]-CLUSTER_SEED=[4002021444443819046]-HASH=[462546CEAD50E]-cluster/nodes/0/indices/test/5], state path [/Users/brijeshs/Documents/elasticsearch_sort_netbeans/elasticsearch/core/build/testrun/integTest/J1/temp/org.elasticsearch.indices.flush.FlushIT_F7928424F380CF7C-001/tempDir-001/data/SUITE-CHILD_VM=[1]-CLUSTER_SEED=[4002021444443819046]-HASH=[462546CEAD50E]-cluster/nodes/0/indices/test/5]
[2016-03-30 13:54:50,185][TRACE][org.elasticsearch.indices.store] [node_s0] [test][9] didn't find any store meta data to load (took [29.5ms])
[2016-03-30 13:54:50,187][TRACE][org.elasticsearch.indices.store] [node_s0] [test][1] didn't find any store meta data to load (took [29.6ms])
[2016-03-30 13:54:50,194][DEBUG][org.elasticsearch.indices.cluster] [node_s1] [test][3] creating shard
[2016-03-30 13:54:50,208][TRACE][org.elasticsearch.indices.store] [node_s0] [test][5] didn't find any store meta data to load (took [49.6ms])
[2016-03-30 13:54:50,210][DEBUG][org.elasticsearch.indices.store] [node_s1] [test][1] loaded store meta data (took [53ms])
[2016-03-30 13:54:50,213][DEBUG][org.elasticsearch.indices.store] [node_s1] [test][9] loaded store meta data (took [57.7ms])
[2016-03-30 13:54:50,234][DEBUG][org.elasticsearch.indices.store] [node_s1] [test][5] loaded store meta data (took [75.5ms])
[2016-03-30 13:54:50,256][DEBUG][org.elasticsearch.indices.store] [node_s1] [test][4] loaded store meta data (took [99.4ms])
[2016-03-30 13:54:50,259][DEBUG][org.elasticsearch.indices.cluster] [node_s1] [test][2] creating shard
[2016-03-30 13:54:50,282][DEBUG][org.elasticsearch.indices.cluster] [node_s1] [test][7] creating shard
[2016-03-30 13:54:50,319][DEBUG][org.elasticsearch.indices.cluster] [node_s1] [test][6] creating shard
[2016-03-30 13:54:50,328][TRACE][org.elasticsearch.indices] [node_s1] [test][3] warming [ElasticsearchDirectoryReader(FilterLeafReader(_0(5.4.0):c3))]
[2016-03-30 13:54:50,328][TRACE][org.elasticsearch.indices] [node_s1] [test][3] top warming [ElasticsearchDirectoryReader(FilterLeafReader(_0(5.4.0):c3))]
[2016-03-30 13:54:50,359][TRACE][org.elasticsearch.indices.breaker.request] [request] Adjusted breaker by [16440] bytes, now [16440]
[2016-03-30 13:54:50,359][TRACE][org.elasticsearch.indices.breaker.request] [request] Adjusted breaker by [-16440] bytes, now [0]
[2016-03-30 13:54:50,360][TRACE][org.elasticsearch.indices.breaker.request] [request] Adjusted breaker by [16440] bytes, now [16440]
[2016-03-30 13:54:50,360][TRACE][org.elasticsearch.indices.breaker.request] [request] Adjusted breaker by [-16440] bytes, now [0]
[2016-03-30 13:54:50,360][TRACE][org.elasticsearch.indices.breaker.request] [request] Adjusted breaker by [16440] bytes, now [16440]
[2016-03-30 13:54:50,360][TRACE][org.elasticsearch.indices.breaker.request] [request] Adjusted breaker by [-16440] bytes, now [0]
[2016-03-30 13:54:50,360][TRACE][org.elasticsearch.indices.breaker.request] [request] Adjusted breaker by [16440] bytes, now [16440]
[2016-03-30 13:54:50,360][TRACE][org.elasticsearch.indices.breaker.request] [request] Adjusted breaker by [-16440] bytes, now [0]
[2016-03-30 13:54:50,361][TRACE][org.elasticsearch.indices.breaker.request] [request] Adjusted breaker by [16440] bytes, now [16440]
[2016-03-30 13:54:50,361][TRACE][org.elasticsearch.indices.breaker.request] [request] Adjusted breaker by [-16440] bytes, now [0]
[2016-03-30 13:54:50,361][TRACE][org.elasticsearch.indices.breaker.request] [request] Adjusted breaker by [16440] bytes, now [16440]
[2016-03-30 13:54:50,361][TRACE][org.elasticsearch.indices.breaker.request] [request] Adjusted breaker by [-16440] bytes, now [0]
[2016-03-30 13:54:50,362][TRACE][org.elasticsearch.indices.breaker.request] [request] Adjusted breaker by [16440] bytes, now [16440]
[2016-03-30 13:54:50,362][TRACE][org.elasticsearch.indices.breaker.request] [request] Adjusted breaker by [-16440] bytes, now [0]
[2016-03-30 13:54:50,362][TRACE][org.elasticsearch.indices.breaker.request] [request] Adjusted breaker by [16440] bytes, now [16440]
[2016-03-30 13:54:50,362][TRACE][org.elasticsearch.indices.breaker.request] [request] Adjusted breaker by [-16440] bytes, now [0]
[2016-03-30 13:54:50,362][TRACE][org.elasticsearch.indices.breaker.request] [request] Adjusted breaker by [16440] bytes, now [16440]
[2016-03-30 13:54:50,362][TRACE][org.elasticsearch.indices.breaker.request] [request] Adjusted breaker by [-16440] bytes, now [0]
[2016-03-30 13:54:50,363][TRACE][org.elasticsearch.indices.breaker.request] [request] Adjusted breaker by [16440] bytes, now [16440]
[2016-03-30 13:54:50,363][TRACE][org.elasticsearch.indices.breaker.request] [request] Adjusted breaker by [-16440] bytes, now [0]
[2016-03-30 13:54:50,363][TRACE][org.elasticsearch.indices.breaker.request] [request] Adjusted breaker by [16440] bytes, now [16440]
[2016-03-30 13:54:50,363][TRACE][org.elasticsearch.indices.breaker.request] [request] Adjusted breaker by [-16440] bytes, now [0]
[2016-03-30 13:54:50,363][TRACE][org.elasticsearch.indices.breaker.request] [request] Adjusted breaker by [16440] bytes, now [16440]
[2016-03-30 13:54:50,364][TRACE][org.elasticsearch.indices.breaker.request] [request] Adjusted breaker by [-16440] bytes, now [0]
[2016-03-30 13:54:50,364][TRACE][org.elasticsearch.indices.breaker.request] [request] Adjusted breaker by [16440] bytes, now [16440]
[2016-03-30 13:54:50,364][TRACE][org.elasticsearch.indices.breaker.request] [request] Adjusted breaker by [-16440] bytes, now [0]
[2016-03-30 13:54:50,364][TRACE][org.elasticsearch.indices.breaker.request] [request] Adjusted breaker by [16440] bytes, now [16440]
[2016-03-30 13:54:50,364][TRACE][org.elasticsearch.indices.breaker.request] [request] Adjusted breaker by [-16440] bytes, now [0]
[2016-03-30 13:54:50,365][TRACE][org.elasticsearch.indices.breaker.request] [request] Adjusted breaker by [16440] bytes, now [16440]
[2016-03-30 13:54:50,365][TRACE][org.elasticsearch.indices.breaker.request] [request] Adjusted breaker by [-16440] bytes, now [0]
[2016-03-30 13:54:50,365][TRACE][org.elasticsearch.indices.breaker.request] [request] Adjusted breaker by [16440] bytes, now [16440]
[2016-03-30 13:54:50,365][TRACE][org.elasticsearch.indices.breaker.request] [request] Adjusted breaker by [-16440] bytes, now [0]
[2016-03-30 13:54:50,365][TRACE][org.elasticsearch.indices.breaker.request] [request] Adjusted breaker by [16440] bytes, now [16440]
[2016-03-30 13:54:50,366][TRACE][org.elasticsearch.indices.breaker.request] [request] Adjusted breaker by [-16440] bytes, now [0]
[2016-03-30 13:54:50,366][TRACE][org.elasticsearch.indices.breaker.request] [request] Adjusted breaker by [16440] bytes, now [16440]
[2016-03-30 13:54:50,366][TRACE][org.elasticsearch.indices.breaker.request] [request] Adjusted breaker by [-16440] bytes, now [0]
[2016-03-30 13:54:50,366][TRACE][org.elasticsearch.indices.breaker.request] [request] Adjusted breaker by [16440] bytes, now [16440]
[2016-03-30 13:54:50,367][TRACE][org.elasticsearch.indices.breaker.request] [request] Adjusted breaker by [-16440] bytes, now [0]
[2016-03-30 13:54:50,367][TRACE][org.elasticsearch.indices.breaker.request] [request] Adjusted breaker by [16440] bytes, now [16440]
[2016-03-30 13:54:50,367][TRACE][org.elasticsearch.indices.breaker.request] [request] Adjusted breaker by [-16440] bytes, now [0]
[2016-03-30 13:54:50,367][TRACE][org.elasticsearch.indices.breaker.request] [request] Adjusted breaker by [16440] bytes, now [16440]
[2016-03-30 13:54:50,368][TRACE][org.elasticsearch.indices.breaker.request] [request] Adjusted breaker by [-16440] bytes, now [0]
[2016-03-30 13:54:50,368][TRACE][org.elasticsearch.indices.breaker.request] [request] Adjusted breaker by [16440] bytes, now [16440]
[2016-03-30 13:54:50,368][TRACE][org.elasticsearch.indices.breaker.request] [request] Adjusted breaker by [-16440] bytes, now [0]
[2016-03-30 13:54:50,369][TRACE][org.elasticsearch.indices.breaker.request] [request] Adjusted breaker by [16440] bytes, now [16440]
[2016-03-30 13:54:50,369][TRACE][org.elasticsearch.indices.breaker.request] [request] Adjusted breaker by [-16440] bytes, now [0]
[2016-03-30 13:54:50,369][TRACE][org.elasticsearch.indices.breaker.request] [request] Adjusted breaker by [16440] bytes, now [16440]
[2016-03-30 13:54:50,369][TRACE][org.elasticsearch.indices.breaker.request] [request] Adjusted breaker by [-16440] bytes, now [0]
[2016-03-30 13:54:50,369][TRACE][org.elasticsearch.indices.breaker.request] [request] Adjusted breaker by [16440] bytes, now [16440]
[2016-03-30 13:54:50,370][TRACE][org.elasticsearch.indices.breaker.request] [request] Adjusted breaker by [-16440] bytes, now [0]
[2016-03-30 13:54:50,370][TRACE][org.elasticsearch.indices.breaker.request] [request] Adjusted breaker by [16440] bytes, now [16440]
[2016-03-30 13:54:50,370][TRACE][org.elasticsearch.indices.breaker.request] [request] Adjusted breaker by [-16440] bytes, now [0]
[2016-03-30 13:54:50,370][TRACE][org.elasticsearch.indices.breaker.request] [request] Adjusted breaker by [16440] bytes, now [16440]
[2016-03-30 13:54:50,370][TRACE][org.elasticsearch.indices.breaker.request] [request] Adjusted breaker by [-16440] bytes, now [0]
[2016-03-30 13:54:50,371][TRACE][org.elasticsearch.indices.breaker.request] [request] Adjusted breaker by [16440] bytes, now [16440]
[2016-03-30 13:54:50,371][TRACE][org.elasticsearch.indices.breaker.request] [request] Adjusted breaker by [-16440] bytes, now [0]
[2016-03-30 13:54:50,371][TRACE][org.elasticsearch.indices.breaker.request] [request] Adjusted breaker by [16440] bytes, now [16440]
[2016-03-30 13:54:50,371][TRACE][org.elasticsearch.indices.breaker.request] [request] Adjusted breaker by [-16440] bytes, now [0]
[2016-03-30 13:54:50,371][TRACE][org.elasticsearch.indices.breaker.request] [request] Adjusted breaker by [16440] bytes, now [16440]
[2016-03-30 13:54:50,372][TRACE][org.elasticsearch.indices.breaker.request] [request] Adjusted breaker by [-16440] bytes, now [0]
[2016-03-30 13:54:50,372][TRACE][org.elasticsearch.indices.breaker.request] [request] Adjusted breaker by [16440] bytes, now [16440]
[2016-03-30 13:54:50,372][TRACE][org.elasticsearch.indices.breaker.request] [request] Adjusted breaker by [-16440] bytes, now [0]
[2016-03-30 13:54:50,372][TRACE][org.elasticsearch.indices.breaker.request] [request] Adjusted breaker by [16440] bytes, now [16440]
[2016-03-30 13:54:50,372][TRACE][org.elasticsearch.indices.breaker.request] [request] Adjusted breaker by [-16440] bytes, now [0]
[2016-03-30 13:54:50,373][TRACE][org.elasticsearch.indices.breaker.request] [request] Adjusted breaker by [16440] bytes, now [16440]
[2016-03-30 13:54:50,373][TRACE][org.elasticsearch.indices.breaker.request] [request] Adjusted breaker by [-16440] bytes, now [0]
[2016-03-30 13:54:50,373][TRACE][org.elasticsearch.indices.breaker.request] [request] Adjusted breaker by [16440] bytes, now [16440]
[2016-03-30 13:54:50,373][TRACE][org.elasticsearch.indices.breaker.request] [request] Adjusted breaker by [-16440] bytes, now [0]
[2016-03-30 13:54:50,374][TRACE][org.elasticsearch.indices.breaker.request] [request] Adjusted breaker by [16440] bytes, now [16440]
[2016-03-30 13:54:50,374][TRACE][org.elasticsearch.indices.breaker.request] [request] Adjusted breaker by [-16440] bytes, now [0]
[2016-03-30 13:54:50,374][TRACE][org.elasticsearch.indices.breaker.request] [request] Adjusted breaker by [16440] bytes, now [16440]
[2016-03-30 13:54:50,374][TRACE][org.elasticsearch.indices.breaker.request] [request] Adjusted breaker by [-16440] bytes, now [0]
[2016-03-30 13:54:50,374][TRACE][org.elasticsearch.indices.breaker.request] [request] Adjusted breaker by [16440] bytes, now [16440]
[2016-03-30 13:54:50,374][TRACE][org.elasticsearch.indices.breaker.request] [request] Adjusted breaker by [-16440] bytes, now [0]
[2016-03-30 13:54:50,375][TRACE][org.elasticsearch.indices.breaker.request] [request] Adjusted breaker by [16440] bytes, now [16440]
[2016-03-30 13:54:50,375][TRACE][org.elasticsearch.indices.breaker.request] [request] Adjusted breaker by [-16440] bytes, now [0]
[2016-03-30 13:54:50,375][TRACE][org.elasticsearch.indices.breaker.request] [request] Adjusted breaker by [16440] bytes, now [16440]
[2016-03-30 13:54:50,375][TRACE][org.elasticsearch.indices.breaker.request] [request] Adjusted breaker by [-16440] bytes, now [0]
[2016-03-30 13:54:50,375][TRACE][org.elasticsearch.indices.breaker.request] [request] Adjusted breaker by [16440] bytes, now [16440]
[2016-03-30 13:54:50,375][TRACE][org.elasticsearch.indices.breaker.request] [request] Adjusted breaker by [-16440] bytes, now [0]
[2016-03-30 13:54:50,376][TRACE][org.elasticsearch.indices.breaker.request] [request] Adjusted breaker by [16440] bytes, now [16440]
[2016-03-30 13:54:50,376][TRACE][org.elasticsearch.indices.breaker.request] [request] Adjusted breaker by [-16440] bytes, now [0]
[2016-03-30 13:54:50,376][TRACE][org.elasticsearch.indices.breaker.request] [request] Adjusted breaker by [16440] bytes, now [16440]
[2016-03-30 13:54:50,376][TRACE][org.elasticsearch.indices.breaker.request] [request] Adjusted breaker by [-16440] bytes, now [0]
[2016-03-30 13:54:50,376][TRACE][org.elasticsearch.indices.breaker.request] [request] Adjusted breaker by [16440] bytes, now [16440]
[2016-03-30 13:54:50,377][TRACE][org.elasticsearch.indices.breaker.request] [request] Adjusted breaker by [-16440] bytes, now [0]
[2016-03-30 13:54:50,377][TRACE][org.elasticsearch.indices.breaker.request] [request] Adjusted breaker by [16440] bytes, now [16440]
[2016-03-30 13:54:50,377][TRACE][org.elasticsearch.indices.breaker.request] [request] Adjusted breaker by [-16440] bytes, now [0]
[2016-03-30 13:54:50,377][TRACE][org.elasticsearch.indices.breaker.request] [request] Adjusted breaker by [16440] bytes, now [16440]
[2016-03-30 13:54:50,377][TRACE][org.elasticsearch.indices.breaker.request] [request] Adjusted breaker by [-16440] bytes, now [0]
[2016-03-30 13:54:50,378][TRACE][org.elasticsearch.indices.breaker.request] [request] Adjusted breaker by [16440] bytes, now [16440]
[2016-03-30 13:54:50,378][TRACE][org.elasticsearch.indices.breaker.request] [request] Adjusted breaker by [-16440] bytes, now [0]
[2016-03-30 13:54:50,378][TRACE][org.elasticsearch.indices.breaker.request] [request] Adjusted breaker by [16440] bytes, now [16440]
[2016-03-30 13:54:50,378][TRACE][org.elasticsearch.indices.breaker.request] [request] Adjusted breaker by [-16440] bytes, now [0]
[2016-03-30 13:54:50,378][TRACE][org.elasticsearch.indices.breaker.request] [request] Adjusted breaker by [16440] bytes, now [16440]
[2016-03-30 13:54:50,378][TRACE][org.elasticsearch.indices.breaker.request] [request] Adjusted breaker by [-16440] bytes, now [0]
[2016-03-30 13:54:50,379][TRACE][org.elasticsearch.indices.breaker.request] [request] Adjusted breaker by [16440] bytes, now [16440]
[2016-03-30 13:54:50,379][TRACE][org.elasticsearch.indices.breaker.request] [request] Adjusted breaker by [-16440] bytes, now [0]
[2016-03-30 13:54:50,379][TRACE][org.elasticsearch.indices.breaker.request] [request] Adjusted breaker by [16440] bytes, now [16440]
[2016-03-30 13:54:50,379][TRACE][org.elasticsearch.indices.breaker.request] [request] Adjusted breaker by [-16440] bytes, now [0]
[2016-03-30 13:54:50,379][TRACE][org.elasticsearch.indices.breaker.request] [request] Adjusted breaker by [16440] bytes, now [16440]
[2016-03-30 13:54:50,380][TRACE][org.elasticsearch.indices.breaker.request] [request] Adjusted breaker by [-16440] bytes, now [0]
[2016-03-30 13:54:50,380][TRACE][org.elasticsearch.indices.breaker.request] [request] Adjusted breaker by [16440] bytes, now [16440]
[2016-03-30 13:54:50,380][TRACE][org.elasticsearch.indices.breaker.request] [request] Adjusted breaker by [-16440] bytes, now [0]
[2016-03-30 13:54:50,381][TRACE][org.elasticsearch.indices.breaker.request] [request] Adjusted breaker by [16440] bytes, now [16440]
[2016-03-30 13:54:50,381][TRACE][org.elasticsearch.indices.breaker.request] [request] Adjusted breaker by [-16440] bytes, now [0]
[2016-03-30 13:54:50,381][TRACE][org.elasticsearch.indices.breaker.request] [request] Adjusted breaker by [16440] bytes, now [16440]
[2016-03-30 13:54:50,381][TRACE][org.elasticsearch.indices.breaker.request] [request] Adjusted breaker by [-16440] bytes, now [0]
[2016-03-30 13:54:50,382][TRACE][org.elasticsearch.indices.breaker.request] [request] Adjusted breaker by [16440] bytes, now [16440]
[2016-03-30 13:54:50,382][TRACE][org.elasticsearch.indices.breaker.request] [request] Adjusted breaker by [-16440] bytes, now [0]
[2016-03-30 13:54:50,382][TRACE][org.elasticsearch.indices.breaker.request] [request] Adjusted breaker by [16440] bytes, now [16440]
[2016-03-30 13:54:50,382][TRACE][org.elasticsearch.indices.breaker.request] [request] Adjusted breaker by [-16440] bytes, now [0]
[2016-03-30 13:54:50,383][TRACE][org.elasticsearch.indices.breaker.request] [request] Adjusted breaker by [16440] bytes, now [16440]
[2016-03-30 13:54:50,383][TRACE][org.elasticsearch.indices.breaker.request] [request] Adjusted breaker by [-16440] bytes, now [0]
[2016-03-30 13:54:50,383][TRACE][org.elasticsearch.indices.breaker.request] [request] Adjusted breaker by [16440] bytes, now [16440]
[2016-03-30 13:54:50,383][TRACE][org.elasticsearch.indices.breaker.request] [request] Adjusted breaker by [-16440] bytes, now [0]
[2016-03-30 13:54:50,384][TRACE][org.elasticsearch.indices.breaker.request] [request] Adjusted breaker by [16440] bytes, now [16440]
[2016-03-30 13:54:50,384][TRACE][org.elasticsearch.indices.breaker.request] [request] Adjusted breaker by [-16440] bytes, now [0]
[2016-03-30 13:54:50,385][TRACE][org.elasticsearch.indices.breaker.request] [request] Adjusted breaker by [16440] bytes, now [16440]
[2016-03-30 13:54:50,385][TRACE][org.elasticsearch.indices.breaker.request] [request] Adjusted breaker by [-16440] bytes, now [0]
[2016-03-30 13:54:50,385][TRACE][org.elasticsearch.indices.breaker.request] [request] Adjusted breaker by [16440] bytes, now [16440]
[2016-03-30 13:54:50,385][TRACE][org.elasticsearch.indices.breaker.request] [request] Adjusted breaker by [-16440] bytes, now [0]
[2016-03-30 13:54:50,386][TRACE][org.elasticsearch.indices.breaker.request] [request] Adjusted breaker by [16440] bytes, now [16440]
[2016-03-30 13:54:50,386][TRACE][org.elasticsearch.indices.breaker.request] [request] Adjusted breaker by [-16440] bytes, now [0]
[2016-03-30 13:54:50,386][TRACE][org.elasticsearch.indices.breaker.request] [request] Adjusted breaker by [16440] bytes, now [16440]
[2016-03-30 13:54:50,386][TRACE][org.elasticsearch.indices.breaker.request] [request] Adjusted breaker by [-16440] bytes, now [0]
[2016-03-30 13:54:50,386][TRACE][org.elasticsearch.indices.breaker.request] [request] Adjusted breaker by [16440] bytes, now [16440]
[2016-03-30 13:54:50,386][TRACE][org.elasticsearch.indices.breaker.request] [request] Adjusted breaker by [-16440] bytes, now [0]
[2016-03-30 13:54:50,387][TRACE][org.elasticsearch.indices.breaker.request] [request] Adjusted breaker by [16440] bytes, now [16440]
[2016-03-30 13:54:50,387][TRACE][org.elasticsearch.indices.breaker.request] [request] Adjusted breaker by [-16440] bytes, now [0]
[2016-03-30 13:54:50,387][TRACE][org.elasticsearch.indices.breaker.request] [request] Adjusted breaker by [16440] bytes, now [16440]
[2016-03-30 13:54:50,387][TRACE][org.elasticsearch.indices.breaker.request] [request] Adjusted breaker by [-16440] bytes, now [0]
[2016-03-30 13:54:50,387][TRACE][org.elasticsearch.indices.breaker.request] [request] Adjusted breaker by [16440] bytes, now [16440]
[2016-03-30 13:54:50,388][TRACE][org.elasticsearch.indices.breaker.request] [request] Adjusted breaker by [-16440] bytes, now [0]
[2016-03-30 13:54:50,388][TRACE][org.elasticsearch.indices.breaker.request] [request] Adjusted breaker by [16440] bytes, now [16440]
[2016-03-30 13:54:50,388][TRACE][org.elasticsearch.indices.breaker.request] [request] Adjusted breaker by [-16440] bytes, now [0]
[2016-03-30 13:54:50,388][TRACE][org.elasticsearch.indices.breaker.request] [request] Adjusted breaker by [16440] bytes, now [16440]
[2016-03-30 13:54:50,388][TRACE][org.elasticsearch.indices.breaker.request] [request] Adjusted breaker by [-16440] bytes, now [0]
[2016-03-30 13:54:50,389][TRACE][org.elasticsearch.indices.breaker.request] [request] Adjusted breaker by [16440] bytes, now [16440]
[2016-03-30 13:54:50,389][TRACE][org.elasticsearch.indices.breaker.request] [request] Adjusted breaker by [-16440] bytes, now [0]
[2016-03-30 13:54:50,389][TRACE][org.elasticsearch.indices.breaker.request] [request] Adjusted breaker by [16440] bytes, now [16440]
[2016-03-30 13:54:50,389][TRACE][org.elasticsearch.indices.breaker.request] [request] Adjusted breaker by [-16440] bytes, now [0]
[2016-03-30 13:54:50,389][TRACE][org.elasticsearch.indices.breaker.request] [request] Adjusted breaker by [16440] bytes, now [16440]
[2016-03-30 13:54:50,389][TRACE][org.elasticsearch.indices.breaker.request] [request] Adjusted breaker by [-16440] bytes, now [0]
[2016-03-30 13:54:50,390][TRACE][org.elasticsearch.indices.breaker.request] [request] Adjusted breaker by [16440] bytes, now [16440]
[2016-03-30 13:54:50,390][TRACE][org.elasticsearch.indices.breaker.request] [request] Adjusted breaker by [-16440] bytes, now [0]
[2016-03-30 13:54:50,390][TRACE][org.elasticsearch.indices.breaker.request] [request] Adjusted breaker by [16440] bytes, now [16440]
[2016-03-30 13:54:50,390][TRACE][org.elasticsearch.indices.breaker.request] [request] Adjusted breaker by [-16440] bytes, now [0]
[2016-03-30 13:54:50,391][TRACE][org.elasticsearch.indices.breaker.request] [request] Adjusted breaker by [16440] bytes, now [16440]
[2016-03-30 13:54:50,391][TRACE][org.elasticsearch.indices.breaker.request] [request] Adjusted breaker by [-16440] bytes, now [0]
[2016-03-30 13:54:50,391][TRACE][org.elasticsearch.indices.breaker.request] [request] Adjusted breaker by [16440] bytes, now [16440]
[2016-03-30 13:54:50,392][TRACE][org.elasticsearch.indices.breaker.request] [request] Adjusted breaker by [-16440] bytes, now [0]
[2016-03-30 13:54:50,392][TRACE][org.elasticsearch.indices.breaker.request] [request] Adjusted breaker by [16440] bytes, now [16440]
[2016-03-30 13:54:50,392][TRACE][org.elasticsearch.indices.breaker.request] [request] Adjusted breaker by [-16440] bytes, now [0]
[2016-03-30 13:54:50,392][TRACE][org.elasticsearch.indices.breaker.request] [request] Adjusted breaker by [16440] bytes, now [16440]
[2016-03-30 13:54:50,392][TRACE][org.elasticsearch.indices.breaker.request] [request] Adjusted breaker by [-16440] bytes, now [0]
[2016-03-30 13:54:50,393][TRACE][org.elasticsearch.indices.breaker.request] [request] Adjusted breaker by [16440] bytes, now [16440]
[2016-03-30 13:54:50,393][TRACE][org.elasticsearch.indices.breaker.request] [request] Adjusted breaker by [-16440] bytes, now [0]
[2016-03-30 13:54:50,394][TRACE][org.elasticsearch.indices.breaker.request] [request] Adjusted breaker by [16440] bytes, now [16440]
[2016-03-30 13:54:50,394][TRACE][org.elasticsearch.indices.breaker.request] [request] Adjusted breaker by [-16440] bytes, now [0]
[2016-03-30 13:54:50,394][TRACE][org.elasticsearch.indices.breaker.request] [request] Adjusted breaker by [16440] bytes, now [16440]
[2016-03-30 13:54:50,394][TRACE][org.elasticsearch.indices.breaker.request] [request] Adjusted breaker by [-16440] bytes, now [0]
[2016-03-30 13:54:50,395][TRACE][org.elasticsearch.indices.breaker.request] [request] Adjusted breaker by [16440] bytes, now [16440]
[2016-03-30 13:54:50,395][TRACE][org.elasticsearch.indices.breaker.request] [request] Adjusted breaker by [-16440] bytes, now [0]
[2016-03-30 13:54:50,395][TRACE][org.elasticsearch.indices.breaker.request] [request] Adjusted breaker by [16440] bytes, now [16440]
[2016-03-30 13:54:50,395][TRACE][org.elasticsearch.indices.breaker.request] [request] Adjusted breaker by [-16440] bytes, now [0]
[2016-03-30 13:54:50,395][TRACE][org.elasticsearch.indices.breaker.request] [request] Adjusted breaker by [16440] bytes, now [16440]
[2016-03-30 13:54:50,395][TRACE][org.elasticsearch.indices.breaker.request] [request] Adjusted breaker by [-16440] bytes, now [0]
[2016-03-30 13:54:50,396][TRACE][org.elasticsearch.indices.breaker.request] [request] Adjusted breaker by [16440] bytes, now [16440]
[2016-03-30 13:54:50,396][TRACE][org.elasticsearch.indices.breaker.request] [request] Adjusted breaker by [-16440] bytes, now [0]
[2016-03-30 13:54:50,397][TRACE][org.elasticsearch.indices.breaker.request] [request] Adjusted breaker by [16440] bytes, now [16440]
[2016-03-30 13:54:50,397][TRACE][org.elasticsearch.indices.breaker.request] [request] Adjusted breaker by [-16440] bytes, now [0]
[2016-03-30 13:54:50,397][TRACE][org.elasticsearch.indices.breaker.request] [request] Adjusted breaker by [16440] bytes, now [16440]
[2016-03-30 13:54:50,397][TRACE][org.elasticsearch.indices.breaker.request] [request] Adjusted breaker by [-16440] bytes, now [0]
[2016-03-30 13:54:50,397][TRACE][org.elasticsearch.indices.breaker.request] [request] Adjusted breaker by [16440] bytes, now [16440]
[2016-03-30 13:54:50,397][TRACE][org.elasticsearch.indices.breaker.request] [request] Adjusted breaker by [-16440] bytes, now [0]
[2016-03-30 13:54:50,398][TRACE][org.elasticsearch.indices.breaker.request] [request] Adjusted breaker by [16440] bytes, now [16440]
[2016-03-30 13:54:50,398][TRACE][org.elasticsearch.indices.breaker.request] [request] Adjusted breaker by [-16440] bytes, now [0]
[2016-03-30 13:54:50,398][TRACE][org.elasticsearch.indices.breaker.request] [request] Adjusted breaker by [16440] bytes, now [16440]
[2016-03-30 13:54:50,398][TRACE][org.elasticsearch.indices.breaker.request] [request] Adjusted breaker by [-16440] bytes, now [0]
[2016-03-30 13:54:50,399][TRACE][org.elasticsearch.indices.breaker.request] [request] Adjusted breaker by [16440] bytes, now [16440]
[2016-03-30 13:54:50,399][TRACE][org.elasticsearch.indices.breaker.request] [request] Adjusted breaker by [-16440] bytes, now [0]
[2016-03-30 13:54:50,399][TRACE][org.elasticsearch.indices.breaker.request] [request] Adjusted breaker by [16440] bytes, now [16440]
[2016-03-30 13:54:50,399][TRACE][org.elasticsearch.indices.breaker.request] [request] Adjusted breaker by [-16440] bytes, now [0]
[2016-03-30 13:54:50,399][TRACE][org.elasticsearch.indices.breaker.request] [request] Adjusted breaker by [16440] bytes, now [16440]
[2016-03-30 13:54:50,400][TRACE][org.elasticsearch.indices.breaker.request] [request] Adjusted breaker by [-16440] bytes, now [0]
[2016-03-30 13:54:50,400][TRACE][org.elasticsearch.indices.breaker.request] [request] Adjusted breaker by [16440] bytes, now [16440]
[2016-03-30 13:54:50,400][TRACE][org.elasticsearch.indices.breaker.request] [request] Adjusted breaker by [-16440] bytes, now [0]
[2016-03-30 13:54:50,400][TRACE][org.elasticsearch.indices.breaker.request] [request] Adjusted breaker by [16440] bytes, now [16440]
[2016-03-30 13:54:50,400][TRACE][org.elasticsearch.indices.breaker.request] [request] Adjusted breaker by [-16440] bytes, now [0]
[2016-03-30 13:54:50,401][TRACE][org.elasticsearch.indices.breaker.request] [request] Adjusted breaker by [16440] bytes, now [16440]
[2016-03-30 13:54:50,401][TRACE][org.elasticsearch.indices.breaker.request] [request] Adjusted breaker by [-16440] bytes, now [0]
[2016-03-30 13:54:50,401][TRACE][org.elasticsearch.indices.breaker.request] [request] Adjusted breaker by [16440] bytes, now [16440]
[2016-03-30 13:54:50,403][TRACE][org.elasticsearch.indices] [node_s1] [test][2] warming [ElasticsearchDirectoryReader(FilterLeafReader(_0(5.4.0):c1))]
[2016-03-30 13:54:50,404][TRACE][org.elasticsearch.indices] [node_s1] [test][2] top warming [ElasticsearchDirectoryReader(FilterLeafReader(_0(5.4.0):c1))]
[2016-03-30 13:54:50,404][TRACE][org.elasticsearch.indices.breaker.request] [request] Adjusted breaker by [-16440] bytes, now [0]
[2016-03-30 13:54:50,404][TRACE][org.elasticsearch.indices.breaker.request] [request] Adjusted breaker by [16440] bytes, now [16440]
[2016-03-30 13:54:50,404][TRACE][org.elasticsearch.indices.breaker.request] [request] Adjusted breaker by [-16440] bytes, now [0]
[2016-03-30 13:54:50,405][TRACE][org.elasticsearch.indices.breaker.request] [request] Adjusted breaker by [16440] bytes, now [16440]
[2016-03-30 13:54:50,405][TRACE][org.elasticsearch.indices.breaker.request] [request] Adjusted breaker by [-16440] bytes, now [0]
[2016-03-30 13:54:50,405][TRACE][org.elasticsearch.indices.breaker.request] [request] Adjusted breaker by [16440] bytes, now [16440]
[2016-03-30 13:54:50,405][TRACE][org.elasticsearch.indices.breaker.request] [request] Adjusted breaker by [-16440] bytes, now [0]
[2016-03-30 13:54:50,405][TRACE][org.elasticsearch.indices.breaker.request] [request] Adjusted breaker by [16440] bytes, now [16440]
[2016-03-30 13:54:50,405][TRACE][org.elasticsearch.indices.breaker.request] [request] Adjusted breaker by [-16440] bytes, now [0]
[2016-03-30 13:54:50,406][TRACE][org.elasticsearch.indices.breaker.request] [request] Adjusted breaker by [16440] bytes, now [16440]
[2016-03-30 13:54:50,406][TRACE][org.elasticsearch.indices.breaker.request] [request] Adjusted breaker by [-16440] bytes, now [0]
[2016-03-30 13:54:50,407][TRACE][org.elasticsearch.indices.breaker.request] [request] Adjusted breaker by [16440] bytes, now [16440]
[2016-03-30 13:54:50,407][TRACE][org.elasticsearch.indices.breaker.request] [request] Adjusted breaker by [-16440] bytes, now [0]
[2016-03-30 13:54:50,407][TRACE][org.elasticsearch.indices.breaker.request] [request] Adjusted breaker by [16440] bytes, now [16440]
[2016-03-30 13:54:50,407][TRACE][org.elasticsearch.indices.breaker.request] [request] Adjusted breaker by [-16440] bytes, now [0]
[2016-03-30 13:54:50,407][TRACE][org.elasticsearch.indices.breaker.request] [request] Adjusted breaker by [16440] bytes, now [16440]
[2016-03-30 13:54:50,407][TRACE][org.elasticsearch.indices.breaker.request] [request] Adjusted breaker by [-16440] bytes, now [0]
[2016-03-30 13:54:50,408][TRACE][org.elasticsearch.indices.breaker.request] [request] Adjusted breaker by [16440] bytes, now [16440]
[2016-03-30 13:54:50,408][TRACE][org.elasticsearch.indices.breaker.request] [request] Adjusted breaker by [-16440] bytes, now [0]
[2016-03-30 13:54:50,408][TRACE][org.elasticsearch.indices.breaker.request] [request] Adjusted breaker by [16440] bytes, now [16440]
[2016-03-30 13:54:50,408][TRACE][org.elasticsearch.indices.breaker.request] [request] Adjusted breaker by [-16440] bytes, now [0]
[2016-03-30 13:54:50,408][TRACE][org.elasticsearch.indices.breaker.request] [request] Adjusted breaker by [16440] bytes, now [16440]
[2016-03-30 13:54:50,408][TRACE][org.elasticsearch.indices.breaker.request] [request] Adjusted breaker by [-16440] bytes, now [0]
[2016-03-30 13:54:50,409][TRACE][org.elasticsearch.indices.breaker.request] [request] Adjusted breaker by [16440] bytes, now [16440]
[2016-03-30 13:54:50,409][TRACE][org.elasticsearch.indices.breaker.request] [request] Adjusted breaker by [-16440] bytes, now [0]
[2016-03-30 13:54:50,409][TRACE][org.elasticsearch.indices.breaker.request] [request] Adjusted breaker by [16440] bytes, now [16440]
[2016-03-30 13:54:50,409][TRACE][org.elasticsearch.indices.breaker.request] [request] Adjusted breaker by [-16440] bytes, now [0]
[2016-03-30 13:54:50,409][TRACE][org.elasticsearch.indices.breaker.request] [request] Adjusted breaker by [16440] bytes, now [16440]
[2016-03-30 13:54:50,409][TRACE][org.elasticsearch.indices.breaker.request] [request] Adjusted breaker by [-16440] bytes, now [0]
[2016-03-30 13:54:50,410][TRACE][org.elasticsearch.indices.breaker.request] [request] Adjusted breaker by [16440] bytes, now [16440]
[2016-03-30 13:54:50,410][TRACE][org.elasticsearch.indices.breaker.request] [request] Adjusted breaker by [-16440] bytes, now [0]
[2016-03-30 13:54:50,410][TRACE][org.elasticsearch.indices.breaker.request] [request] Adjusted breaker by [16440] bytes, now [16440]
[2016-03-30 13:54:50,410][TRACE][org.elasticsearch.indices.breaker.request] [request] Adjusted breaker by [-16440] bytes, now [0]
[2016-03-30 13:54:50,410][TRACE][org.elasticsearch.indices.breaker.request] [request] Adjusted breaker by [16440] bytes, now [16440]
[2016-03-30 13:54:50,410][TRACE][org.elasticsearch.indices.breaker.request] [request] Adjusted breaker by [-16440] bytes, now [0]
[2016-03-30 13:54:50,411][TRACE][org.elasticsearch.indices.breaker.request] [request] Adjusted breaker by [16440] bytes, now [16440]
[2016-03-30 13:54:50,411][TRACE][org.elasticsearch.indices.breaker.request] [request] Adjusted breaker by [-16440] bytes, now [0]
[2016-03-30 13:54:50,411][TRACE][org.elasticsearch.indices.breaker.request] [request] Adjusted breaker by [16440] bytes, now [16440]
[2016-03-30 13:54:50,411][TRACE][org.elasticsearch.indices.breaker.request] [request] Adjusted breaker by [-16440] bytes, now [0]
[2016-03-30 13:54:50,411][TRACE][org.elasticsearch.indices.breaker.request] [request] Adjusted breaker by [16440] bytes, now [16440]
[2016-03-30 13:54:50,411][TRACE][org.elasticsearch.indices.breaker.request] [request] Adjusted breaker by [-16440] bytes, now [0]
[2016-03-30 13:54:50,440][TRACE][org.elasticsearch.indices.breaker.request] [request] Adjusted breaker by [16440] bytes, now [16440]
[2016-03-30 13:54:50,440][TRACE][org.elasticsearch.indices.breaker.request] [request] Adjusted breaker by [-16440] bytes, now [0]
[2016-03-30 13:54:50,440][TRACE][org.elasticsearch.indices] [node_s1] [test][7] warming [ElasticsearchDirectoryReader(FilterLeafReader(_0(5.4.0):c62))]
[2016-03-30 13:54:50,440][TRACE][org.elasticsearch.indices.breaker.request] [request] Adjusted breaker by [16440] bytes, now [16440]
[2016-03-30 13:54:50,440][TRACE][org.elasticsearch.indices] [node_s1] [test][7] top warming [ElasticsearchDirectoryReader(FilterLeafReader(_0(5.4.0):c62))]
[2016-03-30 13:54:50,440][TRACE][org.elasticsearch.indices.breaker.request] [request] Adjusted breaker by [-16440] bytes, now [0]
[2016-03-30 13:54:50,441][TRACE][org.elasticsearch.indices.breaker.request] [request] Adjusted breaker by [16440] bytes, now [16440]
[2016-03-30 13:54:50,441][TRACE][org.elasticsearch.indices.breaker.request] [request] Adjusted breaker by [-16440] bytes, now [0]
[2016-03-30 13:54:50,441][TRACE][org.elasticsearch.indices.breaker.request] [request] Adjusted breaker by [16440] bytes, now [16440]
[2016-03-30 13:54:50,441][TRACE][org.elasticsearch.indices.breaker.request] [request] Adjusted breaker by [-16440] bytes, now [0]
[2016-03-30 13:54:50,441][TRACE][org.elasticsearch.indices.breaker.request] [request] Adjusted breaker by [16440] bytes, now [16440]
[2016-03-30 13:54:50,441][TRACE][org.elasticsearch.indices.breaker.request] [request] Adjusted breaker by [-16440] bytes, now [0]
[2016-03-30 13:54:50,442][TRACE][org.elasticsearch.indices.breaker.request] [request] Adjusted breaker by [16440] bytes, now [16440]
[2016-03-30 13:54:50,442][TRACE][org.elasticsearch.indices.breaker.request] [request] Adjusted breaker by [-16440] bytes, now [0]
[2016-03-30 13:54:50,442][TRACE][org.elasticsearch.indices.breaker.request] [request] Adjusted breaker by [16440] bytes, now [16440]
[2016-03-30 13:54:50,442][TRACE][org.elasticsearch.indices.breaker.request] [request] Adjusted breaker by [-16440] bytes, now [0]
[2016-03-30 13:54:50,443][TRACE][org.elasticsearch.indices.breaker.request] [request] Adjusted breaker by [16440] bytes, now [16440]
[2016-03-30 13:54:50,443][TRACE][org.elasticsearch.indices.breaker.request] [request] Adjusted breaker by [-16440] bytes, now [0]
[2016-03-30 13:54:50,443][TRACE][org.elasticsearch.indices.breaker.request] [request] Adjusted breaker by [16440] bytes, now [16440]
[2016-03-30 13:54:50,443][TRACE][org.elasticsearch.indices.breaker.request] [request] Adjusted breaker by [-16440] bytes, now [0]
[2016-03-30 13:54:50,443][TRACE][org.elasticsearch.indices.breaker.request] [request] Adjusted breaker by [16440] bytes, now [16440]
[2016-03-30 13:54:50,443][TRACE][org.elasticsearch.indices.breaker.request] [request] Adjusted breaker by [-16440] bytes, now [0]
[2016-03-30 13:54:50,444][TRACE][org.elasticsearch.indices.breaker.request] [request] Adjusted breaker by [16440] bytes, now [16440]
[2016-03-30 13:54:50,444][TRACE][org.elasticsearch.indices.breaker.request] [request] Adjusted breaker by [-16440] bytes, now [0]
[2016-03-30 13:54:50,444][TRACE][org.elasticsearch.indices.breaker.request] [request] Adjusted breaker by [16440] bytes, now [16440]
[2016-03-30 13:54:50,444][TRACE][org.elasticsearch.indices.breaker.request] [request] Adjusted breaker by [-16440] bytes, now [0]
[2016-03-30 13:54:50,444][TRACE][org.elasticsearch.indices.breaker.request] [request] Adjusted breaker by [16440] bytes, now [16440]
[2016-03-30 13:54:50,445][TRACE][org.elasticsearch.indices.breaker.request] [request] Adjusted breaker by [-16440] bytes, now [0]
[2016-03-30 13:54:50,445][TRACE][org.elasticsearch.indices.breaker.request] [request] Adjusted breaker by [16440] bytes, now [16440]
[2016-03-30 13:54:50,445][TRACE][org.elasticsearch.indices.breaker.request] [request] Adjusted breaker by [-16440] bytes, now [0]
[2016-03-30 13:54:50,445][TRACE][org.elasticsearch.indices.breaker.request] [request] Adjusted breaker by [16440] bytes, now [16440]
[2016-03-30 13:54:50,445][TRACE][org.elasticsearch.indices.breaker.request] [request] Adjusted breaker by [-16440] bytes, now [0]
[2016-03-30 13:54:50,446][TRACE][org.elasticsearch.indices.breaker.request] [request] Adjusted breaker by [16440] bytes, now [16440]
[2016-03-30 13:54:50,446][TRACE][org.elasticsearch.indices.breaker.request] [request] Adjusted breaker by [-16440] bytes, now [0]
[2016-03-30 13:54:50,446][TRACE][org.elasticsearch.indices.breaker.request] [request] Adjusted breaker by [16440] bytes, now [16440]
[2016-03-30 13:54:50,446][TRACE][org.elasticsearch.indices.breaker.request] [request] Adjusted breaker by [-16440] bytes, now [0]
[2016-03-30 13:54:50,446][TRACE][org.elasticsearch.indices.breaker.request] [request] Adjusted breaker by [16440] bytes, now [16440]
[2016-03-30 13:54:50,447][TRACE][org.elasticsearch.indices.breaker.request] [request] Adjusted breaker by [-16440] bytes, now [0]
[2016-03-30 13:54:50,447][TRACE][org.elasticsearch.indices.breaker.request] [request] Adjusted breaker by [16440] bytes, now [16440]
[2016-03-30 13:54:50,447][TRACE][org.elasticsearch.indices.breaker.request] [request] Adjusted breaker by [-16440] bytes, now [0]
[2016-03-30 13:54:50,447][TRACE][org.elasticsearch.indices.breaker.request] [request] Adjusted breaker by [16440] bytes, now [16440]
[2016-03-30 13:54:50,447][TRACE][org.elasticsearch.indices.breaker.request] [request] Adjusted breaker by [-16440] bytes, now [0]
[2016-03-30 13:54:50,448][TRACE][org.elasticsearch.indices.breaker.request] [request] Adjusted breaker by [16440] bytes, now [16440]
[2016-03-30 13:54:50,448][TRACE][org.elasticsearch.indices.breaker.request] [request] Adjusted breaker by [-16440] bytes, now [0]
[2016-03-30 13:54:50,448][TRACE][org.elasticsearch.indices.breaker.request] [request] Adjusted breaker by [16440] bytes, now [16440]
[2016-03-30 13:54:50,448][TRACE][org.elasticsearch.indices.breaker.request] [request] Adjusted breaker by [-16440] bytes, now [0]
[2016-03-30 13:54:50,448][TRACE][org.elasticsearch.indices.breaker.request] [request] Adjusted breaker by [16440] bytes, now [16440]
[2016-03-30 13:54:50,449][TRACE][org.elasticsearch.indices.breaker.request] [request] Adjusted breaker by [-16440] bytes, now [0]
[2016-03-30 13:54:50,449][TRACE][org.elasticsearch.indices.breaker.request] [request] Adjusted breaker by [16440] bytes, now [16440]
[2016-03-30 13:54:50,449][TRACE][org.elasticsearch.indices.breaker.request] [request] Adjusted breaker by [-16440] bytes, now [0]
[2016-03-30 13:54:50,449][TRACE][org.elasticsearch.indices.breaker.request] [request] Adjusted breaker by [16440] bytes, now [16440]
[2016-03-30 13:54:50,449][TRACE][org.elasticsearch.indices.breaker.request] [request] Adjusted breaker by [-16440] bytes, now [0]
[2016-03-30 13:54:50,450][TRACE][org.elasticsearch.indices.breaker.request] [request] Adjusted breaker by [16440] bytes, now [16440]
[2016-03-30 13:54:50,450][TRACE][org.elasticsearch.indices.breaker.request] [request] Adjusted breaker by [-16440] bytes, now [0]
[2016-03-30 13:54:50,450][TRACE][org.elasticsearch.indices.breaker.request] [request] Adjusted breaker by [16440] bytes, now [16440]
[2016-03-30 13:54:50,450][TRACE][org.elasticsearch.indices.breaker.request] [request] Adjusted breaker by [-16440] bytes, now [0]
[2016-03-30 13:54:50,450][TRACE][org.elasticsearch.indices.breaker.request] [request] Adjusted breaker by [16440] bytes, now [16440]
[2016-03-30 13:54:50,451][TRACE][org.elasticsearch.indices.breaker.request] [request] Adjusted breaker by [-16440] bytes, now [0]
[2016-03-30 13:54:50,451][TRACE][org.elasticsearch.indices.breaker.request] [request] Adjusted breaker by [16440] bytes, now [16440]
[2016-03-30 13:54:50,451][TRACE][org.elasticsearch.indices.breaker.request] [request] Adjusted breaker by [-16440] bytes, now [0]
[2016-03-30 13:54:50,451][TRACE][org.elasticsearch.indices.breaker.request] [request] Adjusted breaker by [16440] bytes, now [16440]
[2016-03-30 13:54:50,451][TRACE][org.elasticsearch.indices.breaker.request] [request] Adjusted breaker by [-16440] bytes, now [0]
[2016-03-30 13:54:50,451][TRACE][org.elasticsearch.indices.breaker.request] [request] Adjusted breaker by [16440] bytes, now [16440]
[2016-03-30 13:54:50,452][TRACE][org.elasticsearch.indices.breaker.request] [request] Adjusted breaker by [-16440] bytes, now [0]
[2016-03-30 13:54:50,452][TRACE][org.elasticsearch.indices.breaker.request] [request] Adjusted breaker by [16440] bytes, now [16440]
[2016-03-30 13:54:50,452][TRACE][org.elasticsearch.indices.breaker.request] [request] Adjusted breaker by [-16440] bytes, now [0]
[2016-03-30 13:54:50,452][TRACE][org.elasticsearch.indices.breaker.request] [request] Adjusted breaker by [16440] bytes, now [16440]
[2016-03-30 13:54:50,452][TRACE][org.elasticsearch.indices.breaker.request] [request] Adjusted breaker by [-16440] bytes, now [0]
[2016-03-30 13:54:50,453][TRACE][org.elasticsearch.indices.breaker.request] [request] Adjusted breaker by [16440] bytes, now [16440]
[2016-03-30 13:54:50,453][TRACE][org.elasticsearch.indices.breaker.request] [request] Adjusted breaker by [-16440] bytes, now [0]
[2016-03-30 13:54:50,453][TRACE][org.elasticsearch.indices.breaker.request] [request] Adjusted breaker by [16440] bytes, now [16440]
[2016-03-30 13:54:50,453][TRACE][org.elasticsearch.indices.breaker.request] [request] Adjusted breaker by [-16440] bytes, now [0]
[2016-03-30 13:54:50,453][TRACE][org.elasticsearch.indices.breaker.request] [request] Adjusted breaker by [16440] bytes, now [16440]
[2016-03-30 13:54:50,453][TRACE][org.elasticsearch.indices.breaker.request] [request] Adjusted breaker by [-16440] bytes, now [0]
[2016-03-30 13:54:50,454][TRACE][org.elasticsearch.indices.breaker.request] [request] Adjusted breaker by [16440] bytes, now [16440]
[2016-03-30 13:54:50,454][TRACE][org.elasticsearch.indices.breaker.request] [request] Adjusted breaker by [-16440] bytes, now [0]
[2016-03-30 13:54:50,454][TRACE][org.elasticsearch.indices.breaker.request] [request] Adjusted breaker by [16440] bytes, now [16440]
[2016-03-30 13:54:50,454][TRACE][org.elasticsearch.indices.breaker.request] [request] Adjusted breaker by [-16440] bytes, now [0]
[2016-03-30 13:54:50,454][TRACE][org.elasticsearch.indices.breaker.request] [request] Adjusted breaker by [16440] bytes, now [16440]
[2016-03-30 13:54:50,454][TRACE][org.elasticsearch.indices.breaker.request] [request] Adjusted breaker by [-16440] bytes, now [0]
[2016-03-30 13:54:50,455][TRACE][org.elasticsearch.indices.breaker.request] [request] Adjusted breaker by [16440] bytes, now [16440]
[2016-03-30 13:54:50,455][TRACE][org.elasticsearch.indices.breaker.request] [request] Adjusted breaker by [-16440] bytes, now [0]
[2016-03-30 13:54:50,455][TRACE][org.elasticsearch.indices.breaker.request] [request] Adjusted breaker by [16440] bytes, now [16440]
[2016-03-30 13:54:50,455][TRACE][org.elasticsearch.indices.breaker.request] [request] Adjusted breaker by [-16440] bytes, now [0]
[2016-03-30 13:54:50,455][TRACE][org.elasticsearch.indices.breaker.request] [request] Adjusted breaker by [16440] bytes, now [16440]
[2016-03-30 13:54:50,456][TRACE][org.elasticsearch.indices.breaker.request] [request] Adjusted breaker by [-16440] bytes, now [0]
[2016-03-30 13:54:50,456][TRACE][org.elasticsearch.indices.breaker.request] [request] Adjusted breaker by [16440] bytes, now [16440]
[2016-03-30 13:54:50,456][TRACE][org.elasticsearch.indices.breaker.request] [request] Adjusted breaker by [-16440] bytes, now [0]
[2016-03-30 13:54:50,456][TRACE][org.elasticsearch.indices.breaker.request] [request] Adjusted breaker by [16440] bytes, now [16440]
[2016-03-30 13:54:50,456][TRACE][org.elasticsearch.indices.breaker.request] [request] Adjusted breaker by [-16440] bytes, now [0]
[2016-03-30 13:54:50,457][TRACE][org.elasticsearch.indices.breaker.request] [request] Adjusted breaker by [16440] bytes, now [16440]
[2016-03-30 13:54:50,457][TRACE][org.elasticsearch.indices.breaker.request] [request] Adjusted breaker by [-16440] bytes, now [0]
[2016-03-30 13:54:50,457][TRACE][org.elasticsearch.indices.breaker.request] [request] Adjusted breaker by [16440] bytes, now [16440]
[2016-03-30 13:54:50,457][TRACE][org.elasticsearch.indices.breaker.request] [request] Adjusted breaker by [-16440] bytes, now [0]
[2016-03-30 13:54:50,457][TRACE][org.elasticsearch.indices.breaker.request] [request] Adjusted breaker by [16440] bytes, now [16440]
[2016-03-30 13:54:50,457][TRACE][org.elasticsearch.indices.breaker.request] [request] Adjusted breaker by [-16440] bytes, now [0]
[2016-03-30 13:54:50,458][TRACE][org.elasticsearch.indices.breaker.request] [request] Adjusted breaker by [16440] bytes, now [16440]
[2016-03-30 13:54:50,458][TRACE][org.elasticsearch.indices.breaker.request] [request] Adjusted breaker by [-16440] bytes, now [0]
[2016-03-30 13:54:50,458][TRACE][org.elasticsearch.indices.breaker.request] [request] Adjusted breaker by [16440] bytes, now [16440]
[2016-03-30 13:54:50,458][TRACE][org.elasticsearch.indices.breaker.request] [request] Adjusted breaker by [-16440] bytes, now [0]
[2016-03-30 13:54:50,458][TRACE][org.elasticsearch.indices.breaker.request] [request] Adjusted breaker by [16440] bytes, now [16440]
[2016-03-30 13:54:50,458][TRACE][org.elasticsearch.indices.breaker.request] [request] Adjusted breaker by [-16440] bytes, now [0]
[2016-03-30 13:54:50,459][TRACE][org.elasticsearch.indices.breaker.request] [request] Adjusted breaker by [16440] bytes, now [16440]
[2016-03-30 13:54:50,459][TRACE][org.elasticsearch.indices.breaker.request] [request] Adjusted breaker by [-16440] bytes, now [0]
[2016-03-30 13:54:50,459][TRACE][org.elasticsearch.indices.breaker.request] [request] Adjusted breaker by [16440] bytes, now [16440]
[2016-03-30 13:54:50,459][TRACE][org.elasticsearch.indices.breaker.request] [request] Adjusted breaker by [-16440] bytes, now [0]
[2016-03-30 13:54:50,459][TRACE][org.elasticsearch.indices.breaker.request] [request] Adjusted breaker by [16440] bytes, now [16440]
[2016-03-30 13:54:50,459][TRACE][org.elasticsearch.indices.breaker.request] [request] Adjusted breaker by [-16440] bytes, now [0]
[2016-03-30 13:54:50,460][TRACE][org.elasticsearch.indices.breaker.request] [request] Adjusted breaker by [16440] bytes, now [16440]
[2016-03-30 13:54:50,460][TRACE][org.elasticsearch.indices.breaker.request] [request] Adjusted breaker by [-16440] bytes, now [0]
[2016-03-30 13:54:50,460][TRACE][org.elasticsearch.indices.breaker.request] [request] Adjusted breaker by [16440] bytes, now [16440]
[2016-03-30 13:54:50,460][TRACE][org.elasticsearch.indices.breaker.request] [request] Adjusted breaker by [-16440] bytes, now [0]
[2016-03-30 13:54:50,460][TRACE][org.elasticsearch.indices.breaker.request] [request] Adjusted breaker by [16440] bytes, now [16440]
[2016-03-30 13:54:50,460][TRACE][org.elasticsearch.indices.breaker.request] [request] Adjusted breaker by [-16440] bytes, now [0]
[2016-03-30 13:54:50,461][TRACE][org.elasticsearch.indices.breaker.request] [request] Adjusted breaker by [16440] bytes, now [16440]
[2016-03-30 13:54:50,461][TRACE][org.elasticsearch.indices.breaker.request] [request] Adjusted breaker by [-16440] bytes, now [0]
[2016-03-30 13:54:50,461][TRACE][org.elasticsearch.indices.breaker.request] [request] Adjusted breaker by [16440] bytes, now [16440]
[2016-03-30 13:54:50,461][TRACE][org.elasticsearch.indices.breaker.request] [request] Adjusted breaker by [-16440] bytes, now [0]
[2016-03-30 13:54:50,461][TRACE][org.elasticsearch.indices.breaker.request] [request] Adjusted breaker by [16440] bytes, now [16440]
[2016-03-30 13:54:50,461][TRACE][org.elasticsearch.indices.breaker.request] [request] Adjusted breaker by [-16440] bytes, now [0]
[2016-03-30 13:54:50,462][TRACE][org.elasticsearch.indices.breaker.request] [request] Adjusted breaker by [16440] bytes, now [16440]
[2016-03-30 13:54:50,462][TRACE][org.elasticsearch.indices.breaker.request] [request] Adjusted breaker by [-16440] bytes, now [0]
[2016-03-30 13:54:50,462][TRACE][org.elasticsearch.indices.breaker.request] [request] Adjusted breaker by [16440] bytes, now [16440]
[2016-03-30 13:54:50,462][TRACE][org.elasticsearch.indices.breaker.request] [request] Adjusted breaker by [-16440] bytes, now [0]
[2016-03-30 13:54:50,462][TRACE][org.elasticsearch.indices.breaker.request] [request] Adjusted breaker by [16440] bytes, now [16440]
[2016-03-30 13:54:50,462][TRACE][org.elasticsearch.indices.breaker.request] [request] Adjusted breaker by [-16440] bytes, now [0]
[2016-03-30 13:54:50,463][TRACE][org.elasticsearch.indices.breaker.request] [request] Adjusted breaker by [16440] bytes, now [16440]
[2016-03-30 13:54:50,463][TRACE][org.elasticsearch.indices.breaker.request] [request] Adjusted breaker by [-16440] bytes, now [0]
[2016-03-30 13:54:50,463][TRACE][org.elasticsearch.indices.breaker.request] [request] Adjusted breaker by [16440] bytes, now [16440]
[2016-03-30 13:54:50,463][TRACE][org.elasticsearch.indices.breaker.request] [request] Adjusted breaker by [-16440] bytes, now [0]
[2016-03-30 13:54:50,464][TRACE][org.elasticsearch.indices.breaker.request] [request] Adjusted breaker by [16440] bytes, now [16440]
[2016-03-30 13:54:50,464][TRACE][org.elasticsearch.indices.breaker.request] [request] Adjusted breaker by [-16440] bytes, now [0]
[2016-03-30 13:54:50,464][TRACE][org.elasticsearch.indices.breaker.request] [request] Adjusted breaker by [16440] bytes, now [16440]
[2016-03-30 13:54:50,464][TRACE][org.elasticsearch.indices.breaker.request] [request] Adjusted breaker by [-16440] bytes, now [0]
[2016-03-30 13:54:50,464][TRACE][org.elasticsearch.indices.breaker.request] [request] Adjusted breaker by [16440] bytes, now [16440]
[2016-03-30 13:54:50,464][TRACE][org.elasticsearch.indices.breaker.request] [request] Adjusted breaker by [-16440] bytes, now [0]
[2016-03-30 13:54:50,464][TRACE][org.elasticsearch.indices.breaker.request] [request] Adjusted breaker by [16440] bytes, now [16440]
[2016-03-30 13:54:50,465][TRACE][org.elasticsearch.indices.breaker.request] [request] Adjusted breaker by [-16440] bytes, now [0]
[2016-03-30 13:54:50,465][TRACE][org.elasticsearch.indices.breaker.request] [request] Adjusted breaker by [16440] bytes, now [16440]
[2016-03-30 13:54:50,465][TRACE][org.elasticsearch.indices.breaker.request] [request] Adjusted breaker by [-16440] bytes, now [0]
[2016-03-30 13:54:50,465][TRACE][org.elasticsearch.indices.breaker.request] [request] Adjusted breaker by [16440] bytes, now [16440]
[2016-03-30 13:54:50,465][TRACE][org.elasticsearch.indices.breaker.request] [request] Adjusted breaker by [-16440] bytes, now [0]
[2016-03-30 13:54:50,465][TRACE][org.elasticsearch.indices.breaker.request] [request] Adjusted breaker by [16440] bytes, now [16440]
[2016-03-30 13:54:50,466][TRACE][org.elasticsearch.indices.breaker.request] [request] Adjusted breaker by [-16440] bytes, now [0]
[2016-03-30 13:54:50,466][TRACE][org.elasticsearch.indices.breaker.request] [request] Adjusted breaker by [16440] bytes, now [16440]
[2016-03-30 13:54:50,466][TRACE][org.elasticsearch.indices.breaker.request] [request] Adjusted breaker by [-16440] bytes, now [0]
[2016-03-30 13:54:50,466][TRACE][org.elasticsearch.indices.breaker.request] [request] Adjusted breaker by [16440] bytes, now [16440]
[2016-03-30 13:54:50,466][TRACE][org.elasticsearch.indices.breaker.request] [request] Adjusted breaker by [-16440] bytes, now [0]
[2016-03-30 13:54:50,466][TRACE][org.elasticsearch.indices.breaker.request] [request] Adjusted breaker by [16440] bytes, now [16440]
[2016-03-30 13:54:50,467][TRACE][org.elasticsearch.indices.breaker.request] [request] Adjusted breaker by [-16440] bytes, now [0]
[2016-03-30 13:54:50,467][TRACE][org.elasticsearch.indices.breaker.request] [request] Adjusted breaker by [16440] bytes, now [16440]
[2016-03-30 13:54:50,467][TRACE][org.elasticsearch.indices.breaker.request] [request] Adjusted breaker by [-16440] bytes, now [0]
[2016-03-30 13:54:50,467][TRACE][org.elasticsearch.indices.breaker.request] [request] Adjusted breaker by [16440] bytes, now [16440]
[2016-03-30 13:54:50,467][TRACE][org.elasticsearch.indices.breaker.request] [request] Adjusted breaker by [-16440] bytes, now [0]
[2016-03-30 13:54:50,468][TRACE][org.elasticsearch.indices.breaker.request] [request] Adjusted breaker by [16440] bytes, now [16440]
[2016-03-30 13:54:50,468][TRACE][org.elasticsearch.indices.breaker.request] [request] Adjusted breaker by [-16440] bytes, now [0]
[2016-03-30 13:54:50,468][TRACE][org.elasticsearch.indices.breaker.request] [request] Adjusted breaker by [16440] bytes, now [16440]
[2016-03-30 13:54:50,468][TRACE][org.elasticsearch.indices.breaker.request] [request] Adjusted breaker by [-16440] bytes, now [0]
[2016-03-30 13:54:50,469][TRACE][org.elasticsearch.indices.breaker.request] [request] Adjusted breaker by [16440] bytes, now [16440]
[2016-03-30 13:54:50,469][TRACE][org.elasticsearch.indices.breaker.request] [request] Adjusted breaker by [-16440] bytes, now [16440]
[2016-03-30 13:54:50,469][TRACE][org.elasticsearch.indices.breaker.request] [request] Adjusted breaker by [16440] bytes, now [32880]
[2016-03-30 13:54:50,469][TRACE][org.elasticsearch.indices.breaker.request] [request] Adjusted breaker by [-16440] bytes, now [16440]
[2016-03-30 13:54:50,470][TRACE][org.elasticsearch.indices.breaker.request] [request] Adjusted breaker by [16440] bytes, now [32880]
[2016-03-30 13:54:50,470][TRACE][org.elasticsearch.indices.breaker.request] [request] Adjusted breaker by [-16440] bytes, now [16440]
[2016-03-30 13:54:50,469][TRACE][org.elasticsearch.indices.breaker.request] [request] Adjusted breaker by [16440] bytes, now [32880]
[2016-03-30 13:54:50,470][TRACE][org.elasticsearch.indices.breaker.request] [request] Adjusted breaker by [16440] bytes, now [32880]
[2016-03-30 13:54:50,470][TRACE][org.elasticsearch.indices.breaker.request] [request] Adjusted breaker by [-16440] bytes, now [16440]
[2016-03-30 13:54:50,470][TRACE][org.elasticsearch.indices.breaker.request] [request] Adjusted breaker by [-16440] bytes, now [0]
[2016-03-30 13:54:50,470][TRACE][org.elasticsearch.indices.breaker.request] [request] Adjusted breaker by [16440] bytes, now [16440]
[2016-03-30 13:54:50,470][TRACE][org.elasticsearch.indices.breaker.request] [request] Adjusted breaker by [16440] bytes, now [32880]
[2016-03-30 13:54:50,470][TRACE][org.elasticsearch.indices.breaker.request] [request] Adjusted breaker by [-16440] bytes, now [16440]
[2016-03-30 13:54:50,470][TRACE][org.elasticsearch.indices.breaker.request] [request] Adjusted breaker by [-16440] bytes, now [0]
[2016-03-30 13:54:50,471][TRACE][org.elasticsearch.indices.breaker.request] [request] Adjusted breaker by [16440] bytes, now [16440]
[2016-03-30 13:54:50,471][TRACE][org.elasticsearch.indices.breaker.request] [request] Adjusted breaker by [16440] bytes, now [32880]
[2016-03-30 13:54:50,471][TRACE][org.elasticsearch.indices.breaker.request] [request] Adjusted breaker by [-16440] bytes, now [16440]
[2016-03-30 13:54:50,471][TRACE][org.elasticsearch.indices.breaker.request] [request] Adjusted breaker by [-16440] bytes, now [0]
[2016-03-30 13:54:50,471][TRACE][org.elasticsearch.indices.breaker.request] [request] Adjusted breaker by [16440] bytes, now [16440]
[2016-03-30 13:54:50,471][TRACE][org.elasticsearch.indices.breaker.request] [request] Adjusted breaker by [16440] bytes, now [32880]
[2016-03-30 13:54:50,471][TRACE][org.elasticsearch.indices.breaker.request] [request] Adjusted breaker by [-16440] bytes, now [16440]
[2016-03-30 13:54:50,471][TRACE][org.elasticsearch.indices.breaker.request] [request] Adjusted breaker by [-16440] bytes, now [0]
[2016-03-30 13:54:50,472][TRACE][org.elasticsearch.indices.breaker.request] [request] Adjusted breaker by [16440] bytes, now [16440]
[2016-03-30 13:54:50,472][TRACE][org.elasticsearch.indices.breaker.request] [request] Adjusted breaker by [16440] bytes, now [32880]
[2016-03-30 13:54:50,472][TRACE][org.elasticsearch.indices.breaker.request] [request] Adjusted breaker by [-16440] bytes, now [16440]
[2016-03-30 13:54:50,472][TRACE][org.elasticsearch.indices.breaker.request] [request] Adjusted breaker by [-16440] bytes, now [0]
[2016-03-30 13:54:50,472][TRACE][org.elasticsearch.indices.breaker.request] [request] Adjusted breaker by [16440] bytes, now [16440]
[2016-03-30 13:54:50,472][TRACE][org.elasticsearch.indices.breaker.request] [request] Adjusted breaker by [16440] bytes, now [32880]
[2016-03-30 13:54:50,472][TRACE][org.elasticsearch.indices.breaker.request] [request] Adjusted breaker by [-16440] bytes, now [16440]
[2016-03-30 13:54:50,472][TRACE][org.elasticsearch.indices.breaker.request] [request] Adjusted breaker by [-16440] bytes, now [0]
[2016-03-30 13:54:50,473][TRACE][org.elasticsearch.indices.breaker.request] [request] Adjusted breaker by [16440] bytes, now [32880]
[2016-03-30 13:54:50,473][TRACE][org.elasticsearch.indices.breaker.request] [request] Adjusted breaker by [16440] bytes, now [16440]
[2016-03-30 13:54:50,473][TRACE][org.elasticsearch.indices.breaker.request] [request] Adjusted breaker by [-16440] bytes, now [16440]
[2016-03-30 13:54:50,473][TRACE][org.elasticsearch.indices.breaker.request] [request] Adjusted breaker by [-16440] bytes, now [0]
[2016-03-30 13:54:50,473][TRACE][org.elasticsearch.indices.breaker.request] [request] Adjusted breaker by [16440] bytes, now [16440]
[2016-03-30 13:54:50,473][TRACE][org.elasticsearch.indices.breaker.request] [request] Adjusted breaker by [16440] bytes, now [32880]
[2016-03-30 13:54:50,473][TRACE][org.elasticsearch.indices.breaker.request] [request] Adjusted breaker by [-16440] bytes, now [16440]
[2016-03-30 13:54:50,473][TRACE][org.elasticsearch.indices.breaker.request] [request] Adjusted breaker by [-16440] bytes, now [0]
[2016-03-30 13:54:50,473][TRACE][org.elasticsearch.indices.breaker.request] [request] Adjusted breaker by [16440] bytes, now [16440]
[2016-03-30 13:54:50,474][TRACE][org.elasticsearch.indices.breaker.request] [request] Adjusted breaker by [16440] bytes, now [32880]
[2016-03-30 13:54:50,474][TRACE][org.elasticsearch.indices.breaker.request] [request] Adjusted breaker by [-16440] bytes, now [16440]
[2016-03-30 13:54:50,474][TRACE][org.elasticsearch.indices.breaker.request] [request] Adjusted breaker by [-16440] bytes, now [0]
[2016-03-30 13:54:50,474][TRACE][org.elasticsearch.indices.breaker.request] [request] Adjusted breaker by [16440] bytes, now [16440]
[2016-03-30 13:54:50,474][TRACE][org.elasticsearch.indices.breaker.request] [request] Adjusted breaker by [16440] bytes, now [32880]
[2016-03-30 13:54:50,474][TRACE][org.elasticsearch.indices.breaker.request] [request] Adjusted breaker by [-16440] bytes, now [16440]
[2016-03-30 13:54:50,474][TRACE][org.elasticsearch.indices.breaker.request] [request] Adjusted breaker by [-16440] bytes, now [0]
[2016-03-30 13:54:50,474][TRACE][org.elasticsearch.indices.breaker.request] [request] Adjusted breaker by [16440] bytes, now [16440]
[2016-03-30 13:54:50,474][TRACE][org.elasticsearch.indices.breaker.request] [request] Adjusted breaker by [16440] bytes, now [32880]
[2016-03-30 13:54:50,474][TRACE][org.elasticsearch.indices.breaker.request] [request] Adjusted breaker by [-16440] bytes, now [16440]
[2016-03-30 13:54:50,474][TRACE][org.elasticsearch.indices.breaker.request] [request] Adjusted breaker by [-16440] bytes, now [0]
[2016-03-30 13:54:50,475][TRACE][org.elasticsearch.indices.breaker.request] [request] Adjusted breaker by [16440] bytes, now [16440]
[2016-03-30 13:54:50,475][TRACE][org.elasticsearch.indices.breaker.request] [request] Adjusted breaker by [16440] bytes, now [32880]
[2016-03-30 13:54:50,475][TRACE][org.elasticsearch.indices.breaker.request] [request] Adjusted breaker by [-16440] bytes, now [16440]
[2016-03-30 13:54:50,475][TRACE][org.elasticsearch.indices.breaker.request] [request] Adjusted breaker by [-16440] bytes, now [0]
[2016-03-30 13:54:50,475][TRACE][org.elasticsearch.indices.breaker.request] [request] Adjusted breaker by [16440] bytes, now [16440]
[2016-03-30 13:54:50,475][TRACE][org.elasticsearch.indices.breaker.request] [request] Adjusted breaker by [16440] bytes, now [32880]
[2016-03-30 13:54:50,475][TRACE][org.elasticsearch.indices.breaker.request] [request] Adjusted breaker by [-16440] bytes, now [16440]
[2016-03-30 13:54:50,475][TRACE][org.elasticsearch.indices.breaker.request] [request] Adjusted breaker by [-16440] bytes, now [0]
[2016-03-30 13:54:50,475][TRACE][org.elasticsearch.indices.breaker.request] [request] Adjusted breaker by [16440] bytes, now [16440]
[2016-03-30 13:54:50,475][TRACE][org.elasticsearch.indices.breaker.request] [request] Adjusted breaker by [16440] bytes, now [32880]
[2016-03-30 13:54:50,475][TRACE][org.elasticsearch.indices.breaker.request] [request] Adjusted breaker by [-16440] bytes, now [16440]
[2016-03-30 13:54:50,475][TRACE][org.elasticsearch.indices.breaker.request] [request] Adjusted breaker by [-16440] bytes, now [0]
[2016-03-30 13:54:50,476][TRACE][org.elasticsearch.indices.breaker.request] [request] Adjusted breaker by [16440] bytes, now [16440]
[2016-03-30 13:54:50,476][TRACE][org.elasticsearch.indices.breaker.request] [request] Adjusted breaker by [16440] bytes, now [32880]
[2016-03-30 13:54:50,476][TRACE][org.elasticsearch.indices.breaker.request] [request] Adjusted breaker by [-16440] bytes, now [16440]
[2016-03-30 13:54:50,476][TRACE][org.elasticsearch.indices.breaker.request] [request] Adjusted breaker by [-16440] bytes, now [0]
[2016-03-30 13:54:50,476][TRACE][org.elasticsearch.indices.breaker.request] [request] Adjusted breaker by [16440] bytes, now [16440]
[2016-03-30 13:54:50,476][TRACE][org.elasticsearch.indices.breaker.request] [request] Adjusted breaker by [16440] bytes, now [32880]
[2016-03-30 13:54:50,476][TRACE][org.elasticsearch.indices.breaker.request] [request] Adjusted breaker by [-16440] bytes, now [16440]
[2016-03-30 13:54:50,476][TRACE][org.elasticsearch.indices.breaker.request] [request] Adjusted breaker by [-16440] bytes, now [0]
[2016-03-30 13:54:50,476][TRACE][org.elasticsearch.indices.breaker.request] [request] Adjusted breaker by [16440] bytes, now [16440]
[2016-03-30 13:54:50,476][TRACE][org.elasticsearch.indices.breaker.request] [request] Adjusted breaker by [16440] bytes, now [32880]
[2016-03-30 13:54:50,476][TRACE][org.elasticsearch.indices.breaker.request] [request] Adjusted breaker by [-16440] bytes, now [16440]
[2016-03-30 13:54:50,477][TRACE][org.elasticsearch.indices.breaker.request] [request] Adjusted breaker by [-16440] bytes, now [0]
[2016-03-30 13:54:50,477][TRACE][org.elasticsearch.indices.breaker.request] [request] Adjusted breaker by [16440] bytes, now [16440]
[2016-03-30 13:54:50,477][TRACE][org.elasticsearch.indices.breaker.request] [request] Adjusted breaker by [16440] bytes, now [32880]
[2016-03-30 13:54:50,477][TRACE][org.elasticsearch.indices.breaker.request] [request] Adjusted breaker by [-16440] bytes, now [16440]
[2016-03-30 13:54:50,477][TRACE][org.elasticsearch.indices.breaker.request] [request] Adjusted breaker by [-16440] bytes, now [0]
[2016-03-30 13:54:50,477][TRACE][org.elasticsearch.indices.breaker.request] [request] Adjusted breaker by [16440] bytes, now [16440]
[2016-03-30 13:54:50,477][TRACE][org.elasticsearch.indices.breaker.request] [request] Adjusted breaker by [16440] bytes, now [32880]
[2016-03-30 13:54:50,477][TRACE][org.elasticsearch.indices.breaker.request] [request] Adjusted breaker by [-16440] bytes, now [16440]
[2016-03-30 13:54:50,477][TRACE][org.elasticsearch.indices.breaker.request] [request] Adjusted breaker by [-16440] bytes, now [0]
[2016-03-30 13:54:50,478][TRACE][org.elasticsearch.indices.breaker.request] [request] Adjusted breaker by [16440] bytes, now [16440]
[2016-03-30 13:54:50,478][TRACE][org.elasticsearch.indices.breaker.request] [request] Adjusted breaker by [16440] bytes, now [32880]
[2016-03-30 13:54:50,478][TRACE][org.elasticsearch.indices.breaker.request] [request] Adjusted breaker by [-16440] bytes, now [16440]
[2016-03-30 13:54:50,478][TRACE][org.elasticsearch.indices.breaker.request] [request] Adjusted breaker by [-16440] bytes, now [0]
[2016-03-30 13:54:50,478][TRACE][org.elasticsearch.indices.breaker.request] [request] Adjusted breaker by [16440] bytes, now [16440]
[2016-03-30 13:54:50,478][TRACE][org.elasticsearch.indices.breaker.request] [request] Adjusted breaker by [16440] bytes, now [32880]
[2016-03-30 13:54:50,478][TRACE][org.elasticsearch.indices.breaker.request] [request] Adjusted breaker by [-16440] bytes, now [16440]
[2016-03-30 13:54:50,478][TRACE][org.elasticsearch.indices.breaker.request] [request] Adjusted breaker by [-16440] bytes, now [0]
[2016-03-30 13:54:50,478][TRACE][org.elasticsearch.indices.breaker.request] [request] Adjusted breaker by [16440] bytes, now [16440]
[2016-03-30 13:54:50,478][TRACE][org.elasticsearch.indices.breaker.request] [request] Adjusted breaker by [16440] bytes, now [32880]
[2016-03-30 13:54:50,479][TRACE][org.elasticsearch.indices.breaker.request] [request] Adjusted breaker by [-16440] bytes, now [16440]
[2016-03-30 13:54:50,479][TRACE][org.elasticsearch.indices.breaker.request] [request] Adjusted breaker by [-16440] bytes, now [0]
[2016-03-30 13:54:50,479][TRACE][org.elasticsearch.indices.breaker.request] [request] Adjusted breaker by [16440] bytes, now [16440]
[2016-03-30 13:54:50,479][TRACE][org.elasticsearch.indices.breaker.request] [request] Adjusted breaker by [16440] bytes, now [32880]
[2016-03-30 13:54:50,479][TRACE][org.elasticsearch.indices.breaker.request] [request] Adjusted breaker by [-16440] bytes, now [16440]
[2016-03-30 13:54:50,479][TRACE][org.elasticsearch.indices.breaker.request] [request] Adjusted breaker by [-16440] bytes, now [0]
[2016-03-30 13:54:50,479][TRACE][org.elasticsearch.indices.breaker.request] [request] Adjusted breaker by [16440] bytes, now [16440]
[2016-03-30 13:54:50,479][TRACE][org.elasticsearch.indices.breaker.request] [request] Adjusted breaker by [16440] bytes, now [32880]
[2016-03-30 13:54:50,479][TRACE][org.elasticsearch.indices.breaker.request] [request] Adjusted breaker by [-16440] bytes, now [16440]
[2016-03-30 13:54:50,479][TRACE][org.elasticsearch.indices.breaker.request] [request] Adjusted breaker by [-16440] bytes, now [0]
[2016-03-30 13:54:50,479][TRACE][org.elasticsearch.indices] [node_s1] [test][6] warming [ElasticsearchDirectoryReader(FilterLeafReader(_0(5.4.0):c38))]
[2016-03-30 13:54:50,480][TRACE][org.elasticsearch.indices.breaker.request] [request] Adjusted breaker by [16440] bytes, now [16440]
[2016-03-30 13:54:50,480][TRACE][org.elasticsearch.indices.breaker.request] [request] Adjusted breaker by [16440] bytes, now [32880]
[2016-03-30 13:54:50,480][TRACE][org.elasticsearch.indices] [node_s1] [test][6] top warming [ElasticsearchDirectoryReader(FilterLeafReader(_0(5.4.0):c38))]
[2016-03-30 13:54:50,480][TRACE][org.elasticsearch.indices.breaker.request] [request] Adjusted breaker by [-16440] bytes, now [0]
[2016-03-30 13:54:50,480][TRACE][org.elasticsearch.indices.breaker.request] [request] Adjusted breaker by [-16440] bytes, now [16440]
[2016-03-30 13:54:50,480][TRACE][org.elasticsearch.indices.breaker.request] [request] Adjusted breaker by [16440] bytes, now [16440]
[2016-03-30 13:54:50,480][TRACE][org.elasticsearch.indices.breaker.request] [request] Adjusted breaker by [16440] bytes, now [32880]
[2016-03-30 13:54:50,480][TRACE][org.elasticsearch.indices.breaker.request] [request] Adjusted breaker by [-16440] bytes, now [16440]
[2016-03-30 13:54:50,480][TRACE][org.elasticsearch.indices.breaker.request] [request] Adjusted breaker by [-16440] bytes, now [0]
[2016-03-30 13:54:50,480][TRACE][org.elasticsearch.indices.breaker.request] [request] Adjusted breaker by [16440] bytes, now [16440]
[2016-03-30 13:54:50,481][TRACE][org.elasticsearch.indices.breaker.request] [request] Adjusted breaker by [-16440] bytes, now [0]
[2016-03-30 13:54:50,481][TRACE][org.elasticsearch.indices.breaker.request] [request] Adjusted breaker by [16440] bytes, now [16440]
[2016-03-30 13:54:50,481][TRACE][org.elasticsearch.indices.breaker.request] [request] Adjusted breaker by [-16440] bytes, now [0]
[2016-03-30 13:54:50,481][TRACE][org.elasticsearch.indices.breaker.request] [request] Adjusted breaker by [16440] bytes, now [16440]
[2016-03-30 13:54:50,481][TRACE][org.elasticsearch.indices.breaker.request] [request] Adjusted breaker by [-16440] bytes, now [0]
[2016-03-30 13:54:50,481][TRACE][org.elasticsearch.indices.breaker.request] [request] Adjusted breaker by [16440] bytes, now [16440]
[2016-03-30 13:54:50,481][TRACE][org.elasticsearch.indices.breaker.request] [request] Adjusted breaker by [-16440] bytes, now [0]
[2016-03-30 13:54:50,481][TRACE][org.elasticsearch.indices.breaker.request] [request] Adjusted breaker by [16440] bytes, now [16440]
[2016-03-30 13:54:50,481][TRACE][org.elasticsearch.indices.breaker.request] [request] Adjusted breaker by [16440] bytes, now [32880]
[2016-03-30 13:54:50,481][TRACE][org.elasticsearch.indices.breaker.request] [request] Adjusted breaker by [-16440] bytes, now [16440]
[2016-03-30 13:54:50,481][TRACE][org.elasticsearch.indices.breaker.request] [request] Adjusted breaker by [-16440] bytes, now [0]
[2016-03-30 13:54:50,482][TRACE][org.elasticsearch.indices.breaker.request] [request] Adjusted breaker by [16440] bytes, now [16440]
[2016-03-30 13:54:50,482][TRACE][org.elasticsearch.indices.breaker.request] [request] Adjusted breaker by [16440] bytes, now [32880]
[2016-03-30 13:54:50,482][TRACE][org.elasticsearch.indices.breaker.request] [request] Adjusted breaker by [-16440] bytes, now [16440]
[2016-03-30 13:54:50,482][TRACE][org.elasticsearch.indices.breaker.request] [request] Adjusted breaker by [-16440] bytes, now [0]
[2016-03-30 13:54:50,482][TRACE][org.elasticsearch.indices.breaker.request] [request] Adjusted breaker by [16440] bytes, now [16440]
[2016-03-30 13:54:50,482][TRACE][org.elasticsearch.indices.breaker.request] [request] Adjusted breaker by [16440] bytes, now [32880]
[2016-03-30 13:54:50,482][TRACE][org.elasticsearch.indices.breaker.request] [request] Adjusted breaker by [-16440] bytes, now [16440]
[2016-03-30 13:54:50,482][TRACE][org.elasticsearch.indices.breaker.request] [request] Adjusted breaker by [-16440] bytes, now [0]
[2016-03-30 13:54:50,482][TRACE][org.elasticsearch.indices.breaker.request] [request] Adjusted breaker by [16440] bytes, now [16440]
[2016-03-30 13:54:50,482][TRACE][org.elasticsearch.indices.breaker.request] [request] Adjusted breaker by [-16440] bytes, now [0]
[2016-03-30 13:54:50,483][TRACE][org.elasticsearch.indices.breaker.request] [request] Adjusted breaker by [16440] bytes, now [16440]
[2016-03-30 13:54:50,483][TRACE][org.elasticsearch.indices.breaker.request] [request] Adjusted breaker by [-16440] bytes, now [0]
[2016-03-30 13:54:50,483][TRACE][org.elasticsearch.indices.breaker.request] [request] Adjusted breaker by [16440] bytes, now [16440]
[2016-03-30 13:54:50,484][TRACE][org.elasticsearch.indices.breaker.request] [request] Adjusted breaker by [-16440] bytes, now [0]
[2016-03-30 13:54:50,484][TRACE][org.elasticsearch.indices.breaker.request] [request] Adjusted breaker by [16440] bytes, now [16440]
[2016-03-30 13:54:50,484][TRACE][org.elasticsearch.indices.breaker.request] [request] Adjusted breaker by [-16440] bytes, now [0]
[2016-03-30 13:54:50,484][TRACE][org.elasticsearch.indices.breaker.request] [request] Adjusted breaker by [16440] bytes, now [16440]
[2016-03-30 13:54:50,484][TRACE][org.elasticsearch.indices.breaker.request] [request] Adjusted breaker by [-16440] bytes, now [0]
[2016-03-30 13:54:50,485][TRACE][org.elasticsearch.indices.breaker.request] [request] Adjusted breaker by [16440] bytes, now [16440]
[2016-03-30 13:54:50,485][TRACE][org.elasticsearch.indices.breaker.request] [request] Adjusted breaker by [-16440] bytes, now [0]
[2016-03-30 13:54:50,485][TRACE][org.elasticsearch.indices.breaker.request] [request] Adjusted breaker by [16440] bytes, now [16440]
[2016-03-30 13:54:50,485][TRACE][org.elasticsearch.indices.breaker.request] [request] Adjusted breaker by [-16440] bytes, now [0]
[2016-03-30 13:54:50,485][TRACE][org.elasticsearch.indices.breaker.request] [request] Adjusted breaker by [16440] bytes, now [16440]
[2016-03-30 13:54:50,486][TRACE][org.elasticsearch.indices.breaker.request] [request] Adjusted breaker by [-16440] bytes, now [0]
[2016-03-30 13:54:50,486][TRACE][org.elasticsearch.indices.breaker.request] [request] Adjusted breaker by [16440] bytes, now [16440]
[2016-03-30 13:54:50,486][TRACE][org.elasticsearch.indices.breaker.request] [request] Adjusted breaker by [-16440] bytes, now [0]
[2016-03-30 13:54:50,486][TRACE][org.elasticsearch.indices.breaker.request] [request] Adjusted breaker by [16440] bytes, now [16440]
[2016-03-30 13:54:50,486][TRACE][org.elasticsearch.indices.breaker.request] [request] Adjusted breaker by [-16440] bytes, now [0]
[2016-03-30 13:54:50,487][TRACE][org.elasticsearch.indices.breaker.request] [request] Adjusted breaker by [16440] bytes, now [16440]
[2016-03-30 13:54:50,487][TRACE][org.elasticsearch.indices.breaker.request] [request] Adjusted breaker by [-16440] bytes, now [0]
[2016-03-30 13:54:50,487][TRACE][org.elasticsearch.indices.breaker.request] [request] Adjusted breaker by [16440] bytes, now [16440]
[2016-03-30 13:54:50,487][TRACE][org.elasticsearch.indices.breaker.request] [request] Adjusted breaker by [-16440] bytes, now [0]
[2016-03-30 13:54:50,487][TRACE][org.elasticsearch.indices.breaker.request] [request] Adjusted breaker by [16440] bytes, now [16440]
[2016-03-30 13:54:50,487][TRACE][org.elasticsearch.indices.breaker.request] [request] Adjusted breaker by [-16440] bytes, now [0]
[2016-03-30 13:54:50,488][TRACE][org.elasticsearch.indices.breaker.request] [request] Adjusted breaker by [16440] bytes, now [16440]
[2016-03-30 13:54:50,488][TRACE][org.elasticsearch.indices.breaker.request] [request] Adjusted breaker by [-16440] bytes, now [0]
[2016-03-30 13:54:50,488][TRACE][org.elasticsearch.indices.breaker.request] [request] Adjusted breaker by [16440] bytes, now [16440]
[2016-03-30 13:54:50,488][TRACE][org.elasticsearch.indices.breaker.request] [request] Adjusted breaker by [-16440] bytes, now [0]
[2016-03-30 13:54:50,488][TRACE][org.elasticsearch.indices.breaker.request] [request] Adjusted breaker by [16440] bytes, now [16440]
[2016-03-30 13:54:50,488][TRACE][org.elasticsearch.indices.breaker.request] [request] Adjusted breaker by [-16440] bytes, now [0]
[2016-03-30 13:54:50,489][TRACE][org.elasticsearch.indices.breaker.request] [request] Adjusted breaker by [16440] bytes, now [16440]
[2016-03-30 13:54:50,489][TRACE][org.elasticsearch.indices.breaker.request] [request] Adjusted breaker by [-16440] bytes, now [0]
[2016-03-30 13:54:50,489][TRACE][org.elasticsearch.indices.breaker.request] [request] Adjusted breaker by [16440] bytes, now [16440]
[2016-03-30 13:54:50,489][TRACE][org.elasticsearch.indices.breaker.request] [request] Adjusted breaker by [-16440] bytes, now [0]
[2016-03-30 13:54:50,489][TRACE][org.elasticsearch.indices.breaker.request] [request] Adjusted breaker by [16440] bytes, now [16440]
[2016-03-30 13:54:50,489][TRACE][org.elasticsearch.indices.breaker.request] [request] Adjusted breaker by [-16440] bytes, now [0]
[2016-03-30 13:54:50,490][TRACE][org.elasticsearch.indices.breaker.request] [request] Adjusted breaker by [16440] bytes, now [16440]
[2016-03-30 13:54:50,490][TRACE][org.elasticsearch.indices.breaker.request] [request] Adjusted breaker by [-16440] bytes, now [0]
[2016-03-30 13:54:50,490][TRACE][org.elasticsearch.indices.breaker.request] [request] Adjusted breaker by [16440] bytes, now [16440]
[2016-03-30 13:54:50,490][TRACE][org.elasticsearch.indices.breaker.request] [request] Adjusted breaker by [-16440] bytes, now [0]
[2016-03-30 13:54:50,490][TRACE][org.elasticsearch.indices.breaker.request] [request] Adjusted breaker by [16440] bytes, now [16440]
[2016-03-30 13:54:50,491][TRACE][org.elasticsearch.indices.breaker.request] [request] Adjusted breaker by [-16440] bytes, now [0]
[2016-03-30 13:54:50,491][TRACE][org.elasticsearch.indices.breaker.request] [request] Adjusted breaker by [16440] bytes, now [16440]
[2016-03-30 13:54:50,491][TRACE][org.elasticsearch.indices.breaker.request] [request] Adjusted breaker by [-16440] bytes, now [0]
[2016-03-30 13:54:50,491][TRACE][org.elasticsearch.indices.breaker.request] [request] Adjusted breaker by [16440] bytes, now [16440]
[2016-03-30 13:54:50,491][TRACE][org.elasticsearch.indices.breaker.request] [request] Adjusted breaker by [-16440] bytes, now [0]
[2016-03-30 13:54:50,491][TRACE][org.elasticsearch.indices.breaker.request] [request] Adjusted breaker by [16440] bytes, now [16440]
[2016-03-30 13:54:50,492][TRACE][org.elasticsearch.indices.breaker.request] [request] Adjusted breaker by [-16440] bytes, now [0]
[2016-03-30 13:54:50,492][TRACE][org.elasticsearch.indices.breaker.request] [request] Adjusted breaker by [16440] bytes, now [16440]
[2016-03-30 13:54:50,492][TRACE][org.elasticsearch.indices.breaker.request] [request] Adjusted breaker by [-16440] bytes, now [0]
[2016-03-30 13:54:50,492][TRACE][org.elasticsearch.indices.breaker.request] [request] Adjusted breaker by [16440] bytes, now [16440]
[2016-03-30 13:54:50,492][TRACE][org.elasticsearch.indices.breaker.request] [request] Adjusted breaker by [-16440] bytes, now [0]
[2016-03-30 13:54:50,492][TRACE][org.elasticsearch.indices.breaker.request] [request] Adjusted breaker by [16440] bytes, now [16440]
[2016-03-30 13:54:50,493][TRACE][org.elasticsearch.indices.breaker.request] [request] Adjusted breaker by [-16440] bytes, now [0]
[2016-03-30 13:54:50,493][TRACE][org.elasticsearch.indices.breaker.request] [request] Adjusted breaker by [16440] bytes, now [16440]
[2016-03-30 13:54:50,493][TRACE][org.elasticsearch.indices.breaker.request] [request] Adjusted breaker by [-16440] bytes, now [0]
[2016-03-30 13:54:50,493][TRACE][org.elasticsearch.indices.breaker.request] [request] Adjusted breaker by [16440] bytes, now [16440]
[2016-03-30 13:54:50,493][TRACE][org.elasticsearch.indices.breaker.request] [request] Adjusted breaker by [-16440] bytes, now [0]
[2016-03-30 13:54:50,494][TRACE][org.elasticsearch.indices.breaker.request] [request] Adjusted breaker by [16440] bytes, now [16440]
[2016-03-30 13:54:50,494][TRACE][org.elasticsearch.indices.breaker.request] [request] Adjusted breaker by [-16440] bytes, now [0]
[2016-03-30 13:54:50,495][TRACE][org.elasticsearch.indices.breaker.request] [request] Adjusted breaker by [16440] bytes, now [16440]
[2016-03-30 13:54:50,495][TRACE][org.elasticsearch.indices.breaker.request] [request] Adjusted breaker by [-16440] bytes, now [0]
[2016-03-30 13:54:50,495][TRACE][org.elasticsearch.indices.breaker.request] [request] Adjusted breaker by [16440] bytes, now [16440]
[2016-03-30 13:54:50,495][TRACE][org.elasticsearch.indices.breaker.request] [request] Adjusted breaker by [-16440] bytes, now [0]
[2016-03-30 13:54:50,495][TRACE][org.elasticsearch.indices.breaker.request] [request] Adjusted breaker by [16440] bytes, now [16440]
[2016-03-30 13:54:50,496][TRACE][org.elasticsearch.indices.breaker.request] [request] Adjusted breaker by [-16440] bytes, now [0]
[2016-03-30 13:54:50,496][TRACE][org.elasticsearch.indices.breaker.request] [request] Adjusted breaker by [16440] bytes, now [16440]
[2016-03-30 13:54:50,496][TRACE][org.elasticsearch.indices.breaker.request] [request] Adjusted breaker by [-16440] bytes, now [0]
[2016-03-30 13:54:50,496][TRACE][org.elasticsearch.indices.breaker.request] [request] Adjusted breaker by [16440] bytes, now [16440]
[2016-03-30 13:54:50,496][TRACE][org.elasticsearch.indices.breaker.request] [request] Adjusted breaker by [-16440] bytes, now [0]
[2016-03-30 13:54:50,497][TRACE][org.elasticsearch.indices.breaker.request] [request] Adjusted breaker by [16440] bytes, now [16440]
[2016-03-30 13:54:50,497][TRACE][org.elasticsearch.indices.breaker.request] [request] Adjusted breaker by [-16440] bytes, now [0]
[2016-03-30 13:54:50,497][TRACE][org.elasticsearch.indices.breaker.request] [request] Adjusted breaker by [16440] bytes, now [16440]
[2016-03-30 13:54:50,497][TRACE][org.elasticsearch.indices.breaker.request] [request] Adjusted breaker by [-16440] bytes, now [0]
[2016-03-30 13:54:50,497][TRACE][org.elasticsearch.indices.breaker.request] [request] Adjusted breaker by [16440] bytes, now [16440]
[2016-03-30 13:54:50,497][TRACE][org.elasticsearch.indices.breaker.request] [request] Adjusted breaker by [-16440] bytes, now [0]
[2016-03-30 13:54:50,498][TRACE][org.elasticsearch.indices.breaker.request] [request] Adjusted breaker by [16440] bytes, now [16440]
[2016-03-30 13:54:50,498][TRACE][org.elasticsearch.indices.breaker.request] [request] Adjusted breaker by [-16440] bytes, now [0]
[2016-03-30 13:54:50,517][TRACE][org.elasticsearch.indices.breaker.request] [request] Adjusted breaker by [16440] bytes, now [16440]
[2016-03-30 13:54:50,517][TRACE][org.elasticsearch.indices.breaker.request] [request] Adjusted breaker by [-16440] bytes, now [0]
[2016-03-30 13:54:50,518][TRACE][org.elasticsearch.indices.breaker.request] [request] Adjusted breaker by [16440] bytes, now [16440]
[2016-03-30 13:54:50,518][TRACE][org.elasticsearch.indices.breaker.request] [request] Adjusted breaker by [-16440] bytes, now [0]
[2016-03-30 13:54:50,518][TRACE][org.elasticsearch.indices.breaker.request] [request] Adjusted breaker by [16440] bytes, now [16440]
[2016-03-30 13:54:50,518][TRACE][org.elasticsearch.indices.breaker.request] [request] Adjusted breaker by [-16440] bytes, now [0]
[2016-03-30 13:54:50,518][TRACE][org.elasticsearch.indices.breaker.request] [request] Adjusted breaker by [16440] bytes, now [16440]
[2016-03-30 13:54:50,518][TRACE][org.elasticsearch.indices.breaker.request] [request] Adjusted breaker by [-16440] bytes, now [0]
[2016-03-30 13:54:50,519][TRACE][org.elasticsearch.indices.breaker.request] [request] Adjusted breaker by [16440] bytes, now [16440]
[2016-03-30 13:54:50,519][TRACE][org.elasticsearch.indices.breaker.request] [request] Adjusted breaker by [-16440] bytes, now [0]
[2016-03-30 13:54:50,519][TRACE][org.elasticsearch.indices.breaker.request] [request] Adjusted breaker by [16440] bytes, now [16440]
[2016-03-30 13:54:50,519][TRACE][org.elasticsearch.indices.breaker.request] [request] Adjusted breaker by [-16440] bytes, now [0]
[2016-03-30 13:54:50,519][TRACE][org.elasticsearch.indices.breaker.request] [request] Adjusted breaker by [16440] bytes, now [16440]
[2016-03-30 13:54:50,519][TRACE][org.elasticsearch.indices.breaker.request] [request] Adjusted breaker by [-16440] bytes, now [0]
[2016-03-30 13:54:50,520][TRACE][org.elasticsearch.indices.breaker.request] [request] Adjusted breaker by [16440] bytes, now [16440]
[2016-03-30 13:54:50,520][TRACE][org.elasticsearch.indices.breaker.request] [request] Adjusted breaker by [-16440] bytes, now [0]
[2016-03-30 13:54:50,520][TRACE][org.elasticsearch.indices.breaker.request] [request] Adjusted breaker by [16440] bytes, now [16440]
[2016-03-30 13:54:50,520][TRACE][org.elasticsearch.indices.breaker.request] [request] Adjusted breaker by [-16440] bytes, now [0]
[2016-03-30 13:54:50,520][TRACE][org.elasticsearch.indices.breaker.request] [request] Adjusted breaker by [16440] bytes, now [16440]
[2016-03-30 13:54:50,520][TRACE][org.elasticsearch.indices.breaker.request] [request] Adjusted breaker by [-16440] bytes, now [0]
[2016-03-30 13:54:50,521][TRACE][org.elasticsearch.indices.breaker.request] [request] Adjusted breaker by [16440] bytes, now [16440]
[2016-03-30 13:54:50,521][TRACE][org.elasticsearch.indices.breaker.request] [request] Adjusted breaker by [-16440] bytes, now [0]
[2016-03-30 13:54:50,521][TRACE][org.elasticsearch.indices.breaker.request] [request] Adjusted breaker by [16440] bytes, now [16440]
[2016-03-30 13:54:50,521][TRACE][org.elasticsearch.indices.breaker.request] [request] Adjusted breaker by [-16440] bytes, now [0]
[2016-03-30 13:54:50,521][TRACE][org.elasticsearch.indices.breaker.request] [request] Adjusted breaker by [16440] bytes, now [16440]
[2016-03-30 13:54:50,521][TRACE][org.elasticsearch.indices.breaker.request] [request] Adjusted breaker by [-16440] bytes, now [0]
[2016-03-30 13:54:50,522][TRACE][org.elasticsearch.indices.breaker.request] [request] Adjusted breaker by [16440] bytes, now [16440]
[2016-03-30 13:54:50,522][TRACE][org.elasticsearch.indices.breaker.request] [request] Adjusted breaker by [-16440] bytes, now [0]
[2016-03-30 13:54:50,522][TRACE][org.elasticsearch.indices.breaker.request] [request] Adjusted breaker by [16440] bytes, now [16440]
[2016-03-30 13:54:50,522][TRACE][org.elasticsearch.indices.breaker.request] [request] Adjusted breaker by [-16440] bytes, now [0]
[2016-03-30 13:54:50,522][TRACE][org.elasticsearch.indices.breaker.request] [request] Adjusted breaker by [16440] bytes, now [16440]
[2016-03-30 13:54:50,522][TRACE][org.elasticsearch.indices.breaker.request] [request] Adjusted breaker by [-16440] bytes, now [0]
[2016-03-30 13:54:50,523][TRACE][org.elasticsearch.indices.breaker.request] [request] Adjusted breaker by [16440] bytes, now [16440]
[2016-03-30 13:54:50,523][TRACE][org.elasticsearch.indices.breaker.request] [request] Adjusted breaker by [-16440] bytes, now [0]
[2016-03-30 13:54:50,523][TRACE][org.elasticsearch.indices.breaker.request] [request] Adjusted breaker by [16440] bytes, now [16440]
[2016-03-30 13:54:50,523][TRACE][org.elasticsearch.indices.breaker.request] [request] Adjusted breaker by [-16440] bytes, now [0]
[2016-03-30 13:54:50,523][TRACE][org.elasticsearch.indices.breaker.request] [request] Adjusted breaker by [16440] bytes, now [16440]
[2016-03-30 13:54:50,524][TRACE][org.elasticsearch.indices.breaker.request] [request] Adjusted breaker by [-16440] bytes, now [0]
[2016-03-30 13:54:50,524][TRACE][org.elasticsearch.indices.breaker.request] [request] Adjusted breaker by [16440] bytes, now [16440]
[2016-03-30 13:54:50,524][TRACE][org.elasticsearch.indices.breaker.request] [request] Adjusted breaker by [-16440] bytes, now [0]
[2016-03-30 13:54:50,524][TRACE][org.elasticsearch.indices.breaker.request] [request] Adjusted breaker by [16440] bytes, now [16440]
[2016-03-30 13:54:50,524][TRACE][org.elasticsearch.indices.breaker.request] [request] Adjusted breaker by [-16440] bytes, now [0]
[2016-03-30 13:54:50,524][TRACE][org.elasticsearch.indices.breaker.request] [request] Adjusted breaker by [16440] bytes, now [16440]
[2016-03-30 13:54:50,525][TRACE][org.elasticsearch.indices.breaker.request] [request] Adjusted breaker by [-16440] bytes, now [0]
[2016-03-30 13:54:50,525][TRACE][org.elasticsearch.indices.breaker.request] [request] Adjusted breaker by [16440] bytes, now [16440]
[2016-03-30 13:54:50,525][TRACE][org.elasticsearch.indices.breaker.request] [request] Adjusted breaker by [-16440] bytes, now [0]
[2016-03-30 13:54:50,525][TRACE][org.elasticsearch.indices.breaker.request] [request] Adjusted breaker by [16440] bytes, now [16440]
[2016-03-30 13:54:50,525][TRACE][org.elasticsearch.indices.breaker.request] [request] Adjusted breaker by [-16440] bytes, now [0]
[2016-03-30 13:54:50,525][TRACE][org.elasticsearch.indices.breaker.request] [request] Adjusted breaker by [16440] bytes, now [16440]
[2016-03-30 13:54:50,526][TRACE][org.elasticsearch.indices.breaker.request] [request] Adjusted breaker by [-16440] bytes, now [0]
[2016-03-30 13:54:50,526][TRACE][org.elasticsearch.indices.breaker.request] [request] Adjusted breaker by [16440] bytes, now [16440]
[2016-03-30 13:54:50,526][TRACE][org.elasticsearch.indices.breaker.request] [request] Adjusted breaker by [-16440] bytes, now [0]
[2016-03-30 13:54:50,526][TRACE][org.elasticsearch.indices.breaker.request] [request] Adjusted breaker by [16440] bytes, now [16440]
[2016-03-30 13:54:50,526][TRACE][org.elasticsearch.indices.breaker.request] [request] Adjusted breaker by [-16440] bytes, now [0]
[2016-03-30 13:54:50,528][TRACE][org.elasticsearch.indices.breaker.request] [request] Adjusted breaker by [16440] bytes, now [16440]
[2016-03-30 13:54:50,528][TRACE][org.elasticsearch.indices.breaker.request] [request] Adjusted breaker by [-16440] bytes, now [0]
[2016-03-30 13:54:50,528][TRACE][org.elasticsearch.indices.breaker.request] [request] Adjusted breaker by [16440] bytes, now [16440]
[2016-03-30 13:54:50,528][TRACE][org.elasticsearch.indices.breaker.request] [request] Adjusted breaker by [-16440] bytes, now [0]
[2016-03-30 13:54:50,529][TRACE][org.elasticsearch.indices.breaker.request] [request] Adjusted breaker by [16440] bytes, now [16440]
[2016-03-30 13:54:50,529][TRACE][org.elasticsearch.indices.breaker.request] [request] Adjusted breaker by [-16440] bytes, now [0]
[2016-03-30 13:54:50,529][TRACE][org.elasticsearch.indices.breaker.request] [request] Adjusted breaker by [16440] bytes, now [16440]
[2016-03-30 13:54:50,529][TRACE][org.elasticsearch.indices.breaker.request] [request] Adjusted breaker by [-16440] bytes, now [0]
[2016-03-30 13:54:50,529][TRACE][org.elasticsearch.indices.breaker.request] [request] Adjusted breaker by [16440] bytes, now [16440]
[2016-03-30 13:54:50,530][TRACE][org.elasticsearch.indices.breaker.request] [request] Adjusted breaker by [-16440] bytes, now [0]
[2016-03-30 13:54:50,530][TRACE][org.elasticsearch.indices.breaker.request] [request] Adjusted breaker by [16440] bytes, now [16440]
[2016-03-30 13:54:50,530][TRACE][org.elasticsearch.indices.breaker.request] [request] Adjusted breaker by [-16440] bytes, now [0]
[2016-03-30 13:54:50,530][TRACE][org.elasticsearch.indices.breaker.request] [request] Adjusted breaker by [16440] bytes, now [16440]
[2016-03-30 13:54:50,530][TRACE][org.elasticsearch.indices.breaker.request] [request] Adjusted breaker by [-16440] bytes, now [0]
[2016-03-30 13:54:50,531][TRACE][org.elasticsearch.indices.breaker.request] [request] Adjusted breaker by [16440] bytes, now [16440]
[2016-03-30 13:54:50,531][TRACE][org.elasticsearch.indices.breaker.request] [request] Adjusted breaker by [-16440] bytes, now [0]
[2016-03-30 13:54:50,531][TRACE][org.elasticsearch.indices.breaker.request] [request] Adjusted breaker by [16440] bytes, now [16440]
[2016-03-30 13:54:50,531][TRACE][org.elasticsearch.indices.breaker.request] [request] Adjusted breaker by [-16440] bytes, now [0]
[2016-03-30 13:54:50,531][TRACE][org.elasticsearch.indices.breaker.request] [request] Adjusted breaker by [16440] bytes, now [16440]
[2016-03-30 13:54:50,531][TRACE][org.elasticsearch.indices.breaker.request] [request] Adjusted breaker by [-16440] bytes, now [0]
[2016-03-30 13:54:50,532][TRACE][org.elasticsearch.indices.breaker.request] [request] Adjusted breaker by [16440] bytes, now [16440]
[2016-03-30 13:54:50,532][TRACE][org.elasticsearch.indices.breaker.request] [request] Adjusted breaker by [-16440] bytes, now [0]
[2016-03-30 13:54:50,532][TRACE][org.elasticsearch.indices.breaker.request] [request] Adjusted breaker by [16440] bytes, now [16440]
[2016-03-30 13:54:50,532][TRACE][org.elasticsearch.indices.breaker.request] [request] Adjusted breaker by [-16440] bytes, now [0]
[2016-03-30 13:54:50,532][TRACE][org.elasticsearch.indices.breaker.request] [request] Adjusted breaker by [16440] bytes, now [16440]
[2016-03-30 13:54:50,533][TRACE][org.elasticsearch.indices.breaker.request] [request] Adjusted breaker by [-16440] bytes, now [0]
[2016-03-30 13:54:50,533][TRACE][org.elasticsearch.indices.breaker.request] [request] Adjusted breaker by [16440] bytes, now [16440]
[2016-03-30 13:54:50,533][TRACE][org.elasticsearch.indices.breaker.request] [request] Adjusted breaker by [-16440] bytes, now [0]
[2016-03-30 13:54:50,533][TRACE][org.elasticsearch.indices.breaker.request] [request] Adjusted breaker by [16440] bytes, now [16440]
[2016-03-30 13:54:50,533][TRACE][org.elasticsearch.indices.breaker.request] [request] Adjusted breaker by [-16440] bytes, now [0]
[2016-03-30 13:54:50,534][TRACE][org.elasticsearch.indices.breaker.request] [request] Adjusted breaker by [16440] bytes, now [16440]
[2016-03-30 13:54:50,534][TRACE][org.elasticsearch.indices.breaker.request] [request] Adjusted breaker by [-16440] bytes, now [0]
[2016-03-30 13:54:50,534][TRACE][org.elasticsearch.indices.breaker.request] [request] Adjusted breaker by [16440] bytes, now [16440]
[2016-03-30 13:54:50,534][TRACE][org.elasticsearch.indices.breaker.request] [request] Adjusted breaker by [-16440] bytes, now [0]
[2016-03-30 13:54:50,534][TRACE][org.elasticsearch.indices.breaker.request] [request] Adjusted breaker by [16440] bytes, now [16440]
[2016-03-30 13:54:50,535][TRACE][org.elasticsearch.indices.breaker.request] [request] Adjusted breaker by [-16440] bytes, now [0]
[2016-03-30 13:54:50,535][TRACE][org.elasticsearch.indices.breaker.request] [request] Adjusted breaker by [16440] bytes, now [16440]
[2016-03-30 13:54:50,535][TRACE][org.elasticsearch.indices.breaker.request] [request] Adjusted breaker by [-16440] bytes, now [0]
[2016-03-30 13:54:50,535][TRACE][org.elasticsearch.indices.breaker.request] [request] Adjusted breaker by [16440] bytes, now [16440]
[2016-03-30 13:54:50,535][TRACE][org.elasticsearch.indices.breaker.request] [request] Adjusted breaker by [-16440] bytes, now [0]
[2016-03-30 13:54:50,536][TRACE][org.elasticsearch.indices.breaker.request] [request] Adjusted breaker by [16440] bytes, now [16440]
[2016-03-30 13:54:50,536][TRACE][org.elasticsearch.indices.breaker.request] [request] Adjusted breaker by [-16440] bytes, now [0]
[2016-03-30 13:54:50,536][TRACE][org.elasticsearch.indices.breaker.request] [request] Adjusted breaker by [16440] bytes, now [16440]
[2016-03-30 13:54:50,536][TRACE][org.elasticsearch.indices.breaker.request] [request] Adjusted breaker by [-16440] bytes, now [0]
[2016-03-30 13:54:50,536][TRACE][org.elasticsearch.indices.breaker.request] [request] Adjusted breaker by [16440] bytes, now [16440]
[2016-03-30 13:54:50,536][TRACE][org.elasticsearch.indices.breaker.request] [request] Adjusted breaker by [-16440] bytes, now [0]
[2016-03-30 13:54:50,537][TRACE][org.elasticsearch.indices.breaker.request] [request] Adjusted breaker by [16440] bytes, now [16440]
[2016-03-30 13:54:50,537][TRACE][org.elasticsearch.indices.breaker.request] [request] Adjusted breaker by [-16440] bytes, now [0]
[2016-03-30 13:54:50,537][TRACE][org.elasticsearch.indices.breaker.request] [request] Adjusted breaker by [16440] bytes, now [16440]
[2016-03-30 13:54:50,537][TRACE][org.elasticsearch.indices.breaker.request] [request] Adjusted breaker by [-16440] bytes, now [0]
[2016-03-30 13:54:50,537][TRACE][org.elasticsearch.indices.breaker.request] [request] Adjusted breaker by [16440] bytes, now [16440]
[2016-03-30 13:54:50,538][TRACE][org.elasticsearch.indices.breaker.request] [request] Adjusted breaker by [-16440] bytes, now [0]
[2016-03-30 13:54:50,538][TRACE][org.elasticsearch.indices.breaker.request] [request] Adjusted breaker by [16440] bytes, now [16440]
[2016-03-30 13:54:50,538][TRACE][org.elasticsearch.indices.breaker.request] [request] Adjusted breaker by [-16440] bytes, now [0]
[2016-03-30 13:54:50,538][TRACE][org.elasticsearch.indices.breaker.request] [request] Adjusted breaker by [16440] bytes, now [16440]
[2016-03-30 13:54:50,538][TRACE][org.elasticsearch.indices.breaker.request] [request] Adjusted breaker by [-16440] bytes, now [0]
[2016-03-30 13:54:50,539][TRACE][org.elasticsearch.indices.breaker.request] [request] Adjusted breaker by [16440] bytes, now [16440]
[2016-03-30 13:54:50,539][TRACE][org.elasticsearch.indices.breaker.request] [request] Adjusted breaker by [-16440] bytes, now [0]
[2016-03-30 13:54:50,539][TRACE][org.elasticsearch.indices.breaker.request] [request] Adjusted breaker by [16440] bytes, now [16440]
[2016-03-30 13:54:50,539][TRACE][org.elasticsearch.indices.breaker.request] [request] Adjusted breaker by [-16440] bytes, now [0]
[2016-03-30 13:54:50,539][TRACE][org.elasticsearch.indices.breaker.request] [request] Adjusted breaker by [16440] bytes, now [16440]
[2016-03-30 13:54:50,539][TRACE][org.elasticsearch.indices.breaker.request] [request] Adjusted breaker by [-16440] bytes, now [0]
[2016-03-30 13:54:50,540][TRACE][org.elasticsearch.indices.breaker.request] [request] Adjusted breaker by [16440] bytes, now [16440]
[2016-03-30 13:54:50,540][TRACE][org.elasticsearch.indices.breaker.request] [request] Adjusted breaker by [-16440] bytes, now [0]
[2016-03-30 13:54:50,540][TRACE][org.elasticsearch.indices.breaker.request] [request] Adjusted breaker by [16440] bytes, now [16440]
[2016-03-30 13:54:50,540][TRACE][org.elasticsearch.indices.breaker.request] [request] Adjusted breaker by [-16440] bytes, now [0]
[2016-03-30 13:54:50,540][TRACE][org.elasticsearch.indices.breaker.request] [request] Adjusted breaker by [16440] bytes, now [16440]
[2016-03-30 13:54:50,540][TRACE][org.elasticsearch.indices.breaker.request] [request] Adjusted breaker by [-16440] bytes, now [0]
[2016-03-30 13:54:50,541][TRACE][org.elasticsearch.indices.breaker.request] [request] Adjusted breaker by [16440] bytes, now [16440]
[2016-03-30 13:54:50,541][TRACE][org.elasticsearch.indices.breaker.request] [request] Adjusted breaker by [-16440] bytes, now [0]
[2016-03-30 13:54:50,541][TRACE][org.elasticsearch.indices.breaker.request] [request] Adjusted breaker by [16440] bytes, now [16440]
[2016-03-30 13:54:50,541][TRACE][org.elasticsearch.indices.breaker.request] [request] Adjusted breaker by [-16440] bytes, now [0]
[2016-03-30 13:54:50,541][TRACE][org.elasticsearch.indices.breaker.request] [request] Adjusted breaker by [16440] bytes, now [16440]
[2016-03-30 13:54:50,542][TRACE][org.elasticsearch.indices.breaker.request] [request] Adjusted breaker by [-16440] bytes, now [0]
[2016-03-30 13:54:50,542][TRACE][org.elasticsearch.indices.breaker.request] [request] Adjusted breaker by [16440] bytes, now [16440]
[2016-03-30 13:54:50,542][TRACE][org.elasticsearch.indices.breaker.request] [request] Adjusted breaker by [-16440] bytes, now [0]
[2016-03-30 13:54:50,542][TRACE][org.elasticsearch.indices.breaker.request] [request] Adjusted breaker by [16440] bytes, now [16440]
[2016-03-30 13:54:50,542][TRACE][org.elasticsearch.indices.breaker.request] [request] Adjusted breaker by [-16440] bytes, now [0]
[2016-03-30 13:54:50,543][TRACE][org.elasticsearch.indices.breaker.request] [request] Adjusted breaker by [16440] bytes, now [16440]
[2016-03-30 13:54:50,543][TRACE][org.elasticsearch.indices.breaker.request] [request] Adjusted breaker by [-16440] bytes, now [0]
[2016-03-30 13:54:50,898][TRACE][org.elasticsearch.indices] [node_s1] [test][2] warming [MultiReader(FilterLeafReader(_1(5.4.0):c109))]
[2016-03-30 13:54:50,899][TRACE][org.elasticsearch.indices] [node_s1] [test][2] top warming [ElasticsearchDirectoryReader(FilterLeafReader(_0(5.4.0):c1) FilterLeafReader(_1(5.4.0):c109))]
[2016-03-30 13:54:50,900][TRACE][org.elasticsearch.indices] [node_s1] [test][3] warming [MultiReader(FilterLeafReader(_2(5.4.0):c117))]
[2016-03-30 13:54:50,900][TRACE][org.elasticsearch.indices] [node_s1] [test][3] top warming [ElasticsearchDirectoryReader(FilterLeafReader(_0(5.4.0):c3) FilterLeafReader(_2(5.4.0):c117))]
[2016-03-30 13:54:50,903][TRACE][org.elasticsearch.indices] [node_s1] [test][7] warming [MultiReader(FilterLeafReader(_2(5.4.0):c74))]
[2016-03-30 13:54:50,903][TRACE][org.elasticsearch.indices] [node_s1] [test][7] top warming [ElasticsearchDirectoryReader(FilterLeafReader(_0(5.4.0):c62) FilterLeafReader(_2(5.4.0):c74))]
[2016-03-30 13:54:50,949][TRACE][org.elasticsearch.indices] [node_s1] [test][6] warming [MultiReader(FilterLeafReader(_2(5.4.0):c67))]
[2016-03-30 13:54:50,949][TRACE][org.elasticsearch.indices] [node_s1] [test][6] top warming [ElasticsearchDirectoryReader(FilterLeafReader(_0(5.4.0):c38) FilterLeafReader(_2(5.4.0):c67))]
[2016-03-30 13:54:50,974][DEBUG][org.elasticsearch.indices.cluster] [node_s0] [test] creating index
[2016-03-30 13:54:50,975][DEBUG][org.elasticsearch.indices] [node_s0] creating Index [test], shards [10]/[2]
[2016-03-30 13:54:50,976][DEBUG][org.elasticsearch.indices.cluster] [node_s0] [test] adding mapping [_default_], source [{"_default_":{"_timestamp":{"enabled":true},"dynamic_templates":[{"template-strings":{"mapping":{"fielddata":{"loading":"lazy"}},"match_mapping_type":"string"}},{"template-longs":{"mapping":{"fielddata":{"loading":"lazy"}},"match_mapping_type":"long"}},{"template-doubles":{"mapping":{"fielddata":{"loading":"eager"}},"match_mapping_type":"double"}},{"template-geo_points":{"mapping":{"fielddata":{"loading":"lazy"}},"match_mapping_type":"geo_point"}},{"template-booleans":{"mapping":{"fielddata":{"loading":"lazy"}},"match_mapping_type":"boolean"}}]}}]
[2016-03-30 13:54:50,978][DEBUG][org.elasticsearch.indices.cluster] [node_s0] [test] adding mapping [doc], source [{"doc":{"_timestamp":{"enabled":true},"dynamic_templates":[{"template-strings":{"mapping":{"fielddata":{"loading":"lazy"}},"match_mapping_type":"string"}},{"template-longs":{"mapping":{"fielddata":{"loading":"lazy"}},"match_mapping_type":"long"}},{"template-doubles":{"mapping":{"fielddata":{"loading":"eager"}},"match_mapping_type":"double"}},{"template-geo_points":{"mapping":{"fielddata":{"loading":"lazy"}},"match_mapping_type":"geo_point"}},{"template-booleans":{"mapping":{"fielddata":{"loading":"lazy"}},"match_mapping_type":"boolean"}}]}}]
[2016-03-30 13:54:50,980][DEBUG][org.elasticsearch.indices.cluster] [node_s0] [test][8] creating shard
[2016-03-30 13:54:51,013][TRACE][org.elasticsearch.indices.recovery] [node_s0] [test][8] started recovery from {node_s1}{h_TATuVsQJmOGBLmAASslA}{local}{local[27]}[mode=>local], id [55]
[2016-03-30 13:54:51,013][TRACE][org.elasticsearch.indices.recovery] [node_s0] collecting local files for [test][8] [55]
[2016-03-30 13:54:51,027][TRACE][org.elasticsearch.indices.recovery] [node_s0] [test][8] starting recovery from {node_s1}{h_TATuVsQJmOGBLmAASslA}{local}{local[27]}[mode=>local]
[2016-03-30 13:54:51,027][TRACE][org.elasticsearch.indices.store] [node_s0] listing store meta data for [test][2]
[2016-03-30 13:54:51,027][TRACE][org.elasticsearch.indices.store] [node_s1] listing store meta data for [test][2]
[2016-03-30 13:54:51,027][TRACE][org.elasticsearch.indices.store] [node_s0] listing store meta data for [test][7]
[2016-03-30 13:54:51,027][TRACE][org.elasticsearch.indices.store] [node_s1] listing store meta data for [test][7]
[2016-03-30 13:54:51,028][TRACE][org.elasticsearch.indices.recovery] [node_s1] [test][8] starting recovery to {node_s0}{BJ9-d_yQSQGaUwf4YELEXg}{local}{local[26]}[mode=>local], mark_as_relocated false
[2016-03-30 13:54:51,028][TRACE][org.elasticsearch.indices.store] [node_s0] listing store meta data for [test][3]
[2016-03-30 13:54:51,028][TRACE][org.elasticsearch.indices.recovery] [node_s1] captured translog id [4] for recovery
[2016-03-30 13:54:51,028][TRACE][org.elasticsearch.indices.store] [node_s0] listing store meta data for [test][6]
[2016-03-30 13:54:51,028][TRACE][org.elasticsearch.indices.store] [node_s0] found state file: [id:2, legacy:false, file:/Users/brijeshs/Documents/elasticsearch_sort_netbeans/elasticsearch/core/build/testrun/integTest/J1/temp/org.elasticsearch.indices.flush.FlushIT_F7928424F380CF7C-001/tempDir-001/data/SUITE-CHILD_VM=[1]-CLUSTER_SEED=[4002021444443819046]-HASH=[462546CEAD50E]-cluster/nodes/0/indices/test/2/_state/state-2.st]
[2016-03-30 13:54:51,029][TRACE][org.elasticsearch.indices.store] [node_s0] found state file: [id:2, legacy:false, file:/Users/brijeshs/Documents/elasticsearch_sort_netbeans/elasticsearch/core/build/testrun/integTest/J1/temp/org.elasticsearch.indices.flush.FlushIT_F7928424F380CF7C-001/tempDir-001/data/SUITE-CHILD_VM=[1]-CLUSTER_SEED=[4002021444443819046]-HASH=[462546CEAD50E]-cluster/nodes/0/indices/test/7/_state/state-2.st]
[2016-03-30 13:54:51,029][TRACE][org.elasticsearch.indices.store] [node_s0] found state file: [id:0, legacy:false, file:/Users/brijeshs/Documents/elasticsearch_sort_netbeans/elasticsearch/core/build/testrun/integTest/J1/temp/org.elasticsearch.indices.flush.FlushIT_F7928424F380CF7C-001/tempDir-001/data/SUITE-CHILD_VM=[1]-CLUSTER_SEED=[4002021444443819046]-HASH=[462546CEAD50E]-cluster/nodes/0/indices/test/3/_state/state-0.st]
[2016-03-30 13:54:51,029][TRACE][org.elasticsearch.indices.store] [node_s1] listing store meta data for [test][6]
[2016-03-30 13:54:51,030][TRACE][org.elasticsearch.indices.store] [node_s0] found state file: [id:0, legacy:false, file:/Users/brijeshs/Documents/elasticsearch_sort_netbeans/elasticsearch/core/build/testrun/integTest/J1/temp/org.elasticsearch.indices.flush.FlushIT_F7928424F380CF7C-001/tempDir-001/data/SUITE-CHILD_VM=[1]-CLUSTER_SEED=[4002021444443819046]-HASH=[462546CEAD50E]-cluster/nodes/0/indices/test/6/_state/state-0.st]
[2016-03-30 13:54:51,030][TRACE][org.elasticsearch.indices.store] [node_s1] listing store meta data for [test][3]
[2016-03-30 13:54:51,031][TRACE][org.elasticsearch.indices.store] [node_s0] state id [2] read from [state-2.st]
[2016-03-30 13:54:51,031][DEBUG][org.elasticsearch.indices.store] [node_s0] [test][2] loaded data path [/Users/brijeshs/Documents/elasticsearch_sort_netbeans/elasticsearch/core/build/testrun/integTest/J1/temp/org.elasticsearch.indices.flush.FlushIT_F7928424F380CF7C-001/tempDir-001/data/SUITE-CHILD_VM=[1]-CLUSTER_SEED=[4002021444443819046]-HASH=[462546CEAD50E]-cluster/nodes/0/indices/test/2], state path [/Users/brijeshs/Documents/elasticsearch_sort_netbeans/elasticsearch/core/build/testrun/integTest/J1/temp/org.elasticsearch.indices.flush.FlushIT_F7928424F380CF7C-001/tempDir-001/data/SUITE-CHILD_VM=[1]-CLUSTER_SEED=[4002021444443819046]-HASH=[462546CEAD50E]-cluster/nodes/0/indices/test/2]
[2016-03-30 13:54:51,031][TRACE][org.elasticsearch.indices.store] [node_s0] state id [2] read from [state-2.st]
[2016-03-30 13:54:51,031][DEBUG][org.elasticsearch.indices.store] [node_s0] [test][7] loaded data path [/Users/brijeshs/Documents/elasticsearch_sort_netbeans/elasticsearch/core/build/testrun/integTest/J1/temp/org.elasticsearch.indices.flush.FlushIT_F7928424F380CF7C-001/tempDir-001/data/SUITE-CHILD_VM=[1]-CLUSTER_SEED=[4002021444443819046]-HASH=[462546CEAD50E]-cluster/nodes/0/indices/test/7], state path [/Users/brijeshs/Documents/elasticsearch_sort_netbeans/elasticsearch/core/build/testrun/integTest/J1/temp/org.elasticsearch.indices.flush.FlushIT_F7928424F380CF7C-001/tempDir-001/data/SUITE-CHILD_VM=[1]-CLUSTER_SEED=[4002021444443819046]-HASH=[462546CEAD50E]-cluster/nodes/0/indices/test/7]
[2016-03-30 13:54:51,032][TRACE][org.elasticsearch.indices.store] [node_s0] state id [0] read from [state-0.st]
[2016-03-30 13:54:51,032][DEBUG][org.elasticsearch.indices.store] [node_s0] [test][3] loaded data path [/Users/brijeshs/Documents/elasticsearch_sort_netbeans/elasticsearch/core/build/testrun/integTest/J1/temp/org.elasticsearch.indices.flush.FlushIT_F7928424F380CF7C-001/tempDir-001/data/SUITE-CHILD_VM=[1]-CLUSTER_SEED=[4002021444443819046]-HASH=[462546CEAD50E]-cluster/nodes/0/indices/test/3], state path [/Users/brijeshs/Documents/elasticsearch_sort_netbeans/elasticsearch/core/build/testrun/integTest/J1/temp/org.elasticsearch.indices.flush.FlushIT_F7928424F380CF7C-001/tempDir-001/data/SUITE-CHILD_VM=[1]-CLUSTER_SEED=[4002021444443819046]-HASH=[462546CEAD50E]-cluster/nodes/0/indices/test/3]
[2016-03-30 13:54:51,037][TRACE][org.elasticsearch.indices.store] [node_s0] state id [0] read from [state-0.st]
[2016-03-30 13:54:51,040][DEBUG][org.elasticsearch.indices.store] [node_s0] [test][6] loaded data path [/Users/brijeshs/Documents/elasticsearch_sort_netbeans/elasticsearch/core/build/testrun/integTest/J1/temp/org.elasticsearch.indices.flush.FlushIT_F7928424F380CF7C-001/tempDir-001/data/SUITE-CHILD_VM=[1]-CLUSTER_SEED=[4002021444443819046]-HASH=[462546CEAD50E]-cluster/nodes/0/indices/test/6], state path [/Users/brijeshs/Documents/elasticsearch_sort_netbeans/elasticsearch/core/build/testrun/integTest/J1/temp/org.elasticsearch.indices.flush.FlushIT_F7928424F380CF7C-001/tempDir-001/data/SUITE-CHILD_VM=[1]-CLUSTER_SEED=[4002021444443819046]-HASH=[462546CEAD50E]-cluster/nodes/0/indices/test/6]
[2016-03-30 13:54:51,043][TRACE][org.elasticsearch.indices.store] [node_s0] [test][2] didn't find any store meta data to load (took [15.8ms])
[2016-03-30 13:54:51,048][DEBUG][org.elasticsearch.indices.store] [node_s1] [test][6] loaded store meta data (took [18.7ms])
[2016-03-30 13:54:51,054][TRACE][org.elasticsearch.indices.store] [node_s0] [test][6] didn't find any store meta data to load (took [25.6ms])
[2016-03-30 13:54:51,056][TRACE][org.elasticsearch.indices.store] [node_s0] [test][7] didn't find any store meta data to load (took [28.2ms])
[2016-03-30 13:54:51,059][TRACE][org.elasticsearch.indices.store] [node_s0] [test][3] didn't find any store meta data to load (took [30.8ms])
[2016-03-30 13:54:51,073][DEBUG][org.elasticsearch.indices.store] [node_s1] [test][2] loaded store meta data (took [46ms])
[2016-03-30 13:54:51,088][DEBUG][org.elasticsearch.indices.store] [node_s1] [test][3] loaded store meta data (took [57.7ms])
[2016-03-30 13:54:51,092][DEBUG][org.elasticsearch.indices.store] [node_s1] [test][7] loaded store meta data (took [64.4ms])
[2016-03-30 13:54:51,093][DEBUG][org.elasticsearch.indices.cluster] [node_s1] [test][0] creating shard
[2016-03-30 13:54:51,098][TRACE][org.elasticsearch.indices.recovery] [node_s1] [test][8] recovery [phase1] to {node_s0}{BJ9-d_yQSQGaUwf4YELEXg}{local}{local[26]}[mode=>local]: recovering [_0.cfe], exists in local store, but is different: remote [name [_0.cfe], length [497], checksum [cmhglo], writtenBy [5.4.0]], local [name [_0.cfe], length [497], checksum [1owcw87], writtenBy [5.4.0]]
[2016-03-30 13:54:51,098][TRACE][org.elasticsearch.indices.recovery] [node_s1] [test][8] recovery [phase1] to {node_s0}{BJ9-d_yQSQGaUwf4YELEXg}{local}{local[26]}[mode=>local]: recovering [_0.si], exists in local store, but is different: remote [name [_0.si], length [361], checksum [e1xsek], writtenBy [5.4.0]], local [name [_0.si], length [361], checksum [61ooj0], writtenBy [5.4.0]]
[2016-03-30 13:54:51,098][TRACE][org.elasticsearch.indices.recovery] [node_s1] [test][8] recovery [phase1] to {node_s0}{BJ9-d_yQSQGaUwf4YELEXg}{local}{local[26]}[mode=>local]: recovering [_0.cfs], exists in local store, but is different: remote [name [_0.cfs], length [6554], checksum [jp5a4r], writtenBy [5.4.0]], local [name [_0.cfs], length [5991], checksum [1atusme], writtenBy [5.4.0]]
[2016-03-30 13:54:51,098][TRACE][org.elasticsearch.indices.recovery] [node_s1] [test][8] recovery [phase1] to {node_s0}{BJ9-d_yQSQGaUwf4YELEXg}{local}{local[26]}[mode=>local]: recovering [_1.cfs], exists in local store, but is different: remote [name [_1.cfs], length [3358], checksum [zoqhz2], writtenBy [5.4.0]], local [name [_1.cfs], length [2679], checksum [157jdhz], writtenBy [5.4.0]]
[2016-03-30 13:54:51,098][TRACE][org.elasticsearch.indices.recovery] [node_s1] [test][8] recovery [phase1] to {node_s0}{BJ9-d_yQSQGaUwf4YELEXg}{local}{local[26]}[mode=>local]: recovering [_1.cfe], exists in local store, but is different: remote [name [_1.cfe], length [497], checksum [1cv8bqe], writtenBy [5.4.0]], local [name [_1.cfe], length [497], checksum [1qc1vpo], writtenBy [5.4.0]]
[2016-03-30 13:54:51,098][TRACE][org.elasticsearch.indices.recovery] [node_s1] [test][8] recovery [phase1] to {node_s0}{BJ9-d_yQSQGaUwf4YELEXg}{local}{local[26]}[mode=>local]: recovering [_1.si], exists in local store, but is different: remote [name [_1.si], length [361], checksum [4mpg8u], writtenBy [5.4.0]], local [name [_1.si], length [361], checksum [1pfd3f1], writtenBy [5.4.0]]
[2016-03-30 13:54:51,098][TRACE][org.elasticsearch.indices.recovery] [node_s1] [test][8] recovery [phase1] to {node_s0}{BJ9-d_yQSQGaUwf4YELEXg}{local}{local[26]}[mode=>local]: recovering [_2.si], exists in local store, but is different: remote [name [_2.si], length [361], checksum [10zyhhj], writtenBy [5.4.0]], local [name [_2.si], length [361], checksum [1etzl8l], writtenBy [5.4.0]]
[2016-03-30 13:54:51,098][TRACE][org.elasticsearch.indices.recovery] [node_s1] [test][8] recovery [phase1] to {node_s0}{BJ9-d_yQSQGaUwf4YELEXg}{local}{local[26]}[mode=>local]: recovering [_2.cfe], exists in local store, but is different: remote [name [_2.cfe], length [497], checksum [hva3f1], writtenBy [5.4.0]], local [name [_2.cfe], length [497], checksum [804hj5], writtenBy [5.4.0]]
[2016-03-30 13:54:51,099][TRACE][org.elasticsearch.indices.recovery] [node_s1] [test][8] recovery [phase1] to {node_s0}{BJ9-d_yQSQGaUwf4YELEXg}{local}{local[26]}[mode=>local]: recovering [_2.cfs], exists in local store, but is different: remote [name [_2.cfs], length [3899], checksum [l884zt], writtenBy [5.4.0]], local [name [_2.cfs], length [4723], checksum [7oxaii], writtenBy [5.4.0]]
[2016-03-30 13:54:51,099][TRACE][org.elasticsearch.indices.recovery] [node_s1] [test][8] recovery [phase1] to {node_s0}{BJ9-d_yQSQGaUwf4YELEXg}{local}{local[26]}[mode=>local]: recovering [segments_3], does not exists in remote
[2016-03-30 13:54:51,099][TRACE][org.elasticsearch.indices.recovery] [node_s1] [test][8] recovery [phase1] to {node_s0}{BJ9-d_yQSQGaUwf4YELEXg}{local}{local[26]}[mode=>local]: recovering_files [10] with total_size [15.9kb], reusing_files [0] with total_size [0b]
[2016-03-30 13:54:51,126][DEBUG][org.elasticsearch.indices.cluster] [node_s0] [test][1] creating shard
[2016-03-30 13:54:51,151][TRACE][org.elasticsearch.indices.recovery] [node_s0] [test][1] started recovery from {node_s1}{h_TATuVsQJmOGBLmAASslA}{local}{local[27]}[mode=>local], id [56]
[2016-03-30 13:54:51,152][TRACE][org.elasticsearch.indices.cluster] [node_s0] ignoring recovery instruction for an existing shard [test][8] (shard state: [RECOVERING])
[2016-03-30 13:54:51,152][TRACE][org.elasticsearch.indices.recovery] [node_s0] collecting local files for [test][1] [56]
[2016-03-30 13:54:51,160][TRACE][org.elasticsearch.indices.recovery] [node_s0] [test][1] starting recovery from {node_s1}{h_TATuVsQJmOGBLmAASslA}{local}{local[27]}[mode=>local]
[2016-03-30 13:54:51,161][TRACE][org.elasticsearch.indices.recovery] [node_s1] [test][1] starting recovery to {node_s0}{BJ9-d_yQSQGaUwf4YELEXg}{local}{local[26]}[mode=>local], mark_as_relocated false
[2016-03-30 13:54:51,162][TRACE][org.elasticsearch.indices.recovery] [node_s1] captured translog id [4] for recovery
[2016-03-30 13:54:51,166][TRACE][org.elasticsearch.indices.cluster] [node_s1] ignoring recovery instruction for an existing shard [test][0] (shard state: [RECOVERING])
[2016-03-30 13:54:51,167][TRACE][org.elasticsearch.indices] [node_s1] [test][0] warming [ElasticsearchDirectoryReader(FilterLeafReader(_0(5.4.0):c137))]
[2016-03-30 13:54:51,167][TRACE][org.elasticsearch.indices] [node_s1] [test][0] top warming [ElasticsearchDirectoryReader(FilterLeafReader(_0(5.4.0):c137))]
[2016-03-30 13:54:51,169][TRACE][org.elasticsearch.indices.cluster] [node_s0] ignoring recovery instruction for an existing shard [test][1] (shard state: [RECOVERING])
[2016-03-30 13:54:51,169][TRACE][org.elasticsearch.indices.cluster] [node_s0] ignoring recovery instruction for an existing shard [test][8] (shard state: [RECOVERING])
[2016-03-30 13:54:51,194][TRACE][org.elasticsearch.indices.cluster] [node_s0] ignoring recovery instruction for an existing shard [test][1] (shard state: [RECOVERING])
[2016-03-30 13:54:51,194][TRACE][org.elasticsearch.indices.cluster] [node_s0] ignoring recovery instruction for an existing shard [test][8] (shard state: [RECOVERING])
[2016-03-30 13:54:51,204][TRACE][org.elasticsearch.indices.recovery] [node_s1] [test][1] recovery [phase1] to {node_s0}{BJ9-d_yQSQGaUwf4YELEXg}{local}{local[26]}[mode=>local]: recovering [_0.cfe], exists in local store, but is different: remote [name [_0.cfe], length [497], checksum [zovohh], writtenBy [5.4.0]], local [name [_0.cfe], length [497], checksum [qmzpfw], writtenBy [5.4.0]]
[2016-03-30 13:54:51,204][TRACE][org.elasticsearch.indices.recovery] [node_s1] [test][1] recovery [phase1] to {node_s0}{BJ9-d_yQSQGaUwf4YELEXg}{local}{local[26]}[mode=>local]: recovering [_0.si], exists in local store, but is different: remote [name [_0.si], length [361], checksum [48wcbh], writtenBy [5.4.0]], local [name [_0.si], length [361], checksum [1u0zdon], writtenBy [5.4.0]]
[2016-03-30 13:54:51,204][TRACE][org.elasticsearch.indices.recovery] [node_s1] [test][1] recovery [phase1] to {node_s0}{BJ9-d_yQSQGaUwf4YELEXg}{local}{local[26]}[mode=>local]: recovering [_0.cfs], exists in local store, but is different: remote [name [_0.cfs], length [2516], checksum [1ccz3ii], writtenBy [5.4.0]], local [name [_0.cfs], length [2516], checksum [lrtn5n], writtenBy [5.4.0]]
[2016-03-30 13:54:51,204][TRACE][org.elasticsearch.indices.recovery] [node_s1] [test][1] recovery [phase1] to {node_s0}{BJ9-d_yQSQGaUwf4YELEXg}{local}{local[26]}[mode=>local]: recovering [_1.cfs], does not exists in remote
[2016-03-30 13:54:51,204][TRACE][org.elasticsearch.indices.recovery] [node_s1] [test][1] recovery [phase1] to {node_s0}{BJ9-d_yQSQGaUwf4YELEXg}{local}{local[26]}[mode=>local]: recovering [_1.cfe], does not exists in remote
[2016-03-30 13:54:51,204][TRACE][org.elasticsearch.indices.recovery] [node_s1] [test][1] recovery [phase1] to {node_s0}{BJ9-d_yQSQGaUwf4YELEXg}{local}{local[26]}[mode=>local]: recovering [_1.si], does not exists in remote
[2016-03-30 13:54:51,204][TRACE][org.elasticsearch.indices.recovery] [node_s1] [test][1] recovery [phase1] to {node_s0}{BJ9-d_yQSQGaUwf4YELEXg}{local}{local[26]}[mode=>local]: recovering [segments_4], does not exists in remote
[2016-03-30 13:54:51,205][TRACE][org.elasticsearch.indices.recovery] [node_s1] [test][1] recovery [phase1] to {node_s0}{BJ9-d_yQSQGaUwf4YELEXg}{local}{local[26]}[mode=>local]: recovering_files [7] with total_size [13.7kb], reusing_files [0] with total_size [0b]
[2016-03-30 13:54:51,234][TRACE][org.elasticsearch.indices.breaker] [node_s3] parent circuit breaker with settings [parent,type=PARENT,limit=360395571/343.6mb,overhead=1.0]
[2016-03-30 13:54:51,235][TRACE][org.elasticsearch.indices.breaker.request] creating ChildCircuitBreaker with settings [request,type=MEMORY,limit=205940326/196.3mb,overhead=1.0]
[2016-03-30 13:54:51,235][TRACE][org.elasticsearch.indices.breaker.fielddata] creating ChildCircuitBreaker with settings [fielddata,type=MEMORY,limit=308910489/294.5mb,overhead=1.03]
[2016-03-30 13:54:51,241][DEBUG][org.elasticsearch.indices.cache.query] [node_s3] using [node] query cache with size [10%], actual_size [49mb], max filter count [1000]
[2016-03-30 13:54:51,244][DEBUG][org.elasticsearch.indices.fielddata.cache] [node_s3] using size [-1] [-1b]
[2016-03-30 13:54:51,267][DEBUG][org.elasticsearch.indices.recovery] [node_s3] using max_bytes_per_sec[89mb], concurrent_streams [6], file_chunk_size [512kb], translog_size [512kb], translog_ops [1000], and compress [true]
[2016-03-30 13:54:51,268][DEBUG][org.elasticsearch.indices.memory] [node_s3] using indexing buffer size [49mb], with indices.memory.min_shard_index_buffer_size [4mb], indices.memory.max_shard_index_buffer_size [512mb], indices.memory.interval [30s]
[2016-03-30 13:54:51,325][TRACE][org.elasticsearch.indices.cluster] [node_s0] ignoring recovery instruction for an existing shard [test][1] (shard state: [RECOVERING])
[2016-03-30 13:54:51,325][TRACE][org.elasticsearch.indices.cluster] [node_s0] ignoring recovery instruction for an existing shard [test][8] (shard state: [RECOVERING])
[2016-03-30 13:54:51,327][TRACE][org.elasticsearch.indices.store] [node_s3] listing store meta data for [test][1]
[2016-03-30 13:54:51,328][TRACE][org.elasticsearch.indices.store] [node_s3] listing store meta data for [test][8]
[2016-03-30 13:54:51,328][TRACE][org.elasticsearch.indices.store] [node_s0] listing store meta data for [test][0]
[2016-03-30 13:54:51,328][TRACE][org.elasticsearch.indices.store] [node_s1] listing store meta data for [test][0]
[2016-03-30 13:54:51,329][TRACE][org.elasticsearch.indices.store] [node_s3] listing store meta data for [test][0]
[2016-03-30 13:54:51,329][TRACE][org.elasticsearch.indices.store] [node_s0] found state file: [id:1, legacy:false, file:/Users/brijeshs/Documents/elasticsearch_sort_netbeans/elasticsearch/core/build/testrun/integTest/J1/temp/org.elasticsearch.indices.flush.FlushIT_F7928424F380CF7C-001/tempDir-001/data/SUITE-CHILD_VM=[1]-CLUSTER_SEED=[4002021444443819046]-HASH=[462546CEAD50E]-cluster/nodes/0/indices/test/0/_state/state-1.st]
[2016-03-30 13:54:51,329][TRACE][org.elasticsearch.indices.store] [node_s3] found state file: [id:2, legacy:false, file:/Users/brijeshs/Documents/elasticsearch_sort_netbeans/elasticsearch/core/build/testrun/integTest/J1/temp/org.elasticsearch.indices.flush.FlushIT_F7928424F380CF7C-001/tempDir-001/data/SUITE-CHILD_VM=[1]-CLUSTER_SEED=[4002021444443819046]-HASH=[462546CEAD50E]-cluster/nodes/2/indices/test/8/_state/state-2.st]
[2016-03-30 13:54:51,329][TRACE][org.elasticsearch.indices.store] [node_s3] found state file: [id:2, legacy:false, file:/Users/brijeshs/Documents/elasticsearch_sort_netbeans/elasticsearch/core/build/testrun/integTest/J1/temp/org.elasticsearch.indices.flush.FlushIT_F7928424F380CF7C-001/tempDir-001/data/SUITE-CHILD_VM=[1]-CLUSTER_SEED=[4002021444443819046]-HASH=[462546CEAD50E]-cluster/nodes/2/indices/test/1/_state/state-2.st]
[2016-03-30 13:54:51,330][TRACE][org.elasticsearch.indices.store] [node_s3] found state file: [id:6, legacy:false, file:/Users/brijeshs/Documents/elasticsearch_sort_netbeans/elasticsearch/core/build/testrun/integTest/J1/temp/org.elasticsearch.indices.flush.FlushIT_F7928424F380CF7C-001/tempDir-001/data/SUITE-CHILD_VM=[1]-CLUSTER_SEED=[4002021444443819046]-HASH=[462546CEAD50E]-cluster/nodes/2/indices/test/0/_state/state-6.st]
[2016-03-30 13:54:51,331][TRACE][org.elasticsearch.indices.store] [node_s0] state id [1] read from [state-1.st]
[2016-03-30 13:54:51,331][TRACE][org.elasticsearch.indices.store] [node_s3] state id [2] read from [state-2.st]
[2016-03-30 13:54:51,331][DEBUG][org.elasticsearch.indices.store] [node_s0] [test][0] loaded data path [/Users/brijeshs/Documents/elasticsearch_sort_netbeans/elasticsearch/core/build/testrun/integTest/J1/temp/org.elasticsearch.indices.flush.FlushIT_F7928424F380CF7C-001/tempDir-001/data/SUITE-CHILD_VM=[1]-CLUSTER_SEED=[4002021444443819046]-HASH=[462546CEAD50E]-cluster/nodes/0/indices/test/0], state path [/Users/brijeshs/Documents/elasticsearch_sort_netbeans/elasticsearch/core/build/testrun/integTest/J1/temp/org.elasticsearch.indices.flush.FlushIT_F7928424F380CF7C-001/tempDir-001/data/SUITE-CHILD_VM=[1]-CLUSTER_SEED=[4002021444443819046]-HASH=[462546CEAD50E]-cluster/nodes/0/indices/test/0]
[2016-03-30 13:54:51,331][DEBUG][org.elasticsearch.indices.store] [node_s3] [test][8] loaded data path [/Users/brijeshs/Documents/elasticsearch_sort_netbeans/elasticsearch/core/build/testrun/integTest/J1/temp/org.elasticsearch.indices.flush.FlushIT_F7928424F380CF7C-001/tempDir-001/data/SUITE-CHILD_VM=[1]-CLUSTER_SEED=[4002021444443819046]-HASH=[462546CEAD50E]-cluster/nodes/2/indices/test/8], state path [/Users/brijeshs/Documents/elasticsearch_sort_netbeans/elasticsearch/core/build/testrun/integTest/J1/temp/org.elasticsearch.indices.flush.FlushIT_F7928424F380CF7C-001/tempDir-001/data/SUITE-CHILD_VM=[1]-CLUSTER_SEED=[4002021444443819046]-HASH=[462546CEAD50E]-cluster/nodes/2/indices/test/8]
[2016-03-30 13:54:51,331][TRACE][org.elasticsearch.indices.store] [node_s3] state id [2] read from [state-2.st]
[2016-03-30 13:54:51,333][DEBUG][org.elasticsearch.indices.store] [node_s3] [test][1] loaded data path [/Users/brijeshs/Documents/elasticsearch_sort_netbeans/elasticsearch/core/build/testrun/integTest/J1/temp/org.elasticsearch.indices.flush.FlushIT_F7928424F380CF7C-001/tempDir-001/data/SUITE-CHILD_VM=[1]-CLUSTER_SEED=[4002021444443819046]-HASH=[462546CEAD50E]-cluster/nodes/2/indices/test/1], state path [/Users/brijeshs/Documents/elasticsearch_sort_netbeans/elasticsearch/core/build/testrun/integTest/J1/temp/org.elasticsearch.indices.flush.FlushIT_F7928424F380CF7C-001/tempDir-001/data/SUITE-CHILD_VM=[1]-CLUSTER_SEED=[4002021444443819046]-HASH=[462546CEAD50E]-cluster/nodes/2/indices/test/1]
[2016-03-30 13:54:51,334][TRACE][org.elasticsearch.indices.store] [node_s3] listing store meta data for [test][2]
[2016-03-30 13:54:51,346][TRACE][org.elasticsearch.indices.store] [node_s3] state id [6] read from [state-6.st]
[2016-03-30 13:54:51,352][DEBUG][org.elasticsearch.indices.store] [node_s3] [test][0] loaded data path [/Users/brijeshs/Documents/elasticsearch_sort_netbeans/elasticsearch/core/build/testrun/integTest/J1/temp/org.elasticsearch.indices.flush.FlushIT_F7928424F380CF7C-001/tempDir-001/data/SUITE-CHILD_VM=[1]-CLUSTER_SEED=[4002021444443819046]-HASH=[462546CEAD50E]-cluster/nodes/2/indices/test/0], state path [/Users/brijeshs/Documents/elasticsearch_sort_netbeans/elasticsearch/core/build/testrun/integTest/J1/temp/org.elasticsearch.indices.flush.FlushIT_F7928424F380CF7C-001/tempDir-001/data/SUITE-CHILD_VM=[1]-CLUSTER_SEED=[4002021444443819046]-HASH=[462546CEAD50E]-cluster/nodes/2/indices/test/0]
[2016-03-30 13:54:51,353][TRACE][org.elasticsearch.indices.store] [node_s3] found state file: [id:2, legacy:false, file:/Users/brijeshs/Documents/elasticsearch_sort_netbeans/elasticsearch/core/build/testrun/integTest/J1/temp/org.elasticsearch.indices.flush.FlushIT_F7928424F380CF7C-001/tempDir-001/data/SUITE-CHILD_VM=[1]-CLUSTER_SEED=[4002021444443819046]-HASH=[462546CEAD50E]-cluster/nodes/2/indices/test/2/_state/state-2.st]
[2016-03-30 13:54:51,354][TRACE][org.elasticsearch.indices.store] [node_s0] [test][0] didn't find any store meta data to load (took [26.6ms])
[2016-03-30 13:54:51,357][TRACE][org.elasticsearch.indices.store] [node_s3] state id [2] read from [state-2.st]
[2016-03-30 13:54:51,357][DEBUG][org.elasticsearch.indices.store] [node_s3] [test][2] loaded data path [/Users/brijeshs/Documents/elasticsearch_sort_netbeans/elasticsearch/core/build/testrun/integTest/J1/temp/org.elasticsearch.indices.flush.FlushIT_F7928424F380CF7C-001/tempDir-001/data/SUITE-CHILD_VM=[1]-CLUSTER_SEED=[4002021444443819046]-HASH=[462546CEAD50E]-cluster/nodes/2/indices/test/2], state path [/Users/brijeshs/Documents/elasticsearch_sort_netbeans/elasticsearch/core/build/testrun/integTest/J1/temp/org.elasticsearch.indices.flush.FlushIT_F7928424F380CF7C-001/tempDir-001/data/SUITE-CHILD_VM=[1]-CLUSTER_SEED=[4002021444443819046]-HASH=[462546CEAD50E]-cluster/nodes/2/indices/test/2]
[2016-03-30 13:54:51,362][TRACE][org.elasticsearch.indices.store] [node_s3] [test][0] didn't find any store meta data to load (took [33.5ms])
[2016-03-30 13:54:51,362][TRACE][org.elasticsearch.indices.store] [node_s3] listing store meta data for [test][5]
[2016-03-30 13:54:51,364][TRACE][org.elasticsearch.indices.store] [node_s3] [test][1] didn't find any store meta data to load (took [36.5ms])
[2016-03-30 13:54:51,368][TRACE][org.elasticsearch.indices.store] [node_s3] listing store meta data for [test][7]
[2016-03-30 13:54:51,368][TRACE][org.elasticsearch.indices.store] [node_s3] found state file: [id:4, legacy:false, file:/Users/brijeshs/Documents/elasticsearch_sort_netbeans/elasticsearch/core/build/testrun/integTest/J1/temp/org.elasticsearch.indices.flush.FlushIT_F7928424F380CF7C-001/tempDir-001/data/SUITE-CHILD_VM=[1]-CLUSTER_SEED=[4002021444443819046]-HASH=[462546CEAD50E]-cluster/nodes/2/indices/test/5/_state/state-4.st]
[2016-03-30 13:54:51,369][DEBUG][org.elasticsearch.indices.store] [node_s1] [test][0] loaded store meta data (took [40.6ms])
[2016-03-30 13:54:51,370][TRACE][org.elasticsearch.indices.store] [node_s3] found state file: [id:2, legacy:false, file:/Users/brijeshs/Documents/elasticsearch_sort_netbeans/elasticsearch/core/build/testrun/integTest/J1/temp/org.elasticsearch.indices.flush.FlushIT_F7928424F380CF7C-001/tempDir-001/data/SUITE-CHILD_VM=[1]-CLUSTER_SEED=[4002021444443819046]-HASH=[462546CEAD50E]-cluster/nodes/2/indices/test/7/_state/state-2.st]
[2016-03-30 13:54:51,370][TRACE][org.elasticsearch.indices.store] [node_s3] [test][2] didn't find any store meta data to load (took [24.7ms])
[2016-03-30 13:54:51,370][TRACE][org.elasticsearch.indices.store] [node_s3] listing store meta data for [test][6]
[2016-03-30 13:54:51,371][TRACE][org.elasticsearch.indices.store] [node_s3] state id [4] read from [state-4.st]
[2016-03-30 13:54:51,371][DEBUG][org.elasticsearch.indices.store] [node_s3] [test][5] loaded data path [/Users/brijeshs/Documents/elasticsearch_sort_netbeans/elasticsearch/core/build/testrun/integTest/J1/temp/org.elasticsearch.indices.flush.FlushIT_F7928424F380CF7C-001/tempDir-001/data/SUITE-CHILD_VM=[1]-CLUSTER_SEED=[4002021444443819046]-HASH=[462546CEAD50E]-cluster/nodes/2/indices/test/5], state path [/Users/brijeshs/Documents/elasticsearch_sort_netbeans/elasticsearch/core/build/testrun/integTest/J1/temp/org.elasticsearch.indices.flush.FlushIT_F7928424F380CF7C-001/tempDir-001/data/SUITE-CHILD_VM=[1]-CLUSTER_SEED=[4002021444443819046]-HASH=[462546CEAD50E]-cluster/nodes/2/indices/test/5]
[2016-03-30 13:54:51,371][TRACE][org.elasticsearch.indices.store] [node_s3] [test][8] didn't find any store meta data to load (took [43.5ms])
[2016-03-30 13:54:51,371][TRACE][org.elasticsearch.indices.store] [node_s3] listing store meta data for [test][9]
[2016-03-30 13:54:51,372][TRACE][org.elasticsearch.indices.store] [node_s3] found state file: [id:5, legacy:false, file:/Users/brijeshs/Documents/elasticsearch_sort_netbeans/elasticsearch/core/build/testrun/integTest/J1/temp/org.elasticsearch.indices.flush.FlushIT_F7928424F380CF7C-001/tempDir-001/data/SUITE-CHILD_VM=[1]-CLUSTER_SEED=[4002021444443819046]-HASH=[462546CEAD50E]-cluster/nodes/2/indices/test/6/_state/state-5.st]
[2016-03-30 13:54:51,381][TRACE][org.elasticsearch.indices.store] [node_s3] state id [2] read from [state-2.st]
[2016-03-30 13:54:51,381][DEBUG][org.elasticsearch.indices.store] [node_s3] [test][7] loaded data path [/Users/brijeshs/Documents/elasticsearch_sort_netbeans/elasticsearch/core/build/testrun/integTest/J1/temp/org.elasticsearch.indices.flush.FlushIT_F7928424F380CF7C-001/tempDir-001/data/SUITE-CHILD_VM=[1]-CLUSTER_SEED=[4002021444443819046]-HASH=[462546CEAD50E]-cluster/nodes/2/indices/test/7], state path [/Users/brijeshs/Documents/elasticsearch_sort_netbeans/elasticsearch/core/build/testrun/integTest/J1/temp/org.elasticsearch.indices.flush.FlushIT_F7928424F380CF7C-001/tempDir-001/data/SUITE-CHILD_VM=[1]-CLUSTER_SEED=[4002021444443819046]-HASH=[462546CEAD50E]-cluster/nodes/2/indices/test/7]
[2016-03-30 13:54:51,382][TRACE][org.elasticsearch.indices.store] [node_s3] found state file: [id:6, legacy:false, file:/Users/brijeshs/Documents/elasticsearch_sort_netbeans/elasticsearch/core/build/testrun/integTest/J1/temp/org.elasticsearch.indices.flush.FlushIT_F7928424F380CF7C-001/tempDir-001/data/SUITE-CHILD_VM=[1]-CLUSTER_SEED=[4002021444443819046]-HASH=[462546CEAD50E]-cluster/nodes/2/indices/test/9/_state/state-6.st]
[2016-03-30 13:54:51,382][TRACE][org.elasticsearch.indices.store] [node_s3] state id [5] read from [state-5.st]
[2016-03-30 13:54:51,386][DEBUG][org.elasticsearch.indices.store] [node_s3] [test][6] loaded data path [/Users/brijeshs/Documents/elasticsearch_sort_netbeans/elasticsearch/core/build/testrun/integTest/J1/temp/org.elasticsearch.indices.flush.FlushIT_F7928424F380CF7C-001/tempDir-001/data/SUITE-CHILD_VM=[1]-CLUSTER_SEED=[4002021444443819046]-HASH=[462546CEAD50E]-cluster/nodes/2/indices/test/6], state path [/Users/brijeshs/Documents/elasticsearch_sort_netbeans/elasticsearch/core/build/testrun/integTest/J1/temp/org.elasticsearch.indices.flush.FlushIT_F7928424F380CF7C-001/tempDir-001/data/SUITE-CHILD_VM=[1]-CLUSTER_SEED=[4002021444443819046]-HASH=[462546CEAD50E]-cluster/nodes/2/indices/test/6]
[2016-03-30 13:54:51,387][DEBUG][org.elasticsearch.indices.cluster] [node_s3] [test] creating index
[2016-03-30 13:54:51,388][DEBUG][org.elasticsearch.indices] [node_s3] creating Index [test], shards [10]/[2]
[2016-03-30 13:54:51,389][TRACE][org.elasticsearch.indices.store] [node_s3] state id [6] read from [state-6.st]
[2016-03-30 13:54:51,390][DEBUG][org.elasticsearch.indices.store] [node_s3] [test][9] loaded data path [/Users/brijeshs/Documents/elasticsearch_sort_netbeans/elasticsearch/core/build/testrun/integTest/J1/temp/org.elasticsearch.indices.flush.FlushIT_F7928424F380CF7C-001/tempDir-001/data/SUITE-CHILD_VM=[1]-CLUSTER_SEED=[4002021444443819046]-HASH=[462546CEAD50E]-cluster/nodes/2/indices/test/9], state path [/Users/brijeshs/Documents/elasticsearch_sort_netbeans/elasticsearch/core/build/testrun/integTest/J1/temp/org.elasticsearch.indices.flush.FlushIT_F7928424F380CF7C-001/tempDir-001/data/SUITE-CHILD_VM=[1]-CLUSTER_SEED=[4002021444443819046]-HASH=[462546CEAD50E]-cluster/nodes/2/indices/test/9]
[2016-03-30 13:54:51,391][DEBUG][org.elasticsearch.indices.cluster] [node_s3] [test] adding mapping [_default_], source [{"_default_":{"_timestamp":{"enabled":true},"dynamic_templates":[{"template-strings":{"mapping":{"fielddata":{"loading":"lazy"}},"match_mapping_type":"string"}},{"template-longs":{"mapping":{"fielddata":{"loading":"lazy"}},"match_mapping_type":"long"}},{"template-doubles":{"mapping":{"fielddata":{"loading":"eager"}},"match_mapping_type":"double"}},{"template-geo_points":{"mapping":{"fielddata":{"loading":"lazy"}},"match_mapping_type":"geo_point"}},{"template-booleans":{"mapping":{"fielddata":{"loading":"lazy"}},"match_mapping_type":"boolean"}}]}}]
[2016-03-30 13:54:51,391][TRACE][org.elasticsearch.indices.store] [node_s3] [test][5] didn't find any store meta data to load (took [28.6ms])
[2016-03-30 13:54:51,392][TRACE][org.elasticsearch.indices.store] [node_s3] listing store meta data for [test][3]
[2016-03-30 13:54:51,394][TRACE][org.elasticsearch.indices.store] [node_s3] found state file: [id:6, legacy:false, file:/Users/brijeshs/Documents/elasticsearch_sort_netbeans/elasticsearch/core/build/testrun/integTest/J1/temp/org.elasticsearch.indices.flush.FlushIT_F7928424F380CF7C-001/tempDir-001/data/SUITE-CHILD_VM=[1]-CLUSTER_SEED=[4002021444443819046]-HASH=[462546CEAD50E]-cluster/nodes/2/indices/test/3/_state/state-6.st]
[2016-03-30 13:54:51,395][DEBUG][org.elasticsearch.indices.cluster] [node_s3] [test] adding mapping [doc], source [{"doc":{"_timestamp":{"enabled":true},"dynamic_templates":[{"template-strings":{"mapping":{"fielddata":{"loading":"lazy"}},"match_mapping_type":"string"}},{"template-longs":{"mapping":{"fielddata":{"loading":"lazy"}},"match_mapping_type":"long"}},{"template-doubles":{"mapping":{"fielddata":{"loading":"eager"}},"match_mapping_type":"double"}},{"template-geo_points":{"mapping":{"fielddata":{"loading":"lazy"}},"match_mapping_type":"geo_point"}},{"template-booleans":{"mapping":{"fielddata":{"loading":"lazy"}},"match_mapping_type":"boolean"}}]}}]
[2016-03-30 13:54:51,398][TRACE][org.elasticsearch.indices.store] [node_s3] state id [6] read from [state-6.st]
[2016-03-30 13:54:51,398][DEBUG][org.elasticsearch.indices.store] [node_s3] [test][3] loaded data path [/Users/brijeshs/Documents/elasticsearch_sort_netbeans/elasticsearch/core/build/testrun/integTest/J1/temp/org.elasticsearch.indices.flush.FlushIT_F7928424F380CF7C-001/tempDir-001/data/SUITE-CHILD_VM=[1]-CLUSTER_SEED=[4002021444443819046]-HASH=[462546CEAD50E]-cluster/nodes/2/indices/test/3], state path [/Users/brijeshs/Documents/elasticsearch_sort_netbeans/elasticsearch/core/build/testrun/integTest/J1/temp/org.elasticsearch.indices.flush.FlushIT_F7928424F380CF7C-001/tempDir-001/data/SUITE-CHILD_VM=[1]-CLUSTER_SEED=[4002021444443819046]-HASH=[462546CEAD50E]-cluster/nodes/2/indices/test/3]
[2016-03-30 13:54:51,398][DEBUG][org.elasticsearch.indices.cluster] [node_s3] [test][1] creating shard
[2016-03-30 13:54:51,409][TRACE][org.elasticsearch.indices.store] [node_s3] [test][3] didn't find any store meta data to load (took [15.9ms])
[2016-03-30 13:54:51,409][TRACE][org.elasticsearch.indices.store] [node_s3] listing store meta data for [test][4]
[2016-03-30 13:54:51,411][TRACE][org.elasticsearch.indices.store] [node_s3] found state file: [id:4, legacy:false, file:/Users/brijeshs/Documents/elasticsearch_sort_netbeans/elasticsearch/core/build/testrun/integTest/J1/temp/org.elasticsearch.indices.flush.FlushIT_F7928424F380CF7C-001/tempDir-001/data/SUITE-CHILD_VM=[1]-CLUSTER_SEED=[4002021444443819046]-HASH=[462546CEAD50E]-cluster/nodes/2/indices/test/4/_state/state-4.st]
[2016-03-30 13:54:51,411][TRACE][org.elasticsearch.indices.store] [node_s3] [test][9] didn't find any store meta data to load (took [39.6ms])
[2016-03-30 13:54:51,411][TRACE][org.elasticsearch.indices.store] [node_s3] [test][6] didn't find any store meta data to load (took [40.8ms])
[2016-03-30 13:54:51,411][TRACE][org.elasticsearch.indices.store] [node_s3] [test][7] didn't find any store meta data to load (took [42.7ms])
[2016-03-30 13:54:51,413][TRACE][org.elasticsearch.indices.store] [node_s3] state id [4] read from [state-4.st]
[2016-03-30 13:54:51,413][DEBUG][org.elasticsearch.indices.store] [node_s3] [test][4] loaded data path [/Users/brijeshs/Documents/elasticsearch_sort_netbeans/elasticsearch/core/build/testrun/integTest/J1/temp/org.elasticsearch.indices.flush.FlushIT_F7928424F380CF7C-001/tempDir-001/data/SUITE-CHILD_VM=[1]-CLUSTER_SEED=[4002021444443819046]-HASH=[462546CEAD50E]-cluster/nodes/2/indices/test/4], state path [/Users/brijeshs/Documents/elasticsearch_sort_netbeans/elasticsearch/core/build/testrun/integTest/J1/temp/org.elasticsearch.indices.flush.FlushIT_F7928424F380CF7C-001/tempDir-001/data/SUITE-CHILD_VM=[1]-CLUSTER_SEED=[4002021444443819046]-HASH=[462546CEAD50E]-cluster/nodes/2/indices/test/4]
[2016-03-30 13:54:51,433][TRACE][org.elasticsearch.indices.store] [node_s3] [test][4] didn't find any store meta data to load (took [24ms])
[2016-03-30 13:54:51,435][TRACE][org.elasticsearch.indices.recovery] [node_s3] [test][1] started recovery from {node_s1}{h_TATuVsQJmOGBLmAASslA}{local}{local[27]}[mode=>local], id [57]
[2016-03-30 13:54:51,436][TRACE][org.elasticsearch.indices.recovery] [node_s3] collecting local files for [test][1] [57]
[2016-03-30 13:54:51,436][DEBUG][org.elasticsearch.indices.cluster] [node_s3] [test][0] creating shard
[2016-03-30 13:54:51,452][TRACE][org.elasticsearch.indices.recovery] [node_s3] [test][0] started recovery from {node_s1}{h_TATuVsQJmOGBLmAASslA}{local}{local[27]}[mode=>local], id [58]
[2016-03-30 13:54:51,453][TRACE][org.elasticsearch.indices.recovery] [node_s3] collecting local files for [test][0] [58]
[2016-03-30 13:54:51,454][TRACE][org.elasticsearch.indices.cluster] [node_s0] ignoring recovery instruction for an existing shard [test][1] (shard state: [RECOVERING])
[2016-03-30 13:54:51,454][TRACE][org.elasticsearch.indices.cluster] [node_s0] ignoring recovery instruction for an existing shard [test][8] (shard state: [RECOVERING])
[2016-03-30 13:54:51,465][TRACE][org.elasticsearch.indices.recovery] [node_s3] [test][1] starting recovery from {node_s1}{h_TATuVsQJmOGBLmAASslA}{local}{local[27]}[mode=>local]
[2016-03-30 13:54:51,466][TRACE][org.elasticsearch.indices.recovery] [node_s1] [test][1] starting recovery to {node_s3}{VqTygZxOSJ6BKKH5T2KR8A}{local}{local[29]}[mode=>local], mark_as_relocated false
[2016-03-30 13:54:51,466][TRACE][org.elasticsearch.indices.recovery] [node_s1] captured translog id [4] for recovery
[2016-03-30 13:54:51,487][TRACE][org.elasticsearch.indices.recovery] [node_s3] [test][0] starting recovery from {node_s1}{h_TATuVsQJmOGBLmAASslA}{local}{local[27]}[mode=>local]
[2016-03-30 13:54:51,488][TRACE][org.elasticsearch.indices.recovery] [node_s1] [test][0] starting recovery to {node_s3}{VqTygZxOSJ6BKKH5T2KR8A}{local}{local[29]}[mode=>local], mark_as_relocated false
[2016-03-30 13:54:51,488][TRACE][org.elasticsearch.indices.recovery] [node_s1] captured translog id [3] for recovery
[2016-03-30 13:54:51,538][TRACE][org.elasticsearch.indices.recovery] [node_s1] [test][1] recovery [phase1] to {node_s3}{VqTygZxOSJ6BKKH5T2KR8A}{local}{local[29]}[mode=>local]: recovering [_0.cfe], exists in local store, but is different: remote [name [_0.cfe], length [497], checksum [uy67yd], writtenBy [5.4.0]], local [name [_0.cfe], length [497], checksum [qmzpfw], writtenBy [5.4.0]]
[2016-03-30 13:54:51,538][TRACE][org.elasticsearch.indices.recovery] [node_s1] [test][1] recovery [phase1] to {node_s3}{VqTygZxOSJ6BKKH5T2KR8A}{local}{local[29]}[mode=>local]: recovering [_0.si], exists in local store, but is different: remote [name [_0.si], length [361], checksum [15mng2x], writtenBy [5.4.0]], local [name [_0.si], length [361], checksum [1u0zdon], writtenBy [5.4.0]]
[2016-03-30 13:54:51,538][TRACE][org.elasticsearch.indices.recovery] [node_s1] [test][1] recovery [phase1] to {node_s3}{VqTygZxOSJ6BKKH5T2KR8A}{local}{local[29]}[mode=>local]: recovering [_0.cfs], exists in local store, but is different: remote [name [_0.cfs], length [2516], checksum [15a25f], writtenBy [5.4.0]], local [name [_0.cfs], length [2516], checksum [lrtn5n], writtenBy [5.4.0]]
[2016-03-30 13:54:51,539][TRACE][org.elasticsearch.indices.recovery] [node_s1] [test][1] recovery [phase1] to {node_s3}{VqTygZxOSJ6BKKH5T2KR8A}{local}{local[29]}[mode=>local]: recovering [_1.cfs], exists in local store, but is different: remote [name [_1.cfs], length [9568], checksum [15hmvdf], writtenBy [5.4.0]], local [name [_1.cfs], length [9568], checksum [15iufyy], writtenBy [5.4.0]]
[2016-03-30 13:54:51,539][TRACE][org.elasticsearch.indices.recovery] [node_s1] [test][1] recovery [phase1] to {node_s3}{VqTygZxOSJ6BKKH5T2KR8A}{local}{local[29]}[mode=>local]: recovering [_1.cfe], exists in local store, but is different: remote [name [_1.cfe], length [497], checksum [6po7yc], writtenBy [5.4.0]], local [name [_1.cfe], length [497], checksum [1ykj87e], writtenBy [5.4.0]]
[2016-03-30 13:54:51,539][TRACE][org.elasticsearch.indices.recovery] [node_s1] [test][1] recovery [phase1] to {node_s3}{VqTygZxOSJ6BKKH5T2KR8A}{local}{local[29]}[mode=>local]: recovering [_1.si], exists in local store, but is different: remote [name [_1.si], length [361], checksum [1badq5l], writtenBy [5.4.0]], local [name [_1.si], length [361], checksum [hcaxj5], writtenBy [5.4.0]]
[2016-03-30 13:54:51,539][TRACE][org.elasticsearch.indices.recovery] [node_s1] [test][1] recovery [phase1] to {node_s3}{VqTygZxOSJ6BKKH5T2KR8A}{local}{local[29]}[mode=>local]: recovering [segments_4], exists in local store, but is different: remote [name [segments_4], length [259], checksum [au77t5], writtenBy [5.4.0]], local [name [segments_4], length [259], checksum [11sbz5], writtenBy [5.4.0]]
[2016-03-30 13:54:51,539][TRACE][org.elasticsearch.indices.recovery] [node_s1] [test][1] recovery [phase1] to {node_s3}{VqTygZxOSJ6BKKH5T2KR8A}{local}{local[29]}[mode=>local]: recovering_files [7] with total_size [13.7kb], reusing_files [0] with total_size [0b]
[2016-03-30 13:54:51,540][TRACE][org.elasticsearch.indices.recovery] [node_s1] [test][0] recovery [phase1] to {node_s3}{VqTygZxOSJ6BKKH5T2KR8A}{local}{local[29]}[mode=>local]: recovering [_0.cfe], exists in local store, but is different: remote [name [_0.cfe], length [497], checksum [1rwieyd], writtenBy [5.4.0]], local [name [_0.cfe], length [497], checksum [18maap8], writtenBy [5.4.0]]
[2016-03-30 13:54:51,541][TRACE][org.elasticsearch.indices.recovery] [node_s1] [test][0] recovery [phase1] to {node_s3}{VqTygZxOSJ6BKKH5T2KR8A}{local}{local[29]}[mode=>local]: recovering [_0.si], exists in local store, but is different: remote [name [_0.si], length [361], checksum [jl2n2b], writtenBy [5.4.0]], local [name [_0.si], length [361], checksum [1c1wz8f], writtenBy [5.4.0]]
[2016-03-30 13:54:51,541][TRACE][org.elasticsearch.indices.recovery] [node_s1] [test][0] recovery [phase1] to {node_s3}{VqTygZxOSJ6BKKH5T2KR8A}{local}{local[29]}[mode=>local]: recovering [_0.cfs], exists in local store, but is different: remote [name [_0.cfs], length [9377], checksum [9u8c61], writtenBy [5.4.0]], local [name [_0.cfs], length [9377], checksum [hufd4n], writtenBy [5.4.0]]
[2016-03-30 13:54:51,541][TRACE][org.elasticsearch.indices.recovery] [node_s1] [test][0] recovery [phase1] to {node_s3}{VqTygZxOSJ6BKKH5T2KR8A}{local}{local[29]}[mode=>local]: recovering [segments_3], does not exists in remote
[2016-03-30 13:54:51,541][TRACE][org.elasticsearch.indices.recovery] [node_s1] [test][0] recovery [phase1] to {node_s3}{VqTygZxOSJ6BKKH5T2KR8A}{local}{local[29]}[mode=>local]: recovering_files [4] with total_size [10.1kb], reusing_files [0] with total_size [0b]
[2016-03-30 13:54:51,595][TRACE][org.elasticsearch.indices.recovery] [node_s1] [test][1] recovery [phase1] to {node_s0}{BJ9-d_yQSQGaUwf4YELEXg}{local}{local[26]}[mode=>local]: prepare remote engine for translog
[2016-03-30 13:54:51,630][TRACE][org.elasticsearch.indices.recovery] [node_s1] [test][8] recovery [phase1] to {node_s0}{BJ9-d_yQSQGaUwf4YELEXg}{local}{local[26]}[mode=>local]: prepare remote engine for translog
[2016-03-30 13:54:51,643][TRACE][org.elasticsearch.indices] [node_s0] [test][1] warming [ElasticsearchDirectoryReader(FilterLeafReader(_0(5.4.0):c1) FilterLeafReader(_1(5.4.0):c139))]
[2016-03-30 13:54:51,644][TRACE][org.elasticsearch.indices] [node_s0] [test][1] top warming [ElasticsearchDirectoryReader(FilterLeafReader(_0(5.4.0):c1) FilterLeafReader(_1(5.4.0):c139))]
[2016-03-30 13:54:51,658][TRACE][org.elasticsearch.indices.recovery] [node_s1] [test][1] recovery [phase1] to {node_s0}{BJ9-d_yQSQGaUwf4YELEXg}{local}{local[26]}[mode=>local]: remote engine start took [63.4ms]
[2016-03-30 13:54:51,658][TRACE][org.elasticsearch.indices.recovery] [node_s1] [test][1] recovery [phase1] to {node_s0}{BJ9-d_yQSQGaUwf4YELEXg}{local}{local[26]}[mode=>local]: took [0s]
[2016-03-30 13:54:51,658][TRACE][org.elasticsearch.indices.recovery] [node_s1] snapshot translog for recovery. current size is [0]
[2016-03-30 13:54:51,658][TRACE][org.elasticsearch.indices.recovery] [node_s1] [test][1] recovery [phase2] to {node_s0}{BJ9-d_yQSQGaUwf4YELEXg}{local}{local[26]}[mode=>local]: sending transaction log operations
[2016-03-30 13:54:51,658][TRACE][org.elasticsearch.indices.recovery] [node_s1] [test][1] no translog operations to send to {node_s0}{BJ9-d_yQSQGaUwf4YELEXg}{local}{local[26]}[mode=>local]
[2016-03-30 13:54:51,659][TRACE][org.elasticsearch.indices.recovery] [node_s1] [test][1] sent final batch of [0][0b] (total: [0]) translog operations to {node_s0}{BJ9-d_yQSQGaUwf4YELEXg}{local}{local[26]}[mode=>local]
[2016-03-30 13:54:51,659][TRACE][org.elasticsearch.indices.recovery] [node_s1] [test][1] recovery [phase2] to {node_s0}{BJ9-d_yQSQGaUwf4YELEXg}{local}{local[26]}[mode=>local]: took [220.3micros]
[2016-03-30 13:54:51,659][TRACE][org.elasticsearch.indices.recovery] [node_s1] [test][1] finalizing recovery to {node_s0}{BJ9-d_yQSQGaUwf4YELEXg}{local}{local[26]}[mode=>local]
[2016-03-30 13:54:51,659][TRACE][org.elasticsearch.indices] [node_s0] [test][1] top warming [ElasticsearchDirectoryReader(FilterLeafReader(_0(5.4.0):c1) FilterLeafReader(_1(5.4.0):c139))]
[2016-03-30 13:54:51,659][TRACE][org.elasticsearch.indices.recovery] [node_s1] [test][1] finalizing recovery to {node_s0}{BJ9-d_yQSQGaUwf4YELEXg}{local}{local[26]}[mode=>local]: took [701.3micros]
[2016-03-30 13:54:51,660][TRACE][org.elasticsearch.indices.recovery] [node_s0] [test][1] marking recovery from {node_s1}{h_TATuVsQJmOGBLmAASslA}{local}{local[27]}[mode=>local] as done, id [56]
[2016-03-30 13:54:51,660][TRACE][org.elasticsearch.indices.recovery] [node_s0] [test][1] recovery completed from {node_s1}{h_TATuVsQJmOGBLmAASslA}{local}{local[27]}[mode=>local], took[508ms]
   phase1: recovered_files [7] with total_size of [13.7kb], took [0s], throttling_wait [0s]
         : reusing_files   [0] with total_size of [0b]
   phase2: start took [63ms]
         : recovered [0] transaction log operations, took [0s]

[2016-03-30 13:54:51,661][TRACE][org.elasticsearch.indices.store] [node_s0] listing store meta data for [test][1]
[2016-03-30 13:54:51,661][TRACE][org.elasticsearch.indices.store] [node_s1] listing store meta data for [test][1]
[2016-03-30 13:54:51,661][TRACE][org.elasticsearch.indices.store] [node_s3] listing store meta data for [test][1]
[2016-03-30 13:54:51,669][TRACE][org.elasticsearch.indices.cluster] [node_s3] ignoring recovery instruction for an existing shard [test][1] (shard state: [RECOVERING])
[2016-03-30 13:54:51,669][TRACE][org.elasticsearch.indices.cluster] [node_s3] ignoring recovery instruction for an existing shard [test][0] (shard state: [RECOVERING])
[2016-03-30 13:54:51,679][TRACE][org.elasticsearch.indices] [node_s0] [test][8] warming [ElasticsearchDirectoryReader(FilterLeafReader(_0(5.4.0):c58) FilterLeafReader(_1(5.4.0):c3) FilterLeafReader(_2(5.4.0):c38))]
[2016-03-30 13:54:51,679][TRACE][org.elasticsearch.indices] [node_s0] [test][8] top warming [ElasticsearchDirectoryReader(FilterLeafReader(_0(5.4.0):c58) FilterLeafReader(_1(5.4.0):c3) FilterLeafReader(_2(5.4.0):c38))]
[2016-03-30 13:54:51,688][DEBUG][org.elasticsearch.indices.store] [node_s0] [test][1] loaded store meta data (took [26.7ms])
[2016-03-30 13:54:51,690][DEBUG][org.elasticsearch.indices.store] [node_s1] [test][1] loaded store meta data (took [29.2ms])
[2016-03-30 13:54:51,691][DEBUG][org.elasticsearch.indices.store] [node_s3] [test][1] loaded store meta data (took [29.7ms])
[2016-03-30 13:54:51,694][TRACE][org.elasticsearch.indices.recovery] [node_s1] [test][0] recovery [phase1] to {node_s3}{VqTygZxOSJ6BKKH5T2KR8A}{local}{local[29]}[mode=>local]: prepare remote engine for translog
[2016-03-30 13:54:51,698][TRACE][org.elasticsearch.indices.cluster] [node_s0] ignoring recovery instruction for an existing shard [test][8] (shard state: [RECOVERING])
[2016-03-30 13:54:51,705][TRACE][org.elasticsearch.indices.recovery] [node_s1] [test][1] recovery [phase1] to {node_s3}{VqTygZxOSJ6BKKH5T2KR8A}{local}{local[29]}[mode=>local]: prepare remote engine for translog
[2016-03-30 13:54:51,707][DEBUG][org.elasticsearch.indices.cluster] [node_s0] [test][0] creating shard
[2016-03-30 13:54:51,716][TRACE][org.elasticsearch.indices.recovery] [node_s1] [test][8] recovery [phase1] to {node_s0}{BJ9-d_yQSQGaUwf4YELEXg}{local}{local[26]}[mode=>local]: remote engine start took [85ms]
[2016-03-30 13:54:51,716][TRACE][org.elasticsearch.indices.recovery] [node_s1] [test][8] recovery [phase1] to {node_s0}{BJ9-d_yQSQGaUwf4YELEXg}{local}{local[26]}[mode=>local]: took [0s]
[2016-03-30 13:54:51,716][TRACE][org.elasticsearch.indices.recovery] [node_s1] snapshot translog for recovery. current size is [0]
[2016-03-30 13:54:51,716][TRACE][org.elasticsearch.indices.recovery] [node_s1] [test][8] recovery [phase2] to {node_s0}{BJ9-d_yQSQGaUwf4YELEXg}{local}{local[26]}[mode=>local]: sending transaction log operations
[2016-03-30 13:54:51,716][TRACE][org.elasticsearch.indices.recovery] [node_s1] [test][8] no translog operations to send to {node_s0}{BJ9-d_yQSQGaUwf4YELEXg}{local}{local[26]}[mode=>local]
[2016-03-30 13:54:51,716][TRACE][org.elasticsearch.indices.recovery] [node_s1] [test][8] sent final batch of [0][0b] (total: [0]) translog operations to {node_s0}{BJ9-d_yQSQGaUwf4YELEXg}{local}{local[26]}[mode=>local]
[2016-03-30 13:54:51,716][TRACE][org.elasticsearch.indices.recovery] [node_s1] [test][8] recovery [phase2] to {node_s0}{BJ9-d_yQSQGaUwf4YELEXg}{local}{local[26]}[mode=>local]: took [175.8micros]
[2016-03-30 13:54:51,716][TRACE][org.elasticsearch.indices.recovery] [node_s1] [test][8] finalizing recovery to {node_s0}{BJ9-d_yQSQGaUwf4YELEXg}{local}{local[26]}[mode=>local]
[2016-03-30 13:54:51,716][TRACE][org.elasticsearch.indices] [node_s0] [test][8] top warming [ElasticsearchDirectoryReader(FilterLeafReader(_0(5.4.0):c58) FilterLeafReader(_1(5.4.0):c3) FilterLeafReader(_2(5.4.0):c38))]
[2016-03-30 13:54:51,717][TRACE][org.elasticsearch.indices.recovery] [node_s1] [test][8] finalizing recovery to {node_s0}{BJ9-d_yQSQGaUwf4YELEXg}{local}{local[26]}[mode=>local]: took [722.4micros]
[2016-03-30 13:54:51,717][TRACE][org.elasticsearch.indices.recovery] [node_s0] [test][8] marking recovery from {node_s1}{h_TATuVsQJmOGBLmAASslA}{local}{local[27]}[mode=>local] as done, id [55]
[2016-03-30 13:54:51,717][TRACE][org.elasticsearch.indices.recovery] [node_s0] [test][8] recovery completed from {node_s1}{h_TATuVsQJmOGBLmAASslA}{local}{local[27]}[mode=>local], took[704ms]
   phase1: recovered_files [10] with total_size of [15.9kb], took [0s], throttling_wait [0s]
         : reusing_files   [0] with total_size of [0b]
   phase2: start took [85ms]
         : recovered [0] transaction log operations, took [0s]

[2016-03-30 13:54:51,721][TRACE][org.elasticsearch.indices.recovery] [node_s0] [test][0] started recovery from {node_s1}{h_TATuVsQJmOGBLmAASslA}{local}{local[27]}[mode=>local], id [59]
[2016-03-30 13:54:51,721][TRACE][org.elasticsearch.indices] [node_s3] [test][0] warming [ElasticsearchDirectoryReader(FilterLeafReader(_0(5.4.0):c137))]
[2016-03-30 13:54:51,721][TRACE][org.elasticsearch.indices.recovery] [node_s0] collecting local files for [test][0] [59]
[2016-03-30 13:54:51,722][TRACE][org.elasticsearch.indices] [node_s3] [test][0] top warming [ElasticsearchDirectoryReader(FilterLeafReader(_0(5.4.0):c137))]
[2016-03-30 13:54:51,725][TRACE][org.elasticsearch.indices.recovery] [node_s0] [test][0] starting recovery from {node_s1}{h_TATuVsQJmOGBLmAASslA}{local}{local[27]}[mode=>local]
[2016-03-30 13:54:51,726][TRACE][org.elasticsearch.indices.recovery] [node_s1] [test][0] starting recovery to {node_s0}{BJ9-d_yQSQGaUwf4YELEXg}{local}{local[26]}[mode=>local], mark_as_relocated false
[2016-03-30 13:54:51,726][TRACE][org.elasticsearch.indices.recovery] [node_s1] captured translog id [3] for recovery
[2016-03-30 13:54:51,730][TRACE][org.elasticsearch.indices.recovery] [node_s1] [test][0] recovery [phase1] to {node_s0}{BJ9-d_yQSQGaUwf4YELEXg}{local}{local[26]}[mode=>local]: recovering [_0.cfe], does not exists in remote
[2016-03-30 13:54:51,730][TRACE][org.elasticsearch.indices.recovery] [node_s1] [test][0] recovery [phase1] to {node_s0}{BJ9-d_yQSQGaUwf4YELEXg}{local}{local[26]}[mode=>local]: recovering [_0.si], does not exists in remote
[2016-03-30 13:54:51,730][TRACE][org.elasticsearch.indices.recovery] [node_s1] [test][0] recovery [phase1] to {node_s0}{BJ9-d_yQSQGaUwf4YELEXg}{local}{local[26]}[mode=>local]: recovering [_0.cfs], does not exists in remote
[2016-03-30 13:54:51,730][TRACE][org.elasticsearch.indices.recovery] [node_s1] [test][0] recovery [phase1] to {node_s0}{BJ9-d_yQSQGaUwf4YELEXg}{local}{local[26]}[mode=>local]: recovering [segments_3], does not exists in remote
[2016-03-30 13:54:51,730][TRACE][org.elasticsearch.indices.recovery] [node_s1] [test][0] recovery [phase1] to {node_s0}{BJ9-d_yQSQGaUwf4YELEXg}{local}{local[26]}[mode=>local]: recovering_files [4] with total_size [10.1kb], reusing_files [0] with total_size [0b]
[2016-03-30 13:54:51,741][TRACE][org.elasticsearch.indices.cluster] [node_s3] ignoring recovery instruction for an existing shard [test][1] (shard state: [RECOVERING])
[2016-03-30 13:54:51,741][TRACE][org.elasticsearch.indices.cluster] [node_s3] ignoring recovery instruction for an existing shard [test][0] (shard state: [RECOVERING])
[2016-03-30 13:54:51,752][TRACE][org.elasticsearch.indices.recovery] [node_s1] [test][0] recovery [phase1] to {node_s3}{VqTygZxOSJ6BKKH5T2KR8A}{local}{local[29]}[mode=>local]: remote engine start took [58.1ms]
[2016-03-30 13:54:51,752][TRACE][org.elasticsearch.indices.recovery] [node_s1] [test][0] recovery [phase1] to {node_s3}{VqTygZxOSJ6BKKH5T2KR8A}{local}{local[29]}[mode=>local]: took [0s]
[2016-03-30 13:54:51,752][TRACE][org.elasticsearch.indices.recovery] [node_s1] snapshot translog for recovery. current size is [0]
[2016-03-30 13:54:51,752][TRACE][org.elasticsearch.indices.recovery] [node_s1] [test][0] recovery [phase2] to {node_s3}{VqTygZxOSJ6BKKH5T2KR8A}{local}{local[29]}[mode=>local]: sending transaction log operations
[2016-03-30 13:54:51,752][TRACE][org.elasticsearch.indices.recovery] [node_s1] [test][0] no translog operations to send to {node_s3}{VqTygZxOSJ6BKKH5T2KR8A}{local}{local[29]}[mode=>local]
[2016-03-30 13:54:51,752][TRACE][org.elasticsearch.indices.recovery] [node_s1] [test][0] sent final batch of [0][0b] (total: [0]) translog operations to {node_s3}{VqTygZxOSJ6BKKH5T2KR8A}{local}{local[29]}[mode=>local]
[2016-03-30 13:54:51,753][TRACE][org.elasticsearch.indices.recovery] [node_s1] [test][0] recovery [phase2] to {node_s3}{VqTygZxOSJ6BKKH5T2KR8A}{local}{local[29]}[mode=>local]: took [173.6micros]
[2016-03-30 13:54:51,753][TRACE][org.elasticsearch.indices.recovery] [node_s1] [test][0] finalizing recovery to {node_s3}{VqTygZxOSJ6BKKH5T2KR8A}{local}{local[29]}[mode=>local]
[2016-03-30 13:54:51,753][TRACE][org.elasticsearch.indices] [node_s3] [test][0] top warming [ElasticsearchDirectoryReader(FilterLeafReader(_0(5.4.0):c137))]
[2016-03-30 13:54:51,753][TRACE][org.elasticsearch.indices.recovery] [node_s1] [test][0] finalizing recovery to {node_s3}{VqTygZxOSJ6BKKH5T2KR8A}{local}{local[29]}[mode=>local]: took [678.5micros]
[2016-03-30 13:54:51,754][TRACE][org.elasticsearch.indices.recovery] [node_s3] [test][0] marking recovery from {node_s1}{h_TATuVsQJmOGBLmAASslA}{local}{local[27]}[mode=>local] as done, id [58]
[2016-03-30 13:54:51,754][TRACE][org.elasticsearch.indices.recovery] [node_s3] [test][0] recovery completed from {node_s1}{h_TATuVsQJmOGBLmAASslA}{local}{local[27]}[mode=>local], took[301ms]
   phase1: recovered_files [4] with total_size of [10.1kb], took [0s], throttling_wait [0s]
         : reusing_files   [0] with total_size of [0b]
   phase2: start took [58ms]
         : recovered [0] transaction log operations, took [0s]

[2016-03-30 13:54:51,756][TRACE][org.elasticsearch.indices] [node_s3] [test][1] warming [ElasticsearchDirectoryReader(FilterLeafReader(_0(5.4.0):c1) FilterLeafReader(_1(5.4.0):c139))]
[2016-03-30 13:54:51,756][TRACE][org.elasticsearch.indices] [node_s3] [test][1] top warming [ElasticsearchDirectoryReader(FilterLeafReader(_0(5.4.0):c1) FilterLeafReader(_1(5.4.0):c139))]
[2016-03-30 13:54:51,780][TRACE][org.elasticsearch.indices.recovery] [node_s1] [test][1] recovery [phase1] to {node_s3}{VqTygZxOSJ6BKKH5T2KR8A}{local}{local[29]}[mode=>local]: remote engine start took [75.7ms]
[2016-03-30 13:54:51,780][TRACE][org.elasticsearch.indices.recovery] [node_s1] [test][1] recovery [phase1] to {node_s3}{VqTygZxOSJ6BKKH5T2KR8A}{local}{local[29]}[mode=>local]: took [0s]
[2016-03-30 13:54:51,780][TRACE][org.elasticsearch.indices.recovery] [node_s1] snapshot translog for recovery. current size is [0]
[2016-03-30 13:54:51,781][TRACE][org.elasticsearch.indices.recovery] [node_s1] [test][1] recovery [phase2] to {node_s3}{VqTygZxOSJ6BKKH5T2KR8A}{local}{local[29]}[mode=>local]: sending transaction log operations
[2016-03-30 13:54:51,781][TRACE][org.elasticsearch.indices.recovery] [node_s1] [test][1] no translog operations to send to {node_s3}{VqTygZxOSJ6BKKH5T2KR8A}{local}{local[29]}[mode=>local]
[2016-03-30 13:54:51,781][TRACE][org.elasticsearch.indices.recovery] [node_s1] [test][1] sent final batch of [0][0b] (total: [0]) translog operations to {node_s3}{VqTygZxOSJ6BKKH5T2KR8A}{local}{local[29]}[mode=>local]
[2016-03-30 13:54:51,781][TRACE][org.elasticsearch.indices.recovery] [node_s1] [test][1] recovery [phase2] to {node_s3}{VqTygZxOSJ6BKKH5T2KR8A}{local}{local[29]}[mode=>local]: took [172.8micros]
[2016-03-30 13:54:51,781][TRACE][org.elasticsearch.indices.recovery] [node_s1] [test][1] finalizing recovery to {node_s3}{VqTygZxOSJ6BKKH5T2KR8A}{local}{local[29]}[mode=>local]
[2016-03-30 13:54:51,781][TRACE][org.elasticsearch.indices] [node_s3] [test][1] top warming [ElasticsearchDirectoryReader(FilterLeafReader(_0(5.4.0):c1) FilterLeafReader(_1(5.4.0):c139))]
[2016-03-30 13:54:51,782][TRACE][org.elasticsearch.indices.recovery] [node_s1] [test][1] finalizing recovery to {node_s3}{VqTygZxOSJ6BKKH5T2KR8A}{local}{local[29]}[mode=>local]: took [691.9micros]
[2016-03-30 13:54:51,782][TRACE][org.elasticsearch.indices.recovery] [node_s3] [test][1] marking recovery from {node_s1}{h_TATuVsQJmOGBLmAASslA}{local}{local[27]}[mode=>local] as done, id [57]
[2016-03-30 13:54:51,782][TRACE][org.elasticsearch.indices.recovery] [node_s3] [test][1] recovery completed from {node_s1}{h_TATuVsQJmOGBLmAASslA}{local}{local[27]}[mode=>local], took[346ms]
   phase1: recovered_files [7] with total_size of [13.7kb], took [0s], throttling_wait [0s]
         : reusing_files   [0] with total_size of [0b]
   phase2: start took [75ms]
         : recovered [0] transaction log operations, took [0s]

[2016-03-30 13:54:51,800][DEBUG][org.elasticsearch.indices.cluster] [node_s0] [test][3] creating shard
[2016-03-30 13:54:51,805][TRACE][org.elasticsearch.indices.recovery] [node_s1] [test][0] recovery [phase1] to {node_s0}{BJ9-d_yQSQGaUwf4YELEXg}{local}{local[26]}[mode=>local]: prepare remote engine for translog
[2016-03-30 13:54:51,823][TRACE][org.elasticsearch.indices] [node_s0] [test][0] warming [ElasticsearchDirectoryReader(FilterLeafReader(_0(5.4.0):c137))]
[2016-03-30 13:54:51,823][TRACE][org.elasticsearch.indices] [node_s0] [test][0] top warming [ElasticsearchDirectoryReader(FilterLeafReader(_0(5.4.0):c137))]
[2016-03-30 13:54:51,830][TRACE][org.elasticsearch.indices.recovery] [node_s0] [test][3] started recovery from {node_s1}{h_TATuVsQJmOGBLmAASslA}{local}{local[27]}[mode=>local], id [60]
[2016-03-30 13:54:51,830][TRACE][org.elasticsearch.indices.cluster] [node_s0] ignoring recovery instruction for an existing shard [test][0] (shard state: [RECOVERING])
[2016-03-30 13:54:51,830][TRACE][org.elasticsearch.indices.recovery] [node_s0] collecting local files for [test][3] [60]
[2016-03-30 13:54:51,835][TRACE][org.elasticsearch.indices.recovery] [node_s1] [test][0] recovery [phase1] to {node_s0}{BJ9-d_yQSQGaUwf4YELEXg}{local}{local[26]}[mode=>local]: remote engine start took [29.4ms]
[2016-03-30 13:54:51,835][TRACE][org.elasticsearch.indices.recovery] [node_s1] [test][0] recovery [phase1] to {node_s0}{BJ9-d_yQSQGaUwf4YELEXg}{local}{local[26]}[mode=>local]: took [0s]
[2016-03-30 13:54:51,835][TRACE][org.elasticsearch.indices.recovery] [node_s1] snapshot translog for recovery. current size is [0]
[2016-03-30 13:54:51,835][TRACE][org.elasticsearch.indices.recovery] [node_s1] [test][0] recovery [phase2] to {node_s0}{BJ9-d_yQSQGaUwf4YELEXg}{local}{local[26]}[mode=>local]: sending transaction log operations
[2016-03-30 13:54:51,835][TRACE][org.elasticsearch.indices.recovery] [node_s1] [test][0] no translog operations to send to {node_s0}{BJ9-d_yQSQGaUwf4YELEXg}{local}{local[26]}[mode=>local]
[2016-03-30 13:54:51,835][TRACE][org.elasticsearch.indices.recovery] [node_s1] [test][0] sent final batch of [0][0b] (total: [0]) translog operations to {node_s0}{BJ9-d_yQSQGaUwf4YELEXg}{local}{local[26]}[mode=>local]
[2016-03-30 13:54:51,835][TRACE][org.elasticsearch.indices.recovery] [node_s1] [test][0] recovery [phase2] to {node_s0}{BJ9-d_yQSQGaUwf4YELEXg}{local}{local[26]}[mode=>local]: took [153.6micros]
[2016-03-30 13:54:51,835][TRACE][org.elasticsearch.indices.recovery] [node_s1] [test][0] finalizing recovery to {node_s0}{BJ9-d_yQSQGaUwf4YELEXg}{local}{local[26]}[mode=>local]
[2016-03-30 13:54:51,835][TRACE][org.elasticsearch.indices] [node_s0] [test][0] top warming [ElasticsearchDirectoryReader(FilterLeafReader(_0(5.4.0):c137))]
[2016-03-30 13:54:51,836][TRACE][org.elasticsearch.indices.recovery] [node_s1] [test][0] finalizing recovery to {node_s0}{BJ9-d_yQSQGaUwf4YELEXg}{local}{local[26]}[mode=>local]: took [806.4micros]
[2016-03-30 13:54:51,836][TRACE][org.elasticsearch.indices.recovery] [node_s0] [test][0] marking recovery from {node_s1}{h_TATuVsQJmOGBLmAASslA}{local}{local[27]}[mode=>local] as done, id [59]
[2016-03-30 13:54:51,837][TRACE][org.elasticsearch.indices.recovery] [node_s0] [test][0] recovery completed from {node_s1}{h_TATuVsQJmOGBLmAASslA}{local}{local[27]}[mode=>local], took[115ms]
   phase1: recovered_files [4] with total_size of [10.1kb], took [0s], throttling_wait [0s]
         : reusing_files   [0] with total_size of [0b]
   phase2: start took [29ms]
         : recovered [0] transaction log operations, took [0s]

[2016-03-30 13:54:51,840][TRACE][org.elasticsearch.indices.recovery] [node_s0] [test][3] starting recovery from {node_s1}{h_TATuVsQJmOGBLmAASslA}{local}{local[27]}[mode=>local]
[2016-03-30 13:54:51,841][TRACE][org.elasticsearch.indices.recovery] [node_s1] [test][3] starting recovery to {node_s0}{BJ9-d_yQSQGaUwf4YELEXg}{local}{local[26]}[mode=>local], mark_as_relocated false
[2016-03-30 13:54:51,841][TRACE][org.elasticsearch.indices.recovery] [node_s1] captured translog id [4] for recovery
[2016-03-30 13:54:51,848][TRACE][org.elasticsearch.indices.store] [node_s0] listing store meta data for [test][8]
[2016-03-30 13:54:51,848][TRACE][org.elasticsearch.indices.store] [node_s3] listing store meta data for [test][8]
[2016-03-30 13:54:51,848][TRACE][org.elasticsearch.indices.store] [node_s1] listing store meta data for [test][8]
[2016-03-30 13:54:51,850][TRACE][org.elasticsearch.indices.store] [node_s3] found state file: [id:2, legacy:false, file:/Users/brijeshs/Documents/elasticsearch_sort_netbeans/elasticsearch/core/build/testrun/integTest/J1/temp/org.elasticsearch.indices.flush.FlushIT_F7928424F380CF7C-001/tempDir-001/data/SUITE-CHILD_VM=[1]-CLUSTER_SEED=[4002021444443819046]-HASH=[462546CEAD50E]-cluster/nodes/2/indices/test/8/_state/state-2.st]
[2016-03-30 13:54:51,852][TRACE][org.elasticsearch.indices.store] [node_s3] state id [2] read from [state-2.st]
[2016-03-30 13:54:51,852][DEBUG][org.elasticsearch.indices.store] [node_s3] [test][8] loaded data path [/Users/brijeshs/Documents/elasticsearch_sort_netbeans/elasticsearch/core/build/testrun/integTest/J1/temp/org.elasticsearch.indices.flush.FlushIT_F7928424F380CF7C-001/tempDir-001/data/SUITE-CHILD_VM=[1]-CLUSTER_SEED=[4002021444443819046]-HASH=[462546CEAD50E]-cluster/nodes/2/indices/test/8], state path [/Users/brijeshs/Documents/elasticsearch_sort_netbeans/elasticsearch/core/build/testrun/integTest/J1/temp/org.elasticsearch.indices.flush.FlushIT_F7928424F380CF7C-001/tempDir-001/data/SUITE-CHILD_VM=[1]-CLUSTER_SEED=[4002021444443819046]-HASH=[462546CEAD50E]-cluster/nodes/2/indices/test/8]
[2016-03-30 13:54:51,853][DEBUG][org.elasticsearch.indices.cluster] [node_s3] [test][2] creating shard
[2016-03-30 13:54:51,860][TRACE][org.elasticsearch.indices.recovery] [node_s1] [test][3] recovery [phase1] to {node_s0}{BJ9-d_yQSQGaUwf4YELEXg}{local}{local[26]}[mode=>local]: recovering [_0.cfe], exists in local store, but is different: remote [name [_0.cfe], length [497], checksum [t40miz], writtenBy [5.4.0]], local [name [_0.cfe], length [497], checksum [14fsphu], writtenBy [5.4.0]]
[2016-03-30 13:54:51,861][TRACE][org.elasticsearch.indices.recovery] [node_s1] [test][3] recovery [phase1] to {node_s0}{BJ9-d_yQSQGaUwf4YELEXg}{local}{local[26]}[mode=>local]: recovering [_0.si], exists in local store, but is different: remote [name [_0.si], length [361], checksum [dor2gl], writtenBy [5.4.0]], local [name [_0.si], length [361], checksum [khf3s9], writtenBy [5.4.0]]
[2016-03-30 13:54:51,861][TRACE][org.elasticsearch.indices.recovery] [node_s1] [test][3] recovery [phase1] to {node_s0}{BJ9-d_yQSQGaUwf4YELEXg}{local}{local[26]}[mode=>local]: recovering [_0.cfs], exists in local store, but is different: remote [name [_0.cfs], length [3821], checksum [q8mdx1], writtenBy [5.4.0]], local [name [_0.cfs], length [2681], checksum [htdvpq], writtenBy [5.4.0]]
[2016-03-30 13:54:51,861][TRACE][org.elasticsearch.indices.recovery] [node_s1] [test][3] recovery [phase1] to {node_s0}{BJ9-d_yQSQGaUwf4YELEXg}{local}{local[26]}[mode=>local]: recovering [_2.si], exists in local store, but is different: remote [name [_2.si], length [361], checksum [1eavf3r], writtenBy [5.4.0]], local [name [_2.si], length [361], checksum [1vbrak1], writtenBy [5.4.0]]
[2016-03-30 13:54:51,861][TRACE][org.elasticsearch.indices.recovery] [node_s1] [test][3] recovery [phase1] to {node_s0}{BJ9-d_yQSQGaUwf4YELEXg}{local}{local[26]}[mode=>local]: recovering [_2.cfe], exists in local store, but is different: remote [name [_2.cfe], length [497], checksum [1gschqu], writtenBy [5.4.0]], local [name [_2.cfe], length [497], checksum [gp4s68], writtenBy [5.4.0]]
[2016-03-30 13:54:51,861][TRACE][org.elasticsearch.indices.recovery] [node_s1] [test][3] recovery [phase1] to {node_s0}{BJ9-d_yQSQGaUwf4YELEXg}{local}{local[26]}[mode=>local]: recovering [_2.cfs], exists in local store, but is different: remote [name [_2.cfs], length [8080], checksum [pt4dcy], writtenBy [5.4.0]], local [name [_2.cfs], length [9216], checksum [t3vw43], writtenBy [5.4.0]]
[2016-03-30 13:54:51,862][TRACE][org.elasticsearch.indices.recovery] [node_s1] [test][3] recovery [phase1] to {node_s0}{BJ9-d_yQSQGaUwf4YELEXg}{local}{local[26]}[mode=>local]: recovering [segments_4], exists in local store, but is different: remote [name [segments_4], length [322], checksum [1ha93pb], writtenBy [5.4.0]], local [name [segments_4], length [259], checksum [1qlrde7], writtenBy [5.4.0]]
[2016-03-30 13:54:51,862][TRACE][org.elasticsearch.indices.recovery] [node_s1] [test][3] recovery [phase1] to {node_s0}{BJ9-d_yQSQGaUwf4YELEXg}{local}{local[26]}[mode=>local]: recovering_files [7] with total_size [13.5kb], reusing_files [0] with total_size [0b]
[2016-03-30 13:54:51,871][TRACE][org.elasticsearch.indices.store] [node_s3] [test][8] didn't find any store meta data to load (took [23.4ms])
[2016-03-30 13:54:51,874][TRACE][org.elasticsearch.indices.recovery] [node_s3] [test][2] started recovery from {node_s1}{h_TATuVsQJmOGBLmAASslA}{local}{local[27]}[mode=>local], id [61]
[2016-03-30 13:54:51,874][DEBUG][org.elasticsearch.indices.cluster] [node_s3] [test][3] creating shard
[2016-03-30 13:54:51,874][TRACE][org.elasticsearch.indices.recovery] [node_s3] collecting local files for [test][2] [61]
[2016-03-30 13:54:51,895][TRACE][org.elasticsearch.indices.recovery] [node_s3] [test][2] starting recovery from {node_s1}{h_TATuVsQJmOGBLmAASslA}{local}{local[27]}[mode=>local]
[2016-03-30 13:54:51,895][TRACE][org.elasticsearch.indices.recovery] [node_s1] [test][2] starting recovery to {node_s3}{VqTygZxOSJ6BKKH5T2KR8A}{local}{local[29]}[mode=>local], mark_as_relocated false
[2016-03-30 13:54:51,895][TRACE][org.elasticsearch.indices.recovery] [node_s1] captured translog id [4] for recovery
[2016-03-30 13:54:51,897][DEBUG][org.elasticsearch.indices.store] [node_s1] [test][8] loaded store meta data (took [49.2ms])
[2016-03-30 13:54:51,902][DEBUG][org.elasticsearch.indices.store] [node_s0] [test][8] loaded store meta data (took [54ms])
[2016-03-30 13:54:51,904][TRACE][org.elasticsearch.indices.recovery] [node_s3] [test][3] started recovery from {node_s1}{h_TATuVsQJmOGBLmAASslA}{local}{local[27]}[mode=>local], id [62]
[2016-03-30 13:54:51,904][TRACE][org.elasticsearch.indices.recovery] [node_s3] collecting local files for [test][3] [62]
[2016-03-30 13:54:51,912][TRACE][org.elasticsearch.indices.recovery] [node_s3] [test][3] starting recovery from {node_s1}{h_TATuVsQJmOGBLmAASslA}{local}{local[27]}[mode=>local]
[2016-03-30 13:54:51,913][TRACE][org.elasticsearch.indices.recovery] [node_s1] [test][3] starting recovery to {node_s3}{VqTygZxOSJ6BKKH5T2KR8A}{local}{local[29]}[mode=>local], mark_as_relocated false
[2016-03-30 13:54:51,913][TRACE][org.elasticsearch.indices.recovery] [node_s1] captured translog id [4] for recovery
[2016-03-30 13:54:51,927][TRACE][org.elasticsearch.indices.recovery] [node_s1] [test][2] recovery [phase1] to {node_s3}{VqTygZxOSJ6BKKH5T2KR8A}{local}{local[29]}[mode=>local]: recovering [_0.cfe], exists in local store, but is different: remote [name [_0.cfe], length [497], checksum [15dhozz], writtenBy [5.4.0]], local [name [_0.cfe], length [497], checksum [13pzj0c], writtenBy [5.4.0]]
[2016-03-30 13:54:51,927][TRACE][org.elasticsearch.indices.recovery] [node_s1] [test][2] recovery [phase1] to {node_s3}{VqTygZxOSJ6BKKH5T2KR8A}{local}{local[29]}[mode=>local]: recovering [_0.si], exists in local store, but is different: remote [name [_0.si], length [361], checksum [1th5erf], writtenBy [5.4.0]], local [name [_0.si], length [361], checksum [ccpcng], writtenBy [5.4.0]]
[2016-03-30 13:54:51,927][TRACE][org.elasticsearch.indices.recovery] [node_s1] [test][2] recovery [phase1] to {node_s3}{VqTygZxOSJ6BKKH5T2KR8A}{local}{local[29]}[mode=>local]: recovering [_0.cfs], exists in local store, but is different: remote [name [_0.cfs], length [2516], checksum [ezwgc], writtenBy [5.4.0]], local [name [_0.cfs], length [2516], checksum [d2ckt3], writtenBy [5.4.0]]
[2016-03-30 13:54:51,927][TRACE][org.elasticsearch.indices.recovery] [node_s1] [test][2] recovery [phase1] to {node_s3}{VqTygZxOSJ6BKKH5T2KR8A}{local}{local[29]}[mode=>local]: recovering [segments_3], exists in local store, but is different: remote [name [segments_3], length [196], checksum [csvdtt], writtenBy [5.4.0]], local [name [segments_3], length [259], checksum [afvzaf], writtenBy [5.4.0]]
[2016-03-30 13:54:51,927][TRACE][org.elasticsearch.indices.recovery] [node_s1] [test][2] recovery [phase1] to {node_s3}{VqTygZxOSJ6BKKH5T2KR8A}{local}{local[29]}[mode=>local]: recovering [_1.cfs], does not exists in remote
[2016-03-30 13:54:51,927][TRACE][org.elasticsearch.indices.recovery] [node_s1] [test][2] recovery [phase1] to {node_s3}{VqTygZxOSJ6BKKH5T2KR8A}{local}{local[29]}[mode=>local]: recovering [_1.cfe], does not exists in remote
[2016-03-30 13:54:51,927][TRACE][org.elasticsearch.indices.recovery] [node_s1] [test][2] recovery [phase1] to {node_s3}{VqTygZxOSJ6BKKH5T2KR8A}{local}{local[29]}[mode=>local]: recovering [_1.si], does not exists in remote
[2016-03-30 13:54:51,928][TRACE][org.elasticsearch.indices.recovery] [node_s1] [test][2] recovery [phase1] to {node_s3}{VqTygZxOSJ6BKKH5T2KR8A}{local}{local[29]}[mode=>local]: recovering_files [7] with total_size [13kb], reusing_files [0] with total_size [0b]
[2016-03-30 13:54:51,939][TRACE][org.elasticsearch.indices.cluster] [node_s0] ignoring recovery instruction for an existing shard [test][3] (shard state: [RECOVERING])
[2016-03-30 13:54:51,939][DEBUG][org.elasticsearch.indices.cluster] [node_s0] [test][4] creating shard
[2016-03-30 13:54:51,956][TRACE][org.elasticsearch.indices.recovery] [node_s1] [test][3] recovery [phase1] to {node_s3}{VqTygZxOSJ6BKKH5T2KR8A}{local}{local[29]}[mode=>local]: recovering [_0.cfe], exists in local store, but is different: remote [name [_0.cfe], length [497], checksum [1nq0txn], writtenBy [5.4.0]], local [name [_0.cfe], length [497], checksum [14fsphu], writtenBy [5.4.0]]
[2016-03-30 13:54:51,956][TRACE][org.elasticsearch.indices.recovery] [node_s1] [test][3] recovery [phase1] to {node_s3}{VqTygZxOSJ6BKKH5T2KR8A}{local}{local[29]}[mode=>local]: recovering [_0.si], exists in local store, but is different: remote [name [_0.si], length [361], checksum [99xvmf], writtenBy [5.4.0]], local [name [_0.si], length [361], checksum [khf3s9], writtenBy [5.4.0]]
[2016-03-30 13:54:51,957][TRACE][org.elasticsearch.indices.recovery] [node_s1] [test][3] recovery [phase1] to {node_s3}{VqTygZxOSJ6BKKH5T2KR8A}{local}{local[29]}[mode=>local]: recovering [_0.cfs], exists in local store, but is different: remote [name [_0.cfs], length [2681], checksum [1oix8jb], writtenBy [5.4.0]], local [name [_0.cfs], length [2681], checksum [htdvpq], writtenBy [5.4.0]]
[2016-03-30 13:54:51,957][TRACE][org.elasticsearch.indices.recovery] [node_s1] [test][3] recovery [phase1] to {node_s3}{VqTygZxOSJ6BKKH5T2KR8A}{local}{local[29]}[mode=>local]: recovering [_2.si], does not exists in remote
[2016-03-30 13:54:51,958][TRACE][org.elasticsearch.indices.recovery] [node_s1] [test][3] recovery [phase1] to {node_s3}{VqTygZxOSJ6BKKH5T2KR8A}{local}{local[29]}[mode=>local]: recovering [_2.cfe], does not exists in remote
[2016-03-30 13:54:51,958][TRACE][org.elasticsearch.indices.recovery] [node_s1] [test][3] recovery [phase1] to {node_s3}{VqTygZxOSJ6BKKH5T2KR8A}{local}{local[29]}[mode=>local]: recovering [_2.cfs], does not exists in remote
[2016-03-30 13:54:51,958][TRACE][org.elasticsearch.indices.recovery] [node_s1] [test][3] recovery [phase1] to {node_s3}{VqTygZxOSJ6BKKH5T2KR8A}{local}{local[29]}[mode=>local]: recovering [segments_4], does not exists in remote
[2016-03-30 13:54:51,958][TRACE][org.elasticsearch.indices.recovery] [node_s1] [test][3] recovery [phase1] to {node_s3}{VqTygZxOSJ6BKKH5T2KR8A}{local}{local[29]}[mode=>local]: recovering_files [7] with total_size [13.5kb], reusing_files [0] with total_size [0b]
[2016-03-30 13:54:51,971][TRACE][org.elasticsearch.indices.recovery] [node_s0] [test][4] started recovery from {node_s1}{h_TATuVsQJmOGBLmAASslA}{local}{local[27]}[mode=>local], id [63]
[2016-03-30 13:54:51,972][TRACE][org.elasticsearch.indices.recovery] [node_s0] collecting local files for [test][4] [63]
[2016-03-30 13:54:51,978][TRACE][org.elasticsearch.indices.recovery] [node_s0] [test][4] starting recovery from {node_s1}{h_TATuVsQJmOGBLmAASslA}{local}{local[27]}[mode=>local]
[2016-03-30 13:54:51,978][TRACE][org.elasticsearch.indices.recovery] [node_s1] [test][4] starting recovery to {node_s0}{BJ9-d_yQSQGaUwf4YELEXg}{local}{local[26]}[mode=>local], mark_as_relocated false
[2016-03-30 13:54:51,979][TRACE][org.elasticsearch.indices.recovery] [node_s1] captured translog id [4] for recovery
[2016-03-30 13:54:51,992][TRACE][org.elasticsearch.indices.recovery] [node_s1] [test][3] recovery [phase1] to {node_s0}{BJ9-d_yQSQGaUwf4YELEXg}{local}{local[26]}[mode=>local]: prepare remote engine for translog
[2016-03-30 13:54:52,004][TRACE][org.elasticsearch.indices.recovery] [node_s1] [test][4] recovery [phase1] to {node_s0}{BJ9-d_yQSQGaUwf4YELEXg}{local}{local[26]}[mode=>local]: recovering [_0.cfe], exists in local store, but is different: remote [name [_0.cfe], length [497], checksum [sp4bw7], writtenBy [5.4.0]], local [name [_0.cfe], length [497], checksum [1iub3fo], writtenBy [5.4.0]]
[2016-03-30 13:54:52,004][TRACE][org.elasticsearch.indices.recovery] [node_s1] [test][4] recovery [phase1] to {node_s0}{BJ9-d_yQSQGaUwf4YELEXg}{local}{local[26]}[mode=>local]: recovering [_0.si], exists in local store, but is different: remote [name [_0.si], length [361], checksum [w92oi3], writtenBy [5.4.0]], local [name [_0.si], length [361], checksum [1c9fter], writtenBy [5.4.0]]
[2016-03-30 13:54:52,004][TRACE][org.elasticsearch.indices.recovery] [node_s1] [test][4] recovery [phase1] to {node_s0}{BJ9-d_yQSQGaUwf4YELEXg}{local}{local[26]}[mode=>local]: recovering [_0.cfs], exists in local store, but is different: remote [name [_0.cfs], length [4204], checksum [14mufic], writtenBy [5.4.0]], local [name [_0.cfs], length [3514], checksum [cg8x2g], writtenBy [5.4.0]]
[2016-03-30 13:54:52,004][TRACE][org.elasticsearch.indices.recovery] [node_s1] [test][4] recovery [phase1] to {node_s0}{BJ9-d_yQSQGaUwf4YELEXg}{local}{local[26]}[mode=>local]: recovering [_1.cfs], does not exists in remote
[2016-03-30 13:54:52,004][TRACE][org.elasticsearch.indices.recovery] [node_s1] [test][4] recovery [phase1] to {node_s0}{BJ9-d_yQSQGaUwf4YELEXg}{local}{local[26]}[mode=>local]: recovering [_1.cfe], does not exists in remote
[2016-03-30 13:54:52,005][TRACE][org.elasticsearch.indices.recovery] [node_s1] [test][4] recovery [phase1] to {node_s0}{BJ9-d_yQSQGaUwf4YELEXg}{local}{local[26]}[mode=>local]: recovering [_1.si], does not exists in remote
[2016-03-30 13:54:52,005][TRACE][org.elasticsearch.indices.recovery] [node_s1] [test][4] recovery [phase1] to {node_s0}{BJ9-d_yQSQGaUwf4YELEXg}{local}{local[26]}[mode=>local]: recovering [_2.si], does not exists in remote
[2016-03-30 13:54:52,005][TRACE][org.elasticsearch.indices.recovery] [node_s1] [test][4] recovery [phase1] to {node_s0}{BJ9-d_yQSQGaUwf4YELEXg}{local}{local[26]}[mode=>local]: recovering [_2.cfe], does not exists in remote
[2016-03-30 13:54:52,005][TRACE][org.elasticsearch.indices.recovery] [node_s1] [test][4] recovery [phase1] to {node_s0}{BJ9-d_yQSQGaUwf4YELEXg}{local}{local[26]}[mode=>local]: recovering [_2.cfs], does not exists in remote
[2016-03-30 13:54:52,005][TRACE][org.elasticsearch.indices.recovery] [node_s1] [test][4] recovery [phase1] to {node_s0}{BJ9-d_yQSQGaUwf4YELEXg}{local}{local[26]}[mode=>local]: recovering [segments_4], does not exists in remote
[2016-03-30 13:54:52,005][TRACE][org.elasticsearch.indices.recovery] [node_s1] [test][4] recovery [phase1] to {node_s0}{BJ9-d_yQSQGaUwf4YELEXg}{local}{local[26]}[mode=>local]: recovering_files [10] with total_size [16.5kb], reusing_files [0] with total_size [0b]
[2016-03-30 13:54:52,026][TRACE][org.elasticsearch.indices.recovery] [node_s1] [test][2] recovery [phase1] to {node_s3}{VqTygZxOSJ6BKKH5T2KR8A}{local}{local[29]}[mode=>local]: prepare remote engine for translog
[2016-03-30 13:54:52,036][TRACE][org.elasticsearch.indices] [node_s0] [test][3] warming [ElasticsearchDirectoryReader(FilterLeafReader(_0(5.4.0):c3) FilterLeafReader(_2(5.4.0):c117))]
[2016-03-30 13:54:52,036][TRACE][org.elasticsearch.indices] [node_s0] [test][3] top warming [ElasticsearchDirectoryReader(FilterLeafReader(_0(5.4.0):c3) FilterLeafReader(_2(5.4.0):c117))]
[2016-03-30 13:54:52,054][TRACE][org.elasticsearch.indices.recovery] [node_s1] [test][3] recovery [phase1] to {node_s0}{BJ9-d_yQSQGaUwf4YELEXg}{local}{local[26]}[mode=>local]: remote engine start took [62.3ms]
[2016-03-30 13:54:52,055][TRACE][org.elasticsearch.indices.recovery] [node_s1] [test][3] recovery [phase1] to {node_s0}{BJ9-d_yQSQGaUwf4YELEXg}{local}{local[26]}[mode=>local]: took [0s]
[2016-03-30 13:54:52,055][TRACE][org.elasticsearch.indices.recovery] [node_s1] snapshot translog for recovery. current size is [0]
[2016-03-30 13:54:52,055][TRACE][org.elasticsearch.indices.recovery] [node_s1] [test][3] recovery [phase2] to {node_s0}{BJ9-d_yQSQGaUwf4YELEXg}{local}{local[26]}[mode=>local]: sending transaction log operations
[2016-03-30 13:54:52,055][TRACE][org.elasticsearch.indices.recovery] [node_s1] [test][3] no translog operations to send to {node_s0}{BJ9-d_yQSQGaUwf4YELEXg}{local}{local[26]}[mode=>local]
[2016-03-30 13:54:52,055][TRACE][org.elasticsearch.indices.recovery] [node_s1] [test][3] sent final batch of [0][0b] (total: [0]) translog operations to {node_s0}{BJ9-d_yQSQGaUwf4YELEXg}{local}{local[26]}[mode=>local]
[2016-03-30 13:54:52,055][TRACE][org.elasticsearch.indices.recovery] [node_s1] [test][3] recovery [phase2] to {node_s0}{BJ9-d_yQSQGaUwf4YELEXg}{local}{local[26]}[mode=>local]: took [165.6micros]
[2016-03-30 13:54:52,055][TRACE][org.elasticsearch.indices.recovery] [node_s1] [test][3] finalizing recovery to {node_s0}{BJ9-d_yQSQGaUwf4YELEXg}{local}{local[26]}[mode=>local]
[2016-03-30 13:54:52,055][TRACE][org.elasticsearch.indices] [node_s0] [test][3] top warming [ElasticsearchDirectoryReader(FilterLeafReader(_0(5.4.0):c3) FilterLeafReader(_2(5.4.0):c117))]
[2016-03-30 13:54:52,056][TRACE][org.elasticsearch.indices.recovery] [node_s1] [test][3] finalizing recovery to {node_s0}{BJ9-d_yQSQGaUwf4YELEXg}{local}{local[26]}[mode=>local]: took [698.5micros]
[2016-03-30 13:54:52,056][TRACE][org.elasticsearch.indices.recovery] [node_s0] [test][3] marking recovery from {node_s1}{h_TATuVsQJmOGBLmAASslA}{local}{local[27]}[mode=>local] as done, id [60]
[2016-03-30 13:54:52,056][TRACE][org.elasticsearch.indices.recovery] [node_s0] [test][3] recovery completed from {node_s1}{h_TATuVsQJmOGBLmAASslA}{local}{local[27]}[mode=>local], took[226ms]
   phase1: recovered_files [7] with total_size of [13.5kb], took [0s], throttling_wait [0s]
         : reusing_files   [0] with total_size of [0b]
   phase2: start took [62ms]
         : recovered [0] transaction log operations, took [0s]

[2016-03-30 13:54:52,057][TRACE][org.elasticsearch.indices] [node_s3] [test][2] warming [ElasticsearchDirectoryReader(FilterLeafReader(_0(5.4.0):c1) FilterLeafReader(_1(5.4.0):c109))]
[2016-03-30 13:54:52,057][TRACE][org.elasticsearch.indices.store] [node_s0] listing store meta data for [test][3]
[2016-03-30 13:54:52,057][TRACE][org.elasticsearch.indices] [node_s3] [test][2] top warming [ElasticsearchDirectoryReader(FilterLeafReader(_0(5.4.0):c1) FilterLeafReader(_1(5.4.0):c109))]
[2016-03-30 13:54:52,057][TRACE][org.elasticsearch.indices.store] [node_s3] listing store meta data for [test][3]
[2016-03-30 13:54:52,057][TRACE][org.elasticsearch.indices.store] [node_s1] listing store meta data for [test][3]
[2016-03-30 13:54:52,063][TRACE][org.elasticsearch.indices.cluster] [node_s3] ignoring recovery instruction for an existing shard [test][3] (shard state: [RECOVERING])
[2016-03-30 13:54:52,063][TRACE][org.elasticsearch.indices.cluster] [node_s3] ignoring recovery instruction for an existing shard [test][2] (shard state: [RECOVERING])
[2016-03-30 13:54:52,077][DEBUG][org.elasticsearch.indices.store] [node_s1] [test][3] loaded store meta data (took [20.2ms])
[2016-03-30 13:54:52,080][DEBUG][org.elasticsearch.indices.store] [node_s0] [test][3] loaded store meta data (took [22.7ms])
[2016-03-30 13:54:52,080][TRACE][org.elasticsearch.indices.recovery] [node_s1] [test][3] recovery [phase1] to {node_s3}{VqTygZxOSJ6BKKH5T2KR8A}{local}{local[29]}[mode=>local]: prepare remote engine for translog
[2016-03-30 13:54:52,095][TRACE][org.elasticsearch.indices.recovery] [node_s1] [test][2] recovery [phase1] to {node_s3}{VqTygZxOSJ6BKKH5T2KR8A}{local}{local[29]}[mode=>local]: remote engine start took [69.5ms]
[2016-03-30 13:54:52,095][TRACE][org.elasticsearch.indices.recovery] [node_s1] [test][2] recovery [phase1] to {node_s3}{VqTygZxOSJ6BKKH5T2KR8A}{local}{local[29]}[mode=>local]: took [0s]
[2016-03-30 13:54:52,095][TRACE][org.elasticsearch.indices.recovery] [node_s1] snapshot translog for recovery. current size is [0]
[2016-03-30 13:54:52,095][TRACE][org.elasticsearch.indices.recovery] [node_s1] [test][2] recovery [phase2] to {node_s3}{VqTygZxOSJ6BKKH5T2KR8A}{local}{local[29]}[mode=>local]: sending transaction log operations
[2016-03-30 13:54:52,095][TRACE][org.elasticsearch.indices.recovery] [node_s1] [test][2] no translog operations to send to {node_s3}{VqTygZxOSJ6BKKH5T2KR8A}{local}{local[29]}[mode=>local]
[2016-03-30 13:54:52,095][TRACE][org.elasticsearch.indices.recovery] [node_s1] [test][2] sent final batch of [0][0b] (total: [0]) translog operations to {node_s3}{VqTygZxOSJ6BKKH5T2KR8A}{local}{local[29]}[mode=>local]
[2016-03-30 13:54:52,095][TRACE][org.elasticsearch.indices.recovery] [node_s1] [test][2] recovery [phase2] to {node_s3}{VqTygZxOSJ6BKKH5T2KR8A}{local}{local[29]}[mode=>local]: took [158.9micros]
[2016-03-30 13:54:52,096][TRACE][org.elasticsearch.indices.recovery] [node_s1] [test][2] finalizing recovery to {node_s3}{VqTygZxOSJ6BKKH5T2KR8A}{local}{local[29]}[mode=>local]
[2016-03-30 13:54:52,097][TRACE][org.elasticsearch.indices] [node_s3] [test][2] top warming [ElasticsearchDirectoryReader(FilterLeafReader(_0(5.4.0):c1) FilterLeafReader(_1(5.4.0):c109))]
[2016-03-30 13:54:52,097][TRACE][org.elasticsearch.indices.recovery] [node_s1] [test][2] finalizing recovery to {node_s3}{VqTygZxOSJ6BKKH5T2KR8A}{local}{local[29]}[mode=>local]: took [694.8micros]
[2016-03-30 13:54:52,097][TRACE][org.elasticsearch.indices.recovery] [node_s3] [test][2] marking recovery from {node_s1}{h_TATuVsQJmOGBLmAASslA}{local}{local[27]}[mode=>local] as done, id [61]
[2016-03-30 13:54:52,098][TRACE][org.elasticsearch.indices.recovery] [node_s3] [test][2] recovery completed from {node_s1}{h_TATuVsQJmOGBLmAASslA}{local}{local[27]}[mode=>local], took[223ms]
   phase1: recovered_files [7] with total_size of [13kb], took [0s], throttling_wait [0s]
         : reusing_files   [0] with total_size of [0b]
   phase2: start took [69ms]
         : recovered [0] transaction log operations, took [0s]

[2016-03-30 13:54:52,098][DEBUG][org.elasticsearch.indices.store] [node_s3] [test][3] loaded store meta data (took [41ms])
[2016-03-30 13:54:52,122][TRACE][org.elasticsearch.indices] [node_s3] [test][3] warming [ElasticsearchDirectoryReader(FilterLeafReader(_0(5.4.0):c3) FilterLeafReader(_2(5.4.0):c117))]
[2016-03-30 13:54:52,123][TRACE][org.elasticsearch.indices] [node_s3] [test][3] top warming [ElasticsearchDirectoryReader(FilterLeafReader(_0(5.4.0):c3) FilterLeafReader(_2(5.4.0):c117))]
[2016-03-30 13:54:52,171][TRACE][org.elasticsearch.indices.recovery] [node_s1] [test][3] recovery [phase1] to {node_s3}{VqTygZxOSJ6BKKH5T2KR8A}{local}{local[29]}[mode=>local]: remote engine start took [91.1ms]
[2016-03-30 13:54:52,171][TRACE][org.elasticsearch.indices.recovery] [node_s1] [test][3] recovery [phase1] to {node_s3}{VqTygZxOSJ6BKKH5T2KR8A}{local}{local[29]}[mode=>local]: took [0s]
[2016-03-30 13:54:52,171][TRACE][org.elasticsearch.indices.recovery] [node_s1] snapshot translog for recovery. current size is [0]
[2016-03-30 13:54:52,171][TRACE][org.elasticsearch.indices.recovery] [node_s1] [test][3] recovery [phase2] to {node_s3}{VqTygZxOSJ6BKKH5T2KR8A}{local}{local[29]}[mode=>local]: sending transaction log operations
[2016-03-30 13:54:52,171][TRACE][org.elasticsearch.indices.recovery] [node_s1] [test][3] no translog operations to send to {node_s3}{VqTygZxOSJ6BKKH5T2KR8A}{local}{local[29]}[mode=>local]
[2016-03-30 13:54:52,171][TRACE][org.elasticsearch.indices.recovery] [node_s1] [test][3] sent final batch of [0][0b] (total: [0]) translog operations to {node_s3}{VqTygZxOSJ6BKKH5T2KR8A}{local}{local[29]}[mode=>local]
[2016-03-30 13:54:52,171][TRACE][org.elasticsearch.indices.recovery] [node_s1] [test][3] recovery [phase2] to {node_s3}{VqTygZxOSJ6BKKH5T2KR8A}{local}{local[29]}[mode=>local]: took [159.4micros]
[2016-03-30 13:54:52,171][TRACE][org.elasticsearch.indices.recovery] [node_s1] [test][3] finalizing recovery to {node_s3}{VqTygZxOSJ6BKKH5T2KR8A}{local}{local[29]}[mode=>local]
[2016-03-30 13:54:52,172][TRACE][org.elasticsearch.indices] [node_s3] [test][3] top warming [ElasticsearchDirectoryReader(FilterLeafReader(_0(5.4.0):c3) FilterLeafReader(_2(5.4.0):c117))]
[2016-03-30 13:54:52,172][TRACE][org.elasticsearch.indices.recovery] [node_s1] [test][3] finalizing recovery to {node_s3}{VqTygZxOSJ6BKKH5T2KR8A}{local}{local[29]}[mode=>local]: took [684.6micros]
[2016-03-30 13:54:52,172][TRACE][org.elasticsearch.indices.recovery] [node_s3] [test][3] marking recovery from {node_s1}{h_TATuVsQJmOGBLmAASslA}{local}{local[27]}[mode=>local] as done, id [62]
[2016-03-30 13:54:52,173][TRACE][org.elasticsearch.indices.recovery] [node_s3] [test][3] recovery completed from {node_s1}{h_TATuVsQJmOGBLmAASslA}{local}{local[27]}[mode=>local], took[268ms]
   phase1: recovered_files [7] with total_size of [13.5kb], took [0s], throttling_wait [0s]
         : reusing_files   [0] with total_size of [0b]
   phase2: start took [91ms]
         : recovered [0] transaction log operations, took [0s]

[2016-03-30 13:54:52,182][TRACE][org.elasticsearch.indices.cluster] [node_s0] ignoring recovery instruction for an existing shard [test][4] (shard state: [RECOVERING])
[2016-03-30 13:54:52,189][DEBUG][org.elasticsearch.indices.cluster] [node_s0] [test][2] creating shard
[2016-03-30 13:54:52,219][TRACE][org.elasticsearch.indices.recovery] [node_s0] [test][2] started recovery from {node_s1}{h_TATuVsQJmOGBLmAASslA}{local}{local[27]}[mode=>local], id [64]
[2016-03-30 13:54:52,220][TRACE][org.elasticsearch.indices.recovery] [node_s0] collecting local files for [test][2] [64]
[2016-03-30 13:54:52,228][TRACE][org.elasticsearch.indices.recovery] [node_s1] [test][4] recovery [phase1] to {node_s0}{BJ9-d_yQSQGaUwf4YELEXg}{local}{local[26]}[mode=>local]: prepare remote engine for translog
[2016-03-30 13:54:52,231][TRACE][org.elasticsearch.indices.recovery] [node_s0] [test][2] starting recovery from {node_s1}{h_TATuVsQJmOGBLmAASslA}{local}{local[27]}[mode=>local]
[2016-03-30 13:54:52,231][TRACE][org.elasticsearch.indices.recovery] [node_s1] [test][2] starting recovery to {node_s0}{BJ9-d_yQSQGaUwf4YELEXg}{local}{local[26]}[mode=>local], mark_as_relocated false
[2016-03-30 13:54:52,232][TRACE][org.elasticsearch.indices.recovery] [node_s1] captured translog id [4] for recovery
[2016-03-30 13:54:52,237][TRACE][org.elasticsearch.indices.store] [node_s0] listing store meta data for [test][2]
[2016-03-30 13:54:52,237][TRACE][org.elasticsearch.indices.store] [node_s1] listing store meta data for [test][2]
[2016-03-30 13:54:52,237][TRACE][org.elasticsearch.indices.store] [node_s3] listing store meta data for [test][2]
[2016-03-30 13:54:52,280][DEBUG][org.elasticsearch.indices.cluster] [node_s3] [test][4] creating shard
[2016-03-30 13:54:52,289][DEBUG][org.elasticsearch.indices.store] [node_s0] [test][2] loaded store meta data (took [51.8ms])
[2016-03-30 13:54:52,289][DEBUG][org.elasticsearch.indices.store] [node_s3] [test][2] loaded store meta data (took [51.7ms])
[2016-03-30 13:54:52,293][DEBUG][org.elasticsearch.indices.store] [node_s1] [test][2] loaded store meta data (took [56.4ms])
[2016-03-30 13:54:52,309][TRACE][org.elasticsearch.indices.recovery] [node_s1] [test][2] recovery [phase1] to {node_s0}{BJ9-d_yQSQGaUwf4YELEXg}{local}{local[26]}[mode=>local]: recovering [_0.cfe], exists in local store, but is different: remote [name [_0.cfe], length [497], checksum [wo3awm], writtenBy [5.4.0]], local [name [_0.cfe], length [497], checksum [13pzj0c], writtenBy [5.4.0]]
[2016-03-30 13:54:52,310][TRACE][org.elasticsearch.indices.recovery] [node_s1] [test][2] recovery [phase1] to {node_s0}{BJ9-d_yQSQGaUwf4YELEXg}{local}{local[26]}[mode=>local]: recovering [_0.si], exists in local store, but is different: remote [name [_0.si], length [361], checksum [1mvunbr], writtenBy [5.4.0]], local [name [_0.si], length [361], checksum [ccpcng], writtenBy [5.4.0]]
[2016-03-30 13:54:52,310][TRACE][org.elasticsearch.indices.recovery] [node_s1] [test][2] recovery [phase1] to {node_s0}{BJ9-d_yQSQGaUwf4YELEXg}{local}{local[26]}[mode=>local]: recovering [_0.cfs], exists in local store, but is different: remote [name [_0.cfs], length [2516], checksum [1qmgxrx], writtenBy [5.4.0]], local [name [_0.cfs], length [2516], checksum [d2ckt3], writtenBy [5.4.0]]
[2016-03-30 13:54:52,310][TRACE][org.elasticsearch.indices.recovery] [node_s1] [test][2] recovery [phase1] to {node_s0}{BJ9-d_yQSQGaUwf4YELEXg}{local}{local[26]}[mode=>local]: recovering [segments_3], exists in local store, but is different: remote [name [segments_3], length [196], checksum [ze18dr], writtenBy [5.4.0]], local [name [segments_3], length [259], checksum [afvzaf], writtenBy [5.4.0]]
[2016-03-30 13:54:52,310][TRACE][org.elasticsearch.indices.recovery] [node_s1] [test][2] recovery [phase1] to {node_s0}{BJ9-d_yQSQGaUwf4YELEXg}{local}{local[26]}[mode=>local]: recovering [_1.cfs], does not exists in remote
[2016-03-30 13:54:52,310][TRACE][org.elasticsearch.indices.recovery] [node_s1] [test][2] recovery [phase1] to {node_s0}{BJ9-d_yQSQGaUwf4YELEXg}{local}{local[26]}[mode=>local]: recovering [_1.cfe], does not exists in remote
[2016-03-30 13:54:52,310][TRACE][org.elasticsearch.indices.recovery] [node_s1] [test][2] recovery [phase1] to {node_s0}{BJ9-d_yQSQGaUwf4YELEXg}{local}{local[26]}[mode=>local]: recovering [_1.si], does not exists in remote
[2016-03-30 13:54:52,310][TRACE][org.elasticsearch.indices.recovery] [node_s1] [test][2] recovery [phase1] to {node_s0}{BJ9-d_yQSQGaUwf4YELEXg}{local}{local[26]}[mode=>local]: recovering_files [7] with total_size [13kb], reusing_files [0] with total_size [0b]
[2016-03-30 13:54:52,319][TRACE][org.elasticsearch.indices] [node_s0] [test][4] warming [ElasticsearchDirectoryReader(FilterLeafReader(_0(5.4.0):c14) FilterLeafReader(_1(5.4.0):c6) FilterLeafReader(_2(5.4.0):c87))]
[2016-03-30 13:54:52,320][TRACE][org.elasticsearch.indices] [node_s0] [test][4] top warming [ElasticsearchDirectoryReader(FilterLeafReader(_0(5.4.0):c14) FilterLeafReader(_1(5.4.0):c6) FilterLeafReader(_2(5.4.0):c87))]
[2016-03-30 13:54:52,328][TRACE][org.elasticsearch.indices.recovery] [node_s3] [test][4] started recovery from {node_s1}{h_TATuVsQJmOGBLmAASslA}{local}{local[27]}[mode=>local], id [65]
[2016-03-30 13:54:52,328][DEBUG][org.elasticsearch.indices.cluster] [node_s3] [test][5] creating shard
[2016-03-30 13:54:52,328][TRACE][org.elasticsearch.indices.recovery] [node_s3] collecting local files for [test][4] [65]
[2016-03-30 13:54:52,371][TRACE][org.elasticsearch.indices.recovery] [node_s3] [test][5] started recovery from {node_s1}{h_TATuVsQJmOGBLmAASslA}{local}{local[27]}[mode=>local], id [66]
[2016-03-30 13:54:52,373][TRACE][org.elasticsearch.indices.recovery] [node_s3] collecting local files for [test][5] [66]
[2016-03-30 13:54:52,379][TRACE][org.elasticsearch.indices.cluster] [node_s0] ignoring recovery instruction for an existing shard [test][2] (shard state: [RECOVERING])
[2016-03-30 13:54:52,379][TRACE][org.elasticsearch.indices.cluster] [node_s0] ignoring recovery instruction for an existing shard [test][4] (shard state: [RECOVERING])
[2016-03-30 13:54:52,389][TRACE][org.elasticsearch.indices.recovery] [node_s3] [test][5] starting recovery from {node_s1}{h_TATuVsQJmOGBLmAASslA}{local}{local[27]}[mode=>local]
[2016-03-30 13:54:52,389][TRACE][org.elasticsearch.indices.recovery] [node_s1] [test][5] starting recovery to {node_s3}{VqTygZxOSJ6BKKH5T2KR8A}{local}{local[29]}[mode=>local], mark_as_relocated false
[2016-03-30 13:54:52,390][TRACE][org.elasticsearch.indices.recovery] [node_s1] captured translog id [4] for recovery
[2016-03-30 13:54:52,399][TRACE][org.elasticsearch.indices.recovery] [node_s3] [test][4] starting recovery from {node_s1}{h_TATuVsQJmOGBLmAASslA}{local}{local[27]}[mode=>local]
[2016-03-30 13:54:52,400][TRACE][org.elasticsearch.indices.recovery] [node_s1] [test][4] starting recovery to {node_s3}{VqTygZxOSJ6BKKH5T2KR8A}{local}{local[29]}[mode=>local], mark_as_relocated false
[2016-03-30 13:54:52,400][TRACE][org.elasticsearch.indices.recovery] [node_s1] captured translog id [4] for recovery
[2016-03-30 13:54:52,409][TRACE][org.elasticsearch.indices.recovery] [node_s1] [test][4] recovery [phase1] to {node_s0}{BJ9-d_yQSQGaUwf4YELEXg}{local}{local[26]}[mode=>local]: remote engine start took [180.3ms]
[2016-03-30 13:54:52,409][TRACE][org.elasticsearch.indices.recovery] [node_s1] [test][4] recovery [phase1] to {node_s0}{BJ9-d_yQSQGaUwf4YELEXg}{local}{local[26]}[mode=>local]: took [0s]
[2016-03-30 13:54:52,409][TRACE][org.elasticsearch.indices.recovery] [node_s1] snapshot translog for recovery. current size is [0]
[2016-03-30 13:54:52,409][TRACE][org.elasticsearch.indices.recovery] [node_s1] [test][4] recovery [phase2] to {node_s0}{BJ9-d_yQSQGaUwf4YELEXg}{local}{local[26]}[mode=>local]: sending transaction log operations
[2016-03-30 13:54:52,409][TRACE][org.elasticsearch.indices.recovery] [node_s1] [test][4] no translog operations to send to {node_s0}{BJ9-d_yQSQGaUwf4YELEXg}{local}{local[26]}[mode=>local]
[2016-03-30 13:54:52,409][TRACE][org.elasticsearch.indices.recovery] [node_s1] [test][4] sent final batch of [0][0b] (total: [0]) translog operations to {node_s0}{BJ9-d_yQSQGaUwf4YELEXg}{local}{local[26]}[mode=>local]
[2016-03-30 13:54:52,409][TRACE][org.elasticsearch.indices.recovery] [node_s1] [test][4] recovery [phase2] to {node_s0}{BJ9-d_yQSQGaUwf4YELEXg}{local}{local[26]}[mode=>local]: took [162.7micros]
[2016-03-30 13:54:52,409][TRACE][org.elasticsearch.indices.recovery] [node_s1] [test][4] finalizing recovery to {node_s0}{BJ9-d_yQSQGaUwf4YELEXg}{local}{local[26]}[mode=>local]
[2016-03-30 13:54:52,410][TRACE][org.elasticsearch.indices] [node_s0] [test][4] top warming [ElasticsearchDirectoryReader(FilterLeafReader(_0(5.4.0):c14) FilterLeafReader(_1(5.4.0):c6) FilterLeafReader(_2(5.4.0):c87))]
[2016-03-30 13:54:52,410][TRACE][org.elasticsearch.indices.recovery] [node_s1] [test][4] finalizing recovery to {node_s0}{BJ9-d_yQSQGaUwf4YELEXg}{local}{local[26]}[mode=>local]: took [952.1micros]
[2016-03-30 13:54:52,410][TRACE][org.elasticsearch.indices.recovery] [node_s0] [test][4] marking recovery from {node_s1}{h_TATuVsQJmOGBLmAASslA}{local}{local[27]}[mode=>local] as done, id [63]
[2016-03-30 13:54:52,411][TRACE][org.elasticsearch.indices.recovery] [node_s0] [test][4] recovery completed from {node_s1}{h_TATuVsQJmOGBLmAASslA}{local}{local[27]}[mode=>local], took[439ms]
   phase1: recovered_files [10] with total_size of [16.5kb], took [0s], throttling_wait [0s]
         : reusing_files   [0] with total_size of [0b]
   phase2: start took [180ms]
         : recovered [0] transaction log operations, took [0s]

[2016-03-30 13:54:52,417][TRACE][org.elasticsearch.indices.store] [node_s0] listing store meta data for [test][4]
[2016-03-30 13:54:52,417][TRACE][org.elasticsearch.indices.store] [node_s1] listing store meta data for [test][4]
[2016-03-30 13:54:52,417][TRACE][org.elasticsearch.indices.store] [node_s3] listing store meta data for [test][4]
[2016-03-30 13:54:52,422][TRACE][org.elasticsearch.indices.cluster] [node_s3] ignoring recovery instruction for an existing shard [test][5] (shard state: [RECOVERING])
[2016-03-30 13:54:52,422][TRACE][org.elasticsearch.indices.cluster] [node_s3] ignoring recovery instruction for an existing shard [test][4] (shard state: [RECOVERING])
[2016-03-30 13:54:52,436][TRACE][org.elasticsearch.indices.recovery] [node_s1] [test][5] recovery [phase1] to {node_s3}{VqTygZxOSJ6BKKH5T2KR8A}{local}{local[29]}[mode=>local]: recovering [_0.cfe], exists in local store, but is different: remote [name [_0.cfe], length [497], checksum [jtb1pf], writtenBy [5.4.0]], local [name [_0.cfe], length [497], checksum [rggv8e], writtenBy [5.4.0]]
[2016-03-30 13:54:52,436][TRACE][org.elasticsearch.indices.recovery] [node_s1] [test][5] recovery [phase1] to {node_s3}{VqTygZxOSJ6BKKH5T2KR8A}{local}{local[29]}[mode=>local]: recovering [_0.si], exists in local store, but is different: remote [name [_0.si], length [361], checksum [1qjv0w7], writtenBy [5.4.0]], local [name [_0.si], length [361], checksum [1t6x7px], writtenBy [5.4.0]]
[2016-03-30 13:54:52,436][TRACE][org.elasticsearch.indices.recovery] [node_s1] [test][5] recovery [phase1] to {node_s3}{VqTygZxOSJ6BKKH5T2KR8A}{local}{local[29]}[mode=>local]: recovering [_0.cfs], exists in local store, but is different: remote [name [_0.cfs], length [4231], checksum [16othvk], writtenBy [5.4.0]], local [name [_0.cfs], length [4056], checksum [1o06oc2], writtenBy [5.4.0]]
[2016-03-30 13:54:52,436][TRACE][org.elasticsearch.indices.recovery] [node_s1] [test][5] recovery [phase1] to {node_s3}{VqTygZxOSJ6BKKH5T2KR8A}{local}{local[29]}[mode=>local]: recovering [segments_3], exists in local store, but is different: remote [name [segments_3], length [196], checksum [1b14dke], writtenBy [5.4.0]], local [name [segments_3], length [322], checksum [1dm5kzf], writtenBy [5.4.0]]
[2016-03-30 13:54:52,436][TRACE][org.elasticsearch.indices.recovery] [node_s1] [test][5] recovery [phase1] to {node_s3}{VqTygZxOSJ6BKKH5T2KR8A}{local}{local[29]}[mode=>local]: recovering [_1.cfs], does not exists in remote
[2016-03-30 13:54:52,437][TRACE][org.elasticsearch.indices.recovery] [node_s1] [test][5] recovery [phase1] to {node_s3}{VqTygZxOSJ6BKKH5T2KR8A}{local}{local[29]}[mode=>local]: recovering [_1.cfe], does not exists in remote
[2016-03-30 13:54:52,437][TRACE][org.elasticsearch.indices.recovery] [node_s1] [test][5] recovery [phase1] to {node_s3}{VqTygZxOSJ6BKKH5T2KR8A}{local}{local[29]}[mode=>local]: recovering [_1.si], does not exists in remote
[2016-03-30 13:54:52,437][TRACE][org.elasticsearch.indices.recovery] [node_s1] [test][5] recovery [phase1] to {node_s3}{VqTygZxOSJ6BKKH5T2KR8A}{local}{local[29]}[mode=>local]: recovering [_2.si], does not exists in remote
[2016-03-30 13:54:52,437][TRACE][org.elasticsearch.indices.recovery] [node_s1] [test][5] recovery [phase1] to {node_s3}{VqTygZxOSJ6BKKH5T2KR8A}{local}{local[29]}[mode=>local]: recovering [_2.cfe], does not exists in remote
[2016-03-30 13:54:52,437][TRACE][org.elasticsearch.indices.recovery] [node_s1] [test][5] recovery [phase1] to {node_s3}{VqTygZxOSJ6BKKH5T2KR8A}{local}{local[29]}[mode=>local]: recovering [_2.cfs], does not exists in remote
[2016-03-30 13:54:52,437][TRACE][org.elasticsearch.indices.recovery] [node_s1] [test][5] recovery [phase1] to {node_s3}{VqTygZxOSJ6BKKH5T2KR8A}{local}{local[29]}[mode=>local]: recovering_files [10] with total_size [17.8kb], reusing_files [0] with total_size [0b]
[2016-03-30 13:54:52,449][TRACE][org.elasticsearch.indices.cluster] [node_s0] ignoring recovery instruction for an existing shard [test][2] (shard state: [RECOVERING])
[2016-03-30 13:54:52,456][DEBUG][org.elasticsearch.indices.cluster] [node_s0] [test][5] creating shard
[2016-03-30 13:54:52,464][DEBUG][org.elasticsearch.indices.store] [node_s3] [test][4] loaded store meta data (took [46.9ms])
[2016-03-30 13:54:52,470][DEBUG][org.elasticsearch.indices.store] [node_s0] [test][4] loaded store meta data (took [53ms])
[2016-03-30 13:54:52,493][DEBUG][org.elasticsearch.indices.store] [node_s1] [test][4] loaded store meta data (took [76.4ms])
[2016-03-30 13:54:52,494][TRACE][org.elasticsearch.indices.recovery] [node_s1] [test][4] recovery [phase1] to {node_s3}{VqTygZxOSJ6BKKH5T2KR8A}{local}{local[29]}[mode=>local]: recovering [_0.cfe], exists in local store, but is different: remote [name [_0.cfe], length [497], checksum [1r4wa81], writtenBy [5.4.0]], local [name [_0.cfe], length [497], checksum [1iub3fo], writtenBy [5.4.0]]
[2016-03-30 13:54:52,494][TRACE][org.elasticsearch.indices.recovery] [node_s1] [test][4] recovery [phase1] to {node_s3}{VqTygZxOSJ6BKKH5T2KR8A}{local}{local[29]}[mode=>local]: recovering [_0.si], exists in local store, but is different: remote [name [_0.si], length [361], checksum [2t2bop], writtenBy [5.4.0]], local [name [_0.si], length [361], checksum [1c9fter], writtenBy [5.4.0]]
[2016-03-30 13:54:52,494][TRACE][org.elasticsearch.indices.recovery] [node_s1] [test][4] recovery [phase1] to {node_s3}{VqTygZxOSJ6BKKH5T2KR8A}{local}{local[29]}[mode=>local]: recovering [_0.cfs], exists in local store, but is different: remote [name [_0.cfs], length [3664], checksum [qk3x09], writtenBy [5.4.0]], local [name [_0.cfs], length [3514], checksum [cg8x2g], writtenBy [5.4.0]]
[2016-03-30 13:54:52,494][TRACE][org.elasticsearch.indices.recovery] [node_s1] [test][4] recovery [phase1] to {node_s3}{VqTygZxOSJ6BKKH5T2KR8A}{local}{local[29]}[mode=>local]: recovering [_1.cfs], exists in local store, but is different: remote [name [_1.cfs], length [2834], checksum [ws4rye], writtenBy [5.4.0]], local [name [_1.cfs], length [2910], checksum [1vhvsr2], writtenBy [5.4.0]]
[2016-03-30 13:54:52,494][TRACE][org.elasticsearch.indices.recovery] [node_s1] [test][4] recovery [phase1] to {node_s3}{VqTygZxOSJ6BKKH5T2KR8A}{local}{local[29]}[mode=>local]: recovering [_1.cfe], exists in local store, but is different: remote [name [_1.cfe], length [497], checksum [1qj06ob], writtenBy [5.4.0]], local [name [_1.cfe], length [497], checksum [mzddex], writtenBy [5.4.0]]
[2016-03-30 13:54:52,494][TRACE][org.elasticsearch.indices.recovery] [node_s1] [test][4] recovery [phase1] to {node_s3}{VqTygZxOSJ6BKKH5T2KR8A}{local}{local[29]}[mode=>local]: recovering [_1.si], exists in local store, but is different: remote [name [_1.si], length [361], checksum [wexxo7], writtenBy [5.4.0]], local [name [_1.si], length [361], checksum [3syrse], writtenBy [5.4.0]]
[2016-03-30 13:54:52,494][TRACE][org.elasticsearch.indices.recovery] [node_s1] [test][4] recovery [phase1] to {node_s3}{VqTygZxOSJ6BKKH5T2KR8A}{local}{local[29]}[mode=>local]: recovering [_2.si], exists in local store, but is different: remote [name [_2.si], length [361], checksum [1b42a0y], writtenBy [5.4.0]], local [name [_2.si], length [361], checksum [8wqs65], writtenBy [5.4.0]]
[2016-03-30 13:54:52,494][TRACE][org.elasticsearch.indices.recovery] [node_s1] [test][4] recovery [phase1] to {node_s3}{VqTygZxOSJ6BKKH5T2KR8A}{local}{local[29]}[mode=>local]: recovering [_2.cfe], exists in local store, but is different: remote [name [_2.cfe], length [497], checksum [vjdivj], writtenBy [5.4.0]], local [name [_2.cfe], length [497], checksum [15u1tgr], writtenBy [5.4.0]]
[2016-03-30 13:54:52,494][TRACE][org.elasticsearch.indices.recovery] [node_s1] [test][4] recovery [phase1] to {node_s3}{VqTygZxOSJ6BKKH5T2KR8A}{local}{local[29]}[mode=>local]: recovering [_2.cfs], exists in local store, but is different: remote [name [_2.cfs], length [7567], checksum [111jrzx], writtenBy [5.4.0]], local [name [_2.cfs], length [7622], checksum [1cmkm5l], writtenBy [5.4.0]]
[2016-03-30 13:54:52,494][TRACE][org.elasticsearch.indices.recovery] [node_s1] [test][4] recovery [phase1] to {node_s3}{VqTygZxOSJ6BKKH5T2KR8A}{local}{local[29]}[mode=>local]: recovering [segments_4], exists in local store, but is different: remote [name [segments_4], length [322], checksum [phn5ce], writtenBy [5.4.0]], local [name [segments_4], length [322], checksum [f8fdwi], writtenBy [5.4.0]]
[2016-03-30 13:54:52,494][TRACE][org.elasticsearch.indices.recovery] [node_s1] [test][4] recovery [phase1] to {node_s3}{VqTygZxOSJ6BKKH5T2KR8A}{local}{local[29]}[mode=>local]: recovering_files [10] with total_size [16.5kb], reusing_files [0] with total_size [0b]
[2016-03-30 13:54:52,514][TRACE][org.elasticsearch.indices.recovery] [node_s0] [test][5] started recovery from {node_s1}{h_TATuVsQJmOGBLmAASslA}{local}{local[27]}[mode=>local], id [67]
[2016-03-30 13:54:52,514][TRACE][org.elasticsearch.indices.recovery] [node_s0] collecting local files for [test][5] [67]
[2016-03-30 13:54:52,542][TRACE][org.elasticsearch.indices.recovery] [node_s0] [test][5] starting recovery from {node_s1}{h_TATuVsQJmOGBLmAASslA}{local}{local[27]}[mode=>local]
[2016-03-30 13:54:52,542][TRACE][org.elasticsearch.indices.recovery] [node_s1] [test][5] starting recovery to {node_s0}{BJ9-d_yQSQGaUwf4YELEXg}{local}{local[26]}[mode=>local], mark_as_relocated false
[2016-03-30 13:54:52,542][TRACE][org.elasticsearch.indices.recovery] [node_s1] captured translog id [4] for recovery
[2016-03-30 13:54:52,549][TRACE][org.elasticsearch.indices.recovery] [node_s1] [test][2] recovery [phase1] to {node_s0}{BJ9-d_yQSQGaUwf4YELEXg}{local}{local[26]}[mode=>local]: prepare remote engine for translog
[2016-03-30 13:54:52,565][TRACE][org.elasticsearch.indices.recovery] [node_s1] [test][5] recovery [phase1] to {node_s0}{BJ9-d_yQSQGaUwf4YELEXg}{local}{local[26]}[mode=>local]: recovering [_0.cfe], exists in local store, but is different: remote [name [_0.cfe], length [497], checksum [43di8e], writtenBy [5.4.0]], local [name [_0.cfe], length [497], checksum [rggv8e], writtenBy [5.4.0]]
[2016-03-30 13:54:52,565][TRACE][org.elasticsearch.indices.recovery] [node_s1] [test][5] recovery [phase1] to {node_s0}{BJ9-d_yQSQGaUwf4YELEXg}{local}{local[26]}[mode=>local]: recovering [_0.si], exists in local store, but is different: remote [name [_0.si], length [361], checksum [oedn80], writtenBy [5.4.0]], local [name [_0.si], length [361], checksum [1t6x7px], writtenBy [5.4.0]]
[2016-03-30 13:54:52,565][TRACE][org.elasticsearch.indices.recovery] [node_s1] [test][5] recovery [phase1] to {node_s0}{BJ9-d_yQSQGaUwf4YELEXg}{local}{local[26]}[mode=>local]: recovering [_0.cfs], exists in local store, but is different: remote [name [_0.cfs], length [5270], checksum [6l1k2h], writtenBy [5.4.0]], local [name [_0.cfs], length [4056], checksum [1o06oc2], writtenBy [5.4.0]]
[2016-03-30 13:54:52,565][TRACE][org.elasticsearch.indices.recovery] [node_s1] [test][5] recovery [phase1] to {node_s0}{BJ9-d_yQSQGaUwf4YELEXg}{local}{local[26]}[mode=>local]: recovering [_1.cfs], exists in local store, but is different: remote [name [_1.cfs], length [3138], checksum [791zlm], writtenBy [5.4.0]], local [name [_1.cfs], length [3210], checksum [iuoqct], writtenBy [5.4.0]]
[2016-03-30 13:54:52,566][TRACE][org.elasticsearch.indices.recovery] [node_s1] [test][5] recovery [phase1] to {node_s0}{BJ9-d_yQSQGaUwf4YELEXg}{local}{local[26]}[mode=>local]: recovering [_1.cfe], exists in local store, but is different: remote [name [_1.cfe], length [497], checksum [e9j2jg], writtenBy [5.4.0]], local [name [_1.cfe], length [497], checksum [1i74tkx], writtenBy [5.4.0]]
[2016-03-30 13:54:52,566][TRACE][org.elasticsearch.indices.recovery] [node_s1] [test][5] recovery [phase1] to {node_s0}{BJ9-d_yQSQGaUwf4YELEXg}{local}{local[26]}[mode=>local]: recovering [_1.si], exists in local store, but is different: remote [name [_1.si], length [361], checksum [18fzhry], writtenBy [5.4.0]], local [name [_1.si], length [361], checksum [lrel0a], writtenBy [5.4.0]]
[2016-03-30 13:54:52,566][TRACE][org.elasticsearch.indices.recovery] [node_s1] [test][5] recovery [phase1] to {node_s0}{BJ9-d_yQSQGaUwf4YELEXg}{local}{local[26]}[mode=>local]: recovering [_2.si], exists in local store, but is different: remote [name [_2.si], length [361], checksum [18tst8y], writtenBy [5.4.0]], local [name [_2.si], length [361], checksum [16uhsui], writtenBy [5.4.0]]
[2016-03-30 13:54:52,566][TRACE][org.elasticsearch.indices.recovery] [node_s1] [test][5] recovery [phase1] to {node_s0}{BJ9-d_yQSQGaUwf4YELEXg}{local}{local[26]}[mode=>local]: recovering [_2.cfe], exists in local store, but is different: remote [name [_2.cfe], length [497], checksum [1s5a0mo], writtenBy [5.4.0]], local [name [_2.cfe], length [497], checksum [1pf482j], writtenBy [5.4.0]]
[2016-03-30 13:54:52,566][TRACE][org.elasticsearch.indices.recovery] [node_s1] [test][5] recovery [phase1] to {node_s0}{BJ9-d_yQSQGaUwf4YELEXg}{local}{local[26]}[mode=>local]: recovering [_2.cfs], exists in local store, but is different: remote [name [_2.cfs], length [7037], checksum [10xbusc], writtenBy [5.4.0]], local [name [_2.cfs], length [8108], checksum [1oc6i13], writtenBy [5.4.0]]
[2016-03-30 13:54:52,566][TRACE][org.elasticsearch.indices.recovery] [node_s1] [test][5] recovery [phase1] to {node_s0}{BJ9-d_yQSQGaUwf4YELEXg}{local}{local[26]}[mode=>local]: recovering [segments_3], does not exists in remote
[2016-03-30 13:54:52,566][TRACE][org.elasticsearch.indices.recovery] [node_s1] [test][5] recovery [phase1] to {node_s0}{BJ9-d_yQSQGaUwf4YELEXg}{local}{local[26]}[mode=>local]: recovering_files [10] with total_size [17.8kb], reusing_files [0] with total_size [0b]
[2016-03-30 13:54:52,596][TRACE][org.elasticsearch.indices] [node_s0] [test][2] warming [ElasticsearchDirectoryReader(FilterLeafReader(_0(5.4.0):c1) FilterLeafReader(_1(5.4.0):c109))]
[2016-03-30 13:54:52,596][TRACE][org.elasticsearch.indices] [node_s0] [test][2] top warming [ElasticsearchDirectoryReader(FilterLeafReader(_0(5.4.0):c1) FilterLeafReader(_1(5.4.0):c109))]
[2016-03-30 13:54:52,612][TRACE][org.elasticsearch.indices.recovery] [node_s1] [test][2] recovery [phase1] to {node_s0}{BJ9-d_yQSQGaUwf4YELEXg}{local}{local[26]}[mode=>local]: remote engine start took [63.5ms]
[2016-03-30 13:54:52,612][TRACE][org.elasticsearch.indices.recovery] [node_s1] [test][2] recovery [phase1] to {node_s0}{BJ9-d_yQSQGaUwf4YELEXg}{local}{local[26]}[mode=>local]: took [0s]
[2016-03-30 13:54:52,612][TRACE][org.elasticsearch.indices.recovery] [node_s1] snapshot translog for recovery. current size is [0]
[2016-03-30 13:54:52,613][TRACE][org.elasticsearch.indices.recovery] [node_s1] [test][2] recovery [phase2] to {node_s0}{BJ9-d_yQSQGaUwf4YELEXg}{local}{local[26]}[mode=>local]: sending transaction log operations
[2016-03-30 13:54:52,613][TRACE][org.elasticsearch.indices.recovery] [node_s1] [test][2] no translog operations to send to {node_s0}{BJ9-d_yQSQGaUwf4YELEXg}{local}{local[26]}[mode=>local]
[2016-03-30 13:54:52,613][TRACE][org.elasticsearch.indices.recovery] [node_s1] [test][2] sent final batch of [0][0b] (total: [0]) translog operations to {node_s0}{BJ9-d_yQSQGaUwf4YELEXg}{local}{local[26]}[mode=>local]
[2016-03-30 13:54:52,613][TRACE][org.elasticsearch.indices.recovery] [node_s1] [test][2] recovery [phase2] to {node_s0}{BJ9-d_yQSQGaUwf4YELEXg}{local}{local[26]}[mode=>local]: took [194.7micros]
[2016-03-30 13:54:52,613][TRACE][org.elasticsearch.indices.recovery] [node_s1] [test][2] finalizing recovery to {node_s0}{BJ9-d_yQSQGaUwf4YELEXg}{local}{local[26]}[mode=>local]
[2016-03-30 13:54:52,613][TRACE][org.elasticsearch.indices] [node_s0] [test][2] top warming [ElasticsearchDirectoryReader(FilterLeafReader(_0(5.4.0):c1) FilterLeafReader(_1(5.4.0):c109))]
[2016-03-30 13:54:52,614][TRACE][org.elasticsearch.indices.recovery] [node_s1] [test][2] finalizing recovery to {node_s0}{BJ9-d_yQSQGaUwf4YELEXg}{local}{local[26]}[mode=>local]: took [676.4micros]
[2016-03-30 13:54:52,614][TRACE][org.elasticsearch.indices.recovery] [node_s0] [test][2] marking recovery from {node_s1}{h_TATuVsQJmOGBLmAASslA}{local}{local[27]}[mode=>local] as done, id [64]
[2016-03-30 13:54:52,614][TRACE][org.elasticsearch.indices.recovery] [node_s0] [test][2] recovery completed from {node_s1}{h_TATuVsQJmOGBLmAASslA}{local}{local[27]}[mode=>local], took[394ms]
   phase1: recovered_files [7] with total_size of [13kb], took [0s], throttling_wait [0s]
         : reusing_files   [0] with total_size of [0b]
   phase2: start took [63ms]
         : recovered [0] transaction log operations, took [0s]

[2016-03-30 13:54:52,621][TRACE][org.elasticsearch.indices.cluster] [node_s3] ignoring recovery instruction for an existing shard [test][5] (shard state: [RECOVERING])
[2016-03-30 13:54:52,622][TRACE][org.elasticsearch.indices.cluster] [node_s3] ignoring recovery instruction for an existing shard [test][4] (shard state: [RECOVERING])
[2016-03-30 13:54:52,650][TRACE][org.elasticsearch.indices.recovery] [node_s1] [test][5] recovery [phase1] to {node_s3}{VqTygZxOSJ6BKKH5T2KR8A}{local}{local[29]}[mode=>local]: prepare remote engine for translog
[2016-03-30 13:54:52,657][DEBUG][org.elasticsearch.indices.cluster] [node_s0] [test][7] creating shard
[2016-03-30 13:54:52,676][TRACE][org.elasticsearch.indices.recovery] [node_s0] [test][7] started recovery from {node_s1}{h_TATuVsQJmOGBLmAASslA}{local}{local[27]}[mode=>local], id [68]
[2016-03-30 13:54:52,676][TRACE][org.elasticsearch.indices.recovery] [node_s0] collecting local files for [test][7] [68]
[2016-03-30 13:54:52,676][TRACE][org.elasticsearch.indices.cluster] [node_s0] ignoring recovery instruction for an existing shard [test][5] (shard state: [RECOVERING])
[2016-03-30 13:54:52,684][TRACE][org.elasticsearch.indices.recovery] [node_s0] [test][7] starting recovery from {node_s1}{h_TATuVsQJmOGBLmAASslA}{local}{local[27]}[mode=>local]
[2016-03-30 13:54:52,684][TRACE][org.elasticsearch.indices.recovery] [node_s1] [test][7] starting recovery to {node_s0}{BJ9-d_yQSQGaUwf4YELEXg}{local}{local[26]}[mode=>local], mark_as_relocated false
[2016-03-30 13:54:52,684][TRACE][org.elasticsearch.indices.recovery] [node_s1] captured translog id [4] for recovery
[2016-03-30 13:54:52,690][TRACE][org.elasticsearch.indices] [node_s3] [test][5] warming [ElasticsearchDirectoryReader(FilterLeafReader(_0(5.4.0):c26) FilterLeafReader(_1(5.4.0):c10) FilterLeafReader(_2(5.4.0):c95))]
[2016-03-30 13:54:52,690][TRACE][org.elasticsearch.indices] [node_s3] [test][5] top warming [ElasticsearchDirectoryReader(FilterLeafReader(_0(5.4.0):c26) FilterLeafReader(_1(5.4.0):c10) FilterLeafReader(_2(5.4.0):c95))]
[2016-03-30 13:54:52,696][TRACE][org.elasticsearch.indices.recovery] [node_s1] [test][4] recovery [phase1] to {node_s3}{VqTygZxOSJ6BKKH5T2KR8A}{local}{local[29]}[mode=>local]: prepare remote engine for translog
[2016-03-30 13:54:52,701][TRACE][org.elasticsearch.indices.recovery] [node_s1] [test][7] recovery [phase1] to {node_s0}{BJ9-d_yQSQGaUwf4YELEXg}{local}{local[26]}[mode=>local]: recovering [_0.cfe], exists in local store, but is different: remote [name [_0.cfe], length [497], checksum [1glhu5j], writtenBy [5.4.0]], local [name [_0.cfe], length [497], checksum [96zsfj], writtenBy [5.4.0]]
[2016-03-30 13:54:52,701][TRACE][org.elasticsearch.indices.recovery] [node_s1] [test][7] recovery [phase1] to {node_s0}{BJ9-d_yQSQGaUwf4YELEXg}{local}{local[26]}[mode=>local]: recovering [_0.si], exists in local store, but is different: remote [name [_0.si], length [361], checksum [vn0c1f], writtenBy [5.4.0]], local [name [_0.si], length [361], checksum [18282aj], writtenBy [5.4.0]]
[2016-03-30 13:54:52,701][TRACE][org.elasticsearch.indices.recovery] [node_s1] [test][7] recovery [phase1] to {node_s0}{BJ9-d_yQSQGaUwf4YELEXg}{local}{local[26]}[mode=>local]: recovering [_0.cfs], exists in local store, but is different: remote [name [_0.cfs], length [6902], checksum [epokau], writtenBy [5.4.0]], local [name [_0.cfs], length [6115], checksum [1lz4r6h], writtenBy [5.4.0]]
[2016-03-30 13:54:52,701][TRACE][org.elasticsearch.indices.recovery] [node_s1] [test][7] recovery [phase1] to {node_s0}{BJ9-d_yQSQGaUwf4YELEXg}{local}{local[26]}[mode=>local]: recovering [_2.si], does not exists in remote
[2016-03-30 13:54:52,701][TRACE][org.elasticsearch.indices.recovery] [node_s1] [test][7] recovery [phase1] to {node_s0}{BJ9-d_yQSQGaUwf4YELEXg}{local}{local[26]}[mode=>local]: recovering [_2.cfe], does not exists in remote
[2016-03-30 13:54:52,701][TRACE][org.elasticsearch.indices.recovery] [node_s1] [test][7] recovery [phase1] to {node_s0}{BJ9-d_yQSQGaUwf4YELEXg}{local}{local[26]}[mode=>local]: recovering [_2.cfs], does not exists in remote
[2016-03-30 13:54:52,702][TRACE][org.elasticsearch.indices.recovery] [node_s1] [test][7] recovery [phase1] to {node_s0}{BJ9-d_yQSQGaUwf4YELEXg}{local}{local[26]}[mode=>local]: recovering [segments_4], does not exists in remote
[2016-03-30 13:54:52,702][TRACE][org.elasticsearch.indices.recovery] [node_s1] [test][7] recovery [phase1] to {node_s0}{BJ9-d_yQSQGaUwf4YELEXg}{local}{local[26]}[mode=>local]: recovering_files [7] with total_size [14.4kb], reusing_files [0] with total_size [0b]
[2016-03-30 13:54:52,711][TRACE][org.elasticsearch.indices.recovery] [node_s1] [test][5] recovery [phase1] to {node_s3}{VqTygZxOSJ6BKKH5T2KR8A}{local}{local[29]}[mode=>local]: remote engine start took [61.1ms]
[2016-03-30 13:54:52,711][TRACE][org.elasticsearch.indices.recovery] [node_s1] [test][5] recovery [phase1] to {node_s3}{VqTygZxOSJ6BKKH5T2KR8A}{local}{local[29]}[mode=>local]: took [0s]
[2016-03-30 13:54:52,711][TRACE][org.elasticsearch.indices.recovery] [node_s1] snapshot translog for recovery. current size is [0]
[2016-03-30 13:54:52,711][TRACE][org.elasticsearch.indices.recovery] [node_s1] [test][5] recovery [phase2] to {node_s3}{VqTygZxOSJ6BKKH5T2KR8A}{local}{local[29]}[mode=>local]: sending transaction log operations
[2016-03-30 13:54:52,711][TRACE][org.elasticsearch.indices.recovery] [node_s1] [test][5] no translog operations to send to {node_s3}{VqTygZxOSJ6BKKH5T2KR8A}{local}{local[29]}[mode=>local]
[2016-03-30 13:54:52,711][TRACE][org.elasticsearch.indices.recovery] [node_s1] [test][5] sent final batch of [0][0b] (total: [0]) translog operations to {node_s3}{VqTygZxOSJ6BKKH5T2KR8A}{local}{local[29]}[mode=>local]
[2016-03-30 13:54:52,711][TRACE][org.elasticsearch.indices.recovery] [node_s1] [test][5] recovery [phase2] to {node_s3}{VqTygZxOSJ6BKKH5T2KR8A}{local}{local[29]}[mode=>local]: took [193.2micros]
[2016-03-30 13:54:52,711][TRACE][org.elasticsearch.indices.recovery] [node_s1] [test][5] finalizing recovery to {node_s3}{VqTygZxOSJ6BKKH5T2KR8A}{local}{local[29]}[mode=>local]
[2016-03-30 13:54:52,712][TRACE][org.elasticsearch.indices] [node_s3] [test][5] top warming [ElasticsearchDirectoryReader(FilterLeafReader(_0(5.4.0):c26) FilterLeafReader(_1(5.4.0):c10) FilterLeafReader(_2(5.4.0):c95))]
[2016-03-30 13:54:52,712][TRACE][org.elasticsearch.indices.recovery] [node_s1] [test][5] finalizing recovery to {node_s3}{VqTygZxOSJ6BKKH5T2KR8A}{local}{local[29]}[mode=>local]: took [956micros]
[2016-03-30 13:54:52,713][TRACE][org.elasticsearch.indices.recovery] [node_s3] [test][5] marking recovery from {node_s1}{h_TATuVsQJmOGBLmAASslA}{local}{local[27]}[mode=>local] as done, id [66]
[2016-03-30 13:54:52,713][TRACE][org.elasticsearch.indices.recovery] [node_s3] [test][5] recovery completed from {node_s1}{h_TATuVsQJmOGBLmAASslA}{local}{local[27]}[mode=>local], took[341ms]
   phase1: recovered_files [10] with total_size of [17.8kb], took [0s], throttling_wait [0s]
         : reusing_files   [0] with total_size of [0b]
   phase2: start took [61ms]
         : recovered [0] transaction log operations, took [0s]

[2016-03-30 13:54:52,715][TRACE][org.elasticsearch.indices.store] [node_s3] listing store meta data for [test][5]
[2016-03-30 13:54:52,715][TRACE][org.elasticsearch.indices.store] [node_s0] listing store meta data for [test][5]
[2016-03-30 13:54:52,715][TRACE][org.elasticsearch.indices.store] [node_s1] listing store meta data for [test][5]
[2016-03-30 13:54:52,720][TRACE][org.elasticsearch.indices.cluster] [node_s3] ignoring recovery instruction for an existing shard [test][4] (shard state: [RECOVERING])
[2016-03-30 13:54:52,720][DEBUG][org.elasticsearch.indices.cluster] [node_s3] [test][6] creating shard
[2016-03-30 13:54:52,746][TRACE][org.elasticsearch.indices] [node_s3] [test][4] warming [ElasticsearchDirectoryReader(FilterLeafReader(_0(5.4.0):c14) FilterLeafReader(_1(5.4.0):c6) FilterLeafReader(_2(5.4.0):c87))]
[2016-03-30 13:54:52,747][TRACE][org.elasticsearch.indices] [node_s3] [test][4] top warming [ElasticsearchDirectoryReader(FilterLeafReader(_0(5.4.0):c14) FilterLeafReader(_1(5.4.0):c6) FilterLeafReader(_2(5.4.0):c87))]
[2016-03-30 13:54:52,751][DEBUG][org.elasticsearch.indices.store] [node_s3] [test][5] loaded store meta data (took [36.2ms])
[2016-03-30 13:54:52,760][DEBUG][org.elasticsearch.indices.store] [node_s1] [test][5] loaded store meta data (took [44.9ms])
[2016-03-30 13:54:52,763][TRACE][org.elasticsearch.indices.recovery] [node_s3] [test][6] started recovery from {node_s1}{h_TATuVsQJmOGBLmAASslA}{local}{local[27]}[mode=>local], id [69]
[2016-03-30 13:54:52,763][TRACE][org.elasticsearch.indices.recovery] [node_s3] collecting local files for [test][6] [69]
[2016-03-30 13:54:52,773][TRACE][org.elasticsearch.indices.recovery] [node_s3] [test][6] starting recovery from {node_s1}{h_TATuVsQJmOGBLmAASslA}{local}{local[27]}[mode=>local]
[2016-03-30 13:54:52,774][TRACE][org.elasticsearch.indices.recovery] [node_s1] [test][6] starting recovery to {node_s3}{VqTygZxOSJ6BKKH5T2KR8A}{local}{local[29]}[mode=>local], mark_as_relocated false
[2016-03-30 13:54:52,774][TRACE][org.elasticsearch.indices.recovery] [node_s1] captured translog id [4] for recovery
[2016-03-30 13:54:52,777][DEBUG][org.elasticsearch.indices.store] [node_s0] [test][5] loaded store meta data (took [62.3ms])
[2016-03-30 13:54:52,778][DEBUG][org.elasticsearch.indices.store] [node_s0] failed to execute on node [BJ9-d_yQSQGaUwf4YELEXg]
RemoteTransportException[[node_s0][local[26]][internal:cluster/nodes/indices/shard/store[n]]]; nested: ElasticsearchException[Failed to list store metadata for shard [[test][5]]]; nested: CorruptIndexException[file mismatch, expected id=50gzem82ckjxc8lt17k2993un, got=50gzem82ckjxc8lt17k2993ul (resource=BufferedChecksumIndexInput(MockIndexInputWrapper(NIOFSIndexInput(path="/Users/brijeshs/Documents/elasticsearch_sort_netbeans/elasticsearch/core/build/testrun/integTest/J1/temp/org.elasticsearch.indices.flush.FlushIT_F7928424F380CF7C-001/tempDir-001/data/SUITE-CHILD_VM=[1]-CLUSTER_SEED=[4002021444443819046]-HASH=[462546CEAD50E]-cluster/nodes/0/indices/test/5/index/_0.si"))))];
Caused by: ElasticsearchException[Failed to list store metadata for shard [[test][5]]]; nested: CorruptIndexException[file mismatch, expected id=50gzem82ckjxc8lt17k2993un, got=50gzem82ckjxc8lt17k2993ul (resource=BufferedChecksumIndexInput(MockIndexInputWrapper(NIOFSIndexInput(path="/Users/brijeshs/Documents/elasticsearch_sort_netbeans/elasticsearch/core/build/testrun/integTest/J1/temp/org.elasticsearch.indices.flush.FlushIT_F7928424F380CF7C-001/tempDir-001/data/SUITE-CHILD_VM=[1]-CLUSTER_SEED=[4002021444443819046]-HASH=[462546CEAD50E]-cluster/nodes/0/indices/test/5/index/_0.si"))))];
	at org.elasticsearch.indices.store.TransportNodesListShardStoreMetaData.nodeOperation(TransportNodesListShardStoreMetaData.java:142)
	at org.elasticsearch.indices.store.TransportNodesListShardStoreMetaData.nodeOperation(TransportNodesListShardStoreMetaData.java:65)
	at org.elasticsearch.action.support.nodes.TransportNodesAction$NodeTransportHandler.messageReceived(TransportNodesAction.java:212)
	at org.elasticsearch.action.support.nodes.TransportNodesAction$NodeTransportHandler.messageReceived(TransportNodesAction.java:208)
	at org.elasticsearch.transport.TransportService$4.doRun(TransportService.java:350)
	at org.elasticsearch.common.util.concurrent.AbstractRunnable.run(AbstractRunnable.java:37)
	at java.util.concurrent.ThreadPoolExecutor.runWorker(ThreadPoolExecutor.java:1142)
	at java.util.concurrent.ThreadPoolExecutor$Worker.run(ThreadPoolExecutor.java:617)
	at java.lang.Thread.run(Thread.java:745)
Caused by: org.apache.lucene.index.CorruptIndexException: file mismatch, expected id=50gzem82ckjxc8lt17k2993un, got=50gzem82ckjxc8lt17k2993ul (resource=BufferedChecksumIndexInput(MockIndexInputWrapper(NIOFSIndexInput(path="/Users/brijeshs/Documents/elasticsearch_sort_netbeans/elasticsearch/core/build/testrun/integTest/J1/temp/org.elasticsearch.indices.flush.FlushIT_F7928424F380CF7C-001/tempDir-001/data/SUITE-CHILD_VM=[1]-CLUSTER_SEED=[4002021444443819046]-HASH=[462546CEAD50E]-cluster/nodes/0/indices/test/5/index/_0.si"))))
	at org.apache.lucene.codecs.CodecUtil.checkIndexHeaderID(CodecUtil.java:268)
	at org.apache.lucene.codecs.CodecUtil.checkIndexHeader(CodecUtil.java:257)
	at org.apache.lucene.codecs.lucene50.Lucene50SegmentInfoFormat.read(Lucene50SegmentInfoFormat.java:86)
	at org.apache.lucene.index.SegmentInfos.readCommit(SegmentInfos.java:362)
	at org.apache.lucene.index.SegmentInfos$1.doBody(SegmentInfos.java:493)
	at org.apache.lucene.index.SegmentInfos$1.doBody(SegmentInfos.java:490)
	at org.apache.lucene.index.SegmentInfos$FindSegmentsFile.run(SegmentInfos.java:731)
	at org.apache.lucene.index.SegmentInfos$FindSegmentsFile.run(SegmentInfos.java:683)
	at org.apache.lucene.index.SegmentInfos.readLatestCommit(SegmentInfos.java:495)
	at org.elasticsearch.common.lucene.Lucene.readSegmentInfos(Lucene.java:98)
	at org.elasticsearch.index.store.Store.readSegmentsInfo(Store.java:161)
	at org.elasticsearch.index.store.Store.access$200(Store.java:88)
	at org.elasticsearch.index.store.Store$MetadataSnapshot.loadMetadata(Store.java:811)
	at org.elasticsearch.index.store.Store$MetadataSnapshot.<init>(Store.java:760)
	at org.elasticsearch.index.store.Store.getMetadata(Store.java:231)
	at org.elasticsearch.index.store.Store.getMetadataOrEmpty(Store.java:190)
	at org.elasticsearch.indices.store.TransportNodesListShardStoreMetaData.listStoreMetaData(TransportNodesListShardStoreMetaData.java:159)
	at org.elasticsearch.indices.store.TransportNodesListShardStoreMetaData.nodeOperation(TransportNodesListShardStoreMetaData.java:140)
	... 8 more
	Suppressed: org.apache.lucene.index.CorruptIndexException: checksum passed (eaf50f55). possibly transient resource issue, or a Lucene or JVM bug (resource=BufferedChecksumIndexInput(MockIndexInputWrapper(NIOFSIndexInput(path="/Users/brijeshs/Documents/elasticsearch_sort_netbeans/elasticsearch/core/build/testrun/integTest/J1/temp/org.elasticsearch.indices.flush.FlushIT_F7928424F380CF7C-001/tempDir-001/data/SUITE-CHILD_VM=[1]-CLUSTER_SEED=[4002021444443819046]-HASH=[462546CEAD50E]-cluster/nodes/0/indices/test/5/index/_0.si"))))
		at org.apache.lucene.codecs.CodecUtil.checkFooter(CodecUtil.java:380)
		at org.apache.lucene.codecs.lucene50.Lucene50SegmentInfoFormat.read(Lucene50SegmentInfoFormat.java:117)
		... 23 more
[2016-03-30 13:54:52,779][WARN ][org.elasticsearch.gateway] [node_s0] [test][5]: failed to list shard for shard_store on node [BJ9-d_yQSQGaUwf4YELEXg]
FailedNodeException[Failed node [BJ9-d_yQSQGaUwf4YELEXg]]; nested: RemoteTransportException[[node_s0][local[26]][internal:cluster/nodes/indices/shard/store[n]]]; nested: ElasticsearchException[Failed to list store metadata for shard [[test][5]]]; nested: CorruptIndexException[file mismatch, expected id=50gzem82ckjxc8lt17k2993un, got=50gzem82ckjxc8lt17k2993ul (resource=BufferedChecksumIndexInput(MockIndexInputWrapper(NIOFSIndexInput(path="/Users/brijeshs/Documents/elasticsearch_sort_netbeans/elasticsearch/core/build/testrun/integTest/J1/temp/org.elasticsearch.indices.flush.FlushIT_F7928424F380CF7C-001/tempDir-001/data/SUITE-CHILD_VM=[1]-CLUSTER_SEED=[4002021444443819046]-HASH=[462546CEAD50E]-cluster/nodes/0/indices/test/5/index/_0.si"))))];
	at org.elasticsearch.action.support.nodes.TransportNodesAction$AsyncAction.onFailure(TransportNodesAction.java:188)
	at org.elasticsearch.action.support.nodes.TransportNodesAction$AsyncAction.access$700(TransportNodesAction.java:95)
	at org.elasticsearch.action.support.nodes.TransportNodesAction$AsyncAction$2.handleException(TransportNodesAction.java:161)
	at org.elasticsearch.transport.TransportService$DirectResponseChannel.processException(TransportService.java:810)
	at org.elasticsearch.transport.TransportService$DirectResponseChannel.sendResponse(TransportService.java:788)
	at org.elasticsearch.transport.TransportService$4.onFailure(TransportService.java:361)
	at org.elasticsearch.common.util.concurrent.AbstractRunnable.run(AbstractRunnable.java:39)
	at java.util.concurrent.ThreadPoolExecutor.runWorker(ThreadPoolExecutor.java:1142)
	at java.util.concurrent.ThreadPoolExecutor$Worker.run(ThreadPoolExecutor.java:617)
	at java.lang.Thread.run(Thread.java:745)
Caused by: RemoteTransportException[[node_s0][local[26]][internal:cluster/nodes/indices/shard/store[n]]]; nested: ElasticsearchException[Failed to list store metadata for shard [[test][5]]]; nested: CorruptIndexException[file mismatch, expected id=50gzem82ckjxc8lt17k2993un, got=50gzem82ckjxc8lt17k2993ul (resource=BufferedChecksumIndexInput(MockIndexInputWrapper(NIOFSIndexInput(path="/Users/brijeshs/Documents/elasticsearch_sort_netbeans/elasticsearch/core/build/testrun/integTest/J1/temp/org.elasticsearch.indices.flush.FlushIT_F7928424F380CF7C-001/tempDir-001/data/SUITE-CHILD_VM=[1]-CLUSTER_SEED=[4002021444443819046]-HASH=[462546CEAD50E]-cluster/nodes/0/indices/test/5/index/_0.si"))))];
Caused by: ElasticsearchException[Failed to list store metadata for shard [[test][5]]]; nested: CorruptIndexException[file mismatch, expected id=50gzem82ckjxc8lt17k2993un, got=50gzem82ckjxc8lt17k2993ul (resource=BufferedChecksumIndexInput(MockIndexInputWrapper(NIOFSIndexInput(path="/Users/brijeshs/Documents/elasticsearch_sort_netbeans/elasticsearch/core/build/testrun/integTest/J1/temp/org.elasticsearch.indices.flush.FlushIT_F7928424F380CF7C-001/tempDir-001/data/SUITE-CHILD_VM=[1]-CLUSTER_SEED=[4002021444443819046]-HASH=[462546CEAD50E]-cluster/nodes/0/indices/test/5/index/_0.si"))))];
	at org.elasticsearch.indices.store.TransportNodesListShardStoreMetaData.nodeOperation(TransportNodesListShardStoreMetaData.java:142)
	at org.elasticsearch.indices.store.TransportNodesListShardStoreMetaData.nodeOperation(TransportNodesListShardStoreMetaData.java:65)
	at org.elasticsearch.action.support.nodes.TransportNodesAction$NodeTransportHandler.messageReceived(TransportNodesAction.java:212)
	at org.elasticsearch.action.support.nodes.TransportNodesAction$NodeTransportHandler.messageReceived(TransportNodesAction.java:208)
	at org.elasticsearch.transport.TransportService$4.doRun(TransportService.java:350)
	at org.elasticsearch.common.util.concurrent.AbstractRunnable.run(AbstractRunnable.java:37)
	at java.util.concurrent.ThreadPoolExecutor.runWorker(ThreadPoolExecutor.java:1142)
	at java.util.concurrent.ThreadPoolExecutor$Worker.run(ThreadPoolExecutor.java:617)
	at java.lang.Thread.run(Thread.java:745)
Caused by: org.apache.lucene.index.CorruptIndexException: file mismatch, expected id=50gzem82ckjxc8lt17k2993un, got=50gzem82ckjxc8lt17k2993ul (resource=BufferedChecksumIndexInput(MockIndexInputWrapper(NIOFSIndexInput(path="/Users/brijeshs/Documents/elasticsearch_sort_netbeans/elasticsearch/core/build/testrun/integTest/J1/temp/org.elasticsearch.indices.flush.FlushIT_F7928424F380CF7C-001/tempDir-001/data/SUITE-CHILD_VM=[1]-CLUSTER_SEED=[4002021444443819046]-HASH=[462546CEAD50E]-cluster/nodes/0/indices/test/5/index/_0.si"))))
	at org.apache.lucene.codecs.CodecUtil.checkIndexHeaderID(CodecUtil.java:268)
	at org.apache.lucene.codecs.CodecUtil.checkIndexHeader(CodecUtil.java:257)
	at org.apache.lucene.codecs.lucene50.Lucene50SegmentInfoFormat.read(Lucene50SegmentInfoFormat.java:86)
	at org.apache.lucene.index.SegmentInfos.readCommit(SegmentInfos.java:362)
	at org.apache.lucene.index.SegmentInfos$1.doBody(SegmentInfos.java:493)
	at org.apache.lucene.index.SegmentInfos$1.doBody(SegmentInfos.java:490)
	at org.apache.lucene.index.SegmentInfos$FindSegmentsFile.run(SegmentInfos.java:731)
	at org.apache.lucene.index.SegmentInfos$FindSegmentsFile.run(SegmentInfos.java:683)
	at org.apache.lucene.index.SegmentInfos.readLatestCommit(SegmentInfos.java:495)
	at org.elasticsearch.common.lucene.Lucene.readSegmentInfos(Lucene.java:98)
	at org.elasticsearch.index.store.Store.readSegmentsInfo(Store.java:161)
	at org.elasticsearch.index.store.Store.access$200(Store.java:88)
	at org.elasticsearch.index.store.Store$MetadataSnapshot.loadMetadata(Store.java:811)
	at org.elasticsearch.index.store.Store$MetadataSnapshot.<init>(Store.java:760)
	at org.elasticsearch.index.store.Store.getMetadata(Store.java:231)
	at org.elasticsearch.index.store.Store.getMetadataOrEmpty(Store.java:190)
	at org.elasticsearch.indices.store.TransportNodesListShardStoreMetaData.listStoreMetaData(TransportNodesListShardStoreMetaData.java:159)
	at org.elasticsearch.indices.store.TransportNodesListShardStoreMetaData.nodeOperation(TransportNodesListShardStoreMetaData.java:140)
	... 8 more
	Suppressed: org.apache.lucene.index.CorruptIndexException: checksum passed (eaf50f55). possibly transient resource issue, or a Lucene or JVM bug (resource=BufferedChecksumIndexInput(MockIndexInputWrapper(NIOFSIndexInput(path="/Users/brijeshs/Documents/elasticsearch_sort_netbeans/elasticsearch/core/build/testrun/integTest/J1/temp/org.elasticsearch.indices.flush.FlushIT_F7928424F380CF7C-001/tempDir-001/data/SUITE-CHILD_VM=[1]-CLUSTER_SEED=[4002021444443819046]-HASH=[462546CEAD50E]-cluster/nodes/0/indices/test/5/index/_0.si"))))
		at org.apache.lucene.codecs.CodecUtil.checkFooter(CodecUtil.java:380)
		at org.apache.lucene.codecs.lucene50.Lucene50SegmentInfoFormat.read(Lucene50SegmentInfoFormat.java:117)
		... 23 more
[2016-03-30 13:54:52,787][TRACE][org.elasticsearch.indices.recovery] [node_s1] [test][4] recovery [phase1] to {node_s3}{VqTygZxOSJ6BKKH5T2KR8A}{local}{local[29]}[mode=>local]: remote engine start took [91.1ms]
[2016-03-30 13:54:52,787][TRACE][org.elasticsearch.indices.recovery] [node_s1] [test][4] recovery [phase1] to {node_s3}{VqTygZxOSJ6BKKH5T2KR8A}{local}{local[29]}[mode=>local]: took [0s]
[2016-03-30 13:54:52,787][TRACE][org.elasticsearch.indices.recovery] [node_s1] snapshot translog for recovery. current size is [0]
[2016-03-30 13:54:52,787][TRACE][org.elasticsearch.indices.recovery] [node_s1] [test][4] recovery [phase2] to {node_s3}{VqTygZxOSJ6BKKH5T2KR8A}{local}{local[29]}[mode=>local]: sending transaction log operations
[2016-03-30 13:54:52,787][TRACE][org.elasticsearch.indices.recovery] [node_s1] [test][4] no translog operations to send to {node_s3}{VqTygZxOSJ6BKKH5T2KR8A}{local}{local[29]}[mode=>local]
[2016-03-30 13:54:52,787][TRACE][org.elasticsearch.indices.recovery] [node_s1] [test][4] sent final batch of [0][0b] (total: [0]) translog operations to {node_s3}{VqTygZxOSJ6BKKH5T2KR8A}{local}{local[29]}[mode=>local]
[2016-03-30 13:54:52,788][TRACE][org.elasticsearch.indices.recovery] [node_s1] [test][4] recovery [phase2] to {node_s3}{VqTygZxOSJ6BKKH5T2KR8A}{local}{local[29]}[mode=>local]: took [171.9micros]
[2016-03-30 13:54:52,788][TRACE][org.elasticsearch.indices.recovery] [node_s1] [test][4] finalizing recovery to {node_s3}{VqTygZxOSJ6BKKH5T2KR8A}{local}{local[29]}[mode=>local]
[2016-03-30 13:54:52,788][TRACE][org.elasticsearch.indices] [node_s3] [test][4] top warming [ElasticsearchDirectoryReader(FilterLeafReader(_0(5.4.0):c14) FilterLeafReader(_1(5.4.0):c6) FilterLeafReader(_2(5.4.0):c87))]
[2016-03-30 13:54:52,788][TRACE][org.elasticsearch.indices.recovery] [node_s1] [test][4] finalizing recovery to {node_s3}{VqTygZxOSJ6BKKH5T2KR8A}{local}{local[29]}[mode=>local]: took [720.8micros]
[2016-03-30 13:54:52,789][TRACE][org.elasticsearch.indices.recovery] [node_s3] [test][4] marking recovery from {node_s1}{h_TATuVsQJmOGBLmAASslA}{local}{local[27]}[mode=>local] as done, id [65]
[2016-03-30 13:54:52,789][TRACE][org.elasticsearch.indices.recovery] [node_s1] [test][6] recovery [phase1] to {node_s3}{VqTygZxOSJ6BKKH5T2KR8A}{local}{local[29]}[mode=>local]: recovering [_0.cfe], exists in local store, but is different: remote [name [_0.cfe], length [497], checksum [19irq4j], writtenBy [5.4.0]], local [name [_0.cfe], length [497], checksum [1io2l7g], writtenBy [5.4.0]]
[2016-03-30 13:54:52,789][TRACE][org.elasticsearch.indices.recovery] [node_s1] [test][6] recovery [phase1] to {node_s3}{VqTygZxOSJ6BKKH5T2KR8A}{local}{local[29]}[mode=>local]: recovering [_0.si], exists in local store, but is different: remote [name [_0.si], length [361], checksum [1lv0tjv], writtenBy [5.4.0]], local [name [_0.si], length [361], checksum [16s5u7], writtenBy [5.4.0]]
[2016-03-30 13:54:52,789][TRACE][org.elasticsearch.indices.recovery] [node_s1] [test][6] recovery [phase1] to {node_s3}{VqTygZxOSJ6BKKH5T2KR8A}{local}{local[29]}[mode=>local]: recovering [_0.cfs], exists in local store, but is different: remote [name [_0.cfs], length [5009], checksum [1in2az3], writtenBy [5.4.0]], local [name [_0.cfs], length [4783], checksum [qhvr1], writtenBy [5.4.0]]
[2016-03-30 13:54:52,789][TRACE][org.elasticsearch.indices.recovery] [node_s1] [test][6] recovery [phase1] to {node_s3}{VqTygZxOSJ6BKKH5T2KR8A}{local}{local[29]}[mode=>local]: recovering [_2.si], exists in local store, but is different: remote [name [_2.si], length [361], checksum [1czhh70], writtenBy [5.4.0]], local [name [_2.si], length [361], checksum [1vp0isv], writtenBy [5.4.0]]
[2016-03-30 13:54:52,789][TRACE][org.elasticsearch.indices.recovery] [node_s1] [test][6] recovery [phase1] to {node_s3}{VqTygZxOSJ6BKKH5T2KR8A}{local}{local[29]}[mode=>local]: recovering [_2.cfe], exists in local store, but is different: remote [name [_2.cfe], length [497], checksum [o57n5x], writtenBy [5.4.0]], local [name [_2.cfe], length [497], checksum [z5x1nj], writtenBy [5.4.0]]
[2016-03-30 13:54:52,789][TRACE][org.elasticsearch.indices.recovery] [node_s3] [test][4] recovery completed from {node_s1}{h_TATuVsQJmOGBLmAASslA}{local}{local[27]}[mode=>local], took[460ms]
   phase1: recovered_files [10] with total_size of [16.5kb], took [0s], throttling_wait [0s]
         : reusing_files   [0] with total_size of [0b]
   phase2: start took [91ms]
         : recovered [0] transaction log operations, took [0s]

[2016-03-30 13:54:52,789][TRACE][org.elasticsearch.indices.recovery] [node_s1] [test][6] recovery [phase1] to {node_s3}{VqTygZxOSJ6BKKH5T2KR8A}{local}{local[29]}[mode=>local]: recovering [_2.cfs], exists in local store, but is different: remote [name [_2.cfs], length [6032], checksum [1ml9l9t], writtenBy [5.4.0]], local [name [_2.cfs], length [6538], checksum [1qn0v2p], writtenBy [5.4.0]]
[2016-03-30 13:54:52,789][TRACE][org.elasticsearch.indices.recovery] [node_s1] [test][6] recovery [phase1] to {node_s3}{VqTygZxOSJ6BKKH5T2KR8A}{local}{local[29]}[mode=>local]: recovering [segments_4], does not exists in remote
[2016-03-30 13:54:52,789][TRACE][org.elasticsearch.indices.recovery] [node_s1] [test][6] recovery [phase1] to {node_s3}{VqTygZxOSJ6BKKH5T2KR8A}{local}{local[29]}[mode=>local]: recovering_files [7] with total_size [12.9kb], reusing_files [0] with total_size [0b]
[2016-03-30 13:54:52,790][TRACE][org.elasticsearch.indices.recovery] [node_s1] [test][5] recovery [phase1] to {node_s0}{BJ9-d_yQSQGaUwf4YELEXg}{local}{local[26]}[mode=>local]: prepare remote engine for translog
[2016-03-30 13:54:52,800][TRACE][org.elasticsearch.indices.cluster] [node_s0] ignoring recovery instruction for an existing shard [test][5] (shard state: [RECOVERING])
[2016-03-30 13:54:52,800][TRACE][org.elasticsearch.indices.cluster] [node_s0] ignoring recovery instruction for an existing shard [test][7] (shard state: [RECOVERING])
[2016-03-30 13:54:52,812][TRACE][org.elasticsearch.indices.recovery] [node_s1] [test][7] recovery [phase1] to {node_s0}{BJ9-d_yQSQGaUwf4YELEXg}{local}{local[26]}[mode=>local]: prepare remote engine for translog
[2016-03-30 13:54:52,826][TRACE][org.elasticsearch.indices] [node_s0] [test][5] warming [ElasticsearchDirectoryReader(FilterLeafReader(_0(5.4.0):c26) FilterLeafReader(_1(5.4.0):c10) FilterLeafReader(_2(5.4.0):c95))]
[2016-03-30 13:54:52,826][TRACE][org.elasticsearch.indices] [node_s0] [test][5] top warming [ElasticsearchDirectoryReader(FilterLeafReader(_0(5.4.0):c26) FilterLeafReader(_1(5.4.0):c10) FilterLeafReader(_2(5.4.0):c95))]
[2016-03-30 13:54:52,837][TRACE][org.elasticsearch.indices] [node_s0] [test][7] warming [ElasticsearchDirectoryReader(FilterLeafReader(_0(5.4.0):c62) FilterLeafReader(_2(5.4.0):c74))]
[2016-03-30 13:54:52,837][TRACE][org.elasticsearch.indices] [node_s0] [test][7] top warming [ElasticsearchDirectoryReader(FilterLeafReader(_0(5.4.0):c62) FilterLeafReader(_2(5.4.0):c74))]
[2016-03-30 13:54:52,841][TRACE][org.elasticsearch.indices.recovery] [node_s1] [test][5] recovery [phase1] to {node_s0}{BJ9-d_yQSQGaUwf4YELEXg}{local}{local[26]}[mode=>local]: remote engine start took [50.5ms]
[2016-03-30 13:54:52,841][TRACE][org.elasticsearch.indices.recovery] [node_s1] [test][5] recovery [phase1] to {node_s0}{BJ9-d_yQSQGaUwf4YELEXg}{local}{local[26]}[mode=>local]: took [0s]
[2016-03-30 13:54:52,841][TRACE][org.elasticsearch.indices.recovery] [node_s1] snapshot translog for recovery. current size is [0]
[2016-03-30 13:54:52,841][TRACE][org.elasticsearch.indices.recovery] [node_s1] [test][5] recovery [phase2] to {node_s0}{BJ9-d_yQSQGaUwf4YELEXg}{local}{local[26]}[mode=>local]: sending transaction log operations
[2016-03-30 13:54:52,841][TRACE][org.elasticsearch.indices.recovery] [node_s1] [test][5] no translog operations to send to {node_s0}{BJ9-d_yQSQGaUwf4YELEXg}{local}{local[26]}[mode=>local]
[2016-03-30 13:54:52,841][TRACE][org.elasticsearch.indices.recovery] [node_s1] [test][5] sent final batch of [0][0b] (total: [0]) translog operations to {node_s0}{BJ9-d_yQSQGaUwf4YELEXg}{local}{local[26]}[mode=>local]
[2016-03-30 13:54:52,841][TRACE][org.elasticsearch.indices.recovery] [node_s1] [test][5] recovery [phase2] to {node_s0}{BJ9-d_yQSQGaUwf4YELEXg}{local}{local[26]}[mode=>local]: took [167.3micros]
[2016-03-30 13:54:52,842][TRACE][org.elasticsearch.indices.recovery] [node_s1] [test][5] finalizing recovery to {node_s0}{BJ9-d_yQSQGaUwf4YELEXg}{local}{local[26]}[mode=>local]
[2016-03-30 13:54:52,842][TRACE][org.elasticsearch.indices] [node_s0] [test][5] top warming [ElasticsearchDirectoryReader(FilterLeafReader(_0(5.4.0):c26) FilterLeafReader(_1(5.4.0):c10) FilterLeafReader(_2(5.4.0):c95))]
[2016-03-30 13:54:52,842][TRACE][org.elasticsearch.indices.recovery] [node_s1] [test][5] finalizing recovery to {node_s0}{BJ9-d_yQSQGaUwf4YELEXg}{local}{local[26]}[mode=>local]: took [686micros]
[2016-03-30 13:54:52,842][TRACE][org.elasticsearch.indices.recovery] [node_s0] [test][5] marking recovery from {node_s1}{h_TATuVsQJmOGBLmAASslA}{local}{local[27]}[mode=>local] as done, id [67]
[2016-03-30 13:54:52,843][TRACE][org.elasticsearch.indices.recovery] [node_s0] [test][5] recovery completed from {node_s1}{h_TATuVsQJmOGBLmAASslA}{local}{local[27]}[mode=>local], took[328ms]
   phase1: recovered_files [10] with total_size of [17.8kb], took [0s], throttling_wait [0s]
         : reusing_files   [0] with total_size of [0b]
   phase2: start took [50ms]
         : recovered [0] transaction log operations, took [0s]

[2016-03-30 13:54:52,853][TRACE][org.elasticsearch.indices.recovery] [node_s1] [test][6] recovery [phase1] to {node_s3}{VqTygZxOSJ6BKKH5T2KR8A}{local}{local[29]}[mode=>local]: prepare remote engine for translog
[2016-03-30 13:54:52,854][TRACE][org.elasticsearch.indices.recovery] [node_s1] [test][7] recovery [phase1] to {node_s0}{BJ9-d_yQSQGaUwf4YELEXg}{local}{local[26]}[mode=>local]: remote engine start took [42.7ms]
[2016-03-30 13:54:52,855][TRACE][org.elasticsearch.indices.recovery] [node_s1] [test][7] recovery [phase1] to {node_s0}{BJ9-d_yQSQGaUwf4YELEXg}{local}{local[26]}[mode=>local]: took [0s]
[2016-03-30 13:54:52,855][TRACE][org.elasticsearch.indices.recovery] [node_s1] snapshot translog for recovery. current size is [0]
[2016-03-30 13:54:52,855][TRACE][org.elasticsearch.indices.recovery] [node_s1] [test][7] recovery [phase2] to {node_s0}{BJ9-d_yQSQGaUwf4YELEXg}{local}{local[26]}[mode=>local]: sending transaction log operations
[2016-03-30 13:54:52,855][TRACE][org.elasticsearch.indices.recovery] [node_s1] [test][7] no translog operations to send to {node_s0}{BJ9-d_yQSQGaUwf4YELEXg}{local}{local[26]}[mode=>local]
[2016-03-30 13:54:52,855][TRACE][org.elasticsearch.indices.recovery] [node_s1] [test][7] sent final batch of [0][0b] (total: [0]) translog operations to {node_s0}{BJ9-d_yQSQGaUwf4YELEXg}{local}{local[26]}[mode=>local]
[2016-03-30 13:54:52,855][TRACE][org.elasticsearch.indices.recovery] [node_s1] [test][7] recovery [phase2] to {node_s0}{BJ9-d_yQSQGaUwf4YELEXg}{local}{local[26]}[mode=>local]: took [158.4micros]
[2016-03-30 13:54:52,855][TRACE][org.elasticsearch.indices.recovery] [node_s1] [test][7] finalizing recovery to {node_s0}{BJ9-d_yQSQGaUwf4YELEXg}{local}{local[26]}[mode=>local]
[2016-03-30 13:54:52,855][TRACE][org.elasticsearch.indices] [node_s0] [test][7] top warming [ElasticsearchDirectoryReader(FilterLeafReader(_0(5.4.0):c62) FilterLeafReader(_2(5.4.0):c74))]
[2016-03-30 13:54:52,856][TRACE][org.elasticsearch.indices.recovery] [node_s1] [test][7] finalizing recovery to {node_s0}{BJ9-d_yQSQGaUwf4YELEXg}{local}{local[26]}[mode=>local]: took [806.8micros]
[2016-03-30 13:54:52,856][TRACE][org.elasticsearch.indices.recovery] [node_s0] [test][7] marking recovery from {node_s1}{h_TATuVsQJmOGBLmAASslA}{local}{local[27]}[mode=>local] as done, id [68]
[2016-03-30 13:54:52,856][TRACE][org.elasticsearch.indices.recovery] [node_s0] [test][7] recovery completed from {node_s1}{h_TATuVsQJmOGBLmAASslA}{local}{local[27]}[mode=>local], took[180ms]
   phase1: recovered_files [7] with total_size of [14.4kb], took [0s], throttling_wait [0s]
         : reusing_files   [0] with total_size of [0b]
   phase2: start took [42ms]
         : recovered [0] transaction log operations, took [0s]

[2016-03-30 13:54:52,867][TRACE][org.elasticsearch.indices.store] [node_s3] listing store meta data for [test][7]
[2016-03-30 13:54:52,867][TRACE][org.elasticsearch.indices.store] [node_s0] listing store meta data for [test][7]
[2016-03-30 13:54:52,867][TRACE][org.elasticsearch.indices.store] [node_s1] listing store meta data for [test][7]
[2016-03-30 13:54:52,869][TRACE][org.elasticsearch.indices.store] [node_s3] found state file: [id:2, legacy:false, file:/Users/brijeshs/Documents/elasticsearch_sort_netbeans/elasticsearch/core/build/testrun/integTest/J1/temp/org.elasticsearch.indices.flush.FlushIT_F7928424F380CF7C-001/tempDir-001/data/SUITE-CHILD_VM=[1]-CLUSTER_SEED=[4002021444443819046]-HASH=[462546CEAD50E]-cluster/nodes/2/indices/test/7/_state/state-2.st]
[2016-03-30 13:54:52,872][TRACE][org.elasticsearch.indices.store] [node_s3] state id [2] read from [state-2.st]
[2016-03-30 13:54:52,872][DEBUG][org.elasticsearch.indices.store] [node_s3] [test][7] loaded data path [/Users/brijeshs/Documents/elasticsearch_sort_netbeans/elasticsearch/core/build/testrun/integTest/J1/temp/org.elasticsearch.indices.flush.FlushIT_F7928424F380CF7C-001/tempDir-001/data/SUITE-CHILD_VM=[1]-CLUSTER_SEED=[4002021444443819046]-HASH=[462546CEAD50E]-cluster/nodes/2/indices/test/7], state path [/Users/brijeshs/Documents/elasticsearch_sort_netbeans/elasticsearch/core/build/testrun/integTest/J1/temp/org.elasticsearch.indices.flush.FlushIT_F7928424F380CF7C-001/tempDir-001/data/SUITE-CHILD_VM=[1]-CLUSTER_SEED=[4002021444443819046]-HASH=[462546CEAD50E]-cluster/nodes/2/indices/test/7]
[2016-03-30 13:54:52,876][DEBUG][org.elasticsearch.indices.store] [node_s1] [test][7] loaded store meta data (took [8ms])
[2016-03-30 13:54:52,878][DEBUG][org.elasticsearch.indices.cluster] [node_s3] [test][8] creating shard
[2016-03-30 13:54:52,879][TRACE][org.elasticsearch.indices] [node_s3] [test][6] warming [ElasticsearchDirectoryReader(FilterLeafReader(_0(5.4.0):c38) FilterLeafReader(_2(5.4.0):c67))]
[2016-03-30 13:54:52,879][TRACE][org.elasticsearch.indices] [node_s3] [test][6] top warming [ElasticsearchDirectoryReader(FilterLeafReader(_0(5.4.0):c38) FilterLeafReader(_2(5.4.0):c67))]
[2016-03-30 13:54:52,880][DEBUG][org.elasticsearch.indices.store] [node_s0] [test][7] loaded store meta data (took [12.1ms])
[2016-03-30 13:54:52,881][TRACE][org.elasticsearch.indices.store] [node_s3] [test][7] didn't find any store meta data to load (took [13.3ms])
[2016-03-30 13:54:52,892][TRACE][org.elasticsearch.indices.recovery] [node_s1] [test][6] recovery [phase1] to {node_s3}{VqTygZxOSJ6BKKH5T2KR8A}{local}{local[29]}[mode=>local]: remote engine start took [38.4ms]
[2016-03-30 13:54:52,892][TRACE][org.elasticsearch.indices.recovery] [node_s1] [test][6] recovery [phase1] to {node_s3}{VqTygZxOSJ6BKKH5T2KR8A}{local}{local[29]}[mode=>local]: took [0s]
[2016-03-30 13:54:52,892][TRACE][org.elasticsearch.indices.recovery] [node_s1] snapshot translog for recovery. current size is [0]
[2016-03-30 13:54:52,892][TRACE][org.elasticsearch.indices.recovery] [node_s1] [test][6] recovery [phase2] to {node_s3}{VqTygZxOSJ6BKKH5T2KR8A}{local}{local[29]}[mode=>local]: sending transaction log operations
[2016-03-30 13:54:52,892][TRACE][org.elasticsearch.indices.recovery] [node_s1] [test][6] no translog operations to send to {node_s3}{VqTygZxOSJ6BKKH5T2KR8A}{local}{local[29]}[mode=>local]
[2016-03-30 13:54:52,892][TRACE][org.elasticsearch.indices.recovery] [node_s1] [test][6] sent final batch of [0][0b] (total: [0]) translog operations to {node_s3}{VqTygZxOSJ6BKKH5T2KR8A}{local}{local[29]}[mode=>local]
[2016-03-30 13:54:52,892][TRACE][org.elasticsearch.indices.recovery] [node_s1] [test][6] recovery [phase2] to {node_s3}{VqTygZxOSJ6BKKH5T2KR8A}{local}{local[29]}[mode=>local]: took [161.2micros]
[2016-03-30 13:54:52,892][TRACE][org.elasticsearch.indices.recovery] [node_s1] [test][6] finalizing recovery to {node_s3}{VqTygZxOSJ6BKKH5T2KR8A}{local}{local[29]}[mode=>local]
[2016-03-30 13:54:52,893][TRACE][org.elasticsearch.indices] [node_s3] [test][6] top warming [ElasticsearchDirectoryReader(FilterLeafReader(_0(5.4.0):c38) FilterLeafReader(_2(5.4.0):c67))]
[2016-03-30 13:54:52,893][TRACE][org.elasticsearch.indices.recovery] [node_s1] [test][6] finalizing recovery to {node_s3}{VqTygZxOSJ6BKKH5T2KR8A}{local}{local[29]}[mode=>local]: took [644.5micros]
[2016-03-30 13:54:52,893][TRACE][org.elasticsearch.indices.recovery] [node_s3] [test][6] marking recovery from {node_s1}{h_TATuVsQJmOGBLmAASslA}{local}{local[27]}[mode=>local] as done, id [69]
[2016-03-30 13:54:52,894][TRACE][org.elasticsearch.indices.recovery] [node_s3] [test][6] recovery completed from {node_s1}{h_TATuVsQJmOGBLmAASslA}{local}{local[27]}[mode=>local], took[130ms]
   phase1: recovered_files [7] with total_size of [12.9kb], took [0s], throttling_wait [0s]
         : reusing_files   [0] with total_size of [0b]
   phase2: start took [38ms]
         : recovered [0] transaction log operations, took [0s]

[2016-03-30 13:54:52,907][TRACE][org.elasticsearch.indices.recovery] [node_s3] [test][8] started recovery from {node_s1}{h_TATuVsQJmOGBLmAASslA}{local}{local[27]}[mode=>local], id [70]
[2016-03-30 13:54:52,908][TRACE][org.elasticsearch.indices.recovery] [node_s3] collecting local files for [test][8] [70]
[2016-03-30 13:54:52,915][TRACE][org.elasticsearch.indices.cluster] [node_s3] [test][6] master marked shard as initializing, but shard has state [POST_RECOVERY], resending shard started to {node_s0}{BJ9-d_yQSQGaUwf4YELEXg}{local}{local[26]}[mode=>local]
[2016-03-30 13:54:52,915][TRACE][org.elasticsearch.indices.recovery] [node_s3] [test][8] starting recovery from {node_s1}{h_TATuVsQJmOGBLmAASslA}{local}{local[27]}[mode=>local]
[2016-03-30 13:54:52,916][TRACE][org.elasticsearch.indices.recovery] [node_s1] [test][8] starting recovery to {node_s3}{VqTygZxOSJ6BKKH5T2KR8A}{local}{local[29]}[mode=>local], mark_as_relocated false
[2016-03-30 13:54:52,916][TRACE][org.elasticsearch.indices.recovery] [node_s1] captured translog id [4] for recovery
[2016-03-30 13:54:52,937][TRACE][org.elasticsearch.indices.recovery] [node_s1] [test][8] recovery [phase1] to {node_s3}{VqTygZxOSJ6BKKH5T2KR8A}{local}{local[29]}[mode=>local]: recovering [_0.cfe], exists in local store, but is different: remote [name [_0.cfe], length [497], checksum [glru3i], writtenBy [5.4.0]], local [name [_0.cfe], length [497], checksum [1owcw87], writtenBy [5.4.0]]
[2016-03-30 13:54:52,937][TRACE][org.elasticsearch.indices.recovery] [node_s1] [test][8] recovery [phase1] to {node_s3}{VqTygZxOSJ6BKKH5T2KR8A}{local}{local[29]}[mode=>local]: recovering [_0.si], exists in local store, but is different: remote [name [_0.si], length [361], checksum [1p8d1g8], writtenBy [5.4.0]], local [name [_0.si], length [361], checksum [61ooj0], writtenBy [5.4.0]]
[2016-03-30 13:54:52,937][TRACE][org.elasticsearch.indices.recovery] [node_s1] [test][8] recovery [phase1] to {node_s3}{VqTygZxOSJ6BKKH5T2KR8A}{local}{local[29]}[mode=>local]: recovering [_0.cfs], exists in local store, but is different: remote [name [_0.cfs], length [5991], checksum [1oo253v], writtenBy [5.4.0]], local [name [_0.cfs], length [5991], checksum [1atusme], writtenBy [5.4.0]]
[2016-03-30 13:54:52,937][TRACE][org.elasticsearch.indices.recovery] [node_s1] [test][8] recovery [phase1] to {node_s3}{VqTygZxOSJ6BKKH5T2KR8A}{local}{local[29]}[mode=>local]: recovering [_1.cfs], exists in local store, but is different: remote [name [_1.cfs], length [2679], checksum [11p01yg], writtenBy [5.4.0]], local [name [_1.cfs], length [2679], checksum [157jdhz], writtenBy [5.4.0]]
[2016-03-30 13:54:52,937][TRACE][org.elasticsearch.indices.recovery] [node_s1] [test][8] recovery [phase1] to {node_s3}{VqTygZxOSJ6BKKH5T2KR8A}{local}{local[29]}[mode=>local]: recovering [_1.cfe], exists in local store, but is different: remote [name [_1.cfe], length [497], checksum [7a3xza], writtenBy [5.4.0]], local [name [_1.cfe], length [497], checksum [1qc1vpo], writtenBy [5.4.0]]
[2016-03-30 13:54:52,937][TRACE][org.elasticsearch.indices.recovery] [node_s1] [test][8] recovery [phase1] to {node_s3}{VqTygZxOSJ6BKKH5T2KR8A}{local}{local[29]}[mode=>local]: recovering [_1.si], exists in local store, but is different: remote [name [_1.si], length [361], checksum [132n9vr], writtenBy [5.4.0]], local [name [_1.si], length [361], checksum [1pfd3f1], writtenBy [5.4.0]]
[2016-03-30 13:54:52,937][TRACE][org.elasticsearch.indices.recovery] [node_s1] [test][8] recovery [phase1] to {node_s3}{VqTygZxOSJ6BKKH5T2KR8A}{local}{local[29]}[mode=>local]: recovering [_2.si], exists in local store, but is different: remote [name [_2.si], length [361], checksum [16wtj9e], writtenBy [5.4.0]], local [name [_2.si], length [361], checksum [1etzl8l], writtenBy [5.4.0]]
[2016-03-30 13:54:52,937][TRACE][org.elasticsearch.indices.recovery] [node_s1] [test][8] recovery [phase1] to {node_s3}{VqTygZxOSJ6BKKH5T2KR8A}{local}{local[29]}[mode=>local]: recovering [_2.cfe], exists in local store, but is different: remote [name [_2.cfe], length [497], checksum [1x8smq], writtenBy [5.4.0]], local [name [_2.cfe], length [497], checksum [804hj5], writtenBy [5.4.0]]
[2016-03-30 13:54:52,937][TRACE][org.elasticsearch.indices.recovery] [node_s1] [test][8] recovery [phase1] to {node_s3}{VqTygZxOSJ6BKKH5T2KR8A}{local}{local[29]}[mode=>local]: recovering [_2.cfs], exists in local store, but is different: remote [name [_2.cfs], length [4723], checksum [10w83ll], writtenBy [5.4.0]], local [name [_2.cfs], length [4723], checksum [7oxaii], writtenBy [5.4.0]]
[2016-03-30 13:54:52,937][TRACE][org.elasticsearch.indices.recovery] [node_s1] [test][8] recovery [phase1] to {node_s3}{VqTygZxOSJ6BKKH5T2KR8A}{local}{local[29]}[mode=>local]: recovering [segments_3], does not exists in remote
[2016-03-30 13:54:52,937][TRACE][org.elasticsearch.indices.recovery] [node_s1] [test][8] recovery [phase1] to {node_s3}{VqTygZxOSJ6BKKH5T2KR8A}{local}{local[29]}[mode=>local]: recovering_files [10] with total_size [15.9kb], reusing_files [0] with total_size [0b]
[2016-03-30 13:54:52,955][DEBUG][org.elasticsearch.indices.cluster] [node_s0] [test][6] creating shard
[2016-03-30 13:54:52,972][TRACE][org.elasticsearch.indices.recovery] [node_s0] [test][6] started recovery from {node_s1}{h_TATuVsQJmOGBLmAASslA}{local}{local[27]}[mode=>local], id [71]
[2016-03-30 13:54:52,972][TRACE][org.elasticsearch.indices.recovery] [node_s0] collecting local files for [test][6] [71]
[2016-03-30 13:54:52,976][TRACE][org.elasticsearch.indices.recovery] [node_s0] [test][6] starting recovery from {node_s1}{h_TATuVsQJmOGBLmAASslA}{local}{local[27]}[mode=>local]
[2016-03-30 13:54:52,976][TRACE][org.elasticsearch.indices.recovery] [node_s1] [test][6] starting recovery to {node_s0}{BJ9-d_yQSQGaUwf4YELEXg}{local}{local[26]}[mode=>local], mark_as_relocated false
[2016-03-30 13:54:52,977][TRACE][org.elasticsearch.indices.recovery] [node_s1] captured translog id [4] for recovery
[2016-03-30 13:54:52,982][TRACE][org.elasticsearch.indices.recovery] [node_s1] [test][6] recovery [phase1] to {node_s0}{BJ9-d_yQSQGaUwf4YELEXg}{local}{local[26]}[mode=>local]: recovering [_0.cfe], exists in local store, but is different: remote [name [_0.cfe], length [497], checksum [ov8uyh], writtenBy [5.4.0]], local [name [_0.cfe], length [497], checksum [1io2l7g], writtenBy [5.4.0]]
[2016-03-30 13:54:52,982][TRACE][org.elasticsearch.indices.recovery] [node_s1] [test][6] recovery [phase1] to {node_s0}{BJ9-d_yQSQGaUwf4YELEXg}{local}{local[26]}[mode=>local]: recovering [_0.si], exists in local store, but is different: remote [name [_0.si], length [361], checksum [13v0umx], writtenBy [5.4.0]], local [name [_0.si], length [361], checksum [16s5u7], writtenBy [5.4.0]]
[2016-03-30 13:54:52,982][TRACE][org.elasticsearch.indices.recovery] [node_s1] [test][6] recovery [phase1] to {node_s0}{BJ9-d_yQSQGaUwf4YELEXg}{local}{local[26]}[mode=>local]: recovering [_0.cfs], exists in local store, but is different: remote [name [_0.cfs], length [5462], checksum [1a1yij8], writtenBy [5.4.0]], local [name [_0.cfs], length [4783], checksum [qhvr1], writtenBy [5.4.0]]
[2016-03-30 13:54:52,982][TRACE][org.elasticsearch.indices.recovery] [node_s1] [test][6] recovery [phase1] to {node_s0}{BJ9-d_yQSQGaUwf4YELEXg}{local}{local[26]}[mode=>local]: recovering [_2.si], does not exists in remote
[2016-03-30 13:54:52,982][TRACE][org.elasticsearch.indices.recovery] [node_s1] [test][6] recovery [phase1] to {node_s0}{BJ9-d_yQSQGaUwf4YELEXg}{local}{local[26]}[mode=>local]: recovering [_2.cfe], does not exists in remote
[2016-03-30 13:54:52,982][TRACE][org.elasticsearch.indices.recovery] [node_s1] [test][6] recovery [phase1] to {node_s0}{BJ9-d_yQSQGaUwf4YELEXg}{local}{local[26]}[mode=>local]: recovering [_2.cfs], does not exists in remote
[2016-03-30 13:54:52,982][TRACE][org.elasticsearch.indices.recovery] [node_s1] [test][6] recovery [phase1] to {node_s0}{BJ9-d_yQSQGaUwf4YELEXg}{local}{local[26]}[mode=>local]: recovering [segments_4], does not exists in remote
[2016-03-30 13:54:52,982][TRACE][org.elasticsearch.indices.recovery] [node_s1] [test][6] recovery [phase1] to {node_s0}{BJ9-d_yQSQGaUwf4YELEXg}{local}{local[26]}[mode=>local]: recovering_files [7] with total_size [12.9kb], reusing_files [0] with total_size [0b]
[2016-03-30 13:54:52,997][TRACE][org.elasticsearch.indices.store] [node_s1] listing store meta data for [test][6]
[2016-03-30 13:54:52,999][TRACE][org.elasticsearch.indices.store] [node_s0] listing store meta data for [test][6]
[2016-03-30 13:54:52,999][TRACE][org.elasticsearch.indices.store] [node_s3] listing store meta data for [test][6]
[2016-03-30 13:54:53,006][TRACE][org.elasticsearch.indices.cluster] [node_s3] ignoring recovery instruction for an existing shard [test][8] (shard state: [RECOVERING])
[2016-03-30 13:54:53,012][DEBUG][org.elasticsearch.indices.cluster] [node_s3] [test][7] creating shard
[2016-03-30 13:54:53,014][DEBUG][org.elasticsearch.indices.store] [node_s3] [test][6] loaded store meta data (took [15.2ms])
[2016-03-30 13:54:53,014][DEBUG][org.elasticsearch.indices.store] [node_s0] [test][6] loaded store meta data (took [15.5ms])
[2016-03-30 13:54:53,017][DEBUG][org.elasticsearch.indices.store] [node_s1] [test][6] loaded store meta data (took [19.6ms])
[2016-03-30 13:54:53,022][TRACE][org.elasticsearch.indices.recovery] [node_s3] [test][7] started recovery from {node_s1}{h_TATuVsQJmOGBLmAASslA}{local}{local[27]}[mode=>local], id [72]
[2016-03-30 13:54:53,023][TRACE][org.elasticsearch.indices.recovery] [node_s3] collecting local files for [test][7] [72]
[2016-03-30 13:54:53,029][TRACE][org.elasticsearch.indices.recovery] [node_s3] [test][7] starting recovery from {node_s1}{h_TATuVsQJmOGBLmAASslA}{local}{local[27]}[mode=>local]
[2016-03-30 13:54:53,030][TRACE][org.elasticsearch.indices.recovery] [node_s1] [test][7] starting recovery to {node_s3}{VqTygZxOSJ6BKKH5T2KR8A}{local}{local[29]}[mode=>local], mark_as_relocated false
[2016-03-30 13:54:53,030][TRACE][org.elasticsearch.indices.recovery] [node_s1] captured translog id [4] for recovery
[2016-03-30 13:54:53,045][DEBUG][org.elasticsearch.indices.cluster] [node_s0] [test][9] creating shard
[2016-03-30 13:54:53,047][TRACE][org.elasticsearch.indices.recovery] [node_s1] [test][8] recovery [phase1] to {node_s3}{VqTygZxOSJ6BKKH5T2KR8A}{local}{local[29]}[mode=>local]: prepare remote engine for translog
[2016-03-30 13:54:53,051][TRACE][org.elasticsearch.indices.recovery] [node_s1] [test][7] recovery [phase1] to {node_s3}{VqTygZxOSJ6BKKH5T2KR8A}{local}{local[29]}[mode=>local]: recovering [_0.cfe], exists in local store, but is different: remote [name [_0.cfe], length [497], checksum [1l4bg7r], writtenBy [5.4.0]], local [name [_0.cfe], length [497], checksum [96zsfj], writtenBy [5.4.0]]
[2016-03-30 13:54:53,051][TRACE][org.elasticsearch.indices.recovery] [node_s1] [test][7] recovery [phase1] to {node_s3}{VqTygZxOSJ6BKKH5T2KR8A}{local}{local[29]}[mode=>local]: recovering [_0.si], exists in local store, but is different: remote [name [_0.si], length [361], checksum [1i4pho5], writtenBy [5.4.0]], local [name [_0.si], length [361], checksum [18282aj], writtenBy [5.4.0]]
[2016-03-30 13:54:53,051][TRACE][org.elasticsearch.indices.recovery] [node_s1] [test][7] recovery [phase1] to {node_s3}{VqTygZxOSJ6BKKH5T2KR8A}{local}{local[29]}[mode=>local]: recovering [_0.cfs], exists in local store, but is different: remote [name [_0.cfs], length [6172], checksum [o62bpi], writtenBy [5.4.0]], local [name [_0.cfs], length [6115], checksum [1lz4r6h], writtenBy [5.4.0]]
[2016-03-30 13:54:53,051][TRACE][org.elasticsearch.indices.recovery] [node_s1] [test][7] recovery [phase1] to {node_s3}{VqTygZxOSJ6BKKH5T2KR8A}{local}{local[29]}[mode=>local]: recovering [_2.si], does not exists in remote
[2016-03-30 13:54:53,051][TRACE][org.elasticsearch.indices.recovery] [node_s1] [test][7] recovery [phase1] to {node_s3}{VqTygZxOSJ6BKKH5T2KR8A}{local}{local[29]}[mode=>local]: recovering [_2.cfe], does not exists in remote
[2016-03-30 13:54:53,051][TRACE][org.elasticsearch.indices.recovery] [node_s1] [test][7] recovery [phase1] to {node_s3}{VqTygZxOSJ6BKKH5T2KR8A}{local}{local[29]}[mode=>local]: recovering [_2.cfs], does not exists in remote
[2016-03-30 13:54:53,051][TRACE][org.elasticsearch.indices.recovery] [node_s1] [test][7] recovery [phase1] to {node_s3}{VqTygZxOSJ6BKKH5T2KR8A}{local}{local[29]}[mode=>local]: recovering [segments_4], does not exists in remote
[2016-03-30 13:54:53,051][TRACE][org.elasticsearch.indices.recovery] [node_s1] [test][7] recovery [phase1] to {node_s3}{VqTygZxOSJ6BKKH5T2KR8A}{local}{local[29]}[mode=>local]: recovering_files [7] with total_size [14.4kb], reusing_files [0] with total_size [0b]
[2016-03-30 13:54:53,064][TRACE][org.elasticsearch.indices.recovery] [node_s0] [test][9] started recovery from {node_s1}{h_TATuVsQJmOGBLmAASslA}{local}{local[27]}[mode=>local], id [73]
[2016-03-30 13:54:53,065][TRACE][org.elasticsearch.indices.recovery] [node_s0] collecting local files for [test][9] [73]
[2016-03-30 13:54:53,065][TRACE][org.elasticsearch.indices.cluster] [node_s0] ignoring recovery instruction for an existing shard [test][6] (shard state: [RECOVERING])
[2016-03-30 13:54:53,072][TRACE][org.elasticsearch.indices.recovery] [node_s0] [test][9] starting recovery from {node_s1}{h_TATuVsQJmOGBLmAASslA}{local}{local[27]}[mode=>local]
[2016-03-30 13:54:53,072][TRACE][org.elasticsearch.indices.recovery] [node_s1] [test][9] starting recovery to {node_s0}{BJ9-d_yQSQGaUwf4YELEXg}{local}{local[26]}[mode=>local], mark_as_relocated false
[2016-03-30 13:54:53,072][TRACE][org.elasticsearch.indices.recovery] [node_s1] captured translog id [4] for recovery
[2016-03-30 13:54:53,080][TRACE][org.elasticsearch.indices.recovery] [node_s1] [test][6] recovery [phase1] to {node_s0}{BJ9-d_yQSQGaUwf4YELEXg}{local}{local[26]}[mode=>local]: prepare remote engine for translog
[2016-03-30 13:54:53,083][TRACE][org.elasticsearch.indices] [node_s3] [test][8] warming [ElasticsearchDirectoryReader(FilterLeafReader(_0(5.4.0):c58) FilterLeafReader(_1(5.4.0):c3) FilterLeafReader(_2(5.4.0):c38))]
[2016-03-30 13:54:53,083][TRACE][org.elasticsearch.indices] [node_s3] [test][8] top warming [ElasticsearchDirectoryReader(FilterLeafReader(_0(5.4.0):c58) FilterLeafReader(_1(5.4.0):c3) FilterLeafReader(_2(5.4.0):c38))]
[2016-03-30 13:54:53,089][TRACE][org.elasticsearch.indices.recovery] [node_s1] [test][9] recovery [phase1] to {node_s0}{BJ9-d_yQSQGaUwf4YELEXg}{local}{local[26]}[mode=>local]: recovering [_0.cfe], exists in local store, but is different: remote [name [_0.cfe], length [497], checksum [vvpsqy], writtenBy [5.4.0]], local [name [_0.cfe], length [497], checksum [1gi6v2], writtenBy [5.4.0]]
[2016-03-30 13:54:53,089][TRACE][org.elasticsearch.indices.recovery] [node_s1] [test][9] recovery [phase1] to {node_s0}{BJ9-d_yQSQGaUwf4YELEXg}{local}{local[26]}[mode=>local]: recovering [_0.si], exists in local store, but is different: remote [name [_0.si], length [361], checksum [1e15hqm], writtenBy [5.4.0]], local [name [_0.si], length [361], checksum [1emmyvf], writtenBy [5.4.0]]
[2016-03-30 13:54:53,089][TRACE][org.elasticsearch.indices.recovery] [node_s1] [test][9] recovery [phase1] to {node_s0}{BJ9-d_yQSQGaUwf4YELEXg}{local}{local[26]}[mode=>local]: recovering [_0.cfs], exists in local store, but is different: remote [name [_0.cfs], length [9552], checksum [1sa5l7l], writtenBy [5.4.0]], local [name [_0.cfs], length [8081], checksum [1aqjqym], writtenBy [5.4.0]]
[2016-03-30 13:54:53,089][TRACE][org.elasticsearch.indices.recovery] [node_s1] [test][9] recovery [phase1] to {node_s0}{BJ9-d_yQSQGaUwf4YELEXg}{local}{local[26]}[mode=>local]: recovering [_2.si], does not exists in remote
[2016-03-30 13:54:53,089][TRACE][org.elasticsearch.indices.recovery] [node_s1] [test][9] recovery [phase1] to {node_s0}{BJ9-d_yQSQGaUwf4YELEXg}{local}{local[26]}[mode=>local]: recovering [_2.cfe], does not exists in remote
[2016-03-30 13:54:53,089][TRACE][org.elasticsearch.indices.recovery] [node_s1] [test][9] recovery [phase1] to {node_s0}{BJ9-d_yQSQGaUwf4YELEXg}{local}{local[26]}[mode=>local]: recovering [_2.cfs], does not exists in remote
[2016-03-30 13:54:53,089][TRACE][org.elasticsearch.indices.recovery] [node_s1] [test][9] recovery [phase1] to {node_s0}{BJ9-d_yQSQGaUwf4YELEXg}{local}{local[26]}[mode=>local]: recovering [segments_4], does not exists in remote
[2016-03-30 13:54:53,090][TRACE][org.elasticsearch.indices.recovery] [node_s1] [test][9] recovery [phase1] to {node_s0}{BJ9-d_yQSQGaUwf4YELEXg}{local}{local[26]}[mode=>local]: recovering_files [7] with total_size [14.7kb], reusing_files [0] with total_size [0b]
[2016-03-30 13:54:53,102][TRACE][org.elasticsearch.indices.recovery] [node_s1] [test][8] recovery [phase1] to {node_s3}{VqTygZxOSJ6BKKH5T2KR8A}{local}{local[29]}[mode=>local]: remote engine start took [54.3ms]
[2016-03-30 13:54:53,102][TRACE][org.elasticsearch.indices.recovery] [node_s1] [test][8] recovery [phase1] to {node_s3}{VqTygZxOSJ6BKKH5T2KR8A}{local}{local[29]}[mode=>local]: took [0s]
[2016-03-30 13:54:53,102][TRACE][org.elasticsearch.indices.recovery] [node_s1] snapshot translog for recovery. current size is [0]
[2016-03-30 13:54:53,102][TRACE][org.elasticsearch.indices.recovery] [node_s1] [test][8] recovery [phase2] to {node_s3}{VqTygZxOSJ6BKKH5T2KR8A}{local}{local[29]}[mode=>local]: sending transaction log operations
[2016-03-30 13:54:53,102][TRACE][org.elasticsearch.indices.recovery] [node_s1] [test][8] no translog operations to send to {node_s3}{VqTygZxOSJ6BKKH5T2KR8A}{local}{local[29]}[mode=>local]
[2016-03-30 13:54:53,102][TRACE][org.elasticsearch.indices.recovery] [node_s1] [test][8] sent final batch of [0][0b] (total: [0]) translog operations to {node_s3}{VqTygZxOSJ6BKKH5T2KR8A}{local}{local[29]}[mode=>local]
[2016-03-30 13:54:53,102][TRACE][org.elasticsearch.indices.recovery] [node_s1] [test][8] recovery [phase2] to {node_s3}{VqTygZxOSJ6BKKH5T2KR8A}{local}{local[29]}[mode=>local]: took [161micros]
[2016-03-30 13:54:53,102][TRACE][org.elasticsearch.indices.recovery] [node_s1] [test][8] finalizing recovery to {node_s3}{VqTygZxOSJ6BKKH5T2KR8A}{local}{local[29]}[mode=>local]
[2016-03-30 13:54:53,103][TRACE][org.elasticsearch.indices] [node_s3] [test][8] top warming [ElasticsearchDirectoryReader(FilterLeafReader(_0(5.4.0):c58) FilterLeafReader(_1(5.4.0):c3) FilterLeafReader(_2(5.4.0):c38))]
[2016-03-30 13:54:53,103][TRACE][org.elasticsearch.indices.recovery] [node_s1] [test][8] finalizing recovery to {node_s3}{VqTygZxOSJ6BKKH5T2KR8A}{local}{local[29]}[mode=>local]: took [742.4micros]
[2016-03-30 13:54:53,103][TRACE][org.elasticsearch.indices.recovery] [node_s3] [test][8] marking recovery from {node_s1}{h_TATuVsQJmOGBLmAASslA}{local}{local[27]}[mode=>local] as done, id [70]
[2016-03-30 13:54:53,103][TRACE][org.elasticsearch.indices.recovery] [node_s3] [test][8] recovery completed from {node_s1}{h_TATuVsQJmOGBLmAASslA}{local}{local[27]}[mode=>local], took[195ms]
   phase1: recovered_files [10] with total_size of [15.9kb], took [0s], throttling_wait [0s]
         : reusing_files   [0] with total_size of [0b]
   phase2: start took [54ms]
         : recovered [0] transaction log operations, took [0s]

[2016-03-30 13:54:53,109][TRACE][org.elasticsearch.indices] [node_s0] [test][6] warming [ElasticsearchDirectoryReader(FilterLeafReader(_0(5.4.0):c38) FilterLeafReader(_2(5.4.0):c67))]
[2016-03-30 13:54:53,109][TRACE][org.elasticsearch.indices] [node_s0] [test][6] top warming [ElasticsearchDirectoryReader(FilterLeafReader(_0(5.4.0):c38) FilterLeafReader(_2(5.4.0):c67))]
[2016-03-30 13:54:53,115][TRACE][org.elasticsearch.indices.cluster] [node_s3] ignoring recovery instruction for an existing shard [test][7] (shard state: [RECOVERING])
[2016-03-30 13:54:53,115][DEBUG][org.elasticsearch.indices.cluster] [node_s3] [test][9] creating shard
[2016-03-30 13:54:53,137][TRACE][org.elasticsearch.indices.recovery] [node_s1] [test][6] recovery [phase1] to {node_s0}{BJ9-d_yQSQGaUwf4YELEXg}{local}{local[26]}[mode=>local]: remote engine start took [57.6ms]
[2016-03-30 13:54:53,137][TRACE][org.elasticsearch.indices.recovery] [node_s1] [test][6] recovery [phase1] to {node_s0}{BJ9-d_yQSQGaUwf4YELEXg}{local}{local[26]}[mode=>local]: took [0s]
[2016-03-30 13:54:53,138][TRACE][org.elasticsearch.indices.recovery] [node_s1] snapshot translog for recovery. current size is [0]
[2016-03-30 13:54:53,138][TRACE][org.elasticsearch.indices.recovery] [node_s1] [test][6] recovery [phase2] to {node_s0}{BJ9-d_yQSQGaUwf4YELEXg}{local}{local[26]}[mode=>local]: sending transaction log operations
[2016-03-30 13:54:53,138][TRACE][org.elasticsearch.indices.recovery] [node_s1] [test][6] no translog operations to send to {node_s0}{BJ9-d_yQSQGaUwf4YELEXg}{local}{local[26]}[mode=>local]
[2016-03-30 13:54:53,138][TRACE][org.elasticsearch.indices.recovery] [node_s1] [test][6] sent final batch of [0][0b] (total: [0]) translog operations to {node_s0}{BJ9-d_yQSQGaUwf4YELEXg}{local}{local[26]}[mode=>local]
[2016-03-30 13:54:53,138][TRACE][org.elasticsearch.indices.recovery] [node_s1] [test][6] recovery [phase2] to {node_s0}{BJ9-d_yQSQGaUwf4YELEXg}{local}{local[26]}[mode=>local]: took [149.1micros]
[2016-03-30 13:54:53,138][TRACE][org.elasticsearch.indices.recovery] [node_s1] [test][6] finalizing recovery to {node_s0}{BJ9-d_yQSQGaUwf4YELEXg}{local}{local[26]}[mode=>local]
[2016-03-30 13:54:53,138][TRACE][org.elasticsearch.indices] [node_s0] [test][6] top warming [ElasticsearchDirectoryReader(FilterLeafReader(_0(5.4.0):c38) FilterLeafReader(_2(5.4.0):c67))]
[2016-03-30 13:54:53,139][TRACE][org.elasticsearch.indices.recovery] [node_s1] [test][6] finalizing recovery to {node_s0}{BJ9-d_yQSQGaUwf4YELEXg}{local}{local[26]}[mode=>local]: took [706.4micros]
[2016-03-30 13:54:53,139][TRACE][org.elasticsearch.indices.recovery] [node_s0] [test][6] marking recovery from {node_s1}{h_TATuVsQJmOGBLmAASslA}{local}{local[27]}[mode=>local] as done, id [71]
[2016-03-30 13:54:53,139][TRACE][org.elasticsearch.indices.recovery] [node_s0] [test][6] recovery completed from {node_s1}{h_TATuVsQJmOGBLmAASslA}{local}{local[27]}[mode=>local], took[167ms]
   phase1: recovered_files [7] with total_size of [12.9kb], took [0s], throttling_wait [0s]
         : reusing_files   [0] with total_size of [0b]
   phase2: start took [57ms]
         : recovered [0] transaction log operations, took [0s]

[2016-03-30 13:54:53,143][TRACE][org.elasticsearch.indices.recovery] [node_s1] [test][7] recovery [phase1] to {node_s3}{VqTygZxOSJ6BKKH5T2KR8A}{local}{local[29]}[mode=>local]: prepare remote engine for translog
[2016-03-30 13:54:53,150][TRACE][org.elasticsearch.indices.recovery] [node_s3] [test][9] started recovery from {node_s1}{h_TATuVsQJmOGBLmAASslA}{local}{local[27]}[mode=>local], id [74]
[2016-03-30 13:54:53,150][TRACE][org.elasticsearch.indices.recovery] [node_s3] collecting local files for [test][9] [74]
[2016-03-30 13:54:53,162][TRACE][org.elasticsearch.indices.recovery] [node_s3] [test][9] starting recovery from {node_s1}{h_TATuVsQJmOGBLmAASslA}{local}{local[27]}[mode=>local]
[2016-03-30 13:54:53,163][TRACE][org.elasticsearch.indices.recovery] [node_s1] [test][9] starting recovery to {node_s3}{VqTygZxOSJ6BKKH5T2KR8A}{local}{local[29]}[mode=>local], mark_as_relocated false
[2016-03-30 13:54:53,163][TRACE][org.elasticsearch.indices.recovery] [node_s1] captured translog id [4] for recovery
[2016-03-30 13:54:53,170][TRACE][org.elasticsearch.indices.recovery] [node_s1] [test][9] recovery [phase1] to {node_s3}{VqTygZxOSJ6BKKH5T2KR8A}{local}{local[29]}[mode=>local]: recovering [_0.cfe], exists in local store, but is different: remote [name [_0.cfe], length [497], checksum [8qb0gd], writtenBy [5.4.0]], local [name [_0.cfe], length [497], checksum [1gi6v2], writtenBy [5.4.0]]
[2016-03-30 13:54:53,170][TRACE][org.elasticsearch.indices.recovery] [node_s1] [test][9] recovery [phase1] to {node_s3}{VqTygZxOSJ6BKKH5T2KR8A}{local}{local[29]}[mode=>local]: recovering [_0.si], exists in local store, but is different: remote [name [_0.si], length [361], checksum [7oeups], writtenBy [5.4.0]], local [name [_0.si], length [361], checksum [1emmyvf], writtenBy [5.4.0]]
[2016-03-30 13:54:53,170][TRACE][org.elasticsearch.indices.recovery] [node_s1] [test][9] recovery [phase1] to {node_s3}{VqTygZxOSJ6BKKH5T2KR8A}{local}{local[29]}[mode=>local]: recovering [_0.cfs], exists in local store, but is different: remote [name [_0.cfs], length [8081], checksum [eeiq63], writtenBy [5.4.0]], local [name [_0.cfs], length [8081], checksum [1aqjqym], writtenBy [5.4.0]]
[2016-03-30 13:54:53,170][TRACE][org.elasticsearch.indices.recovery] [node_s1] [test][9] recovery [phase1] to {node_s3}{VqTygZxOSJ6BKKH5T2KR8A}{local}{local[29]}[mode=>local]: recovering [_2.si], exists in local store, but is different: remote [name [_2.si], length [361], checksum [1t1vb0], writtenBy [5.4.0]], local [name [_2.si], length [361], checksum [1gm8va6], writtenBy [5.4.0]]
[2016-03-30 13:54:53,170][TRACE][org.elasticsearch.indices.recovery] [node_s1] [test][9] recovery [phase1] to {node_s3}{VqTygZxOSJ6BKKH5T2KR8A}{local}{local[29]}[mode=>local]: recovering [_2.cfe], exists in local store, but is different: remote [name [_2.cfe], length [497], checksum [1maw7rx], writtenBy [5.4.0]], local [name [_2.cfe], length [497], checksum [snoet9], writtenBy [5.4.0]]
[2016-03-30 13:54:53,170][TRACE][org.elasticsearch.indices.recovery] [node_s1] [test][9] recovery [phase1] to {node_s3}{VqTygZxOSJ6BKKH5T2KR8A}{local}{local[29]}[mode=>local]: recovering [_2.cfs], exists in local store, but is different: remote [name [_2.cfs], length [4032], checksum [1pg7gzz], writtenBy [5.4.0]], local [name [_2.cfs], length [5006], checksum [1v4522a], writtenBy [5.4.0]]
[2016-03-30 13:54:53,170][TRACE][org.elasticsearch.indices.recovery] [node_s1] [test][9] recovery [phase1] to {node_s3}{VqTygZxOSJ6BKKH5T2KR8A}{local}{local[29]}[mode=>local]: recovering [segments_4], does not exists in remote
[2016-03-30 13:54:53,170][TRACE][org.elasticsearch.indices.recovery] [node_s1] [test][9] recovery [phase1] to {node_s3}{VqTygZxOSJ6BKKH5T2KR8A}{local}{local[29]}[mode=>local]: recovering_files [7] with total_size [14.7kb], reusing_files [0] with total_size [0b]
[2016-03-30 13:54:53,179][TRACE][org.elasticsearch.indices.recovery] [node_s1] [test][9] recovery [phase1] to {node_s0}{BJ9-d_yQSQGaUwf4YELEXg}{local}{local[26]}[mode=>local]: prepare remote engine for translog
[2016-03-30 13:54:53,184][TRACE][org.elasticsearch.indices] [node_s3] [test][7] warming [ElasticsearchDirectoryReader(FilterLeafReader(_0(5.4.0):c62) FilterLeafReader(_2(5.4.0):c74))]
[2016-03-30 13:54:53,184][TRACE][org.elasticsearch.indices] [node_s3] [test][7] top warming [ElasticsearchDirectoryReader(FilterLeafReader(_0(5.4.0):c62) FilterLeafReader(_2(5.4.0):c74))]
[2016-03-30 13:54:53,209][TRACE][org.elasticsearch.indices] [node_s0] [test][9] warming [ElasticsearchDirectoryReader(FilterLeafReader(_0(5.4.0):c93) FilterLeafReader(_2(5.4.0):c43))]
[2016-03-30 13:54:53,209][TRACE][org.elasticsearch.indices] [node_s0] [test][9] top warming [ElasticsearchDirectoryReader(FilterLeafReader(_0(5.4.0):c93) FilterLeafReader(_2(5.4.0):c43))]
[2016-03-30 13:54:53,209][TRACE][org.elasticsearch.indices.recovery] [node_s1] [test][7] recovery [phase1] to {node_s3}{VqTygZxOSJ6BKKH5T2KR8A}{local}{local[29]}[mode=>local]: remote engine start took [66.3ms]
[2016-03-30 13:54:53,209][TRACE][org.elasticsearch.indices.recovery] [node_s1] [test][7] recovery [phase1] to {node_s3}{VqTygZxOSJ6BKKH5T2KR8A}{local}{local[29]}[mode=>local]: took [0s]
[2016-03-30 13:54:53,209][TRACE][org.elasticsearch.indices.recovery] [node_s1] snapshot translog for recovery. current size is [0]
[2016-03-30 13:54:53,209][TRACE][org.elasticsearch.indices.recovery] [node_s1] [test][7] recovery [phase2] to {node_s3}{VqTygZxOSJ6BKKH5T2KR8A}{local}{local[29]}[mode=>local]: sending transaction log operations
[2016-03-30 13:54:53,209][TRACE][org.elasticsearch.indices.recovery] [node_s1] [test][7] no translog operations to send to {node_s3}{VqTygZxOSJ6BKKH5T2KR8A}{local}{local[29]}[mode=>local]
[2016-03-30 13:54:53,210][TRACE][org.elasticsearch.indices.recovery] [node_s1] [test][7] sent final batch of [0][0b] (total: [0]) translog operations to {node_s3}{VqTygZxOSJ6BKKH5T2KR8A}{local}{local[29]}[mode=>local]
[2016-03-30 13:54:53,210][TRACE][org.elasticsearch.indices.recovery] [node_s1] [test][7] recovery [phase2] to {node_s3}{VqTygZxOSJ6BKKH5T2KR8A}{local}{local[29]}[mode=>local]: took [1.2ms]
[2016-03-30 13:54:53,210][TRACE][org.elasticsearch.indices.recovery] [node_s1] [test][7] finalizing recovery to {node_s3}{VqTygZxOSJ6BKKH5T2KR8A}{local}{local[29]}[mode=>local]
[2016-03-30 13:54:53,211][TRACE][org.elasticsearch.indices] [node_s3] [test][7] top warming [ElasticsearchDirectoryReader(FilterLeafReader(_0(5.4.0):c62) FilterLeafReader(_2(5.4.0):c74))]
[2016-03-30 13:54:53,212][TRACE][org.elasticsearch.indices.recovery] [node_s1] [test][7] finalizing recovery to {node_s3}{VqTygZxOSJ6BKKH5T2KR8A}{local}{local[29]}[mode=>local]: took [1.3ms]
[2016-03-30 13:54:53,213][TRACE][org.elasticsearch.indices.recovery] [node_s3] [test][7] marking recovery from {node_s1}{h_TATuVsQJmOGBLmAASslA}{local}{local[27]}[mode=>local] as done, id [72]
[2016-03-30 13:54:53,213][TRACE][org.elasticsearch.indices.recovery] [node_s3] [test][7] recovery completed from {node_s1}{h_TATuVsQJmOGBLmAASslA}{local}{local[27]}[mode=>local], took[190ms]
   phase1: recovered_files [7] with total_size of [14.4kb], took [0s], throttling_wait [0s]
         : reusing_files   [0] with total_size of [0b]
   phase2: start took [66ms]
         : recovered [0] transaction log operations, took [1ms]

[2016-03-30 13:54:53,228][TRACE][org.elasticsearch.indices.recovery] [node_s1] [test][9] recovery [phase1] to {node_s0}{BJ9-d_yQSQGaUwf4YELEXg}{local}{local[26]}[mode=>local]: remote engine start took [48.8ms]
[2016-03-30 13:54:53,228][TRACE][org.elasticsearch.indices.recovery] [node_s1] [test][9] recovery [phase1] to {node_s0}{BJ9-d_yQSQGaUwf4YELEXg}{local}{local[26]}[mode=>local]: took [0s]
[2016-03-30 13:54:53,228][TRACE][org.elasticsearch.indices.recovery] [node_s1] snapshot translog for recovery. current size is [0]
[2016-03-30 13:54:53,228][TRACE][org.elasticsearch.indices.recovery] [node_s1] [test][9] recovery [phase2] to {node_s0}{BJ9-d_yQSQGaUwf4YELEXg}{local}{local[26]}[mode=>local]: sending transaction log operations
[2016-03-30 13:54:53,228][TRACE][org.elasticsearch.indices.recovery] [node_s1] [test][9] no translog operations to send to {node_s0}{BJ9-d_yQSQGaUwf4YELEXg}{local}{local[26]}[mode=>local]
[2016-03-30 13:54:53,228][TRACE][org.elasticsearch.indices.recovery] [node_s1] [test][9] sent final batch of [0][0b] (total: [0]) translog operations to {node_s0}{BJ9-d_yQSQGaUwf4YELEXg}{local}{local[26]}[mode=>local]
[2016-03-30 13:54:53,228][TRACE][org.elasticsearch.indices.recovery] [node_s1] [test][9] recovery [phase2] to {node_s0}{BJ9-d_yQSQGaUwf4YELEXg}{local}{local[26]}[mode=>local]: took [166.6micros]
[2016-03-30 13:54:53,228][TRACE][org.elasticsearch.indices.recovery] [node_s1] [test][9] finalizing recovery to {node_s0}{BJ9-d_yQSQGaUwf4YELEXg}{local}{local[26]}[mode=>local]
[2016-03-30 13:54:53,229][TRACE][org.elasticsearch.indices] [node_s0] [test][9] top warming [ElasticsearchDirectoryReader(FilterLeafReader(_0(5.4.0):c93) FilterLeafReader(_2(5.4.0):c43))]
[2016-03-30 13:54:53,229][TRACE][org.elasticsearch.indices.recovery] [node_s1] [test][9] finalizing recovery to {node_s0}{BJ9-d_yQSQGaUwf4YELEXg}{local}{local[26]}[mode=>local]: took [840.8micros]
[2016-03-30 13:54:53,229][TRACE][org.elasticsearch.indices.recovery] [node_s0] [test][9] marking recovery from {node_s1}{h_TATuVsQJmOGBLmAASslA}{local}{local[27]}[mode=>local] as done, id [73]
[2016-03-30 13:54:53,229][TRACE][org.elasticsearch.indices.recovery] [node_s0] [test][9] recovery completed from {node_s1}{h_TATuVsQJmOGBLmAASslA}{local}{local[27]}[mode=>local], took[164ms]
   phase1: recovered_files [7] with total_size of [14.7kb], took [0s], throttling_wait [0s]
         : reusing_files   [0] with total_size of [0b]
   phase2: start took [48ms]
         : recovered [0] transaction log operations, took [0s]

[2016-03-30 13:54:53,234][TRACE][org.elasticsearch.indices.cluster] [node_s0] [test][6] master marked shard as initializing, but shard has state [POST_RECOVERY], resending shard started to {node_s0}{BJ9-d_yQSQGaUwf4YELEXg}{local}{local[26]}[mode=>local]
[2016-03-30 13:54:53,235][TRACE][org.elasticsearch.indices.cluster] [node_s0] [test][9] master marked shard as initializing, but shard has state [POST_RECOVERY], resending shard started to {node_s0}{BJ9-d_yQSQGaUwf4YELEXg}{local}{local[26]}[mode=>local]
[2016-03-30 13:54:53,259][TRACE][org.elasticsearch.indices.cluster] [node_s3] ignoring recovery instruction for an existing shard [test][9] (shard state: [RECOVERING])
[2016-03-30 13:54:53,261][TRACE][org.elasticsearch.indices.recovery] [node_s1] [test][9] recovery [phase1] to {node_s3}{VqTygZxOSJ6BKKH5T2KR8A}{local}{local[29]}[mode=>local]: prepare remote engine for translog
[2016-03-30 13:54:53,308][TRACE][org.elasticsearch.indices] [node_s3] [test][9] warming [ElasticsearchDirectoryReader(FilterLeafReader(_0(5.4.0):c93) FilterLeafReader(_2(5.4.0):c43))]
[2016-03-30 13:54:53,308][TRACE][org.elasticsearch.indices] [node_s3] [test][9] top warming [ElasticsearchDirectoryReader(FilterLeafReader(_0(5.4.0):c93) FilterLeafReader(_2(5.4.0):c43))]
[2016-03-30 13:54:53,352][TRACE][org.elasticsearch.indices.recovery] [node_s1] [test][9] recovery [phase1] to {node_s3}{VqTygZxOSJ6BKKH5T2KR8A}{local}{local[29]}[mode=>local]: remote engine start took [91.9ms]
[2016-03-30 13:54:53,353][TRACE][org.elasticsearch.indices.recovery] [node_s1] [test][9] recovery [phase1] to {node_s3}{VqTygZxOSJ6BKKH5T2KR8A}{local}{local[29]}[mode=>local]: took [0s]
[2016-03-30 13:54:53,353][TRACE][org.elasticsearch.indices.recovery] [node_s1] snapshot translog for recovery. current size is [0]
[2016-03-30 13:54:53,353][TRACE][org.elasticsearch.indices.recovery] [node_s1] [test][9] recovery [phase2] to {node_s3}{VqTygZxOSJ6BKKH5T2KR8A}{local}{local[29]}[mode=>local]: sending transaction log operations
[2016-03-30 13:54:53,353][TRACE][org.elasticsearch.indices.recovery] [node_s1] [test][9] no translog operations to send to {node_s3}{VqTygZxOSJ6BKKH5T2KR8A}{local}{local[29]}[mode=>local]
[2016-03-30 13:54:53,353][TRACE][org.elasticsearch.indices.recovery] [node_s1] [test][9] sent final batch of [0][0b] (total: [0]) translog operations to {node_s3}{VqTygZxOSJ6BKKH5T2KR8A}{local}{local[29]}[mode=>local]
[2016-03-30 13:54:53,353][TRACE][org.elasticsearch.indices.recovery] [node_s1] [test][9] recovery [phase2] to {node_s3}{VqTygZxOSJ6BKKH5T2KR8A}{local}{local[29]}[mode=>local]: took [154.9micros]
[2016-03-30 13:54:53,353][TRACE][org.elasticsearch.indices.recovery] [node_s1] [test][9] finalizing recovery to {node_s3}{VqTygZxOSJ6BKKH5T2KR8A}{local}{local[29]}[mode=>local]
[2016-03-30 13:54:53,353][TRACE][org.elasticsearch.indices] [node_s3] [test][9] top warming [ElasticsearchDirectoryReader(FilterLeafReader(_0(5.4.0):c93) FilterLeafReader(_2(5.4.0):c43))]
[2016-03-30 13:54:53,354][TRACE][org.elasticsearch.indices.recovery] [node_s1] [test][9] finalizing recovery to {node_s3}{VqTygZxOSJ6BKKH5T2KR8A}{local}{local[29]}[mode=>local]: took [719.2micros]
[2016-03-30 13:54:53,354][TRACE][org.elasticsearch.indices.recovery] [node_s3] [test][9] marking recovery from {node_s1}{h_TATuVsQJmOGBLmAASslA}{local}{local[27]}[mode=>local] as done, id [74]
[2016-03-30 13:54:53,354][TRACE][org.elasticsearch.indices.recovery] [node_s3] [test][9] recovery completed from {node_s1}{h_TATuVsQJmOGBLmAASslA}{local}{local[27]}[mode=>local], took[204ms]
   phase1: recovered_files [7] with total_size of [14.7kb], took [0s], throttling_wait [0s]
         : reusing_files   [0] with total_size of [0b]
   phase2: start took [91ms]
         : recovered [0] transaction log operations, took [0s]

[2016-03-30 13:54:53,429][DEBUG][org.elasticsearch.indices.flush] indices [_all] are green
[2016-03-30 13:54:53,440][INFO ][org.elasticsearch.indices.flush] [FlushIT#testSyncedFlushWithConcurrentIndexing]: finished test
[2016-03-30 13:54:53,440][INFO ][org.elasticsearch.indices.flush] [FlushIT#testSyncedFlushWithConcurrentIndexing]: cleaning up after test
[2016-03-30 13:54:53,449][TRACE][org.elasticsearch.indices.breaker] [transport_client_node_s0] parent circuit breaker with settings [parent,type=PARENT,limit=360395571/343.6mb,overhead=1.0]
[2016-03-30 13:54:53,449][TRACE][org.elasticsearch.indices.breaker.request] creating ChildCircuitBreaker with settings [request,type=MEMORY,limit=205940326/196.3mb,overhead=1.0]
[2016-03-30 13:54:53,449][TRACE][org.elasticsearch.indices.breaker.fielddata] creating ChildCircuitBreaker with settings [fielddata,type=MEMORY,limit=308910489/294.5mb,overhead=1.03]
[2016-03-30 13:54:53,453][TRACE][org.elasticsearch.indices.flush] Check consistency for [4] nodes
[2016-03-30 13:54:53,464][TRACE][org.elasticsearch.indices.breaker] [transport_client_node_s2] parent circuit breaker with settings [parent,type=PARENT,limit=360395571/343.6mb,overhead=1.0]
[2016-03-30 13:54:53,464][TRACE][org.elasticsearch.indices.breaker.request] creating ChildCircuitBreaker with settings [request,type=MEMORY,limit=205940326/196.3mb,overhead=1.0]
[2016-03-30 13:54:53,464][TRACE][org.elasticsearch.indices.breaker.fielddata] creating ChildCircuitBreaker with settings [fielddata,type=MEMORY,limit=308910489/294.5mb,overhead=1.03]
[2016-03-30 13:54:53,507][DEBUG][org.elasticsearch.indices.cluster] [node_s2] [test] cleaning index, no longer part of the metadata
[2016-03-30 13:54:53,507][DEBUG][org.elasticsearch.indices.cluster] [node_s1] [test] cleaning index, no longer part of the metadata
[2016-03-30 13:54:53,507][DEBUG][org.elasticsearch.indices] [node_s1] [test] closing ... (reason [index no longer part of the metadata])
[2016-03-30 13:54:53,507][DEBUG][org.elasticsearch.indices] [node_s1] [test] closing index service (reason [index no longer part of the metadata])
[2016-03-30 13:54:53,508][DEBUG][org.elasticsearch.indices.cluster] [node_s3] [test] cleaning index, no longer part of the metadata
[2016-03-30 13:54:53,508][DEBUG][org.elasticsearch.indices] [node_s3] [test] closing ... (reason [index no longer part of the metadata])
[2016-03-30 13:54:53,508][DEBUG][org.elasticsearch.indices] [node_s3] [test] closing index service (reason [index no longer part of the metadata])
[2016-03-30 13:54:53,555][TRACE][org.elasticsearch.indices] [node_s1] [test][0] deleting shard reason [delete index]
[2016-03-30 13:54:53,588][TRACE][org.elasticsearch.indices] [node_s3] [test][0] deleting shard reason [delete index]
[2016-03-30 13:54:53,647][TRACE][org.elasticsearch.indices] [node_s1] [test][1] deleting shard reason [delete index]
[2016-03-30 13:54:53,769][TRACE][org.elasticsearch.indices] [node_s3] [test][1] deleting shard reason [delete index]
[2016-03-30 13:54:53,819][TRACE][org.elasticsearch.indices] [node_s1] [test][2] deleting shard reason [delete index]
[2016-03-30 13:54:53,870][TRACE][org.elasticsearch.indices] [node_s3] [test][2] deleting shard reason [delete index]
[2016-03-30 13:54:53,892][TRACE][org.elasticsearch.indices] [node_s1] [test][3] deleting shard reason [delete index]
[2016-03-30 13:54:53,957][TRACE][org.elasticsearch.indices] [node_s3] [test][3] deleting shard reason [delete index]
[2016-03-30 13:54:54,028][TRACE][org.elasticsearch.indices] [node_s1] [test][4] deleting shard reason [delete index]
[2016-03-30 13:54:54,075][TRACE][org.elasticsearch.indices] [node_s3] [test][4] deleting shard reason [delete index]
[2016-03-30 13:54:54,097][TRACE][org.elasticsearch.indices] [node_s1] [test][5] deleting shard reason [delete index]
[2016-03-30 13:54:54,201][TRACE][org.elasticsearch.indices] [node_s3] [test][5] deleting shard reason [delete index]
[2016-03-30 13:54:54,244][TRACE][org.elasticsearch.indices] [node_s1] [test][6] deleting shard reason [delete index]
[2016-03-30 13:54:54,310][TRACE][org.elasticsearch.indices] [node_s3] [test][6] deleting shard reason [delete index]
[2016-03-30 13:54:54,329][TRACE][org.elasticsearch.indices] [node_s1] [test][7] deleting shard reason [delete index]
[2016-03-30 13:54:54,438][TRACE][org.elasticsearch.indices] [node_s3] [test][7] deleting shard reason [delete index]
[2016-03-30 13:54:54,452][TRACE][org.elasticsearch.indices] [node_s1] [test][8] deleting shard reason [delete index]
[2016-03-30 13:54:54,606][TRACE][org.elasticsearch.indices] [node_s3] [test][8] deleting shard reason [delete index]
[2016-03-30 13:54:54,614][TRACE][org.elasticsearch.indices] [node_s1] [test][9] deleting shard reason [delete index]
[2016-03-30 13:54:54,632][DEBUG][org.elasticsearch.indices] [node_s1] [test] closed... (reason [index no longer part of the metadata])
[2016-03-30 13:54:54,632][DEBUG][org.elasticsearch.indices] [node_s1] [test] deleting index store reason [index no longer part of the metadata]
[2016-03-30 13:54:54,638][DEBUG][org.elasticsearch.indices] [node_s1] [test] processing pending deletes
[2016-03-30 13:54:54,676][TRACE][org.elasticsearch.indices] [node_s3] [test][9] deleting shard reason [delete index]
[2016-03-30 13:54:54,712][DEBUG][org.elasticsearch.indices] [node_s3] [test] closed... (reason [index no longer part of the metadata])
[2016-03-30 13:54:54,712][DEBUG][org.elasticsearch.indices] [node_s3] [test] deleting index store reason [index no longer part of the metadata]
[2016-03-30 13:54:54,722][DEBUG][org.elasticsearch.indices] [node_s3] [test] processing pending deletes
[2016-03-30 13:54:54,724][DEBUG][org.elasticsearch.indices.cluster] [node_s0] [test] cleaning index, no longer part of the metadata
[2016-03-30 13:54:54,724][DEBUG][org.elasticsearch.indices] [node_s0] [test] closing ... (reason [index no longer part of the metadata])
[2016-03-30 13:54:54,724][DEBUG][org.elasticsearch.indices] [node_s0] [test] closing index service (reason [index no longer part of the metadata])
[2016-03-30 13:54:54,795][TRACE][org.elasticsearch.indices] [node_s0] [test][0] deleting shard reason [delete index]
[2016-03-30 13:54:54,879][TRACE][org.elasticsearch.indices] [node_s0] [test][1] deleting shard reason [delete index]
[2016-03-30 13:54:54,985][TRACE][org.elasticsearch.indices] [node_s0] [test][2] deleting shard reason [delete index]
[2016-03-30 13:54:55,090][TRACE][org.elasticsearch.indices] [node_s0] [test][3] deleting shard reason [delete index]
[2016-03-30 13:54:55,170][TRACE][org.elasticsearch.indices] [node_s0] [test][4] deleting shard reason [delete index]
[2016-03-30 13:54:55,250][TRACE][org.elasticsearch.indices] [node_s0] [test][5] deleting shard reason [delete index]
[2016-03-30 13:54:55,316][TRACE][org.elasticsearch.indices] [node_s0] [test][6] deleting shard reason [delete index]
[2016-03-30 13:54:55,395][TRACE][org.elasticsearch.indices] [node_s0] [test][7] deleting shard reason [delete index]
[2016-03-30 13:54:55,541][TRACE][org.elasticsearch.indices] [node_s0] [test][8] deleting shard reason [delete index]
[2016-03-30 13:54:55,607][TRACE][org.elasticsearch.indices] [node_s0] [test][9] deleting shard reason [delete index]
[2016-03-30 13:54:55,627][DEBUG][org.elasticsearch.indices] [node_s0] [test] closed... (reason [index no longer part of the metadata])
[2016-03-30 13:54:55,627][DEBUG][org.elasticsearch.indices] [node_s0] [test] deleting index store reason [index no longer part of the metadata]
[2016-03-30 13:54:55,633][DEBUG][org.elasticsearch.indices] [node_s0] [test] processing pending deletes
[2016-03-30 13:54:55,644][TRACE][org.elasticsearch.indices.breaker] [transport_client_node_s1] parent circuit breaker with settings [parent,type=PARENT,limit=360395571/343.6mb,overhead=1.0]
[2016-03-30 13:54:55,644][TRACE][org.elasticsearch.indices.breaker.request] creating ChildCircuitBreaker with settings [request,type=MEMORY,limit=205940326/196.3mb,overhead=1.0]
[2016-03-30 13:54:55,644][TRACE][org.elasticsearch.indices.breaker.fielddata] creating ChildCircuitBreaker with settings [fielddata,type=MEMORY,limit=308910489/294.5mb,overhead=1.03]
[2016-03-30 13:54:55,673][INFO ][org.elasticsearch.indices.flush] [FlushIT#testSyncedFlushWithConcurrentIndexing]: cleaned up after test
[2016-03-30 13:54:55,742][INFO ][org.elasticsearch.indices.flush] [FlushIT#testSyncedFlush]: setup test
[2016-03-30 13:54:55,763][INFO ][org.elasticsearch.indices.flush] test using _default_ mappings: [{"_default_":{"dynamic_templates":[{"template-strings":{"match_mapping_type":"string","mapping":{"fielddata":{"loading":"lazy"}}}},{"template-longs":{"match_mapping_type":"long","mapping":{"fielddata":{"loading":"eager"}}}},{"template-doubles":{"match_mapping_type":"double","mapping":{"fielddata":{"loading":"eager"}}}},{"template-geo_points":{"match_mapping_type":"geo_point","mapping":{"fielddata":{"loading":"eager"}}}},{"template-booleans":{"match_mapping_type":"boolean","mapping":{"fielddata":{"loading":"eager"}}}}]}}]
[2016-03-30 13:54:55,778][INFO ][org.elasticsearch.indices.flush] [FlushIT#testSyncedFlush]: starting test
[2016-03-30 13:54:55,780][DEBUG][org.elasticsearch.indices] [node_s0] creating Index [test], shards [1]/[0]
[2016-03-30 13:54:55,785][DEBUG][org.elasticsearch.indices] [node_s0] [test] closing ... (reason [cleaning up after validating index on master])
[2016-03-30 13:54:55,785][DEBUG][org.elasticsearch.indices] [node_s0] [test] closing index service (reason [cleaning up after validating index on master])
[2016-03-30 13:54:55,786][DEBUG][org.elasticsearch.indices] [node_s0] [test] closed... (reason [cleaning up after validating index on master])
[2016-03-30 13:54:55,802][DEBUG][org.elasticsearch.indices.cluster] [node_s0] [test] creating index
[2016-03-30 13:54:55,802][DEBUG][org.elasticsearch.indices] [node_s0] creating Index [test], shards [1]/[0]
[2016-03-30 13:54:55,804][DEBUG][org.elasticsearch.indices.cluster] [node_s0] [test] adding mapping [_default_], source [{"_default_":{"dynamic_templates":[{"template-strings":{"mapping":{"fielddata":{"loading":"lazy"}},"match_mapping_type":"string"}},{"template-longs":{"mapping":{"fielddata":{"loading":"eager"}},"match_mapping_type":"long"}},{"template-doubles":{"mapping":{"fielddata":{"loading":"eager"}},"match_mapping_type":"double"}},{"template-geo_points":{"mapping":{"fielddata":{"loading":"eager"}},"match_mapping_type":"geo_point"}},{"template-booleans":{"mapping":{"fielddata":{"loading":"eager"}},"match_mapping_type":"boolean"}}]}}]
[2016-03-30 13:54:55,805][DEBUG][org.elasticsearch.indices.cluster] [node_s0] [test][0] creating shard
[2016-03-30 13:54:55,847][TRACE][org.elasticsearch.indices] [node_s0] [test][0] warming [ElasticsearchDirectoryReader()]
[2016-03-30 13:54:55,848][TRACE][org.elasticsearch.indices] [node_s0] [test][0] top warming [ElasticsearchDirectoryReader()]
[2016-03-30 13:54:55,878][DEBUG][org.elasticsearch.indices.flush] indices [_all] are green
[2016-03-30 13:54:55,882][INFO ][org.elasticsearch.indices.flush] --> sync flushing shard 0
[2016-03-30 13:54:55,882][TRACE][org.elasticsearch.indices.flush] [node_s0] [test][0] sending pre-synced flush request to [test][0], node[BJ9-d_yQSQGaUwf4YELEXg], [P], v[2], s[STARTED], a[id=p3xN9UCnTVqNYUQtR7b9Fw]
[2016-03-30 13:54:55,882][TRACE][org.elasticsearch.indices.flush] [node_s0] [test][0] performing pre sync flush
[2016-03-30 13:54:55,884][TRACE][org.elasticsearch.indices.flush] [node_s0] [test][0] pre sync flush done. commit id VK1nW4wmURky6W22z8htNg==
[2016-03-30 13:54:55,884][TRACE][org.elasticsearch.indices.flush] [node_s0] [test][0] retrieving in flight operation count
[2016-03-30 13:54:55,884][TRACE][org.elasticsearch.indices.flush] [node_s0] [test][0] in flight operations sampled at [0]
[2016-03-30 13:54:55,884][TRACE][org.elasticsearch.indices.flush] [node_s0] [test][0] sending synced flush request to [test][0], node[BJ9-d_yQSQGaUwf4YELEXg], [P], v[2], s[STARTED], a[id=p3xN9UCnTVqNYUQtR7b9Fw]. sync id [AVPJTsSMcuDhFsMJAmdI].
[2016-03-30 13:54:55,884][TRACE][org.elasticsearch.indices.flush] [node_s0] [test][0] performing sync flush. sync id [AVPJTsSMcuDhFsMJAmdI], expected commit id VK1nW4wmURky6W22z8htNg==
[2016-03-30 13:54:55,901][TRACE][org.elasticsearch.indices.flush] [node_s0] [test][0] sync flush done. sync id [AVPJTsSMcuDhFsMJAmdI], result [SUCCESS]
[2016-03-30 13:54:55,960][TRACE][org.elasticsearch.indices.breaker] [node_s3] parent circuit breaker with settings [parent,type=PARENT,limit=360395571/343.6mb,overhead=1.0]
[2016-03-30 13:54:55,960][TRACE][org.elasticsearch.indices.breaker.request] creating ChildCircuitBreaker with settings [request,type=MEMORY,limit=205940326/196.3mb,overhead=1.0]
[2016-03-30 13:54:55,960][TRACE][org.elasticsearch.indices.breaker.fielddata] creating ChildCircuitBreaker with settings [fielddata,type=MEMORY,limit=308910489/294.5mb,overhead=1.03]
[2016-03-30 13:54:55,965][DEBUG][org.elasticsearch.indices.cache.query] [node_s3] using [node] query cache with size [10%], actual_size [49mb], max filter count [1000]
[2016-03-30 13:54:55,968][DEBUG][org.elasticsearch.indices.fielddata.cache] [node_s3] using size [-1] [-1b]
[2016-03-30 13:54:55,978][DEBUG][org.elasticsearch.indices.recovery] [node_s3] using max_bytes_per_sec[163mb], concurrent_streams [6], file_chunk_size [512kb], translog_size [512kb], translog_ops [1000], and compress [false]
[2016-03-30 13:54:55,978][DEBUG][org.elasticsearch.indices.memory] [node_s3] using indexing buffer size [49mb], with indices.memory.min_shard_index_buffer_size [4mb], indices.memory.max_shard_index_buffer_size [512mb], indices.memory.interval [30s]
[2016-03-30 13:54:56,031][TRACE][org.elasticsearch.indices.breaker] [transport_client_node_s3] parent circuit breaker with settings [parent,type=PARENT,limit=360395571/343.6mb,overhead=1.0]
[2016-03-30 13:54:56,031][TRACE][org.elasticsearch.indices.breaker.request] creating ChildCircuitBreaker with settings [request,type=MEMORY,limit=205940326/196.3mb,overhead=1.0]
[2016-03-30 13:54:56,031][TRACE][org.elasticsearch.indices.breaker.fielddata] creating ChildCircuitBreaker with settings [fielddata,type=MEMORY,limit=308910489/294.5mb,overhead=1.03]
[2016-03-30 13:54:56,045][DEBUG][org.elasticsearch.indices.cluster] [node_s3] [test] creating index
[2016-03-30 13:54:56,045][DEBUG][org.elasticsearch.indices] [node_s3] creating Index [test], shards [1]/[0]
[2016-03-30 13:54:56,047][DEBUG][org.elasticsearch.indices.cluster] [node_s3] [test] adding mapping [_default_], source [{"_default_":{"dynamic_templates":[{"template-strings":{"mapping":{"fielddata":{"loading":"lazy"}},"match_mapping_type":"string"}},{"template-longs":{"mapping":{"fielddata":{"loading":"eager"}},"match_mapping_type":"long"}},{"template-doubles":{"mapping":{"fielddata":{"loading":"eager"}},"match_mapping_type":"double"}},{"template-geo_points":{"mapping":{"fielddata":{"loading":"eager"}},"match_mapping_type":"geo_point"}},{"template-booleans":{"mapping":{"fielddata":{"loading":"eager"}},"match_mapping_type":"boolean"}}]}}]
[2016-03-30 13:54:56,049][DEBUG][org.elasticsearch.indices.cluster] [node_s3] [test][0] creating shard
[2016-03-30 13:54:56,059][TRACE][org.elasticsearch.indices.recovery] [node_s3] [test][0] started recovery from {node_s0}{BJ9-d_yQSQGaUwf4YELEXg}{local}{local[26]}[mode=>local], id [75]
[2016-03-30 13:54:56,059][TRACE][org.elasticsearch.indices.recovery] [node_s3] collecting local files for [test][0] [75]
[2016-03-30 13:54:56,061][TRACE][org.elasticsearch.indices.recovery] [node_s3] [test][0] starting recovery from {node_s0}{BJ9-d_yQSQGaUwf4YELEXg}{local}{local[26]}[mode=>local]
[2016-03-30 13:54:56,062][TRACE][org.elasticsearch.indices.recovery] [node_s0] [test][0] starting recovery to {node_s3}{qxZBCvlHTW2jodhffd4Reg}{local}{local[33]}[mode=>local], mark_as_relocated false
[2016-03-30 13:54:56,062][TRACE][org.elasticsearch.indices.recovery] [node_s0] captured translog id [1] for recovery
[2016-03-30 13:54:56,077][TRACE][org.elasticsearch.indices.recovery] [node_s0] [test][0] recovery [phase1] to {node_s3}{qxZBCvlHTW2jodhffd4Reg}{local}{local[33]}[mode=>local]: recovering [segments_2], does not exists in remote
[2016-03-30 13:54:56,077][TRACE][org.elasticsearch.indices.recovery] [node_s0] [test][0] recovery [phase1] to {node_s3}{qxZBCvlHTW2jodhffd4Reg}{local}{local[33]}[mode=>local]: recovering_files [1] with total_size [159b], reusing_files [0] with total_size [0b]
[2016-03-30 13:54:56,101][TRACE][org.elasticsearch.indices.recovery] [node_s0] [test][0] recovery [phase1] to {node_s3}{qxZBCvlHTW2jodhffd4Reg}{local}{local[33]}[mode=>local]: prepare remote engine for translog
[2016-03-30 13:54:56,113][TRACE][org.elasticsearch.indices] [node_s3] [test][0] warming [ElasticsearchDirectoryReader()]
[2016-03-30 13:54:56,114][TRACE][org.elasticsearch.indices] [node_s3] [test][0] top warming [ElasticsearchDirectoryReader()]
[2016-03-30 13:54:56,127][TRACE][org.elasticsearch.indices.recovery] [node_s0] [test][0] recovery [phase1] to {node_s3}{qxZBCvlHTW2jodhffd4Reg}{local}{local[33]}[mode=>local]: remote engine start took [26.8ms]
[2016-03-30 13:54:56,128][TRACE][org.elasticsearch.indices.recovery] [node_s0] [test][0] recovery [phase1] to {node_s3}{qxZBCvlHTW2jodhffd4Reg}{local}{local[33]}[mode=>local]: took [0s]
[2016-03-30 13:54:56,128][TRACE][org.elasticsearch.indices.recovery] [node_s0] snapshot translog for recovery. current size is [0]
[2016-03-30 13:54:56,128][TRACE][org.elasticsearch.indices.recovery] [node_s0] [test][0] recovery [phase2] to {node_s3}{qxZBCvlHTW2jodhffd4Reg}{local}{local[33]}[mode=>local]: sending transaction log operations
[2016-03-30 13:54:56,128][TRACE][org.elasticsearch.indices.recovery] [node_s0] [test][0] no translog operations to send to {node_s3}{qxZBCvlHTW2jodhffd4Reg}{local}{local[33]}[mode=>local]
[2016-03-30 13:54:56,128][TRACE][org.elasticsearch.indices.recovery] [node_s0] [test][0] sent final batch of [0][0b] (total: [0]) translog operations to {node_s3}{qxZBCvlHTW2jodhffd4Reg}{local}{local[33]}[mode=>local]
[2016-03-30 13:54:56,128][TRACE][org.elasticsearch.indices.recovery] [node_s0] [test][0] recovery [phase2] to {node_s3}{qxZBCvlHTW2jodhffd4Reg}{local}{local[33]}[mode=>local]: took [156.8micros]
[2016-03-30 13:54:56,128][TRACE][org.elasticsearch.indices.recovery] [node_s0] [test][0] finalizing recovery to {node_s3}{qxZBCvlHTW2jodhffd4Reg}{local}{local[33]}[mode=>local]
[2016-03-30 13:54:56,128][TRACE][org.elasticsearch.indices] [node_s3] [test][0] top warming [ElasticsearchDirectoryReader()]
[2016-03-30 13:54:56,129][TRACE][org.elasticsearch.indices.recovery] [node_s0] [test][0] finalizing recovery to {node_s3}{qxZBCvlHTW2jodhffd4Reg}{local}{local[33]}[mode=>local]: took [697.6micros]
[2016-03-30 13:54:56,129][TRACE][org.elasticsearch.indices.recovery] [node_s3] [test][0] marking recovery from {node_s0}{BJ9-d_yQSQGaUwf4YELEXg}{local}{local[26]}[mode=>local] as done, id [75]
[2016-03-30 13:54:56,129][TRACE][org.elasticsearch.indices.recovery] [node_s3] [test][0] recovery completed from {node_s0}{BJ9-d_yQSQGaUwf4YELEXg}{local}{local[26]}[mode=>local], took[70ms]
   phase1: recovered_files [1] with total_size of [159b], took [0s], throttling_wait [0s]
         : reusing_files   [0] with total_size of [0b]
   phase2: start took [26ms]
         : recovered [0] transaction log operations, took [0s]

[2016-03-30 13:54:56,146][DEBUG][org.elasticsearch.indices.cluster] [node_s0] [test][0] removing shard (not allocated)
[2016-03-30 13:54:56,171][DEBUG][org.elasticsearch.indices.cluster] [node_s0] [test] cleaning index (no shards allocated)
[2016-03-30 13:54:56,171][DEBUG][org.elasticsearch.indices] [node_s0] [test] closing ... (reason [removing index (no shards allocated)])
[2016-03-30 13:54:56,171][DEBUG][org.elasticsearch.indices] [node_s0] [test] closing index service (reason [removing index (no shards allocated)])
[2016-03-30 13:54:56,171][DEBUG][org.elasticsearch.indices] [node_s0] [test] closed... (reason [removing index (no shards allocated)])
[2016-03-30 13:54:56,173][TRACE][org.elasticsearch.indices.store] [node_s0] [test][0] sending shard active check to {node_s3}{qxZBCvlHTW2jodhffd4Reg}{local}{local[33]}[mode=>local]
[2016-03-30 13:54:56,174][TRACE][org.elasticsearch.indices.store] [node_s0] [test][0] is active on node {node_s3}{qxZBCvlHTW2jodhffd4Reg}{local}{local[33]}[mode=>local]
[2016-03-30 13:54:56,196][DEBUG][org.elasticsearch.indices] [node_s0] [test][0] deleted shard reason [no longer used]
[2016-03-30 13:54:56,211][DEBUG][org.elasticsearch.indices.flush] indices [test] are green
[2016-03-30 13:54:56,214][TRACE][org.elasticsearch.indices.store] [node_s0] listing store meta data for [test][0]
[2016-03-30 13:54:56,214][TRACE][org.elasticsearch.indices.store] [node_s1] listing store meta data for [test][0]
[2016-03-30 13:54:56,214][TRACE][org.elasticsearch.indices.store] [node_s3] listing store meta data for [test][0]
[2016-03-30 13:54:56,215][TRACE][org.elasticsearch.indices.store] [node_s0] [test][0] didn't find any store meta data to load (took [807.1micros])
[2016-03-30 13:54:56,217][TRACE][org.elasticsearch.indices.store] [node_s1] [test][0] didn't find any store meta data to load (took [3.1ms])
[2016-03-30 13:54:56,237][DEBUG][org.elasticsearch.indices.store] [node_s3] [test][0] loaded store meta data (took [22.1ms])
[2016-03-30 13:54:56,242][DEBUG][org.elasticsearch.indices.cluster] [node_s1] [test] creating index
[2016-03-30 13:54:56,243][DEBUG][org.elasticsearch.indices] [node_s1] creating Index [test], shards [1]/[2]
[2016-03-30 13:54:56,244][DEBUG][org.elasticsearch.indices.cluster] [node_s1] [test] adding mapping [_default_], source [{"_default_":{"dynamic_templates":[{"template-strings":{"mapping":{"fielddata":{"loading":"lazy"}},"match_mapping_type":"string"}},{"template-longs":{"mapping":{"fielddata":{"loading":"eager"}},"match_mapping_type":"long"}},{"template-doubles":{"mapping":{"fielddata":{"loading":"eager"}},"match_mapping_type":"double"}},{"template-geo_points":{"mapping":{"fielddata":{"loading":"eager"}},"match_mapping_type":"geo_point"}},{"template-booleans":{"mapping":{"fielddata":{"loading":"eager"}},"match_mapping_type":"boolean"}}]}}]
[2016-03-30 13:54:56,246][DEBUG][org.elasticsearch.indices.cluster] [node_s1] [test][0] creating shard
[2016-03-30 13:54:56,258][TRACE][org.elasticsearch.indices.recovery] [node_s1] [test][0] started recovery from {node_s3}{qxZBCvlHTW2jodhffd4Reg}{local}{local[33]}[mode=>local], id [76]
[2016-03-30 13:54:56,258][TRACE][org.elasticsearch.indices.recovery] [node_s1] collecting local files for [test][0] [76]
[2016-03-30 13:54:56,260][DEBUG][org.elasticsearch.indices.cluster] [node_s0] [test] creating index
[2016-03-30 13:54:56,261][DEBUG][org.elasticsearch.indices] [node_s0] creating Index [test], shards [1]/[2]
[2016-03-30 13:54:56,263][DEBUG][org.elasticsearch.indices.cluster] [node_s0] [test] adding mapping [_default_], source [{"_default_":{"dynamic_templates":[{"template-strings":{"mapping":{"fielddata":{"loading":"lazy"}},"match_mapping_type":"string"}},{"template-longs":{"mapping":{"fielddata":{"loading":"eager"}},"match_mapping_type":"long"}},{"template-doubles":{"mapping":{"fielddata":{"loading":"eager"}},"match_mapping_type":"double"}},{"template-geo_points":{"mapping":{"fielddata":{"loading":"eager"}},"match_mapping_type":"geo_point"}},{"template-booleans":{"mapping":{"fielddata":{"loading":"eager"}},"match_mapping_type":"boolean"}}]}}]
[2016-03-30 13:54:56,264][TRACE][org.elasticsearch.indices.recovery] [node_s1] [test][0] starting recovery from {node_s3}{qxZBCvlHTW2jodhffd4Reg}{local}{local[33]}[mode=>local]
[2016-03-30 13:54:56,264][TRACE][org.elasticsearch.indices.recovery] [node_s3] [test][0] starting recovery to {node_s1}{h_TATuVsQJmOGBLmAASslA}{local}{local[27]}[mode=>local], mark_as_relocated false
[2016-03-30 13:54:56,265][TRACE][org.elasticsearch.indices.recovery] [node_s3] captured translog id [1] for recovery
[2016-03-30 13:54:56,265][DEBUG][org.elasticsearch.indices.cluster] [node_s0] [test][0] creating shard
[2016-03-30 13:54:56,272][TRACE][org.elasticsearch.indices.recovery] [node_s0] [test][0] started recovery from {node_s3}{qxZBCvlHTW2jodhffd4Reg}{local}{local[33]}[mode=>local], id [77]
[2016-03-30 13:54:56,272][TRACE][org.elasticsearch.indices.recovery] [node_s0] collecting local files for [test][0] [77]
[2016-03-30 13:54:56,274][TRACE][org.elasticsearch.indices.recovery] [node_s3] [test][0] recovery [phase1] to {node_s1}{h_TATuVsQJmOGBLmAASslA}{local}{local[27]}[mode=>local]: recovering [segments_3], does not exists in remote
[2016-03-30 13:54:56,274][TRACE][org.elasticsearch.indices.recovery] [node_s3] [test][0] recovery [phase1] to {node_s1}{h_TATuVsQJmOGBLmAASslA}{local}{local[27]}[mode=>local]: recovering_files [1] with total_size [159b], reusing_files [0] with total_size [0b]
[2016-03-30 13:54:56,275][TRACE][org.elasticsearch.indices.recovery] [node_s0] [test][0] starting recovery from {node_s3}{qxZBCvlHTW2jodhffd4Reg}{local}{local[33]}[mode=>local]
[2016-03-30 13:54:56,275][TRACE][org.elasticsearch.indices.recovery] [node_s3] [test][0] starting recovery to {node_s0}{BJ9-d_yQSQGaUwf4YELEXg}{local}{local[26]}[mode=>local], mark_as_relocated false
[2016-03-30 13:54:56,276][TRACE][org.elasticsearch.indices.recovery] [node_s3] captured translog id [1] for recovery
[2016-03-30 13:54:56,282][TRACE][org.elasticsearch.indices.recovery] [node_s3] [test][0] recovery [phase1] to {node_s0}{BJ9-d_yQSQGaUwf4YELEXg}{local}{local[26]}[mode=>local]: recovering [segments_3], does not exists in remote
[2016-03-30 13:54:56,282][TRACE][org.elasticsearch.indices.recovery] [node_s3] [test][0] recovery [phase1] to {node_s0}{BJ9-d_yQSQGaUwf4YELEXg}{local}{local[26]}[mode=>local]: recovering_files [1] with total_size [159b], reusing_files [0] with total_size [0b]
[2016-03-30 13:54:56,296][TRACE][org.elasticsearch.indices.recovery] [node_s3] [test][0] recovery [phase1] to {node_s1}{h_TATuVsQJmOGBLmAASslA}{local}{local[27]}[mode=>local]: prepare remote engine for translog
[2016-03-30 13:54:56,302][TRACE][org.elasticsearch.indices.recovery] [node_s3] [test][0] recovery [phase1] to {node_s0}{BJ9-d_yQSQGaUwf4YELEXg}{local}{local[26]}[mode=>local]: prepare remote engine for translog
[2016-03-30 13:54:56,308][TRACE][org.elasticsearch.indices] [node_s0] [test][0] warming [ElasticsearchDirectoryReader()]
[2016-03-30 13:54:56,308][TRACE][org.elasticsearch.indices] [node_s0] [test][0] top warming [ElasticsearchDirectoryReader()]
[2016-03-30 13:54:56,310][TRACE][org.elasticsearch.indices] [node_s1] [test][0] warming [ElasticsearchDirectoryReader()]
[2016-03-30 13:54:56,310][TRACE][org.elasticsearch.indices] [node_s1] [test][0] top warming [ElasticsearchDirectoryReader()]
[2016-03-30 13:54:56,318][TRACE][org.elasticsearch.indices.recovery] [node_s3] [test][0] recovery [phase1] to {node_s0}{BJ9-d_yQSQGaUwf4YELEXg}{local}{local[26]}[mode=>local]: remote engine start took [15.9ms]
[2016-03-30 13:54:56,318][TRACE][org.elasticsearch.indices.recovery] [node_s3] [test][0] recovery [phase1] to {node_s0}{BJ9-d_yQSQGaUwf4YELEXg}{local}{local[26]}[mode=>local]: took [0s]
[2016-03-30 13:54:56,318][TRACE][org.elasticsearch.indices.recovery] [node_s3] snapshot translog for recovery. current size is [0]
[2016-03-30 13:54:56,318][TRACE][org.elasticsearch.indices.recovery] [node_s3] [test][0] recovery [phase2] to {node_s0}{BJ9-d_yQSQGaUwf4YELEXg}{local}{local[26]}[mode=>local]: sending transaction log operations
[2016-03-30 13:54:56,318][TRACE][org.elasticsearch.indices.recovery] [node_s3] [test][0] no translog operations to send to {node_s0}{BJ9-d_yQSQGaUwf4YELEXg}{local}{local[26]}[mode=>local]
[2016-03-30 13:54:56,318][TRACE][org.elasticsearch.indices.recovery] [node_s3] [test][0] sent final batch of [0][0b] (total: [0]) translog operations to {node_s0}{BJ9-d_yQSQGaUwf4YELEXg}{local}{local[26]}[mode=>local]
[2016-03-30 13:54:56,318][TRACE][org.elasticsearch.indices.recovery] [node_s3] [test][0] recovery [phase1] to {node_s1}{h_TATuVsQJmOGBLmAASslA}{local}{local[27]}[mode=>local]: remote engine start took [22.4ms]
[2016-03-30 13:54:56,318][TRACE][org.elasticsearch.indices.recovery] [node_s3] [test][0] recovery [phase2] to {node_s0}{BJ9-d_yQSQGaUwf4YELEXg}{local}{local[26]}[mode=>local]: took [238.9micros]
[2016-03-30 13:54:56,318][TRACE][org.elasticsearch.indices.recovery] [node_s3] [test][0] recovery [phase1] to {node_s1}{h_TATuVsQJmOGBLmAASslA}{local}{local[27]}[mode=>local]: took [0s]
[2016-03-30 13:54:56,318][TRACE][org.elasticsearch.indices.recovery] [node_s3] [test][0] finalizing recovery to {node_s0}{BJ9-d_yQSQGaUwf4YELEXg}{local}{local[26]}[mode=>local]
[2016-03-30 13:54:56,319][TRACE][org.elasticsearch.indices.recovery] [node_s3] snapshot translog for recovery. current size is [0]
[2016-03-30 13:54:56,319][TRACE][org.elasticsearch.indices.recovery] [node_s3] [test][0] recovery [phase2] to {node_s1}{h_TATuVsQJmOGBLmAASslA}{local}{local[27]}[mode=>local]: sending transaction log operations
[2016-03-30 13:54:56,319][TRACE][org.elasticsearch.indices.recovery] [node_s3] [test][0] no translog operations to send to {node_s1}{h_TATuVsQJmOGBLmAASslA}{local}{local[27]}[mode=>local]
[2016-03-30 13:54:56,319][TRACE][org.elasticsearch.indices.recovery] [node_s3] [test][0] sent final batch of [0][0b] (total: [0]) translog operations to {node_s1}{h_TATuVsQJmOGBLmAASslA}{local}{local[27]}[mode=>local]
[2016-03-30 13:54:56,319][TRACE][org.elasticsearch.indices.recovery] [node_s3] [test][0] recovery [phase2] to {node_s1}{h_TATuVsQJmOGBLmAASslA}{local}{local[27]}[mode=>local]: took [163micros]
[2016-03-30 13:54:56,319][TRACE][org.elasticsearch.indices.recovery] [node_s3] [test][0] finalizing recovery to {node_s1}{h_TATuVsQJmOGBLmAASslA}{local}{local[27]}[mode=>local]
[2016-03-30 13:54:56,319][TRACE][org.elasticsearch.indices] [node_s0] [test][0] top warming [ElasticsearchDirectoryReader()]
[2016-03-30 13:54:56,319][TRACE][org.elasticsearch.indices] [node_s1] [test][0] top warming [ElasticsearchDirectoryReader()]
[2016-03-30 13:54:56,319][TRACE][org.elasticsearch.indices.recovery] [node_s3] [test][0] finalizing recovery to {node_s0}{BJ9-d_yQSQGaUwf4YELEXg}{local}{local[26]}[mode=>local]: took [623.4micros]
[2016-03-30 13:54:56,319][TRACE][org.elasticsearch.indices.recovery] [node_s3] [test][0] finalizing recovery to {node_s1}{h_TATuVsQJmOGBLmAASslA}{local}{local[27]}[mode=>local]: took [455micros]
[2016-03-30 13:54:56,319][TRACE][org.elasticsearch.indices.recovery] [node_s0] [test][0] marking recovery from {node_s3}{qxZBCvlHTW2jodhffd4Reg}{local}{local[33]}[mode=>local] as done, id [77]
[2016-03-30 13:54:56,320][TRACE][org.elasticsearch.indices.recovery] [node_s1] [test][0] marking recovery from {node_s3}{qxZBCvlHTW2jodhffd4Reg}{local}{local[33]}[mode=>local] as done, id [76]
[2016-03-30 13:54:56,320][TRACE][org.elasticsearch.indices.recovery] [node_s0] [test][0] recovery completed from {node_s3}{qxZBCvlHTW2jodhffd4Reg}{local}{local[33]}[mode=>local], took[47ms]
   phase1: recovered_files [1] with total_size of [159b], took [0s], throttling_wait [0s]
         : reusing_files   [0] with total_size of [0b]
   phase2: start took [15ms]
         : recovered [0] transaction log operations, took [0s]

[2016-03-30 13:54:56,320][TRACE][org.elasticsearch.indices.recovery] [node_s1] [test][0] recovery completed from {node_s3}{qxZBCvlHTW2jodhffd4Reg}{local}{local[33]}[mode=>local], took[61ms]
   phase1: recovered_files [1] with total_size of [159b], took [0s], throttling_wait [0s]
         : reusing_files   [0] with total_size of [0b]
   phase2: start took [22ms]
         : recovered [0] transaction log operations, took [0s]

[2016-03-30 13:54:56,322][TRACE][org.elasticsearch.indices.cluster] [node_s1] [test][0] master marked shard as initializing, but shard has state [POST_RECOVERY], resending shard started to {node_s0}{BJ9-d_yQSQGaUwf4YELEXg}{local}{local[26]}[mode=>local]
[2016-03-30 13:54:56,390][DEBUG][org.elasticsearch.indices.flush] indices [test] are green
[2016-03-30 13:54:56,399][INFO ][org.elasticsearch.indices.flush] [FlushIT#testSyncedFlush]: finished test
[2016-03-30 13:54:56,399][INFO ][org.elasticsearch.indices.flush] [FlushIT#testSyncedFlush]: cleaning up after test
[2016-03-30 13:54:56,402][TRACE][org.elasticsearch.indices.flush] Check consistency for [4] nodes
[2016-03-30 13:54:56,425][DEBUG][org.elasticsearch.indices.cluster] [node_s2] [test] cleaning index, no longer part of the metadata
[2016-03-30 13:54:56,425][DEBUG][org.elasticsearch.indices.cluster] [node_s1] [test] cleaning index, no longer part of the metadata
[2016-03-30 13:54:56,425][DEBUG][org.elasticsearch.indices] [node_s1] [test] closing ... (reason [index no longer part of the metadata])
[2016-03-30 13:54:56,425][DEBUG][org.elasticsearch.indices.cluster] [node_s3] [test] cleaning index, no longer part of the metadata
[2016-03-30 13:54:56,425][DEBUG][org.elasticsearch.indices] [node_s1] [test] closing index service (reason [index no longer part of the metadata])
[2016-03-30 13:54:56,425][DEBUG][org.elasticsearch.indices] [node_s3] [test] closing ... (reason [index no longer part of the metadata])
[2016-03-30 13:54:56,425][DEBUG][org.elasticsearch.indices] [node_s3] [test] closing index service (reason [index no longer part of the metadata])
[2016-03-30 13:54:56,452][TRACE][org.elasticsearch.indices] [node_s3] [test][0] deleting shard reason [delete index]
[2016-03-30 13:54:56,462][DEBUG][org.elasticsearch.indices] [node_s3] [test] closed... (reason [index no longer part of the metadata])
[2016-03-30 13:54:56,462][DEBUG][org.elasticsearch.indices] [node_s3] [test] deleting index store reason [index no longer part of the metadata]
[2016-03-30 13:54:56,465][DEBUG][org.elasticsearch.indices] [node_s3] [test] processing pending deletes
[2016-03-30 13:54:56,509][TRACE][org.elasticsearch.indices] [node_s1] [test][0] deleting shard reason [delete index]
[2016-03-30 13:54:56,518][DEBUG][org.elasticsearch.indices] [node_s1] [test] closed... (reason [index no longer part of the metadata])
[2016-03-30 13:54:56,519][DEBUG][org.elasticsearch.indices] [node_s1] [test] deleting index store reason [index no longer part of the metadata]
[2016-03-30 13:54:56,521][DEBUG][org.elasticsearch.indices] [node_s1] [test] processing pending deletes
[2016-03-30 13:54:56,522][DEBUG][org.elasticsearch.indices.cluster] [node_s0] [test] cleaning index, no longer part of the metadata
[2016-03-30 13:54:56,522][DEBUG][org.elasticsearch.indices] [node_s0] [test] closing ... (reason [index no longer part of the metadata])
[2016-03-30 13:54:56,522][DEBUG][org.elasticsearch.indices] [node_s0] [test] closing index service (reason [index no longer part of the metadata])
[2016-03-30 13:54:56,589][TRACE][org.elasticsearch.indices] [node_s0] [test][0] deleting shard reason [delete index]
[2016-03-30 13:54:56,599][DEBUG][org.elasticsearch.indices] [node_s0] [test] closed... (reason [index no longer part of the metadata])
[2016-03-30 13:54:56,599][DEBUG][org.elasticsearch.indices] [node_s0] [test] deleting index store reason [index no longer part of the metadata]
[2016-03-30 13:54:56,603][DEBUG][org.elasticsearch.indices] [node_s0] [test] processing pending deletes
[2016-03-30 13:54:56,636][INFO ][org.elasticsearch.indices.flush] [FlushIT#testSyncedFlush]: cleaned up after test
]]></system-out>
   <system-err><![CDATA[]]></system-err>
</testsuite>