<testsuite errors="0" failures="0" tests="1" skipped="0" name="org.elasticsearch.action.support.master.IndexingMasterFailoverIT" hostname="nohost.nodomain" time="18.888" timestamp="2016-03-30T13:55:12">
   <properties class="java.util.ArrayList">
      <property name="awt.toolkit" value="sun.lwawt.macosx.LWCToolkit"/>
      <property name="es.logger.level" value="WARN"/>
      <property name="file.encoding" value="UTF-8"/>
      <property name="file.encoding.pkg" value="sun.io"/>
      <property name="file.separator" value="/"/>
      <property name="ftp.nonProxyHosts" value="local|*.local|169.254/16|*.169.254/16"/>
      <property name="gopherProxySet" value="false"/>
      <property name="http.nonProxyHosts" value="local|*.local|169.254/16|*.169.254/16"/>
      <property name="java.awt.graphicsenv" value="sun.awt.CGraphicsEnvironment"/>
      <property name="java.awt.headless" value="true"/>
      <property name="java.awt.printerjob" value="sun.lwawt.macosx.CPrinterJob"/>
      <property name="java.class.path" value="/Users/brijeshs/Documents/elasticsearch_sort_netbeans/elasticsearch/core/build/classes/test:/Users/brijeshs/Documents/elasticsearch_sort_netbeans/elasticsearch/core/build/resources/test:/Users/brijeshs/Documents/elasticsearch_sort_netbeans/elasticsearch/core/build/classes/main:/Users/brijeshs/Documents/elasticsearch_sort_netbeans/elasticsearch/core/build/resources/main:/Users/brijeshs/.gradle/caches/modules-2/files-2.1/org.apache.lucene/lucene-core/5.4.0-snapshot-1715952/84685d37a34b4d87e2928566ed266a7f005ca67d/lucene-core-5.4.0-snapshot-1715952.jar:/Users/brijeshs/.gradle/caches/modules-2/files-2.1/org.apache.lucene/lucene-analyzers-common/5.4.0-snapshot-1715952/feaf885ed4155fb7202c1f90ac2eb40503961efc/lucene-analyzers-common-5.4.0-snapshot-1715952.jar:/Users/brijeshs/.gradle/caches/modules-2/files-2.1/org.apache.lucene/lucene-backward-codecs/5.4.0-snapshot-1715952/5b5b5c950b4fcac38cf48fab911f75da61e780fa/lucene-backward-codecs-5.4.0-snapshot-1715952.jar:/Users/brijeshs/.gradle/caches/modules-2/files-2.1/org.apache.lucene/lucene-grouping/5.4.0-snapshot-1715952/ff92011208ed5c28f041acc37bd77728a89fc6a5/lucene-grouping-5.4.0-snapshot-1715952.jar:/Users/brijeshs/.gradle/caches/modules-2/files-2.1/org.apache.lucene/lucene-highlighter/5.4.0-snapshot-1715952/5d46f26a6cb36aede89b8728b6fcbc427d4f9416/lucene-highlighter-5.4.0-snapshot-1715952.jar:/Users/brijeshs/.gradle/caches/modules-2/files-2.1/org.apache.lucene/lucene-join/5.4.0-snapshot-1715952/726ea07bbfdfbfbee80522353496fc6667dc33c9/lucene-join-5.4.0-snapshot-1715952.jar:/Users/brijeshs/.gradle/caches/modules-2/files-2.1/org.apache.lucene/lucene-memory/5.4.0-snapshot-1715952/d8d7a7b573a4cfc54745a126e905ccfd523b7a24/lucene-memory-5.4.0-snapshot-1715952.jar:/Users/brijeshs/.gradle/caches/modules-2/files-2.1/org.apache.lucene/lucene-misc/5.4.0-snapshot-1715952/cd9d4fb4492bd2680cea2f038a051311329f6443/lucene-misc-5.4.0-snapshot-1715952.jar:/Users/brijeshs/.gradle/caches/modules-2/files-2.1/org.apache.lucene/lucene-queries/5.4.0-snapshot-1715952/a1a04d191443e51f992ed3dd02d0e14fd48493c9/lucene-queries-5.4.0-snapshot-1715952.jar:/Users/brijeshs/.gradle/caches/modules-2/files-2.1/org.apache.lucene/lucene-queryparser/5.4.0-snapshot-1715952/c4d34b29b8b14ad3deb300a6d699e9d8965a3c2c/lucene-queryparser-5.4.0-snapshot-1715952.jar:/Users/brijeshs/.gradle/caches/modules-2/files-2.1/org.apache.lucene/lucene-sandbox/5.4.0-snapshot-1715952/bf45dbd653d66ce9d2c3f19b69997b8098d8b416/lucene-sandbox-5.4.0-snapshot-1715952.jar:/Users/brijeshs/.gradle/caches/modules-2/files-2.1/org.apache.lucene/lucene-spatial/5.4.0-snapshot-1715952/2bddfda70f5c657064d12860b03c2cd8a5029bfc/lucene-spatial-5.4.0-snapshot-1715952.jar:/Users/brijeshs/.gradle/caches/modules-2/files-2.1/org.apache.lucene/lucene-spatial3d/5.4.0-snapshot-1715952/881b8cd571fb3ccdcc69f1316468d816812513fb/lucene-spatial3d-5.4.0-snapshot-1715952.jar:/Users/brijeshs/.gradle/caches/modules-2/files-2.1/org.apache.lucene/lucene-suggest/5.4.0-snapshot-1715952/466e2bc02f45f04cbf516e5df78b9c2ebd99e944/lucene-suggest-5.4.0-snapshot-1715952.jar:/Users/brijeshs/.gradle/caches/modules-2/files-2.1/org.elasticsearch/securesm/1.0/c0c6cf986ba0057390bfcc80c366a0e3157f944b/securesm-1.0.jar:/Users/brijeshs/.gradle/caches/modules-2/files-2.1/commons-cli/commons-cli/1.3.1/1303efbc4b181e5a58bf2e967dc156a3132b97c0/commons-cli-1.3.1.jar:/Users/brijeshs/.gradle/caches/modules-2/files-2.1/com.carrotsearch/hppc/0.7.1/8b5057f74ea378c0150a1860874a3ebdcb713767/hppc-0.7.1.jar:/Users/brijeshs/.gradle/caches/modules-2/files-2.1/joda-time/joda-time/2.8.2/d27c24204c5e507b16fec01006b3d0f1ec42aed4/joda-time-2.8.2.jar:/Users/brijeshs/.gradle/caches/modules-2/files-2.1/org.joda/joda-convert/1.2/35ec554f0cd00c956cc69051514d9488b1374dec/joda-convert-1.2.jar:/Users/brijeshs/.gradle/caches/modules-2/files-2.1/com.fasterxml.jackson.core/jackson-core/2.6.2/123f29333b2c6b3516b14252b6e93226bfcd6e37/jackson-core-2.6.2.jar:/Users/brijeshs/.gradle/caches/modules-2/files-2.1/com.fasterxml.jackson.dataformat/jackson-dataformat-smile/2.6.2/395d18c1a1dd730b8026ee59c4067e5d2b45ba6e/jackson-dataformat-smile-2.6.2.jar:/Users/brijeshs/.gradle/caches/modules-2/files-2.1/com.fasterxml.jackson.dataformat/jackson-dataformat-yaml/2.6.2/4ae23088dd3fae47c66843f2e4251d7255ee140e/jackson-dataformat-yaml-2.6.2.jar:/Users/brijeshs/.gradle/caches/modules-2/files-2.1/com.fasterxml.jackson.dataformat/jackson-dataformat-cbor/2.6.2/1e13c575f914c83761bb8e2aca7dfd9e4c647579/jackson-dataformat-cbor-2.6.2.jar:/Users/brijeshs/.gradle/caches/modules-2/files-2.1/io.netty/netty/3.10.5.Final/9ca7d55d246092bddd29b867706e2f6c7db701a0/netty-3.10.5.Final.jar:/Users/brijeshs/.gradle/caches/modules-2/files-2.1/com.tdunning/t-digest/3.0/84ccf145ac2215e6bfa63baa3101c0af41017cfc/t-digest-3.0.jar:/Users/brijeshs/.gradle/caches/modules-2/files-2.1/org.hdrhistogram/HdrHistogram/2.1.6/7495feb7f71ee124bd2a7e7d83590e296d71d80e/HdrHistogram-2.1.6.jar:/Users/brijeshs/.gradle/caches/modules-2/files-2.1/com.spatial4j/spatial4j/0.5/6e16edaf6b1ba76db7f08c2f3723fce3b358ecc3/spatial4j-0.5.jar:/Users/brijeshs/.gradle/caches/modules-2/files-2.1/com.vividsolutions/jts/1.13/3ccfb9b60f04d71add996a666ceb8902904fd805/jts-1.13.jar:/Users/brijeshs/.gradle/caches/modules-2/files-2.1/log4j/log4j/1.2.17/5af35056b4d257e4b64b9e8069c0746e8b08629f/log4j-1.2.17.jar:/Users/brijeshs/.gradle/caches/modules-2/files-2.1/log4j/apache-log4j-extras/1.2.17/85863614d82185d7e51fe21c00aa9117a523a8b6/apache-log4j-extras-1.2.17.jar:/Users/brijeshs/.gradle/caches/modules-2/files-2.1/org.slf4j/slf4j-api/1.6.2/8619e95939167fb37245b5670135e4feb0ec7d50/slf4j-api-1.6.2.jar:/Users/brijeshs/.gradle/caches/modules-2/files-2.1/net.java.dev.jna/jna/4.1.0/1c12d070e602efd8021891cdd7fd18bc129372d4/jna-4.1.0.jar:/Users/brijeshs/Documents/elasticsearch_sort_netbeans/elasticsearch/test-framework/build/libs/test-framework-3.0.0-SNAPSHOT.jar:/Users/brijeshs/.gradle/caches/modules-2/files-2.1/com.carrotsearch.randomizedtesting/randomizedtesting-runner/2.2.0/60de504132241be049564a3a34fd7dcc296e2ef0/randomizedtesting-runner-2.2.0.jar:/Users/brijeshs/.gradle/caches/modules-2/files-2.1/junit/junit/4.11/4e031bb61df09069aeb2bffb4019e7a5034a4ee0/junit-4.11.jar:/Users/brijeshs/.gradle/caches/modules-2/files-2.1/org.hamcrest/hamcrest-all/1.3/63a21ebc981131004ad02e0434e799fd7f3a8d5a/hamcrest-all-1.3.jar:/Users/brijeshs/.gradle/caches/modules-2/files-2.1/org.apache.lucene/lucene-test-framework/5.4.0-snapshot-1715952/ae3156d5a2526b1b48ca821765cf7cd53faecef5/lucene-test-framework-5.4.0-snapshot-1715952.jar:/Users/brijeshs/.gradle/caches/modules-2/files-2.1/org.apache.lucene/lucene-codecs/5.4.0-snapshot-1715952/7b94152f1c9fd7ecb384fc9602318f74a4463a65/lucene-codecs-5.4.0-snapshot-1715952.jar:/Users/brijeshs/.gradle/caches/modules-2/files-2.1/org.apache.httpcomponents/httpclient/4.3.6/4c47155e3e6c9a41a28db36680b828ced53b8af4/httpclient-4.3.6.jar:/Users/brijeshs/.gradle/caches/modules-2/files-2.1/org.apache.httpcomponents/httpcore/4.3.3/f91b7a4aadc5cf486df6e4634748d7dd7a73f06d/httpcore-4.3.3.jar:/Users/brijeshs/.gradle/caches/modules-2/files-2.1/commons-logging/commons-logging/1.1.3/f6f66e966c70a83ffbdb6f17a0919eaf7c8aca7f/commons-logging-1.1.3.jar:/Users/brijeshs/.gradle/caches/modules-2/files-2.1/commons-codec/commons-codec/1.10/4b95f4897fa13f2cd904aee711aeafc0c5295cd8/commons-codec-1.10.jar:/Users/brijeshs/.gradle/caches/modules-2/files-2.1/com.carrotsearch.randomizedtesting/junit4-ant/2.2.0/d401c9c729deccd5db8a5df3102eb18793c2224/junit4-ant-2.2.0.jar"/>
      <property name="java.class.version" value="52.0"/>
      <property name="java.endorsed.dirs" value="/Library/Java/JavaVirtualMachines/jdk1.8.0_40.jdk/Contents/Home/jre/lib/endorsed"/>
      <property name="java.ext.dirs" value="/Users/brijeshs/Library/Java/Extensions:/Library/Java/JavaVirtualMachines/jdk1.8.0_40.jdk/Contents/Home/jre/lib/ext:/Library/Java/Extensions:/Network/Library/Java/Extensions:/System/Library/Java/Extensions:/usr/lib/java"/>
      <property name="java.home" value="/Library/Java/JavaVirtualMachines/jdk1.8.0_40.jdk/Contents/Home/jre"/>
      <property name="java.io.tmpdir" value="./temp"/>
      <property name="java.library.path" value="/Applications/NetBeans/NetBeans 8.1.app/Contents/Resources/NetBeans/webcommon/bin::/Users/brijeshs/Library/Java/Extensions:/Library/Java/Extensions:/Network/Library/Java/Extensions:/System/Library/Java/Extensions:/usr/lib/java:."/>
      <property name="java.runtime.name" value="Java(TM) SE Runtime Environment"/>
      <property name="java.runtime.version" value="1.8.0_40-b25"/>
      <property name="java.specification.name" value="Java Platform API Specification"/>
      <property name="java.specification.vendor" value="Oracle Corporation"/>
      <property name="java.specification.version" value="1.8"/>
      <property name="java.vendor" value="Oracle Corporation"/>
      <property name="java.vendor.url" value="http://java.oracle.com/"/>
      <property name="java.vendor.url.bug" value="http://bugreport.sun.com/bugreport/"/>
      <property name="java.version" value="1.8.0_40"/>
      <property name="java.vm.info" value="mixed mode"/>
      <property name="java.vm.name" value="Java HotSpot(TM) 64-Bit Server VM"/>
      <property name="java.vm.specification.name" value="Java Virtual Machine Specification"/>
      <property name="java.vm.specification.vendor" value="Oracle Corporation"/>
      <property name="java.vm.specification.version" value="1.8"/>
      <property name="java.vm.vendor" value="Oracle Corporation"/>
      <property name="java.vm.version" value="25.40-b25"/>
      <property name="junit4.childvm.count" value="4"/>
      <property name="junit4.childvm.cwd" value="/Users/brijeshs/Documents/elasticsearch_sort_netbeans/elasticsearch/core/build/testrun/integTest/J0"/>
      <property name="junit4.childvm.id" value="0"/>
      <property name="junit4.memory.total" value="514850816"/>
      <property name="junit4.pidString" value="66624@BrijeshS-2.fios-router.home"/>
      <property name="junit4.processors" value="8"/>
      <property name="line.separator" value="
"/>
      <property name="os.arch" value="x86_64"/>
      <property name="os.name" value="Mac OS X"/>
      <property name="os.version" value="10.10.5"/>
      <property name="path.separator" value=":"/>
      <property name="socksNonProxyHosts" value="local|*.local|169.254/16|*.169.254/16"/>
      <property name="sun.arch.data.model" value="64"/>
      <property name="sun.boot.class.path" value="/Library/Java/JavaVirtualMachines/jdk1.8.0_40.jdk/Contents/Home/jre/lib/resources.jar:/Library/Java/JavaVirtualMachines/jdk1.8.0_40.jdk/Contents/Home/jre/lib/rt.jar:/Library/Java/JavaVirtualMachines/jdk1.8.0_40.jdk/Contents/Home/jre/lib/sunrsasign.jar:/Library/Java/JavaVirtualMachines/jdk1.8.0_40.jdk/Contents/Home/jre/lib/jsse.jar:/Library/Java/JavaVirtualMachines/jdk1.8.0_40.jdk/Contents/Home/jre/lib/jce.jar:/Library/Java/JavaVirtualMachines/jdk1.8.0_40.jdk/Contents/Home/jre/lib/charsets.jar:/Library/Java/JavaVirtualMachines/jdk1.8.0_40.jdk/Contents/Home/jre/lib/jfr.jar:/Library/Java/JavaVirtualMachines/jdk1.8.0_40.jdk/Contents/Home/jre/classes"/>
      <property name="sun.boot.library.path" value="/Library/Java/JavaVirtualMachines/jdk1.8.0_40.jdk/Contents/Home/jre/lib"/>
      <property name="sun.cpu.endian" value="little"/>
      <property name="sun.cpu.isalist" value=""/>
      <property name="sun.io.unicode.encoding" value="UnicodeBig"/>
      <property name="sun.java.command" value="com.carrotsearch.ant.tasks.junit4.slave.SlaveMainSafe -eventsfile /Users/brijeshs/Documents/elasticsearch_sort_netbeans/elasticsearch/core/build/testrun/integTest/temp/junit4-J0-20160330_135253_694.events @/Users/brijeshs/Documents/elasticsearch_sort_netbeans/elasticsearch/core/build/testrun/integTest/temp/junit4-J0-20160330_135253_694.suites -stdin"/>
      <property name="sun.java.launcher" value="SUN_STANDARD"/>
      <property name="sun.jnu.encoding" value="UTF-8"/>
      <property name="sun.management.compiler" value="HotSpot 64-Bit Tiered Compilers"/>
      <property name="sun.os.patch.level" value="unknown"/>
      <property name="tests.artifact" value="core"/>
      <property name="tests.ifNoTests" value="fail"/>
      <property name="tests.maven" value="true"/>
      <property name="tests.prefix" value="tests"/>
      <property name="tests.security.manager" value="true"/>
      <property name="tests.seed" value="F7928424F380CF7C"/>
      <property name="tests.task" value=":core:integTest"/>
      <property name="user.country" value="US"/>
      <property name="user.dir" value="/Users/brijeshs/Documents/elasticsearch_sort_netbeans/elasticsearch/core/build/testrun/integTest/J0"/>
      <property name="user.home" value="/Users/brijeshs"/>
      <property name="user.language" value="en"/>
      <property name="user.name" value="brijeshs"/>
      <property name="user.timezone" value="America/Los_Angeles"/>
   </properties>
   <testcase classname="org.elasticsearch.action.support.master.IndexingMasterFailoverIT" name="testMasterFailoverDuringIndexingWithMappingChanges" time="18.832"/>
   <system-out><![CDATA[[2016-03-30 13:55:20,107][WARN ][org.elasticsearch.discovery.zen] [node_t0] master left (reason = transport disconnected), current nodes: {{node_t3}{Ru8eiy-0TzGAWxjWP1LF2g}{127.0.0.1}{127.0.0.1:9443}[master=>false, mode=>network],{node_t0}{YrYchOe4TZaF8_LfBjo5vw}{127.0.0.1}{127.0.0.1:9440}[master=>true, mode=>network, data=>false],{node_t2}{nd6j0cc_T1Wr2e53LO9gBA}{127.0.0.1}{127.0.0.1:9442}[mode=>network, data=>false, master=>true],}
[2016-03-30 13:55:20,109][WARN ][org.elasticsearch.discovery.zen.ping.unicast] [node_t0] failed to send ping to [{node_t1}{B8ueoxDfQ6q-fh1-89oQ2w}{127.0.0.1}{127.0.0.1:9441}[data=>false, master=>true, mode=>network]]
SendRequestTransportException[[node_t1][127.0.0.1:9441][internal:discovery/zen/unicast]]; nested: ConnectTransportException[[node_t1][127.0.0.1:9441] DISCONNECT: simulated];
	at org.elasticsearch.transport.TransportService.sendRequest(TransportService.java:323)
	at org.elasticsearch.discovery.zen.ping.unicast.UnicastZenPing.sendPingRequestToNode(UnicastZenPing.java:440)
	at org.elasticsearch.discovery.zen.ping.unicast.UnicastZenPing.sendPings(UnicastZenPing.java:426)
	at org.elasticsearch.discovery.zen.ping.unicast.UnicastZenPing.ping(UnicastZenPing.java:240)
	at org.elasticsearch.discovery.zen.ping.ZenPingService.ping(ZenPingService.java:106)
	at org.elasticsearch.discovery.zen.ping.ZenPingService.pingAndWait(ZenPingService.java:84)
	at org.elasticsearch.discovery.zen.ZenDiscovery.findMaster(ZenDiscovery.java:857)
	at org.elasticsearch.discovery.zen.ZenDiscovery.innerJoinCluster(ZenDiscovery.java:368)
	at org.elasticsearch.discovery.zen.ZenDiscovery.access$5000(ZenDiscovery.java:75)
	at org.elasticsearch.discovery.zen.ZenDiscovery$JoinThreadControl$1.run(ZenDiscovery.java:1210)
	at java.util.concurrent.ThreadPoolExecutor.runWorker(ThreadPoolExecutor.java:1142)
	at java.util.concurrent.ThreadPoolExecutor$Worker.run(ThreadPoolExecutor.java:617)
	at java.lang.Thread.run(Thread.java:745)
Caused by: ConnectTransportException[[node_t1][127.0.0.1:9441] DISCONNECT: simulated]
	at org.elasticsearch.test.transport.MockTransportService$1.sendRequest(MockTransportService.java:161)
	at org.elasticsearch.test.transport.MockTransportService$LookupTestTransport.sendRequest(MockTransportService.java:422)
	at org.elasticsearch.transport.TransportService.sendRequest(TransportService.java:312)
	... 12 more
[2016-03-30 13:55:20,114][WARN ][org.elasticsearch.cluster.service] [node_t1] failing [zen-disco-node_failed({node_t0}{YrYchOe4TZaF8_LfBjo5vw}{127.0.0.1}{127.0.0.1:9440}[master=>true, data=>false, mode=>network]), reason transport disconnected]: failed to commit cluster state version [8]
FailedToCommitClusterStateException[failed to get enough masters to ack sent cluster state. [1] left]
	at org.elasticsearch.discovery.zen.publish.PublishClusterStateAction$SendingController.waitForCommit(PublishClusterStateAction.java:509)
	at org.elasticsearch.discovery.zen.publish.PublishClusterStateAction.innerPublish(PublishClusterStateAction.java:173)
	at org.elasticsearch.discovery.zen.publish.PublishClusterStateAction.publish(PublishClusterStateAction.java:138)
	at org.elasticsearch.discovery.zen.ZenDiscovery.publish(ZenDiscovery.java:319)
	at sun.reflect.GeneratedMethodAccessor3.invoke(Unknown Source)
	at sun.reflect.DelegatingMethodAccessorImpl.invoke(DelegatingMethodAccessorImpl.java:43)
	at java.lang.reflect.Method.invoke(Method.java:497)
	at org.elasticsearch.common.inject.internal.ConstructionContext$DelegatingInvocationHandler.invoke(ConstructionContext.java:111)
	at com.sun.proxy.$Proxy37.publish(Unknown Source)
	at org.elasticsearch.discovery.DiscoveryService.publish(DiscoveryService.java:130)
	at org.elasticsearch.cluster.service.InternalClusterService.runTasksForExecutor(InternalClusterService.java:513)
	at org.elasticsearch.cluster.service.InternalClusterService$UpdateTask.run(InternalClusterService.java:596)
	at org.elasticsearch.common.util.concurrent.PrioritizedEsThreadPoolExecutor$TieBreakingPrioritizedRunnable.runAndClean(PrioritizedEsThreadPoolExecutor.java:231)
	at org.elasticsearch.common.util.concurrent.PrioritizedEsThreadPoolExecutor$TieBreakingPrioritizedRunnable.run(PrioritizedEsThreadPoolExecutor.java:194)
	at java.util.concurrent.ThreadPoolExecutor.runWorker(ThreadPoolExecutor.java:1142)
	at java.util.concurrent.ThreadPoolExecutor$Worker.run(ThreadPoolExecutor.java:617)
	at java.lang.Thread.run(Thread.java:745)
[2016-03-30 13:55:20,117][ERROR][org.elasticsearch.discovery.zen] [node_t1] unexpected failure during [zen-disco-node_failed({node_t0}{YrYchOe4TZaF8_LfBjo5vw}{127.0.0.1}{127.0.0.1:9440}[master=>true, data=>false, mode=>network]), reason transport disconnected]
FailedToCommitClusterStateException[failed to get enough masters to ack sent cluster state. [1] left]
	at org.elasticsearch.discovery.zen.publish.PublishClusterStateAction$SendingController.waitForCommit(PublishClusterStateAction.java:509)
	at org.elasticsearch.discovery.zen.publish.PublishClusterStateAction.innerPublish(PublishClusterStateAction.java:173)
	at org.elasticsearch.discovery.zen.publish.PublishClusterStateAction.publish(PublishClusterStateAction.java:138)
	at org.elasticsearch.discovery.zen.ZenDiscovery.publish(ZenDiscovery.java:319)
	at sun.reflect.GeneratedMethodAccessor3.invoke(Unknown Source)
	at sun.reflect.DelegatingMethodAccessorImpl.invoke(DelegatingMethodAccessorImpl.java:43)
	at java.lang.reflect.Method.invoke(Method.java:497)
	at org.elasticsearch.common.inject.internal.ConstructionContext$DelegatingInvocationHandler.invoke(ConstructionContext.java:111)
	at com.sun.proxy.$Proxy37.publish(Unknown Source)
	at org.elasticsearch.discovery.DiscoveryService.publish(DiscoveryService.java:130)
	at org.elasticsearch.cluster.service.InternalClusterService.runTasksForExecutor(InternalClusterService.java:513)
	at org.elasticsearch.cluster.service.InternalClusterService$UpdateTask.run(InternalClusterService.java:596)
	at org.elasticsearch.common.util.concurrent.PrioritizedEsThreadPoolExecutor$TieBreakingPrioritizedRunnable.runAndClean(PrioritizedEsThreadPoolExecutor.java:231)
	at org.elasticsearch.common.util.concurrent.PrioritizedEsThreadPoolExecutor$TieBreakingPrioritizedRunnable.run(PrioritizedEsThreadPoolExecutor.java:194)
	at java.util.concurrent.ThreadPoolExecutor.runWorker(ThreadPoolExecutor.java:1142)
	at java.util.concurrent.ThreadPoolExecutor$Worker.run(ThreadPoolExecutor.java:617)
	at java.lang.Thread.run(Thread.java:745)
[2016-03-30 13:55:20,118][WARN ][org.elasticsearch.discovery.zen] [node_t1] failed to publish to min_master_nodes, current nodes: {{node_t3}{Ru8eiy-0TzGAWxjWP1LF2g}{127.0.0.1}{127.0.0.1:9443}[mode=>network, master=>false],{node_t1}{B8ueoxDfQ6q-fh1-89oQ2w}{127.0.0.1}{127.0.0.1:9441}[master=>true, mode=>network, data=>false],{node_t0}{YrYchOe4TZaF8_LfBjo5vw}{127.0.0.1}{127.0.0.1:9440}[master=>true, data=>false, mode=>network],{node_t2}{nd6j0cc_T1Wr2e53LO9gBA}{127.0.0.1}{127.0.0.1:9442}[mode=>network, master=>true, data=>false],}
[2016-03-30 13:55:20,119][WARN ][org.elasticsearch.discovery.zen.ping.unicast] [node_t1] failed to send ping to [{#zen_unicast_1#}{127.0.0.1}{127.0.0.1:9440}]
SendRequestTransportException[[node_t0][127.0.0.1:9440][internal:discovery/zen/unicast]]; nested: ConnectTransportException[[node_t0][127.0.0.1:9440] DISCONNECT: simulated];
	at org.elasticsearch.transport.TransportService.sendRequest(TransportService.java:323)
	at org.elasticsearch.discovery.zen.ping.unicast.UnicastZenPing.sendPingRequestToNode(UnicastZenPing.java:440)
	at org.elasticsearch.discovery.zen.ping.unicast.UnicastZenPing.sendPings(UnicastZenPing.java:426)
	at org.elasticsearch.discovery.zen.ping.unicast.UnicastZenPing.ping(UnicastZenPing.java:240)
	at org.elasticsearch.discovery.zen.ping.ZenPingService.ping(ZenPingService.java:106)
	at org.elasticsearch.discovery.zen.ping.ZenPingService.pingAndWait(ZenPingService.java:84)
	at org.elasticsearch.discovery.zen.ZenDiscovery.findMaster(ZenDiscovery.java:857)
	at org.elasticsearch.discovery.zen.ZenDiscovery.innerJoinCluster(ZenDiscovery.java:368)
	at org.elasticsearch.discovery.zen.ZenDiscovery.access$5000(ZenDiscovery.java:75)
	at org.elasticsearch.discovery.zen.ZenDiscovery$JoinThreadControl$1.run(ZenDiscovery.java:1210)
	at java.util.concurrent.ThreadPoolExecutor.runWorker(ThreadPoolExecutor.java:1142)
	at java.util.concurrent.ThreadPoolExecutor$Worker.run(ThreadPoolExecutor.java:617)
	at java.lang.Thread.run(Thread.java:745)
Caused by: ConnectTransportException[[node_t0][127.0.0.1:9440] DISCONNECT: simulated]
	at org.elasticsearch.test.transport.MockTransportService$1.sendRequest(MockTransportService.java:161)
	at org.elasticsearch.test.transport.MockTransportService$LookupTestTransport.sendRequest(MockTransportService.java:422)
	at org.elasticsearch.transport.TransportService.sendRequest(TransportService.java:312)
	... 12 more
[2016-03-30 13:55:20,122][WARN ][org.elasticsearch.discovery.zen.ping.unicast] [node_t1] failed to send ping to [{#zen_unicast_4#}{127.0.0.1}{127.0.0.1:9443}]
SendRequestTransportException[[node_t3][127.0.0.1:9443][internal:discovery/zen/unicast]]; nested: ConnectTransportException[[node_t3][127.0.0.1:9443] DISCONNECT: simulated];
	at org.elasticsearch.transport.TransportService.sendRequest(TransportService.java:323)
	at org.elasticsearch.discovery.zen.ping.unicast.UnicastZenPing.sendPingRequestToNode(UnicastZenPing.java:440)
	at org.elasticsearch.discovery.zen.ping.unicast.UnicastZenPing.sendPings(UnicastZenPing.java:426)
	at org.elasticsearch.discovery.zen.ping.unicast.UnicastZenPing.ping(UnicastZenPing.java:240)
	at org.elasticsearch.discovery.zen.ping.ZenPingService.ping(ZenPingService.java:106)
	at org.elasticsearch.discovery.zen.ping.ZenPingService.pingAndWait(ZenPingService.java:84)
	at org.elasticsearch.discovery.zen.ZenDiscovery.findMaster(ZenDiscovery.java:857)
	at org.elasticsearch.discovery.zen.ZenDiscovery.innerJoinCluster(ZenDiscovery.java:368)
	at org.elasticsearch.discovery.zen.ZenDiscovery.access$5000(ZenDiscovery.java:75)
	at org.elasticsearch.discovery.zen.ZenDiscovery$JoinThreadControl$1.run(ZenDiscovery.java:1210)
	at java.util.concurrent.ThreadPoolExecutor.runWorker(ThreadPoolExecutor.java:1142)
	at java.util.concurrent.ThreadPoolExecutor$Worker.run(ThreadPoolExecutor.java:617)
	at java.lang.Thread.run(Thread.java:745)
Caused by: ConnectTransportException[[node_t3][127.0.0.1:9443] DISCONNECT: simulated]
	at org.elasticsearch.test.transport.MockTransportService$1.sendRequest(MockTransportService.java:161)
	at org.elasticsearch.test.transport.MockTransportService$LookupTestTransport.sendRequest(MockTransportService.java:422)
	at org.elasticsearch.transport.TransportService.sendRequest(TransportService.java:312)
	... 12 more
[2016-03-30 13:55:20,126][WARN ][org.elasticsearch.discovery.zen.ping.unicast] [node_t1] failed to send ping to [{node_t2}{nd6j0cc_T1Wr2e53LO9gBA}{127.0.0.1}{127.0.0.1:9442}[master=>true, mode=>network, data=>false]]
SendRequestTransportException[[node_t2][127.0.0.1:9442][internal:discovery/zen/unicast]]; nested: ConnectTransportException[[node_t2][127.0.0.1:9442] DISCONNECT: simulated];
	at org.elasticsearch.transport.TransportService.sendRequest(TransportService.java:323)
	at org.elasticsearch.discovery.zen.ping.unicast.UnicastZenPing.sendPingRequestToNode(UnicastZenPing.java:440)
	at org.elasticsearch.discovery.zen.ping.unicast.UnicastZenPing.sendPings(UnicastZenPing.java:426)
	at org.elasticsearch.discovery.zen.ping.unicast.UnicastZenPing.ping(UnicastZenPing.java:240)
	at org.elasticsearch.discovery.zen.ping.ZenPingService.ping(ZenPingService.java:106)
	at org.elasticsearch.discovery.zen.ping.ZenPingService.pingAndWait(ZenPingService.java:84)
	at org.elasticsearch.discovery.zen.ZenDiscovery.findMaster(ZenDiscovery.java:857)
	at org.elasticsearch.discovery.zen.ZenDiscovery.innerJoinCluster(ZenDiscovery.java:368)
	at org.elasticsearch.discovery.zen.ZenDiscovery.access$5000(ZenDiscovery.java:75)
	at org.elasticsearch.discovery.zen.ZenDiscovery$JoinThreadControl$1.run(ZenDiscovery.java:1210)
	at java.util.concurrent.ThreadPoolExecutor.runWorker(ThreadPoolExecutor.java:1142)
	at java.util.concurrent.ThreadPoolExecutor$Worker.run(ThreadPoolExecutor.java:617)
	at java.lang.Thread.run(Thread.java:745)
Caused by: ConnectTransportException[[node_t2][127.0.0.1:9442] DISCONNECT: simulated]
	at org.elasticsearch.test.transport.MockTransportService$1.sendRequest(MockTransportService.java:161)
	at org.elasticsearch.test.transport.MockTransportService$LookupTestTransport.sendRequest(MockTransportService.java:422)
	at org.elasticsearch.transport.TransportService.sendRequest(TransportService.java:312)
	... 12 more
[2016-03-30 13:55:20,122][WARN ][org.elasticsearch.discovery.zen.ping.unicast] [node_t1] failed to send ping to [{#zen_unicast_3#}{127.0.0.1}{127.0.0.1:9442}]
SendRequestTransportException[[node_t2][127.0.0.1:9442][internal:discovery/zen/unicast]]; nested: ConnectTransportException[[node_t2][127.0.0.1:9442] DISCONNECT: simulated];
	at org.elasticsearch.transport.TransportService.sendRequest(TransportService.java:323)
	at org.elasticsearch.discovery.zen.ping.unicast.UnicastZenPing.sendPingRequestToNode(UnicastZenPing.java:440)
	at org.elasticsearch.discovery.zen.ping.unicast.UnicastZenPing.sendPings(UnicastZenPing.java:426)
	at org.elasticsearch.discovery.zen.ping.unicast.UnicastZenPing.ping(UnicastZenPing.java:240)
	at org.elasticsearch.discovery.zen.ping.ZenPingService.ping(ZenPingService.java:106)
	at org.elasticsearch.discovery.zen.ping.ZenPingService.pingAndWait(ZenPingService.java:84)
	at org.elasticsearch.discovery.zen.ZenDiscovery.findMaster(ZenDiscovery.java:857)
	at org.elasticsearch.discovery.zen.ZenDiscovery.innerJoinCluster(ZenDiscovery.java:368)
	at org.elasticsearch.discovery.zen.ZenDiscovery.access$5000(ZenDiscovery.java:75)
	at org.elasticsearch.discovery.zen.ZenDiscovery$JoinThreadControl$1.run(ZenDiscovery.java:1210)
	at java.util.concurrent.ThreadPoolExecutor.runWorker(ThreadPoolExecutor.java:1142)
	at java.util.concurrent.ThreadPoolExecutor$Worker.run(ThreadPoolExecutor.java:617)
	at java.lang.Thread.run(Thread.java:745)
Caused by: ConnectTransportException[[node_t2][127.0.0.1:9442] DISCONNECT: simulated]
	at org.elasticsearch.test.transport.MockTransportService$1.sendRequest(MockTransportService.java:161)
	at org.elasticsearch.test.transport.MockTransportService$LookupTestTransport.sendRequest(MockTransportService.java:422)
	at org.elasticsearch.transport.TransportService.sendRequest(TransportService.java:312)
	... 12 more
[2016-03-30 13:55:20,126][WARN ][org.elasticsearch.discovery.zen.ping.unicast] [node_t1] failed to send ping to [{node_t3}{Ru8eiy-0TzGAWxjWP1LF2g}{127.0.0.1}{127.0.0.1:9443}[mode=>network, master=>false]]
SendRequestTransportException[[node_t3][127.0.0.1:9443][internal:discovery/zen/unicast]]; nested: ConnectTransportException[[node_t3][127.0.0.1:9443] DISCONNECT: simulated];
	at org.elasticsearch.transport.TransportService.sendRequest(TransportService.java:323)
	at org.elasticsearch.discovery.zen.ping.unicast.UnicastZenPing.sendPingRequestToNode(UnicastZenPing.java:440)
	at org.elasticsearch.discovery.zen.ping.unicast.UnicastZenPing.sendPings(UnicastZenPing.java:426)
	at org.elasticsearch.discovery.zen.ping.unicast.UnicastZenPing.ping(UnicastZenPing.java:240)
	at org.elasticsearch.discovery.zen.ping.ZenPingService.ping(ZenPingService.java:106)
	at org.elasticsearch.discovery.zen.ping.ZenPingService.pingAndWait(ZenPingService.java:84)
	at org.elasticsearch.discovery.zen.ZenDiscovery.findMaster(ZenDiscovery.java:857)
	at org.elasticsearch.discovery.zen.ZenDiscovery.innerJoinCluster(ZenDiscovery.java:368)
	at org.elasticsearch.discovery.zen.ZenDiscovery.access$5000(ZenDiscovery.java:75)
	at org.elasticsearch.discovery.zen.ZenDiscovery$JoinThreadControl$1.run(ZenDiscovery.java:1210)
	at java.util.concurrent.ThreadPoolExecutor.runWorker(ThreadPoolExecutor.java:1142)
	at java.util.concurrent.ThreadPoolExecutor$Worker.run(ThreadPoolExecutor.java:617)
	at java.lang.Thread.run(Thread.java:745)
Caused by: ConnectTransportException[[node_t3][127.0.0.1:9443] DISCONNECT: simulated]
	at org.elasticsearch.test.transport.MockTransportService$1.sendRequest(MockTransportService.java:161)
	at org.elasticsearch.test.transport.MockTransportService$LookupTestTransport.sendRequest(MockTransportService.java:422)
	at org.elasticsearch.transport.TransportService.sendRequest(TransportService.java:312)
	... 12 more
[2016-03-30 13:55:20,125][WARN ][org.elasticsearch.discovery.zen.ping.unicast] [node_t1] failed to send ping to [{node_t0}{YrYchOe4TZaF8_LfBjo5vw}{127.0.0.1}{127.0.0.1:9440}[mode=>network, master=>true, data=>false]]
SendRequestTransportException[[node_t0][127.0.0.1:9440][internal:discovery/zen/unicast]]; nested: ConnectTransportException[[node_t0][127.0.0.1:9440] DISCONNECT: simulated];
	at org.elasticsearch.transport.TransportService.sendRequest(TransportService.java:323)
	at org.elasticsearch.discovery.zen.ping.unicast.UnicastZenPing.sendPingRequestToNode(UnicastZenPing.java:440)
	at org.elasticsearch.discovery.zen.ping.unicast.UnicastZenPing.sendPings(UnicastZenPing.java:426)
	at org.elasticsearch.discovery.zen.ping.unicast.UnicastZenPing.ping(UnicastZenPing.java:240)
	at org.elasticsearch.discovery.zen.ping.ZenPingService.ping(ZenPingService.java:106)
	at org.elasticsearch.discovery.zen.ping.ZenPingService.pingAndWait(ZenPingService.java:84)
	at org.elasticsearch.discovery.zen.ZenDiscovery.findMaster(ZenDiscovery.java:857)
	at org.elasticsearch.discovery.zen.ZenDiscovery.innerJoinCluster(ZenDiscovery.java:368)
	at org.elasticsearch.discovery.zen.ZenDiscovery.access$5000(ZenDiscovery.java:75)
	at org.elasticsearch.discovery.zen.ZenDiscovery$JoinThreadControl$1.run(ZenDiscovery.java:1210)
	at java.util.concurrent.ThreadPoolExecutor.runWorker(ThreadPoolExecutor.java:1142)
	at java.util.concurrent.ThreadPoolExecutor$Worker.run(ThreadPoolExecutor.java:617)
	at java.lang.Thread.run(Thread.java:745)
Caused by: ConnectTransportException[[node_t0][127.0.0.1:9440] DISCONNECT: simulated]
	at org.elasticsearch.test.transport.MockTransportService$1.sendRequest(MockTransportService.java:161)
	at org.elasticsearch.test.transport.MockTransportService$LookupTestTransport.sendRequest(MockTransportService.java:422)
	at org.elasticsearch.transport.TransportService.sendRequest(TransportService.java:312)
	... 12 more
[2016-03-30 13:55:20,407][WARN ][org.elasticsearch.discovery.zen] [node_t2] master left (reason = transport disconnected), current nodes: {{node_t3}{Ru8eiy-0TzGAWxjWP1LF2g}{127.0.0.1}{127.0.0.1:9443}[master=>false, mode=>network],{node_t0}{YrYchOe4TZaF8_LfBjo5vw}{127.0.0.1}{127.0.0.1:9440}[mode=>network, master=>true, data=>false],{node_t2}{nd6j0cc_T1Wr2e53LO9gBA}{127.0.0.1}{127.0.0.1:9442}[master=>true, mode=>network, data=>false],}
[2016-03-30 13:55:20,408][WARN ][org.elasticsearch.discovery.zen.ping.unicast] [node_t2] failed to send ping to [{node_t1}{B8ueoxDfQ6q-fh1-89oQ2w}{127.0.0.1}{127.0.0.1:9441}[mode=>network, master=>true, data=>false]]
SendRequestTransportException[[node_t1][127.0.0.1:9441][internal:discovery/zen/unicast]]; nested: ConnectTransportException[[node_t1][127.0.0.1:9441] DISCONNECT: simulated];
	at org.elasticsearch.transport.TransportService.sendRequest(TransportService.java:323)
	at org.elasticsearch.discovery.zen.ping.unicast.UnicastZenPing.sendPingRequestToNode(UnicastZenPing.java:440)
	at org.elasticsearch.discovery.zen.ping.unicast.UnicastZenPing.sendPings(UnicastZenPing.java:426)
	at org.elasticsearch.discovery.zen.ping.unicast.UnicastZenPing.ping(UnicastZenPing.java:240)
	at org.elasticsearch.discovery.zen.ping.ZenPingService.ping(ZenPingService.java:106)
	at org.elasticsearch.discovery.zen.ping.ZenPingService.pingAndWait(ZenPingService.java:84)
	at org.elasticsearch.discovery.zen.ZenDiscovery.findMaster(ZenDiscovery.java:857)
	at org.elasticsearch.discovery.zen.ZenDiscovery.innerJoinCluster(ZenDiscovery.java:368)
	at org.elasticsearch.discovery.zen.ZenDiscovery.access$5000(ZenDiscovery.java:75)
	at org.elasticsearch.discovery.zen.ZenDiscovery$JoinThreadControl$1.run(ZenDiscovery.java:1210)
	at java.util.concurrent.ThreadPoolExecutor.runWorker(ThreadPoolExecutor.java:1142)
	at java.util.concurrent.ThreadPoolExecutor$Worker.run(ThreadPoolExecutor.java:617)
	at java.lang.Thread.run(Thread.java:745)
Caused by: ConnectTransportException[[node_t1][127.0.0.1:9441] DISCONNECT: simulated]
	at org.elasticsearch.test.transport.MockTransportService$1.sendRequest(MockTransportService.java:161)
	at org.elasticsearch.test.transport.MockTransportService$LookupTestTransport.sendRequest(MockTransportService.java:422)
	at org.elasticsearch.transport.TransportService.sendRequest(TransportService.java:312)
	... 12 more
[2016-03-30 13:55:20,529][WARN ][org.elasticsearch.discovery.zen] [node_t3] master left (reason = transport disconnected), current nodes: {{node_t3}{Ru8eiy-0TzGAWxjWP1LF2g}{127.0.0.1}{127.0.0.1:9443}[master=>false, mode=>network],{node_t0}{YrYchOe4TZaF8_LfBjo5vw}{127.0.0.1}{127.0.0.1:9440}[data=>false, mode=>network, master=>true],{node_t2}{nd6j0cc_T1Wr2e53LO9gBA}{127.0.0.1}{127.0.0.1:9442}[data=>false, mode=>network, master=>true],}
[2016-03-30 13:55:21,627][WARN ][org.elasticsearch.discovery.zen.ping.unicast] [node_t1] failed to send ping to [{#zen_unicast_1#}{127.0.0.1}{127.0.0.1:9440}]
SendRequestTransportException[[node_t0][127.0.0.1:9440][internal:discovery/zen/unicast]]; nested: ConnectTransportException[[node_t0][127.0.0.1:9440] DISCONNECT: simulated];
	at org.elasticsearch.transport.TransportService.sendRequest(TransportService.java:323)
	at org.elasticsearch.discovery.zen.ping.unicast.UnicastZenPing.sendPingRequestToNode(UnicastZenPing.java:440)
	at org.elasticsearch.discovery.zen.ping.unicast.UnicastZenPing.sendPings(UnicastZenPing.java:426)
	at org.elasticsearch.discovery.zen.ping.unicast.UnicastZenPing$2.doRun(UnicastZenPing.java:249)
	at org.elasticsearch.common.util.concurrent.AbstractRunnable.run(AbstractRunnable.java:37)
	at java.util.concurrent.ThreadPoolExecutor.runWorker(ThreadPoolExecutor.java:1142)
	at java.util.concurrent.ThreadPoolExecutor$Worker.run(ThreadPoolExecutor.java:617)
	at java.lang.Thread.run(Thread.java:745)
Caused by: ConnectTransportException[[node_t0][127.0.0.1:9440] DISCONNECT: simulated]
	at org.elasticsearch.test.transport.MockTransportService$1.sendRequest(MockTransportService.java:161)
	at org.elasticsearch.test.transport.MockTransportService$LookupTestTransport.sendRequest(MockTransportService.java:422)
	at org.elasticsearch.transport.TransportService.sendRequest(TransportService.java:312)
	... 7 more
[2016-03-30 13:55:21,629][WARN ][org.elasticsearch.discovery.zen.ping.unicast] [node_t1] failed to send ping to [{#zen_unicast_4#}{127.0.0.1}{127.0.0.1:9443}]
SendRequestTransportException[[node_t3][127.0.0.1:9443][internal:discovery/zen/unicast]]; nested: ConnectTransportException[[node_t3][127.0.0.1:9443] DISCONNECT: simulated];
	at org.elasticsearch.transport.TransportService.sendRequest(TransportService.java:323)
	at org.elasticsearch.discovery.zen.ping.unicast.UnicastZenPing.sendPingRequestToNode(UnicastZenPing.java:440)
	at org.elasticsearch.discovery.zen.ping.unicast.UnicastZenPing.sendPings(UnicastZenPing.java:426)
	at org.elasticsearch.discovery.zen.ping.unicast.UnicastZenPing$2.doRun(UnicastZenPing.java:249)
	at org.elasticsearch.common.util.concurrent.AbstractRunnable.run(AbstractRunnable.java:37)
	at java.util.concurrent.ThreadPoolExecutor.runWorker(ThreadPoolExecutor.java:1142)
	at java.util.concurrent.ThreadPoolExecutor$Worker.run(ThreadPoolExecutor.java:617)
	at java.lang.Thread.run(Thread.java:745)
Caused by: ConnectTransportException[[node_t3][127.0.0.1:9443] DISCONNECT: simulated]
	at org.elasticsearch.test.transport.MockTransportService$1.sendRequest(MockTransportService.java:161)
	at org.elasticsearch.test.transport.MockTransportService$LookupTestTransport.sendRequest(MockTransportService.java:422)
	at org.elasticsearch.transport.TransportService.sendRequest(TransportService.java:312)
	... 7 more
[2016-03-30 13:55:21,627][WARN ][org.elasticsearch.discovery.zen.ping.unicast] [node_t1] failed to send ping to [{#zen_unicast_3#}{127.0.0.1}{127.0.0.1:9442}]
SendRequestTransportException[[node_t2][127.0.0.1:9442][internal:discovery/zen/unicast]]; nested: ConnectTransportException[[node_t2][127.0.0.1:9442] DISCONNECT: simulated];
	at org.elasticsearch.transport.TransportService.sendRequest(TransportService.java:323)
	at org.elasticsearch.discovery.zen.ping.unicast.UnicastZenPing.sendPingRequestToNode(UnicastZenPing.java:440)
	at org.elasticsearch.discovery.zen.ping.unicast.UnicastZenPing.sendPings(UnicastZenPing.java:426)
	at org.elasticsearch.discovery.zen.ping.unicast.UnicastZenPing$2.doRun(UnicastZenPing.java:249)
	at org.elasticsearch.common.util.concurrent.AbstractRunnable.run(AbstractRunnable.java:37)
	at java.util.concurrent.ThreadPoolExecutor.runWorker(ThreadPoolExecutor.java:1142)
	at java.util.concurrent.ThreadPoolExecutor$Worker.run(ThreadPoolExecutor.java:617)
	at java.lang.Thread.run(Thread.java:745)
Caused by: ConnectTransportException[[node_t2][127.0.0.1:9442] DISCONNECT: simulated]
	at org.elasticsearch.test.transport.MockTransportService$1.sendRequest(MockTransportService.java:161)
	at org.elasticsearch.test.transport.MockTransportService$LookupTestTransport.sendRequest(MockTransportService.java:422)
	at org.elasticsearch.transport.TransportService.sendRequest(TransportService.java:312)
	... 7 more
[2016-03-30 13:55:21,632][WARN ][org.elasticsearch.discovery.zen.ping.unicast] [node_t1] failed to send ping to [{node_t3}{Ru8eiy-0TzGAWxjWP1LF2g}{127.0.0.1}{127.0.0.1:9443}[mode=>network, master=>false]]
SendRequestTransportException[[node_t3][127.0.0.1:9443][internal:discovery/zen/unicast]]; nested: ConnectTransportException[[node_t3][127.0.0.1:9443] DISCONNECT: simulated];
	at org.elasticsearch.transport.TransportService.sendRequest(TransportService.java:323)
	at org.elasticsearch.discovery.zen.ping.unicast.UnicastZenPing.sendPingRequestToNode(UnicastZenPing.java:440)
	at org.elasticsearch.discovery.zen.ping.unicast.UnicastZenPing.sendPings(UnicastZenPing.java:426)
	at org.elasticsearch.discovery.zen.ping.unicast.UnicastZenPing$2.doRun(UnicastZenPing.java:249)
	at org.elasticsearch.common.util.concurrent.AbstractRunnable.run(AbstractRunnable.java:37)
	at java.util.concurrent.ThreadPoolExecutor.runWorker(ThreadPoolExecutor.java:1142)
	at java.util.concurrent.ThreadPoolExecutor$Worker.run(ThreadPoolExecutor.java:617)
	at java.lang.Thread.run(Thread.java:745)
Caused by: ConnectTransportException[[node_t3][127.0.0.1:9443] DISCONNECT: simulated]
	at org.elasticsearch.test.transport.MockTransportService$1.sendRequest(MockTransportService.java:161)
	at org.elasticsearch.test.transport.MockTransportService$LookupTestTransport.sendRequest(MockTransportService.java:422)
	at org.elasticsearch.transport.TransportService.sendRequest(TransportService.java:312)
	... 7 more
[2016-03-30 13:55:21,631][WARN ][org.elasticsearch.discovery.zen.ping.unicast] [node_t1] failed to send ping to [{node_t2}{nd6j0cc_T1Wr2e53LO9gBA}{127.0.0.1}{127.0.0.1:9442}[mode=>network, data=>false, master=>true]]
SendRequestTransportException[[node_t2][127.0.0.1:9442][internal:discovery/zen/unicast]]; nested: ConnectTransportException[[node_t2][127.0.0.1:9442] DISCONNECT: simulated];
	at org.elasticsearch.transport.TransportService.sendRequest(TransportService.java:323)
	at org.elasticsearch.discovery.zen.ping.unicast.UnicastZenPing.sendPingRequestToNode(UnicastZenPing.java:440)
	at org.elasticsearch.discovery.zen.ping.unicast.UnicastZenPing.sendPings(UnicastZenPing.java:426)
	at org.elasticsearch.discovery.zen.ping.unicast.UnicastZenPing$2.doRun(UnicastZenPing.java:249)
	at org.elasticsearch.common.util.concurrent.AbstractRunnable.run(AbstractRunnable.java:37)
	at java.util.concurrent.ThreadPoolExecutor.runWorker(ThreadPoolExecutor.java:1142)
	at java.util.concurrent.ThreadPoolExecutor$Worker.run(ThreadPoolExecutor.java:617)
	at java.lang.Thread.run(Thread.java:745)
Caused by: ConnectTransportException[[node_t2][127.0.0.1:9442] DISCONNECT: simulated]
	at org.elasticsearch.test.transport.MockTransportService$1.sendRequest(MockTransportService.java:161)
	at org.elasticsearch.test.transport.MockTransportService$LookupTestTransport.sendRequest(MockTransportService.java:422)
	at org.elasticsearch.transport.TransportService.sendRequest(TransportService.java:312)
	... 7 more
[2016-03-30 13:55:21,629][WARN ][org.elasticsearch.discovery.zen.ping.unicast] [node_t1] failed to send ping to [{node_t0}{YrYchOe4TZaF8_LfBjo5vw}{127.0.0.1}{127.0.0.1:9440}[master=>true, mode=>network, data=>false]]
SendRequestTransportException[[node_t0][127.0.0.1:9440][internal:discovery/zen/unicast]]; nested: ConnectTransportException[[node_t0][127.0.0.1:9440] DISCONNECT: simulated];
	at org.elasticsearch.transport.TransportService.sendRequest(TransportService.java:323)
	at org.elasticsearch.discovery.zen.ping.unicast.UnicastZenPing.sendPingRequestToNode(UnicastZenPing.java:440)
	at org.elasticsearch.discovery.zen.ping.unicast.UnicastZenPing.sendPings(UnicastZenPing.java:426)
	at org.elasticsearch.discovery.zen.ping.unicast.UnicastZenPing$2.doRun(UnicastZenPing.java:249)
	at org.elasticsearch.common.util.concurrent.AbstractRunnable.run(AbstractRunnable.java:37)
	at java.util.concurrent.ThreadPoolExecutor.runWorker(ThreadPoolExecutor.java:1142)
	at java.util.concurrent.ThreadPoolExecutor$Worker.run(ThreadPoolExecutor.java:617)
	at java.lang.Thread.run(Thread.java:745)
Caused by: ConnectTransportException[[node_t0][127.0.0.1:9440] DISCONNECT: simulated]
	at org.elasticsearch.test.transport.MockTransportService$1.sendRequest(MockTransportService.java:161)
	at org.elasticsearch.test.transport.MockTransportService$LookupTestTransport.sendRequest(MockTransportService.java:422)
	at org.elasticsearch.transport.TransportService.sendRequest(TransportService.java:312)
	... 7 more
[2016-03-30 13:55:23,135][WARN ][org.elasticsearch.discovery.zen.ping.unicast] [node_t1] failed to send ping to [{#zen_unicast_1#}{127.0.0.1}{127.0.0.1:9440}]
SendRequestTransportException[[node_t0][127.0.0.1:9440][internal:discovery/zen/unicast]]; nested: ConnectTransportException[[node_t0][127.0.0.1:9440] DISCONNECT: simulated];
	at org.elasticsearch.transport.TransportService.sendRequest(TransportService.java:323)
	at org.elasticsearch.discovery.zen.ping.unicast.UnicastZenPing.sendPingRequestToNode(UnicastZenPing.java:440)
	at org.elasticsearch.discovery.zen.ping.unicast.UnicastZenPing.sendPings(UnicastZenPing.java:426)
	at org.elasticsearch.discovery.zen.ping.unicast.UnicastZenPing$2$1.doRun(UnicastZenPing.java:253)
	at org.elasticsearch.common.util.concurrent.AbstractRunnable.run(AbstractRunnable.java:37)
	at java.util.concurrent.ThreadPoolExecutor.runWorker(ThreadPoolExecutor.java:1142)
	at java.util.concurrent.ThreadPoolExecutor$Worker.run(ThreadPoolExecutor.java:617)
	at java.lang.Thread.run(Thread.java:745)
Caused by: ConnectTransportException[[node_t0][127.0.0.1:9440] DISCONNECT: simulated]
	at org.elasticsearch.test.transport.MockTransportService$1.sendRequest(MockTransportService.java:161)
	at org.elasticsearch.test.transport.MockTransportService$LookupTestTransport.sendRequest(MockTransportService.java:422)
	at org.elasticsearch.transport.TransportService.sendRequest(TransportService.java:312)
	... 7 more
[2016-03-30 13:55:23,138][WARN ][org.elasticsearch.discovery.zen.ping.unicast] [node_t1] failed to send ping to [{node_t3}{Ru8eiy-0TzGAWxjWP1LF2g}{127.0.0.1}{127.0.0.1:9443}[master=>false, mode=>network]]
SendRequestTransportException[[node_t3][127.0.0.1:9443][internal:discovery/zen/unicast]]; nested: ConnectTransportException[[node_t3][127.0.0.1:9443] DISCONNECT: simulated];
	at org.elasticsearch.transport.TransportService.sendRequest(TransportService.java:323)
	at org.elasticsearch.discovery.zen.ping.unicast.UnicastZenPing.sendPingRequestToNode(UnicastZenPing.java:440)
	at org.elasticsearch.discovery.zen.ping.unicast.UnicastZenPing.sendPings(UnicastZenPing.java:426)
	at org.elasticsearch.discovery.zen.ping.unicast.UnicastZenPing$2$1.doRun(UnicastZenPing.java:253)
	at org.elasticsearch.common.util.concurrent.AbstractRunnable.run(AbstractRunnable.java:37)
	at java.util.concurrent.ThreadPoolExecutor.runWorker(ThreadPoolExecutor.java:1142)
	at java.util.concurrent.ThreadPoolExecutor$Worker.run(ThreadPoolExecutor.java:617)
	at java.lang.Thread.run(Thread.java:745)
Caused by: ConnectTransportException[[node_t3][127.0.0.1:9443] DISCONNECT: simulated]
	at org.elasticsearch.test.transport.MockTransportService$1.sendRequest(MockTransportService.java:161)
	at org.elasticsearch.test.transport.MockTransportService$LookupTestTransport.sendRequest(MockTransportService.java:422)
	at org.elasticsearch.transport.TransportService.sendRequest(TransportService.java:312)
	... 7 more
[2016-03-30 13:55:23,138][WARN ][org.elasticsearch.discovery.zen.ping.unicast] [node_t1] failed to send ping to [{node_t2}{nd6j0cc_T1Wr2e53LO9gBA}{127.0.0.1}{127.0.0.1:9442}[mode=>network, master=>true, data=>false]]
SendRequestTransportException[[node_t2][127.0.0.1:9442][internal:discovery/zen/unicast]]; nested: ConnectTransportException[[node_t2][127.0.0.1:9442] DISCONNECT: simulated];
	at org.elasticsearch.transport.TransportService.sendRequest(TransportService.java:323)
	at org.elasticsearch.discovery.zen.ping.unicast.UnicastZenPing.sendPingRequestToNode(UnicastZenPing.java:440)
	at org.elasticsearch.discovery.zen.ping.unicast.UnicastZenPing.sendPings(UnicastZenPing.java:426)
	at org.elasticsearch.discovery.zen.ping.unicast.UnicastZenPing$2$1.doRun(UnicastZenPing.java:253)
	at org.elasticsearch.common.util.concurrent.AbstractRunnable.run(AbstractRunnable.java:37)
	at java.util.concurrent.ThreadPoolExecutor.runWorker(ThreadPoolExecutor.java:1142)
	at java.util.concurrent.ThreadPoolExecutor$Worker.run(ThreadPoolExecutor.java:617)
	at java.lang.Thread.run(Thread.java:745)
Caused by: ConnectTransportException[[node_t2][127.0.0.1:9442] DISCONNECT: simulated]
	at org.elasticsearch.test.transport.MockTransportService$1.sendRequest(MockTransportService.java:161)
	at org.elasticsearch.test.transport.MockTransportService$LookupTestTransport.sendRequest(MockTransportService.java:422)
	at org.elasticsearch.transport.TransportService.sendRequest(TransportService.java:312)
	... 7 more
[2016-03-30 13:55:23,138][WARN ][org.elasticsearch.discovery.zen.ping.unicast] [node_t1] failed to send ping to [{node_t0}{YrYchOe4TZaF8_LfBjo5vw}{127.0.0.1}{127.0.0.1:9440}[master=>true, data=>false, mode=>network]]
SendRequestTransportException[[node_t0][127.0.0.1:9440][internal:discovery/zen/unicast]]; nested: ConnectTransportException[[node_t0][127.0.0.1:9440] DISCONNECT: simulated];
	at org.elasticsearch.transport.TransportService.sendRequest(TransportService.java:323)
	at org.elasticsearch.discovery.zen.ping.unicast.UnicastZenPing.sendPingRequestToNode(UnicastZenPing.java:440)
	at org.elasticsearch.discovery.zen.ping.unicast.UnicastZenPing.sendPings(UnicastZenPing.java:426)
	at org.elasticsearch.discovery.zen.ping.unicast.UnicastZenPing$2$1.doRun(UnicastZenPing.java:253)
	at org.elasticsearch.common.util.concurrent.AbstractRunnable.run(AbstractRunnable.java:37)
	at java.util.concurrent.ThreadPoolExecutor.runWorker(ThreadPoolExecutor.java:1142)
	at java.util.concurrent.ThreadPoolExecutor$Worker.run(ThreadPoolExecutor.java:617)
	at java.lang.Thread.run(Thread.java:745)
Caused by: ConnectTransportException[[node_t0][127.0.0.1:9440] DISCONNECT: simulated]
	at org.elasticsearch.test.transport.MockTransportService$1.sendRequest(MockTransportService.java:161)
	at org.elasticsearch.test.transport.MockTransportService$LookupTestTransport.sendRequest(MockTransportService.java:422)
	at org.elasticsearch.transport.TransportService.sendRequest(TransportService.java:312)
	... 7 more
[2016-03-30 13:55:23,136][WARN ][org.elasticsearch.discovery.zen.ping.unicast] [node_t1] failed to send ping to [{#zen_unicast_4#}{127.0.0.1}{127.0.0.1:9443}]
SendRequestTransportException[[node_t3][127.0.0.1:9443][internal:discovery/zen/unicast]]; nested: ConnectTransportException[[node_t3][127.0.0.1:9443] DISCONNECT: simulated];
	at org.elasticsearch.transport.TransportService.sendRequest(TransportService.java:323)
	at org.elasticsearch.discovery.zen.ping.unicast.UnicastZenPing.sendPingRequestToNode(UnicastZenPing.java:440)
	at org.elasticsearch.discovery.zen.ping.unicast.UnicastZenPing.sendPings(UnicastZenPing.java:426)
	at org.elasticsearch.discovery.zen.ping.unicast.UnicastZenPing$2$1.doRun(UnicastZenPing.java:253)
	at org.elasticsearch.common.util.concurrent.AbstractRunnable.run(AbstractRunnable.java:37)
	at java.util.concurrent.ThreadPoolExecutor.runWorker(ThreadPoolExecutor.java:1142)
	at java.util.concurrent.ThreadPoolExecutor$Worker.run(ThreadPoolExecutor.java:617)
	at java.lang.Thread.run(Thread.java:745)
Caused by: ConnectTransportException[[node_t3][127.0.0.1:9443] DISCONNECT: simulated]
	at org.elasticsearch.test.transport.MockTransportService$1.sendRequest(MockTransportService.java:161)
	at org.elasticsearch.test.transport.MockTransportService$LookupTestTransport.sendRequest(MockTransportService.java:422)
	at org.elasticsearch.transport.TransportService.sendRequest(TransportService.java:312)
	... 7 more
[2016-03-30 13:55:23,135][WARN ][org.elasticsearch.discovery.zen.ping.unicast] [node_t1] failed to send ping to [{#zen_unicast_3#}{127.0.0.1}{127.0.0.1:9442}]
SendRequestTransportException[[node_t2][127.0.0.1:9442][internal:discovery/zen/unicast]]; nested: ConnectTransportException[[node_t2][127.0.0.1:9442] DISCONNECT: simulated];
	at org.elasticsearch.transport.TransportService.sendRequest(TransportService.java:323)
	at org.elasticsearch.discovery.zen.ping.unicast.UnicastZenPing.sendPingRequestToNode(UnicastZenPing.java:440)
	at org.elasticsearch.discovery.zen.ping.unicast.UnicastZenPing.sendPings(UnicastZenPing.java:426)
	at org.elasticsearch.discovery.zen.ping.unicast.UnicastZenPing$2$1.doRun(UnicastZenPing.java:253)
	at org.elasticsearch.common.util.concurrent.AbstractRunnable.run(AbstractRunnable.java:37)
	at java.util.concurrent.ThreadPoolExecutor.runWorker(ThreadPoolExecutor.java:1142)
	at java.util.concurrent.ThreadPoolExecutor$Worker.run(ThreadPoolExecutor.java:617)
	at java.lang.Thread.run(Thread.java:745)
Caused by: ConnectTransportException[[node_t2][127.0.0.1:9442] DISCONNECT: simulated]
	at org.elasticsearch.test.transport.MockTransportService$1.sendRequest(MockTransportService.java:161)
	at org.elasticsearch.test.transport.MockTransportService$LookupTestTransport.sendRequest(MockTransportService.java:422)
	at org.elasticsearch.transport.TransportService.sendRequest(TransportService.java:312)
	... 7 more
[2016-03-30 13:55:31,549][WARN ][org.elasticsearch.discovery.zen] [node_t1] master left (reason = shut_down), current nodes: {{node_t3}{Ru8eiy-0TzGAWxjWP1LF2g}{127.0.0.1}{127.0.0.1:9443}[master=>false, mode=>network],{node_t1}{B8ueoxDfQ6q-fh1-89oQ2w}{127.0.0.1}{127.0.0.1:9441}[master=>true, mode=>network, data=>false],{node_t2}{nd6j0cc_T1Wr2e53LO9gBA}{127.0.0.1}{127.0.0.1:9442}[mode=>network, master=>true, data=>false],}
[2016-03-30 13:55:31,549][WARN ][org.elasticsearch.discovery.zen] [node_t2] master left (reason = shut_down), current nodes: {{node_t3}{Ru8eiy-0TzGAWxjWP1LF2g}{127.0.0.1}{127.0.0.1:9443}[master=>false, mode=>network],{node_t1}{B8ueoxDfQ6q-fh1-89oQ2w}{127.0.0.1}{127.0.0.1:9441}[data=>false, mode=>network, master=>true],{node_t2}{nd6j0cc_T1Wr2e53LO9gBA}{127.0.0.1}{127.0.0.1:9442}[master=>true, mode=>network, data=>false],}
[2016-03-30 13:55:31,552][WARN ][org.elasticsearch.discovery.zen] [node_t3] master left (reason = transport disconnected), current nodes: {{node_t3}{Ru8eiy-0TzGAWxjWP1LF2g}{127.0.0.1}{127.0.0.1:9443}[master=>false, mode=>network],{node_t1}{B8ueoxDfQ6q-fh1-89oQ2w}{127.0.0.1}{127.0.0.1:9441}[master=>true, mode=>network, data=>false],{node_t2}{nd6j0cc_T1Wr2e53LO9gBA}{127.0.0.1}{127.0.0.1:9442}[data=>false, master=>true, mode=>network],}
]]></system-out>
   <system-err><![CDATA[]]></system-err>
</testsuite>